[02:40:26] 🚀 SCRIPT STARTED
[02:40:26] [1/445] TGMR
[02:40:26] 🧠 New identity created
[02:40:28] [2/445] CXKR
[02:40:29] [3/445] SROP
[02:40:30] [4/445] GTSV
[02:40:31] [5/445] SNTY
[02:40:32] [6/445] SMYY
[02:40:33] [7/445] CNCS
[02:40:34] [8/445] CSTM
[02:40:35] [9/445] NUCD
[02:40:36] [10/445] SHCZ
[02:40:37] [11/445] NJCT
[02:40:38] [12/445] COPC
[02:40:39] [13/445] STVV
[02:40:40] [14/445] SKRN
[02:40:41] [15/445] APPZ
[02:40:42] [16/445] YMGN
[02:40:43] [17/445] SVTU
[02:40:44] [18/445] GTAD
[02:40:44] [19/445] PSUS
[02:40:46] [20/445] SMCD
[02:40:47] [21/445] CMCM
[02:40:48] [22/445] SYCT
[02:40:49] [23/445] STLY
[02:40:50] [24/445] CMHU
[02:40:50] [25/445] CMSA
[02:40:52] [26/445] CLCU
[02:40:53] [27/445] PPNT
[02:40:54] [28/445] JTAB
[02:40:54] [29/445] BUUC
[02:40:55] [30/445] BSVK
[02:40:56] [31/445] VVVQ
[02:40:56] [32/445] TKMU
[02:40:57] [33/445] ESYL
[02:40:59] [34/445] ACHP
[02:41:00] [35/445] BTKD
[02:41:00] [36/445] DESA
[02:41:01] [37/445] GBCT
[02:41:02] [38/445] BLLD
[02:41:03] [39/445] SKNT
[02:41:03] [40/445] SSTE
[02:41:05] [41/445] VJMR
[02:41:07] [42/445] NTPU
[02:41:08] [43/445] RDKN
[02:41:08] [44/445] ADGC
[02:41:09] [45/445] VRBP
[02:41:10] [46/445] NMNA
[02:41:11] [47/445] CMMX
[02:41:12] [48/445] PTKO
[02:41:13] [49/445] RBML
[02:41:14] [50/445] SAIC
[02:41:14] [51/445] SVTJ
[02:41:15] [52/445] MRTE
[02:41:16] [53/445] RBTP
[02:41:16] [54/445] NLPS
[02:41:17] [55/445] GTNA
[02:41:18] [56/445] DGGC
[02:41:19] [57/445] SMCR
[02:41:20] [58/445] SCGD
[02:41:21] [59/445] SRRJ
[02:41:22] [60/445] CNRY
[02:41:22] [61/445] KTDI
[02:41:23] [62/445] SNJL
[02:41:24] [63/445] RKMD
[02:41:25] [64/445] SMDC
[02:41:26] [65/445] TADG
[02:41:27] [66/445] MCGS
[02:41:28] [67/445] PETK
[02:41:29] [68/445] CHAG
[02:41:30] [69/445] KSTL
[02:41:31] [70/445] AADS
[02:41:32] [71/445] NTHZ
[02:41:33] [72/445] HCKI
[02:41:35] [73/445] SSEF
[02:41:35] [74/445] MCGX
[02:41:36] [75/445] ERRA
[02:41:37] [76/445] SDTW
[02:41:38] [77/445] RMPK
[02:41:39] [78/445] PTHK
[02:41:40] [79/445] PXCS
[02:41:40] [80/445] SVLU
[02:41:41] [81/445] STAH
[02:41:42] [82/445] JRGF
[02:41:43] [83/445] CDOK
[02:41:44] [84/445] CMSG
[02:41:45] [85/445] APTD
[02:41:46] [86/445] KMPG
[02:41:47] [87/445] MUTJ
[02:41:47] [88/445] VCCI
[02:41:48] [89/445] URBE
[02:41:49] [90/445] TCTS
[02:41:50] [91/445] STSN
[02:41:51] [92/445] AKCH
[02:41:51] [93/445] APSC
[02:41:52] [94/445] VLTB
[02:41:53] [95/445] SANU
[02:41:54] [96/445] AXAM
[02:41:55] [97/445] MGMG
[02:41:56] [98/445] HTBY
[02:41:57] [99/445] MMZS
[02:41:58] [100/445] SUDR
[02:41:58] [101/445] CCAD
[02:41:59] [102/445] SKKC
[02:42:00] [103/445] RMCD
[02:42:01] [104/445] SBCQ
[02:42:02] [105/445] DCCT
[02:42:03] [106/445] VTKP
[02:42:04] [107/445] MLAM
[02:42:04] [108/445] SAVT
[02:42:05] [109/445] GEPL
[02:42:06] [110/445] AMCD
[02:42:07] [111/445] CCXR
[02:42:08] [112/445] GRNG
[02:42:09] [113/445] EBCA
[02:42:10] [114/445] CNVG
[02:42:11] [115/445] MWSS
[02:42:11] [116/445] VBOR
[02:42:12] [117/445] NEEB
[02:42:13] [118/445] SUTH
[02:42:14] [119/445] ANDB
[02:42:15] [120/445] MMXS
[02:42:16] [121/445] CNPD
[02:42:16] [122/445] SDCE
[02:42:17] [123/445] DHCB
[02:42:18] [124/445] ODEN
[02:42:19] [125/445] TNTC
[02:42:20] [126/445] VBKM
[02:42:20] [127/445] RZYM
[02:42:21] [128/445] JEMC
[02:42:22] [129/445] CMAU
[02:42:23] [130/445] SIVP
[02:42:23] [131/445] ATAG
[02:42:25] [132/445] CHTM
[02:42:25] [133/445] AAEE
[02:42:26] [134/445] IWPM
[02:42:27] [135/445] KCMW
[02:42:28] [136/445] MCTD
[02:42:29] [137/445] SPWR
[02:42:29] [138/445] SDPO
[02:42:30] [139/445] PCSK
[02:42:31] [140/445] ACHV
[02:42:32] [141/445] SVLA
[02:42:33] [142/445] PICT
[02:42:34] [143/445] BXDR
[02:42:36] [144/445] SPWA
[02:42:36] [145/445] MCKO
[02:42:38] [146/445] RTHK
[02:42:39] [147/445] CCMF
[02:42:40] [148/445] MRGB
[02:42:41] [149/445] CPLC
[02:42:41] [150/445] RACD
[02:42:42] [151/445] ATKT
[02:42:43] [152/445] SARN
[02:42:45] [153/445] KKUI
[02:42:46] [154/445] RGCM
[02:42:46] [155/445] BRVP
[02:42:47] [156/445] HRSR
[02:42:48] [157/445] GKGM
[02:42:49] [158/445] TTCD
[02:42:50] [159/445] PTTI
[02:42:51] [160/445] MPTT
[02:42:51] [161/445] CVTT
[02:42:52] [162/445] PCXD
[02:42:53] [163/445] GCDC
[02:42:54] [164/445] CCCF
[02:42:55] [165/445] MRAD
[02:42:56] [166/445] CPLK
[02:42:57] [167/445] SATB
[02:42:58] [168/445] SNVG
[02:42:58] [169/445] JMBA
[02:42:59] [170/445] TEJA
[02:43:00] [171/445] STYO
[02:43:01] [172/445] JTBP
[02:43:01] [173/445] KRGD
[02:43:02] [174/445] SLJJ
[02:43:03] [175/445] SPTJ
[02:43:04] [176/445] SWJG
[02:43:05] [177/445] LKRT
[02:43:06] [178/445] KCKA
[02:43:07] [179/445] SNCR
[02:43:08] [180/445] SMKL
[02:43:09] [181/445] GCFA
[02:43:09] [182/445] DDCK
[02:43:10] [183/445] NCHJ
[02:43:11] [184/445] RDMA
[02:43:12] [185/445] SVSV
[02:43:13] [186/445] SCJG
[02:43:13] [187/445] VKLP
[02:43:14] [188/445] NWCC
[02:43:15] [189/445] VKNS
[02:43:16] [190/445] SDDP
[02:43:17] [191/445] ACSI
[02:43:18] [192/445] SATG
[02:43:19] [193/445] SCMW
[02:43:19] [194/445] LKTK
[02:43:20] [195/445] VCKV
[02:43:21] [196/445] KKPE
[02:43:22] [197/445] KIGH
[02:43:23] [198/445] SRPM
[02:43:23] [199/445] SCAH
[02:43:24] [200/445] MUTA
[02:43:25] [201/445] SEPU
[02:43:26] [202/445] INOA
[02:43:27] [203/445] BASK
[02:43:28] [204/445] NECB
[02:43:29] [205/445] GTTG
[02:43:30] [206/445] ASSA
[02:43:31] [207/445] ANCL
[02:43:32] [208/445] GCTI
[02:43:33] [209/445] RCTS
[02:43:34] [210/445] ACNL
[02:43:35] [211/445] MYCT
[02:43:36] [212/445] NMHT
[02:43:37] [213/445] MDIT
[02:43:38] [214/445] LATG
[02:43:39] [215/445] SMTY
[02:43:40] [216/445] CVCT
[02:43:40] [217/445] RAMB
[02:43:41] [218/445] TGMS
[02:43:42] [219/445] BHEL
[02:43:43] [220/445] SHCT
[02:43:44] [221/445] SVCT
[02:43:45] [222/445] MRIY
[02:43:46] [223/445] SARO
[02:43:47] [224/445] STCT
[02:43:48] [225/445] JKKC
[02:43:48] [226/445] PLTT
[02:43:49] [227/445] SRNT
[02:43:50] [228/445] YAST
[02:43:51] [229/445] PERL
[02:43:52] [230/445] CICM
[02:43:53] [231/445] MMTR
[02:43:54] [232/445] ABTK
[02:43:55] [233/445] ATYY
[02:43:56] [234/445] ASTK
[02:43:56] [235/445] VVCK
[02:43:57] [236/445] ATKY
[02:43:58] [237/445] GWEK
[02:43:58] [238/445] SVFH
[02:43:59] [239/445] SLTA
[02:44:00] [240/445] AASH
[02:44:01] [241/445] ACXB
[02:44:02] [242/445] SMTX
[02:44:03] [243/445] AZDH
[02:44:04] [244/445] CMMH
[02:44:04] [245/445] SCSZ
[02:44:05] [246/445] SCKP
[02:44:06] [247/445] NXTM
[02:44:07] [248/445] NWCS
[02:44:09] [249/445] CXMH
[02:44:09] [250/445] PCMA
[02:44:10] [251/445] SGCM
[02:44:11] [252/445] SDTU
[02:44:12] [253/445] MMVI
[02:44:13] [254/445] JKCM
[02:44:14] [255/445] VCMM
[02:44:15] [256/445] SYEE
[02:44:15] [257/445] VASD
[02:44:16] [258/445] BDRB
[02:44:17] [259/445] LASM
[02:44:18] [260/445] DCRL
[02:44:19] [261/445] DVPM
[02:44:20] [262/445] SBMJ
[02:44:21] [263/445] CBMU
[02:44:22] [264/445] IUBS
[02:44:22] [265/445] INAP
[02:44:23] [266/445] SRRC
[02:44:24] [267/445] SAGR
[02:44:25] [268/445] CPMJ
[02:44:26] [269/445] ATJL
[02:44:26] [270/445] NNTD
[02:44:27] [271/445] JHCJ
[02:44:28] [272/445] CMMP
[02:44:29] [273/445] RSDR
[02:44:30] [274/445] AMTI
[02:44:30] [275/445] NYSG
[02:44:31] [276/445] AVSG
[02:44:32] [277/445] SYTP
[02:44:33] [278/445] LARC
[02:44:34] [279/445] RJTP
[02:44:34] [280/445] LAKC
[02:44:35] [281/445] MCXE
[02:44:36] [282/445] CCZC
[02:44:37] [283/445] AVCH
[02:44:38] [284/445] CMBE
[02:44:40] [285/445] MRRC
[02:44:40] [286/445] PCPY
[02:44:41] [287/445] SRMH
[02:44:42] [288/445] SVGS
[02:44:43] [289/445] PCSE
[02:44:44] [290/445] SVFT
[02:44:45] [291/445] TNZP
[02:44:46] [292/445] ICTP
[02:44:47] [293/445] ACTZ
[02:44:48] [294/445] GTUR
[02:44:49] [295/445] MAFC
[02:44:50] [296/445] MINL
[02:44:51] [297/445] MRCL
[02:44:52] [298/445] RCRP
[02:44:53] [299/445] RFFG
[02:44:54] [300/445] RMAS
[02:44:54] [301/445] INVR
[02:44:55] [302/445] RMAR
[02:44:56] [303/445] CNIS
[02:44:57] [304/445] RHRJ
[02:44:58] [305/445] INXR
[02:44:59] [306/445] VALT
[02:44:59] [307/445] LCSH
[02:45:00] [308/445] CMVS
[02:45:01] [309/445] CNMS
[02:45:02] [310/445] ROOG
[02:45:03] [311/445] ISRM
[02:45:04] [312/445] RCRM
[02:45:04] [313/445] ACJA
[02:45:05] [314/445] RCVS
[02:45:06] [315/445] CPUS
[02:45:06] [316/445] TGCS
[02:45:08] [317/445] RKCJ
[02:45:09] [318/445] MKSB
[02:45:10] [319/445] TCSJ
[02:45:11] [320/445] RMGP
[02:45:12] [321/445] CLLP
[02:45:12] [322/445] RCMV
[02:45:13] [323/445] CCKS
[02:45:14] [324/445] RSRP
[02:45:15] [325/445] APLP
[02:45:15] [326/445] CNVS
[02:45:16] [327/445] RMVY
[02:45:17] [328/445] PGBD
[02:45:18] [329/445] KLMS
[02:45:19] [330/445] RUST
[02:45:20] [331/445] MASM
[02:45:21] [332/445] BACS
[02:45:21] [333/445] BWST
[02:45:22] [334/445] RRFH
[02:45:23] [335/445] SJTM
[02:45:24] [336/445] BEMR
[02:45:24] [337/445] MCGR
[02:45:26] [338/445] SDSK
[02:45:27] [339/445] VBOL
[02:45:28] [340/445] RMGM
[02:45:28] [341/445] NOPL
[02:45:29] [342/445] MKJK
[02:45:31] [343/445] CVRN
[02:45:32] [344/445] MMEN
[02:45:32] [345/445] AMNG
[02:45:33] [346/445] INTM
[02:45:34] [347/445] SLCZ
[02:45:35] [348/445] AMJN
[02:45:36] [349/445] ACJN
[02:45:37] [350/445] AMKN
[02:45:38] [351/445] BTCN
[02:45:38] [352/445] AMBT
[02:45:40] [353/445] PACN
[02:45:41] [354/445] LCNS
[02:45:42] [355/445] PPKC
[02:45:43] [356/445] JYYN
[02:45:43] [357/445] JTNR
[02:45:44] [358/445] GTEE
[02:45:45] [359/445] SRNM
[02:45:45] [360/445] SDTC
[02:45:46] [361/445] VPCA
[02:45:47] [362/445] VLRA
[02:45:48] [363/445] SHKR
[02:45:49] [364/445] SBKD
[02:45:50] [365/445] SAAD
[02:45:51] [366/445] JTGN
[02:45:51] [367/445] SLAM
[02:45:52] [368/445] VTPM
[02:45:53] [369/445] ANPT
[02:45:54] [370/445] PUNB
[02:45:55] [371/445] CPKT
[02:45:57] [372/445] CNWE
[02:45:57] [373/445] ECPP
[02:45:58] [374/445] CPAR
[02:45:59] [375/445] ESBW
[02:46:00] [376/445] PKPU
[02:46:01] [377/445] CPRP
[02:46:01] [378/445] RAHU
[02:46:02] [379/445] RHMN
[02:46:03] [380/445] FMJP
[02:46:04] [381/445] CTMP
[02:46:05] [382/445] INPN
[02:46:06] [383/445] STTG
[02:46:07] [384/445] CTRD
[02:46:08] [385/445] PUVB
[02:46:09] [386/445] ESVP
[02:46:10] [387/445] CPFT
[02:46:11] [388/445] LCPC
[02:46:12] [389/445] VBCT
[02:46:13] [390/445] FSCW
[02:46:14] [391/445] VCMP
[02:46:15] [392/445] ASHC
[02:46:16] [393/445] VLCX
[02:46:16] [394/445] SHEV
[02:46:17] [395/445] APCO
[02:46:18] [396/445] SILC
[02:46:19] [397/445] SNMR
[02:46:20] [398/445] KYBO
[02:46:20] [399/445] SATK
[02:46:21] [400/445] SSCS
[02:46:22] [401/445] CLSB
[02:46:23] [402/445] KMJR
[02:46:24] [403/445] FSCK
[02:46:24] [404/445] NNKA
[02:46:25] [405/445] CLMK
[02:46:26] [406/445] DMPZ
[02:46:27] [407/445] INQM
[02:46:29] [408/445] CAML
[02:46:30] [409/445] INRK
[02:46:30] [410/445] IMKN
[02:46:31] [411/445] SVNR
[02:46:32] [412/445] INSL
[02:46:33] [413/445] MSMA
[02:46:34] [414/445] MCKK
[02:46:35] [415/445] FCHP
[02:46:35] [416/445] SFCR
[02:46:37] [417/445] NACK
[02:46:38] [418/445] PVAK
[02:46:39] [419/445] INER
[02:46:40] [420/445] RDBK
[02:46:41] [421/445] SVFN
[02:46:41] [422/445] IFRM
[02:46:42] [423/445] ATCK
[02:46:43] [424/445] ASKO
[02:46:44] [425/445] STKT
[02:46:45] [426/445] SVFB
[02:46:46] [427/445] INKS
[02:46:46] [428/445] PCRA
[02:46:47] [429/445] ATJA
[02:46:48] [430/445] IMJN
[02:46:49] [431/445] INHD
[02:46:50] [432/445] BARA
[02:46:51] [433/445] MCSL
[02:46:52] [434/445] RTOY
[02:46:53] [435/445] MENO
[02:46:54] [436/445] PUDM
[02:46:55] [437/445] PRCN
[02:46:56] [438/445] JMJR
[02:46:56] [439/445] SSGK
[02:46:57] [440/445] SSRL
[02:46:58] [441/445] JYKL
[02:46:59] [442/445] ACNB
[02:47:00] [443/445] SONP
[02:47:01] [444/445] EMCI
[02:47:02] [445/445] MRJH
[02:47:03] 🧹 Deduping shows
[02:47:03] ✅ DONE | Shows=2862 | Movies=74
