[02:40:29] 🚀 SCRIPT STARTED
[02:40:29] [1/459] MBDC
[02:40:29] 🧠 New identity created
[02:40:30] [2/459] CHKM
[02:40:31] [3/459] JTKZ
[02:40:31] [4/459] CMCT
[02:40:32] [5/459] ASHO
[02:40:33] [6/459] ECDG
[02:40:34] [7/459] SPAT
[02:40:35] [8/459] HILC
[02:40:35] [9/459] SPPH
[02:40:36] [10/459] SBHN
[02:40:37] [11/459] RRCA
[02:40:39] [12/459] APAA
[02:40:39] [13/459] RAME
[02:40:40] [14/459] TMMS
[02:40:41] [15/459] BATK
[02:40:42] [16/459] LKOP
[02:40:43] [17/459] AMTT
[02:40:44] [18/459] PTGK
[02:40:44] [19/459] ANRS
[02:40:45] [20/459] VWBW
[02:40:46] [21/459] SVFG
[02:40:47] [22/459] STAT
[02:40:48] [23/459] GDCV
[02:40:48] [24/459] VEBI
[02:40:50] [25/459] VDSS
[02:40:51] [26/459] NTHV
[02:40:52] [27/459] AOCH
[02:40:52] [28/459] KASR
[02:40:53] [29/459] AYCS
[02:40:54] [30/459] SHAI
[02:40:55] [31/459] SKPE
[02:40:56] [32/459] SBTA
[02:40:57] [33/459] RTTD
[02:40:58] [34/459] CCJD
[02:40:59] [35/459] RSJJ
[02:40:59] [36/459] RKND
[02:41:00] [37/459] SVTX
[02:41:01] [38/459] BAKM
[02:41:01] [39/459] SVDC
[02:41:02] [40/459] MNCV
[02:41:03] [41/459] SJGC
[02:41:04] [42/459] MTPK
[02:41:05] [43/459] GATP
[02:41:06] [44/459] ABTS
[02:41:07] [45/459] ABDE
[02:41:08] [46/459] RCNM
[02:41:09] [47/459] KTHV
[02:41:09] [48/459] MDGJ
[02:41:10] [49/459] SMLM
[02:41:11] [50/459] JTMA
[02:41:13] [51/459] ACKP
[02:41:13] [52/459] SRTA
[02:41:14] [53/459] STAY
[02:41:15] [54/459] MAVO
[02:41:16] [55/459] APTS
[02:41:17] [56/459] OMEA
[02:41:18] [57/459] TTFD
[02:41:19] [58/459] MJCU
[02:41:19] [59/459] CXTE
[02:41:20] [60/459] CTPX
[02:41:21] [61/459] ASSL
[02:41:22] [62/459] CMVB
[02:41:23] [63/459] VPUR
[02:41:24] [64/459] JJDA
[02:41:24] [65/459] INBL
[02:41:26] [66/459] BIKB
[02:41:27] [67/459] NTBB
[02:41:28] [68/459] GLOB
[02:41:29] [69/459] SNTB
[02:41:30] [70/459] CHGV
[02:41:30] [71/459] SSBZ
[02:41:32] [72/459] PRDB
[02:41:32] [73/459] ISMT
[02:41:33] [74/459] MCSD
[02:41:34] [75/459] JBTT
[02:41:35] [76/459] GEKR
[02:41:36] [77/459] PVUN
[02:41:37] [78/459] NRTB
[02:41:38] [79/459] PRAA
[02:41:39] [80/459] PCBL
[02:41:40] [81/459] PTCM
[02:41:41] [82/459] KHNN
[02:41:41] [83/459] OMJE
[02:41:42] [84/459] STGN
[02:41:43] [85/459] RPMS
[02:41:44] [86/459] NWAD
[02:41:45] [87/459] BLCK
[02:41:45] [88/459] SVAA
[02:41:46] [89/459] URVM
[02:41:47] [90/459] ANTM
[02:41:49] [91/459] VJYM
[02:41:50] [92/459] MAZZ
[02:41:51] [93/459] CSHM
[02:41:52] [94/459] WGMH
[02:41:53] [95/459] SALN
[02:41:54] [96/459] BRTP
[02:41:55] [97/459] SVTA
[02:41:56] [98/459] SBTP
[02:41:57] [99/459] VLSS
[02:41:58] [100/459] SRJA
[02:41:59] [101/459] ANCG
[02:42:00] [102/459] CGGC
[02:42:01] [103/459] CRJA
[02:42:02] [104/459] USCR
[02:42:03] [105/459] MMEF
[02:42:04] [106/459] JCRJ
[02:42:05] [107/459] ADCM
[02:42:05] [108/459] BMYK
[02:42:06] [109/459] KICS
[02:42:07] [110/459] MBBT
[02:42:08] [111/459] MACK
[02:42:08] [112/459] CLDR
[02:42:09] [113/459] JYCR
[02:42:10] [114/459] DCRP
[02:42:11] [115/459] RAHT
[02:42:12] [116/459] CSSM
[02:42:13] [117/459] ATPK
[02:42:13] [118/459] KLRT
[02:42:14] [119/459] SRDD
[02:42:15] [120/459] CKMC
[02:42:15] [121/459] KRVM
[02:42:17] [122/459] AKCP
[02:42:18] [123/459] CNCV
[02:42:19] [124/459] PACT
[02:42:19] [125/459] NATP
[02:42:20] [126/459] PCPK
[02:42:21] [127/459] SMHO
[02:42:22] [128/459] CWTK
[02:42:23] [129/459] RVKZ
[02:42:24] [130/459] ASPD
[02:42:25] [131/459] VTKZ
[02:42:26] [132/459] LCSO
[02:42:27] [133/459] PRDY
[02:42:28] [134/459] RCAP
[02:42:29] [135/459] RGAR
[02:42:29] [136/459] RCAC
[02:42:30] [137/459] PMOD
[02:42:31] [138/459] PVCN
[02:42:32] [139/459] SCRZ
[02:42:33] [140/459] PVPC
[02:42:33] [141/459] STID
[02:42:34] [142/459] NEDD
[02:42:35] [143/459] BNBA
[02:42:36] [144/459] NTCD
[02:42:37] [145/459] OCDE
[02:42:38] [146/459] CCDU
[02:42:39] [147/459] CRXH
[02:42:40] [148/459] VLVT
[02:42:41] [149/459] CICI
[02:42:43] [150/459] SUCB
[02:42:44] [151/459] TCBP
[02:42:45] [152/459] SCCY
[02:42:45] [153/459] LXCY
[02:42:46] [154/459] NCMD
[02:42:47] [155/459] PHCS
[02:42:48] [156/459] DUXR
[02:42:48] [157/459] VNKS
[02:42:49] [158/459] SEDP
[02:42:50] [159/459] SVEN
[02:42:51] [160/459] SRKM
[02:42:51] [161/459] JTLT
[02:42:52] [162/459] SVSS
[02:42:53] [163/459] AMDE
[02:42:54] [164/459] WVRN
[02:42:55] [165/459] ISMG
[02:42:56] [166/459] WVKS
[02:42:57] [167/459] USCG
[02:42:58] [168/459] IOTG
[02:42:59] [169/459] RRJM
[02:43:00] [170/459] EDMP
[02:43:01] [171/459] SCGZ
[02:43:01] [172/459] GMGX
[02:43:02] [173/459] OMTP
[02:43:04] [174/459] MITD
[02:43:04] [175/459] SMMD
[02:43:05] [176/459] STML
[02:43:06] [177/459] MCFS
[02:43:06] [178/459] FPKA
[02:43:08] [179/459] OMLR
[02:43:09] [180/459] KKSC
[02:43:10] [181/459] RVMA
[02:43:10] [182/459] SCLL
[02:43:11] [183/459] SCDK
[02:43:12] [184/459] SXMI
[02:43:13] [185/459] SHDN
[02:43:14] [186/459] PAAD
[02:43:15] [187/459] UUCB
[02:43:16] [188/459] JHOL
[02:43:17] [189/459] SGWT
[02:43:17] [190/459] SRII
[02:43:18] [191/459] SGCK
[02:43:19] [192/459] SVVB
[02:43:20] [193/459] DMHA
[02:43:21] [194/459] PPNL
[02:43:22] [195/459] CPNL
[02:43:23] [196/459] WVLD
[02:43:24] [197/459] PSLV
[02:43:25] [198/459] VTTL
[02:43:26] [199/459] NPAD
[02:43:27] [200/459] PVCS
[02:43:28] [201/459] MCHL
[02:43:29] [202/459] PPLL
[02:43:29] [203/459] MALO
[02:43:30] [204/459] SWBH
[02:43:31] [205/459] PUGB
[02:43:32] [206/459] INBB
[02:43:33] [207/459] INNS
[02:43:34] [208/459] MCPT
[02:43:35] [209/459] SCMI
[02:43:36] [210/459] OCON
[02:43:37] [211/459] SCSM
[02:43:37] [212/459] RJVN
[02:43:38] [213/459] AMDK
[02:43:39] [214/459] ISMR
[02:43:40] [215/459] SMTD
[02:43:41] [216/459] VTDD
[02:43:41] [217/459] PDDZ
[02:43:42] [218/459] PCCK
[02:43:43] [219/459] INAM
[02:43:45] [220/459] FNKT
[02:43:45] [221/459] GDKA
[02:43:47] [222/459] MAYU
[02:43:48] [223/459] TCGU
[02:43:49] [224/459] KDCA
[02:43:49] [225/459] DOMY
[02:43:50] [226/459] PDDD
[02:43:51] [227/459] BJTS
[02:43:51] [228/459] VTCA
[02:43:52] [229/459] SBTM
[02:43:53] [230/459] SEET
[02:43:54] [231/459] SSTJ
[02:43:55] [232/459] SVNT
[02:43:55] [233/459] PPPR
[02:43:56] [234/459] PVYS
[02:43:57] [235/459] IOSE
[02:43:58] [236/459] ACTV
[02:43:59] [237/459] APVE
[02:44:00] [238/459] TCCL
[02:44:02] [239/459] SCMO
[02:44:02] [240/459] SAUM
[02:44:03] [241/459] KCJS
[02:44:04] [242/459] NJCJ
[02:44:05] [243/459] NECF
[02:44:06] [244/459] CCGW
[02:44:07] [245/459] CCMG
[02:44:08] [246/459] NYRG
[02:44:08] [247/459] NCSQ
[02:44:09] [248/459] GRCG
[02:44:10] [249/459] CCBT
[02:44:11] [250/459] ACGA
[02:44:12] [251/459] INAG
[02:44:13] [252/459] FUCG
[02:44:13] [253/459] AICF
[02:44:14] [254/459] GRGA
[02:44:15] [255/459] GDCN
[02:44:16] [256/459] RRCG
[02:44:16] [257/459] SDCH
[02:44:17] [258/459] WVJM
[02:44:18] [259/459] JCCZ
[02:44:19] [260/459] CNCL
[02:44:20] [261/459] TMLV
[02:44:21] [262/459] MEMB
[02:44:22] [263/459] SGTD
[02:44:22] [264/459] CONX
[02:44:23] [265/459] CCMH
[02:44:24] [266/459] ACMC
[02:44:25] [267/459] DTPD
[02:44:26] [268/459] POJA
[02:44:26] [269/459] FNBH
[02:44:27] [270/459] CGCB
[02:44:28] [271/459] RACN
[02:44:29] [272/459] JTSM
[02:44:29] [273/459] SCDN
[02:44:30] [274/459] AACK
[02:44:31] [275/459] RMCE
[02:44:32] [276/459] BSGB
[02:44:33] [277/459] MRCB
[02:44:34] [278/459] SRVR
[02:44:35] [279/459] VTKK
[02:44:36] [280/459] AMST
[02:44:36] [281/459] APCY
[02:44:37] [282/459] LMHO
[02:44:38] [283/459] MTZH
[02:44:40] [284/459] AMZB
[02:44:41] [285/459] SUVT
[02:44:42] [286/459] RCIP
[02:44:43] [287/459] KESR
[02:44:44] [288/459] SNKC
[02:44:45] [289/459] SCED
[02:44:45] [290/459] DVCA
[02:44:46] [291/459] VCDT
[02:44:47] [292/459] RRDI
[02:44:48] [293/459] DFCH
[02:44:48] [294/459] INSC
[02:44:50] [295/459] RGTR
[02:44:50] [296/459] FMOT
[02:44:51] [297/459] SCPM
[02:44:52] [298/459] GCDT
[02:44:53] [299/459] BRKT
[02:44:54] [300/459] DEMP
[02:44:55] [301/459] SRLC
[02:44:56] [302/459] KSTT
[02:44:57] [303/459] SMMT
[02:44:58] [304/459] SILM
[02:44:59] [305/459] JCVM
[02:45:01] [306/459] KCSV
[02:45:02] [307/459] MHLK
[02:45:03] [308/459] SLVL
[02:45:04] [309/459] RJKP
[02:45:05] [310/459] BBPC
[02:45:06] [311/459] MXCB
[02:45:06] [312/459] TCPK
[02:45:07] [313/459] RTBR
[02:45:08] [314/459] GAUT
[02:45:09] [315/459] DVCF
[02:45:10] [316/459] JTSB
[02:45:11] [317/459] SBLS
[02:45:12] [318/459] UDAY
[02:45:12] [319/459] PTNP
[02:45:13] [320/459] DMKT
[02:45:14] [321/459] NTDT
[02:45:14] [322/459] SHDJ
[02:45:15] [323/459] OTNC
[02:45:16] [324/459] RNTW
[02:45:17] [325/459] GCMI
[02:45:17] [326/459] CRCM
[02:45:18] [327/459] NNCZ
[02:45:19] [328/459] OEMO
[02:45:20] [329/459] PVJM
[02:45:21] [330/459] CPJI
[02:45:21] [331/459] RMCJ
[02:45:23] [332/459] CNWJ
[02:45:24] [333/459] EPJM
[02:45:25] [334/459] FNJJ
[02:45:26] [335/459] GCMJ
[02:45:27] [336/459] INPS
[02:45:27] [337/459] BICJ
[02:45:28] [338/459] ISTJ
[02:45:29] [339/459] INJC
[02:45:30] [340/459] GLXJ
[02:45:31] [341/459] INEM
[02:45:31] [342/459] JTMN
[02:45:32] [343/459] FRCJ
[02:45:33] [344/459] DDJP
[02:45:35] [345/459] INJV
[02:45:36] [346/459] GOLC
[02:45:37] [347/459] KOCI
[02:45:38] [348/459] FSTD
[02:45:39] [349/459] PACJ
[02:45:39] [350/459] GMCN
[02:45:40] [351/459] MMDJ
[02:45:41] [352/459] GODH
[02:45:42] [353/459] SKYN
[02:45:43] [354/459] NCTH
[02:45:44] [355/459] SKVZ
[02:45:45] [356/459] SVML
[02:45:46] [357/459] ACVZ
[02:45:46] [358/459] SURA
[02:45:47] [359/459] RTRB
[02:45:48] [360/459] LLCT
[02:45:49] [361/459] ATTS
[02:45:50] [362/459] JYCM
[02:45:51] [363/459] CTKR
[02:45:52] [364/459] LCKR
[02:45:53] [365/459] NYCV
[02:45:53] [366/459] NYOH
[02:45:54] [367/459] NOVX
[02:45:55] [368/459] MRGK
[02:45:56] [369/459] MOON
[02:45:57] [370/459] SBUC
[02:45:58] [371/459] GSVA
[02:45:59] [372/459] VIAK
[02:46:00] [373/459] SMVZ
[02:46:01] [374/459] MATE
[02:46:01] [375/459] RDCN
[02:46:02] [376/459] ASBL
[02:46:03] [377/459] ASVS
[02:46:05] [378/459] ASSR
[02:46:06] [379/459] SSKN
[02:46:06] [380/459] DRPV
[02:46:07] [381/459] MRHT
[02:46:08] [382/459] BSCN
[02:46:09] [383/459] RKNX
[02:46:10] [384/459] MSMC
[02:46:10] [385/459] MSCJ
[02:46:11] [386/459] BTBJ
[02:46:12] [387/459] MJCC
[02:46:13] [388/459] IOMM
[02:46:14] [389/459] ADGR
[02:46:15] [390/459] MYCP
[02:46:16] [391/459] IGCM
[02:46:16] [392/459] PGRK
[02:46:17] [393/459] VPGO
[02:46:18] [394/459] KOMS
[02:46:19] [395/459] URGG
[02:46:20] [396/459] GOST
[02:46:21] [397/459] LACT
[02:46:21] [398/459] BWCM
[02:46:22] [399/459] NCCW
[02:46:23] [400/459] SKYC
[02:46:24] [401/459] CCPM
[02:46:25] [402/459] VCBT
[02:46:26] [403/459] SDKR
[02:46:27] [404/459] CTYB
[02:46:28] [405/459] SHCX
[02:46:29] [406/459] RCUN
[02:46:29] [407/459] CNRA
[02:46:31] [408/459] RFCA
[02:46:32] [409/459] RDCU
[02:46:32] [410/459] SARK
[02:46:33] [411/459] SPPP
[02:46:34] [412/459] ADMB
[02:46:35] [413/459] JYOE
[02:46:35] [414/459] SRMD
[02:46:36] [415/459] RJDH
[02:46:37] [416/459] SSTD
[02:46:38] [417/459] AACV
[02:46:38] [418/459] PPVD
[02:46:39] [419/459] STCP
[02:46:41] [420/459] ANJR
[02:46:42] [421/459] ANLS
[02:46:43] [422/459] BIJO
[02:46:44] [423/459] AVAB
[02:46:45] [424/459] SPMD
[02:46:45] [425/459] SVJL
[02:46:46] [426/459] SDDJ
[02:46:47] [427/459] SLTU
[02:46:48] [428/459] SAKA
[02:46:49] [429/459] PMAM
[02:46:51] [430/459] FNAM
[02:46:51] [431/459] ACAM
[02:46:52] [432/459] SCMM
[02:46:53] [433/459] PMAK
[02:46:54] [434/459] NYSA
[02:46:55] [435/459] FCPA
[02:46:55] [436/459] GDAN
[02:46:56] [437/459] RSCA
[02:46:57] [438/459] DMAN
[02:46:58] [439/459] DZCM
[02:46:59] [440/459] NSGL
[02:47:00] [441/459] CCPP
[02:47:01] [442/459] PSMG
[02:47:01] [443/459] GSER
[02:47:02] [444/459] FCCT
[02:47:03] [445/459] FCTB
[02:47:04] [446/459] LCNK
[02:47:04] [447/459] SKTY
[02:47:05] [448/459] INAA
[02:47:06] [449/459] RCWN
[02:47:07] [450/459] VAIS
[02:47:08] [451/459] CVMN
[02:47:09] [452/459] INTS
[02:47:10] [453/459] FRGS
[02:47:11] [454/459] DTCK
[02:47:11] [455/459] MCMH
[02:47:12] [456/459] ECRR
[02:47:13] [457/459] RLLP
[02:47:14] [458/459] CCSN
[02:47:15] [459/459] CCBA
[02:47:16] 🧹 Deduping shows
[02:47:16] ✅ DONE | Shows=2707 | Movies=70
