[02:40:33] 🚀 SCRIPT STARTED
[02:40:33] [1/459] FNDB
[02:40:33] 🧠 New identity created
[02:40:34] [2/459] AMBH
[02:40:35] [3/459] PRHN
[02:40:36] [4/459] ACPM
[02:40:37] [5/459] PVFS
[02:40:38] [6/459] AACN
[02:40:39] [7/459] ACAS
[02:40:40] [8/459] CTNR
[02:40:41] [9/459] MMAH
[02:40:42] [10/459] CPMH
[02:40:43] [11/459] IGMH
[02:40:44] [12/459] ABCS
[02:40:45] [13/459] CMMA
[02:40:46] [14/459] GPRH
[02:40:47] [15/459] PNNG
[02:40:47] [16/459] AMCA
[02:40:48] [17/459] ISTN
[02:40:49] [18/459] PIIC
[02:40:50] [19/459] AHMH
[02:40:51] [20/459] ASHN
[02:40:52] [21/459] INHY
[02:40:53] [22/459] SRMO
[02:40:54] [23/459] PIMH
[02:40:54] [24/459] PVTS
[02:40:55] [25/459] MMCA
[02:40:56] [26/459] AKYJ
[02:40:57] [27/459] BRKH
[02:40:58] [28/459] MAHM
[02:40:59] [29/459] CPHY
[02:41:00] [30/459] PVTP
[02:41:01] [31/459] SMMR
[02:41:03] [32/459] PVHM
[02:41:04] [33/459] SNDY
[02:41:06] [34/459] GOKU
[02:41:07] [35/459] ACEV
[02:41:08] [36/459] PVUM
[02:41:08] [37/459] VSWA
[02:41:09] [38/459] IPRS
[02:41:10] [39/459] ASGN
[02:41:12] [40/459] BKMV
[02:41:13] [41/459] PVYH
[02:41:14] [42/459] INKM
[02:41:15] [43/459] ARJU
[02:41:16] [44/459] JJPP
[02:41:16] [45/459] SSRM
[02:41:17] [46/459] HMHD
[02:41:18] [47/459] SNKH
[02:41:19] [48/459] ACHI
[02:41:20] [49/459] MRAA
[02:41:21] [50/459] INMH
[02:41:22] [51/459] ARMH
[02:41:22] [52/459] DVRR
[02:41:23] [53/459] SUDA
[02:41:24] [54/459] MCSS
[02:41:25] [55/459] VRKC
[02:41:26] [56/459] PRCX
[02:41:27] [57/459] ASJY
[02:41:28] [58/459] MTHY
[02:41:29] [59/459] SRCM
[02:41:30] [60/459] TVHY
[02:41:31] [61/459] STHD
[02:41:32] [62/459] CPCL
[02:41:33] [63/459] PSMJ
[02:41:34] [64/459] MRGT
[02:41:35] [65/459] ARYH
[02:41:36] [66/459] VTRB
[02:41:36] [67/459] SCHC
[02:41:37] [68/459] MRRG
[02:41:38] [69/459] SPCB
[02:41:39] [70/459] AMCM
[02:41:40] [71/459] IVNM
[02:41:41] [72/459] TRHY
[02:41:42] [73/459] PTTH
[02:41:43] [74/459] RKMH
[02:41:44] [75/459] PRCS
[02:41:45] [76/459] VAJA
[02:41:46] [77/459] BJNG
[02:41:47] [78/459] SCVM
[02:41:48] [79/459] GNHB
[02:41:50] [80/459] TLUR
[02:41:51] [81/459] UKCC
[02:41:51] [82/459] SRKR
[02:41:52] [83/459] RMKN
[02:41:53] [84/459] SLRT
[02:41:54] [85/459] LKMT
[02:41:54] [86/459] SSRJ
[02:41:55] [87/459] SPHT
[02:41:56] [88/459] ANTT
[02:41:56] [89/459] SRCH
[02:41:57] [90/459] SRCA
[02:41:58] [91/459] ARTH
[02:42:00] [92/459] MCBH
[02:42:01] [93/459] SNIB
[02:42:01] [94/459] SART
[02:42:02] [95/459] SKTA
[02:42:04] [96/459] YAKT
[02:42:05] [97/459] MLCK
[02:42:06] [98/459] ANTS
[02:42:06] [99/459] DGCA
[02:42:07] [100/459] SGMP
[02:42:08] [101/459] ASWN
[02:42:10] [102/459] KFVU
[02:42:10] [103/459] POOR
[02:42:11] [104/459] GKDN
[02:42:12] [105/459] EOSE
[02:42:13] [106/459] GTTT
[02:42:14] [107/459] ARRO
[02:42:14] [108/459] CMMK
[02:42:15] [109/459] MSCN
[02:42:16] [110/459] GDKH
[02:42:17] [111/459] DLMT
[02:42:18] [112/459] PVMF
[02:42:19] [113/459] CPCK
[02:42:19] [114/459] VMHE
[02:42:20] [115/459] PVLC
[02:42:21] [116/459] PCVB
[02:42:22] [117/459] SNYK
[02:42:23] [118/459] KTEK
[02:42:24] [119/459] PCNM
[02:42:25] [120/459] NTTR
[02:42:26] [121/459] CPSK
[02:42:27] [122/459] JMMA
[02:42:27] [123/459] GCFK
[02:42:28] [124/459] MYCA
[02:42:29] [125/459] KSNP
[02:42:30] [126/459] PMCE
[02:42:31] [127/459] SCKI
[02:42:32] [128/459] FSMA
[02:42:33] [129/459] CETA
[02:42:34] [130/459] MCIK
[02:42:34] [131/459] MYCR
[02:42:35] [132/459] EVMP
[02:42:36] [133/459] SSGT
[02:42:37] [134/459] KCTK
[02:42:38] [135/459] ZTKC
[02:42:39] [136/459] MMTA
[02:42:40] [137/459] MAJT
[02:42:41] [138/459] ACPK
[02:42:42] [139/459] JMAX
[02:42:42] [140/459] SETK
[02:42:43] [141/459] CAIS
[02:42:44] [142/459] AGCD
[02:42:45] [143/459] URCL
[02:42:45] [144/459] VTDS
[02:42:46] [145/459] JCNM
[02:42:47] [146/459] KCAM
[02:42:48] [147/459] ADCU
[02:42:49] [148/459] GXYN
[02:42:50] [149/459] SMJG
[02:42:51] [150/459] EYCJ
[02:42:52] [151/459] CCEJ
[02:42:52] [152/459] MARS
[02:42:53] [153/459] CPVJ
[02:42:54] [154/459] INVP
[02:42:55] [155/459] CPOV
[02:42:56] [156/459] VIJK
[02:42:57] [157/459] LAIM
[02:42:57] [158/459] STHV
[02:42:59] [159/459] SVLJ
[02:43:00] [160/459] ATVJ
[02:43:01] [161/459] JTSC
[02:43:01] [162/459] RMTV
[02:43:02] [163/459] MGGG
[02:43:03] [164/459] SWTH
[02:43:04] [165/459] INVJ
[02:43:05] [166/459] PRSV
[02:43:06] [167/459] JATV
[02:43:07] [168/459] RCVD
[02:43:07] [169/459] BDMA
[02:43:08] [170/459] BLJI
[02:43:09] [171/459] SWOT
[02:43:10] [172/459] SWRN
[02:43:11] [173/459] TVRA
[02:43:11] [174/459] VCSV
[02:43:12] [175/459] NVRN
[02:43:13] [176/459] SIKC
[02:43:14] [177/459] VAKR
[02:43:14] [178/459] SYLN
[02:43:15] [179/459] KLJL
[02:43:16] [180/459] LKMY
[02:43:17] [181/459] VSLY
[02:43:18] [182/459] CIKO
[02:43:18] [183/459] GPBG
[02:43:19] [184/459] CECM
[02:43:20] [185/459] SLKB
[02:43:21] [186/459] MTBO
[02:43:22] [187/459] SSHB
[02:43:23] [188/459] VPCS
[02:43:24] [189/459] RCSR
[02:43:24] [190/459] RJRM
[02:43:25] [191/459] KPPB
[02:43:26] [192/459] SEDC
[02:43:27] [193/459] SCAI
[02:43:28] [194/459] RMTR
[02:43:29] [195/459] ASST
[02:43:30] [196/459] GCAK
[02:43:30] [197/459] ANNK
[02:43:31] [198/459] KDDF
[02:43:32] [199/459] NRDP
[02:43:33] [200/459] PLAK
[02:43:33] [201/459] GCMC
[02:43:34] [202/459] ALPY
[02:43:35] [203/459] SICE
[02:43:37] [204/459] SISR
[02:43:37] [205/459] SRPZ
[02:43:38] [206/459] SRSW
[02:43:39] [207/459] SUYA
[02:43:40] [208/459] AMMT
[02:43:41] [209/459] BHCU
[02:43:42] [210/459] KLPA
[02:43:43] [211/459] NVKH
[02:43:44] [212/459] JMRC
[02:43:45] [213/459] KTTT
[02:43:46] [214/459] MAGH
[02:43:47] [215/459] MMMX
[02:43:47] [216/459] SALJ
[02:43:48] [217/459] GTJA
[02:43:49] [218/459] MAHT
[02:43:50] [219/459] SSNN
[02:43:51] [220/459] ARRP
[02:43:52] [221/459] ATNS
[02:43:53] [222/459] SKDT
[02:43:54] [223/459] ACAT
[02:43:54] [224/459] APRC
[02:43:55] [225/459] SWAG
[02:43:56] [226/459] SDPT
[02:43:57] [227/459] STPS
[02:43:58] [228/459] WWCZ
[02:43:59] [229/459] LLCH
[02:44:00] [230/459] MZHA
[02:44:01] [231/459] CRJG
[02:44:02] [232/459] JGTK
[02:44:03] [233/459] KCSR
[02:44:04] [234/459] CHTL
[02:44:05] [235/459] EDSR
[02:44:05] [236/459] CSWO
[02:44:07] [237/459] CPVM
[02:44:08] [238/459] MXBY
[02:44:08] [239/459] FMMA
[02:44:09] [240/459] POVI
[02:44:10] [241/459] MTHB
[02:44:11] [242/459] INRC
[02:44:12] [243/459] PIPP
[02:44:13] [244/459] BMXC
[02:44:14] [245/459] PCMM
[02:44:14] [246/459] PMKM
[02:44:15] [247/459] GATY
[02:44:17] [248/459] IMCM
[02:44:18] [249/459] POPE
[02:44:19] [250/459] MTCR
[02:44:19] [251/459] PVAE
[02:44:20] [252/459] PVMI
[02:44:21] [253/459] CPNM
[02:44:22] [254/459] FMRL
[02:44:23] [255/459] MCIW
[02:44:24] [256/459] MXBO
[02:44:25] [257/459] FMKY
[02:44:26] [258/459] FMDA
[02:44:28] [259/459] THAB
[02:44:29] [260/459] PRCW
[02:44:29] [261/459] PITI
[02:44:30] [262/459] MCFF
[02:44:31] [263/459] PDDV
[02:44:32] [264/459] MCRM
[02:44:32] [265/459] KKMB
[02:44:33] [266/459] INKO
[02:44:34] [267/459] PLXP
[02:44:35] [268/459] MMHA
[02:44:36] [269/459] FMVS
[02:44:37] [270/459] POLM
[02:44:38] [271/459] STER
[02:44:39] [272/459] PVWJ
[02:44:40] [273/459] IMJW
[02:44:41] [274/459] FNAN
[02:44:42] [275/459] CAGL
[02:44:43] [276/459] IPBG
[02:44:43] [277/459] SMFV
[02:44:44] [278/459] MMMR
[02:44:45] [279/459] MMWM
[02:44:46] [280/459] FNCM
[02:44:47] [281/459] MDVA
[02:44:48] [282/459] MMET
[02:44:49] [283/459] MIDO
[02:44:50] [284/459] INNP
[02:44:51] [285/459] MIFU
[02:44:52] [286/459] MMSZ
[02:44:53] [287/459] BMXA
[02:44:54] [288/459] MCAA
[02:44:55] [289/459] SCVP
[02:44:55] [290/459] PLUS
[02:44:56] [291/459] MUCK
[02:44:57] [292/459] MTMA
[02:44:58] [293/459] HPVR
[02:44:59] [294/459] PMPK
[02:45:00] [295/459] MAJB
[02:45:00] [296/459] CTRR
[02:45:01] [297/459] MCTG
[02:45:02] [298/459] MACE
[02:45:03] [299/459] AAAS
[02:45:04] [300/459] CPVV
[02:45:05] [301/459] RCHG
[02:45:06] [302/459] MCNE
[02:45:08] [303/459] EMNC
[02:45:08] [304/459] MCAN
[02:45:09] [305/459] TCDM
[02:45:10] [306/459] IRGT
[02:45:11] [307/459] GCMG
[02:45:12] [308/459] MXSN
[02:45:12] [309/459] MXCK
[02:45:13] [310/459] MCRC
[02:45:14] [311/459] RSMI
[02:45:15] [312/459] WAML
[02:45:16] [313/459] MTSC
[02:45:17] [314/459] FMDR
[02:45:17] [315/459] LEPV
[02:45:18] [316/459] MTGD
[02:45:19] [317/459] IMOB
[02:45:20] [318/459] CLMM
[02:45:20] [319/459] PZCD
[02:45:21] [320/459] GOCS
[02:45:22] [321/459] KCMA
[02:45:23] [322/459] CCMP
[02:45:24] [323/459] MTSU
[02:45:25] [324/459] SNGL
[02:45:26] [325/459] MMMC
[02:45:26] [326/459] MMAA
[02:45:27] [327/459] GCDM
[02:45:28] [328/459] KTMV
[02:45:29] [329/459] AETE
[02:45:30] [330/459] OMCS
[02:45:31] [331/459] GDCD
[02:45:32] [332/459] NYMD
[02:45:32] [333/459] RNCV
[02:45:33] [334/459] KKMT
[02:45:34] [335/459] GDTH
[02:45:36] [336/459] KMMV
[02:45:36] [337/459] NHCG
[02:45:37] [338/459] PJDW
[02:45:38] [339/459] MMCV
[02:45:39] [340/459] FQSA
[02:45:40] [341/459] KURL
[02:45:40] [342/459] NNNX
[02:45:41] [343/459] AMAU
[02:45:42] [344/459] VVVM
[02:45:43] [345/459] VECU
[02:45:44] [346/459] WCVR
[02:45:45] [347/459] MTGG
[02:45:45] [348/459] SGTG
[02:45:46] [349/459] MNTG
[02:45:47] [350/459] JDDG
[02:45:47] [351/459] MBTK
[02:45:48] [352/459] SGCD
[02:45:49] [353/459] MCTC
[02:45:50] [354/459] JTPC
[02:45:51] [355/459] SDKT
[02:45:52] [356/459] KRCC
[02:45:53] [357/459] RMMD
[02:45:53] [358/459] AAME
[02:45:54] [359/459] TMWC
[02:45:55] [360/459] NRWY
[02:45:56] [361/459] CITD
[02:45:57] [362/459] VERD
[02:45:57] [363/459] MKSK
[02:45:58] [364/459] STSM
[02:45:59] [365/459] MJDG
[02:46:00] [366/459] RKPM
[02:46:01] [367/459] SSCE
[02:46:02] [368/459] VMAE
[02:46:03] [369/459] SBRU
[02:46:03] [370/459] AMBC
[02:46:04] [371/459] AMLU
[02:46:05] [372/459] INVZ
[02:46:06] [373/459] LGTV
[02:46:07] [374/459] SVAD
[02:46:08] [375/459] SMSA
[02:46:09] [376/459] SPCZ
[02:46:11] [377/459] GTCX
[02:46:12] [378/459] SCSL
[02:46:12] [379/459] SAHU
[02:46:13] [380/459] NCDA
[02:46:14] [381/459] SCCG
[02:46:15] [382/459] VKTL
[02:46:15] [383/459] PUUJ
[02:46:16] [384/459] STEJ
[02:46:17] [385/459] RJAL
[02:46:18] [386/459] ACJC
[02:46:19] [387/459] VTHC
[02:46:20] [388/459] ARVB
[02:46:20] [389/459] AUBB
[02:46:21] [390/459] GDBR
[02:46:22] [391/459] PVND
[02:46:23] [392/459] BGRJ
[02:46:24] [393/459] RJMM
[02:46:25] [394/459] MCSA
[02:46:26] [395/459] BODA
[02:46:26] [396/459] JAGG
[02:46:27] [397/459] SCGA
[02:46:28] [398/459] LRCM
[02:46:29] [399/459] CPCN
[02:46:30] [400/459] SSTF
[02:46:31] [401/459] SRXP
[02:46:31] [402/459] CNFX
[02:46:32] [403/459] ANDI
[02:46:33] [404/459] SYEW
[02:46:34] [405/459] RCRE
[02:46:34] [406/459] SCRW
[02:46:36] [407/459] MBKR
[02:46:37] [408/459] ASNT
[02:46:38] [409/459] JTMT
[02:46:39] [410/459] SHAY
[02:46:39] [411/459] VRTH
[02:46:40] [412/459] SPTI
[02:46:41] [413/459] DPTD
[02:46:42] [414/459] TGSN
[02:46:43] [415/459] RCWV
[02:46:44] [416/459] OCUR
[02:46:45] [417/459] KSTC
[02:46:46] [418/459] SANI
[02:46:47] [419/459] MLCA
[02:46:47] [420/459] EGCA
[02:46:48] [421/459] SYSN
[02:46:49] [422/459] PKTA
[02:46:50] [423/459] PRCC
[02:46:51] [424/459] KSTR
[02:46:52] [425/459] SNTP
[02:46:53] [426/459] RCHA
[02:46:54] [427/459] SEEA
[02:46:55] [428/459] ALAT
[02:46:56] [429/459] AATV
[02:46:57] [430/459] RJTE
[02:46:57] [431/459] AAPP
[02:46:59] [432/459] PMMH
[02:47:00] [433/459] INRJ
[02:47:00] [434/459] SARB
[02:47:01] [435/459] PCJL
[02:47:02] [436/459] PFJJ
[02:47:03] [437/459] GRDC
[02:47:04] [438/459] BCBA
[02:47:05] [439/459] VIXL
[02:47:06] [440/459] CSTL
[02:47:07] [441/459] MTDK
[02:47:08] [442/459] TDAC
[02:47:09] [443/459] GTDN
[02:47:09] [444/459] TTDE
[02:47:10] [445/459] ASTS
[02:47:11] [446/459] CPNS
[02:47:12] [447/459] PVVW
[02:47:13] [448/459] USEB
[02:47:14] [449/459] DTYN
[02:47:15] [450/459] PVLE
[02:47:16] [451/459] CIPS
[02:47:16] [452/459] PAEG
[02:47:17] [453/459] PTCW
[02:47:18] [454/459] G3SR
[02:47:19] [455/459] PGND
[02:47:20] [456/459] INVM
[02:47:21] [457/459] SPIA
[02:47:23] [458/459] PCSN
[02:47:24] [459/459] PPGV
[02:47:24] 🧹 Deduping shows
[02:47:24] ✅ DONE | Shows=4445 | Movies=76
[04:40:55] 🚀 SCRIPT STARTED
[04:40:55] [1/459] FNDB
[04:40:55] 🧠 New identity created
[04:40:56] [2/459] AMBH
[04:40:58] [3/459] PRHN
[04:40:59] [4/459] ACPM
[04:41:00] [5/459] PVFS
[04:41:01] [6/459] AACN
[04:41:02] [7/459] ACAS
[04:41:03] [8/459] CTNR
[04:41:03] [9/459] MMAH
[04:41:04] [10/459] CPMH
[04:41:05] [11/459] IGMH
[04:41:06] [12/459] ABCS
[04:41:07] [13/459] CMMA
[04:41:08] [14/459] GPRH
[04:41:09] [15/459] PNNG
[04:41:10] [16/459] AMCA
[04:41:11] [17/459] ISTN
[04:41:11] [18/459] PIIC
[04:41:12] [19/459] AHMH
[04:41:13] [20/459] ASHN
[04:41:14] [21/459] INHY
[04:41:15] [22/459] SRMO
[04:41:16] [23/459] PIMH
[04:41:17] [24/459] PVTS
[04:41:18] [25/459] MMCA
[04:41:19] [26/459] AKYJ
[04:41:20] [27/459] BRKH
[04:41:21] [28/459] MAHM
[04:41:22] [29/459] CPHY
[04:41:23] [30/459] PVTP
[04:41:23] [31/459] SMMR
[04:41:24] [32/459] PVHM
[04:41:25] [33/459] SNDY
[04:41:26] [34/459] GOKU
[04:41:27] [35/459] ACEV
[04:41:28] [36/459] PVUM
[04:41:28] [37/459] VSWA
[04:41:29] [38/459] IPRS
[04:41:30] [39/459] ASGN
[04:41:31] [40/459] BKMV
[04:41:32] [41/459] PVYH
[04:41:33] [42/459] INKM
[04:41:34] [43/459] ARJU
[04:41:35] [44/459] JJPP
[04:41:35] [45/459] SSRM
[04:41:36] [46/459] HMHD
[04:41:37] [47/459] SNKH
[04:41:38] [48/459] ACHI
[04:41:39] [49/459] MRAA
[04:41:40] [50/459] INMH
[04:41:41] [51/459] ARMH
[04:41:42] [52/459] DVRR
[04:41:43] [53/459] SUDA
[04:41:44] [54/459] MCSS
[04:41:45] [55/459] VRKC
[04:41:46] [56/459] PRCX
[04:41:47] [57/459] ASJY
[04:41:48] [58/459] MTHY
[04:41:49] [59/459] SRCM
[04:41:50] [60/459] TVHY
[04:41:51] [61/459] STHD
[04:41:51] [62/459] CPCL
[04:41:52] [63/459] PSMJ
[04:41:53] [64/459] MRGT
[04:41:54] [65/459] ARYH
[04:41:55] [66/459] VTRB
[04:41:56] [67/459] SCHC
[04:41:57] [68/459] MRRG
[04:41:58] [69/459] SPCB
[04:41:58] [70/459] AMCM
[04:41:59] [71/459] IVNM
[04:42:00] [72/459] TRHY
[04:42:01] [73/459] PTTH
[04:42:02] [74/459] RKMH
[04:42:03] [75/459] PRCS
[04:42:04] [76/459] VAJA
[04:42:05] [77/459] BJNG
[04:42:06] [78/459] SCVM
[04:42:07] [79/459] GNHB
[04:42:07] [80/459] TLUR
[04:42:08] [81/459] UKCC
[04:42:09] [82/459] SRKR
[04:42:10] [83/459] RMKN
[04:42:11] [84/459] SLRT
[04:42:12] [85/459] LKMT
[04:42:13] [86/459] SSRJ
[04:42:14] [87/459] SPHT
[04:42:15] [88/459] ANTT
[04:42:16] [89/459] SRCH
[04:42:17] [90/459] SRCA
[04:42:18] [91/459] ARTH
[04:42:19] [92/459] MCBH
[04:42:20] [93/459] SNIB
[04:42:20] [94/459] SART
[04:42:21] [95/459] SKTA
[04:42:22] [96/459] YAKT
[04:42:23] [97/459] MLCK
[04:42:24] [98/459] ANTS
[04:42:26] [99/459] DGCA
[04:42:27] [100/459] SGMP
[04:42:28] [101/459] ASWN
[04:42:30] [102/459] KFVU
[04:42:31] [103/459] POOR
[04:42:32] [104/459] GKDN
[04:42:33] [105/459] EOSE
[04:42:33] [106/459] GTTT
[04:42:35] [107/459] ARRO
[04:42:36] [108/459] CMMK
[04:42:36] [109/459] MSCN
[04:42:37] [110/459] GDKH
[04:42:38] [111/459] DLMT
[04:42:39] [112/459] PVMF
[04:42:40] [113/459] CPCK
[04:42:41] [114/459] VMHE
[04:42:43] [115/459] PVLC
[04:42:44] [116/459] PCVB
[04:42:45] [117/459] SNYK
[04:42:46] [118/459] KTEK
[04:42:47] [119/459] PCNM
[04:42:48] [120/459] NTTR
[04:42:49] [121/459] CPSK
[04:42:49] [122/459] JMMA
[04:42:50] [123/459] GCFK
[04:42:51] [124/459] MYCA
[04:42:53] [125/459] KSNP
[04:42:54] [126/459] PMCE
[04:42:55] [127/459] SCKI
[04:42:56] [128/459] FSMA
[04:42:57] [129/459] CETA
[04:42:58] [130/459] MCIK
[04:42:59] [131/459] MYCR
[04:43:00] [132/459] EVMP
[04:43:00] [133/459] SSGT
[04:43:01] [134/459] KCTK
[04:43:02] [135/459] ZTKC
[04:43:03] [136/459] MMTA
[04:43:04] [137/459] MAJT
[04:43:05] [138/459] ACPK
[04:43:06] [139/459] JMAX
[04:43:07] [140/459] SETK
[04:43:08] [141/459] CAIS
[04:43:09] [142/459] AGCD
[04:43:09] [143/459] URCL
[04:43:10] [144/459] VTDS
[04:43:11] [145/459] JCNM
[04:43:12] [146/459] KCAM
[04:43:13] [147/459] ADCU
[04:43:14] [148/459] GXYN
[04:43:15] [149/459] SMJG
[04:43:15] [150/459] EYCJ
[04:43:16] [151/459] CCEJ
[04:43:17] [152/459] MARS
[04:43:18] [153/459] CPVJ
[04:43:19] [154/459] INVP
[04:43:20] [155/459] CPOV
[04:43:20] [156/459] VIJK
[04:43:21] [157/459] LAIM
[04:43:22] [158/459] STHV
[04:43:23] [159/459] SVLJ
[04:43:24] [160/459] ATVJ
[04:43:25] [161/459] JTSC
[04:43:25] [162/459] RMTV
[04:43:26] [163/459] MGGG
[04:43:27] [164/459] SWTH
[04:43:28] [165/459] INVJ
[04:43:29] [166/459] PRSV
[04:43:31] [167/459] JATV
[04:43:32] [168/459] RCVD
[04:43:33] [169/459] BDMA
[04:43:34] [170/459] BLJI
[04:43:35] [171/459] SWOT
[04:43:35] [172/459] SWRN
[04:43:36] [173/459] TVRA
[04:43:37] [174/459] VCSV
[04:43:38] [175/459] NVRN
[04:43:39] [176/459] SIKC
[04:43:40] [177/459] VAKR
[04:43:41] [178/459] SYLN
[04:43:42] [179/459] KLJL
[04:43:43] [180/459] LKMY
[04:43:44] [181/459] VSLY
[04:43:45] [182/459] CIKO
[04:43:47] [183/459] GPBG
[04:43:48] [184/459] CECM
[04:43:49] [185/459] SLKB
[04:43:50] [186/459] MTBO
[04:43:51] [187/459] SSHB
[04:43:52] [188/459] VPCS
[04:43:53] [189/459] RCSR
[04:43:54] [190/459] RJRM
[04:43:54] [191/459] KPPB
[04:43:55] [192/459] SEDC
[04:43:56] [193/459] SCAI
[04:43:57] [194/459] RMTR
[04:43:58] [195/459] ASST
[04:43:59] [196/459] GCAK
[04:44:00] [197/459] ANNK
[04:44:01] [198/459] KDDF
[04:44:02] [199/459] NRDP
[04:44:03] [200/459] PLAK
[04:44:04] [201/459] GCMC
[04:44:05] [202/459] ALPY
[04:44:06] [203/459] SICE
[04:44:07] [204/459] SISR
[04:44:07] [205/459] SRPZ
[04:44:08] [206/459] SRSW
[04:44:09] [207/459] SUYA
[04:44:10] [208/459] AMMT
[04:44:11] [209/459] BHCU
[04:44:12] [210/459] KLPA
[04:44:13] [211/459] NVKH
[04:44:14] [212/459] JMRC
[04:44:15] [213/459] KTTT
[04:44:16] [214/459] MAGH
[04:44:16] [215/459] MMMX
[04:44:17] [216/459] SALJ
[04:44:18] [217/459] GTJA
[04:44:19] [218/459] MAHT
[04:44:20] [219/459] SSNN
[04:44:21] [220/459] ARRP
[04:44:23] [221/459] ATNS
[04:44:23] [222/459] SKDT
[04:44:24] [223/459] ACAT
[04:44:25] [224/459] APRC
[04:44:26] [225/459] SWAG
[04:44:27] [226/459] SDPT
[04:44:27] [227/459] STPS
[04:44:28] [228/459] WWCZ
[04:44:30] [229/459] LLCH
[04:44:31] [230/459] MZHA
[04:44:32] [231/459] CRJG
[04:44:33] [232/459] JGTK
[04:44:34] [233/459] KCSR
[04:44:34] [234/459] CHTL
[04:44:35] [235/459] EDSR
[04:44:36] [236/459] CSWO
[04:44:37] [237/459] CPVM
[04:44:38] [238/459] MXBY
[04:44:39] [239/459] FMMA
[04:44:39] [240/459] POVI
[04:44:40] [241/459] MTHB
[04:44:41] [242/459] INRC
[04:44:42] [243/459] PIPP
[04:44:43] [244/459] BMXC
[04:44:44] [245/459] PCMM
[04:44:45] [246/459] PMKM
[04:44:46] [247/459] GATY
[04:44:46] [248/459] IMCM
[04:44:48] [249/459] POPE
[04:44:50] [250/459] MTCR
[04:44:51] [251/459] PVAE
[04:44:52] [252/459] PVMI
[04:44:53] [253/459] CPNM
[04:44:55] [254/459] FMRL
[04:44:56] [255/459] MCIW
[04:44:56] [256/459] MXBO
[04:44:57] [257/459] FMKY
[04:44:58] [258/459] FMDA
[04:44:59] [259/459] THAB
[04:45:01] [260/459] PRCW
[04:45:02] [261/459] PITI
[04:45:03] [262/459] MCFF
[04:45:03] [263/459] PDDV
[04:45:04] [264/459] MCRM
[04:45:05] [265/459] KKMB
[04:45:06] [266/459] INKO
[04:45:07] [267/459] PLXP
[04:45:08] [268/459] MMHA
[04:45:08] [269/459] FMVS
[04:45:09] [270/459] POLM
[04:45:10] [271/459] STER
[04:45:11] [272/459] PVWJ
[04:45:13] [273/459] IMJW
[04:45:13] [274/459] FNAN
[04:45:14] [275/459] CAGL
[04:45:15] [276/459] IPBG
[04:45:16] [277/459] SMFV
[04:45:17] [278/459] MMMR
[04:45:18] [279/459] MMWM
[04:45:19] [280/459] FNCM
[04:45:19] [281/459] MDVA
[04:45:20] [282/459] MMET
[04:45:21] [283/459] MIDO
[04:45:22] [284/459] INNP
[04:45:23] [285/459] MIFU
[04:45:24] [286/459] MMSZ
[04:45:24] [287/459] BMXA
[04:45:25] [288/459] MCAA
[04:45:26] [289/459] SCVP
[04:45:27] [290/459] PLUS
[04:45:28] [291/459] MUCK
[04:45:29] [292/459] MTMA
[04:45:30] [293/459] HPVR
[04:45:31] [294/459] PMPK
[04:45:32] [295/459] MAJB
[04:45:33] [296/459] CTRR
[04:45:34] [297/459] MCTG
[04:45:35] [298/459] MACE
[04:45:35] [299/459] AAAS
[04:45:36] [300/459] CPVV
[04:45:37] [301/459] RCHG
[04:45:38] [302/459] MCNE
[04:45:39] [303/459] EMNC
[04:45:40] [304/459] MCAN
[04:45:41] [305/459] TCDM
[04:45:42] [306/459] IRGT
[04:45:42] [307/459] GCMG
[04:45:44] [308/459] MXSN
[04:45:45] [309/459] MXCK
[04:45:46] [310/459] MCRC
[04:45:47] [311/459] RSMI
[04:45:47] [312/459] WAML
[04:45:48] [313/459] MTSC
[04:45:50] [314/459] FMDR
[04:45:51] [315/459] LEPV
[04:45:52] [316/459] MTGD
[04:45:52] [317/459] IMOB
[04:45:53] [318/459] CLMM
[04:45:55] [319/459] PZCD
[04:45:56] [320/459] GOCS
[04:45:57] [321/459] KCMA
[04:45:58] [322/459] CCMP
[04:45:58] [323/459] MTSU
[04:45:59] [324/459] SNGL
[04:46:01] [325/459] MMMC
[04:46:02] [326/459] MMAA
[04:46:04] [327/459] GCDM
[04:46:05] [328/459] KTMV
[04:46:07] [329/459] AETE
[04:46:08] [330/459] OMCS
[04:46:09] [331/459] GDCD
[04:46:10] [332/459] NYMD
[04:46:11] [333/459] RNCV
[04:46:12] [334/459] KKMT
[04:46:13] [335/459] GDTH
[04:46:14] [336/459] KMMV
[04:46:15] [337/459] NHCG
[04:46:16] [338/459] PJDW
[04:46:17] [339/459] MMCV
[04:46:18] [340/459] FQSA
[04:46:18] [341/459] KURL
[04:46:19] [342/459] NNNX
[04:46:21] [343/459] AMAU
[04:46:22] [344/459] VVVM
[04:46:23] [345/459] VECU
[04:46:24] [346/459] WCVR
[04:46:25] [347/459] MTGG
[04:46:26] [348/459] SGTG
[04:46:27] [349/459] MNTG
[04:46:27] [350/459] JDDG
[04:46:28] [351/459] MBTK
[04:46:29] [352/459] SGCD
[04:46:30] [353/459] MCTC
[04:46:30] [354/459] JTPC
[04:46:32] [355/459] SDKT
[04:46:33] [356/459] KRCC
[04:46:33] [357/459] RMMD
[04:46:34] [358/459] AAME
[04:46:35] [359/459] TMWC
[04:46:36] [360/459] NRWY
[04:46:37] [361/459] CITD
[04:46:38] [362/459] VERD
[04:46:39] [363/459] MKSK
[04:46:40] [364/459] STSM
[04:46:40] [365/459] MJDG
[04:46:41] [366/459] RKPM
[04:46:42] [367/459] SSCE
[04:46:43] [368/459] VMAE
[04:46:44] [369/459] SBRU
[04:46:45] [370/459] AMBC
[04:46:46] [371/459] AMLU
[04:46:47] [372/459] INVZ
[04:46:47] [373/459] LGTV
[04:46:48] [374/459] SVAD
[04:46:49] [375/459] SMSA
[04:46:50] [376/459] SPCZ
[04:46:52] [377/459] GTCX
[04:46:53] [378/459] SCSL
[04:46:54] [379/459] SAHU
[04:46:55] [380/459] NCDA
[04:46:56] [381/459] SCCG
[04:46:57] [382/459] VKTL
[04:46:59] [383/459] PUUJ
[04:46:59] [384/459] STEJ
[04:47:00] [385/459] RJAL
[04:47:01] [386/459] ACJC
[04:47:02] [387/459] VTHC
[04:47:03] [388/459] ARVB
[04:47:04] [389/459] AUBB
[04:47:05] [390/459] GDBR
[04:47:06] [391/459] PVND
[04:47:07] [392/459] BGRJ
[04:47:09] [393/459] RJMM
[04:47:10] [394/459] MCSA
[04:47:11] [395/459] BODA
[04:47:12] [396/459] JAGG
[04:47:13] [397/459] SCGA
[04:47:14] [398/459] LRCM
[04:47:15] [399/459] CPCN
[04:47:16] [400/459] SSTF
[04:47:16] [401/459] SRXP
[04:47:17] [402/459] CNFX
[04:47:18] [403/459] ANDI
[04:47:19] [404/459] SYEW
[04:47:20] [405/459] RCRE
[04:47:21] [406/459] SCRW
[04:47:22] [407/459] MBKR
[04:47:23] [408/459] ASNT
[04:47:24] [409/459] JTMT
[04:47:25] [410/459] SHAY
[04:47:26] [411/459] VRTH
[04:47:27] [412/459] SPTI
[04:47:27] [413/459] DPTD
[04:47:28] [414/459] TGSN
[04:47:29] [415/459] RCWV
[04:47:30] [416/459] OCUR
[04:47:32] [417/459] KSTC
[04:47:32] [418/459] SANI
[04:47:33] [419/459] MLCA
[04:47:34] [420/459] EGCA
[04:47:35] [421/459] SYSN
[04:47:35] [422/459] PKTA
[04:47:36] [423/459] PRCC
[04:47:37] [424/459] KSTR
[04:47:38] [425/459] SNTP
[04:47:39] [426/459] RCHA
[04:47:41] [427/459] SEEA
[04:47:42] [428/459] ALAT
[04:47:43] [429/459] AATV
[04:47:44] [430/459] RJTE
[04:47:45] [431/459] AAPP
[04:47:46] [432/459] PMMH
[04:47:47] [433/459] INRJ
[04:47:48] [434/459] SARB
[04:47:50] [435/459] PCJL
[04:47:51] [436/459] PFJJ
[04:47:52] [437/459] GRDC
[04:47:53] [438/459] BCBA
[04:47:54] [439/459] VIXL
[04:47:55] [440/459] CSTL
[04:47:56] [441/459] MTDK
[04:47:56] [442/459] TDAC
[04:47:58] [443/459] GTDN
[04:47:59] [444/459] TTDE
[04:48:01] [445/459] ASTS
[04:48:02] [446/459] CPNS
[04:48:03] [447/459] PVVW
[04:48:04] [448/459] USEB
[04:48:05] [449/459] DTYN
[04:48:06] [450/459] PVLE
[04:48:07] [451/459] CIPS
[04:48:08] [452/459] PAEG
[04:48:08] [453/459] PTCW
[04:48:09] [454/459] G3SR
[04:48:10] [455/459] PGND
[04:48:11] [456/459] INVM
[04:48:12] [457/459] SPIA
[04:48:13] [458/459] PCSN
[04:48:14] [459/459] PPGV
[04:48:15] 🧹 Deduping shows
[04:48:15] ✅ DONE | Shows=4444 | Movies=76
[08:25:42] 🚀 SCRIPT STARTED
[08:25:42] [1/459] FNDB
[08:25:42] 🧠 New identity created
[08:25:43] [2/459] AMBH
[08:25:44] [3/459] PRHN
[08:25:45] [4/459] ACPM
[08:25:46] [5/459] PVFS
[08:25:47] [6/459] AACN
[08:25:48] [7/459] ACAS
[08:25:49] [8/459] CTNR
[08:25:50] [9/459] MMAH
[08:25:50] [10/459] CPMH
[08:25:52] [11/459] IGMH
[08:25:53] [12/459] ABCS
[08:25:54] [13/459] CMMA
[08:25:54] [14/459] GPRH
[08:25:55] [15/459] PNNG
[08:25:56] [16/459] AMCA
[08:25:57] [17/459] ISTN
[08:25:58] [18/459] PIIC
[08:25:58] [19/459] AHMH
[08:25:59] [20/459] ASHN
[08:26:00] [21/459] INHY
[08:26:01] [22/459] SRMO
[08:26:02] [23/459] PIMH
[08:26:03] [24/459] PVTS
[08:26:04] [25/459] MMCA
[08:26:04] [26/459] AKYJ
[08:26:05] [27/459] BRKH
[08:26:07] [28/459] MAHM
[08:26:08] [29/459] CPHY
[08:26:08] [30/459] PVTP
[08:26:10] [31/459] SMMR
[08:26:10] [32/459] PVHM
[08:26:11] [33/459] SNDY
[08:26:12] [34/459] GOKU
[08:26:13] [35/459] ACEV
[08:26:14] [36/459] PVUM
[08:26:14] [37/459] VSWA
[08:26:15] [38/459] IPRS
[08:26:17] [39/459] ASGN
[08:26:18] [40/459] BKMV
[08:26:18] [41/459] PVYH
[08:26:19] [42/459] INKM
[08:26:20] [43/459] ARJU
[08:26:21] [44/459] JJPP
[08:26:22] [45/459] SSRM
[08:26:23] [46/459] HMHD
[08:26:23] [47/459] SNKH
[08:26:24] [48/459] ACHI
[08:26:25] [49/459] MRAA
[08:26:26] [50/459] INMH
[08:26:27] [51/459] ARMH
[08:26:28] [52/459] DVRR
[08:26:28] [53/459] SUDA
[08:26:30] [54/459] MCSS
[08:26:31] [55/459] VRKC
[08:26:32] [56/459] PRCX
[08:26:33] [57/459] ASJY
[08:26:34] [58/459] MTHY
[08:26:35] [59/459] SRCM
[08:26:35] [60/459] TVHY
[08:26:36] [61/459] STHD
[08:26:37] [62/459] CPCL
[08:26:38] [63/459] PSMJ
[08:26:39] [64/459] MRGT
[08:26:40] [65/459] ARYH
[08:26:40] [66/459] VTRB
[08:26:41] [67/459] SCHC
[08:26:42] [68/459] MRRG
[08:26:43] [69/459] SPCB
[08:26:44] [70/459] AMCM
[08:26:44] [71/459] IVNM
[08:26:45] [72/459] TRHY
[08:26:46] [73/459] PTTH
[08:26:47] [74/459] RKMH
[08:26:47] [75/459] PRCS
[08:26:48] [76/459] VAJA
[08:26:50] [77/459] BJNG
[08:26:51] [78/459] SCVM
[08:26:53] [79/459] GNHB
[08:26:54] [80/459] TLUR
[08:26:55] [81/459] UKCC
[08:26:56] [82/459] SRKR
[08:26:57] [83/459] RMKN
[08:26:57] [84/459] SLRT
[08:26:58] [85/459] LKMT
[08:26:59] [86/459] SSRJ
[08:27:00] [87/459] SPHT
[08:27:01] [88/459] ANTT
[08:27:02] [89/459] SRCH
[08:27:03] [90/459] SRCA
[08:27:04] [91/459] ARTH
[08:27:05] [92/459] MCBH
[08:27:06] [93/459] SNIB
[08:27:07] [94/459] SART
[08:27:07] [95/459] SKTA
[08:27:08] [96/459] YAKT
[08:27:09] [97/459] MLCK
[08:27:10] [98/459] ANTS
[08:27:11] [99/459] DGCA
[08:27:12] [100/459] SGMP
[08:27:13] [101/459] ASWN
[08:27:14] [102/459] KFVU
[08:27:14] [103/459] POOR
[08:27:15] [104/459] GKDN
[08:27:16] [105/459] EOSE
[08:27:17] [106/459] GTTT
[08:27:18] [107/459] ARRO
[08:27:19] [108/459] CMMK
[08:27:20] [109/459] MSCN
[08:27:20] [110/459] GDKH
[08:27:21] [111/459] DLMT
[08:27:22] [112/459] PVMF
[08:27:23] [113/459] CPCK
[08:27:24] [114/459] VMHE
[08:27:24] [115/459] PVLC
[08:27:25] [116/459] PCVB
[08:27:26] [117/459] SNYK
[08:27:27] [118/459] KTEK
[08:27:28] [119/459] PCNM
[08:27:29] [120/459] NTTR
[08:27:29] [121/459] CPSK
[08:27:30] [122/459] JMMA
[08:27:31] [123/459] GCFK
[08:27:33] [124/459] MYCA
[08:27:34] [125/459] KSNP
[08:27:34] [126/459] PMCE
[08:27:35] [127/459] SCKI
[08:27:36] [128/459] FSMA
[08:27:37] [129/459] CETA
[08:27:38] [130/459] MCIK
[08:27:39] [131/459] MYCR
[08:27:39] [132/459] EVMP
[08:27:40] [133/459] SSGT
[08:27:41] [134/459] KCTK
[08:27:42] [135/459] ZTKC
[08:27:42] [136/459] MMTA
[08:27:43] [137/459] MAJT
[08:27:44] [138/459] ACPK
[08:27:45] [139/459] JMAX
[08:27:46] [140/459] SETK
[08:27:47] [141/459] CAIS
[08:27:47] [142/459] AGCD
[08:27:49] [143/459] URCL
[08:27:49] [144/459] VTDS
[08:27:50] [145/459] JCNM
[08:27:51] [146/459] KCAM
[08:27:52] [147/459] ADCU
[08:27:53] [148/459] GXYN
[08:27:54] [149/459] SMJG
[08:27:54] [150/459] EYCJ
[08:27:55] [151/459] CCEJ
[08:27:56] [152/459] MARS
[08:27:57] [153/459] CPVJ
[08:27:58] [154/459] INVP
[08:27:58] [155/459] CPOV
[08:27:59] [156/459] VIJK
[08:28:00] [157/459] LAIM
[08:28:01] [158/459] STHV
[08:28:01] [159/459] SVLJ
[08:28:03] [160/459] ATVJ
[08:28:04] [161/459] JTSC
[08:28:05] [162/459] RMTV
[08:28:05] [163/459] MGGG
[08:28:06] [164/459] SWTH
[08:28:07] [165/459] INVJ
[08:28:08] [166/459] PRSV
[08:28:08] [167/459] JATV
[08:28:09] [168/459] RCVD
[08:28:10] [169/459] BDMA
[08:28:11] [170/459] BLJI
[08:28:12] [171/459] SWOT
[08:28:12] [172/459] SWRN
[08:28:13] [173/459] TVRA
[08:28:14] [174/459] VCSV
[08:28:15] [175/459] NVRN
[08:28:17] [176/459] SIKC
[08:28:18] [177/459] VAKR
[08:28:19] [178/459] SYLN
[08:28:19] [179/459] KLJL
[08:28:20] [180/459] LKMY
[08:28:21] [181/459] VSLY
[08:28:22] [182/459] CIKO
[08:28:22] [183/459] GPBG
[08:28:23] [184/459] CECM
[08:28:24] [185/459] SLKB
[08:28:25] [186/459] MTBO
[08:28:26] [187/459] SSHB
[08:28:26] [188/459] VPCS
[08:28:27] [189/459] RCSR
[08:28:28] [190/459] RJRM
[08:28:29] [191/459] KPPB
[08:28:30] [192/459] SEDC
[08:28:31] [193/459] SCAI
[08:28:32] [194/459] RMTR
[08:28:33] [195/459] ASST
[08:28:33] [196/459] GCAK
[08:28:34] [197/459] ANNK
[08:28:35] [198/459] KDDF
[08:28:35] [199/459] NRDP
[08:28:36] [200/459] PLAK
[08:28:37] [201/459] GCMC
[08:28:38] [202/459] ALPY
[08:28:38] [203/459] SICE
[08:28:39] [204/459] SISR
[08:28:40] [205/459] SRPZ
[08:28:41] [206/459] SRSW
[08:28:42] [207/459] SUYA
[08:28:43] [208/459] AMMT
[08:28:43] [209/459] BHCU
[08:28:44] [210/459] KLPA
[08:28:45] [211/459] NVKH
[08:28:46] [212/459] JMRC
[08:28:47] [213/459] KTTT
[08:28:48] [214/459] MAGH
[08:28:48] [215/459] MMMX
[08:28:49] [216/459] SALJ
[08:28:50] [217/459] GTJA
[08:28:51] [218/459] MAHT
[08:28:52] [219/459] SSNN
[08:28:53] [220/459] ARRP
[08:28:53] [221/459] ATNS
[08:28:54] [222/459] SKDT
[08:28:55] [223/459] ACAT
[08:28:56] [224/459] APRC
[08:28:57] [225/459] SWAG
[08:28:58] [226/459] SDPT
[08:28:59] [227/459] STPS
[08:28:59] [228/459] WWCZ
[08:29:00] [229/459] LLCH
[08:29:01] [230/459] MZHA
[08:29:02] [231/459] CRJG
[08:29:03] [232/459] JGTK
[08:29:04] [233/459] KCSR
[08:29:04] [234/459] CHTL
[08:29:05] [235/459] EDSR
[08:29:06] [236/459] CSWO
[08:29:07] [237/459] CPVM
[08:29:08] [238/459] MXBY
[08:29:09] [239/459] FMMA
[08:29:10] [240/459] POVI
[08:29:11] [241/459] MTHB
[08:29:12] [242/459] INRC
[08:29:12] [243/459] PIPP
[08:29:13] [244/459] BMXC
[08:29:14] [245/459] PCMM
[08:29:15] [246/459] PMKM
[08:29:16] [247/459] GATY
[08:29:16] [248/459] IMCM
[08:29:17] [249/459] POPE
[08:29:19] [250/459] MTCR
[08:29:20] [251/459] PVAE
[08:29:21] [252/459] PVMI
[08:29:22] [253/459] CPNM
[08:29:23] [254/459] FMRL
[08:29:24] [255/459] MCIW
[08:29:25] [256/459] MXBO
[08:29:25] [257/459] FMKY
[08:29:26] [258/459] FMDA
[08:29:27] [259/459] THAB
[08:29:28] [260/459] PRCW
[08:29:29] [261/459] PITI
[08:29:29] [262/459] MCFF
[08:29:30] [263/459] PDDV
[08:29:31] [264/459] MCRM
[08:29:32] [265/459] KKMB
[08:29:33] [266/459] INKO
[08:29:34] [267/459] PLXP
[08:29:35] [268/459] MMHA
[08:29:36] [269/459] FMVS
[08:29:36] [270/459] POLM
[08:29:37] [271/459] STER
[08:29:38] [272/459] PVWJ
[08:29:39] [273/459] IMJW
[08:29:40] [274/459] FNAN
[08:29:41] [275/459] CAGL
[08:29:41] [276/459] IPBG
[08:29:42] [277/459] SMFV
[08:29:43] [278/459] MMMR
[08:29:44] [279/459] MMWM
[08:29:45] [280/459] FNCM
[08:29:46] [281/459] MDVA
[08:29:47] [282/459] MMET
[08:29:48] [283/459] MIDO
[08:29:49] [284/459] INNP
[08:29:50] [285/459] MIFU
[08:29:51] [286/459] MMSZ
[08:29:52] [287/459] BMXA
[08:29:52] [288/459] MCAA
[08:29:53] [289/459] SCVP
[08:29:54] [290/459] PLUS
[08:29:55] [291/459] MUCK
[08:29:56] [292/459] MTMA
[08:29:57] [293/459] HPVR
[08:29:57] [294/459] PMPK
[08:29:58] [295/459] MAJB
[08:29:59] [296/459] CTRR
[08:30:00] [297/459] MCTG
[08:30:01] [298/459] MACE
[08:30:01] [299/459] AAAS
[08:30:02] [300/459] CPVV
[08:30:03] [301/459] RCHG
[08:30:04] [302/459] MCNE
[08:30:05] [303/459] EMNC
[08:30:05] [304/459] MCAN
[08:30:06] [305/459] TCDM
[08:30:07] [306/459] IRGT
[08:30:08] [307/459] GCMG
[08:30:09] [308/459] MXSN
[08:30:09] [309/459] MXCK
[08:30:10] [310/459] MCRC
[08:30:11] [311/459] RSMI
[08:30:12] [312/459] WAML
[08:30:13] [313/459] MTSC
[08:30:14] [314/459] FMDR
[08:30:16] [315/459] LEPV
[08:30:17] [316/459] MTGD
[08:30:17] [317/459] IMOB
[08:30:18] [318/459] CLMM
[08:30:19] [319/459] PZCD
[08:30:20] [320/459] GOCS
[08:30:21] [321/459] KCMA
[08:30:22] [322/459] CCMP
[08:30:23] [323/459] MTSU
[08:30:24] [324/459] SNGL
[08:30:24] [325/459] MMMC
[08:30:25] [326/459] MMAA
[08:30:26] [327/459] GCDM
[08:30:27] [328/459] KTMV
[08:30:28] [329/459] AETE
[08:30:29] [330/459] OMCS
[08:30:29] [331/459] GDCD
[08:30:30] [332/459] NYMD
[08:30:31] [333/459] RNCV
[08:30:32] [334/459] KKMT
[08:30:33] [335/459] GDTH
[08:30:33] [336/459] KMMV
[08:30:34] [337/459] NHCG
[08:30:36] [338/459] PJDW
[08:30:36] [339/459] MMCV
[08:30:37] [340/459] FQSA
[08:30:38] [341/459] KURL
[08:30:39] [342/459] NNNX
[08:30:40] [343/459] AMAU
[08:30:41] [344/459] VVVM
[08:30:42] [345/459] VECU
[08:30:43] [346/459] WCVR
[08:30:44] [347/459] MTGG
[08:30:45] [348/459] SGTG
[08:30:46] [349/459] MNTG
[08:30:47] [350/459] JDDG
[08:30:47] [351/459] MBTK
[08:30:48] [352/459] SGCD
[08:30:49] [353/459] MCTC
[08:30:50] [354/459] JTPC
[08:30:51] [355/459] SDKT
[08:30:52] [356/459] KRCC
[08:30:53] [357/459] RMMD
[08:30:54] [358/459] AAME
[08:30:55] [359/459] TMWC
[08:30:56] [360/459] NRWY
[08:30:57] [361/459] CITD
[08:30:58] [362/459] VERD
[08:30:59] [363/459] MKSK
[08:30:59] [364/459] STSM
[08:31:00] [365/459] MJDG
[08:31:01] [366/459] RKPM
[08:31:03] [367/459] SSCE
[08:31:04] [368/459] VMAE
[08:31:05] [369/459] SBRU
[08:31:06] [370/459] AMBC
[08:31:07] [371/459] AMLU
[08:31:08] [372/459] INVZ
[08:31:08] [373/459] LGTV
[08:31:10] [374/459] SVAD
[08:31:11] [375/459] SMSA
[08:31:12] [376/459] SPCZ
[08:31:13] [377/459] GTCX
[08:31:13] [378/459] SCSL
[08:31:14] [379/459] SAHU
[08:31:15] [380/459] NCDA
[08:31:16] [381/459] SCCG
[08:31:16] [382/459] VKTL
[08:31:17] [383/459] PUUJ
[08:31:18] [384/459] STEJ
[08:31:19] [385/459] RJAL
[08:31:20] [386/459] ACJC
[08:31:21] [387/459] VTHC
[08:31:21] [388/459] ARVB
[08:31:22] [389/459] AUBB
[08:31:23] [390/459] GDBR
[08:31:24] [391/459] PVND
[08:31:24] [392/459] BGRJ
[08:31:25] [393/459] RJMM
[08:31:26] [394/459] MCSA
[08:31:27] [395/459] BODA
[08:31:28] [396/459] JAGG
[08:31:28] [397/459] SCGA
[08:31:29] [398/459] LRCM
[08:31:30] [399/459] CPCN
[08:31:31] [400/459] SSTF
[08:31:32] [401/459] SRXP
[08:31:32] [402/459] CNFX
[08:31:33] [403/459] ANDI
[08:31:34] [404/459] SYEW
[08:31:35] [405/459] RCRE
[08:31:36] [406/459] SCRW
[08:31:37] [407/459] MBKR
[08:31:37] [408/459] ASNT
[08:31:38] [409/459] JTMT
[08:31:39] [410/459] SHAY
[08:31:40] [411/459] VRTH
[08:31:41] [412/459] SPTI
[08:31:42] [413/459] DPTD
[08:31:43] [414/459] TGSN
[08:31:44] [415/459] RCWV
[08:31:45] [416/459] OCUR
[08:31:46] [417/459] KSTC
[08:31:47] [418/459] SANI
[08:31:48] [419/459] MLCA
[08:31:49] [420/459] EGCA
[08:31:50] [421/459] SYSN
[08:31:52] [422/459] PKTA
[08:31:52] [423/459] PRCC
[08:31:53] [424/459] KSTR
[08:31:54] [425/459] SNTP
[08:31:55] [426/459] RCHA
[08:31:56] [427/459] SEEA
[08:31:57] [428/459] ALAT
[08:31:58] [429/459] AATV
[08:31:59] [430/459] RJTE
[08:32:00] [431/459] AAPP
[08:32:01] [432/459] PMMH
[08:32:02] [433/459] INRJ
[08:32:03] [434/459] SARB
[08:32:03] [435/459] PCJL
[08:32:04] [436/459] PFJJ
[08:32:05] [437/459] GRDC
[08:32:06] [438/459] BCBA
[08:32:07] [439/459] VIXL
[08:32:08] [440/459] CSTL
[08:32:09] [441/459] MTDK
[08:32:09] [442/459] TDAC
[08:32:10] [443/459] GTDN
[08:32:11] [444/459] TTDE
[08:32:12] [445/459] ASTS
[08:32:12] [446/459] CPNS
[08:32:13] [447/459] PVVW
[08:32:14] [448/459] USEB
[08:32:15] [449/459] DTYN
[08:32:16] [450/459] PVLE
[08:32:17] [451/459] CIPS
[08:32:17] [452/459] PAEG
[08:32:18] [453/459] PTCW
[08:32:19] [454/459] G3SR
[08:32:20] [455/459] PGND
[08:32:21] [456/459] INVM
[08:32:21] [457/459] SPIA
[08:32:22] [458/459] PCSN
[08:32:23] [459/459] PPGV
[08:32:24] 🧹 Deduping shows
[08:32:24] ✅ DONE | Shows=4447 | Movies=76
[09:30:54] 🚀 SCRIPT STARTED
[09:30:54] [1/459] FNDB
[09:30:54] 🧠 New identity created
[09:30:55] [2/459] AMBH
[09:30:57] [3/459] PRHN
[09:30:57] [4/459] ACPM
[09:30:58] [5/459] PVFS
[09:30:59] [6/459] AACN
[09:31:00] [7/459] ACAS
[09:31:01] [8/459] CTNR
[09:31:02] [9/459] MMAH
[09:31:03] [10/459] CPMH
[09:31:03] [11/459] IGMH
[09:31:04] [12/459] ABCS
[09:31:05] [13/459] CMMA
[09:31:06] [14/459] GPRH
[09:31:07] [15/459] PNNG
[09:31:07] [16/459] AMCA
[09:31:08] [17/459] ISTN
[09:31:09] [18/459] PIIC
[09:31:10] [19/459] AHMH
[09:31:11] [20/459] ASHN
[09:31:12] [21/459] INHY
[09:31:13] [22/459] SRMO
[09:31:14] [23/459] PIMH
[09:31:15] [24/459] PVTS
[09:31:15] [25/459] MMCA
[09:31:16] [26/459] AKYJ
[09:31:17] [27/459] BRKH
[09:31:18] [28/459] MAHM
[09:31:19] [29/459] CPHY
[09:31:20] [30/459] PVTP
[09:31:21] [31/459] SMMR
[09:31:21] [32/459] PVHM
[09:31:22] [33/459] SNDY
[09:31:23] [34/459] GOKU
[09:31:24] [35/459] ACEV
[09:31:25] [36/459] PVUM
[09:31:25] [37/459] VSWA
[09:31:26] [38/459] IPRS
[09:31:27] [39/459] ASGN
[09:31:28] [40/459] BKMV
[09:31:29] [41/459] PVYH
[09:31:29] [42/459] INKM
[09:31:30] [43/459] ARJU
[09:31:31] [44/459] JJPP
[09:31:32] [45/459] SSRM
[09:31:34] [46/459] HMHD
[09:31:35] [47/459] SNKH
[09:31:36] [48/459] ACHI
[09:31:37] [49/459] MRAA
[09:31:38] [50/459] INMH
[09:31:39] [51/459] ARMH
[09:31:40] [52/459] DVRR
[09:31:40] [53/459] SUDA
[09:31:41] [54/459] MCSS
[09:31:42] [55/459] VRKC
[09:31:43] [56/459] PRCX
[09:31:44] [57/459] ASJY
[09:31:44] [58/459] MTHY
[09:31:45] [59/459] SRCM
[09:31:46] [60/459] TVHY
[09:31:47] [61/459] STHD
[09:31:48] [62/459] CPCL
[09:31:49] [63/459] PSMJ
[09:31:49] [64/459] MRGT
[09:31:50] [65/459] ARYH
[09:31:51] [66/459] VTRB
[09:31:52] [67/459] SCHC
[09:31:53] [68/459] MRRG
[09:31:54] [69/459] SPCB
[09:31:55] [70/459] AMCM
[09:31:56] [71/459] IVNM
[09:31:57] [72/459] TRHY
[09:31:58] [73/459] PTTH
[09:32:00] [74/459] RKMH
[09:32:01] [75/459] PRCS
[09:32:02] [76/459] VAJA
[09:32:03] [77/459] BJNG
[09:32:04] [78/459] SCVM
[09:32:04] [79/459] GNHB
[09:32:05] [80/459] TLUR
[09:32:06] [81/459] UKCC
[09:32:07] [82/459] SRKR
[09:32:07] [83/459] RMKN
[09:32:08] [84/459] SLRT
[09:32:10] [85/459] LKMT
[09:32:11] [86/459] SSRJ
[09:32:11] [87/459] SPHT
[09:32:12] [88/459] ANTT
[09:32:13] [89/459] SRCH
[09:32:14] [90/459] SRCA
[09:32:15] [91/459] ARTH
[09:32:16] [92/459] MCBH
[09:32:16] [93/459] SNIB
[09:32:17] [94/459] SART
[09:32:18] [95/459] SKTA
[09:32:19] [96/459] YAKT
[09:32:20] [97/459] MLCK
[09:32:21] [98/459] ANTS
[09:32:22] [99/459] DGCA
[09:32:23] [100/459] SGMP
[09:32:23] [101/459] ASWN
[09:32:24] [102/459] KFVU
[09:32:25] [103/459] POOR
[09:32:26] [104/459] GKDN
[09:32:27] [105/459] EOSE
[09:32:28] [106/459] GTTT
[09:32:29] [107/459] ARRO
[09:32:30] [108/459] CMMK
[09:32:31] [109/459] MSCN
[09:32:32] [110/459] GDKH
[09:32:33] [111/459] DLMT
[09:32:34] [112/459] PVMF
[09:32:35] [113/459] CPCK
[09:32:35] [114/459] VMHE
[09:32:36] [115/459] PVLC
[09:32:37] [116/459] PCVB
[09:32:38] [117/459] SNYK
[09:32:39] [118/459] KTEK
[09:32:39] [119/459] PCNM
[09:32:40] [120/459] NTTR
[09:32:41] [121/459] CPSK
[09:32:42] [122/459] JMMA
[09:32:43] [123/459] GCFK
[09:32:43] [124/459] MYCA
[09:32:44] [125/459] KSNP
[09:32:45] [126/459] PMCE
[09:32:46] [127/459] SCKI
[09:32:47] [128/459] FSMA
[09:32:48] [129/459] CETA
[09:32:49] [130/459] MCIK
[09:32:49] [131/459] MYCR
[09:32:50] [132/459] EVMP
[09:32:51] [133/459] SSGT
[09:32:52] [134/459] KCTK
[09:32:52] [135/459] ZTKC
[09:32:53] [136/459] MMTA
[09:32:54] [137/459] MAJT
[09:32:55] [138/459] ACPK
[09:32:56] [139/459] JMAX
[09:32:57] [140/459] SETK
[09:32:58] [141/459] CAIS
[09:32:59] [142/459] AGCD
[09:32:59] [143/459] URCL
[09:33:00] [144/459] VTDS
[09:33:01] [145/459] JCNM
[09:33:02] [146/459] KCAM
[09:33:03] [147/459] ADCU
[09:33:04] [148/459] GXYN
[09:33:05] [149/459] SMJG
[09:33:05] [150/459] EYCJ
[09:33:06] [151/459] CCEJ
[09:33:07] [152/459] MARS
[09:33:08] [153/459] CPVJ
[09:33:09] [154/459] INVP
[09:33:10] [155/459] CPOV
[09:33:11] [156/459] VIJK
[09:33:12] [157/459] LAIM
[09:33:12] [158/459] STHV
[09:33:13] [159/459] SVLJ
[09:33:14] [160/459] ATVJ
[09:33:15] [161/459] JTSC
[09:33:16] [162/459] RMTV
[09:33:17] [163/459] MGGG
[09:33:17] [164/459] SWTH
[09:33:18] [165/459] INVJ
[09:33:19] [166/459] PRSV
[09:33:20] [167/459] JATV
[09:33:21] [168/459] RCVD
[09:33:22] [169/459] BDMA
[09:33:22] [170/459] BLJI
[09:33:23] [171/459] SWOT
[09:33:24] [172/459] SWRN
[09:33:25] [173/459] TVRA
[09:33:26] [174/459] VCSV
[09:33:27] [175/459] NVRN
[09:33:27] [176/459] SIKC
[09:33:28] [177/459] VAKR
[09:33:29] [178/459] SYLN
[09:33:30] [179/459] KLJL
[09:33:31] [180/459] LKMY
[09:33:32] [181/459] VSLY
[09:33:32] [182/459] CIKO
[09:33:33] [183/459] GPBG
[09:33:34] [184/459] CECM
[09:33:35] [185/459] SLKB
[09:33:35] [186/459] MTBO
[09:33:36] [187/459] SSHB
[09:33:38] [188/459] VPCS
[09:33:39] [189/459] RCSR
[09:33:39] [190/459] RJRM
[09:33:40] [191/459] KPPB
[09:33:41] [192/459] SEDC
[09:33:42] [193/459] SCAI
[09:33:43] [194/459] RMTR
[09:33:44] [195/459] ASST
[09:33:45] [196/459] GCAK
[09:33:45] [197/459] ANNK
[09:33:46] [198/459] KDDF
[09:33:47] [199/459] NRDP
[09:33:48] [200/459] PLAK
[09:33:50] [201/459] GCMC
[09:33:50] [202/459] ALPY
[09:33:51] [203/459] SICE
[09:33:52] [204/459] SISR
[09:33:53] [205/459] SRPZ
[09:33:54] [206/459] SRSW
[09:33:55] [207/459] SUYA
[09:33:55] [208/459] AMMT
[09:33:56] [209/459] BHCU
[09:33:57] [210/459] KLPA
[09:33:58] [211/459] NVKH
[09:34:00] [212/459] JMRC
[09:34:01] [213/459] KTTT
[09:34:02] [214/459] MAGH
[09:34:03] [215/459] MMMX
[09:34:04] [216/459] SALJ
[09:34:04] [217/459] GTJA
[09:34:05] [218/459] MAHT
[09:34:06] [219/459] SSNN
[09:34:07] [220/459] ARRP
[09:34:08] [221/459] ATNS
[09:34:08] [222/459] SKDT
[09:34:10] [223/459] ACAT
[09:34:11] [224/459] APRC
[09:34:11] [225/459] SWAG
[09:34:12] [226/459] SDPT
[09:34:13] [227/459] STPS
[09:34:14] [228/459] WWCZ
[09:34:15] [229/459] LLCH
[09:34:15] [230/459] MZHA
[09:34:16] [231/459] CRJG
[09:34:17] [232/459] JGTK
[09:34:18] [233/459] KCSR
[09:34:19] [234/459] CHTL
[09:34:20] [235/459] EDSR
[09:34:21] [236/459] CSWO
[09:34:22] [237/459] CPVM
[09:34:23] [238/459] MXBY
[09:34:24] [239/459] FMMA
[09:34:24] [240/459] POVI
[09:34:25] [241/459] MTHB
[09:34:26] [242/459] INRC
[09:34:27] [243/459] PIPP
[09:34:28] [244/459] BMXC
[09:34:29] [245/459] PCMM
[09:34:30] [246/459] PMKM
[09:34:31] [247/459] GATY
[09:34:32] [248/459] IMCM
[09:34:32] [249/459] POPE
[09:34:33] [250/459] MTCR
[09:34:34] [251/459] PVAE
[09:34:35] [252/459] PVMI
[09:34:36] [253/459] CPNM
[09:34:37] [254/459] FMRL
[09:34:38] [255/459] MCIW
[09:34:38] [256/459] MXBO
[09:34:39] [257/459] FMKY
[09:34:40] [258/459] FMDA
[09:34:41] [259/459] THAB
[09:34:42] [260/459] PRCW
[09:34:43] [261/459] PITI
[09:34:44] [262/459] MCFF
[09:34:45] [263/459] PDDV
[09:34:46] [264/459] MCRM
[09:34:47] [265/459] KKMB
[09:34:47] [266/459] INKO
[09:34:49] [267/459] PLXP
[09:34:49] [268/459] MMHA
[09:34:50] [269/459] FMVS
[09:34:52] [270/459] POLM
[09:34:53] [271/459] STER
[09:34:54] [272/459] PVWJ
[09:34:55] [273/459] IMJW
[09:34:55] [274/459] FNAN
[09:34:56] [275/459] CAGL
[09:34:57] [276/459] IPBG
[09:34:58] [277/459] SMFV
[09:34:59] [278/459] MMMR
[09:35:00] [279/459] MMWM
[09:35:01] [280/459] FNCM
[09:35:02] [281/459] MDVA
[09:35:03] [282/459] MMET
[09:35:04] [283/459] MIDO
[09:35:04] [284/459] INNP
[09:35:05] [285/459] MIFU
[09:35:06] [286/459] MMSZ
[09:35:07] [287/459] BMXA
[09:35:08] [288/459] MCAA
[09:35:09] [289/459] SCVP
[09:35:10] [290/459] PLUS
[09:35:11] [291/459] MUCK
[09:35:12] [292/459] MTMA
[09:35:13] [293/459] HPVR
[09:35:14] [294/459] PMPK
[09:35:14] [295/459] MAJB
[09:35:15] [296/459] CTRR
[09:35:16] [297/459] MCTG
[09:35:17] [298/459] MACE
[09:35:18] [299/459] AAAS
[09:35:19] [300/459] CPVV
[09:35:20] [301/459] RCHG
[09:35:20] [302/459] MCNE
[09:35:22] [303/459] EMNC
[09:35:23] [304/459] MCAN
[09:35:24] [305/459] TCDM
[09:35:25] [306/459] IRGT
[09:35:26] [307/459] GCMG
[09:35:27] [308/459] MXSN
[09:35:28] [309/459] MXCK
[09:35:29] [310/459] MCRC
[09:35:29] [311/459] RSMI
[09:35:31] [312/459] WAML
[09:35:33] [313/459] MTSC
[09:35:34] [314/459] FMDR
[09:35:35] [315/459] LEPV
[09:35:35] [316/459] MTGD
[09:35:36] [317/459] IMOB
[09:35:37] [318/459] CLMM
[09:35:38] [319/459] PZCD
[09:35:39] [320/459] GOCS
[09:35:40] [321/459] KCMA
[09:35:41] [322/459] CCMP
[09:35:43] [323/459] MTSU
[09:35:43] [324/459] SNGL
[09:35:44] [325/459] MMMC
[09:35:45] [326/459] MMAA
[09:35:46] [327/459] GCDM
[09:35:47] [328/459] KTMV
[09:35:48] [329/459] AETE
[09:35:49] [330/459] OMCS
[09:35:49] [331/459] GDCD
[09:35:50] [332/459] NYMD
[09:35:51] [333/459] RNCV
[09:35:52] [334/459] KKMT
[09:35:53] [335/459] GDTH
[09:35:53] [336/459] KMMV
[09:35:55] [337/459] NHCG
[09:35:56] [338/459] PJDW
[09:35:57] [339/459] MMCV
[09:35:58] [340/459] FQSA
[09:35:59] [341/459] KURL
[09:36:00] [342/459] NNNX
[09:36:01] [343/459] AMAU
[09:36:02] [344/459] VVVM
[09:36:03] [345/459] VECU
[09:36:04] [346/459] WCVR
[09:36:05] [347/459] MTGG
[09:36:06] [348/459] SGTG
[09:36:07] [349/459] MNTG
[09:36:08] [350/459] JDDG
[09:36:09] [351/459] MBTK
[09:36:10] [352/459] SGCD
[09:36:12] [353/459] MCTC
[09:36:13] [354/459] JTPC
[09:36:14] [355/459] SDKT
[09:36:14] [356/459] KRCC
[09:36:15] [357/459] RMMD
[09:36:16] [358/459] AAME
[09:36:17] [359/459] TMWC
[09:36:18] [360/459] NRWY
[09:36:20] [361/459] CITD
[09:36:21] [362/459] VERD
[09:36:22] [363/459] MKSK
[09:36:22] [364/459] STSM
[09:36:23] [365/459] MJDG
[09:36:24] [366/459] RKPM
[09:36:25] [367/459] SSCE
[09:36:26] [368/459] VMAE
[09:36:27] [369/459] SBRU
[09:36:28] [370/459] AMBC
[09:36:29] [371/459] AMLU
[09:36:30] [372/459] INVZ
[09:36:30] [373/459] LGTV
[09:36:31] [374/459] SVAD
[09:36:32] [375/459] SMSA
[09:36:33] [376/459] SPCZ
[09:36:34] [377/459] GTCX
[09:36:34] [378/459] SCSL
[09:36:35] [379/459] SAHU
[09:36:37] [380/459] NCDA
[09:36:37] [381/459] SCCG
[09:36:38] [382/459] VKTL
[09:36:39] [383/459] PUUJ
[09:36:40] [384/459] STEJ
[09:36:41] [385/459] RJAL
[09:36:42] [386/459] ACJC
[09:36:42] [387/459] VTHC
[09:36:43] [388/459] ARVB
[09:36:44] [389/459] AUBB
[09:36:45] [390/459] GDBR
[09:36:47] [391/459] PVND
[09:36:47] [392/459] BGRJ
[09:36:49] [393/459] RJMM
[09:36:50] [394/459] MCSA
[09:36:51] [395/459] BODA
[09:36:52] [396/459] JAGG
[09:36:53] [397/459] SCGA
[09:36:54] [398/459] LRCM
[09:36:55] [399/459] CPCN
[09:36:55] [400/459] SSTF
[09:36:56] [401/459] SRXP
[09:36:57] [402/459] CNFX
[09:36:58] [403/459] ANDI
[09:36:59] [404/459] SYEW
[09:37:00] [405/459] RCRE
[09:37:01] [406/459] SCRW
[09:37:02] [407/459] MBKR
[09:37:03] [408/459] ASNT
[09:37:04] [409/459] JTMT
[09:37:04] [410/459] SHAY
[09:37:06] [411/459] VRTH
[09:37:07] [412/459] SPTI
[09:37:08] [413/459] DPTD
[09:37:08] [414/459] TGSN
[09:37:10] [415/459] RCWV
[09:37:10] [416/459] OCUR
[09:37:11] [417/459] KSTC
[09:37:12] [418/459] SANI
[09:37:13] [419/459] MLCA
[09:37:13] [420/459] EGCA
[09:37:14] [421/459] SYSN
[09:37:15] [422/459] PKTA
[09:37:16] [423/459] PRCC
[09:37:17] [424/459] KSTR
[09:37:18] [425/459] SNTP
[09:37:19] [426/459] RCHA
[09:37:20] [427/459] SEEA
[09:37:21] [428/459] ALAT
[09:37:21] [429/459] AATV
[09:37:22] [430/459] RJTE
[09:37:23] [431/459] AAPP
[09:37:24] [432/459] PMMH
[09:37:25] [433/459] INRJ
[09:37:25] [434/459] SARB
[09:37:26] [435/459] PCJL
[09:37:27] [436/459] PFJJ
[09:37:28] [437/459] GRDC
[09:37:28] [438/459] BCBA
[09:37:29] [439/459] VIXL
[09:37:30] [440/459] CSTL
[09:37:31] [441/459] MTDK
[09:37:32] [442/459] TDAC
[09:37:33] [443/459] GTDN
[09:37:33] [444/459] TTDE
[09:37:34] [445/459] ASTS
[09:37:36] [446/459] CPNS
[09:37:37] [447/459] PVVW
[09:37:38] [448/459] USEB
[09:37:39] [449/459] DTYN
[09:37:40] [450/459] PVLE
[09:37:41] [451/459] CIPS
[09:37:42] [452/459] PAEG
[09:37:43] [453/459] PTCW
[09:37:45] [454/459] G3SR
[09:37:45] [455/459] PGND
[09:37:46] [456/459] INVM
[09:37:47] [457/459] SPIA
[09:37:48] [458/459] PCSN
[09:37:49] [459/459] PPGV
[09:37:49] 🧹 Deduping shows
[09:37:49] ✅ DONE | Shows=4449 | Movies=77
[10:47:28] 🚀 SCRIPT STARTED
[10:47:28] [1/459] FNDB
[10:47:28] 🧠 New identity created
[10:47:28] [2/459] AMBH
[10:47:29] [3/459] PRHN
[10:47:30] [4/459] ACPM
[10:47:31] [5/459] PVFS
[10:47:32] [6/459] AACN
[10:47:33] [7/459] ACAS
[10:47:33] [8/459] CTNR
[10:47:34] [9/459] MMAH
[10:47:35] [10/459] CPMH
[10:47:36] [11/459] IGMH
[10:47:37] [12/459] ABCS
[10:47:38] [13/459] CMMA
[10:47:39] [14/459] GPRH
[10:47:40] [15/459] PNNG
[10:47:41] [16/459] AMCA
[10:47:41] [17/459] ISTN
[10:47:42] [18/459] PIIC
[10:47:43] [19/459] AHMH
[10:47:44] [20/459] ASHN
[10:47:45] [21/459] INHY
[10:47:46] [22/459] SRMO
[10:47:47] [23/459] PIMH
[10:47:48] [24/459] PVTS
[10:47:49] [25/459] MMCA
[10:47:49] [26/459] AKYJ
[10:47:50] [27/459] BRKH
[10:47:51] [28/459] MAHM
[10:47:52] [29/459] CPHY
[10:47:53] [30/459] PVTP
[10:47:54] [31/459] SMMR
[10:47:55] [32/459] PVHM
[10:47:56] [33/459] SNDY
[10:47:56] [34/459] GOKU
[10:47:57] [35/459] ACEV
[10:47:58] [36/459] PVUM
[10:47:59] [37/459] VSWA
[10:48:00] [38/459] IPRS
[10:48:01] [39/459] ASGN
[10:48:02] [40/459] BKMV
[10:48:03] [41/459] PVYH
[10:48:04] [42/459] INKM
[10:48:05] [43/459] ARJU
[10:48:05] [44/459] JJPP
[10:48:06] [45/459] SSRM
[10:48:07] [46/459] HMHD
[10:48:08] [47/459] SNKH
[10:48:09] [48/459] ACHI
[10:48:09] [49/459] MRAA
[10:48:10] [50/459] INMH
[10:48:11] [51/459] ARMH
[10:48:13] [52/459] DVRR
[10:48:13] [53/459] SUDA
[10:48:14] [54/459] MCSS
[10:48:15] [55/459] VRKC
[10:48:16] [56/459] PRCX
[10:48:17] [57/459] ASJY
[10:48:17] [58/459] MTHY
[10:48:18] [59/459] SRCM
[10:48:19] [60/459] TVHY
[10:48:20] [61/459] STHD
[10:48:21] [62/459] CPCL
[10:48:22] [63/459] PSMJ
[10:48:23] [64/459] MRGT
[10:48:24] [65/459] ARYH
[10:48:24] [66/459] VTRB
[10:48:25] [67/459] SCHC
[10:48:26] [68/459] MRRG
[10:48:27] [69/459] SPCB
[10:48:28] [70/459] AMCM
[10:48:28] [71/459] IVNM
[10:48:29] [72/459] TRHY
[10:48:30] [73/459] PTTH
[10:48:31] [74/459] RKMH
[10:48:32] [75/459] PRCS
[10:48:32] [76/459] VAJA
[10:48:33] [77/459] BJNG
[10:48:34] [78/459] SCVM
[10:48:35] [79/459] GNHB
[10:48:36] [80/459] TLUR
[10:48:37] [81/459] UKCC
[10:48:37] [82/459] SRKR
[10:48:38] [83/459] RMKN
[10:48:39] [84/459] SLRT
[10:48:40] [85/459] LKMT
[10:48:40] [86/459] SSRJ
[10:48:41] [87/459] SPHT
[10:48:43] [88/459] ANTT
[10:48:43] [89/459] SRCH
[10:48:44] [90/459] SRCA
[10:48:45] [91/459] ARTH
[10:48:46] [92/459] MCBH
[10:48:47] [93/459] SNIB
[10:48:48] [94/459] SART
[10:48:49] [95/459] SKTA
[10:48:50] [96/459] YAKT
[10:48:50] [97/459] MLCK
[10:48:51] [98/459] ANTS
[10:48:52] [99/459] DGCA
[10:48:52] [100/459] SGMP
[10:48:53] [101/459] ASWN
[10:48:54] [102/459] KFVU
[10:48:55] [103/459] POOR
[10:48:57] [104/459] GKDN
[10:48:57] [105/459] EOSE
[10:48:59] [106/459] GTTT
[10:49:00] [107/459] ARRO
[10:49:01] [108/459] CMMK
[10:49:01] [109/459] MSCN
[10:49:02] [110/459] GDKH
[10:49:03] [111/459] DLMT
[10:49:04] [112/459] PVMF
[10:49:05] [113/459] CPCK
[10:49:07] [114/459] VMHE
[10:49:07] [115/459] PVLC
[10:49:08] [116/459] PCVB
[10:49:09] [117/459] SNYK
[10:49:10] [118/459] KTEK
[10:49:11] [119/459] PCNM
[10:49:12] [120/459] NTTR
[10:49:12] [121/459] CPSK
[10:49:13] [122/459] JMMA
[10:49:15] [123/459] GCFK
[10:49:16] [124/459] MYCA
[10:49:17] [125/459] KSNP
[10:49:18] [126/459] PMCE
[10:49:20] [127/459] SCKI
[10:49:20] [128/459] FSMA
[10:49:21] [129/459] CETA
[10:49:22] [130/459] MCIK
[10:49:23] [131/459] MYCR
[10:49:23] [132/459] EVMP
[10:49:24] [133/459] SSGT
[10:49:26] [134/459] KCTK
[10:49:26] [135/459] ZTKC
[10:49:27] [136/459] MMTA
[10:49:28] [137/459] MAJT
[10:49:29] [138/459] ACPK
[10:49:29] [139/459] JMAX
[10:49:30] [140/459] SETK
[10:49:31] [141/459] CAIS
[10:49:32] [142/459] AGCD
[10:49:33] [143/459] URCL
[10:49:33] [144/459] VTDS
[10:49:34] [145/459] JCNM
[10:49:36] [146/459] KCAM
[10:49:37] [147/459] ADCU
[10:49:37] [148/459] GXYN
[10:49:38] [149/459] SMJG
[10:49:39] [150/459] EYCJ
[10:49:40] [151/459] CCEJ
[10:49:40] [152/459] MARS
[10:49:41] [153/459] CPVJ
[10:49:43] [154/459] INVP
[10:49:44] [155/459] CPOV
[10:49:45] [156/459] VIJK
[10:49:46] [157/459] LAIM
[10:49:46] [158/459] STHV
[10:49:47] [159/459] SVLJ
[10:49:49] [160/459] ATVJ
[10:49:50] [161/459] JTSC
[10:49:50] [162/459] RMTV
[10:49:51] [163/459] MGGG
[10:49:53] [164/459] SWTH
[10:49:54] [165/459] INVJ
[10:49:54] [166/459] PRSV
[10:49:55] [167/459] JATV
[10:49:56] [168/459] RCVD
[10:49:57] [169/459] BDMA
[10:49:57] [170/459] BLJI
[10:49:58] [171/459] SWOT
[10:49:59] [172/459] SWRN
[10:50:00] [173/459] TVRA
[10:50:00] [174/459] VCSV
[10:50:01] [175/459] NVRN
[10:50:02] [176/459] SIKC
[10:50:03] [177/459] VAKR
[10:50:04] [178/459] SYLN
[10:50:05] [179/459] KLJL
[10:50:05] [180/459] LKMY
[10:50:06] [181/459] VSLY
[10:50:07] [182/459] CIKO
[10:50:08] [183/459] GPBG
[10:50:09] [184/459] CECM
[10:50:10] [185/459] SLKB
[10:50:11] [186/459] MTBO
[10:50:11] [187/459] SSHB
[10:50:13] [188/459] VPCS
[10:50:14] [189/459] RCSR
[10:50:15] [190/459] RJRM
[10:50:15] [191/459] KPPB
[10:50:16] [192/459] SEDC
[10:50:18] [193/459] SCAI
[10:50:19] [194/459] RMTR
[10:50:19] [195/459] ASST
[10:50:20] [196/459] GCAK
[10:50:21] [197/459] ANNK
[10:50:22] [198/459] KDDF
[10:50:23] [199/459] NRDP
[10:50:24] [200/459] PLAK
[10:50:25] [201/459] GCMC
[10:50:26] [202/459] ALPY
[10:50:26] [203/459] SICE
[10:50:27] [204/459] SISR
[10:50:28] [205/459] SRPZ
[10:50:29] [206/459] SRSW
[10:50:29] [207/459] SUYA
[10:50:30] [208/459] AMMT
[10:50:31] [209/459] BHCU
[10:50:32] [210/459] KLPA
[10:50:33] [211/459] NVKH
[10:50:34] [212/459] JMRC
[10:50:35] [213/459] KTTT
[10:50:36] [214/459] MAGH
[10:50:36] [215/459] MMMX
[10:50:37] [216/459] SALJ
[10:50:38] [217/459] GTJA
[10:50:39] [218/459] MAHT
[10:50:39] [219/459] SSNN
[10:50:40] [220/459] ARRP
[10:50:41] [221/459] ATNS
[10:50:42] [222/459] SKDT
[10:50:43] [223/459] ACAT
[10:50:44] [224/459] APRC
[10:50:45] [225/459] SWAG
[10:50:46] [226/459] SDPT
[10:50:46] [227/459] STPS
[10:50:47] [228/459] WWCZ
[10:50:48] [229/459] LLCH
[10:50:49] [230/459] MZHA
[10:50:50] [231/459] CRJG
[10:50:51] [232/459] JGTK
[10:50:52] [233/459] KCSR
[10:50:52] [234/459] CHTL
[10:50:53] [235/459] EDSR
[10:50:54] [236/459] CSWO
[10:50:54] [237/459] CPVM
[10:50:55] [238/459] MXBY
[10:50:56] [239/459] FMMA
[10:50:57] [240/459] POVI
[10:50:57] [241/459] MTHB
[10:50:59] [242/459] INRC
[10:50:59] [243/459] PIPP
[10:51:00] [244/459] BMXC
[10:51:01] [245/459] PCMM
[10:51:02] [246/459] PMKM
[10:51:03] [247/459] GATY
[10:51:04] [248/459] IMCM
[10:51:05] [249/459] POPE
[10:51:06] [250/459] MTCR
[10:51:07] [251/459] PVAE
[10:51:08] [252/459] PVMI
[10:51:09] [253/459] CPNM
[10:51:10] [254/459] FMRL
[10:51:11] [255/459] MCIW
[10:51:12] [256/459] MXBO
[10:51:13] [257/459] FMKY
[10:51:13] [258/459] FMDA
[10:51:14] [259/459] THAB
[10:51:15] [260/459] PRCW
[10:51:16] [261/459] PITI
[10:51:17] [262/459] MCFF
[10:51:18] [263/459] PDDV
[10:51:20] [264/459] MCRM
[10:51:20] [265/459] KKMB
[10:51:21] [266/459] INKO
[10:51:22] [267/459] PLXP
[10:51:23] [268/459] MMHA
[10:51:24] [269/459] FMVS
[10:51:25] [270/459] POLM
[10:51:26] [271/459] STER
[10:51:27] [272/459] PVWJ
[10:51:27] [273/459] IMJW
[10:51:28] [274/459] FNAN
[10:51:29] [275/459] CAGL
[10:51:30] [276/459] IPBG
[10:51:31] [277/459] SMFV
[10:51:32] [278/459] MMMR
[10:51:33] [279/459] MMWM
[10:51:34] [280/459] FNCM
[10:51:35] [281/459] MDVA
[10:51:36] [282/459] MMET
[10:51:37] [283/459] MIDO
[10:51:37] [284/459] INNP
[10:51:38] [285/459] MIFU
[10:51:39] [286/459] MMSZ
[10:51:40] [287/459] BMXA
[10:51:40] [288/459] MCAA
[10:51:41] [289/459] SCVP
[10:51:42] [290/459] PLUS
[10:51:43] [291/459] MUCK
[10:51:44] [292/459] MTMA
[10:51:45] [293/459] HPVR
[10:51:46] [294/459] PMPK
[10:51:46] [295/459] MAJB
[10:51:47] [296/459] CTRR
[10:51:48] [297/459] MCTG
[10:51:49] [298/459] MACE
[10:51:50] [299/459] AAAS
[10:51:50] [300/459] CPVV
[10:51:51] [301/459] RCHG
[10:51:52] [302/459] MCNE
[10:51:53] [303/459] EMNC
[10:51:53] [304/459] MCAN
[10:51:55] [305/459] TCDM
[10:51:56] [306/459] IRGT
[10:51:57] [307/459] GCMG
[10:51:58] [308/459] MXSN
[10:51:59] [309/459] MXCK
[10:51:59] [310/459] MCRC
[10:52:00] [311/459] RSMI
[10:52:01] [312/459] WAML
[10:52:02] [313/459] MTSC
[10:52:02] [314/459] FMDR
[10:52:03] [315/459] LEPV
[10:52:04] [316/459] MTGD
[10:52:06] [317/459] IMOB
[10:52:07] [318/459] CLMM
[10:52:07] [319/459] PZCD
[10:52:08] [320/459] GOCS
[10:52:09] [321/459] KCMA
[10:52:09] [322/459] CCMP
[10:52:10] [323/459] MTSU
[10:52:11] [324/459] SNGL
[10:52:12] [325/459] MMMC
[10:52:13] [326/459] MMAA
[10:52:15] [327/459] GCDM
[10:52:16] [328/459] KTMV
[10:52:17] [329/459] AETE
[10:52:17] [330/459] OMCS
[10:52:18] [331/459] GDCD
[10:52:19] [332/459] NYMD
[10:52:20] [333/459] RNCV
[10:52:21] [334/459] KKMT
[10:52:22] [335/459] GDTH
[10:52:22] [336/459] KMMV
[10:52:23] [337/459] NHCG
[10:52:25] [338/459] PJDW
[10:52:26] [339/459] MMCV
[10:52:27] [340/459] FQSA
[10:52:28] [341/459] KURL
[10:52:30] [342/459] NNNX
[10:52:31] [343/459] AMAU
[10:52:32] [344/459] VVVM
[10:52:33] [345/459] VECU
[10:52:34] [346/459] WCVR
[10:52:35] [347/459] MTGG
[10:52:36] [348/459] SGTG
[10:52:37] [349/459] MNTG
[10:52:38] [350/459] JDDG
[10:52:38] [351/459] MBTK
[10:52:39] [352/459] SGCD
[10:52:40] [353/459] MCTC
[10:52:41] [354/459] JTPC
[10:52:41] [355/459] SDKT
[10:52:42] [356/459] KRCC
[10:52:43] [357/459] RMMD
[10:52:44] [358/459] AAME
[10:52:45] [359/459] TMWC
[10:52:46] [360/459] NRWY
[10:52:47] [361/459] CITD
[10:52:48] [362/459] VERD
[10:52:49] [363/459] MKSK
[10:52:50] [364/459] STSM
[10:52:51] [365/459] MJDG
[10:52:52] [366/459] RKPM
[10:52:53] [367/459] SSCE
[10:52:54] [368/459] VMAE
[10:52:55] [369/459] SBRU
[10:52:55] [370/459] AMBC
[10:52:56] [371/459] AMLU
[10:52:57] [372/459] INVZ
[10:52:58] [373/459] LGTV
[10:52:58] [374/459] SVAD
[10:52:59] [375/459] SMSA
[10:53:00] [376/459] SPCZ
[10:53:01] [377/459] GTCX
[10:53:02] [378/459] SCSL
[10:53:04] [379/459] SAHU
[10:53:04] [380/459] NCDA
[10:53:05] [381/459] SCCG
[10:53:06] [382/459] VKTL
[10:53:07] [383/459] PUUJ
[10:53:08] [384/459] STEJ
[10:53:09] [385/459] RJAL
[10:53:09] [386/459] ACJC
[10:53:10] [387/459] VTHC
[10:53:11] [388/459] ARVB
[10:53:12] [389/459] AUBB
[10:53:12] [390/459] GDBR
[10:53:13] [391/459] PVND
[10:53:14] [392/459] BGRJ
[10:53:15] [393/459] RJMM
[10:53:16] [394/459] MCSA
[10:53:16] [395/459] BODA
[10:53:17] [396/459] JAGG
[10:53:18] [397/459] SCGA
[10:53:18] [398/459] LRCM
[10:53:19] [399/459] CPCN
[10:53:21] [400/459] SSTF
[10:53:22] [401/459] SRXP
[10:53:23] [402/459] CNFX
[10:53:24] [403/459] ANDI
[10:53:25] [404/459] SYEW
[10:53:26] [405/459] RCRE
[10:53:27] [406/459] SCRW
[10:53:28] [407/459] MBKR
[10:53:29] [408/459] ASNT
[10:53:30] [409/459] JTMT
[10:53:30] [410/459] SHAY
[10:53:31] [411/459] VRTH
[10:53:32] [412/459] SPTI
[10:53:33] [413/459] DPTD
[10:53:33] [414/459] TGSN
[10:53:34] [415/459] RCWV
[10:53:35] [416/459] OCUR
[10:53:36] [417/459] KSTC
[10:53:37] [418/459] SANI
[10:53:38] [419/459] MLCA
[10:53:38] [420/459] EGCA
[10:53:39] [421/459] SYSN
[10:53:40] [422/459] PKTA
[10:53:41] [423/459] PRCC
[10:53:42] [424/459] KSTR
[10:53:42] [425/459] SNTP
[10:53:43] [426/459] RCHA
[10:53:44] [427/459] SEEA
[10:53:45] [428/459] ALAT
[10:53:46] [429/459] AATV
[10:53:47] [430/459] RJTE
[10:53:48] [431/459] AAPP
[10:53:49] [432/459] PMMH
[10:53:49] [433/459] INRJ
[10:53:50] [434/459] SARB
[10:53:51] [435/459] PCJL
[10:53:52] [436/459] PFJJ
[10:53:53] [437/459] GRDC
[10:53:53] [438/459] BCBA
[10:53:54] [439/459] VIXL
[10:53:55] [440/459] CSTL
[10:53:56] [441/459] MTDK
[10:53:57] [442/459] TDAC
[10:53:58] [443/459] GTDN
[10:53:59] [444/459] TTDE
[10:54:00] [445/459] ASTS
[10:54:01] [446/459] CPNS
[10:54:02] [447/459] PVVW
[10:54:03] [448/459] USEB
[10:54:03] [449/459] DTYN
[10:54:04] [450/459] PVLE
[10:54:05] [451/459] CIPS
[10:54:06] [452/459] PAEG
[10:54:07] [453/459] PTCW
[10:54:07] [454/459] G3SR
[10:54:08] [455/459] PGND
[10:54:09] [456/459] INVM
[10:54:10] [457/459] SPIA
[10:54:11] [458/459] PCSN
[10:54:11] [459/459] PPGV
[10:54:12] 🧹 Deduping shows
[10:54:12] ✅ DONE | Shows=4470 | Movies=77
[12:47:00] 🚀 SCRIPT STARTED
[12:47:00] [1/459] FNDB
[12:47:00] 🧠 New identity created
[12:47:01] [2/459] AMBH
[12:47:02] [3/459] PRHN
[12:47:03] [4/459] ACPM
[12:47:04] [5/459] PVFS
[12:47:06] [6/459] AACN
[12:47:07] [7/459] ACAS
[12:47:08] [8/459] CTNR
[12:47:10] [9/459] MMAH
[12:47:10] [10/459] CPMH
[12:47:11] [11/459] IGMH
[12:47:12] [12/459] ABCS
[12:47:13] [13/459] CMMA
[12:47:14] [14/459] GPRH
[12:47:15] [15/459] PNNG
[12:47:16] [16/459] AMCA
[12:47:17] [17/459] ISTN
[12:47:17] [18/459] PIIC
[12:47:18] [19/459] AHMH
[12:47:19] [20/459] ASHN
[12:47:20] [21/459] INHY
[12:47:21] [22/459] SRMO
[12:47:22] [23/459] PIMH
[12:47:23] [24/459] PVTS
[12:47:24] [25/459] MMCA
[12:47:25] [26/459] AKYJ
[12:47:26] [27/459] BRKH
[12:47:27] [28/459] MAHM
[12:47:27] [29/459] CPHY
[12:47:28] [30/459] PVTP
[12:47:29] [31/459] SMMR
[12:47:31] [32/459] PVHM
[12:47:33] [33/459] SNDY
[12:47:34] [34/459] GOKU
[12:47:35] [35/459] ACEV
[12:47:36] [36/459] PVUM
[12:47:36] [37/459] VSWA
[12:47:38] [38/459] IPRS
[12:47:39] [39/459] ASGN
[12:47:40] [40/459] BKMV
[12:47:41] [41/459] PVYH
[12:47:42] [42/459] INKM
[12:47:43] [43/459] ARJU
[12:47:44] [44/459] JJPP
[12:47:45] [45/459] SSRM
[12:47:46] [46/459] HMHD
[12:47:46] [47/459] SNKH
[12:47:47] [48/459] ACHI
[12:47:48] [49/459] MRAA
[12:47:49] [50/459] INMH
[12:47:50] [51/459] ARMH
[12:47:51] [52/459] DVRR
[12:47:52] [53/459] SUDA
[12:47:52] [54/459] MCSS
[12:47:53] [55/459] VRKC
[12:47:54] [56/459] PRCX
[12:47:55] [57/459] ASJY
[12:47:56] [58/459] MTHY
[12:47:56] [59/459] SRCM
[12:47:57] [60/459] TVHY
[12:47:58] [61/459] STHD
[12:47:59] [62/459] CPCL
[12:48:00] [63/459] PSMJ
[12:48:01] [64/459] MRGT
[12:48:02] [65/459] ARYH
[12:48:02] [66/459] VTRB
[12:48:03] [67/459] SCHC
[12:48:04] [68/459] MRRG
[12:48:05] [69/459] SPCB
[12:48:06] [70/459] AMCM
[12:48:07] [71/459] IVNM
[12:48:08] [72/459] TRHY
[12:48:09] [73/459] PTTH
[12:48:10] [74/459] RKMH
[12:48:11] [75/459] PRCS
[12:48:12] [76/459] VAJA
[12:48:12] [77/459] BJNG
[12:48:13] [78/459] SCVM
[12:48:14] [79/459] GNHB
[12:48:15] [80/459] TLUR
[12:48:16] [81/459] UKCC
[12:48:17] [82/459] SRKR
[12:48:18] [83/459] RMKN
[12:48:19] [84/459] SLRT
[12:48:20] [85/459] LKMT
[12:48:21] [86/459] SSRJ
[12:48:21] [87/459] SPHT
[12:48:22] [88/459] ANTT
[12:48:23] [89/459] SRCH
[12:48:24] [90/459] SRCA
[12:48:25] [91/459] ARTH
[12:48:26] [92/459] MCBH
[12:48:27] [93/459] SNIB
[12:48:28] [94/459] SART
[12:48:28] [95/459] SKTA
[12:48:29] [96/459] YAKT
[12:48:30] [97/459] MLCK
[12:48:31] [98/459] ANTS
[12:48:32] [99/459] DGCA
[12:48:33] [100/459] SGMP
[12:48:33] [101/459] ASWN
[12:48:34] [102/459] KFVU
[12:48:35] [103/459] POOR
[12:48:36] [104/459] GKDN
[12:48:37] [105/459] EOSE
[12:48:38] [106/459] GTTT
[12:48:38] [107/459] ARRO
[12:48:39] [108/459] CMMK
[12:48:40] [109/459] MSCN
[12:48:41] [110/459] GDKH
[12:48:42] [111/459] DLMT
[12:48:43] [112/459] PVMF
[12:48:43] [113/459] CPCK
[12:48:44] [114/459] VMHE
[12:48:45] [115/459] PVLC
[12:48:46] [116/459] PCVB
[12:48:47] [117/459] SNYK
[12:48:48] [118/459] KTEK
[12:48:49] [119/459] PCNM
[12:48:50] [120/459] NTTR
[12:48:51] [121/459] CPSK
[12:48:51] [122/459] JMMA
[12:48:53] [123/459] GCFK
[12:48:55] [124/459] MYCA
[12:48:56] [125/459] KSNP
[12:48:57] [126/459] PMCE
[12:48:58] [127/459] SCKI
[12:48:59] [128/459] FSMA
[12:48:59] [129/459] CETA
[12:49:00] [130/459] MCIK
[12:49:02] [131/459] MYCR
[12:49:03] [132/459] EVMP
[12:49:03] [133/459] SSGT
[12:49:04] [134/459] KCTK
[12:49:05] [135/459] ZTKC
[12:49:06] [136/459] MMTA
[12:49:07] [137/459] MAJT
[12:49:08] [138/459] ACPK
[12:49:08] [139/459] JMAX
[12:49:09] [140/459] SETK
[12:49:10] [141/459] CAIS
[12:49:11] [142/459] AGCD
[12:49:12] [143/459] URCL
[12:49:13] [144/459] VTDS
[12:49:14] [145/459] JCNM
[12:49:15] [146/459] KCAM
[12:49:16] [147/459] ADCU
[12:49:16] [148/459] GXYN
[12:49:17] [149/459] SMJG
[12:49:18] [150/459] EYCJ
[12:49:19] [151/459] CCEJ
[12:49:20] [152/459] MARS
[12:49:21] [153/459] CPVJ
[12:49:22] [154/459] INVP
[12:49:23] [155/459] CPOV
[12:49:23] [156/459] VIJK
[12:49:24] [157/459] LAIM
[12:49:25] [158/459] STHV
[12:49:26] [159/459] SVLJ
[12:49:28] [160/459] ATVJ
[12:49:29] [161/459] JTSC
[12:49:29] [162/459] RMTV
[12:49:30] [163/459] MGGG
[12:49:31] [164/459] SWTH
[12:49:32] [165/459] INVJ
[12:49:34] [166/459] PRSV
[12:49:34] [167/459] JATV
[12:49:35] [168/459] RCVD
[12:49:36] [169/459] BDMA
[12:49:37] [170/459] BLJI
[12:49:38] [171/459] SWOT
[12:49:39] [172/459] SWRN
[12:49:39] [173/459] TVRA
[12:49:40] [174/459] VCSV
[12:49:41] [175/459] NVRN
[12:49:42] [176/459] SIKC
[12:49:43] [177/459] VAKR
[12:49:44] [178/459] SYLN
[12:49:45] [179/459] KLJL
[12:49:45] [180/459] LKMY
[12:49:47] [181/459] VSLY
[12:49:49] [182/459] CIKO
[12:49:50] [183/459] GPBG
[12:49:50] [184/459] CECM
[12:49:51] [185/459] SLKB
[12:49:53] [186/459] MTBO
[12:49:54] [187/459] SSHB
[12:49:55] [188/459] VPCS
[12:49:56] [189/459] RCSR
[12:49:57] [190/459] RJRM
[12:49:58] [191/459] KPPB
[12:49:59] [192/459] SEDC
[12:50:00] [193/459] SCAI
[12:50:00] [194/459] RMTR
[12:50:01] [195/459] ASST
[12:50:02] [196/459] GCAK
[12:50:02] [197/459] ANNK
[12:50:03] [198/459] KDDF
[12:50:04] [199/459] NRDP
[12:50:05] [200/459] PLAK
[12:50:06] [201/459] GCMC
[12:50:07] [202/459] ALPY
[12:50:08] [203/459] SICE
[12:50:09] [204/459] SISR
[12:50:09] [205/459] SRPZ
[12:50:10] [206/459] SRSW
[12:50:11] [207/459] SUYA
[12:50:12] [208/459] AMMT
[12:50:13] [209/459] BHCU
[12:50:13] [210/459] KLPA
[12:50:14] [211/459] NVKH
[12:50:15] [212/459] JMRC
[12:50:16] [213/459] KTTT
[12:50:17] [214/459] MAGH
[12:50:18] [215/459] MMMX
[12:50:19] [216/459] SALJ
[12:50:20] [217/459] GTJA
[12:50:21] [218/459] MAHT
[12:50:22] [219/459] SSNN
[12:50:23] [220/459] ARRP
[12:50:23] [221/459] ATNS
[12:50:24] [222/459] SKDT
[12:50:25] [223/459] ACAT
[12:50:27] [224/459] APRC
[12:50:28] [225/459] SWAG
[12:50:29] [226/459] SDPT
[12:50:30] [227/459] STPS
[12:50:31] [228/459] WWCZ
[12:50:32] [229/459] LLCH
[12:50:33] [230/459] MZHA
[12:50:34] [231/459] CRJG
[12:50:34] [232/459] JGTK
[12:50:35] [233/459] KCSR
[12:50:37] [234/459] CHTL
[12:50:37] [235/459] EDSR
[12:50:38] [236/459] CSWO
[12:50:39] [237/459] CPVM
[12:50:40] [238/459] MXBY
[12:50:41] [239/459] FMMA
[12:50:42] [240/459] POVI
[12:50:43] [241/459] MTHB
[12:50:44] [242/459] INRC
[12:50:45] [243/459] PIPP
[12:50:46] [244/459] BMXC
[12:50:47] [245/459] PCMM
[12:50:49] [246/459] PMKM
[12:50:51] [247/459] GATY
[12:50:51] [248/459] IMCM
[12:50:52] [249/459] POPE
[12:50:53] [250/459] MTCR
[12:50:54] [251/459] PVAE
[12:50:55] [252/459] PVMI
[12:50:56] [253/459] CPNM
[12:50:59] [254/459] FMRL
[12:50:59] [255/459] MCIW
[12:51:00] [256/459] MXBO
[12:51:01] [257/459] FMKY
[12:51:02] [258/459] FMDA
[12:51:03] [259/459] THAB
[12:51:04] [260/459] PRCW
[12:51:04] [261/459] PITI
[12:51:05] [262/459] MCFF
[12:51:06] [263/459] PDDV
[12:51:07] [264/459] MCRM
[12:51:09] [265/459] KKMB
[12:51:09] [266/459] INKO
[12:51:10] [267/459] PLXP
[12:51:11] [268/459] MMHA
[12:51:12] [269/459] FMVS
[12:51:13] [270/459] POLM
[12:51:13] [271/459] STER
[12:51:14] [272/459] PVWJ
[12:51:15] [273/459] IMJW
[12:51:16] [274/459] FNAN
[12:51:17] [275/459] CAGL
[12:51:17] [276/459] IPBG
[12:51:18] [277/459] SMFV
[12:51:19] [278/459] MMMR
[12:51:21] [279/459] MMWM
[12:51:22] [280/459] FNCM
[12:51:23] [281/459] MDVA
[12:51:23] [282/459] MMET
[12:51:24] [283/459] MIDO
[12:51:25] [284/459] INNP
[12:51:26] [285/459] MIFU
[12:51:26] [286/459] MMSZ
[12:51:27] [287/459] BMXA
[12:51:28] [288/459] MCAA
[12:51:29] [289/459] SCVP
[12:51:30] [290/459] PLUS
[12:51:31] [291/459] MUCK
[12:51:32] [292/459] MTMA
[12:51:33] [293/459] HPVR
[12:51:34] [294/459] PMPK
[12:51:35] [295/459] MAJB
[12:51:36] [296/459] CTRR
[12:51:37] [297/459] MCTG
[12:51:38] [298/459] MACE
[12:51:39] [299/459] AAAS
[12:51:40] [300/459] CPVV
[12:51:41] [301/459] RCHG
[12:51:43] [302/459] MCNE
[12:51:44] [303/459] EMNC
[12:51:45] [304/459] MCAN
[12:51:45] [305/459] TCDM
[12:51:46] [306/459] IRGT
[12:51:47] [307/459] GCMG
[12:51:48] [308/459] MXSN
[12:51:49] [309/459] MXCK
[12:51:50] [310/459] MCRC
[12:51:50] [311/459] RSMI
[12:51:52] [312/459] WAML
[12:51:53] [313/459] MTSC
[12:51:53] [314/459] FMDR
[12:51:54] [315/459] LEPV
[12:51:55] [316/459] MTGD
[12:51:56] [317/459] IMOB
[12:51:57] [318/459] CLMM
[12:51:58] [319/459] PZCD
[12:51:59] [320/459] GOCS
[12:52:00] [321/459] KCMA
[12:52:00] [322/459] CCMP
[12:52:01] [323/459] MTSU
[12:52:02] [324/459] SNGL
[12:52:03] [325/459] MMMC
[12:52:04] [326/459] MMAA
[12:52:05] [327/459] GCDM
[12:52:06] [328/459] KTMV
[12:52:07] [329/459] AETE
[12:52:08] [330/459] OMCS
[12:52:09] [331/459] GDCD
[12:52:10] [332/459] NYMD
[12:52:11] [333/459] RNCV
[12:52:11] [334/459] KKMT
[12:52:12] [335/459] GDTH
[12:52:14] [336/459] KMMV
[12:52:15] [337/459] NHCG
[12:52:15] [338/459] PJDW
[12:52:16] [339/459] MMCV
[12:52:17] [340/459] FQSA
[12:52:18] [341/459] KURL
[12:52:19] [342/459] NNNX
[12:52:19] [343/459] AMAU
[12:52:20] [344/459] VVVM
[12:52:21] [345/459] VECU
[12:52:22] [346/459] WCVR
[12:52:23] [347/459] MTGG
[12:52:23] [348/459] SGTG
[12:52:25] [349/459] MNTG
[12:52:26] [350/459] JDDG
[12:52:27] [351/459] MBTK
[12:52:28] [352/459] SGCD
[12:52:29] [353/459] MCTC
[12:52:30] [354/459] JTPC
[12:52:30] [355/459] SDKT
[12:52:31] [356/459] KRCC
[12:52:32] [357/459] RMMD
[12:52:33] [358/459] AAME
[12:52:34] [359/459] TMWC
[12:52:35] [360/459] NRWY
[12:52:36] [361/459] CITD
[12:52:37] [362/459] VERD
[12:52:38] [363/459] MKSK
[12:52:39] [364/459] STSM
[12:52:40] [365/459] MJDG
[12:52:41] [366/459] RKPM
[12:52:42] [367/459] SSCE
[12:52:43] [368/459] VMAE
[12:52:43] [369/459] SBRU
[12:52:44] [370/459] AMBC
[12:52:45] [371/459] AMLU
[12:52:47] [372/459] INVZ
[12:52:47] [373/459] LGTV
[12:52:48] [374/459] SVAD
[12:52:49] [375/459] SMSA
[12:52:50] [376/459] SPCZ
[12:52:51] [377/459] GTCX
[12:52:52] [378/459] SCSL
[12:52:53] [379/459] SAHU
[12:52:54] [380/459] NCDA
[12:52:54] [381/459] SCCG
[12:52:55] [382/459] VKTL
[12:52:56] [383/459] PUUJ
[12:52:57] [384/459] STEJ
[12:52:58] [385/459] RJAL
[12:52:58] [386/459] ACJC
[12:52:59] [387/459] VTHC
[12:53:00] [388/459] ARVB
[12:53:01] [389/459] AUBB
[12:53:03] [390/459] GDBR
[12:53:04] [391/459] PVND
[12:53:04] [392/459] BGRJ
[12:53:05] [393/459] RJMM
[12:53:06] [394/459] MCSA
[12:53:08] [395/459] BODA
[12:53:08] [396/459] JAGG
[12:53:09] [397/459] SCGA
[12:53:10] [398/459] LRCM
[12:53:11] [399/459] CPCN
[12:53:12] [400/459] SSTF
[12:53:13] [401/459] SRXP
[12:53:14] [402/459] CNFX
[12:53:15] [403/459] ANDI
[12:53:15] [404/459] SYEW
[12:53:16] [405/459] RCRE
[12:53:17] [406/459] SCRW
[12:53:18] [407/459] MBKR
[12:53:19] [408/459] ASNT
[12:53:20] [409/459] JTMT
[12:53:22] [410/459] SHAY
[12:53:23] [411/459] VRTH
[12:53:23] [412/459] SPTI
[12:53:24] [413/459] DPTD
[12:53:25] [414/459] TGSN
[12:53:26] [415/459] RCWV
[12:53:28] [416/459] OCUR
[12:53:28] [417/459] KSTC
[12:53:29] [418/459] SANI
[12:53:30] [419/459] MLCA
[12:53:31] [420/459] EGCA
[12:53:32] [421/459] SYSN
[12:53:32] [422/459] PKTA
[12:53:34] [423/459] PRCC
[12:53:35] [424/459] KSTR
[12:53:37] [425/459] SNTP
[12:53:38] [426/459] RCHA
[12:53:38] [427/459] SEEA
[12:53:39] [428/459] ALAT
[12:53:40] [429/459] AATV
[12:53:42] [430/459] RJTE
[12:53:42] [431/459] AAPP
[12:53:43] [432/459] PMMH
[12:53:44] [433/459] INRJ
[12:53:45] [434/459] SARB
[12:53:47] [435/459] PCJL
[12:53:48] [436/459] PFJJ
[12:53:48] [437/459] GRDC
[12:53:49] [438/459] BCBA
[12:53:50] [439/459] VIXL
[12:53:50] [440/459] CSTL
[12:53:51] [441/459] MTDK
[12:53:52] [442/459] TDAC
[12:53:53] [443/459] GTDN
[12:53:54] [444/459] TTDE
[12:53:55] [445/459] ASTS
[12:53:56] [446/459] CPNS
[12:53:57] [447/459] PVVW
[12:53:58] [448/459] USEB
[12:53:59] [449/459] DTYN
[12:53:59] [450/459] PVLE
[12:54:01] [451/459] CIPS
[12:54:02] [452/459] PAEG
[12:54:04] [453/459] PTCW
[12:54:05] [454/459] G3SR
[12:54:06] [455/459] PGND
[12:54:07] [456/459] INVM
[12:54:07] [457/459] SPIA
[12:54:08] [458/459] PCSN
[12:54:09] [459/459] PPGV
[12:54:10] 🧹 Deduping shows
[12:54:10] ✅ DONE | Shows=4549 | Movies=77
[21:14:39] 🚀 SCRIPT STARTED
[21:14:39] [1/459] FNDB
[21:14:39] 🧠 New identity created
[21:14:40] [2/459] AMBH
[21:14:41] [3/459] PRHN
[21:14:42] [4/459] ACPM
[21:14:43] [5/459] PVFS
[21:14:44] [6/459] AACN
[21:14:44] [7/459] ACAS
[21:14:45] [8/459] CTNR
[21:14:46] [9/459] MMAH
[21:14:48] [10/459] CPMH
[21:14:48] [11/459] IGMH
[21:14:49] [12/459] ABCS
[21:14:50] [13/459] CMMA
[21:14:51] [14/459] GPRH
[21:14:52] [15/459] PNNG
[21:14:53] [16/459] AMCA
[21:14:54] [17/459] ISTN
[21:14:55] [18/459] PIIC
[21:14:55] [19/459] AHMH
[21:14:56] [20/459] ASHN
[21:14:58] [21/459] INHY
[21:14:59] [22/459] SRMO
[21:15:00] [23/459] PIMH
[21:15:01] [24/459] PVTS
[21:15:01] [25/459] MMCA
[21:15:02] [26/459] AKYJ
[21:15:03] [27/459] BRKH
[21:15:04] [28/459] MAHM
[21:15:05] [29/459] CPHY
[21:15:05] [30/459] PVTP
[21:15:06] [31/459] SMMR
[21:15:07] [32/459] PVHM
[21:15:08] [33/459] SNDY
[21:15:09] [34/459] GOKU
[21:15:10] [35/459] ACEV
[21:15:11] [36/459] PVUM
[21:15:11] [37/459] VSWA
[21:15:12] [38/459] IPRS
[21:15:13] [39/459] ASGN
[21:15:14] [40/459] BKMV
[21:15:15] [41/459] PVYH
[21:15:16] [42/459] INKM
[21:15:16] [43/459] ARJU
[21:15:17] [44/459] JJPP
[21:15:18] [45/459] SSRM
[21:15:19] [46/459] HMHD
[21:15:20] [47/459] SNKH
[21:15:21] [48/459] ACHI
[21:15:22] [49/459] MRAA
[21:15:23] [50/459] INMH
[21:15:24] [51/459] ARMH
[21:15:25] [52/459] DVRR
[21:15:26] [53/459] SUDA
[21:15:26] [54/459] MCSS
[21:15:27] [55/459] VRKC
[21:15:28] [56/459] PRCX
[21:15:30] [57/459] ASJY
[21:15:31] [58/459] MTHY
[21:15:32] [59/459] SRCM
[21:15:33] [60/459] TVHY
[21:15:34] [61/459] STHD
[21:15:34] [62/459] CPCL
[21:15:35] [63/459] PSMJ
[21:15:37] [64/459] MRGT
[21:15:37] [65/459] ARYH
[21:15:38] [66/459] VTRB
[21:15:39] [67/459] SCHC
[21:15:40] [68/459] MRRG
[21:15:41] [69/459] SPCB
[21:15:42] [70/459] AMCM
[21:15:43] [71/459] IVNM
[21:15:44] [72/459] TRHY
[21:15:44] [73/459] PTTH
[21:15:45] [74/459] RKMH
[21:15:46] [75/459] PRCS
[21:15:47] [76/459] VAJA
[21:15:48] [77/459] BJNG
[21:15:48] [78/459] SCVM
[21:15:49] [79/459] GNHB
[21:15:50] [80/459] TLUR
[21:15:51] [81/459] UKCC
[21:15:51] [82/459] SRKR
[21:15:52] [83/459] RMKN
[21:15:53] [84/459] SLRT
[21:15:54] [85/459] LKMT
[21:15:55] [86/459] SSRJ
[21:15:56] [87/459] SPHT
[21:15:57] [88/459] ANTT
[21:15:59] [89/459] SRCH
[21:15:59] [90/459] SRCA
[21:16:00] [91/459] ARTH
[21:16:02] [92/459] MCBH
[21:16:03] [93/459] SNIB
[21:16:04] [94/459] SART
[21:16:05] [95/459] SKTA
[21:16:06] [96/459] YAKT
[21:16:07] [97/459] MLCK
[21:16:08] [98/459] ANTS
[21:16:09] [99/459] DGCA
[21:16:10] [100/459] SGMP
[21:16:11] [101/459] ASWN
[21:16:12] [102/459] KFVU
[21:16:13] [103/459] POOR
[21:16:15] [104/459] GKDN
[21:16:16] [105/459] EOSE
[21:16:17] [106/459] GTTT
[21:16:18] [107/459] ARRO
[21:16:18] [108/459] CMMK
[21:16:19] [109/459] MSCN
[21:16:20] [110/459] GDKH
[21:16:21] [111/459] DLMT
[21:16:22] [112/459] PVMF
[21:16:23] [113/459] CPCK
[21:16:24] [114/459] VMHE
[21:16:26] [115/459] PVLC
[21:16:27] [116/459] PCVB
[21:16:28] [117/459] SNYK
[21:16:29] [118/459] KTEK
[21:16:29] [119/459] PCNM
[21:16:30] [120/459] NTTR
[21:16:31] [121/459] CPSK
[21:16:32] [122/459] JMMA
[21:16:34] [123/459] GCFK
[21:16:34] [124/459] MYCA
[21:16:35] [125/459] KSNP
[21:16:36] [126/459] PMCE
[21:16:37] [127/459] SCKI
[21:16:38] [128/459] FSMA
[21:16:39] [129/459] CETA
[21:16:40] [130/459] MCIK
[21:16:41] [131/459] MYCR
[21:16:42] [132/459] EVMP
[21:16:43] [133/459] SSGT
[21:16:43] [134/459] KCTK
[21:16:44] [135/459] ZTKC
[21:16:45] [136/459] MMTA
[21:16:46] [137/459] MAJT
[21:16:46] [138/459] ACPK
[21:16:48] [139/459] JMAX
[21:16:49] [140/459] SETK
[21:16:49] [141/459] CAIS
[21:16:50] [142/459] AGCD
[21:16:52] [143/459] URCL
[21:16:53] [144/459] VTDS
[21:16:54] [145/459] JCNM
[21:16:54] [146/459] KCAM
[21:16:55] [147/459] ADCU
[21:16:56] [148/459] GXYN
[21:16:57] [149/459] SMJG
[21:16:58] [150/459] EYCJ
[21:16:58] [151/459] CCEJ
[21:17:00] [152/459] MARS
[21:17:01] [153/459] CPVJ
[21:17:01] [154/459] INVP
[21:17:02] [155/459] CPOV
[21:17:04] [156/459] VIJK
[21:17:05] [157/459] LAIM
[21:17:05] [158/459] STHV
[21:17:06] [159/459] SVLJ
[21:17:07] [160/459] ATVJ
[21:17:08] [161/459] JTSC
[21:17:09] [162/459] RMTV
[21:17:09] [163/459] MGGG
[21:17:10] [164/459] SWTH
[21:17:11] [165/459] INVJ
[21:17:12] [166/459] PRSV
[21:17:13] [167/459] JATV
[21:17:14] [168/459] RCVD
[21:17:15] [169/459] BDMA
[21:17:16] [170/459] BLJI
[21:17:16] [171/459] SWOT
[21:17:17] [172/459] SWRN
[21:17:18] [173/459] TVRA
[21:17:19] [174/459] VCSV
[21:17:21] [175/459] NVRN
[21:17:21] [176/459] SIKC
[21:17:23] [177/459] VAKR
[21:17:24] [178/459] SYLN
[21:17:25] [179/459] KLJL
[21:17:26] [180/459] LKMY
[21:17:27] [181/459] VSLY
[21:17:28] [182/459] CIKO
[21:17:29] [183/459] GPBG
[21:17:30] [184/459] CECM
[21:17:31] [185/459] SLKB
[21:17:32] [186/459] MTBO
[21:17:33] [187/459] SSHB
[21:17:35] [188/459] VPCS
[21:17:36] [189/459] RCSR
[21:17:37] [190/459] RJRM
[21:17:38] [191/459] KPPB
[21:17:39] [192/459] SEDC
[21:17:40] [193/459] SCAI
[21:17:40] [194/459] RMTR
[21:17:41] [195/459] ASST
[21:17:42] [196/459] GCAK
[21:17:43] [197/459] ANNK
[21:17:44] [198/459] KDDF
[21:17:45] [199/459] NRDP
[21:17:45] [200/459] PLAK
[21:17:46] [201/459] GCMC
[21:17:47] [202/459] ALPY
[21:17:48] [203/459] SICE
[21:17:48] [204/459] SISR
[21:17:49] [205/459] SRPZ
[21:17:50] [206/459] SRSW
[21:17:51] [207/459] SUYA
[21:17:52] [208/459] AMMT
[21:17:53] [209/459] BHCU
[21:17:54] [210/459] KLPA
[21:17:55] [211/459] NVKH
[21:17:56] [212/459] JMRC
[21:17:58] [213/459] KTTT
[21:17:58] [214/459] MAGH
[21:17:59] [215/459] MMMX
[21:18:00] [216/459] SALJ
[21:18:01] [217/459] GTJA
[21:18:01] [218/459] MAHT
[21:18:02] [219/459] SSNN
[21:18:03] [220/459] ARRP
[21:18:04] [221/459] ATNS
[21:18:05] [222/459] SKDT
[21:18:06] [223/459] ACAT
[21:18:06] [224/459] APRC
[21:18:07] [225/459] SWAG
[21:18:08] [226/459] SDPT
[21:18:10] [227/459] STPS
[21:18:11] [228/459] WWCZ
[21:18:12] [229/459] LLCH
[21:18:12] [230/459] MZHA
[21:18:13] [231/459] CRJG
[21:18:15] [232/459] JGTK
[21:18:16] [233/459] KCSR
[21:18:17] [234/459] CHTL
[21:18:17] [235/459] EDSR
[21:18:18] [236/459] CSWO
[21:18:19] [237/459] CPVM
[21:18:20] [238/459] MXBY
[21:18:22] [239/459] FMMA
[21:18:22] [240/459] POVI
[21:18:23] [241/459] MTHB
[21:18:24] [242/459] INRC
[21:18:25] [243/459] PIPP
[21:18:27] [244/459] BMXC
[21:18:28] [245/459] PCMM
[21:18:29] [246/459] PMKM
[21:18:30] [247/459] GATY
[21:18:31] [248/459] IMCM
[21:18:31] [249/459] POPE
[21:18:33] [250/459] MTCR
[21:18:33] [251/459] PVAE
[21:18:34] [252/459] PVMI
[21:18:35] [253/459] CPNM
[21:18:36] [254/459] FMRL
[21:18:37] [255/459] MCIW
[21:18:37] [256/459] MXBO
[21:18:38] [257/459] FMKY
[21:18:40] [258/459] FMDA
[21:18:40] [259/459] THAB
[21:18:41] [260/459] PRCW
[21:18:42] [261/459] PITI
[21:18:43] [262/459] MCFF
[21:18:44] [263/459] PDDV
[21:18:44] [264/459] MCRM
[21:18:45] [265/459] KKMB
[21:18:47] [266/459] INKO
[21:18:47] [267/459] PLXP
[21:18:48] [268/459] MMHA
[21:18:49] [269/459] FMVS
[21:18:50] [270/459] POLM
[21:18:52] [271/459] STER
[21:18:53] [272/459] PVWJ
[21:18:54] [273/459] IMJW
[21:18:54] [274/459] FNAN
[21:18:55] [275/459] CAGL
[21:18:56] [276/459] IPBG
[21:18:57] [277/459] SMFV
[21:18:58] [278/459] MMMR
[21:18:59] [279/459] MMWM
[21:19:01] [280/459] FNCM
[21:19:02] [281/459] MDVA
[21:19:02] [282/459] MMET
[21:19:03] [283/459] MIDO
[21:19:05] [284/459] INNP
[21:19:06] [285/459] MIFU
[21:19:07] [286/459] MMSZ
[21:19:08] [287/459] BMXA
[21:19:09] [288/459] MCAA
[21:19:10] [289/459] SCVP
[21:19:11] [290/459] PLUS
[21:19:12] [291/459] MUCK
[21:19:13] [292/459] MTMA
[21:19:15] [293/459] HPVR
[21:19:15] [294/459] PMPK
[21:19:16] [295/459] MAJB
[21:19:17] [296/459] CTRR
[21:19:18] [297/459] MCTG
[21:19:19] [298/459] MACE
[21:19:20] [299/459] AAAS
[21:19:21] [300/459] CPVV
[21:19:22] [301/459] RCHG
[21:19:22] [302/459] MCNE
[21:19:24] [303/459] EMNC
[21:19:25] [304/459] MCAN
[21:19:26] [305/459] TCDM
[21:19:28] [306/459] IRGT
[21:19:28] [307/459] GCMG
[21:19:29] [308/459] MXSN
[21:19:30] [309/459] MXCK
[21:19:31] [310/459] MCRC
[21:19:31] [311/459] RSMI
[21:19:32] [312/459] WAML
[21:19:33] [313/459] MTSC
[21:19:34] [314/459] FMDR
[21:19:35] [315/459] LEPV
[21:19:35] [316/459] MTGD
[21:19:36] [317/459] IMOB
[21:19:37] [318/459] CLMM
[21:19:38] [319/459] PZCD
[21:19:39] [320/459] GOCS
[21:19:40] [321/459] KCMA
[21:19:41] [322/459] CCMP
[21:19:42] [323/459] MTSU
[21:19:43] [324/459] SNGL
[21:19:45] [325/459] MMMC
[21:19:45] [326/459] MMAA
[21:19:46] [327/459] GCDM
[21:19:47] [328/459] KTMV
[21:19:48] [329/459] AETE
[21:19:49] [330/459] OMCS
[21:19:49] [331/459] GDCD
[21:19:51] [332/459] NYMD
[21:19:52] [333/459] RNCV
[21:19:53] [334/459] KKMT
[21:19:54] [335/459] GDTH
[21:19:55] [336/459] KMMV
[21:19:56] [337/459] NHCG
[21:19:57] [338/459] PJDW
[21:19:58] [339/459] MMCV
[21:19:58] [340/459] FQSA
[21:19:59] [341/459] KURL
[21:20:00] [342/459] NNNX
[21:20:01] [343/459] AMAU
[21:20:02] [344/459] VVVM
[21:20:04] [345/459] VECU
[21:20:04] [346/459] WCVR
[21:20:05] [347/459] MTGG
[21:20:06] [348/459] SGTG
[21:20:07] [349/459] MNTG
[21:20:08] [350/459] JDDG
[21:20:09] [351/459] MBTK
[21:20:10] [352/459] SGCD
[21:20:11] [353/459] MCTC
[21:20:13] [354/459] JTPC
[21:20:14] [355/459] SDKT
[21:20:14] [356/459] KRCC
[21:20:15] [357/459] RMMD
[21:20:17] [358/459] AAME
[21:20:18] [359/459] TMWC
[21:20:19] [360/459] NRWY
[21:20:20] [361/459] CITD
[21:20:21] [362/459] VERD
[21:20:21] [363/459] MKSK
[21:20:22] [364/459] STSM
[21:20:23] [365/459] MJDG
[21:20:24] [366/459] RKPM
[21:20:25] [367/459] SSCE
[21:20:26] [368/459] VMAE
[21:20:27] [369/459] SBRU
[21:20:28] [370/459] AMBC
[21:20:28] [371/459] AMLU
[21:20:29] [372/459] INVZ
[21:20:30] [373/459] LGTV
[21:20:31] [374/459] SVAD
[21:20:32] [375/459] SMSA
[21:20:32] [376/459] SPCZ
[21:20:33] [377/459] GTCX
[21:20:34] [378/459] SCSL
[21:20:35] [379/459] SAHU
[21:20:36] [380/459] NCDA
[21:20:37] [381/459] SCCG
[21:20:38] [382/459] VKTL
[21:20:40] [383/459] PUUJ
[21:20:40] [384/459] STEJ
[21:20:42] [385/459] RJAL
[21:20:43] [386/459] ACJC
[21:20:44] [387/459] VTHC
[21:20:45] [388/459] ARVB
[21:20:46] [389/459] AUBB
[21:20:47] [390/459] GDBR
[21:20:48] [391/459] PVND
[21:20:49] [392/459] BGRJ
[21:20:50] [393/459] RJMM
[21:20:51] [394/459] MCSA
[21:20:52] [395/459] BODA
[21:20:52] [396/459] JAGG
[21:20:53] [397/459] SCGA
[21:20:54] [398/459] LRCM
[21:20:55] [399/459] CPCN
[21:20:56] [400/459] SSTF
[21:20:57] [401/459] SRXP
[21:20:58] [402/459] CNFX
[21:20:59] [403/459] ANDI
[21:21:00] [404/459] SYEW
[21:21:01] [405/459] RCRE
[21:21:02] [406/459] SCRW
[21:21:03] [407/459] MBKR
[21:21:04] [408/459] ASNT
[21:21:05] [409/459] JTMT
[21:21:06] [410/459] SHAY
[21:21:07] [411/459] VRTH
[21:21:08] [412/459] SPTI
[21:21:09] [413/459] DPTD
[21:21:09] [414/459] TGSN
[21:21:10] [415/459] RCWV
[21:21:11] [416/459] OCUR
[21:21:12] [417/459] KSTC
[21:21:13] [418/459] SANI
[21:21:14] [419/459] MLCA
[21:21:15] [420/459] EGCA
[21:21:16] [421/459] SYSN
[21:21:17] [422/459] PKTA
[21:21:17] [423/459] PRCC
[21:21:18] [424/459] KSTR
[21:21:19] [425/459] SNTP
[21:21:20] [426/459] RCHA
[21:21:21] [427/459] SEEA
[21:21:22] [428/459] ALAT
[21:21:23] [429/459] AATV
[21:21:23] [430/459] RJTE
[21:21:24] [431/459] AAPP
[21:21:25] [432/459] PMMH
[21:21:26] [433/459] INRJ
[21:21:26] [434/459] SARB
[21:21:27] [435/459] PCJL
[21:21:28] [436/459] PFJJ
[21:21:29] [437/459] GRDC
[21:21:30] [438/459] BCBA
[21:21:31] [439/459] VIXL
[21:21:32] [440/459] CSTL
[21:21:33] [441/459] MTDK
[21:21:33] [442/459] TDAC
[21:21:34] [443/459] GTDN
[21:21:35] [444/459] TTDE
[21:21:36] [445/459] ASTS
[21:21:37] [446/459] CPNS
[21:21:38] [447/459] PVVW
[21:21:39] [448/459] USEB
[21:21:40] [449/459] DTYN
[21:21:41] [450/459] PVLE
[21:21:42] [451/459] CIPS
[21:21:42] [452/459] PAEG
[21:21:44] [453/459] PTCW
[21:21:45] [454/459] G3SR
[21:21:45] [455/459] PGND
[21:21:46] [456/459] INVM
[21:21:47] [457/459] SPIA
[21:21:48] [458/459] PCSN
[21:21:49] [459/459] PPGV
[21:21:50] 🧹 Deduping shows
[21:21:50] ✅ DONE | Shows=4782 | Movies=83
