[02:40:34] 🚀 SCRIPT STARTED
[02:40:34] [1/296] CDCA
[02:40:34] 🧠 New identity created
[02:40:35] [2/296] MNSR
[02:40:36] [3/296] CSSL
[02:40:37] [4/296] BGGM
[02:40:37] [5/296] MANT
[02:40:38] [6/296] SOOY
[02:40:39] [7/296] VPPK
[02:40:40] [8/296] MYHJ
[02:40:41] [9/296] KSCK
[02:40:42] [10/296] KATK
[02:40:43] [11/296] RTRT
[02:40:44] [12/296] SSTT
[02:40:45] [13/296] SSTV
[02:40:46] [14/296] LACM
[02:40:47] [15/296] SGMG
[02:40:48] [16/296] KACX
[02:40:48] [17/296] GVCP
[02:40:49] [18/296] CSNC
[02:40:50] [19/296] SXCB
[02:40:51] [20/296] BAHS
[02:40:51] [21/296] PCBI
[02:40:52] [22/296] PSSM
[02:40:53] [23/296] RCOK
[02:40:55] [24/296] SCPF
[02:40:56] [25/296] SSAS
[02:40:57] [26/296] EVMM
[02:40:58] [27/296] SYCB
[02:40:59] [28/296] GCKI
[02:40:59] [29/296] IAET
[02:41:00] [30/296] DDTD
[02:41:01] [31/296] GMDH
[02:41:02] [32/296] STLE
[02:41:03] [33/296] JTRA
[02:41:03] [34/296] RPPA
[02:41:04] [35/296] ARUT
[02:41:05] [36/296] JTVM
[02:41:06] [37/296] SWRH
[02:41:07] [38/296] DCPC
[02:41:08] [39/296] RAPR
[02:41:08] [40/296] GCRT
[02:41:09] [41/296] ATUN
[02:41:10] [42/296] LTRM
[02:41:11] [43/296] TASR
[02:41:12] [44/296] RLLC
[02:41:13] [45/296] MABI
[02:41:14] [46/296] SVHB
[02:41:15] [47/296] NVTB
[02:41:15] [48/296] KCKG
[02:41:16] [49/296] SSRN
[02:41:17] [50/296] VDDC
[02:41:18] [51/296] GKTK
[02:41:19] [52/296] YFSN
[02:41:20] [53/296] GCSG
[02:41:21] [54/296] ESSM
[02:41:22] [55/296] KRIH
[02:41:23] [56/296] GCDS
[02:41:23] [57/296] CCSH
[02:41:24] [58/296] ACSK
[02:41:25] [59/296] APRK
[02:41:27] [60/296] ADKM
[02:41:28] [61/296] SRDM
[02:41:29] [62/296] RMOG
[02:41:29] [63/296] SJMY
[02:41:30] [64/296] PGGC
[02:41:31] [65/296] INGM
[02:41:32] [66/296] LSCB
[02:41:32] [67/296] STAD
[02:41:33] [68/296] MCCR
[02:41:34] [69/296] ABCC
[02:41:35] [70/296] RKCC
[02:41:36] [71/296] RTCR
[02:41:37] [72/296] GGBC
[02:41:37] [73/296] GCSD
[02:41:38] [74/296] LPTY
[02:41:39] [75/296] MCFD
[02:41:40] [76/296] HENN
[02:41:41] [77/296] SMKU
[02:41:42] [78/296] TNZC
[02:41:43] [79/296] DRCD
[02:41:44] [80/296] DLCD
[02:41:45] [81/296] RCDA
[02:41:46] [82/296] COSM
[02:41:46] [83/296] MCMJ
[02:41:47] [84/296] CSTR
[02:41:48] [85/296] CVDK
[02:41:49] [86/296] INRR
[02:41:50] [87/296] RJRT
[02:41:50] [88/296] IRMR
[02:41:51] [89/296] SRCF
[02:41:52] [90/296] GRCR
[02:41:53] [91/296] SURC
[02:41:54] [92/296] NMNH
[02:41:54] [93/296] SVBL
[02:41:55] [94/296] KACI
[02:41:56] [95/296] TDGO
[02:41:57] [96/296] KTBR
[02:41:58] [97/296] PMAD
[02:41:59] [98/296] CCPN
[02:42:00] [99/296] SBTK
[02:42:01] [100/296] LMDK
[02:42:02] [101/296] PGDA
[02:42:03] [102/296] SRML
[02:42:05] [103/296] EVCK
[02:42:06] [104/296] RTTK
[02:42:07] [105/296] SRTU
[02:42:07] [106/296] VRSA
[02:42:08] [107/296] VARS
[02:42:10] [108/296] DSCZ
[02:42:10] [109/296] GAGA
[02:42:11] [110/296] SARV
[02:42:12] [111/296] SEEG
[02:42:14] [112/296] GLCA
[02:42:15] [113/296] APAS
[02:42:15] [114/296] VCIA
[02:42:16] [115/296] SJTA
[02:42:17] [116/296] SABM
[02:42:18] [117/296] PPAG
[02:42:18] [118/296] RVCA
[02:42:19] [119/296] CCIA
[02:42:20] [120/296] HTAG
[02:42:21] [121/296] SMBI
[02:42:22] [122/296] MCJR
[02:42:23] [123/296] CCJR
[02:42:23] [124/296] SINF
[02:42:24] [125/296] CPLX
[02:42:25] [126/296] KKTJ
[02:42:26] [127/296] GDBW
[02:42:28] [128/296] CSUB
[02:42:28] [129/296] DABA
[02:42:29] [130/296] TITR
[02:42:31] [131/296] NYCR
[02:42:32] [132/296] RTRY
[02:42:33] [133/296] JTJL
[02:42:34] [134/296] SJCP
[02:42:34] [135/296] KCCA
[02:42:35] [136/296] MLPG
[02:42:36] [137/296] VRCK
[02:42:37] [138/296] SRIN
[02:42:38] [139/296] CXMK
[02:42:39] [140/296] SKAD
[02:42:40] [141/296] AVTR
[02:42:40] [142/296] PTAJ
[02:42:41] [143/296] SCNK
[02:42:42] [144/296] STTI
[02:42:43] [145/296] KACR
[02:42:44] [146/296] SSDX
[02:42:46] [147/296] VRTJ
[02:42:46] [148/296] RAJD
[02:42:47] [149/296] SCIP
[02:42:48] [150/296] RJSL
[02:42:48] [151/296] ARRS
[02:42:49] [152/296] ASMS
[02:42:50] [153/296] RDTS
[02:42:51] [154/296] DVMY
[02:42:52] [155/296] RASA
[02:42:53] [156/296] INOM
[02:42:54] [157/296] SPRS
[02:42:55] [158/296] SGCS
[02:42:56] [159/296] SALM
[02:42:57] [160/296] PKHC
[02:42:58] [161/296] RCSV
[02:42:59] [162/296] CPKC
[02:43:00] [163/296] AACD
[02:43:01] [164/296] GGCV
[02:43:02] [165/296] SMKD
[02:43:03] [166/296] NBCH
[02:43:05] [167/296] AMCB
[02:43:06] [168/296] OPCN
[02:43:07] [169/296] DCIN
[02:43:07] [170/296] INGW
[02:43:09] [171/296] PKKW
[02:43:10] [172/296] FNGW
[02:43:10] [173/296] GCGD
[02:43:11] [174/296] MSTW
[02:43:12] [175/296] KCCG
[02:43:13] [176/296] MRSS
[02:43:14] [177/296] CLCF
[02:43:15] [178/296] EETS
[02:43:17] [179/296] AATR
[02:43:17] [180/296] CMMN
[02:43:18] [181/296] SCCJ
[02:43:19] [182/296] CDTK
[02:43:20] [183/296] AICP
[02:43:21] [184/296] FNBP
[02:43:21] [185/296] CBPB
[02:43:22] [186/296] CPAS
[02:43:23] [187/296] MAPM
[02:43:24] [188/296] PASD
[02:43:25] [189/296] JCMN
[02:43:25] [190/296] MALB
[02:43:26] [191/296] SACG
[02:43:27] [192/296] DDRX
[02:43:28] [193/296] DDXB
[02:43:28] [194/296] RAMC
[02:43:29] [195/296] SANC
[02:43:30] [196/296] BCBP
[02:43:31] [197/296] ALPC
[02:43:32] [198/296] RBAC
[02:43:33] [199/296] RAJL
[02:43:34] [200/296] MPDX
[02:43:35] [201/296] MUSC
[02:43:36] [202/296] VKMK
[02:43:37] [203/296] SKCG
[02:43:38] [204/296] ANCN
[02:43:39] [205/296] MMCJ
[02:43:40] [206/296] DCAK
[02:43:41] [207/296] SCKG
[02:43:42] [208/296] LMCK
[02:43:42] [209/296] CKKX
[02:43:43] [210/296] ANKU
[02:43:44] [211/296] CSMD
[02:43:45] [212/296] MKMP
[02:43:46] [213/296] SVBG
[02:43:47] [214/296] ROOP
[02:43:48] [215/296] GDMT
[02:43:48] [216/296] FPPF
[02:43:49] [217/296] SFUU
[02:43:50] [218/296] ANCB
[02:43:51] [219/296] SMMC
[02:43:52] [220/296] UGKT
[02:43:52] [221/296] JVRM
[02:43:53] [222/296] BATG
[02:43:54] [223/296] RATE
[02:43:55] [224/296] SKME
[02:43:56] [225/296] LMTP
[02:43:56] [226/296] TCBD
[02:43:57] [227/296] ESBD
[02:43:58] [228/296] GDCU
[02:43:59] [229/296] SNKT
[02:44:00] [230/296] SRNK
[02:44:01] [231/296] SMED
[02:44:01] [232/296] CSQS
[02:44:02] [233/296] ALCS
[02:44:03] [234/296] KCKN
[02:44:04] [235/296] VCCL
[02:44:06] [236/296] MCDA
[02:44:07] [237/296] SHMI
[02:44:08] [238/296] SKHA
[02:44:08] [239/296] SVFK
[02:44:09] [240/296] INVB
[02:44:10] [241/296] MELD
[02:44:11] [242/296] JTYS
[02:44:12] [243/296] INCM
[02:44:13] [244/296] MCDV
[02:44:13] [245/296] KSGK
[02:44:14] [246/296] ICMG
[02:44:18] [247/296] CSCV
[02:44:19] [248/296] STMD
[02:44:20] [249/296] STTR
[02:44:20] [250/296] INVC
[02:44:21] [251/296] JTBL
[02:44:22] [252/296] SRVV
[02:44:23] [253/296] MAVC
[02:44:24] [254/296] SRPP
[02:44:25] [255/296] JGDM
[02:44:25] [256/296] MBSJ
[02:44:26] [257/296] SSLL
[02:44:27] [258/296] SLKP
[02:44:28] [259/296] NSRV
[02:44:29] [260/296] UTDV
[02:44:30] [261/296] KICM
[02:44:31] [262/296] KCMD
[02:44:32] [263/296] TTPP
[02:44:33] [264/296] KMPV
[02:44:34] [265/296] SKTV
[02:44:34] [266/296] STCV
[02:44:36] [267/296] SRDA
[02:44:37] [268/296] JTSX
[02:44:39] [269/296] STBV
[02:44:40] [270/296] APVZ
[02:44:40] [271/296] GSTV
[02:44:42] [272/296] NMVS
[02:44:42] [273/296] SKRT
[02:44:43] [274/296] RMDV
[02:44:44] [275/296] RATG
[02:44:45] [276/296] SJYV
[02:44:45] [277/296] NDGP
[02:44:46] [278/296] SNDG
[02:44:47] [279/296] INSR
[02:44:48] [280/296] INSO
[02:44:49] [281/296] CCSI
[02:44:50] [282/296] RASM
[02:44:51] [283/296] NEWC
[02:44:51] [284/296] VSHL
[02:44:52] [285/296] BISW
[02:44:53] [286/296] GCNG
[02:44:54] [287/296] CWSC
[02:44:55] [288/296] SKAN
[02:44:56] [289/296] SEHP
[02:44:56] [290/296] CCOA
[02:44:58] [291/296] MCAJ
[02:44:59] [292/296] ACDE
[02:45:00] [293/296] AACM
[02:45:01] [294/296] JJCK
[02:45:02] [295/296] RCMO
[02:45:03] [296/296] GDAW
[02:45:04] 🧹 Deduping shows
[02:45:04] ✅ DONE | Shows=1561 | Movies=53
[04:41:00] 🚀 SCRIPT STARTED
[04:41:00] [1/296] CDCA
[04:41:00] 🧠 New identity created
[04:41:01] [2/296] MNSR
[04:41:01] [3/296] CSSL
[04:41:02] [4/296] BGGM
[04:41:03] [5/296] MANT
[04:41:04] [6/296] SOOY
[04:41:05] [7/296] VPPK
[04:41:05] [8/296] MYHJ
[04:41:06] [9/296] KSCK
[04:41:07] [10/296] KATK
[04:41:08] [11/296] RTRT
[04:41:09] [12/296] SSTT
[04:41:10] [13/296] SSTV
[04:41:11] [14/296] LACM
[04:41:12] [15/296] SGMG
[04:41:13] [16/296] KACX
[04:41:14] [17/296] GVCP
[04:41:14] [18/296] CSNC
[04:41:15] [19/296] SXCB
[04:41:16] [20/296] BAHS
[04:41:18] [21/296] PCBI
[04:41:18] [22/296] PSSM
[04:41:19] [23/296] RCOK
[04:41:21] [24/296] SCPF
[04:41:21] [25/296] SSAS
[04:41:22] [26/296] EVMM
[04:41:23] [27/296] SYCB
[04:41:24] [28/296] GCKI
[04:41:25] [29/296] IAET
[04:41:26] [30/296] DDTD
[04:41:26] [31/296] GMDH
[04:41:27] [32/296] STLE
[04:41:28] [33/296] JTRA
[04:41:29] [34/296] RPPA
[04:41:30] [35/296] ARUT
[04:41:30] [36/296] JTVM
[04:41:32] [37/296] SWRH
[04:41:33] [38/296] DCPC
[04:41:33] [39/296] RAPR
[04:41:34] [40/296] GCRT
[04:41:35] [41/296] ATUN
[04:41:36] [42/296] LTRM
[04:41:37] [43/296] TASR
[04:41:38] [44/296] RLLC
[04:41:38] [45/296] MABI
[04:41:39] [46/296] SVHB
[04:41:41] [47/296] NVTB
[04:41:42] [48/296] KCKG
[04:41:43] [49/296] SSRN
[04:41:44] [50/296] VDDC
[04:41:45] [51/296] GKTK
[04:41:46] [52/296] YFSN
[04:41:47] [53/296] GCSG
[04:41:48] [54/296] ESSM
[04:41:48] [55/296] KRIH
[04:41:49] [56/296] GCDS
[04:41:50] [57/296] CCSH
[04:41:51] [58/296] ACSK
[04:41:52] [59/296] APRK
[04:41:53] [60/296] ADKM
[04:41:54] [61/296] SRDM
[04:41:55] [62/296] RMOG
[04:41:56] [63/296] SJMY
[04:41:57] [64/296] PGGC
[04:41:58] [65/296] INGM
[04:41:58] [66/296] LSCB
[04:41:59] [67/296] STAD
[04:42:00] [68/296] MCCR
[04:42:01] [69/296] ABCC
[04:42:02] [70/296] RKCC
[04:42:03] [71/296] RTCR
[04:42:04] [72/296] GGBC
[04:42:05] [73/296] GCSD
[04:42:05] [74/296] LPTY
[04:42:06] [75/296] MCFD
[04:42:07] [76/296] HENN
[04:42:08] [77/296] SMKU
[04:42:09] [78/296] TNZC
[04:42:10] [79/296] DRCD
[04:42:11] [80/296] DLCD
[04:42:11] [81/296] RCDA
[04:42:12] [82/296] COSM
[04:42:13] [83/296] MCMJ
[04:42:14] [84/296] CSTR
[04:42:15] [85/296] CVDK
[04:42:16] [86/296] INRR
[04:42:17] [87/296] RJRT
[04:42:17] [88/296] IRMR
[04:42:18] [89/296] SRCF
[04:42:19] [90/296] GRCR
[04:42:20] [91/296] SURC
[04:42:21] [92/296] NMNH
[04:42:22] [93/296] SVBL
[04:42:23] [94/296] KACI
[04:42:24] [95/296] TDGO
[04:42:25] [96/296] KTBR
[04:42:26] [97/296] PMAD
[04:42:26] [98/296] CCPN
[04:42:27] [99/296] SBTK
[04:42:28] [100/296] LMDK
[04:42:29] [101/296] PGDA
[04:42:30] [102/296] SRML
[04:42:32] [103/296] EVCK
[04:42:32] [104/296] RTTK
[04:42:33] [105/296] SRTU
[04:42:34] [106/296] VRSA
[04:42:35] [107/296] VARS
[04:42:36] [108/296] DSCZ
[04:42:36] [109/296] GAGA
[04:42:37] [110/296] SARV
[04:42:38] [111/296] SEEG
[04:42:39] [112/296] GLCA
[04:42:40] [113/296] APAS
[04:42:41] [114/296] VCIA
[04:42:41] [115/296] SJTA
[04:42:42] [116/296] SABM
[04:42:43] [117/296] PPAG
[04:42:44] [118/296] RVCA
[04:42:45] [119/296] CCIA
[04:42:46] [120/296] HTAG
[04:42:46] [121/296] SMBI
[04:42:48] [122/296] MCJR
[04:42:49] [123/296] CCJR
[04:42:50] [124/296] SINF
[04:42:51] [125/296] CPLX
[04:42:51] [126/296] KKTJ
[04:42:52] [127/296] GDBW
[04:42:53] [128/296] CSUB
[04:42:54] [129/296] DABA
[04:42:54] [130/296] TITR
[04:42:55] [131/296] NYCR
[04:42:56] [132/296] RTRY
[04:42:57] [133/296] JTJL
[04:42:58] [134/296] SJCP
[04:42:59] [135/296] KCCA
[04:43:00] [136/296] MLPG
[04:43:00] [137/296] VRCK
[04:43:01] [138/296] SRIN
[04:43:02] [139/296] CXMK
[04:43:03] [140/296] SKAD
[04:43:04] [141/296] AVTR
[04:43:05] [142/296] PTAJ
[04:43:06] [143/296] SCNK
[04:43:06] [144/296] STTI
[04:43:08] [145/296] KACR
[04:43:08] [146/296] SSDX
[04:43:09] [147/296] VRTJ
[04:43:10] [148/296] RAJD
[04:43:11] [149/296] SCIP
[04:43:12] [150/296] RJSL
[04:43:13] [151/296] ARRS
[04:43:14] [152/296] ASMS
[04:43:14] [153/296] RDTS
[04:43:15] [154/296] DVMY
[04:43:16] [155/296] RASA
[04:43:17] [156/296] INOM
[04:43:18] [157/296] SPRS
[04:43:19] [158/296] SGCS
[04:43:20] [159/296] SALM
[04:43:20] [160/296] PKHC
[04:43:21] [161/296] RCSV
[04:43:22] [162/296] CPKC
[04:43:23] [163/296] AACD
[04:43:24] [164/296] GGCV
[04:43:25] [165/296] SMKD
[04:43:25] [166/296] NBCH
[04:43:26] [167/296] AMCB
[04:43:27] [168/296] OPCN
[04:43:28] [169/296] DCIN
[04:43:29] [170/296] INGW
[04:43:29] [171/296] PKKW
[04:43:31] [172/296] FNGW
[04:43:32] [173/296] GCGD
[04:43:34] [174/296] MSTW
[04:43:34] [175/296] KCCG
[04:43:35] [176/296] MRSS
[04:43:37] [177/296] CLCF
[04:43:38] [178/296] EETS
[04:43:38] [179/296] AATR
[04:43:39] [180/296] CMMN
[04:43:40] [181/296] SCCJ
[04:43:41] [182/296] CDTK
[04:43:42] [183/296] AICP
[04:43:43] [184/296] FNBP
[04:43:44] [185/296] CBPB
[04:43:45] [186/296] CPAS
[04:43:46] [187/296] MAPM
[04:43:47] [188/296] PASD
[04:43:48] [189/296] JCMN
[04:43:49] [190/296] MALB
[04:43:49] [191/296] SACG
[04:43:50] [192/296] DDRX
[04:43:51] [193/296] DDXB
[04:43:52] [194/296] RAMC
[04:43:53] [195/296] SANC
[04:43:54] [196/296] BCBP
[04:43:54] [197/296] ALPC
[04:43:56] [198/296] RBAC
[04:43:57] [199/296] RAJL
[04:43:57] [200/296] MPDX
[04:43:59] [201/296] MUSC
[04:43:59] [202/296] VKMK
[04:44:00] [203/296] SKCG
[04:44:01] [204/296] ANCN
[04:44:01] [205/296] MMCJ
[04:44:02] [206/296] DCAK
[04:44:03] [207/296] SCKG
[04:44:04] [208/296] LMCK
[04:44:05] [209/296] CKKX
[04:44:05] [210/296] ANKU
[04:44:06] [211/296] CSMD
[04:44:08] [212/296] MKMP
[04:44:09] [213/296] SVBG
[04:44:10] [214/296] ROOP
[04:44:11] [215/296] GDMT
[04:44:12] [216/296] FPPF
[04:44:13] [217/296] SFUU
[04:44:14] [218/296] ANCB
[04:44:15] [219/296] SMMC
[04:44:16] [220/296] UGKT
[04:44:17] [221/296] JVRM
[04:44:18] [222/296] BATG
[04:44:19] [223/296] RATE
[04:44:20] [224/296] SKME
[04:44:21] [225/296] LMTP
[04:44:21] [226/296] TCBD
[04:44:23] [227/296] ESBD
[04:44:24] [228/296] GDCU
[04:44:25] [229/296] SNKT
[04:44:26] [230/296] SRNK
[04:44:26] [231/296] SMED
[04:44:27] [232/296] CSQS
[04:44:28] [233/296] ALCS
[04:44:29] [234/296] KCKN
[04:44:31] [235/296] VCCL
[04:44:32] [236/296] MCDA
[04:44:32] [237/296] SHMI
[04:44:33] [238/296] SKHA
[04:44:34] [239/296] SVFK
[04:44:35] [240/296] INVB
[04:44:35] [241/296] MELD
[04:44:36] [242/296] JTYS
[04:44:38] [243/296] INCM
[04:44:39] [244/296] MCDV
[04:44:40] [245/296] KSGK
[04:44:41] [246/296] ICMG
[04:44:42] [247/296] CSCV
[04:44:42] [248/296] STMD
[04:44:43] [249/296] STTR
[04:44:44] [250/296] INVC
[04:44:45] [251/296] JTBL
[04:44:45] [252/296] SRVV
[04:44:46] [253/296] MAVC
[04:44:47] [254/296] SRPP
[04:44:48] [255/296] JGDM
[04:44:49] [256/296] MBSJ
[04:44:50] [257/296] SSLL
[04:44:50] [258/296] SLKP
[04:44:52] [259/296] NSRV
[04:44:53] [260/296] UTDV
[04:44:53] [261/296] KICM
[04:44:54] [262/296] KCMD
[04:44:55] [263/296] TTPP
[04:44:56] [264/296] KMPV
[04:44:57] [265/296] SKTV
[04:44:58] [266/296] STCV
[04:44:59] [267/296] SRDA
[04:45:00] [268/296] JTSX
[04:45:01] [269/296] STBV
[04:45:02] [270/296] APVZ
[04:45:02] [271/296] GSTV
[04:45:03] [272/296] NMVS
[04:45:04] [273/296] SKRT
[04:45:05] [274/296] RMDV
[04:45:06] [275/296] RATG
[04:45:06] [276/296] SJYV
[04:45:07] [277/296] NDGP
[04:45:08] [278/296] SNDG
[04:45:09] [279/296] INSR
[04:45:10] [280/296] INSO
[04:45:10] [281/296] CCSI
[04:45:11] [282/296] RASM
[04:45:12] [283/296] NEWC
[04:45:13] [284/296] VSHL
[04:45:14] [285/296] BISW
[04:45:15] [286/296] GCNG
[04:45:16] [287/296] CWSC
[04:45:17] [288/296] SKAN
[04:45:18] [289/296] SEHP
[04:45:18] [290/296] CCOA
[04:45:19] [291/296] MCAJ
[04:45:20] [292/296] ACDE
[04:45:21] [293/296] AACM
[04:45:22] [294/296] JJCK
[04:45:22] [295/296] RCMO
[04:45:23] [296/296] GDAW
[04:45:24] 🧹 Deduping shows
[04:45:24] ✅ DONE | Shows=1561 | Movies=53
[08:25:42] 🚀 SCRIPT STARTED
[08:25:42] [1/296] CDCA
[08:25:42] 🧠 New identity created
[08:25:43] [2/296] MNSR
[08:25:44] [3/296] CSSL
[08:25:45] [4/296] BGGM
[08:25:46] [5/296] MANT
[08:25:47] [6/296] SOOY
[08:25:48] [7/296] VPPK
[08:25:49] [8/296] MYHJ
[08:25:49] [9/296] KSCK
[08:25:50] [10/296] KATK
[08:25:51] [11/296] RTRT
[08:25:52] [12/296] SSTT
[08:25:53] [13/296] SSTV
[08:25:54] [14/296] LACM
[08:25:55] [15/296] SGMG
[08:25:55] [16/296] KACX
[08:25:56] [17/296] GVCP
[08:25:57] [18/296] CSNC
[08:25:58] [19/296] SXCB
[08:25:59] [20/296] BAHS
[08:26:00] [21/296] PCBI
[08:26:01] [22/296] PSSM
[08:26:02] [23/296] RCOK
[08:26:03] [24/296] SCPF
[08:26:04] [25/296] SSAS
[08:26:04] [26/296] EVMM
[08:26:05] [27/296] SYCB
[08:26:07] [28/296] GCKI
[08:26:07] [29/296] IAET
[08:26:08] [30/296] DDTD
[08:26:09] [31/296] GMDH
[08:26:10] [32/296] STLE
[08:26:11] [33/296] JTRA
[08:26:12] [34/296] RPPA
[08:26:13] [35/296] ARUT
[08:26:13] [36/296] JTVM
[08:26:14] [37/296] SWRH
[08:26:15] [38/296] DCPC
[08:26:16] [39/296] RAPR
[08:26:17] [40/296] GCRT
[08:26:18] [41/296] ATUN
[08:26:18] [42/296] LTRM
[08:26:19] [43/296] TASR
[08:26:20] [44/296] RLLC
[08:26:21] [45/296] MABI
[08:26:22] [46/296] SVHB
[08:26:23] [47/296] NVTB
[08:26:24] [48/296] KCKG
[08:26:25] [49/296] SSRN
[08:26:26] [50/296] VDDC
[08:26:26] [51/296] GKTK
[08:26:27] [52/296] YFSN
[08:26:28] [53/296] GCSG
[08:26:29] [54/296] ESSM
[08:26:30] [55/296] KRIH
[08:26:31] [56/296] GCDS
[08:26:31] [57/296] CCSH
[08:26:32] [58/296] ACSK
[08:26:33] [59/296] APRK
[08:26:35] [60/296] ADKM
[08:26:36] [61/296] SRDM
[08:26:37] [62/296] RMOG
[08:26:38] [63/296] SJMY
[08:26:39] [64/296] PGGC
[08:26:40] [65/296] INGM
[08:26:41] [66/296] LSCB
[08:26:42] [67/296] STAD
[08:26:43] [68/296] MCCR
[08:26:43] [69/296] ABCC
[08:26:44] [70/296] RKCC
[08:26:45] [71/296] RTCR
[08:26:46] [72/296] GGBC
[08:26:47] [73/296] GCSD
[08:26:48] [74/296] LPTY
[08:26:49] [75/296] MCFD
[08:26:50] [76/296] HENN
[08:26:51] [77/296] SMKU
[08:26:52] [78/296] TNZC
[08:26:52] [79/296] DRCD
[08:26:53] [80/296] DLCD
[08:26:54] [81/296] RCDA
[08:26:55] [82/296] COSM
[08:26:56] [83/296] MCMJ
[08:26:57] [84/296] CSTR
[08:26:58] [85/296] CVDK
[08:26:58] [86/296] INRR
[08:26:59] [87/296] RJRT
[08:27:00] [88/296] IRMR
[08:27:01] [89/296] SRCF
[08:27:02] [90/296] GRCR
[08:27:03] [91/296] SURC
[08:27:03] [92/296] NMNH
[08:27:04] [93/296] SVBL
[08:27:05] [94/296] KACI
[08:27:06] [95/296] TDGO
[08:27:07] [96/296] KTBR
[08:27:08] [97/296] PMAD
[08:27:09] [98/296] CCPN
[08:27:09] [99/296] SBTK
[08:27:10] [100/296] LMDK
[08:27:11] [101/296] PGDA
[08:27:12] [102/296] SRML
[08:27:13] [103/296] EVCK
[08:27:13] [104/296] RTTK
[08:27:14] [105/296] SRTU
[08:27:15] [106/296] VRSA
[08:27:16] [107/296] VARS
[08:27:17] [108/296] DSCZ
[08:27:18] [109/296] GAGA
[08:27:19] [110/296] SARV
[08:27:20] [111/296] SEEG
[08:27:20] [112/296] GLCA
[08:27:21] [113/296] APAS
[08:27:22] [114/296] VCIA
[08:27:23] [115/296] SJTA
[08:27:24] [116/296] SABM
[08:27:25] [117/296] PPAG
[08:27:26] [118/296] RVCA
[08:27:26] [119/296] CCIA
[08:27:27] [120/296] HTAG
[08:27:28] [121/296] SMBI
[08:27:29] [122/296] MCJR
[08:27:30] [123/296] CCJR
[08:27:30] [124/296] SINF
[08:27:31] [125/296] CPLX
[08:27:32] [126/296] KKTJ
[08:27:33] [127/296] GDBW
[08:27:34] [128/296] CSUB
[08:27:35] [129/296] DABA
[08:27:36] [130/296] TITR
[08:27:37] [131/296] NYCR
[08:27:38] [132/296] RTRY
[08:27:39] [133/296] JTJL
[08:27:40] [134/296] SJCP
[08:27:41] [135/296] KCCA
[08:27:42] [136/296] MLPG
[08:27:43] [137/296] VRCK
[08:27:43] [138/296] SRIN
[08:27:44] [139/296] CXMK
[08:27:45] [140/296] SKAD
[08:27:46] [141/296] AVTR
[08:27:47] [142/296] PTAJ
[08:27:48] [143/296] SCNK
[08:27:49] [144/296] STTI
[08:27:49] [145/296] KACR
[08:27:50] [146/296] SSDX
[08:27:51] [147/296] VRTJ
[08:27:52] [148/296] RAJD
[08:27:53] [149/296] SCIP
[08:27:54] [150/296] RJSL
[08:27:54] [151/296] ARRS
[08:27:55] [152/296] ASMS
[08:27:56] [153/296] RDTS
[08:27:57] [154/296] DVMY
[08:27:58] [155/296] RASA
[08:27:59] [156/296] INOM
[08:28:00] [157/296] SPRS
[08:28:00] [158/296] SGCS
[08:28:01] [159/296] SALM
[08:28:02] [160/296] PKHC
[08:28:03] [161/296] RCSV
[08:28:05] [162/296] CPKC
[08:28:06] [163/296] AACD
[08:28:07] [164/296] GGCV
[08:28:07] [165/296] SMKD
[08:28:08] [166/296] NBCH
[08:28:09] [167/296] AMCB
[08:28:10] [168/296] OPCN
[08:28:11] [169/296] DCIN
[08:28:12] [170/296] INGW
[08:28:13] [171/296] PKKW
[08:28:15] [172/296] FNGW
[08:28:16] [173/296] GCGD
[08:28:17] [174/296] MSTW
[08:28:17] [175/296] KCCG
[08:28:18] [176/296] MRSS
[08:28:20] [177/296] CLCF
[08:28:21] [178/296] EETS
[08:28:22] [179/296] AATR
[08:28:22] [180/296] CMMN
[08:28:24] [181/296] SCCJ
[08:28:25] [182/296] CDTK
[08:28:26] [183/296] AICP
[08:28:26] [184/296] FNBP
[08:28:27] [185/296] CBPB
[08:28:28] [186/296] CPAS
[08:28:29] [187/296] MAPM
[08:28:30] [188/296] PASD
[08:28:31] [189/296] JCMN
[08:28:32] [190/296] MALB
[08:28:33] [191/296] SACG
[08:28:33] [192/296] DDRX
[08:28:34] [193/296] DDXB
[08:28:35] [194/296] RAMC
[08:28:36] [195/296] SANC
[08:28:36] [196/296] BCBP
[08:28:37] [197/296] ALPC
[08:28:38] [198/296] RBAC
[08:28:39] [199/296] RAJL
[08:28:40] [200/296] MPDX
[08:28:41] [201/296] MUSC
[08:28:42] [202/296] VKMK
[08:28:43] [203/296] SKCG
[08:28:44] [204/296] ANCN
[08:28:45] [205/296] MMCJ
[08:28:46] [206/296] DCAK
[08:28:47] [207/296] SCKG
[08:28:48] [208/296] LMCK
[08:28:48] [209/296] CKKX
[08:28:49] [210/296] ANKU
[08:28:50] [211/296] CSMD
[08:28:52] [212/296] MKMP
[08:28:53] [213/296] SVBG
[08:28:54] [214/296] ROOP
[08:28:55] [215/296] GDMT
[08:28:56] [216/296] FPPF
[08:28:57] [217/296] SFUU
[08:28:58] [218/296] ANCB
[08:28:59] [219/296] SMMC
[08:29:00] [220/296] UGKT
[08:29:01] [221/296] JVRM
[08:29:02] [222/296] BATG
[08:29:03] [223/296] RATE
[08:29:04] [224/296] SKME
[08:29:05] [225/296] LMTP
[08:29:06] [226/296] TCBD
[08:29:07] [227/296] ESBD
[08:29:08] [228/296] GDCU
[08:29:08] [229/296] SNKT
[08:29:09] [230/296] SRNK
[08:29:10] [231/296] SMED
[08:29:11] [232/296] CSQS
[08:29:12] [233/296] ALCS
[08:29:13] [234/296] KCKN
[08:29:14] [235/296] VCCL
[08:29:14] [236/296] MCDA
[08:29:15] [237/296] SHMI
[08:29:16] [238/296] SKHA
[08:29:17] [239/296] SVFK
[08:29:18] [240/296] INVB
[08:29:19] [241/296] MELD
[08:29:20] [242/296] JTYS
[08:29:21] [243/296] INCM
[08:29:22] [244/296] MCDV
[08:29:23] [245/296] KSGK
[08:29:23] [246/296] ICMG
[08:29:24] [247/296] CSCV
[08:29:26] [248/296] STMD
[08:29:26] [249/296] STTR
[08:29:27] [250/296] INVC
[08:29:28] [251/296] JTBL
[08:29:29] [252/296] SRVV
[08:29:30] [253/296] MAVC
[08:29:31] [254/296] SRPP
[08:29:32] [255/296] JGDM
[08:29:32] [256/296] MBSJ
[08:29:33] [257/296] SSLL
[08:29:34] [258/296] SLKP
[08:29:35] [259/296] NSRV
[08:29:36] [260/296] UTDV
[08:29:37] [261/296] KICM
[08:29:38] [262/296] KCMD
[08:29:39] [263/296] TTPP
[08:29:40] [264/296] KMPV
[08:29:41] [265/296] SKTV
[08:29:41] [266/296] STCV
[08:29:42] [267/296] SRDA
[08:29:43] [268/296] JTSX
[08:29:44] [269/296] STBV
[08:29:45] [270/296] APVZ
[08:29:46] [271/296] GSTV
[08:29:48] [272/296] NMVS
[08:29:50] [273/296] SKRT
[08:29:51] [274/296] RMDV
[08:29:52] [275/296] RATG
[08:29:53] [276/296] SJYV
[08:29:54] [277/296] NDGP
[08:29:55] [278/296] SNDG
[08:29:56] [279/296] INSR
[08:29:57] [280/296] INSO
[08:29:57] [281/296] CCSI
[08:29:58] [282/296] RASM
[08:29:59] [283/296] NEWC
[08:30:00] [284/296] VSHL
[08:30:01] [285/296] BISW
[08:30:02] [286/296] GCNG
[08:30:03] [287/296] CWSC
[08:30:03] [288/296] SKAN
[08:30:04] [289/296] SEHP
[08:30:05] [290/296] CCOA
[08:30:06] [291/296] MCAJ
[08:30:07] [292/296] ACDE
[08:30:08] [293/296] AACM
[08:30:09] [294/296] JJCK
[08:30:10] [295/296] RCMO
[08:30:11] [296/296] GDAW
[08:30:13] 🧹 Deduping shows
[08:30:13] ✅ DONE | Shows=1561 | Movies=53
[09:30:53] 🚀 SCRIPT STARTED
[09:30:53] [1/296] CDCA
[09:30:53] 🧠 New identity created
[09:30:54] [2/296] MNSR
[09:30:55] [3/296] CSSL
[09:30:56] [4/296] BGGM
[09:30:57] [5/296] MANT
[09:30:58] [6/296] SOOY
[09:30:59] [7/296] VPPK
[09:31:00] [8/296] MYHJ
[09:31:01] [9/296] KSCK
[09:31:01] [10/296] KATK
[09:31:02] [11/296] RTRT
[09:31:03] [12/296] SSTT
[09:31:04] [13/296] SSTV
[09:31:05] [14/296] LACM
[09:31:06] [15/296] SGMG
[09:31:07] [16/296] KACX
[09:31:08] [17/296] GVCP
[09:31:09] [18/296] CSNC
[09:31:10] [19/296] SXCB
[09:31:11] [20/296] BAHS
[09:31:12] [21/296] PCBI
[09:31:13] [22/296] PSSM
[09:31:14] [23/296] RCOK
[09:31:15] [24/296] SCPF
[09:31:16] [25/296] SSAS
[09:31:17] [26/296] EVMM
[09:31:18] [27/296] SYCB
[09:31:18] [28/296] GCKI
[09:31:19] [29/296] IAET
[09:31:20] [30/296] DDTD
[09:31:21] [31/296] GMDH
[09:31:22] [32/296] STLE
[09:31:22] [33/296] JTRA
[09:31:23] [34/296] RPPA
[09:31:24] [35/296] ARUT
[09:31:25] [36/296] JTVM
[09:31:26] [37/296] SWRH
[09:31:27] [38/296] DCPC
[09:31:28] [39/296] RAPR
[09:31:28] [40/296] GCRT
[09:31:29] [41/296] ATUN
[09:31:30] [42/296] LTRM
[09:31:31] [43/296] TASR
[09:31:32] [44/296] RLLC
[09:31:33] [45/296] MABI
[09:31:35] [46/296] SVHB
[09:31:36] [47/296] NVTB
[09:31:37] [48/296] KCKG
[09:31:38] [49/296] SSRN
[09:31:38] [50/296] VDDC
[09:31:39] [51/296] GKTK
[09:31:41] [52/296] YFSN
[09:31:41] [53/296] GCSG
[09:31:42] [54/296] ESSM
[09:31:43] [55/296] KRIH
[09:31:45] [56/296] GCDS
[09:31:45] [57/296] CCSH
[09:31:46] [58/296] ACSK
[09:31:47] [59/296] APRK
[09:31:48] [60/296] ADKM
[09:31:49] [61/296] SRDM
[09:31:49] [62/296] RMOG
[09:31:50] [63/296] SJMY
[09:31:51] [64/296] PGGC
[09:31:52] [65/296] INGM
[09:31:52] [66/296] LSCB
[09:31:53] [67/296] STAD
[09:31:54] [68/296] MCCR
[09:31:55] [69/296] ABCC
[09:31:56] [70/296] RKCC
[09:31:57] [71/296] RTCR
[09:31:57] [72/296] GGBC
[09:31:58] [73/296] GCSD
[09:31:59] [74/296] LPTY
[09:32:00] [75/296] MCFD
[09:32:01] [76/296] HENN
[09:32:01] [77/296] SMKU
[09:32:02] [78/296] TNZC
[09:32:03] [79/296] DRCD
[09:32:04] [80/296] DLCD
[09:32:05] [81/296] RCDA
[09:32:06] [82/296] COSM
[09:32:08] [83/296] MCMJ
[09:32:08] [84/296] CSTR
[09:32:09] [85/296] CVDK
[09:32:10] [86/296] INRR
[09:32:11] [87/296] RJRT
[09:32:12] [88/296] IRMR
[09:32:13] [89/296] SRCF
[09:32:13] [90/296] GRCR
[09:32:14] [91/296] SURC
[09:32:15] [92/296] NMNH
[09:32:16] [93/296] SVBL
[09:32:17] [94/296] KACI
[09:32:18] [95/296] TDGO
[09:32:19] [96/296] KTBR
[09:32:20] [97/296] PMAD
[09:32:21] [98/296] CCPN
[09:32:22] [99/296] SBTK
[09:32:23] [100/296] LMDK
[09:32:24] [101/296] PGDA
[09:32:25] [102/296] SRML
[09:32:26] [103/296] EVCK
[09:32:26] [104/296] RTTK
[09:32:27] [105/296] SRTU
[09:32:28] [106/296] VRSA
[09:32:30] [107/296] VARS
[09:32:30] [108/296] DSCZ
[09:32:32] [109/296] GAGA
[09:32:33] [110/296] SARV
[09:32:33] [111/296] SEEG
[09:32:34] [112/296] GLCA
[09:32:35] [113/296] APAS
[09:32:37] [114/296] VCIA
[09:32:38] [115/296] SJTA
[09:32:38] [116/296] SABM
[09:32:39] [117/296] PPAG
[09:32:40] [118/296] RVCA
[09:32:41] [119/296] CCIA
[09:32:42] [120/296] HTAG
[09:32:43] [121/296] SMBI
[09:32:44] [122/296] MCJR
[09:32:45] [123/296] CCJR
[09:32:46] [124/296] SINF
[09:32:47] [125/296] CPLX
[09:32:47] [126/296] KKTJ
[09:32:48] [127/296] GDBW
[09:32:49] [128/296] CSUB
[09:32:50] [129/296] DABA
[09:32:51] [130/296] TITR
[09:32:52] [131/296] NYCR
[09:32:52] [132/296] RTRY
[09:32:53] [133/296] JTJL
[09:32:54] [134/296] SJCP
[09:32:55] [135/296] KCCA
[09:32:56] [136/296] MLPG
[09:32:56] [137/296] VRCK
[09:32:57] [138/296] SRIN
[09:32:58] [139/296] CXMK
[09:32:59] [140/296] SKAD
[09:33:00] [141/296] AVTR
[09:33:01] [142/296] PTAJ
[09:33:02] [143/296] SCNK
[09:33:03] [144/296] STTI
[09:33:04] [145/296] KACR
[09:33:05] [146/296] SSDX
[09:33:06] [147/296] VRTJ
[09:33:07] [148/296] RAJD
[09:33:07] [149/296] SCIP
[09:33:08] [150/296] RJSL
[09:33:09] [151/296] ARRS
[09:33:11] [152/296] ASMS
[09:33:11] [153/296] RDTS
[09:33:12] [154/296] DVMY
[09:33:13] [155/296] RASA
[09:33:14] [156/296] INOM
[09:33:14] [157/296] SPRS
[09:33:15] [158/296] SGCS
[09:33:16] [159/296] SALM
[09:33:17] [160/296] PKHC
[09:33:18] [161/296] RCSV
[09:33:19] [162/296] CPKC
[09:33:20] [163/296] AACD
[09:33:21] [164/296] GGCV
[09:33:21] [165/296] SMKD
[09:33:22] [166/296] NBCH
[09:33:23] [167/296] AMCB
[09:33:24] [168/296] OPCN
[09:33:24] [169/296] DCIN
[09:33:25] [170/296] INGW
[09:33:26] [171/296] PKKW
[09:33:27] [172/296] FNGW
[09:33:28] [173/296] GCGD
[09:33:28] [174/296] MSTW
[09:33:29] [175/296] KCCG
[09:33:30] [176/296] MRSS
[09:33:31] [177/296] CLCF
[09:33:31] [178/296] EETS
[09:33:32] [179/296] AATR
[09:33:33] [180/296] CMMN
[09:33:34] [181/296] SCCJ
[09:33:35] [182/296] CDTK
[09:33:36] [183/296] AICP
[09:33:36] [184/296] FNBP
[09:33:37] [185/296] CBPB
[09:33:38] [186/296] CPAS
[09:33:39] [187/296] MAPM
[09:33:40] [188/296] PASD
[09:33:40] [189/296] JCMN
[09:33:41] [190/296] MALB
[09:33:43] [191/296] SACG
[09:33:44] [192/296] DDRX
[09:33:44] [193/296] DDXB
[09:33:45] [194/296] RAMC
[09:33:46] [195/296] SANC
[09:33:47] [196/296] BCBP
[09:33:48] [197/296] ALPC
[09:33:49] [198/296] RBAC
[09:33:50] [199/296] RAJL
[09:33:51] [200/296] MPDX
[09:33:52] [201/296] MUSC
[09:33:53] [202/296] VKMK
[09:33:55] [203/296] SKCG
[09:33:55] [204/296] ANCN
[09:33:56] [205/296] MMCJ
[09:33:57] [206/296] DCAK
[09:33:58] [207/296] SCKG
[09:33:58] [208/296] LMCK
[09:33:59] [209/296] CKKX
[09:34:00] [210/296] ANKU
[09:34:01] [211/296] CSMD
[09:34:02] [212/296] MKMP
[09:34:03] [213/296] SVBG
[09:34:03] [214/296] ROOP
[09:34:04] [215/296] GDMT
[09:34:05] [216/296] FPPF
[09:34:06] [217/296] SFUU
[09:34:07] [218/296] ANCB
[09:34:08] [219/296] SMMC
[09:34:09] [220/296] UGKT
[09:34:10] [221/296] JVRM
[09:34:10] [222/296] BATG
[09:34:11] [223/296] RATE
[09:34:13] [224/296] SKME
[09:34:14] [225/296] LMTP
[09:34:15] [226/296] TCBD
[09:34:15] [227/296] ESBD
[09:34:16] [228/296] GDCU
[09:34:17] [229/296] SNKT
[09:34:18] [230/296] SRNK
[09:34:19] [231/296] SMED
[09:34:19] [232/296] CSQS
[09:34:20] [233/296] ALCS
[09:34:21] [234/296] KCKN
[09:34:23] [235/296] VCCL
[09:34:23] [236/296] MCDA
[09:34:24] [237/296] SHMI
[09:34:25] [238/296] SKHA
[09:34:26] [239/296] SVFK
[09:34:27] [240/296] INVB
[09:34:28] [241/296] MELD
[09:34:29] [242/296] JTYS
[09:34:30] [243/296] INCM
[09:34:31] [244/296] MCDV
[09:34:31] [245/296] KSGK
[09:34:32] [246/296] ICMG
[09:34:33] [247/296] CSCV
[09:34:34] [248/296] STMD
[09:34:35] [249/296] STTR
[09:34:36] [250/296] INVC
[09:34:37] [251/296] JTBL
[09:34:38] [252/296] SRVV
[09:34:39] [253/296] MAVC
[09:34:39] [254/296] SRPP
[09:34:41] [255/296] JGDM
[09:34:41] [256/296] MBSJ
[09:34:42] [257/296] SSLL
[09:34:43] [258/296] SLKP
[09:34:44] [259/296] NSRV
[09:34:45] [260/296] UTDV
[09:34:45] [261/296] KICM
[09:34:46] [262/296] KCMD
[09:34:47] [263/296] TTPP
[09:34:48] [264/296] KMPV
[09:34:49] [265/296] SKTV
[09:34:50] [266/296] STCV
[09:34:51] [267/296] SRDA
[09:34:52] [268/296] JTSX
[09:34:54] [269/296] STBV
[09:34:55] [270/296] APVZ
[09:34:56] [271/296] GSTV
[09:34:56] [272/296] NMVS
[09:34:57] [273/296] SKRT
[09:34:58] [274/296] RMDV
[09:34:59] [275/296] RATG
[09:35:00] [276/296] SJYV
[09:35:00] [277/296] NDGP
[09:35:01] [278/296] SNDG
[09:35:02] [279/296] INSR
[09:35:03] [280/296] INSO
[09:35:03] [281/296] CCSI
[09:35:04] [282/296] RASM
[09:35:05] [283/296] NEWC
[09:35:06] [284/296] VSHL
[09:35:06] [285/296] BISW
[09:35:08] [286/296] GCNG
[09:35:09] [287/296] CWSC
[09:35:10] [288/296] SKAN
[09:35:10] [289/296] SEHP
[09:35:11] [290/296] CCOA
[09:35:12] [291/296] MCAJ
[09:35:13] [292/296] ACDE
[09:35:13] [293/296] AACM
[09:35:14] [294/296] JJCK
[09:35:15] [295/296] RCMO
[09:35:16] [296/296] GDAW
[09:35:17] 🧹 Deduping shows
[09:35:17] ✅ DONE | Shows=1565 | Movies=53
[10:47:27] 🚀 SCRIPT STARTED
[10:47:27] [1/296] CDCA
[10:47:27] 🧠 New identity created
[10:47:28] [2/296] MNSR
[10:47:29] [3/296] CSSL
[10:47:30] [4/296] BGGM
[10:47:31] [5/296] MANT
[10:47:32] [6/296] SOOY
[10:47:32] [7/296] VPPK
[10:47:33] [8/296] MYHJ
[10:47:34] [9/296] KSCK
[10:47:35] [10/296] KATK
[10:47:36] [11/296] RTRT
[10:47:38] [12/296] SSTT
[10:47:39] [13/296] SSTV
[10:47:39] [14/296] LACM
[10:47:40] [15/296] SGMG
[10:47:41] [16/296] KACX
[10:47:42] [17/296] GVCP
[10:47:44] [18/296] CSNC
[10:47:45] [19/296] SXCB
[10:47:46] [20/296] BAHS
[10:47:48] [21/296] PCBI
[10:47:49] [22/296] PSSM
[10:47:51] [23/296] RCOK
[10:47:51] [24/296] SCPF
[10:47:53] [25/296] SSAS
[10:47:54] [26/296] EVMM
[10:47:55] [27/296] SYCB
[10:47:56] [28/296] GCKI
[10:47:57] [29/296] IAET
[10:47:58] [30/296] DDTD
[10:47:59] [31/296] GMDH
[10:47:59] [32/296] STLE
[10:48:00] [33/296] JTRA
[10:48:01] [34/296] RPPA
[10:48:02] [35/296] ARUT
[10:48:04] [36/296] JTVM
[10:48:05] [37/296] SWRH
[10:48:05] [38/296] DCPC
[10:48:06] [39/296] RAPR
[10:48:07] [40/296] GCRT
[10:48:08] [41/296] ATUN
[10:48:09] [42/296] LTRM
[10:48:10] [43/296] TASR
[10:48:11] [44/296] RLLC
[10:48:12] [45/296] MABI
[10:48:13] [46/296] SVHB
[10:48:13] [47/296] NVTB
[10:48:14] [48/296] KCKG
[10:48:15] [49/296] SSRN
[10:48:16] [50/296] VDDC
[10:48:17] [51/296] GKTK
[10:48:18] [52/296] YFSN
[10:48:19] [53/296] GCSG
[10:48:20] [54/296] ESSM
[10:48:21] [55/296] KRIH
[10:48:21] [56/296] GCDS
[10:48:22] [57/296] CCSH
[10:48:24] [58/296] ACSK
[10:48:25] [59/296] APRK
[10:48:26] [60/296] ADKM
[10:48:26] [61/296] SRDM
[10:48:27] [62/296] RMOG
[10:48:28] [63/296] SJMY
[10:48:30] [64/296] PGGC
[10:48:31] [65/296] INGM
[10:48:33] [66/296] LSCB
[10:48:34] [67/296] STAD
[10:48:35] [68/296] MCCR
[10:48:35] [69/296] ABCC
[10:48:36] [70/296] RKCC
[10:48:38] [71/296] RTCR
[10:48:39] [72/296] GGBC
[10:48:40] [73/296] GCSD
[10:48:41] [74/296] LPTY
[10:48:41] [75/296] MCFD
[10:48:42] [76/296] HENN
[10:48:43] [77/296] SMKU
[10:48:44] [78/296] TNZC
[10:48:45] [79/296] DRCD
[10:48:46] [80/296] DLCD
[10:48:47] [81/296] RCDA
[10:48:48] [82/296] COSM
[10:48:49] [83/296] MCMJ
[10:48:50] [84/296] CSTR
[10:48:50] [85/296] CVDK
[10:48:51] [86/296] INRR
[10:48:52] [87/296] RJRT
[10:48:53] [88/296] IRMR
[10:48:54] [89/296] SRCF
[10:48:55] [90/296] GRCR
[10:48:56] [91/296] SURC
[10:48:57] [92/296] NMNH
[10:48:57] [93/296] SVBL
[10:48:58] [94/296] KACI
[10:48:59] [95/296] TDGO
[10:49:00] [96/296] KTBR
[10:49:01] [97/296] PMAD
[10:49:02] [98/296] CCPN
[10:49:02] [99/296] SBTK
[10:49:03] [100/296] LMDK
[10:49:04] [101/296] PGDA
[10:49:05] [102/296] SRML
[10:49:06] [103/296] EVCK
[10:49:07] [104/296] RTTK
[10:49:08] [105/296] SRTU
[10:49:09] [106/296] VRSA
[10:49:10] [107/296] VARS
[10:49:11] [108/296] DSCZ
[10:49:12] [109/296] GAGA
[10:49:13] [110/296] SARV
[10:49:14] [111/296] SEEG
[10:49:15] [112/296] GLCA
[10:49:16] [113/296] APAS
[10:49:17] [114/296] VCIA
[10:49:18] [115/296] SJTA
[10:49:18] [116/296] SABM
[10:49:19] [117/296] PPAG
[10:49:20] [118/296] RVCA
[10:49:22] [119/296] CCIA
[10:49:23] [120/296] HTAG
[10:49:24] [121/296] SMBI
[10:49:25] [122/296] MCJR
[10:49:26] [123/296] CCJR
[10:49:27] [124/296] SINF
[10:49:28] [125/296] CPLX
[10:49:30] [126/296] KKTJ
[10:49:31] [127/296] GDBW
[10:49:32] [128/296] CSUB
[10:49:33] [129/296] DABA
[10:49:34] [130/296] TITR
[10:49:34] [131/296] NYCR
[10:49:35] [132/296] RTRY
[10:49:36] [133/296] JTJL
[10:49:38] [134/296] SJCP
[10:49:39] [135/296] KCCA
[10:49:39] [136/296] MLPG
[10:49:40] [137/296] VRCK
[10:49:41] [138/296] SRIN
[10:49:42] [139/296] CXMK
[10:49:43] [140/296] SKAD
[10:49:45] [141/296] AVTR
[10:49:45] [142/296] PTAJ
[10:49:46] [143/296] SCNK
[10:49:47] [144/296] STTI
[10:49:48] [145/296] KACR
[10:49:50] [146/296] SSDX
[10:49:51] [147/296] VRTJ
[10:49:52] [148/296] RAJD
[10:49:52] [149/296] SCIP
[10:49:53] [150/296] RJSL
[10:49:54] [151/296] ARRS
[10:49:55] [152/296] ASMS
[10:49:56] [153/296] RDTS
[10:49:57] [154/296] DVMY
[10:49:59] [155/296] RASA
[10:50:00] [156/296] INOM
[10:50:00] [157/296] SPRS
[10:50:01] [158/296] SGCS
[10:50:02] [159/296] SALM
[10:50:04] [160/296] PKHC
[10:50:04] [161/296] RCSV
[10:50:05] [162/296] CPKC
[10:50:06] [163/296] AACD
[10:50:07] [164/296] GGCV
[10:50:08] [165/296] SMKD
[10:50:09] [166/296] NBCH
[10:50:10] [167/296] AMCB
[10:50:11] [168/296] OPCN
[10:50:12] [169/296] DCIN
[10:50:14] [170/296] INGW
[10:50:14] [171/296] PKKW
[10:50:15] [172/296] FNGW
[10:50:16] [173/296] GCGD
[10:50:18] [174/296] MSTW
[10:50:19] [175/296] KCCG
[10:50:21] [176/296] MRSS
[10:50:22] [177/296] CLCF
[10:50:23] [178/296] EETS
[10:50:24] [179/296] AATR
[10:50:24] [180/296] CMMN
[10:50:25] [181/296] SCCJ
[10:50:27] [182/296] CDTK
[10:50:28] [183/296] AICP
[10:50:29] [184/296] FNBP
[10:50:30] [185/296] CBPB
[10:50:31] [186/296] CPAS
[10:50:31] [187/296] MAPM
[10:50:32] [188/296] PASD
[10:50:33] [189/296] JCMN
[10:50:34] [190/296] MALB
[10:50:35] [191/296] SACG
[10:50:36] [192/296] DDRX
[10:50:37] [193/296] DDXB
[10:50:37] [194/296] RAMC
[10:50:38] [195/296] SANC
[10:50:39] [196/296] BCBP
[10:50:40] [197/296] ALPC
[10:50:41] [198/296] RBAC
[10:50:42] [199/296] RAJL
[10:50:43] [200/296] MPDX
[10:50:44] [201/296] MUSC
[10:50:46] [202/296] VKMK
[10:50:47] [203/296] SKCG
[10:50:48] [204/296] ANCN
[10:50:48] [205/296] MMCJ
[10:50:49] [206/296] DCAK
[10:50:50] [207/296] SCKG
[10:50:52] [208/296] LMCK
[10:50:52] [209/296] CKKX
[10:50:53] [210/296] ANKU
[10:50:55] [211/296] CSMD
[10:50:56] [212/296] MKMP
[10:50:57] [213/296] SVBG
[10:50:58] [214/296] ROOP
[10:50:59] [215/296] GDMT
[10:51:00] [216/296] FPPF
[10:51:01] [217/296] SFUU
[10:51:01] [218/296] ANCB
[10:51:02] [219/296] SMMC
[10:51:04] [220/296] UGKT
[10:51:05] [221/296] JVRM
[10:51:06] [222/296] BATG
[10:51:07] [223/296] RATE
[10:51:08] [224/296] SKME
[10:51:09] [225/296] LMTP
[10:51:10] [226/296] TCBD
[10:51:11] [227/296] ESBD
[10:51:12] [228/296] GDCU
[10:51:13] [229/296] SNKT
[10:51:13] [230/296] SRNK
[10:51:14] [231/296] SMED
[10:51:15] [232/296] CSQS
[10:51:16] [233/296] ALCS
[10:51:18] [234/296] KCKN
[10:51:19] [235/296] VCCL
[10:51:20] [236/296] MCDA
[10:51:20] [237/296] SHMI
[10:51:21] [238/296] SKHA
[10:51:22] [239/296] SVFK
[10:51:23] [240/296] INVB
[10:51:24] [241/296] MELD
[10:51:24] [242/296] JTYS
[10:51:25] [243/296] INCM
[10:51:26] [244/296] MCDV
[10:51:27] [245/296] KSGK
[10:51:28] [246/296] ICMG
[10:51:29] [247/296] CSCV
[10:51:30] [248/296] STMD
[10:51:31] [249/296] STTR
[10:51:31] [250/296] INVC
[10:51:32] [251/296] JTBL
[10:51:33] [252/296] SRVV
[10:51:34] [253/296] MAVC
[10:51:35] [254/296] SRPP
[10:51:36] [255/296] JGDM
[10:51:37] [256/296] MBSJ
[10:51:38] [257/296] SSLL
[10:51:38] [258/296] SLKP
[10:51:39] [259/296] NSRV
[10:51:40] [260/296] UTDV
[10:51:41] [261/296] KICM
[10:51:42] [262/296] KCMD
[10:51:43] [263/296] TTPP
[10:51:44] [264/296] KMPV
[10:51:45] [265/296] SKTV
[10:51:46] [266/296] STCV
[10:51:47] [267/296] SRDA
[10:51:48] [268/296] JTSX
[10:51:49] [269/296] STBV
[10:51:49] [270/296] APVZ
[10:51:50] [271/296] GSTV
[10:51:51] [272/296] NMVS
[10:51:52] [273/296] SKRT
[10:51:53] [274/296] RMDV
[10:51:54] [275/296] RATG
[10:51:55] [276/296] SJYV
[10:51:55] [277/296] NDGP
[10:51:56] [278/296] SNDG
[10:51:58] [279/296] INSR
[10:51:59] [280/296] INSO
[10:52:00] [281/296] CCSI
[10:52:01] [282/296] RASM
[10:52:01] [283/296] NEWC
[10:52:02] [284/296] VSHL
[10:52:03] [285/296] BISW
[10:52:04] [286/296] GCNG
[10:52:05] [287/296] CWSC
[10:52:06] [288/296] SKAN
[10:52:06] [289/296] SEHP
[10:52:07] [290/296] CCOA
[10:52:08] [291/296] MCAJ
[10:52:09] [292/296] ACDE
[10:52:10] [293/296] AACM
[10:52:11] [294/296] JJCK
[10:52:12] [295/296] RCMO
[10:52:13] [296/296] GDAW
[10:52:15] 🧹 Deduping shows
[10:52:15] ✅ DONE | Shows=1584 | Movies=53
