[02:40:30] 🚀 SCRIPT STARTED
[02:40:30] [1/324] GCTA
[02:40:30] 🧠 New identity created
[02:40:31] [2/324] TOPN
[02:40:32] [3/324] MCUS
[02:40:33] [4/324] SHRL
[02:40:34] [5/324] UPTP
[02:40:35] [6/324] TMMP
[02:40:37] [7/324] DNRP
[02:40:37] [8/324] SRLT
[02:40:38] [9/324] RCNS
[02:40:39] [10/324] DCBH
[02:40:40] [11/324] NAGJ
[02:40:41] [12/324] JVRC
[02:40:42] [13/324] KRJG
[02:40:42] [14/324] SRTJ
[02:40:43] [15/324] CMXM
[02:40:44] [16/324] STMI
[02:40:45] [17/324] SLST
[02:40:46] [18/324] DTCN
[02:40:48] [19/324] STYN
[02:40:49] [20/324] SZVR
[02:40:49] [21/324] SRKO
[02:40:50] [22/324] JTGT
[02:40:51] [23/324] SVFD
[02:40:52] [24/324] SISD
[02:40:53] [25/324] ABDD
[02:40:54] [26/324] DRCA
[02:40:55] [27/324] AVCS
[02:40:56] [28/324] MVKH
[02:40:56] [29/324] ACPR
[02:40:57] [30/324] STIP
[02:40:59] [31/324] MTRA
[02:40:59] [32/324] RMKH
[02:41:00] [33/324] NKRL
[02:41:01] [34/324] PCWN
[02:41:02] [35/324] BLMT
[02:41:03] [36/324] GDPG
[02:41:04] [37/324] SRMX
[02:41:05] [38/324] JACP
[02:41:07] [39/324] CPSH
[02:41:07] [40/324] MCCD
[02:41:09] [41/324] ECGH
[02:41:09] [42/324] MKCK
[02:41:10] [43/324] SRMM
[02:41:11] [44/324] SKYR
[02:41:12] [45/324] PCKC
[02:41:13] [46/324] JCMA
[02:41:14] [47/324] BSMP
[02:41:14] [48/324] VSPA
[02:41:15] [49/324] DJYA
[02:41:16] [50/324] DIMP
[02:41:17] [51/324] FXDR
[02:41:17] [52/324] SSRC
[02:41:18] [53/324] STHP
[02:41:19] [54/324] CPPD
[02:41:20] [55/324] FCLK
[02:41:21] [56/324] SCPP
[02:41:21] [57/324] DCMJ
[02:41:22] [58/324] RCCR
[02:41:24] [59/324] INMT
[02:41:25] [60/324] LXTK
[02:41:26] [61/324] SRYK
[02:41:27] [62/324] SGDK
[02:41:28] [63/324] PPKA
[02:41:29] [64/324] SPKA
[02:41:30] [65/324] CGHH
[02:41:31] [66/324] DCJN
[02:41:32] [67/324] SRKV
[02:41:33] [68/324] SAJC
[02:41:33] [69/324] SUSR
[02:41:34] [70/324] STYG
[02:41:35] [71/324] NTKP
[02:41:36] [72/324] AKTG
[02:41:37] [73/324] CGCM
[02:41:38] [74/324] TULC
[02:41:39] [75/324] NYYZ
[02:41:40] [76/324] NYBW
[02:41:41] [77/324] MACB
[02:41:42] [78/324] SLVT
[02:41:43] [79/324] SANA
[02:41:44] [80/324] ACMR
[02:41:44] [81/324] CPKN
[02:41:45] [82/324] DLGK
[02:41:46] [83/324] CWCK
[02:41:47] [84/324] FDDH
[02:41:48] [85/324] MMMD
[02:41:48] [86/324] CMEH
[02:41:49] [87/324] GGGV
[02:41:51] [88/324] SPJL
[02:41:52] [89/324] RCCD
[02:41:53] [90/324] STTZ
[02:41:54] [91/324] BTCF
[02:41:55] [92/324] TSTZ
[02:41:55] [93/324] IPMM
[02:41:56] [94/324] PMPW
[02:41:57] [95/324] PCMZ
[02:41:58] [96/324] ESEM
[02:41:59] [97/324] PIPO
[02:41:59] [98/324] MATK
[02:42:00] [99/324] PGHM
[02:42:02] [100/324] CTSR
[02:42:04] [101/324] CYKR
[02:42:04] [102/324] MSCM
[02:42:05] [103/324] RFNP
[02:42:06] [104/324] PDCP
[02:42:07] [105/324] NPSE
[02:42:08] [106/324] MKML
[02:42:09] [107/324] FTDP
[02:42:09] [108/324] MMXA
[02:42:10] [109/324] CEPO
[02:42:11] [110/324] CMVP
[02:42:12] [111/324] SGTH
[02:42:12] [112/324] SAYN
[02:42:13] [113/324] URVS
[02:42:14] [114/324] VJTN
[02:42:15] [115/324] BBYK
[02:42:16] [116/324] SHBO
[02:42:17] [117/324] VCMR
[02:42:18] [118/324] MACT
[02:42:19] [119/324] JMNP
[02:42:19] [120/324] VICS
[02:42:20] [121/324] VCDA
[02:42:21] [122/324] GCMM
[02:42:22] [123/324] INVS
[02:42:23] [124/324] SCGM
[02:42:24] [125/324] PCDA
[02:42:25] [126/324] KDCT
[02:42:25] [127/324] JACS
[02:42:26] [128/324] GMMC
[02:42:27] [129/324] AICM
[02:42:28] [130/324] TJCM
[02:42:28] [131/324] RMTI
[02:42:29] [132/324] SHAC
[02:42:30] [133/324] APJC
[02:42:31] [134/324] GCTG
[02:42:32] [135/324] SSMC
[02:42:33] [136/324] THRM
[02:42:34] [137/324] RBCT
[02:42:35] [138/324] DIKT
[02:42:35] [139/324] MIDL
[02:42:36] [140/324] VCSN
[02:42:37] [141/324] SKTG
[02:42:38] [142/324] SMWC
[02:42:38] [143/324] MNKH
[02:42:39] [144/324] PIAT
[02:42:40] [145/324] LTTP
[02:42:41] [146/324] PTPU
[02:42:42] [147/324] ACMG
[02:42:43] [148/324] SHMM
[02:42:44] [149/324] MCMN
[02:42:44] [150/324] GLDC
[02:42:45] [151/324] HOUT
[02:42:46] [152/324] SVRP
[02:42:47] [153/324] PVDN
[02:42:48] [154/324] SCPY
[02:42:48] [155/324] DTPY
[02:42:49] [156/324] GKCS
[02:42:50] [157/324] NCAM
[02:42:51] [158/324] BSRM
[02:42:52] [159/324] RCLC
[02:42:53] [160/324] SKKD
[02:42:54] [161/324] ACHU
[02:42:54] [162/324] RSCF
[02:42:55] [163/324] IMSH
[02:42:56] [164/324] MACX
[02:42:57] [165/324] HMMW
[02:42:58] [166/324] JTCP
[02:42:59] [167/324] SREN
[02:43:00] [168/324] PJRR
[02:43:01] [169/324] INAC
[02:43:02] [170/324] BMCA
[02:43:03] [171/324] SHCB
[02:43:04] [172/324] GABA
[02:43:04] [173/324] SBCT
[02:43:05] [174/324] GCMA
[02:43:06] [175/324] MYTK
[02:43:07] [176/324] INZS
[02:43:07] [177/324] RMIK
[02:43:08] [178/324] NYCH
[02:43:09] [179/324] RAVE
[02:43:10] [180/324] PSXM
[02:43:11] [181/324] MCGP
[02:43:12] [182/324] PDDK
[02:43:12] [183/324] SPCK
[02:43:13] [184/324] MCRL
[02:43:14] [185/324] MHKT
[02:43:15] [186/324] ANRR
[02:43:16] [187/324] SAPK
[02:43:17] [188/324] NCUK
[02:43:17] [189/324] JUGA
[02:43:19] [190/324] DBSC
[02:43:20] [191/324] LALK
[02:43:20] [192/324] GUCK
[02:43:21] [193/324] STSG
[02:43:23] [194/324] PPPZ
[02:43:24] [195/324] CNCY
[02:43:25] [196/324] MTAR
[02:43:25] [197/324] VNKD
[02:43:26] [198/324] KMAJ
[02:43:28] [199/324] ACXK
[02:43:29] [200/324] UTKC
[02:43:30] [201/324] PBLK
[02:43:30] [202/324] ACBX
[02:43:31] [203/324] PTGM
[02:43:33] [204/324] BTDA
[02:43:34] [205/324] PJMB
[02:43:34] [206/324] TPDA
[02:43:35] [207/324] AMOE
[02:43:36] [208/324] PRHT
[02:43:37] [209/324] PRTA
[02:43:38] [210/324] STAM
[02:43:39] [211/324] MSAA
[02:43:40] [212/324] SDLU
[02:43:41] [213/324] RCHH
[02:43:42] [214/324] KANT
[02:43:42] [215/324] FCRT
[02:43:43] [216/324] DNKM
[02:43:44] [217/324] RYCP
[02:43:45] [218/324] MYRP
[02:43:46] [219/324] PPAK
[02:43:47] [220/324] NVPK
[02:43:49] [221/324] PRMC
[02:43:50] [222/324] JBCS
[02:43:50] [223/324] GXCK
[02:43:51] [224/324] USKO
[02:43:52] [225/324] GTEM
[02:43:53] [226/324] SMBU
[02:43:54] [227/324] VETC
[02:43:55] [228/324] LCDA
[02:43:56] [229/324] MTVT
[02:43:58] [230/324] PYCP
[02:43:58] [231/324] PNSC
[02:43:59] [232/324] PPCC
[02:44:00] [233/324] TGRT
[02:44:02] [234/324] JYOT
[02:44:02] [235/324] SRCZ
[02:44:03] [236/324] SJTE
[02:44:04] [237/324] DESC
[02:44:05] [238/324] JHVN
[02:44:06] [239/324] IPSG
[02:44:07] [240/324] IPCM
[02:44:08] [241/324] PDRS
[02:44:09] [242/324] ANCV
[02:44:10] [243/324] CMVV
[02:44:11] [244/324] SHYP
[02:44:12] [245/324] DNCS
[02:44:12] [246/324] GAJK
[02:44:13] [247/324] AKTN
[02:44:14] [248/324] KAYA
[02:44:15] [249/324] SBRC
[02:44:16] [250/324] CHTP
[02:44:17] [251/324] SHRT
[02:44:18] [252/324] BCKU
[02:44:18] [253/324] FCPS
[02:44:19] [254/324] ARDD
[02:44:21] [255/324] CPCM
[02:44:22] [256/324] CGSM
[02:44:22] [257/324] PSMP
[02:44:23] [258/324] SDAL
[02:44:24] [259/324] RTNB
[02:44:25] [260/324] LMCR
[02:44:26] [261/324] CIMA
[02:44:27] [262/324] RNAS
[02:44:27] [263/324] LITH
[02:44:28] [264/324] PBOX
[02:44:29] [265/324] FRTS
[02:44:30] [266/324] RKIC
[02:44:31] [267/324] PTAI
[02:44:32] [268/324] GCIC
[02:44:33] [269/324] FNAS
[02:44:34] [270/324] SCAR
[02:44:35] [271/324] MTCA
[02:44:36] [272/324] SCTS
[02:44:36] [273/324] SYCS
[02:44:37] [274/324] RDMS
[02:44:38] [275/324] KAMP
[02:44:39] [276/324] ERSD
[02:44:40] [277/324] MJMJ
[02:44:41] [278/324] SRCJ
[02:44:41] [279/324] SCXE
[02:44:42] [280/324] SVFR
[02:44:43] [281/324] BHCS
[02:44:44] [282/324] IMCC
[02:44:45] [283/324] PCBO
[02:44:46] [284/324] PRVN
[02:44:47] [285/324] AUPM
[02:44:48] [286/324] INBW
[02:44:49] [287/324] SVCW
[02:44:50] [288/324] RKCF
[02:44:51] [289/324] UVBH
[02:44:52] [290/324] DNCY
[02:44:53] [291/324] ABCN
[02:44:53] [292/324] PRUR
[02:44:54] [293/324] PFMR
[02:44:55] [294/324] RKCN
[02:44:55] [295/324] CFEA
[02:44:56] [296/324] SDBG
[02:44:57] [297/324] SNAR
[02:44:58] [298/324] YISI
[02:44:59] [299/324] JCFF
[02:45:00] [300/324] VTRK
[02:45:00] [301/324] PCLZ
[02:45:01] [302/324] DIMY
[02:45:02] [303/324] BBTS
[02:45:03] [304/324] GATH
[02:45:03] [305/324] GTMN
[02:45:04] [306/324] VTMH
[02:45:05] [307/324] CCKP
[02:45:06] [308/324] GPKA
[02:45:07] [309/324] MHCL
[02:45:08] [310/324] ATCL
[02:45:09] [311/324] SBCK
[02:45:09] [312/324] AMMR
[02:45:10] [313/324] MADC
[02:45:11] [314/324] TMMA
[02:45:12] [315/324] CACC
[02:45:12] [316/324] CHAL
[02:45:13] [317/324] DURG
[02:45:14] [318/324] GMKU
[02:45:15] [319/324] GECA
[02:45:16] [320/324] KYRR
[02:45:17] [321/324] KSDE
[02:45:18] [322/324] LMCI
[02:45:19] [323/324] NKCP
[02:45:20] [324/324] BGTC
[02:45:21] 🧹 Deduping shows
[02:45:21] ✅ DONE | Shows=2037 | Movies=64
[04:40:57] 🚀 SCRIPT STARTED
[04:40:57] [1/324] GCTA
[04:40:57] 🧠 New identity created
[04:40:58] [2/324] TOPN
[04:40:59] [3/324] MCUS
[04:41:00] [4/324] SHRL
[04:41:00] [5/324] UPTP
[04:41:01] [6/324] TMMP
[04:41:02] [7/324] DNRP
[04:41:03] [8/324] SRLT
[04:41:04] [9/324] RCNS
[04:41:05] [10/324] DCBH
[04:41:06] [11/324] NAGJ
[04:41:07] [12/324] JVRC
[04:41:08] [13/324] KRJG
[04:41:09] [14/324] SRTJ
[04:41:10] [15/324] CMXM
[04:41:11] [16/324] STMI
[04:41:12] [17/324] SLST
[04:41:14] [18/324] DTCN
[04:41:15] [19/324] STYN
[04:41:15] [20/324] SZVR
[04:41:16] [21/324] SRKO
[04:41:17] [22/324] JTGT
[04:41:18] [23/324] SVFD
[04:41:19] [24/324] SISD
[04:41:20] [25/324] ABDD
[04:41:20] [26/324] DRCA
[04:41:21] [27/324] AVCS
[04:41:23] [28/324] MVKH
[04:41:24] [29/324] ACPR
[04:41:25] [30/324] STIP
[04:41:26] [31/324] MTRA
[04:41:27] [32/324] RMKH
[04:41:28] [33/324] NKRL
[04:41:28] [34/324] PCWN
[04:41:29] [35/324] BLMT
[04:41:30] [36/324] GDPG
[04:41:31] [37/324] SRMX
[04:41:32] [38/324] JACP
[04:41:33] [39/324] CPSH
[04:41:34] [40/324] MCCD
[04:41:35] [41/324] ECGH
[04:41:36] [42/324] MKCK
[04:41:37] [43/324] SRMM
[04:41:38] [44/324] SKYR
[04:41:38] [45/324] PCKC
[04:41:39] [46/324] JCMA
[04:41:40] [47/324] BSMP
[04:41:43] [48/324] VSPA
[04:41:44] [49/324] DJYA
[04:41:45] [50/324] DIMP
[04:41:46] [51/324] FXDR
[04:41:46] [52/324] SSRC
[04:41:47] [53/324] STHP
[04:41:48] [54/324] CPPD
[04:41:49] [55/324] FCLK
[04:41:51] [56/324] SCPP
[04:41:51] [57/324] DCMJ
[04:41:52] [58/324] RCCR
[04:41:53] [59/324] INMT
[04:41:54] [60/324] LXTK
[04:41:54] [61/324] SRYK
[04:41:55] [62/324] SGDK
[04:41:56] [63/324] PPKA
[04:41:58] [64/324] SPKA
[04:41:58] [65/324] CGHH
[04:41:59] [66/324] DCJN
[04:42:00] [67/324] SRKV
[04:42:01] [68/324] SAJC
[04:42:02] [69/324] SUSR
[04:42:03] [70/324] STYG
[04:42:03] [71/324] NTKP
[04:42:04] [72/324] AKTG
[04:42:05] [73/324] CGCM
[04:42:06] [74/324] TULC
[04:42:07] [75/324] NYYZ
[04:42:08] [76/324] NYBW
[04:42:09] [77/324] MACB
[04:42:10] [78/324] SLVT
[04:42:11] [79/324] SANA
[04:42:12] [80/324] ACMR
[04:42:13] [81/324] CPKN
[04:42:13] [82/324] DLGK
[04:42:14] [83/324] CWCK
[04:42:15] [84/324] FDDH
[04:42:16] [85/324] MMMD
[04:42:17] [86/324] CMEH
[04:42:18] [87/324] GGGV
[04:42:18] [88/324] SPJL
[04:42:19] [89/324] RCCD
[04:42:20] [90/324] STTZ
[04:42:21] [91/324] BTCF
[04:42:22] [92/324] TSTZ
[04:42:23] [93/324] IPMM
[04:42:23] [94/324] PMPW
[04:42:24] [95/324] PCMZ
[04:42:25] [96/324] ESEM
[04:42:26] [97/324] PIPO
[04:42:27] [98/324] MATK
[04:42:28] [99/324] PGHM
[04:42:29] [100/324] CTSR
[04:42:29] [101/324] CYKR
[04:42:30] [102/324] MSCM
[04:42:31] [103/324] RFNP
[04:42:32] [104/324] PDCP
[04:42:33] [105/324] NPSE
[04:42:33] [106/324] MKML
[04:42:34] [107/324] FTDP
[04:42:35] [108/324] MMXA
[04:42:36] [109/324] CEPO
[04:42:37] [110/324] CMVP
[04:42:38] [111/324] SGTH
[04:42:39] [112/324] SAYN
[04:42:40] [113/324] URVS
[04:42:41] [114/324] VJTN
[04:42:42] [115/324] BBYK
[04:42:42] [116/324] SHBO
[04:42:43] [117/324] VCMR
[04:42:44] [118/324] MACT
[04:42:45] [119/324] JMNP
[04:42:46] [120/324] VICS
[04:42:47] [121/324] VCDA
[04:42:48] [122/324] GCMM
[04:42:49] [123/324] INVS
[04:42:50] [124/324] SCGM
[04:42:50] [125/324] PCDA
[04:42:51] [126/324] KDCT
[04:42:52] [127/324] JACS
[04:42:53] [128/324] GMMC
[04:42:54] [129/324] AICM
[04:42:55] [130/324] TJCM
[04:42:56] [131/324] RMTI
[04:42:57] [132/324] SHAC
[04:42:58] [133/324] APJC
[04:42:59] [134/324] GCTG
[04:43:00] [135/324] SSMC
[04:43:00] [136/324] THRM
[04:43:01] [137/324] RBCT
[04:43:02] [138/324] DIKT
[04:43:03] [139/324] MIDL
[04:43:04] [140/324] VCSN
[04:43:05] [141/324] SKTG
[04:43:06] [142/324] SMWC
[04:43:07] [143/324] MNKH
[04:43:08] [144/324] PIAT
[04:43:09] [145/324] LTTP
[04:43:09] [146/324] PTPU
[04:43:10] [147/324] ACMG
[04:43:11] [148/324] SHMM
[04:43:12] [149/324] MCMN
[04:43:13] [150/324] GLDC
[04:43:14] [151/324] HOUT
[04:43:15] [152/324] SVRP
[04:43:17] [153/324] PVDN
[04:43:17] [154/324] SCPY
[04:43:18] [155/324] DTPY
[04:43:19] [156/324] GKCS
[04:43:20] [157/324] NCAM
[04:43:21] [158/324] BSRM
[04:43:22] [159/324] RCLC
[04:43:23] [160/324] SKKD
[04:43:23] [161/324] ACHU
[04:43:24] [162/324] RSCF
[04:43:25] [163/324] IMSH
[04:43:26] [164/324] MACX
[04:43:27] [165/324] HMMW
[04:43:28] [166/324] JTCP
[04:43:28] [167/324] SREN
[04:43:30] [168/324] PJRR
[04:43:31] [169/324] INAC
[04:43:32] [170/324] BMCA
[04:43:33] [171/324] SHCB
[04:43:34] [172/324] GABA
[04:43:35] [173/324] SBCT
[04:43:36] [174/324] GCMA
[04:43:36] [175/324] MYTK
[04:43:37] [176/324] INZS
[04:43:38] [177/324] RMIK
[04:43:39] [178/324] NYCH
[04:43:40] [179/324] RAVE
[04:43:41] [180/324] PSXM
[04:43:43] [181/324] MCGP
[04:43:44] [182/324] PDDK
[04:43:45] [183/324] SPCK
[04:43:46] [184/324] MCRL
[04:43:47] [185/324] MHKT
[04:43:48] [186/324] ANRR
[04:43:48] [187/324] SAPK
[04:43:49] [188/324] NCUK
[04:43:50] [189/324] JUGA
[04:43:52] [190/324] DBSC
[04:43:53] [191/324] LALK
[04:43:54] [192/324] GUCK
[04:43:55] [193/324] STSG
[04:43:56] [194/324] PPPZ
[04:43:57] [195/324] CNCY
[04:43:57] [196/324] MTAR
[04:43:58] [197/324] VNKD
[04:44:00] [198/324] KMAJ
[04:44:01] [199/324] ACXK
[04:44:02] [200/324] UTKC
[04:44:03] [201/324] PBLK
[04:44:04] [202/324] ACBX
[04:44:05] [203/324] PTGM
[04:44:06] [204/324] BTDA
[04:44:08] [205/324] PJMB
[04:44:08] [206/324] TPDA
[04:44:10] [207/324] AMOE
[04:44:11] [208/324] PRHT
[04:44:12] [209/324] PRTA
[04:44:14] [210/324] STAM
[04:44:15] [211/324] MSAA
[04:44:16] [212/324] SDLU
[04:44:16] [213/324] RCHH
[04:44:17] [214/324] KANT
[04:44:18] [215/324] FCRT
[04:44:19] [216/324] DNKM
[04:44:20] [217/324] RYCP
[04:44:20] [218/324] MYRP
[04:44:21] [219/324] PPAK
[04:44:22] [220/324] NVPK
[04:44:23] [221/324] PRMC
[04:44:24] [222/324] JBCS
[04:44:24] [223/324] GXCK
[04:44:25] [224/324] USKO
[04:44:26] [225/324] GTEM
[04:44:27] [226/324] SMBU
[04:44:28] [227/324] VETC
[04:44:29] [228/324] LCDA
[04:44:30] [229/324] MTVT
[04:44:31] [230/324] PYCP
[04:44:31] [231/324] PNSC
[04:44:32] [232/324] PPCC
[04:44:33] [233/324] TGRT
[04:44:34] [234/324] JYOT
[04:44:35] [235/324] SRCZ
[04:44:36] [236/324] SJTE
[04:44:37] [237/324] DESC
[04:44:38] [238/324] JHVN
[04:44:38] [239/324] IPSG
[04:44:39] [240/324] IPCM
[04:44:40] [241/324] PDRS
[04:44:41] [242/324] ANCV
[04:44:42] [243/324] CMVV
[04:44:42] [244/324] SHYP
[04:44:43] [245/324] DNCS
[04:44:44] [246/324] GAJK
[04:44:45] [247/324] AKTN
[04:44:46] [248/324] KAYA
[04:44:47] [249/324] SBRC
[04:44:47] [250/324] CHTP
[04:44:48] [251/324] SHRT
[04:44:49] [252/324] BCKU
[04:44:50] [253/324] FCPS
[04:44:51] [254/324] ARDD
[04:44:51] [255/324] CPCM
[04:44:52] [256/324] CGSM
[04:44:54] [257/324] PSMP
[04:44:55] [258/324] SDAL
[04:44:56] [259/324] RTNB
[04:44:56] [260/324] LMCR
[04:44:57] [261/324] CIMA
[04:44:59] [262/324] RNAS
[04:45:00] [263/324] LITH
[04:45:00] [264/324] PBOX
[04:45:01] [265/324] FRTS
[04:45:02] [266/324] RKIC
[04:45:03] [267/324] PTAI
[04:45:04] [268/324] GCIC
[04:45:05] [269/324] FNAS
[04:45:06] [270/324] SCAR
[04:45:07] [271/324] MTCA
[04:45:07] [272/324] SCTS
[04:45:09] [273/324] SYCS
[04:45:09] [274/324] RDMS
[04:45:10] [275/324] KAMP
[04:45:12] [276/324] ERSD
[04:45:13] [277/324] MJMJ
[04:45:13] [278/324] SRCJ
[04:45:14] [279/324] SCXE
[04:45:15] [280/324] SVFR
[04:45:16] [281/324] BHCS
[04:45:17] [282/324] IMCC
[04:45:18] [283/324] PCBO
[04:45:18] [284/324] PRVN
[04:45:19] [285/324] AUPM
[04:45:20] [286/324] INBW
[04:45:21] [287/324] SVCW
[04:45:22] [288/324] RKCF
[04:45:23] [289/324] UVBH
[04:45:24] [290/324] DNCY
[04:45:25] [291/324] ABCN
[04:45:26] [292/324] PRUR
[04:45:26] [293/324] PFMR
[04:45:27] [294/324] RKCN
[04:45:28] [295/324] CFEA
[04:45:29] [296/324] SDBG
[04:45:30] [297/324] SNAR
[04:45:31] [298/324] YISI
[04:45:32] [299/324] JCFF
[04:45:32] [300/324] VTRK
[04:45:34] [301/324] PCLZ
[04:45:35] [302/324] DIMY
[04:45:36] [303/324] BBTS
[04:45:37] [304/324] GATH
[04:45:38] [305/324] GTMN
[04:45:39] [306/324] VTMH
[04:45:39] [307/324] CCKP
[04:45:40] [308/324] GPKA
[04:45:41] [309/324] MHCL
[04:45:42] [310/324] ATCL
[04:45:43] [311/324] SBCK
[04:45:43] [312/324] AMMR
[04:45:44] [313/324] MADC
[04:45:45] [314/324] TMMA
[04:45:46] [315/324] CACC
[04:45:47] [316/324] CHAL
[04:45:48] [317/324] DURG
[04:45:48] [318/324] GMKU
[04:45:49] [319/324] GECA
[04:45:50] [320/324] KYRR
[04:45:51] [321/324] KSDE
[04:45:51] [322/324] LMCI
[04:45:52] [323/324] NKCP
[04:45:53] [324/324] BGTC
[04:45:54] 🧹 Deduping shows
[04:45:54] ✅ DONE | Shows=2037 | Movies=64
[08:26:11] 🚀 SCRIPT STARTED
[08:26:11] [1/324] GCTA
[08:26:11] 🧠 New identity created
[08:26:12] [2/324] TOPN
[08:26:12] [3/324] MCUS
[08:26:13] [4/324] SHRL
[08:26:14] [5/324] UPTP
[08:26:15] [6/324] TMMP
[08:26:16] [7/324] DNRP
[08:26:17] [8/324] SRLT
[08:26:17] [9/324] RCNS
[08:26:19] [10/324] DCBH
[08:26:21] [11/324] NAGJ
[08:26:21] [12/324] JVRC
[08:26:23] [13/324] KRJG
[08:26:23] [14/324] SRTJ
[08:26:25] [15/324] CMXM
[08:26:26] [16/324] STMI
[08:26:27] [17/324] SLST
[08:26:28] [18/324] DTCN
[08:26:29] [19/324] STYN
[08:26:29] [20/324] SZVR
[08:26:30] [21/324] SRKO
[08:26:31] [22/324] JTGT
[08:26:32] [23/324] SVFD
[08:26:33] [24/324] SISD
[08:26:34] [25/324] ABDD
[08:26:36] [26/324] DRCA
[08:26:36] [27/324] AVCS
[08:26:37] [28/324] MVKH
[08:26:38] [29/324] ACPR
[08:26:40] [30/324] STIP
[08:26:41] [31/324] MTRA
[08:26:41] [32/324] RMKH
[08:26:42] [33/324] NKRL
[08:26:43] [34/324] PCWN
[08:26:44] [35/324] BLMT
[08:26:45] [36/324] GDPG
[08:26:45] [37/324] SRMX
[08:26:46] [38/324] JACP
[08:26:47] [39/324] CPSH
[08:26:48] [40/324] MCCD
[08:26:49] [41/324] ECGH
[08:26:49] [42/324] MKCK
[08:26:50] [43/324] SRMM
[08:26:51] [44/324] SKYR
[08:26:52] [45/324] PCKC
[08:26:53] [46/324] JCMA
[08:26:54] [47/324] BSMP
[08:26:54] [48/324] VSPA
[08:26:55] [49/324] DJYA
[08:26:56] [50/324] DIMP
[08:26:57] [51/324] FXDR
[08:26:58] [52/324] SSRC
[08:26:58] [53/324] STHP
[08:26:59] [54/324] CPPD
[08:27:00] [55/324] FCLK
[08:27:01] [56/324] SCPP
[08:27:02] [57/324] DCMJ
[08:27:03] [58/324] RCCR
[08:27:04] [59/324] INMT
[08:27:05] [60/324] LXTK
[08:27:06] [61/324] SRYK
[08:27:06] [62/324] SGDK
[08:27:08] [63/324] PPKA
[08:27:09] [64/324] SPKA
[08:27:10] [65/324] CGHH
[08:27:11] [66/324] DCJN
[08:27:11] [67/324] SRKV
[08:27:12] [68/324] SAJC
[08:27:13] [69/324] SUSR
[08:27:14] [70/324] STYG
[08:27:15] [71/324] NTKP
[08:27:16] [72/324] AKTG
[08:27:17] [73/324] CGCM
[08:27:18] [74/324] TULC
[08:27:19] [75/324] NYYZ
[08:27:19] [76/324] NYBW
[08:27:20] [77/324] MACB
[08:27:21] [78/324] SLVT
[08:27:22] [79/324] SANA
[08:27:22] [80/324] ACMR
[08:27:23] [81/324] CPKN
[08:27:24] [82/324] DLGK
[08:27:25] [83/324] CWCK
[08:27:26] [84/324] FDDH
[08:27:27] [85/324] MMMD
[08:27:28] [86/324] CMEH
[08:27:29] [87/324] GGGV
[08:27:29] [88/324] SPJL
[08:27:30] [89/324] RCCD
[08:27:31] [90/324] STTZ
[08:27:32] [91/324] BTCF
[08:27:33] [92/324] TSTZ
[08:27:34] [93/324] IPMM
[08:27:35] [94/324] PMPW
[08:27:37] [95/324] PCMZ
[08:27:38] [96/324] ESEM
[08:27:39] [97/324] PIPO
[08:27:40] [98/324] MATK
[08:27:40] [99/324] PGHM
[08:27:41] [100/324] CTSR
[08:27:42] [101/324] CYKR
[08:27:43] [102/324] MSCM
[08:27:44] [103/324] RFNP
[08:27:45] [104/324] PDCP
[08:27:45] [105/324] NPSE
[08:27:47] [106/324] MKML
[08:27:48] [107/324] FTDP
[08:27:49] [108/324] MMXA
[08:27:50] [109/324] CEPO
[08:27:51] [110/324] CMVP
[08:27:52] [111/324] SGTH
[08:27:53] [112/324] SAYN
[08:27:54] [113/324] URVS
[08:27:55] [114/324] VJTN
[08:27:55] [115/324] BBYK
[08:27:57] [116/324] SHBO
[08:27:57] [117/324] VCMR
[08:27:58] [118/324] MACT
[08:27:59] [119/324] JMNP
[08:28:00] [120/324] VICS
[08:28:01] [121/324] VCDA
[08:28:02] [122/324] GCMM
[08:28:02] [123/324] INVS
[08:28:03] [124/324] SCGM
[08:28:04] [125/324] PCDA
[08:28:05] [126/324] KDCT
[08:28:06] [127/324] JACS
[08:28:07] [128/324] GMMC
[08:28:08] [129/324] AICM
[08:28:09] [130/324] TJCM
[08:28:10] [131/324] RMTI
[08:28:11] [132/324] SHAC
[08:28:12] [133/324] APJC
[08:28:12] [134/324] GCTG
[08:28:13] [135/324] SSMC
[08:28:15] [136/324] THRM
[08:28:16] [137/324] RBCT
[08:28:16] [138/324] DIKT
[08:28:18] [139/324] MIDL
[08:28:19] [140/324] VCSN
[08:28:20] [141/324] SKTG
[08:28:20] [142/324] SMWC
[08:28:21] [143/324] MNKH
[08:28:22] [144/324] PIAT
[08:28:23] [145/324] LTTP
[08:28:24] [146/324] PTPU
[08:28:25] [147/324] ACMG
[08:28:25] [148/324] SHMM
[08:28:26] [149/324] MCMN
[08:28:27] [150/324] GLDC
[08:28:29] [151/324] HOUT
[08:28:30] [152/324] SVRP
[08:28:30] [153/324] PVDN
[08:28:31] [154/324] SCPY
[08:28:32] [155/324] DTPY
[08:28:33] [156/324] GKCS
[08:28:33] [157/324] NCAM
[08:28:34] [158/324] BSRM
[08:28:35] [159/324] RCLC
[08:28:36] [160/324] SKKD
[08:28:37] [161/324] ACHU
[08:28:38] [162/324] RSCF
[08:28:39] [163/324] IMSH
[08:28:39] [164/324] MACX
[08:28:40] [165/324] HMMW
[08:28:41] [166/324] JTCP
[08:28:42] [167/324] SREN
[08:28:43] [168/324] PJRR
[08:28:44] [169/324] INAC
[08:28:44] [170/324] BMCA
[08:28:45] [171/324] SHCB
[08:28:46] [172/324] GABA
[08:28:47] [173/324] SBCT
[08:28:47] [174/324] GCMA
[08:28:48] [175/324] MYTK
[08:28:49] [176/324] INZS
[08:28:50] [177/324] RMIK
[08:28:50] [178/324] NYCH
[08:28:51] [179/324] RAVE
[08:28:52] [180/324] PSXM
[08:28:53] [181/324] MCGP
[08:28:54] [182/324] PDDK
[08:28:54] [183/324] SPCK
[08:28:55] [184/324] MCRL
[08:28:56] [185/324] MHKT
[08:28:57] [186/324] ANRR
[08:28:59] [187/324] SAPK
[08:28:59] [188/324] NCUK
[08:29:00] [189/324] JUGA
[08:29:01] [190/324] DBSC
[08:29:02] [191/324] LALK
[08:29:03] [192/324] GUCK
[08:29:05] [193/324] STSG
[08:29:05] [194/324] PPPZ
[08:29:06] [195/324] CNCY
[08:29:07] [196/324] MTAR
[08:29:08] [197/324] VNKD
[08:29:09] [198/324] KMAJ
[08:29:10] [199/324] ACXK
[08:29:11] [200/324] UTKC
[08:29:13] [201/324] PBLK
[08:29:14] [202/324] ACBX
[08:29:14] [203/324] PTGM
[08:29:15] [204/324] BTDA
[08:29:16] [205/324] PJMB
[08:29:17] [206/324] TPDA
[08:29:18] [207/324] AMOE
[08:29:19] [208/324] PRHT
[08:29:20] [209/324] PRTA
[08:29:21] [210/324] STAM
[08:29:22] [211/324] MSAA
[08:29:23] [212/324] SDLU
[08:29:24] [213/324] RCHH
[08:29:24] [214/324] KANT
[08:29:25] [215/324] FCRT
[08:29:27] [216/324] DNKM
[08:29:28] [217/324] RYCP
[08:29:28] [218/324] MYRP
[08:29:29] [219/324] PPAK
[08:29:30] [220/324] NVPK
[08:29:31] [221/324] PRMC
[08:29:32] [222/324] JBCS
[08:29:32] [223/324] GXCK
[08:29:33] [224/324] USKO
[08:29:34] [225/324] GTEM
[08:29:35] [226/324] SMBU
[08:29:36] [227/324] VETC
[08:29:36] [228/324] LCDA
[08:29:37] [229/324] MTVT
[08:29:38] [230/324] PYCP
[08:29:38] [231/324] PNSC
[08:29:39] [232/324] PPCC
[08:29:40] [233/324] TGRT
[08:29:41] [234/324] JYOT
[08:29:42] [235/324] SRCZ
[08:29:43] [236/324] SJTE
[08:29:44] [237/324] DESC
[08:29:45] [238/324] JHVN
[08:29:45] [239/324] IPSG
[08:29:46] [240/324] IPCM
[08:29:47] [241/324] PDRS
[08:29:48] [242/324] ANCV
[08:29:49] [243/324] CMVV
[08:29:49] [244/324] SHYP
[08:29:50] [245/324] DNCS
[08:29:51] [246/324] GAJK
[08:29:52] [247/324] AKTN
[08:29:53] [248/324] KAYA
[08:29:55] [249/324] SBRC
[08:29:55] [250/324] CHTP
[08:29:56] [251/324] SHRT
[08:29:57] [252/324] BCKU
[08:29:58] [253/324] FCPS
[08:30:00] [254/324] ARDD
[08:30:01] [255/324] CPCM
[08:30:02] [256/324] CGSM
[08:30:02] [257/324] PSMP
[08:30:03] [258/324] SDAL
[08:30:04] [259/324] RTNB
[08:30:06] [260/324] LMCR
[08:30:07] [261/324] CIMA
[08:30:08] [262/324] RNAS
[08:30:09] [263/324] LITH
[08:30:10] [264/324] PBOX
[08:30:12] [265/324] FRTS
[08:30:13] [266/324] RKIC
[08:30:14] [267/324] PTAI
[08:30:14] [268/324] GCIC
[08:30:15] [269/324] FNAS
[08:30:16] [270/324] SCAR
[08:30:17] [271/324] MTCA
[08:30:18] [272/324] SCTS
[08:30:19] [273/324] SYCS
[08:30:21] [274/324] RDMS
[08:30:23] [275/324] KAMP
[08:30:24] [276/324] ERSD
[08:30:24] [277/324] MJMJ
[08:30:25] [278/324] SRCJ
[08:30:26] [279/324] SCXE
[08:30:27] [280/324] SVFR
[08:30:28] [281/324] BHCS
[08:30:29] [282/324] IMCC
[08:30:30] [283/324] PCBO
[08:30:30] [284/324] PRVN
[08:30:31] [285/324] AUPM
[08:30:32] [286/324] INBW
[08:30:33] [287/324] SVCW
[08:30:34] [288/324] RKCF
[08:30:35] [289/324] UVBH
[08:30:36] [290/324] DNCY
[08:30:37] [291/324] ABCN
[08:30:38] [292/324] PRUR
[08:30:38] [293/324] PFMR
[08:30:39] [294/324] RKCN
[08:30:41] [295/324] CFEA
[08:30:42] [296/324] SDBG
[08:30:43] [297/324] SNAR
[08:30:44] [298/324] YISI
[08:30:45] [299/324] JCFF
[08:30:46] [300/324] VTRK
[08:30:47] [301/324] PCLZ
[08:30:48] [302/324] DIMY
[08:30:48] [303/324] BBTS
[08:30:49] [304/324] GATH
[08:30:50] [305/324] GTMN
[08:30:51] [306/324] VTMH
[08:30:52] [307/324] CCKP
[08:30:53] [308/324] GPKA
[08:30:53] [309/324] MHCL
[08:30:54] [310/324] ATCL
[08:30:55] [311/324] SBCK
[08:30:56] [312/324] AMMR
[08:30:56] [313/324] MADC
[08:30:57] [314/324] TMMA
[08:30:58] [315/324] CACC
[08:30:59] [316/324] CHAL
[08:31:00] [317/324] DURG
[08:31:02] [318/324] GMKU
[08:31:03] [319/324] GECA
[08:31:03] [320/324] KYRR
[08:31:04] [321/324] KSDE
[08:31:05] [322/324] LMCI
[08:31:06] [323/324] NKCP
[08:31:07] [324/324] BGTC
[08:31:07] 🧹 Deduping shows
[08:31:07] ✅ DONE | Shows=2037 | Movies=64
