[00:41:05] 🚀 BMS DAILY TRACKER STARTED
[00:41:05] [1/296] CDCA
[00:41:05] 🧠 New identity
[00:41:06] [2/296] MNSR
[00:41:07] [3/296] CSSL
[00:41:09] [4/296] BGGM
[00:41:10] [5/296] MANT
[00:41:11] [6/296] SOOY
[00:41:12] [7/296] VPPK
[00:41:13] [8/296] MYHJ
[00:41:13] [9/296] KSCK
[00:41:14] [10/296] KATK
[00:41:15] [11/296] RTRT
[00:41:16] [12/296] SSTT
[00:41:18] [13/296] SSTV
[00:41:19] [14/296] LACM
[00:41:19] [15/296] SGMG
[00:41:20] [16/296] KACX
[00:41:21] [17/296] GVCP
[00:41:22] [18/296] CSNC
[00:41:23] [19/296] SXCB
[00:41:24] [20/296] BAHS
[00:41:24] [21/296] PCBI
[00:41:25] [22/296] PSSM
[00:41:26] [23/296] RCOK
[00:41:27] [24/296] SCPF
[00:41:28] [25/296] SSAS
[00:41:30] [26/296] EVMM
[00:41:31] [27/296] SYCB
[00:41:32] [28/296] GCKI
[00:41:33] [29/296] IAET
[00:41:34] [30/296] DDTD
[00:41:35] [31/296] GMDH
[00:41:36] [32/296] STLE
[00:41:37] [33/296] JTRA
[00:41:38] [34/296] RPPA
[00:41:39] [35/296] ARUT
[00:41:39] [36/296] JTVM
[00:41:40] [37/296] SWRH
[00:41:41] [38/296] DCPC
[00:41:42] [39/296] RAPR
[00:41:43] [40/296] GCRT
[00:41:44] [41/296] ATUN
[00:41:44] [42/296] LTRM
[00:41:46] [43/296] TASR
[00:41:47] [44/296] RLLC
[00:41:48] [45/296] MABI
[00:41:49] [46/296] SVHB
[00:41:50] [47/296] NVTB
[00:41:51] [48/296] KCKG
[00:41:51] [49/296] SSRN
[00:41:52] [50/296] VDDC
[00:41:53] [51/296] GKTK
[00:41:54] [52/296] YFSN
[00:41:55] [53/296] GCSG
[00:41:56] [54/296] ESSM
[00:41:56] [55/296] KRIH
[00:41:57] [56/296] GCDS
[00:41:58] [57/296] CCSH
[00:41:59] [58/296] ACSK
[00:42:00] [59/296] APRK
[00:42:00] [60/296] ADKM
[00:42:01] [61/296] SRDM
[00:42:02] [62/296] RMOG
[00:42:03] [63/296] SJMY
[00:42:04] [64/296] PGGC
[00:42:04] [65/296] INGM
[00:42:05] [66/296] LSCB
[00:42:06] [67/296] STAD
[00:42:07] [68/296] MCCR
[00:42:07] [69/296] ABCC
[00:42:08] [70/296] RKCC
[00:42:09] [71/296] RTCR
[00:42:10] [72/296] GGBC
[00:42:11] [73/296] GCSD
[00:42:12] [74/296] LPTY
[00:42:13] [75/296] MCFD
[00:42:14] [76/296] HENN
[00:42:15] [77/296] SMKU
[00:42:16] [78/296] TNZC
[00:42:16] [79/296] DRCD
[00:42:17] [80/296] DLCD
[00:42:18] [81/296] RCDA
[00:42:20] [82/296] COSM
[00:42:20] [83/296] MCMJ
[00:42:21] [84/296] CSTR
[00:42:23] [85/296] CVDK
[00:42:24] [86/296] INRR
[00:42:24] [87/296] RJRT
[00:42:25] [88/296] IRMR
[00:42:27] [89/296] SRCF
[00:42:27] [90/296] GRCR
[00:42:29] [91/296] SURC
[00:42:30] [92/296] NMNH
[00:42:31] [93/296] SVBL
[00:42:32] [94/296] KACI
[00:42:33] [95/296] TDGO
[00:42:33] [96/296] KTBR
[00:42:34] [97/296] PMAD
[00:42:35] [98/296] CCPN
[00:42:36] [99/296] SBTK
[00:42:37] [100/296] LMDK
[00:42:38] [101/296] PGDA
[00:42:38] [102/296] SRML
[00:42:39] [103/296] EVCK
[00:42:40] [104/296] RTTK
[00:42:41] [105/296] SRTU
[00:42:41] [106/296] VRSA
[00:42:42] [107/296] VARS
[00:42:43] [108/296] DSCZ
[00:42:45] [109/296] GAGA
[00:42:45] [110/296] SARV
[00:42:46] [111/296] SEEG
[00:42:47] [112/296] GLCA
[00:42:48] [113/296] APAS
[00:42:49] [114/296] VCIA
[00:42:50] [115/296] SJTA
[00:42:51] [116/296] SABM
[00:42:52] [117/296] PPAG
[00:42:53] [118/296] RVCA
[00:42:54] [119/296] CCIA
[00:42:55] [120/296] HTAG
[00:42:56] [121/296] SMBI
[00:42:57] [122/296] MCJR
[00:42:58] [123/296] CCJR
[00:42:58] [124/296] SINF
[00:42:59] [125/296] CPLX
[00:43:00] [126/296] KKTJ
[00:43:01] [127/296] GDBW
[00:43:02] [128/296] CSUB
[00:43:03] [129/296] DABA
[00:43:04] [130/296] TITR
[00:43:04] [131/296] NYCR
[00:43:05] [132/296] RTRY
[00:43:06] [133/296] JTJL
[00:43:07] [134/296] SJCP
[00:43:08] [135/296] KCCA
[00:43:09] [136/296] MLPG
[00:43:10] [137/296] VRCK
[00:43:11] [138/296] SRIN
[00:43:12] [139/296] CXMK
[00:43:13] [140/296] SKAD
[00:43:14] [141/296] AVTR
[00:43:15] [142/296] PTAJ
[00:43:15] [143/296] SCNK
[00:43:16] [144/296] STTI
[00:43:17] [145/296] KACR
[00:43:18] [146/296] SSDX
[00:43:19] [147/296] VRTJ
[00:43:21] [148/296] RAJD
[00:43:21] [149/296] SCIP
[00:43:23] [150/296] RJSL
[00:43:24] [151/296] ARRS
[00:43:25] [152/296] ASMS
[00:43:25] [153/296] RDTS
[00:43:26] [154/296] DVMY
[00:43:27] [155/296] RASA
[00:43:28] [156/296] INOM
[00:43:29] [157/296] SPRS
[00:43:29] [158/296] SGCS
[00:43:30] [159/296] SALM
[00:43:31] [160/296] PKHC
[00:43:32] [161/296] RCSV
[00:43:33] [162/296] CPKC
[00:43:34] [163/296] AACD
[00:43:34] [164/296] GGCV
[00:43:35] [165/296] SMKD
[00:43:36] [166/296] NBCH
[00:43:37] [167/296] AMCB
[00:43:38] [168/296] OPCN
[00:43:39] [169/296] DCIN
[00:43:40] [170/296] INGW
[00:43:41] [171/296] PKKW
[00:43:42] [172/296] FNGW
[00:43:43] [173/296] GCGD
[00:43:45] [174/296] MSTW
[00:43:46] [175/296] KCCG
[00:43:46] [176/296] MRSS
[00:43:47] [177/296] CLCF
[00:43:48] [178/296] EETS
[00:43:49] [179/296] AATR
[00:43:50] [180/296] CMMN
[00:43:51] [181/296] SCCJ
[00:43:51] [182/296] CDTK
[00:43:53] [183/296] AICP
[00:43:54] [184/296] FNBP
[00:43:55] [185/296] CBPB
[00:43:55] [186/296] CPAS
[00:43:56] [187/296] MAPM
[00:43:57] [188/296] PASD
[00:43:58] [189/296] JCMN
[00:43:59] [190/296] MALB
[00:44:00] [191/296] SACG
[00:44:01] [192/296] DDRX
[00:44:02] [193/296] DDXB
[00:44:02] [194/296] RAMC
[00:44:03] [195/296] SANC
[00:44:04] [196/296] BCBP
[00:44:05] [197/296] ALPC
[00:44:05] [198/296] RBAC
[00:44:06] [199/296] RAJL
[00:44:08] [200/296] MPDX
[00:44:08] [201/296] MUSC
[00:44:09] [202/296] VKMK
[00:44:10] [203/296] SKCG
[00:44:11] [204/296] ANCN
[00:44:12] [205/296] MMCJ
[00:44:13] [206/296] DCAK
[00:44:14] [207/296] SCKG
[00:44:15] [208/296] LMCK
[00:44:15] [209/296] CKKX
[00:44:16] [210/296] ANKU
[00:44:17] [211/296] CSMD
[00:44:18] [212/296] MKMP
[00:44:19] [213/296] SVBG
[00:44:20] [214/296] ROOP
[00:44:21] [215/296] GDMT
[00:44:22] [216/296] FPPF
[00:44:22] [217/296] SFUU
[00:44:23] [218/296] ANCB
[00:44:24] [219/296] SMMC
[00:44:25] [220/296] UGKT
[00:44:26] [221/296] JVRM
[00:44:26] [222/296] BATG
[00:44:27] [223/296] RATE
[00:44:28] [224/296] SKME
[00:44:29] [225/296] LMTP
[00:44:29] [226/296] TCBD
[00:44:30] [227/296] ESBD
[00:44:31] [228/296] GDCU
[00:44:32] [229/296] SNKT
[00:44:33] [230/296] SRNK
[00:44:34] [231/296] SMED
[00:44:35] [232/296] CSQS
[00:44:36] [233/296] ALCS
[00:44:37] [234/296] KCKN
[00:44:38] [235/296] VCCL
[00:44:38] [236/296] MCDA
[00:44:39] [237/296] SHMI
[00:44:41] [238/296] SKHA
[00:44:42] [239/296] SVFK
[00:44:42] [240/296] INVB
[00:44:43] [241/296] MELD
[00:44:44] [242/296] JTYS
[00:44:45] [243/296] INCM
[00:44:46] [244/296] MCDV
[00:44:47] [245/296] KSGK
[00:44:47] [246/296] ICMG
[00:44:49] [247/296] CSCV
[00:44:50] [248/296] STMD
[00:44:51] [249/296] STTR
[00:44:52] [250/296] INVC
[00:44:53] [251/296] JTBL
[00:44:54] [252/296] SRVV
[00:44:55] [253/296] MAVC
[00:44:56] [254/296] SRPP
[00:44:57] [255/296] JGDM
[00:44:57] [256/296] MBSJ
[00:44:59] [257/296] SSLL
[00:45:00] [258/296] SLKP
[00:45:01] [259/296] NSRV
[00:45:02] [260/296] UTDV
[00:45:02] [261/296] KICM
[00:45:03] [262/296] KCMD
[00:45:04] [263/296] TTPP
[00:45:05] [264/296] KMPV
[00:45:06] [265/296] SKTV
[00:45:07] [266/296] STCV
[00:45:07] [267/296] SRDA
[00:45:08] [268/296] JTSX
[00:45:09] [269/296] STBV
[00:45:10] [270/296] APVZ
[00:45:11] [271/296] GSTV
[00:45:12] [272/296] NMVS
[00:45:13] [273/296] SKRT
[00:45:14] [274/296] RMDV
[00:45:15] [275/296] RATG
[00:45:16] [276/296] SJYV
[00:45:17] [277/296] NDGP
[00:45:17] [278/296] SNDG
[00:45:18] [279/296] INSR
[00:45:19] [280/296] INSO
[00:45:19] [281/296] CCSI
[00:45:20] [282/296] RASM
[00:45:21] [283/296] NEWC
[00:45:22] [284/296] VSHL
[00:45:22] [285/296] BISW
[00:45:23] [286/296] GCNG
[00:45:25] [287/296] CWSC
[00:45:26] [288/296] SKAN
[00:45:26] [289/296] SEHP
[00:45:27] [290/296] CCOA
[00:45:28] [291/296] MCAJ
[00:45:29] [292/296] ACDE
[00:45:30] [293/296] AACM
[00:45:31] [294/296] JJCK
[00:45:31] [295/296] RCMO
[00:45:32] [296/296] GDAW
[00:45:33] ✅ DONE | Shows=0 | Movies=0
[01:44:03] 🚀 BMS DAILY TRACKER STARTED
[01:44:03] [1/296] CDCA
[01:44:03] 🧠 New identity
[01:44:04] [2/296] MNSR
[01:44:05] [3/296] CSSL
[01:44:06] [4/296] BGGM
[01:44:07] [5/296] MANT
[01:44:08] [6/296] SOOY
[01:44:09] [7/296] VPPK
[01:44:09] [8/296] MYHJ
[01:44:11] [9/296] KSCK
[01:44:11] [10/296] KATK
[01:44:12] [11/296] RTRT
[01:44:13] [12/296] SSTT
[01:44:14] [13/296] SSTV
[01:44:15] [14/296] LACM
[01:44:16] [15/296] SGMG
[01:44:17] [16/296] KACX
[01:44:18] [17/296] GVCP
[01:44:19] [18/296] CSNC
[01:44:20] [19/296] SXCB
[01:44:21] [20/296] BAHS
[01:44:22] [21/296] PCBI
[01:44:22] [22/296] PSSM
[01:44:23] [23/296] RCOK
[01:44:24] [24/296] SCPF
[01:44:26] [25/296] SSAS
[01:44:27] [26/296] EVMM
[01:44:27] [27/296] SYCB
[01:44:28] [28/296] GCKI
[01:44:29] [29/296] IAET
[01:44:30] [30/296] DDTD
[01:44:31] [31/296] GMDH
[01:44:32] [32/296] STLE
[01:44:33] [33/296] JTRA
[01:44:33] [34/296] RPPA
[01:44:35] [35/296] ARUT
[01:44:35] [36/296] JTVM
[01:44:36] [37/296] SWRH
[01:44:37] [38/296] DCPC
[01:44:38] [39/296] RAPR
[01:44:39] [40/296] GCRT
[01:44:39] [41/296] ATUN
[01:44:40] [42/296] LTRM
[01:44:41] [43/296] TASR
[01:44:42] [44/296] RLLC
[01:44:43] [45/296] MABI
[01:44:44] [46/296] SVHB
[01:44:45] [47/296] NVTB
[01:44:46] [48/296] KCKG
[01:44:47] [49/296] SSRN
[01:44:48] [50/296] VDDC
[01:44:49] [51/296] GKTK
[01:44:50] [52/296] YFSN
[01:44:51] [53/296] GCSG
[01:44:52] [54/296] ESSM
[01:44:52] [55/296] KRIH
[01:44:53] [56/296] GCDS
[01:44:54] [57/296] CCSH
[01:44:55] [58/296] ACSK
[01:44:56] [59/296] APRK
[01:44:57] [60/296] ADKM
[01:44:58] [61/296] SRDM
[01:44:59] [62/296] RMOG
[01:45:00] [63/296] SJMY
[01:45:01] [64/296] PGGC
[01:45:01] [65/296] INGM
[01:45:02] [66/296] LSCB
[01:45:03] [67/296] STAD
[01:45:05] [68/296] MCCR
[01:45:06] [69/296] ABCC
[01:45:07] [70/296] RKCC
[01:45:07] [71/296] RTCR
[01:45:08] [72/296] GGBC
[01:45:09] [73/296] GCSD
[01:45:10] [74/296] LPTY
[01:45:12] [75/296] MCFD
[01:45:13] [76/296] HENN
[01:45:14] [77/296] SMKU
[01:45:15] [78/296] TNZC
[01:45:16] [79/296] DRCD
[01:45:17] [80/296] DLCD
[01:45:18] [81/296] RCDA
[01:45:19] [82/296] COSM
[01:45:20] [83/296] MCMJ
[01:45:20] [84/296] CSTR
[01:45:21] [85/296] CVDK
[01:45:22] [86/296] INRR
[01:45:24] [87/296] RJRT
[01:45:25] [88/296] IRMR
[01:45:26] [89/296] SRCF
[01:45:26] [90/296] GRCR
[01:45:27] [91/296] SURC
[01:45:28] [92/296] NMNH
[01:45:29] [93/296] SVBL
[01:45:30] [94/296] KACI
[01:45:31] [95/296] TDGO
[01:45:32] [96/296] KTBR
[01:45:32] [97/296] PMAD
[01:45:33] [98/296] CCPN
[01:45:34] [99/296] SBTK
[01:45:35] [100/296] LMDK
[01:45:36] [101/296] PGDA
[01:45:37] [102/296] SRML
[01:45:38] [103/296] EVCK
[01:45:39] [104/296] RTTK
[01:45:40] [105/296] SRTU
[01:45:41] [106/296] VRSA
[01:45:41] [107/296] VARS
[01:45:42] [108/296] DSCZ
[01:45:43] [109/296] GAGA
[01:45:44] [110/296] SARV
[01:45:44] [111/296] SEEG
[01:45:45] [112/296] GLCA
[01:45:46] [113/296] APAS
[01:45:47] [114/296] VCIA
[01:45:48] [115/296] SJTA
[01:45:49] [116/296] SABM
[01:45:49] [117/296] PPAG
[01:45:50] [118/296] RVCA
[01:45:51] [119/296] CCIA
[01:45:52] [120/296] HTAG
[01:45:53] [121/296] SMBI
[01:45:54] [122/296] MCJR
[01:45:54] [123/296] CCJR
[01:45:55] [124/296] SINF
[01:45:56] [125/296] CPLX
[01:45:57] [126/296] KKTJ
[01:45:58] [127/296] GDBW
[01:45:59] [128/296] CSUB
[01:46:00] [129/296] DABA
[01:46:00] [130/296] TITR
[01:46:02] [131/296] NYCR
[01:46:03] [132/296] RTRY
[01:46:03] [133/296] JTJL
[01:46:04] [134/296] SJCP
[01:46:05] [135/296] KCCA
[01:46:06] [136/296] MLPG
[01:46:07] [137/296] VRCK
[01:46:09] [138/296] SRIN
[01:46:10] [139/296] CXMK
[01:46:10] [140/296] SKAD
[01:46:12] [141/296] AVTR
[01:46:13] [142/296] PTAJ
[01:46:14] [143/296] SCNK
[01:46:14] [144/296] STTI
[01:46:16] [145/296] KACR
[01:46:16] [146/296] SSDX
[01:46:17] [147/296] VRTJ
[01:46:18] [148/296] RAJD
[01:46:19] [149/296] SCIP
[01:46:20] [150/296] RJSL
[01:46:21] [151/296] ARRS
[01:46:22] [152/296] ASMS
[01:46:22] [153/296] RDTS
[01:46:23] [154/296] DVMY
[01:46:24] [155/296] RASA
[01:46:25] [156/296] INOM
[01:46:26] [157/296] SPRS
[01:46:26] [158/296] SGCS
[01:46:27] [159/296] SALM
[01:46:28] [160/296] PKHC
[01:46:29] [161/296] RCSV
[01:46:29] [162/296] CPKC
[01:46:30] [163/296] AACD
[01:46:31] [164/296] GGCV
[01:46:32] [165/296] SMKD
[01:46:33] [166/296] NBCH
[01:46:33] [167/296] AMCB
[01:46:35] [168/296] OPCN
[01:46:36] [169/296] DCIN
[01:46:37] [170/296] INGW
[01:46:38] [171/296] PKKW
[01:46:38] [172/296] FNGW
[01:46:39] [173/296] GCGD
[01:46:40] [174/296] MSTW
[01:46:41] [175/296] KCCG
[01:46:42] [176/296] MRSS
[01:46:43] [177/296] CLCF
[01:46:43] [178/296] EETS
[01:46:44] [179/296] AATR
[01:46:45] [180/296] CMMN
[01:46:46] [181/296] SCCJ
[01:46:47] [182/296] CDTK
[01:46:47] [183/296] AICP
[01:46:48] [184/296] FNBP
[01:46:49] [185/296] CBPB
[01:46:51] [186/296] CPAS
[01:46:51] [187/296] MAPM
[01:46:52] [188/296] PASD
[01:46:53] [189/296] JCMN
[01:46:54] [190/296] MALB
[01:46:55] [191/296] SACG
[01:46:56] [192/296] DDRX
[01:46:56] [193/296] DDXB
[01:46:57] [194/296] RAMC
[01:46:58] [195/296] SANC
[01:46:59] [196/296] BCBP
[01:47:00] [197/296] ALPC
[01:47:01] [198/296] RBAC
[01:47:02] [199/296] RAJL
[01:47:03] [200/296] MPDX
[01:47:03] [201/296] MUSC
[01:47:04] [202/296] VKMK
[01:47:05] [203/296] SKCG
[01:47:06] [204/296] ANCN
[01:47:07] [205/296] MMCJ
[01:47:08] [206/296] DCAK
[01:47:09] [207/296] SCKG
[01:47:10] [208/296] LMCK
[01:47:10] [209/296] CKKX
[01:47:11] [210/296] ANKU
[01:47:12] [211/296] CSMD
[01:47:13] [212/296] MKMP
[01:47:14] [213/296] SVBG
[01:47:15] [214/296] ROOP
[01:47:15] [215/296] GDMT
[01:47:16] [216/296] FPPF
[01:47:17] [217/296] SFUU
[01:47:19] [218/296] ANCB
[01:47:19] [219/296] SMMC
[01:47:20] [220/296] UGKT
[01:47:21] [221/296] JVRM
[01:47:22] [222/296] BATG
[01:47:23] [223/296] RATE
[01:47:23] [224/296] SKME
[01:47:24] [225/296] LMTP
[01:47:25] [226/296] TCBD
[01:47:26] [227/296] ESBD
[01:47:27] [228/296] GDCU
[01:47:28] [229/296] SNKT
[01:47:29] [230/296] SRNK
[01:47:30] [231/296] SMED
[01:47:31] [232/296] CSQS
[01:47:32] [233/296] ALCS
[01:47:32] [234/296] KCKN
[01:47:33] [235/296] VCCL
[01:47:34] [236/296] MCDA
[01:47:35] [237/296] SHMI
[01:47:36] [238/296] SKHA
[01:47:37] [239/296] SVFK
[01:47:37] [240/296] INVB
[01:47:38] [241/296] MELD
[01:47:39] [242/296] JTYS
[01:47:40] [243/296] INCM
[01:47:40] [244/296] MCDV
[01:47:41] [245/296] KSGK
[01:47:42] [246/296] ICMG
[01:47:43] [247/296] CSCV
[01:47:44] [248/296] STMD
[01:47:45] [249/296] STTR
[01:47:46] [250/296] INVC
[01:47:46] [251/296] JTBL
[01:47:47] [252/296] SRVV
[01:47:48] [253/296] MAVC
[01:47:49] [254/296] SRPP
[01:47:49] [255/296] JGDM
[01:47:50] [256/296] MBSJ
[01:47:52] [257/296] SSLL
[01:47:53] [258/296] SLKP
[01:47:54] [259/296] NSRV
[01:47:55] [260/296] UTDV
[01:47:56] [261/296] KICM
[01:47:57] [262/296] KCMD
[01:47:57] [263/296] TTPP
[01:47:58] [264/296] KMPV
[01:47:59] [265/296] SKTV
[01:48:00] [266/296] STCV
[01:48:00] [267/296] SRDA
[01:48:01] [268/296] JTSX
[01:48:02] [269/296] STBV
[01:48:03] [270/296] APVZ
[01:48:04] [271/296] GSTV
[01:48:05] [272/296] NMVS
[01:48:06] [273/296] SKRT
[01:48:06] [274/296] RMDV
[01:48:07] [275/296] RATG
[01:48:08] [276/296] SJYV
[01:48:09] [277/296] NDGP
[01:48:10] [278/296] SNDG
[01:48:11] [279/296] INSR
[01:48:12] [280/296] INSO
[01:48:12] [281/296] CCSI
[01:48:13] [282/296] RASM
[01:48:14] [283/296] NEWC
[01:48:15] [284/296] VSHL
[01:48:16] [285/296] BISW
[01:48:16] [286/296] GCNG
[01:48:18] [287/296] CWSC
[01:48:19] [288/296] SKAN
[01:48:19] [289/296] SEHP
[01:48:20] [290/296] CCOA
[01:48:21] [291/296] MCAJ
[01:48:22] [292/296] ACDE
[01:48:23] [293/296] AACM
[01:48:24] [294/296] JJCK
[01:48:25] [295/296] RCMO
[01:48:26] [296/296] GDAW
[01:48:26] ✅ DONE | Shows=0 | Movies=0
[02:42:07] 🚀 BMS DAILY TRACKER STARTED
[02:42:07] [1/296] CDCA
[02:42:07] 🧠 New identity
[02:42:08] [2/296] MNSR
[02:42:09] [3/296] CSSL
[02:42:10] [4/296] BGGM
[02:42:12] [5/296] MANT
[02:42:13] [6/296] SOOY
[02:42:14] [7/296] VPPK
[02:42:14] [8/296] MYHJ
[02:42:16] [9/296] KSCK
[02:42:17] [10/296] KATK
[02:42:18] [11/296] RTRT
[02:42:19] [12/296] SSTT
[02:42:20] [13/296] SSTV
[02:42:21] [14/296] LACM
[02:42:21] [15/296] SGMG
[02:42:22] [16/296] KACX
[02:42:23] [17/296] GVCP
[02:42:24] [18/296] CSNC
[02:42:25] [19/296] SXCB
[02:42:25] [20/296] BAHS
[02:42:26] [21/296] PCBI
[02:42:28] [22/296] PSSM
[02:42:28] [23/296] RCOK
[02:42:29] [24/296] SCPF
[02:42:30] [25/296] SSAS
[02:42:31] [26/296] EVMM
[02:42:32] [27/296] SYCB
[02:42:34] [28/296] GCKI
[02:42:35] [29/296] IAET
[02:42:36] [30/296] DDTD
[02:42:37] [31/296] GMDH
[02:42:37] [32/296] STLE
[02:42:38] [33/296] JTRA
[02:42:39] [34/296] RPPA
[02:42:40] [35/296] ARUT
[02:42:40] [36/296] JTVM
[02:42:41] [37/296] SWRH
[02:42:42] [38/296] DCPC
[02:42:43] [39/296] RAPR
[02:42:44] [40/296] GCRT
[02:42:45] [41/296] ATUN
[02:42:46] [42/296] LTRM
[02:42:47] [43/296] TASR
[02:42:47] [44/296] RLLC
[02:42:48] [45/296] MABI
[02:42:49] [46/296] SVHB
[02:42:50] [47/296] NVTB
[02:42:51] [48/296] KCKG
[02:42:52] [49/296] SSRN
[02:42:54] [50/296] VDDC
[02:42:55] [51/296] GKTK
[02:42:56] [52/296] YFSN
[02:42:56] [53/296] GCSG
[02:42:57] [54/296] ESSM
[02:42:58] [55/296] KRIH
[02:42:59] [56/296] GCDS
[02:43:00] [57/296] CCSH
[02:43:00] [58/296] ACSK
[02:43:01] [59/296] APRK
[02:43:02] [60/296] ADKM
[02:43:03] [61/296] SRDM
[02:43:05] [62/296] RMOG
[02:43:06] [63/296] SJMY
[02:43:07] [64/296] PGGC
[02:43:08] [65/296] INGM
[02:43:09] [66/296] LSCB
[02:43:09] [67/296] STAD
[02:43:10] [68/296] MCCR
[02:43:11] [69/296] ABCC
[02:43:12] [70/296] RKCC
[02:43:13] [71/296] RTCR
[02:43:14] [72/296] GGBC
[02:43:15] [73/296] GCSD
[02:43:16] [74/296] LPTY
[02:43:17] [75/296] MCFD
[02:43:18] [76/296] HENN
[02:43:19] [77/296] SMKU
[02:43:21] [78/296] TNZC
[02:43:22] [79/296] DRCD
[02:43:23] [80/296] DLCD
[02:43:23] [81/296] RCDA
[02:43:24] [82/296] COSM
[02:43:26] [83/296] MCMJ
[02:43:28] [84/296] CSTR
[02:43:29] [85/296] CVDK
[02:43:29] [86/296] INRR
[02:43:31] [87/296] RJRT
[02:43:32] [88/296] IRMR
[02:43:33] [89/296] SRCF
[02:43:34] [90/296] GRCR
[02:43:35] [91/296] SURC
[02:43:35] [92/296] NMNH
[02:43:36] [93/296] SVBL
[02:43:37] [94/296] KACI
[02:43:38] [95/296] TDGO
[02:43:39] [96/296] KTBR
[02:43:40] [97/296] PMAD
[02:43:41] [98/296] CCPN
[02:43:42] [99/296] SBTK
[02:43:43] [100/296] LMDK
[02:43:43] [101/296] PGDA
[02:43:44] [102/296] SRML
[02:43:45] [103/296] EVCK
[02:43:46] [104/296] RTTK
[02:43:47] [105/296] SRTU
[02:43:48] [106/296] VRSA
[02:43:48] [107/296] VARS
[02:43:49] [108/296] DSCZ
[02:43:50] [109/296] GAGA
[02:43:51] [110/296] SARV
[02:43:53] [111/296] SEEG
[02:43:54] [112/296] GLCA
[02:43:55] [113/296] APAS
[02:43:56] [114/296] VCIA
[02:43:56] [115/296] SJTA
[02:43:57] [116/296] SABM
[02:43:58] [117/296] PPAG
[02:43:59] [118/296] RVCA
[02:44:00] [119/296] CCIA
[02:44:02] [120/296] HTAG
[02:44:02] [121/296] SMBI
[02:44:04] [122/296] MCJR
[02:44:06] [123/296] CCJR
[02:44:07] [124/296] SINF
[02:44:07] [125/296] CPLX
[02:44:08] [126/296] KKTJ
[02:44:09] [127/296] GDBW
[02:44:10] [128/296] CSUB
[02:44:11] [129/296] DABA
[02:44:12] [130/296] TITR
[02:44:13] [131/296] NYCR
[02:44:14] [132/296] RTRY
[02:44:16] [133/296] JTJL
[02:44:17] [134/296] SJCP
[02:44:17] [135/296] KCCA
[02:44:18] [136/296] MLPG
[02:44:19] [137/296] VRCK
[02:44:20] [138/296] SRIN
[02:44:21] [139/296] CXMK
[02:44:22] [140/296] SKAD
[02:44:22] [141/296] AVTR
[02:44:23] [142/296] PTAJ
[02:44:24] [143/296] SCNK
[02:44:25] [144/296] STTI
[02:44:26] [145/296] KACR
[02:44:26] [146/296] SSDX
[02:44:27] [147/296] VRTJ
[02:44:28] [148/296] RAJD
[02:44:29] [149/296] SCIP
[02:44:30] [150/296] RJSL
[02:44:30] [151/296] ARRS
[02:44:31] [152/296] ASMS
[02:44:32] [153/296] RDTS
[02:44:33] [154/296] DVMY
[02:44:34] [155/296] RASA
[02:44:35] [156/296] INOM
[02:44:36] [157/296] SPRS
[02:44:37] [158/296] SGCS
[02:44:38] [159/296] SALM
[02:44:38] [160/296] PKHC
[02:44:39] [161/296] RCSV
[02:44:40] [162/296] CPKC
[02:44:41] [163/296] AACD
[02:44:42] [164/296] GGCV
[02:44:42] [165/296] SMKD
[02:44:43] [166/296] NBCH
[02:44:44] [167/296] AMCB
[02:44:45] [168/296] OPCN
[02:44:46] [169/296] DCIN
[02:44:47] [170/296] INGW
[02:44:47] [171/296] PKKW
[02:44:49] [172/296] FNGW
[02:44:50] [173/296] GCGD
[02:44:51] [174/296] MSTW
[02:44:52] [175/296] KCCG
[02:44:53] [176/296] MRSS
[02:44:54] [177/296] CLCF
[02:44:54] [178/296] EETS
[02:44:55] [179/296] AATR
[02:44:56] [180/296] CMMN
[02:44:57] [181/296] SCCJ
[02:44:57] [182/296] CDTK
[02:44:58] [183/296] AICP
[02:44:59] [184/296] FNBP
[02:45:01] [185/296] CBPB
[02:45:01] [186/296] CPAS
[02:45:02] [187/296] MAPM
[02:45:03] [188/296] PASD
[02:45:04] [189/296] JCMN
[02:45:06] [190/296] MALB
[02:45:07] [191/296] SACG
[02:45:07] [192/296] DDRX
[02:45:08] [193/296] DDXB
[02:45:09] [194/296] RAMC
[02:45:09] [195/296] SANC
[02:45:10] [196/296] BCBP
[02:45:11] [197/296] ALPC
[02:45:12] [198/296] RBAC
[02:45:13] [199/296] RAJL
[02:45:13] [200/296] MPDX
[02:45:14] [201/296] MUSC
[02:45:15] [202/296] VKMK
[02:45:16] [203/296] SKCG
[02:45:17] [204/296] ANCN
[02:45:17] [205/296] MMCJ
[02:45:18] [206/296] DCAK
[02:45:19] [207/296] SCKG
[02:45:20] [208/296] LMCK
[02:45:21] [209/296] CKKX
[02:45:21] [210/296] ANKU
[02:45:22] [211/296] CSMD
[02:45:24] [212/296] MKMP
[02:45:25] [213/296] SVBG
[02:45:27] [214/296] ROOP
[02:45:27] [215/296] GDMT
[02:45:28] [216/296] FPPF
[02:45:29] [217/296] SFUU
[02:45:30] [218/296] ANCB
[02:45:31] [219/296] SMMC
[02:45:32] [220/296] UGKT
[02:45:33] [221/296] JVRM
[02:45:33] [222/296] BATG
[02:45:34] [223/296] RATE
[02:45:35] [224/296] SKME
[02:45:36] [225/296] LMTP
[02:45:37] [226/296] TCBD
[02:45:37] [227/296] ESBD
[02:45:38] [228/296] GDCU
[02:45:40] [229/296] SNKT
[02:45:41] [230/296] SRNK
[02:45:42] [231/296] SMED
[02:45:42] [232/296] CSQS
[02:45:43] [233/296] ALCS
[02:45:44] [234/296] KCKN
[02:45:45] [235/296] VCCL
[02:45:46] [236/296] MCDA
[02:45:46] [237/296] SHMI
[02:45:47] [238/296] SKHA
[02:45:48] [239/296] SVFK
[02:45:49] [240/296] INVB
[02:45:50] [241/296] MELD
[02:45:51] [242/296] JTYS
[02:45:52] [243/296] INCM
[02:45:53] [244/296] MCDV
[02:45:53] [245/296] KSGK
[02:45:54] [246/296] ICMG
[02:45:55] [247/296] CSCV
[02:45:56] [248/296] STMD
[02:45:57] [249/296] STTR
[02:45:58] [250/296] INVC
[02:45:58] [251/296] JTBL
[02:46:00] [252/296] SRVV
[02:46:01] [253/296] MAVC
[02:46:02] [254/296] SRPP
[02:46:02] [255/296] JGDM
[02:46:03] [256/296] MBSJ
[02:46:04] [257/296] SSLL
[02:46:05] [258/296] SLKP
[02:46:06] [259/296] NSRV
[02:46:07] [260/296] UTDV
[02:46:08] [261/296] KICM
[02:46:08] [262/296] KCMD
[02:46:09] [263/296] TTPP
[02:46:10] [264/296] KMPV
[02:46:11] [265/296] SKTV
[02:46:12] [266/296] STCV
[02:46:13] [267/296] SRDA
[02:46:13] [268/296] JTSX
[02:46:14] [269/296] STBV
[02:46:15] [270/296] APVZ
[02:46:16] [271/296] GSTV
[02:46:17] [272/296] NMVS
[02:46:18] [273/296] SKRT
[02:46:18] [274/296] RMDV
[02:46:19] [275/296] RATG
[02:46:20] [276/296] SJYV
[02:46:21] [277/296] NDGP
[02:46:21] [278/296] SNDG
[02:46:22] [279/296] INSR
[02:46:24] [280/296] INSO
[02:46:25] [281/296] CCSI
[02:46:25] [282/296] RASM
[02:46:26] [283/296] NEWC
[02:46:27] [284/296] VSHL
[02:46:28] [285/296] BISW
[02:46:29] [286/296] GCNG
[02:46:30] [287/296] CWSC
[02:46:31] [288/296] SKAN
[02:46:32] [289/296] SEHP
[02:46:33] [290/296] CCOA
[02:46:34] [291/296] MCAJ
[02:46:35] [292/296] ACDE
[02:46:36] [293/296] AACM
[02:46:37] [294/296] JJCK
[02:46:38] [295/296] RCMO
[02:46:38] [296/296] GDAW
[02:46:39] ✅ DONE | Shows=0 | Movies=0
[03:42:59] 🚀 BMS DAILY TRACKER STARTED
[03:42:59] [1/296] CDCA
[03:42:59] 🧠 New identity
[03:43:00] [2/296] MNSR
[03:43:01] [3/296] CSSL
[03:43:02] [4/296] BGGM
[03:43:02] [5/296] MANT
[03:43:03] [6/296] SOOY
[03:43:04] [7/296] VPPK
[03:43:06] [8/296] MYHJ
[03:43:08] [9/296] KSCK
[03:43:09] [10/296] KATK
[03:43:09] [11/296] RTRT
[03:43:10] [12/296] SSTT
[03:43:11] [13/296] SSTV
[03:43:12] [14/296] LACM
[03:43:13] [15/296] SGMG
[03:43:14] [16/296] KACX
[03:43:15] [17/296] GVCP
[03:43:16] [18/296] CSNC
[03:43:17] [19/296] SXCB
[03:43:18] [20/296] BAHS
[03:43:19] [21/296] PCBI
[03:43:20] [22/296] PSSM
[03:43:21] [23/296] RCOK
[03:43:22] [24/296] SCPF
[03:43:23] [25/296] SSAS
[03:43:24] [26/296] EVMM
[03:43:25] [27/296] SYCB
[03:43:27] [28/296] GCKI
[03:43:27] [29/296] IAET
[03:43:29] [30/296] DDTD
[03:43:30] [31/296] GMDH
[03:43:31] [32/296] STLE
[03:43:32] [33/296] JTRA
[03:43:33] [34/296] RPPA
[03:43:34] [35/296] ARUT
[03:43:35] [36/296] JTVM
[03:43:36] [37/296] SWRH
[03:43:37] [38/296] DCPC
[03:43:37] [39/296] RAPR
[03:43:38] [40/296] GCRT
[03:43:39] [41/296] ATUN
[03:43:40] [42/296] LTRM
[03:43:41] [43/296] TASR
[03:43:41] [44/296] RLLC
[03:43:42] [45/296] MABI
[03:43:43] [46/296] SVHB
[03:43:44] [47/296] NVTB
[03:43:45] [48/296] KCKG
[03:43:46] [49/296] SSRN
[03:43:47] [50/296] VDDC
[03:43:47] [51/296] GKTK
[03:43:48] [52/296] YFSN
[03:43:49] [53/296] GCSG
[03:43:50] [54/296] ESSM
[03:43:51] [55/296] KRIH
[03:43:52] [56/296] GCDS
[03:43:52] [57/296] CCSH
[03:43:53] [58/296] ACSK
[03:43:54] [59/296] APRK
[03:43:55] [60/296] ADKM
[03:43:56] [61/296] SRDM
[03:43:57] [62/296] RMOG
[03:43:58] [63/296] SJMY
[03:43:58] [64/296] PGGC
[03:43:59] [65/296] INGM
[03:44:00] [66/296] LSCB
[03:44:01] [67/296] STAD
[03:44:02] [68/296] MCCR
[03:44:03] [69/296] ABCC
[03:44:04] [70/296] RKCC
[03:44:04] [71/296] RTCR
[03:44:06] [72/296] GGBC
[03:44:07] [73/296] GCSD
[03:44:08] [74/296] LPTY
[03:44:09] [75/296] MCFD
[03:44:10] [76/296] HENN
[03:44:11] [77/296] SMKU
[03:44:12] [78/296] TNZC
[03:44:12] [79/296] DRCD
[03:44:13] [80/296] DLCD
[03:44:14] [81/296] RCDA
[03:44:15] [82/296] COSM
[03:44:16] [83/296] MCMJ
[03:44:17] [84/296] CSTR
[03:44:17] [85/296] CVDK
[03:44:18] [86/296] INRR
[03:44:19] [87/296] RJRT
[03:44:20] [88/296] IRMR
[03:44:21] [89/296] SRCF
[03:44:22] [90/296] GRCR
[03:44:23] [91/296] SURC
[03:44:24] [92/296] NMNH
[03:44:25] [93/296] SVBL
[03:44:26] [94/296] KACI
[03:44:27] [95/296] TDGO
[03:44:28] [96/296] KTBR
[03:44:29] [97/296] PMAD
[03:44:30] [98/296] CCPN
[03:44:30] [99/296] SBTK
[03:44:31] [100/296] LMDK
[03:44:32] [101/296] PGDA
[03:44:33] [102/296] SRML
[03:44:35] [103/296] EVCK
[03:44:36] [104/296] RTTK
[03:44:36] [105/296] SRTU
[03:44:37] [106/296] VRSA
[03:44:38] [107/296] VARS
[03:44:40] [108/296] DSCZ
[03:44:41] [109/296] GAGA
[03:44:43] [110/296] SARV
[03:44:43] [111/296] SEEG
[03:44:44] [112/296] GLCA
[03:44:45] [113/296] APAS
[03:44:46] [114/296] VCIA
[03:44:47] [115/296] SJTA
[03:44:47] [116/296] SABM
[03:44:48] [117/296] PPAG
[03:44:49] [118/296] RVCA
[03:44:50] [119/296] CCIA
[03:44:50] [120/296] HTAG
[03:44:51] [121/296] SMBI
[03:44:53] [122/296] MCJR
[03:44:54] [123/296] CCJR
[03:44:54] [124/296] SINF
[03:44:55] [125/296] CPLX
[03:44:56] [126/296] KKTJ
[03:44:57] [127/296] GDBW
[03:44:57] [128/296] CSUB
[03:44:58] [129/296] DABA
[03:44:59] [130/296] TITR
[03:45:00] [131/296] NYCR
[03:45:01] [132/296] RTRY
[03:45:02] [133/296] JTJL
[03:45:03] [134/296] SJCP
[03:45:05] [135/296] KCCA
[03:45:07] [136/296] MLPG
[03:45:07] [137/296] VRCK
[03:45:08] [138/296] SRIN
[03:45:09] [139/296] CXMK
[03:45:10] [140/296] SKAD
[03:45:11] [141/296] AVTR
[03:45:12] [142/296] PTAJ
[03:45:13] [143/296] SCNK
[03:45:14] [144/296] STTI
[03:45:15] [145/296] KACR
[03:45:15] [146/296] SSDX
[03:45:16] [147/296] VRTJ
[03:45:17] [148/296] RAJD
[03:45:18] [149/296] SCIP
[03:45:19] [150/296] RJSL
[03:45:20] [151/296] ARRS
[03:45:21] [152/296] ASMS
[03:45:21] [153/296] RDTS
[03:45:22] [154/296] DVMY
[03:45:23] [155/296] RASA
[03:45:25] [156/296] INOM
[03:45:26] [157/296] SPRS
[03:45:26] [158/296] SGCS
[03:45:27] [159/296] SALM
[03:45:28] [160/296] PKHC
[03:45:29] [161/296] RCSV
[03:45:31] [162/296] CPKC
[03:45:31] [163/296] AACD
[03:45:33] [164/296] GGCV
[03:45:34] [165/296] SMKD
[03:45:35] [166/296] NBCH
[03:45:36] [167/296] AMCB
[03:45:36] [168/296] OPCN
[03:45:37] [169/296] DCIN
[03:45:38] [170/296] INGW
[03:45:39] [171/296] PKKW
[03:45:40] [172/296] FNGW
[03:45:40] [173/296] GCGD
[03:45:41] [174/296] MSTW
[03:45:42] [175/296] KCCG
[03:45:43] [176/296] MRSS
[03:45:43] [177/296] CLCF
[03:45:44] [178/296] EETS
[03:45:45] [179/296] AATR
[03:45:46] [180/296] CMMN
[03:45:47] [181/296] SCCJ
[03:45:48] [182/296] CDTK
[03:45:48] [183/296] AICP
[03:45:49] [184/296] FNBP
[03:45:50] [185/296] CBPB
[03:45:51] [186/296] CPAS
[03:45:52] [187/296] MAPM
[03:45:53] [188/296] PASD
[03:45:53] [189/296] JCMN
[03:45:55] [190/296] MALB
[03:45:56] [191/296] SACG
[03:45:57] [192/296] DDRX
[03:45:58] [193/296] DDXB
[03:45:58] [194/296] RAMC
[03:45:59] [195/296] SANC
[03:46:00] [196/296] BCBP
[03:46:01] [197/296] ALPC
[03:46:03] [198/296] RBAC
[03:46:03] [199/296] RAJL
[03:46:04] [200/296] MPDX
[03:46:05] [201/296] MUSC
[03:46:06] [202/296] VKMK
[03:46:07] [203/296] SKCG
[03:46:08] [204/296] ANCN
[03:46:08] [205/296] MMCJ
[03:46:09] [206/296] DCAK
[03:46:10] [207/296] SCKG
[03:46:11] [208/296] LMCK
[03:46:12] [209/296] CKKX
[03:46:13] [210/296] ANKU
[03:46:14] [211/296] CSMD
[03:46:15] [212/296] MKMP
[03:46:16] [213/296] SVBG
[03:46:17] [214/296] ROOP
[03:46:17] [215/296] GDMT
[03:46:18] [216/296] FPPF
[03:46:19] [217/296] SFUU
[03:46:20] [218/296] ANCB
[03:46:20] [219/296] SMMC
[03:46:21] [220/296] UGKT
[03:46:23] [221/296] JVRM
[03:46:24] [222/296] BATG
[03:46:25] [223/296] RATE
[03:46:26] [224/296] SKME
[03:46:27] [225/296] LMTP
[03:46:27] [226/296] TCBD
[03:46:28] [227/296] ESBD
[03:46:30] [228/296] GDCU
[03:46:31] [229/296] SNKT
[03:46:31] [230/296] SRNK
[03:46:32] [231/296] SMED
[03:46:33] [232/296] CSQS
[03:46:34] [233/296] ALCS
[03:46:35] [234/296] KCKN
[03:46:36] [235/296] VCCL
[03:46:36] [236/296] MCDA
[03:46:37] [237/296] SHMI
[03:46:38] [238/296] SKHA
[03:46:39] [239/296] SVFK
[03:46:41] [240/296] INVB
[03:46:42] [241/296] MELD
[03:46:43] [242/296] JTYS
[03:46:43] [243/296] INCM
[03:46:44] [244/296] MCDV
[03:46:46] [245/296] KSGK
[03:46:48] [246/296] ICMG
[03:46:49] [247/296] CSCV
[03:46:50] [248/296] STMD
[03:46:51] [249/296] STTR
[03:46:52] [250/296] INVC
[03:46:53] [251/296] JTBL
[03:46:54] [252/296] SRVV
[03:46:55] [253/296] MAVC
[03:46:55] [254/296] SRPP
[03:46:56] [255/296] JGDM
[03:46:57] [256/296] MBSJ
[03:46:58] [257/296] SSLL
[03:46:59] [258/296] SLKP
[03:46:59] [259/296] NSRV
[03:47:00] [260/296] UTDV
[03:47:01] [261/296] KICM
[03:47:02] [262/296] KCMD
[03:47:03] [263/296] TTPP
[03:47:04] [264/296] KMPV
[03:47:05] [265/296] SKTV
[03:47:05] [266/296] STCV
[03:47:06] [267/296] SRDA
[03:47:07] [268/296] JTSX
[03:47:08] [269/296] STBV
[03:47:09] [270/296] APVZ
[03:47:10] [271/296] GSTV
[03:47:10] [272/296] NMVS
[03:47:11] [273/296] SKRT
[03:47:12] [274/296] RMDV
[03:47:13] [275/296] RATG
[03:47:13] [276/296] SJYV
[03:47:14] [277/296] NDGP
[03:47:15] [278/296] SNDG
[03:47:16] [279/296] INSR
[03:47:16] [280/296] INSO
[03:47:17] [281/296] CCSI
[03:47:18] [282/296] RASM
[03:47:19] [283/296] NEWC
[03:47:20] [284/296] VSHL
[03:47:21] [285/296] BISW
[03:47:21] [286/296] GCNG
[03:47:22] [287/296] CWSC
[03:47:23] [288/296] SKAN
[03:47:24] [289/296] SEHP
[03:47:25] [290/296] CCOA
[03:47:26] [291/296] MCAJ
[03:47:27] [292/296] ACDE
[03:47:27] [293/296] AACM
[03:47:28] [294/296] JJCK
[03:47:29] [295/296] RCMO
[03:47:30] [296/296] GDAW
[03:47:31] ✅ DONE | Shows=0 | Movies=0
[04:43:03] 🚀 BMS DAILY TRACKER STARTED
[04:43:03] [1/296] CDCA
[04:43:03] 🧠 New identity
[04:43:04] [2/296] MNSR
[04:43:05] [3/296] CSSL
[04:43:06] [4/296] BGGM
[04:43:07] [5/296] MANT
[04:43:08] [6/296] SOOY
[04:43:09] [7/296] VPPK
[04:43:10] [8/296] MYHJ
[04:43:11] [9/296] KSCK
[04:43:11] [10/296] KATK
[04:43:12] [11/296] RTRT
[04:43:13] [12/296] SSTT
[04:43:15] [13/296] SSTV
[04:43:16] [14/296] LACM
[04:43:17] [15/296] SGMG
[04:43:17] [16/296] KACX
[04:43:18] [17/296] GVCP
[04:43:19] [18/296] CSNC
[04:43:20] [19/296] SXCB
[04:43:21] [20/296] BAHS
[04:43:22] [21/296] PCBI
[04:43:22] [22/296] PSSM
[04:43:23] [23/296] RCOK
[04:43:24] [24/296] SCPF
[04:43:25] [25/296] SSAS
[04:43:26] [26/296] EVMM
[04:43:27] [27/296] SYCB
[04:43:28] [28/296] GCKI
[04:43:28] [29/296] IAET
[04:43:30] [30/296] DDTD
[04:43:32] [31/296] GMDH
[04:43:32] [32/296] STLE
[04:43:33] [33/296] JTRA
[04:43:34] [34/296] RPPA
[04:43:35] [35/296] ARUT
[04:43:36] [36/296] JTVM
[04:43:37] [37/296] SWRH
[04:43:38] [38/296] DCPC
[04:43:39] [39/296] RAPR
[04:43:40] [40/296] GCRT
[04:43:41] [41/296] ATUN
[04:43:42] [42/296] LTRM
[04:43:43] [43/296] TASR
[04:43:43] [44/296] RLLC
[04:43:44] [45/296] MABI
[04:43:45] [46/296] SVHB
[04:43:46] [47/296] NVTB
[04:43:47] [48/296] KCKG
[04:43:48] [49/296] SSRN
[04:43:49] [50/296] VDDC
[04:43:50] [51/296] GKTK
[04:43:50] [52/296] YFSN
[04:43:52] [53/296] GCSG
[04:43:53] [54/296] ESSM
[04:43:54] [55/296] KRIH
[04:43:54] [56/296] GCDS
[04:43:55] [57/296] CCSH
[04:43:56] [58/296] ACSK
[04:43:58] [59/296] APRK
[04:43:58] [60/296] ADKM
[04:43:59] [61/296] SRDM
[04:44:00] [62/296] RMOG
[04:44:01] [63/296] SJMY
[04:44:02] [64/296] PGGC
[04:44:03] [65/296] INGM
[04:44:04] [66/296] LSCB
[04:44:05] [67/296] STAD
[04:44:06] [68/296] MCCR
[04:44:06] [69/296] ABCC
[04:44:07] [70/296] RKCC
[04:44:08] [71/296] RTCR
[04:44:09] [72/296] GGBC
[04:44:10] [73/296] GCSD
[04:44:11] [74/296] LPTY
[04:44:12] [75/296] MCFD
[04:44:13] [76/296] HENN
[04:44:14] [77/296] SMKU
[04:44:14] [78/296] TNZC
[04:44:15] [79/296] DRCD
[04:44:16] [80/296] DLCD
[04:44:17] [81/296] RCDA
[04:44:18] [82/296] COSM
[04:44:19] [83/296] MCMJ
[04:44:19] [84/296] CSTR
[04:44:20] [85/296] CVDK
[04:44:21] [86/296] INRR
[04:44:23] [87/296] RJRT
[04:44:24] [88/296] IRMR
[04:44:24] [89/296] SRCF
[04:44:25] [90/296] GRCR
[04:44:26] [91/296] SURC
[04:44:26] [92/296] NMNH
[04:44:27] [93/296] SVBL
[04:44:28] [94/296] KACI
[04:44:29] [95/296] TDGO
[04:44:30] [96/296] KTBR
[04:44:31] [97/296] PMAD
[04:44:32] [98/296] CCPN
[04:44:33] [99/296] SBTK
[04:44:34] [100/296] LMDK
[04:44:35] [101/296] PGDA
[04:44:36] [102/296] SRML
[04:44:38] [103/296] EVCK
[04:44:39] [104/296] RTTK
[04:44:40] [105/296] SRTU
[04:44:41] [106/296] VRSA
[04:44:42] [107/296] VARS
[04:44:43] [108/296] DSCZ
[04:44:44] [109/296] GAGA
[04:44:45] [110/296] SARV
[04:44:46] [111/296] SEEG
[04:44:47] [112/296] GLCA
[04:44:48] [113/296] APAS
[04:44:49] [114/296] VCIA
[04:44:49] [115/296] SJTA
[04:44:50] [116/296] SABM
[04:44:51] [117/296] PPAG
[04:44:52] [118/296] RVCA
[04:44:53] [119/296] CCIA
[04:44:54] [120/296] HTAG
[04:44:55] [121/296] SMBI
[04:44:55] [122/296] MCJR
[04:44:56] [123/296] CCJR
[04:44:57] [124/296] SINF
[04:44:58] [125/296] CPLX
[04:44:59] [126/296] KKTJ
[04:45:01] [127/296] GDBW
[04:45:02] [128/296] CSUB
[04:45:03] [129/296] DABA
[04:45:03] [130/296] TITR
[04:45:04] [131/296] NYCR
[04:45:05] [132/296] RTRY
[04:45:06] [133/296] JTJL
[04:45:07] [134/296] SJCP
[04:45:08] [135/296] KCCA
[04:45:09] [136/296] MLPG
[04:45:09] [137/296] VRCK
[04:45:10] [138/296] SRIN
[04:45:11] [139/296] CXMK
[04:45:12] [140/296] SKAD
[04:45:13] [141/296] AVTR
[04:45:13] [142/296] PTAJ
[04:45:15] [143/296] SCNK
[04:45:16] [144/296] STTI
[04:45:17] [145/296] KACR
[04:45:18] [146/296] SSDX
[04:45:19] [147/296] VRTJ
[04:45:19] [148/296] RAJD
[04:45:20] [149/296] SCIP
[04:45:21] [150/296] RJSL
[04:45:22] [151/296] ARRS
[04:45:23] [152/296] ASMS
[04:45:24] [153/296] RDTS
[04:45:24] [154/296] DVMY
[04:45:25] [155/296] RASA
[04:45:26] [156/296] INOM
[04:45:27] [157/296] SPRS
[04:45:28] [158/296] SGCS
[04:45:29] [159/296] SALM
[04:45:30] [160/296] PKHC
[04:45:31] [161/296] RCSV
[04:45:31] [162/296] CPKC
[04:45:32] [163/296] AACD
[04:45:34] [164/296] GGCV
[04:45:34] [165/296] SMKD
[04:45:35] [166/296] NBCH
[04:45:36] [167/296] AMCB
[04:45:37] [168/296] OPCN
[04:45:37] [169/296] DCIN
[04:45:38] [170/296] INGW
[04:45:39] [171/296] PKKW
[04:45:40] [172/296] FNGW
[04:45:41] [173/296] GCGD
[04:45:42] [174/296] MSTW
[04:45:42] [175/296] KCCG
[04:45:43] [176/296] MRSS
[04:45:44] [177/296] CLCF
[04:45:45] [178/296] EETS
[04:45:46] [179/296] AATR
[04:45:46] [180/296] CMMN
[04:45:47] [181/296] SCCJ
[04:45:48] [182/296] CDTK
[04:45:49] [183/296] AICP
[04:45:50] [184/296] FNBP
[04:45:51] [185/296] CBPB
[04:45:52] [186/296] CPAS
[04:45:53] [187/296] MAPM
[04:45:53] [188/296] PASD
[04:45:55] [189/296] JCMN
[04:45:56] [190/296] MALB
[04:45:57] [191/296] SACG
[04:45:57] [192/296] DDRX
[04:45:58] [193/296] DDXB
[04:46:00] [194/296] RAMC
[04:46:00] [195/296] SANC
[04:46:01] [196/296] BCBP
[04:46:02] [197/296] ALPC
[04:46:03] [198/296] RBAC
[04:46:04] [199/296] RAJL
[04:46:04] [200/296] MPDX
[04:46:05] [201/296] MUSC
[04:46:06] [202/296] VKMK
[04:46:07] [203/296] SKCG
[04:46:07] [204/296] ANCN
[04:46:09] [205/296] MMCJ
[04:46:10] [206/296] DCAK
[04:46:11] [207/296] SCKG
[04:46:12] [208/296] LMCK
[04:46:13] [209/296] CKKX
[04:46:14] [210/296] ANKU
[04:46:15] [211/296] CSMD
[04:46:16] [212/296] MKMP
[04:46:16] [213/296] SVBG
[04:46:17] [214/296] ROOP
[04:46:18] [215/296] GDMT
[04:46:19] [216/296] FPPF
[04:46:20] [217/296] SFUU
[04:46:21] [218/296] ANCB
[04:46:22] [219/296] SMMC
[04:46:23] [220/296] UGKT
[04:46:23] [221/296] JVRM
[04:46:24] [222/296] BATG
[04:46:25] [223/296] RATE
[04:46:26] [224/296] SKME
[04:46:27] [225/296] LMTP
[04:46:28] [226/296] TCBD
[04:46:28] [227/296] ESBD
[04:46:29] [228/296] GDCU
[04:46:30] [229/296] SNKT
[04:46:31] [230/296] SRNK
[04:46:32] [231/296] SMED
[04:46:33] [232/296] CSQS
[04:46:34] [233/296] ALCS
[04:46:34] [234/296] KCKN
[04:46:35] [235/296] VCCL
[04:46:36] [236/296] MCDA
[04:46:37] [237/296] SHMI
[04:46:38] [238/296] SKHA
[04:46:39] [239/296] SVFK
[04:46:39] [240/296] INVB
[04:46:40] [241/296] MELD
[04:46:41] [242/296] JTYS
[04:46:42] [243/296] INCM
[04:46:43] [244/296] MCDV
[04:46:44] [245/296] KSGK
[04:46:44] [246/296] ICMG
[04:46:45] [247/296] CSCV
[04:46:46] [248/296] STMD
[04:46:47] [249/296] STTR
[04:46:48] [250/296] INVC
[04:46:50] [251/296] JTBL
[04:46:50] [252/296] SRVV
[04:46:51] [253/296] MAVC
[04:46:52] [254/296] SRPP
[04:46:53] [255/296] JGDM
[04:46:54] [256/296] MBSJ
[04:46:54] [257/296] SSLL
[04:46:55] [258/296] SLKP
[04:46:56] [259/296] NSRV
[04:46:57] [260/296] UTDV
[04:46:58] [261/296] KICM
[04:46:59] [262/296] KCMD
[04:46:59] [263/296] TTPP
[04:47:00] [264/296] KMPV
[04:47:01] [265/296] SKTV
[04:47:02] [266/296] STCV
[04:47:03] [267/296] SRDA
[04:47:04] [268/296] JTSX
[04:47:04] [269/296] STBV
[04:47:05] [270/296] APVZ
[04:47:06] [271/296] GSTV
[04:47:07] [272/296] NMVS
[04:47:07] [273/296] SKRT
[04:47:08] [274/296] RMDV
[04:47:09] [275/296] RATG
[04:47:10] [276/296] SJYV
[04:47:11] [277/296] NDGP
[04:47:11] [278/296] SNDG
[04:47:12] [279/296] INSR
[04:47:13] [280/296] INSO
[04:47:14] [281/296] CCSI
[04:47:15] [282/296] RASM
[04:47:16] [283/296] NEWC
[04:47:16] [284/296] VSHL
[04:47:17] [285/296] BISW
[04:47:18] [286/296] GCNG
[04:47:20] [287/296] CWSC
[04:47:21] [288/296] SKAN
[04:47:22] [289/296] SEHP
[04:47:22] [290/296] CCOA
[04:47:23] [291/296] MCAJ
[04:47:24] [292/296] ACDE
[04:47:25] [293/296] AACM
[04:47:26] [294/296] JJCK
[04:47:27] [295/296] RCMO
[04:47:27] [296/296] GDAW
[04:47:28] ✅ DONE | Shows=11 | Movies=3
[06:25:47] 🚀 BMS DAILY TRACKER STARTED
[06:25:47] [1/296] CDCA
[06:25:47] 🧠 New identity
[06:25:48] [2/296] MNSR
[06:25:49] [3/296] CSSL
[06:25:50] [4/296] BGGM
[06:25:51] [5/296] MANT
[06:25:52] [6/296] SOOY
[06:25:53] [7/296] VPPK
[06:25:54] [8/296] MYHJ
[06:25:55] [9/296] KSCK
[06:25:56] [10/296] KATK
[06:25:57] [11/296] RTRT
[06:25:58] [12/296] SSTT
[06:25:59] [13/296] SSTV
[06:26:00] [14/296] LACM
[06:26:01] [15/296] SGMG
[06:26:01] [16/296] KACX
[06:26:02] [17/296] GVCP
[06:26:04] [18/296] CSNC
[06:26:04] [19/296] SXCB
[06:26:05] [20/296] BAHS
[06:26:06] [21/296] PCBI
[06:26:07] [22/296] PSSM
[06:26:08] [23/296] RCOK
[06:26:09] [24/296] SCPF
[06:26:10] [25/296] SSAS
[06:26:11] [26/296] EVMM
[06:26:12] [27/296] SYCB
[06:26:13] [28/296] GCKI
[06:26:14] [29/296] IAET
[06:26:15] [30/296] DDTD
[06:26:16] [31/296] GMDH
[06:26:17] [32/296] STLE
[06:26:18] [33/296] JTRA
[06:26:19] [34/296] RPPA
[06:26:20] [35/296] ARUT
[06:26:21] [36/296] JTVM
[06:26:22] [37/296] SWRH
[06:26:22] [38/296] DCPC
[06:26:23] [39/296] RAPR
[06:26:24] [40/296] GCRT
[06:26:25] [41/296] ATUN
[06:26:26] [42/296] LTRM
[06:26:27] [43/296] TASR
[06:26:28] [44/296] RLLC
[06:26:29] [45/296] MABI
[06:26:30] [46/296] SVHB
[06:26:31] [47/296] NVTB
[06:26:32] [48/296] KCKG
[06:26:33] [49/296] SSRN
[06:26:34] [50/296] VDDC
[06:26:35] [51/296] GKTK
[06:26:36] [52/296] YFSN
[06:26:37] [53/296] GCSG
[06:26:38] [54/296] ESSM
[06:26:39] [55/296] KRIH
[06:26:40] [56/296] GCDS
[06:26:41] [57/296] CCSH
[06:26:41] [58/296] ACSK
[06:26:42] [59/296] APRK
[06:26:43] [60/296] ADKM
[06:26:44] [61/296] SRDM
[06:26:45] [62/296] RMOG
[06:26:45] [63/296] SJMY
[06:26:47] [64/296] PGGC
[06:26:47] [65/296] INGM
[06:26:48] [66/296] LSCB
[06:26:49] [67/296] STAD
[06:26:50] [68/296] MCCR
[06:26:51] [69/296] ABCC
[06:26:53] [70/296] RKCC
[06:26:54] [71/296] RTCR
[06:26:55] [72/296] GGBC
[06:26:56] [73/296] GCSD
[06:26:57] [74/296] LPTY
[06:26:58] [75/296] MCFD
[06:26:59] [76/296] HENN
[06:27:00] [77/296] SMKU
[06:27:01] [78/296] TNZC
[06:27:01] [79/296] DRCD
[06:27:02] [80/296] DLCD
[06:27:03] [81/296] RCDA
[06:27:04] [82/296] COSM
[06:27:06] [83/296] MCMJ
[06:27:07] [84/296] CSTR
[06:27:08] [85/296] CVDK
[06:27:09] [86/296] INRR
[06:27:11] [87/296] RJRT
[06:27:12] [88/296] IRMR
[06:27:12] [89/296] SRCF
[06:27:13] [90/296] GRCR
[06:27:15] [91/296] SURC
[06:27:16] [92/296] NMNH
[06:27:16] [93/296] SVBL
[06:27:17] [94/296] KACI
[06:27:18] [95/296] TDGO
[06:27:19] [96/296] KTBR
[06:27:19] [97/296] PMAD
[06:27:20] [98/296] CCPN
[06:27:21] [99/296] SBTK
[06:27:22] [100/296] LMDK
[06:27:23] [101/296] PGDA
[06:27:24] [102/296] SRML
[06:27:25] [103/296] EVCK
[06:27:26] [104/296] RTTK
[06:27:28] [105/296] SRTU
[06:27:28] [106/296] VRSA
[06:27:29] [107/296] VARS
[06:27:30] [108/296] DSCZ
[06:27:31] [109/296] GAGA
[06:27:32] [110/296] SARV
[06:27:32] [111/296] SEEG
[06:27:34] [112/296] GLCA
[06:27:35] [113/296] APAS
[06:27:36] [114/296] VCIA
[06:27:38] [115/296] SJTA
[06:27:39] [116/296] SABM
[06:27:40] [117/296] PPAG
[06:27:41] [118/296] RVCA
[06:27:42] [119/296] CCIA
[06:27:43] [120/296] HTAG
[06:27:44] [121/296] SMBI
[06:27:45] [122/296] MCJR
[06:27:45] [123/296] CCJR
[06:27:46] [124/296] SINF
[06:27:47] [125/296] CPLX
[06:27:48] [126/296] KKTJ
[06:27:49] [127/296] GDBW
[06:27:50] [128/296] CSUB
[06:27:52] [129/296] DABA
[06:27:52] [130/296] TITR
[06:27:54] [131/296] NYCR
[06:27:54] [132/296] RTRY
[06:27:56] [133/296] JTJL
[06:27:57] [134/296] SJCP
[06:27:58] [135/296] KCCA
[06:27:58] [136/296] MLPG
[06:28:00] [137/296] VRCK
[06:28:00] [138/296] SRIN
[06:28:01] [139/296] CXMK
[06:28:02] [140/296] SKAD
[06:28:04] [141/296] AVTR
[06:28:05] [142/296] PTAJ
[06:28:06] [143/296] SCNK
[06:28:07] [144/296] STTI
[06:28:08] [145/296] KACR
[06:28:09] [146/296] SSDX
[06:28:10] [147/296] VRTJ
[06:28:11] [148/296] RAJD
[06:28:11] [149/296] SCIP
[06:28:12] [150/296] RJSL
[06:28:13] [151/296] ARRS
[06:28:14] [152/296] ASMS
[06:28:15] [153/296] RDTS
[06:28:16] [154/296] DVMY
[06:28:17] [155/296] RASA
[06:28:18] [156/296] INOM
[06:28:19] [157/296] SPRS
[06:28:20] [158/296] SGCS
[06:28:21] [159/296] SALM
[06:28:21] [160/296] PKHC
[06:28:22] [161/296] RCSV
[06:28:23] [162/296] CPKC
[06:28:24] [163/296] AACD
[06:28:25] [164/296] GGCV
[06:28:26] [165/296] SMKD
[06:28:26] [166/296] NBCH
[06:28:27] [167/296] AMCB
[06:28:28] [168/296] OPCN
[06:28:29] [169/296] DCIN
[06:28:30] [170/296] INGW
[06:28:31] [171/296] PKKW
[06:28:32] [172/296] FNGW
[06:28:33] [173/296] GCGD
[06:28:34] [174/296] MSTW
[06:28:35] [175/296] KCCG
[06:28:36] [176/296] MRSS
[06:28:37] [177/296] CLCF
[06:28:38] [178/296] EETS
[06:28:39] [179/296] AATR
[06:28:40] [180/296] CMMN
[06:28:41] [181/296] SCCJ
[06:28:42] [182/296] CDTK
[06:28:42] [183/296] AICP
[06:28:43] [184/296] FNBP
[06:28:44] [185/296] CBPB
[06:28:45] [186/296] CPAS
[06:28:46] [187/296] MAPM
[06:28:47] [188/296] PASD
[06:28:48] [189/296] JCMN
[06:28:49] [190/296] MALB
[06:28:50] [191/296] SACG
[06:28:51] [192/296] DDRX
[06:28:52] [193/296] DDXB
[06:28:53] [194/296] RAMC
[06:28:54] [195/296] SANC
[06:28:55] [196/296] BCBP
[06:28:55] [197/296] ALPC
[06:28:56] [198/296] RBAC
[06:28:57] [199/296] RAJL
[06:28:58] [200/296] MPDX
[06:28:59] [201/296] MUSC
[06:29:00] [202/296] VKMK
[06:29:02] [203/296] SKCG
[06:29:03] [204/296] ANCN
[06:29:04] [205/296] MMCJ
[06:29:04] [206/296] DCAK
[06:29:05] [207/296] SCKG
[06:29:06] [208/296] LMCK
[06:29:07] [209/296] CKKX
[06:29:08] [210/296] ANKU
[06:29:09] [211/296] CSMD
[06:29:10] [212/296] MKMP
[06:29:11] [213/296] SVBG
[06:29:12] [214/296] ROOP
[06:29:13] [215/296] GDMT
[06:29:13] [216/296] FPPF
[06:29:15] [217/296] SFUU
[06:29:16] [218/296] ANCB
[06:29:17] [219/296] SMMC
[06:29:18] [220/296] UGKT
[06:29:19] [221/296] JVRM
[06:29:20] [222/296] BATG
[06:29:20] [223/296] RATE
[06:29:21] [224/296] SKME
[06:29:22] [225/296] LMTP
[06:29:23] [226/296] TCBD
[06:29:24] [227/296] ESBD
[06:29:25] [228/296] GDCU
[06:29:25] [229/296] SNKT
[06:29:26] [230/296] SRNK
[06:29:27] [231/296] SMED
[06:29:28] [232/296] CSQS
[06:29:29] [233/296] ALCS
[06:29:30] [234/296] KCKN
[06:29:31] [235/296] VCCL
[06:29:32] [236/296] MCDA
[06:29:33] [237/296] SHMI
[06:29:33] [238/296] SKHA
[06:29:34] [239/296] SVFK
[06:29:36] [240/296] INVB
[06:29:37] [241/296] MELD
[06:29:38] [242/296] JTYS
[06:29:38] [243/296] INCM
[06:29:39] [244/296] MCDV
[06:29:40] [245/296] KSGK
[06:29:41] [246/296] ICMG
[06:29:42] [247/296] CSCV
[06:29:42] [248/296] STMD
[06:29:43] [249/296] STTR
[06:29:44] [250/296] INVC
[06:29:45] [251/296] JTBL
[06:29:46] [252/296] SRVV
[06:29:47] [253/296] MAVC
[06:29:48] [254/296] SRPP
[06:29:49] [255/296] JGDM
[06:29:50] [256/296] MBSJ
[06:29:50] [257/296] SSLL
[06:29:51] [258/296] SLKP
[06:29:52] [259/296] NSRV
[06:29:53] [260/296] UTDV
[06:29:54] [261/296] KICM
[06:29:54] [262/296] KCMD
[06:29:56] [263/296] TTPP
[06:29:57] [264/296] KMPV
[06:29:58] [265/296] SKTV
[06:29:58] [266/296] STCV
[06:30:00] [267/296] SRDA
[06:30:01] [268/296] JTSX
[06:30:02] [269/296] STBV
[06:30:03] [270/296] APVZ
[06:30:04] [271/296] GSTV
[06:30:05] [272/296] NMVS
[06:30:06] [273/296] SKRT
[06:30:07] [274/296] RMDV
[06:30:08] [275/296] RATG
[06:30:09] [276/296] SJYV
[06:30:10] [277/296] NDGP
[06:30:11] [278/296] SNDG
[06:30:12] [279/296] INSR
[06:30:13] [280/296] INSO
[06:30:13] [281/296] CCSI
[06:30:15] [282/296] RASM
[06:30:15] [283/296] NEWC
[06:30:16] [284/296] VSHL
[06:30:18] [285/296] BISW
[06:30:19] [286/296] GCNG
[06:30:20] [287/296] CWSC
[06:30:21] [288/296] SKAN
[06:30:22] [289/296] SEHP
[06:30:22] [290/296] CCOA
[06:30:23] [291/296] MCAJ
[06:30:24] [292/296] ACDE
[06:30:25] [293/296] AACM
[06:30:26] [294/296] JJCK
[06:30:27] [295/296] RCMO
[06:30:28] [296/296] GDAW
[06:30:29] ✅ DONE | Shows=79 | Movies=10
[07:59:40] 🚀 BMS DAILY TRACKER STARTED
[07:59:40] [1/296] CDCA
[07:59:40] 🧠 New identity
[07:59:42] [2/296] MNSR
[07:59:44] [3/296] CSSL
[07:59:45] [4/296] BGGM
[07:59:45] [5/296] MANT
[07:59:46] [6/296] SOOY
[07:59:47] [7/296] VPPK
[07:59:48] [8/296] MYHJ
[07:59:49] [9/296] KSCK
[07:59:50] [10/296] KATK
[07:59:51] [11/296] RTRT
[07:59:52] [12/296] SSTT
[07:59:53] [13/296] SSTV
[07:59:54] [14/296] LACM
[07:59:55] [15/296] SGMG
[07:59:56] [16/296] KACX
[07:59:57] [17/296] GVCP
[07:59:58] [18/296] CSNC
[07:59:59] [19/296] SXCB
[08:00:00] [20/296] BAHS
[08:00:01] [21/296] PCBI
[08:00:02] [22/296] PSSM
[08:00:03] [23/296] RCOK
[08:00:04] [24/296] SCPF
[08:00:05] [25/296] SSAS
[08:00:06] [26/296] EVMM
[08:00:07] [27/296] SYCB
[08:00:08] [28/296] GCKI
[08:00:09] [29/296] IAET
[08:00:09] [30/296] DDTD
[08:00:10] [31/296] GMDH
[08:00:11] [32/296] STLE
[08:00:12] [33/296] JTRA
[08:00:13] [34/296] RPPA
[08:00:14] [35/296] ARUT
[08:00:14] [36/296] JTVM
[08:00:16] [37/296] SWRH
[08:00:17] [38/296] DCPC
[08:00:19] [39/296] RAPR
[08:00:19] [40/296] GCRT
[08:00:20] [41/296] ATUN
[08:00:21] [42/296] LTRM
[08:00:22] [43/296] TASR
[08:00:23] [44/296] RLLC
[08:00:24] [45/296] MABI
[08:00:24] [46/296] SVHB
[08:00:25] [47/296] NVTB
[08:00:26] [48/296] KCKG
[08:00:27] [49/296] SSRN
[08:00:28] [50/296] VDDC
[08:00:29] [51/296] GKTK
[08:00:29] [52/296] YFSN
[08:00:30] [53/296] GCSG
[08:00:31] [54/296] ESSM
[08:00:33] [55/296] KRIH
[08:00:34] [56/296] GCDS
[08:00:35] [57/296] CCSH
[08:00:35] [58/296] ACSK
[08:00:36] [59/296] APRK
[08:00:37] [60/296] ADKM
[08:00:38] [61/296] SRDM
[08:00:39] [62/296] RMOG
[08:00:40] [63/296] SJMY
[08:00:40] [64/296] PGGC
[08:00:41] [65/296] INGM
[08:00:43] [66/296] LSCB
[08:00:44] [67/296] STAD
[08:00:46] [68/296] MCCR
[08:00:47] [69/296] ABCC
[08:00:48] [70/296] RKCC
[08:00:49] [71/296] RTCR
[08:00:49] [72/296] GGBC
[08:00:50] [73/296] GCSD
[08:00:51] [74/296] LPTY
[08:00:52] [75/296] MCFD
[08:00:53] [76/296] HENN
[08:00:54] [77/296] SMKU
[08:00:56] [78/296] TNZC
[08:00:57] [79/296] DRCD
[08:00:58] [80/296] DLCD
[08:01:00] [81/296] RCDA
[08:01:01] [82/296] COSM
[08:01:02] [83/296] MCMJ
[08:01:03] [84/296] CSTR
[08:01:04] [85/296] CVDK
[08:01:04] [86/296] INRR
[08:01:05] [87/296] RJRT
[08:01:06] [88/296] IRMR
[08:01:07] [89/296] SRCF
[08:01:08] [90/296] GRCR
[08:01:09] [91/296] SURC
[08:01:10] [92/296] NMNH
[08:01:11] [93/296] SVBL
[08:01:11] [94/296] KACI
[08:01:12] [95/296] TDGO
[08:01:13] [96/296] KTBR
[08:01:14] [97/296] PMAD
[08:01:15] [98/296] CCPN
[08:01:15] [99/296] SBTK
[08:01:16] [100/296] LMDK
[08:01:17] [101/296] PGDA
[08:01:18] [102/296] SRML
[08:01:19] [103/296] EVCK
[08:01:20] [104/296] RTTK
[08:01:21] [105/296] SRTU
[08:01:22] [106/296] VRSA
[08:01:22] [107/296] VARS
[08:01:23] [108/296] DSCZ
[08:01:24] [109/296] GAGA
[08:01:25] [110/296] SARV
[08:01:27] [111/296] SEEG
[08:01:29] [112/296] GLCA
[08:01:30] [113/296] APAS
[08:01:30] [114/296] VCIA
[08:01:31] [115/296] SJTA
[08:01:32] [116/296] SABM
[08:01:33] [117/296] PPAG
[08:01:34] [118/296] RVCA
[08:01:35] [119/296] CCIA
[08:01:36] [120/296] HTAG
[08:01:36] [121/296] SMBI
[08:01:37] [122/296] MCJR
[08:01:38] [123/296] CCJR
[08:01:40] [124/296] SINF
[08:01:41] [125/296] CPLX
[08:01:41] [126/296] KKTJ
[08:01:43] [127/296] GDBW
[08:01:44] [128/296] CSUB
[08:01:45] [129/296] DABA
[08:01:45] [130/296] TITR
[08:01:46] [131/296] NYCR
[08:01:47] [132/296] RTRY
[08:01:48] [133/296] JTJL
[08:01:49] [134/296] SJCP
[08:01:50] [135/296] KCCA
[08:01:51] [136/296] MLPG
[08:01:52] [137/296] VRCK
[08:01:53] [138/296] SRIN
[08:01:54] [139/296] CXMK
[08:01:54] [140/296] SKAD
[08:01:55] [141/296] AVTR
[08:01:56] [142/296] PTAJ
[08:01:57] [143/296] SCNK
[08:01:58] [144/296] STTI
[08:01:59] [145/296] KACR
[08:02:01] [146/296] SSDX
[08:02:02] [147/296] VRTJ
[08:02:03] [148/296] RAJD
[08:02:04] [149/296] SCIP
[08:02:05] [150/296] RJSL
[08:02:06] [151/296] ARRS
[08:02:06] [152/296] ASMS
[08:02:07] [153/296] RDTS
[08:02:08] [154/296] DVMY
[08:02:09] [155/296] RASA
[08:02:10] [156/296] INOM
[08:02:11] [157/296] SPRS
[08:02:12] [158/296] SGCS
[08:02:13] [159/296] SALM
[08:02:14] [160/296] PKHC
[08:02:14] [161/296] RCSV
[08:02:15] [162/296] CPKC
[08:02:16] [163/296] AACD
[08:02:17] [164/296] GGCV
[08:02:18] [165/296] SMKD
[08:02:19] [166/296] NBCH
[08:02:19] [167/296] AMCB
[08:02:20] [168/296] OPCN
[08:02:21] [169/296] DCIN
[08:02:22] [170/296] INGW
[08:02:23] [171/296] PKKW
[08:02:24] [172/296] FNGW
[08:02:25] [173/296] GCGD
[08:02:26] [174/296] MSTW
[08:02:26] [175/296] KCCG
[08:02:27] [176/296] MRSS
[08:02:28] [177/296] CLCF
[08:02:29] [178/296] EETS
[08:02:30] [179/296] AATR
[08:02:30] [180/296] CMMN
[08:02:31] [181/296] SCCJ
[08:02:33] [182/296] CDTK
[08:02:34] [183/296] AICP
[08:02:35] [184/296] FNBP
[08:02:35] [185/296] CBPB
[08:02:36] [186/296] CPAS
[08:02:37] [187/296] MAPM
[08:02:38] [188/296] PASD
[08:02:39] [189/296] JCMN
[08:02:40] [190/296] MALB
[08:02:41] [191/296] SACG
[08:02:42] [192/296] DDRX
[08:02:43] [193/296] DDXB
[08:02:43] [194/296] RAMC
[08:02:44] [195/296] SANC
[08:02:45] [196/296] BCBP
[08:02:46] [197/296] ALPC
[08:02:47] [198/296] RBAC
[08:02:48] [199/296] RAJL
[08:02:49] [200/296] MPDX
[08:02:50] [201/296] MUSC
[08:02:51] [202/296] VKMK
[08:02:52] [203/296] SKCG
[08:02:53] [204/296] ANCN
[08:02:54] [205/296] MMCJ
[08:02:55] [206/296] DCAK
[08:02:55] [207/296] SCKG
[08:02:56] [208/296] LMCK
[08:02:57] [209/296] CKKX
[08:02:58] [210/296] ANKU
[08:02:59] [211/296] CSMD
[08:03:00] [212/296] MKMP
[08:03:01] [213/296] SVBG
[08:03:01] [214/296] ROOP
[08:03:02] [215/296] GDMT
[08:03:04] [216/296] FPPF
[08:03:05] [217/296] SFUU
[08:03:06] [218/296] ANCB
[08:03:07] [219/296] SMMC
[08:03:08] [220/296] UGKT
[08:03:08] [221/296] JVRM
[08:03:09] [222/296] BATG
[08:03:10] [223/296] RATE
[08:03:11] [224/296] SKME
[08:03:12] [225/296] LMTP
[08:03:12] [226/296] TCBD
[08:03:13] [227/296] ESBD
[08:03:15] [228/296] GDCU
[08:03:16] [229/296] SNKT
[08:03:17] [230/296] SRNK
[08:03:18] [231/296] SMED
[08:03:19] [232/296] CSQS
[08:03:20] [233/296] ALCS
[08:03:21] [234/296] KCKN
[08:03:22] [235/296] VCCL
[08:03:23] [236/296] MCDA
[08:03:24] [237/296] SHMI
[08:03:26] [238/296] SKHA
[08:03:27] [239/296] SVFK
[08:03:28] [240/296] INVB
[08:03:29] [241/296] MELD
[08:03:30] [242/296] JTYS
[08:03:30] [243/296] INCM
[08:03:32] [244/296] MCDV
[08:03:33] [245/296] KSGK
[08:03:34] [246/296] ICMG
[08:03:35] [247/296] CSCV
[08:03:36] [248/296] STMD
[08:03:36] [249/296] STTR
[08:03:37] [250/296] INVC
[08:03:38] [251/296] JTBL
[08:03:39] [252/296] SRVV
[08:03:41] [253/296] MAVC
[08:03:41] [254/296] SRPP
[08:03:42] [255/296] JGDM
[08:03:43] [256/296] MBSJ
[08:03:44] [257/296] SSLL
[08:03:45] [258/296] SLKP
[08:03:46] [259/296] NSRV
[08:03:47] [260/296] UTDV
[08:03:48] [261/296] KICM
[08:03:49] [262/296] KCMD
[08:03:49] [263/296] TTPP
[08:03:50] [264/296] KMPV
[08:03:51] [265/296] SKTV
[08:03:53] [266/296] STCV
[08:03:54] [267/296] SRDA
[08:03:55] [268/296] JTSX
[08:03:56] [269/296] STBV
[08:03:57] [270/296] APVZ
[08:03:58] [271/296] GSTV
[08:03:59] [272/296] NMVS
[08:03:59] [273/296] SKRT
[08:04:00] [274/296] RMDV
[08:04:02] [275/296] RATG
[08:04:03] [276/296] SJYV
[08:04:04] [277/296] NDGP
[08:04:06] [278/296] SNDG
[08:04:07] [279/296] INSR
[08:04:07] [280/296] INSO
[08:04:08] [281/296] CCSI
[08:04:09] [282/296] RASM
[08:04:10] [283/296] NEWC
[08:04:11] [284/296] VSHL
[08:04:12] [285/296] BISW
[08:04:12] [286/296] GCNG
[08:04:13] [287/296] CWSC
[08:04:14] [288/296] SKAN
[08:04:15] [289/296] SEHP
[08:04:15] [290/296] CCOA
[08:04:16] [291/296] MCAJ
[08:04:17] [292/296] ACDE
[08:04:18] [293/296] AACM
[08:04:20] [294/296] JJCK
[08:04:21] [295/296] RCMO
[08:04:21] [296/296] GDAW
[08:04:22] ✅ DONE | Shows=387 | Movies=38
[09:14:16] 🚀 BMS DAILY TRACKER STARTED
[09:14:16] [1/296] CDCA
[09:14:16] 🧠 New identity
[09:14:17] [2/296] MNSR
[09:14:18] [3/296] CSSL
[09:14:19] [4/296] BGGM
[09:14:20] [5/296] MANT
[09:14:21] [6/296] SOOY
[09:14:22] [7/296] VPPK
[09:14:23] [8/296] MYHJ
[09:14:24] [9/296] KSCK
[09:14:25] [10/296] KATK
[09:14:26] [11/296] RTRT
[09:14:27] [12/296] SSTT
[09:14:28] [13/296] SSTV
[09:14:29] [14/296] LACM
[09:14:30] [15/296] SGMG
[09:14:31] [16/296] KACX
[09:14:32] [17/296] GVCP
[09:14:33] [18/296] CSNC
[09:14:34] [19/296] SXCB
[09:14:35] [20/296] BAHS
[09:14:36] [21/296] PCBI
[09:14:37] [22/296] PSSM
[09:14:37] [23/296] RCOK
[09:14:38] [24/296] SCPF
[09:14:39] [25/296] SSAS
[09:14:40] [26/296] EVMM
[09:14:41] [27/296] SYCB
[09:14:42] [28/296] GCKI
[09:14:43] [29/296] IAET
[09:14:44] [30/296] DDTD
[09:14:44] [31/296] GMDH
[09:14:45] [32/296] STLE
[09:14:46] [33/296] JTRA
[09:14:47] [34/296] RPPA
[09:14:48] [35/296] ARUT
[09:14:50] [36/296] JTVM
[09:14:51] [37/296] SWRH
[09:14:52] [38/296] DCPC
[09:14:52] [39/296] RAPR
[09:14:54] [40/296] GCRT
[09:14:55] [41/296] ATUN
[09:14:56] [42/296] LTRM
[09:14:57] [43/296] TASR
[09:14:58] [44/296] RLLC
[09:14:58] [45/296] MABI
[09:14:59] [46/296] SVHB
[09:15:00] [47/296] NVTB
[09:15:01] [48/296] KCKG
[09:15:02] [49/296] SSRN
[09:15:03] [50/296] VDDC
[09:15:04] [51/296] GKTK
[09:15:04] [52/296] YFSN
[09:15:05] [53/296] GCSG
[09:15:06] [54/296] ESSM
[09:15:07] [55/296] KRIH
[09:15:08] [56/296] GCDS
[09:15:08] [57/296] CCSH
[09:15:09] [58/296] ACSK
[09:15:10] [59/296] APRK
[09:15:11] [60/296] ADKM
[09:15:12] [61/296] SRDM
[09:15:13] [62/296] RMOG
[09:15:14] [63/296] SJMY
[09:15:15] [64/296] PGGC
[09:15:16] [65/296] INGM
[09:15:18] [66/296] LSCB
[09:15:18] [67/296] STAD
[09:15:19] [68/296] MCCR
[09:15:20] [69/296] ABCC
[09:15:21] [70/296] RKCC
[09:15:22] [71/296] RTCR
[09:15:23] [72/296] GGBC
[09:15:24] [73/296] GCSD
[09:15:25] [74/296] LPTY
[09:15:25] [75/296] MCFD
[09:15:26] [76/296] HENN
[09:15:27] [77/296] SMKU
[09:15:28] [78/296] TNZC
[09:15:29] [79/296] DRCD
[09:15:30] [80/296] DLCD
[09:15:31] [81/296] RCDA
[09:15:32] [82/296] COSM
[09:15:33] [83/296] MCMJ
[09:15:34] [84/296] CSTR
[09:15:34] [85/296] CVDK
[09:15:35] [86/296] INRR
[09:15:36] [87/296] RJRT
[09:15:37] [88/296] IRMR
[09:15:39] [89/296] SRCF
[09:15:39] [90/296] GRCR
[09:15:40] [91/296] SURC
[09:15:41] [92/296] NMNH
[09:15:42] [93/296] SVBL
[09:15:43] [94/296] KACI
[09:15:44] [95/296] TDGO
[09:15:45] [96/296] KTBR
[09:15:45] [97/296] PMAD
[09:15:46] [98/296] CCPN
[09:15:47] [99/296] SBTK
[09:15:48] [100/296] LMDK
[09:15:49] [101/296] PGDA
[09:15:50] [102/296] SRML
[09:15:50] [103/296] EVCK
[09:15:51] [104/296] RTTK
[09:15:52] [105/296] SRTU
[09:15:53] [106/296] VRSA
[09:15:54] [107/296] VARS
[09:15:55] [108/296] DSCZ
[09:15:56] [109/296] GAGA
[09:15:57] [110/296] SARV
[09:15:57] [111/296] SEEG
[09:15:58] [112/296] GLCA
[09:15:59] [113/296] APAS
[09:16:00] [114/296] VCIA
[09:16:01] [115/296] SJTA
[09:16:02] [116/296] SABM
[09:16:03] [117/296] PPAG
[09:16:04] [118/296] RVCA
[09:16:05] [119/296] CCIA
[09:16:05] [120/296] HTAG
[09:16:06] [121/296] SMBI
[09:16:07] [122/296] MCJR
[09:16:08] [123/296] CCJR
[09:16:09] [124/296] SINF
[09:16:10] [125/296] CPLX
[09:16:11] [126/296] KKTJ
[09:16:11] [127/296] GDBW
[09:16:12] [128/296] CSUB
[09:16:13] [129/296] DABA
[09:16:14] [130/296] TITR
[09:16:15] [131/296] NYCR
[09:16:16] [132/296] RTRY
[09:16:17] [133/296] JTJL
[09:16:18] [134/296] SJCP
[09:16:18] [135/296] KCCA
[09:16:19] [136/296] MLPG
[09:16:20] [137/296] VRCK
[09:16:21] [138/296] SRIN
[09:16:23] [139/296] CXMK
[09:16:24] [140/296] SKAD
[09:16:24] [141/296] AVTR
[09:16:25] [142/296] PTAJ
[09:16:26] [143/296] SCNK
[09:16:27] [144/296] STTI
[09:16:28] [145/296] KACR
[09:16:29] [146/296] SSDX
[09:16:30] [147/296] VRTJ
[09:16:30] [148/296] RAJD
[09:16:32] [149/296] SCIP
[09:16:34] [150/296] RJSL
[09:16:34] [151/296] ARRS
[09:16:35] [152/296] ASMS
[09:16:36] [153/296] RDTS
[09:16:38] [154/296] DVMY
[09:16:39] [155/296] RASA
[09:16:40] [156/296] INOM
[09:16:40] [157/296] SPRS
[09:16:41] [158/296] SGCS
[09:16:43] [159/296] SALM
[09:16:44] [160/296] PKHC
[09:16:45] [161/296] RCSV
[09:16:46] [162/296] CPKC
[09:16:47] [163/296] AACD
[09:16:48] [164/296] GGCV
[09:16:49] [165/296] SMKD
[09:16:50] [166/296] NBCH
[09:16:51] [167/296] AMCB
[09:16:52] [168/296] OPCN
[09:16:52] [169/296] DCIN
[09:16:54] [170/296] INGW
[09:16:55] [171/296] PKKW
[09:16:56] [172/296] FNGW
[09:16:56] [173/296] GCGD
[09:16:57] [174/296] MSTW
[09:16:58] [175/296] KCCG
[09:16:59] [176/296] MRSS
[09:17:00] [177/296] CLCF
[09:17:01] [178/296] EETS
[09:17:02] [179/296] AATR
[09:17:03] [180/296] CMMN
[09:17:04] [181/296] SCCJ
[09:17:05] [182/296] CDTK
[09:17:06] [183/296] AICP
[09:17:07] [184/296] FNBP
[09:17:08] [185/296] CBPB
[09:17:09] [186/296] CPAS
[09:17:10] [187/296] MAPM
[09:17:11] [188/296] PASD
[09:17:12] [189/296] JCMN
[09:17:13] [190/296] MALB
[09:17:14] [191/296] SACG
[09:17:15] [192/296] DDRX
[09:17:16] [193/296] DDXB
[09:17:18] [194/296] RAMC
[09:17:19] [195/296] SANC
[09:17:20] [196/296] BCBP
[09:17:21] [197/296] ALPC
[09:17:22] [198/296] RBAC
[09:17:23] [199/296] RAJL
[09:17:24] [200/296] MPDX
[09:17:24] [201/296] MUSC
[09:17:25] [202/296] VKMK
[09:17:26] [203/296] SKCG
[09:17:27] [204/296] ANCN
[09:17:28] [205/296] MMCJ
[09:17:29] [206/296] DCAK
[09:17:30] [207/296] SCKG
[09:17:31] [208/296] LMCK
[09:17:32] [209/296] CKKX
[09:17:33] [210/296] ANKU
[09:17:33] [211/296] CSMD
[09:17:34] [212/296] MKMP
[09:17:35] [213/296] SVBG
[09:17:36] [214/296] ROOP
[09:17:36] [215/296] GDMT
[09:17:37] [216/296] FPPF
[09:17:39] [217/296] SFUU
[09:17:40] [218/296] ANCB
[09:17:41] [219/296] SMMC
[09:17:42] [220/296] UGKT
[09:17:43] [221/296] JVRM
[09:17:43] [222/296] BATG
[09:17:44] [223/296] RATE
[09:17:45] [224/296] SKME
[09:17:46] [225/296] LMTP
[09:17:47] [226/296] TCBD
[09:17:47] [227/296] ESBD
[09:17:49] [228/296] GDCU
[09:17:50] [229/296] SNKT
[09:17:51] [230/296] SRNK
[09:17:51] [231/296] SMED
[09:17:52] [232/296] CSQS
[09:17:53] [233/296] ALCS
[09:17:54] [234/296] KCKN
[09:17:55] [235/296] VCCL
[09:17:56] [236/296] MCDA
[09:17:57] [237/296] SHMI
[09:17:58] [238/296] SKHA
[09:17:59] [239/296] SVFK
[09:18:00] [240/296] INVB
[09:18:02] [241/296] MELD
[09:18:03] [242/296] JTYS
[09:18:04] [243/296] INCM
[09:18:05] [244/296] MCDV
[09:18:06] [245/296] KSGK
[09:18:06] [246/296] ICMG
[09:18:07] [247/296] CSCV
[09:18:08] [248/296] STMD
[09:18:09] [249/296] STTR
[09:18:10] [250/296] INVC
[09:18:11] [251/296] JTBL
[09:18:13] [252/296] SRVV
[09:18:13] [253/296] MAVC
[09:18:14] [254/296] SRPP
[09:18:15] [255/296] JGDM
[09:18:16] [256/296] MBSJ
[09:18:17] [257/296] SSLL
[09:18:18] [258/296] SLKP
[09:18:19] [259/296] NSRV
[09:18:20] [260/296] UTDV
[09:18:20] [261/296] KICM
[09:18:21] [262/296] KCMD
[09:18:22] [263/296] TTPP
[09:18:23] [264/296] KMPV
[09:18:24] [265/296] SKTV
[09:18:24] [266/296] STCV
[09:18:25] [267/296] SRDA
[09:18:26] [268/296] JTSX
[09:18:27] [269/296] STBV
[09:18:28] [270/296] APVZ
[09:18:29] [271/296] GSTV
[09:18:30] [272/296] NMVS
[09:18:31] [273/296] SKRT
[09:18:32] [274/296] RMDV
[09:18:33] [275/296] RATG
[09:18:33] [276/296] SJYV
[09:18:35] [277/296] NDGP
[09:18:36] [278/296] SNDG
[09:18:37] [279/296] INSR
[09:18:38] [280/296] INSO
[09:18:39] [281/296] CCSI
[09:18:40] [282/296] RASM
[09:18:41] [283/296] NEWC
[09:18:42] [284/296] VSHL
[09:18:42] [285/296] BISW
[09:18:43] [286/296] GCNG
[09:18:45] [287/296] CWSC
[09:18:46] [288/296] SKAN
[09:18:47] [289/296] SEHP
[09:18:47] [290/296] CCOA
[09:18:48] [291/296] MCAJ
[09:18:49] [292/296] ACDE
[09:18:50] [293/296] AACM
[09:18:51] [294/296] JJCK
[09:18:52] [295/296] RCMO
[09:18:53] [296/296] GDAW
[09:18:54] ✅ DONE | Shows=513 | Movies=42
[09:48:34] 🚀 BMS DAILY TRACKER STARTED
[09:48:34] [1/296] CDCA
[09:48:34] 🧠 New identity
[09:48:36] [2/296] MNSR
[09:48:37] [3/296] CSSL
[09:48:38] [4/296] BGGM
[09:48:39] [5/296] MANT
[09:48:40] [6/296] SOOY
[09:48:41] [7/296] VPPK
[09:48:41] [8/296] MYHJ
[09:48:42] [9/296] KSCK
[09:48:43] [10/296] KATK
[09:48:45] [11/296] RTRT
[09:48:46] [12/296] SSTT
[09:48:46] [13/296] SSTV
[09:48:47] [14/296] LACM
[09:48:48] [15/296] SGMG
[09:48:49] [16/296] KACX
[09:48:50] [17/296] GVCP
[09:48:51] [18/296] CSNC
[09:48:52] [19/296] SXCB
[09:48:53] [20/296] BAHS
[09:48:54] [21/296] PCBI
[09:48:54] [22/296] PSSM
[09:48:55] [23/296] RCOK
[09:48:56] [24/296] SCPF
[09:48:57] [25/296] SSAS
[09:48:57] [26/296] EVMM
[09:48:58] [27/296] SYCB
[09:48:59] [28/296] GCKI
[09:49:00] [29/296] IAET
[09:49:00] [30/296] DDTD
[09:49:01] [31/296] GMDH
[09:49:02] [32/296] STLE
[09:49:03] [33/296] JTRA
[09:49:04] [34/296] RPPA
[09:49:05] [35/296] ARUT
[09:49:06] [36/296] JTVM
[09:49:07] [37/296] SWRH
[09:49:08] [38/296] DCPC
[09:49:09] [39/296] RAPR
[09:49:09] [40/296] GCRT
[09:49:10] [41/296] ATUN
[09:49:11] [42/296] LTRM
[09:49:12] [43/296] TASR
[09:49:13] [44/296] RLLC
[09:49:14] [45/296] MABI
[09:49:15] [46/296] SVHB
[09:49:15] [47/296] NVTB
[09:49:16] [48/296] KCKG
[09:49:17] [49/296] SSRN
[09:49:18] [50/296] VDDC
[09:49:19] [51/296] GKTK
[09:49:20] [52/296] YFSN
[09:49:20] [53/296] GCSG
[09:49:21] [54/296] ESSM
[09:49:22] [55/296] KRIH
[09:49:23] [56/296] GCDS
[09:49:24] [57/296] CCSH
[09:49:25] [58/296] ACSK
[09:49:25] [59/296] APRK
[09:49:26] [60/296] ADKM
[09:49:27] [61/296] SRDM
[09:49:28] [62/296] RMOG
[09:49:29] [63/296] SJMY
[09:49:30] [64/296] PGGC
[09:49:31] [65/296] INGM
[09:49:32] [66/296] LSCB
[09:49:33] [67/296] STAD
[09:49:34] [68/296] MCCR
[09:49:35] [69/296] ABCC
[09:49:36] [70/296] RKCC
[09:49:37] [71/296] RTCR
[09:49:37] [72/296] GGBC
[09:49:38] [73/296] GCSD
[09:49:39] [74/296] LPTY
[09:49:40] [75/296] MCFD
[09:49:41] [76/296] HENN
[09:49:41] [77/296] SMKU
[09:49:42] [78/296] TNZC
[09:49:43] [79/296] DRCD
[09:49:44] [80/296] DLCD
[09:49:45] [81/296] RCDA
[09:49:46] [82/296] COSM
[09:49:47] [83/296] MCMJ
[09:49:48] [84/296] CSTR
[09:49:50] [85/296] CVDK
[09:49:51] [86/296] INRR
[09:49:51] [87/296] RJRT
[09:49:52] [88/296] IRMR
[09:49:53] [89/296] SRCF
[09:49:54] [90/296] GRCR
[09:49:55] [91/296] SURC
[09:49:56] [92/296] NMNH
[09:49:57] [93/296] SVBL
[09:49:58] [94/296] KACI
[09:49:59] [95/296] TDGO
[09:49:59] [96/296] KTBR
[09:50:00] [97/296] PMAD
[09:50:02] [98/296] CCPN
[09:50:03] [99/296] SBTK
[09:50:04] [100/296] LMDK
[09:50:05] [101/296] PGDA
[09:50:06] [102/296] SRML
[09:50:07] [103/296] EVCK
[09:50:08] [104/296] RTTK
[09:50:09] [105/296] SRTU
[09:50:10] [106/296] VRSA
[09:50:10] [107/296] VARS
[09:50:11] [108/296] DSCZ
[09:50:13] [109/296] GAGA
[09:50:14] [110/296] SARV
[09:50:14] [111/296] SEEG
[09:50:15] [112/296] GLCA
[09:50:16] [113/296] APAS
[09:50:17] [114/296] VCIA
[09:50:18] [115/296] SJTA
[09:50:19] [116/296] SABM
[09:50:20] [117/296] PPAG
[09:50:21] [118/296] RVCA
[09:50:22] [119/296] CCIA
[09:50:23] [120/296] HTAG
[09:50:24] [121/296] SMBI
[09:50:25] [122/296] MCJR
[09:50:25] [123/296] CCJR
[09:50:27] [124/296] SINF
[09:50:27] [125/296] CPLX
[09:50:28] [126/296] KKTJ
[09:50:29] [127/296] GDBW
[09:50:30] [128/296] CSUB
[09:50:31] [129/296] DABA
[09:50:33] [130/296] TITR
[09:50:34] [131/296] NYCR
[09:50:35] [132/296] RTRY
[09:50:36] [133/296] JTJL
[09:50:36] [134/296] SJCP
[09:50:37] [135/296] KCCA
[09:50:38] [136/296] MLPG
[09:50:39] [137/296] VRCK
[09:50:40] [138/296] SRIN
[09:50:41] [139/296] CXMK
[09:50:41] [140/296] SKAD
[09:50:42] [141/296] AVTR
[09:50:43] [142/296] PTAJ
[09:50:44] [143/296] SCNK
[09:50:45] [144/296] STTI
[09:50:46] [145/296] KACR
[09:50:46] [146/296] SSDX
[09:50:47] [147/296] VRTJ
[09:50:48] [148/296] RAJD
[09:50:49] [149/296] SCIP
[09:50:51] [150/296] RJSL
[09:50:52] [151/296] ARRS
[09:50:53] [152/296] ASMS
[09:50:54] [153/296] RDTS
[09:50:55] [154/296] DVMY
[09:50:56] [155/296] RASA
[09:50:57] [156/296] INOM
[09:50:58] [157/296] SPRS
[09:50:58] [158/296] SGCS
[09:50:59] [159/296] SALM
[09:51:00] [160/296] PKHC
[09:51:01] [161/296] RCSV
[09:51:02] [162/296] CPKC
[09:51:02] [163/296] AACD
[09:51:04] [164/296] GGCV
[09:51:05] [165/296] SMKD
[09:51:05] [166/296] NBCH
[09:51:06] [167/296] AMCB
[09:51:08] [168/296] OPCN
[09:51:08] [169/296] DCIN
[09:51:09] [170/296] INGW
[09:51:10] [171/296] PKKW
[09:51:11] [172/296] FNGW
[09:51:12] [173/296] GCGD
[09:51:13] [174/296] MSTW
[09:51:14] [175/296] KCCG
[09:51:15] [176/296] MRSS
[09:51:15] [177/296] CLCF
[09:51:16] [178/296] EETS
[09:51:17] [179/296] AATR
[09:51:18] [180/296] CMMN
[09:51:19] [181/296] SCCJ
[09:51:20] [182/296] CDTK
[09:51:21] [183/296] AICP
[09:51:21] [184/296] FNBP
[09:51:22] [185/296] CBPB
[09:51:23] [186/296] CPAS
[09:51:24] [187/296] MAPM
[09:51:25] [188/296] PASD
[09:51:26] [189/296] JCMN
[09:51:27] [190/296] MALB
[09:51:28] [191/296] SACG
[09:51:29] [192/296] DDRX
[09:51:30] [193/296] DDXB
[09:51:31] [194/296] RAMC
[09:51:31] [195/296] SANC
[09:51:33] [196/296] BCBP
[09:51:33] [197/296] ALPC
[09:51:34] [198/296] RBAC
[09:51:35] [199/296] RAJL
[09:51:36] [200/296] MPDX
[09:51:37] [201/296] MUSC
[09:51:37] [202/296] VKMK
[09:51:38] [203/296] SKCG
[09:51:39] [204/296] ANCN
[09:51:40] [205/296] MMCJ
[09:51:41] [206/296] DCAK
[09:51:42] [207/296] SCKG
[09:51:43] [208/296] LMCK
[09:51:43] [209/296] CKKX
[09:51:44] [210/296] ANKU
[09:51:45] [211/296] CSMD
[09:51:46] [212/296] MKMP
[09:51:48] [213/296] SVBG
[09:51:48] [214/296] ROOP
[09:51:50] [215/296] GDMT
[09:51:51] [216/296] FPPF
[09:51:51] [217/296] SFUU
[09:51:52] [218/296] ANCB
[09:51:53] [219/296] SMMC
[09:51:54] [220/296] UGKT
[09:51:54] [221/296] JVRM
[09:51:55] [222/296] BATG
[09:51:56] [223/296] RATE
[09:51:57] [224/296] SKME
[09:51:58] [225/296] LMTP
[09:51:58] [226/296] TCBD
[09:51:59] [227/296] ESBD
[09:52:01] [228/296] GDCU
[09:52:01] [229/296] SNKT
[09:52:03] [230/296] SRNK
[09:52:04] [231/296] SMED
[09:52:04] [232/296] CSQS
[09:52:06] [233/296] ALCS
[09:52:07] [234/296] KCKN
[09:52:08] [235/296] VCCL
[09:52:09] [236/296] MCDA
[09:52:10] [237/296] SHMI
[09:52:11] [238/296] SKHA
[09:52:12] [239/296] SVFK
[09:52:13] [240/296] INVB
[09:52:14] [241/296] MELD
[09:52:15] [242/296] JTYS
[09:52:15] [243/296] INCM
[09:52:16] [244/296] MCDV
[09:52:17] [245/296] KSGK
[09:52:18] [246/296] ICMG
[09:52:19] [247/296] CSCV
[09:52:20] [248/296] STMD
[09:52:21] [249/296] STTR
[09:52:22] [250/296] INVC
[09:52:23] [251/296] JTBL
[09:52:25] [252/296] SRVV
[09:52:25] [253/296] MAVC
[09:52:26] [254/296] SRPP
[09:52:27] [255/296] JGDM
[09:52:28] [256/296] MBSJ
[09:52:29] [257/296] SSLL
[09:52:29] [258/296] SLKP
[09:52:30] [259/296] NSRV
[09:52:31] [260/296] UTDV
[09:52:33] [261/296] KICM
[09:52:34] [262/296] KCMD
[09:52:34] [263/296] TTPP
[09:52:35] [264/296] KMPV
[09:52:36] [265/296] SKTV
[09:52:37] [266/296] STCV
[09:52:38] [267/296] SRDA
[09:52:39] [268/296] JTSX
[09:52:40] [269/296] STBV
[09:52:41] [270/296] APVZ
[09:52:42] [271/296] GSTV
[09:52:42] [272/296] NMVS
[09:52:43] [273/296] SKRT
[09:52:44] [274/296] RMDV
[09:52:45] [275/296] RATG
[09:52:46] [276/296] SJYV
[09:52:46] [277/296] NDGP
[09:52:47] [278/296] SNDG
[09:52:48] [279/296] INSR
[09:52:49] [280/296] INSO
[09:52:50] [281/296] CCSI
[09:52:50] [282/296] RASM
[09:52:51] [283/296] NEWC
[09:52:52] [284/296] VSHL
[09:52:53] [285/296] BISW
[09:52:54] [286/296] GCNG
[09:52:55] [287/296] CWSC
[09:52:56] [288/296] SKAN
[09:52:57] [289/296] SEHP
[09:52:58] [290/296] CCOA
[09:52:58] [291/296] MCAJ
[09:52:59] [292/296] ACDE
[09:53:00] [293/296] AACM
[09:53:01] [294/296] JJCK
[09:53:02] [295/296] RCMO
[09:53:02] [296/296] GDAW
[09:53:03] ✅ DONE | Shows=542 | Movies=45
