[00:40:59] 🚀 BMS DAILY TRACKER STARTED
[00:40:59] [1/459] NECA
[00:40:59] 🧠 New identity
[00:40:59] [2/459] BJLC
[00:41:00] [3/459] BASU
[00:41:01] [4/459] RUPI
[00:41:02] [5/459] LCBK
[00:41:03] [6/459] PMAC
[00:41:04] [7/459] AMLC
[00:41:05] [8/459] LICL
[00:41:06] [9/459] UDMM
[00:41:08] [10/459] STBZ
[00:41:09] [11/459] UUBT
[00:41:10] [12/459] SJKC
[00:41:11] [13/459] TUAL
[00:41:12] [14/459] MRSE
[00:41:13] [15/459] RMRK
[00:41:14] [16/459] TTKP
[00:41:15] [17/459] KTKO
[00:41:16] [18/459] SDBK
[00:41:17] [19/459] MCPR
[00:41:18] [20/459] CHTI
[00:41:19] [21/459] GCCP
[00:41:20] [22/459] SRMY
[00:41:21] [23/459] NYST
[00:41:22] [24/459] NYAG
[00:41:23] [25/459] SBMT
[00:41:24] [26/459] INGA
[00:41:24] [27/459] WSIC
[00:41:25] [28/459] SCSS
[00:41:26] [29/459] COPG
[00:41:27] [30/459] RCGR
[00:41:28] [31/459] TCZA
[00:41:29] [32/459] CNLP
[00:41:30] [33/459] CLKN
[00:41:31] [34/459] LHDF
[00:41:32] [35/459] ELKC
[00:41:33] [36/459] VCEM
[00:41:34] [37/459] SSZA
[00:41:34] [38/459] KRMT
[00:41:35] [39/459] LCMV
[00:41:36] [40/459] AYCZ
[00:41:37] [41/459] CUMS
[00:41:38] [42/459] BOCK
[00:41:39] [43/459] PNMR
[00:41:39] [44/459] PJCP
[00:41:40] [45/459] JDDD
[00:41:41] [46/459] STMS
[00:41:42] [47/459] FLMB
[00:41:43] [48/459] PKCM
[00:41:44] [49/459] SPPR
[00:41:45] [50/459] EYLH
[00:41:45] [51/459] RJCC
[00:41:46] [52/459] MMPS
[00:41:47] [53/459] SHMX
[00:41:48] [54/459] CCNL
[00:41:49] [55/459] RCNV
[00:41:50] [56/459] MAAG
[00:41:51] [57/459] LXCM
[00:41:52] [58/459] RCNI
[00:41:53] [59/459] SNNI
[00:41:53] [60/459] LALC
[00:41:54] [61/459] SOCN
[00:41:55] [62/459] JHTP
[00:41:56] [63/459] PITP
[00:41:57] [64/459] CCKW
[00:41:58] [65/459] MCMC
[00:41:58] [66/459] DEES
[00:41:59] [67/459] SABT
[00:42:00] [68/459] VSPP
[00:42:01] [69/459] ABCT
[00:42:01] [70/459] JVTB
[00:42:02] [71/459] VCBD
[00:42:03] [72/459] RMGG
[00:42:04] [73/459] RNMH
[00:42:05] [74/459] SPGL
[00:42:06] [75/459] JTTR
[00:42:07] [76/459] SICS
[00:42:07] [77/459] SRMI
[00:42:08] [78/459] SSIJ
[00:42:09] [79/459] KFMT
[00:42:10] [80/459] VBIT
[00:42:11] [81/459] JKCT
[00:42:11] [82/459] GCGP
[00:42:12] [83/459] GDCS
[00:42:13] [84/459] TRBA
[00:42:15] [85/459] QUST
[00:42:16] [86/459] VSHM
[00:42:17] [87/459] SDCP
[00:42:17] [88/459] SNVS
[00:42:18] [89/459] NYTO
[00:42:19] [90/459] URWC
[00:42:20] [91/459] GTWH
[00:42:21] [92/459] PFCM
[00:42:22] [93/459] KRTA
[00:42:23] [94/459] AXMC
[00:42:24] [95/459] EVMC
[00:42:25] [96/459] HGSM
[00:42:26] [97/459] ACVM
[00:42:27] [98/459] PSKL
[00:42:28] [99/459] RDMP
[00:42:29] [100/459] RHGH
[00:42:29] [101/459] OMCM
[00:42:31] [102/459] DCCP
[00:42:32] [103/459] MCPB
[00:42:34] [104/459] ALCI
[00:42:35] [105/459] BLMX
[00:42:35] [106/459] BTMV
[00:42:36] [107/459] FVPN
[00:42:37] [108/459] CMAR
[00:42:38] [109/459] CEIM
[00:42:38] [110/459] CMVA
[00:42:39] [111/459] CPIV
[00:42:40] [112/459] CNPE
[00:42:41] [113/459] COLV
[00:42:42] [114/459] DNNV
[00:42:43] [115/459] HCAD
[00:42:43] [116/459] TAKA
[00:42:44] [117/459] INVD
[00:42:45] [118/459] IRMM
[00:42:46] [119/459] INSE
[00:42:47] [120/459] MRSW
[00:42:48] [121/459] MCVD
[00:42:48] [122/459] MCSO
[00:42:49] [123/459] PEVM
[00:42:50] [124/459] PVNL
[00:42:51] [125/459] PTCV
[00:42:52] [126/459] PRTC
[00:42:53] [127/459] RCVA
[00:42:54] [128/459] MTBN
[00:42:55] [129/459] LUCP
[00:42:56] [130/459] FMPT
[00:42:56] [131/459] JLSL
[00:42:57] [132/459] SBHA
[00:42:58] [133/459] SHRC
[00:42:59] [134/459] AVPS
[00:42:59] [135/459] STPM
[00:43:00] [136/459] ATRD
[00:43:01] [137/459] VTED
[00:43:02] [138/459] ACAI
[00:43:03] [139/459] SMAE
[00:43:04] [140/459] VMAT
[00:43:05] [141/459] LKCT
[00:43:06] [142/459] JTVK
[00:43:07] [143/459] PRTY
[00:43:08] [144/459] GETT
[00:43:10] [145/459] ESAP
[00:43:10] [146/459] NCPM
[00:43:11] [147/459] PCPA
[00:43:12] [148/459] MMOM
[00:43:13] [149/459] PHUP
[00:43:14] [150/459] CCPI
[00:43:15] [151/459] CNTD
[00:43:16] [152/459] NLJR
[00:43:17] [153/459] SRNG
[00:43:18] [154/459] MHAL
[00:43:19] [155/459] PNSM
[00:43:20] [156/459] DRMY
[00:43:21] [157/459] CCMU
[00:43:22] [158/459] SCMY
[00:43:23] [159/459] PVSY
[00:43:24] [160/459] SDLM
[00:43:25] [161/459] ICCM
[00:43:26] [162/459] PYSU
[00:43:26] [163/459] GATM
[00:43:27] [164/459] WOTM
[00:43:28] [165/459] RKTS
[00:43:29] [166/459] PMTY
[00:43:30] [167/459] LYMS
[00:43:31] [168/459] TGCA
[00:43:32] [169/459] DSTA
[00:43:32] [170/459] CNGE
[00:43:33] [171/459] VSTG
[00:43:34] [172/459] GTCK
[00:43:35] [173/459] TGNT
[00:43:36] [174/459] ASLC
[00:43:38] [175/459] SSST
[00:43:39] [176/459] KBTT
[00:43:40] [177/459] HKCP
[00:43:40] [178/459] SWLC
[00:43:41] [179/459] RTND
[00:43:42] [180/459] PKKT
[00:43:43] [181/459] HSTK
[00:43:43] [182/459] SPTT
[00:43:44] [183/459] IMPM
[00:43:45] [184/459] SCMV
[00:43:46] [185/459] SPCT
[00:43:47] [186/459] JBCA
[00:43:48] [187/459] ATTR
[00:43:49] [188/459] SPMT
[00:43:50] [189/459] LCTM
[00:43:51] [190/459] SCVL
[00:43:52] [191/459] SCVT
[00:43:53] [192/459] KRIC
[00:43:54] [193/459] CTMG
[00:43:55] [194/459] ACNC
[00:43:56] [195/459] DMCK
[00:43:57] [196/459] KMTV
[00:43:58] [197/459] PFCJ
[00:43:59] [198/459] VNMD
[00:44:00] [199/459] VPCZ
[00:44:01] [200/459] SRYR
[00:44:02] [201/459] SYTR
[00:44:03] [202/459] GATR
[00:44:04] [203/459] URTR
[00:44:05] [204/459] MKSM
[00:44:06] [205/459] VSMH
[00:44:07] [206/459] SKRJ
[00:44:07] [207/459] SSJR
[00:44:08] [208/459] SVSM
[00:44:09] [209/459] RUCM
[00:44:10] [210/459] PRKN
[00:44:11] [211/459] RROH
[00:44:12] [212/459] SCTN
[00:44:13] [213/459] RTDM
[00:44:14] [214/459] ASRM
[00:44:15] [215/459] SKMD
[00:44:16] [216/459] SUTD
[00:44:17] [217/459] SADM
[00:44:17] [218/459] WCNR
[00:44:18] [219/459] CNED
[00:44:19] [220/459] MPDB
[00:44:20] [221/459] KTBH
[00:44:21] [222/459] IDRM
[00:44:22] [223/459] PJJT
[00:44:23] [224/459] PFCV
[00:44:23] [225/459] AACT
[00:44:25] [226/459] AAAD
[00:44:26] [227/459] ANES
[00:44:26] [228/459] MNCA
[00:44:27] [229/459] RMGU
[00:44:28] [230/459] DLCN
[00:44:29] [231/459] LJWT
[00:44:30] [232/459] MCBG
[00:44:31] [233/459] MYBG
[00:44:32] [234/459] GCCA
[00:44:32] [235/459] GCGA
[00:44:34] [236/459] ECGN
[00:44:35] [237/459] PRAB
[00:44:36] [238/459] PNMP
[00:44:37] [239/459] GCPT
[00:44:37] [240/459] ROYN
[00:44:39] [241/459] VATM
[00:44:40] [242/459] KSNT
[00:44:42] [243/459] ACTC
[00:44:43] [244/459] PLTD
[00:44:44] [245/459] SKMK
[00:44:44] [246/459] CMTT
[00:44:45] [247/459] SMXP
[00:44:46] [248/459] SCMX
[00:44:47] [249/459] ACXN
[00:44:48] [250/459] ASWT
[00:44:48] [251/459] VVVL
[00:44:49] [252/459] NAGO
[00:44:51] [253/459] SNCN
[00:44:52] [254/459] MCKP
[00:44:53] [255/459] SAMO
[00:44:54] [256/459] JBTV
[00:44:55] [257/459] DCVV
[00:44:56] [258/459] KMSV
[00:44:58] [259/459] KDCN
[00:44:59] [260/459] CNCP
[00:45:00] [261/459] HAMC
[00:45:00] [262/459] CCVZ
[00:45:01] [263/459] NCCK
[00:45:02] [264/459] MCHR
[00:45:03] [265/459] SCHT
[00:45:04] [266/459] ESSH
[00:45:05] [267/459] CUJC
[00:45:06] [268/459] PECP
[00:45:07] [269/459] PMMI
[00:45:08] [270/459] PCCH
[00:45:09] [271/459] PRPM
[00:45:09] [272/459] PVKL
[00:45:10] [273/459] CBSM
[00:45:11] [274/459] PVCZ
[00:45:12] [275/459] PCVV
[00:45:13] [276/459] CTMJ
[00:45:15] [277/459] RCPS
[00:45:15] [278/459] PCIT
[00:45:16] [279/459] FNCH
[00:45:17] [280/459] INZD
[00:45:18] [281/459] INPC
[00:45:19] [282/459] LCZP
[00:45:19] [283/459] SMCB
[00:45:20] [284/459] PTSB
[00:45:21] [285/459] TPSI
[00:45:22] [286/459] KHMJ
[00:45:23] [287/459] RCCJ
[00:45:24] [288/459] NCJA
[00:45:25] [289/459] NCJN
[00:45:25] [290/459] BTDP
[00:45:26] [291/459] PADY
[00:45:27] [292/459] NYBH
[00:45:28] [293/459] MTBR
[00:45:29] [294/459] KRBC
[00:45:30] [295/459] DKTI
[00:45:31] [296/459] ANAN
[00:45:31] [297/459] INBP
[00:45:32] [298/459] PATB
[00:45:33] [299/459] RGNT
[00:45:34] [300/459] CGPM
[00:45:35] [301/459] INTN
[00:45:35] [302/459] MCMP
[00:45:36] [303/459] ASRG
[00:45:37] [304/459] CXJD
[00:45:38] [305/459] SPCP
[00:45:38] [306/459] CSTP
[00:45:39] [307/459] PKVC
[00:45:40] [308/459] ESCP
[00:45:42] [309/459] CAEP
[00:45:43] [310/459] CCSP
[00:45:44] [311/459] KTPC
[00:45:44] [312/459] DACA
[00:45:45] [313/459] NVKY
[00:45:46] [314/459] PTIN
[00:45:46] [315/459] SCIN
[00:45:47] [316/459] MCTY
[00:45:48] [317/459] PCMX
[00:45:49] [318/459] INIC
[00:45:51] [319/459] MMZM
[00:45:52] [320/459] SSLP
[00:45:54] [321/459] DTDT
[00:45:55] [322/459] FFCX
[00:45:55] [323/459] RCMM
[00:45:56] [324/459] KYID
[00:45:57] [325/459] CSCI
[00:45:58] [326/459] FCMC
[00:45:58] [327/459] MMXI
[00:45:59] [328/459] ASTC
[00:46:00] [329/459] CMRA
[00:46:00] [330/459] DICI
[00:46:01] [331/459] KDIN
[00:46:02] [332/459] PRFI
[00:46:03] [333/459] SVFC
[00:46:04] [334/459] UCPL
[00:46:05] [335/459] COOC
[00:46:06] [336/459] SCAL
[00:46:07] [337/459] SVFF
[00:46:08] [338/459] VCMG
[00:46:08] [339/459] UUCT
[00:46:09] [340/459] GCSE
[00:46:11] [341/459] SUSC
[00:46:11] [342/459] MISC
[00:46:13] [343/459] RMBL
[00:46:14] [344/459] CMXN
[00:46:14] [345/459] PVBK
[00:46:16] [346/459] HHCG
[00:46:17] [347/459] SCAG
[00:46:18] [348/459] CNPR
[00:46:19] [349/459] CSER
[00:46:19] [350/459] HLWD
[00:46:20] [351/459] BOLY
[00:46:21] [352/459] SSPG
[00:46:22] [353/459] MUPX
[00:46:23] [354/459] HAMR
[00:46:24] [355/459] SDNC
[00:46:24] [356/459] RTEN
[00:46:25] [357/459] SDTD
[00:46:26] [358/459] KAWS
[00:46:27] [359/459] CMZX
[00:46:27] [360/459] DCDD
[00:46:28] [361/459] ALSN
[00:46:29] [362/459] IMXS
[00:46:30] [363/459] PVFF
[00:46:31] [364/459] PVOO
[00:46:32] [365/459] CFBS
[00:46:33] [366/459] PVER
[00:46:34] [367/459] PPNX
[00:46:34] [368/459] CNRM
[00:46:36] [369/459] PVWW
[00:46:36] [370/459] INMB
[00:46:37] [371/459] CPJR
[00:46:39] [372/459] INRZ
[00:46:39] [373/459] PMSR
[00:46:40] [374/459] GPGM
[00:46:41] [375/459] PGWB
[00:46:42] [376/459] PMBR
[00:46:43] [377/459] GPAM
[00:46:44] [378/459] INBC
[00:46:44] [379/459] PZVK
[00:46:46] [380/459] CPEB
[00:46:47] [381/459] FMLB
[00:46:48] [382/459] INBG
[00:46:50] [383/459] GPBR
[00:46:51] [384/459] PAAS
[00:46:52] [385/459] VTBR
[00:46:52] [386/459] GPMY
[00:46:53] [387/459] GYBU
[00:46:54] [388/459] INBJ
[00:46:56] [389/459] LKTH
[00:46:58] [390/459] NSBR
[00:46:58] [391/459] PDRD
[00:46:59] [392/459] VRBL
[00:47:00] [393/459] VTGB
[00:47:01] [394/459] VTSK
[00:47:02] [395/459] BKDV
[00:47:03] [396/459] SVTB
[00:47:04] [397/459] MLDT
[00:47:04] [398/459] NRBL
[00:47:05] [399/459] SLTR
[00:47:06] [400/459] VNKA
[00:47:07] [401/459] TDCA
[00:47:08] [402/459] INBM
[00:47:09] [403/459] SSNR
[00:47:10] [404/459] BHAC
[00:47:11] [405/459] SDSD
[00:47:12] [406/459] SAMP
[00:47:13] [407/459] RATK
[00:47:13] [408/459] KCBI
[00:47:14] [409/459] URBL
[00:47:15] [410/459] MKBG
[00:47:16] [411/459] ASTB
[00:47:17] [412/459] VBWT
[00:47:18] [413/459] GPSM
[00:47:19] [414/459] ROON
[00:47:19] [415/459] CHTH
[00:47:20] [416/459] SSPA
[00:47:22] [417/459] ANBL
[00:47:23] [418/459] VTBE
[00:47:23] [419/459] SVKT
[00:47:25] [420/459] SVYK
[00:47:26] [421/459] PTBK
[00:47:27] [422/459] RKTB
[00:47:28] [423/459] BALT
[00:47:29] [424/459] STSV
[00:47:30] [425/459] VCCB
[00:47:31] [426/459] SLTB
[00:47:32] [427/459] SBCR
[00:47:32] [428/459] VDCS
[00:47:33] [429/459] MDKI
[00:47:34] [430/459] SMRN
[00:47:35] [431/459] PTBC
[00:47:36] [432/459] RADI
[00:47:36] [433/459] ADCR
[00:47:37] [434/459] SDCS
[00:47:38] [435/459] SRPJ
[00:47:39] [436/459] ARTS
[00:47:40] [437/459] SRHK
[00:47:41] [438/459] SPAY
[00:47:42] [439/459] GPTB
[00:47:43] [440/459] SNNN
[00:47:43] [441/459] BALJ
[00:47:45] [442/459] TRIG
[00:47:46] [443/459] GTYT
[00:47:46] [444/459] ATGN
[00:47:47] [445/459] ANTE
[00:47:48] [446/459] BDCG
[00:47:49] [447/459] VECI
[00:47:50] [448/459] SCPR
[00:47:51] [449/459] RTEA
[00:47:51] [450/459] JSAI
[00:47:52] [451/459] VJTP
[00:47:53] [452/459] GNDS
[00:47:54] [453/459] PAXA
[00:47:55] [454/459] CGGM
[00:47:56] [455/459] ACKZ
[00:47:57] [456/459] EMCC
[00:47:58] [457/459] KLSK
[00:47:58] [458/459] AVCK
[00:47:59] [459/459] JTCK
[00:48:00] ✅ DONE | Shows=0 | Movies=0
[01:44:13] 🚀 BMS DAILY TRACKER STARTED
[01:44:13] [1/459] NECA
[01:44:13] 🧠 New identity
[01:44:14] [2/459] BJLC
[01:44:15] [3/459] BASU
[01:44:16] [4/459] RUPI
[01:44:17] [5/459] LCBK
[01:44:18] [6/459] PMAC
[01:44:19] [7/459] AMLC
[01:44:19] [8/459] LICL
[01:44:20] [9/459] UDMM
[01:44:21] [10/459] STBZ
[01:44:22] [11/459] UUBT
[01:44:23] [12/459] SJKC
[01:44:25] [13/459] TUAL
[01:44:26] [14/459] MRSE
[01:44:26] [15/459] RMRK
[01:44:27] [16/459] TTKP
[01:44:29] [17/459] KTKO
[01:44:31] [18/459] SDBK
[01:44:31] [19/459] MCPR
[01:44:32] [20/459] CHTI
[01:44:33] [21/459] GCCP
[01:44:34] [22/459] SRMY
[01:44:35] [23/459] NYST
[01:44:35] [24/459] NYAG
[01:44:36] [25/459] SBMT
[01:44:37] [26/459] INGA
[01:44:38] [27/459] WSIC
[01:44:39] [28/459] SCSS
[01:44:40] [29/459] COPG
[01:44:41] [30/459] RCGR
[01:44:42] [31/459] TCZA
[01:44:43] [32/459] CNLP
[01:44:44] [33/459] CLKN
[01:44:45] [34/459] LHDF
[01:44:46] [35/459] ELKC
[01:44:46] [36/459] VCEM
[01:44:47] [37/459] SSZA
[01:44:48] [38/459] KRMT
[01:44:49] [39/459] LCMV
[01:44:50] [40/459] AYCZ
[01:44:50] [41/459] CUMS
[01:44:51] [42/459] BOCK
[01:44:52] [43/459] PNMR
[01:44:53] [44/459] PJCP
[01:44:54] [45/459] JDDD
[01:44:55] [46/459] STMS
[01:44:56] [47/459] FLMB
[01:44:57] [48/459] PKCM
[01:44:58] [49/459] SPPR
[01:44:59] [50/459] EYLH
[01:45:00] [51/459] RJCC
[01:45:01] [52/459] MMPS
[01:45:02] [53/459] SHMX
[01:45:02] [54/459] CCNL
[01:45:03] [55/459] RCNV
[01:45:04] [56/459] MAAG
[01:45:05] [57/459] LXCM
[01:45:06] [58/459] RCNI
[01:45:07] [59/459] SNNI
[01:45:07] [60/459] LALC
[01:45:08] [61/459] SOCN
[01:45:09] [62/459] JHTP
[01:45:10] [63/459] PITP
[01:45:11] [64/459] CCKW
[01:45:12] [65/459] MCMC
[01:45:13] [66/459] DEES
[01:45:14] [67/459] SABT
[01:45:15] [68/459] VSPP
[01:45:15] [69/459] ABCT
[01:45:16] [70/459] JVTB
[01:45:17] [71/459] VCBD
[01:45:18] [72/459] RMGG
[01:45:19] [73/459] RNMH
[01:45:20] [74/459] SPGL
[01:45:22] [75/459] JTTR
[01:45:23] [76/459] SICS
[01:45:24] [77/459] SRMI
[01:45:25] [78/459] SSIJ
[01:45:26] [79/459] KFMT
[01:45:27] [80/459] VBIT
[01:45:28] [81/459] JKCT
[01:45:29] [82/459] GCGP
[01:45:29] [83/459] GDCS
[01:45:30] [84/459] TRBA
[01:45:31] [85/459] QUST
[01:45:32] [86/459] VSHM
[01:45:33] [87/459] SDCP
[01:45:33] [88/459] SNVS
[01:45:35] [89/459] NYTO
[01:45:36] [90/459] URWC
[01:45:37] [91/459] GTWH
[01:45:37] [92/459] PFCM
[01:45:38] [93/459] KRTA
[01:45:39] [94/459] AXMC
[01:45:40] [95/459] EVMC
[01:45:41] [96/459] HGSM
[01:45:41] [97/459] ACVM
[01:45:42] [98/459] PSKL
[01:45:43] [99/459] RDMP
[01:45:45] [100/459] RHGH
[01:45:45] [101/459] OMCM
[01:45:46] [102/459] DCCP
[01:45:47] [103/459] MCPB
[01:45:49] [104/459] ALCI
[01:45:49] [105/459] BLMX
[01:45:50] [106/459] BTMV
[01:45:51] [107/459] FVPN
[01:45:52] [108/459] CMAR
[01:45:53] [109/459] CEIM
[01:45:54] [110/459] CMVA
[01:45:54] [111/459] CPIV
[01:45:55] [112/459] CNPE
[01:45:56] [113/459] COLV
[01:45:57] [114/459] DNNV
[01:45:57] [115/459] HCAD
[01:45:58] [116/459] TAKA
[01:45:59] [117/459] INVD
[01:46:00] [118/459] IRMM
[01:46:02] [119/459] INSE
[01:46:02] [120/459] MRSW
[01:46:03] [121/459] MCVD
[01:46:04] [122/459] MCSO
[01:46:05] [123/459] PEVM
[01:46:06] [124/459] PVNL
[01:46:07] [125/459] PTCV
[01:46:07] [126/459] PRTC
[01:46:08] [127/459] RCVA
[01:46:09] [128/459] MTBN
[01:46:10] [129/459] LUCP
[01:46:10] [130/459] FMPT
[01:46:11] [131/459] JLSL
[01:46:12] [132/459] SBHA
[01:46:13] [133/459] SHRC
[01:46:14] [134/459] AVPS
[01:46:14] [135/459] STPM
[01:46:15] [136/459] ATRD
[01:46:16] [137/459] VTED
[01:46:17] [138/459] ACAI
[01:46:17] [139/459] SMAE
[01:46:18] [140/459] VMAT
[01:46:19] [141/459] LKCT
[01:46:20] [142/459] JTVK
[01:46:21] [143/459] PRTY
[01:46:22] [144/459] GETT
[01:46:23] [145/459] ESAP
[01:46:24] [146/459] NCPM
[01:46:24] [147/459] PCPA
[01:46:25] [148/459] MMOM
[01:46:27] [149/459] PHUP
[01:46:28] [150/459] CCPI
[01:46:29] [151/459] CNTD
[01:46:30] [152/459] NLJR
[01:46:31] [153/459] SRNG
[01:46:31] [154/459] MHAL
[01:46:32] [155/459] PNSM
[01:46:33] [156/459] DRMY
[01:46:35] [157/459] CCMU
[01:46:36] [158/459] SCMY
[01:46:36] [159/459] PVSY
[01:46:37] [160/459] SDLM
[01:46:38] [161/459] ICCM
[01:46:39] [162/459] PYSU
[01:46:40] [163/459] GATM
[01:46:40] [164/459] WOTM
[01:46:41] [165/459] RKTS
[01:46:42] [166/459] PMTY
[01:46:43] [167/459] LYMS
[01:46:44] [168/459] TGCA
[01:46:44] [169/459] DSTA
[01:46:45] [170/459] CNGE
[01:46:46] [171/459] VSTG
[01:46:47] [172/459] GTCK
[01:46:47] [173/459] TGNT
[01:46:48] [174/459] ASLC
[01:46:49] [175/459] SSST
[01:46:50] [176/459] KBTT
[01:46:51] [177/459] HKCP
[01:46:52] [178/459] SWLC
[01:46:53] [179/459] RTND
[01:46:54] [180/459] PKKT
[01:46:55] [181/459] HSTK
[01:46:56] [182/459] SPTT
[01:46:57] [183/459] IMPM
[01:46:58] [184/459] SCMV
[01:46:59] [185/459] SPCT
[01:47:00] [186/459] JBCA
[01:47:01] [187/459] ATTR
[01:47:02] [188/459] SPMT
[01:47:02] [189/459] LCTM
[01:47:04] [190/459] SCVL
[01:47:05] [191/459] SCVT
[01:47:06] [192/459] KRIC
[01:47:06] [193/459] CTMG
[01:47:07] [194/459] ACNC
[01:47:08] [195/459] DMCK
[01:47:09] [196/459] KMTV
[01:47:10] [197/459] PFCJ
[01:47:10] [198/459] VNMD
[01:47:11] [199/459] VPCZ
[01:47:13] [200/459] SRYR
[01:47:13] [201/459] SYTR
[01:47:14] [202/459] GATR
[01:47:15] [203/459] URTR
[01:47:16] [204/459] MKSM
[01:47:17] [205/459] VSMH
[01:47:17] [206/459] SKRJ
[01:47:18] [207/459] SSJR
[01:47:19] [208/459] SVSM
[01:47:20] [209/459] RUCM
[01:47:21] [210/459] PRKN
[01:47:21] [211/459] RROH
[01:47:23] [212/459] SCTN
[01:47:24] [213/459] RTDM
[01:47:25] [214/459] ASRM
[01:47:26] [215/459] SKMD
[01:47:26] [216/459] SUTD
[01:47:27] [217/459] SADM
[01:47:28] [218/459] WCNR
[01:47:29] [219/459] CNED
[01:47:29] [220/459] MPDB
[01:47:30] [221/459] KTBH
[01:47:31] [222/459] IDRM
[01:47:32] [223/459] PJJT
[01:47:33] [224/459] PFCV
[01:47:34] [225/459] AACT
[01:47:34] [226/459] AAAD
[01:47:36] [227/459] ANES
[01:47:38] [228/459] MNCA
[01:47:38] [229/459] RMGU
[01:47:39] [230/459] DLCN
[01:47:40] [231/459] LJWT
[01:47:41] [232/459] MCBG
[01:47:42] [233/459] MYBG
[01:47:43] [234/459] GCCA
[01:47:43] [235/459] GCGA
[01:47:45] [236/459] ECGN
[01:47:46] [237/459] PRAB
[01:47:47] [238/459] PNMP
[01:47:48] [239/459] GCPT
[01:47:49] [240/459] ROYN
[01:47:50] [241/459] VATM
[01:47:50] [242/459] KSNT
[01:47:51] [243/459] ACTC
[01:47:52] [244/459] PLTD
[01:47:53] [245/459] SKMK
[01:47:54] [246/459] CMTT
[01:47:55] [247/459] SMXP
[01:47:55] [248/459] SCMX
[01:47:56] [249/459] ACXN
[01:47:57] [250/459] ASWT
[01:47:58] [251/459] VVVL
[01:47:59] [252/459] NAGO
[01:48:00] [253/459] SNCN
[01:48:01] [254/459] MCKP
[01:48:02] [255/459] SAMO
[01:48:02] [256/459] JBTV
[01:48:03] [257/459] DCVV
[01:48:04] [258/459] KMSV
[01:48:05] [259/459] KDCN
[01:48:06] [260/459] CNCP
[01:48:06] [261/459] HAMC
[01:48:07] [262/459] CCVZ
[01:48:08] [263/459] NCCK
[01:48:09] [264/459] MCHR
[01:48:09] [265/459] SCHT
[01:48:10] [266/459] ESSH
[01:48:11] [267/459] CUJC
[01:48:12] [268/459] PECP
[01:48:13] [269/459] PMMI
[01:48:14] [270/459] PCCH
[01:48:14] [271/459] PRPM
[01:48:15] [272/459] PVKL
[01:48:16] [273/459] CBSM
[01:48:16] [274/459] PVCZ
[01:48:17] [275/459] PCVV
[01:48:18] [276/459] CTMJ
[01:48:19] [277/459] RCPS
[01:48:20] [278/459] PCIT
[01:48:20] [279/459] FNCH
[01:48:22] [280/459] INZD
[01:48:24] [281/459] INPC
[01:48:25] [282/459] LCZP
[01:48:26] [283/459] SMCB
[01:48:27] [284/459] PTSB
[01:48:28] [285/459] TPSI
[01:48:29] [286/459] KHMJ
[01:48:30] [287/459] RCCJ
[01:48:31] [288/459] NCJA
[01:48:31] [289/459] NCJN
[01:48:32] [290/459] BTDP
[01:48:33] [291/459] PADY
[01:48:34] [292/459] NYBH
[01:48:35] [293/459] MTBR
[01:48:36] [294/459] KRBC
[01:48:37] [295/459] DKTI
[01:48:38] [296/459] ANAN
[01:48:39] [297/459] INBP
[01:48:40] [298/459] PATB
[01:48:40] [299/459] RGNT
[01:48:41] [300/459] CGPM
[01:48:42] [301/459] INTN
[01:48:43] [302/459] MCMP
[01:48:44] [303/459] ASRG
[01:48:45] [304/459] CXJD
[01:48:45] [305/459] SPCP
[01:48:46] [306/459] CSTP
[01:48:47] [307/459] PKVC
[01:48:48] [308/459] ESCP
[01:48:49] [309/459] CAEP
[01:48:50] [310/459] CCSP
[01:48:50] [311/459] KTPC
[01:48:51] [312/459] DACA
[01:48:52] [313/459] NVKY
[01:48:53] [314/459] PTIN
[01:48:54] [315/459] SCIN
[01:48:55] [316/459] MCTY
[01:48:56] [317/459] PCMX
[01:48:57] [318/459] INIC
[01:48:58] [319/459] MMZM
[01:48:59] [320/459] SSLP
[01:49:00] [321/459] DTDT
[01:49:00] [322/459] FFCX
[01:49:02] [323/459] RCMM
[01:49:03] [324/459] KYID
[01:49:04] [325/459] CSCI
[01:49:05] [326/459] FCMC
[01:49:06] [327/459] MMXI
[01:49:07] [328/459] ASTC
[01:49:08] [329/459] CMRA
[01:49:09] [330/459] DICI
[01:49:09] [331/459] KDIN
[01:49:10] [332/459] PRFI
[01:49:11] [333/459] SVFC
[01:49:12] [334/459] UCPL
[01:49:13] [335/459] COOC
[01:49:14] [336/459] SCAL
[01:49:15] [337/459] SVFF
[01:49:15] [338/459] VCMG
[01:49:16] [339/459] UUCT
[01:49:17] [340/459] GCSE
[01:49:17] [341/459] SUSC
[01:49:18] [342/459] MISC
[01:49:19] [343/459] RMBL
[01:49:20] [344/459] CMXN
[01:49:21] [345/459] PVBK
[01:49:22] [346/459] HHCG
[01:49:23] [347/459] SCAG
[01:49:24] [348/459] CNPR
[01:49:26] [349/459] CSER
[01:49:26] [350/459] HLWD
[01:49:27] [351/459] BOLY
[01:49:28] [352/459] SSPG
[01:49:29] [353/459] MUPX
[01:49:29] [354/459] HAMR
[01:49:30] [355/459] SDNC
[01:49:31] [356/459] RTEN
[01:49:32] [357/459] SDTD
[01:49:33] [358/459] KAWS
[01:49:34] [359/459] CMZX
[01:49:34] [360/459] DCDD
[01:49:35] [361/459] ALSN
[01:49:36] [362/459] IMXS
[01:49:37] [363/459] PVFF
[01:49:39] [364/459] PVOO
[01:49:40] [365/459] CFBS
[01:49:41] [366/459] PVER
[01:49:42] [367/459] PPNX
[01:49:42] [368/459] CNRM
[01:49:43] [369/459] PVWW
[01:49:44] [370/459] INMB
[01:49:45] [371/459] CPJR
[01:49:46] [372/459] INRZ
[01:49:47] [373/459] PMSR
[01:49:48] [374/459] GPGM
[01:49:48] [375/459] PGWB
[01:49:50] [376/459] PMBR
[01:49:51] [377/459] GPAM
[01:49:52] [378/459] INBC
[01:49:52] [379/459] PZVK
[01:49:53] [380/459] CPEB
[01:49:55] [381/459] FMLB
[01:49:56] [382/459] INBG
[01:49:57] [383/459] GPBR
[01:49:58] [384/459] PAAS
[01:49:59] [385/459] VTBR
[01:50:00] [386/459] GPMY
[01:50:01] [387/459] GYBU
[01:50:02] [388/459] INBJ
[01:50:03] [389/459] LKTH
[01:50:04] [390/459] NSBR
[01:50:05] [391/459] PDRD
[01:50:06] [392/459] VRBL
[01:50:07] [393/459] VTGB
[01:50:07] [394/459] VTSK
[01:50:08] [395/459] BKDV
[01:50:09] [396/459] SVTB
[01:50:10] [397/459] MLDT
[01:50:11] [398/459] NRBL
[01:50:12] [399/459] SLTR
[01:50:13] [400/459] VNKA
[01:50:14] [401/459] TDCA
[01:50:15] [402/459] INBM
[01:50:16] [403/459] SSNR
[01:50:17] [404/459] BHAC
[01:50:17] [405/459] SDSD
[01:50:18] [406/459] SAMP
[01:50:19] [407/459] RATK
[01:50:19] [408/459] KCBI
[01:50:20] [409/459] URBL
[01:50:22] [410/459] MKBG
[01:50:23] [411/459] ASTB
[01:50:23] [412/459] VBWT
[01:50:24] [413/459] GPSM
[01:50:25] [414/459] ROON
[01:50:26] [415/459] CHTH
[01:50:27] [416/459] SSPA
[01:50:27] [417/459] ANBL
[01:50:29] [418/459] VTBE
[01:50:30] [419/459] SVKT
[01:50:31] [420/459] SVYK
[01:50:32] [421/459] PTBK
[01:50:33] [422/459] RKTB
[01:50:34] [423/459] BALT
[01:50:35] [424/459] STSV
[01:50:36] [425/459] VCCB
[01:50:36] [426/459] SLTB
[01:50:37] [427/459] SBCR
[01:50:38] [428/459] VDCS
[01:50:39] [429/459] MDKI
[01:50:39] [430/459] SMRN
[01:50:40] [431/459] PTBC
[01:50:41] [432/459] RADI
[01:50:42] [433/459] ADCR
[01:50:43] [434/459] SDCS
[01:50:44] [435/459] SRPJ
[01:50:44] [436/459] ARTS
[01:50:45] [437/459] SRHK
[01:50:46] [438/459] SPAY
[01:50:47] [439/459] GPTB
[01:50:47] [440/459] SNNN
[01:50:49] [441/459] BALJ
[01:50:50] [442/459] TRIG
[01:50:50] [443/459] GTYT
[01:50:52] [444/459] ATGN
[01:50:52] [445/459] ANTE
[01:50:53] [446/459] BDCG
[01:50:54] [447/459] VECI
[01:50:55] [448/459] SCPR
[01:50:56] [449/459] RTEA
[01:50:57] [450/459] JSAI
[01:50:58] [451/459] VJTP
[01:50:59] [452/459] GNDS
[01:51:00] [453/459] PAXA
[01:51:01] [454/459] CGGM
[01:51:03] [455/459] ACKZ
[01:51:04] [456/459] EMCC
[01:51:04] [457/459] KLSK
[01:51:05] [458/459] AVCK
[01:51:06] [459/459] JTCK
[01:51:07] ✅ DONE | Shows=0 | Movies=0
[02:42:12] 🚀 BMS DAILY TRACKER STARTED
[02:42:12] [1/459] NECA
[02:42:12] 🧠 New identity
[02:42:13] [2/459] BJLC
[02:42:14] [3/459] BASU
[02:42:15] [4/459] RUPI
[02:42:16] [5/459] LCBK
[02:42:17] [6/459] PMAC
[02:42:17] [7/459] AMLC
[02:42:18] [8/459] LICL
[02:42:19] [9/459] UDMM
[02:42:20] [10/459] STBZ
[02:42:21] [11/459] UUBT
[02:42:21] [12/459] SJKC
[02:42:23] [13/459] TUAL
[02:42:24] [14/459] MRSE
[02:42:25] [15/459] RMRK
[02:42:26] [16/459] TTKP
[02:42:27] [17/459] KTKO
[02:42:27] [18/459] SDBK
[02:42:28] [19/459] MCPR
[02:42:29] [20/459] CHTI
[02:42:30] [21/459] GCCP
[02:42:31] [22/459] SRMY
[02:42:32] [23/459] NYST
[02:42:33] [24/459] NYAG
[02:42:34] [25/459] SBMT
[02:42:35] [26/459] INGA
[02:42:36] [27/459] WSIC
[02:42:36] [28/459] SCSS
[02:42:37] [29/459] COPG
[02:42:39] [30/459] RCGR
[02:42:40] [31/459] TCZA
[02:42:41] [32/459] CNLP
[02:42:41] [33/459] CLKN
[02:42:42] [34/459] LHDF
[02:42:44] [35/459] ELKC
[02:42:45] [36/459] VCEM
[02:42:46] [37/459] SSZA
[02:42:47] [38/459] KRMT
[02:42:48] [39/459] LCMV
[02:42:49] [40/459] AYCZ
[02:42:49] [41/459] CUMS
[02:42:50] [42/459] BOCK
[02:42:51] [43/459] PNMR
[02:42:52] [44/459] PJCP
[02:42:53] [45/459] JDDD
[02:42:54] [46/459] STMS
[02:42:55] [47/459] FLMB
[02:42:55] [48/459] PKCM
[02:42:56] [49/459] SPPR
[02:42:57] [50/459] EYLH
[02:42:58] [51/459] RJCC
[02:42:59] [52/459] MMPS
[02:43:00] [53/459] SHMX
[02:43:02] [54/459] CCNL
[02:43:03] [55/459] RCNV
[02:43:04] [56/459] MAAG
[02:43:04] [57/459] LXCM
[02:43:05] [58/459] RCNI
[02:43:06] [59/459] SNNI
[02:43:07] [60/459] LALC
[02:43:08] [61/459] SOCN
[02:43:09] [62/459] JHTP
[02:43:09] [63/459] PITP
[02:43:10] [64/459] CCKW
[02:43:11] [65/459] MCMC
[02:43:12] [66/459] DEES
[02:43:13] [67/459] SABT
[02:43:13] [68/459] VSPP
[02:43:14] [69/459] ABCT
[02:43:15] [70/459] JVTB
[02:43:16] [71/459] VCBD
[02:43:17] [72/459] RMGG
[02:43:18] [73/459] RNMH
[02:43:19] [74/459] SPGL
[02:43:19] [75/459] JTTR
[02:43:21] [76/459] SICS
[02:43:22] [77/459] SRMI
[02:43:22] [78/459] SSIJ
[02:43:23] [79/459] KFMT
[02:43:24] [80/459] VBIT
[02:43:25] [81/459] JKCT
[02:43:26] [82/459] GCGP
[02:43:26] [83/459] GDCS
[02:43:27] [84/459] TRBA
[02:43:28] [85/459] QUST
[02:43:29] [86/459] VSHM
[02:43:30] [87/459] SDCP
[02:43:31] [88/459] SNVS
[02:43:32] [89/459] NYTO
[02:43:33] [90/459] URWC
[02:43:34] [91/459] GTWH
[02:43:35] [92/459] PFCM
[02:43:36] [93/459] KRTA
[02:43:37] [94/459] AXMC
[02:43:38] [95/459] EVMC
[02:43:39] [96/459] HGSM
[02:43:40] [97/459] ACVM
[02:43:41] [98/459] PSKL
[02:43:42] [99/459] RDMP
[02:43:42] [100/459] RHGH
[02:43:43] [101/459] OMCM
[02:43:44] [102/459] DCCP
[02:43:45] [103/459] MCPB
[02:43:46] [104/459] ALCI
[02:43:47] [105/459] BLMX
[02:43:48] [106/459] BTMV
[02:43:49] [107/459] FVPN
[02:43:50] [108/459] CMAR
[02:43:50] [109/459] CEIM
[02:43:51] [110/459] CMVA
[02:43:52] [111/459] CPIV
[02:43:53] [112/459] CNPE
[02:43:53] [113/459] COLV
[02:43:54] [114/459] DNNV
[02:43:55] [115/459] HCAD
[02:43:56] [116/459] TAKA
[02:43:57] [117/459] INVD
[02:43:58] [118/459] IRMM
[02:43:59] [119/459] INSE
[02:44:00] [120/459] MRSW
[02:44:01] [121/459] MCVD
[02:44:02] [122/459] MCSO
[02:44:03] [123/459] PEVM
[02:44:05] [124/459] PVNL
[02:44:06] [125/459] PTCV
[02:44:07] [126/459] PRTC
[02:44:07] [127/459] RCVA
[02:44:08] [128/459] MTBN
[02:44:09] [129/459] LUCP
[02:44:10] [130/459] FMPT
[02:44:11] [131/459] JLSL
[02:44:11] [132/459] SBHA
[02:44:12] [133/459] SHRC
[02:44:13] [134/459] AVPS
[02:44:14] [135/459] STPM
[02:44:15] [136/459] ATRD
[02:44:16] [137/459] VTED
[02:44:16] [138/459] ACAI
[02:44:17] [139/459] SMAE
[02:44:18] [140/459] VMAT
[02:44:20] [141/459] LKCT
[02:44:20] [142/459] JTVK
[02:44:21] [143/459] PRTY
[02:44:22] [144/459] GETT
[02:44:23] [145/459] ESAP
[02:44:24] [146/459] NCPM
[02:44:25] [147/459] PCPA
[02:44:25] [148/459] MMOM
[02:44:26] [149/459] PHUP
[02:44:27] [150/459] CCPI
[02:44:28] [151/459] CNTD
[02:44:29] [152/459] NLJR
[02:44:30] [153/459] SRNG
[02:44:31] [154/459] MHAL
[02:44:32] [155/459] PNSM
[02:44:33] [156/459] DRMY
[02:44:34] [157/459] CCMU
[02:44:35] [158/459] SCMY
[02:44:35] [159/459] PVSY
[02:44:36] [160/459] SDLM
[02:44:37] [161/459] ICCM
[02:44:38] [162/459] PYSU
[02:44:39] [163/459] GATM
[02:44:39] [164/459] WOTM
[02:44:40] [165/459] RKTS
[02:44:41] [166/459] PMTY
[02:44:42] [167/459] LYMS
[02:44:43] [168/459] TGCA
[02:44:44] [169/459] DSTA
[02:44:46] [170/459] CNGE
[02:44:47] [171/459] VSTG
[02:44:47] [172/459] GTCK
[02:44:48] [173/459] TGNT
[02:44:49] [174/459] ASLC
[02:44:51] [175/459] SSST
[02:44:51] [176/459] KBTT
[02:44:52] [177/459] HKCP
[02:44:53] [178/459] SWLC
[02:44:54] [179/459] RTND
[02:44:55] [180/459] PKKT
[02:44:56] [181/459] HSTK
[02:44:57] [182/459] SPTT
[02:44:58] [183/459] IMPM
[02:44:59] [184/459] SCMV
[02:45:00] [185/459] SPCT
[02:45:00] [186/459] JBCA
[02:45:01] [187/459] ATTR
[02:45:02] [188/459] SPMT
[02:45:03] [189/459] LCTM
[02:45:04] [190/459] SCVL
[02:45:05] [191/459] SCVT
[02:45:06] [192/459] KRIC
[02:45:07] [193/459] CTMG
[02:45:08] [194/459] ACNC
[02:45:08] [195/459] DMCK
[02:45:09] [196/459] KMTV
[02:45:11] [197/459] PFCJ
[02:45:11] [198/459] VNMD
[02:45:12] [199/459] VPCZ
[02:45:13] [200/459] SRYR
[02:45:15] [201/459] SYTR
[02:45:15] [202/459] GATR
[02:45:16] [203/459] URTR
[02:45:17] [204/459] MKSM
[02:45:18] [205/459] VSMH
[02:45:19] [206/459] SKRJ
[02:45:19] [207/459] SSJR
[02:45:21] [208/459] SVSM
[02:45:22] [209/459] RUCM
[02:45:22] [210/459] PRKN
[02:45:23] [211/459] RROH
[02:45:25] [212/459] SCTN
[02:45:26] [213/459] RTDM
[02:45:27] [214/459] ASRM
[02:45:28] [215/459] SKMD
[02:45:29] [216/459] SUTD
[02:45:29] [217/459] SADM
[02:45:30] [218/459] WCNR
[02:45:31] [219/459] CNED
[02:45:32] [220/459] MPDB
[02:45:33] [221/459] KTBH
[02:45:33] [222/459] IDRM
[02:45:35] [223/459] PJJT
[02:45:36] [224/459] PFCV
[02:45:37] [225/459] AACT
[02:45:39] [226/459] AAAD
[02:45:40] [227/459] ANES
[02:45:41] [228/459] MNCA
[02:45:42] [229/459] RMGU
[02:45:43] [230/459] DLCN
[02:45:44] [231/459] LJWT
[02:45:45] [232/459] MCBG
[02:45:46] [233/459] MYBG
[02:45:47] [234/459] GCCA
[02:45:48] [235/459] GCGA
[02:45:48] [236/459] ECGN
[02:45:49] [237/459] PRAB
[02:45:50] [238/459] PNMP
[02:45:51] [239/459] GCPT
[02:45:52] [240/459] ROYN
[02:45:52] [241/459] VATM
[02:45:53] [242/459] KSNT
[02:45:54] [243/459] ACTC
[02:45:55] [244/459] PLTD
[02:45:55] [245/459] SKMK
[02:45:56] [246/459] CMTT
[02:45:57] [247/459] SMXP
[02:45:58] [248/459] SCMX
[02:45:59] [249/459] ACXN
[02:45:59] [250/459] ASWT
[02:46:00] [251/459] VVVL
[02:46:02] [252/459] NAGO
[02:46:03] [253/459] SNCN
[02:46:04] [254/459] MCKP
[02:46:05] [255/459] SAMO
[02:46:06] [256/459] JBTV
[02:46:07] [257/459] DCVV
[02:46:07] [258/459] KMSV
[02:46:08] [259/459] KDCN
[02:46:09] [260/459] CNCP
[02:46:10] [261/459] HAMC
[02:46:11] [262/459] CCVZ
[02:46:11] [263/459] NCCK
[02:46:12] [264/459] MCHR
[02:46:13] [265/459] SCHT
[02:46:14] [266/459] ESSH
[02:46:15] [267/459] CUJC
[02:46:16] [268/459] PECP
[02:46:17] [269/459] PMMI
[02:46:18] [270/459] PCCH
[02:46:19] [271/459] PRPM
[02:46:20] [272/459] PVKL
[02:46:21] [273/459] CBSM
[02:46:22] [274/459] PVCZ
[02:46:22] [275/459] PCVV
[02:46:23] [276/459] CTMJ
[02:46:24] [277/459] RCPS
[02:46:25] [278/459] PCIT
[02:46:26] [279/459] FNCH
[02:46:27] [280/459] INZD
[02:46:28] [281/459] INPC
[02:46:28] [282/459] LCZP
[02:46:29] [283/459] SMCB
[02:46:30] [284/459] PTSB
[02:46:31] [285/459] TPSI
[02:46:31] [286/459] KHMJ
[02:46:32] [287/459] RCCJ
[02:46:33] [288/459] NCJA
[02:46:34] [289/459] NCJN
[02:46:35] [290/459] BTDP
[02:46:36] [291/459] PADY
[02:46:37] [292/459] NYBH
[02:46:37] [293/459] MTBR
[02:46:38] [294/459] KRBC
[02:46:39] [295/459] DKTI
[02:46:40] [296/459] ANAN
[02:46:41] [297/459] INBP
[02:46:42] [298/459] PATB
[02:46:43] [299/459] RGNT
[02:46:44] [300/459] CGPM
[02:46:45] [301/459] INTN
[02:46:46] [302/459] MCMP
[02:46:47] [303/459] ASRG
[02:46:48] [304/459] CXJD
[02:46:49] [305/459] SPCP
[02:46:50] [306/459] CSTP
[02:46:51] [307/459] PKVC
[02:46:52] [308/459] ESCP
[02:46:52] [309/459] CAEP
[02:46:53] [310/459] CCSP
[02:46:54] [311/459] KTPC
[02:46:55] [312/459] DACA
[02:46:56] [313/459] NVKY
[02:46:56] [314/459] PTIN
[02:46:57] [315/459] SCIN
[02:46:58] [316/459] MCTY
[02:46:59] [317/459] PCMX
[02:47:00] [318/459] INIC
[02:47:01] [319/459] MMZM
[02:47:02] [320/459] SSLP
[02:47:03] [321/459] DTDT
[02:47:03] [322/459] FFCX
[02:47:04] [323/459] RCMM
[02:47:05] [324/459] KYID
[02:47:06] [325/459] CSCI
[02:47:07] [326/459] FCMC
[02:47:08] [327/459] MMXI
[02:47:09] [328/459] ASTC
[02:47:09] [329/459] CMRA
[02:47:10] [330/459] DICI
[02:47:11] [331/459] KDIN
[02:47:12] [332/459] PRFI
[02:47:13] [333/459] SVFC
[02:47:13] [334/459] UCPL
[02:47:14] [335/459] COOC
[02:47:15] [336/459] SCAL
[02:47:16] [337/459] SVFF
[02:47:17] [338/459] VCMG
[02:47:18] [339/459] UUCT
[02:47:19] [340/459] GCSE
[02:47:20] [341/459] SUSC
[02:47:21] [342/459] MISC
[02:47:22] [343/459] RMBL
[02:47:23] [344/459] CMXN
[02:47:23] [345/459] PVBK
[02:47:24] [346/459] HHCG
[02:47:25] [347/459] SCAG
[02:47:26] [348/459] CNPR
[02:47:28] [349/459] CSER
[02:47:28] [350/459] HLWD
[02:47:29] [351/459] BOLY
[02:47:31] [352/459] SSPG
[02:47:31] [353/459] MUPX
[02:47:32] [354/459] HAMR
[02:47:33] [355/459] SDNC
[02:47:34] [356/459] RTEN
[02:47:35] [357/459] SDTD
[02:47:36] [358/459] KAWS
[02:47:37] [359/459] CMZX
[02:47:37] [360/459] DCDD
[02:47:38] [361/459] ALSN
[02:47:40] [362/459] IMXS
[02:47:40] [363/459] PVFF
[02:47:41] [364/459] PVOO
[02:47:43] [365/459] CFBS
[02:47:44] [366/459] PVER
[02:47:45] [367/459] PPNX
[02:47:46] [368/459] CNRM
[02:47:46] [369/459] PVWW
[02:47:47] [370/459] INMB
[02:47:48] [371/459] CPJR
[02:47:49] [372/459] INRZ
[02:47:50] [373/459] PMSR
[02:47:50] [374/459] GPGM
[02:47:51] [375/459] PGWB
[02:47:52] [376/459] PMBR
[02:47:53] [377/459] GPAM
[02:47:54] [378/459] INBC
[02:47:55] [379/459] PZVK
[02:47:55] [380/459] CPEB
[02:47:56] [381/459] FMLB
[02:47:57] [382/459] INBG
[02:47:58] [383/459] GPBR
[02:47:59] [384/459] PAAS
[02:47:59] [385/459] VTBR
[02:48:00] [386/459] GPMY
[02:48:01] [387/459] GYBU
[02:48:03] [388/459] INBJ
[02:48:03] [389/459] LKTH
[02:48:04] [390/459] NSBR
[02:48:05] [391/459] PDRD
[02:48:06] [392/459] VRBL
[02:48:07] [393/459] VTGB
[02:48:08] [394/459] VTSK
[02:48:09] [395/459] BKDV
[02:48:09] [396/459] SVTB
[02:48:10] [397/459] MLDT
[02:48:11] [398/459] NRBL
[02:48:12] [399/459] SLTR
[02:48:13] [400/459] VNKA
[02:48:13] [401/459] TDCA
[02:48:14] [402/459] INBM
[02:48:15] [403/459] SSNR
[02:48:16] [404/459] BHAC
[02:48:17] [405/459] SDSD
[02:48:18] [406/459] SAMP
[02:48:19] [407/459] RATK
[02:48:19] [408/459] KCBI
[02:48:21] [409/459] URBL
[02:48:21] [410/459] MKBG
[02:48:23] [411/459] ASTB
[02:48:24] [412/459] VBWT
[02:48:25] [413/459] GPSM
[02:48:26] [414/459] ROON
[02:48:27] [415/459] CHTH
[02:48:28] [416/459] SSPA
[02:48:29] [417/459] ANBL
[02:48:30] [418/459] VTBE
[02:48:30] [419/459] SVKT
[02:48:31] [420/459] SVYK
[02:48:33] [421/459] PTBK
[02:48:34] [422/459] RKTB
[02:48:35] [423/459] BALT
[02:48:35] [424/459] STSV
[02:48:36] [425/459] VCCB
[02:48:37] [426/459] SLTB
[02:48:38] [427/459] SBCR
[02:48:39] [428/459] VDCS
[02:48:40] [429/459] MDKI
[02:48:40] [430/459] SMRN
[02:48:41] [431/459] PTBC
[02:48:42] [432/459] RADI
[02:48:43] [433/459] ADCR
[02:48:44] [434/459] SDCS
[02:48:44] [435/459] SRPJ
[02:48:45] [436/459] ARTS
[02:48:47] [437/459] SRHK
[02:48:48] [438/459] SPAY
[02:48:48] [439/459] GPTB
[02:48:49] [440/459] SNNN
[02:48:50] [441/459] BALJ
[02:48:51] [442/459] TRIG
[02:48:52] [443/459] GTYT
[02:48:53] [444/459] ATGN
[02:48:54] [445/459] ANTE
[02:48:55] [446/459] BDCG
[02:48:56] [447/459] VECI
[02:48:57] [448/459] SCPR
[02:48:57] [449/459] RTEA
[02:48:58] [450/459] JSAI
[02:48:59] [451/459] VJTP
[02:49:00] [452/459] GNDS
[02:49:01] [453/459] PAXA
[02:49:01] [454/459] CGGM
[02:49:02] [455/459] ACKZ
[02:49:04] [456/459] EMCC
[02:49:04] [457/459] KLSK
[02:49:05] [458/459] AVCK
[02:49:06] [459/459] JTCK
[02:49:07] ✅ DONE | Shows=1 | Movies=1
[03:42:49] 🚀 BMS DAILY TRACKER STARTED
[03:42:49] [1/459] NECA
[03:42:49] 🧠 New identity
[03:42:50] [2/459] BJLC
[03:42:51] [3/459] BASU
[03:42:52] [4/459] RUPI
[03:42:53] [5/459] LCBK
[03:42:55] [6/459] PMAC
[03:42:55] [7/459] AMLC
[03:42:56] [8/459] LICL
[03:42:57] [9/459] UDMM
[03:42:58] [10/459] STBZ
[03:42:59] [11/459] UUBT
[03:43:00] [12/459] SJKC
[03:43:01] [13/459] TUAL
[03:43:01] [14/459] MRSE
[03:43:02] [15/459] RMRK
[03:43:03] [16/459] TTKP
[03:43:04] [17/459] KTKO
[03:43:05] [18/459] SDBK
[03:43:06] [19/459] MCPR
[03:43:07] [20/459] CHTI
[03:43:08] [21/459] GCCP
[03:43:09] [22/459] SRMY
[03:43:09] [23/459] NYST
[03:43:10] [24/459] NYAG
[03:43:11] [25/459] SBMT
[03:43:12] [26/459] INGA
[03:43:13] [27/459] WSIC
[03:43:14] [28/459] SCSS
[03:43:15] [29/459] COPG
[03:43:15] [30/459] RCGR
[03:43:16] [31/459] TCZA
[03:43:17] [32/459] CNLP
[03:43:18] [33/459] CLKN
[03:43:19] [34/459] LHDF
[03:43:20] [35/459] ELKC
[03:43:21] [36/459] VCEM
[03:43:22] [37/459] SSZA
[03:43:22] [38/459] KRMT
[03:43:24] [39/459] LCMV
[03:43:25] [40/459] AYCZ
[03:43:25] [41/459] CUMS
[03:43:26] [42/459] BOCK
[03:43:27] [43/459] PNMR
[03:43:28] [44/459] PJCP
[03:43:29] [45/459] JDDD
[03:43:30] [46/459] STMS
[03:43:32] [47/459] FLMB
[03:43:33] [48/459] PKCM
[03:43:33] [49/459] SPPR
[03:43:34] [50/459] EYLH
[03:43:35] [51/459] RJCC
[03:43:36] [52/459] MMPS
[03:43:37] [53/459] SHMX
[03:43:38] [54/459] CCNL
[03:43:39] [55/459] RCNV
[03:43:40] [56/459] MAAG
[03:43:41] [57/459] LXCM
[03:43:41] [58/459] RCNI
[03:43:42] [59/459] SNNI
[03:43:43] [60/459] LALC
[03:43:45] [61/459] SOCN
[03:43:46] [62/459] JHTP
[03:43:47] [63/459] PITP
[03:43:48] [64/459] CCKW
[03:43:49] [65/459] MCMC
[03:43:51] [66/459] DEES
[03:43:52] [67/459] SABT
[03:43:53] [68/459] VSPP
[03:43:54] [69/459] ABCT
[03:43:55] [70/459] JVTB
[03:43:56] [71/459] VCBD
[03:43:57] [72/459] RMGG
[03:43:58] [73/459] RNMH
[03:43:59] [74/459] SPGL
[03:44:00] [75/459] JTTR
[03:44:00] [76/459] SICS
[03:44:01] [77/459] SRMI
[03:44:02] [78/459] SSIJ
[03:44:03] [79/459] KFMT
[03:44:04] [80/459] VBIT
[03:44:05] [81/459] JKCT
[03:44:05] [82/459] GCGP
[03:44:06] [83/459] GDCS
[03:44:08] [84/459] TRBA
[03:44:09] [85/459] QUST
[03:44:10] [86/459] VSHM
[03:44:10] [87/459] SDCP
[03:44:11] [88/459] SNVS
[03:44:12] [89/459] NYTO
[03:44:13] [90/459] URWC
[03:44:14] [91/459] GTWH
[03:44:15] [92/459] PFCM
[03:44:16] [93/459] KRTA
[03:44:17] [94/459] AXMC
[03:44:18] [95/459] EVMC
[03:44:19] [96/459] HGSM
[03:44:20] [97/459] ACVM
[03:44:21] [98/459] PSKL
[03:44:22] [99/459] RDMP
[03:44:23] [100/459] RHGH
[03:44:24] [101/459] OMCM
[03:44:24] [102/459] DCCP
[03:44:26] [103/459] MCPB
[03:44:27] [104/459] ALCI
[03:44:28] [105/459] BLMX
[03:44:29] [106/459] BTMV
[03:44:29] [107/459] FVPN
[03:44:30] [108/459] CMAR
[03:44:31] [109/459] CEIM
[03:44:32] [110/459] CMVA
[03:44:33] [111/459] CPIV
[03:44:34] [112/459] CNPE
[03:44:34] [113/459] COLV
[03:44:35] [114/459] DNNV
[03:44:37] [115/459] HCAD
[03:44:38] [116/459] TAKA
[03:44:40] [117/459] INVD
[03:44:41] [118/459] IRMM
[03:44:42] [119/459] INSE
[03:44:43] [120/459] MRSW
[03:44:44] [121/459] MCVD
[03:44:45] [122/459] MCSO
[03:44:45] [123/459] PEVM
[03:44:46] [124/459] PVNL
[03:44:47] [125/459] PTCV
[03:44:48] [126/459] PRTC
[03:44:49] [127/459] RCVA
[03:44:49] [128/459] MTBN
[03:44:50] [129/459] LUCP
[03:44:51] [130/459] FMPT
[03:44:51] [131/459] JLSL
[03:44:52] [132/459] SBHA
[03:44:53] [133/459] SHRC
[03:44:54] [134/459] AVPS
[03:44:54] [135/459] STPM
[03:44:55] [136/459] ATRD
[03:44:56] [137/459] VTED
[03:44:57] [138/459] ACAI
[03:44:59] [139/459] SMAE
[03:45:00] [140/459] VMAT
[03:45:01] [141/459] LKCT
[03:45:02] [142/459] JTVK
[03:45:03] [143/459] PRTY
[03:45:04] [144/459] GETT
[03:45:05] [145/459] ESAP
[03:45:05] [146/459] NCPM
[03:45:06] [147/459] PCPA
[03:45:07] [148/459] MMOM
[03:45:08] [149/459] PHUP
[03:45:09] [150/459] CCPI
[03:45:10] [151/459] CNTD
[03:45:11] [152/459] NLJR
[03:45:12] [153/459] SRNG
[03:45:14] [154/459] MHAL
[03:45:14] [155/459] PNSM
[03:45:16] [156/459] DRMY
[03:45:16] [157/459] CCMU
[03:45:17] [158/459] SCMY
[03:45:19] [159/459] PVSY
[03:45:20] [160/459] SDLM
[03:45:20] [161/459] ICCM
[03:45:21] [162/459] PYSU
[03:45:22] [163/459] GATM
[03:45:23] [164/459] WOTM
[03:45:24] [165/459] RKTS
[03:45:25] [166/459] PMTY
[03:45:26] [167/459] LYMS
[03:45:27] [168/459] TGCA
[03:45:28] [169/459] DSTA
[03:45:29] [170/459] CNGE
[03:45:30] [171/459] VSTG
[03:45:30] [172/459] GTCK
[03:45:31] [173/459] TGNT
[03:45:32] [174/459] ASLC
[03:45:33] [175/459] SSST
[03:45:34] [176/459] KBTT
[03:45:35] [177/459] HKCP
[03:45:36] [178/459] SWLC
[03:45:36] [179/459] RTND
[03:45:37] [180/459] PKKT
[03:45:38] [181/459] HSTK
[03:45:39] [182/459] SPTT
[03:45:39] [183/459] IMPM
[03:45:41] [184/459] SCMV
[03:45:42] [185/459] SPCT
[03:45:43] [186/459] JBCA
[03:45:44] [187/459] ATTR
[03:45:44] [188/459] SPMT
[03:45:46] [189/459] LCTM
[03:45:47] [190/459] SCVL
[03:45:48] [191/459] SCVT
[03:45:49] [192/459] KRIC
[03:45:49] [193/459] CTMG
[03:45:50] [194/459] ACNC
[03:45:51] [195/459] DMCK
[03:45:52] [196/459] KMTV
[03:45:53] [197/459] PFCJ
[03:45:54] [198/459] VNMD
[03:45:55] [199/459] VPCZ
[03:45:56] [200/459] SRYR
[03:45:57] [201/459] SYTR
[03:45:58] [202/459] GATR
[03:45:58] [203/459] URTR
[03:45:59] [204/459] MKSM
[03:46:00] [205/459] VSMH
[03:46:01] [206/459] SKRJ
[03:46:02] [207/459] SSJR
[03:46:03] [208/459] SVSM
[03:46:04] [209/459] RUCM
[03:46:05] [210/459] PRKN
[03:46:06] [211/459] RROH
[03:46:07] [212/459] SCTN
[03:46:08] [213/459] RTDM
[03:46:09] [214/459] ASRM
[03:46:10] [215/459] SKMD
[03:46:11] [216/459] SUTD
[03:46:11] [217/459] SADM
[03:46:12] [218/459] WCNR
[03:46:13] [219/459] CNED
[03:46:14] [220/459] MPDB
[03:46:15] [221/459] KTBH
[03:46:15] [222/459] IDRM
[03:46:16] [223/459] PJJT
[03:46:18] [224/459] PFCV
[03:46:19] [225/459] AACT
[03:46:19] [226/459] AAAD
[03:46:20] [227/459] ANES
[03:46:21] [228/459] MNCA
[03:46:22] [229/459] RMGU
[03:46:23] [230/459] DLCN
[03:46:24] [231/459] LJWT
[03:46:24] [232/459] MCBG
[03:46:25] [233/459] MYBG
[03:46:26] [234/459] GCCA
[03:46:27] [235/459] GCGA
[03:46:27] [236/459] ECGN
[03:46:28] [237/459] PRAB
[03:46:29] [238/459] PNMP
[03:46:30] [239/459] GCPT
[03:46:31] [240/459] ROYN
[03:46:32] [241/459] VATM
[03:46:33] [242/459] KSNT
[03:46:34] [243/459] ACTC
[03:46:35] [244/459] PLTD
[03:46:37] [245/459] SKMK
[03:46:38] [246/459] CMTT
[03:46:39] [247/459] SMXP
[03:46:40] [248/459] SCMX
[03:46:40] [249/459] ACXN
[03:46:41] [250/459] ASWT
[03:46:42] [251/459] VVVL
[03:46:42] [252/459] NAGO
[03:46:43] [253/459] SNCN
[03:46:44] [254/459] MCKP
[03:46:45] [255/459] SAMO
[03:46:46] [256/459] JBTV
[03:46:47] [257/459] DCVV
[03:46:47] [258/459] KMSV
[03:46:49] [259/459] KDCN
[03:46:50] [260/459] CNCP
[03:46:51] [261/459] HAMC
[03:46:52] [262/459] CCVZ
[03:46:53] [263/459] NCCK
[03:46:53] [264/459] MCHR
[03:46:54] [265/459] SCHT
[03:46:55] [266/459] ESSH
[03:46:56] [267/459] CUJC
[03:46:57] [268/459] PECP
[03:46:57] [269/459] PMMI
[03:46:58] [270/459] PCCH
[03:46:59] [271/459] PRPM
[03:47:00] [272/459] PVKL
[03:47:01] [273/459] CBSM
[03:47:02] [274/459] PVCZ
[03:47:03] [275/459] PCVV
[03:47:04] [276/459] CTMJ
[03:47:05] [277/459] RCPS
[03:47:06] [278/459] PCIT
[03:47:07] [279/459] FNCH
[03:47:08] [280/459] INZD
[03:47:09] [281/459] INPC
[03:47:09] [282/459] LCZP
[03:47:10] [283/459] SMCB
[03:47:11] [284/459] PTSB
[03:47:12] [285/459] TPSI
[03:47:13] [286/459] KHMJ
[03:47:14] [287/459] RCCJ
[03:47:15] [288/459] NCJA
[03:47:16] [289/459] NCJN
[03:47:17] [290/459] BTDP
[03:47:18] [291/459] PADY
[03:47:19] [292/459] NYBH
[03:47:20] [293/459] MTBR
[03:47:21] [294/459] KRBC
[03:47:23] [295/459] DKTI
[03:47:24] [296/459] ANAN
[03:47:25] [297/459] INBP
[03:47:26] [298/459] PATB
[03:47:27] [299/459] RGNT
[03:47:28] [300/459] CGPM
[03:47:30] [301/459] INTN
[03:47:31] [302/459] MCMP
[03:47:31] [303/459] ASRG
[03:47:32] [304/459] CXJD
[03:47:33] [305/459] SPCP
[03:47:34] [306/459] CSTP
[03:47:35] [307/459] PKVC
[03:47:36] [308/459] ESCP
[03:47:37] [309/459] CAEP
[03:47:38] [310/459] CCSP
[03:47:39] [311/459] KTPC
[03:47:39] [312/459] DACA
[03:47:40] [313/459] NVKY
[03:47:41] [314/459] PTIN
[03:47:42] [315/459] SCIN
[03:47:43] [316/459] MCTY
[03:47:44] [317/459] PCMX
[03:47:45] [318/459] INIC
[03:47:45] [319/459] MMZM
[03:47:46] [320/459] SSLP
[03:47:47] [321/459] DTDT
[03:47:48] [322/459] FFCX
[03:47:49] [323/459] RCMM
[03:47:50] [324/459] KYID
[03:47:51] [325/459] CSCI
[03:47:52] [326/459] FCMC
[03:47:53] [327/459] MMXI
[03:47:54] [328/459] ASTC
[03:47:55] [329/459] CMRA
[03:47:55] [330/459] DICI
[03:47:57] [331/459] KDIN
[03:47:58] [332/459] PRFI
[03:47:58] [333/459] SVFC
[03:47:59] [334/459] UCPL
[03:48:00] [335/459] COOC
[03:48:01] [336/459] SCAL
[03:48:02] [337/459] SVFF
[03:48:03] [338/459] VCMG
[03:48:04] [339/459] UUCT
[03:48:05] [340/459] GCSE
[03:48:06] [341/459] SUSC
[03:48:07] [342/459] MISC
[03:48:08] [343/459] RMBL
[03:48:09] [344/459] CMXN
[03:48:09] [345/459] PVBK
[03:48:10] [346/459] HHCG
[03:48:11] [347/459] SCAG
[03:48:12] [348/459] CNPR
[03:48:13] [349/459] CSER
[03:48:13] [350/459] HLWD
[03:48:14] [351/459] BOLY
[03:48:15] [352/459] SSPG
[03:48:16] [353/459] MUPX
[03:48:16] [354/459] HAMR
[03:48:17] [355/459] SDNC
[03:48:19] [356/459] RTEN
[03:48:19] [357/459] SDTD
[03:48:20] [358/459] KAWS
[03:48:21] [359/459] CMZX
[03:48:22] [360/459] DCDD
[03:48:23] [361/459] ALSN
[03:48:23] [362/459] IMXS
[03:48:24] [363/459] PVFF
[03:48:25] [364/459] PVOO
[03:48:26] [365/459] CFBS
[03:48:27] [366/459] PVER
[03:48:28] [367/459] PPNX
[03:48:29] [368/459] CNRM
[03:48:30] [369/459] PVWW
[03:48:30] [370/459] INMB
[03:48:31] [371/459] CPJR
[03:48:32] [372/459] INRZ
[03:48:33] [373/459] PMSR
[03:48:34] [374/459] GPGM
[03:48:35] [375/459] PGWB
[03:48:36] [376/459] PMBR
[03:48:36] [377/459] GPAM
[03:48:37] [378/459] INBC
[03:48:38] [379/459] PZVK
[03:48:39] [380/459] CPEB
[03:48:41] [381/459] FMLB
[03:48:41] [382/459] INBG
[03:48:42] [383/459] GPBR
[03:48:44] [384/459] PAAS
[03:48:44] [385/459] VTBR
[03:48:45] [386/459] GPMY
[03:48:46] [387/459] GYBU
[03:48:47] [388/459] INBJ
[03:48:49] [389/459] LKTH
[03:48:50] [390/459] NSBR
[03:48:51] [391/459] PDRD
[03:48:52] [392/459] VRBL
[03:48:53] [393/459] VTGB
[03:48:53] [394/459] VTSK
[03:48:54] [395/459] BKDV
[03:48:55] [396/459] SVTB
[03:48:56] [397/459] MLDT
[03:48:56] [398/459] NRBL
[03:48:57] [399/459] SLTR
[03:48:58] [400/459] VNKA
[03:48:59] [401/459] TDCA
[03:49:00] [402/459] INBM
[03:49:01] [403/459] SSNR
[03:49:01] [404/459] BHAC
[03:49:02] [405/459] SDSD
[03:49:04] [406/459] SAMP
[03:49:05] [407/459] RATK
[03:49:06] [408/459] KCBI
[03:49:06] [409/459] URBL
[03:49:07] [410/459] MKBG
[03:49:08] [411/459] ASTB
[03:49:10] [412/459] VBWT
[03:49:11] [413/459] GPSM
[03:49:12] [414/459] ROON
[03:49:13] [415/459] CHTH
[03:49:14] [416/459] SSPA
[03:49:15] [417/459] ANBL
[03:49:16] [418/459] VTBE
[03:49:16] [419/459] SVKT
[03:49:18] [420/459] SVYK
[03:49:18] [421/459] PTBK
[03:49:19] [422/459] RKTB
[03:49:21] [423/459] BALT
[03:49:21] [424/459] STSV
[03:49:22] [425/459] VCCB
[03:49:23] [426/459] SLTB
[03:49:24] [427/459] SBCR
[03:49:25] [428/459] VDCS
[03:49:26] [429/459] MDKI
[03:49:27] [430/459] SMRN
[03:49:28] [431/459] PTBC
[03:49:29] [432/459] RADI
[03:49:30] [433/459] ADCR
[03:49:31] [434/459] SDCS
[03:49:31] [435/459] SRPJ
[03:49:32] [436/459] ARTS
[03:49:34] [437/459] SRHK
[03:49:35] [438/459] SPAY
[03:49:35] [439/459] GPTB
[03:49:36] [440/459] SNNN
[03:49:37] [441/459] BALJ
[03:49:38] [442/459] TRIG
[03:49:39] [443/459] GTYT
[03:49:40] [444/459] ATGN
[03:49:40] [445/459] ANTE
[03:49:41] [446/459] BDCG
[03:49:42] [447/459] VECI
[03:49:43] [448/459] SCPR
[03:49:44] [449/459] RTEA
[03:49:44] [450/459] JSAI
[03:49:45] [451/459] VJTP
[03:49:46] [452/459] GNDS
[03:49:48] [453/459] PAXA
[03:49:49] [454/459] CGGM
[03:49:50] [455/459] ACKZ
[03:49:51] [456/459] EMCC
[03:49:52] [457/459] KLSK
[03:49:53] [458/459] AVCK
[03:49:54] [459/459] JTCK
[03:49:54] ✅ DONE | Shows=38 | Movies=6
