[00:41:14] 🚀 BMS DAILY TRACKER STARTED
[00:41:14] [1/324] GCTA
[00:41:14] 🧠 New identity
[00:41:15] [2/324] TOPN
[00:41:17] [3/324] MCUS
[00:41:17] [4/324] SHRL
[00:41:18] [5/324] UPTP
[00:41:19] [6/324] TMMP
[00:41:20] [7/324] DNRP
[00:41:21] [8/324] SRLT
[00:41:22] [9/324] RCNS
[00:41:23] [10/324] DCBH
[00:41:24] [11/324] NAGJ
[00:41:25] [12/324] JVRC
[00:41:26] [13/324] KRJG
[00:41:27] [14/324] SRTJ
[00:41:28] [15/324] CMXM
[00:41:29] [16/324] STMI
[00:41:30] [17/324] SLST
[00:41:31] [18/324] DTCN
[00:41:32] [19/324] STYN
[00:41:33] [20/324] SZVR
[00:41:33] [21/324] SRKO
[00:41:34] [22/324] JTGT
[00:41:35] [23/324] SVFD
[00:41:36] [24/324] SISD
[00:41:37] [25/324] ABDD
[00:41:38] [26/324] DRCA
[00:41:39] [27/324] AVCS
[00:41:40] [28/324] MVKH
[00:41:41] [29/324] ACPR
[00:41:42] [30/324] STIP
[00:41:43] [31/324] MTRA
[00:41:44] [32/324] RMKH
[00:41:45] [33/324] NKRL
[00:41:46] [34/324] PCWN
[00:41:46] [35/324] BLMT
[00:41:47] [36/324] GDPG
[00:41:48] [37/324] SRMX
[00:41:50] [38/324] JACP
[00:41:51] [39/324] CPSH
[00:41:52] [40/324] MCCD
[00:41:52] [41/324] ECGH
[00:41:53] [42/324] MKCK
[00:41:54] [43/324] SRMM
[00:41:55] [44/324] SKYR
[00:41:56] [45/324] PCKC
[00:41:57] [46/324] JCMA
[00:41:58] [47/324] BSMP
[00:41:59] [48/324] VSPA
[00:42:00] [49/324] DJYA
[00:42:01] [50/324] DIMP
[00:42:02] [51/324] FXDR
[00:42:03] [52/324] SSRC
[00:42:04] [53/324] STHP
[00:42:04] [54/324] CPPD
[00:42:05] [55/324] FCLK
[00:42:06] [56/324] SCPP
[00:42:07] [57/324] DCMJ
[00:42:08] [58/324] RCCR
[00:42:09] [59/324] INMT
[00:42:10] [60/324] LXTK
[00:42:10] [61/324] SRYK
[00:42:11] [62/324] SGDK
[00:42:12] [63/324] PPKA
[00:42:13] [64/324] SPKA
[00:42:13] [65/324] CGHH
[00:42:14] [66/324] DCJN
[00:42:15] [67/324] SRKV
[00:42:16] [68/324] SAJC
[00:42:17] [69/324] SUSR
[00:42:17] [70/324] STYG
[00:42:19] [71/324] NTKP
[00:42:20] [72/324] AKTG
[00:42:21] [73/324] CGCM
[00:42:22] [74/324] TULC
[00:42:23] [75/324] NYYZ
[00:42:24] [76/324] NYBW
[00:42:25] [77/324] MACB
[00:42:26] [78/324] SLVT
[00:42:27] [79/324] SANA
[00:42:28] [80/324] ACMR
[00:42:30] [81/324] CPKN
[00:42:31] [82/324] DLGK
[00:42:32] [83/324] CWCK
[00:42:33] [84/324] FDDH
[00:42:34] [85/324] MMMD
[00:42:36] [86/324] CMEH
[00:42:36] [87/324] GGGV
[00:42:37] [88/324] SPJL
[00:42:38] [89/324] RCCD
[00:42:39] [90/324] STTZ
[00:42:39] [91/324] BTCF
[00:42:40] [92/324] TSTZ
[00:42:41] [93/324] IPMM
[00:42:42] [94/324] PMPW
[00:42:42] [95/324] PCMZ
[00:42:43] [96/324] ESEM
[00:42:44] [97/324] PIPO
[00:42:45] [98/324] MATK
[00:42:46] [99/324] PGHM
[00:42:47] [100/324] CTSR
[00:42:47] [101/324] CYKR
[00:42:48] [102/324] MSCM
[00:42:50] [103/324] RFNP
[00:42:51] [104/324] PDCP
[00:42:52] [105/324] NPSE
[00:42:53] [106/324] MKML
[00:42:54] [107/324] FTDP
[00:42:55] [108/324] MMXA
[00:42:56] [109/324] CEPO
[00:42:57] [110/324] CMVP
[00:42:57] [111/324] SGTH
[00:42:58] [112/324] SAYN
[00:42:59] [113/324] URVS
[00:43:00] [114/324] VJTN
[00:43:01] [115/324] BBYK
[00:43:02] [116/324] SHBO
[00:43:03] [117/324] VCMR
[00:43:04] [118/324] MACT
[00:43:04] [119/324] JMNP
[00:43:05] [120/324] VICS
[00:43:06] [121/324] VCDA
[00:43:07] [122/324] GCMM
[00:43:08] [123/324] INVS
[00:43:09] [124/324] SCGM
[00:43:11] [125/324] PCDA
[00:43:12] [126/324] KDCT
[00:43:12] [127/324] JACS
[00:43:13] [128/324] GMMC
[00:43:14] [129/324] AICM
[00:43:15] [130/324] TJCM
[00:43:15] [131/324] RMTI
[00:43:16] [132/324] SHAC
[00:43:17] [133/324] APJC
[00:43:18] [134/324] GCTG
[00:43:19] [135/324] SSMC
[00:43:19] [136/324] THRM
[00:43:20] [137/324] RBCT
[00:43:21] [138/324] DIKT
[00:43:22] [139/324] MIDL
[00:43:23] [140/324] VCSN
[00:43:24] [141/324] SKTG
[00:43:25] [142/324] SMWC
[00:43:25] [143/324] MNKH
[00:43:26] [144/324] PIAT
[00:43:27] [145/324] LTTP
[00:43:28] [146/324] PTPU
[00:43:29] [147/324] ACMG
[00:43:30] [148/324] SHMM
[00:43:31] [149/324] MCMN
[00:43:32] [150/324] GLDC
[00:43:33] [151/324] HOUT
[00:43:34] [152/324] SVRP
[00:43:35] [153/324] PVDN
[00:43:36] [154/324] SCPY
[00:43:36] [155/324] DTPY
[00:43:37] [156/324] GKCS
[00:43:38] [157/324] NCAM
[00:43:39] [158/324] BSRM
[00:43:41] [159/324] RCLC
[00:43:42] [160/324] SKKD
[00:43:43] [161/324] ACHU
[00:43:44] [162/324] RSCF
[00:43:44] [163/324] IMSH
[00:43:45] [164/324] MACX
[00:43:46] [165/324] HMMW
[00:43:47] [166/324] JTCP
[00:43:48] [167/324] SREN
[00:43:49] [168/324] PJRR
[00:43:50] [169/324] INAC
[00:43:51] [170/324] BMCA
[00:43:52] [171/324] SHCB
[00:43:52] [172/324] GABA
[00:43:53] [173/324] SBCT
[00:43:54] [174/324] GCMA
[00:43:55] [175/324] MYTK
[00:43:56] [176/324] INZS
[00:43:57] [177/324] RMIK
[00:43:58] [178/324] NYCH
[00:43:59] [179/324] RAVE
[00:43:59] [180/324] PSXM
[00:44:00] [181/324] MCGP
[00:44:01] [182/324] PDDK
[00:44:02] [183/324] SPCK
[00:44:03] [184/324] MCRL
[00:44:04] [185/324] MHKT
[00:44:04] [186/324] ANRR
[00:44:05] [187/324] SAPK
[00:44:06] [188/324] NCUK
[00:44:07] [189/324] JUGA
[00:44:07] [190/324] DBSC
[00:44:08] [191/324] LALK
[00:44:09] [192/324] GUCK
[00:44:10] [193/324] STSG
[00:44:11] [194/324] PPPZ
[00:44:12] [195/324] CNCY
[00:44:12] [196/324] MTAR
[00:44:13] [197/324] VNKD
[00:44:14] [198/324] KMAJ
[00:44:15] [199/324] ACXK
[00:44:17] [200/324] UTKC
[00:44:17] [201/324] PBLK
[00:44:19] [202/324] ACBX
[00:44:19] [203/324] PTGM
[00:44:20] [204/324] BTDA
[00:44:21] [205/324] PJMB
[00:44:22] [206/324] TPDA
[00:44:23] [207/324] AMOE
[00:44:24] [208/324] PRHT
[00:44:24] [209/324] PRTA
[00:44:26] [210/324] STAM
[00:44:27] [211/324] MSAA
[00:44:28] [212/324] SDLU
[00:44:29] [213/324] RCHH
[00:44:29] [214/324] KANT
[00:44:30] [215/324] FCRT
[00:44:31] [216/324] DNKM
[00:44:32] [217/324] RYCP
[00:44:33] [218/324] MYRP
[00:44:33] [219/324] PPAK
[00:44:34] [220/324] NVPK
[00:44:36] [221/324] PRMC
[00:44:37] [222/324] JBCS
[00:44:38] [223/324] GXCK
[00:44:39] [224/324] USKO
[00:44:39] [225/324] GTEM
[00:44:40] [226/324] SMBU
[00:44:41] [227/324] VETC
[00:44:42] [228/324] LCDA
[00:44:43] [229/324] MTVT
[00:44:44] [230/324] PYCP
[00:44:44] [231/324] PNSC
[00:44:45] [232/324] PPCC
[00:44:47] [233/324] TGRT
[00:44:48] [234/324] JYOT
[00:44:49] [235/324] SRCZ
[00:44:50] [236/324] SJTE
[00:44:50] [237/324] DESC
[00:44:51] [238/324] JHVN
[00:44:52] [239/324] IPSG
[00:44:53] [240/324] IPCM
[00:44:54] [241/324] PDRS
[00:44:55] [242/324] ANCV
[00:44:57] [243/324] CMVV
[00:44:58] [244/324] SHYP
[00:44:59] [245/324] DNCS
[00:45:00] [246/324] GAJK
[00:45:01] [247/324] AKTN
[00:45:01] [248/324] KAYA
[00:45:02] [249/324] SBRC
[00:45:04] [250/324] CHTP
[00:45:04] [251/324] SHRT
[00:45:06] [252/324] BCKU
[00:45:07] [253/324] FCPS
[00:45:08] [254/324] ARDD
[00:45:08] [255/324] CPCM
[00:45:09] [256/324] CGSM
[00:45:10] [257/324] PSMP
[00:45:11] [258/324] SDAL
[00:45:12] [259/324] RTNB
[00:45:13] [260/324] LMCR
[00:45:14] [261/324] CIMA
[00:45:15] [262/324] RNAS
[00:45:16] [263/324] LITH
[00:45:17] [264/324] PBOX
[00:45:18] [265/324] FRTS
[00:45:19] [266/324] RKIC
[00:45:20] [267/324] PTAI
[00:45:21] [268/324] GCIC
[00:45:22] [269/324] FNAS
[00:45:22] [270/324] SCAR
[00:45:23] [271/324] MTCA
[00:45:24] [272/324] SCTS
[00:45:25] [273/324] SYCS
[00:45:26] [274/324] RDMS
[00:45:27] [275/324] KAMP
[00:45:29] [276/324] ERSD
[00:45:29] [277/324] MJMJ
[00:45:30] [278/324] SRCJ
[00:45:32] [279/324] SCXE
[00:45:33] [280/324] SVFR
[00:45:34] [281/324] BHCS
[00:45:35] [282/324] IMCC
[00:45:36] [283/324] PCBO
[00:45:36] [284/324] PRVN
[00:45:37] [285/324] AUPM
[00:45:38] [286/324] INBW
[00:45:39] [287/324] SVCW
[00:45:40] [288/324] RKCF
[00:45:40] [289/324] UVBH
[00:45:42] [290/324] DNCY
[00:45:43] [291/324] ABCN
[00:45:44] [292/324] PRUR
[00:45:45] [293/324] PFMR
[00:45:45] [294/324] RKCN
[00:45:46] [295/324] CFEA
[00:45:48] [296/324] SDBG
[00:45:49] [297/324] SNAR
[00:45:50] [298/324] YISI
[00:45:51] [299/324] JCFF
[00:45:52] [300/324] VTRK
[00:45:52] [301/324] PCLZ
[00:45:53] [302/324] DIMY
[00:45:54] [303/324] BBTS
[00:45:55] [304/324] GATH
[00:45:56] [305/324] GTMN
[00:45:57] [306/324] VTMH
[00:45:58] [307/324] CCKP
[00:45:58] [308/324] GPKA
[00:45:59] [309/324] MHCL
[00:46:00] [310/324] ATCL
[00:46:01] [311/324] SBCK
[00:46:03] [312/324] AMMR
[00:46:04] [313/324] MADC
[00:46:05] [314/324] TMMA
[00:46:05] [315/324] CACC
[00:46:06] [316/324] CHAL
[00:46:07] [317/324] DURG
[00:46:08] [318/324] GMKU
[00:46:08] [319/324] GECA
[00:46:09] [320/324] KYRR
[00:46:10] [321/324] KSDE
[00:46:11] [322/324] LMCI
[00:46:12] [323/324] NKCP
[00:46:12] [324/324] BGTC
[00:46:13] ✅ DONE | Shows=4 | Movies=1
[01:44:05] 🚀 BMS DAILY TRACKER STARTED
[01:44:05] [1/324] GCTA
[01:44:06] 🧠 New identity
[01:44:07] [2/324] TOPN
[01:44:08] [3/324] MCUS
[01:44:09] [4/324] SHRL
[01:44:10] [5/324] UPTP
[01:44:11] [6/324] TMMP
[01:44:11] [7/324] DNRP
[01:44:12] [8/324] SRLT
[01:44:13] [9/324] RCNS
[01:44:14] [10/324] DCBH
[01:44:15] [11/324] NAGJ
[01:44:16] [12/324] JVRC
[01:44:16] [13/324] KRJG
[01:44:17] [14/324] SRTJ
[01:44:18] [15/324] CMXM
[01:44:19] [16/324] STMI
[01:44:20] [17/324] SLST
[01:44:20] [18/324] DTCN
[01:44:21] [19/324] STYN
[01:44:22] [20/324] SZVR
[01:44:23] [21/324] SRKO
[01:44:24] [22/324] JTGT
[01:44:24] [23/324] SVFD
[01:44:25] [24/324] SISD
[01:44:26] [25/324] ABDD
[01:44:27] [26/324] DRCA
[01:44:28] [27/324] AVCS
[01:44:29] [28/324] MVKH
[01:44:30] [29/324] ACPR
[01:44:30] [30/324] STIP
[01:44:31] [31/324] MTRA
[01:44:32] [32/324] RMKH
[01:44:33] [33/324] NKRL
[01:44:34] [34/324] PCWN
[01:44:35] [35/324] BLMT
[01:44:36] [36/324] GDPG
[01:44:38] [37/324] SRMX
[01:44:39] [38/324] JACP
[01:44:40] [39/324] CPSH
[01:44:41] [40/324] MCCD
[01:44:42] [41/324] ECGH
[01:44:43] [42/324] MKCK
[01:44:44] [43/324] SRMM
[01:44:44] [44/324] SKYR
[01:44:45] [45/324] PCKC
[01:44:46] [46/324] JCMA
[01:44:48] [47/324] BSMP
[01:44:49] [48/324] VSPA
[01:44:51] [49/324] DJYA
[01:44:52] [50/324] DIMP
[01:44:53] [51/324] FXDR
[01:44:53] [52/324] SSRC
[01:44:54] [53/324] STHP
[01:44:55] [54/324] CPPD
[01:44:56] [55/324] FCLK
[01:44:57] [56/324] SCPP
[01:44:58] [57/324] DCMJ
[01:44:59] [58/324] RCCR
[01:45:01] [59/324] INMT
[01:45:01] [60/324] LXTK
[01:45:02] [61/324] SRYK
[01:45:03] [62/324] SGDK
[01:45:05] [63/324] PPKA
[01:45:06] [64/324] SPKA
[01:45:07] [65/324] CGHH
[01:45:08] [66/324] DCJN
[01:45:09] [67/324] SRKV
[01:45:10] [68/324] SAJC
[01:45:11] [69/324] SUSR
[01:45:12] [70/324] STYG
[01:45:13] [71/324] NTKP
[01:45:14] [72/324] AKTG
[01:45:15] [73/324] CGCM
[01:45:16] [74/324] TULC
[01:45:16] [75/324] NYYZ
[01:45:17] [76/324] NYBW
[01:45:18] [77/324] MACB
[01:45:19] [78/324] SLVT
[01:45:20] [79/324] SANA
[01:45:20] [80/324] ACMR
[01:45:22] [81/324] CPKN
[01:45:23] [82/324] DLGK
[01:45:24] [83/324] CWCK
[01:45:26] [84/324] FDDH
[01:45:27] [85/324] MMMD
[01:45:28] [86/324] CMEH
[01:45:28] [87/324] GGGV
[01:45:29] [88/324] SPJL
[01:45:30] [89/324] RCCD
[01:45:31] [90/324] STTZ
[01:45:32] [91/324] BTCF
[01:45:32] [92/324] TSTZ
[01:45:33] [93/324] IPMM
[01:45:34] [94/324] PMPW
[01:45:35] [95/324] PCMZ
[01:45:36] [96/324] ESEM
[01:45:38] [97/324] PIPO
[01:45:39] [98/324] MATK
[01:45:40] [99/324] PGHM
[01:45:41] [100/324] CTSR
[01:45:41] [101/324] CYKR
[01:45:42] [102/324] MSCM
[01:45:43] [103/324] RFNP
[01:45:44] [104/324] PDCP
[01:45:45] [105/324] NPSE
[01:45:46] [106/324] MKML
[01:45:47] [107/324] FTDP
[01:45:48] [108/324] MMXA
[01:45:49] [109/324] CEPO
[01:45:50] [110/324] CMVP
[01:45:50] [111/324] SGTH
[01:45:51] [112/324] SAYN
[01:45:52] [113/324] URVS
[01:45:53] [114/324] VJTN
[01:45:54] [115/324] BBYK
[01:45:55] [116/324] SHBO
[01:45:55] [117/324] VCMR
[01:45:56] [118/324] MACT
[01:45:57] [119/324] JMNP
[01:45:58] [120/324] VICS
[01:45:59] [121/324] VCDA
[01:46:00] [122/324] GCMM
[01:46:01] [123/324] INVS
[01:46:01] [124/324] SCGM
[01:46:02] [125/324] PCDA
[01:46:03] [126/324] KDCT
[01:46:04] [127/324] JACS
[01:46:05] [128/324] GMMC
[01:46:06] [129/324] AICM
[01:46:06] [130/324] TJCM
[01:46:07] [131/324] RMTI
[01:46:08] [132/324] SHAC
[01:46:09] [133/324] APJC
[01:46:10] [134/324] GCTG
[01:46:11] [135/324] SSMC
[01:46:12] [136/324] THRM
[01:46:12] [137/324] RBCT
[01:46:13] [138/324] DIKT
[01:46:14] [139/324] MIDL
[01:46:16] [140/324] VCSN
[01:46:16] [141/324] SKTG
[01:46:18] [142/324] SMWC
[01:46:19] [143/324] MNKH
[01:46:19] [144/324] PIAT
[01:46:20] [145/324] LTTP
[01:46:21] [146/324] PTPU
[01:46:23] [147/324] ACMG
[01:46:24] [148/324] SHMM
[01:46:25] [149/324] MCMN
[01:46:25] [150/324] GLDC
[01:46:26] [151/324] HOUT
[01:46:27] [152/324] SVRP
[01:46:28] [153/324] PVDN
[01:46:29] [154/324] SCPY
[01:46:30] [155/324] DTPY
[01:46:31] [156/324] GKCS
[01:46:32] [157/324] NCAM
[01:46:33] [158/324] BSRM
[01:46:34] [159/324] RCLC
[01:46:35] [160/324] SKKD
[01:46:35] [161/324] ACHU
[01:46:36] [162/324] RSCF
[01:46:37] [163/324] IMSH
[01:46:38] [164/324] MACX
[01:46:39] [165/324] HMMW
[01:46:39] [166/324] JTCP
[01:46:40] [167/324] SREN
[01:46:41] [168/324] PJRR
[01:46:43] [169/324] INAC
[01:46:43] [170/324] BMCA
[01:46:44] [171/324] SHCB
[01:46:45] [172/324] GABA
[01:46:47] [173/324] SBCT
[01:46:47] [174/324] GCMA
[01:46:48] [175/324] MYTK
[01:46:49] [176/324] INZS
[01:46:50] [177/324] RMIK
[01:46:51] [178/324] NYCH
[01:46:52] [179/324] RAVE
[01:46:53] [180/324] PSXM
[01:46:53] [181/324] MCGP
[01:46:54] [182/324] PDDK
[01:46:55] [183/324] SPCK
[01:46:56] [184/324] MCRL
[01:46:57] [185/324] MHKT
[01:46:58] [186/324] ANRR
[01:47:00] [187/324] SAPK
[01:47:00] [188/324] NCUK
[01:47:01] [189/324] JUGA
[01:47:02] [190/324] DBSC
[01:47:03] [191/324] LALK
[01:47:04] [192/324] GUCK
[01:47:05] [193/324] STSG
[01:47:05] [194/324] PPPZ
[01:47:06] [195/324] CNCY
[01:47:07] [196/324] MTAR
[01:47:08] [197/324] VNKD
[01:47:10] [198/324] KMAJ
[01:47:11] [199/324] ACXK
[01:47:12] [200/324] UTKC
[01:47:13] [201/324] PBLK
[01:47:14] [202/324] ACBX
[01:47:15] [203/324] PTGM
[01:47:16] [204/324] BTDA
[01:47:16] [205/324] PJMB
[01:47:17] [206/324] TPDA
[01:47:18] [207/324] AMOE
[01:47:19] [208/324] PRHT
[01:47:20] [209/324] PRTA
[01:47:21] [210/324] STAM
[01:47:22] [211/324] MSAA
[01:47:23] [212/324] SDLU
[01:47:24] [213/324] RCHH
[01:47:25] [214/324] KANT
[01:47:25] [215/324] FCRT
[01:47:26] [216/324] DNKM
[01:47:27] [217/324] RYCP
[01:47:28] [218/324] MYRP
[01:47:29] [219/324] PPAK
[01:47:30] [220/324] NVPK
[01:47:31] [221/324] PRMC
[01:47:32] [222/324] JBCS
[01:47:33] [223/324] GXCK
[01:47:34] [224/324] USKO
[01:47:35] [225/324] GTEM
[01:47:35] [226/324] SMBU
[01:47:36] [227/324] VETC
[01:47:37] [228/324] LCDA
[01:47:38] [229/324] MTVT
[01:47:39] [230/324] PYCP
[01:47:40] [231/324] PNSC
[01:47:41] [232/324] PPCC
[01:47:42] [233/324] TGRT
[01:47:43] [234/324] JYOT
[01:47:44] [235/324] SRCZ
[01:47:45] [236/324] SJTE
[01:47:46] [237/324] DESC
[01:47:46] [238/324] JHVN
[01:47:47] [239/324] IPSG
[01:47:48] [240/324] IPCM
[01:47:49] [241/324] PDRS
[01:47:50] [242/324] ANCV
[01:47:51] [243/324] CMVV
[01:47:52] [244/324] SHYP
[01:47:53] [245/324] DNCS
[01:47:53] [246/324] GAJK
[01:47:54] [247/324] AKTN
[01:47:55] [248/324] KAYA
[01:47:56] [249/324] SBRC
[01:47:57] [250/324] CHTP
[01:47:58] [251/324] SHRT
[01:47:59] [252/324] BCKU
[01:47:59] [253/324] FCPS
[01:48:00] [254/324] ARDD
[01:48:01] [255/324] CPCM
[01:48:03] [256/324] CGSM
[01:48:04] [257/324] PSMP
[01:48:05] [258/324] SDAL
[01:48:05] [259/324] RTNB
[01:48:06] [260/324] LMCR
[01:48:08] [261/324] CIMA
[01:48:09] [262/324] RNAS
[01:48:09] [263/324] LITH
[01:48:10] [264/324] PBOX
[01:48:11] [265/324] FRTS
[01:48:12] [266/324] RKIC
[01:48:13] [267/324] PTAI
[01:48:14] [268/324] GCIC
[01:48:15] [269/324] FNAS
[01:48:17] [270/324] SCAR
[01:48:17] [271/324] MTCA
[01:48:18] [272/324] SCTS
[01:48:19] [273/324] SYCS
[01:48:20] [274/324] RDMS
[01:48:21] [275/324] KAMP
[01:48:22] [276/324] ERSD
[01:48:23] [277/324] MJMJ
[01:48:24] [278/324] SRCJ
[01:48:25] [279/324] SCXE
[01:48:26] [280/324] SVFR
[01:48:27] [281/324] BHCS
[01:48:28] [282/324] IMCC
[01:48:29] [283/324] PCBO
[01:48:30] [284/324] PRVN
[01:48:31] [285/324] AUPM
[01:48:32] [286/324] INBW
[01:48:33] [287/324] SVCW
[01:48:34] [288/324] RKCF
[01:48:35] [289/324] UVBH
[01:48:36] [290/324] DNCY
[01:48:36] [291/324] ABCN
[01:48:37] [292/324] PRUR
[01:48:38] [293/324] PFMR
[01:48:39] [294/324] RKCN
[01:48:40] [295/324] CFEA
[01:48:41] [296/324] SDBG
[01:48:42] [297/324] SNAR
[01:48:43] [298/324] YISI
[01:48:44] [299/324] JCFF
[01:48:45] [300/324] VTRK
[01:48:46] [301/324] PCLZ
[01:48:47] [302/324] DIMY
[01:48:48] [303/324] BBTS
[01:48:49] [304/324] GATH
[01:48:50] [305/324] GTMN
[01:48:51] [306/324] VTMH
[01:48:52] [307/324] CCKP
[01:48:52] [308/324] GPKA
[01:48:54] [309/324] MHCL
[01:48:55] [310/324] ATCL
[01:48:57] [311/324] SBCK
[01:48:58] [312/324] AMMR
[01:48:59] [313/324] MADC
[01:48:59] [314/324] TMMA
[01:49:00] [315/324] CACC
[01:49:01] [316/324] CHAL
[01:49:02] [317/324] DURG
[01:49:03] [318/324] GMKU
[01:49:04] [319/324] GECA
[01:49:04] [320/324] KYRR
[01:49:05] [321/324] KSDE
[01:49:06] [322/324] LMCI
[01:49:07] [323/324] NKCP
[01:49:08] [324/324] BGTC
[01:49:09] ✅ DONE | Shows=4 | Movies=1
[02:42:06] 🚀 BMS DAILY TRACKER STARTED
[02:42:06] [1/324] GCTA
[02:42:06] 🧠 New identity
[02:42:08] [2/324] TOPN
[02:42:08] [3/324] MCUS
[02:42:09] [4/324] SHRL
[02:42:10] [5/324] UPTP
[02:42:11] [6/324] TMMP
[02:42:13] [7/324] DNRP
[02:42:14] [8/324] SRLT
[02:42:14] [9/324] RCNS
[02:42:16] [10/324] DCBH
[02:42:17] [11/324] NAGJ
[02:42:18] [12/324] JVRC
[02:42:18] [13/324] KRJG
[02:42:19] [14/324] SRTJ
[02:42:20] [15/324] CMXM
[02:42:21] [16/324] STMI
[02:42:22] [17/324] SLST
[02:42:23] [18/324] DTCN
[02:42:24] [19/324] STYN
[02:42:25] [20/324] SZVR
[02:42:25] [21/324] SRKO
[02:42:26] [22/324] JTGT
[02:42:27] [23/324] SVFD
[02:42:28] [24/324] SISD
[02:42:29] [25/324] ABDD
[02:42:29] [26/324] DRCA
[02:42:30] [27/324] AVCS
[02:42:31] [28/324] MVKH
[02:42:32] [29/324] ACPR
[02:42:33] [30/324] STIP
[02:42:34] [31/324] MTRA
[02:42:35] [32/324] RMKH
[02:42:36] [33/324] NKRL
[02:42:37] [34/324] PCWN
[02:42:38] [35/324] BLMT
[02:42:39] [36/324] GDPG
[02:42:40] [37/324] SRMX
[02:42:41] [38/324] JACP
[02:42:42] [39/324] CPSH
[02:42:43] [40/324] MCCD
[02:42:44] [41/324] ECGH
[02:42:44] [42/324] MKCK
[02:42:45] [43/324] SRMM
[02:42:46] [44/324] SKYR
[02:42:47] [45/324] PCKC
[02:42:49] [46/324] JCMA
[02:42:49] [47/324] BSMP
[02:42:51] [48/324] VSPA
[02:42:53] [49/324] DJYA
[02:42:53] [50/324] DIMP
[02:42:54] [51/324] FXDR
[02:42:55] [52/324] SSRC
[02:42:56] [53/324] STHP
[02:42:57] [54/324] CPPD
[02:42:58] [55/324] FCLK
[02:42:59] [56/324] SCPP
[02:43:00] [57/324] DCMJ
[02:43:01] [58/324] RCCR
[02:43:02] [59/324] INMT
[02:43:02] [60/324] LXTK
[02:43:03] [61/324] SRYK
[02:43:04] [62/324] SGDK
[02:43:05] [63/324] PPKA
[02:43:06] [64/324] SPKA
[02:43:07] [65/324] CGHH
[02:43:07] [66/324] DCJN
[02:43:08] [67/324] SRKV
[02:43:09] [68/324] SAJC
[02:43:10] [69/324] SUSR
[02:43:11] [70/324] STYG
[02:43:12] [71/324] NTKP
[02:43:13] [72/324] AKTG
[02:43:14] [73/324] CGCM
[02:43:15] [74/324] TULC
[02:43:16] [75/324] NYYZ
[02:43:17] [76/324] NYBW
[02:43:18] [77/324] MACB
[02:43:19] [78/324] SLVT
[02:43:20] [79/324] SANA
[02:43:21] [80/324] ACMR
[02:43:21] [81/324] CPKN
[02:43:22] [82/324] DLGK
[02:43:23] [83/324] CWCK
[02:43:24] [84/324] FDDH
[02:43:25] [85/324] MMMD
[02:43:26] [86/324] CMEH
[02:43:27] [87/324] GGGV
[02:43:29] [88/324] SPJL
[02:43:30] [89/324] RCCD
[02:43:31] [90/324] STTZ
[02:43:32] [91/324] BTCF
[02:43:33] [92/324] TSTZ
[02:43:34] [93/324] IPMM
[02:43:35] [94/324] PMPW
[02:43:37] [95/324] PCMZ
[02:43:38] [96/324] ESEM
[02:43:39] [97/324] PIPO
[02:43:39] [98/324] MATK
[02:43:40] [99/324] PGHM
[02:43:41] [100/324] CTSR
[02:43:42] [101/324] CYKR
[02:43:43] [102/324] MSCM
[02:43:44] [103/324] RFNP
[02:43:45] [104/324] PDCP
[02:43:46] [105/324] NPSE
[02:43:46] [106/324] MKML
[02:43:47] [107/324] FTDP
[02:43:48] [108/324] MMXA
[02:43:49] [109/324] CEPO
[02:43:50] [110/324] CMVP
[02:43:51] [111/324] SGTH
[02:43:51] [112/324] SAYN
[02:43:52] [113/324] URVS
[02:43:53] [114/324] VJTN
[02:43:55] [115/324] BBYK
[02:43:55] [116/324] SHBO
[02:43:57] [117/324] VCMR
[02:43:57] [118/324] MACT
[02:43:58] [119/324] JMNP
[02:43:59] [120/324] VICS
[02:44:00] [121/324] VCDA
[02:44:01] [122/324] GCMM
[02:44:02] [123/324] INVS
[02:44:02] [124/324] SCGM
[02:44:03] [125/324] PCDA
[02:44:04] [126/324] KDCT
[02:44:05] [127/324] JACS
[02:44:05] [128/324] GMMC
[02:44:06] [129/324] AICM
[02:44:07] [130/324] TJCM
[02:44:08] [131/324] RMTI
[02:44:09] [132/324] SHAC
[02:44:10] [133/324] APJC
[02:44:11] [134/324] GCTG
[02:44:12] [135/324] SSMC
[02:44:13] [136/324] THRM
[02:44:14] [137/324] RBCT
[02:44:14] [138/324] DIKT
[02:44:15] [139/324] MIDL
[02:44:16] [140/324] VCSN
[02:44:17] [141/324] SKTG
[02:44:18] [142/324] SMWC
[02:44:18] [143/324] MNKH
[02:44:19] [144/324] PIAT
[02:44:21] [145/324] LTTP
[02:44:22] [146/324] PTPU
[02:44:23] [147/324] ACMG
[02:44:24] [148/324] SHMM
[02:44:25] [149/324] MCMN
[02:44:26] [150/324] GLDC
[02:44:27] [151/324] HOUT
[02:44:28] [152/324] SVRP
[02:44:29] [153/324] PVDN
[02:44:30] [154/324] SCPY
[02:44:31] [155/324] DTPY
[02:44:31] [156/324] GKCS
[02:44:32] [157/324] NCAM
[02:44:33] [158/324] BSRM
[02:44:34] [159/324] RCLC
[02:44:35] [160/324] SKKD
[02:44:36] [161/324] ACHU
[02:44:37] [162/324] RSCF
[02:44:38] [163/324] IMSH
[02:44:39] [164/324] MACX
[02:44:40] [165/324] HMMW
[02:44:41] [166/324] JTCP
[02:44:41] [167/324] SREN
[02:44:42] [168/324] PJRR
[02:44:43] [169/324] INAC
[02:44:44] [170/324] BMCA
[02:44:45] [171/324] SHCB
[02:44:46] [172/324] GABA
[02:44:47] [173/324] SBCT
[02:44:48] [174/324] GCMA
[02:44:49] [175/324] MYTK
[02:44:50] [176/324] INZS
[02:44:51] [177/324] RMIK
[02:44:52] [178/324] NYCH
[02:44:52] [179/324] RAVE
[02:44:53] [180/324] PSXM
[02:44:55] [181/324] MCGP
[02:44:56] [182/324] PDDK
[02:44:57] [183/324] SPCK
[02:44:57] [184/324] MCRL
[02:44:58] [185/324] MHKT
[02:44:59] [186/324] ANRR
[02:44:59] [187/324] SAPK
[02:45:00] [188/324] NCUK
[02:45:01] [189/324] JUGA
[02:45:02] [190/324] DBSC
[02:45:03] [191/324] LALK
[02:45:04] [192/324] GUCK
[02:45:04] [193/324] STSG
[02:45:06] [194/324] PPPZ
[02:45:07] [195/324] CNCY
[02:45:08] [196/324] MTAR
[02:45:08] [197/324] VNKD
[02:45:09] [198/324] KMAJ
[02:45:10] [199/324] ACXK
[02:45:11] [200/324] UTKC
[02:45:12] [201/324] PBLK
[02:45:13] [202/324] ACBX
[02:45:14] [203/324] PTGM
[02:45:15] [204/324] BTDA
[02:45:16] [205/324] PJMB
[02:45:17] [206/324] TPDA
[02:45:17] [207/324] AMOE
[02:45:18] [208/324] PRHT
[02:45:19] [209/324] PRTA
[02:45:20] [210/324] STAM
[02:45:21] [211/324] MSAA
[02:45:22] [212/324] SDLU
[02:45:22] [213/324] RCHH
[02:45:23] [214/324] KANT
[02:45:24] [215/324] FCRT
[02:45:25] [216/324] DNKM
[02:45:26] [217/324] RYCP
[02:45:27] [218/324] MYRP
[02:45:28] [219/324] PPAK
[02:45:28] [220/324] NVPK
[02:45:29] [221/324] PRMC
[02:45:30] [222/324] JBCS
[02:45:31] [223/324] GXCK
[02:45:32] [224/324] USKO
[02:45:33] [225/324] GTEM
[02:45:34] [226/324] SMBU
[02:45:34] [227/324] VETC
[02:45:35] [228/324] LCDA
[02:45:36] [229/324] MTVT
[02:45:37] [230/324] PYCP
[02:45:38] [231/324] PNSC
[02:45:38] [232/324] PPCC
[02:45:39] [233/324] TGRT
[02:45:41] [234/324] JYOT
[02:45:42] [235/324] SRCZ
[02:45:42] [236/324] SJTE
[02:45:43] [237/324] DESC
[02:45:44] [238/324] JHVN
[02:45:45] [239/324] IPSG
[02:45:46] [240/324] IPCM
[02:45:47] [241/324] PDRS
[02:45:48] [242/324] ANCV
[02:45:49] [243/324] CMVV
[02:45:49] [244/324] SHYP
[02:45:50] [245/324] DNCS
[02:45:51] [246/324] GAJK
[02:45:52] [247/324] AKTN
[02:45:53] [248/324] KAYA
[02:45:54] [249/324] SBRC
[02:45:56] [250/324] CHTP
[02:45:57] [251/324] SHRT
[02:45:58] [252/324] BCKU
[02:45:59] [253/324] FCPS
[02:46:00] [254/324] ARDD
[02:46:00] [255/324] CPCM
[02:46:01] [256/324] CGSM
[02:46:02] [257/324] PSMP
[02:46:03] [258/324] SDAL
[02:46:04] [259/324] RTNB
[02:46:05] [260/324] LMCR
[02:46:05] [261/324] CIMA
[02:46:06] [262/324] RNAS
[02:46:08] [263/324] LITH
[02:46:08] [264/324] PBOX
[02:46:09] [265/324] FRTS
[02:46:10] [266/324] RKIC
[02:46:11] [267/324] PTAI
[02:46:12] [268/324] GCIC
[02:46:13] [269/324] FNAS
[02:46:14] [270/324] SCAR
[02:46:15] [271/324] MTCA
[02:46:15] [272/324] SCTS
[02:46:16] [273/324] SYCS
[02:46:17] [274/324] RDMS
[02:46:18] [275/324] KAMP
[02:46:19] [276/324] ERSD
[02:46:20] [277/324] MJMJ
[02:46:21] [278/324] SRCJ
[02:46:21] [279/324] SCXE
[02:46:22] [280/324] SVFR
[02:46:23] [281/324] BHCS
[02:46:24] [282/324] IMCC
[02:46:24] [283/324] PCBO
[02:46:25] [284/324] PRVN
[02:46:26] [285/324] AUPM
[02:46:28] [286/324] INBW
[02:46:29] [287/324] SVCW
[02:46:30] [288/324] RKCF
[02:46:30] [289/324] UVBH
[02:46:31] [290/324] DNCY
[02:46:32] [291/324] ABCN
[02:46:33] [292/324] PRUR
[02:46:34] [293/324] PFMR
[02:46:35] [294/324] RKCN
[02:46:35] [295/324] CFEA
[02:46:36] [296/324] SDBG
[02:46:37] [297/324] SNAR
[02:46:38] [298/324] YISI
[02:46:39] [299/324] JCFF
[02:46:40] [300/324] VTRK
[02:46:41] [301/324] PCLZ
[02:46:41] [302/324] DIMY
[02:46:42] [303/324] BBTS
[02:46:43] [304/324] GATH
[02:46:44] [305/324] GTMN
[02:46:45] [306/324] VTMH
[02:46:45] [307/324] CCKP
[02:46:46] [308/324] GPKA
[02:46:48] [309/324] MHCL
[02:46:49] [310/324] ATCL
[02:46:50] [311/324] SBCK
[02:46:51] [312/324] AMMR
[02:46:52] [313/324] MADC
[02:46:52] [314/324] TMMA
[02:46:53] [315/324] CACC
[02:46:55] [316/324] CHAL
[02:46:56] [317/324] DURG
[02:46:57] [318/324] GMKU
[02:46:58] [319/324] GECA
[02:46:59] [320/324] KYRR
[02:47:00] [321/324] KSDE
[02:47:01] [322/324] LMCI
[02:47:02] [323/324] NKCP
[02:47:03] [324/324] BGTC
[02:47:04] ✅ DONE | Shows=4 | Movies=1
