[00:40:58] 🚀 BMS DAILY TRACKER STARTED
[00:40:58] [1/459] FNDB
[00:40:58] 🧠 New identity
[00:40:59] [2/459] AMBH
[00:41:00] [3/459] PRHN
[00:41:02] [4/459] ACPM
[00:41:02] [5/459] PVFS
[00:41:03] [6/459] AACN
[00:41:04] [7/459] ACAS
[00:41:05] [8/459] CTNR
[00:41:06] [9/459] MMAH
[00:41:07] [10/459] CPMH
[00:41:08] [11/459] IGMH
[00:41:09] [12/459] ABCS
[00:41:09] [13/459] CMMA
[00:41:10] [14/459] GPRH
[00:41:11] [15/459] PNNG
[00:41:12] [16/459] AMCA
[00:41:13] [17/459] ISTN
[00:41:14] [18/459] PIIC
[00:41:14] [19/459] AHMH
[00:41:15] [20/459] ASHN
[00:41:16] [21/459] INHY
[00:41:17] [22/459] SRMO
[00:41:18] [23/459] PIMH
[00:41:19] [24/459] PVTS
[00:41:20] [25/459] MMCA
[00:41:20] [26/459] AKYJ
[00:41:21] [27/459] BRKH
[00:41:22] [28/459] MAHM
[00:41:23] [29/459] CPHY
[00:41:24] [30/459] PVTP
[00:41:25] [31/459] SMMR
[00:41:26] [32/459] PVHM
[00:41:27] [33/459] SNDY
[00:41:28] [34/459] GOKU
[00:41:29] [35/459] ACEV
[00:41:30] [36/459] PVUM
[00:41:31] [37/459] VSWA
[00:41:32] [38/459] IPRS
[00:41:33] [39/459] ASGN
[00:41:35] [40/459] BKMV
[00:41:36] [41/459] PVYH
[00:41:37] [42/459] INKM
[00:41:38] [43/459] ARJU
[00:41:39] [44/459] JJPP
[00:41:40] [45/459] SSRM
[00:41:40] [46/459] HMHD
[00:41:41] [47/459] SNKH
[00:41:42] [48/459] ACHI
[00:41:43] [49/459] MRAA
[00:41:44] [50/459] INMH
[00:41:44] [51/459] ARMH
[00:41:45] [52/459] DVRR
[00:41:46] [53/459] SUDA
[00:41:48] [54/459] MCSS
[00:41:49] [55/459] VRKC
[00:41:50] [56/459] PRCX
[00:41:51] [57/459] ASJY
[00:41:52] [58/459] MTHY
[00:41:53] [59/459] SRCM
[00:41:54] [60/459] TVHY
[00:41:54] [61/459] STHD
[00:41:55] [62/459] CPCL
[00:41:56] [63/459] PSMJ
[00:41:57] [64/459] MRGT
[00:41:58] [65/459] ARYH
[00:41:59] [66/459] VTRB
[00:41:59] [67/459] SCHC
[00:42:00] [68/459] MRRG
[00:42:01] [69/459] SPCB
[00:42:02] [70/459] AMCM
[00:42:03] [71/459] IVNM
[00:42:04] [72/459] TRHY
[00:42:05] [73/459] PTTH
[00:42:07] [74/459] RKMH
[00:42:07] [75/459] PRCS
[00:42:08] [76/459] VAJA
[00:42:10] [77/459] BJNG
[00:42:11] [78/459] SCVM
[00:42:12] [79/459] GNHB
[00:42:13] [80/459] TLUR
[00:42:14] [81/459] UKCC
[00:42:15] [82/459] SRKR
[00:42:16] [83/459] RMKN
[00:42:17] [84/459] SLRT
[00:42:18] [85/459] LKMT
[00:42:19] [86/459] SSRJ
[00:42:20] [87/459] SPHT
[00:42:21] [88/459] ANTT
[00:42:22] [89/459] SRCH
[00:42:23] [90/459] SRCA
[00:42:24] [91/459] ARTH
[00:42:24] [92/459] MCBH
[00:42:25] [93/459] SNIB
[00:42:27] [94/459] SART
[00:42:28] [95/459] SKTA
[00:42:29] [96/459] YAKT
[00:42:29] [97/459] MLCK
[00:42:30] [98/459] ANTS
[00:42:32] [99/459] DGCA
[00:42:32] [100/459] SGMP
[00:42:33] [101/459] ASWN
[00:42:34] [102/459] KFVU
[00:42:35] [103/459] POOR
[00:42:36] [104/459] GKDN
[00:42:36] [105/459] EOSE
[00:42:37] [106/459] GTTT
[00:42:38] [107/459] ARRO
[00:42:39] [108/459] CMMK
[00:42:40] [109/459] MSCN
[00:42:41] [110/459] GDKH
[00:42:41] [111/459] DLMT
[00:42:42] [112/459] PVMF
[00:42:43] [113/459] CPCK
[00:42:44] [114/459] VMHE
[00:42:45] [115/459] PVLC
[00:42:46] [116/459] PCVB
[00:42:46] [117/459] SNYK
[00:42:47] [118/459] KTEK
[00:42:48] [119/459] PCNM
[00:42:49] [120/459] NTTR
[00:42:50] [121/459] CPSK
[00:42:50] [122/459] JMMA
[00:42:51] [123/459] GCFK
[00:42:53] [124/459] MYCA
[00:42:54] [125/459] KSNP
[00:42:56] [126/459] PMCE
[00:42:57] [127/459] SCKI
[00:42:58] [128/459] FSMA
[00:42:59] [129/459] CETA
[00:43:00] [130/459] MCIK
[00:43:01] [131/459] MYCR
[00:43:02] [132/459] EVMP
[00:43:03] [133/459] SSGT
[00:43:04] [134/459] KCTK
[00:43:05] [135/459] ZTKC
[00:43:06] [136/459] MMTA
[00:43:06] [137/459] MAJT
[00:43:07] [138/459] ACPK
[00:43:08] [139/459] JMAX
[00:43:09] [140/459] SETK
[00:43:10] [141/459] CAIS
[00:43:11] [142/459] AGCD
[00:43:12] [143/459] URCL
[00:43:13] [144/459] VTDS
[00:43:14] [145/459] JCNM
[00:43:15] [146/459] KCAM
[00:43:16] [147/459] ADCU
[00:43:17] [148/459] GXYN
[00:43:18] [149/459] SMJG
[00:43:18] [150/459] EYCJ
[00:43:19] [151/459] CCEJ
[00:43:20] [152/459] MARS
[00:43:21] [153/459] CPVJ
[00:43:22] [154/459] INVP
[00:43:23] [155/459] CPOV
[00:43:24] [156/459] VIJK
[00:43:25] [157/459] LAIM
[00:43:26] [158/459] STHV
[00:43:27] [159/459] SVLJ
[00:43:27] [160/459] ATVJ
[00:43:28] [161/459] JTSC
[00:43:29] [162/459] RMTV
[00:43:29] [163/459] MGGG
[00:43:30] [164/459] SWTH
[00:43:31] [165/459] INVJ
[00:43:32] [166/459] PRSV
[00:43:33] [167/459] JATV
[00:43:33] [168/459] RCVD
[00:43:34] [169/459] BDMA
[00:43:35] [170/459] BLJI
[00:43:36] [171/459] SWOT
[00:43:37] [172/459] SWRN
[00:43:38] [173/459] TVRA
[00:43:39] [174/459] VCSV
[00:43:40] [175/459] NVRN
[00:43:41] [176/459] SIKC
[00:43:41] [177/459] VAKR
[00:43:42] [178/459] SYLN
[00:43:43] [179/459] KLJL
[00:43:44] [180/459] LKMY
[00:43:44] [181/459] VSLY
[00:43:45] [182/459] CIKO
[00:43:46] [183/459] GPBG
[00:43:47] [184/459] CECM
[00:43:48] [185/459] SLKB
[00:43:50] [186/459] MTBO
[00:43:51] [187/459] SSHB
[00:43:52] [188/459] VPCS
[00:43:53] [189/459] RCSR
[00:43:53] [190/459] RJRM
[00:43:54] [191/459] KPPB
[00:43:55] [192/459] SEDC
[00:43:56] [193/459] SCAI
[00:43:57] [194/459] RMTR
[00:43:58] [195/459] ASST
[00:43:59] [196/459] GCAK
[00:43:59] [197/459] ANNK
[00:44:00] [198/459] KDDF
[00:44:01] [199/459] NRDP
[00:44:02] [200/459] PLAK
[00:44:04] [201/459] GCMC
[00:44:05] [202/459] ALPY
[00:44:05] [203/459] SICE
[00:44:07] [204/459] SISR
[00:44:08] [205/459] SRPZ
[00:44:09] [206/459] SRSW
[00:44:09] [207/459] SUYA
[00:44:10] [208/459] AMMT
[00:44:11] [209/459] BHCU
[00:44:12] [210/459] KLPA
[00:44:13] [211/459] NVKH
[00:44:14] [212/459] JMRC
[00:44:15] [213/459] KTTT
[00:44:16] [214/459] MAGH
[00:44:17] [215/459] MMMX
[00:44:18] [216/459] SALJ
[00:44:19] [217/459] GTJA
[00:44:20] [218/459] MAHT
[00:44:20] [219/459] SSNN
[00:44:21] [220/459] ARRP
[00:44:23] [221/459] ATNS
[00:44:24] [222/459] SKDT
[00:44:25] [223/459] ACAT
[00:44:25] [224/459] APRC
[00:44:26] [225/459] SWAG
[00:44:27] [226/459] SDPT
[00:44:28] [227/459] STPS
[00:44:29] [228/459] WWCZ
[00:44:30] [229/459] LLCH
[00:44:31] [230/459] MZHA
[00:44:31] [231/459] CRJG
[00:44:32] [232/459] JGTK
[00:44:34] [233/459] KCSR
[00:44:35] [234/459] CHTL
[00:44:36] [235/459] EDSR
[00:44:36] [236/459] CSWO
[00:44:37] [237/459] CPVM
[00:44:38] [238/459] MXBY
[00:44:39] [239/459] FMMA
[00:44:40] [240/459] POVI
[00:44:40] [241/459] MTHB
[00:44:41] [242/459] INRC
[00:44:42] [243/459] PIPP
[00:44:44] [244/459] BMXC
[00:44:45] [245/459] PCMM
[00:44:46] [246/459] PMKM
[00:44:47] [247/459] GATY
[00:44:48] [248/459] IMCM
[00:44:49] [249/459] POPE
[00:44:50] [250/459] MTCR
[00:44:51] [251/459] PVAE
[00:44:51] [252/459] PVMI
[00:44:52] [253/459] CPNM
[00:44:53] [254/459] FMRL
[00:44:54] [255/459] MCIW
[00:44:55] [256/459] MXBO
[00:44:56] [257/459] FMKY
[00:44:57] [258/459] FMDA
[00:44:58] [259/459] THAB
[00:44:59] [260/459] PRCW
[00:45:00] [261/459] PITI
[00:45:01] [262/459] MCFF
[00:45:02] [263/459] PDDV
[00:45:03] [264/459] MCRM
[00:45:04] [265/459] KKMB
[00:45:05] [266/459] INKO
[00:45:06] [267/459] PLXP
[00:45:07] [268/459] MMHA
[00:45:08] [269/459] FMVS
[00:45:09] [270/459] POLM
[00:45:09] [271/459] STER
[00:45:10] [272/459] PVWJ
[00:45:11] [273/459] IMJW
[00:45:12] [274/459] FNAN
[00:45:13] [275/459] CAGL
[00:45:14] [276/459] IPBG
[00:45:16] [277/459] SMFV
[00:45:17] [278/459] MMMR
[00:45:17] [279/459] MMWM
[00:45:18] [280/459] FNCM
[00:45:19] [281/459] MDVA
[00:45:20] [282/459] MMET
[00:45:21] [283/459] MIDO
[00:45:22] [284/459] INNP
[00:45:23] [285/459] MIFU
[00:45:25] [286/459] MMSZ
[00:45:25] [287/459] BMXA
[00:45:26] [288/459] MCAA
[00:45:27] [289/459] SCVP
[00:45:28] [290/459] PLUS
[00:45:29] [291/459] MUCK
[00:45:30] [292/459] MTMA
[00:45:31] [293/459] HPVR
[00:45:31] [294/459] PMPK
[00:45:32] [295/459] MAJB
[00:45:33] [296/459] CTRR
[00:45:34] [297/459] MCTG
[00:45:35] [298/459] MACE
[00:45:35] [299/459] AAAS
[00:45:36] [300/459] CPVV
[00:45:37] [301/459] RCHG
[00:45:38] [302/459] MCNE
[00:45:39] [303/459] EMNC
[00:45:40] [304/459] MCAN
[00:45:41] [305/459] TCDM
[00:45:42] [306/459] IRGT
[00:45:42] [307/459] GCMG
[00:45:43] [308/459] MXSN
[00:45:44] [309/459] MXCK
[00:45:44] [310/459] MCRC
[00:45:45] [311/459] RSMI
[00:45:46] [312/459] WAML
[00:45:47] [313/459] MTSC
[00:45:48] [314/459] FMDR
[00:45:48] [315/459] LEPV
[00:45:49] [316/459] MTGD
[00:45:50] [317/459] IMOB
[00:45:51] [318/459] CLMM
[00:45:52] [319/459] PZCD
[00:45:52] [320/459] GOCS
[00:45:53] [321/459] KCMA
[00:45:54] [322/459] CCMP
[00:45:55] [323/459] MTSU
[00:45:56] [324/459] SNGL
[00:45:57] [325/459] MMMC
[00:45:58] [326/459] MMAA
[00:45:58] [327/459] GCDM
[00:45:59] [328/459] KTMV
[00:46:00] [329/459] AETE
[00:46:01] [330/459] OMCS
[00:46:02] [331/459] GDCD
[00:46:03] [332/459] NYMD
[00:46:04] [333/459] RNCV
[00:46:05] [334/459] KKMT
[00:46:06] [335/459] GDTH
[00:46:07] [336/459] KMMV
[00:46:08] [337/459] NHCG
[00:46:09] [338/459] PJDW
[00:46:10] [339/459] MMCV
[00:46:11] [340/459] FQSA
[00:46:11] [341/459] KURL
[00:46:12] [342/459] NNNX
[00:46:13] [343/459] AMAU
[00:46:14] [344/459] VVVM
[00:46:15] [345/459] VECU
[00:46:16] [346/459] WCVR
[00:46:17] [347/459] MTGG
[00:46:17] [348/459] SGTG
[00:46:18] [349/459] MNTG
[00:46:19] [350/459] JDDG
[00:46:20] [351/459] MBTK
[00:46:21] [352/459] SGCD
[00:46:22] [353/459] MCTC
[00:46:24] [354/459] JTPC
[00:46:25] [355/459] SDKT
[00:46:26] [356/459] KRCC
[00:46:27] [357/459] RMMD
[00:46:28] [358/459] AAME
[00:46:29] [359/459] TMWC
[00:46:30] [360/459] NRWY
[00:46:31] [361/459] CITD
[00:46:32] [362/459] VERD
[00:46:33] [363/459] MKSK
[00:46:34] [364/459] STSM
[00:46:35] [365/459] MJDG
[00:46:36] [366/459] RKPM
[00:46:37] [367/459] SSCE
[00:46:38] [368/459] VMAE
[00:46:39] [369/459] SBRU
[00:46:40] [370/459] AMBC
[00:46:41] [371/459] AMLU
[00:46:42] [372/459] INVZ
[00:46:44] [373/459] LGTV
[00:46:44] [374/459] SVAD
[00:46:45] [375/459] SMSA
[00:46:46] [376/459] SPCZ
[00:46:47] [377/459] GTCX
[00:46:48] [378/459] SCSL
[00:46:48] [379/459] SAHU
[00:46:49] [380/459] NCDA
[00:46:50] [381/459] SCCG
[00:46:51] [382/459] VKTL
[00:46:52] [383/459] PUUJ
[00:46:53] [384/459] STEJ
[00:46:54] [385/459] RJAL
[00:46:55] [386/459] ACJC
[00:46:57] [387/459] VTHC
[00:46:58] [388/459] ARVB
[00:46:58] [389/459] AUBB
[00:46:59] [390/459] GDBR
[00:47:00] [391/459] PVND
[00:47:01] [392/459] BGRJ
[00:47:01] [393/459] RJMM
[00:47:02] [394/459] MCSA
[00:47:03] [395/459] BODA
[00:47:04] [396/459] JAGG
[00:47:06] [397/459] SCGA
[00:47:06] [398/459] LRCM
[00:47:07] [399/459] CPCN
[00:47:08] [400/459] SSTF
[00:47:10] [401/459] SRXP
[00:47:10] [402/459] CNFX
[00:47:11] [403/459] ANDI
[00:47:12] [404/459] SYEW
[00:47:13] [405/459] RCRE
[00:47:14] [406/459] SCRW
[00:47:14] [407/459] MBKR
[00:47:15] [408/459] ASNT
[00:47:16] [409/459] JTMT
[00:47:17] [410/459] SHAY
[00:47:18] [411/459] VRTH
[00:47:19] [412/459] SPTI
[00:47:20] [413/459] DPTD
[00:47:21] [414/459] TGSN
[00:47:22] [415/459] RCWV
[00:47:22] [416/459] OCUR
[00:47:23] [417/459] KSTC
[00:47:24] [418/459] SANI
[00:47:25] [419/459] MLCA
[00:47:26] [420/459] EGCA
[00:47:27] [421/459] SYSN
[00:47:28] [422/459] PKTA
[00:47:28] [423/459] PRCC
[00:47:29] [424/459] KSTR
[00:47:30] [425/459] SNTP
[00:47:31] [426/459] RCHA
[00:47:32] [427/459] SEEA
[00:47:33] [428/459] ALAT
[00:47:34] [429/459] AATV
[00:47:36] [430/459] RJTE
[00:47:37] [431/459] AAPP
[00:47:37] [432/459] PMMH
[00:47:39] [433/459] INRJ
[00:47:40] [434/459] SARB
[00:47:41] [435/459] PCJL
[00:47:42] [436/459] PFJJ
[00:47:43] [437/459] GRDC
[00:47:44] [438/459] BCBA
[00:47:45] [439/459] VIXL
[00:47:45] [440/459] CSTL
[00:47:46] [441/459] MTDK
[00:47:47] [442/459] TDAC
[00:47:48] [443/459] GTDN
[00:47:49] [444/459] TTDE
[00:47:50] [445/459] ASTS
[00:47:51] [446/459] CPNS
[00:47:51] [447/459] PVVW
[00:47:52] [448/459] USEB
[00:47:54] [449/459] DTYN
[00:47:55] [450/459] PVLE
[00:47:56] [451/459] CIPS
[00:47:57] [452/459] PAEG
[00:47:58] [453/459] PTCW
[00:47:58] [454/459] G3SR
[00:47:59] [455/459] PGND
[00:48:00] [456/459] INVM
[00:48:01] [457/459] SPIA
[00:48:02] [458/459] PCSN
[00:48:03] [459/459] PPGV
[00:48:04] ✅ DONE | Shows=17 | Movies=2
[01:44:02] 🚀 BMS DAILY TRACKER STARTED
[01:44:02] [1/459] FNDB
[01:44:02] 🧠 New identity
[01:44:03] [2/459] AMBH
[01:44:04] [3/459] PRHN
[01:44:05] [4/459] ACPM
[01:44:07] [5/459] PVFS
[01:44:08] [6/459] AACN
[01:44:09] [7/459] ACAS
[01:44:10] [8/459] CTNR
[01:44:11] [9/459] MMAH
[01:44:11] [10/459] CPMH
[01:44:12] [11/459] IGMH
[01:44:13] [12/459] ABCS
[01:44:14] [13/459] CMMA
[01:44:15] [14/459] GPRH
[01:44:16] [15/459] PNNG
[01:44:18] [16/459] AMCA
[01:44:18] [17/459] ISTN
[01:44:19] [18/459] PIIC
[01:44:20] [19/459] AHMH
[01:44:22] [20/459] ASHN
[01:44:23] [21/459] INHY
[01:44:24] [22/459] SRMO
[01:44:25] [23/459] PIMH
[01:44:25] [24/459] PVTS
[01:44:26] [25/459] MMCA
[01:44:27] [26/459] AKYJ
[01:44:28] [27/459] BRKH
[01:44:29] [28/459] MAHM
[01:44:30] [29/459] CPHY
[01:44:30] [30/459] PVTP
[01:44:31] [31/459] SMMR
[01:44:32] [32/459] PVHM
[01:44:33] [33/459] SNDY
[01:44:34] [34/459] GOKU
[01:44:35] [35/459] ACEV
[01:44:35] [36/459] PVUM
[01:44:36] [37/459] VSWA
[01:44:37] [38/459] IPRS
[01:44:38] [39/459] ASGN
[01:44:39] [40/459] BKMV
[01:44:39] [41/459] PVYH
[01:44:40] [42/459] INKM
[01:44:41] [43/459] ARJU
[01:44:42] [44/459] JJPP
[01:44:43] [45/459] SSRM
[01:44:43] [46/459] HMHD
[01:44:44] [47/459] SNKH
[01:44:45] [48/459] ACHI
[01:44:46] [49/459] MRAA
[01:44:46] [50/459] INMH
[01:44:47] [51/459] ARMH
[01:44:48] [52/459] DVRR
[01:44:49] [53/459] SUDA
[01:44:50] [54/459] MCSS
[01:44:50] [55/459] VRKC
[01:44:51] [56/459] PRCX
[01:44:52] [57/459] ASJY
[01:44:53] [58/459] MTHY
[01:44:54] [59/459] SRCM
[01:44:55] [60/459] TVHY
[01:44:56] [61/459] STHD
[01:44:57] [62/459] CPCL
[01:44:58] [63/459] PSMJ
[01:45:00] [64/459] MRGT
[01:45:01] [65/459] ARYH
[01:45:02] [66/459] VTRB
[01:45:03] [67/459] SCHC
[01:45:04] [68/459] MRRG
[01:45:04] [69/459] SPCB
[01:45:05] [70/459] AMCM
[01:45:06] [71/459] IVNM
[01:45:07] [72/459] TRHY
[01:45:08] [73/459] PTTH
[01:45:09] [74/459] RKMH
[01:45:10] [75/459] PRCS
[01:45:11] [76/459] VAJA
[01:45:12] [77/459] BJNG
[01:45:12] [78/459] SCVM
[01:45:13] [79/459] GNHB
[01:45:14] [80/459] TLUR
[01:45:15] [81/459] UKCC
[01:45:15] [82/459] SRKR
[01:45:17] [83/459] RMKN
[01:45:18] [84/459] SLRT
[01:45:19] [85/459] LKMT
[01:45:20] [86/459] SSRJ
[01:45:21] [87/459] SPHT
[01:45:22] [88/459] ANTT
[01:45:22] [89/459] SRCH
[01:45:23] [90/459] SRCA
[01:45:24] [91/459] ARTH
[01:45:25] [92/459] MCBH
[01:45:25] [93/459] SNIB
[01:45:26] [94/459] SART
[01:45:27] [95/459] SKTA
[01:45:28] [96/459] YAKT
[01:45:29] [97/459] MLCK
[01:45:30] [98/459] ANTS
[01:45:31] [99/459] DGCA
[01:45:31] [100/459] SGMP
[01:45:32] [101/459] ASWN
[01:45:33] [102/459] KFVU
[01:45:34] [103/459] POOR
[01:45:35] [104/459] GKDN
[01:45:36] [105/459] EOSE
[01:45:36] [106/459] GTTT
[01:45:37] [107/459] ARRO
[01:45:38] [108/459] CMMK
[01:45:39] [109/459] MSCN
[01:45:40] [110/459] GDKH
[01:45:41] [111/459] DLMT
[01:45:42] [112/459] PVMF
[01:45:43] [113/459] CPCK
[01:45:44] [114/459] VMHE
[01:45:45] [115/459] PVLC
[01:45:46] [116/459] PCVB
[01:45:47] [117/459] SNYK
[01:45:48] [118/459] KTEK
[01:45:48] [119/459] PCNM
[01:45:49] [120/459] NTTR
[01:45:50] [121/459] CPSK
[01:45:51] [122/459] JMMA
[01:45:51] [123/459] GCFK
[01:45:52] [124/459] MYCA
[01:45:53] [125/459] KSNP
[01:45:54] [126/459] PMCE
[01:45:55] [127/459] SCKI
[01:45:56] [128/459] FSMA
[01:45:56] [129/459] CETA
[01:45:57] [130/459] MCIK
[01:45:58] [131/459] MYCR
[01:46:00] [132/459] EVMP
[01:46:01] [133/459] SSGT
[01:46:02] [134/459] KCTK
[01:46:03] [135/459] ZTKC
[01:46:03] [136/459] MMTA
[01:46:04] [137/459] MAJT
[01:46:06] [138/459] ACPK
[01:46:07] [139/459] JMAX
[01:46:08] [140/459] SETK
[01:46:09] [141/459] CAIS
[01:46:10] [142/459] AGCD
[01:46:11] [143/459] URCL
[01:46:11] [144/459] VTDS
[01:46:12] [145/459] JCNM
[01:46:14] [146/459] KCAM
[01:46:14] [147/459] ADCU
[01:46:15] [148/459] GXYN
[01:46:16] [149/459] SMJG
[01:46:18] [150/459] EYCJ
[01:46:18] [151/459] CCEJ
[01:46:19] [152/459] MARS
[01:46:20] [153/459] CPVJ
[01:46:21] [154/459] INVP
[01:46:22] [155/459] CPOV
[01:46:22] [156/459] VIJK
[01:46:24] [157/459] LAIM
[01:46:25] [158/459] STHV
[01:46:26] [159/459] SVLJ
[01:46:27] [160/459] ATVJ
[01:46:28] [161/459] JTSC
[01:46:29] [162/459] RMTV
[01:46:30] [163/459] MGGG
[01:46:30] [164/459] SWTH
[01:46:31] [165/459] INVJ
[01:46:32] [166/459] PRSV
[01:46:33] [167/459] JATV
[01:46:34] [168/459] RCVD
[01:46:35] [169/459] BDMA
[01:46:36] [170/459] BLJI
[01:46:37] [171/459] SWOT
[01:46:38] [172/459] SWRN
[01:46:39] [173/459] TVRA
[01:46:39] [174/459] VCSV
[01:46:40] [175/459] NVRN
[01:46:41] [176/459] SIKC
[01:46:42] [177/459] VAKR
[01:46:43] [178/459] SYLN
[01:46:44] [179/459] KLJL
[01:46:45] [180/459] LKMY
[01:46:45] [181/459] VSLY
[01:46:47] [182/459] CIKO
[01:46:48] [183/459] GPBG
[01:46:49] [184/459] CECM
[01:46:50] [185/459] SLKB
[01:46:51] [186/459] MTBO
[01:46:52] [187/459] SSHB
[01:46:53] [188/459] VPCS
[01:46:55] [189/459] RCSR
[01:46:56] [190/459] RJRM
[01:46:56] [191/459] KPPB
[01:46:57] [192/459] SEDC
[01:46:58] [193/459] SCAI
[01:46:59] [194/459] RMTR
[01:47:01] [195/459] ASST
[01:47:01] [196/459] GCAK
[01:47:02] [197/459] ANNK
[01:47:03] [198/459] KDDF
[01:47:04] [199/459] NRDP
[01:47:05] [200/459] PLAK
[01:47:06] [201/459] GCMC
[01:47:06] [202/459] ALPY
[01:47:07] [203/459] SICE
[01:47:08] [204/459] SISR
[01:47:09] [205/459] SRPZ
[01:47:10] [206/459] SRSW
[01:47:11] [207/459] SUYA
[01:47:12] [208/459] AMMT
[01:47:12] [209/459] BHCU
[01:47:13] [210/459] KLPA
[01:47:14] [211/459] NVKH
[01:47:15] [212/459] JMRC
[01:47:16] [213/459] KTTT
[01:47:17] [214/459] MAGH
[01:47:18] [215/459] MMMX
[01:47:20] [216/459] SALJ
[01:47:21] [217/459] GTJA
[01:47:22] [218/459] MAHT
[01:47:23] [219/459] SSNN
[01:47:24] [220/459] ARRP
[01:47:25] [221/459] ATNS
[01:47:25] [222/459] SKDT
[01:47:26] [223/459] ACAT
[01:47:27] [224/459] APRC
[01:47:28] [225/459] SWAG
[01:47:29] [226/459] SDPT
[01:47:29] [227/459] STPS
[01:47:30] [228/459] WWCZ
[01:47:31] [229/459] LLCH
[01:47:32] [230/459] MZHA
[01:47:33] [231/459] CRJG
[01:47:34] [232/459] JGTK
[01:47:35] [233/459] KCSR
[01:47:35] [234/459] CHTL
[01:47:36] [235/459] EDSR
[01:47:37] [236/459] CSWO
[01:47:38] [237/459] CPVM
[01:47:39] [238/459] MXBY
[01:47:39] [239/459] FMMA
[01:47:40] [240/459] POVI
[01:47:41] [241/459] MTHB
[01:47:42] [242/459] INRC
[01:47:43] [243/459] PIPP
[01:47:43] [244/459] BMXC
[01:47:44] [245/459] PCMM
[01:47:45] [246/459] PMKM
[01:47:46] [247/459] GATY
[01:47:47] [248/459] IMCM
[01:47:48] [249/459] POPE
[01:47:49] [250/459] MTCR
[01:47:50] [251/459] PVAE
[01:47:51] [252/459] PVMI
[01:47:52] [253/459] CPNM
[01:47:52] [254/459] FMRL
[01:47:53] [255/459] MCIW
[01:47:54] [256/459] MXBO
[01:47:56] [257/459] FMKY
[01:47:57] [258/459] FMDA
[01:47:57] [259/459] THAB
[01:47:58] [260/459] PRCW
[01:47:59] [261/459] PITI
[01:47:59] [262/459] MCFF
[01:48:00] [263/459] PDDV
[01:48:01] [264/459] MCRM
[01:48:02] [265/459] KKMB
[01:48:03] [266/459] INKO
[01:48:04] [267/459] PLXP
[01:48:04] [268/459] MMHA
[01:48:05] [269/459] FMVS
[01:48:06] [270/459] POLM
[01:48:06] [271/459] STER
[01:48:07] [272/459] PVWJ
[01:48:08] [273/459] IMJW
[01:48:09] [274/459] FNAN
[01:48:09] [275/459] CAGL
[01:48:10] [276/459] IPBG
[01:48:11] [277/459] SMFV
[01:48:12] [278/459] MMMR
[01:48:13] [279/459] MMWM
[01:48:14] [280/459] FNCM
[01:48:15] [281/459] MDVA
[01:48:16] [282/459] MMET
[01:48:17] [283/459] MIDO
[01:48:18] [284/459] INNP
[01:48:18] [285/459] MIFU
[01:48:19] [286/459] MMSZ
[01:48:20] [287/459] BMXA
[01:48:21] [288/459] MCAA
[01:48:22] [289/459] SCVP
[01:48:22] [290/459] PLUS
[01:48:23] [291/459] MUCK
[01:48:24] [292/459] MTMA
[01:48:25] [293/459] HPVR
[01:48:26] [294/459] PMPK
[01:48:26] [295/459] MAJB
[01:48:27] [296/459] CTRR
[01:48:28] [297/459] MCTG
[01:48:29] [298/459] MACE
[01:48:30] [299/459] AAAS
[01:48:30] [300/459] CPVV
[01:48:31] [301/459] RCHG
[01:48:32] [302/459] MCNE
[01:48:33] [303/459] EMNC
[01:48:34] [304/459] MCAN
[01:48:35] [305/459] TCDM
[01:48:36] [306/459] IRGT
[01:48:38] [307/459] GCMG
[01:48:38] [308/459] MXSN
[01:48:40] [309/459] MXCK
[01:48:41] [310/459] MCRC
[01:48:42] [311/459] RSMI
[01:48:42] [312/459] WAML
[01:48:43] [313/459] MTSC
[01:48:44] [314/459] FMDR
[01:48:45] [315/459] LEPV
[01:48:46] [316/459] MTGD
[01:48:47] [317/459] IMOB
[01:48:48] [318/459] CLMM
[01:48:49] [319/459] PZCD
[01:48:50] [320/459] GOCS
[01:48:51] [321/459] KCMA
[01:48:52] [322/459] CCMP
[01:48:52] [323/459] MTSU
[01:48:53] [324/459] SNGL
[01:48:54] [325/459] MMMC
[01:48:55] [326/459] MMAA
[01:48:56] [327/459] GCDM
[01:48:57] [328/459] KTMV
[01:48:57] [329/459] AETE
[01:48:58] [330/459] OMCS
[01:48:59] [331/459] GDCD
[01:49:00] [332/459] NYMD
[01:49:01] [333/459] RNCV
[01:49:01] [334/459] KKMT
[01:49:02] [335/459] GDTH
[01:49:03] [336/459] KMMV
[01:49:04] [337/459] NHCG
[01:49:05] [338/459] PJDW
[01:49:05] [339/459] MMCV
[01:49:06] [340/459] FQSA
[01:49:07] [341/459] KURL
[01:49:08] [342/459] NNNX
[01:49:08] [343/459] AMAU
[01:49:09] [344/459] VVVM
[01:49:10] [345/459] VECU
[01:49:11] [346/459] WCVR
[01:49:12] [347/459] MTGG
[01:49:13] [348/459] SGTG
[01:49:14] [349/459] MNTG
[01:49:14] [350/459] JDDG
[01:49:15] [351/459] MBTK
[01:49:16] [352/459] SGCD
[01:49:17] [353/459] MCTC
[01:49:18] [354/459] JTPC
[01:49:18] [355/459] SDKT
[01:49:19] [356/459] KRCC
[01:49:20] [357/459] RMMD
[01:49:21] [358/459] AAME
[01:49:21] [359/459] TMWC
[01:49:22] [360/459] NRWY
[01:49:23] [361/459] CITD
[01:49:24] [362/459] VERD
[01:49:25] [363/459] MKSK
[01:49:25] [364/459] STSM
[01:49:26] [365/459] MJDG
[01:49:27] [366/459] RKPM
[01:49:28] [367/459] SSCE
[01:49:29] [368/459] VMAE
[01:49:29] [369/459] SBRU
[01:49:30] [370/459] AMBC
[01:49:31] [371/459] AMLU
[01:49:32] [372/459] INVZ
[01:49:33] [373/459] LGTV
[01:49:34] [374/459] SVAD
[01:49:35] [375/459] SMSA
[01:49:36] [376/459] SPCZ
[01:49:37] [377/459] GTCX
[01:49:38] [378/459] SCSL
[01:49:39] [379/459] SAHU
[01:49:39] [380/459] NCDA
[01:49:40] [381/459] SCCG
[01:49:41] [382/459] VKTL
[01:49:43] [383/459] PUUJ
[01:49:44] [384/459] STEJ
[01:49:44] [385/459] RJAL
[01:49:45] [386/459] ACJC
[01:49:46] [387/459] VTHC
[01:49:47] [388/459] ARVB
[01:49:48] [389/459] AUBB
[01:49:48] [390/459] GDBR
[01:49:49] [391/459] PVND
[01:49:50] [392/459] BGRJ
[01:49:51] [393/459] RJMM
[01:49:51] [394/459] MCSA
[01:49:53] [395/459] BODA
[01:49:54] [396/459] JAGG
[01:49:55] [397/459] SCGA
[01:49:56] [398/459] LRCM
[01:49:57] [399/459] CPCN
[01:49:58] [400/459] SSTF
[01:49:59] [401/459] SRXP
[01:50:00] [402/459] CNFX
[01:50:00] [403/459] ANDI
[01:50:01] [404/459] SYEW
[01:50:02] [405/459] RCRE
[01:50:03] [406/459] SCRW
[01:50:04] [407/459] MBKR
[01:50:04] [408/459] ASNT
[01:50:06] [409/459] JTMT
[01:50:07] [410/459] SHAY
[01:50:08] [411/459] VRTH
[01:50:08] [412/459] SPTI
[01:50:09] [413/459] DPTD
[01:50:10] [414/459] TGSN
[01:50:11] [415/459] RCWV
[01:50:12] [416/459] OCUR
[01:50:13] [417/459] KSTC
[01:50:14] [418/459] SANI
[01:50:14] [419/459] MLCA
[01:50:16] [420/459] EGCA
[01:50:16] [421/459] SYSN
[01:50:17] [422/459] PKTA
[01:50:18] [423/459] PRCC
[01:50:19] [424/459] KSTR
[01:50:20] [425/459] SNTP
[01:50:21] [426/459] RCHA
[01:50:22] [427/459] SEEA
[01:50:23] [428/459] ALAT
[01:50:23] [429/459] AATV
[01:50:24] [430/459] RJTE
[01:50:25] [431/459] AAPP
[01:50:26] [432/459] PMMH
[01:50:27] [433/459] INRJ
[01:50:29] [434/459] SARB
[01:50:30] [435/459] PCJL
[01:50:31] [436/459] PFJJ
[01:50:32] [437/459] GRDC
[01:50:33] [438/459] BCBA
[01:50:34] [439/459] VIXL
[01:50:35] [440/459] CSTL
[01:50:36] [441/459] MTDK
[01:50:36] [442/459] TDAC
[01:50:37] [443/459] GTDN
[01:50:38] [444/459] TTDE
[01:50:39] [445/459] ASTS
[01:50:40] [446/459] CPNS
[01:50:41] [447/459] PVVW
[01:50:42] [448/459] USEB
[01:50:43] [449/459] DTYN
[01:50:44] [450/459] PVLE
[01:50:45] [451/459] CIPS
[01:50:46] [452/459] PAEG
[01:50:47] [453/459] PTCW
[01:50:48] [454/459] G3SR
[01:50:49] [455/459] PGND
[01:50:49] [456/459] INVM
[01:50:50] [457/459] SPIA
[01:50:51] [458/459] PCSN
[01:50:52] [459/459] PPGV
[01:50:53] ✅ DONE | Shows=19 | Movies=2
[02:42:13] 🚀 BMS DAILY TRACKER STARTED
[02:42:13] [1/459] FNDB
[02:42:13] 🧠 New identity
[02:42:14] [2/459] AMBH
[02:42:15] [3/459] PRHN
[02:42:16] [4/459] ACPM
[02:42:16] [5/459] PVFS
[02:42:17] [6/459] AACN
[02:42:18] [7/459] ACAS
[02:42:20] [8/459] CTNR
[02:42:21] [9/459] MMAH
[02:42:21] [10/459] CPMH
[02:42:23] [11/459] IGMH
[02:42:24] [12/459] ABCS
[02:42:25] [13/459] CMMA
[02:42:26] [14/459] GPRH
[02:42:27] [15/459] PNNG
[02:42:27] [16/459] AMCA
[02:42:28] [17/459] ISTN
[02:42:29] [18/459] PIIC
[02:42:30] [19/459] AHMH
[02:42:31] [20/459] ASHN
[02:42:32] [21/459] INHY
[02:42:33] [22/459] SRMO
[02:42:35] [23/459] PIMH
[02:42:36] [24/459] PVTS
[02:42:37] [25/459] MMCA
[02:42:38] [26/459] AKYJ
[02:42:39] [27/459] BRKH
[02:42:40] [28/459] MAHM
[02:42:41] [29/459] CPHY
[02:42:42] [30/459] PVTP
[02:42:43] [31/459] SMMR
[02:42:44] [32/459] PVHM
[02:42:45] [33/459] SNDY
[02:42:46] [34/459] GOKU
[02:42:47] [35/459] ACEV
[02:42:48] [36/459] PVUM
[02:42:49] [37/459] VSWA
[02:42:50] [38/459] IPRS
[02:42:51] [39/459] ASGN
[02:42:52] [40/459] BKMV
[02:42:53] [41/459] PVYH
[02:42:54] [42/459] INKM
[02:42:54] [43/459] ARJU
[02:42:55] [44/459] JJPP
[02:42:56] [45/459] SSRM
[02:42:57] [46/459] HMHD
[02:42:58] [47/459] SNKH
[02:42:59] [48/459] ACHI
[02:42:59] [49/459] MRAA
[02:43:00] [50/459] INMH
[02:43:01] [51/459] ARMH
[02:43:02] [52/459] DVRR
[02:43:03] [53/459] SUDA
[02:43:05] [54/459] MCSS
[02:43:05] [55/459] VRKC
[02:43:06] [56/459] PRCX
[02:43:07] [57/459] ASJY
[02:43:08] [58/459] MTHY
[02:43:09] [59/459] SRCM
[02:43:10] [60/459] TVHY
[02:43:10] [61/459] STHD
[02:43:11] [62/459] CPCL
[02:43:13] [63/459] PSMJ
[02:43:14] [64/459] MRGT
[02:43:15] [65/459] ARYH
[02:43:15] [66/459] VTRB
[02:43:16] [67/459] SCHC
[02:43:17] [68/459] MRRG
[02:43:18] [69/459] SPCB
[02:43:18] [70/459] AMCM
[02:43:20] [71/459] IVNM
[02:43:21] [72/459] TRHY
[02:43:23] [73/459] PTTH
[02:43:24] [74/459] RKMH
[02:43:25] [75/459] PRCS
[02:43:26] [76/459] VAJA
[02:43:27] [77/459] BJNG
[02:43:27] [78/459] SCVM
[02:43:28] [79/459] GNHB
[02:43:29] [80/459] TLUR
[02:43:30] [81/459] UKCC
[02:43:31] [82/459] SRKR
[02:43:32] [83/459] RMKN
[02:43:33] [84/459] SLRT
[02:43:33] [85/459] LKMT
[02:43:34] [86/459] SSRJ
[02:43:35] [87/459] SPHT
[02:43:36] [88/459] ANTT
[02:43:37] [89/459] SRCH
[02:43:37] [90/459] SRCA
[02:43:38] [91/459] ARTH
[02:43:39] [92/459] MCBH
[02:43:40] [93/459] SNIB
[02:43:41] [94/459] SART
[02:43:42] [95/459] SKTA
[02:43:43] [96/459] YAKT
[02:43:43] [97/459] MLCK
[02:43:44] [98/459] ANTS
[02:43:45] [99/459] DGCA
[02:43:46] [100/459] SGMP
[02:43:46] [101/459] ASWN
[02:43:47] [102/459] KFVU
[02:43:48] [103/459] POOR
[02:43:49] [104/459] GKDN
[02:43:49] [105/459] EOSE
[02:43:50] [106/459] GTTT
[02:43:51] [107/459] ARRO
[02:43:52] [108/459] CMMK
[02:43:52] [109/459] MSCN
[02:43:53] [110/459] GDKH
[02:43:54] [111/459] DLMT
[02:43:55] [112/459] PVMF
[02:43:55] [113/459] CPCK
[02:43:56] [114/459] VMHE
[02:43:57] [115/459] PVLC
[02:43:59] [116/459] PCVB
[02:44:00] [117/459] SNYK
[02:44:00] [118/459] KTEK
[02:44:02] [119/459] PCNM
[02:44:02] [120/459] NTTR
[02:44:03] [121/459] CPSK
[02:44:04] [122/459] JMMA
[02:44:05] [123/459] GCFK
[02:44:06] [124/459] MYCA
[02:44:07] [125/459] KSNP
[02:44:08] [126/459] PMCE
[02:44:09] [127/459] SCKI
[02:44:10] [128/459] FSMA
[02:44:11] [129/459] CETA
[02:44:12] [130/459] MCIK
[02:44:13] [131/459] MYCR
[02:44:14] [132/459] EVMP
[02:44:14] [133/459] SSGT
[02:44:15] [134/459] KCTK
[02:44:16] [135/459] ZTKC
[02:44:17] [136/459] MMTA
[02:44:18] [137/459] MAJT
[02:44:19] [138/459] ACPK
[02:44:20] [139/459] JMAX
[02:44:21] [140/459] SETK
[02:44:21] [141/459] CAIS
[02:44:23] [142/459] AGCD
[02:44:23] [143/459] URCL
[02:44:24] [144/459] VTDS
[02:44:25] [145/459] JCNM
[02:44:26] [146/459] KCAM
[02:44:27] [147/459] ADCU
[02:44:28] [148/459] GXYN
[02:44:29] [149/459] SMJG
[02:44:29] [150/459] EYCJ
[02:44:30] [151/459] CCEJ
[02:44:31] [152/459] MARS
[02:44:32] [153/459] CPVJ
[02:44:33] [154/459] INVP
[02:44:33] [155/459] CPOV
[02:44:34] [156/459] VIJK
[02:44:35] [157/459] LAIM
[02:44:36] [158/459] STHV
[02:44:37] [159/459] SVLJ
[02:44:38] [160/459] ATVJ
[02:44:39] [161/459] JTSC
[02:44:40] [162/459] RMTV
[02:44:42] [163/459] MGGG
[02:44:42] [164/459] SWTH
[02:44:43] [165/459] INVJ
[02:44:44] [166/459] PRSV
[02:44:45] [167/459] JATV
[02:44:45] [168/459] RCVD
[02:44:46] [169/459] BDMA
[02:44:48] [170/459] BLJI
[02:44:49] [171/459] SWOT
[02:44:50] [172/459] SWRN
[02:44:50] [173/459] TVRA
[02:44:51] [174/459] VCSV
[02:44:52] [175/459] NVRN
[02:44:53] [176/459] SIKC
[02:44:53] [177/459] VAKR
[02:44:54] [178/459] SYLN
[02:44:55] [179/459] KLJL
[02:44:56] [180/459] LKMY
[02:44:57] [181/459] VSLY
[02:44:58] [182/459] CIKO
[02:44:59] [183/459] GPBG
[02:44:59] [184/459] CECM
[02:45:00] [185/459] SLKB
[02:45:01] [186/459] MTBO
[02:45:02] [187/459] SSHB
[02:45:03] [188/459] VPCS
[02:45:04] [189/459] RCSR
[02:45:05] [190/459] RJRM
[02:45:06] [191/459] KPPB
[02:45:07] [192/459] SEDC
[02:45:08] [193/459] SCAI
[02:45:09] [194/459] RMTR
[02:45:10] [195/459] ASST
[02:45:11] [196/459] GCAK
[02:45:11] [197/459] ANNK
[02:45:12] [198/459] KDDF
[02:45:13] [199/459] NRDP
[02:45:14] [200/459] PLAK
[02:45:15] [201/459] GCMC
[02:45:15] [202/459] ALPY
[02:45:16] [203/459] SICE
[02:45:17] [204/459] SISR
[02:45:18] [205/459] SRPZ
[02:45:19] [206/459] SRSW
[02:45:20] [207/459] SUYA
[02:45:21] [208/459] AMMT
[02:45:22] [209/459] BHCU
[02:45:22] [210/459] KLPA
[02:45:23] [211/459] NVKH
[02:45:24] [212/459] JMRC
[02:45:25] [213/459] KTTT
[02:45:26] [214/459] MAGH
[02:45:27] [215/459] MMMX
[02:45:27] [216/459] SALJ
[02:45:29] [217/459] GTJA
[02:45:30] [218/459] MAHT
[02:45:30] [219/459] SSNN
[02:45:32] [220/459] ARRP
[02:45:33] [221/459] ATNS
[02:45:34] [222/459] SKDT
[02:45:35] [223/459] ACAT
[02:45:35] [224/459] APRC
[02:45:36] [225/459] SWAG
[02:45:37] [226/459] SDPT
[02:45:38] [227/459] STPS
[02:45:39] [228/459] WWCZ
[02:45:40] [229/459] LLCH
[02:45:41] [230/459] MZHA
[02:45:41] [231/459] CRJG
[02:45:43] [232/459] JGTK
[02:45:44] [233/459] KCSR
[02:45:44] [234/459] CHTL
[02:45:46] [235/459] EDSR
[02:45:47] [236/459] CSWO
[02:45:47] [237/459] CPVM
[02:45:48] [238/459] MXBY
[02:45:49] [239/459] FMMA
[02:45:50] [240/459] POVI
[02:45:51] [241/459] MTHB
[02:45:52] [242/459] INRC
[02:45:53] [243/459] PIPP
[02:45:54] [244/459] BMXC
[02:45:55] [245/459] PCMM
[02:45:56] [246/459] PMKM
[02:45:56] [247/459] GATY
[02:45:57] [248/459] IMCM
[02:45:58] [249/459] POPE
[02:45:59] [250/459] MTCR
[02:46:00] [251/459] PVAE
[02:46:01] [252/459] PVMI
[02:46:02] [253/459] CPNM
[02:46:03] [254/459] FMRL
[02:46:04] [255/459] MCIW
[02:46:06] [256/459] MXBO
[02:46:06] [257/459] FMKY
[02:46:07] [258/459] FMDA
[02:46:08] [259/459] THAB
[02:46:09] [260/459] PRCW
[02:46:10] [261/459] PITI
[02:46:10] [262/459] MCFF
[02:46:11] [263/459] PDDV
[02:46:12] [264/459] MCRM
[02:46:13] [265/459] KKMB
[02:46:13] [266/459] INKO
[02:46:15] [267/459] PLXP
[02:46:16] [268/459] MMHA
[02:46:17] [269/459] FMVS
[02:46:17] [270/459] POLM
[02:46:19] [271/459] STER
[02:46:20] [272/459] PVWJ
[02:46:21] [273/459] IMJW
[02:46:21] [274/459] FNAN
[02:46:22] [275/459] CAGL
[02:46:23] [276/459] IPBG
[02:46:24] [277/459] SMFV
[02:46:25] [278/459] MMMR
[02:46:26] [279/459] MMWM
[02:46:27] [280/459] FNCM
[02:46:28] [281/459] MDVA
[02:46:28] [282/459] MMET
[02:46:29] [283/459] MIDO
[02:46:30] [284/459] INNP
[02:46:31] [285/459] MIFU
[02:46:32] [286/459] MMSZ
[02:46:33] [287/459] BMXA
[02:46:34] [288/459] MCAA
[02:46:34] [289/459] SCVP
[02:46:35] [290/459] PLUS
[02:46:36] [291/459] MUCK
[02:46:38] [292/459] MTMA
[02:46:39] [293/459] HPVR
[02:46:40] [294/459] PMPK
[02:46:41] [295/459] MAJB
[02:46:42] [296/459] CTRR
[02:46:42] [297/459] MCTG
[02:46:43] [298/459] MACE
[02:46:44] [299/459] AAAS
[02:46:45] [300/459] CPVV
[02:46:46] [301/459] RCHG
[02:46:46] [302/459] MCNE
[02:46:47] [303/459] EMNC
[02:46:48] [304/459] MCAN
[02:46:49] [305/459] TCDM
[02:46:49] [306/459] IRGT
[02:46:50] [307/459] GCMG
[02:46:51] [308/459] MXSN
[02:46:52] [309/459] MXCK
[02:46:53] [310/459] MCRC
[02:46:54] [311/459] RSMI
[02:46:55] [312/459] WAML
[02:46:56] [313/459] MTSC
[02:46:57] [314/459] FMDR
[02:46:57] [315/459] LEPV
[02:46:59] [316/459] MTGD
[02:47:00] [317/459] IMOB
[02:47:01] [318/459] CLMM
[02:47:02] [319/459] PZCD
[02:47:03] [320/459] GOCS
[02:47:04] [321/459] KCMA
[02:47:05] [322/459] CCMP
[02:47:06] [323/459] MTSU
[02:47:06] [324/459] SNGL
[02:47:07] [325/459] MMMC
[02:47:08] [326/459] MMAA
[02:47:09] [327/459] GCDM
[02:47:10] [328/459] KTMV
[02:47:11] [329/459] AETE
[02:47:12] [330/459] OMCS
[02:47:13] [331/459] GDCD
[02:47:14] [332/459] NYMD
[02:47:15] [333/459] RNCV
[02:47:16] [334/459] KKMT
[02:47:17] [335/459] GDTH
[02:47:18] [336/459] KMMV
[02:47:19] [337/459] NHCG
[02:47:20] [338/459] PJDW
[02:47:21] [339/459] MMCV
[02:47:22] [340/459] FQSA
[02:47:22] [341/459] KURL
[02:47:23] [342/459] NNNX
[02:47:24] [343/459] AMAU
[02:47:25] [344/459] VVVM
[02:47:26] [345/459] VECU
[02:47:27] [346/459] WCVR
[02:47:28] [347/459] MTGG
[02:47:28] [348/459] SGTG
[02:47:29] [349/459] MNTG
[02:47:30] [350/459] JDDG
[02:47:30] [351/459] MBTK
[02:47:31] [352/459] SGCD
[02:47:32] [353/459] MCTC
[02:47:33] [354/459] JTPC
[02:47:34] [355/459] SDKT
[02:47:35] [356/459] KRCC
[02:47:36] [357/459] RMMD
[02:47:37] [358/459] AAME
[02:47:39] [359/459] TMWC
[02:47:39] [360/459] NRWY
[02:47:40] [361/459] CITD
[02:47:41] [362/459] VERD
[02:47:42] [363/459] MKSK
[02:47:43] [364/459] STSM
[02:47:44] [365/459] MJDG
[02:47:45] [366/459] RKPM
[02:47:45] [367/459] SSCE
[02:47:46] [368/459] VMAE
[02:47:47] [369/459] SBRU
[02:47:48] [370/459] AMBC
[02:47:49] [371/459] AMLU
[02:47:49] [372/459] INVZ
[02:47:50] [373/459] LGTV
[02:47:51] [374/459] SVAD
[02:47:52] [375/459] SMSA
[02:47:52] [376/459] SPCZ
[02:47:53] [377/459] GTCX
[02:47:55] [378/459] SCSL
[02:47:56] [379/459] SAHU
[02:47:57] [380/459] NCDA
[02:47:57] [381/459] SCCG
[02:47:58] [382/459] VKTL
[02:47:59] [383/459] PUUJ
[02:48:00] [384/459] STEJ
[02:48:01] [385/459] RJAL
[02:48:02] [386/459] ACJC
[02:48:03] [387/459] VTHC
[02:48:04] [388/459] ARVB
[02:48:04] [389/459] AUBB
[02:48:05] [390/459] GDBR
[02:48:06] [391/459] PVND
[02:48:07] [392/459] BGRJ
[02:48:08] [393/459] RJMM
[02:48:09] [394/459] MCSA
[02:48:10] [395/459] BODA
[02:48:11] [396/459] JAGG
[02:48:12] [397/459] SCGA
[02:48:13] [398/459] LRCM
[02:48:14] [399/459] CPCN
[02:48:14] [400/459] SSTF
[02:48:15] [401/459] SRXP
[02:48:17] [402/459] CNFX
[02:48:18] [403/459] ANDI
[02:48:18] [404/459] SYEW
[02:48:19] [405/459] RCRE
[02:48:20] [406/459] SCRW
[02:48:21] [407/459] MBKR
[02:48:22] [408/459] ASNT
[02:48:23] [409/459] JTMT
[02:48:24] [410/459] SHAY
[02:48:25] [411/459] VRTH
[02:48:25] [412/459] SPTI
[02:48:26] [413/459] DPTD
[02:48:27] [414/459] TGSN
[02:48:28] [415/459] RCWV
[02:48:29] [416/459] OCUR
[02:48:29] [417/459] KSTC
[02:48:30] [418/459] SANI
[02:48:31] [419/459] MLCA
[02:48:32] [420/459] EGCA
[02:48:32] [421/459] SYSN
[02:48:33] [422/459] PKTA
[02:48:34] [423/459] PRCC
[02:48:35] [424/459] KSTR
[02:48:36] [425/459] SNTP
[02:48:37] [426/459] RCHA
[02:48:39] [427/459] SEEA
[02:48:40] [428/459] ALAT
[02:48:40] [429/459] AATV
[02:48:41] [430/459] RJTE
[02:48:42] [431/459] AAPP
[02:48:43] [432/459] PMMH
[02:48:44] [433/459] INRJ
[02:48:44] [434/459] SARB
[02:48:45] [435/459] PCJL
[02:48:46] [436/459] PFJJ
[02:48:47] [437/459] GRDC
[02:48:48] [438/459] BCBA
[02:48:48] [439/459] VIXL
[02:48:49] [440/459] CSTL
[02:48:50] [441/459] MTDK
[02:48:51] [442/459] TDAC
[02:48:52] [443/459] GTDN
[02:48:52] [444/459] TTDE
[02:48:53] [445/459] ASTS
[02:48:54] [446/459] CPNS
[02:48:55] [447/459] PVVW
[02:48:56] [448/459] USEB
[02:48:56] [449/459] DTYN
[02:48:57] [450/459] PVLE
[02:48:58] [451/459] CIPS
[02:49:00] [452/459] PAEG
[02:49:01] [453/459] PTCW
[02:49:01] [454/459] G3SR
[02:49:02] [455/459] PGND
[02:49:03] [456/459] INVM
[02:49:04] [457/459] SPIA
[02:49:05] [458/459] PCSN
[02:49:06] [459/459] PPGV
[02:49:07] ✅ DONE | Shows=21 | Movies=2
[03:42:50] 🚀 BMS DAILY TRACKER STARTED
[03:42:50] [1/459] FNDB
[03:42:50] 🧠 New identity
[03:42:51] [2/459] AMBH
[03:42:52] [3/459] PRHN
[03:42:53] [4/459] ACPM
[03:42:54] [5/459] PVFS
[03:42:54] [6/459] AACN
[03:42:55] [7/459] ACAS
[03:42:56] [8/459] CTNR
[03:42:57] [9/459] MMAH
[03:42:58] [10/459] CPMH
[03:42:59] [11/459] IGMH
[03:42:59] [12/459] ABCS
[03:43:00] [13/459] CMMA
[03:43:01] [14/459] GPRH
[03:43:02] [15/459] PNNG
[03:43:03] [16/459] AMCA
[03:43:04] [17/459] ISTN
[03:43:05] [18/459] PIIC
[03:43:06] [19/459] AHMH
[03:43:07] [20/459] ASHN
[03:43:08] [21/459] INHY
[03:43:09] [22/459] SRMO
[03:43:10] [23/459] PIMH
[03:43:11] [24/459] PVTS
[03:43:12] [25/459] MMCA
[03:43:12] [26/459] AKYJ
[03:43:13] [27/459] BRKH
[03:43:15] [28/459] MAHM
[03:43:16] [29/459] CPHY
[03:43:17] [30/459] PVTP
[03:43:18] [31/459] SMMR
[03:43:19] [32/459] PVHM
[03:43:20] [33/459] SNDY
[03:43:21] [34/459] GOKU
[03:43:22] [35/459] ACEV
[03:43:23] [36/459] PVUM
[03:43:24] [37/459] VSWA
[03:43:25] [38/459] IPRS
[03:43:26] [39/459] ASGN
[03:43:27] [40/459] BKMV
[03:43:28] [41/459] PVYH
[03:43:28] [42/459] INKM
[03:43:29] [43/459] ARJU
[03:43:30] [44/459] JJPP
[03:43:31] [45/459] SSRM
[03:43:32] [46/459] HMHD
[03:43:33] [47/459] SNKH
[03:43:34] [48/459] ACHI
[03:43:35] [49/459] MRAA
[03:43:35] [50/459] INMH
[03:43:37] [51/459] ARMH
[03:43:38] [52/459] DVRR
[03:43:39] [53/459] SUDA
[03:43:39] [54/459] MCSS
[03:43:40] [55/459] VRKC
[03:43:41] [56/459] PRCX
[03:43:43] [57/459] ASJY
[03:43:43] [58/459] MTHY
[03:43:44] [59/459] SRCM
[03:43:45] [60/459] TVHY
[03:43:47] [61/459] STHD
[03:43:48] [62/459] CPCL
[03:43:48] [63/459] PSMJ
[03:43:49] [64/459] MRGT
[03:43:50] [65/459] ARYH
[03:43:51] [66/459] VTRB
[03:43:53] [67/459] SCHC
[03:43:55] [68/459] MRRG
[03:43:56] [69/459] SPCB
[03:43:57] [70/459] AMCM
[03:43:57] [71/459] IVNM
[03:43:58] [72/459] TRHY
[03:43:59] [73/459] PTTH
[03:44:00] [74/459] RKMH
[03:44:00] [75/459] PRCS
[03:44:01] [76/459] VAJA
[03:44:03] [77/459] BJNG
[03:44:04] [78/459] SCVM
[03:44:05] [79/459] GNHB
[03:44:07] [80/459] TLUR
[03:44:08] [81/459] UKCC
[03:44:09] [82/459] SRKR
[03:44:10] [83/459] RMKN
[03:44:10] [84/459] SLRT
[03:44:11] [85/459] LKMT
[03:44:13] [86/459] SSRJ
[03:44:14] [87/459] SPHT
[03:44:16] [88/459] ANTT
[03:44:17] [89/459] SRCH
[03:44:18] [90/459] SRCA
[03:44:19] [91/459] ARTH
[03:44:20] [92/459] MCBH
[03:44:20] [93/459] SNIB
[03:44:21] [94/459] SART
[03:44:22] [95/459] SKTA
[03:44:23] [96/459] YAKT
[03:44:23] [97/459] MLCK
[03:44:24] [98/459] ANTS
[03:44:26] [99/459] DGCA
[03:44:27] [100/459] SGMP
[03:44:28] [101/459] ASWN
[03:44:29] [102/459] KFVU
[03:44:30] [103/459] POOR
[03:44:31] [104/459] GKDN
[03:44:32] [105/459] EOSE
[03:44:33] [106/459] GTTT
[03:44:33] [107/459] ARRO
[03:44:34] [108/459] CMMK
[03:44:35] [109/459] MSCN
[03:44:36] [110/459] GDKH
[03:44:36] [111/459] DLMT
[03:44:37] [112/459] PVMF
[03:44:38] [113/459] CPCK
[03:44:39] [114/459] VMHE
[03:44:40] [115/459] PVLC
[03:44:41] [116/459] PCVB
[03:44:42] [117/459] SNYK
[03:44:43] [118/459] KTEK
[03:44:44] [119/459] PCNM
[03:44:45] [120/459] NTTR
[03:44:46] [121/459] CPSK
[03:44:47] [122/459] JMMA
[03:44:48] [123/459] GCFK
[03:44:48] [124/459] MYCA
[03:44:49] [125/459] KSNP
[03:44:50] [126/459] PMCE
[03:44:51] [127/459] SCKI
[03:44:52] [128/459] FSMA
[03:44:53] [129/459] CETA
[03:44:54] [130/459] MCIK
[03:44:54] [131/459] MYCR
[03:44:55] [132/459] EVMP
[03:44:56] [133/459] SSGT
[03:44:57] [134/459] KCTK
[03:44:58] [135/459] ZTKC
[03:44:59] [136/459] MMTA
[03:45:00] [137/459] MAJT
[03:45:00] [138/459] ACPK
[03:45:01] [139/459] JMAX
[03:45:02] [140/459] SETK
[03:45:03] [141/459] CAIS
[03:45:04] [142/459] AGCD
[03:45:06] [143/459] URCL
[03:45:06] [144/459] VTDS
[03:45:07] [145/459] JCNM
[03:45:08] [146/459] KCAM
[03:45:09] [147/459] ADCU
[03:45:10] [148/459] GXYN
[03:45:11] [149/459] SMJG
[03:45:12] [150/459] EYCJ
[03:45:12] [151/459] CCEJ
[03:45:13] [152/459] MARS
[03:45:14] [153/459] CPVJ
[03:45:15] [154/459] INVP
[03:45:16] [155/459] CPOV
[03:45:17] [156/459] VIJK
[03:45:18] [157/459] LAIM
[03:45:19] [158/459] STHV
[03:45:20] [159/459] SVLJ
[03:45:21] [160/459] ATVJ
[03:45:22] [161/459] JTSC
[03:45:22] [162/459] RMTV
[03:45:23] [163/459] MGGG
[03:45:24] [164/459] SWTH
[03:45:26] [165/459] INVJ
[03:45:27] [166/459] PRSV
[03:45:27] [167/459] JATV
[03:45:28] [168/459] RCVD
[03:45:29] [169/459] BDMA
[03:45:30] [170/459] BLJI
[03:45:31] [171/459] SWOT
[03:45:32] [172/459] SWRN
[03:45:33] [173/459] TVRA
[03:45:33] [174/459] VCSV
[03:45:34] [175/459] NVRN
[03:45:35] [176/459] SIKC
[03:45:36] [177/459] VAKR
[03:45:37] [178/459] SYLN
[03:45:37] [179/459] KLJL
[03:45:38] [180/459] LKMY
[03:45:39] [181/459] VSLY
[03:45:40] [182/459] CIKO
[03:45:41] [183/459] GPBG
[03:45:41] [184/459] CECM
[03:45:42] [185/459] SLKB
[03:45:43] [186/459] MTBO
[03:45:44] [187/459] SSHB
[03:45:45] [188/459] VPCS
[03:45:46] [189/459] RCSR
[03:45:46] [190/459] RJRM
[03:45:48] [191/459] KPPB
[03:45:49] [192/459] SEDC
[03:45:50] [193/459] SCAI
[03:45:51] [194/459] RMTR
[03:45:52] [195/459] ASST
[03:45:53] [196/459] GCAK
[03:45:54] [197/459] ANNK
[03:45:55] [198/459] KDDF
[03:45:55] [199/459] NRDP
[03:45:56] [200/459] PLAK
[03:45:57] [201/459] GCMC
[03:45:58] [202/459] ALPY
[03:45:59] [203/459] SICE
[03:46:00] [204/459] SISR
[03:46:01] [205/459] SRPZ
[03:46:02] [206/459] SRSW
[03:46:04] [207/459] SUYA
[03:46:04] [208/459] AMMT
[03:46:05] [209/459] BHCU
[03:46:06] [210/459] KLPA
[03:46:07] [211/459] NVKH
[03:46:08] [212/459] JMRC
[03:46:08] [213/459] KTTT
[03:46:09] [214/459] MAGH
[03:46:10] [215/459] MMMX
[03:46:11] [216/459] SALJ
[03:46:12] [217/459] GTJA
[03:46:13] [218/459] MAHT
[03:46:14] [219/459] SSNN
[03:46:15] [220/459] ARRP
[03:46:16] [221/459] ATNS
[03:46:17] [222/459] SKDT
[03:46:18] [223/459] ACAT
[03:46:19] [224/459] APRC
[03:46:20] [225/459] SWAG
[03:46:20] [226/459] SDPT
[03:46:21] [227/459] STPS
[03:46:22] [228/459] WWCZ
[03:46:23] [229/459] LLCH
[03:46:24] [230/459] MZHA
[03:46:25] [231/459] CRJG
[03:46:26] [232/459] JGTK
[03:46:27] [233/459] KCSR
[03:46:28] [234/459] CHTL
[03:46:29] [235/459] EDSR
[03:46:31] [236/459] CSWO
[03:46:31] [237/459] CPVM
[03:46:32] [238/459] MXBY
[03:46:33] [239/459] FMMA
[03:46:34] [240/459] POVI
[03:46:35] [241/459] MTHB
[03:46:36] [242/459] INRC
[03:46:37] [243/459] PIPP
[03:46:38] [244/459] BMXC
[03:46:39] [245/459] PCMM
[03:46:41] [246/459] PMKM
[03:46:41] [247/459] GATY
[03:46:42] [248/459] IMCM
[03:46:43] [249/459] POPE
[03:46:44] [250/459] MTCR
[03:46:45] [251/459] PVAE
[03:46:46] [252/459] PVMI
[03:46:47] [253/459] CPNM
[03:46:48] [254/459] FMRL
[03:46:49] [255/459] MCIW
[03:46:50] [256/459] MXBO
[03:46:51] [257/459] FMKY
[03:46:52] [258/459] FMDA
[03:46:53] [259/459] THAB
[03:46:54] [260/459] PRCW
[03:46:55] [261/459] PITI
[03:46:55] [262/459] MCFF
[03:46:56] [263/459] PDDV
[03:46:57] [264/459] MCRM
[03:46:58] [265/459] KKMB
[03:46:59] [266/459] INKO
[03:47:00] [267/459] PLXP
[03:47:01] [268/459] MMHA
[03:47:02] [269/459] FMVS
[03:47:03] [270/459] POLM
[03:47:04] [271/459] STER
[03:47:06] [272/459] PVWJ
[03:47:06] [273/459] IMJW
[03:47:07] [274/459] FNAN
[03:47:08] [275/459] CAGL
[03:47:09] [276/459] IPBG
[03:47:10] [277/459] SMFV
[03:47:11] [278/459] MMMR
[03:47:12] [279/459] MMWM
[03:47:13] [280/459] FNCM
[03:47:13] [281/459] MDVA
[03:47:14] [282/459] MMET
[03:47:15] [283/459] MIDO
[03:47:16] [284/459] INNP
[03:47:17] [285/459] MIFU
[03:47:18] [286/459] MMSZ
[03:47:19] [287/459] BMXA
[03:47:19] [288/459] MCAA
[03:47:20] [289/459] SCVP
[03:47:21] [290/459] PLUS
[03:47:22] [291/459] MUCK
[03:47:23] [292/459] MTMA
[03:47:25] [293/459] HPVR
[03:47:25] [294/459] PMPK
[03:47:26] [295/459] MAJB
[03:47:27] [296/459] CTRR
[03:47:28] [297/459] MCTG
[03:47:29] [298/459] MACE
[03:47:30] [299/459] AAAS
[03:47:30] [300/459] CPVV
[03:47:31] [301/459] RCHG
[03:47:32] [302/459] MCNE
[03:47:33] [303/459] EMNC
[03:47:34] [304/459] MCAN
[03:47:35] [305/459] TCDM
[03:47:36] [306/459] IRGT
[03:47:36] [307/459] GCMG
[03:47:37] [308/459] MXSN
[03:47:38] [309/459] MXCK
[03:47:39] [310/459] MCRC
[03:47:40] [311/459] RSMI
[03:47:41] [312/459] WAML
[03:47:42] [313/459] MTSC
[03:47:43] [314/459] FMDR
[03:47:43] [315/459] LEPV
[03:47:44] [316/459] MTGD
[03:47:45] [317/459] IMOB
[03:47:46] [318/459] CLMM
[03:47:48] [319/459] PZCD
[03:47:49] [320/459] GOCS
[03:47:50] [321/459] KCMA
[03:47:51] [322/459] CCMP
[03:47:51] [323/459] MTSU
[03:47:52] [324/459] SNGL
[03:47:53] [325/459] MMMC
[03:47:54] [326/459] MMAA
[03:47:55] [327/459] GCDM
[03:47:56] [328/459] KTMV
[03:47:57] [329/459] AETE
[03:47:58] [330/459] OMCS
[03:47:59] [331/459] GDCD
[03:48:00] [332/459] NYMD
[03:48:01] [333/459] RNCV
[03:48:01] [334/459] KKMT
[03:48:02] [335/459] GDTH
[03:48:03] [336/459] KMMV
[03:48:05] [337/459] NHCG
[03:48:05] [338/459] PJDW
[03:48:06] [339/459] MMCV
[03:48:07] [340/459] FQSA
[03:48:08] [341/459] KURL
[03:48:09] [342/459] NNNX
[03:48:09] [343/459] AMAU
[03:48:10] [344/459] VVVM
[03:48:11] [345/459] VECU
[03:48:12] [346/459] WCVR
[03:48:13] [347/459] MTGG
[03:48:14] [348/459] SGTG
[03:48:15] [349/459] MNTG
[03:48:16] [350/459] JDDG
[03:48:16] [351/459] MBTK
[03:48:17] [352/459] SGCD
[03:48:18] [353/459] MCTC
[03:48:18] [354/459] JTPC
[03:48:19] [355/459] SDKT
[03:48:20] [356/459] KRCC
[03:48:21] [357/459] RMMD
[03:48:22] [358/459] AAME
[03:48:22] [359/459] TMWC
[03:48:23] [360/459] NRWY
[03:48:24] [361/459] CITD
[03:48:25] [362/459] VERD
[03:48:25] [363/459] MKSK
[03:48:26] [364/459] STSM
[03:48:27] [365/459] MJDG
[03:48:28] [366/459] RKPM
[03:48:30] [367/459] SSCE
[03:48:31] [368/459] VMAE
[03:48:31] [369/459] SBRU
[03:48:32] [370/459] AMBC
[03:48:33] [371/459] AMLU
[03:48:34] [372/459] INVZ
[03:48:35] [373/459] LGTV
[03:48:35] [374/459] SVAD
[03:48:36] [375/459] SMSA
[03:48:37] [376/459] SPCZ
[03:48:38] [377/459] GTCX
[03:48:38] [378/459] SCSL
[03:48:39] [379/459] SAHU
[03:48:40] [380/459] NCDA
[03:48:41] [381/459] SCCG
[03:48:42] [382/459] VKTL
[03:48:43] [383/459] PUUJ
[03:48:44] [384/459] STEJ
[03:48:45] [385/459] RJAL
[03:48:45] [386/459] ACJC
[03:48:46] [387/459] VTHC
[03:48:47] [388/459] ARVB
[03:48:48] [389/459] AUBB
[03:48:49] [390/459] GDBR
[03:48:50] [391/459] PVND
[03:48:51] [392/459] BGRJ
[03:48:52] [393/459] RJMM
[03:48:52] [394/459] MCSA
[03:48:53] [395/459] BODA
[03:48:54] [396/459] JAGG
[03:48:55] [397/459] SCGA
[03:48:56] [398/459] LRCM
[03:48:57] [399/459] CPCN
[03:48:57] [400/459] SSTF
[03:48:58] [401/459] SRXP
[03:48:59] [402/459] CNFX
[03:49:00] [403/459] ANDI
[03:49:01] [404/459] SYEW
[03:49:02] [405/459] RCRE
[03:49:02] [406/459] SCRW
[03:49:03] [407/459] MBKR
[03:49:04] [408/459] ASNT
[03:49:05] [409/459] JTMT
[03:49:06] [410/459] SHAY
[03:49:06] [411/459] VRTH
[03:49:07] [412/459] SPTI
[03:49:08] [413/459] DPTD
[03:49:09] [414/459] TGSN
[03:49:11] [415/459] RCWV
[03:49:11] [416/459] OCUR
[03:49:12] [417/459] KSTC
[03:49:13] [418/459] SANI
[03:49:14] [419/459] MLCA
[03:49:15] [420/459] EGCA
[03:49:15] [421/459] SYSN
[03:49:16] [422/459] PKTA
[03:49:18] [423/459] PRCC
[03:49:20] [424/459] KSTR
[03:49:20] [425/459] SNTP
[03:49:21] [426/459] RCHA
[03:49:23] [427/459] SEEA
[03:49:24] [428/459] ALAT
[03:49:25] [429/459] AATV
[03:49:26] [430/459] RJTE
[03:49:27] [431/459] AAPP
[03:49:28] [432/459] PMMH
[03:49:29] [433/459] INRJ
[03:49:31] [434/459] SARB
[03:49:31] [435/459] PCJL
[03:49:32] [436/459] PFJJ
[03:49:33] [437/459] GRDC
[03:49:34] [438/459] BCBA
[03:49:35] [439/459] VIXL
[03:49:35] [440/459] CSTL
[03:49:36] [441/459] MTDK
[03:49:37] [442/459] TDAC
[03:49:38] [443/459] GTDN
[03:49:39] [444/459] TTDE
[03:49:40] [445/459] ASTS
[03:49:41] [446/459] CPNS
[03:49:42] [447/459] PVVW
[03:49:42] [448/459] USEB
[03:49:43] [449/459] DTYN
[03:49:44] [450/459] PVLE
[03:49:45] [451/459] CIPS
[03:49:46] [452/459] PAEG
[03:49:47] [453/459] PTCW
[03:49:48] [454/459] G3SR
[03:49:49] [455/459] PGND
[03:49:50] [456/459] INVM
[03:49:50] [457/459] SPIA
[03:49:51] [458/459] PCSN
[03:49:52] [459/459] PPGV
[03:49:53] ✅ DONE | Shows=63 | Movies=6
