[10:05:18] 🚀 SCRIPT STARTED
[10:05:18] [1/459] NECA
[10:05:18] 🧠 New identity created
[10:05:19] [2/459] BJLC
[10:05:20] [3/459] BASU
[10:05:21] [4/459] RUPI
[10:05:22] [5/459] LCBK
[10:05:23] [6/459] PMAC
[10:05:23] [7/459] AMLC
[10:05:24] [8/459] LICL
[10:05:25] [9/459] UDMM
[10:05:26] [10/459] STBZ
[10:05:27] [11/459] UUBT
[10:05:28] [12/459] SJKC
[10:05:29] [13/459] TUAL
[10:05:29] [14/459] MRSE
[10:05:30] [15/459] RMRK
[10:05:31] [16/459] TTKP
[10:05:33] [17/459] KTKO
[10:05:34] [18/459] SDBK
[10:05:35] [19/459] MCPR
[10:05:36] [20/459] CHTI
[10:05:37] [21/459] GCCP
[10:05:38] [22/459] SRMY
[10:05:39] [23/459] NYST
[10:05:40] [24/459] NYAG
[10:05:41] [25/459] SBMT
[10:05:42] [26/459] INGA
[10:05:43] [27/459] WSIC
[10:05:43] [28/459] SCSS
[10:05:44] [29/459] COPG
[10:05:45] [30/459] RCGR
[10:05:46] [31/459] TCZA
[10:05:47] [32/459] CNLP
[10:05:48] [33/459] CLKN
[10:05:49] [34/459] LHDF
[10:05:50] [35/459] ELKC
[10:05:51] [36/459] VCEM
[10:05:52] [37/459] SSZA
[10:05:53] [38/459] KRMT
[10:05:54] [39/459] LCMV
[10:05:54] [40/459] AYCZ
[10:05:56] [41/459] CUMS
[10:05:57] [42/459] BOCK
[10:05:57] [43/459] PNMR
[10:05:58] [44/459] PJCP
[10:05:59] [45/459] JDDD
[10:06:00] [46/459] STMS
[10:06:01] [47/459] FLMB
[10:06:01] [48/459] PKCM
[10:06:02] [49/459] SPPR
[10:06:03] [50/459] EYLH
[10:06:04] [51/459] RJCC
[10:06:05] [52/459] MMPS
[10:06:06] [53/459] SHMX
[10:06:08] [54/459] CCNL
[10:06:09] [55/459] RCNV
[10:06:09] [56/459] MAAG
[10:06:10] [57/459] LXCM
[10:06:11] [58/459] RCNI
[10:06:12] [59/459] SNNI
[10:06:14] [60/459] LALC
[10:06:14] [61/459] SOCN
[10:06:15] [62/459] JHTP
[10:06:16] [63/459] PITP
[10:06:17] [64/459] CCKW
[10:06:18] [65/459] MCMC
[10:06:19] [66/459] DEES
[10:06:19] [67/459] SABT
[10:06:20] [68/459] VSPP
[10:06:21] [69/459] ABCT
[10:06:22] [70/459] JVTB
[10:06:23] [71/459] VCBD
[10:06:25] [72/459] RMGG
[10:06:25] [73/459] RNMH
[10:06:26] [74/459] SPGL
[10:06:27] [75/459] JTTR
[10:06:29] [76/459] SICS
[10:06:30] [77/459] SRMI
[10:06:30] [78/459] SSIJ
[10:06:31] [79/459] KFMT
[10:06:32] [80/459] VBIT
[10:06:33] [81/459] JKCT
[10:06:33] [82/459] GCGP
[10:06:35] [83/459] GDCS
[10:06:36] [84/459] TRBA
[10:06:36] [85/459] QUST
[10:06:37] [86/459] VSHM
[10:06:38] [87/459] SDCP
[10:06:38] [88/459] SNVS
[10:06:39] [89/459] NYTO
[10:06:40] [90/459] URWC
[10:06:41] [91/459] GTWH
[10:06:43] [92/459] PFCM
[10:06:44] [93/459] KRTA
[10:06:45] [94/459] AXMC
[10:06:45] [95/459] EVMC
[10:06:46] [96/459] HGSM
[10:06:47] [97/459] ACVM
[10:06:48] [98/459] PSKL
[10:06:49] [99/459] RDMP
[10:06:50] [100/459] RHGH
[10:06:50] [101/459] OMCM
[10:06:51] [102/459] DCCP
[10:06:52] [103/459] MCPB
[10:06:53] [104/459] ALCI
[10:06:54] [105/459] BLMX
[10:06:55] [106/459] BTMV
[10:06:56] [107/459] FVPN
[10:06:57] [108/459] CMAR
[10:06:58] [109/459] CEIM
[10:06:59] [110/459] CMVA
[10:07:00] [111/459] CPIV
[10:07:01] [112/459] CNPE
[10:07:02] [113/459] COLV
[10:07:02] [114/459] DNNV
[10:07:03] [115/459] HCAD
[10:07:04] [116/459] TAKA
[10:07:06] [117/459] INVD
[10:07:07] [118/459] IRMM
[10:07:07] [119/459] INSE
[10:07:08] [120/459] MRSW
[10:07:09] [121/459] MCVD
[10:07:10] [122/459] MCSO
[10:07:11] [123/459] PEVM
[10:07:11] [124/459] PVNL
[10:07:13] [125/459] PTCV
[10:07:15] [126/459] PRTC
[10:07:15] [127/459] RCVA
[10:07:16] [128/459] MTBN
[10:07:17] [129/459] LUCP
[10:07:18] [130/459] FMPT
[10:07:18] [131/459] JLSL
[10:07:19] [132/459] SBHA
[10:07:20] [133/459] SHRC
[10:07:21] [134/459] AVPS
[10:07:22] [135/459] STPM
[10:07:22] [136/459] ATRD
[10:07:23] [137/459] VTED
[10:07:25] [138/459] ACAI
[10:07:26] [139/459] SMAE
[10:07:26] [140/459] VMAT
[10:07:27] [141/459] LKCT
[10:07:28] [142/459] JTVK
[10:07:29] [143/459] PRTY
[10:07:30] [144/459] GETT
[10:07:31] [145/459] ESAP
[10:07:32] [146/459] NCPM
[10:07:33] [147/459] PCPA
[10:07:33] [148/459] MMOM
[10:07:34] [149/459] PHUP
[10:07:35] [150/459] CCPI
[10:07:36] [151/459] CNTD
[10:07:37] [152/459] NLJR
[10:07:38] [153/459] SRNG
[10:07:39] [154/459] MHAL
[10:07:40] [155/459] PNSM
[10:07:40] [156/459] DRMY
[10:07:41] [157/459] CCMU
[10:07:42] [158/459] SCMY
[10:07:42] [159/459] PVSY
[10:07:44] [160/459] SDLM
[10:07:44] [161/459] ICCM
[10:07:45] [162/459] PYSU
[10:07:46] [163/459] GATM
[10:07:47] [164/459] WOTM
[10:07:48] [165/459] RKTS
[10:07:48] [166/459] PMTY
[10:07:50] [167/459] LYMS
[10:07:51] [168/459] TGCA
[10:07:51] [169/459] DSTA
[10:07:52] [170/459] CNGE
[10:07:53] [171/459] VSTG
[10:07:54] [172/459] GTCK
[10:07:54] [173/459] TGNT
[10:07:55] [174/459] ASLC
[10:07:56] [175/459] SSST
[10:07:57] [176/459] KBTT
[10:07:58] [177/459] HKCP
[10:07:59] [178/459] SWLC
[10:08:00] [179/459] RTND
[10:08:01] [180/459] PKKT
[10:08:01] [181/459] HSTK
[10:08:02] [182/459] SPTT
[10:08:03] [183/459] IMPM
[10:08:04] [184/459] SCMV
[10:08:05] [185/459] SPCT
[10:08:06] [186/459] JBCA
[10:08:07] [187/459] ATTR
[10:08:07] [188/459] SPMT
[10:08:08] [189/459] LCTM
[10:08:09] [190/459] SCVL
[10:08:10] [191/459] SCVT
[10:08:11] [192/459] KRIC
[10:08:12] [193/459] CTMG
[10:08:14] [194/459] ACNC
[10:08:15] [195/459] DMCK
[10:08:15] [196/459] KMTV
[10:08:16] [197/459] PFCJ
[10:08:17] [198/459] VNMD
[10:08:18] [199/459] VPCZ
[10:08:19] [200/459] SRYR
[10:08:20] [201/459] SYTR
[10:08:21] [202/459] GATR
[10:08:22] [203/459] URTR
[10:08:23] [204/459] MKSM
[10:08:23] [205/459] VSMH
[10:08:24] [206/459] SKRJ
[10:08:25] [207/459] SSJR
[10:08:26] [208/459] SVSM
[10:08:27] [209/459] RUCM
[10:08:29] [210/459] PRKN
[10:08:30] [211/459] RROH
[10:08:30] [212/459] SCTN
[10:08:31] [213/459] RTDM
[10:08:33] [214/459] ASRM
[10:08:34] [215/459] SKMD
[10:08:35] [216/459] SUTD
[10:08:36] [217/459] SADM
[10:08:37] [218/459] WCNR
[10:08:38] [219/459] CNED
[10:08:39] [220/459] MPDB
[10:08:40] [221/459] KTBH
[10:08:41] [222/459] IDRM
[10:08:43] [223/459] PJJT
[10:08:43] [224/459] PFCV
[10:08:44] [225/459] AACT
[10:08:45] [226/459] AAAD
[10:08:46] [227/459] ANES
[10:08:47] [228/459] MNCA
[10:08:48] [229/459] RMGU
[10:08:49] [230/459] DLCN
[10:08:49] [231/459] LJWT
[10:08:50] [232/459] MCBG
[10:08:51] [233/459] MYBG
[10:08:52] [234/459] GCCA
[10:08:52] [235/459] GCGA
[10:08:54] [236/459] ECGN
[10:08:55] [237/459] PRAB
[10:08:55] [238/459] PNMP
[10:08:56] [239/459] GCPT
[10:08:57] [240/459] ROYN
[10:08:58] [241/459] VATM
[10:08:59] [242/459] KSNT
[10:08:59] [243/459] ACTC
[10:09:00] [244/459] PLTD
[10:09:01] [245/459] SKMK
[10:09:02] [246/459] CMTT
[10:09:04] [247/459] SMXP
[10:09:04] [248/459] SCMX
[10:09:05] [249/459] ACXN
[10:09:06] [250/459] ASWT
[10:09:07] [251/459] VVVL
[10:09:08] [252/459] NAGO
[10:09:09] [253/459] SNCN
[10:09:10] [254/459] MCKP
[10:09:11] [255/459] SAMO
[10:09:11] [256/459] JBTV
[10:09:12] [257/459] DCVV
[10:09:13] [258/459] KMSV
[10:09:14] [259/459] KDCN
[10:09:15] [260/459] CNCP
[10:09:15] [261/459] HAMC
[10:09:16] [262/459] CCVZ
[10:09:17] [263/459] NCCK
[10:09:18] [264/459] MCHR
[10:09:19] [265/459] SCHT
[10:09:20] [266/459] ESSH
[10:09:21] [267/459] CUJC
[10:09:22] [268/459] PECP
[10:09:23] [269/459] PMMI
[10:09:24] [270/459] PCCH
[10:09:25] [271/459] PRPM
[10:09:25] [272/459] PVKL
[10:09:26] [273/459] CBSM
[10:09:27] [274/459] PVCZ
[10:09:28] [275/459] PCVV
[10:09:29] [276/459] CTMJ
[10:09:30] [277/459] RCPS
[10:09:30] [278/459] PCIT
[10:09:31] [279/459] FNCH
[10:09:32] [280/459] INZD
[10:09:33] [281/459] INPC
[10:09:34] [282/459] LCZP
[10:09:35] [283/459] SMCB
[10:09:36] [284/459] PTSB
[10:09:37] [285/459] TPSI
[10:09:38] [286/459] KHMJ
[10:09:38] [287/459] RCCJ
[10:09:39] [288/459] NCJA
[10:09:40] [289/459] NCJN
[10:09:41] [290/459] BTDP
[10:09:42] [291/459] PADY
[10:09:43] [292/459] NYBH
[10:09:43] [293/459] MTBR
[10:09:44] [294/459] KRBC
[10:09:45] [295/459] DKTI
[10:09:45] [296/459] ANAN
[10:09:46] [297/459] INBP
[10:09:47] [298/459] PATB
[10:09:48] [299/459] RGNT
[10:09:49] [300/459] CGPM
[10:09:50] [301/459] INTN
[10:09:50] [302/459] MCMP
[10:09:51] [303/459] ASRG
[10:09:53] [304/459] CXJD
[10:09:54] [305/459] SPCP
[10:09:55] [306/459] CSTP
[10:09:56] [307/459] PKVC
[10:09:56] [308/459] ESCP
[10:09:57] [309/459] CAEP
[10:09:58] [310/459] CCSP
[10:10:00] [311/459] KTPC
[10:10:00] [312/459] DACA
[10:10:01] [313/459] NVKY
[10:10:02] [314/459] PTIN
[10:10:03] [315/459] SCIN
[10:10:03] [316/459] MCTY
[10:10:04] [317/459] PCMX
[10:10:05] [318/459] INIC
[10:10:06] [319/459] MMZM
[10:10:07] [320/459] SSLP
[10:10:08] [321/459] DTDT
[10:10:09] [322/459] FFCX
[10:10:10] [323/459] RCMM
[10:10:11] [324/459] KYID
[10:10:12] [325/459] CSCI
[10:10:13] [326/459] FCMC
[10:10:13] [327/459] MMXI
[10:10:14] [328/459] ASTC
[10:10:15] [329/459] CMRA
[10:10:16] [330/459] DICI
[10:10:17] [331/459] KDIN
[10:10:18] [332/459] PRFI
[10:10:18] [333/459] SVFC
[10:10:19] [334/459] UCPL
[10:10:20] [335/459] COOC
[10:10:21] [336/459] SCAL
[10:10:22] [337/459] SVFF
[10:10:23] [338/459] VCMG
[10:10:23] [339/459] UUCT
[10:10:24] [340/459] GCSE
[10:10:25] [341/459] SUSC
[10:10:26] [342/459] MISC
[10:10:27] [343/459] RMBL
[10:10:28] [344/459] CMXN
[10:10:28] [345/459] PVBK
[10:10:29] [346/459] HHCG
[10:10:30] [347/459] SCAG
[10:10:31] [348/459] CNPR
[10:10:32] [349/459] CSER
[10:10:33] [350/459] HLWD
[10:10:34] [351/459] BOLY
[10:10:35] [352/459] SSPG
[10:10:35] [353/459] MUPX
[10:10:36] [354/459] HAMR
[10:10:37] [355/459] SDNC
[10:10:38] [356/459] RTEN
[10:10:39] [357/459] SDTD
[10:10:39] [358/459] KAWS
[10:10:40] [359/459] CMZX
[10:10:41] [360/459] DCDD
[10:10:41] [361/459] ALSN
[10:10:42] [362/459] IMXS
[10:10:43] [363/459] PVFF
[10:10:44] [364/459] PVOO
[10:10:45] [365/459] CFBS
[10:10:45] [366/459] PVER
[10:10:46] [367/459] PPNX
[10:10:47] [368/459] CNRM
[10:10:48] [369/459] PVWW
[10:10:49] [370/459] INMB
[10:10:49] [371/459] CPJR
[10:10:50] [372/459] INRZ
[10:10:51] [373/459] PMSR
[10:10:52] [374/459] GPGM
[10:10:53] [375/459] PGWB
[10:10:54] [376/459] PMBR
[10:10:55] [377/459] GPAM
[10:10:56] [378/459] INBC
[10:10:57] [379/459] PZVK
[10:10:58] [380/459] CPEB
[10:10:59] [381/459] FMLB
[10:10:59] [382/459] INBG
[10:11:00] [383/459] GPBR
[10:11:01] [384/459] PAAS
[10:11:01] [385/459] VTBR
[10:11:02] [386/459] GPMY
[10:11:03] [387/459] GYBU
[10:11:04] [388/459] INBJ
[10:11:05] [389/459] LKTH
[10:11:05] [390/459] NSBR
[10:11:07] [391/459] PDRD
[10:11:08] [392/459] VRBL
[10:11:08] [393/459] VTGB
[10:11:09] [394/459] VTSK
[10:11:10] [395/459] BKDV
[10:11:12] [396/459] SVTB
[10:11:13] [397/459] MLDT
[10:11:14] [398/459] NRBL
[10:11:15] [399/459] SLTR
[10:11:15] [400/459] VNKA
[10:11:16] [401/459] TDCA
[10:11:17] [402/459] INBM
[10:11:18] [403/459] SSNR
[10:11:19] [404/459] BHAC
[10:11:20] [405/459] SDSD
[10:11:20] [406/459] SAMP
[10:11:21] [407/459] RATK
[10:11:22] [408/459] KCBI
[10:11:24] [409/459] URBL
[10:11:25] [410/459] MKBG
[10:11:26] [411/459] ASTB
[10:11:26] [412/459] VBWT
[10:11:27] [413/459] GPSM
[10:11:28] [414/459] ROON
[10:11:30] [415/459] CHTH
[10:11:30] [416/459] SSPA
[10:11:31] [417/459] ANBL
[10:11:32] [418/459] VTBE
[10:11:33] [419/459] SVKT
[10:11:34] [420/459] SVYK
[10:11:35] [421/459] PTBK
[10:11:36] [422/459] RKTB
[10:11:37] [423/459] BALT
[10:11:38] [424/459] STSV
[10:11:39] [425/459] VCCB
[10:11:40] [426/459] SLTB
[10:11:41] [427/459] SBCR
[10:11:41] [428/459] VDCS
[10:11:42] [429/459] MDKI
[10:11:44] [430/459] SMRN
[10:11:45] [431/459] PTBC
[10:11:46] [432/459] RADI
[10:11:47] [433/459] ADCR
[10:11:48] [434/459] SDCS
[10:11:49] [435/459] SRPJ
[10:11:49] [436/459] ARTS
[10:11:50] [437/459] SRHK
[10:11:51] [438/459] SPAY
[10:11:52] [439/459] GPTB
[10:11:53] [440/459] SNNN
[10:11:54] [441/459] BALJ
[10:11:55] [442/459] TRIG
[10:11:55] [443/459] GTYT
[10:11:57] [444/459] ATGN
[10:11:58] [445/459] ANTE
[10:11:59] [446/459] BDCG
[10:11:59] [447/459] VECI
[10:12:00] [448/459] SCPR
[10:12:01] [449/459] RTEA
[10:12:01] [450/459] JSAI
[10:12:02] [451/459] VJTP
[10:12:03] [452/459] GNDS
[10:12:04] [453/459] PAXA
[10:12:05] [454/459] CGGM
[10:12:06] [455/459] ACKZ
[10:12:06] [456/459] EMCC
[10:12:07] [457/459] KLSK
[10:12:08] [458/459] AVCK
[10:12:09] [459/459] JTCK
[10:12:10] 🧹 Deduping shows
[10:12:10] ✅ DONE | Shows=207 | Movies=33
[16:48:33] 🚀 SCRIPT STARTED
[16:48:33] [1/459] NECA
[16:48:33] 🧠 New identity created
[16:48:34] [2/459] BJLC
[16:48:34] [3/459] BASU
[16:48:35] [4/459] RUPI
[16:48:36] [5/459] LCBK
[16:48:38] [6/459] PMAC
[16:48:39] [7/459] AMLC
[16:48:39] [8/459] LICL
[16:48:40] [9/459] UDMM
[16:48:41] [10/459] STBZ
[16:48:42] [11/459] UUBT
[16:48:43] [12/459] SJKC
[16:48:44] [13/459] TUAL
[16:48:45] [14/459] MRSE
[16:48:45] [15/459] RMRK
[16:48:46] [16/459] TTKP
[16:48:47] [17/459] KTKO
[16:48:48] [18/459] SDBK
[16:48:49] [19/459] MCPR
[16:48:50] [20/459] CHTI
[16:48:51] [21/459] GCCP
[16:48:52] [22/459] SRMY
[16:48:52] [23/459] NYST
[16:48:53] [24/459] NYAG
[16:48:54] [25/459] SBMT
[16:48:55] [26/459] INGA
[16:48:55] [27/459] WSIC
[16:48:56] [28/459] SCSS
[16:48:57] [29/459] COPG
[16:48:58] [30/459] RCGR
[16:48:58] [31/459] TCZA
[16:48:59] [32/459] CNLP
[16:49:00] [33/459] CLKN
[16:49:01] [34/459] LHDF
[16:49:02] [35/459] ELKC
[16:49:02] [36/459] VCEM
[16:49:03] [37/459] SSZA
[16:49:04] [38/459] KRMT
[16:49:05] [39/459] LCMV
[16:49:06] [40/459] AYCZ
[16:49:06] [41/459] CUMS
[16:49:07] [42/459] BOCK
[16:49:08] [43/459] PNMR
[16:49:09] [44/459] PJCP
[16:49:10] [45/459] JDDD
[16:49:11] [46/459] STMS
[16:49:12] [47/459] FLMB
[16:49:13] [48/459] PKCM
[16:49:14] [49/459] SPPR
[16:49:14] [50/459] EYLH
[16:49:15] [51/459] RJCC
[16:49:16] [52/459] MMPS
[16:49:17] [53/459] SHMX
[16:49:18] [54/459] CCNL
[16:49:19] [55/459] RCNV
[16:49:20] [56/459] MAAG
[16:49:21] [57/459] LXCM
[16:49:21] [58/459] RCNI
[16:49:22] [59/459] SNNI
[16:49:23] [60/459] LALC
[16:49:24] [61/459] SOCN
[16:49:24] [62/459] JHTP
[16:49:26] [63/459] PITP
[16:49:28] [64/459] CCKW
[16:49:28] [65/459] MCMC
[16:49:29] [66/459] DEES
[16:49:30] [67/459] SABT
[16:49:31] [68/459] VSPP
[16:49:32] [69/459] ABCT
[16:49:33] [70/459] JVTB
[16:49:34] [71/459] VCBD
[16:49:35] [72/459] RMGG
[16:49:36] [73/459] RNMH
[16:49:36] [74/459] SPGL
[16:49:37] [75/459] JTTR
[16:49:38] [76/459] SICS
[16:49:40] [77/459] SRMI
[16:49:41] [78/459] SSIJ
[16:49:42] [79/459] KFMT
[16:49:43] [80/459] VBIT
[16:49:44] [81/459] JKCT
[16:49:45] [82/459] GCGP
[16:49:46] [83/459] GDCS
[16:49:47] [84/459] TRBA
[16:49:47] [85/459] QUST
[16:49:49] [86/459] VSHM
[16:49:50] [87/459] SDCP
[16:49:51] [88/459] SNVS
[16:49:51] [89/459] NYTO
[16:49:52] [90/459] URWC
[16:49:53] [91/459] GTWH
[16:49:55] [92/459] PFCM
[16:49:56] [93/459] KRTA
[16:49:56] [94/459] AXMC
[16:49:57] [95/459] EVMC
[16:49:58] [96/459] HGSM
[16:49:59] [97/459] ACVM
[16:50:00] [98/459] PSKL
[16:50:01] [99/459] RDMP
[16:50:02] [100/459] RHGH
[16:50:03] [101/459] OMCM
[16:50:04] [102/459] DCCP
[16:50:04] [103/459] MCPB
[16:50:05] [104/459] ALCI
[16:50:06] [105/459] BLMX
[16:50:07] [106/459] BTMV
[16:50:07] [107/459] FVPN
[16:50:08] [108/459] CMAR
[16:50:09] [109/459] CEIM
[16:50:10] [110/459] CMVA
[16:50:11] [111/459] CPIV
[16:50:11] [112/459] CNPE
[16:50:12] [113/459] COLV
[16:50:13] [114/459] DNNV
[16:50:14] [115/459] HCAD
[16:50:15] [116/459] TAKA
[16:50:16] [117/459] INVD
[16:50:17] [118/459] IRMM
[16:50:18] [119/459] INSE
[16:50:19] [120/459] MRSW
[16:50:20] [121/459] MCVD
[16:50:21] [122/459] MCSO
[16:50:21] [123/459] PEVM
[16:50:22] [124/459] PVNL
[16:50:23] [125/459] PTCV
[16:50:24] [126/459] PRTC
[16:50:25] [127/459] RCVA
[16:50:26] [128/459] MTBN
[16:50:27] [129/459] LUCP
[16:50:28] [130/459] FMPT
[16:50:29] [131/459] JLSL
[16:50:30] [132/459] SBHA
[16:50:31] [133/459] SHRC
[16:50:32] [134/459] AVPS
[16:50:33] [135/459] STPM
[16:50:34] [136/459] ATRD
[16:50:35] [137/459] VTED
[16:50:36] [138/459] ACAI
[16:50:36] [139/459] SMAE
[16:50:37] [140/459] VMAT
[16:50:39] [141/459] LKCT
[16:50:39] [142/459] JTVK
[16:50:40] [143/459] PRTY
[16:50:41] [144/459] GETT
[16:50:42] [145/459] ESAP
[16:50:43] [146/459] NCPM
[16:50:44] [147/459] PCPA
[16:50:45] [148/459] MMOM
[16:50:45] [149/459] PHUP
[16:50:46] [150/459] CCPI
[16:50:47] [151/459] CNTD
[16:50:48] [152/459] NLJR
[16:50:49] [153/459] SRNG
[16:50:50] [154/459] MHAL
[16:50:50] [155/459] PNSM
[16:50:51] [156/459] DRMY
[16:50:52] [157/459] CCMU
[16:50:53] [158/459] SCMY
[16:50:54] [159/459] PVSY
[16:50:54] [160/459] SDLM
[16:50:55] [161/459] ICCM
[16:50:56] [162/459] PYSU
[16:50:57] [163/459] GATM
[16:50:58] [164/459] WOTM
[16:50:59] [165/459] RKTS
[16:50:59] [166/459] PMTY
[16:51:00] [167/459] LYMS
[16:51:01] [168/459] TGCA
[16:51:02] [169/459] DSTA
[16:51:03] [170/459] CNGE
[16:51:04] [171/459] VSTG
[16:51:04] [172/459] GTCK
[16:51:05] [173/459] TGNT
[16:51:06] [174/459] ASLC
[16:51:07] [175/459] SSST
[16:51:08] [176/459] KBTT
[16:51:09] [177/459] HKCP
[16:51:10] [178/459] SWLC
[16:51:11] [179/459] RTND
[16:51:11] [180/459] PKKT
[16:51:12] [181/459] HSTK
[16:51:13] [182/459] SPTT
[16:51:14] [183/459] IMPM
[16:51:15] [184/459] SCMV
[16:51:16] [185/459] SPCT
[16:51:17] [186/459] JBCA
[16:51:18] [187/459] ATTR
[16:51:19] [188/459] SPMT
[16:51:19] [189/459] LCTM
[16:51:20] [190/459] SCVL
[16:51:21] [191/459] SCVT
[16:51:22] [192/459] KRIC
[16:51:23] [193/459] CTMG
[16:51:24] [194/459] ACNC
[16:51:25] [195/459] DMCK
[16:51:25] [196/459] KMTV
[16:51:26] [197/459] PFCJ
[16:51:27] [198/459] VNMD
[16:51:28] [199/459] VPCZ
[16:51:29] [200/459] SRYR
[16:51:29] [201/459] SYTR
[16:51:30] [202/459] GATR
[16:51:31] [203/459] URTR
[16:51:32] [204/459] MKSM
[16:51:32] [205/459] VSMH
[16:51:33] [206/459] SKRJ
[16:51:35] [207/459] SSJR
[16:51:36] [208/459] SVSM
[16:51:36] [209/459] RUCM
[16:51:37] [210/459] PRKN
[16:51:39] [211/459] RROH
[16:51:39] [212/459] SCTN
[16:51:40] [213/459] RTDM
[16:51:41] [214/459] ASRM
[16:51:42] [215/459] SKMD
[16:51:43] [216/459] SUTD
[16:51:44] [217/459] SADM
[16:51:45] [218/459] WCNR
[16:51:45] [219/459] CNED
[16:51:46] [220/459] MPDB
[16:51:47] [221/459] KTBH
[16:51:48] [222/459] IDRM
[16:51:49] [223/459] PJJT
[16:51:50] [224/459] PFCV
[16:51:50] [225/459] AACT
[16:51:51] [226/459] AAAD
[16:51:52] [227/459] ANES
[16:51:53] [228/459] MNCA
[16:51:54] [229/459] RMGU
[16:51:54] [230/459] DLCN
[16:51:55] [231/459] LJWT
[16:51:56] [232/459] MCBG
[16:51:57] [233/459] MYBG
[16:51:57] [234/459] GCCA
[16:51:58] [235/459] GCGA
[16:51:59] [236/459] ECGN
[16:52:00] [237/459] PRAB
[16:52:00] [238/459] PNMP
[16:52:01] [239/459] GCPT
[16:52:02] [240/459] ROYN
[16:52:03] [241/459] VATM
[16:52:05] [242/459] KSNT
[16:52:05] [243/459] ACTC
[16:52:06] [244/459] PLTD
[16:52:07] [245/459] SKMK
[16:52:08] [246/459] CMTT
[16:52:08] [247/459] SMXP
[16:52:10] [248/459] SCMX
[16:52:11] [249/459] ACXN
[16:52:12] [250/459] ASWT
[16:52:13] [251/459] VVVL
[16:52:13] [252/459] NAGO
[16:52:14] [253/459] SNCN
[16:52:15] [254/459] MCKP
[16:52:16] [255/459] SAMO
[16:52:18] [256/459] JBTV
[16:52:18] [257/459] DCVV
[16:52:19] [258/459] KMSV
[16:52:20] [259/459] KDCN
[16:52:21] [260/459] CNCP
[16:52:22] [261/459] HAMC
[16:52:23] [262/459] CCVZ
[16:52:23] [263/459] NCCK
[16:52:24] [264/459] MCHR
[16:52:25] [265/459] SCHT
[16:52:25] [266/459] ESSH
[16:52:26] [267/459] CUJC
[16:52:27] [268/459] PECP
[16:52:28] [269/459] PMMI
[16:52:28] [270/459] PCCH
[16:52:29] [271/459] PRPM
[16:52:30] [272/459] PVKL
[16:52:32] [273/459] CBSM
[16:52:33] [274/459] PVCZ
[16:52:33] [275/459] PCVV
[16:52:34] [276/459] CTMJ
[16:52:35] [277/459] RCPS
[16:52:36] [278/459] PCIT
[16:52:36] [279/459] FNCH
[16:52:37] [280/459] INZD
[16:52:38] [281/459] INPC
[16:52:39] [282/459] LCZP
[16:52:40] [283/459] SMCB
[16:52:41] [284/459] PTSB
[16:52:41] [285/459] TPSI
[16:52:42] [286/459] KHMJ
[16:52:43] [287/459] RCCJ
[16:52:44] [288/459] NCJA
[16:52:45] [289/459] NCJN
[16:52:46] [290/459] BTDP
[16:52:47] [291/459] PADY
[16:52:48] [292/459] NYBH
[16:52:48] [293/459] MTBR
[16:52:49] [294/459] KRBC
[16:52:50] [295/459] DKTI
[16:52:51] [296/459] ANAN
[16:52:52] [297/459] INBP
[16:52:52] [298/459] PATB
[16:52:53] [299/459] RGNT
[16:52:55] [300/459] CGPM
[16:52:56] [301/459] INTN
[16:52:56] [302/459] MCMP
[16:52:57] [303/459] ASRG
[16:52:59] [304/459] CXJD
[16:52:59] [305/459] SPCP
[16:53:00] [306/459] CSTP
[16:53:01] [307/459] PKVC
[16:53:02] [308/459] ESCP
[16:53:03] [309/459] CAEP
[16:53:04] [310/459] CCSP
[16:53:04] [311/459] KTPC
[16:53:05] [312/459] DACA
[16:53:07] [313/459] NVKY
[16:53:08] [314/459] PTIN
[16:53:08] [315/459] SCIN
[16:53:09] [316/459] MCTY
[16:53:11] [317/459] PCMX
[16:53:12] [318/459] INIC
[16:53:13] [319/459] MMZM
[16:53:14] [320/459] SSLP
[16:53:14] [321/459] DTDT
[16:53:15] [322/459] FFCX
[16:53:16] [323/459] RCMM
[16:53:17] [324/459] KYID
[16:53:18] [325/459] CSCI
[16:53:19] [326/459] FCMC
[16:53:20] [327/459] MMXI
[16:53:21] [328/459] ASTC
[16:53:21] [329/459] CMRA
[16:53:22] [330/459] DICI
[16:53:23] [331/459] KDIN
[16:53:24] [332/459] PRFI
[16:53:25] [333/459] SVFC
[16:53:26] [334/459] UCPL
[16:53:26] [335/459] COOC
[16:53:27] [336/459] SCAL
[16:53:28] [337/459] SVFF
[16:53:28] [338/459] VCMG
[16:53:29] [339/459] UUCT
[16:53:30] [340/459] GCSE
[16:53:31] [341/459] SUSC
[16:53:32] [342/459] MISC
[16:53:33] [343/459] RMBL
[16:53:34] [344/459] CMXN
[16:53:35] [345/459] PVBK
[16:53:36] [346/459] HHCG
[16:53:37] [347/459] SCAG
[16:53:38] [348/459] CNPR
[16:53:39] [349/459] CSER
[16:53:40] [350/459] HLWD
[16:53:41] [351/459] BOLY
[16:53:42] [352/459] SSPG
[16:53:42] [353/459] MUPX
[16:53:44] [354/459] HAMR
[16:53:45] [355/459] SDNC
[16:53:46] [356/459] RTEN
[16:53:46] [357/459] SDTD
[16:53:47] [358/459] KAWS
[16:53:48] [359/459] CMZX
[16:53:49] [360/459] DCDD
[16:53:50] [361/459] ALSN
[16:53:50] [362/459] IMXS
[16:53:51] [363/459] PVFF
[16:53:52] [364/459] PVOO
[16:53:53] [365/459] CFBS
[16:53:53] [366/459] PVER
[16:53:54] [367/459] PPNX
[16:53:55] [368/459] CNRM
[16:53:56] [369/459] PVWW
[16:53:56] [370/459] INMB
[16:53:57] [371/459] CPJR
[16:53:58] [372/459] INRZ
[16:54:00] [373/459] PMSR
[16:54:00] [374/459] GPGM
[16:54:01] [375/459] PGWB
[16:54:02] [376/459] PMBR
[16:54:03] [377/459] GPAM
[16:54:04] [378/459] INBC
[16:54:05] [379/459] PZVK
[16:54:06] [380/459] CPEB
[16:54:08] [381/459] FMLB
[16:54:09] [382/459] INBG
[16:54:10] [383/459] GPBR
[16:54:11] [384/459] PAAS
[16:54:11] [385/459] VTBR
[16:54:12] [386/459] GPMY
[16:54:13] [387/459] GYBU
[16:54:14] [388/459] INBJ
[16:54:15] [389/459] LKTH
[16:54:15] [390/459] NSBR
[16:54:16] [391/459] PDRD
[16:54:17] [392/459] VRBL
[16:54:18] [393/459] VTGB
[16:54:20] [394/459] VTSK
[16:54:20] [395/459] BKDV
[16:54:21] [396/459] SVTB
[16:54:22] [397/459] MLDT
[16:54:23] [398/459] NRBL
[16:54:24] [399/459] SLTR
[16:54:24] [400/459] VNKA
[16:54:25] [401/459] TDCA
[16:54:26] [402/459] INBM
[16:54:27] [403/459] SSNR
[16:54:28] [404/459] BHAC
[16:54:29] [405/459] SDSD
[16:54:30] [406/459] SAMP
[16:54:31] [407/459] RATK
[16:54:32] [408/459] KCBI
[16:54:32] [409/459] URBL
[16:54:33] [410/459] MKBG
[16:54:35] [411/459] ASTB
[16:54:36] [412/459] VBWT
[16:54:36] [413/459] GPSM
[16:54:37] [414/459] ROON
[16:54:38] [415/459] CHTH
[16:54:39] [416/459] SSPA
[16:54:40] [417/459] ANBL
[16:54:40] [418/459] VTBE
[16:54:41] [419/459] SVKT
[16:54:42] [420/459] SVYK
[16:54:43] [421/459] PTBK
[16:54:44] [422/459] RKTB
[16:54:45] [423/459] BALT
[16:54:45] [424/459] STSV
[16:54:46] [425/459] VCCB
[16:54:47] [426/459] SLTB
[16:54:48] [427/459] SBCR
[16:54:48] [428/459] VDCS
[16:54:49] [429/459] MDKI
[16:54:50] [430/459] SMRN
[16:54:51] [431/459] PTBC
[16:54:52] [432/459] RADI
[16:54:53] [433/459] ADCR
[16:54:54] [434/459] SDCS
[16:54:55] [435/459] SRPJ
[16:54:56] [436/459] ARTS
[16:54:56] [437/459] SRHK
[16:54:57] [438/459] SPAY
[16:54:58] [439/459] GPTB
[16:54:59] [440/459] SNNN
[16:55:00] [441/459] BALJ
[16:55:01] [442/459] TRIG
[16:55:02] [443/459] GTYT
[16:55:03] [444/459] ATGN
[16:55:04] [445/459] ANTE
[16:55:05] [446/459] BDCG
[16:55:06] [447/459] VECI
[16:55:07] [448/459] SCPR
[16:55:08] [449/459] RTEA
[16:55:09] [450/459] JSAI
[16:55:09] [451/459] VJTP
[16:55:10] [452/459] GNDS
[16:55:11] [453/459] PAXA
[16:55:12] [454/459] CGGM
[16:55:12] [455/459] ACKZ
[16:55:13] [456/459] EMCC
[16:55:14] [457/459] KLSK
[16:55:15] [458/459] AVCK
[16:55:15] [459/459] JTCK
[16:55:16] 🧹 Deduping shows
[16:55:16] ✅ DONE | Shows=315 | Movies=42
