[10:05:19] 🚀 SCRIPT STARTED
[10:05:19] [1/459] MBDC
[10:05:19] 🧠 New identity created
[10:05:20] [2/459] CHKM
[10:05:20] [3/459] JTKZ
[10:05:21] [4/459] CMCT
[10:05:22] [5/459] ASHO
[10:05:23] [6/459] ECDG
[10:05:24] [7/459] SPAT
[10:05:25] [8/459] HILC
[10:05:26] [9/459] SPPH
[10:05:26] [10/459] SBHN
[10:05:27] [11/459] RRCA
[10:05:28] [12/459] APAA
[10:05:29] [13/459] RAME
[10:05:30] [14/459] TMMS
[10:05:31] [15/459] BATK
[10:05:31] [16/459] LKOP
[10:05:32] [17/459] AMTT
[10:05:33] [18/459] PTGK
[10:05:34] [19/459] ANRS
[10:05:35] [20/459] VWBW
[10:05:36] [21/459] SVFG
[10:05:36] [22/459] STAT
[10:05:37] [23/459] GDCV
[10:05:38] [24/459] VEBI
[10:05:39] [25/459] VDSS
[10:05:40] [26/459] NTHV
[10:05:41] [27/459] AOCH
[10:05:42] [28/459] KASR
[10:05:43] [29/459] AYCS
[10:05:43] [30/459] SHAI
[10:05:44] [31/459] SKPE
[10:05:45] [32/459] SBTA
[10:05:46] [33/459] RTTD
[10:05:47] [34/459] CCJD
[10:05:48] [35/459] RSJJ
[10:05:49] [36/459] RKND
[10:05:50] [37/459] SVTX
[10:05:51] [38/459] BAKM
[10:05:52] [39/459] SVDC
[10:05:52] [40/459] MNCV
[10:05:53] [41/459] SJGC
[10:05:54] [42/459] MTPK
[10:05:55] [43/459] GATP
[10:05:56] [44/459] ABTS
[10:05:57] [45/459] ABDE
[10:05:58] [46/459] RCNM
[10:05:59] [47/459] KTHV
[10:06:00] [48/459] MDGJ
[10:06:01] [49/459] SMLM
[10:06:02] [50/459] JTMA
[10:06:03] [51/459] ACKP
[10:06:04] [52/459] SRTA
[10:06:05] [53/459] STAY
[10:06:05] [54/459] MAVO
[10:06:06] [55/459] APTS
[10:06:07] [56/459] OMEA
[10:06:08] [57/459] TTFD
[10:06:09] [58/459] MJCU
[10:06:10] [59/459] CXTE
[10:06:11] [60/459] CTPX
[10:06:12] [61/459] ASSL
[10:06:12] [62/459] CMVB
[10:06:13] [63/459] VPUR
[10:06:14] [64/459] JJDA
[10:06:15] [65/459] INBL
[10:06:16] [66/459] BIKB
[10:06:17] [67/459] NTBB
[10:06:18] [68/459] GLOB
[10:06:19] [69/459] SNTB
[10:06:20] [70/459] CHGV
[10:06:20] [71/459] SSBZ
[10:06:21] [72/459] PRDB
[10:06:22] [73/459] ISMT
[10:06:23] [74/459] MCSD
[10:06:24] [75/459] JBTT
[10:06:24] [76/459] GEKR
[10:06:25] [77/459] PVUN
[10:06:26] [78/459] NRTB
[10:06:27] [79/459] PRAA
[10:06:27] [80/459] PCBL
[10:06:28] [81/459] PTCM
[10:06:29] [82/459] KHNN
[10:06:30] [83/459] OMJE
[10:06:31] [84/459] STGN
[10:06:32] [85/459] RPMS
[10:06:33] [86/459] NWAD
[10:06:33] [87/459] BLCK
[10:06:34] [88/459] SVAA
[10:06:35] [89/459] URVM
[10:06:36] [90/459] ANTM
[10:06:36] [91/459] VJYM
[10:06:37] [92/459] MAZZ
[10:06:38] [93/459] CSHM
[10:06:40] [94/459] WGMH
[10:06:40] [95/459] SALN
[10:06:41] [96/459] BRTP
[10:06:42] [97/459] SVTA
[10:06:43] [98/459] SBTP
[10:06:44] [99/459] VLSS
[10:06:44] [100/459] SRJA
[10:06:45] [101/459] ANCG
[10:06:46] [102/459] CGGC
[10:06:47] [103/459] CRJA
[10:06:48] [104/459] USCR
[10:06:50] [105/459] MMEF
[10:06:51] [106/459] JCRJ
[10:06:51] [107/459] ADCM
[10:06:53] [108/459] BMYK
[10:06:54] [109/459] KICS
[10:06:55] [110/459] MBBT
[10:06:56] [111/459] MACK
[10:06:56] [112/459] CLDR
[10:06:57] [113/459] JYCR
[10:06:58] [114/459] DCRP
[10:06:59] [115/459] RAHT
[10:07:00] [116/459] CSSM
[10:07:00] [117/459] ATPK
[10:07:01] [118/459] KLRT
[10:07:02] [119/459] SRDD
[10:07:03] [120/459] CKMC
[10:07:04] [121/459] KRVM
[10:07:05] [122/459] AKCP
[10:07:05] [123/459] CNCV
[10:07:06] [124/459] PACT
[10:07:07] [125/459] NATP
[10:07:08] [126/459] PCPK
[10:07:09] [127/459] SMHO
[10:07:10] [128/459] CWTK
[10:07:10] [129/459] RVKZ
[10:07:11] [130/459] ASPD
[10:07:12] [131/459] VTKZ
[10:07:13] [132/459] LCSO
[10:07:13] [133/459] PRDY
[10:07:14] [134/459] RCAP
[10:07:15] [135/459] RGAR
[10:07:16] [136/459] RCAC
[10:07:17] [137/459] PMOD
[10:07:17] [138/459] PVCN
[10:07:18] [139/459] SCRZ
[10:07:19] [140/459] PVPC
[10:07:20] [141/459] STID
[10:07:21] [142/459] NEDD
[10:07:21] [143/459] BNBA
[10:07:22] [144/459] NTCD
[10:07:23] [145/459] OCDE
[10:07:24] [146/459] CCDU
[10:07:25] [147/459] CRXH
[10:07:25] [148/459] VLVT
[10:07:26] [149/459] CICI
[10:07:27] [150/459] SUCB
[10:07:28] [151/459] TCBP
[10:07:29] [152/459] SCCY
[10:07:30] [153/459] LXCY
[10:07:31] [154/459] NCMD
[10:07:31] [155/459] PHCS
[10:07:32] [156/459] DUXR
[10:07:33] [157/459] VNKS
[10:07:34] [158/459] SEDP
[10:07:35] [159/459] SVEN
[10:07:35] [160/459] SRKM
[10:07:36] [161/459] JTLT
[10:07:37] [162/459] SVSS
[10:07:38] [163/459] AMDE
[10:07:39] [164/459] WVRN
[10:07:40] [165/459] ISMG
[10:07:41] [166/459] WVKS
[10:07:42] [167/459] USCG
[10:07:42] [168/459] IOTG
[10:07:43] [169/459] RRJM
[10:07:44] [170/459] EDMP
[10:07:45] [171/459] SCGZ
[10:07:47] [172/459] GMGX
[10:07:47] [173/459] OMTP
[10:07:48] [174/459] MITD
[10:07:49] [175/459] SMMD
[10:07:49] [176/459] STML
[10:07:50] [177/459] MCFS
[10:07:51] [178/459] FPKA
[10:07:52] [179/459] OMLR
[10:07:53] [180/459] KKSC
[10:07:54] [181/459] RVMA
[10:07:54] [182/459] SCLL
[10:07:56] [183/459] SCDK
[10:07:57] [184/459] SXMI
[10:07:58] [185/459] SHDN
[10:07:59] [186/459] PAAD
[10:07:59] [187/459] UUCB
[10:08:00] [188/459] JHOL
[10:08:01] [189/459] SGWT
[10:08:02] [190/459] SRII
[10:08:03] [191/459] SGCK
[10:08:04] [192/459] SVVB
[10:08:05] [193/459] DMHA
[10:08:05] [194/459] PPNL
[10:08:06] [195/459] CPNL
[10:08:07] [196/459] WVLD
[10:08:08] [197/459] PSLV
[10:08:08] [198/459] VTTL
[10:08:09] [199/459] NPAD
[10:08:10] [200/459] PVCS
[10:08:11] [201/459] MCHL
[10:08:12] [202/459] PPLL
[10:08:12] [203/459] MALO
[10:08:13] [204/459] SWBH
[10:08:14] [205/459] PUGB
[10:08:15] [206/459] INBB
[10:08:15] [207/459] INNS
[10:08:16] [208/459] MCPT
[10:08:17] [209/459] SCMI
[10:08:18] [210/459] OCON
[10:08:19] [211/459] SCSM
[10:08:20] [212/459] RJVN
[10:08:21] [213/459] AMDK
[10:08:22] [214/459] ISMR
[10:08:23] [215/459] SMTD
[10:08:24] [216/459] VTDD
[10:08:25] [217/459] PDDZ
[10:08:26] [218/459] PCCK
[10:08:27] [219/459] INAM
[10:08:27] [220/459] FNKT
[10:08:28] [221/459] GDKA
[10:08:29] [222/459] MAYU
[10:08:30] [223/459] TCGU
[10:08:31] [224/459] KDCA
[10:08:32] [225/459] DOMY
[10:08:32] [226/459] PDDD
[10:08:33] [227/459] BJTS
[10:08:34] [228/459] VTCA
[10:08:35] [229/459] SBTM
[10:08:36] [230/459] SEET
[10:08:37] [231/459] SSTJ
[10:08:38] [232/459] SVNT
[10:08:39] [233/459] PPPR
[10:08:40] [234/459] PVYS
[10:08:41] [235/459] IOSE
[10:08:41] [236/459] ACTV
[10:08:42] [237/459] APVE
[10:08:43] [238/459] TCCL
[10:08:44] [239/459] SCMO
[10:08:45] [240/459] SAUM
[10:08:46] [241/459] KCJS
[10:08:47] [242/459] NJCJ
[10:08:47] [243/459] NECF
[10:08:48] [244/459] CCGW
[10:08:49] [245/459] CCMG
[10:08:50] [246/459] NYRG
[10:08:51] [247/459] NCSQ
[10:08:52] [248/459] GRCG
[10:08:53] [249/459] CCBT
[10:08:53] [250/459] ACGA
[10:08:54] [251/459] INAG
[10:08:55] [252/459] FUCG
[10:08:56] [253/459] AICF
[10:08:57] [254/459] GRGA
[10:08:58] [255/459] GDCN
[10:08:59] [256/459] RRCG
[10:09:00] [257/459] SDCH
[10:09:01] [258/459] WVJM
[10:09:02] [259/459] JCCZ
[10:09:03] [260/459] CNCL
[10:09:03] [261/459] TMLV
[10:09:05] [262/459] MEMB
[10:09:06] [263/459] SGTD
[10:09:06] [264/459] CONX
[10:09:08] [265/459] CCMH
[10:09:08] [266/459] ACMC
[10:09:09] [267/459] DTPD
[10:09:10] [268/459] POJA
[10:09:11] [269/459] FNBH
[10:09:11] [270/459] CGCB
[10:09:12] [271/459] RACN
[10:09:13] [272/459] JTSM
[10:09:14] [273/459] SCDN
[10:09:15] [274/459] AACK
[10:09:16] [275/459] RMCE
[10:09:17] [276/459] BSGB
[10:09:17] [277/459] MRCB
[10:09:18] [278/459] SRVR
[10:09:19] [279/459] VTKK
[10:09:20] [280/459] AMST
[10:09:21] [281/459] APCY
[10:09:22] [282/459] LMHO
[10:09:23] [283/459] MTZH
[10:09:24] [284/459] AMZB
[10:09:25] [285/459] SUVT
[10:09:25] [286/459] RCIP
[10:09:27] [287/459] KESR
[10:09:28] [288/459] SNKC
[10:09:28] [289/459] SCED
[10:09:30] [290/459] DVCA
[10:09:31] [291/459] VCDT
[10:09:32] [292/459] RRDI
[10:09:32] [293/459] DFCH
[10:09:33] [294/459] INSC
[10:09:34] [295/459] RGTR
[10:09:35] [296/459] FMOT
[10:09:35] [297/459] SCPM
[10:09:36] [298/459] GCDT
[10:09:37] [299/459] BRKT
[10:09:38] [300/459] DEMP
[10:09:39] [301/459] SRLC
[10:09:39] [302/459] KSTT
[10:09:40] [303/459] SMMT
[10:09:41] [304/459] SILM
[10:09:42] [305/459] JCVM
[10:09:43] [306/459] KCSV
[10:09:44] [307/459] MHLK
[10:09:45] [308/459] SLVL
[10:09:47] [309/459] RJKP
[10:09:48] [310/459] BBPC
[10:09:49] [311/459] MXCB
[10:09:50] [312/459] TCPK
[10:09:51] [313/459] RTBR
[10:09:51] [314/459] GAUT
[10:09:52] [315/459] DVCF
[10:09:54] [316/459] JTSB
[10:09:55] [317/459] SBLS
[10:09:55] [318/459] UDAY
[10:09:56] [319/459] PTNP
[10:09:57] [320/459] DMKT
[10:09:58] [321/459] NTDT
[10:09:59] [322/459] SHDJ
[10:10:00] [323/459] OTNC
[10:10:01] [324/459] RNTW
[10:10:01] [325/459] GCMI
[10:10:02] [326/459] CRCM
[10:10:03] [327/459] NNCZ
[10:10:04] [328/459] OEMO
[10:10:05] [329/459] PVJM
[10:10:05] [330/459] CPJI
[10:10:06] [331/459] RMCJ
[10:10:07] [332/459] CNWJ
[10:10:08] [333/459] EPJM
[10:10:09] [334/459] FNJJ
[10:10:11] [335/459] GCMJ
[10:10:12] [336/459] INPS
[10:10:12] [337/459] BICJ
[10:10:13] [338/459] ISTJ
[10:10:14] [339/459] INJC
[10:10:15] [340/459] GLXJ
[10:10:16] [341/459] INEM
[10:10:17] [342/459] JTMN
[10:10:17] [343/459] FRCJ
[10:10:18] [344/459] DDJP
[10:10:19] [345/459] INJV
[10:10:20] [346/459] GOLC
[10:10:21] [347/459] KOCI
[10:10:22] [348/459] FSTD
[10:10:24] [349/459] PACJ
[10:10:25] [350/459] GMCN
[10:10:27] [351/459] MMDJ
[10:10:28] [352/459] GODH
[10:10:28] [353/459] SKYN
[10:10:29] [354/459] NCTH
[10:10:30] [355/459] SKVZ
[10:10:30] [356/459] SVML
[10:10:31] [357/459] ACVZ
[10:10:32] [358/459] SURA
[10:10:33] [359/459] RTRB
[10:10:34] [360/459] LLCT
[10:10:35] [361/459] ATTS
[10:10:36] [362/459] JYCM
[10:10:37] [363/459] CTKR
[10:10:38] [364/459] LCKR
[10:10:40] [365/459] NYCV
[10:10:41] [366/459] NYOH
[10:10:42] [367/459] NOVX
[10:10:42] [368/459] MRGK
[10:10:43] [369/459] MOON
[10:10:44] [370/459] SBUC
[10:10:45] [371/459] GSVA
[10:10:46] [372/459] VIAK
[10:10:47] [373/459] SMVZ
[10:10:48] [374/459] MATE
[10:10:49] [375/459] RDCN
[10:10:50] [376/459] ASBL
[10:10:50] [377/459] ASVS
[10:10:51] [378/459] ASSR
[10:10:52] [379/459] SSKN
[10:10:54] [380/459] DRPV
[10:10:54] [381/459] MRHT
[10:10:55] [382/459] BSCN
[10:10:57] [383/459] RKNX
[10:10:58] [384/459] MSMC
[10:10:59] [385/459] MSCJ
[10:11:00] [386/459] BTBJ
[10:11:01] [387/459] MJCC
[10:11:02] [388/459] IOMM
[10:11:02] [389/459] ADGR
[10:11:03] [390/459] MYCP
[10:11:04] [391/459] IGCM
[10:11:05] [392/459] PGRK
[10:11:06] [393/459] VPGO
[10:11:07] [394/459] KOMS
[10:11:08] [395/459] URGG
[10:11:08] [396/459] GOST
[10:11:09] [397/459] LACT
[10:11:10] [398/459] BWCM
[10:11:11] [399/459] NCCW
[10:11:12] [400/459] SKYC
[10:11:12] [401/459] CCPM
[10:11:13] [402/459] VCBT
[10:11:14] [403/459] SDKR
[10:11:15] [404/459] CTYB
[10:11:16] [405/459] SHCX
[10:11:17] [406/459] RCUN
[10:11:17] [407/459] CNRA
[10:11:18] [408/459] RFCA
[10:11:19] [409/459] RDCU
[10:11:20] [410/459] SARK
[10:11:21] [411/459] SPPP
[10:11:21] [412/459] ADMB
[10:11:22] [413/459] JYOE
[10:11:23] [414/459] SRMD
[10:11:24] [415/459] RJDH
[10:11:25] [416/459] SSTD
[10:11:26] [417/459] AACV
[10:11:26] [418/459] PPVD
[10:11:28] [419/459] STCP
[10:11:29] [420/459] ANJR
[10:11:30] [421/459] ANLS
[10:11:30] [422/459] BIJO
[10:11:31] [423/459] AVAB
[10:11:32] [424/459] SPMD
[10:11:34] [425/459] SVJL
[10:11:34] [426/459] SDDJ
[10:11:35] [427/459] SLTU
[10:11:36] [428/459] SAKA
[10:11:37] [429/459] PMAM
[10:11:37] [430/459] FNAM
[10:11:38] [431/459] ACAM
[10:11:39] [432/459] SCMM
[10:11:40] [433/459] PMAK
[10:11:41] [434/459] NYSA
[10:11:41] [435/459] FCPA
[10:11:42] [436/459] GDAN
[10:11:43] [437/459] RSCA
[10:11:44] [438/459] DMAN
[10:11:45] [439/459] DZCM
[10:11:45] [440/459] NSGL
[10:11:46] [441/459] CCPP
[10:11:47] [442/459] PSMG
[10:11:48] [443/459] GSER
[10:11:49] [444/459] FCCT
[10:11:50] [445/459] FCTB
[10:11:51] [446/459] LCNK
[10:11:52] [447/459] SKTY
[10:11:53] [448/459] INAA
[10:11:53] [449/459] RCWN
[10:11:55] [450/459] VAIS
[10:11:57] [451/459] CVMN
[10:11:58] [452/459] INTS
[10:11:58] [453/459] FRGS
[10:12:00] [454/459] DTCK
[10:12:01] [455/459] MCMH
[10:12:01] [456/459] ECRR
[10:12:02] [457/459] RLLP
[10:12:03] [458/459] CCSN
[10:12:04] [459/459] CCBA
[10:12:05] 🧹 Deduping shows
[10:12:05] ✅ DONE | Shows=246 | Movies=26
[16:48:34] 🚀 SCRIPT STARTED
[16:48:34] [1/459] MBDC
[16:48:34] 🧠 New identity created
[16:48:35] [2/459] CHKM
[16:48:37] [3/459] JTKZ
[16:48:38] [4/459] CMCT
[16:48:39] [5/459] ASHO
[16:48:40] [6/459] ECDG
[16:48:40] [7/459] SPAT
[16:48:41] [8/459] HILC
[16:48:42] [9/459] SPPH
[16:48:43] [10/459] SBHN
[16:48:43] [11/459] RRCA
[16:48:44] [12/459] APAA
[16:48:45] [13/459] RAME
[16:48:47] [14/459] TMMS
[16:48:48] [15/459] BATK
[16:48:49] [16/459] LKOP
[16:48:50] [17/459] AMTT
[16:48:51] [18/459] PTGK
[16:48:52] [19/459] ANRS
[16:48:52] [20/459] VWBW
[16:48:53] [21/459] SVFG
[16:48:54] [22/459] STAT
[16:48:55] [23/459] GDCV
[16:48:56] [24/459] VEBI
[16:48:56] [25/459] VDSS
[16:48:57] [26/459] NTHV
[16:48:58] [27/459] AOCH
[16:48:59] [28/459] KASR
[16:49:00] [29/459] AYCS
[16:49:01] [30/459] SHAI
[16:49:02] [31/459] SKPE
[16:49:03] [32/459] SBTA
[16:49:04] [33/459] RTTD
[16:49:04] [34/459] CCJD
[16:49:05] [35/459] RSJJ
[16:49:06] [36/459] RKND
[16:49:07] [37/459] SVTX
[16:49:08] [38/459] BAKM
[16:49:09] [39/459] SVDC
[16:49:10] [40/459] MNCV
[16:49:10] [41/459] SJGC
[16:49:11] [42/459] MTPK
[16:49:12] [43/459] GATP
[16:49:13] [44/459] ABTS
[16:49:14] [45/459] ABDE
[16:49:15] [46/459] RCNM
[16:49:15] [47/459] KTHV
[16:49:16] [48/459] MDGJ
[16:49:17] [49/459] SMLM
[16:49:18] [50/459] JTMA
[16:49:19] [51/459] ACKP
[16:49:20] [52/459] SRTA
[16:49:21] [53/459] STAY
[16:49:22] [54/459] MAVO
[16:49:23] [55/459] APTS
[16:49:24] [56/459] OMEA
[16:49:25] [57/459] TTFD
[16:49:26] [58/459] MJCU
[16:49:27] [59/459] CXTE
[16:49:28] [60/459] CTPX
[16:49:29] [61/459] ASSL
[16:49:29] [62/459] CMVB
[16:49:31] [63/459] VPUR
[16:49:32] [64/459] JJDA
[16:49:32] [65/459] INBL
[16:49:33] [66/459] BIKB
[16:49:34] [67/459] NTBB
[16:49:35] [68/459] GLOB
[16:49:36] [69/459] SNTB
[16:49:37] [70/459] CHGV
[16:49:37] [71/459] SSBZ
[16:49:39] [72/459] PRDB
[16:49:40] [73/459] ISMT
[16:49:41] [74/459] MCSD
[16:49:41] [75/459] JBTT
[16:49:42] [76/459] GEKR
[16:49:43] [77/459] PVUN
[16:49:43] [78/459] NRTB
[16:49:45] [79/459] PRAA
[16:49:46] [80/459] PCBL
[16:49:47] [81/459] PTCM
[16:49:47] [82/459] KHNN
[16:49:48] [83/459] OMJE
[16:49:49] [84/459] STGN
[16:49:50] [85/459] RPMS
[16:49:51] [86/459] NWAD
[16:49:51] [87/459] BLCK
[16:49:52] [88/459] SVAA
[16:49:53] [89/459] URVM
[16:49:54] [90/459] ANTM
[16:49:55] [91/459] VJYM
[16:49:56] [92/459] MAZZ
[16:49:57] [93/459] CSHM
[16:49:57] [94/459] WGMH
[16:49:58] [95/459] SALN
[16:49:59] [96/459] BRTP
[16:50:00] [97/459] SVTA
[16:50:01] [98/459] SBTP
[16:50:03] [99/459] VLSS
[16:50:04] [100/459] SRJA
[16:50:04] [101/459] ANCG
[16:50:05] [102/459] CGGC
[16:50:06] [103/459] CRJA
[16:50:07] [104/459] USCR
[16:50:08] [105/459] MMEF
[16:50:09] [106/459] JCRJ
[16:50:11] [107/459] ADCM
[16:50:12] [108/459] BMYK
[16:50:13] [109/459] KICS
[16:50:13] [110/459] MBBT
[16:50:14] [111/459] MACK
[16:50:15] [112/459] CLDR
[16:50:16] [113/459] JYCR
[16:50:17] [114/459] DCRP
[16:50:18] [115/459] RAHT
[16:50:19] [116/459] CSSM
[16:50:19] [117/459] ATPK
[16:50:20] [118/459] KLRT
[16:50:21] [119/459] SRDD
[16:50:22] [120/459] CKMC
[16:50:23] [121/459] KRVM
[16:50:24] [122/459] AKCP
[16:50:25] [123/459] CNCV
[16:50:26] [124/459] PACT
[16:50:27] [125/459] NATP
[16:50:28] [126/459] PCPK
[16:50:29] [127/459] SMHO
[16:50:30] [128/459] CWTK
[16:50:30] [129/459] RVKZ
[16:50:31] [130/459] ASPD
[16:50:32] [131/459] VTKZ
[16:50:33] [132/459] LCSO
[16:50:34] [133/459] PRDY
[16:50:34] [134/459] RCAP
[16:50:35] [135/459] RGAR
[16:50:36] [136/459] RCAC
[16:50:37] [137/459] PMOD
[16:50:38] [138/459] PVCN
[16:50:39] [139/459] SCRZ
[16:50:40] [140/459] PVPC
[16:50:41] [141/459] STID
[16:50:42] [142/459] NEDD
[16:50:43] [143/459] BNBA
[16:50:44] [144/459] NTCD
[16:50:45] [145/459] OCDE
[16:50:46] [146/459] CCDU
[16:50:47] [147/459] CRXH
[16:50:48] [148/459] VLVT
[16:50:49] [149/459] CICI
[16:50:50] [150/459] SUCB
[16:50:50] [151/459] TCBP
[16:50:51] [152/459] SCCY
[16:50:52] [153/459] LXCY
[16:50:52] [154/459] NCMD
[16:50:54] [155/459] PHCS
[16:50:54] [156/459] DUXR
[16:50:55] [157/459] VNKS
[16:50:56] [158/459] SEDP
[16:50:57] [159/459] SVEN
[16:50:57] [160/459] SRKM
[16:50:58] [161/459] JTLT
[16:50:59] [162/459] SVSS
[16:51:00] [163/459] AMDE
[16:51:00] [164/459] WVRN
[16:51:01] [165/459] ISMG
[16:51:02] [166/459] WVKS
[16:51:03] [167/459] USCG
[16:51:03] [168/459] IOTG
[16:51:04] [169/459] RRJM
[16:51:05] [170/459] EDMP
[16:51:07] [171/459] SCGZ
[16:51:07] [172/459] GMGX
[16:51:08] [173/459] OMTP
[16:51:09] [174/459] MITD
[16:51:10] [175/459] SMMD
[16:51:11] [176/459] STML
[16:51:12] [177/459] MCFS
[16:51:12] [178/459] FPKA
[16:51:13] [179/459] OMLR
[16:51:14] [180/459] KKSC
[16:51:16] [181/459] RVMA
[16:51:17] [182/459] SCLL
[16:51:18] [183/459] SCDK
[16:51:18] [184/459] SXMI
[16:51:19] [185/459] SHDN
[16:51:20] [186/459] PAAD
[16:51:21] [187/459] UUCB
[16:51:23] [188/459] JHOL
[16:51:23] [189/459] SGWT
[16:51:24] [190/459] SRII
[16:51:25] [191/459] SGCK
[16:51:26] [192/459] SVVB
[16:51:27] [193/459] DMHA
[16:51:27] [194/459] PPNL
[16:51:29] [195/459] CPNL
[16:51:30] [196/459] WVLD
[16:51:30] [197/459] PSLV
[16:51:31] [198/459] VTTL
[16:51:32] [199/459] NPAD
[16:51:34] [200/459] PVCS
[16:51:35] [201/459] MCHL
[16:51:36] [202/459] PPLL
[16:51:36] [203/459] MALO
[16:51:37] [204/459] SWBH
[16:51:38] [205/459] PUGB
[16:51:39] [206/459] INBB
[16:51:39] [207/459] INNS
[16:51:40] [208/459] MCPT
[16:51:41] [209/459] SCMI
[16:51:42] [210/459] OCON
[16:51:43] [211/459] SCSM
[16:51:43] [212/459] RJVN
[16:51:44] [213/459] AMDK
[16:51:45] [214/459] ISMR
[16:51:46] [215/459] SMTD
[16:51:46] [216/459] VTDD
[16:51:47] [217/459] PDDZ
[16:51:48] [218/459] PCCK
[16:51:49] [219/459] INAM
[16:51:50] [220/459] FNKT
[16:51:51] [221/459] GDKA
[16:51:51] [222/459] MAYU
[16:51:52] [223/459] TCGU
[16:51:53] [224/459] KDCA
[16:51:54] [225/459] DOMY
[16:51:55] [226/459] PDDD
[16:51:56] [227/459] BJTS
[16:51:57] [228/459] VTCA
[16:51:58] [229/459] SBTM
[16:51:59] [230/459] SEET
[16:52:00] [231/459] SSTJ
[16:52:00] [232/459] SVNT
[16:52:01] [233/459] PPPR
[16:52:02] [234/459] PVYS
[16:52:03] [235/459] IOSE
[16:52:04] [236/459] ACTV
[16:52:04] [237/459] APVE
[16:52:05] [238/459] TCCL
[16:52:06] [239/459] SCMO
[16:52:07] [240/459] SAUM
[16:52:09] [241/459] KCJS
[16:52:09] [242/459] NJCJ
[16:52:10] [243/459] NECF
[16:52:11] [244/459] CCGW
[16:52:12] [245/459] CCMG
[16:52:13] [246/459] NYRG
[16:52:13] [247/459] NCSQ
[16:52:14] [248/459] GRCG
[16:52:15] [249/459] CCBT
[16:52:16] [250/459] ACGA
[16:52:17] [251/459] INAG
[16:52:17] [252/459] FUCG
[16:52:18] [253/459] AICF
[16:52:19] [254/459] GRGA
[16:52:20] [255/459] GDCN
[16:52:21] [256/459] RRCG
[16:52:22] [257/459] SDCH
[16:52:22] [258/459] WVJM
[16:52:23] [259/459] JCCZ
[16:52:24] [260/459] CNCL
[16:52:25] [261/459] TMLV
[16:52:25] [262/459] MEMB
[16:52:26] [263/459] SGTD
[16:52:28] [264/459] CONX
[16:52:29] [265/459] CCMH
[16:52:30] [266/459] ACMC
[16:52:30] [267/459] DTPD
[16:52:31] [268/459] POJA
[16:52:32] [269/459] FNBH
[16:52:33] [270/459] CGCB
[16:52:34] [271/459] RACN
[16:52:34] [272/459] JTSM
[16:52:36] [273/459] SCDN
[16:52:36] [274/459] AACK
[16:52:37] [275/459] RMCE
[16:52:39] [276/459] BSGB
[16:52:40] [277/459] MRCB
[16:52:41] [278/459] SRVR
[16:52:41] [279/459] VTKK
[16:52:42] [280/459] AMST
[16:52:43] [281/459] APCY
[16:52:44] [282/459] LMHO
[16:52:45] [283/459] MTZH
[16:52:45] [284/459] AMZB
[16:52:46] [285/459] SUVT
[16:52:47] [286/459] RCIP
[16:52:48] [287/459] KESR
[16:52:49] [288/459] SNKC
[16:52:49] [289/459] SCED
[16:52:50] [290/459] DVCA
[16:52:51] [291/459] VCDT
[16:52:52] [292/459] RRDI
[16:52:53] [293/459] DFCH
[16:52:54] [294/459] INSC
[16:52:55] [295/459] RGTR
[16:52:56] [296/459] FMOT
[16:52:57] [297/459] SCPM
[16:52:57] [298/459] GCDT
[16:52:58] [299/459] BRKT
[16:52:59] [300/459] DEMP
[16:53:00] [301/459] SRLC
[16:53:01] [302/459] KSTT
[16:53:02] [303/459] SMMT
[16:53:03] [304/459] SILM
[16:53:04] [305/459] JCVM
[16:53:04] [306/459] KCSV
[16:53:06] [307/459] MHLK
[16:53:08] [308/459] SLVL
[16:53:08] [309/459] RJKP
[16:53:09] [310/459] BBPC
[16:53:10] [311/459] MXCB
[16:53:11] [312/459] TCPK
[16:53:12] [313/459] RTBR
[16:53:13] [314/459] GAUT
[16:53:14] [315/459] DVCF
[16:53:15] [316/459] JTSB
[16:53:16] [317/459] SBLS
[16:53:16] [318/459] UDAY
[16:53:17] [319/459] PTNP
[16:53:19] [320/459] DMKT
[16:53:20] [321/459] NTDT
[16:53:21] [322/459] SHDJ
[16:53:22] [323/459] OTNC
[16:53:22] [324/459] RNTW
[16:53:23] [325/459] GCMI
[16:53:24] [326/459] CRCM
[16:53:25] [327/459] NNCZ
[16:53:26] [328/459] OEMO
[16:53:26] [329/459] PVJM
[16:53:27] [330/459] CPJI
[16:53:28] [331/459] RMCJ
[16:53:29] [332/459] CNWJ
[16:53:30] [333/459] EPJM
[16:53:31] [334/459] FNJJ
[16:53:32] [335/459] GCMJ
[16:53:33] [336/459] INPS
[16:53:34] [337/459] BICJ
[16:53:35] [338/459] ISTJ
[16:53:36] [339/459] INJC
[16:53:37] [340/459] GLXJ
[16:53:37] [341/459] INEM
[16:53:38] [342/459] JTMN
[16:53:39] [343/459] FRCJ
[16:53:40] [344/459] DDJP
[16:53:42] [345/459] INJV
[16:53:42] [346/459] GOLC
[16:53:43] [347/459] KOCI
[16:53:44] [348/459] FSTD
[16:53:45] [349/459] PACJ
[16:53:46] [350/459] GMCN
[16:53:47] [351/459] MMDJ
[16:53:47] [352/459] GODH
[16:53:48] [353/459] SKYN
[16:53:49] [354/459] NCTH
[16:53:50] [355/459] SKVZ
[16:53:51] [356/459] SVML
[16:53:53] [357/459] ACVZ
[16:53:54] [358/459] SURA
[16:53:55] [359/459] RTRB
[16:53:55] [360/459] LLCT
[16:53:56] [361/459] ATTS
[16:53:57] [362/459] JYCM
[16:53:58] [363/459] CTKR
[16:53:59] [364/459] LCKR
[16:54:00] [365/459] NYCV
[16:54:01] [366/459] NYOH
[16:54:02] [367/459] NOVX
[16:54:04] [368/459] MRGK
[16:54:05] [369/459] MOON
[16:54:06] [370/459] SBUC
[16:54:06] [371/459] GSVA
[16:54:07] [372/459] VIAK
[16:54:08] [373/459] SMVZ
[16:54:09] [374/459] MATE
[16:54:10] [375/459] RDCN
[16:54:11] [376/459] ASBL
[16:54:12] [377/459] ASVS
[16:54:13] [378/459] ASSR
[16:54:13] [379/459] SSKN
[16:54:14] [380/459] DRPV
[16:54:15] [381/459] MRHT
[16:54:16] [382/459] BSCN
[16:54:17] [383/459] RKNX
[16:54:18] [384/459] MSMC
[16:54:18] [385/459] MSCJ
[16:54:19] [386/459] BTBJ
[16:54:20] [387/459] MJCC
[16:54:21] [388/459] IOMM
[16:54:22] [389/459] ADGR
[16:54:22] [390/459] MYCP
[16:54:24] [391/459] IGCM
[16:54:25] [392/459] PGRK
[16:54:26] [393/459] VPGO
[16:54:26] [394/459] KOMS
[16:54:27] [395/459] URGG
[16:54:28] [396/459] GOST
[16:54:29] [397/459] LACT
[16:54:30] [398/459] BWCM
[16:54:31] [399/459] NCCW
[16:54:31] [400/459] SKYC
[16:54:33] [401/459] CCPM
[16:54:33] [402/459] VCBT
[16:54:34] [403/459] SDKR
[16:54:35] [404/459] CTYB
[16:54:36] [405/459] SHCX
[16:54:37] [406/459] RCUN
[16:54:38] [407/459] CNRA
[16:54:39] [408/459] RFCA
[16:54:40] [409/459] RDCU
[16:54:41] [410/459] SARK
[16:54:41] [411/459] SPPP
[16:54:42] [412/459] ADMB
[16:54:43] [413/459] JYOE
[16:54:44] [414/459] SRMD
[16:54:45] [415/459] RJDH
[16:54:46] [416/459] SSTD
[16:54:47] [417/459] AACV
[16:54:48] [418/459] PPVD
[16:54:48] [419/459] STCP
[16:54:49] [420/459] ANJR
[16:54:51] [421/459] ANLS
[16:54:52] [422/459] BIJO
[16:54:53] [423/459] AVAB
[16:54:54] [424/459] SPMD
[16:54:54] [425/459] SVJL
[16:54:55] [426/459] SDDJ
[16:54:56] [427/459] SLTU
[16:54:57] [428/459] SAKA
[16:54:58] [429/459] PMAM
[16:55:00] [430/459] FNAM
[16:55:00] [431/459] ACAM
[16:55:01] [432/459] SCMM
[16:55:02] [433/459] PMAK
[16:55:03] [434/459] NYSA
[16:55:04] [435/459] FCPA
[16:55:05] [436/459] GDAN
[16:55:06] [437/459] RSCA
[16:55:07] [438/459] DMAN
[16:55:08] [439/459] DZCM
[16:55:09] [440/459] NSGL
[16:55:11] [441/459] CCPP
[16:55:12] [442/459] PSMG
[16:55:12] [443/459] GSER
[16:55:13] [444/459] FCCT
[16:55:14] [445/459] FCTB
[16:55:15] [446/459] LCNK
[16:55:16] [447/459] SKTY
[16:55:17] [448/459] INAA
[16:55:19] [449/459] RCWN
[16:55:19] [450/459] VAIS
[16:55:20] [451/459] CVMN
[16:55:21] [452/459] INTS
[16:55:22] [453/459] FRGS
[16:55:23] [454/459] DTCK
[16:55:24] [455/459] MCMH
[16:55:25] [456/459] ECRR
[16:55:27] [457/459] RLLP
[16:55:27] [458/459] CCSN
[16:55:28] [459/459] CCBA
[16:55:29] 🧹 Deduping shows
[16:55:29] ✅ DONE | Shows=400 | Movies=36
[04:49:00] 🚀 SCRIPT STARTED
[04:49:00] [1/459] MBDC
[04:49:00] 🧠 New identity created
[04:49:01] [2/459] CHKM
[04:49:02] [3/459] JTKZ
[04:49:03] [4/459] CMCT
[04:49:03] [5/459] ASHO
[04:49:04] [6/459] ECDG
[04:49:05] [7/459] SPAT
[04:49:06] [8/459] HILC
[04:49:07] [9/459] SPPH
[04:49:07] [10/459] SBHN
[04:49:08] [11/459] RRCA
[04:49:09] [12/459] APAA
[04:49:10] [13/459] RAME
[04:49:11] [14/459] TMMS
[04:49:12] [15/459] BATK
[04:49:12] [16/459] LKOP
[04:49:13] [17/459] AMTT
[04:49:14] [18/459] PTGK
[04:49:16] [19/459] ANRS
[04:49:17] [20/459] VWBW
[04:49:18] [21/459] SVFG
[04:49:19] [22/459] STAT
[04:49:21] [23/459] GDCV
[04:49:22] [24/459] VEBI
[04:49:23] [25/459] VDSS
[04:49:24] [26/459] NTHV
[04:49:26] [27/459] AOCH
[04:49:26] [28/459] KASR
[04:49:28] [29/459] AYCS
[04:49:29] [30/459] SHAI
[04:49:30] [31/459] SKPE
[04:49:31] [32/459] SBTA
[04:49:32] [33/459] RTTD
[04:49:33] [34/459] CCJD
[04:49:33] [35/459] RSJJ
[04:49:34] [36/459] RKND
[04:49:35] [37/459] SVTX
[04:49:36] [38/459] BAKM
[04:49:37] [39/459] SVDC
[04:49:38] [40/459] MNCV
[04:49:39] [41/459] SJGC
[04:49:40] [42/459] MTPK
[04:49:40] [43/459] GATP
[04:49:42] [44/459] ABTS
[04:49:43] [45/459] ABDE
[04:49:45] [46/459] RCNM
[04:49:46] [47/459] KTHV
[04:49:46] [48/459] MDGJ
[04:49:48] [49/459] SMLM
[04:49:49] [50/459] JTMA
[04:49:49] [51/459] ACKP
[04:49:50] [52/459] SRTA
[04:49:51] [53/459] STAY
[04:49:52] [54/459] MAVO
[04:49:53] [55/459] APTS
[04:49:54] [56/459] OMEA
[04:49:55] [57/459] TTFD
[04:49:56] [58/459] MJCU
[04:49:57] [59/459] CXTE
[04:49:58] [60/459] CTPX
[04:49:59] [61/459] ASSL
[04:49:59] [62/459] CMVB
[04:50:01] [63/459] VPUR
[04:50:02] [64/459] JJDA
[04:50:03] [65/459] INBL
[04:50:04] [66/459] BIKB
[04:50:04] [67/459] NTBB
[04:50:05] [68/459] GLOB
[04:50:06] [69/459] SNTB
[04:50:07] [70/459] CHGV
[04:50:08] [71/459] SSBZ
[04:50:08] [72/459] PRDB
[04:50:09] [73/459] ISMT
[04:50:10] [74/459] MCSD
[04:50:11] [75/459] JBTT
[04:50:12] [76/459] GEKR
[04:50:13] [77/459] PVUN
[04:50:14] [78/459] NRTB
[04:50:15] [79/459] PRAA
[04:50:15] [80/459] PCBL
[04:50:16] [81/459] PTCM
[04:50:17] [82/459] KHNN
[04:50:18] [83/459] OMJE
[04:50:19] [84/459] STGN
[04:50:19] [85/459] RPMS
[04:50:21] [86/459] NWAD
[04:50:22] [87/459] BLCK
[04:50:23] [88/459] SVAA
[04:50:24] [89/459] URVM
[04:50:25] [90/459] ANTM
[04:50:25] [91/459] VJYM
[04:50:26] [92/459] MAZZ
[04:50:27] [93/459] CSHM
[04:50:28] [94/459] WGMH
[04:50:29] [95/459] SALN
[04:50:29] [96/459] BRTP
[04:50:30] [97/459] SVTA
[04:50:31] [98/459] SBTP
[04:50:32] [99/459] VLSS
[04:50:33] [100/459] SRJA
[04:50:33] [101/459] ANCG
[04:50:34] [102/459] CGGC
[04:50:35] [103/459] CRJA
[04:50:36] [104/459] USCR
[04:50:37] [105/459] MMEF
[04:50:37] [106/459] JCRJ
[04:50:38] [107/459] ADCM
[04:50:40] [108/459] BMYK
[04:50:41] [109/459] KICS
[04:50:41] [110/459] MBBT
[04:50:43] [111/459] MACK
[04:50:44] [112/459] CLDR
[04:50:45] [113/459] JYCR
[04:50:46] [114/459] DCRP
[04:50:46] [115/459] RAHT
[04:50:47] [116/459] CSSM
[04:50:48] [117/459] ATPK
[04:50:49] [118/459] KLRT
[04:50:50] [119/459] SRDD
[04:50:51] [120/459] CKMC
[04:50:52] [121/459] KRVM
[04:50:53] [122/459] AKCP
[04:50:54] [123/459] CNCV
[04:50:56] [124/459] PACT
[04:50:57] [125/459] NATP
[04:50:57] [126/459] PCPK
[04:50:59] [127/459] SMHO
[04:51:00] [128/459] CWTK
[04:51:01] [129/459] RVKZ
[04:51:01] [130/459] ASPD
[04:51:02] [131/459] VTKZ
[04:51:03] [132/459] LCSO
[04:51:04] [133/459] PRDY
[04:51:05] [134/459] RCAP
[04:51:05] [135/459] RGAR
[04:51:06] [136/459] RCAC
[04:51:07] [137/459] PMOD
[04:51:08] [138/459] PVCN
[04:51:09] [139/459] SCRZ
[04:51:10] [140/459] PVPC
[04:51:10] [141/459] STID
[04:51:11] [142/459] NEDD
[04:51:12] [143/459] BNBA
[04:51:13] [144/459] NTCD
[04:51:13] [145/459] OCDE
[04:51:14] [146/459] CCDU
[04:51:15] [147/459] CRXH
[04:51:17] [148/459] VLVT
[04:51:18] [149/459] CICI
[04:51:19] [150/459] SUCB
[04:51:19] [151/459] TCBP
[04:51:20] [152/459] SCCY
[04:51:21] [153/459] LXCY
[04:51:22] [154/459] NCMD
[04:51:23] [155/459] PHCS
[04:51:24] [156/459] DUXR
[04:51:24] [157/459] VNKS
[04:51:25] [158/459] SEDP
[04:51:26] [159/459] SVEN
[04:51:27] [160/459] SRKM
[04:51:28] [161/459] JTLT
[04:51:29] [162/459] SVSS
[04:51:30] [163/459] AMDE
[04:51:30] [164/459] WVRN
[04:51:31] [165/459] ISMG
[04:51:32] [166/459] WVKS
[04:51:33] [167/459] USCG
[04:51:33] [168/459] IOTG
[04:51:34] [169/459] RRJM
[04:51:35] [170/459] EDMP
[04:51:36] [171/459] SCGZ
[04:51:37] [172/459] GMGX
[04:51:38] [173/459] OMTP
[04:51:38] [174/459] MITD
[04:51:39] [175/459] SMMD
[04:51:40] [176/459] STML
[04:51:41] [177/459] MCFS
[04:51:42] [178/459] FPKA
[04:51:43] [179/459] OMLR
[04:51:43] [180/459] KKSC
[04:51:44] [181/459] RVMA
[04:51:45] [182/459] SCLL
[04:51:46] [183/459] SCDK
[04:51:47] [184/459] SXMI
[04:51:47] [185/459] SHDN
[04:51:48] [186/459] PAAD
[04:51:49] [187/459] UUCB
[04:51:50] [188/459] JHOL
[04:51:51] [189/459] SGWT
[04:51:52] [190/459] SRII
[04:51:53] [191/459] SGCK
[04:51:53] [192/459] SVVB
[04:51:54] [193/459] DMHA
[04:51:56] [194/459] PPNL
[04:51:56] [195/459] CPNL
[04:51:57] [196/459] WVLD
[04:51:58] [197/459] PSLV
[04:51:59] [198/459] VTTL
[04:52:00] [199/459] NPAD
[04:52:01] [200/459] PVCS
[04:52:01] [201/459] MCHL
[04:52:02] [202/459] PPLL
[04:52:04] [203/459] MALO
[04:52:05] [204/459] SWBH
[04:52:06] [205/459] PUGB
[04:52:07] [206/459] INBB
[04:52:07] [207/459] INNS
[04:52:08] [208/459] MCPT
[04:52:09] [209/459] SCMI
[04:52:09] [210/459] OCON
[04:52:10] [211/459] SCSM
[04:52:11] [212/459] RJVN
[04:52:12] [213/459] AMDK
[04:52:13] [214/459] ISMR
[04:52:14] [215/459] SMTD
[04:52:14] [216/459] VTDD
[04:52:15] [217/459] PDDZ
[04:52:16] [218/459] PCCK
[04:52:16] [219/459] INAM
[04:52:17] [220/459] FNKT
[04:52:18] [221/459] GDKA
[04:52:19] [222/459] MAYU
[04:52:20] [223/459] TCGU
[04:52:20] [224/459] KDCA
[04:52:21] [225/459] DOMY
[04:52:22] [226/459] PDDD
[04:52:23] [227/459] BJTS
[04:52:24] [228/459] VTCA
[04:52:25] [229/459] SBTM
[04:52:26] [230/459] SEET
[04:52:27] [231/459] SSTJ
[04:52:28] [232/459] SVNT
[04:52:29] [233/459] PPPR
[04:52:29] [234/459] PVYS
[04:52:30] [235/459] IOSE
[04:52:31] [236/459] ACTV
[04:52:32] [237/459] APVE
[04:52:33] [238/459] TCCL
[04:52:34] [239/459] SCMO
[04:52:34] [240/459] SAUM
[04:52:35] [241/459] KCJS
[04:52:36] [242/459] NJCJ
[04:52:38] [243/459] NECF
[04:52:39] [244/459] CCGW
[04:52:40] [245/459] CCMG
[04:52:41] [246/459] NYRG
[04:52:42] [247/459] NCSQ
[04:52:42] [248/459] GRCG
[04:52:43] [249/459] CCBT
[04:52:44] [250/459] ACGA
[04:52:46] [251/459] INAG
[04:52:47] [252/459] FUCG
[04:52:47] [253/459] AICF
[04:52:48] [254/459] GRGA
[04:52:49] [255/459] GDCN
[04:52:50] [256/459] RRCG
[04:52:51] [257/459] SDCH
[04:52:51] [258/459] WVJM
[04:52:52] [259/459] JCCZ
[04:52:53] [260/459] CNCL
[04:52:55] [261/459] TMLV
[04:52:56] [262/459] MEMB
[04:52:56] [263/459] SGTD
[04:52:58] [264/459] CONX
[04:52:59] [265/459] CCMH
[04:53:00] [266/459] ACMC
[04:53:00] [267/459] DTPD
[04:53:01] [268/459] POJA
[04:53:03] [269/459] FNBH
[04:53:04] [270/459] CGCB
[04:53:05] [271/459] RACN
[04:53:06] [272/459] JTSM
[04:53:06] [273/459] SCDN
[04:53:07] [274/459] AACK
[04:53:09] [275/459] RMCE
[04:53:10] [276/459] BSGB
[04:53:11] [277/459] MRCB
[04:53:12] [278/459] SRVR
[04:53:12] [279/459] VTKK
[04:53:14] [280/459] AMST
[04:53:15] [281/459] APCY
[04:53:17] [282/459] LMHO
[04:53:18] [283/459] MTZH
[04:53:20] [284/459] AMZB
[04:53:20] [285/459] SUVT
[04:53:21] [286/459] RCIP
[04:53:22] [287/459] KESR
[04:53:23] [288/459] SNKC
[04:53:24] [289/459] SCED
[04:53:25] [290/459] DVCA
[04:53:25] [291/459] VCDT
[04:53:26] [292/459] RRDI
[04:53:27] [293/459] DFCH
[04:53:28] [294/459] INSC
[04:53:28] [295/459] RGTR
[04:53:29] [296/459] FMOT
[04:53:30] [297/459] SCPM
[04:53:31] [298/459] GCDT
[04:53:32] [299/459] BRKT
[04:53:33] [300/459] DEMP
[04:53:34] [301/459] SRLC
[04:53:35] [302/459] KSTT
[04:53:36] [303/459] SMMT
[04:53:38] [304/459] SILM
[04:53:38] [305/459] JCVM
[04:53:40] [306/459] KCSV
[04:53:40] [307/459] MHLK
[04:53:41] [308/459] SLVL
[04:53:42] [309/459] RJKP
[04:53:43] [310/459] BBPC
[04:53:44] [311/459] MXCB
[04:53:46] [312/459] TCPK
[04:53:46] [313/459] RTBR
[04:53:47] [314/459] GAUT
[04:53:49] [315/459] DVCF
[04:53:50] [316/459] JTSB
[04:53:51] [317/459] SBLS
[04:53:52] [318/459] UDAY
[04:53:53] [319/459] PTNP
[04:53:54] [320/459] DMKT
[04:53:55] [321/459] NTDT
[04:53:56] [322/459] SHDJ
[04:53:57] [323/459] OTNC
[04:53:58] [324/459] RNTW
[04:53:59] [325/459] GCMI
[04:54:00] [326/459] CRCM
[04:54:01] [327/459] NNCZ
[04:54:01] [328/459] OEMO
[04:54:02] [329/459] PVJM
[04:54:03] [330/459] CPJI
[04:54:04] [331/459] RMCJ
[04:54:05] [332/459] CNWJ
[04:54:06] [333/459] EPJM
[04:54:06] [334/459] FNJJ
[04:54:07] [335/459] GCMJ
[04:54:08] [336/459] INPS
[04:54:09] [337/459] BICJ
[04:54:10] [338/459] ISTJ
[04:54:11] [339/459] INJC
[04:54:12] [340/459] GLXJ
[04:54:13] [341/459] INEM
[04:54:14] [342/459] JTMN
[04:54:15] [343/459] FRCJ
[04:54:16] [344/459] DDJP
[04:54:16] [345/459] INJV
[04:54:17] [346/459] GOLC
[04:54:18] [347/459] KOCI
[04:54:19] [348/459] FSTD
[04:54:21] [349/459] PACJ
[04:54:21] [350/459] GMCN
[04:54:22] [351/459] MMDJ
[04:54:23] [352/459] GODH
[04:54:24] [353/459] SKYN
[04:54:25] [354/459] NCTH
[04:54:26] [355/459] SKVZ
[04:54:26] [356/459] SVML
[04:54:27] [357/459] ACVZ
[04:54:28] [358/459] SURA
[04:54:29] [359/459] RTRB
[04:54:30] [360/459] LLCT
[04:54:31] [361/459] ATTS
[04:54:32] [362/459] JYCM
[04:54:33] [363/459] CTKR
[04:54:33] [364/459] LCKR
[04:54:35] [365/459] NYCV
[04:54:36] [366/459] NYOH
[04:54:37] [367/459] NOVX
[04:54:37] [368/459] MRGK
[04:54:38] [369/459] MOON
[04:54:39] [370/459] SBUC
[04:54:40] [371/459] GSVA
[04:54:41] [372/459] VIAK
[04:54:42] [373/459] SMVZ
[04:54:42] [374/459] MATE
[04:54:44] [375/459] RDCN
[04:54:45] [376/459] ASBL
[04:54:46] [377/459] ASVS
[04:54:46] [378/459] ASSR
[04:54:47] [379/459] SSKN
[04:54:48] [380/459] DRPV
[04:54:49] [381/459] MRHT
[04:54:50] [382/459] BSCN
[04:54:51] [383/459] RKNX
[04:54:52] [384/459] MSMC
[04:54:53] [385/459] MSCJ
[04:54:54] [386/459] BTBJ
[04:54:55] [387/459] MJCC
[04:54:56] [388/459] IOMM
[04:54:57] [389/459] ADGR
[04:54:58] [390/459] MYCP
[04:54:59] [391/459] IGCM
[04:55:00] [392/459] PGRK
[04:55:01] [393/459] VPGO
[04:55:02] [394/459] KOMS
[04:55:03] [395/459] URGG
[04:55:04] [396/459] GOST
[04:55:05] [397/459] LACT
[04:55:06] [398/459] BWCM
[04:55:06] [399/459] NCCW
[04:55:07] [400/459] SKYC
[04:55:08] [401/459] CCPM
[04:55:09] [402/459] VCBT
[04:55:10] [403/459] SDKR
[04:55:10] [404/459] CTYB
[04:55:11] [405/459] SHCX
[04:55:12] [406/459] RCUN
[04:55:13] [407/459] CNRA
[04:55:14] [408/459] RFCA
[04:55:14] [409/459] RDCU
[04:55:15] [410/459] SARK
[04:55:16] [411/459] SPPP
[04:55:17] [412/459] ADMB
[04:55:18] [413/459] JYOE
[04:55:19] [414/459] SRMD
[04:55:20] [415/459] RJDH
[04:55:21] [416/459] SSTD
[04:55:21] [417/459] AACV
[04:55:22] [418/459] PPVD
[04:55:23] [419/459] STCP
[04:55:24] [420/459] ANJR
[04:55:25] [421/459] ANLS
[04:55:26] [422/459] BIJO
[04:55:26] [423/459] AVAB
[04:55:27] [424/459] SPMD
[04:55:28] [425/459] SVJL
[04:55:29] [426/459] SDDJ
[04:55:30] [427/459] SLTU
[04:55:31] [428/459] SAKA
[04:55:32] [429/459] PMAM
[04:55:34] [430/459] FNAM
[04:55:35] [431/459] ACAM
[04:55:37] [432/459] SCMM
[04:55:38] [433/459] PMAK
[04:55:39] [434/459] NYSA
[04:55:40] [435/459] FCPA
[04:55:41] [436/459] GDAN
[04:55:42] [437/459] RSCA
[04:55:43] [438/459] DMAN
[04:55:44] [439/459] DZCM
[04:55:44] [440/459] NSGL
[04:55:45] [441/459] CCPP
[04:55:46] [442/459] PSMG
[04:55:47] [443/459] GSER
[04:55:48] [444/459] FCCT
[04:55:49] [445/459] FCTB
[04:55:49] [446/459] LCNK
[04:55:50] [447/459] SKTY
[04:55:51] [448/459] INAA
[04:55:52] [449/459] RCWN
[04:55:53] [450/459] VAIS
[04:55:53] [451/459] CVMN
[04:55:54] [452/459] INTS
[04:55:55] [453/459] FRGS
[04:55:57] [454/459] DTCK
[04:55:58] [455/459] MCMH
[04:55:59] [456/459] ECRR
[04:55:59] [457/459] RLLP
[04:56:01] [458/459] CCSN
[04:56:02] [459/459] CCBA
[04:56:03] 🧹 Deduping shows
[04:56:03] ✅ DONE | Shows=511 | Movies=43
[12:02:18] 🚀 SCRIPT STARTED
[12:02:18] [1/459] MBDC
[12:02:18] 🧠 New identity created
[12:02:19] [2/459] CHKM
[12:02:20] [3/459] JTKZ
[12:02:21] [4/459] CMCT
[12:02:22] [5/459] ASHO
[12:02:23] [6/459] ECDG
[12:02:24] [7/459] SPAT
[12:02:24] [8/459] HILC
[12:02:25] [9/459] SPPH
[12:02:26] [10/459] SBHN
[12:02:27] [11/459] RRCA
[12:02:28] [12/459] APAA
[12:02:28] [13/459] RAME
[12:02:29] [14/459] TMMS
[12:02:30] [15/459] BATK
[12:02:31] [16/459] LKOP
[12:02:32] [17/459] AMTT
[12:02:33] [18/459] PTGK
[12:02:33] [19/459] ANRS
[12:02:35] [20/459] VWBW
[12:02:36] [21/459] SVFG
[12:02:36] [22/459] STAT
[12:02:37] [23/459] GDCV
[12:02:38] [24/459] VEBI
[12:02:38] [25/459] VDSS
[12:02:39] [26/459] NTHV
[12:02:40] [27/459] AOCH
[12:02:41] [28/459] KASR
[12:02:42] [29/459] AYCS
[12:02:43] [30/459] SHAI
[12:02:43] [31/459] SKPE
[12:02:44] [32/459] SBTA
[12:02:46] [33/459] RTTD
[12:02:47] [34/459] CCJD
[12:02:48] [35/459] RSJJ
[12:02:48] [36/459] RKND
[12:02:49] [37/459] SVTX
[12:02:50] [38/459] BAKM
[12:02:51] [39/459] SVDC
[12:02:52] [40/459] MNCV
[12:02:53] [41/459] SJGC
[12:02:53] [42/459] MTPK
[12:02:54] [43/459] GATP
[12:02:55] [44/459] ABTS
[12:02:56] [45/459] ABDE
[12:02:57] [46/459] RCNM
[12:02:58] [47/459] KTHV
[12:02:59] [48/459] MDGJ
[12:02:59] [49/459] SMLM
[12:03:00] [50/459] JTMA
[12:03:01] [51/459] ACKP
[12:03:02] [52/459] SRTA
[12:03:03] [53/459] STAY
[12:03:03] [54/459] MAVO
[12:03:04] [55/459] APTS
[12:03:05] [56/459] OMEA
[12:03:06] [57/459] TTFD
[12:03:07] [58/459] MJCU
[12:03:08] [59/459] CXTE
[12:03:09] [60/459] CTPX
[12:03:09] [61/459] ASSL
[12:03:10] [62/459] CMVB
[12:03:11] [63/459] VPUR
[12:03:12] [64/459] JJDA
[12:03:12] [65/459] INBL
[12:03:13] [66/459] BIKB
[12:03:14] [67/459] NTBB
[12:03:15] [68/459] GLOB
[12:03:16] [69/459] SNTB
[12:03:17] [70/459] CHGV
[12:03:17] [71/459] SSBZ
[12:03:18] [72/459] PRDB
[12:03:19] [73/459] ISMT
[12:03:20] [74/459] MCSD
[12:03:20] [75/459] JBTT
[12:03:22] [76/459] GEKR
[12:03:23] [77/459] PVUN
[12:03:24] [78/459] NRTB
[12:03:25] [79/459] PRAA
[12:03:25] [80/459] PCBL
[12:03:26] [81/459] PTCM
[12:03:27] [82/459] KHNN
[12:03:28] [83/459] OMJE
[12:03:28] [84/459] STGN
[12:03:29] [85/459] RPMS
[12:03:30] [86/459] NWAD
[12:03:31] [87/459] BLCK
[12:03:32] [88/459] SVAA
[12:03:33] [89/459] URVM
[12:03:34] [90/459] ANTM
[12:03:35] [91/459] VJYM
[12:03:36] [92/459] MAZZ
[12:03:37] [93/459] CSHM
[12:03:37] [94/459] WGMH
[12:03:39] [95/459] SALN
[12:03:39] [96/459] BRTP
[12:03:40] [97/459] SVTA
[12:03:42] [98/459] SBTP
[12:03:43] [99/459] VLSS
[12:03:43] [100/459] SRJA
[12:03:44] [101/459] ANCG
[12:03:45] [102/459] CGGC
[12:03:46] [103/459] CRJA
[12:03:46] [104/459] USCR
[12:03:47] [105/459] MMEF
[12:03:48] [106/459] JCRJ
[12:03:49] [107/459] ADCM
[12:03:50] [108/459] BMYK
[12:03:51] [109/459] KICS
[12:03:51] [110/459] MBBT
[12:03:52] [111/459] MACK
[12:03:53] [112/459] CLDR
[12:03:54] [113/459] JYCR
[12:03:55] [114/459] DCRP
[12:03:56] [115/459] RAHT
[12:03:58] [116/459] CSSM
[12:03:59] [117/459] ATPK
[12:04:00] [118/459] KLRT
[12:04:01] [119/459] SRDD
[12:04:02] [120/459] CKMC
[12:04:02] [121/459] KRVM
[12:04:03] [122/459] AKCP
[12:04:04] [123/459] CNCV
[12:04:05] [124/459] PACT
[12:04:06] [125/459] NATP
[12:04:07] [126/459] PCPK
[12:04:08] [127/459] SMHO
[12:04:09] [128/459] CWTK
[12:04:09] [129/459] RVKZ
[12:04:10] [130/459] ASPD
[12:04:11] [131/459] VTKZ
[12:04:12] [132/459] LCSO
[12:04:13] [133/459] PRDY
[12:04:13] [134/459] RCAP
[12:04:15] [135/459] RGAR
[12:04:16] [136/459] RCAC
[12:04:16] [137/459] PMOD
[12:04:17] [138/459] PVCN
[12:04:18] [139/459] SCRZ
[12:04:19] [140/459] PVPC
[12:04:20] [141/459] STID
[12:04:20] [142/459] NEDD
[12:04:21] [143/459] BNBA
[12:04:22] [144/459] NTCD
[12:04:22] [145/459] OCDE
[12:04:23] [146/459] CCDU
[12:04:24] [147/459] CRXH
[12:04:25] [148/459] VLVT
[12:04:26] [149/459] CICI
[12:04:27] [150/459] SUCB
[12:04:28] [151/459] TCBP
[12:04:29] [152/459] SCCY
[12:04:29] [153/459] LXCY
[12:04:30] [154/459] NCMD
[12:04:31] [155/459] PHCS
[12:04:32] [156/459] DUXR
[12:04:32] [157/459] VNKS
[12:04:33] [158/459] SEDP
[12:04:34] [159/459] SVEN
[12:04:34] [160/459] SRKM
[12:04:35] [161/459] JTLT
[12:04:36] [162/459] SVSS
[12:04:37] [163/459] AMDE
[12:04:38] [164/459] WVRN
[12:04:39] [165/459] ISMG
[12:04:39] [166/459] WVKS
[12:04:40] [167/459] USCG
[12:04:41] [168/459] IOTG
[12:04:42] [169/459] RRJM
[12:04:43] [170/459] EDMP
[12:04:44] [171/459] SCGZ
[12:04:46] [172/459] GMGX
[12:04:47] [173/459] OMTP
[12:04:47] [174/459] MITD
[12:04:48] [175/459] SMMD
[12:04:49] [176/459] STML
[12:04:50] [177/459] MCFS
[12:04:51] [178/459] FPKA
[12:04:52] [179/459] OMLR
[12:04:53] [180/459] KKSC
[12:04:54] [181/459] RVMA
[12:04:55] [182/459] SCLL
[12:04:56] [183/459] SCDK
[12:04:57] [184/459] SXMI
[12:04:58] [185/459] SHDN
[12:04:59] [186/459] PAAD
[12:05:01] [187/459] UUCB
[12:05:02] [188/459] JHOL
[12:05:02] [189/459] SGWT
[12:05:04] [190/459] SRII
[12:05:05] [191/459] SGCK
[12:05:05] [192/459] SVVB
[12:05:06] [193/459] DMHA
[12:05:07] [194/459] PPNL
[12:05:08] [195/459] CPNL
[12:05:09] [196/459] WVLD
[12:05:10] [197/459] PSLV
[12:05:10] [198/459] VTTL
[12:05:11] [199/459] NPAD
[12:05:12] [200/459] PVCS
[12:05:13] [201/459] MCHL
[12:05:14] [202/459] PPLL
[12:05:14] [203/459] MALO
[12:05:15] [204/459] SWBH
[12:05:16] [205/459] PUGB
[12:05:17] [206/459] INBB
[12:05:18] [207/459] INNS
[12:05:19] [208/459] MCPT
[12:05:19] [209/459] SCMI
[12:05:20] [210/459] OCON
[12:05:21] [211/459] SCSM
[12:05:22] [212/459] RJVN
[12:05:23] [213/459] AMDK
[12:05:23] [214/459] ISMR
[12:05:24] [215/459] SMTD
[12:05:25] [216/459] VTDD
[12:05:26] [217/459] PDDZ
[12:05:28] [218/459] PCCK
[12:05:28] [219/459] INAM
[12:05:29] [220/459] FNKT
[12:05:30] [221/459] GDKA
[12:05:31] [222/459] MAYU
[12:05:32] [223/459] TCGU
[12:05:33] [224/459] KDCA
[12:05:34] [225/459] DOMY
[12:05:34] [226/459] PDDD
[12:05:35] [227/459] BJTS
[12:05:36] [228/459] VTCA
[12:05:37] [229/459] SBTM
[12:05:38] [230/459] SEET
[12:05:39] [231/459] SSTJ
[12:05:39] [232/459] SVNT
[12:05:40] [233/459] PPPR
[12:05:41] [234/459] PVYS
[12:05:42] [235/459] IOSE
[12:05:43] [236/459] ACTV
[12:05:43] [237/459] APVE
[12:05:44] [238/459] TCCL
[12:05:45] [239/459] SCMO
[12:05:46] [240/459] SAUM
[12:05:47] [241/459] KCJS
[12:05:47] [242/459] NJCJ
[12:05:48] [243/459] NECF
[12:05:49] [244/459] CCGW
[12:05:50] [245/459] CCMG
[12:05:50] [246/459] NYRG
[12:05:51] [247/459] NCSQ
[12:05:52] [248/459] GRCG
[12:05:53] [249/459] CCBT
[12:05:54] [250/459] ACGA
[12:05:54] [251/459] INAG
[12:05:55] [252/459] FUCG
[12:05:56] [253/459] AICF
[12:05:57] [254/459] GRGA
[12:05:58] [255/459] GDCN
[12:05:59] [256/459] RRCG
[12:06:00] [257/459] SDCH
[12:06:01] [258/459] WVJM
[12:06:02] [259/459] JCCZ
[12:06:02] [260/459] CNCL
[12:06:03] [261/459] TMLV
[12:06:04] [262/459] MEMB
[12:06:05] [263/459] SGTD
[12:06:05] [264/459] CONX
[12:06:06] [265/459] CCMH
[12:06:07] [266/459] ACMC
[12:06:08] [267/459] DTPD
[12:06:09] [268/459] POJA
[12:06:09] [269/459] FNBH
[12:06:11] [270/459] CGCB
[12:06:12] [271/459] RACN
[12:06:13] [272/459] JTSM
[12:06:14] [273/459] SCDN
[12:06:15] [274/459] AACK
[12:06:16] [275/459] RMCE
[12:06:17] [276/459] BSGB
[12:06:18] [277/459] MRCB
[12:06:19] [278/459] SRVR
[12:06:19] [279/459] VTKK
[12:06:20] [280/459] AMST
[12:06:21] [281/459] APCY
[12:06:22] [282/459] LMHO
[12:06:23] [283/459] MTZH
[12:06:23] [284/459] AMZB
[12:06:24] [285/459] SUVT
[12:06:25] [286/459] RCIP
[12:06:26] [287/459] KESR
[12:06:26] [288/459] SNKC
[12:06:27] [289/459] SCED
[12:06:28] [290/459] DVCA
[12:06:29] [291/459] VCDT
[12:06:30] [292/459] RRDI
[12:06:31] [293/459] DFCH
[12:06:32] [294/459] INSC
[12:06:32] [295/459] RGTR
[12:06:33] [296/459] FMOT
[12:06:34] [297/459] SCPM
[12:06:35] [298/459] GCDT
[12:06:36] [299/459] BRKT
[12:06:36] [300/459] DEMP
[12:06:37] [301/459] SRLC
[12:06:38] [302/459] KSTT
[12:06:39] [303/459] SMMT
[12:06:40] [304/459] SILM
[12:06:40] [305/459] JCVM
[12:06:42] [306/459] KCSV
[12:06:43] [307/459] MHLK
[12:06:44] [308/459] SLVL
[12:06:45] [309/459] RJKP
[12:06:45] [310/459] BBPC
[12:06:47] [311/459] MXCB
[12:06:48] [312/459] TCPK
[12:06:49] [313/459] RTBR
[12:06:49] [314/459] GAUT
[12:06:50] [315/459] DVCF
[12:06:51] [316/459] JTSB
[12:06:52] [317/459] SBLS
[12:06:52] [318/459] UDAY
[12:06:53] [319/459] PTNP
[12:06:54] [320/459] DMKT
[12:06:55] [321/459] NTDT
[12:06:56] [322/459] SHDJ
[12:06:57] [323/459] OTNC
[12:06:57] [324/459] RNTW
[12:06:58] [325/459] GCMI
[12:06:59] [326/459] CRCM
[12:07:00] [327/459] NNCZ
[12:07:01] [328/459] OEMO
[12:07:02] [329/459] PVJM
[12:07:02] [330/459] CPJI
[12:07:04] [331/459] RMCJ
[12:07:05] [332/459] CNWJ
[12:07:06] [333/459] EPJM
[12:07:07] [334/459] FNJJ
[12:07:08] [335/459] GCMJ
[12:07:09] [336/459] INPS
[12:07:10] [337/459] BICJ
[12:07:11] [338/459] ISTJ
[12:07:11] [339/459] INJC
[12:07:12] [340/459] GLXJ
[12:07:13] [341/459] INEM
[12:07:14] [342/459] JTMN
[12:07:15] [343/459] FRCJ
[12:07:16] [344/459] DDJP
[12:07:17] [345/459] INJV
[12:07:18] [346/459] GOLC
[12:07:19] [347/459] KOCI
[12:07:19] [348/459] FSTD
[12:07:20] [349/459] PACJ
[12:07:21] [350/459] GMCN
[12:07:23] [351/459] MMDJ
[12:07:23] [352/459] GODH
[12:07:24] [353/459] SKYN
[12:07:25] [354/459] NCTH
[12:07:26] [355/459] SKVZ
[12:07:27] [356/459] SVML
[12:07:28] [357/459] ACVZ
[12:07:28] [358/459] SURA
[12:07:29] [359/459] RTRB
[12:07:30] [360/459] LLCT
[12:07:31] [361/459] ATTS
[12:07:33] [362/459] JYCM
[12:07:33] [363/459] CTKR
[12:07:34] [364/459] LCKR
[12:07:35] [365/459] NYCV
[12:07:36] [366/459] NYOH
[12:07:37] [367/459] NOVX
[12:07:38] [368/459] MRGK
[12:07:39] [369/459] MOON
[12:07:40] [370/459] SBUC
[12:07:41] [371/459] GSVA
[12:07:42] [372/459] VIAK
[12:07:43] [373/459] SMVZ
[12:07:43] [374/459] MATE
[12:07:44] [375/459] RDCN
[12:07:45] [376/459] ASBL
[12:07:46] [377/459] ASVS
[12:07:46] [378/459] ASSR
[12:07:47] [379/459] SSKN
[12:07:48] [380/459] DRPV
[12:07:49] [381/459] MRHT
[12:07:50] [382/459] BSCN
[12:07:51] [383/459] RKNX
[12:07:52] [384/459] MSMC
[12:07:53] [385/459] MSCJ
[12:07:53] [386/459] BTBJ
[12:07:54] [387/459] MJCC
[12:07:55] [388/459] IOMM
[12:07:56] [389/459] ADGR
[12:07:57] [390/459] MYCP
[12:07:58] [391/459] IGCM
[12:07:59] [392/459] PGRK
[12:07:59] [393/459] VPGO
[12:08:00] [394/459] KOMS
[12:08:02] [395/459] URGG
[12:08:03] [396/459] GOST
[12:08:03] [397/459] LACT
[12:08:04] [398/459] BWCM
[12:08:05] [399/459] NCCW
[12:08:06] [400/459] SKYC
[12:08:07] [401/459] CCPM
[12:08:07] [402/459] VCBT
[12:08:08] [403/459] SDKR
[12:08:09] [404/459] CTYB
[12:08:10] [405/459] SHCX
[12:08:11] [406/459] RCUN
[12:08:13] [407/459] CNRA
[12:08:14] [408/459] RFCA
[12:08:15] [409/459] RDCU
[12:08:16] [410/459] SARK
[12:08:17] [411/459] SPPP
[12:08:18] [412/459] ADMB
[12:08:18] [413/459] JYOE
[12:08:19] [414/459] SRMD
[12:08:20] [415/459] RJDH
[12:08:21] [416/459] SSTD
[12:08:22] [417/459] AACV
[12:08:23] [418/459] PPVD
[12:08:24] [419/459] STCP
[12:08:24] [420/459] ANJR
[12:08:25] [421/459] ANLS
[12:08:26] [422/459] BIJO
[12:08:27] [423/459] AVAB
[12:08:27] [424/459] SPMD
[12:08:28] [425/459] SVJL
[12:08:29] [426/459] SDDJ
[12:08:30] [427/459] SLTU
[12:08:31] [428/459] SAKA
[12:08:32] [429/459] PMAM
[12:08:33] [430/459] FNAM
[12:08:34] [431/459] ACAM
[12:08:34] [432/459] SCMM
[12:08:36] [433/459] PMAK
[12:08:37] [434/459] NYSA
[12:08:38] [435/459] FCPA
[12:08:38] [436/459] GDAN
[12:08:39] [437/459] RSCA
[12:08:40] [438/459] DMAN
[12:08:41] [439/459] DZCM
[12:08:42] [440/459] NSGL
[12:08:42] [441/459] CCPP
[12:08:44] [442/459] PSMG
[12:08:45] [443/459] GSER
[12:08:45] [444/459] FCCT
[12:08:46] [445/459] FCTB
[12:08:48] [446/459] LCNK
[12:08:48] [447/459] SKTY
[12:08:49] [448/459] INAA
[12:08:50] [449/459] RCWN
[12:08:51] [450/459] VAIS
[12:08:52] [451/459] CVMN
[12:08:53] [452/459] INTS
[12:08:54] [453/459] FRGS
[12:08:55] [454/459] DTCK
[12:08:55] [455/459] MCMH
[12:08:56] [456/459] ECRR
[12:08:57] [457/459] RLLP
[12:08:58] [458/459] CCSN
[12:08:59] [459/459] CCBA
[12:08:59] 🧹 Deduping shows
[12:08:59] ✅ DONE | Shows=528 | Movies=43
