[10:05:19] 🚀 SCRIPT STARTED
[10:05:19] [1/459] FNDB
[10:05:19] 🧠 New identity created
[10:05:20] [2/459] AMBH
[10:05:21] [3/459] PRHN
[10:05:21] [4/459] ACPM
[10:05:23] [5/459] PVFS
[10:05:24] [6/459] AACN
[10:05:25] [7/459] ACAS
[10:05:25] [8/459] CTNR
[10:05:26] [9/459] MMAH
[10:05:27] [10/459] CPMH
[10:05:28] [11/459] IGMH
[10:05:29] [12/459] ABCS
[10:05:30] [13/459] CMMA
[10:05:30] [14/459] GPRH
[10:05:32] [15/459] PNNG
[10:05:33] [16/459] AMCA
[10:05:34] [17/459] ISTN
[10:05:34] [18/459] PIIC
[10:05:35] [19/459] AHMH
[10:05:36] [20/459] ASHN
[10:05:37] [21/459] INHY
[10:05:38] [22/459] SRMO
[10:05:39] [23/459] PIMH
[10:05:40] [24/459] PVTS
[10:05:40] [25/459] MMCA
[10:05:41] [26/459] AKYJ
[10:05:42] [27/459] BRKH
[10:05:43] [28/459] MAHM
[10:05:44] [29/459] CPHY
[10:05:45] [30/459] PVTP
[10:05:46] [31/459] SMMR
[10:05:47] [32/459] PVHM
[10:05:47] [33/459] SNDY
[10:05:49] [34/459] GOKU
[10:05:50] [35/459] ACEV
[10:05:51] [36/459] PVUM
[10:05:51] [37/459] VSWA
[10:05:52] [38/459] IPRS
[10:05:53] [39/459] ASGN
[10:05:54] [40/459] BKMV
[10:05:55] [41/459] PVYH
[10:05:56] [42/459] INKM
[10:05:57] [43/459] ARJU
[10:05:58] [44/459] JJPP
[10:05:59] [45/459] SSRM
[10:06:00] [46/459] HMHD
[10:06:01] [47/459] SNKH
[10:06:01] [48/459] ACHI
[10:06:03] [49/459] MRAA
[10:06:05] [50/459] INMH
[10:06:06] [51/459] ARMH
[10:06:07] [52/459] DVRR
[10:06:08] [53/459] SUDA
[10:06:08] [54/459] MCSS
[10:06:10] [55/459] VRKC
[10:06:11] [56/459] PRCX
[10:06:12] [57/459] ASJY
[10:06:13] [58/459] MTHY
[10:06:13] [59/459] SRCM
[10:06:14] [60/459] TVHY
[10:06:15] [61/459] STHD
[10:06:16] [62/459] CPCL
[10:06:17] [63/459] PSMJ
[10:06:18] [64/459] MRGT
[10:06:18] [65/459] ARYH
[10:06:19] [66/459] VTRB
[10:06:20] [67/459] SCHC
[10:06:21] [68/459] MRRG
[10:06:22] [69/459] SPCB
[10:06:23] [70/459] AMCM
[10:06:24] [71/459] IVNM
[10:06:25] [72/459] TRHY
[10:06:26] [73/459] PTTH
[10:06:26] [74/459] RKMH
[10:06:27] [75/459] PRCS
[10:06:28] [76/459] VAJA
[10:06:29] [77/459] BJNG
[10:06:30] [78/459] SCVM
[10:06:31] [79/459] GNHB
[10:06:31] [80/459] TLUR
[10:06:32] [81/459] UKCC
[10:06:33] [82/459] SRKR
[10:06:34] [83/459] RMKN
[10:06:35] [84/459] SLRT
[10:06:36] [85/459] LKMT
[10:06:36] [86/459] SSRJ
[10:06:37] [87/459] SPHT
[10:06:38] [88/459] ANTT
[10:06:39] [89/459] SRCH
[10:06:40] [90/459] SRCA
[10:06:41] [91/459] ARTH
[10:06:42] [92/459] MCBH
[10:06:42] [93/459] SNIB
[10:06:43] [94/459] SART
[10:06:44] [95/459] SKTA
[10:06:45] [96/459] YAKT
[10:06:47] [97/459] MLCK
[10:06:48] [98/459] ANTS
[10:06:49] [99/459] DGCA
[10:06:50] [100/459] SGMP
[10:06:51] [101/459] ASWN
[10:06:52] [102/459] KFVU
[10:06:52] [103/459] POOR
[10:06:53] [104/459] GKDN
[10:06:54] [105/459] EOSE
[10:06:55] [106/459] GTTT
[10:06:56] [107/459] ARRO
[10:06:58] [108/459] CMMK
[10:06:58] [109/459] MSCN
[10:06:59] [110/459] GDKH
[10:07:00] [111/459] DLMT
[10:07:01] [112/459] PVMF
[10:07:01] [113/459] CPCK
[10:07:02] [114/459] VMHE
[10:07:03] [115/459] PVLC
[10:07:04] [116/459] PCVB
[10:07:05] [117/459] SNYK
[10:07:06] [118/459] KTEK
[10:07:07] [119/459] PCNM
[10:07:08] [120/459] NTTR
[10:07:08] [121/459] CPSK
[10:07:09] [122/459] JMMA
[10:07:10] [123/459] GCFK
[10:07:11] [124/459] MYCA
[10:07:13] [125/459] KSNP
[10:07:14] [126/459] PMCE
[10:07:15] [127/459] SCKI
[10:07:15] [128/459] FSMA
[10:07:16] [129/459] CETA
[10:07:17] [130/459] MCIK
[10:07:18] [131/459] MYCR
[10:07:19] [132/459] EVMP
[10:07:21] [133/459] SSGT
[10:07:22] [134/459] KCTK
[10:07:22] [135/459] ZTKC
[10:07:23] [136/459] MMTA
[10:07:25] [137/459] MAJT
[10:07:27] [138/459] ACPK
[10:07:28] [139/459] JMAX
[10:07:28] [140/459] SETK
[10:07:29] [141/459] CAIS
[10:07:30] [142/459] AGCD
[10:07:31] [143/459] URCL
[10:07:32] [144/459] VTDS
[10:07:33] [145/459] JCNM
[10:07:34] [146/459] KCAM
[10:07:34] [147/459] ADCU
[10:07:36] [148/459] GXYN
[10:07:37] [149/459] SMJG
[10:07:38] [150/459] EYCJ
[10:07:39] [151/459] CCEJ
[10:07:39] [152/459] MARS
[10:07:40] [153/459] CPVJ
[10:07:41] [154/459] INVP
[10:07:42] [155/459] CPOV
[10:07:43] [156/459] VIJK
[10:07:44] [157/459] LAIM
[10:07:45] [158/459] STHV
[10:07:45] [159/459] SVLJ
[10:07:46] [160/459] ATVJ
[10:07:47] [161/459] JTSC
[10:07:48] [162/459] RMTV
[10:07:49] [163/459] MGGG
[10:07:50] [164/459] SWTH
[10:07:50] [165/459] INVJ
[10:07:51] [166/459] PRSV
[10:07:52] [167/459] JATV
[10:07:54] [168/459] RCVD
[10:07:55] [169/459] BDMA
[10:07:55] [170/459] BLJI
[10:07:57] [171/459] SWOT
[10:07:58] [172/459] SWRN
[10:07:59] [173/459] TVRA
[10:07:59] [174/459] VCSV
[10:08:00] [175/459] NVRN
[10:08:01] [176/459] SIKC
[10:08:02] [177/459] VAKR
[10:08:03] [178/459] SYLN
[10:08:04] [179/459] KLJL
[10:08:05] [180/459] LKMY
[10:08:06] [181/459] VSLY
[10:08:07] [182/459] CIKO
[10:08:09] [183/459] GPBG
[10:08:09] [184/459] CECM
[10:08:10] [185/459] SLKB
[10:08:11] [186/459] MTBO
[10:08:12] [187/459] SSHB
[10:08:13] [188/459] VPCS
[10:08:14] [189/459] RCSR
[10:08:15] [190/459] RJRM
[10:08:16] [191/459] KPPB
[10:08:17] [192/459] SEDC
[10:08:18] [193/459] SCAI
[10:08:19] [194/459] RMTR
[10:08:19] [195/459] ASST
[10:08:20] [196/459] GCAK
[10:08:21] [197/459] ANNK
[10:08:22] [198/459] KDDF
[10:08:23] [199/459] NRDP
[10:08:23] [200/459] PLAK
[10:08:25] [201/459] GCMC
[10:08:26] [202/459] ALPY
[10:08:27] [203/459] SICE
[10:08:28] [204/459] SISR
[10:08:29] [205/459] SRPZ
[10:08:30] [206/459] SRSW
[10:08:31] [207/459] SUYA
[10:08:32] [208/459] AMMT
[10:08:32] [209/459] BHCU
[10:08:33] [210/459] KLPA
[10:08:34] [211/459] NVKH
[10:08:35] [212/459] JMRC
[10:08:36] [213/459] KTTT
[10:08:37] [214/459] MAGH
[10:08:39] [215/459] MMMX
[10:08:40] [216/459] SALJ
[10:08:41] [217/459] GTJA
[10:08:41] [218/459] MAHT
[10:08:42] [219/459] SSNN
[10:08:43] [220/459] ARRP
[10:08:44] [221/459] ATNS
[10:08:45] [222/459] SKDT
[10:08:46] [223/459] ACAT
[10:08:47] [224/459] APRC
[10:08:47] [225/459] SWAG
[10:08:48] [226/459] SDPT
[10:08:49] [227/459] STPS
[10:08:50] [228/459] WWCZ
[10:08:51] [229/459] LLCH
[10:08:53] [230/459] MZHA
[10:08:53] [231/459] CRJG
[10:08:54] [232/459] JGTK
[10:08:55] [233/459] KCSR
[10:08:56] [234/459] CHTL
[10:08:58] [235/459] EDSR
[10:08:59] [236/459] CSWO
[10:08:59] [237/459] CPVM
[10:09:01] [238/459] MXBY
[10:09:02] [239/459] FMMA
[10:09:03] [240/459] POVI
[10:09:04] [241/459] MTHB
[10:09:04] [242/459] INRC
[10:09:05] [243/459] PIPP
[10:09:06] [244/459] BMXC
[10:09:07] [245/459] PCMM
[10:09:08] [246/459] PMKM
[10:09:09] [247/459] GATY
[10:09:09] [248/459] IMCM
[10:09:10] [249/459] POPE
[10:09:11] [250/459] MTCR
[10:09:12] [251/459] PVAE
[10:09:13] [252/459] PVMI
[10:09:14] [253/459] CPNM
[10:09:14] [254/459] FMRL
[10:09:16] [255/459] MCIW
[10:09:17] [256/459] MXBO
[10:09:17] [257/459] FMKY
[10:09:18] [258/459] FMDA
[10:09:19] [259/459] THAB
[10:09:20] [260/459] PRCW
[10:09:21] [261/459] PITI
[10:09:23] [262/459] MCFF
[10:09:23] [263/459] PDDV
[10:09:24] [264/459] MCRM
[10:09:25] [265/459] KKMB
[10:09:26] [266/459] INKO
[10:09:27] [267/459] PLXP
[10:09:28] [268/459] MMHA
[10:09:28] [269/459] FMVS
[10:09:29] [270/459] POLM
[10:09:30] [271/459] STER
[10:09:31] [272/459] PVWJ
[10:09:32] [273/459] IMJW
[10:09:33] [274/459] FNAN
[10:09:34] [275/459] CAGL
[10:09:35] [276/459] IPBG
[10:09:35] [277/459] SMFV
[10:09:36] [278/459] MMMR
[10:09:38] [279/459] MMWM
[10:09:39] [280/459] FNCM
[10:09:40] [281/459] MDVA
[10:09:40] [282/459] MMET
[10:09:41] [283/459] MIDO
[10:09:42] [284/459] INNP
[10:09:43] [285/459] MIFU
[10:09:44] [286/459] MMSZ
[10:09:45] [287/459] BMXA
[10:09:46] [288/459] MCAA
[10:09:46] [289/459] SCVP
[10:09:47] [290/459] PLUS
[10:09:48] [291/459] MUCK
[10:09:49] [292/459] MTMA
[10:09:51] [293/459] HPVR
[10:09:51] [294/459] PMPK
[10:09:52] [295/459] MAJB
[10:09:53] [296/459] CTRR
[10:09:54] [297/459] MCTG
[10:09:55] [298/459] MACE
[10:09:56] [299/459] AAAS
[10:09:57] [300/459] CPVV
[10:09:57] [301/459] RCHG
[10:09:58] [302/459] MCNE
[10:09:59] [303/459] EMNC
[10:10:00] [304/459] MCAN
[10:10:00] [305/459] TCDM
[10:10:01] [306/459] IRGT
[10:10:03] [307/459] GCMG
[10:10:04] [308/459] MXSN
[10:10:04] [309/459] MXCK
[10:10:05] [310/459] MCRC
[10:10:06] [311/459] RSMI
[10:10:07] [312/459] WAML
[10:10:08] [313/459] MTSC
[10:10:08] [314/459] FMDR
[10:10:09] [315/459] LEPV
[10:10:10] [316/459] MTGD
[10:10:11] [317/459] IMOB
[10:10:12] [318/459] CLMM
[10:10:13] [319/459] PZCD
[10:10:13] [320/459] GOCS
[10:10:14] [321/459] KCMA
[10:10:15] [322/459] CCMP
[10:10:16] [323/459] MTSU
[10:10:17] [324/459] SNGL
[10:10:18] [325/459] MMMC
[10:10:19] [326/459] MMAA
[10:10:21] [327/459] GCDM
[10:10:21] [328/459] KTMV
[10:10:22] [329/459] AETE
[10:10:23] [330/459] OMCS
[10:10:24] [331/459] GDCD
[10:10:25] [332/459] NYMD
[10:10:26] [333/459] RNCV
[10:10:27] [334/459] KKMT
[10:10:28] [335/459] GDTH
[10:10:29] [336/459] KMMV
[10:10:30] [337/459] NHCG
[10:10:30] [338/459] PJDW
[10:10:31] [339/459] MMCV
[10:10:32] [340/459] FQSA
[10:10:33] [341/459] KURL
[10:10:34] [342/459] NNNX
[10:10:35] [343/459] AMAU
[10:10:36] [344/459] VVVM
[10:10:36] [345/459] VECU
[10:10:37] [346/459] WCVR
[10:10:38] [347/459] MTGG
[10:10:39] [348/459] SGTG
[10:10:40] [349/459] MNTG
[10:10:41] [350/459] JDDG
[10:10:42] [351/459] MBTK
[10:10:43] [352/459] SGCD
[10:10:44] [353/459] MCTC
[10:10:45] [354/459] JTPC
[10:10:45] [355/459] SDKT
[10:10:46] [356/459] KRCC
[10:10:47] [357/459] RMMD
[10:10:48] [358/459] AAME
[10:10:49] [359/459] TMWC
[10:10:49] [360/459] NRWY
[10:10:50] [361/459] CITD
[10:10:51] [362/459] VERD
[10:10:52] [363/459] MKSK
[10:10:53] [364/459] STSM
[10:10:54] [365/459] MJDG
[10:10:55] [366/459] RKPM
[10:10:55] [367/459] SSCE
[10:10:56] [368/459] VMAE
[10:10:57] [369/459] SBRU
[10:10:58] [370/459] AMBC
[10:10:59] [371/459] AMLU
[10:11:00] [372/459] INVZ
[10:11:01] [373/459] LGTV
[10:11:02] [374/459] SVAD
[10:11:03] [375/459] SMSA
[10:11:04] [376/459] SPCZ
[10:11:04] [377/459] GTCX
[10:11:05] [378/459] SCSL
[10:11:06] [379/459] SAHU
[10:11:08] [380/459] NCDA
[10:11:09] [381/459] SCCG
[10:11:10] [382/459] VKTL
[10:11:11] [383/459] PUUJ
[10:11:11] [384/459] STEJ
[10:11:13] [385/459] RJAL
[10:11:14] [386/459] ACJC
[10:11:15] [387/459] VTHC
[10:11:16] [388/459] ARVB
[10:11:17] [389/459] AUBB
[10:11:18] [390/459] GDBR
[10:11:19] [391/459] PVND
[10:11:21] [392/459] BGRJ
[10:11:22] [393/459] RJMM
[10:11:23] [394/459] MCSA
[10:11:23] [395/459] BODA
[10:11:24] [396/459] JAGG
[10:11:25] [397/459] SCGA
[10:11:27] [398/459] LRCM
[10:11:27] [399/459] CPCN
[10:11:29] [400/459] SSTF
[10:11:30] [401/459] SRXP
[10:11:30] [402/459] CNFX
[10:11:31] [403/459] ANDI
[10:11:32] [404/459] SYEW
[10:11:33] [405/459] RCRE
[10:11:34] [406/459] SCRW
[10:11:35] [407/459] MBKR
[10:11:36] [408/459] ASNT
[10:11:37] [409/459] JTMT
[10:11:38] [410/459] SHAY
[10:11:39] [411/459] VRTH
[10:11:39] [412/459] SPTI
[10:11:40] [413/459] DPTD
[10:11:41] [414/459] TGSN
[10:11:42] [415/459] RCWV
[10:11:44] [416/459] OCUR
[10:11:45] [417/459] KSTC
[10:11:45] [418/459] SANI
[10:11:46] [419/459] MLCA
[10:11:47] [420/459] EGCA
[10:11:48] [421/459] SYSN
[10:11:49] [422/459] PKTA
[10:11:51] [423/459] PRCC
[10:11:52] [424/459] KSTR
[10:11:53] [425/459] SNTP
[10:11:53] [426/459] RCHA
[10:11:54] [427/459] SEEA
[10:11:55] [428/459] ALAT
[10:11:56] [429/459] AATV
[10:11:57] [430/459] RJTE
[10:11:58] [431/459] AAPP
[10:11:59] [432/459] PMMH
[10:11:59] [433/459] INRJ
[10:12:00] [434/459] SARB
[10:12:01] [435/459] PCJL
[10:12:02] [436/459] PFJJ
[10:12:03] [437/459] GRDC
[10:12:04] [438/459] BCBA
[10:12:04] [439/459] VIXL
[10:12:06] [440/459] CSTL
[10:12:07] [441/459] MTDK
[10:12:08] [442/459] TDAC
[10:12:08] [443/459] GTDN
[10:12:09] [444/459] TTDE
[10:12:10] [445/459] ASTS
[10:12:11] [446/459] CPNS
[10:12:11] [447/459] PVVW
[10:12:12] [448/459] USEB
[10:12:13] [449/459] DTYN
[10:12:14] [450/459] PVLE
[10:12:15] [451/459] CIPS
[10:12:16] [452/459] PAEG
[10:12:17] [453/459] PTCW
[10:12:17] [454/459] G3SR
[10:12:18] [455/459] PGND
[10:12:19] [456/459] INVM
[10:12:20] [457/459] SPIA
[10:12:21] [458/459] PCSN
[10:12:21] [459/459] PPGV
[10:12:22] 🧹 Deduping shows
[10:12:22] ✅ DONE | Shows=296 | Movies=25
[16:48:34] 🚀 SCRIPT STARTED
[16:48:34] [1/459] FNDB
[16:48:34] 🧠 New identity created
[16:48:35] [2/459] AMBH
[16:48:36] [3/459] PRHN
[16:48:37] [4/459] ACPM
[16:48:38] [5/459] PVFS
[16:48:39] [6/459] AACN
[16:48:40] [7/459] ACAS
[16:48:40] [8/459] CTNR
[16:48:41] [9/459] MMAH
[16:48:43] [10/459] CPMH
[16:48:44] [11/459] IGMH
[16:48:45] [12/459] ABCS
[16:48:45] [13/459] CMMA
[16:48:46] [14/459] GPRH
[16:48:47] [15/459] PNNG
[16:48:48] [16/459] AMCA
[16:48:49] [17/459] ISTN
[16:48:50] [18/459] PIIC
[16:48:51] [19/459] AHMH
[16:48:52] [20/459] ASHN
[16:48:53] [21/459] INHY
[16:48:54] [22/459] SRMO
[16:48:56] [23/459] PIMH
[16:48:57] [24/459] PVTS
[16:48:58] [25/459] MMCA
[16:48:58] [26/459] AKYJ
[16:48:59] [27/459] BRKH
[16:49:00] [28/459] MAHM
[16:49:01] [29/459] CPHY
[16:49:02] [30/459] PVTP
[16:49:03] [31/459] SMMR
[16:49:04] [32/459] PVHM
[16:49:05] [33/459] SNDY
[16:49:06] [34/459] GOKU
[16:49:07] [35/459] ACEV
[16:49:08] [36/459] PVUM
[16:49:08] [37/459] VSWA
[16:49:10] [38/459] IPRS
[16:49:11] [39/459] ASGN
[16:49:11] [40/459] BKMV
[16:49:13] [41/459] PVYH
[16:49:14] [42/459] INKM
[16:49:15] [43/459] ARJU
[16:49:16] [44/459] JJPP
[16:49:17] [45/459] SSRM
[16:49:18] [46/459] HMHD
[16:49:19] [47/459] SNKH
[16:49:19] [48/459] ACHI
[16:49:20] [49/459] MRAA
[16:49:21] [50/459] INMH
[16:49:22] [51/459] ARMH
[16:49:22] [52/459] DVRR
[16:49:23] [53/459] SUDA
[16:49:24] [54/459] MCSS
[16:49:25] [55/459] VRKC
[16:49:25] [56/459] PRCX
[16:49:26] [57/459] ASJY
[16:49:27] [58/459] MTHY
[16:49:28] [59/459] SRCM
[16:49:29] [60/459] TVHY
[16:49:30] [61/459] STHD
[16:49:31] [62/459] CPCL
[16:49:31] [63/459] PSMJ
[16:49:32] [64/459] MRGT
[16:49:33] [65/459] ARYH
[16:49:34] [66/459] VTRB
[16:49:35] [67/459] SCHC
[16:49:36] [68/459] MRRG
[16:49:37] [69/459] SPCB
[16:49:38] [70/459] AMCM
[16:49:39] [71/459] IVNM
[16:49:40] [72/459] TRHY
[16:49:41] [73/459] PTTH
[16:49:41] [74/459] RKMH
[16:49:42] [75/459] PRCS
[16:49:43] [76/459] VAJA
[16:49:44] [77/459] BJNG
[16:49:45] [78/459] SCVM
[16:49:46] [79/459] GNHB
[16:49:47] [80/459] TLUR
[16:49:48] [81/459] UKCC
[16:49:49] [82/459] SRKR
[16:49:50] [83/459] RMKN
[16:49:51] [84/459] SLRT
[16:49:51] [85/459] LKMT
[16:49:52] [86/459] SSRJ
[16:49:53] [87/459] SPHT
[16:49:54] [88/459] ANTT
[16:49:55] [89/459] SRCH
[16:49:55] [90/459] SRCA
[16:49:56] [91/459] ARTH
[16:49:57] [92/459] MCBH
[16:49:58] [93/459] SNIB
[16:49:59] [94/459] SART
[16:49:59] [95/459] SKTA
[16:50:00] [96/459] YAKT
[16:50:01] [97/459] MLCK
[16:50:02] [98/459] ANTS
[16:50:03] [99/459] DGCA
[16:50:04] [100/459] SGMP
[16:50:05] [101/459] ASWN
[16:50:06] [102/459] KFVU
[16:50:06] [103/459] POOR
[16:50:07] [104/459] GKDN
[16:50:08] [105/459] EOSE
[16:50:09] [106/459] GTTT
[16:50:10] [107/459] ARRO
[16:50:11] [108/459] CMMK
[16:50:12] [109/459] MSCN
[16:50:13] [110/459] GDKH
[16:50:14] [111/459] DLMT
[16:50:15] [112/459] PVMF
[16:50:16] [113/459] CPCK
[16:50:16] [114/459] VMHE
[16:50:17] [115/459] PVLC
[16:50:18] [116/459] PCVB
[16:50:19] [117/459] SNYK
[16:50:20] [118/459] KTEK
[16:50:21] [119/459] PCNM
[16:50:22] [120/459] NTTR
[16:50:23] [121/459] CPSK
[16:50:24] [122/459] JMMA
[16:50:24] [123/459] GCFK
[16:50:25] [124/459] MYCA
[16:50:26] [125/459] KSNP
[16:50:27] [126/459] PMCE
[16:50:28] [127/459] SCKI
[16:50:29] [128/459] FSMA
[16:50:29] [129/459] CETA
[16:50:31] [130/459] MCIK
[16:50:32] [131/459] MYCR
[16:50:33] [132/459] EVMP
[16:50:34] [133/459] SSGT
[16:50:34] [134/459] KCTK
[16:50:35] [135/459] ZTKC
[16:50:36] [136/459] MMTA
[16:50:37] [137/459] MAJT
[16:50:37] [138/459] ACPK
[16:50:39] [139/459] JMAX
[16:50:40] [140/459] SETK
[16:50:41] [141/459] CAIS
[16:50:42] [142/459] AGCD
[16:50:42] [143/459] URCL
[16:50:43] [144/459] VTDS
[16:50:44] [145/459] JCNM
[16:50:45] [146/459] KCAM
[16:50:46] [147/459] ADCU
[16:50:47] [148/459] GXYN
[16:50:48] [149/459] SMJG
[16:50:49] [150/459] EYCJ
[16:50:50] [151/459] CCEJ
[16:50:51] [152/459] MARS
[16:50:51] [153/459] CPVJ
[16:50:52] [154/459] INVP
[16:50:53] [155/459] CPOV
[16:50:54] [156/459] VIJK
[16:50:55] [157/459] LAIM
[16:50:56] [158/459] STHV
[16:50:57] [159/459] SVLJ
[16:50:57] [160/459] ATVJ
[16:50:58] [161/459] JTSC
[16:50:59] [162/459] RMTV
[16:51:00] [163/459] MGGG
[16:51:00] [164/459] SWTH
[16:51:01] [165/459] INVJ
[16:51:02] [166/459] PRSV
[16:51:03] [167/459] JATV
[16:51:04] [168/459] RCVD
[16:51:05] [169/459] BDMA
[16:51:07] [170/459] BLJI
[16:51:07] [171/459] SWOT
[16:51:08] [172/459] SWRN
[16:51:09] [173/459] TVRA
[16:51:11] [174/459] VCSV
[16:51:11] [175/459] NVRN
[16:51:12] [176/459] SIKC
[16:51:13] [177/459] VAKR
[16:51:13] [178/459] SYLN
[16:51:14] [179/459] KLJL
[16:51:15] [180/459] LKMY
[16:51:16] [181/459] VSLY
[16:51:17] [182/459] CIKO
[16:51:18] [183/459] GPBG
[16:51:19] [184/459] CECM
[16:51:19] [185/459] SLKB
[16:51:20] [186/459] MTBO
[16:51:21] [187/459] SSHB
[16:51:22] [188/459] VPCS
[16:51:23] [189/459] RCSR
[16:51:24] [190/459] RJRM
[16:51:25] [191/459] KPPB
[16:51:25] [192/459] SEDC
[16:51:26] [193/459] SCAI
[16:51:27] [194/459] RMTR
[16:51:27] [195/459] ASST
[16:51:28] [196/459] GCAK
[16:51:29] [197/459] ANNK
[16:51:30] [198/459] KDDF
[16:51:30] [199/459] NRDP
[16:51:31] [200/459] PLAK
[16:51:32] [201/459] GCMC
[16:51:33] [202/459] ALPY
[16:51:34] [203/459] SICE
[16:51:35] [204/459] SISR
[16:51:36] [205/459] SRPZ
[16:51:36] [206/459] SRSW
[16:51:37] [207/459] SUYA
[16:51:38] [208/459] AMMT
[16:51:39] [209/459] BHCU
[16:51:40] [210/459] KLPA
[16:51:41] [211/459] NVKH
[16:51:41] [212/459] JMRC
[16:51:42] [213/459] KTTT
[16:51:43] [214/459] MAGH
[16:51:44] [215/459] MMMX
[16:51:45] [216/459] SALJ
[16:51:46] [217/459] GTJA
[16:51:47] [218/459] MAHT
[16:51:47] [219/459] SSNN
[16:51:48] [220/459] ARRP
[16:51:49] [221/459] ATNS
[16:51:50] [222/459] SKDT
[16:51:51] [223/459] ACAT
[16:51:51] [224/459] APRC
[16:51:52] [225/459] SWAG
[16:51:53] [226/459] SDPT
[16:51:54] [227/459] STPS
[16:51:54] [228/459] WWCZ
[16:51:55] [229/459] LLCH
[16:51:56] [230/459] MZHA
[16:51:57] [231/459] CRJG
[16:51:58] [232/459] JGTK
[16:51:59] [233/459] KCSR
[16:52:00] [234/459] CHTL
[16:52:01] [235/459] EDSR
[16:52:02] [236/459] CSWO
[16:52:03] [237/459] CPVM
[16:52:04] [238/459] MXBY
[16:52:04] [239/459] FMMA
[16:52:05] [240/459] POVI
[16:52:07] [241/459] MTHB
[16:52:08] [242/459] INRC
[16:52:08] [243/459] PIPP
[16:52:09] [244/459] BMXC
[16:52:10] [245/459] PCMM
[16:52:11] [246/459] PMKM
[16:52:12] [247/459] GATY
[16:52:12] [248/459] IMCM
[16:52:13] [249/459] POPE
[16:52:15] [250/459] MTCR
[16:52:15] [251/459] PVAE
[16:52:16] [252/459] PVMI
[16:52:17] [253/459] CPNM
[16:52:18] [254/459] FMRL
[16:52:19] [255/459] MCIW
[16:52:21] [256/459] MXBO
[16:52:22] [257/459] FMKY
[16:52:22] [258/459] FMDA
[16:52:23] [259/459] THAB
[16:52:24] [260/459] PRCW
[16:52:25] [261/459] PITI
[16:52:26] [262/459] MCFF
[16:52:27] [263/459] PDDV
[16:52:28] [264/459] MCRM
[16:52:28] [265/459] KKMB
[16:52:29] [266/459] INKO
[16:52:31] [267/459] PLXP
[16:52:32] [268/459] MMHA
[16:52:33] [269/459] FMVS
[16:52:33] [270/459] POLM
[16:52:34] [271/459] STER
[16:52:35] [272/459] PVWJ
[16:52:36] [273/459] IMJW
[16:52:37] [274/459] FNAN
[16:52:38] [275/459] CAGL
[16:52:38] [276/459] IPBG
[16:52:39] [277/459] SMFV
[16:52:40] [278/459] MMMR
[16:52:41] [279/459] MMWM
[16:52:42] [280/459] FNCM
[16:52:43] [281/459] MDVA
[16:52:44] [282/459] MMET
[16:52:44] [283/459] MIDO
[16:52:46] [284/459] INNP
[16:52:47] [285/459] MIFU
[16:52:48] [286/459] MMSZ
[16:52:49] [287/459] BMXA
[16:52:50] [288/459] MCAA
[16:52:50] [289/459] SCVP
[16:52:51] [290/459] PLUS
[16:52:52] [291/459] MUCK
[16:52:53] [292/459] MTMA
[16:52:53] [293/459] HPVR
[16:52:54] [294/459] PMPK
[16:52:55] [295/459] MAJB
[16:52:56] [296/459] CTRR
[16:52:56] [297/459] MCTG
[16:52:57] [298/459] MACE
[16:52:58] [299/459] AAAS
[16:52:59] [300/459] CPVV
[16:53:00] [301/459] RCHG
[16:53:01] [302/459] MCNE
[16:53:02] [303/459] EMNC
[16:53:03] [304/459] MCAN
[16:53:04] [305/459] TCDM
[16:53:05] [306/459] IRGT
[16:53:06] [307/459] GCMG
[16:53:06] [308/459] MXSN
[16:53:07] [309/459] MXCK
[16:53:08] [310/459] MCRC
[16:53:09] [311/459] RSMI
[16:53:10] [312/459] WAML
[16:53:10] [313/459] MTSC
[16:53:11] [314/459] FMDR
[16:53:12] [315/459] LEPV
[16:53:13] [316/459] MTGD
[16:53:14] [317/459] IMOB
[16:53:15] [318/459] CLMM
[16:53:15] [319/459] PZCD
[16:53:16] [320/459] GOCS
[16:53:17] [321/459] KCMA
[16:53:17] [322/459] CCMP
[16:53:18] [323/459] MTSU
[16:53:19] [324/459] SNGL
[16:53:20] [325/459] MMMC
[16:53:21] [326/459] MMAA
[16:53:21] [327/459] GCDM
[16:53:23] [328/459] KTMV
[16:53:24] [329/459] AETE
[16:53:24] [330/459] OMCS
[16:53:25] [331/459] GDCD
[16:53:26] [332/459] NYMD
[16:53:27] [333/459] RNCV
[16:53:27] [334/459] KKMT
[16:53:28] [335/459] GDTH
[16:53:29] [336/459] KMMV
[16:53:30] [337/459] NHCG
[16:53:31] [338/459] PJDW
[16:53:32] [339/459] MMCV
[16:53:33] [340/459] FQSA
[16:53:33] [341/459] KURL
[16:53:34] [342/459] NNNX
[16:53:35] [343/459] AMAU
[16:53:36] [344/459] VVVM
[16:53:37] [345/459] VECU
[16:53:37] [346/459] WCVR
[16:53:38] [347/459] MTGG
[16:53:39] [348/459] SGTG
[16:53:40] [349/459] MNTG
[16:53:41] [350/459] JDDG
[16:53:42] [351/459] MBTK
[16:53:42] [352/459] SGCD
[16:53:43] [353/459] MCTC
[16:53:44] [354/459] JTPC
[16:53:45] [355/459] SDKT
[16:53:46] [356/459] KRCC
[16:53:47] [357/459] RMMD
[16:53:47] [358/459] AAME
[16:53:48] [359/459] TMWC
[16:53:49] [360/459] NRWY
[16:53:50] [361/459] CITD
[16:53:51] [362/459] VERD
[16:53:52] [363/459] MKSK
[16:53:52] [364/459] STSM
[16:53:54] [365/459] MJDG
[16:53:55] [366/459] RKPM
[16:53:56] [367/459] SSCE
[16:53:57] [368/459] VMAE
[16:53:58] [369/459] SBRU
[16:53:59] [370/459] AMBC
[16:53:59] [371/459] AMLU
[16:54:00] [372/459] INVZ
[16:54:01] [373/459] LGTV
[16:54:02] [374/459] SVAD
[16:54:02] [375/459] SMSA
[16:54:03] [376/459] SPCZ
[16:54:04] [377/459] GTCX
[16:54:05] [378/459] SCSL
[16:54:05] [379/459] SAHU
[16:54:06] [380/459] NCDA
[16:54:07] [381/459] SCCG
[16:54:08] [382/459] VKTL
[16:54:09] [383/459] PUUJ
[16:54:10] [384/459] STEJ
[16:54:10] [385/459] RJAL
[16:54:11] [386/459] ACJC
[16:54:12] [387/459] VTHC
[16:54:13] [388/459] ARVB
[16:54:13] [389/459] AUBB
[16:54:14] [390/459] GDBR
[16:54:15] [391/459] PVND
[16:54:16] [392/459] BGRJ
[16:54:17] [393/459] RJMM
[16:54:18] [394/459] MCSA
[16:54:19] [395/459] BODA
[16:54:19] [396/459] JAGG
[16:54:20] [397/459] SCGA
[16:54:21] [398/459] LRCM
[16:54:22] [399/459] CPCN
[16:54:23] [400/459] SSTF
[16:54:24] [401/459] SRXP
[16:54:24] [402/459] CNFX
[16:54:26] [403/459] ANDI
[16:54:27] [404/459] SYEW
[16:54:28] [405/459] RCRE
[16:54:29] [406/459] SCRW
[16:54:30] [407/459] MBKR
[16:54:31] [408/459] ASNT
[16:54:31] [409/459] JTMT
[16:54:32] [410/459] SHAY
[16:54:33] [411/459] VRTH
[16:54:34] [412/459] SPTI
[16:54:35] [413/459] DPTD
[16:54:35] [414/459] TGSN
[16:54:36] [415/459] RCWV
[16:54:37] [416/459] OCUR
[16:54:38] [417/459] KSTC
[16:54:39] [418/459] SANI
[16:54:39] [419/459] MLCA
[16:54:40] [420/459] EGCA
[16:54:41] [421/459] SYSN
[16:54:42] [422/459] PKTA
[16:54:43] [423/459] PRCC
[16:54:43] [424/459] KSTR
[16:54:44] [425/459] SNTP
[16:54:45] [426/459] RCHA
[16:54:46] [427/459] SEEA
[16:54:47] [428/459] ALAT
[16:54:47] [429/459] AATV
[16:54:48] [430/459] RJTE
[16:54:49] [431/459] AAPP
[16:54:50] [432/459] PMMH
[16:54:51] [433/459] INRJ
[16:54:52] [434/459] SARB
[16:54:53] [435/459] PCJL
[16:54:54] [436/459] PFJJ
[16:54:54] [437/459] GRDC
[16:54:55] [438/459] BCBA
[16:54:56] [439/459] VIXL
[16:54:57] [440/459] CSTL
[16:54:57] [441/459] MTDK
[16:54:58] [442/459] TDAC
[16:54:59] [443/459] GTDN
[16:55:00] [444/459] TTDE
[16:55:01] [445/459] ASTS
[16:55:01] [446/459] CPNS
[16:55:02] [447/459] PVVW
[16:55:03] [448/459] USEB
[16:55:04] [449/459] DTYN
[16:55:05] [450/459] PVLE
[16:55:06] [451/459] CIPS
[16:55:06] [452/459] PAEG
[16:55:07] [453/459] PTCW
[16:55:09] [454/459] G3SR
[16:55:10] [455/459] PGND
[16:55:11] [456/459] INVM
[16:55:12] [457/459] SPIA
[16:55:12] [458/459] PCSN
[16:55:14] [459/459] PPGV
[16:55:15] 🧹 Deduping shows
[16:55:15] ✅ DONE | Shows=408 | Movies=29
[04:49:00] 🚀 SCRIPT STARTED
[04:49:00] [1/459] FNDB
[04:49:00] 🧠 New identity created
[04:49:01] [2/459] AMBH
[04:49:02] [3/459] PRHN
[04:49:03] [4/459] ACPM
[04:49:04] [5/459] PVFS
[04:49:05] [6/459] AACN
[04:49:06] [7/459] ACAS
[04:49:07] [8/459] CTNR
[04:49:07] [9/459] MMAH
[04:49:08] [10/459] CPMH
[04:49:09] [11/459] IGMH
[04:49:10] [12/459] ABCS
[04:49:11] [13/459] CMMA
[04:49:12] [14/459] GPRH
[04:49:13] [15/459] PNNG
[04:49:13] [16/459] AMCA
[04:49:14] [17/459] ISTN
[04:49:16] [18/459] PIIC
[04:49:16] [19/459] AHMH
[04:49:17] [20/459] ASHN
[04:49:18] [21/459] INHY
[04:49:19] [22/459] SRMO
[04:49:20] [23/459] PIMH
[04:49:22] [24/459] PVTS
[04:49:23] [25/459] MMCA
[04:49:24] [26/459] AKYJ
[04:49:26] [27/459] BRKH
[04:49:26] [28/459] MAHM
[04:49:27] [29/459] CPHY
[04:49:28] [30/459] PVTP
[04:49:29] [31/459] SMMR
[04:49:30] [32/459] PVHM
[04:49:31] [33/459] SNDY
[04:49:31] [34/459] GOKU
[04:49:32] [35/459] ACEV
[04:49:33] [36/459] PVUM
[04:49:34] [37/459] VSWA
[04:49:35] [38/459] IPRS
[04:49:36] [39/459] ASGN
[04:49:37] [40/459] BKMV
[04:49:38] [41/459] PVYH
[04:49:39] [42/459] INKM
[04:49:40] [43/459] ARJU
[04:49:41] [44/459] JJPP
[04:49:42] [45/459] SSRM
[04:49:42] [46/459] HMHD
[04:49:43] [47/459] SNKH
[04:49:44] [48/459] ACHI
[04:49:45] [49/459] MRAA
[04:49:46] [50/459] INMH
[04:49:47] [51/459] ARMH
[04:49:48] [52/459] DVRR
[04:49:49] [53/459] SUDA
[04:49:50] [54/459] MCSS
[04:49:51] [55/459] VRKC
[04:49:52] [56/459] PRCX
[04:49:53] [57/459] ASJY
[04:49:53] [58/459] MTHY
[04:49:55] [59/459] SRCM
[04:49:56] [60/459] TVHY
[04:49:57] [61/459] STHD
[04:49:57] [62/459] CPCL
[04:49:58] [63/459] PSMJ
[04:49:59] [64/459] MRGT
[04:50:00] [65/459] ARYH
[04:50:01] [66/459] VTRB
[04:50:02] [67/459] SCHC
[04:50:02] [68/459] MRRG
[04:50:03] [69/459] SPCB
[04:50:04] [70/459] AMCM
[04:50:05] [71/459] IVNM
[04:50:06] [72/459] TRHY
[04:50:07] [73/459] PTTH
[04:50:08] [74/459] RKMH
[04:50:09] [75/459] PRCS
[04:50:09] [76/459] VAJA
[04:50:10] [77/459] BJNG
[04:50:11] [78/459] SCVM
[04:50:12] [79/459] GNHB
[04:50:13] [80/459] TLUR
[04:50:14] [81/459] UKCC
[04:50:14] [82/459] SRKR
[04:50:15] [83/459] RMKN
[04:50:17] [84/459] SLRT
[04:50:18] [85/459] LKMT
[04:50:19] [86/459] SSRJ
[04:50:19] [87/459] SPHT
[04:50:20] [88/459] ANTT
[04:50:21] [89/459] SRCH
[04:50:22] [90/459] SRCA
[04:50:23] [91/459] ARTH
[04:50:24] [92/459] MCBH
[04:50:25] [93/459] SNIB
[04:50:26] [94/459] SART
[04:50:27] [95/459] SKTA
[04:50:27] [96/459] YAKT
[04:50:28] [97/459] MLCK
[04:50:29] [98/459] ANTS
[04:50:30] [99/459] DGCA
[04:50:31] [100/459] SGMP
[04:50:32] [101/459] ASWN
[04:50:33] [102/459] KFVU
[04:50:34] [103/459] POOR
[04:50:34] [104/459] GKDN
[04:50:36] [105/459] EOSE
[04:50:37] [106/459] GTTT
[04:50:38] [107/459] ARRO
[04:50:39] [108/459] CMMK
[04:50:40] [109/459] MSCN
[04:50:41] [110/459] GDKH
[04:50:42] [111/459] DLMT
[04:50:42] [112/459] PVMF
[04:50:43] [113/459] CPCK
[04:50:44] [114/459] VMHE
[04:50:45] [115/459] PVLC
[04:50:46] [116/459] PCVB
[04:50:47] [117/459] SNYK
[04:50:48] [118/459] KTEK
[04:50:49] [119/459] PCNM
[04:50:50] [120/459] NTTR
[04:50:51] [121/459] CPSK
[04:50:52] [122/459] JMMA
[04:50:52] [123/459] GCFK
[04:50:53] [124/459] MYCA
[04:50:54] [125/459] KSNP
[04:50:55] [126/459] PMCE
[04:50:55] [127/459] SCKI
[04:50:56] [128/459] FSMA
[04:50:57] [129/459] CETA
[04:50:57] [130/459] MCIK
[04:50:58] [131/459] MYCR
[04:51:00] [132/459] EVMP
[04:51:01] [133/459] SSGT
[04:51:03] [134/459] KCTK
[04:51:03] [135/459] ZTKC
[04:51:04] [136/459] MMTA
[04:51:05] [137/459] MAJT
[04:51:06] [138/459] ACPK
[04:51:07] [139/459] JMAX
[04:51:08] [140/459] SETK
[04:51:08] [141/459] CAIS
[04:51:09] [142/459] AGCD
[04:51:11] [143/459] URCL
[04:51:12] [144/459] VTDS
[04:51:12] [145/459] JCNM
[04:51:13] [146/459] KCAM
[04:51:14] [147/459] ADCU
[04:51:15] [148/459] GXYN
[04:51:16] [149/459] SMJG
[04:51:17] [150/459] EYCJ
[04:51:18] [151/459] CCEJ
[04:51:18] [152/459] MARS
[04:51:19] [153/459] CPVJ
[04:51:20] [154/459] INVP
[04:51:21] [155/459] CPOV
[04:51:22] [156/459] VIJK
[04:51:23] [157/459] LAIM
[04:51:23] [158/459] STHV
[04:51:24] [159/459] SVLJ
[04:51:25] [160/459] ATVJ
[04:51:26] [161/459] JTSC
[04:51:27] [162/459] RMTV
[04:51:27] [163/459] MGGG
[04:51:29] [164/459] SWTH
[04:51:30] [165/459] INVJ
[04:51:31] [166/459] PRSV
[04:51:32] [167/459] JATV
[04:51:33] [168/459] RCVD
[04:51:33] [169/459] BDMA
[04:51:34] [170/459] BLJI
[04:51:35] [171/459] SWOT
[04:51:36] [172/459] SWRN
[04:51:37] [173/459] TVRA
[04:51:38] [174/459] VCSV
[04:51:39] [175/459] NVRN
[04:51:40] [176/459] SIKC
[04:51:40] [177/459] VAKR
[04:51:41] [178/459] SYLN
[04:51:42] [179/459] KLJL
[04:51:43] [180/459] LKMY
[04:51:43] [181/459] VSLY
[04:51:44] [182/459] CIKO
[04:51:45] [183/459] GPBG
[04:51:46] [184/459] CECM
[04:51:48] [185/459] SLKB
[04:51:48] [186/459] MTBO
[04:51:49] [187/459] SSHB
[04:51:50] [188/459] VPCS
[04:51:51] [189/459] RCSR
[04:51:53] [190/459] RJRM
[04:51:53] [191/459] KPPB
[04:51:54] [192/459] SEDC
[04:51:55] [193/459] SCAI
[04:51:56] [194/459] RMTR
[04:51:57] [195/459] ASST
[04:51:57] [196/459] GCAK
[04:51:58] [197/459] ANNK
[04:51:59] [198/459] KDDF
[04:52:00] [199/459] NRDP
[04:52:01] [200/459] PLAK
[04:52:02] [201/459] GCMC
[04:52:02] [202/459] ALPY
[04:52:03] [203/459] SICE
[04:52:04] [204/459] SISR
[04:52:05] [205/459] SRPZ
[04:52:06] [206/459] SRSW
[04:52:07] [207/459] SUYA
[04:52:08] [208/459] AMMT
[04:52:08] [209/459] BHCU
[04:52:09] [210/459] KLPA
[04:52:10] [211/459] NVKH
[04:52:11] [212/459] JMRC
[04:52:12] [213/459] KTTT
[04:52:13] [214/459] MAGH
[04:52:15] [215/459] MMMX
[04:52:15] [216/459] SALJ
[04:52:16] [217/459] GTJA
[04:52:17] [218/459] MAHT
[04:52:18] [219/459] SSNN
[04:52:19] [220/459] ARRP
[04:52:20] [221/459] ATNS
[04:52:21] [222/459] SKDT
[04:52:22] [223/459] ACAT
[04:52:22] [224/459] APRC
[04:52:23] [225/459] SWAG
[04:52:24] [226/459] SDPT
[04:52:25] [227/459] STPS
[04:52:26] [228/459] WWCZ
[04:52:26] [229/459] LLCH
[04:52:27] [230/459] MZHA
[04:52:28] [231/459] CRJG
[04:52:29] [232/459] JGTK
[04:52:31] [233/459] KCSR
[04:52:32] [234/459] CHTL
[04:52:33] [235/459] EDSR
[04:52:33] [236/459] CSWO
[04:52:34] [237/459] CPVM
[04:52:35] [238/459] MXBY
[04:52:36] [239/459] FMMA
[04:52:38] [240/459] POVI
[04:52:39] [241/459] MTHB
[04:52:40] [242/459] INRC
[04:52:41] [243/459] PIPP
[04:52:41] [244/459] BMXC
[04:52:42] [245/459] PCMM
[04:52:43] [246/459] PMKM
[04:52:44] [247/459] GATY
[04:52:45] [248/459] IMCM
[04:52:45] [249/459] POPE
[04:52:46] [250/459] MTCR
[04:52:47] [251/459] PVAE
[04:52:48] [252/459] PVMI
[04:52:48] [253/459] CPNM
[04:52:49] [254/459] FMRL
[04:52:51] [255/459] MCIW
[04:52:52] [256/459] MXBO
[04:52:52] [257/459] FMKY
[04:52:53] [258/459] FMDA
[04:52:54] [259/459] THAB
[04:52:54] [260/459] PRCW
[04:52:55] [261/459] PITI
[04:52:56] [262/459] MCFF
[04:52:57] [263/459] PDDV
[04:52:58] [264/459] MCRM
[04:53:00] [265/459] KKMB
[04:53:00] [266/459] INKO
[04:53:01] [267/459] PLXP
[04:53:02] [268/459] MMHA
[04:53:03] [269/459] FMVS
[04:53:04] [270/459] POLM
[04:53:05] [271/459] STER
[04:53:06] [272/459] PVWJ
[04:53:07] [273/459] IMJW
[04:53:08] [274/459] FNAN
[04:53:09] [275/459] CAGL
[04:53:09] [276/459] IPBG
[04:53:10] [277/459] SMFV
[04:53:11] [278/459] MMMR
[04:53:12] [279/459] MMWM
[04:53:13] [280/459] FNCM
[04:53:14] [281/459] MDVA
[04:53:15] [282/459] MMET
[04:53:16] [283/459] MIDO
[04:53:18] [284/459] INNP
[04:53:19] [285/459] MIFU
[04:53:20] [286/459] MMSZ
[04:53:20] [287/459] BMXA
[04:53:21] [288/459] MCAA
[04:53:22] [289/459] SCVP
[04:53:23] [290/459] PLUS
[04:53:24] [291/459] MUCK
[04:53:25] [292/459] MTMA
[04:53:26] [293/459] HPVR
[04:53:27] [294/459] PMPK
[04:53:28] [295/459] MAJB
[04:53:28] [296/459] CTRR
[04:53:29] [297/459] MCTG
[04:53:30] [298/459] MACE
[04:53:31] [299/459] AAAS
[04:53:32] [300/459] CPVV
[04:53:32] [301/459] RCHG
[04:53:33] [302/459] MCNE
[04:53:34] [303/459] EMNC
[04:53:35] [304/459] MCAN
[04:53:37] [305/459] TCDM
[04:53:37] [306/459] IRGT
[04:53:38] [307/459] GCMG
[04:53:39] [308/459] MXSN
[04:53:40] [309/459] MXCK
[04:53:41] [310/459] MCRC
[04:53:42] [311/459] RSMI
[04:53:42] [312/459] WAML
[04:53:43] [313/459] MTSC
[04:53:44] [314/459] FMDR
[04:53:45] [315/459] LEPV
[04:53:46] [316/459] MTGD
[04:53:46] [317/459] IMOB
[04:53:47] [318/459] CLMM
[04:53:48] [319/459] PZCD
[04:53:49] [320/459] GOCS
[04:53:50] [321/459] KCMA
[04:53:50] [322/459] CCMP
[04:53:51] [323/459] MTSU
[04:53:52] [324/459] SNGL
[04:53:53] [325/459] MMMC
[04:53:54] [326/459] MMAA
[04:53:55] [327/459] GCDM
[04:53:55] [328/459] KTMV
[04:53:56] [329/459] AETE
[04:53:57] [330/459] OMCS
[04:53:58] [331/459] GDCD
[04:53:59] [332/459] NYMD
[04:54:00] [333/459] RNCV
[04:54:00] [334/459] KKMT
[04:54:01] [335/459] GDTH
[04:54:02] [336/459] KMMV
[04:54:03] [337/459] NHCG
[04:54:03] [338/459] PJDW
[04:54:04] [339/459] MMCV
[04:54:05] [340/459] FQSA
[04:54:06] [341/459] KURL
[04:54:06] [342/459] NNNX
[04:54:08] [343/459] AMAU
[04:54:09] [344/459] VVVM
[04:54:10] [345/459] VECU
[04:54:11] [346/459] WCVR
[04:54:12] [347/459] MTGG
[04:54:13] [348/459] SGTG
[04:54:13] [349/459] MNTG
[04:54:14] [350/459] JDDG
[04:54:15] [351/459] MBTK
[04:54:16] [352/459] SGCD
[04:54:17] [353/459] MCTC
[04:54:17] [354/459] JTPC
[04:54:18] [355/459] SDKT
[04:54:19] [356/459] KRCC
[04:54:20] [357/459] RMMD
[04:54:21] [358/459] AAME
[04:54:22] [359/459] TMWC
[04:54:22] [360/459] NRWY
[04:54:24] [361/459] CITD
[04:54:25] [362/459] VERD
[04:54:26] [363/459] MKSK
[04:54:27] [364/459] STSM
[04:54:28] [365/459] MJDG
[04:54:29] [366/459] RKPM
[04:54:30] [367/459] SSCE
[04:54:31] [368/459] VMAE
[04:54:32] [369/459] SBRU
[04:54:33] [370/459] AMBC
[04:54:34] [371/459] AMLU
[04:54:35] [372/459] INVZ
[04:54:36] [373/459] LGTV
[04:54:37] [374/459] SVAD
[04:54:38] [375/459] SMSA
[04:54:39] [376/459] SPCZ
[04:54:40] [377/459] GTCX
[04:54:41] [378/459] SCSL
[04:54:43] [379/459] SAHU
[04:54:44] [380/459] NCDA
[04:54:44] [381/459] SCCG
[04:54:46] [382/459] VKTL
[04:54:47] [383/459] PUUJ
[04:54:47] [384/459] STEJ
[04:54:48] [385/459] RJAL
[04:54:49] [386/459] ACJC
[04:54:49] [387/459] VTHC
[04:54:50] [388/459] ARVB
[04:54:51] [389/459] AUBB
[04:54:52] [390/459] GDBR
[04:54:53] [391/459] PVND
[04:54:53] [392/459] BGRJ
[04:54:54] [393/459] RJMM
[04:54:55] [394/459] MCSA
[04:54:57] [395/459] BODA
[04:54:58] [396/459] JAGG
[04:54:59] [397/459] SCGA
[04:55:00] [398/459] LRCM
[04:55:01] [399/459] CPCN
[04:55:02] [400/459] SSTF
[04:55:02] [401/459] SRXP
[04:55:03] [402/459] CNFX
[04:55:04] [403/459] ANDI
[04:55:05] [404/459] SYEW
[04:55:07] [405/459] RCRE
[04:55:07] [406/459] SCRW
[04:55:08] [407/459] MBKR
[04:55:09] [408/459] ASNT
[04:55:10] [409/459] JTMT
[04:55:11] [410/459] SHAY
[04:55:11] [411/459] VRTH
[04:55:12] [412/459] SPTI
[04:55:13] [413/459] DPTD
[04:55:14] [414/459] TGSN
[04:55:15] [415/459] RCWV
[04:55:16] [416/459] OCUR
[04:55:17] [417/459] KSTC
[04:55:17] [418/459] SANI
[04:55:19] [419/459] MLCA
[04:55:20] [420/459] EGCA
[04:55:21] [421/459] SYSN
[04:55:23] [422/459] PKTA
[04:55:24] [423/459] PRCC
[04:55:24] [424/459] KSTR
[04:55:25] [425/459] SNTP
[04:55:26] [426/459] RCHA
[04:55:27] [427/459] SEEA
[04:55:27] [428/459] ALAT
[04:55:29] [429/459] AATV
[04:55:30] [430/459] RJTE
[04:55:30] [431/459] AAPP
[04:55:31] [432/459] PMMH
[04:55:32] [433/459] INRJ
[04:55:33] [434/459] SARB
[04:55:34] [435/459] PCJL
[04:55:34] [436/459] PFJJ
[04:55:35] [437/459] GRDC
[04:55:36] [438/459] BCBA
[04:55:37] [439/459] VIXL
[04:55:37] [440/459] CSTL
[04:55:38] [441/459] MTDK
[04:55:39] [442/459] TDAC
[04:55:41] [443/459] GTDN
[04:55:41] [444/459] TTDE
[04:55:42] [445/459] ASTS
[04:55:43] [446/459] CPNS
[04:55:44] [447/459] PVVW
[04:55:44] [448/459] USEB
[04:55:45] [449/459] DTYN
[04:55:46] [450/459] PVLE
[04:55:47] [451/459] CIPS
[04:55:48] [452/459] PAEG
[04:55:48] [453/459] PTCW
[04:55:49] [454/459] G3SR
[04:55:50] [455/459] PGND
[04:55:51] [456/459] INVM
[04:55:52] [457/459] SPIA
[04:55:52] [458/459] PCSN
[04:55:53] [459/459] PPGV
[04:55:54] 🧹 Deduping shows
[04:55:54] ✅ DONE | Shows=499 | Movies=32
[12:02:18] 🚀 SCRIPT STARTED
[12:02:18] [1/459] FNDB
[12:02:18] 🧠 New identity created
[12:02:19] [2/459] AMBH
[12:02:20] [3/459] PRHN
[12:02:21] [4/459] ACPM
[12:02:22] [5/459] PVFS
[12:02:22] [6/459] AACN
[12:02:23] [7/459] ACAS
[12:02:24] [8/459] CTNR
[12:02:25] [9/459] MMAH
[12:02:27] [10/459] CPMH
[12:02:28] [11/459] IGMH
[12:02:28] [12/459] ABCS
[12:02:29] [13/459] CMMA
[12:02:30] [14/459] GPRH
[12:02:31] [15/459] PNNG
[12:02:32] [16/459] AMCA
[12:02:33] [17/459] ISTN
[12:02:33] [18/459] PIIC
[12:02:34] [19/459] AHMH
[12:02:35] [20/459] ASHN
[12:02:36] [21/459] INHY
[12:02:36] [22/459] SRMO
[12:02:37] [23/459] PIMH
[12:02:38] [24/459] PVTS
[12:02:39] [25/459] MMCA
[12:02:40] [26/459] AKYJ
[12:02:41] [27/459] BRKH
[12:02:42] [28/459] MAHM
[12:02:43] [29/459] CPHY
[12:02:44] [30/459] PVTP
[12:02:45] [31/459] SMMR
[12:02:46] [32/459] PVHM
[12:02:47] [33/459] SNDY
[12:02:48] [34/459] GOKU
[12:02:48] [35/459] ACEV
[12:02:49] [36/459] PVUM
[12:02:50] [37/459] VSWA
[12:02:51] [38/459] IPRS
[12:02:53] [39/459] ASGN
[12:02:54] [40/459] BKMV
[12:02:55] [41/459] PVYH
[12:02:55] [42/459] INKM
[12:02:56] [43/459] ARJU
[12:02:57] [44/459] JJPP
[12:02:58] [45/459] SSRM
[12:02:59] [46/459] HMHD
[12:03:00] [47/459] SNKH
[12:03:01] [48/459] ACHI
[12:03:02] [49/459] MRAA
[12:03:03] [50/459] INMH
[12:03:04] [51/459] ARMH
[12:03:05] [52/459] DVRR
[12:03:06] [53/459] SUDA
[12:03:07] [54/459] MCSS
[12:03:08] [55/459] VRKC
[12:03:09] [56/459] PRCX
[12:03:09] [57/459] ASJY
[12:03:10] [58/459] MTHY
[12:03:11] [59/459] SRCM
[12:03:12] [60/459] TVHY
[12:03:13] [61/459] STHD
[12:03:14] [62/459] CPCL
[12:03:15] [63/459] PSMJ
[12:03:17] [64/459] MRGT
[12:03:17] [65/459] ARYH
[12:03:18] [66/459] VTRB
[12:03:19] [67/459] SCHC
[12:03:21] [68/459] MRRG
[12:03:21] [69/459] SPCB
[12:03:22] [70/459] AMCM
[12:03:23] [71/459] IVNM
[12:03:24] [72/459] TRHY
[12:03:25] [73/459] PTTH
[12:03:26] [74/459] RKMH
[12:03:26] [75/459] PRCS
[12:03:27] [76/459] VAJA
[12:03:28] [77/459] BJNG
[12:03:29] [78/459] SCVM
[12:03:30] [79/459] GNHB
[12:03:31] [80/459] TLUR
[12:03:32] [81/459] UKCC
[12:03:33] [82/459] SRKR
[12:03:33] [83/459] RMKN
[12:03:34] [84/459] SLRT
[12:03:35] [85/459] LKMT
[12:03:36] [86/459] SSRJ
[12:03:36] [87/459] SPHT
[12:03:37] [88/459] ANTT
[12:03:38] [89/459] SRCH
[12:03:39] [90/459] SRCA
[12:03:40] [91/459] ARTH
[12:03:41] [92/459] MCBH
[12:03:42] [93/459] SNIB
[12:03:42] [94/459] SART
[12:03:43] [95/459] SKTA
[12:03:44] [96/459] YAKT
[12:03:45] [97/459] MLCK
[12:03:46] [98/459] ANTS
[12:03:47] [99/459] DGCA
[12:03:47] [100/459] SGMP
[12:03:49] [101/459] ASWN
[12:03:50] [102/459] KFVU
[12:03:51] [103/459] POOR
[12:03:52] [104/459] GKDN
[12:03:53] [105/459] EOSE
[12:03:54] [106/459] GTTT
[12:03:55] [107/459] ARRO
[12:03:55] [108/459] CMMK
[12:03:56] [109/459] MSCN
[12:03:57] [110/459] GDKH
[12:03:58] [111/459] DLMT
[12:03:59] [112/459] PVMF
[12:04:00] [113/459] CPCK
[12:04:01] [114/459] VMHE
[12:04:01] [115/459] PVLC
[12:04:02] [116/459] PCVB
[12:04:03] [117/459] SNYK
[12:04:04] [118/459] KTEK
[12:04:05] [119/459] PCNM
[12:04:06] [120/459] NTTR
[12:04:06] [121/459] CPSK
[12:04:07] [122/459] JMMA
[12:04:08] [123/459] GCFK
[12:04:09] [124/459] MYCA
[12:04:10] [125/459] KSNP
[12:04:11] [126/459] PMCE
[12:04:12] [127/459] SCKI
[12:04:13] [128/459] FSMA
[12:04:14] [129/459] CETA
[12:04:15] [130/459] MCIK
[12:04:16] [131/459] MYCR
[12:04:16] [132/459] EVMP
[12:04:17] [133/459] SSGT
[12:04:18] [134/459] KCTK
[12:04:19] [135/459] ZTKC
[12:04:19] [136/459] MMTA
[12:04:20] [137/459] MAJT
[12:04:21] [138/459] ACPK
[12:04:22] [139/459] JMAX
[12:04:23] [140/459] SETK
[12:04:23] [141/459] CAIS
[12:04:25] [142/459] AGCD
[12:04:26] [143/459] URCL
[12:04:27] [144/459] VTDS
[12:04:27] [145/459] JCNM
[12:04:28] [146/459] KCAM
[12:04:29] [147/459] ADCU
[12:04:30] [148/459] GXYN
[12:04:31] [149/459] SMJG
[12:04:32] [150/459] EYCJ
[12:04:32] [151/459] CCEJ
[12:04:33] [152/459] MARS
[12:04:34] [153/459] CPVJ
[12:04:36] [154/459] INVP
[12:04:36] [155/459] CPOV
[12:04:37] [156/459] VIJK
[12:04:38] [157/459] LAIM
[12:04:39] [158/459] STHV
[12:04:41] [159/459] SVLJ
[12:04:42] [160/459] ATVJ
[12:04:43] [161/459] JTSC
[12:04:44] [162/459] RMTV
[12:04:45] [163/459] MGGG
[12:04:45] [164/459] SWTH
[12:04:46] [165/459] INVJ
[12:04:47] [166/459] PRSV
[12:04:48] [167/459] JATV
[12:04:49] [168/459] RCVD
[12:04:49] [169/459] BDMA
[12:04:50] [170/459] BLJI
[12:04:51] [171/459] SWOT
[12:04:53] [172/459] SWRN
[12:04:53] [173/459] TVRA
[12:04:54] [174/459] VCSV
[12:04:55] [175/459] NVRN
[12:04:56] [176/459] SIKC
[12:04:56] [177/459] VAKR
[12:04:57] [178/459] SYLN
[12:04:58] [179/459] KLJL
[12:04:59] [180/459] LKMY
[12:04:59] [181/459] VSLY
[12:05:00] [182/459] CIKO
[12:05:01] [183/459] GPBG
[12:05:02] [184/459] CECM
[12:05:02] [185/459] SLKB
[12:05:03] [186/459] MTBO
[12:05:05] [187/459] SSHB
[12:05:05] [188/459] VPCS
[12:05:06] [189/459] RCSR
[12:05:07] [190/459] RJRM
[12:05:07] [191/459] KPPB
[12:05:09] [192/459] SEDC
[12:05:10] [193/459] SCAI
[12:05:10] [194/459] RMTR
[12:05:11] [195/459] ASST
[12:05:12] [196/459] GCAK
[12:05:13] [197/459] ANNK
[12:05:14] [198/459] KDDF
[12:05:14] [199/459] NRDP
[12:05:15] [200/459] PLAK
[12:05:16] [201/459] GCMC
[12:05:17] [202/459] ALPY
[12:05:18] [203/459] SICE
[12:05:18] [204/459] SISR
[12:05:19] [205/459] SRPZ
[12:05:20] [206/459] SRSW
[12:05:21] [207/459] SUYA
[12:05:22] [208/459] AMMT
[12:05:23] [209/459] BHCU
[12:05:24] [210/459] KLPA
[12:05:25] [211/459] NVKH
[12:05:26] [212/459] JMRC
[12:05:27] [213/459] KTTT
[12:05:28] [214/459] MAGH
[12:05:28] [215/459] MMMX
[12:05:29] [216/459] SALJ
[12:05:30] [217/459] GTJA
[12:05:31] [218/459] MAHT
[12:05:32] [219/459] SSNN
[12:05:33] [220/459] ARRP
[12:05:34] [221/459] ATNS
[12:05:35] [222/459] SKDT
[12:05:36] [223/459] ACAT
[12:05:37] [224/459] APRC
[12:05:37] [225/459] SWAG
[12:05:38] [226/459] SDPT
[12:05:39] [227/459] STPS
[12:05:40] [228/459] WWCZ
[12:05:41] [229/459] LLCH
[12:05:41] [230/459] MZHA
[12:05:42] [231/459] CRJG
[12:05:43] [232/459] JGTK
[12:05:44] [233/459] KCSR
[12:05:45] [234/459] CHTL
[12:05:45] [235/459] EDSR
[12:05:46] [236/459] CSWO
[12:05:48] [237/459] CPVM
[12:05:49] [238/459] MXBY
[12:05:50] [239/459] FMMA
[12:05:51] [240/459] POVI
[12:05:53] [241/459] MTHB
[12:05:54] [242/459] INRC
[12:05:55] [243/459] PIPP
[12:05:56] [244/459] BMXC
[12:05:56] [245/459] PCMM
[12:05:57] [246/459] PMKM
[12:05:58] [247/459] GATY
[12:05:59] [248/459] IMCM
[12:06:00] [249/459] POPE
[12:06:01] [250/459] MTCR
[12:06:02] [251/459] PVAE
[12:06:03] [252/459] PVMI
[12:06:03] [253/459] CPNM
[12:06:04] [254/459] FMRL
[12:06:05] [255/459] MCIW
[12:06:06] [256/459] MXBO
[12:06:07] [257/459] FMKY
[12:06:08] [258/459] FMDA
[12:06:09] [259/459] THAB
[12:06:10] [260/459] PRCW
[12:06:11] [261/459] PITI
[12:06:12] [262/459] MCFF
[12:06:12] [263/459] PDDV
[12:06:13] [264/459] MCRM
[12:06:14] [265/459] KKMB
[12:06:15] [266/459] INKO
[12:06:16] [267/459] PLXP
[12:06:16] [268/459] MMHA
[12:06:17] [269/459] FMVS
[12:06:18] [270/459] POLM
[12:06:19] [271/459] STER
[12:06:20] [272/459] PVWJ
[12:06:21] [273/459] IMJW
[12:06:21] [274/459] FNAN
[12:06:22] [275/459] CAGL
[12:06:24] [276/459] IPBG
[12:06:25] [277/459] SMFV
[12:06:26] [278/459] MMMR
[12:06:26] [279/459] MMWM
[12:06:27] [280/459] FNCM
[12:06:28] [281/459] MDVA
[12:06:29] [282/459] MMET
[12:06:29] [283/459] MIDO
[12:06:31] [284/459] INNP
[12:06:32] [285/459] MIFU
[12:06:33] [286/459] MMSZ
[12:06:34] [287/459] BMXA
[12:06:35] [288/459] MCAA
[12:06:36] [289/459] SCVP
[12:06:37] [290/459] PLUS
[12:06:37] [291/459] MUCK
[12:06:38] [292/459] MTMA
[12:06:39] [293/459] HPVR
[12:06:40] [294/459] PMPK
[12:06:41] [295/459] MAJB
[12:06:41] [296/459] CTRR
[12:06:42] [297/459] MCTG
[12:06:43] [298/459] MACE
[12:06:44] [299/459] AAAS
[12:06:45] [300/459] CPVV
[12:06:46] [301/459] RCHG
[12:06:47] [302/459] MCNE
[12:06:48] [303/459] EMNC
[12:06:48] [304/459] MCAN
[12:06:49] [305/459] TCDM
[12:06:50] [306/459] IRGT
[12:06:50] [307/459] GCMG
[12:06:51] [308/459] MXSN
[12:06:52] [309/459] MXCK
[12:06:53] [310/459] MCRC
[12:06:54] [311/459] RSMI
[12:06:55] [312/459] WAML
[12:06:56] [313/459] MTSC
[12:06:57] [314/459] FMDR
[12:06:58] [315/459] LEPV
[12:06:58] [316/459] MTGD
[12:06:59] [317/459] IMOB
[12:07:00] [318/459] CLMM
[12:07:02] [319/459] PZCD
[12:07:03] [320/459] GOCS
[12:07:03] [321/459] KCMA
[12:07:04] [322/459] CCMP
[12:07:05] [323/459] MTSU
[12:07:06] [324/459] SNGL
[12:07:07] [325/459] MMMC
[12:07:08] [326/459] MMAA
[12:07:09] [327/459] GCDM
[12:07:10] [328/459] KTMV
[12:07:11] [329/459] AETE
[12:07:12] [330/459] OMCS
[12:07:12] [331/459] GDCD
[12:07:13] [332/459] NYMD
[12:07:14] [333/459] RNCV
[12:07:15] [334/459] KKMT
[12:07:16] [335/459] GDTH
[12:07:17] [336/459] KMMV
[12:07:17] [337/459] NHCG
[12:07:18] [338/459] PJDW
[12:07:20] [339/459] MMCV
[12:07:20] [340/459] FQSA
[12:07:22] [341/459] KURL
[12:07:23] [342/459] NNNX
[12:07:24] [343/459] AMAU
[12:07:25] [344/459] VVVM
[12:07:26] [345/459] VECU
[12:07:27] [346/459] WCVR
[12:07:29] [347/459] MTGG
[12:07:30] [348/459] SGTG
[12:07:31] [349/459] MNTG
[12:07:32] [350/459] JDDG
[12:07:32] [351/459] MBTK
[12:07:33] [352/459] SGCD
[12:07:35] [353/459] MCTC
[12:07:36] [354/459] JTPC
[12:07:37] [355/459] SDKT
[12:07:38] [356/459] KRCC
[12:07:39] [357/459] RMMD
[12:07:40] [358/459] AAME
[12:07:40] [359/459] TMWC
[12:07:41] [360/459] NRWY
[12:07:42] [361/459] CITD
[12:07:43] [362/459] VERD
[12:07:44] [363/459] MKSK
[12:07:45] [364/459] STSM
[12:07:46] [365/459] MJDG
[12:07:46] [366/459] RKPM
[12:07:48] [367/459] SSCE
[12:07:49] [368/459] VMAE
[12:07:49] [369/459] SBRU
[12:07:50] [370/459] AMBC
[12:07:51] [371/459] AMLU
[12:07:52] [372/459] INVZ
[12:07:54] [373/459] LGTV
[12:07:55] [374/459] SVAD
[12:07:55] [375/459] SMSA
[12:07:56] [376/459] SPCZ
[12:07:57] [377/459] GTCX
[12:07:58] [378/459] SCSL
[12:07:59] [379/459] SAHU
[12:08:00] [380/459] NCDA
[12:08:00] [381/459] SCCG
[12:08:01] [382/459] VKTL
[12:08:02] [383/459] PUUJ
[12:08:03] [384/459] STEJ
[12:08:03] [385/459] RJAL
[12:08:04] [386/459] ACJC
[12:08:06] [387/459] VTHC
[12:08:07] [388/459] ARVB
[12:08:08] [389/459] AUBB
[12:08:09] [390/459] GDBR
[12:08:10] [391/459] PVND
[12:08:11] [392/459] BGRJ
[12:08:11] [393/459] RJMM
[12:08:12] [394/459] MCSA
[12:08:13] [395/459] BODA
[12:08:14] [396/459] JAGG
[12:08:15] [397/459] SCGA
[12:08:15] [398/459] LRCM
[12:08:16] [399/459] CPCN
[12:08:17] [400/459] SSTF
[12:08:18] [401/459] SRXP
[12:08:18] [402/459] CNFX
[12:08:19] [403/459] ANDI
[12:08:20] [404/459] SYEW
[12:08:21] [405/459] RCRE
[12:08:23] [406/459] SCRW
[12:08:24] [407/459] MBKR
[12:08:25] [408/459] ASNT
[12:08:26] [409/459] JTMT
[12:08:27] [410/459] SHAY
[12:08:28] [411/459] VRTH
[12:08:28] [412/459] SPTI
[12:08:29] [413/459] DPTD
[12:08:30] [414/459] TGSN
[12:08:31] [415/459] RCWV
[12:08:32] [416/459] OCUR
[12:08:32] [417/459] KSTC
[12:08:33] [418/459] SANI
[12:08:34] [419/459] MLCA
[12:08:35] [420/459] EGCA
[12:08:35] [421/459] SYSN
[12:08:36] [422/459] PKTA
[12:08:37] [423/459] PRCC
[12:08:38] [424/459] KSTR
[12:08:38] [425/459] SNTP
[12:08:39] [426/459] RCHA
[12:08:40] [427/459] SEEA
[12:08:41] [428/459] ALAT
[12:08:42] [429/459] AATV
[12:08:42] [430/459] RJTE
[12:08:43] [431/459] AAPP
[12:08:44] [432/459] PMMH
[12:08:46] [433/459] INRJ
[12:08:47] [434/459] SARB
[12:08:48] [435/459] PCJL
[12:08:48] [436/459] PFJJ
[12:08:49] [437/459] GRDC
[12:08:50] [438/459] BCBA
[12:08:51] [439/459] VIXL
[12:08:52] [440/459] CSTL
[12:08:52] [441/459] MTDK
[12:08:53] [442/459] TDAC
[12:08:54] [443/459] GTDN
[12:08:55] [444/459] TTDE
[12:08:56] [445/459] ASTS
[12:08:57] [446/459] CPNS
[12:08:58] [447/459] PVVW
[12:08:58] [448/459] USEB
[12:08:59] [449/459] DTYN
[12:09:01] [450/459] PVLE
[12:09:02] [451/459] CIPS
[12:09:02] [452/459] PAEG
[12:09:03] [453/459] PTCW
[12:09:04] [454/459] G3SR
[12:09:05] [455/459] PGND
[12:09:06] [456/459] INVM
[12:09:07] [457/459] SPIA
[12:09:08] [458/459] PCSN
[12:09:09] [459/459] PPGV
[12:09:10] 🧹 Deduping shows
[12:09:10] ✅ DONE | Shows=524 | Movies=32
[19:02:04] 🚀 SCRIPT STARTED
[19:02:04] [1/459] FNDB
[19:02:04] 🧠 New identity created
[19:02:05] [2/459] AMBH
[19:02:06] [3/459] PRHN
[19:02:07] [4/459] ACPM
[19:02:09] [5/459] PVFS
[19:02:10] [6/459] AACN
[19:02:11] [7/459] ACAS
[19:02:12] [8/459] CTNR
[19:02:13] [9/459] MMAH
[19:02:14] [10/459] CPMH
[19:02:15] [11/459] IGMH
[19:02:16] [12/459] ABCS
[19:02:17] [13/459] CMMA
[19:02:18] [14/459] GPRH
[19:02:20] [15/459] PNNG
[19:02:21] [16/459] AMCA
[19:02:22] [17/459] ISTN
[19:02:23] [18/459] PIIC
[19:02:25] [19/459] AHMH
[19:02:26] [20/459] ASHN
[19:02:28] [21/459] INHY
[19:02:29] [22/459] SRMO
[19:02:30] [23/459] PIMH
[19:02:32] [24/459] PVTS
[19:02:33] [25/459] MMCA
[19:02:34] [26/459] AKYJ
[19:02:36] [27/459] BRKH
[19:02:36] [28/459] MAHM
[19:02:37] [29/459] CPHY
[19:02:38] [30/459] PVTP
[19:02:39] [31/459] SMMR
[19:02:41] [32/459] PVHM
[19:02:42] [33/459] SNDY
[19:02:43] [34/459] GOKU
[19:02:44] [35/459] ACEV
[19:02:46] [36/459] PVUM
[19:02:47] [37/459] VSWA
[19:02:48] [38/459] IPRS
[19:02:49] [39/459] ASGN
[19:02:50] [40/459] BKMV
[19:02:52] [41/459] PVYH
[19:02:53] [42/459] INKM
[19:02:54] [43/459] ARJU
[19:02:55] [44/459] JJPP
[19:02:56] [45/459] SSRM
[19:02:58] [46/459] HMHD
[19:02:59] [47/459] SNKH
[19:03:01] [48/459] ACHI
[19:03:01] [49/459] MRAA
[19:03:02] [50/459] INMH
[19:03:03] [51/459] ARMH
[19:03:04] [52/459] DVRR
[19:03:05] [53/459] SUDA
[19:03:06] [54/459] MCSS
[19:03:07] [55/459] VRKC
[19:03:08] [56/459] PRCX
[19:03:10] [57/459] ASJY
[19:03:10] [58/459] MTHY
[19:03:12] [59/459] SRCM
[19:03:13] [60/459] TVHY
[19:03:14] [61/459] STHD
[19:03:16] [62/459] CPCL
[19:03:17] [63/459] PSMJ
[19:03:18] [64/459] MRGT
[19:03:19] [65/459] ARYH
[19:03:19] [66/459] VTRB
[19:03:20] [67/459] SCHC
[19:03:21] [68/459] MRRG
[19:03:22] [69/459] SPCB
[19:03:23] [70/459] AMCM
[19:03:24] [71/459] IVNM
[19:03:25] [72/459] TRHY
[19:03:26] [73/459] PTTH
[19:03:26] [74/459] RKMH
[19:03:28] [75/459] PRCS
[19:03:29] [76/459] VAJA
[19:03:30] [77/459] BJNG
[19:03:31] [78/459] SCVM
[19:03:32] [79/459] GNHB
[19:03:33] [80/459] TLUR
[19:03:33] [81/459] UKCC
[19:03:35] [82/459] SRKR
[19:03:37] [83/459] RMKN
[19:03:38] [84/459] SLRT
[19:03:39] [85/459] LKMT
[19:03:40] [86/459] SSRJ
[19:03:41] [87/459] SPHT
[19:03:42] [88/459] ANTT
[19:03:44] [89/459] SRCH
[19:03:45] [90/459] SRCA
[19:03:46] [91/459] ARTH
[19:03:47] [92/459] MCBH
[19:03:48] [93/459] SNIB
[19:03:49] [94/459] SART
[19:03:50] [95/459] SKTA
[19:03:52] [96/459] YAKT
[19:03:53] [97/459] MLCK
[19:03:55] [98/459] ANTS
[19:03:56] [99/459] DGCA
[19:03:57] [100/459] SGMP
[19:03:58] [101/459] ASWN
[19:03:59] [102/459] KFVU
[19:04:00] [103/459] POOR
[19:04:01] [104/459] GKDN
[19:04:03] [105/459] EOSE
[19:04:04] [106/459] GTTT
[19:04:05] [107/459] ARRO
[19:04:06] [108/459] CMMK
[19:04:07] [109/459] MSCN
[19:04:08] [110/459] GDKH
[19:04:08] [111/459] DLMT
[19:04:10] [112/459] PVMF
[19:04:10] [113/459] CPCK
[19:04:12] [114/459] VMHE
[19:04:13] [115/459] PVLC
[19:04:15] [116/459] PCVB
[19:04:16] [117/459] SNYK
[19:04:18] [118/459] KTEK
[19:04:19] [119/459] PCNM
[19:04:21] [120/459] NTTR
[19:04:22] [121/459] CPSK
[19:04:24] [122/459] JMMA
[19:04:25] [123/459] GCFK
[19:04:26] [124/459] MYCA
[19:04:26] [125/459] KSNP
[19:04:28] [126/459] PMCE
[19:04:29] [127/459] SCKI
[19:04:29] [128/459] FSMA
[19:04:31] [129/459] CETA
[19:04:32] [130/459] MCIK
[19:04:33] [131/459] MYCR
[19:04:35] [132/459] EVMP
[19:04:36] [133/459] SSGT
[19:04:36] [134/459] KCTK
[19:04:38] [135/459] ZTKC
[19:04:39] [136/459] MMTA
[19:04:40] [137/459] MAJT
[19:04:42] [138/459] ACPK
[19:04:43] [139/459] JMAX
[19:04:45] [140/459] SETK
[19:04:46] [141/459] CAIS
[19:04:48] [142/459] AGCD
[19:04:49] [143/459] URCL
[19:04:50] [144/459] VTDS
[19:04:51] [145/459] JCNM
[19:04:52] [146/459] KCAM
[19:04:53] [147/459] ADCU
[19:04:54] [148/459] GXYN
[19:04:55] [149/459] SMJG
[19:04:57] [150/459] EYCJ
[19:04:57] [151/459] CCEJ
[19:04:58] [152/459] MARS
[19:04:59] [153/459] CPVJ
[19:05:01] [154/459] INVP
[19:05:02] [155/459] CPOV
[19:05:03] [156/459] VIJK
[19:05:04] [157/459] LAIM
[19:05:06] [158/459] STHV
[19:05:07] [159/459] SVLJ
[19:05:08] [160/459] ATVJ
[19:05:09] [161/459] JTSC
[19:05:11] [162/459] RMTV
[19:05:11] [163/459] MGGG
[19:05:13] [164/459] SWTH
[19:05:14] [165/459] INVJ
[19:05:16] [166/459] PRSV
[19:05:17] [167/459] JATV
[19:05:18] [168/459] RCVD
[19:05:19] [169/459] BDMA
[19:05:21] [170/459] BLJI
[19:05:23] [171/459] SWOT
[19:05:24] [172/459] SWRN
[19:05:24] [173/459] TVRA
[19:05:25] [174/459] VCSV
[19:05:27] [175/459] NVRN
[19:05:29] [176/459] SIKC
[19:05:30] [177/459] VAKR
[19:05:32] [178/459] SYLN
[19:05:33] [179/459] KLJL
[19:05:33] [180/459] LKMY
[19:05:35] [181/459] VSLY
[19:05:36] [182/459] CIKO
[19:05:36] [183/459] GPBG
[19:05:38] [184/459] CECM
[19:05:39] [185/459] SLKB
[19:05:40] [186/459] MTBO
[19:05:41] [187/459] SSHB
[19:05:42] [188/459] VPCS
[19:05:43] [189/459] RCSR
[19:05:43] [190/459] RJRM
[19:05:45] [191/459] KPPB
[19:05:46] [192/459] SEDC
[19:05:47] [193/459] SCAI
[19:05:49] [194/459] RMTR
[19:05:50] [195/459] ASST
[19:05:51] [196/459] GCAK
[19:05:53] [197/459] ANNK
[19:05:54] [198/459] KDDF
[19:05:55] [199/459] NRDP
[19:05:56] [200/459] PLAK
[19:05:57] [201/459] GCMC
[19:05:58] [202/459] ALPY
[19:05:59] [203/459] SICE
[19:06:01] [204/459] SISR
[19:06:02] [205/459] SRPZ
[19:06:03] [206/459] SRSW
[19:06:05] [207/459] SUYA
[19:06:06] [208/459] AMMT
[19:06:07] [209/459] BHCU
[19:06:08] [210/459] KLPA
[19:06:09] [211/459] NVKH
[19:06:11] [212/459] JMRC
[19:06:12] [213/459] KTTT
[19:06:13] [214/459] MAGH
[19:06:14] [215/459] MMMX
[19:06:15] [216/459] SALJ
[19:06:16] [217/459] GTJA
[19:06:17] [218/459] MAHT
[19:06:19] [219/459] SSNN
[19:06:20] [220/459] ARRP
[19:06:22] [221/459] ATNS
[19:06:23] [222/459] SKDT
[19:06:25] [223/459] ACAT
[19:06:25] [224/459] APRC
[19:06:26] [225/459] SWAG
[19:06:28] [226/459] SDPT
[19:06:29] [227/459] STPS
[19:06:30] [228/459] WWCZ
[19:06:31] [229/459] LLCH
[19:06:31] [230/459] MZHA
[19:06:32] [231/459] CRJG
[19:06:33] [232/459] JGTK
[19:06:34] [233/459] KCSR
[19:06:35] [234/459] CHTL
[19:06:36] [235/459] EDSR
[19:06:37] [236/459] CSWO
[19:06:38] [237/459] CPVM
[19:06:40] [238/459] MXBY
[19:06:41] [239/459] FMMA
[19:06:42] [240/459] POVI
[19:06:43] [241/459] MTHB
[19:06:44] [242/459] INRC
[19:06:45] [243/459] PIPP
[19:06:46] [244/459] BMXC
[19:06:47] [245/459] PCMM
[19:06:49] [246/459] PMKM
[19:06:50] [247/459] GATY
[19:06:51] [248/459] IMCM
[19:06:53] [249/459] POPE
[19:06:54] [250/459] MTCR
[19:06:54] [251/459] PVAE
[19:06:56] [252/459] PVMI
[19:06:58] [253/459] CPNM
[19:06:58] [254/459] FMRL
[19:06:59] [255/459] MCIW
[19:07:00] [256/459] MXBO
[19:07:01] [257/459] FMKY
[19:07:03] [258/459] FMDA
[19:07:04] [259/459] THAB
[19:07:06] [260/459] PRCW
[19:07:07] [261/459] PITI
[19:07:09] [262/459] MCFF
[19:07:09] [263/459] PDDV
[19:07:11] [264/459] MCRM
[19:07:13] [265/459] KKMB
[19:07:13] [266/459] INKO
[19:07:15] [267/459] PLXP
[19:07:17] [268/459] MMHA
[19:07:18] [269/459] FMVS
[19:07:20] [270/459] POLM
[19:07:21] [271/459] STER
[19:07:22] [272/459] PVWJ
[19:07:23] [273/459] IMJW
[19:07:24] [274/459] FNAN
[19:07:26] [275/459] CAGL
[19:07:27] [276/459] IPBG
[19:07:29] [277/459] SMFV
[19:07:31] [278/459] MMMR
[19:07:32] [279/459] MMWM
[19:07:33] [280/459] FNCM
[19:07:34] [281/459] MDVA
[19:07:34] [282/459] MMET
[19:07:36] [283/459] MIDO
[19:07:37] [284/459] INNP
[19:07:39] [285/459] MIFU
[19:07:40] [286/459] MMSZ
[19:07:42] [287/459] BMXA
[19:07:43] [288/459] MCAA
[19:07:44] [289/459] SCVP
[19:07:45] [290/459] PLUS
[19:07:45] [291/459] MUCK
[19:07:46] [292/459] MTMA
[19:07:47] [293/459] HPVR
[19:07:48] [294/459] PMPK
[19:07:50] [295/459] MAJB
[19:07:51] [296/459] CTRR
[19:07:52] [297/459] MCTG
[19:07:54] [298/459] MACE
[19:07:54] [299/459] AAAS
[19:07:56] [300/459] CPVV
[19:07:58] [301/459] RCHG
[19:07:59] [302/459] MCNE
[19:08:01] [303/459] EMNC
[19:08:02] [304/459] MCAN
[19:08:04] [305/459] TCDM
[19:08:05] [306/459] IRGT
[19:08:06] [307/459] GCMG
[19:08:08] [308/459] MXSN
[19:08:09] [309/459] MXCK
[19:08:09] [310/459] MCRC
[19:08:11] [311/459] RSMI
[19:08:12] [312/459] WAML
[19:08:13] [313/459] MTSC
[19:08:14] [314/459] FMDR
[19:08:15] [315/459] LEPV
[19:08:17] [316/459] MTGD
[19:08:19] [317/459] IMOB
[19:08:20] [318/459] CLMM
[19:08:22] [319/459] PZCD
[19:08:23] [320/459] GOCS
[19:08:24] [321/459] KCMA
[19:08:25] [322/459] CCMP
[19:08:26] [323/459] MTSU
[19:08:27] [324/459] SNGL
[19:08:28] [325/459] MMMC
[19:08:29] [326/459] MMAA
[19:08:30] [327/459] GCDM
[19:08:32] [328/459] KTMV
[19:08:33] [329/459] AETE
[19:08:35] [330/459] OMCS
[19:08:36] [331/459] GDCD
[19:08:37] [332/459] NYMD
[19:08:38] [333/459] RNCV
[19:08:39] [334/459] KKMT
[19:08:40] [335/459] GDTH
[19:08:41] [336/459] KMMV
[19:08:42] [337/459] NHCG
[19:08:44] [338/459] PJDW
[19:08:45] [339/459] MMCV
[19:08:46] [340/459] FQSA
[19:08:47] [341/459] KURL
[19:08:48] [342/459] NNNX
[19:08:50] [343/459] AMAU
[19:08:51] [344/459] VVVM
[19:08:52] [345/459] VECU
[19:08:53] [346/459] WCVR
[19:08:54] [347/459] MTGG
[19:08:55] [348/459] SGTG
[19:08:56] [349/459] MNTG
[19:08:58] [350/459] JDDG
[19:08:59] [351/459] MBTK
[19:09:00] [352/459] SGCD
[19:09:01] [353/459] MCTC
[19:09:02] [354/459] JTPC
[19:09:04] [355/459] SDKT
[19:09:05] [356/459] KRCC
[19:09:06] [357/459] RMMD
[19:09:08] [358/459] AAME
[19:09:09] [359/459] TMWC
[19:09:11] [360/459] NRWY
[19:09:11] [361/459] CITD
[19:09:13] [362/459] VERD
[19:09:14] [363/459] MKSK
[19:09:15] [364/459] STSM
[19:09:16] [365/459] MJDG
[19:09:18] [366/459] RKPM
[19:09:19] [367/459] SSCE
[19:09:20] [368/459] VMAE
[19:09:22] [369/459] SBRU
[19:09:23] [370/459] AMBC
[19:09:24] [371/459] AMLU
[19:09:26] [372/459] INVZ
[19:09:27] [373/459] LGTV
[19:09:28] [374/459] SVAD
[19:09:29] [375/459] SMSA
[19:09:31] [376/459] SPCZ
[19:09:32] [377/459] GTCX
[19:09:32] [378/459] SCSL
[19:09:33] [379/459] SAHU
[19:09:34] [380/459] NCDA
[19:09:36] [381/459] SCCG
[19:09:37] [382/459] VKTL
[19:09:38] [383/459] PUUJ
[19:09:40] [384/459] STEJ
[19:09:41] [385/459] RJAL
[19:09:43] [386/459] ACJC
[19:09:45] [387/459] VTHC
[19:09:46] [388/459] ARVB
[19:09:48] [389/459] AUBB
[19:09:49] [390/459] GDBR
[19:09:50] [391/459] PVND
[19:09:51] [392/459] BGRJ
[19:09:52] [393/459] RJMM
[19:09:54] [394/459] MCSA
[19:09:55] [395/459] BODA
[19:09:56] [396/459] JAGG
[19:09:56] [397/459] SCGA
[19:09:58] [398/459] LRCM
[19:09:59] [399/459] CPCN
[19:09:59] [400/459] SSTF
[19:10:01] [401/459] SRXP
[19:10:02] [402/459] CNFX
[19:10:03] [403/459] ANDI
[19:10:05] [404/459] SYEW
[19:10:06] [405/459] RCRE
[19:10:06] [406/459] SCRW
[19:10:08] [407/459] MBKR
[19:10:08] [408/459] ASNT
[19:10:10] [409/459] JTMT
[19:10:11] [410/459] SHAY
[19:10:13] [411/459] VRTH
[19:10:14] [412/459] SPTI
[19:10:16] [413/459] DPTD
[19:10:17] [414/459] TGSN
[19:10:18] [415/459] RCWV
[19:10:19] [416/459] OCUR
[19:10:20] [417/459] KSTC
[19:10:22] [418/459] SANI
[19:10:23] [419/459] MLCA
[19:10:24] [420/459] EGCA
[19:10:26] [421/459] SYSN
[19:10:28] [422/459] PKTA
[19:10:29] [423/459] PRCC
[19:10:30] [424/459] KSTR
[19:10:31] [425/459] SNTP
[19:10:32] [426/459] RCHA
[19:10:33] [427/459] SEEA
[19:10:34] [428/459] ALAT
[19:10:35] [429/459] AATV
[19:10:36] [430/459] RJTE
[19:10:37] [431/459] AAPP
[19:10:38] [432/459] PMMH
[19:10:40] [433/459] INRJ
[19:10:41] [434/459] SARB
[19:10:43] [435/459] PCJL
[19:10:44] [436/459] PFJJ
[19:10:46] [437/459] GRDC
[19:10:47] [438/459] BCBA
[19:10:48] [439/459] VIXL
[19:10:49] [440/459] CSTL
[19:10:50] [441/459] MTDK
[19:10:51] [442/459] TDAC
[19:10:53] [443/459] GTDN
[19:10:54] [444/459] TTDE
[19:10:55] [445/459] ASTS
[19:10:56] [446/459] CPNS
[19:10:58] [447/459] PVVW
[19:10:59] [448/459] USEB
[19:11:00] [449/459] DTYN
[19:11:00] [450/459] PVLE
[19:11:01] [451/459] CIPS
[19:11:03] [452/459] PAEG
[19:11:04] [453/459] PTCW
[19:11:05] [454/459] G3SR
[19:11:06] [455/459] PGND
[19:11:07] [456/459] INVM
[19:11:08] [457/459] SPIA
[19:11:10] [458/459] PCSN
[19:11:12] [459/459] PPGV
[19:11:13] 🧹 Deduping shows
[19:11:13] ✅ DONE | Shows=733 | Movies=41
[21:55:07] 🚀 SCRIPT STARTED
[21:55:07] [1/459] FNDB
[21:55:07] 🧠 New identity created
[21:55:08] [2/459] AMBH
[21:55:09] [3/459] PRHN
[21:55:09] [4/459] ACPM
[21:55:10] [5/459] PVFS
[21:55:11] [6/459] AACN
[21:55:12] [7/459] ACAS
[21:55:13] [8/459] CTNR
[21:55:13] [9/459] MMAH
[21:55:14] [10/459] CPMH
[21:55:15] [11/459] IGMH
[21:55:16] [12/459] ABCS
[21:55:17] [13/459] CMMA
[21:55:18] [14/459] GPRH
[21:55:19] [15/459] PNNG
[21:55:19] [16/459] AMCA
[21:55:20] [17/459] ISTN
[21:55:21] [18/459] PIIC
[21:55:22] [19/459] AHMH
[21:55:23] [20/459] ASHN
[21:55:24] [21/459] INHY
[21:55:25] [22/459] SRMO
[21:55:25] [23/459] PIMH
[21:55:26] [24/459] PVTS
[21:55:27] [25/459] MMCA
[21:55:28] [26/459] AKYJ
[21:55:29] [27/459] BRKH
[21:55:30] [28/459] MAHM
[21:55:31] [29/459] CPHY
[21:55:31] [30/459] PVTP
[21:55:33] [31/459] SMMR
[21:55:34] [32/459] PVHM
[21:55:35] [33/459] SNDY
[21:55:36] [34/459] GOKU
[21:55:37] [35/459] ACEV
[21:55:38] [36/459] PVUM
[21:55:39] [37/459] VSWA
[21:55:40] [38/459] IPRS
[21:55:41] [39/459] ASGN
[21:55:43] [40/459] BKMV
[21:55:44] [41/459] PVYH
[21:55:44] [42/459] INKM
[21:55:45] [43/459] ARJU
[21:55:46] [44/459] JJPP
[21:55:47] [45/459] SSRM
[21:55:48] [46/459] HMHD
[21:55:49] [47/459] SNKH
[21:55:50] [48/459] ACHI
[21:55:51] [49/459] MRAA
[21:55:52] [50/459] INMH
[21:55:53] [51/459] ARMH
[21:55:54] [52/459] DVRR
[21:55:55] [53/459] SUDA
[21:55:57] [54/459] MCSS
[21:55:58] [55/459] VRKC
[21:55:59] [56/459] PRCX
[21:56:00] [57/459] ASJY
[21:56:01] [58/459] MTHY
[21:56:01] [59/459] SRCM
[21:56:02] [60/459] TVHY
[21:56:03] [61/459] STHD
[21:56:04] [62/459] CPCL
[21:56:06] [63/459] PSMJ
[21:56:07] [64/459] MRGT
[21:56:08] [65/459] ARYH
[21:56:09] [66/459] VTRB
[21:56:10] [67/459] SCHC
[21:56:11] [68/459] MRRG
[21:56:12] [69/459] SPCB
[21:56:13] [70/459] AMCM
[21:56:13] [71/459] IVNM
[21:56:14] [72/459] TRHY
[21:56:15] [73/459] PTTH
[21:56:17] [74/459] RKMH
[21:56:17] [75/459] PRCS
[21:56:18] [76/459] VAJA
[21:56:19] [77/459] BJNG
[21:56:20] [78/459] SCVM
[21:56:21] [79/459] GNHB
[21:56:22] [80/459] TLUR
[21:56:22] [81/459] UKCC
[21:56:23] [82/459] SRKR
[21:56:25] [83/459] RMKN
[21:56:26] [84/459] SLRT
[21:56:27] [85/459] LKMT
[21:56:28] [86/459] SSRJ
[21:56:29] [87/459] SPHT
[21:56:30] [88/459] ANTT
[21:56:31] [89/459] SRCH
[21:56:32] [90/459] SRCA
[21:56:32] [91/459] ARTH
[21:56:33] [92/459] MCBH
[21:56:34] [93/459] SNIB
[21:56:35] [94/459] SART
[21:56:36] [95/459] SKTA
[21:56:37] [96/459] YAKT
[21:56:38] [97/459] MLCK
[21:56:38] [98/459] ANTS
[21:56:39] [99/459] DGCA
[21:56:40] [100/459] SGMP
[21:56:42] [101/459] ASWN
[21:56:43] [102/459] KFVU
[21:56:44] [103/459] POOR
[21:56:45] [104/459] GKDN
[21:56:46] [105/459] EOSE
[21:56:47] [106/459] GTTT
[21:56:48] [107/459] ARRO
[21:56:49] [108/459] CMMK
[21:56:49] [109/459] MSCN
[21:56:50] [110/459] GDKH
[21:56:51] [111/459] DLMT
[21:56:52] [112/459] PVMF
[21:56:53] [113/459] CPCK
[21:56:53] [114/459] VMHE
[21:56:55] [115/459] PVLC
[21:56:56] [116/459] PCVB
[21:56:57] [117/459] SNYK
[21:56:58] [118/459] KTEK
[21:56:59] [119/459] PCNM
[21:57:00] [120/459] NTTR
[21:57:00] [121/459] CPSK
[21:57:01] [122/459] JMMA
[21:57:02] [123/459] GCFK
[21:57:03] [124/459] MYCA
[21:57:04] [125/459] KSNP
[21:57:04] [126/459] PMCE
[21:57:05] [127/459] SCKI
[21:57:07] [128/459] FSMA
[21:57:08] [129/459] CETA
[21:57:09] [130/459] MCIK
[21:57:10] [131/459] MYCR
[21:57:12] [132/459] EVMP
[21:57:13] [133/459] SSGT
[21:57:14] [134/459] KCTK
[21:57:15] [135/459] ZTKC
[21:57:15] [136/459] MMTA
[21:57:16] [137/459] MAJT
[21:57:17] [138/459] ACPK
[21:57:18] [139/459] JMAX
[21:57:19] [140/459] SETK
[21:57:19] [141/459] CAIS
[21:57:20] [142/459] AGCD
[21:57:21] [143/459] URCL
[21:57:22] [144/459] VTDS
[21:57:23] [145/459] JCNM
[21:57:24] [146/459] KCAM
[21:57:25] [147/459] ADCU
[21:57:25] [148/459] GXYN
[21:57:26] [149/459] SMJG
[21:57:27] [150/459] EYCJ
[21:57:28] [151/459] CCEJ
[21:57:29] [152/459] MARS
[21:57:30] [153/459] CPVJ
[21:57:30] [154/459] INVP
[21:57:31] [155/459] CPOV
[21:57:33] [156/459] VIJK
[21:57:34] [157/459] LAIM
[21:57:35] [158/459] STHV
[21:57:35] [159/459] SVLJ
[21:57:36] [160/459] ATVJ
[21:57:38] [161/459] JTSC
[21:57:39] [162/459] RMTV
[21:57:39] [163/459] MGGG
[21:57:40] [164/459] SWTH
[21:57:43] [165/459] INVJ
[21:57:44] [166/459] PRSV
[21:57:45] [167/459] JATV
[21:57:47] [168/459] RCVD
[21:57:48] [169/459] BDMA
[21:57:49] [170/459] BLJI
[21:57:50] [171/459] SWOT
[21:57:51] [172/459] SWRN
[21:57:52] [173/459] TVRA
[21:57:53] [174/459] VCSV
[21:57:54] [175/459] NVRN
[21:57:54] [176/459] SIKC
[21:57:55] [177/459] VAKR
[21:57:56] [178/459] SYLN
[21:57:57] [179/459] KLJL
[21:57:59] [180/459] LKMY
[21:58:00] [181/459] VSLY
[21:58:02] [182/459] CIKO
[21:58:03] [183/459] GPBG
[21:58:03] [184/459] CECM
[21:58:04] [185/459] SLKB
[21:58:05] [186/459] MTBO
[21:58:06] [187/459] SSHB
[21:58:06] [188/459] VPCS
[21:58:08] [189/459] RCSR
[21:58:09] [190/459] RJRM
[21:58:09] [191/459] KPPB
[21:58:10] [192/459] SEDC
[21:58:11] [193/459] SCAI
[21:58:12] [194/459] RMTR
[21:58:13] [195/459] ASST
[21:58:13] [196/459] GCAK
[21:58:14] [197/459] ANNK
[21:58:15] [198/459] KDDF
[21:58:16] [199/459] NRDP
[21:58:17] [200/459] PLAK
[21:58:18] [201/459] GCMC
[21:58:19] [202/459] ALPY
[21:58:20] [203/459] SICE
[21:58:21] [204/459] SISR
[21:58:23] [205/459] SRPZ
[21:58:24] [206/459] SRSW
[21:58:24] [207/459] SUYA
[21:58:25] [208/459] AMMT
[21:58:26] [209/459] BHCU
[21:58:27] [210/459] KLPA
[21:58:28] [211/459] NVKH
[21:58:29] [212/459] JMRC
[21:58:30] [213/459] KTTT
[21:58:31] [214/459] MAGH
[21:58:32] [215/459] MMMX
[21:58:32] [216/459] SALJ
[21:58:34] [217/459] GTJA
[21:58:36] [218/459] MAHT
[21:58:36] [219/459] SSNN
[21:58:37] [220/459] ARRP
[21:58:39] [221/459] ATNS
[21:58:40] [222/459] SKDT
[21:58:41] [223/459] ACAT
[21:58:42] [224/459] APRC
[21:58:44] [225/459] SWAG
[21:58:46] [226/459] SDPT
[21:58:46] [227/459] STPS
[21:58:47] [228/459] WWCZ
[21:58:48] [229/459] LLCH
[21:58:49] [230/459] MZHA
[21:58:50] [231/459] CRJG
[21:58:51] [232/459] JGTK
[21:58:52] [233/459] KCSR
[21:58:53] [234/459] CHTL
[21:58:54] [235/459] EDSR
[21:58:55] [236/459] CSWO
[21:58:57] [237/459] CPVM
[21:58:57] [238/459] MXBY
[21:58:58] [239/459] FMMA
[21:58:59] [240/459] POVI
[21:59:00] [241/459] MTHB
[21:59:00] [242/459] INRC
[21:59:01] [243/459] PIPP
[21:59:02] [244/459] BMXC
[21:59:03] [245/459] PCMM
[21:59:04] [246/459] PMKM
[21:59:05] [247/459] GATY
[21:59:06] [248/459] IMCM
[21:59:06] [249/459] POPE
[21:59:07] [250/459] MTCR
[21:59:08] [251/459] PVAE
[21:59:09] [252/459] PVMI
[21:59:10] [253/459] CPNM
[21:59:11] [254/459] FMRL
[21:59:12] [255/459] MCIW
[21:59:13] [256/459] MXBO
[21:59:14] [257/459] FMKY
[21:59:15] [258/459] FMDA
[21:59:15] [259/459] THAB
[21:59:16] [260/459] PRCW
[21:59:17] [261/459] PITI
[21:59:19] [262/459] MCFF
[21:59:19] [263/459] PDDV
[21:59:20] [264/459] MCRM
[21:59:21] [265/459] KKMB
[21:59:22] [266/459] INKO
[21:59:23] [267/459] PLXP
[21:59:23] [268/459] MMHA
[21:59:24] [269/459] FMVS
[21:59:26] [270/459] POLM
[21:59:27] [271/459] STER
[21:59:28] [272/459] PVWJ
[21:59:29] [273/459] IMJW
[21:59:30] [274/459] FNAN
[21:59:30] [275/459] CAGL
[21:59:31] [276/459] IPBG
[21:59:32] [277/459] SMFV
[21:59:33] [278/459] MMMR
[21:59:34] [279/459] MMWM
[21:59:35] [280/459] FNCM
[21:59:36] [281/459] MDVA
[21:59:37] [282/459] MMET
[21:59:38] [283/459] MIDO
[21:59:38] [284/459] INNP
[21:59:39] [285/459] MIFU
[21:59:40] [286/459] MMSZ
[21:59:41] [287/459] BMXA
[21:59:42] [288/459] MCAA
[21:59:42] [289/459] SCVP
[21:59:43] [290/459] PLUS
[21:59:44] [291/459] MUCK
[21:59:45] [292/459] MTMA
[21:59:46] [293/459] HPVR
[21:59:47] [294/459] PMPK
[21:59:48] [295/459] MAJB
[21:59:49] [296/459] CTRR
[21:59:49] [297/459] MCTG
[21:59:50] [298/459] MACE
[21:59:51] [299/459] AAAS
[21:59:52] [300/459] CPVV
[21:59:53] [301/459] RCHG
[21:59:54] [302/459] MCNE
[21:59:55] [303/459] EMNC
[21:59:55] [304/459] MCAN
[21:59:57] [305/459] TCDM
[21:59:58] [306/459] IRGT
[21:59:59] [307/459] GCMG
[22:00:00] [308/459] MXSN
[22:00:02] [309/459] MXCK
[22:00:03] [310/459] MCRC
[22:00:03] [311/459] RSMI
[22:00:04] [312/459] WAML
[22:00:05] [313/459] MTSC
[22:00:06] [314/459] FMDR
[22:00:07] [315/459] LEPV
[22:00:08] [316/459] MTGD
[22:00:09] [317/459] IMOB
[22:00:10] [318/459] CLMM
[22:00:11] [319/459] PZCD
[22:00:12] [320/459] GOCS
[22:00:13] [321/459] KCMA
[22:00:14] [322/459] CCMP
[22:00:15] [323/459] MTSU
[22:00:16] [324/459] SNGL
[22:00:17] [325/459] MMMC
[22:00:17] [326/459] MMAA
[22:00:19] [327/459] GCDM
[22:00:20] [328/459] KTMV
[22:00:20] [329/459] AETE
[22:00:22] [330/459] OMCS
[22:00:23] [331/459] GDCD
[22:00:24] [332/459] NYMD
[22:00:25] [333/459] RNCV
[22:00:26] [334/459] KKMT
[22:00:27] [335/459] GDTH
[22:00:28] [336/459] KMMV
[22:00:29] [337/459] NHCG
[22:00:29] [338/459] PJDW
[22:00:30] [339/459] MMCV
[22:00:31] [340/459] FQSA
[22:00:32] [341/459] KURL
[22:00:33] [342/459] NNNX
[22:00:34] [343/459] AMAU
[22:00:36] [344/459] VVVM
[22:00:37] [345/459] VECU
[22:00:38] [346/459] WCVR
[22:00:39] [347/459] MTGG
[22:00:40] [348/459] SGTG
[22:00:40] [349/459] MNTG
[22:00:41] [350/459] JDDG
[22:00:42] [351/459] MBTK
[22:00:43] [352/459] SGCD
[22:00:44] [353/459] MCTC
[22:00:44] [354/459] JTPC
[22:00:45] [355/459] SDKT
[22:00:48] [356/459] KRCC
[22:00:48] [357/459] RMMD
[22:00:49] [358/459] AAME
[22:00:51] [359/459] TMWC
[22:00:51] [360/459] NRWY
[22:00:52] [361/459] CITD
[22:00:53] [362/459] VERD
[22:00:54] [363/459] MKSK
[22:00:55] [364/459] STSM
[22:00:56] [365/459] MJDG
[22:00:57] [366/459] RKPM
[22:00:57] [367/459] SSCE
[22:00:58] [368/459] VMAE
[22:00:59] [369/459] SBRU
[22:01:00] [370/459] AMBC
[22:01:01] [371/459] AMLU
[22:01:02] [372/459] INVZ
[22:01:02] [373/459] LGTV
[22:01:03] [374/459] SVAD
[22:01:04] [375/459] SMSA
[22:01:05] [376/459] SPCZ
[22:01:06] [377/459] GTCX
[22:01:06] [378/459] SCSL
[22:01:07] [379/459] SAHU
[22:01:09] [380/459] NCDA
[22:01:10] [381/459] SCCG
[22:01:11] [382/459] VKTL
[22:01:12] [383/459] PUUJ
[22:01:13] [384/459] STEJ
[22:01:14] [385/459] RJAL
[22:01:15] [386/459] ACJC
[22:01:16] [387/459] VTHC
[22:01:16] [388/459] ARVB
[22:01:17] [389/459] AUBB
[22:01:18] [390/459] GDBR
[22:01:19] [391/459] PVND
[22:01:20] [392/459] BGRJ
[22:01:21] [393/459] RJMM
[22:01:22] [394/459] MCSA
[22:01:23] [395/459] BODA
[22:01:24] [396/459] JAGG
[22:01:25] [397/459] SCGA
[22:01:25] [398/459] LRCM
[22:01:26] [399/459] CPCN
[22:01:27] [400/459] SSTF
[22:01:28] [401/459] SRXP
[22:01:29] [402/459] CNFX
[22:01:30] [403/459] ANDI
[22:01:30] [404/459] SYEW
[22:01:31] [405/459] RCRE
[22:01:32] [406/459] SCRW
[22:01:33] [407/459] MBKR
[22:01:34] [408/459] ASNT
[22:01:35] [409/459] JTMT
[22:01:36] [410/459] SHAY
[22:01:37] [411/459] VRTH
[22:01:38] [412/459] SPTI
[22:01:39] [413/459] DPTD
[22:01:40] [414/459] TGSN
[22:01:41] [415/459] RCWV
[22:01:42] [416/459] OCUR
[22:01:43] [417/459] KSTC
[22:01:44] [418/459] SANI
[22:01:44] [419/459] MLCA
[22:01:45] [420/459] EGCA
[22:01:46] [421/459] SYSN
[22:01:47] [422/459] PKTA
[22:01:48] [423/459] PRCC
[22:01:50] [424/459] KSTR
[22:01:51] [425/459] SNTP
[22:01:51] [426/459] RCHA
[22:01:53] [427/459] SEEA
[22:01:54] [428/459] ALAT
[22:01:55] [429/459] AATV
[22:01:56] [430/459] RJTE
[22:01:58] [431/459] AAPP
[22:01:58] [432/459] PMMH
[22:02:00] [433/459] INRJ
[22:02:01] [434/459] SARB
[22:02:02] [435/459] PCJL
[22:02:03] [436/459] PFJJ
[22:02:04] [437/459] GRDC
[22:02:05] [438/459] BCBA
[22:02:06] [439/459] VIXL
[22:02:06] [440/459] CSTL
[22:02:08] [441/459] MTDK
[22:02:09] [442/459] TDAC
[22:02:10] [443/459] GTDN
[22:02:11] [444/459] TTDE
[22:02:12] [445/459] ASTS
[22:02:13] [446/459] CPNS
[22:02:14] [447/459] PVVW
[22:02:14] [448/459] USEB
[22:02:15] [449/459] DTYN
[22:02:16] [450/459] PVLE
[22:02:17] [451/459] CIPS
[22:02:19] [452/459] PAEG
[22:02:20] [453/459] PTCW
[22:02:21] [454/459] G3SR
[22:02:22] [455/459] PGND
[22:02:23] [456/459] INVM
[22:02:25] [457/459] SPIA
[22:02:25] [458/459] PCSN
[22:02:26] [459/459] PPGV
[22:02:27] 🧹 Deduping shows
[22:02:27] ✅ DONE | Shows=750 | Movies=43
[03:49:22] 🚀 SCRIPT STARTED
[03:49:22] [1/459] FNDB
[03:49:22] 🧠 New identity created
[03:49:23] [2/459] AMBH
[03:49:24] [3/459] PRHN
[03:49:25] [4/459] ACPM
[03:49:26] [5/459] PVFS
[03:49:27] [6/459] AACN
[03:49:28] [7/459] ACAS
[03:49:29] [8/459] CTNR
[03:49:30] [9/459] MMAH
[03:49:31] [10/459] CPMH
[03:49:33] [11/459] IGMH
[03:49:34] [12/459] ABCS
[03:49:35] [13/459] CMMA
[03:49:36] [14/459] GPRH
[03:49:37] [15/459] PNNG
[03:49:38] [16/459] AMCA
[03:49:38] [17/459] ISTN
[03:49:39] [18/459] PIIC
[03:49:40] [19/459] AHMH
[03:49:41] [20/459] ASHN
[03:49:42] [21/459] INHY
[03:49:43] [22/459] SRMO
[03:49:44] [23/459] PIMH
[03:49:44] [24/459] PVTS
[03:49:45] [25/459] MMCA
[03:49:47] [26/459] AKYJ
[03:49:48] [27/459] BRKH
[03:49:49] [28/459] MAHM
[03:49:50] [29/459] CPHY
[03:49:51] [30/459] PVTP
[03:49:52] [31/459] SMMR
[03:49:54] [32/459] PVHM
[03:49:55] [33/459] SNDY
[03:49:56] [34/459] GOKU
[03:49:56] [35/459] ACEV
[03:49:57] [36/459] PVUM
[03:49:58] [37/459] VSWA
[03:49:59] [38/459] IPRS
[03:50:00] [39/459] ASGN
[03:50:01] [40/459] BKMV
[03:50:02] [41/459] PVYH
[03:50:03] [42/459] INKM
[03:50:04] [43/459] ARJU
[03:50:05] [44/459] JJPP
[03:50:06] [45/459] SSRM
[03:50:07] [46/459] HMHD
[03:50:08] [47/459] SNKH
[03:50:09] [48/459] ACHI
[03:50:11] [49/459] MRAA
[03:50:13] [50/459] INMH
[03:50:14] [51/459] ARMH
[03:50:14] [52/459] DVRR
[03:50:15] [53/459] SUDA
[03:50:17] [54/459] MCSS
[03:50:17] [55/459] VRKC
[03:50:19] [56/459] PRCX
[03:50:20] [57/459] ASJY
[03:50:21] [58/459] MTHY
[03:50:22] [59/459] SRCM
[03:50:23] [60/459] TVHY
[03:50:24] [61/459] STHD
[03:50:25] [62/459] CPCL
[03:50:26] [63/459] PSMJ
[03:50:27] [64/459] MRGT
[03:50:27] [65/459] ARYH
[03:50:28] [66/459] VTRB
[03:50:29] [67/459] SCHC
[03:50:30] [68/459] MRRG
[03:50:31] [69/459] SPCB
[03:50:32] [70/459] AMCM
[03:50:33] [71/459] IVNM
[03:50:34] [72/459] TRHY
[03:50:35] [73/459] PTTH
[03:50:36] [74/459] RKMH
[03:50:36] [75/459] PRCS
[03:50:37] [76/459] VAJA
[03:50:38] [77/459] BJNG
[03:50:39] [78/459] SCVM
[03:50:40] [79/459] GNHB
[03:50:41] [80/459] TLUR
[03:50:42] [81/459] UKCC
[03:50:43] [82/459] SRKR
[03:50:43] [83/459] RMKN
[03:50:45] [84/459] SLRT
[03:50:47] [85/459] LKMT
[03:50:48] [86/459] SSRJ
[03:50:49] [87/459] SPHT
[03:50:49] [88/459] ANTT
[03:50:50] [89/459] SRCH
[03:50:51] [90/459] SRCA
[03:50:52] [91/459] ARTH
[03:50:53] [92/459] MCBH
[03:50:54] [93/459] SNIB
[03:50:55] [94/459] SART
[03:50:56] [95/459] SKTA
[03:50:57] [96/459] YAKT
[03:50:57] [97/459] MLCK
[03:50:58] [98/459] ANTS
[03:50:59] [99/459] DGCA
[03:51:00] [100/459] SGMP
[03:51:01] [101/459] ASWN
[03:51:03] [102/459] KFVU
[03:51:03] [103/459] POOR
[03:51:04] [104/459] GKDN
[03:51:05] [105/459] EOSE
[03:51:06] [106/459] GTTT
[03:51:07] [107/459] ARRO
[03:51:08] [108/459] CMMK
[03:51:09] [109/459] MSCN
[03:51:10] [110/459] GDKH
[03:51:10] [111/459] DLMT
[03:51:11] [112/459] PVMF
[03:51:12] [113/459] CPCK
[03:51:13] [114/459] VMHE
[03:51:15] [115/459] PVLC
[03:51:17] [116/459] PCVB
[03:51:17] [117/459] SNYK
[03:51:18] [118/459] KTEK
[03:51:19] [119/459] PCNM
[03:51:20] [120/459] NTTR
[03:51:21] [121/459] CPSK
[03:51:22] [122/459] JMMA
[03:51:23] [123/459] GCFK
[03:51:24] [124/459] MYCA
[03:51:25] [125/459] KSNP
[03:51:26] [126/459] PMCE
[03:51:26] [127/459] SCKI
[03:51:27] [128/459] FSMA
[03:51:30] [129/459] CETA
[03:51:32] [130/459] MCIK
[03:51:33] [131/459] MYCR
[03:51:34] [132/459] EVMP
[03:51:35] [133/459] SSGT
[03:51:35] [134/459] KCTK
[03:51:36] [135/459] ZTKC
[03:51:37] [136/459] MMTA
[03:51:38] [137/459] MAJT
[03:51:39] [138/459] ACPK
[03:51:40] [139/459] JMAX
[03:51:41] [140/459] SETK
[03:51:42] [141/459] CAIS
[03:51:42] [142/459] AGCD
[03:51:43] [143/459] URCL
[03:51:44] [144/459] VTDS
[03:51:45] [145/459] JCNM
[03:51:46] [146/459] KCAM
[03:51:47] [147/459] ADCU
[03:51:47] [148/459] GXYN
[03:51:48] [149/459] SMJG
[03:51:49] [150/459] EYCJ
[03:51:50] [151/459] CCEJ
[03:51:52] [152/459] MARS
[03:51:53] [153/459] CPVJ
[03:51:54] [154/459] INVP
[03:51:55] [155/459] CPOV
[03:51:56] [156/459] VIJK
[03:51:57] [157/459] LAIM
[03:51:59] [158/459] STHV
[03:52:01] [159/459] SVLJ
[03:52:02] [160/459] ATVJ
[03:52:02] [161/459] JTSC
[03:52:03] [162/459] RMTV
[03:52:05] [163/459] MGGG
[03:52:06] [164/459] SWTH
[03:52:06] [165/459] INVJ
[03:52:07] [166/459] PRSV
[03:52:08] [167/459] JATV
[03:52:09] [168/459] RCVD
[03:52:10] [169/459] BDMA
[03:52:11] [170/459] BLJI
[03:52:12] [171/459] SWOT
[03:52:13] [172/459] SWRN
[03:52:13] [173/459] TVRA
[03:52:14] [174/459] VCSV
[03:52:15] [175/459] NVRN
[03:52:16] [176/459] SIKC
[03:52:17] [177/459] VAKR
[03:52:18] [178/459] SYLN
[03:52:19] [179/459] KLJL
[03:52:19] [180/459] LKMY
[03:52:21] [181/459] VSLY
[03:52:22] [182/459] CIKO
[03:52:23] [183/459] GPBG
[03:52:24] [184/459] CECM
[03:52:25] [185/459] SLKB
[03:52:25] [186/459] MTBO
[03:52:27] [187/459] SSHB
[03:52:29] [188/459] VPCS
[03:52:30] [189/459] RCSR
[03:52:31] [190/459] RJRM
[03:52:32] [191/459] KPPB
[03:52:33] [192/459] SEDC
[03:52:35] [193/459] SCAI
[03:52:35] [194/459] RMTR
[03:52:36] [195/459] ASST
[03:52:37] [196/459] GCAK
[03:52:38] [197/459] ANNK
[03:52:39] [198/459] KDDF
[03:52:40] [199/459] NRDP
[03:52:41] [200/459] PLAK
[03:52:42] [201/459] GCMC
[03:52:44] [202/459] ALPY
[03:52:46] [203/459] SICE
[03:52:47] [204/459] SISR
[03:52:49] [205/459] SRPZ
[03:52:49] [206/459] SRSW
[03:52:50] [207/459] SUYA
[03:52:51] [208/459] AMMT
[03:52:52] [209/459] BHCU
[03:52:53] [210/459] KLPA
[03:52:55] [211/459] NVKH
[03:52:55] [212/459] JMRC
[03:52:57] [213/459] KTTT
[03:52:59] [214/459] MAGH
[03:53:01] [215/459] MMMX
[03:53:02] [216/459] SALJ
[03:53:04] [217/459] GTJA
[03:53:04] [218/459] MAHT
[03:53:05] [219/459] SSNN
[03:53:06] [220/459] ARRP
[03:53:07] [221/459] ATNS
[03:53:08] [222/459] SKDT
[03:53:09] [223/459] ACAT
[03:53:10] [224/459] APRC
[03:53:11] [225/459] SWAG
[03:53:12] [226/459] SDPT
[03:53:13] [227/459] STPS
[03:53:14] [228/459] WWCZ
[03:53:16] [229/459] LLCH
[03:53:17] [230/459] MZHA
[03:53:17] [231/459] CRJG
[03:53:18] [232/459] JGTK
[03:53:19] [233/459] KCSR
[03:53:20] [234/459] CHTL
[03:53:21] [235/459] EDSR
[03:53:22] [236/459] CSWO
[03:53:23] [237/459] CPVM
[03:53:24] [238/459] MXBY
[03:53:25] [239/459] FMMA
[03:53:26] [240/459] POVI
[03:53:27] [241/459] MTHB
[03:53:28] [242/459] INRC
[03:53:29] [243/459] PIPP
[03:53:30] [244/459] BMXC
[03:53:32] [245/459] PCMM
[03:53:33] [246/459] PMKM
[03:53:34] [247/459] GATY
[03:53:36] [248/459] IMCM
[03:53:37] [249/459] POPE
[03:53:37] [250/459] MTCR
[03:53:38] [251/459] PVAE
[03:53:39] [252/459] PVMI
[03:53:40] [253/459] CPNM
[03:53:41] [254/459] FMRL
[03:53:41] [255/459] MCIW
[03:53:42] [256/459] MXBO
[03:53:43] [257/459] FMKY
[03:53:44] [258/459] FMDA
[03:53:45] [259/459] THAB
[03:53:46] [260/459] PRCW
[03:53:47] [261/459] PITI
[03:53:48] [262/459] MCFF
[03:53:49] [263/459] PDDV
[03:53:50] [264/459] MCRM
[03:53:51] [265/459] KKMB
[03:53:52] [266/459] INKO
[03:53:53] [267/459] PLXP
[03:53:53] [268/459] MMHA
[03:53:54] [269/459] FMVS
[03:53:55] [270/459] POLM
[03:53:57] [271/459] STER
[03:53:57] [272/459] PVWJ
[03:53:59] [273/459] IMJW
[03:53:59] [274/459] FNAN
[03:54:00] [275/459] CAGL
[03:54:02] [276/459] IPBG
[03:54:03] [277/459] SMFV
[03:54:04] [278/459] MMMR
[03:54:05] [279/459] MMWM
[03:54:06] [280/459] FNCM
[03:54:07] [281/459] MDVA
[03:54:08] [282/459] MMET
[03:54:08] [283/459] MIDO
[03:54:09] [284/459] INNP
[03:54:11] [285/459] MIFU
[03:54:12] [286/459] MMSZ
[03:54:13] [287/459] BMXA
[03:54:13] [288/459] MCAA
[03:54:14] [289/459] SCVP
[03:54:15] [290/459] PLUS
[03:54:16] [291/459] MUCK
[03:54:17] [292/459] MTMA
[03:54:18] [293/459] HPVR
[03:54:20] [294/459] PMPK
[03:54:21] [295/459] MAJB
[03:54:22] [296/459] CTRR
[03:54:23] [297/459] MCTG
[03:54:25] [298/459] MACE
[03:54:26] [299/459] AAAS
[03:54:27] [300/459] CPVV
[03:54:28] [301/459] RCHG
[03:54:28] [302/459] MCNE
[03:54:29] [303/459] EMNC
[03:54:30] [304/459] MCAN
[03:54:31] [305/459] TCDM
[03:54:32] [306/459] IRGT
[03:54:34] [307/459] GCMG
[03:54:34] [308/459] MXSN
[03:54:35] [309/459] MXCK
[03:54:36] [310/459] MCRC
[03:54:37] [311/459] RSMI
[03:54:38] [312/459] WAML
[03:54:39] [313/459] MTSC
[03:54:40] [314/459] FMDR
[03:54:41] [315/459] LEPV
[03:54:42] [316/459] MTGD
[03:54:42] [317/459] IMOB
[03:54:44] [318/459] CLMM
[03:54:46] [319/459] PZCD
[03:54:47] [320/459] GOCS
[03:54:47] [321/459] KCMA
[03:54:48] [322/459] CCMP
[03:54:49] [323/459] MTSU
[03:54:50] [324/459] SNGL
[03:54:51] [325/459] MMMC
[03:54:52] [326/459] MMAA
[03:54:53] [327/459] GCDM
[03:54:53] [328/459] KTMV
[03:54:54] [329/459] AETE
[03:54:55] [330/459] OMCS
[03:54:56] [331/459] GDCD
[03:54:57] [332/459] NYMD
[03:54:58] [333/459] RNCV
[03:54:59] [334/459] KKMT
[03:55:02] [335/459] GDTH
[03:55:02] [336/459] KMMV
[03:55:04] [337/459] NHCG
[03:55:05] [338/459] PJDW
[03:55:05] [339/459] MMCV
[03:55:06] [340/459] FQSA
[03:55:07] [341/459] KURL
[03:55:08] [342/459] NNNX
[03:55:09] [343/459] AMAU
[03:55:10] [344/459] VVVM
[03:55:11] [345/459] VECU
[03:55:12] [346/459] WCVR
[03:55:13] [347/459] MTGG
[03:55:15] [348/459] SGTG
[03:55:16] [349/459] MNTG
[03:55:17] [350/459] JDDG
[03:55:18] [351/459] MBTK
[03:55:18] [352/459] SGCD
[03:55:19] [353/459] MCTC
[03:55:21] [354/459] JTPC
[03:55:22] [355/459] SDKT
[03:55:23] [356/459] KRCC
[03:55:24] [357/459] RMMD
[03:55:25] [358/459] AAME
[03:55:26] [359/459] TMWC
[03:55:27] [360/459] NRWY
[03:55:28] [361/459] CITD
[03:55:29] [362/459] VERD
[03:55:30] [363/459] MKSK
[03:55:31] [364/459] STSM
[03:55:32] [365/459] MJDG
[03:55:33] [366/459] RKPM
[03:55:34] [367/459] SSCE
[03:55:34] [368/459] VMAE
[03:55:36] [369/459] SBRU
[03:55:37] [370/459] AMBC
[03:55:38] [371/459] AMLU
[03:55:40] [372/459] INVZ
[03:55:41] [373/459] LGTV
[03:55:42] [374/459] SVAD
[03:55:42] [375/459] SMSA
[03:55:44] [376/459] SPCZ
[03:55:45] [377/459] GTCX
[03:55:46] [378/459] SCSL
[03:55:47] [379/459] SAHU
[03:55:48] [380/459] NCDA
[03:55:49] [381/459] SCCG
[03:55:50] [382/459] VKTL
[03:55:51] [383/459] PUUJ
[03:55:51] [384/459] STEJ
[03:55:52] [385/459] RJAL
[03:55:53] [386/459] ACJC
[03:55:54] [387/459] VTHC
[03:55:55] [388/459] ARVB
[03:55:56] [389/459] AUBB
[03:55:57] [390/459] GDBR
[03:55:58] [391/459] PVND
[03:55:59] [392/459] BGRJ
[03:56:00] [393/459] RJMM
[03:56:01] [394/459] MCSA
[03:56:02] [395/459] BODA
[03:56:03] [396/459] JAGG
[03:56:03] [397/459] SCGA
[03:56:04] [398/459] LRCM
[03:56:05] [399/459] CPCN
[03:56:06] [400/459] SSTF
[03:56:07] [401/459] SRXP
[03:56:07] [402/459] CNFX
[03:56:09] [403/459] ANDI
[03:56:10] [404/459] SYEW
[03:56:11] [405/459] RCRE
[03:56:11] [406/459] SCRW
[03:56:12] [407/459] MBKR
[03:56:13] [408/459] ASNT
[03:56:14] [409/459] JTMT
[03:56:15] [410/459] SHAY
[03:56:16] [411/459] VRTH
[03:56:16] [412/459] SPTI
[03:56:18] [413/459] DPTD
[03:56:19] [414/459] TGSN
[03:56:20] [415/459] RCWV
[03:56:20] [416/459] OCUR
[03:56:21] [417/459] KSTC
[03:56:22] [418/459] SANI
[03:56:23] [419/459] MLCA
[03:56:23] [420/459] EGCA
[03:56:24] [421/459] SYSN
[03:56:25] [422/459] PKTA
[03:56:26] [423/459] PRCC
[03:56:27] [424/459] KSTR
[03:56:28] [425/459] SNTP
[03:56:29] [426/459] RCHA
[03:56:30] [427/459] SEEA
[03:56:30] [428/459] ALAT
[03:56:31] [429/459] AATV
[03:56:32] [430/459] RJTE
[03:56:33] [431/459] AAPP
[03:56:33] [432/459] PMMH
[03:56:34] [433/459] INRJ
[03:56:35] [434/459] SARB
[03:56:36] [435/459] PCJL
[03:56:37] [436/459] PFJJ
[03:56:38] [437/459] GRDC
[03:56:38] [438/459] BCBA
[03:56:39] [439/459] VIXL
[03:56:41] [440/459] CSTL
[03:56:42] [441/459] MTDK
[03:56:43] [442/459] TDAC
[03:56:43] [443/459] GTDN
[03:56:44] [444/459] TTDE
[03:56:45] [445/459] ASTS
[03:56:46] [446/459] CPNS
[03:56:47] [447/459] PVVW
[03:56:49] [448/459] USEB
[03:56:50] [449/459] DTYN
[03:56:51] [450/459] PVLE
[03:56:52] [451/459] CIPS
[03:56:52] [452/459] PAEG
[03:56:53] [453/459] PTCW
[03:56:55] [454/459] G3SR
[03:56:56] [455/459] PGND
[03:56:57] [456/459] INVM
[03:56:57] [457/459] SPIA
[03:56:59] [458/459] PCSN
[03:57:00] [459/459] PPGV
[03:57:01] 🧹 Deduping shows
[03:57:01] ✅ DONE | Shows=781 | Movies=44
