[10:05:19] 🚀 SCRIPT STARTED
[10:05:19] [1/296] CDCA
[10:05:19] 🧠 New identity created
[10:05:20] [2/296] MNSR
[10:05:20] [3/296] CSSL
[10:05:21] [4/296] BGGM
[10:05:23] [5/296] MANT
[10:05:23] [6/296] SOOY
[10:05:25] [7/296] VPPK
[10:05:26] [8/296] MYHJ
[10:05:27] [9/296] KSCK
[10:05:28] [10/296] KATK
[10:05:29] [11/296] RTRT
[10:05:30] [12/296] SSTT
[10:05:30] [13/296] SSTV
[10:05:31] [14/296] LACM
[10:05:32] [15/296] SGMG
[10:05:34] [16/296] KACX
[10:05:35] [17/296] GVCP
[10:05:36] [18/296] CSNC
[10:05:37] [19/296] SXCB
[10:05:38] [20/296] BAHS
[10:05:39] [21/296] PCBI
[10:05:39] [22/296] PSSM
[10:05:41] [23/296] RCOK
[10:05:42] [24/296] SCPF
[10:05:43] [25/296] SSAS
[10:05:43] [26/296] EVMM
[10:05:44] [27/296] SYCB
[10:05:45] [28/296] GCKI
[10:05:46] [29/296] IAET
[10:05:47] [30/296] DDTD
[10:05:48] [31/296] GMDH
[10:05:49] [32/296] STLE
[10:05:50] [33/296] JTRA
[10:05:50] [34/296] RPPA
[10:05:51] [35/296] ARUT
[10:05:52] [36/296] JTVM
[10:05:53] [37/296] SWRH
[10:05:53] [38/296] DCPC
[10:05:54] [39/296] RAPR
[10:05:55] [40/296] GCRT
[10:05:57] [41/296] ATUN
[10:05:58] [42/296] LTRM
[10:05:59] [43/296] TASR
[10:05:59] [44/296] RLLC
[10:06:00] [45/296] MABI
[10:06:02] [46/296] SVHB
[10:06:03] [47/296] NVTB
[10:06:04] [48/296] KCKG
[10:06:05] [49/296] SSRN
[10:06:05] [50/296] VDDC
[10:06:06] [51/296] GKTK
[10:06:07] [52/296] YFSN
[10:06:08] [53/296] GCSG
[10:06:09] [54/296] ESSM
[10:06:10] [55/296] KRIH
[10:06:10] [56/296] GCDS
[10:06:11] [57/296] CCSH
[10:06:12] [58/296] ACSK
[10:06:13] [59/296] APRK
[10:06:14] [60/296] ADKM
[10:06:15] [61/296] SRDM
[10:06:16] [62/296] RMOG
[10:06:16] [63/296] SJMY
[10:06:18] [64/296] PGGC
[10:06:19] [65/296] INGM
[10:06:20] [66/296] LSCB
[10:06:21] [67/296] STAD
[10:06:22] [68/296] MCCR
[10:06:23] [69/296] ABCC
[10:06:24] [70/296] RKCC
[10:06:25] [71/296] RTCR
[10:06:26] [72/296] GGBC
[10:06:26] [73/296] GCSD
[10:06:27] [74/296] LPTY
[10:06:28] [75/296] MCFD
[10:06:29] [76/296] HENN
[10:06:30] [77/296] SMKU
[10:06:31] [78/296] TNZC
[10:06:31] [79/296] DRCD
[10:06:32] [80/296] DLCD
[10:06:33] [81/296] RCDA
[10:06:34] [82/296] COSM
[10:06:35] [83/296] MCMJ
[10:06:36] [84/296] CSTR
[10:06:37] [85/296] CVDK
[10:06:38] [86/296] INRR
[10:06:39] [87/296] RJRT
[10:06:39] [88/296] IRMR
[10:06:40] [89/296] SRCF
[10:06:41] [90/296] GRCR
[10:06:42] [91/296] SURC
[10:06:43] [92/296] NMNH
[10:06:44] [93/296] SVBL
[10:06:45] [94/296] KACI
[10:06:46] [95/296] TDGO
[10:06:47] [96/296] KTBR
[10:06:48] [97/296] PMAD
[10:06:49] [98/296] CCPN
[10:06:50] [99/296] SBTK
[10:06:51] [100/296] LMDK
[10:06:51] [101/296] PGDA
[10:06:52] [102/296] SRML
[10:06:53] [103/296] EVCK
[10:06:54] [104/296] RTTK
[10:06:54] [105/296] SRTU
[10:06:55] [106/296] VRSA
[10:06:56] [107/296] VARS
[10:06:57] [108/296] DSCZ
[10:06:58] [109/296] GAGA
[10:06:59] [110/296] SARV
[10:07:00] [111/296] SEEG
[10:07:01] [112/296] GLCA
[10:07:01] [113/296] APAS
[10:07:02] [114/296] VCIA
[10:07:03] [115/296] SJTA
[10:07:04] [116/296] SABM
[10:07:05] [117/296] PPAG
[10:07:06] [118/296] RVCA
[10:07:07] [119/296] CCIA
[10:07:08] [120/296] HTAG
[10:07:08] [121/296] SMBI
[10:07:09] [122/296] MCJR
[10:07:11] [123/296] CCJR
[10:07:12] [124/296] SINF
[10:07:12] [125/296] CPLX
[10:07:14] [126/296] KKTJ
[10:07:15] [127/296] GDBW
[10:07:16] [128/296] CSUB
[10:07:16] [129/296] DABA
[10:07:17] [130/296] TITR
[10:07:18] [131/296] NYCR
[10:07:19] [132/296] RTRY
[10:07:20] [133/296] JTJL
[10:07:21] [134/296] SJCP
[10:07:22] [135/296] KCCA
[10:07:23] [136/296] MLPG
[10:07:24] [137/296] VRCK
[10:07:24] [138/296] SRIN
[10:07:26] [139/296] CXMK
[10:07:27] [140/296] SKAD
[10:07:28] [141/296] AVTR
[10:07:28] [142/296] PTAJ
[10:07:29] [143/296] SCNK
[10:07:30] [144/296] STTI
[10:07:31] [145/296] KACR
[10:07:31] [146/296] SSDX
[10:07:32] [147/296] VRTJ
[10:07:33] [148/296] RAJD
[10:07:34] [149/296] SCIP
[10:07:36] [150/296] RJSL
[10:07:37] [151/296] ARRS
[10:07:38] [152/296] ASMS
[10:07:39] [153/296] RDTS
[10:07:39] [154/296] DVMY
[10:07:40] [155/296] RASA
[10:07:41] [156/296] INOM
[10:07:42] [157/296] SPRS
[10:07:43] [158/296] SGCS
[10:07:43] [159/296] SALM
[10:07:44] [160/296] PKHC
[10:07:45] [161/296] RCSV
[10:07:46] [162/296] CPKC
[10:07:46] [163/296] AACD
[10:07:47] [164/296] GGCV
[10:07:48] [165/296] SMKD
[10:07:49] [166/296] NBCH
[10:07:50] [167/296] AMCB
[10:07:50] [168/296] OPCN
[10:07:51] [169/296] DCIN
[10:07:53] [170/296] INGW
[10:07:54] [171/296] PKKW
[10:07:55] [172/296] FNGW
[10:07:56] [173/296] GCGD
[10:07:57] [174/296] MSTW
[10:07:57] [175/296] KCCG
[10:07:58] [176/296] MRSS
[10:07:59] [177/296] CLCF
[10:08:00] [178/296] EETS
[10:08:01] [179/296] AATR
[10:08:02] [180/296] CMMN
[10:08:02] [181/296] SCCJ
[10:08:03] [182/296] CDTK
[10:08:04] [183/296] AICP
[10:08:05] [184/296] FNBP
[10:08:06] [185/296] CBPB
[10:08:07] [186/296] CPAS
[10:08:08] [187/296] MAPM
[10:08:09] [188/296] PASD
[10:08:10] [189/296] JCMN
[10:08:10] [190/296] MALB
[10:08:11] [191/296] SACG
[10:08:12] [192/296] DDRX
[10:08:13] [193/296] DDXB
[10:08:14] [194/296] RAMC
[10:08:15] [195/296] SANC
[10:08:15] [196/296] BCBP
[10:08:17] [197/296] ALPC
[10:08:18] [198/296] RBAC
[10:08:19] [199/296] RAJL
[10:08:20] [200/296] MPDX
[10:08:21] [201/296] MUSC
[10:08:22] [202/296] VKMK
[10:08:23] [203/296] SKCG
[10:08:24] [204/296] ANCN
[10:08:24] [205/296] MMCJ
[10:08:25] [206/296] DCAK
[10:08:26] [207/296] SCKG
[10:08:27] [208/296] LMCK
[10:08:28] [209/296] CKKX
[10:08:28] [210/296] ANKU
[10:08:29] [211/296] CSMD
[10:08:30] [212/296] MKMP
[10:08:31] [213/296] SVBG
[10:08:32] [214/296] ROOP
[10:08:32] [215/296] GDMT
[10:08:33] [216/296] FPPF
[10:08:34] [217/296] SFUU
[10:08:35] [218/296] ANCB
[10:08:36] [219/296] SMMC
[10:08:36] [220/296] UGKT
[10:08:37] [221/296] JVRM
[10:08:38] [222/296] BATG
[10:08:39] [223/296] RATE
[10:08:40] [224/296] SKME
[10:08:40] [225/296] LMTP
[10:08:41] [226/296] TCBD
[10:08:42] [227/296] ESBD
[10:08:43] [228/296] GDCU
[10:08:44] [229/296] SNKT
[10:08:44] [230/296] SRNK
[10:08:45] [231/296] SMED
[10:08:46] [232/296] CSQS
[10:08:47] [233/296] ALCS
[10:08:48] [234/296] KCKN
[10:08:49] [235/296] VCCL
[10:08:50] [236/296] MCDA
[10:08:50] [237/296] SHMI
[10:08:51] [238/296] SKHA
[10:08:52] [239/296] SVFK
[10:08:53] [240/296] INVB
[10:08:53] [241/296] MELD
[10:08:54] [242/296] JTYS
[10:08:55] [243/296] INCM
[10:08:56] [244/296] MCDV
[10:08:56] [245/296] KSGK
[10:08:57] [246/296] ICMG
[10:08:58] [247/296] CSCV
[10:09:00] [248/296] STMD
[10:09:01] [249/296] STTR
[10:09:01] [250/296] INVC
[10:09:02] [251/296] JTBL
[10:09:03] [252/296] SRVV
[10:09:04] [253/296] MAVC
[10:09:05] [254/296] SRPP
[10:09:06] [255/296] JGDM
[10:09:07] [256/296] MBSJ
[10:09:07] [257/296] SSLL
[10:09:08] [258/296] SLKP
[10:09:09] [259/296] NSRV
[10:09:10] [260/296] UTDV
[10:09:11] [261/296] KICM
[10:09:11] [262/296] KCMD
[10:09:12] [263/296] TTPP
[10:09:13] [264/296] KMPV
[10:09:14] [265/296] SKTV
[10:09:15] [266/296] STCV
[10:09:15] [267/296] SRDA
[10:09:16] [268/296] JTSX
[10:09:17] [269/296] STBV
[10:09:18] [270/296] APVZ
[10:09:19] [271/296] GSTV
[10:09:20] [272/296] NMVS
[10:09:22] [273/296] SKRT
[10:09:22] [274/296] RMDV
[10:09:23] [275/296] RATG
[10:09:24] [276/296] SJYV
[10:09:25] [277/296] NDGP
[10:09:25] [278/296] SNDG
[10:09:26] [279/296] INSR
[10:09:27] [280/296] INSO
[10:09:28] [281/296] CCSI
[10:09:29] [282/296] RASM
[10:09:30] [283/296] NEWC
[10:09:31] [284/296] VSHL
[10:09:32] [285/296] BISW
[10:09:33] [286/296] GCNG
[10:09:34] [287/296] CWSC
[10:09:35] [288/296] SKAN
[10:09:35] [289/296] SEHP
[10:09:36] [290/296] CCOA
[10:09:37] [291/296] MCAJ
[10:09:38] [292/296] ACDE
[10:09:39] [293/296] AACM
[10:09:39] [294/296] JJCK
[10:09:40] [295/296] RCMO
[10:09:41] [296/296] GDAW
[10:09:42] 🧹 Deduping shows
[10:09:42] ✅ DONE | Shows=172 | Movies=22
[16:49:11] 🚀 SCRIPT STARTED
[16:49:11] [1/296] CDCA
[16:49:11] 🧠 New identity created
[16:49:12] [2/296] MNSR
[16:49:13] [3/296] CSSL
[16:49:14] [4/296] BGGM
[16:49:14] [5/296] MANT
[16:49:15] [6/296] SOOY
[16:49:16] [7/296] VPPK
[16:49:17] [8/296] MYHJ
[16:49:18] [9/296] KSCK
[16:49:19] [10/296] KATK
[16:49:19] [11/296] RTRT
[16:49:20] [12/296] SSTT
[16:49:21] [13/296] SSTV
[16:49:22] [14/296] LACM
[16:49:23] [15/296] SGMG
[16:49:24] [16/296] KACX
[16:49:24] [17/296] GVCP
[16:49:25] [18/296] CSNC
[16:49:26] [19/296] SXCB
[16:49:27] [20/296] BAHS
[16:49:28] [21/296] PCBI
[16:49:29] [22/296] PSSM
[16:49:30] [23/296] RCOK
[16:49:30] [24/296] SCPF
[16:49:31] [25/296] SSAS
[16:49:33] [26/296] EVMM
[16:49:34] [27/296] SYCB
[16:49:34] [28/296] GCKI
[16:49:35] [29/296] IAET
[16:49:36] [30/296] DDTD
[16:49:37] [31/296] GMDH
[16:49:38] [32/296] STLE
[16:49:39] [33/296] JTRA
[16:49:40] [34/296] RPPA
[16:49:41] [35/296] ARUT
[16:49:42] [36/296] JTVM
[16:49:43] [37/296] SWRH
[16:49:44] [38/296] DCPC
[16:49:45] [39/296] RAPR
[16:49:46] [40/296] GCRT
[16:49:47] [41/296] ATUN
[16:49:48] [42/296] LTRM
[16:49:49] [43/296] TASR
[16:49:49] [44/296] RLLC
[16:49:50] [45/296] MABI
[16:49:51] [46/296] SVHB
[16:49:52] [47/296] NVTB
[16:49:53] [48/296] KCKG
[16:49:54] [49/296] SSRN
[16:49:55] [50/296] VDDC
[16:49:56] [51/296] GKTK
[16:49:56] [52/296] YFSN
[16:49:57] [53/296] GCSG
[16:49:58] [54/296] ESSM
[16:49:59] [55/296] KRIH
[16:50:00] [56/296] GCDS
[16:50:01] [57/296] CCSH
[16:50:02] [58/296] ACSK
[16:50:02] [59/296] APRK
[16:50:03] [60/296] ADKM
[16:50:04] [61/296] SRDM
[16:50:05] [62/296] RMOG
[16:50:06] [63/296] SJMY
[16:50:06] [64/296] PGGC
[16:50:07] [65/296] INGM
[16:50:08] [66/296] LSCB
[16:50:08] [67/296] STAD
[16:50:10] [68/296] MCCR
[16:50:10] [69/296] ABCC
[16:50:11] [70/296] RKCC
[16:50:12] [71/296] RTCR
[16:50:13] [72/296] GGBC
[16:50:14] [73/296] GCSD
[16:50:15] [74/296] LPTY
[16:50:16] [75/296] MCFD
[16:50:16] [76/296] HENN
[16:50:17] [77/296] SMKU
[16:50:18] [78/296] TNZC
[16:50:19] [79/296] DRCD
[16:50:20] [80/296] DLCD
[16:50:21] [81/296] RCDA
[16:50:22] [82/296] COSM
[16:50:23] [83/296] MCMJ
[16:50:24] [84/296] CSTR
[16:50:25] [85/296] CVDK
[16:50:25] [86/296] INRR
[16:50:26] [87/296] RJRT
[16:50:27] [88/296] IRMR
[16:50:28] [89/296] SRCF
[16:50:29] [90/296] GRCR
[16:50:29] [91/296] SURC
[16:50:30] [92/296] NMNH
[16:50:31] [93/296] SVBL
[16:50:32] [94/296] KACI
[16:50:33] [95/296] TDGO
[16:50:34] [96/296] KTBR
[16:50:34] [97/296] PMAD
[16:50:35] [98/296] CCPN
[16:50:36] [99/296] SBTK
[16:50:37] [100/296] LMDK
[16:50:38] [101/296] PGDA
[16:50:38] [102/296] SRML
[16:50:39] [103/296] EVCK
[16:50:40] [104/296] RTTK
[16:50:41] [105/296] SRTU
[16:50:42] [106/296] VRSA
[16:50:43] [107/296] VARS
[16:50:43] [108/296] DSCZ
[16:50:44] [109/296] GAGA
[16:50:45] [110/296] SARV
[16:50:46] [111/296] SEEG
[16:50:47] [112/296] GLCA
[16:50:48] [113/296] APAS
[16:50:49] [114/296] VCIA
[16:50:50] [115/296] SJTA
[16:50:51] [116/296] SABM
[16:50:52] [117/296] PPAG
[16:50:52] [118/296] RVCA
[16:50:53] [119/296] CCIA
[16:50:54] [120/296] HTAG
[16:50:55] [121/296] SMBI
[16:50:56] [122/296] MCJR
[16:50:56] [123/296] CCJR
[16:50:57] [124/296] SINF
[16:50:58] [125/296] CPLX
[16:50:59] [126/296] KKTJ
[16:51:00] [127/296] GDBW
[16:51:01] [128/296] CSUB
[16:51:02] [129/296] DABA
[16:51:04] [130/296] TITR
[16:51:05] [131/296] NYCR
[16:51:06] [132/296] RTRY
[16:51:06] [133/296] JTJL
[16:51:07] [134/296] SJCP
[16:51:08] [135/296] KCCA
[16:51:09] [136/296] MLPG
[16:51:10] [137/296] VRCK
[16:51:10] [138/296] SRIN
[16:51:11] [139/296] CXMK
[16:51:12] [140/296] SKAD
[16:51:14] [141/296] AVTR
[16:51:15] [142/296] PTAJ
[16:51:16] [143/296] SCNK
[16:51:17] [144/296] STTI
[16:51:17] [145/296] KACR
[16:51:18] [146/296] SSDX
[16:51:20] [147/296] VRTJ
[16:51:21] [148/296] RAJD
[16:51:22] [149/296] SCIP
[16:51:22] [150/296] RJSL
[16:51:23] [151/296] ARRS
[16:51:24] [152/296] ASMS
[16:51:25] [153/296] RDTS
[16:51:26] [154/296] DVMY
[16:51:27] [155/296] RASA
[16:51:28] [156/296] INOM
[16:51:29] [157/296] SPRS
[16:51:30] [158/296] SGCS
[16:51:31] [159/296] SALM
[16:51:32] [160/296] PKHC
[16:51:33] [161/296] RCSV
[16:51:33] [162/296] CPKC
[16:51:34] [163/296] AACD
[16:51:35] [164/296] GGCV
[16:51:36] [165/296] SMKD
[16:51:36] [166/296] NBCH
[16:51:37] [167/296] AMCB
[16:51:38] [168/296] OPCN
[16:51:38] [169/296] DCIN
[16:51:39] [170/296] INGW
[16:51:40] [171/296] PKKW
[16:51:41] [172/296] FNGW
[16:51:42] [173/296] GCGD
[16:51:43] [174/296] MSTW
[16:51:44] [175/296] KCCG
[16:51:45] [176/296] MRSS
[16:51:46] [177/296] CLCF
[16:51:47] [178/296] EETS
[16:51:47] [179/296] AATR
[16:51:48] [180/296] CMMN
[16:51:49] [181/296] SCCJ
[16:51:50] [182/296] CDTK
[16:51:51] [183/296] AICP
[16:51:52] [184/296] FNBP
[16:51:53] [185/296] CBPB
[16:51:54] [186/296] CPAS
[16:51:55] [187/296] MAPM
[16:51:56] [188/296] PASD
[16:51:57] [189/296] JCMN
[16:51:57] [190/296] MALB
[16:51:58] [191/296] SACG
[16:51:59] [192/296] DDRX
[16:52:00] [193/296] DDXB
[16:52:01] [194/296] RAMC
[16:52:02] [195/296] SANC
[16:52:02] [196/296] BCBP
[16:52:03] [197/296] ALPC
[16:52:04] [198/296] RBAC
[16:52:05] [199/296] RAJL
[16:52:05] [200/296] MPDX
[16:52:06] [201/296] MUSC
[16:52:07] [202/296] VKMK
[16:52:08] [203/296] SKCG
[16:52:09] [204/296] ANCN
[16:52:10] [205/296] MMCJ
[16:52:10] [206/296] DCAK
[16:52:11] [207/296] SCKG
[16:52:12] [208/296] LMCK
[16:52:13] [209/296] CKKX
[16:52:14] [210/296] ANKU
[16:52:14] [211/296] CSMD
[16:52:15] [212/296] MKMP
[16:52:16] [213/296] SVBG
[16:52:17] [214/296] ROOP
[16:52:18] [215/296] GDMT
[16:52:19] [216/296] FPPF
[16:52:20] [217/296] SFUU
[16:52:20] [218/296] ANCB
[16:52:21] [219/296] SMMC
[16:52:22] [220/296] UGKT
[16:52:23] [221/296] JVRM
[16:52:23] [222/296] BATG
[16:52:24] [223/296] RATE
[16:52:25] [224/296] SKME
[16:52:26] [225/296] LMTP
[16:52:27] [226/296] TCBD
[16:52:27] [227/296] ESBD
[16:52:28] [228/296] GDCU
[16:52:29] [229/296] SNKT
[16:52:30] [230/296] SRNK
[16:52:31] [231/296] SMED
[16:52:31] [232/296] CSQS
[16:52:32] [233/296] ALCS
[16:52:33] [234/296] KCKN
[16:52:33] [235/296] VCCL
[16:52:34] [236/296] MCDA
[16:52:35] [237/296] SHMI
[16:52:36] [238/296] SKHA
[16:52:37] [239/296] SVFK
[16:52:38] [240/296] INVB
[16:52:39] [241/296] MELD
[16:52:40] [242/296] JTYS
[16:52:41] [243/296] INCM
[16:52:43] [244/296] MCDV
[16:52:43] [245/296] KSGK
[16:52:44] [246/296] ICMG
[16:52:46] [247/296] CSCV
[16:52:47] [248/296] STMD
[16:52:48] [249/296] STTR
[16:52:49] [250/296] INVC
[16:52:50] [251/296] JTBL
[16:52:51] [252/296] SRVV
[16:52:51] [253/296] MAVC
[16:52:52] [254/296] SRPP
[16:52:53] [255/296] JGDM
[16:52:54] [256/296] MBSJ
[16:52:55] [257/296] SSLL
[16:52:56] [258/296] SLKP
[16:52:57] [259/296] NSRV
[16:52:57] [260/296] UTDV
[16:52:58] [261/296] KICM
[16:53:00] [262/296] KCMD
[16:53:00] [263/296] TTPP
[16:53:01] [264/296] KMPV
[16:53:02] [265/296] SKTV
[16:53:03] [266/296] STCV
[16:53:04] [267/296] SRDA
[16:53:05] [268/296] JTSX
[16:53:06] [269/296] STBV
[16:53:07] [270/296] APVZ
[16:53:08] [271/296] GSTV
[16:53:09] [272/296] NMVS
[16:53:10] [273/296] SKRT
[16:53:11] [274/296] RMDV
[16:53:11] [275/296] RATG
[16:53:12] [276/296] SJYV
[16:53:13] [277/296] NDGP
[16:53:14] [278/296] SNDG
[16:53:15] [279/296] INSR
[16:53:16] [280/296] INSO
[16:53:17] [281/296] CCSI
[16:53:17] [282/296] RASM
[16:53:18] [283/296] NEWC
[16:53:19] [284/296] VSHL
[16:53:20] [285/296] BISW
[16:53:21] [286/296] GCNG
[16:53:21] [287/296] CWSC
[16:53:23] [288/296] SKAN
[16:53:24] [289/296] SEHP
[16:53:25] [290/296] CCOA
[16:53:26] [291/296] MCAJ
[16:53:26] [292/296] ACDE
[16:53:27] [293/296] AACM
[16:53:28] [294/296] JJCK
[16:53:30] [295/296] RCMO
[16:53:31] [296/296] GDAW
[16:53:32] 🧹 Deduping shows
[16:53:32] ✅ DONE | Shows=282 | Movies=28
[04:49:19] 🚀 SCRIPT STARTED
[04:49:19] [1/296] CDCA
[04:49:19] 🧠 New identity created
[04:49:20] [2/296] MNSR
[04:49:21] [3/296] CSSL
[04:49:22] [4/296] BGGM
[04:49:23] [5/296] MANT
[04:49:24] [6/296] SOOY
[04:49:25] [7/296] VPPK
[04:49:26] [8/296] MYHJ
[04:49:27] [9/296] KSCK
[04:49:28] [10/296] KATK
[04:49:29] [11/296] RTRT
[04:49:30] [12/296] SSTT
[04:49:31] [13/296] SSTV
[04:49:31] [14/296] LACM
[04:49:32] [15/296] SGMG
[04:49:33] [16/296] KACX
[04:49:34] [17/296] GVCP
[04:49:35] [18/296] CSNC
[04:49:36] [19/296] SXCB
[04:49:37] [20/296] BAHS
[04:49:38] [21/296] PCBI
[04:49:39] [22/296] PSSM
[04:49:39] [23/296] RCOK
[04:49:40] [24/296] SCPF
[04:49:42] [25/296] SSAS
[04:49:43] [26/296] EVMM
[04:49:44] [27/296] SYCB
[04:49:45] [28/296] GCKI
[04:49:45] [29/296] IAET
[04:49:46] [30/296] DDTD
[04:49:47] [31/296] GMDH
[04:49:48] [32/296] STLE
[04:49:49] [33/296] JTRA
[04:49:50] [34/296] RPPA
[04:49:51] [35/296] ARUT
[04:49:52] [36/296] JTVM
[04:49:53] [37/296] SWRH
[04:49:54] [38/296] DCPC
[04:49:55] [39/296] RAPR
[04:49:56] [40/296] GCRT
[04:49:57] [41/296] ATUN
[04:49:58] [42/296] LTRM
[04:49:59] [43/296] TASR
[04:50:00] [44/296] RLLC
[04:50:00] [45/296] MABI
[04:50:01] [46/296] SVHB
[04:50:02] [47/296] NVTB
[04:50:03] [48/296] KCKG
[04:50:03] [49/296] SSRN
[04:50:04] [50/296] VDDC
[04:50:06] [51/296] GKTK
[04:50:07] [52/296] YFSN
[04:50:08] [53/296] GCSG
[04:50:09] [54/296] ESSM
[04:50:10] [55/296] KRIH
[04:50:11] [56/296] GCDS
[04:50:12] [57/296] CCSH
[04:50:13] [58/296] ACSK
[04:50:13] [59/296] APRK
[04:50:14] [60/296] ADKM
[04:50:15] [61/296] SRDM
[04:50:16] [62/296] RMOG
[04:50:17] [63/296] SJMY
[04:50:18] [64/296] PGGC
[04:50:19] [65/296] INGM
[04:50:19] [66/296] LSCB
[04:50:20] [67/296] STAD
[04:50:21] [68/296] MCCR
[04:50:23] [69/296] ABCC
[04:50:23] [70/296] RKCC
[04:50:24] [71/296] RTCR
[04:50:25] [72/296] GGBC
[04:50:26] [73/296] GCSD
[04:50:26] [74/296] LPTY
[04:50:27] [75/296] MCFD
[04:50:29] [76/296] HENN
[04:50:30] [77/296] SMKU
[04:50:30] [78/296] TNZC
[04:50:31] [79/296] DRCD
[04:50:32] [80/296] DLCD
[04:50:32] [81/296] RCDA
[04:50:33] [82/296] COSM
[04:50:34] [83/296] MCMJ
[04:50:35] [84/296] CSTR
[04:50:36] [85/296] CVDK
[04:50:36] [86/296] INRR
[04:50:37] [87/296] RJRT
[04:50:38] [88/296] IRMR
[04:50:38] [89/296] SRCF
[04:50:39] [90/296] GRCR
[04:50:40] [91/296] SURC
[04:50:41] [92/296] NMNH
[04:50:42] [93/296] SVBL
[04:50:43] [94/296] KACI
[04:50:44] [95/296] TDGO
[04:50:45] [96/296] KTBR
[04:50:46] [97/296] PMAD
[04:50:47] [98/296] CCPN
[04:50:48] [99/296] SBTK
[04:50:49] [100/296] LMDK
[04:50:50] [101/296] PGDA
[04:50:51] [102/296] SRML
[04:50:52] [103/296] EVCK
[04:50:53] [104/296] RTTK
[04:50:54] [105/296] SRTU
[04:50:54] [106/296] VRSA
[04:50:55] [107/296] VARS
[04:50:56] [108/296] DSCZ
[04:50:57] [109/296] GAGA
[04:50:58] [110/296] SARV
[04:50:59] [111/296] SEEG
[04:51:00] [112/296] GLCA
[04:51:01] [113/296] APAS
[04:51:02] [114/296] VCIA
[04:51:03] [115/296] SJTA
[04:51:03] [116/296] SABM
[04:51:04] [117/296] PPAG
[04:51:05] [118/296] RVCA
[04:51:06] [119/296] CCIA
[04:51:07] [120/296] HTAG
[04:51:08] [121/296] SMBI
[04:51:09] [122/296] MCJR
[04:51:10] [123/296] CCJR
[04:51:11] [124/296] SINF
[04:51:12] [125/296] CPLX
[04:51:13] [126/296] KKTJ
[04:51:14] [127/296] GDBW
[04:51:15] [128/296] CSUB
[04:51:15] [129/296] DABA
[04:51:16] [130/296] TITR
[04:51:17] [131/296] NYCR
[04:51:19] [132/296] RTRY
[04:51:19] [133/296] JTJL
[04:51:20] [134/296] SJCP
[04:51:21] [135/296] KCCA
[04:51:22] [136/296] MLPG
[04:51:23] [137/296] VRCK
[04:51:24] [138/296] SRIN
[04:51:25] [139/296] CXMK
[04:51:26] [140/296] SKAD
[04:51:27] [141/296] AVTR
[04:51:28] [142/296] PTAJ
[04:51:30] [143/296] SCNK
[04:51:30] [144/296] STTI
[04:51:31] [145/296] KACR
[04:51:32] [146/296] SSDX
[04:51:34] [147/296] VRTJ
[04:51:34] [148/296] RAJD
[04:51:35] [149/296] SCIP
[04:51:36] [150/296] RJSL
[04:51:37] [151/296] ARRS
[04:51:37] [152/296] ASMS
[04:51:38] [153/296] RDTS
[04:51:39] [154/296] DVMY
[04:51:40] [155/296] RASA
[04:51:41] [156/296] INOM
[04:51:41] [157/296] SPRS
[04:51:42] [158/296] SGCS
[04:51:43] [159/296] SALM
[04:51:44] [160/296] PKHC
[04:51:45] [161/296] RCSV
[04:51:45] [162/296] CPKC
[04:51:46] [163/296] AACD
[04:51:47] [164/296] GGCV
[04:51:48] [165/296] SMKD
[04:51:48] [166/296] NBCH
[04:51:49] [167/296] AMCB
[04:51:50] [168/296] OPCN
[04:51:51] [169/296] DCIN
[04:51:52] [170/296] INGW
[04:51:52] [171/296] PKKW
[04:51:53] [172/296] FNGW
[04:51:55] [173/296] GCGD
[04:51:55] [174/296] MSTW
[04:51:56] [175/296] KCCG
[04:51:57] [176/296] MRSS
[04:51:58] [177/296] CLCF
[04:51:58] [178/296] EETS
[04:52:00] [179/296] AATR
[04:52:00] [180/296] CMMN
[04:52:01] [181/296] SCCJ
[04:52:02] [182/296] CDTK
[04:52:03] [183/296] AICP
[04:52:03] [184/296] FNBP
[04:52:04] [185/296] CBPB
[04:52:05] [186/296] CPAS
[04:52:06] [187/296] MAPM
[04:52:07] [188/296] PASD
[04:52:08] [189/296] JCMN
[04:52:08] [190/296] MALB
[04:52:09] [191/296] SACG
[04:52:10] [192/296] DDRX
[04:52:12] [193/296] DDXB
[04:52:12] [194/296] RAMC
[04:52:13] [195/296] SANC
[04:52:15] [196/296] BCBP
[04:52:16] [197/296] ALPC
[04:52:17] [198/296] RBAC
[04:52:18] [199/296] RAJL
[04:52:18] [200/296] MPDX
[04:52:19] [201/296] MUSC
[04:52:20] [202/296] VKMK
[04:52:21] [203/296] SKCG
[04:52:22] [204/296] ANCN
[04:52:23] [205/296] MMCJ
[04:52:24] [206/296] DCAK
[04:52:24] [207/296] SCKG
[04:52:25] [208/296] LMCK
[04:52:27] [209/296] CKKX
[04:52:27] [210/296] ANKU
[04:52:28] [211/296] CSMD
[04:52:29] [212/296] MKMP
[04:52:30] [213/296] SVBG
[04:52:31] [214/296] ROOP
[04:52:32] [215/296] GDMT
[04:52:32] [216/296] FPPF
[04:52:33] [217/296] SFUU
[04:52:34] [218/296] ANCB
[04:52:35] [219/296] SMMC
[04:52:36] [220/296] UGKT
[04:52:37] [221/296] JVRM
[04:52:38] [222/296] BATG
[04:52:39] [223/296] RATE
[04:52:40] [224/296] SKME
[04:52:41] [225/296] LMTP
[04:52:41] [226/296] TCBD
[04:52:42] [227/296] ESBD
[04:52:43] [228/296] GDCU
[04:52:44] [229/296] SNKT
[04:52:45] [230/296] SRNK
[04:52:46] [231/296] SMED
[04:52:47] [232/296] CSQS
[04:52:47] [233/296] ALCS
[04:52:48] [234/296] KCKN
[04:52:49] [235/296] VCCL
[04:52:50] [236/296] MCDA
[04:52:51] [237/296] SHMI
[04:52:52] [238/296] SKHA
[04:52:52] [239/296] SVFK
[04:52:53] [240/296] INVB
[04:52:54] [241/296] MELD
[04:52:55] [242/296] JTYS
[04:52:56] [243/296] INCM
[04:52:57] [244/296] MCDV
[04:52:57] [245/296] KSGK
[04:52:58] [246/296] ICMG
[04:52:59] [247/296] CSCV
[04:52:59] [248/296] STMD
[04:53:00] [249/296] STTR
[04:53:02] [250/296] INVC
[04:53:03] [251/296] JTBL
[04:53:04] [252/296] SRVV
[04:53:05] [253/296] MAVC
[04:53:05] [254/296] SRPP
[04:53:06] [255/296] JGDM
[04:53:07] [256/296] MBSJ
[04:53:09] [257/296] SSLL
[04:53:10] [258/296] SLKP
[04:53:11] [259/296] NSRV
[04:53:11] [260/296] UTDV
[04:53:12] [261/296] KICM
[04:53:13] [262/296] KCMD
[04:53:14] [263/296] TTPP
[04:53:15] [264/296] KMPV
[04:53:16] [265/296] SKTV
[04:53:17] [266/296] STCV
[04:53:17] [267/296] SRDA
[04:53:18] [268/296] JTSX
[04:53:19] [269/296] STBV
[04:53:20] [270/296] APVZ
[04:53:21] [271/296] GSTV
[04:53:21] [272/296] NMVS
[04:53:22] [273/296] SKRT
[04:53:23] [274/296] RMDV
[04:53:24] [275/296] RATG
[04:53:24] [276/296] SJYV
[04:53:25] [277/296] NDGP
[04:53:26] [278/296] SNDG
[04:53:27] [279/296] INSR
[04:53:28] [280/296] INSO
[04:53:29] [281/296] CCSI
[04:53:30] [282/296] RASM
[04:53:30] [283/296] NEWC
[04:53:32] [284/296] VSHL
[04:53:33] [285/296] BISW
[04:53:33] [286/296] GCNG
[04:53:34] [287/296] CWSC
[04:53:35] [288/296] SKAN
[04:53:36] [289/296] SEHP
[04:53:36] [290/296] CCOA
[04:53:37] [291/296] MCAJ
[04:53:38] [292/296] ACDE
[04:53:39] [293/296] AACM
[04:53:40] [294/296] JJCK
[04:53:40] [295/296] RCMO
[04:53:41] [296/296] GDAW
[04:53:42] 🧹 Deduping shows
[04:53:42] ✅ DONE | Shows=348 | Movies=35
[12:02:18] 🚀 SCRIPT STARTED
[12:02:18] [1/296] CDCA
[12:02:18] 🧠 New identity created
[12:02:19] [2/296] MNSR
[12:02:21] [3/296] CSSL
[12:02:22] [4/296] BGGM
[12:02:23] [5/296] MANT
[12:02:24] [6/296] SOOY
[12:02:25] [7/296] VPPK
[12:02:26] [8/296] MYHJ
[12:02:26] [9/296] KSCK
[12:02:27] [10/296] KATK
[12:02:28] [11/296] RTRT
[12:02:29] [12/296] SSTT
[12:02:30] [13/296] SSTV
[12:02:31] [14/296] LACM
[12:02:32] [15/296] SGMG
[12:02:33] [16/296] KACX
[12:02:34] [17/296] GVCP
[12:02:34] [18/296] CSNC
[12:02:35] [19/296] SXCB
[12:02:36] [20/296] BAHS
[12:02:37] [21/296] PCBI
[12:02:38] [22/296] PSSM
[12:02:39] [23/296] RCOK
[12:02:40] [24/296] SCPF
[12:02:41] [25/296] SSAS
[12:02:42] [26/296] EVMM
[12:02:43] [27/296] SYCB
[12:02:44] [28/296] GCKI
[12:02:44] [29/296] IAET
[12:02:45] [30/296] DDTD
[12:02:46] [31/296] GMDH
[12:02:47] [32/296] STLE
[12:02:48] [33/296] JTRA
[12:02:49] [34/296] RPPA
[12:02:49] [35/296] ARUT
[12:02:50] [36/296] JTVM
[12:02:51] [37/296] SWRH
[12:02:52] [38/296] DCPC
[12:02:53] [39/296] RAPR
[12:02:53] [40/296] GCRT
[12:02:54] [41/296] ATUN
[12:02:55] [42/296] LTRM
[12:02:56] [43/296] TASR
[12:02:57] [44/296] RLLC
[12:02:58] [45/296] MABI
[12:02:59] [46/296] SVHB
[12:03:00] [47/296] NVTB
[12:03:00] [48/296] KCKG
[12:03:01] [49/296] SSRN
[12:03:02] [50/296] VDDC
[12:03:03] [51/296] GKTK
[12:03:04] [52/296] YFSN
[12:03:05] [53/296] GCSG
[12:03:05] [54/296] ESSM
[12:03:06] [55/296] KRIH
[12:03:07] [56/296] GCDS
[12:03:09] [57/296] CCSH
[12:03:10] [58/296] ACSK
[12:03:10] [59/296] APRK
[12:03:11] [60/296] ADKM
[12:03:13] [61/296] SRDM
[12:03:14] [62/296] RMOG
[12:03:15] [63/296] SJMY
[12:03:16] [64/296] PGGC
[12:03:17] [65/296] INGM
[12:03:17] [66/296] LSCB
[12:03:19] [67/296] STAD
[12:03:20] [68/296] MCCR
[12:03:21] [69/296] ABCC
[12:03:22] [70/296] RKCC
[12:03:23] [71/296] RTCR
[12:03:23] [72/296] GGBC
[12:03:24] [73/296] GCSD
[12:03:25] [74/296] LPTY
[12:03:26] [75/296] MCFD
[12:03:27] [76/296] HENN
[12:03:28] [77/296] SMKU
[12:03:28] [78/296] TNZC
[12:03:29] [79/296] DRCD
[12:03:31] [80/296] DLCD
[12:03:32] [81/296] RCDA
[12:03:33] [82/296] COSM
[12:03:33] [83/296] MCMJ
[12:03:34] [84/296] CSTR
[12:03:35] [85/296] CVDK
[12:03:36] [86/296] INRR
[12:03:37] [87/296] RJRT
[12:03:37] [88/296] IRMR
[12:03:38] [89/296] SRCF
[12:03:39] [90/296] GRCR
[12:03:40] [91/296] SURC
[12:03:41] [92/296] NMNH
[12:03:41] [93/296] SVBL
[12:03:42] [94/296] KACI
[12:03:43] [95/296] TDGO
[12:03:44] [96/296] KTBR
[12:03:45] [97/296] PMAD
[12:03:46] [98/296] CCPN
[12:03:47] [99/296] SBTK
[12:03:48] [100/296] LMDK
[12:03:49] [101/296] PGDA
[12:03:50] [102/296] SRML
[12:03:51] [103/296] EVCK
[12:03:51] [104/296] RTTK
[12:03:52] [105/296] SRTU
[12:03:53] [106/296] VRSA
[12:03:54] [107/296] VARS
[12:03:55] [108/296] DSCZ
[12:03:56] [109/296] GAGA
[12:03:57] [110/296] SARV
[12:03:58] [111/296] SEEG
[12:03:59] [112/296] GLCA
[12:04:00] [113/296] APAS
[12:04:01] [114/296] VCIA
[12:04:01] [115/296] SJTA
[12:04:02] [116/296] SABM
[12:04:03] [117/296] PPAG
[12:04:04] [118/296] RVCA
[12:04:05] [119/296] CCIA
[12:04:05] [120/296] HTAG
[12:04:06] [121/296] SMBI
[12:04:07] [122/296] MCJR
[12:04:08] [123/296] CCJR
[12:04:09] [124/296] SINF
[12:04:10] [125/296] CPLX
[12:04:11] [126/296] KKTJ
[12:04:12] [127/296] GDBW
[12:04:13] [128/296] CSUB
[12:04:14] [129/296] DABA
[12:04:15] [130/296] TITR
[12:04:16] [131/296] NYCR
[12:04:17] [132/296] RTRY
[12:04:18] [133/296] JTJL
[12:04:19] [134/296] SJCP
[12:04:20] [135/296] KCCA
[12:04:20] [136/296] MLPG
[12:04:21] [137/296] VRCK
[12:04:22] [138/296] SRIN
[12:04:23] [139/296] CXMK
[12:04:25] [140/296] SKAD
[12:04:25] [141/296] AVTR
[12:04:26] [142/296] PTAJ
[12:04:27] [143/296] SCNK
[12:04:28] [144/296] STTI
[12:04:28] [145/296] KACR
[12:04:29] [146/296] SSDX
[12:04:31] [147/296] VRTJ
[12:04:32] [148/296] RAJD
[12:04:32] [149/296] SCIP
[12:04:33] [150/296] RJSL
[12:04:34] [151/296] ARRS
[12:04:35] [152/296] ASMS
[12:04:36] [153/296] RDTS
[12:04:37] [154/296] DVMY
[12:04:38] [155/296] RASA
[12:04:39] [156/296] INOM
[12:04:41] [157/296] SPRS
[12:04:41] [158/296] SGCS
[12:04:42] [159/296] SALM
[12:04:43] [160/296] PKHC
[12:04:44] [161/296] RCSV
[12:04:44] [162/296] CPKC
[12:04:46] [163/296] AACD
[12:04:47] [164/296] GGCV
[12:04:47] [165/296] SMKD
[12:04:48] [166/296] NBCH
[12:04:49] [167/296] AMCB
[12:04:50] [168/296] OPCN
[12:04:51] [169/296] DCIN
[12:04:52] [170/296] INGW
[12:04:53] [171/296] PKKW
[12:04:54] [172/296] FNGW
[12:04:54] [173/296] GCGD
[12:04:55] [174/296] MSTW
[12:04:56] [175/296] KCCG
[12:04:58] [176/296] MRSS
[12:04:59] [177/296] CLCF
[12:04:59] [178/296] EETS
[12:05:00] [179/296] AATR
[12:05:01] [180/296] CMMN
[12:05:02] [181/296] SCCJ
[12:05:03] [182/296] CDTK
[12:05:04] [183/296] AICP
[12:05:05] [184/296] FNBP
[12:05:05] [185/296] CBPB
[12:05:06] [186/296] CPAS
[12:05:07] [187/296] MAPM
[12:05:08] [188/296] PASD
[12:05:09] [189/296] JCMN
[12:05:10] [190/296] MALB
[12:05:11] [191/296] SACG
[12:05:12] [192/296] DDRX
[12:05:13] [193/296] DDXB
[12:05:13] [194/296] RAMC
[12:05:14] [195/296] SANC
[12:05:15] [196/296] BCBP
[12:05:16] [197/296] ALPC
[12:05:17] [198/296] RBAC
[12:05:18] [199/296] RAJL
[12:05:18] [200/296] MPDX
[12:05:19] [201/296] MUSC
[12:05:20] [202/296] VKMK
[12:05:21] [203/296] SKCG
[12:05:21] [204/296] ANCN
[12:05:22] [205/296] MMCJ
[12:05:23] [206/296] DCAK
[12:05:24] [207/296] SCKG
[12:05:25] [208/296] LMCK
[12:05:27] [209/296] CKKX
[12:05:28] [210/296] ANKU
[12:05:29] [211/296] CSMD
[12:05:30] [212/296] MKMP
[12:05:31] [213/296] SVBG
[12:05:33] [214/296] ROOP
[12:05:33] [215/296] GDMT
[12:05:34] [216/296] FPPF
[12:05:35] [217/296] SFUU
[12:05:37] [218/296] ANCB
[12:05:38] [219/296] SMMC
[12:05:40] [220/296] UGKT
[12:05:41] [221/296] JVRM
[12:05:41] [222/296] BATG
[12:05:42] [223/296] RATE
[12:05:44] [224/296] SKME
[12:05:45] [225/296] LMTP
[12:05:46] [226/296] TCBD
[12:05:47] [227/296] ESBD
[12:05:47] [228/296] GDCU
[12:05:48] [229/296] SNKT
[12:05:49] [230/296] SRNK
[12:05:50] [231/296] SMED
[12:05:51] [232/296] CSQS
[12:05:52] [233/296] ALCS
[12:05:53] [234/296] KCKN
[12:05:54] [235/296] VCCL
[12:05:55] [236/296] MCDA
[12:05:55] [237/296] SHMI
[12:05:56] [238/296] SKHA
[12:05:57] [239/296] SVFK
[12:05:58] [240/296] INVB
[12:05:59] [241/296] MELD
[12:06:00] [242/296] JTYS
[12:06:01] [243/296] INCM
[12:06:01] [244/296] MCDV
[12:06:02] [245/296] KSGK
[12:06:03] [246/296] ICMG
[12:06:04] [247/296] CSCV
[12:06:04] [248/296] STMD
[12:06:05] [249/296] STTR
[12:06:06] [250/296] INVC
[12:06:07] [251/296] JTBL
[12:06:09] [252/296] SRVV
[12:06:10] [253/296] MAVC
[12:06:10] [254/296] SRPP
[12:06:11] [255/296] JGDM
[12:06:12] [256/296] MBSJ
[12:06:14] [257/296] SSLL
[12:06:15] [258/296] SLKP
[12:06:16] [259/296] NSRV
[12:06:17] [260/296] UTDV
[12:06:18] [261/296] KICM
[12:06:19] [262/296] KCMD
[12:06:20] [263/296] TTPP
[12:06:21] [264/296] KMPV
[12:06:22] [265/296] SKTV
[12:06:23] [266/296] STCV
[12:06:24] [267/296] SRDA
[12:06:25] [268/296] JTSX
[12:06:26] [269/296] STBV
[12:06:27] [270/296] APVZ
[12:06:28] [271/296] GSTV
[12:06:29] [272/296] NMVS
[12:06:30] [273/296] SKRT
[12:06:30] [274/296] RMDV
[12:06:31] [275/296] RATG
[12:06:32] [276/296] SJYV
[12:06:33] [277/296] NDGP
[12:06:33] [278/296] SNDG
[12:06:34] [279/296] INSR
[12:06:35] [280/296] INSO
[12:06:36] [281/296] CCSI
[12:06:37] [282/296] RASM
[12:06:37] [283/296] NEWC
[12:06:38] [284/296] VSHL
[12:06:39] [285/296] BISW
[12:06:40] [286/296] GCNG
[12:06:41] [287/296] CWSC
[12:06:41] [288/296] SKAN
[12:06:42] [289/296] SEHP
[12:06:43] [290/296] CCOA
[12:06:44] [291/296] MCAJ
[12:06:44] [292/296] ACDE
[12:06:46] [293/296] AACM
[12:06:48] [294/296] JJCK
[12:06:48] [295/296] RCMO
[12:06:49] [296/296] GDAW
[12:06:51] 🧹 Deduping shows
[12:06:51] ✅ DONE | Shows=371 | Movies=35
[19:03:46] 🚀 SCRIPT STARTED
[19:03:46] [1/296] CDCA
[19:03:46] 🧠 New identity created
[19:03:48] [2/296] MNSR
[19:03:49] [3/296] CSSL
[19:03:51] [4/296] BGGM
[19:03:54] [5/296] MANT
[19:03:55] [6/296] SOOY
[19:03:56] [7/296] VPPK
[19:03:57] [8/296] MYHJ
[19:03:58] [9/296] KSCK
[19:03:58] [10/296] KATK
[19:04:00] [11/296] RTRT
[19:04:01] [12/296] SSTT
[19:04:02] [13/296] SSTV
[19:04:03] [14/296] LACM
[19:04:05] [15/296] SGMG
[19:04:06] [16/296] KACX
[19:04:07] [17/296] GVCP
[19:04:09] [18/296] CSNC
[19:04:10] [19/296] SXCB
[19:04:11] [20/296] BAHS
[19:04:12] [21/296] PCBI
[19:04:12] [22/296] PSSM
[19:04:13] [23/296] RCOK
[19:04:14] [24/296] SCPF
[19:04:15] [25/296] SSAS
[19:04:16] [26/296] EVMM
[19:04:17] [27/296] SYCB
[19:04:19] [28/296] GCKI
[19:04:20] [29/296] IAET
[19:04:20] [30/296] DDTD
[19:04:22] [31/296] GMDH
[19:04:24] [32/296] STLE
[19:04:25] [33/296] JTRA
[19:04:26] [34/296] RPPA
[19:04:27] [35/296] ARUT
[19:04:28] [36/296] JTVM
[19:04:29] [37/296] SWRH
[19:04:30] [38/296] DCPC
[19:04:31] [39/296] RAPR
[19:04:32] [40/296] GCRT
[19:04:34] [41/296] ATUN
[19:04:35] [42/296] LTRM
[19:04:36] [43/296] TASR
[19:04:38] [44/296] RLLC
[19:04:39] [45/296] MABI
[19:04:40] [46/296] SVHB
[19:04:42] [47/296] NVTB
[19:04:43] [48/296] KCKG
[19:04:44] [49/296] SSRN
[19:04:45] [50/296] VDDC
[19:04:47] [51/296] GKTK
[19:04:48] [52/296] YFSN
[19:04:49] [53/296] GCSG
[19:04:50] [54/296] ESSM
[19:04:51] [55/296] KRIH
[19:04:53] [56/296] GCDS
[19:04:53] [57/296] CCSH
[19:04:54] [58/296] ACSK
[19:04:55] [59/296] APRK
[19:04:56] [60/296] ADKM
[19:04:57] [61/296] SRDM
[19:04:58] [62/296] RMOG
[19:04:59] [63/296] SJMY
[19:05:01] [64/296] PGGC
[19:05:02] [65/296] INGM
[19:05:04] [66/296] LSCB
[19:05:04] [67/296] STAD
[19:05:05] [68/296] MCCR
[19:05:06] [69/296] ABCC
[19:05:07] [70/296] RKCC
[19:05:08] [71/296] RTCR
[19:05:09] [72/296] GGBC
[19:05:10] [73/296] GCSD
[19:05:11] [74/296] LPTY
[19:05:12] [75/296] MCFD
[19:05:13] [76/296] HENN
[19:05:15] [77/296] SMKU
[19:05:16] [78/296] TNZC
[19:05:17] [79/296] DRCD
[19:05:18] [80/296] DLCD
[19:05:19] [81/296] RCDA
[19:05:21] [82/296] COSM
[19:05:22] [83/296] MCMJ
[19:05:23] [84/296] CSTR
[19:05:26] [85/296] CVDK
[19:05:28] [86/296] INRR
[19:05:29] [87/296] RJRT
[19:05:30] [88/296] IRMR
[19:05:31] [89/296] SRCF
[19:05:32] [90/296] GRCR
[19:05:33] [91/296] SURC
[19:05:34] [92/296] NMNH
[19:05:36] [93/296] SVBL
[19:05:37] [94/296] KACI
[19:05:38] [95/296] TDGO
[19:05:40] [96/296] KTBR
[19:05:41] [97/296] PMAD
[19:05:43] [98/296] CCPN
[19:05:43] [99/296] SBTK
[19:05:45] [100/296] LMDK
[19:05:46] [101/296] PGDA
[19:05:47] [102/296] SRML
[19:05:48] [103/296] EVCK
[19:05:50] [104/296] RTTK
[19:05:51] [105/296] SRTU
[19:05:52] [106/296] VRSA
[19:05:53] [107/296] VARS
[19:05:54] [108/296] DSCZ
[19:05:55] [109/296] GAGA
[19:05:57] [110/296] SARV
[19:05:58] [111/296] SEEG
[19:05:59] [112/296] GLCA
[19:06:01] [113/296] APAS
[19:06:02] [114/296] VCIA
[19:06:03] [115/296] SJTA
[19:06:04] [116/296] SABM
[19:06:05] [117/296] PPAG
[19:06:06] [118/296] RVCA
[19:06:07] [119/296] CCIA
[19:06:08] [120/296] HTAG
[19:06:10] [121/296] SMBI
[19:06:11] [122/296] MCJR
[19:06:13] [123/296] CCJR
[19:06:14] [124/296] SINF
[19:06:15] [125/296] CPLX
[19:06:16] [126/296] KKTJ
[19:06:17] [127/296] GDBW
[19:06:18] [128/296] CSUB
[19:06:19] [129/296] DABA
[19:06:20] [130/296] TITR
[19:06:21] [131/296] NYCR
[19:06:22] [132/296] RTRY
[19:06:23] [133/296] JTJL
[19:06:24] [134/296] SJCP
[19:06:25] [135/296] KCCA
[19:06:26] [136/296] MLPG
[19:06:27] [137/296] VRCK
[19:06:28] [138/296] SRIN
[19:06:28] [139/296] CXMK
[19:06:30] [140/296] SKAD
[19:06:31] [141/296] AVTR
[19:06:32] [142/296] PTAJ
[19:06:33] [143/296] SCNK
[19:06:34] [144/296] STTI
[19:06:36] [145/296] KACR
[19:06:37] [146/296] SSDX
[19:06:38] [147/296] VRTJ
[19:06:39] [148/296] RAJD
[19:06:39] [149/296] SCIP
[19:06:40] [150/296] RJSL
[19:06:42] [151/296] ARRS
[19:06:43] [152/296] ASMS
[19:06:44] [153/296] RDTS
[19:06:45] [154/296] DVMY
[19:06:46] [155/296] RASA
[19:06:48] [156/296] INOM
[19:06:49] [157/296] SPRS
[19:06:51] [158/296] SGCS
[19:06:51] [159/296] SALM
[19:06:52] [160/296] PKHC
[19:06:53] [161/296] RCSV
[19:06:55] [162/296] CPKC
[19:06:56] [163/296] AACD
[19:06:57] [164/296] GGCV
[19:06:58] [165/296] SMKD
[19:06:59] [166/296] NBCH
[19:07:01] [167/296] AMCB
[19:07:02] [168/296] OPCN
[19:07:03] [169/296] DCIN
[19:07:04] [170/296] INGW
[19:07:05] [171/296] PKKW
[19:07:06] [172/296] FNGW
[19:07:08] [173/296] GCGD
[19:07:09] [174/296] MSTW
[19:07:10] [175/296] KCCG
[19:07:12] [176/296] MRSS
[19:07:13] [177/296] CLCF
[19:07:14] [178/296] EETS
[19:07:15] [179/296] AATR
[19:07:16] [180/296] CMMN
[19:07:17] [181/296] SCCJ
[19:07:18] [182/296] CDTK
[19:07:19] [183/296] AICP
[19:07:20] [184/296] FNBP
[19:07:21] [185/296] CBPB
[19:07:22] [186/296] CPAS
[19:07:24] [187/296] MAPM
[19:07:25] [188/296] PASD
[19:07:26] [189/296] JCMN
[19:07:28] [190/296] MALB
[19:07:29] [191/296] SACG
[19:07:30] [192/296] DDRX
[19:07:31] [193/296] DDXB
[19:07:32] [194/296] RAMC
[19:07:33] [195/296] SANC
[19:07:34] [196/296] BCBP
[19:07:35] [197/296] ALPC
[19:07:36] [198/296] RBAC
[19:07:37] [199/296] RAJL
[19:07:38] [200/296] MPDX
[19:07:40] [201/296] MUSC
[19:07:41] [202/296] VKMK
[19:07:42] [203/296] SKCG
[19:07:43] [204/296] ANCN
[19:07:44] [205/296] MMCJ
[19:07:46] [206/296] DCAK
[19:07:47] [207/296] SCKG
[19:07:48] [208/296] LMCK
[19:07:49] [209/296] CKKX
[19:07:50] [210/296] ANKU
[19:07:51] [211/296] CSMD
[19:07:53] [212/296] MKMP
[19:07:54] [213/296] SVBG
[19:07:55] [214/296] ROOP
[19:07:55] [215/296] GDMT
[19:07:56] [216/296] FPPF
[19:07:57] [217/296] SFUU
[19:07:59] [218/296] ANCB
[19:08:00] [219/296] SMMC
[19:08:01] [220/296] UGKT
[19:08:02] [221/296] JVRM
[19:08:04] [222/296] BATG
[19:08:05] [223/296] RATE
[19:08:06] [224/296] SKME
[19:08:07] [225/296] LMTP
[19:08:08] [226/296] TCBD
[19:08:09] [227/296] ESBD
[19:08:11] [228/296] GDCU
[19:08:11] [229/296] SNKT
[19:08:13] [230/296] SRNK
[19:08:15] [231/296] SMED
[19:08:16] [232/296] CSQS
[19:08:17] [233/296] ALCS
[19:08:18] [234/296] KCKN
[19:08:19] [235/296] VCCL
[19:08:20] [236/296] MCDA
[19:08:21] [237/296] SHMI
[19:08:23] [238/296] SKHA
[19:08:24] [239/296] SVFK
[19:08:24] [240/296] INVB
[19:08:25] [241/296] MELD
[19:08:27] [242/296] JTYS
[19:08:28] [243/296] INCM
[19:08:29] [244/296] MCDV
[19:08:31] [245/296] KSGK
[19:08:32] [246/296] ICMG
[19:08:33] [247/296] CSCV
[19:08:34] [248/296] STMD
[19:08:35] [249/296] STTR
[19:08:36] [250/296] INVC
[19:08:37] [251/296] JTBL
[19:08:38] [252/296] SRVV
[19:08:39] [253/296] MAVC
[19:08:39] [254/296] SRPP
[19:08:40] [255/296] JGDM
[19:08:41] [256/296] MBSJ
[19:08:42] [257/296] SSLL
[19:08:43] [258/296] SLKP
[19:08:44] [259/296] NSRV
[19:08:45] [260/296] UTDV
[19:08:46] [261/296] KICM
[19:08:47] [262/296] KCMD
[19:08:49] [263/296] TTPP
[19:08:50] [264/296] KMPV
[19:08:52] [265/296] SKTV
[19:08:53] [266/296] STCV
[19:08:54] [267/296] SRDA
[19:08:55] [268/296] JTSX
[19:08:56] [269/296] STBV
[19:08:57] [270/296] APVZ
[19:08:59] [271/296] GSTV
[19:09:00] [272/296] NMVS
[19:09:01] [273/296] SKRT
[19:09:02] [274/296] RMDV
[19:09:03] [275/296] RATG
[19:09:04] [276/296] SJYV
[19:09:04] [277/296] NDGP
[19:09:05] [278/296] SNDG
[19:09:07] [279/296] INSR
[19:09:08] [280/296] INSO
[19:09:10] [281/296] CCSI
[19:09:11] [282/296] RASM
[19:09:12] [283/296] NEWC
[19:09:13] [284/296] VSHL
[19:09:14] [285/296] BISW
[19:09:16] [286/296] GCNG
[19:09:17] [287/296] CWSC
[19:09:18] [288/296] SKAN
[19:09:18] [289/296] SEHP
[19:09:19] [290/296] CCOA
[19:09:20] [291/296] MCAJ
[19:09:21] [292/296] ACDE
[19:09:22] [293/296] AACM
[19:09:23] [294/296] JJCK
[19:09:24] [295/296] RCMO
[19:09:25] [296/296] GDAW
[19:09:27] 🧹 Deduping shows
[19:09:27] ✅ DONE | Shows=492 | Movies=36
[21:55:06] 🚀 SCRIPT STARTED
[21:55:06] [1/296] CDCA
[21:55:06] 🧠 New identity created
[21:55:07] [2/296] MNSR
[21:55:08] [3/296] CSSL
[21:55:09] [4/296] BGGM
[21:55:10] [5/296] MANT
[21:55:11] [6/296] SOOY
[21:55:11] [7/296] VPPK
[21:55:12] [8/296] MYHJ
[21:55:13] [9/296] KSCK
[21:55:14] [10/296] KATK
[21:55:15] [11/296] RTRT
[21:55:16] [12/296] SSTT
[21:55:17] [13/296] SSTV
[21:55:18] [14/296] LACM
[21:55:18] [15/296] SGMG
[21:55:19] [16/296] KACX
[21:55:21] [17/296] GVCP
[21:55:22] [18/296] CSNC
[21:55:23] [19/296] SXCB
[21:55:24] [20/296] BAHS
[21:55:24] [21/296] PCBI
[21:55:25] [22/296] PSSM
[21:55:26] [23/296] RCOK
[21:55:27] [24/296] SCPF
[21:55:28] [25/296] SSAS
[21:55:30] [26/296] EVMM
[21:55:31] [27/296] SYCB
[21:55:32] [28/296] GCKI
[21:55:33] [29/296] IAET
[21:55:34] [30/296] DDTD
[21:55:35] [31/296] GMDH
[21:55:36] [32/296] STLE
[21:55:37] [33/296] JTRA
[21:55:37] [34/296] RPPA
[21:55:38] [35/296] ARUT
[21:55:39] [36/296] JTVM
[21:55:40] [37/296] SWRH
[21:55:41] [38/296] DCPC
[21:55:42] [39/296] RAPR
[21:55:43] [40/296] GCRT
[21:55:43] [41/296] ATUN
[21:55:44] [42/296] LTRM
[21:55:46] [43/296] TASR
[21:55:47] [44/296] RLLC
[21:55:47] [45/296] MABI
[21:55:48] [46/296] SVHB
[21:55:49] [47/296] NVTB
[21:55:50] [48/296] KCKG
[21:55:51] [49/296] SSRN
[21:55:52] [50/296] VDDC
[21:55:53] [51/296] GKTK
[21:55:54] [52/296] YFSN
[21:55:54] [53/296] GCSG
[21:55:55] [54/296] ESSM
[21:55:56] [55/296] KRIH
[21:55:57] [56/296] GCDS
[21:55:58] [57/296] CCSH
[21:55:59] [58/296] ACSK
[21:55:59] [59/296] APRK
[21:56:00] [60/296] ADKM
[21:56:01] [61/296] SRDM
[21:56:02] [62/296] RMOG
[21:56:03] [63/296] SJMY
[21:56:05] [64/296] PGGC
[21:56:05] [65/296] INGM
[21:56:06] [66/296] LSCB
[21:56:07] [67/296] STAD
[21:56:08] [68/296] MCCR
[21:56:09] [69/296] ABCC
[21:56:10] [70/296] RKCC
[21:56:11] [71/296] RTCR
[21:56:12] [72/296] GGBC
[21:56:13] [73/296] GCSD
[21:56:14] [74/296] LPTY
[21:56:15] [75/296] MCFD
[21:56:16] [76/296] HENN
[21:56:16] [77/296] SMKU
[21:56:17] [78/296] TNZC
[21:56:18] [79/296] DRCD
[21:56:19] [80/296] DLCD
[21:56:20] [81/296] RCDA
[21:56:21] [82/296] COSM
[21:56:22] [83/296] MCMJ
[21:56:24] [84/296] CSTR
[21:56:25] [85/296] CVDK
[21:56:26] [86/296] INRR
[21:56:26] [87/296] RJRT
[21:56:27] [88/296] IRMR
[21:56:28] [89/296] SRCF
[21:56:29] [90/296] GRCR
[21:56:30] [91/296] SURC
[21:56:32] [92/296] NMNH
[21:56:33] [93/296] SVBL
[21:56:34] [94/296] KACI
[21:56:35] [95/296] TDGO
[21:56:35] [96/296] KTBR
[21:56:37] [97/296] PMAD
[21:56:37] [98/296] CCPN
[21:56:38] [99/296] SBTK
[21:56:39] [100/296] LMDK
[21:56:40] [101/296] PGDA
[21:56:40] [102/296] SRML
[21:56:41] [103/296] EVCK
[21:56:43] [104/296] RTTK
[21:56:43] [105/296] SRTU
[21:56:44] [106/296] VRSA
[21:56:45] [107/296] VARS
[21:56:46] [108/296] DSCZ
[21:56:47] [109/296] GAGA
[21:56:49] [110/296] SARV
[21:56:49] [111/296] SEEG
[21:56:51] [112/296] GLCA
[21:56:52] [113/296] APAS
[21:56:53] [114/296] VCIA
[21:56:53] [115/296] SJTA
[21:56:54] [116/296] SABM
[21:56:55] [117/296] PPAG
[21:56:56] [118/296] RVCA
[21:56:57] [119/296] CCIA
[21:56:58] [120/296] HTAG
[21:56:58] [121/296] SMBI
[21:56:59] [122/296] MCJR
[21:57:00] [123/296] CCJR
[21:57:01] [124/296] SINF
[21:57:02] [125/296] CPLX
[21:57:03] [126/296] KKTJ
[21:57:03] [127/296] GDBW
[21:57:04] [128/296] CSUB
[21:57:05] [129/296] DABA
[21:57:06] [130/296] TITR
[21:57:06] [131/296] NYCR
[21:57:07] [132/296] RTRY
[21:57:08] [133/296] JTJL
[21:57:09] [134/296] SJCP
[21:57:10] [135/296] KCCA
[21:57:11] [136/296] MLPG
[21:57:12] [137/296] VRCK
[21:57:13] [138/296] SRIN
[21:57:14] [139/296] CXMK
[21:57:15] [140/296] SKAD
[21:57:16] [141/296] AVTR
[21:57:17] [142/296] PTAJ
[21:57:18] [143/296] SCNK
[21:57:20] [144/296] STTI
[21:57:21] [145/296] KACR
[21:57:21] [146/296] SSDX
[21:57:22] [147/296] VRTJ
[21:57:24] [148/296] RAJD
[21:57:24] [149/296] SCIP
[21:57:25] [150/296] RJSL
[21:57:26] [151/296] ARRS
[21:57:27] [152/296] ASMS
[21:57:28] [153/296] RDTS
[21:57:29] [154/296] DVMY
[21:57:30] [155/296] RASA
[21:57:31] [156/296] INOM
[21:57:32] [157/296] SPRS
[21:57:34] [158/296] SGCS
[21:57:35] [159/296] SALM
[21:57:36] [160/296] PKHC
[21:57:37] [161/296] RCSV
[21:57:38] [162/296] CPKC
[21:57:39] [163/296] AACD
[21:57:40] [164/296] GGCV
[21:57:41] [165/296] SMKD
[21:57:42] [166/296] NBCH
[21:57:43] [167/296] AMCB
[21:57:44] [168/296] OPCN
[21:57:45] [169/296] DCIN
[21:57:46] [170/296] INGW
[21:57:47] [171/296] PKKW
[21:57:47] [172/296] FNGW
[21:57:49] [173/296] GCGD
[21:57:50] [174/296] MSTW
[21:57:51] [175/296] KCCG
[21:57:52] [176/296] MRSS
[21:57:53] [177/296] CLCF
[21:57:54] [178/296] EETS
[21:57:55] [179/296] AATR
[21:57:55] [180/296] CMMN
[21:57:56] [181/296] SCCJ
[21:57:57] [182/296] CDTK
[21:57:58] [183/296] AICP
[21:57:59] [184/296] FNBP
[21:58:00] [185/296] CBPB
[21:58:01] [186/296] CPAS
[21:58:01] [187/296] MAPM
[21:58:02] [188/296] PASD
[21:58:03] [189/296] JCMN
[21:58:04] [190/296] MALB
[21:58:05] [191/296] SACG
[21:58:06] [192/296] DDRX
[21:58:07] [193/296] DDXB
[21:58:07] [194/296] RAMC
[21:58:08] [195/296] SANC
[21:58:09] [196/296] BCBP
[21:58:10] [197/296] ALPC
[21:58:11] [198/296] RBAC
[21:58:12] [199/296] RAJL
[21:58:12] [200/296] MPDX
[21:58:13] [201/296] MUSC
[21:58:14] [202/296] VKMK
[21:58:15] [203/296] SKCG
[21:58:16] [204/296] ANCN
[21:58:17] [205/296] MMCJ
[21:58:18] [206/296] DCAK
[21:58:20] [207/296] SCKG
[21:58:21] [208/296] LMCK
[21:58:22] [209/296] CKKX
[21:58:24] [210/296] ANKU
[21:58:24] [211/296] CSMD
[21:58:25] [212/296] MKMP
[21:58:26] [213/296] SVBG
[21:58:26] [214/296] ROOP
[21:58:27] [215/296] GDMT
[21:58:28] [216/296] FPPF
[21:58:29] [217/296] SFUU
[21:58:31] [218/296] ANCB
[21:58:32] [219/296] SMMC
[21:58:33] [220/296] UGKT
[21:58:34] [221/296] JVRM
[21:58:34] [222/296] BATG
[21:58:35] [223/296] RATE
[21:58:37] [224/296] SKME
[21:58:38] [225/296] LMTP
[21:58:39] [226/296] TCBD
[21:58:39] [227/296] ESBD
[21:58:40] [228/296] GDCU
[21:58:41] [229/296] SNKT
[21:58:42] [230/296] SRNK
[21:58:43] [231/296] SMED
[21:58:44] [232/296] CSQS
[21:58:45] [233/296] ALCS
[21:58:45] [234/296] KCKN
[21:58:46] [235/296] VCCL
[21:58:47] [236/296] MCDA
[21:58:48] [237/296] SHMI
[21:58:49] [238/296] SKHA
[21:58:50] [239/296] SVFK
[21:58:50] [240/296] INVB
[21:58:51] [241/296] MELD
[21:58:52] [242/296] JTYS
[21:58:53] [243/296] INCM
[21:58:54] [244/296] MCDV
[21:58:55] [245/296] KSGK
[21:58:56] [246/296] ICMG
[21:58:57] [247/296] CSCV
[21:58:58] [248/296] STMD
[21:58:59] [249/296] STTR
[21:59:00] [250/296] INVC
[21:59:01] [251/296] JTBL
[21:59:02] [252/296] SRVV
[21:59:03] [253/296] MAVC
[21:59:04] [254/296] SRPP
[21:59:04] [255/296] JGDM
[21:59:05] [256/296] MBSJ
[21:59:06] [257/296] SSLL
[21:59:07] [258/296] SLKP
[21:59:08] [259/296] NSRV
[21:59:09] [260/296] UTDV
[21:59:10] [261/296] KICM
[21:59:11] [262/296] KCMD
[21:59:12] [263/296] TTPP
[21:59:13] [264/296] KMPV
[21:59:14] [265/296] SKTV
[21:59:15] [266/296] STCV
[21:59:16] [267/296] SRDA
[21:59:17] [268/296] JTSX
[21:59:18] [269/296] STBV
[21:59:19] [270/296] APVZ
[21:59:20] [271/296] GSTV
[21:59:21] [272/296] NMVS
[21:59:21] [273/296] SKRT
[21:59:23] [274/296] RMDV
[21:59:23] [275/296] RATG
[21:59:24] [276/296] SJYV
[21:59:25] [277/296] NDGP
[21:59:26] [278/296] SNDG
[21:59:28] [279/296] INSR
[21:59:29] [280/296] INSO
[21:59:29] [281/296] CCSI
[21:59:30] [282/296] RASM
[21:59:31] [283/296] NEWC
[21:59:31] [284/296] VSHL
[21:59:32] [285/296] BISW
[21:59:33] [286/296] GCNG
[21:59:34] [287/296] CWSC
[21:59:35] [288/296] SKAN
[21:59:36] [289/296] SEHP
[21:59:37] [290/296] CCOA
[21:59:38] [291/296] MCAJ
[21:59:39] [292/296] ACDE
[21:59:39] [293/296] AACM
[21:59:40] [294/296] JJCK
[21:59:41] [295/296] RCMO
[21:59:42] [296/296] GDAW
[21:59:43] 🧹 Deduping shows
[21:59:43] ✅ DONE | Shows=550 | Movies=37
[03:49:18] 🚀 SCRIPT STARTED
[03:49:18] [1/296] CDCA
[03:49:18] 🧠 New identity created
[03:49:19] [2/296] MNSR
[03:49:22] [3/296] CSSL
[03:49:23] [4/296] BGGM
[03:49:23] [5/296] MANT
[03:49:24] [6/296] SOOY
[03:49:25] [7/296] VPPK
[03:49:26] [8/296] MYHJ
[03:49:27] [9/296] KSCK
[03:49:28] [10/296] KATK
[03:49:29] [11/296] RTRT
[03:49:29] [12/296] SSTT
[03:49:30] [13/296] SSTV
[03:49:31] [14/296] LACM
[03:49:32] [15/296] SGMG
[03:49:34] [16/296] KACX
[03:49:35] [17/296] GVCP
[03:49:36] [18/296] CSNC
[03:49:36] [19/296] SXCB
[03:49:37] [20/296] BAHS
[03:49:39] [21/296] PCBI
[03:49:40] [22/296] PSSM
[03:49:41] [23/296] RCOK
[03:49:42] [24/296] SCPF
[03:49:43] [25/296] SSAS
[03:49:44] [26/296] EVMM
[03:49:45] [27/296] SYCB
[03:49:47] [28/296] GCKI
[03:49:48] [29/296] IAET
[03:49:48] [30/296] DDTD
[03:49:50] [31/296] GMDH
[03:49:51] [32/296] STLE
[03:49:52] [33/296] JTRA
[03:49:53] [34/296] RPPA
[03:49:54] [35/296] ARUT
[03:49:55] [36/296] JTVM
[03:49:56] [37/296] SWRH
[03:49:57] [38/296] DCPC
[03:50:00] [39/296] RAPR
[03:50:02] [40/296] GCRT
[03:50:03] [41/296] ATUN
[03:50:04] [42/296] LTRM
[03:50:06] [43/296] TASR
[03:50:07] [44/296] RLLC
[03:50:07] [45/296] MABI
[03:50:08] [46/296] SVHB
[03:50:09] [47/296] NVTB
[03:50:10] [48/296] KCKG
[03:50:11] [49/296] SSRN
[03:50:12] [50/296] VDDC
[03:50:13] [51/296] GKTK
[03:50:14] [52/296] YFSN
[03:50:15] [53/296] GCSG
[03:50:15] [54/296] ESSM
[03:50:16] [55/296] KRIH
[03:50:18] [56/296] GCDS
[03:50:18] [57/296] CCSH
[03:50:19] [58/296] ACSK
[03:50:20] [59/296] APRK
[03:50:21] [60/296] ADKM
[03:50:22] [61/296] SRDM
[03:50:23] [62/296] RMOG
[03:50:24] [63/296] SJMY
[03:50:25] [64/296] PGGC
[03:50:26] [65/296] INGM
[03:50:26] [66/296] LSCB
[03:50:27] [67/296] STAD
[03:50:28] [68/296] MCCR
[03:50:29] [69/296] ABCC
[03:50:30] [70/296] RKCC
[03:50:32] [71/296] RTCR
[03:50:32] [72/296] GGBC
[03:50:34] [73/296] GCSD
[03:50:34] [74/296] LPTY
[03:50:35] [75/296] MCFD
[03:50:36] [76/296] HENN
[03:50:37] [77/296] SMKU
[03:50:38] [78/296] TNZC
[03:50:39] [79/296] DRCD
[03:50:40] [80/296] DLCD
[03:50:41] [81/296] RCDA
[03:50:42] [82/296] COSM
[03:50:43] [83/296] MCMJ
[03:50:44] [84/296] CSTR
[03:50:45] [85/296] CVDK
[03:50:46] [86/296] INRR
[03:50:47] [87/296] RJRT
[03:50:48] [88/296] IRMR
[03:50:49] [89/296] SRCF
[03:50:50] [90/296] GRCR
[03:50:51] [91/296] SURC
[03:50:51] [92/296] NMNH
[03:50:52] [93/296] SVBL
[03:50:53] [94/296] KACI
[03:50:54] [95/296] TDGO
[03:50:55] [96/296] KTBR
[03:50:56] [97/296] PMAD
[03:50:58] [98/296] CCPN
[03:50:59] [99/296] SBTK
[03:51:00] [100/296] LMDK
[03:51:00] [101/296] PGDA
[03:51:01] [102/296] SRML
[03:51:02] [103/296] EVCK
[03:51:03] [104/296] RTTK
[03:51:03] [105/296] SRTU
[03:51:04] [106/296] VRSA
[03:51:05] [107/296] VARS
[03:51:06] [108/296] DSCZ
[03:51:07] [109/296] GAGA
[03:51:08] [110/296] SARV
[03:51:09] [111/296] SEEG
[03:51:10] [112/296] GLCA
[03:51:11] [113/296] APAS
[03:51:12] [114/296] VCIA
[03:51:12] [115/296] SJTA
[03:51:13] [116/296] SABM
[03:51:14] [117/296] PPAG
[03:51:15] [118/296] RVCA
[03:51:16] [119/296] CCIA
[03:51:17] [120/296] HTAG
[03:51:17] [121/296] SMBI
[03:51:18] [122/296] MCJR
[03:51:19] [123/296] CCJR
[03:51:20] [124/296] SINF
[03:51:21] [125/296] CPLX
[03:51:22] [126/296] KKTJ
[03:51:23] [127/296] GDBW
[03:51:23] [128/296] CSUB
[03:51:24] [129/296] DABA
[03:51:25] [130/296] TITR
[03:51:26] [131/296] NYCR
[03:51:27] [132/296] RTRY
[03:51:28] [133/296] JTJL
[03:51:29] [134/296] SJCP
[03:51:30] [135/296] KCCA
[03:51:31] [136/296] MLPG
[03:51:32] [137/296] VRCK
[03:51:32] [138/296] SRIN
[03:51:33] [139/296] CXMK
[03:51:35] [140/296] SKAD
[03:51:36] [141/296] AVTR
[03:51:37] [142/296] PTAJ
[03:51:38] [143/296] SCNK
[03:51:40] [144/296] STTI
[03:51:41] [145/296] KACR
[03:51:42] [146/296] SSDX
[03:51:43] [147/296] VRTJ
[03:51:43] [148/296] RAJD
[03:51:45] [149/296] SCIP
[03:51:46] [150/296] RJSL
[03:51:47] [151/296] ARRS
[03:51:48] [152/296] ASMS
[03:51:49] [153/296] RDTS
[03:51:50] [154/296] DVMY
[03:51:51] [155/296] RASA
[03:51:52] [156/296] INOM
[03:51:53] [157/296] SPRS
[03:51:54] [158/296] SGCS
[03:51:55] [159/296] SALM
[03:51:56] [160/296] PKHC
[03:51:57] [161/296] RCSV
[03:51:58] [162/296] CPKC
[03:51:59] [163/296] AACD
[03:52:00] [164/296] GGCV
[03:52:01] [165/296] SMKD
[03:52:02] [166/296] NBCH
[03:52:03] [167/296] AMCB
[03:52:04] [168/296] OPCN
[03:52:04] [169/296] DCIN
[03:52:05] [170/296] INGW
[03:52:06] [171/296] PKKW
[03:52:07] [172/296] FNGW
[03:52:08] [173/296] GCGD
[03:52:08] [174/296] MSTW
[03:52:09] [175/296] KCCG
[03:52:10] [176/296] MRSS
[03:52:11] [177/296] CLCF
[03:52:12] [178/296] EETS
[03:52:13] [179/296] AATR
[03:52:14] [180/296] CMMN
[03:52:15] [181/296] SCCJ
[03:52:16] [182/296] CDTK
[03:52:16] [183/296] AICP
[03:52:18] [184/296] FNBP
[03:52:18] [185/296] CBPB
[03:52:20] [186/296] CPAS
[03:52:21] [187/296] MAPM
[03:52:22] [188/296] PASD
[03:52:23] [189/296] JCMN
[03:52:24] [190/296] MALB
[03:52:25] [191/296] SACG
[03:52:26] [192/296] DDRX
[03:52:27] [193/296] DDXB
[03:52:28] [194/296] RAMC
[03:52:28] [195/296] SANC
[03:52:29] [196/296] BCBP
[03:52:30] [197/296] ALPC
[03:52:31] [198/296] RBAC
[03:52:32] [199/296] RAJL
[03:52:32] [200/296] MPDX
[03:52:33] [201/296] MUSC
[03:52:34] [202/296] VKMK
[03:52:35] [203/296] SKCG
[03:52:36] [204/296] ANCN
[03:52:37] [205/296] MMCJ
[03:52:38] [206/296] DCAK
[03:52:39] [207/296] SCKG
[03:52:40] [208/296] LMCK
[03:52:40] [209/296] CKKX
[03:52:41] [210/296] ANKU
[03:52:42] [211/296] CSMD
[03:52:43] [212/296] MKMP
[03:52:44] [213/296] SVBG
[03:52:44] [214/296] ROOP
[03:52:46] [215/296] GDMT
[03:52:46] [216/296] FPPF
[03:52:47] [217/296] SFUU
[03:52:48] [218/296] ANCB
[03:52:49] [219/296] SMMC
[03:52:50] [220/296] UGKT
[03:52:51] [221/296] JVRM
[03:52:52] [222/296] BATG
[03:52:53] [223/296] RATE
[03:52:54] [224/296] SKME
[03:52:54] [225/296] LMTP
[03:52:55] [226/296] TCBD
[03:52:56] [227/296] ESBD
[03:52:57] [228/296] GDCU
[03:52:58] [229/296] SNKT
[03:52:59] [230/296] SRNK
[03:52:59] [231/296] SMED
[03:53:00] [232/296] CSQS
[03:53:01] [233/296] ALCS
[03:53:03] [234/296] KCKN
[03:53:04] [235/296] VCCL
[03:53:04] [236/296] MCDA
[03:53:05] [237/296] SHMI
[03:53:06] [238/296] SKHA
[03:53:07] [239/296] SVFK
[03:53:08] [240/296] INVB
[03:53:09] [241/296] MELD
[03:53:10] [242/296] JTYS
[03:53:10] [243/296] INCM
[03:53:11] [244/296] MCDV
[03:53:12] [245/296] KSGK
[03:53:13] [246/296] ICMG
[03:53:14] [247/296] CSCV
[03:53:14] [248/296] STMD
[03:53:15] [249/296] STTR
[03:53:16] [250/296] INVC
[03:53:17] [251/296] JTBL
[03:53:18] [252/296] SRVV
[03:53:19] [253/296] MAVC
[03:53:20] [254/296] SRPP
[03:53:21] [255/296] JGDM
[03:53:22] [256/296] MBSJ
[03:53:23] [257/296] SSLL
[03:53:24] [258/296] SLKP
[03:53:25] [259/296] NSRV
[03:53:26] [260/296] UTDV
[03:53:27] [261/296] KICM
[03:53:29] [262/296] KCMD
[03:53:30] [263/296] TTPP
[03:53:31] [264/296] KMPV
[03:53:32] [265/296] SKTV
[03:53:33] [266/296] STCV
[03:53:34] [267/296] SRDA
[03:53:34] [268/296] JTSX
[03:53:35] [269/296] STBV
[03:53:36] [270/296] APVZ
[03:53:37] [271/296] GSTV
[03:53:38] [272/296] NMVS
[03:53:39] [273/296] SKRT
[03:53:40] [274/296] RMDV
[03:53:41] [275/296] RATG
[03:53:42] [276/296] SJYV
[03:53:43] [277/296] NDGP
[03:53:44] [278/296] SNDG
[03:53:45] [279/296] INSR
[03:53:47] [280/296] INSO
[03:53:48] [281/296] CCSI
[03:53:48] [282/296] RASM
[03:53:49] [283/296] NEWC
[03:53:50] [284/296] VSHL
[03:53:51] [285/296] BISW
[03:53:52] [286/296] GCNG
[03:53:53] [287/296] CWSC
[03:53:55] [288/296] SKAN
[03:53:56] [289/296] SEHP
[03:53:57] [290/296] CCOA
[03:53:58] [291/296] MCAJ
[03:53:59] [292/296] ACDE
[03:53:59] [293/296] AACM
[03:54:00] [294/296] JJCK
[03:54:01] [295/296] RCMO
[03:54:02] [296/296] GDAW
[03:54:02] 🧹 Deduping shows
[03:54:02] ✅ DONE | Shows=568 | Movies=38
