[10:05:21] 🚀 SCRIPT STARTED
[10:05:21] [1/324] GCTA
[10:05:21] 🧠 New identity created
[10:05:22] [2/324] TOPN
[10:05:23] [3/324] MCUS
[10:05:24] [4/324] SHRL
[10:05:24] [5/324] UPTP
[10:05:25] [6/324] TMMP
[10:05:26] [7/324] DNRP
[10:05:27] [8/324] SRLT
[10:05:28] [9/324] RCNS
[10:05:29] [10/324] DCBH
[10:05:31] [11/324] NAGJ
[10:05:32] [12/324] JVRC
[10:05:32] [13/324] KRJG
[10:05:33] [14/324] SRTJ
[10:05:34] [15/324] CMXM
[10:05:36] [16/324] STMI
[10:05:36] [17/324] SLST
[10:05:37] [18/324] DTCN
[10:05:38] [19/324] STYN
[10:05:39] [20/324] SZVR
[10:05:40] [21/324] SRKO
[10:05:41] [22/324] JTGT
[10:05:42] [23/324] SVFD
[10:05:43] [24/324] SISD
[10:05:45] [25/324] ABDD
[10:05:46] [26/324] DRCA
[10:05:47] [27/324] AVCS
[10:05:48] [28/324] MVKH
[10:05:49] [29/324] ACPR
[10:05:50] [30/324] STIP
[10:05:51] [31/324] MTRA
[10:05:51] [32/324] RMKH
[10:05:52] [33/324] NKRL
[10:05:53] [34/324] PCWN
[10:05:54] [35/324] BLMT
[10:05:55] [36/324] GDPG
[10:05:55] [37/324] SRMX
[10:05:56] [38/324] JACP
[10:05:57] [39/324] CPSH
[10:05:58] [40/324] MCCD
[10:05:59] [41/324] ECGH
[10:06:00] [42/324] MKCK
[10:06:00] [43/324] SRMM
[10:06:01] [44/324] SKYR
[10:06:02] [45/324] PCKC
[10:06:03] [46/324] JCMA
[10:06:03] [47/324] BSMP
[10:06:05] [48/324] VSPA
[10:06:06] [49/324] DJYA
[10:06:07] [50/324] DIMP
[10:06:09] [51/324] FXDR
[10:06:10] [52/324] SSRC
[10:06:10] [53/324] STHP
[10:06:11] [54/324] CPPD
[10:06:12] [55/324] FCLK
[10:06:13] [56/324] SCPP
[10:06:14] [57/324] DCMJ
[10:06:15] [58/324] RCCR
[10:06:16] [59/324] INMT
[10:06:17] [60/324] LXTK
[10:06:17] [61/324] SRYK
[10:06:18] [62/324] SGDK
[10:06:19] [63/324] PPKA
[10:06:20] [64/324] SPKA
[10:06:21] [65/324] CGHH
[10:06:21] [66/324] DCJN
[10:06:23] [67/324] SRKV
[10:06:24] [68/324] SAJC
[10:06:26] [69/324] SUSR
[10:06:27] [70/324] STYG
[10:06:27] [71/324] NTKP
[10:06:28] [72/324] AKTG
[10:06:29] [73/324] CGCM
[10:06:30] [74/324] TULC
[10:06:30] [75/324] NYYZ
[10:06:31] [76/324] NYBW
[10:06:32] [77/324] MACB
[10:06:33] [78/324] SLVT
[10:06:34] [79/324] SANA
[10:06:35] [80/324] ACMR
[10:06:36] [81/324] CPKN
[10:06:37] [82/324] DLGK
[10:06:38] [83/324] CWCK
[10:06:38] [84/324] FDDH
[10:06:39] [85/324] MMMD
[10:06:40] [86/324] CMEH
[10:06:41] [87/324] GGGV
[10:06:43] [88/324] SPJL
[10:06:43] [89/324] RCCD
[10:06:44] [90/324] STTZ
[10:06:46] [91/324] BTCF
[10:06:47] [92/324] TSTZ
[10:06:48] [93/324] IPMM
[10:06:49] [94/324] PMPW
[10:06:49] [95/324] PCMZ
[10:06:50] [96/324] ESEM
[10:06:51] [97/324] PIPO
[10:06:52] [98/324] MATK
[10:06:53] [99/324] PGHM
[10:06:54] [100/324] CTSR
[10:06:55] [101/324] CYKR
[10:06:56] [102/324] MSCM
[10:06:57] [103/324] RFNP
[10:06:58] [104/324] PDCP
[10:06:58] [105/324] NPSE
[10:06:59] [106/324] MKML
[10:07:00] [107/324] FTDP
[10:07:01] [108/324] MMXA
[10:07:02] [109/324] CEPO
[10:07:03] [110/324] CMVP
[10:07:04] [111/324] SGTH
[10:07:05] [112/324] SAYN
[10:07:05] [113/324] URVS
[10:07:06] [114/324] VJTN
[10:07:07] [115/324] BBYK
[10:07:08] [116/324] SHBO
[10:07:09] [117/324] VCMR
[10:07:09] [118/324] MACT
[10:07:10] [119/324] JMNP
[10:07:11] [120/324] VICS
[10:07:12] [121/324] VCDA
[10:07:13] [122/324] GCMM
[10:07:14] [123/324] INVS
[10:07:14] [124/324] SCGM
[10:07:15] [125/324] PCDA
[10:07:17] [126/324] KDCT
[10:07:18] [127/324] JACS
[10:07:19] [128/324] GMMC
[10:07:20] [129/324] AICM
[10:07:21] [130/324] TJCM
[10:07:22] [131/324] RMTI
[10:07:23] [132/324] SHAC
[10:07:24] [133/324] APJC
[10:07:25] [134/324] GCTG
[10:07:26] [135/324] SSMC
[10:07:26] [136/324] THRM
[10:07:27] [137/324] RBCT
[10:07:28] [138/324] DIKT
[10:07:30] [139/324] MIDL
[10:07:31] [140/324] VCSN
[10:07:32] [141/324] SKTG
[10:07:33] [142/324] SMWC
[10:07:33] [143/324] MNKH
[10:07:34] [144/324] PIAT
[10:07:35] [145/324] LTTP
[10:07:36] [146/324] PTPU
[10:07:37] [147/324] ACMG
[10:07:38] [148/324] SHMM
[10:07:38] [149/324] MCMN
[10:07:39] [150/324] GLDC
[10:07:41] [151/324] HOUT
[10:07:41] [152/324] SVRP
[10:07:42] [153/324] PVDN
[10:07:43] [154/324] SCPY
[10:07:44] [155/324] DTPY
[10:07:45] [156/324] GKCS
[10:07:46] [157/324] NCAM
[10:07:47] [158/324] BSRM
[10:07:48] [159/324] RCLC
[10:07:48] [160/324] SKKD
[10:07:49] [161/324] ACHU
[10:07:50] [162/324] RSCF
[10:07:51] [163/324] IMSH
[10:07:52] [164/324] MACX
[10:07:52] [165/324] HMMW
[10:07:53] [166/324] JTCP
[10:07:55] [167/324] SREN
[10:07:57] [168/324] PJRR
[10:07:58] [169/324] INAC
[10:07:59] [170/324] BMCA
[10:07:59] [171/324] SHCB
[10:08:00] [172/324] GABA
[10:08:01] [173/324] SBCT
[10:08:02] [174/324] GCMA
[10:08:03] [175/324] MYTK
[10:08:04] [176/324] INZS
[10:08:05] [177/324] RMIK
[10:08:05] [178/324] NYCH
[10:08:06] [179/324] RAVE
[10:08:07] [180/324] PSXM
[10:08:07] [181/324] MCGP
[10:08:08] [182/324] PDDK
[10:08:09] [183/324] SPCK
[10:08:10] [184/324] MCRL
[10:08:11] [185/324] MHKT
[10:08:12] [186/324] ANRR
[10:08:13] [187/324] SAPK
[10:08:14] [188/324] NCUK
[10:08:14] [189/324] JUGA
[10:08:15] [190/324] DBSC
[10:08:16] [191/324] LALK
[10:08:17] [192/324] GUCK
[10:08:19] [193/324] STSG
[10:08:20] [194/324] PPPZ
[10:08:21] [195/324] CNCY
[10:08:22] [196/324] MTAR
[10:08:23] [197/324] VNKD
[10:08:23] [198/324] KMAJ
[10:08:24] [199/324] ACXK
[10:08:25] [200/324] UTKC
[10:08:25] [201/324] PBLK
[10:08:26] [202/324] ACBX
[10:08:27] [203/324] PTGM
[10:08:28] [204/324] BTDA
[10:08:29] [205/324] PJMB
[10:08:30] [206/324] TPDA
[10:08:31] [207/324] AMOE
[10:08:32] [208/324] PRHT
[10:08:32] [209/324] PRTA
[10:08:33] [210/324] STAM
[10:08:34] [211/324] MSAA
[10:08:35] [212/324] SDLU
[10:08:36] [213/324] RCHH
[10:08:37] [214/324] KANT
[10:08:37] [215/324] FCRT
[10:08:38] [216/324] DNKM
[10:08:39] [217/324] RYCP
[10:08:40] [218/324] MYRP
[10:08:41] [219/324] PPAK
[10:08:41] [220/324] NVPK
[10:08:42] [221/324] PRMC
[10:08:43] [222/324] JBCS
[10:08:44] [223/324] GXCK
[10:08:45] [224/324] USKO
[10:08:46] [225/324] GTEM
[10:08:46] [226/324] SMBU
[10:08:47] [227/324] VETC
[10:08:48] [228/324] LCDA
[10:08:49] [229/324] MTVT
[10:08:50] [230/324] PYCP
[10:08:51] [231/324] PNSC
[10:08:52] [232/324] PPCC
[10:08:52] [233/324] TGRT
[10:08:53] [234/324] JYOT
[10:08:54] [235/324] SRCZ
[10:08:55] [236/324] SJTE
[10:08:56] [237/324] DESC
[10:08:57] [238/324] JHVN
[10:08:57] [239/324] IPSG
[10:08:58] [240/324] IPCM
[10:08:59] [241/324] PDRS
[10:09:00] [242/324] ANCV
[10:09:01] [243/324] CMVV
[10:09:02] [244/324] SHYP
[10:09:03] [245/324] DNCS
[10:09:03] [246/324] GAJK
[10:09:04] [247/324] AKTN
[10:09:05] [248/324] KAYA
[10:09:06] [249/324] SBRC
[10:09:07] [250/324] CHTP
[10:09:08] [251/324] SHRT
[10:09:09] [252/324] BCKU
[10:09:10] [253/324] FCPS
[10:09:11] [254/324] ARDD
[10:09:11] [255/324] CPCM
[10:09:12] [256/324] CGSM
[10:09:13] [257/324] PSMP
[10:09:14] [258/324] SDAL
[10:09:15] [259/324] RTNB
[10:09:16] [260/324] LMCR
[10:09:17] [261/324] CIMA
[10:09:17] [262/324] RNAS
[10:09:18] [263/324] LITH
[10:09:19] [264/324] PBOX
[10:09:20] [265/324] FRTS
[10:09:21] [266/324] RKIC
[10:09:22] [267/324] PTAI
[10:09:23] [268/324] GCIC
[10:09:23] [269/324] FNAS
[10:09:24] [270/324] SCAR
[10:09:25] [271/324] MTCA
[10:09:26] [272/324] SCTS
[10:09:27] [273/324] SYCS
[10:09:28] [274/324] RDMS
[10:09:28] [275/324] KAMP
[10:09:29] [276/324] ERSD
[10:09:30] [277/324] MJMJ
[10:09:31] [278/324] SRCJ
[10:09:32] [279/324] SCXE
[10:09:33] [280/324] SVFR
[10:09:34] [281/324] BHCS
[10:09:34] [282/324] IMCC
[10:09:35] [283/324] PCBO
[10:09:36] [284/324] PRVN
[10:09:37] [285/324] AUPM
[10:09:38] [286/324] INBW
[10:09:38] [287/324] SVCW
[10:09:39] [288/324] RKCF
[10:09:40] [289/324] UVBH
[10:09:41] [290/324] DNCY
[10:09:42] [291/324] ABCN
[10:09:43] [292/324] PRUR
[10:09:44] [293/324] PFMR
[10:09:45] [294/324] RKCN
[10:09:46] [295/324] CFEA
[10:09:47] [296/324] SDBG
[10:09:48] [297/324] SNAR
[10:09:48] [298/324] YISI
[10:09:49] [299/324] JCFF
[10:09:51] [300/324] VTRK
[10:09:52] [301/324] PCLZ
[10:09:53] [302/324] DIMY
[10:09:55] [303/324] BBTS
[10:09:57] [304/324] GATH
[10:09:57] [305/324] GTMN
[10:09:58] [306/324] VTMH
[10:09:59] [307/324] CCKP
[10:10:01] [308/324] GPKA
[10:10:02] [309/324] MHCL
[10:10:03] [310/324] ATCL
[10:10:05] [311/324] SBCK
[10:10:06] [312/324] AMMR
[10:10:07] [313/324] MADC
[10:10:08] [314/324] TMMA
[10:10:09] [315/324] CACC
[10:10:09] [316/324] CHAL
[10:10:11] [317/324] DURG
[10:10:12] [318/324] GMKU
[10:10:13] [319/324] GECA
[10:10:13] [320/324] KYRR
[10:10:14] [321/324] KSDE
[10:10:15] [322/324] LMCI
[10:10:16] [323/324] NKCP
[10:10:17] [324/324] BGTC
[10:10:18] 🧹 Deduping shows
[10:10:18] ✅ DONE | Shows=123 | Movies=18
[16:49:11] 🚀 SCRIPT STARTED
[16:49:11] [1/324] GCTA
[16:49:11] 🧠 New identity created
[16:49:12] [2/324] TOPN
[16:49:14] [3/324] MCUS
[16:49:15] [4/324] SHRL
[16:49:16] [5/324] UPTP
[16:49:17] [6/324] TMMP
[16:49:17] [7/324] DNRP
[16:49:18] [8/324] SRLT
[16:49:19] [9/324] RCNS
[16:49:19] [10/324] DCBH
[16:49:20] [11/324] NAGJ
[16:49:21] [12/324] JVRC
[16:49:22] [13/324] KRJG
[16:49:23] [14/324] SRTJ
[16:49:24] [15/324] CMXM
[16:49:24] [16/324] STMI
[16:49:25] [17/324] SLST
[16:49:26] [18/324] DTCN
[16:49:27] [19/324] STYN
[16:49:28] [20/324] SZVR
[16:49:29] [21/324] SRKO
[16:49:30] [22/324] JTGT
[16:49:31] [23/324] SVFD
[16:49:31] [24/324] SISD
[16:49:32] [25/324] ABDD
[16:49:33] [26/324] DRCA
[16:49:34] [27/324] AVCS
[16:49:35] [28/324] MVKH
[16:49:36] [29/324] ACPR
[16:49:37] [30/324] STIP
[16:49:39] [31/324] MTRA
[16:49:40] [32/324] RMKH
[16:49:41] [33/324] NKRL
[16:49:41] [34/324] PCWN
[16:49:42] [35/324] BLMT
[16:49:43] [36/324] GDPG
[16:49:44] [37/324] SRMX
[16:49:44] [38/324] JACP
[16:49:45] [39/324] CPSH
[16:49:47] [40/324] MCCD
[16:49:48] [41/324] ECGH
[16:49:48] [42/324] MKCK
[16:49:49] [43/324] SRMM
[16:49:50] [44/324] SKYR
[16:49:51] [45/324] PCKC
[16:49:52] [46/324] JCMA
[16:49:53] [47/324] BSMP
[16:49:54] [48/324] VSPA
[16:49:54] [49/324] DJYA
[16:49:55] [50/324] DIMP
[16:49:56] [51/324] FXDR
[16:49:56] [52/324] SSRC
[16:49:57] [53/324] STHP
[16:49:58] [54/324] CPPD
[16:49:59] [55/324] FCLK
[16:50:00] [56/324] SCPP
[16:50:01] [57/324] DCMJ
[16:50:02] [58/324] RCCR
[16:50:03] [59/324] INMT
[16:50:03] [60/324] LXTK
[16:50:04] [61/324] SRYK
[16:50:05] [62/324] SGDK
[16:50:06] [63/324] PPKA
[16:50:07] [64/324] SPKA
[16:50:08] [65/324] CGHH
[16:50:09] [66/324] DCJN
[16:50:10] [67/324] SRKV
[16:50:10] [68/324] SAJC
[16:50:11] [69/324] SUSR
[16:50:12] [70/324] STYG
[16:50:13] [71/324] NTKP
[16:50:15] [72/324] AKTG
[16:50:16] [73/324] CGCM
[16:50:17] [74/324] TULC
[16:50:17] [75/324] NYYZ
[16:50:18] [76/324] NYBW
[16:50:19] [77/324] MACB
[16:50:20] [78/324] SLVT
[16:50:21] [79/324] SANA
[16:50:22] [80/324] ACMR
[16:50:23] [81/324] CPKN
[16:50:23] [82/324] DLGK
[16:50:24] [83/324] CWCK
[16:50:25] [84/324] FDDH
[16:50:27] [85/324] MMMD
[16:50:27] [86/324] CMEH
[16:50:29] [87/324] GGGV
[16:50:30] [88/324] SPJL
[16:50:30] [89/324] RCCD
[16:50:31] [90/324] STTZ
[16:50:32] [91/324] BTCF
[16:50:33] [92/324] TSTZ
[16:50:34] [93/324] IPMM
[16:50:34] [94/324] PMPW
[16:50:35] [95/324] PCMZ
[16:50:36] [96/324] ESEM
[16:50:38] [97/324] PIPO
[16:50:39] [98/324] MATK
[16:50:39] [99/324] PGHM
[16:50:40] [100/324] CTSR
[16:50:41] [101/324] CYKR
[16:50:41] [102/324] MSCM
[16:50:42] [103/324] RFNP
[16:50:43] [104/324] PDCP
[16:50:44] [105/324] NPSE
[16:50:45] [106/324] MKML
[16:50:46] [107/324] FTDP
[16:50:46] [108/324] MMXA
[16:50:48] [109/324] CEPO
[16:50:49] [110/324] CMVP
[16:50:50] [111/324] SGTH
[16:50:51] [112/324] SAYN
[16:50:51] [113/324] URVS
[16:50:52] [114/324] VJTN
[16:50:53] [115/324] BBYK
[16:50:54] [116/324] SHBO
[16:50:54] [117/324] VCMR
[16:50:55] [118/324] MACT
[16:50:56] [119/324] JMNP
[16:50:57] [120/324] VICS
[16:50:58] [121/324] VCDA
[16:50:59] [122/324] GCMM
[16:51:00] [123/324] INVS
[16:51:01] [124/324] SCGM
[16:51:02] [125/324] PCDA
[16:51:03] [126/324] KDCT
[16:51:04] [127/324] JACS
[16:51:05] [128/324] GMMC
[16:51:05] [129/324] AICM
[16:51:06] [130/324] TJCM
[16:51:07] [131/324] RMTI
[16:51:08] [132/324] SHAC
[16:51:09] [133/324] APJC
[16:51:10] [134/324] GCTG
[16:51:11] [135/324] SSMC
[16:51:12] [136/324] THRM
[16:51:12] [137/324] RBCT
[16:51:13] [138/324] DIKT
[16:51:15] [139/324] MIDL
[16:51:16] [140/324] VCSN
[16:51:17] [141/324] SKTG
[16:51:17] [142/324] SMWC
[16:51:18] [143/324] MNKH
[16:51:19] [144/324] PIAT
[16:51:20] [145/324] LTTP
[16:51:21] [146/324] PTPU
[16:51:22] [147/324] ACMG
[16:51:23] [148/324] SHMM
[16:51:24] [149/324] MCMN
[16:51:25] [150/324] GLDC
[16:51:26] [151/324] HOUT
[16:51:27] [152/324] SVRP
[16:51:27] [153/324] PVDN
[16:51:28] [154/324] SCPY
[16:51:29] [155/324] DTPY
[16:51:30] [156/324] GKCS
[16:51:31] [157/324] NCAM
[16:51:31] [158/324] BSRM
[16:51:33] [159/324] RCLC
[16:51:33] [160/324] SKKD
[16:51:34] [161/324] ACHU
[16:51:36] [162/324] RSCF
[16:51:37] [163/324] IMSH
[16:51:38] [164/324] MACX
[16:51:39] [165/324] HMMW
[16:51:40] [166/324] JTCP
[16:51:41] [167/324] SREN
[16:51:42] [168/324] PJRR
[16:51:44] [169/324] INAC
[16:51:44] [170/324] BMCA
[16:51:45] [171/324] SHCB
[16:51:46] [172/324] GABA
[16:51:47] [173/324] SBCT
[16:51:48] [174/324] GCMA
[16:51:48] [175/324] MYTK
[16:51:49] [176/324] INZS
[16:51:50] [177/324] RMIK
[16:51:51] [178/324] NYCH
[16:51:52] [179/324] RAVE
[16:51:53] [180/324] PSXM
[16:51:54] [181/324] MCGP
[16:51:54] [182/324] PDDK
[16:51:55] [183/324] SPCK
[16:51:56] [184/324] MCRL
[16:51:57] [185/324] MHKT
[16:51:58] [186/324] ANRR
[16:51:58] [187/324] SAPK
[16:51:59] [188/324] NCUK
[16:52:01] [189/324] JUGA
[16:52:02] [190/324] DBSC
[16:52:03] [191/324] LALK
[16:52:04] [192/324] GUCK
[16:52:04] [193/324] STSG
[16:52:05] [194/324] PPPZ
[16:52:06] [195/324] CNCY
[16:52:07] [196/324] MTAR
[16:52:07] [197/324] VNKD
[16:52:08] [198/324] KMAJ
[16:52:09] [199/324] ACXK
[16:52:10] [200/324] UTKC
[16:52:10] [201/324] PBLK
[16:52:11] [202/324] ACBX
[16:52:12] [203/324] PTGM
[16:52:13] [204/324] BTDA
[16:52:13] [205/324] PJMB
[16:52:14] [206/324] TPDA
[16:52:15] [207/324] AMOE
[16:52:16] [208/324] PRHT
[16:52:16] [209/324] PRTA
[16:52:17] [210/324] STAM
[16:52:18] [211/324] MSAA
[16:52:19] [212/324] SDLU
[16:52:20] [213/324] RCHH
[16:52:21] [214/324] KANT
[16:52:22] [215/324] FCRT
[16:52:23] [216/324] DNKM
[16:52:23] [217/324] RYCP
[16:52:24] [218/324] MYRP
[16:52:25] [219/324] PPAK
[16:52:27] [220/324] NVPK
[16:52:28] [221/324] PRMC
[16:52:28] [222/324] JBCS
[16:52:29] [223/324] GXCK
[16:52:30] [224/324] USKO
[16:52:31] [225/324] GTEM
[16:52:32] [226/324] SMBU
[16:52:34] [227/324] VETC
[16:52:35] [228/324] LCDA
[16:52:36] [229/324] MTVT
[16:52:37] [230/324] PYCP
[16:52:39] [231/324] PNSC
[16:52:39] [232/324] PPCC
[16:52:40] [233/324] TGRT
[16:52:41] [234/324] JYOT
[16:52:42] [235/324] SRCZ
[16:52:42] [236/324] SJTE
[16:52:43] [237/324] DESC
[16:52:44] [238/324] JHVN
[16:52:45] [239/324] IPSG
[16:52:45] [240/324] IPCM
[16:52:47] [241/324] PDRS
[16:52:48] [242/324] ANCV
[16:52:49] [243/324] CMVV
[16:52:49] [244/324] SHYP
[16:52:50] [245/324] DNCS
[16:52:51] [246/324] GAJK
[16:52:52] [247/324] AKTN
[16:52:52] [248/324] KAYA
[16:52:53] [249/324] SBRC
[16:52:54] [250/324] CHTP
[16:52:55] [251/324] SHRT
[16:52:56] [252/324] BCKU
[16:52:57] [253/324] FCPS
[16:52:58] [254/324] ARDD
[16:52:58] [255/324] CPCM
[16:52:59] [256/324] CGSM
[16:53:00] [257/324] PSMP
[16:53:01] [258/324] SDAL
[16:53:02] [259/324] RTNB
[16:53:03] [260/324] LMCR
[16:53:04] [261/324] CIMA
[16:53:05] [262/324] RNAS
[16:53:06] [263/324] LITH
[16:53:07] [264/324] PBOX
[16:53:07] [265/324] FRTS
[16:53:09] [266/324] RKIC
[16:53:10] [267/324] PTAI
[16:53:10] [268/324] GCIC
[16:53:11] [269/324] FNAS
[16:53:12] [270/324] SCAR
[16:53:13] [271/324] MTCA
[16:53:13] [272/324] SCTS
[16:53:14] [273/324] SYCS
[16:53:15] [274/324] RDMS
[16:53:16] [275/324] KAMP
[16:53:17] [276/324] ERSD
[16:53:18] [277/324] MJMJ
[16:53:18] [278/324] SRCJ
[16:53:19] [279/324] SCXE
[16:53:20] [280/324] SVFR
[16:53:21] [281/324] BHCS
[16:53:21] [282/324] IMCC
[16:53:22] [283/324] PCBO
[16:53:23] [284/324] PRVN
[16:53:24] [285/324] AUPM
[16:53:24] [286/324] INBW
[16:53:25] [287/324] SVCW
[16:53:26] [288/324] RKCF
[16:53:27] [289/324] UVBH
[16:53:28] [290/324] DNCY
[16:53:28] [291/324] ABCN
[16:53:29] [292/324] PRUR
[16:53:30] [293/324] PFMR
[16:53:31] [294/324] RKCN
[16:53:32] [295/324] CFEA
[16:53:33] [296/324] SDBG
[16:53:34] [297/324] SNAR
[16:53:35] [298/324] YISI
[16:53:35] [299/324] JCFF
[16:53:37] [300/324] VTRK
[16:53:38] [301/324] PCLZ
[16:53:39] [302/324] DIMY
[16:53:40] [303/324] BBTS
[16:53:42] [304/324] GATH
[16:53:42] [305/324] GTMN
[16:53:44] [306/324] VTMH
[16:53:45] [307/324] CCKP
[16:53:46] [308/324] GPKA
[16:53:46] [309/324] MHCL
[16:53:48] [310/324] ATCL
[16:53:48] [311/324] SBCK
[16:53:49] [312/324] AMMR
[16:53:50] [313/324] MADC
[16:53:51] [314/324] TMMA
[16:53:52] [315/324] CACC
[16:53:53] [316/324] CHAL
[16:53:53] [317/324] DURG
[16:53:54] [318/324] GMKU
[16:53:55] [319/324] GECA
[16:53:56] [320/324] KYRR
[16:53:57] [321/324] KSDE
[16:53:58] [322/324] LMCI
[16:53:59] [323/324] NKCP
[16:53:59] [324/324] BGTC
[16:54:00] 🧹 Deduping shows
[16:54:00] ✅ DONE | Shows=276 | Movies=27
