[00:40:25] 🚀 BMS DAILY TRACKER STARTED
[00:40:25] [1/324] GCTA
[00:40:25] 🧠 New identity
[00:40:27] [2/324] TOPN
[00:40:27] [3/324] MCUS
[00:40:28] [4/324] SHRL
[00:40:29] [5/324] UPTP
[00:40:30] [6/324] TMMP
[00:40:31] [7/324] DNRP
[00:40:32] [8/324] SRLT
[00:40:32] [9/324] RCNS
[00:40:34] [10/324] DCBH
[00:40:35] [11/324] NAGJ
[00:40:36] [12/324] JVRC
[00:40:37] [13/324] KRJG
[00:40:37] [14/324] SRTJ
[00:40:38] [15/324] CMXM
[00:40:40] [16/324] STMI
[00:40:40] [17/324] SLST
[00:40:41] [18/324] DTCN
[00:40:42] [19/324] STYN
[00:40:43] [20/324] SZVR
[00:40:44] [21/324] SRKO
[00:40:45] [22/324] JTGT
[00:40:46] [23/324] SVFD
[00:40:47] [24/324] SISD
[00:40:48] [25/324] ABDD
[00:40:49] [26/324] DRCA
[00:40:50] [27/324] AVCS
[00:40:51] [28/324] MVKH
[00:40:52] [29/324] ACPR
[00:40:53] [30/324] STIP
[00:40:55] [31/324] MTRA
[00:40:56] [32/324] RMKH
[00:40:57] [33/324] NKRL
[00:40:58] [34/324] PCWN
[00:40:59] [35/324] BLMT
[00:41:00] [36/324] GDPG
[00:41:02] [37/324] SRMX
[00:41:02] [38/324] JACP
[00:41:03] [39/324] CPSH
[00:41:05] [40/324] MCCD
[00:41:06] [41/324] ECGH
[00:41:07] [42/324] MKCK
[00:41:08] [43/324] SRMM
[00:41:09] [44/324] SKYR
[00:41:11] [45/324] PCKC
[00:41:12] [46/324] JCMA
[00:41:12] [47/324] BSMP
[00:41:13] [48/324] VSPA
[00:41:14] [49/324] DJYA
[00:41:15] [50/324] DIMP
[00:41:15] [51/324] FXDR
[00:41:16] [52/324] SSRC
[00:41:17] [53/324] STHP
[00:41:19] [54/324] CPPD
[00:41:20] [55/324] FCLK
[00:41:21] [56/324] SCPP
[00:41:22] [57/324] DCMJ
[00:41:23] [58/324] RCCR
[00:41:23] [59/324] INMT
[00:41:24] [60/324] LXTK
[00:41:25] [61/324] SRYK
[00:41:26] [62/324] SGDK
[00:41:27] [63/324] PPKA
[00:41:28] [64/324] SPKA
[00:41:29] [65/324] CGHH
[00:41:29] [66/324] DCJN
[00:41:30] [67/324] SRKV
[00:41:31] [68/324] SAJC
[00:41:32] [69/324] SUSR
[00:41:33] [70/324] STYG
[00:41:34] [71/324] NTKP
[00:41:35] [72/324] AKTG
[00:41:35] [73/324] CGCM
[00:41:36] [74/324] TULC
[00:41:37] [75/324] NYYZ
[00:41:38] [76/324] NYBW
[00:41:39] [77/324] MACB
[00:41:39] [78/324] SLVT
[00:41:40] [79/324] SANA
[00:41:41] [80/324] ACMR
[00:41:42] [81/324] CPKN
[00:41:43] [82/324] DLGK
[00:41:44] [83/324] CWCK
[00:41:45] [84/324] FDDH
[00:41:46] [85/324] MMMD
[00:41:46] [86/324] CMEH
[00:41:47] [87/324] GGGV
[00:41:49] [88/324] SPJL
[00:41:51] [89/324] RCCD
[00:41:51] [90/324] STTZ
[00:41:52] [91/324] BTCF
[00:41:54] [92/324] TSTZ
[00:41:55] [93/324] IPMM
[00:41:55] [94/324] PMPW
[00:41:57] [95/324] PCMZ
[00:41:58] [96/324] ESEM
[00:41:59] [97/324] PIPO
[00:42:00] [98/324] MATK
[00:42:01] [99/324] PGHM
[00:42:01] [100/324] CTSR
[00:42:02] [101/324] CYKR
[00:42:03] [102/324] MSCM
[00:42:04] [103/324] RFNP
[00:42:06] [104/324] PDCP
[00:42:07] [105/324] NPSE
[00:42:08] [106/324] MKML
[00:42:09] [107/324] FTDP
[00:42:09] [108/324] MMXA
[00:42:10] [109/324] CEPO
[00:42:11] [110/324] CMVP
[00:42:12] [111/324] SGTH
[00:42:13] [112/324] SAYN
[00:42:14] [113/324] URVS
[00:42:15] [114/324] VJTN
[00:42:15] [115/324] BBYK
[00:42:17] [116/324] SHBO
[00:42:18] [117/324] VCMR
[00:42:19] [118/324] MACT
[00:42:20] [119/324] JMNP
[00:42:21] [120/324] VICS
[00:42:22] [121/324] VCDA
[00:42:23] [122/324] GCMM
[00:42:24] [123/324] INVS
[00:42:25] [124/324] SCGM
[00:42:26] [125/324] PCDA
[00:42:27] [126/324] KDCT
[00:42:27] [127/324] JACS
[00:42:28] [128/324] GMMC
[00:42:29] [129/324] AICM
[00:42:30] [130/324] TJCM
[00:42:31] [131/324] RMTI
[00:42:32] [132/324] SHAC
[00:42:33] [133/324] APJC
[00:42:33] [134/324] GCTG
[00:42:34] [135/324] SSMC
[00:42:36] [136/324] THRM
[00:42:37] [137/324] RBCT
[00:42:38] [138/324] DIKT
[00:42:39] [139/324] MIDL
[00:42:40] [140/324] VCSN
[00:42:40] [141/324] SKTG
[00:42:41] [142/324] SMWC
[00:42:42] [143/324] MNKH
[00:42:43] [144/324] PIAT
[00:42:44] [145/324] LTTP
[00:42:44] [146/324] PTPU
[00:42:46] [147/324] ACMG
[00:42:47] [148/324] SHMM
[00:42:48] [149/324] MCMN
[00:42:49] [150/324] GLDC
[00:42:49] [151/324] HOUT
[00:42:51] [152/324] SVRP
[00:42:52] [153/324] PVDN
[00:42:54] [154/324] SCPY
[00:42:54] [155/324] DTPY
[00:42:55] [156/324] GKCS
[00:42:56] [157/324] NCAM
[00:42:57] [158/324] BSRM
[00:42:58] [159/324] RCLC
[00:42:59] [160/324] SKKD
[00:43:00] [161/324] ACHU
[00:43:01] [162/324] RSCF
[00:43:01] [163/324] IMSH
[00:43:02] [164/324] MACX
[00:43:03] [165/324] HMMW
[00:43:04] [166/324] JTCP
[00:43:04] [167/324] SREN
[00:43:05] [168/324] PJRR
[00:43:07] [169/324] INAC
[00:43:08] [170/324] BMCA
[00:43:09] [171/324] SHCB
[00:43:10] [172/324] GABA
[00:43:10] [173/324] SBCT
[00:43:11] [174/324] GCMA
[00:43:12] [175/324] MYTK
[00:43:13] [176/324] INZS
[00:43:14] [177/324] RMIK
[00:43:15] [178/324] NYCH
[00:43:15] [179/324] RAVE
[00:43:17] [180/324] PSXM
[00:43:18] [181/324] MCGP
[00:43:19] [182/324] PDDK
[00:43:19] [183/324] SPCK
[00:43:20] [184/324] MCRL
[00:43:22] [185/324] MHKT
[00:43:23] [186/324] ANRR
[00:43:24] [187/324] SAPK
[00:43:25] [188/324] NCUK
[00:43:27] [189/324] JUGA
[00:43:29] [190/324] DBSC
[00:43:29] [191/324] LALK
[00:43:30] [192/324] GUCK
[00:43:31] [193/324] STSG
[00:43:32] [194/324] PPPZ
[00:43:33] [195/324] CNCY
[00:43:34] [196/324] MTAR
[00:43:35] [197/324] VNKD
[00:43:36] [198/324] KMAJ
[00:43:37] [199/324] ACXK
[00:43:38] [200/324] UTKC
[00:43:39] [201/324] PBLK
[00:43:40] [202/324] ACBX
[00:43:41] [203/324] PTGM
[00:43:42] [204/324] BTDA
[00:43:42] [205/324] PJMB
[00:43:43] [206/324] TPDA
[00:43:44] [207/324] AMOE
[00:43:45] [208/324] PRHT
[00:43:45] [209/324] PRTA
[00:43:47] [210/324] STAM
[00:43:48] [211/324] MSAA
[00:43:48] [212/324] SDLU
[00:43:49] [213/324] RCHH
[00:43:50] [214/324] KANT
[00:43:51] [215/324] FCRT
[00:43:52] [216/324] DNKM
[00:43:53] [217/324] RYCP
[00:43:54] [218/324] MYRP
[00:43:54] [219/324] PPAK
[00:43:55] [220/324] NVPK
[00:43:57] [221/324] PRMC
[00:43:58] [222/324] JBCS
[00:43:59] [223/324] GXCK
[00:44:00] [224/324] USKO
[00:44:02] [225/324] GTEM
[00:44:03] [226/324] SMBU
[00:44:04] [227/324] VETC
[00:44:04] [228/324] LCDA
[00:44:05] [229/324] MTVT
[00:44:06] [230/324] PYCP
[00:44:07] [231/324] PNSC
[00:44:08] [232/324] PPCC
[00:44:08] [233/324] TGRT
[00:44:10] [234/324] JYOT
[00:44:11] [235/324] SRCZ
[00:44:12] [236/324] SJTE
[00:44:13] [237/324] DESC
[00:44:13] [238/324] JHVN
[00:44:14] [239/324] IPSG
[00:44:15] [240/324] IPCM
[00:44:16] [241/324] PDRS
[00:44:17] [242/324] ANCV
[00:44:17] [243/324] CMVV
[00:44:18] [244/324] SHYP
[00:44:19] [245/324] DNCS
[00:44:20] [246/324] GAJK
[00:44:21] [247/324] AKTN
[00:44:23] [248/324] KAYA
[00:44:25] [249/324] SBRC
[00:44:25] [250/324] CHTP
[00:44:26] [251/324] SHRT
[00:44:27] [252/324] BCKU
[00:44:28] [253/324] FCPS
[00:44:29] [254/324] ARDD
[00:44:30] [255/324] CPCM
[00:44:30] [256/324] CGSM
[00:44:31] [257/324] PSMP
[00:44:32] [258/324] SDAL
[00:44:33] [259/324] RTNB
[00:44:34] [260/324] LMCR
[00:44:35] [261/324] CIMA
[00:44:36] [262/324] RNAS
[00:44:37] [263/324] LITH
[00:44:38] [264/324] PBOX
[00:44:39] [265/324] FRTS
[00:44:41] [266/324] RKIC
[00:44:41] [267/324] PTAI
[00:44:42] [268/324] GCIC
[00:44:43] [269/324] FNAS
[00:44:44] [270/324] SCAR
[00:44:45] [271/324] MTCA
[00:44:46] [272/324] SCTS
[00:44:46] [273/324] SYCS
[00:44:47] [274/324] RDMS
[00:44:48] [275/324] KAMP
[00:44:49] [276/324] ERSD
[00:44:50] [277/324] MJMJ
[00:44:51] [278/324] SRCJ
[00:44:52] [279/324] SCXE
[00:44:53] [280/324] SVFR
[00:44:54] [281/324] BHCS
[00:44:55] [282/324] IMCC
[00:44:56] [283/324] PCBO
[00:44:57] [284/324] PRVN
[00:44:58] [285/324] AUPM
[00:44:58] [286/324] INBW
[00:44:59] [287/324] SVCW
[00:45:01] [288/324] RKCF
[00:45:02] [289/324] UVBH
[00:45:03] [290/324] DNCY
[00:45:03] [291/324] ABCN
[00:45:04] [292/324] PRUR
[00:45:05] [293/324] PFMR
[00:45:06] [294/324] RKCN
[00:45:07] [295/324] CFEA
[00:45:08] [296/324] SDBG
[00:45:09] [297/324] SNAR
[00:45:10] [298/324] YISI
[00:45:11] [299/324] JCFF
[00:45:12] [300/324] VTRK
[00:45:13] [301/324] PCLZ
[00:45:14] [302/324] DIMY
[00:45:14] [303/324] BBTS
[00:45:15] [304/324] GATH
[00:45:16] [305/324] GTMN
[00:45:17] [306/324] VTMH
[00:45:18] [307/324] CCKP
[00:45:18] [308/324] GPKA
[00:45:19] [309/324] MHCL
[00:45:20] [310/324] ATCL
[00:45:21] [311/324] SBCK
[00:45:22] [312/324] AMMR
[00:45:23] [313/324] MADC
[00:45:24] [314/324] TMMA
[00:45:24] [315/324] CACC
[00:45:25] [316/324] CHAL
[00:45:26] [317/324] DURG
[00:45:27] [318/324] GMKU
[00:45:29] [319/324] GECA
[00:45:29] [320/324] KYRR
[00:45:30] [321/324] KSDE
[00:45:31] [322/324] LMCI
[00:45:32] [323/324] NKCP
[00:45:33] [324/324] BGTC
[00:45:35] ✅ DONE | Shows=2 | Movies=2
[01:44:31] 🚀 BMS DAILY TRACKER STARTED
[01:44:31] [1/324] GCTA
[01:44:31] 🧠 New identity
[01:44:32] [2/324] TOPN
[01:44:33] [3/324] MCUS
[01:44:34] [4/324] SHRL
[01:44:35] [5/324] UPTP
[01:44:37] [6/324] TMMP
[01:44:38] [7/324] DNRP
[01:44:39] [8/324] SRLT
[01:44:40] [9/324] RCNS
[01:44:41] [10/324] DCBH
[01:44:41] [11/324] NAGJ
[01:44:42] [12/324] JVRC
[01:44:43] [13/324] KRJG
[01:44:44] [14/324] SRTJ
[01:44:45] [15/324] CMXM
[01:44:46] [16/324] STMI
[01:44:47] [17/324] SLST
[01:44:48] [18/324] DTCN
[01:44:48] [19/324] STYN
[01:44:49] [20/324] SZVR
[01:44:50] [21/324] SRKO
[01:44:51] [22/324] JTGT
[01:44:52] [23/324] SVFD
[01:44:53] [24/324] SISD
[01:44:54] [25/324] ABDD
[01:44:55] [26/324] DRCA
[01:44:56] [27/324] AVCS
[01:44:57] [28/324] MVKH
[01:44:57] [29/324] ACPR
[01:44:58] [30/324] STIP
[01:44:59] [31/324] MTRA
[01:45:00] [32/324] RMKH
[01:45:01] [33/324] NKRL
[01:45:02] [34/324] PCWN
[01:45:03] [35/324] BLMT
[01:45:04] [36/324] GDPG
[01:45:05] [37/324] SRMX
[01:45:05] [38/324] JACP
[01:45:06] [39/324] CPSH
[01:45:08] [40/324] MCCD
[01:45:08] [41/324] ECGH
[01:45:09] [42/324] MKCK
[01:45:10] [43/324] SRMM
[01:45:11] [44/324] SKYR
[01:45:13] [45/324] PCKC
[01:45:14] [46/324] JCMA
[01:45:15] [47/324] BSMP
[01:45:16] [48/324] VSPA
[01:45:17] [49/324] DJYA
[01:45:18] [50/324] DIMP
[01:45:19] [51/324] FXDR
[01:45:20] [52/324] SSRC
[01:45:21] [53/324] STHP
[01:45:22] [54/324] CPPD
[01:45:22] [55/324] FCLK
[01:45:23] [56/324] SCPP
[01:45:24] [57/324] DCMJ
[01:45:25] [58/324] RCCR
[01:45:26] [59/324] INMT
[01:45:27] [60/324] LXTK
[01:45:28] [61/324] SRYK
[01:45:29] [62/324] SGDK
[01:45:30] [63/324] PPKA
[01:45:31] [64/324] SPKA
[01:45:32] [65/324] CGHH
[01:45:33] [66/324] DCJN
[01:45:33] [67/324] SRKV
[01:45:34] [68/324] SAJC
[01:45:35] [69/324] SUSR
[01:45:36] [70/324] STYG
[01:45:37] [71/324] NTKP
[01:45:38] [72/324] AKTG
[01:45:38] [73/324] CGCM
[01:45:39] [74/324] TULC
[01:45:40] [75/324] NYYZ
[01:45:41] [76/324] NYBW
[01:45:42] [77/324] MACB
[01:45:43] [78/324] SLVT
[01:45:44] [79/324] SANA
[01:45:45] [80/324] ACMR
[01:45:46] [81/324] CPKN
[01:45:46] [82/324] DLGK
[01:45:47] [83/324] CWCK
[01:45:49] [84/324] FDDH
[01:45:50] [85/324] MMMD
[01:45:51] [86/324] CMEH
[01:45:52] [87/324] GGGV
[01:45:53] [88/324] SPJL
[01:45:53] [89/324] RCCD
[01:45:55] [90/324] STTZ
[01:45:55] [91/324] BTCF
[01:45:57] [92/324] TSTZ
[01:45:58] [93/324] IPMM
[01:45:59] [94/324] PMPW
[01:46:00] [95/324] PCMZ
[01:46:01] [96/324] ESEM
[01:46:02] [97/324] PIPO
[01:46:03] [98/324] MATK
[01:46:03] [99/324] PGHM
[01:46:04] [100/324] CTSR
[01:46:05] [101/324] CYKR
[01:46:06] [102/324] MSCM
[01:46:07] [103/324] RFNP
[01:46:08] [104/324] PDCP
[01:46:08] [105/324] NPSE
[01:46:10] [106/324] MKML
[01:46:11] [107/324] FTDP
[01:46:11] [108/324] MMXA
[01:46:12] [109/324] CEPO
[01:46:13] [110/324] CMVP
[01:46:14] [111/324] SGTH
[01:46:15] [112/324] SAYN
[01:46:16] [113/324] URVS
[01:46:17] [114/324] VJTN
[01:46:18] [115/324] BBYK
[01:46:19] [116/324] SHBO
[01:46:20] [117/324] VCMR
[01:46:21] [118/324] MACT
[01:46:22] [119/324] JMNP
[01:46:23] [120/324] VICS
[01:46:23] [121/324] VCDA
[01:46:24] [122/324] GCMM
[01:46:25] [123/324] INVS
[01:46:26] [124/324] SCGM
[01:46:27] [125/324] PCDA
[01:46:28] [126/324] KDCT
[01:46:29] [127/324] JACS
[01:46:29] [128/324] GMMC
[01:46:30] [129/324] AICM
[01:46:32] [130/324] TJCM
[01:46:33] [131/324] RMTI
[01:46:33] [132/324] SHAC
[01:46:34] [133/324] APJC
[01:46:35] [134/324] GCTG
[01:46:36] [135/324] SSMC
[01:46:37] [136/324] THRM
[01:46:38] [137/324] RBCT
[01:46:38] [138/324] DIKT
[01:46:40] [139/324] MIDL
[01:46:41] [140/324] VCSN
[01:46:42] [141/324] SKTG
[01:46:43] [142/324] SMWC
[01:46:44] [143/324] MNKH
[01:46:44] [144/324] PIAT
[01:46:45] [145/324] LTTP
[01:46:46] [146/324] PTPU
[01:46:47] [147/324] ACMG
[01:46:47] [148/324] SHMM
[01:46:48] [149/324] MCMN
[01:46:49] [150/324] GLDC
[01:46:50] [151/324] HOUT
[01:46:51] [152/324] SVRP
[01:46:51] [153/324] PVDN
[01:46:53] [154/324] SCPY
[01:46:54] [155/324] DTPY
[01:46:55] [156/324] GKCS
[01:46:56] [157/324] NCAM
[01:46:57] [158/324] BSRM
[01:46:57] [159/324] RCLC
[01:46:58] [160/324] SKKD
[01:46:59] [161/324] ACHU
[01:47:00] [162/324] RSCF
[01:47:01] [163/324] IMSH
[01:47:02] [164/324] MACX
[01:47:03] [165/324] HMMW
[01:47:04] [166/324] JTCP
[01:47:05] [167/324] SREN
[01:47:06] [168/324] PJRR
[01:47:06] [169/324] INAC
[01:47:07] [170/324] BMCA
[01:47:09] [171/324] SHCB
[01:47:10] [172/324] GABA
[01:47:11] [173/324] SBCT
[01:47:11] [174/324] GCMA
[01:47:12] [175/324] MYTK
[01:47:13] [176/324] INZS
[01:47:14] [177/324] RMIK
[01:47:15] [178/324] NYCH
[01:47:16] [179/324] RAVE
[01:47:17] [180/324] PSXM
[01:47:17] [181/324] MCGP
[01:47:18] [182/324] PDDK
[01:47:19] [183/324] SPCK
[01:47:20] [184/324] MCRL
[01:47:21] [185/324] MHKT
[01:47:22] [186/324] ANRR
[01:47:23] [187/324] SAPK
[01:47:24] [188/324] NCUK
[01:47:25] [189/324] JUGA
[01:47:26] [190/324] DBSC
[01:47:27] [191/324] LALK
[01:47:28] [192/324] GUCK
[01:47:29] [193/324] STSG
[01:47:30] [194/324] PPPZ
[01:47:31] [195/324] CNCY
[01:47:31] [196/324] MTAR
[01:47:32] [197/324] VNKD
[01:47:33] [198/324] KMAJ
[01:47:34] [199/324] ACXK
[01:47:35] [200/324] UTKC
[01:47:36] [201/324] PBLK
[01:47:37] [202/324] ACBX
[01:47:38] [203/324] PTGM
[01:47:38] [204/324] BTDA
[01:47:39] [205/324] PJMB
[01:47:40] [206/324] TPDA
[01:47:41] [207/324] AMOE
[01:47:42] [208/324] PRHT
[01:47:43] [209/324] PRTA
[01:47:44] [210/324] STAM
[01:47:45] [211/324] MSAA
[01:47:46] [212/324] SDLU
[01:47:47] [213/324] RCHH
[01:47:47] [214/324] KANT
[01:47:48] [215/324] FCRT
[01:47:49] [216/324] DNKM
[01:47:50] [217/324] RYCP
[01:47:51] [218/324] MYRP
[01:47:52] [219/324] PPAK
[01:47:53] [220/324] NVPK
[01:47:54] [221/324] PRMC
[01:47:54] [222/324] JBCS
[01:47:55] [223/324] GXCK
[01:47:57] [224/324] USKO
[01:47:57] [225/324] GTEM
[01:47:58] [226/324] SMBU
[01:47:59] [227/324] VETC
[01:48:00] [228/324] LCDA
[01:48:01] [229/324] MTVT
[01:48:02] [230/324] PYCP
[01:48:02] [231/324] PNSC
[01:48:03] [232/324] PPCC
[01:48:04] [233/324] TGRT
[01:48:05] [234/324] JYOT
[01:48:06] [235/324] SRCZ
[01:48:07] [236/324] SJTE
[01:48:08] [237/324] DESC
[01:48:09] [238/324] JHVN
[01:48:09] [239/324] IPSG
[01:48:10] [240/324] IPCM
[01:48:11] [241/324] PDRS
[01:48:12] [242/324] ANCV
[01:48:13] [243/324] CMVV
[01:48:13] [244/324] SHYP
[01:48:14] [245/324] DNCS
[01:48:15] [246/324] GAJK
[01:48:16] [247/324] AKTN
[01:48:17] [248/324] KAYA
[01:48:18] [249/324] SBRC
[01:48:19] [250/324] CHTP
[01:48:20] [251/324] SHRT
[01:48:20] [252/324] BCKU
[01:48:21] [253/324] FCPS
[01:48:22] [254/324] ARDD
[01:48:23] [255/324] CPCM
[01:48:25] [256/324] CGSM
[01:48:26] [257/324] PSMP
[01:48:26] [258/324] SDAL
[01:48:27] [259/324] RTNB
[01:48:28] [260/324] LMCR
[01:48:29] [261/324] CIMA
[01:48:30] [262/324] RNAS
[01:48:31] [263/324] LITH
[01:48:32] [264/324] PBOX
[01:48:33] [265/324] FRTS
[01:48:33] [266/324] RKIC
[01:48:34] [267/324] PTAI
[01:48:35] [268/324] GCIC
[01:48:36] [269/324] FNAS
[01:48:37] [270/324] SCAR
[01:48:38] [271/324] MTCA
[01:48:39] [272/324] SCTS
[01:48:40] [273/324] SYCS
[01:48:41] [274/324] RDMS
[01:48:41] [275/324] KAMP
[01:48:42] [276/324] ERSD
[01:48:44] [277/324] MJMJ
[01:48:45] [278/324] SRCJ
[01:48:46] [279/324] SCXE
[01:48:46] [280/324] SVFR
[01:48:47] [281/324] BHCS
[01:48:48] [282/324] IMCC
[01:48:49] [283/324] PCBO
[01:48:50] [284/324] PRVN
[01:48:52] [285/324] AUPM
[01:48:52] [286/324] INBW
[01:48:53] [287/324] SVCW
[01:48:54] [288/324] RKCF
[01:48:55] [289/324] UVBH
[01:48:56] [290/324] DNCY
[01:48:57] [291/324] ABCN
[01:48:58] [292/324] PRUR
[01:48:58] [293/324] PFMR
[01:48:59] [294/324] RKCN
[01:49:00] [295/324] CFEA
[01:49:01] [296/324] SDBG
[01:49:02] [297/324] SNAR
[01:49:02] [298/324] YISI
[01:49:03] [299/324] JCFF
[01:49:05] [300/324] VTRK
[01:49:05] [301/324] PCLZ
[01:49:06] [302/324] DIMY
[01:49:07] [303/324] BBTS
[01:49:08] [304/324] GATH
[01:49:09] [305/324] GTMN
[01:49:10] [306/324] VTMH
[01:49:10] [307/324] CCKP
[01:49:11] [308/324] GPKA
[01:49:13] [309/324] MHCL
[01:49:14] [310/324] ATCL
[01:49:14] [311/324] SBCK
[01:49:15] [312/324] AMMR
[01:49:16] [313/324] MADC
[01:49:17] [314/324] TMMA
[01:49:18] [315/324] CACC
[01:49:19] [316/324] CHAL
[01:49:20] [317/324] DURG
[01:49:20] [318/324] GMKU
[01:49:21] [319/324] GECA
[01:49:22] [320/324] KYRR
[01:49:23] [321/324] KSDE
[01:49:24] [322/324] LMCI
[01:49:25] [323/324] NKCP
[01:49:26] [324/324] BGTC
[01:49:26] ✅ DONE | Shows=2 | Movies=2
[02:42:08] 🚀 BMS DAILY TRACKER STARTED
[02:42:08] [1/324] GCTA
[02:42:08] 🧠 New identity
[02:42:09] [2/324] TOPN
[02:42:10] [3/324] MCUS
[02:42:11] [4/324] SHRL
[02:42:12] [5/324] UPTP
[02:42:13] [6/324] TMMP
[02:42:14] [7/324] DNRP
[02:42:15] [8/324] SRLT
[02:42:16] [9/324] RCNS
[02:42:17] [10/324] DCBH
[02:42:18] [11/324] NAGJ
[02:42:19] [12/324] JVRC
[02:42:21] [13/324] KRJG
[02:42:21] [14/324] SRTJ
[02:42:22] [15/324] CMXM
[02:42:24] [16/324] STMI
[02:42:25] [17/324] SLST
[02:42:27] [18/324] DTCN
[02:42:28] [19/324] STYN
[02:42:28] [20/324] SZVR
[02:42:29] [21/324] SRKO
[02:42:30] [22/324] JTGT
[02:42:31] [23/324] SVFD
[02:42:32] [24/324] SISD
[02:42:32] [25/324] ABDD
[02:42:33] [26/324] DRCA
[02:42:34] [27/324] AVCS
[02:42:36] [28/324] MVKH
[02:42:38] [29/324] ACPR
[02:42:39] [30/324] STIP
[02:42:40] [31/324] MTRA
[02:42:40] [32/324] RMKH
[02:42:41] [33/324] NKRL
[02:42:42] [34/324] PCWN
[02:42:43] [35/324] BLMT
[02:42:44] [36/324] GDPG
[02:42:45] [37/324] SRMX
[02:42:46] [38/324] JACP
[02:42:47] [39/324] CPSH
[02:42:49] [40/324] MCCD
[02:42:49] [41/324] ECGH
[02:42:50] [42/324] MKCK
[02:42:51] [43/324] SRMM
[02:42:52] [44/324] SKYR
[02:42:54] [45/324] PCKC
[02:42:55] [46/324] JCMA
[02:42:55] [47/324] BSMP
[02:42:56] [48/324] VSPA
[02:42:57] [49/324] DJYA
[02:42:58] [50/324] DIMP
[02:42:59] [51/324] FXDR
[02:43:00] [52/324] SSRC
[02:43:01] [53/324] STHP
[02:43:02] [54/324] CPPD
[02:43:03] [55/324] FCLK
[02:43:04] [56/324] SCPP
[02:43:05] [57/324] DCMJ
[02:43:06] [58/324] RCCR
[02:43:07] [59/324] INMT
[02:43:08] [60/324] LXTK
[02:43:09] [61/324] SRYK
[02:43:10] [62/324] SGDK
[02:43:11] [63/324] PPKA
[02:43:12] [64/324] SPKA
[02:43:13] [65/324] CGHH
[02:43:14] [66/324] DCJN
[02:43:15] [67/324] SRKV
[02:43:16] [68/324] SAJC
[02:43:17] [69/324] SUSR
[02:43:18] [70/324] STYG
[02:43:20] [71/324] NTKP
[02:43:21] [72/324] AKTG
[02:43:22] [73/324] CGCM
[02:43:23] [74/324] TULC
[02:43:23] [75/324] NYYZ
[02:43:24] [76/324] NYBW
[02:43:25] [77/324] MACB
[02:43:26] [78/324] SLVT
[02:43:27] [79/324] SANA
[02:43:28] [80/324] ACMR
[02:43:29] [81/324] CPKN
[02:43:30] [82/324] DLGK
[02:43:31] [83/324] CWCK
[02:43:32] [84/324] FDDH
[02:43:32] [85/324] MMMD
[02:43:33] [86/324] CMEH
[02:43:34] [87/324] GGGV
[02:43:35] [88/324] SPJL
[02:43:36] [89/324] RCCD
[02:43:38] [90/324] STTZ
[02:43:38] [91/324] BTCF
[02:43:40] [92/324] TSTZ
[02:43:41] [93/324] IPMM
[02:43:42] [94/324] PMPW
[02:43:42] [95/324] PCMZ
[02:43:43] [96/324] ESEM
[02:43:44] [97/324] PIPO
[02:43:45] [98/324] MATK
[02:43:46] [99/324] PGHM
[02:43:47] [100/324] CTSR
[02:43:48] [101/324] CYKR
[02:43:49] [102/324] MSCM
[02:43:50] [103/324] RFNP
[02:43:51] [104/324] PDCP
[02:43:52] [105/324] NPSE
[02:43:53] [106/324] MKML
[02:43:53] [107/324] FTDP
[02:43:54] [108/324] MMXA
[02:43:56] [109/324] CEPO
[02:43:57] [110/324] CMVP
[02:43:57] [111/324] SGTH
[02:43:58] [112/324] SAYN
[02:43:59] [113/324] URVS
[02:44:00] [114/324] VJTN
[02:44:01] [115/324] BBYK
[02:44:02] [116/324] SHBO
[02:44:02] [117/324] VCMR
[02:44:04] [118/324] MACT
[02:44:05] [119/324] JMNP
[02:44:07] [120/324] VICS
[02:44:08] [121/324] VCDA
[02:44:09] [122/324] GCMM
[02:44:11] [123/324] INVS
[02:44:12] [124/324] SCGM
[02:44:12] [125/324] PCDA
[02:44:13] [126/324] KDCT
[02:44:14] [127/324] JACS
[02:44:15] [128/324] GMMC
[02:44:16] [129/324] AICM
[02:44:17] [130/324] TJCM
[02:44:18] [131/324] RMTI
[02:44:19] [132/324] SHAC
[02:44:19] [133/324] APJC
[02:44:20] [134/324] GCTG
[02:44:21] [135/324] SSMC
[02:44:22] [136/324] THRM
[02:44:22] [137/324] RBCT
[02:44:23] [138/324] DIKT
[02:44:24] [139/324] MIDL
[02:44:25] [140/324] VCSN
[02:44:26] [141/324] SKTG
[02:44:27] [142/324] SMWC
[02:44:28] [143/324] MNKH
[02:44:28] [144/324] PIAT
[02:44:29] [145/324] LTTP
[02:44:30] [146/324] PTPU
[02:44:31] [147/324] ACMG
[02:44:33] [148/324] SHMM
[02:44:34] [149/324] MCMN
[02:44:35] [150/324] GLDC
[02:44:36] [151/324] HOUT
[02:44:37] [152/324] SVRP
[02:44:38] [153/324] PVDN
[02:44:39] [154/324] SCPY
[02:44:41] [155/324] DTPY
[02:44:42] [156/324] GKCS
[02:44:43] [157/324] NCAM
[02:44:44] [158/324] BSRM
[02:44:45] [159/324] RCLC
[02:44:46] [160/324] SKKD
[02:44:47] [161/324] ACHU
[02:44:47] [162/324] RSCF
[02:44:48] [163/324] IMSH
[02:44:50] [164/324] MACX
[02:44:51] [165/324] HMMW
[02:44:51] [166/324] JTCP
[02:44:53] [167/324] SREN
[02:44:54] [168/324] PJRR
[02:44:55] [169/324] INAC
[02:44:56] [170/324] BMCA
[02:44:57] [171/324] SHCB
[02:44:58] [172/324] GABA
[02:44:59] [173/324] SBCT
[02:45:00] [174/324] GCMA
[02:45:01] [175/324] MYTK
[02:45:02] [176/324] INZS
[02:45:03] [177/324] RMIK
[02:45:05] [178/324] NYCH
[02:45:05] [179/324] RAVE
[02:45:06] [180/324] PSXM
[02:45:07] [181/324] MCGP
[02:45:08] [182/324] PDDK
[02:45:09] [183/324] SPCK
[02:45:10] [184/324] MCRL
[02:45:11] [185/324] MHKT
[02:45:11] [186/324] ANRR
[02:45:12] [187/324] SAPK
[02:45:14] [188/324] NCUK
[02:45:15] [189/324] JUGA
[02:45:16] [190/324] DBSC
[02:45:17] [191/324] LALK
[02:45:18] [192/324] GUCK
[02:45:19] [193/324] STSG
[02:45:21] [194/324] PPPZ
[02:45:22] [195/324] CNCY
[02:45:23] [196/324] MTAR
[02:45:24] [197/324] VNKD
[02:45:25] [198/324] KMAJ
[02:45:26] [199/324] ACXK
[02:45:27] [200/324] UTKC
[02:45:28] [201/324] PBLK
[02:45:29] [202/324] ACBX
[02:45:29] [203/324] PTGM
[02:45:30] [204/324] BTDA
[02:45:31] [205/324] PJMB
[02:45:32] [206/324] TPDA
[02:45:33] [207/324] AMOE
[02:45:34] [208/324] PRHT
[02:45:35] [209/324] PRTA
[02:45:36] [210/324] STAM
[02:45:37] [211/324] MSAA
[02:45:38] [212/324] SDLU
[02:45:39] [213/324] RCHH
[02:45:40] [214/324] KANT
[02:45:41] [215/324] FCRT
[02:45:42] [216/324] DNKM
[02:45:43] [217/324] RYCP
[02:45:44] [218/324] MYRP
[02:45:45] [219/324] PPAK
[02:45:46] [220/324] NVPK
[02:45:47] [221/324] PRMC
[02:45:48] [222/324] JBCS
[02:45:49] [223/324] GXCK
[02:45:50] [224/324] USKO
[02:45:51] [225/324] GTEM
[02:45:52] [226/324] SMBU
[02:45:53] [227/324] VETC
[02:45:54] [228/324] LCDA
[02:45:54] [229/324] MTVT
[02:45:55] [230/324] PYCP
[02:45:56] [231/324] PNSC
[02:45:57] [232/324] PPCC
[02:45:58] [233/324] TGRT
[02:45:59] [234/324] JYOT
[02:45:59] [235/324] SRCZ
[02:46:00] [236/324] SJTE
[02:46:01] [237/324] DESC
[02:46:02] [238/324] JHVN
[02:46:03] [239/324] IPSG
[02:46:04] [240/324] IPCM
[02:46:05] [241/324] PDRS
[02:46:06] [242/324] ANCV
[02:46:07] [243/324] CMVV
[02:46:08] [244/324] SHYP
[02:46:09] [245/324] DNCS
[02:46:10] [246/324] GAJK
[02:46:11] [247/324] AKTN
[02:46:12] [248/324] KAYA
[02:46:13] [249/324] SBRC
[02:46:14] [250/324] CHTP
[02:46:15] [251/324] SHRT
[02:46:15] [252/324] BCKU
[02:46:16] [253/324] FCPS
[02:46:17] [254/324] ARDD
[02:46:19] [255/324] CPCM
[02:46:20] [256/324] CGSM
[02:46:21] [257/324] PSMP
[02:46:22] [258/324] SDAL
[02:46:22] [259/324] RTNB
[02:46:23] [260/324] LMCR
[02:46:24] [261/324] CIMA
[02:46:25] [262/324] RNAS
[02:46:26] [263/324] LITH
[02:46:27] [264/324] PBOX
[02:46:27] [265/324] FRTS
[02:46:28] [266/324] RKIC
[02:46:29] [267/324] PTAI
[02:46:30] [268/324] GCIC
[02:46:32] [269/324] FNAS
[02:46:33] [270/324] SCAR
[02:46:34] [271/324] MTCA
[02:46:35] [272/324] SCTS
[02:46:36] [273/324] SYCS
[02:46:37] [274/324] RDMS
[02:46:38] [275/324] KAMP
[02:46:39] [276/324] ERSD
[02:46:40] [277/324] MJMJ
[02:46:41] [278/324] SRCJ
[02:46:42] [279/324] SCXE
[02:46:43] [280/324] SVFR
[02:46:44] [281/324] BHCS
[02:46:45] [282/324] IMCC
[02:46:46] [283/324] PCBO
[02:46:47] [284/324] PRVN
[02:46:48] [285/324] AUPM
[02:46:49] [286/324] INBW
[02:46:50] [287/324] SVCW
[02:46:51] [288/324] RKCF
[02:46:51] [289/324] UVBH
[02:46:52] [290/324] DNCY
[02:46:53] [291/324] ABCN
[02:46:54] [292/324] PRUR
[02:46:55] [293/324] PFMR
[02:46:56] [294/324] RKCN
[02:46:57] [295/324] CFEA
[02:46:58] [296/324] SDBG
[02:46:59] [297/324] SNAR
[02:47:00] [298/324] YISI
[02:47:01] [299/324] JCFF
[02:47:02] [300/324] VTRK
[02:47:03] [301/324] PCLZ
[02:47:03] [302/324] DIMY
[02:47:04] [303/324] BBTS
[02:47:05] [304/324] GATH
[02:47:06] [305/324] GTMN
[02:47:07] [306/324] VTMH
[02:47:08] [307/324] CCKP
[02:47:09] [308/324] GPKA
[02:47:10] [309/324] MHCL
[02:47:11] [310/324] ATCL
[02:47:12] [311/324] SBCK
[02:47:13] [312/324] AMMR
[02:47:14] [313/324] MADC
[02:47:14] [314/324] TMMA
[02:47:15] [315/324] CACC
[02:47:16] [316/324] CHAL
[02:47:17] [317/324] DURG
[02:47:18] [318/324] GMKU
[02:47:19] [319/324] GECA
[02:47:20] [320/324] KYRR
[02:47:20] [321/324] KSDE
[02:47:21] [322/324] LMCI
[02:47:23] [323/324] NKCP
[02:47:24] [324/324] BGTC
[02:47:25] ✅ DONE | Shows=2 | Movies=2
