[00:40:29] 🚀 BMS DAILY TRACKER STARTED
[00:40:29] [1/459] NECA
[00:40:29] 🧠 New identity
[00:40:30] [2/459] BJLC
[00:40:31] [3/459] BASU
[00:40:32] [4/459] RUPI
[00:40:33] [5/459] LCBK
[00:40:34] [6/459] PMAC
[00:40:34] [7/459] AMLC
[00:40:35] [8/459] LICL
[00:40:36] [9/459] UDMM
[00:40:37] [10/459] STBZ
[00:40:38] [11/459] UUBT
[00:40:39] [12/459] SJKC
[00:40:39] [13/459] TUAL
[00:40:41] [14/459] MRSE
[00:40:41] [15/459] RMRK
[00:40:42] [16/459] TTKP
[00:40:43] [17/459] KTKO
[00:40:44] [18/459] SDBK
[00:40:45] [19/459] MCPR
[00:40:46] [20/459] CHTI
[00:40:47] [21/459] GCCP
[00:40:48] [22/459] SRMY
[00:40:49] [23/459] NYST
[00:40:50] [24/459] NYAG
[00:40:51] [25/459] SBMT
[00:40:52] [26/459] INGA
[00:40:52] [27/459] WSIC
[00:40:53] [28/459] SCSS
[00:40:54] [29/459] COPG
[00:40:55] [30/459] RCGR
[00:40:56] [31/459] TCZA
[00:40:57] [32/459] CNLP
[00:40:58] [33/459] CLKN
[00:40:59] [34/459] LHDF
[00:41:00] [35/459] ELKC
[00:41:00] [36/459] VCEM
[00:41:01] [37/459] SSZA
[00:41:02] [38/459] KRMT
[00:41:04] [39/459] LCMV
[00:41:05] [40/459] AYCZ
[00:41:06] [41/459] CUMS
[00:41:07] [42/459] BOCK
[00:41:08] [43/459] PNMR
[00:41:09] [44/459] PJCP
[00:41:10] [45/459] JDDD
[00:41:10] [46/459] STMS
[00:41:11] [47/459] FLMB
[00:41:12] [48/459] PKCM
[00:41:13] [49/459] SPPR
[00:41:14] [50/459] EYLH
[00:41:15] [51/459] RJCC
[00:41:16] [52/459] MMPS
[00:41:17] [53/459] SHMX
[00:41:18] [54/459] CCNL
[00:41:18] [55/459] RCNV
[00:41:19] [56/459] MAAG
[00:41:20] [57/459] LXCM
[00:41:21] [58/459] RCNI
[00:41:22] [59/459] SNNI
[00:41:23] [60/459] LALC
[00:41:23] [61/459] SOCN
[00:41:24] [62/459] JHTP
[00:41:25] [63/459] PITP
[00:41:26] [64/459] CCKW
[00:41:27] [65/459] MCMC
[00:41:28] [66/459] DEES
[00:41:29] [67/459] SABT
[00:41:30] [68/459] VSPP
[00:41:31] [69/459] ABCT
[00:41:32] [70/459] JVTB
[00:41:33] [71/459] VCBD
[00:41:34] [72/459] RMGG
[00:41:35] [73/459] RNMH
[00:41:36] [74/459] SPGL
[00:41:36] [75/459] JTTR
[00:41:38] [76/459] SICS
[00:41:39] [77/459] SRMI
[00:41:40] [78/459] SSIJ
[00:41:41] [79/459] KFMT
[00:41:41] [80/459] VBIT
[00:41:42] [81/459] JKCT
[00:41:43] [82/459] GCGP
[00:41:44] [83/459] GDCS
[00:41:45] [84/459] TRBA
[00:41:46] [85/459] QUST
[00:41:47] [86/459] VSHM
[00:41:48] [87/459] SDCP
[00:41:49] [88/459] SNVS
[00:41:50] [89/459] NYTO
[00:41:51] [90/459] URWC
[00:41:52] [91/459] GTWH
[00:41:53] [92/459] PFCM
[00:41:54] [93/459] KRTA
[00:41:55] [94/459] AXMC
[00:41:56] [95/459] EVMC
[00:41:57] [96/459] HGSM
[00:41:58] [97/459] ACVM
[00:41:59] [98/459] PSKL
[00:42:00] [99/459] RDMP
[00:42:01] [100/459] RHGH
[00:42:02] [101/459] OMCM
[00:42:02] [102/459] DCCP
[00:42:03] [103/459] MCPB
[00:42:04] [104/459] ALCI
[00:42:05] [105/459] BLMX
[00:42:06] [106/459] BTMV
[00:42:07] [107/459] FVPN
[00:42:08] [108/459] CMAR
[00:42:09] [109/459] CEIM
[00:42:10] [110/459] CMVA
[00:42:11] [111/459] CPIV
[00:42:12] [112/459] CNPE
[00:42:12] [113/459] COLV
[00:42:13] [114/459] DNNV
[00:42:14] [115/459] HCAD
[00:42:15] [116/459] TAKA
[00:42:16] [117/459] INVD
[00:42:18] [118/459] IRMM
[00:42:19] [119/459] INSE
[00:42:20] [120/459] MRSW
[00:42:21] [121/459] MCVD
[00:42:22] [122/459] MCSO
[00:42:23] [123/459] PEVM
[00:42:23] [124/459] PVNL
[00:42:24] [125/459] PTCV
[00:42:26] [126/459] PRTC
[00:42:27] [127/459] RCVA
[00:42:28] [128/459] MTBN
[00:42:29] [129/459] LUCP
[00:42:30] [130/459] FMPT
[00:42:31] [131/459] JLSL
[00:42:32] [132/459] SBHA
[00:42:32] [133/459] SHRC
[00:42:33] [134/459] AVPS
[00:42:34] [135/459] STPM
[00:42:36] [136/459] ATRD
[00:42:36] [137/459] VTED
[00:42:37] [138/459] ACAI
[00:42:38] [139/459] SMAE
[00:42:39] [140/459] VMAT
[00:42:40] [141/459] LKCT
[00:42:41] [142/459] JTVK
[00:42:42] [143/459] PRTY
[00:42:43] [144/459] GETT
[00:42:44] [145/459] ESAP
[00:42:45] [146/459] NCPM
[00:42:45] [147/459] PCPA
[00:42:46] [148/459] MMOM
[00:42:48] [149/459] PHUP
[00:42:49] [150/459] CCPI
[00:42:51] [151/459] CNTD
[00:42:52] [152/459] NLJR
[00:42:53] [153/459] SRNG
[00:42:54] [154/459] MHAL
[00:42:55] [155/459] PNSM
[00:42:57] [156/459] DRMY
[00:42:57] [157/459] CCMU
[00:42:59] [158/459] SCMY
[00:43:00] [159/459] PVSY
[00:43:01] [160/459] SDLM
[00:43:02] [161/459] ICCM
[00:43:03] [162/459] PYSU
[00:43:04] [163/459] GATM
[00:43:05] [164/459] WOTM
[00:43:06] [165/459] RKTS
[00:43:08] [166/459] PMTY
[00:43:09] [167/459] LYMS
[00:43:09] [168/459] TGCA
[00:43:10] [169/459] DSTA
[00:43:11] [170/459] CNGE
[00:43:12] [171/459] VSTG
[00:43:13] [172/459] GTCK
[00:43:14] [173/459] TGNT
[00:43:15] [174/459] ASLC
[00:43:15] [175/459] SSST
[00:43:16] [176/459] KBTT
[00:43:17] [177/459] HKCP
[00:43:18] [178/459] SWLC
[00:43:19] [179/459] RTND
[00:43:19] [180/459] PKKT
[00:43:20] [181/459] HSTK
[00:43:21] [182/459] SPTT
[00:43:22] [183/459] IMPM
[00:43:23] [184/459] SCMV
[00:43:23] [185/459] SPCT
[00:43:25] [186/459] JBCA
[00:43:26] [187/459] ATTR
[00:43:27] [188/459] SPMT
[00:43:29] [189/459] LCTM
[00:43:29] [190/459] SCVL
[00:43:30] [191/459] SCVT
[00:43:31] [192/459] KRIC
[00:43:32] [193/459] CTMG
[00:43:33] [194/459] ACNC
[00:43:34] [195/459] DMCK
[00:43:35] [196/459] KMTV
[00:43:36] [197/459] PFCJ
[00:43:37] [198/459] VNMD
[00:43:38] [199/459] VPCZ
[00:43:39] [200/459] SRYR
[00:43:41] [201/459] SYTR
[00:43:42] [202/459] GATR
[00:43:43] [203/459] URTR
[00:43:44] [204/459] MKSM
[00:43:45] [205/459] VSMH
[00:43:46] [206/459] SKRJ
[00:43:46] [207/459] SSJR
[00:43:47] [208/459] SVSM
[00:43:48] [209/459] RUCM
[00:43:49] [210/459] PRKN
[00:43:50] [211/459] RROH
[00:43:52] [212/459] SCTN
[00:43:53] [213/459] RTDM
[00:43:53] [214/459] ASRM
[00:43:54] [215/459] SKMD
[00:43:55] [216/459] SUTD
[00:43:57] [217/459] SADM
[00:43:58] [218/459] WCNR
[00:43:59] [219/459] CNED
[00:44:00] [220/459] MPDB
[00:44:01] [221/459] KTBH
[00:44:01] [222/459] IDRM
[00:44:02] [223/459] PJJT
[00:44:03] [224/459] PFCV
[00:44:04] [225/459] AACT
[00:44:05] [226/459] AAAD
[00:44:06] [227/459] ANES
[00:44:07] [228/459] MNCA
[00:44:08] [229/459] RMGU
[00:44:08] [230/459] DLCN
[00:44:09] [231/459] LJWT
[00:44:10] [232/459] MCBG
[00:44:11] [233/459] MYBG
[00:44:12] [234/459] GCCA
[00:44:13] [235/459] GCGA
[00:44:13] [236/459] ECGN
[00:44:14] [237/459] PRAB
[00:44:15] [238/459] PNMP
[00:44:16] [239/459] GCPT
[00:44:16] [240/459] ROYN
[00:44:17] [241/459] VATM
[00:44:19] [242/459] KSNT
[00:44:19] [243/459] ACTC
[00:44:21] [244/459] PLTD
[00:44:22] [245/459] SKMK
[00:44:23] [246/459] CMTT
[00:44:24] [247/459] SMXP
[00:44:25] [248/459] SCMX
[00:44:25] [249/459] ACXN
[00:44:26] [250/459] ASWT
[00:44:27] [251/459] VVVL
[00:44:29] [252/459] NAGO
[00:44:29] [253/459] SNCN
[00:44:30] [254/459] MCKP
[00:44:31] [255/459] SAMO
[00:44:32] [256/459] JBTV
[00:44:33] [257/459] DCVV
[00:44:35] [258/459] KMSV
[00:44:36] [259/459] KDCN
[00:44:36] [260/459] CNCP
[00:44:37] [261/459] HAMC
[00:44:38] [262/459] CCVZ
[00:44:39] [263/459] NCCK
[00:44:40] [264/459] MCHR
[00:44:41] [265/459] SCHT
[00:44:42] [266/459] ESSH
[00:44:43] [267/459] CUJC
[00:44:44] [268/459] PECP
[00:44:45] [269/459] PMMI
[00:44:46] [270/459] PCCH
[00:44:47] [271/459] PRPM
[00:44:47] [272/459] PVKL
[00:44:48] [273/459] CBSM
[00:44:49] [274/459] PVCZ
[00:44:50] [275/459] PCVV
[00:44:52] [276/459] CTMJ
[00:44:53] [277/459] RCPS
[00:44:53] [278/459] PCIT
[00:44:54] [279/459] FNCH
[00:44:55] [280/459] INZD
[00:44:56] [281/459] INPC
[00:44:57] [282/459] LCZP
[00:44:58] [283/459] SMCB
[00:44:59] [284/459] PTSB
[00:45:00] [285/459] TPSI
[00:45:01] [286/459] KHMJ
[00:45:02] [287/459] RCCJ
[00:45:03] [288/459] NCJA
[00:45:04] [289/459] NCJN
[00:45:05] [290/459] BTDP
[00:45:06] [291/459] PADY
[00:45:07] [292/459] NYBH
[00:45:08] [293/459] MTBR
[00:45:09] [294/459] KRBC
[00:45:10] [295/459] DKTI
[00:45:11] [296/459] ANAN
[00:45:12] [297/459] INBP
[00:45:13] [298/459] PATB
[00:45:14] [299/459] RGNT
[00:45:15] [300/459] CGPM
[00:45:16] [301/459] INTN
[00:45:17] [302/459] MCMP
[00:45:18] [303/459] ASRG
[00:45:19] [304/459] CXJD
[00:45:20] [305/459] SPCP
[00:45:21] [306/459] CSTP
[00:45:21] [307/459] PKVC
[00:45:22] [308/459] ESCP
[00:45:23] [309/459] CAEP
[00:45:24] [310/459] CCSP
[00:45:25] [311/459] KTPC
[00:45:25] [312/459] DACA
[00:45:26] [313/459] NVKY
[00:45:27] [314/459] PTIN
[00:45:28] [315/459] SCIN
[00:45:29] [316/459] MCTY
[00:45:30] [317/459] PCMX
[00:45:32] [318/459] INIC
[00:45:33] [319/459] MMZM
[00:45:33] [320/459] SSLP
[00:45:34] [321/459] DTDT
[00:45:35] [322/459] FFCX
[00:45:36] [323/459] RCMM
[00:45:37] [324/459] KYID
[00:45:38] [325/459] CSCI
[00:45:39] [326/459] FCMC
[00:45:40] [327/459] MMXI
[00:45:41] [328/459] ASTC
[00:45:42] [329/459] CMRA
[00:45:43] [330/459] DICI
[00:45:44] [331/459] KDIN
[00:45:45] [332/459] PRFI
[00:45:46] [333/459] SVFC
[00:45:48] [334/459] UCPL
[00:45:48] [335/459] COOC
[00:45:49] [336/459] SCAL
[00:45:50] [337/459] SVFF
[00:45:51] [338/459] VCMG
[00:45:52] [339/459] UUCT
[00:45:53] [340/459] GCSE
[00:45:54] [341/459] SUSC
[00:45:54] [342/459] MISC
[00:45:55] [343/459] RMBL
[00:45:56] [344/459] CMXN
[00:45:57] [345/459] PVBK
[00:45:58] [346/459] HHCG
[00:45:58] [347/459] SCAG
[00:45:59] [348/459] CNPR
[00:46:00] [349/459] CSER
[00:46:01] [350/459] HLWD
[00:46:02] [351/459] BOLY
[00:46:03] [352/459] SSPG
[00:46:04] [353/459] MUPX
[00:46:05] [354/459] HAMR
[00:46:05] [355/459] SDNC
[00:46:06] [356/459] RTEN
[00:46:07] [357/459] SDTD
[00:46:08] [358/459] KAWS
[00:46:09] [359/459] CMZX
[00:46:10] [360/459] DCDD
[00:46:10] [361/459] ALSN
[00:46:11] [362/459] IMXS
[00:46:12] [363/459] PVFF
[00:46:13] [364/459] PVOO
[00:46:14] [365/459] CFBS
[00:46:15] [366/459] PVER
[00:46:16] [367/459] PPNX
[00:46:17] [368/459] CNRM
[00:46:18] [369/459] PVWW
[00:46:18] [370/459] INMB
[00:46:19] [371/459] CPJR
[00:46:20] [372/459] INRZ
[00:46:21] [373/459] PMSR
[00:46:23] [374/459] GPGM
[00:46:24] [375/459] PGWB
[00:46:24] [376/459] PMBR
[00:46:25] [377/459] GPAM
[00:46:26] [378/459] INBC
[00:46:27] [379/459] PZVK
[00:46:28] [380/459] CPEB
[00:46:29] [381/459] FMLB
[00:46:30] [382/459] INBG
[00:46:31] [383/459] GPBR
[00:46:32] [384/459] PAAS
[00:46:33] [385/459] VTBR
[00:46:34] [386/459] GPMY
[00:46:35] [387/459] GYBU
[00:46:36] [388/459] INBJ
[00:46:38] [389/459] LKTH
[00:46:38] [390/459] NSBR
[00:46:39] [391/459] PDRD
[00:46:40] [392/459] VRBL
[00:46:41] [393/459] VTGB
[00:46:42] [394/459] VTSK
[00:46:42] [395/459] BKDV
[00:46:43] [396/459] SVTB
[00:46:44] [397/459] MLDT
[00:46:45] [398/459] NRBL
[00:46:46] [399/459] SLTR
[00:46:47] [400/459] VNKA
[00:46:48] [401/459] TDCA
[00:46:49] [402/459] INBM
[00:46:50] [403/459] SSNR
[00:46:51] [404/459] BHAC
[00:46:51] [405/459] SDSD
[00:46:52] [406/459] SAMP
[00:46:53] [407/459] RATK
[00:46:54] [408/459] KCBI
[00:46:55] [409/459] URBL
[00:46:56] [410/459] MKBG
[00:46:57] [411/459] ASTB
[00:46:57] [412/459] VBWT
[00:46:59] [413/459] GPSM
[00:47:00] [414/459] ROON
[00:47:01] [415/459] CHTH
[00:47:02] [416/459] SSPA
[00:47:03] [417/459] ANBL
[00:47:04] [418/459] VTBE
[00:47:04] [419/459] SVKT
[00:47:06] [420/459] SVYK
[00:47:06] [421/459] PTBK
[00:47:07] [422/459] RKTB
[00:47:08] [423/459] BALT
[00:47:09] [424/459] STSV
[00:47:10] [425/459] VCCB
[00:47:11] [426/459] SLTB
[00:47:12] [427/459] SBCR
[00:47:12] [428/459] VDCS
[00:47:13] [429/459] MDKI
[00:47:14] [430/459] SMRN
[00:47:15] [431/459] PTBC
[00:47:15] [432/459] RADI
[00:47:16] [433/459] ADCR
[00:47:17] [434/459] SDCS
[00:47:18] [435/459] SRPJ
[00:47:19] [436/459] ARTS
[00:47:20] [437/459] SRHK
[00:47:21] [438/459] SPAY
[00:47:22] [439/459] GPTB
[00:47:23] [440/459] SNNN
[00:47:24] [441/459] BALJ
[00:47:25] [442/459] TRIG
[00:47:25] [443/459] GTYT
[00:47:26] [444/459] ATGN
[00:47:27] [445/459] ANTE
[00:47:28] [446/459] BDCG
[00:47:29] [447/459] VECI
[00:47:30] [448/459] SCPR
[00:47:31] [449/459] RTEA
[00:47:32] [450/459] JSAI
[00:47:33] [451/459] VJTP
[00:47:33] [452/459] GNDS
[00:47:34] [453/459] PAXA
[00:47:35] [454/459] CGGM
[00:47:36] [455/459] ACKZ
[00:47:37] [456/459] EMCC
[00:47:38] [457/459] KLSK
[00:47:39] [458/459] AVCK
[00:47:40] [459/459] JTCK
[00:47:40] ✅ DONE | Shows=0 | Movies=0
[01:44:33] 🚀 BMS DAILY TRACKER STARTED
[01:44:33] [1/459] NECA
[01:44:33] 🧠 New identity
[01:44:34] [2/459] BJLC
[01:44:36] [3/459] BASU
[01:44:37] [4/459] RUPI
[01:44:38] [5/459] LCBK
[01:44:39] [6/459] PMAC
[01:44:41] [7/459] AMLC
[01:44:42] [8/459] LICL
[01:44:42] [9/459] UDMM
[01:44:43] [10/459] STBZ
[01:44:44] [11/459] UUBT
[01:44:45] [12/459] SJKC
[01:44:46] [13/459] TUAL
[01:44:47] [14/459] MRSE
[01:44:48] [15/459] RMRK
[01:44:49] [16/459] TTKP
[01:44:50] [17/459] KTKO
[01:44:51] [18/459] SDBK
[01:44:52] [19/459] MCPR
[01:44:53] [20/459] CHTI
[01:44:54] [21/459] GCCP
[01:44:55] [22/459] SRMY
[01:44:56] [23/459] NYST
[01:44:58] [24/459] NYAG
[01:44:59] [25/459] SBMT
[01:44:59] [26/459] INGA
[01:45:00] [27/459] WSIC
[01:45:01] [28/459] SCSS
[01:45:02] [29/459] COPG
[01:45:03] [30/459] RCGR
[01:45:04] [31/459] TCZA
[01:45:05] [32/459] CNLP
[01:45:06] [33/459] CLKN
[01:45:07] [34/459] LHDF
[01:45:08] [35/459] ELKC
[01:45:09] [36/459] VCEM
[01:45:10] [37/459] SSZA
[01:45:11] [38/459] KRMT
[01:45:12] [39/459] LCMV
[01:45:13] [40/459] AYCZ
[01:45:14] [41/459] CUMS
[01:45:15] [42/459] BOCK
[01:45:16] [43/459] PNMR
[01:45:17] [44/459] PJCP
[01:45:19] [45/459] JDDD
[01:45:20] [46/459] STMS
[01:45:21] [47/459] FLMB
[01:45:22] [48/459] PKCM
[01:45:23] [49/459] SPPR
[01:45:25] [50/459] EYLH
[01:45:25] [51/459] RJCC
[01:45:26] [52/459] MMPS
[01:45:27] [53/459] SHMX
[01:45:28] [54/459] CCNL
[01:45:29] [55/459] RCNV
[01:45:30] [56/459] MAAG
[01:45:31] [57/459] LXCM
[01:45:31] [58/459] RCNI
[01:45:33] [59/459] SNNI
[01:45:34] [60/459] LALC
[01:45:35] [61/459] SOCN
[01:45:36] [62/459] JHTP
[01:45:37] [63/459] PITP
[01:45:38] [64/459] CCKW
[01:45:39] [65/459] MCMC
[01:45:39] [66/459] DEES
[01:45:41] [67/459] SABT
[01:45:42] [68/459] VSPP
[01:45:43] [69/459] ABCT
[01:45:44] [70/459] JVTB
[01:45:45] [71/459] VCBD
[01:45:47] [72/459] RMGG
[01:45:48] [73/459] RNMH
[01:45:49] [74/459] SPGL
[01:45:50] [75/459] JTTR
[01:45:51] [76/459] SICS
[01:45:53] [77/459] SRMI
[01:45:54] [78/459] SSIJ
[01:45:54] [79/459] KFMT
[01:45:55] [80/459] VBIT
[01:45:56] [81/459] JKCT
[01:45:57] [82/459] GCGP
[01:45:58] [83/459] GDCS
[01:45:59] [84/459] TRBA
[01:46:00] [85/459] QUST
[01:46:00] [86/459] VSHM
[01:46:02] [87/459] SDCP
[01:46:04] [88/459] SNVS
[01:46:05] [89/459] NYTO
[01:46:05] [90/459] URWC
[01:46:06] [91/459] GTWH
[01:46:07] [92/459] PFCM
[01:46:08] [93/459] KRTA
[01:46:10] [94/459] AXMC
[01:46:10] [95/459] EVMC
[01:46:11] [96/459] HGSM
[01:46:12] [97/459] ACVM
[01:46:13] [98/459] PSKL
[01:46:14] [99/459] RDMP
[01:46:15] [100/459] RHGH
[01:46:16] [101/459] OMCM
[01:46:16] [102/459] DCCP
[01:46:17] [103/459] MCPB
[01:46:18] [104/459] ALCI
[01:46:19] [105/459] BLMX
[01:46:20] [106/459] BTMV
[01:46:21] [107/459] FVPN
[01:46:22] [108/459] CMAR
[01:46:23] [109/459] CEIM
[01:46:25] [110/459] CMVA
[01:46:26] [111/459] CPIV
[01:46:26] [112/459] CNPE
[01:46:27] [113/459] COLV
[01:46:28] [114/459] DNNV
[01:46:29] [115/459] HCAD
[01:46:30] [116/459] TAKA
[01:46:31] [117/459] INVD
[01:46:32] [118/459] IRMM
[01:46:33] [119/459] INSE
[01:46:34] [120/459] MRSW
[01:46:34] [121/459] MCVD
[01:46:35] [122/459] MCSO
[01:46:36] [123/459] PEVM
[01:46:37] [124/459] PVNL
[01:46:38] [125/459] PTCV
[01:46:39] [126/459] PRTC
[01:46:39] [127/459] RCVA
[01:46:41] [128/459] MTBN
[01:46:43] [129/459] LUCP
[01:46:43] [130/459] FMPT
[01:46:44] [131/459] JLSL
[01:46:45] [132/459] SBHA
[01:46:46] [133/459] SHRC
[01:46:47] [134/459] AVPS
[01:46:49] [135/459] STPM
[01:46:49] [136/459] ATRD
[01:46:50] [137/459] VTED
[01:46:52] [138/459] ACAI
[01:46:53] [139/459] SMAE
[01:46:53] [140/459] VMAT
[01:46:54] [141/459] LKCT
[01:46:55] [142/459] JTVK
[01:46:56] [143/459] PRTY
[01:46:57] [144/459] GETT
[01:46:58] [145/459] ESAP
[01:46:59] [146/459] NCPM
[01:47:00] [147/459] PCPA
[01:47:01] [148/459] MMOM
[01:47:02] [149/459] PHUP
[01:47:03] [150/459] CCPI
[01:47:04] [151/459] CNTD
[01:47:05] [152/459] NLJR
[01:47:06] [153/459] SRNG
[01:47:07] [154/459] MHAL
[01:47:08] [155/459] PNSM
[01:47:09] [156/459] DRMY
[01:47:10] [157/459] CCMU
[01:47:11] [158/459] SCMY
[01:47:12] [159/459] PVSY
[01:47:13] [160/459] SDLM
[01:47:13] [161/459] ICCM
[01:47:15] [162/459] PYSU
[01:47:16] [163/459] GATM
[01:47:17] [164/459] WOTM
[01:47:18] [165/459] RKTS
[01:47:19] [166/459] PMTY
[01:47:20] [167/459] LYMS
[01:47:21] [168/459] TGCA
[01:47:21] [169/459] DSTA
[01:47:22] [170/459] CNGE
[01:47:23] [171/459] VSTG
[01:47:24] [172/459] GTCK
[01:47:25] [173/459] TGNT
[01:47:26] [174/459] ASLC
[01:47:27] [175/459] SSST
[01:47:27] [176/459] KBTT
[01:47:28] [177/459] HKCP
[01:47:29] [178/459] SWLC
[01:47:30] [179/459] RTND
[01:47:31] [180/459] PKKT
[01:47:32] [181/459] HSTK
[01:47:33] [182/459] SPTT
[01:47:34] [183/459] IMPM
[01:47:35] [184/459] SCMV
[01:47:36] [185/459] SPCT
[01:47:37] [186/459] JBCA
[01:47:38] [187/459] ATTR
[01:47:39] [188/459] SPMT
[01:47:40] [189/459] LCTM
[01:47:41] [190/459] SCVL
[01:47:42] [191/459] SCVT
[01:47:42] [192/459] KRIC
[01:47:43] [193/459] CTMG
[01:47:44] [194/459] ACNC
[01:47:45] [195/459] DMCK
[01:47:46] [196/459] KMTV
[01:47:47] [197/459] PFCJ
[01:47:48] [198/459] VNMD
[01:47:49] [199/459] VPCZ
[01:47:50] [200/459] SRYR
[01:47:50] [201/459] SYTR
[01:47:51] [202/459] GATR
[01:47:52] [203/459] URTR
[01:47:53] [204/459] MKSM
[01:47:54] [205/459] VSMH
[01:47:55] [206/459] SKRJ
[01:47:56] [207/459] SSJR
[01:47:57] [208/459] SVSM
[01:47:57] [209/459] RUCM
[01:47:58] [210/459] PRKN
[01:47:59] [211/459] RROH
[01:48:00] [212/459] SCTN
[01:48:01] [213/459] RTDM
[01:48:02] [214/459] ASRM
[01:48:03] [215/459] SKMD
[01:48:04] [216/459] SUTD
[01:48:04] [217/459] SADM
[01:48:05] [218/459] WCNR
[01:48:06] [219/459] CNED
[01:48:07] [220/459] MPDB
[01:48:08] [221/459] KTBH
[01:48:09] [222/459] IDRM
[01:48:10] [223/459] PJJT
[01:48:10] [224/459] PFCV
[01:48:11] [225/459] AACT
[01:48:12] [226/459] AAAD
[01:48:13] [227/459] ANES
[01:48:15] [228/459] MNCA
[01:48:15] [229/459] RMGU
[01:48:16] [230/459] DLCN
[01:48:17] [231/459] LJWT
[01:48:18] [232/459] MCBG
[01:48:19] [233/459] MYBG
[01:48:21] [234/459] GCCA
[01:48:22] [235/459] GCGA
[01:48:22] [236/459] ECGN
[01:48:23] [237/459] PRAB
[01:48:24] [238/459] PNMP
[01:48:25] [239/459] GCPT
[01:48:25] [240/459] ROYN
[01:48:26] [241/459] VATM
[01:48:27] [242/459] KSNT
[01:48:28] [243/459] ACTC
[01:48:29] [244/459] PLTD
[01:48:30] [245/459] SKMK
[01:48:31] [246/459] CMTT
[01:48:31] [247/459] SMXP
[01:48:32] [248/459] SCMX
[01:48:34] [249/459] ACXN
[01:48:35] [250/459] ASWT
[01:48:35] [251/459] VVVL
[01:48:37] [252/459] NAGO
[01:48:38] [253/459] SNCN
[01:48:39] [254/459] MCKP
[01:48:40] [255/459] SAMO
[01:48:40] [256/459] JBTV
[01:48:41] [257/459] DCVV
[01:48:42] [258/459] KMSV
[01:48:43] [259/459] KDCN
[01:48:44] [260/459] CNCP
[01:48:45] [261/459] HAMC
[01:48:46] [262/459] CCVZ
[01:48:47] [263/459] NCCK
[01:48:48] [264/459] MCHR
[01:48:49] [265/459] SCHT
[01:48:49] [266/459] ESSH
[01:48:50] [267/459] CUJC
[01:48:51] [268/459] PECP
[01:48:52] [269/459] PMMI
[01:48:53] [270/459] PCCH
[01:48:54] [271/459] PRPM
[01:48:55] [272/459] PVKL
[01:48:56] [273/459] CBSM
[01:48:57] [274/459] PVCZ
[01:48:58] [275/459] PCVV
[01:49:00] [276/459] CTMJ
[01:49:01] [277/459] RCPS
[01:49:03] [278/459] PCIT
[01:49:04] [279/459] FNCH
[01:49:05] [280/459] INZD
[01:49:06] [281/459] INPC
[01:49:07] [282/459] LCZP
[01:49:08] [283/459] SMCB
[01:49:09] [284/459] PTSB
[01:49:10] [285/459] TPSI
[01:49:11] [286/459] KHMJ
[01:49:12] [287/459] RCCJ
[01:49:13] [288/459] NCJA
[01:49:14] [289/459] NCJN
[01:49:15] [290/459] BTDP
[01:49:16] [291/459] PADY
[01:49:18] [292/459] NYBH
[01:49:18] [293/459] MTBR
[01:49:19] [294/459] KRBC
[01:49:20] [295/459] DKTI
[01:49:21] [296/459] ANAN
[01:49:21] [297/459] INBP
[01:49:22] [298/459] PATB
[01:49:23] [299/459] RGNT
[01:49:24] [300/459] CGPM
[01:49:25] [301/459] INTN
[01:49:26] [302/459] MCMP
[01:49:27] [303/459] ASRG
[01:49:27] [304/459] CXJD
[01:49:28] [305/459] SPCP
[01:49:29] [306/459] CSTP
[01:49:30] [307/459] PKVC
[01:49:32] [308/459] ESCP
[01:49:33] [309/459] CAEP
[01:49:33] [310/459] CCSP
[01:49:34] [311/459] KTPC
[01:49:35] [312/459] DACA
[01:49:36] [313/459] NVKY
[01:49:38] [314/459] PTIN
[01:49:38] [315/459] SCIN
[01:49:39] [316/459] MCTY
[01:49:40] [317/459] PCMX
[01:49:41] [318/459] INIC
[01:49:42] [319/459] MMZM
[01:49:43] [320/459] SSLP
[01:49:44] [321/459] DTDT
[01:49:45] [322/459] FFCX
[01:49:47] [323/459] RCMM
[01:49:48] [324/459] KYID
[01:49:48] [325/459] CSCI
[01:49:49] [326/459] FCMC
[01:49:50] [327/459] MMXI
[01:49:51] [328/459] ASTC
[01:49:52] [329/459] CMRA
[01:49:53] [330/459] DICI
[01:49:54] [331/459] KDIN
[01:49:54] [332/459] PRFI
[01:49:55] [333/459] SVFC
[01:49:57] [334/459] UCPL
[01:49:58] [335/459] COOC
[01:49:58] [336/459] SCAL
[01:50:00] [337/459] SVFF
[01:50:01] [338/459] VCMG
[01:50:01] [339/459] UUCT
[01:50:02] [340/459] GCSE
[01:50:03] [341/459] SUSC
[01:50:05] [342/459] MISC
[01:50:06] [343/459] RMBL
[01:50:07] [344/459] CMXN
[01:50:07] [345/459] PVBK
[01:50:08] [346/459] HHCG
[01:50:10] [347/459] SCAG
[01:50:11] [348/459] CNPR
[01:50:12] [349/459] CSER
[01:50:12] [350/459] HLWD
[01:50:13] [351/459] BOLY
[01:50:14] [352/459] SSPG
[01:50:15] [353/459] MUPX
[01:50:16] [354/459] HAMR
[01:50:17] [355/459] SDNC
[01:50:18] [356/459] RTEN
[01:50:19] [357/459] SDTD
[01:50:19] [358/459] KAWS
[01:50:20] [359/459] CMZX
[01:50:21] [360/459] DCDD
[01:50:22] [361/459] ALSN
[01:50:24] [362/459] IMXS
[01:50:25] [363/459] PVFF
[01:50:26] [364/459] PVOO
[01:50:27] [365/459] CFBS
[01:50:28] [366/459] PVER
[01:50:29] [367/459] PPNX
[01:50:29] [368/459] CNRM
[01:50:30] [369/459] PVWW
[01:50:31] [370/459] INMB
[01:50:32] [371/459] CPJR
[01:50:33] [372/459] INRZ
[01:50:34] [373/459] PMSR
[01:50:35] [374/459] GPGM
[01:50:36] [375/459] PGWB
[01:50:37] [376/459] PMBR
[01:50:38] [377/459] GPAM
[01:50:38] [378/459] INBC
[01:50:39] [379/459] PZVK
[01:50:40] [380/459] CPEB
[01:50:42] [381/459] FMLB
[01:50:43] [382/459] INBG
[01:50:44] [383/459] GPBR
[01:50:45] [384/459] PAAS
[01:50:46] [385/459] VTBR
[01:50:47] [386/459] GPMY
[01:50:48] [387/459] GYBU
[01:50:49] [388/459] INBJ
[01:50:50] [389/459] LKTH
[01:50:51] [390/459] NSBR
[01:50:52] [391/459] PDRD
[01:50:53] [392/459] VRBL
[01:50:54] [393/459] VTGB
[01:50:55] [394/459] VTSK
[01:50:56] [395/459] BKDV
[01:50:57] [396/459] SVTB
[01:50:58] [397/459] MLDT
[01:50:59] [398/459] NRBL
[01:51:00] [399/459] SLTR
[01:51:01] [400/459] VNKA
[01:51:01] [401/459] TDCA
[01:51:02] [402/459] INBM
[01:51:03] [403/459] SSNR
[01:51:04] [404/459] BHAC
[01:51:05] [405/459] SDSD
[01:51:06] [406/459] SAMP
[01:51:08] [407/459] RATK
[01:51:09] [408/459] KCBI
[01:51:09] [409/459] URBL
[01:51:10] [410/459] MKBG
[01:51:12] [411/459] ASTB
[01:51:13] [412/459] VBWT
[01:51:13] [413/459] GPSM
[01:51:14] [414/459] ROON
[01:51:15] [415/459] CHTH
[01:51:16] [416/459] SSPA
[01:51:18] [417/459] ANBL
[01:51:19] [418/459] VTBE
[01:51:19] [419/459] SVKT
[01:51:20] [420/459] SVYK
[01:51:21] [421/459] PTBK
[01:51:22] [422/459] RKTB
[01:51:23] [423/459] BALT
[01:51:24] [424/459] STSV
[01:51:26] [425/459] VCCB
[01:51:26] [426/459] SLTB
[01:51:27] [427/459] SBCR
[01:51:28] [428/459] VDCS
[01:51:29] [429/459] MDKI
[01:51:30] [430/459] SMRN
[01:51:31] [431/459] PTBC
[01:51:31] [432/459] RADI
[01:51:32] [433/459] ADCR
[01:51:33] [434/459] SDCS
[01:51:34] [435/459] SRPJ
[01:51:35] [436/459] ARTS
[01:51:36] [437/459] SRHK
[01:51:36] [438/459] SPAY
[01:51:38] [439/459] GPTB
[01:51:39] [440/459] SNNN
[01:51:39] [441/459] BALJ
[01:51:40] [442/459] TRIG
[01:51:41] [443/459] GTYT
[01:51:42] [444/459] ATGN
[01:51:43] [445/459] ANTE
[01:51:44] [446/459] BDCG
[01:51:44] [447/459] VECI
[01:51:45] [448/459] SCPR
[01:51:46] [449/459] RTEA
[01:51:47] [450/459] JSAI
[01:51:48] [451/459] VJTP
[01:51:49] [452/459] GNDS
[01:51:50] [453/459] PAXA
[01:51:50] [454/459] CGGM
[01:51:51] [455/459] ACKZ
[01:51:52] [456/459] EMCC
[01:51:53] [457/459] KLSK
[01:51:54] [458/459] AVCK
[01:51:55] [459/459] JTCK
[01:51:56] ✅ DONE | Shows=0 | Movies=0
[02:42:08] 🚀 BMS DAILY TRACKER STARTED
[02:42:08] [1/459] NECA
[02:42:08] 🧠 New identity
[02:42:09] [2/459] BJLC
[02:42:10] [3/459] BASU
[02:42:11] [4/459] RUPI
[02:42:12] [5/459] LCBK
[02:42:13] [6/459] PMAC
[02:42:14] [7/459] AMLC
[02:42:14] [8/459] LICL
[02:42:15] [9/459] UDMM
[02:42:16] [10/459] STBZ
[02:42:17] [11/459] UUBT
[02:42:18] [12/459] SJKC
[02:42:19] [13/459] TUAL
[02:42:20] [14/459] MRSE
[02:42:21] [15/459] RMRK
[02:42:21] [16/459] TTKP
[02:42:22] [17/459] KTKO
[02:42:23] [18/459] SDBK
[02:42:24] [19/459] MCPR
[02:42:25] [20/459] CHTI
[02:42:25] [21/459] GCCP
[02:42:26] [22/459] SRMY
[02:42:27] [23/459] NYST
[02:42:28] [24/459] NYAG
[02:42:29] [25/459] SBMT
[02:42:30] [26/459] INGA
[02:42:31] [27/459] WSIC
[02:42:32] [28/459] SCSS
[02:42:33] [29/459] COPG
[02:42:34] [30/459] RCGR
[02:42:35] [31/459] TCZA
[02:42:36] [32/459] CNLP
[02:42:37] [33/459] CLKN
[02:42:38] [34/459] LHDF
[02:42:38] [35/459] ELKC
[02:42:39] [36/459] VCEM
[02:42:40] [37/459] SSZA
[02:42:41] [38/459] KRMT
[02:42:42] [39/459] LCMV
[02:42:42] [40/459] AYCZ
[02:42:43] [41/459] CUMS
[02:42:45] [42/459] BOCK
[02:42:46] [43/459] PNMR
[02:42:47] [44/459] PJCP
[02:42:48] [45/459] JDDD
[02:42:49] [46/459] STMS
[02:42:50] [47/459] FLMB
[02:42:50] [48/459] PKCM
[02:42:51] [49/459] SPPR
[02:42:52] [50/459] EYLH
[02:42:53] [51/459] RJCC
[02:42:54] [52/459] MMPS
[02:42:55] [53/459] SHMX
[02:42:55] [54/459] CCNL
[02:42:56] [55/459] RCNV
[02:42:57] [56/459] MAAG
[02:42:58] [57/459] LXCM
[02:42:59] [58/459] RCNI
[02:43:00] [59/459] SNNI
[02:43:01] [60/459] LALC
[02:43:02] [61/459] SOCN
[02:43:03] [62/459] JHTP
[02:43:04] [63/459] PITP
[02:43:05] [64/459] CCKW
[02:43:05] [65/459] MCMC
[02:43:06] [66/459] DEES
[02:43:07] [67/459] SABT
[02:43:08] [68/459] VSPP
[02:43:09] [69/459] ABCT
[02:43:10] [70/459] JVTB
[02:43:11] [71/459] VCBD
[02:43:12] [72/459] RMGG
[02:43:13] [73/459] RNMH
[02:43:14] [74/459] SPGL
[02:43:15] [75/459] JTTR
[02:43:16] [76/459] SICS
[02:43:16] [77/459] SRMI
[02:43:17] [78/459] SSIJ
[02:43:18] [79/459] KFMT
[02:43:19] [80/459] VBIT
[02:43:20] [81/459] JKCT
[02:43:21] [82/459] GCGP
[02:43:22] [83/459] GDCS
[02:43:23] [84/459] TRBA
[02:43:24] [85/459] QUST
[02:43:25] [86/459] VSHM
[02:43:26] [87/459] SDCP
[02:43:27] [88/459] SNVS
[02:43:28] [89/459] NYTO
[02:43:29] [90/459] URWC
[02:43:30] [91/459] GTWH
[02:43:31] [92/459] PFCM
[02:43:32] [93/459] KRTA
[02:43:33] [94/459] AXMC
[02:43:35] [95/459] EVMC
[02:43:36] [96/459] HGSM
[02:43:37] [97/459] ACVM
[02:43:38] [98/459] PSKL
[02:43:38] [99/459] RDMP
[02:43:40] [100/459] RHGH
[02:43:41] [101/459] OMCM
[02:43:42] [102/459] DCCP
[02:43:43] [103/459] MCPB
[02:43:44] [104/459] ALCI
[02:43:45] [105/459] BLMX
[02:43:45] [106/459] BTMV
[02:43:47] [107/459] FVPN
[02:43:48] [108/459] CMAR
[02:43:49] [109/459] CEIM
[02:43:50] [110/459] CMVA
[02:43:50] [111/459] CPIV
[02:43:51] [112/459] CNPE
[02:43:52] [113/459] COLV
[02:43:53] [114/459] DNNV
[02:43:53] [115/459] HCAD
[02:43:54] [116/459] TAKA
[02:43:56] [117/459] INVD
[02:43:57] [118/459] IRMM
[02:43:57] [119/459] INSE
[02:43:59] [120/459] MRSW
[02:44:00] [121/459] MCVD
[02:44:00] [122/459] MCSO
[02:44:01] [123/459] PEVM
[02:44:02] [124/459] PVNL
[02:44:03] [125/459] PTCV
[02:44:04] [126/459] PRTC
[02:44:04] [127/459] RCVA
[02:44:06] [128/459] MTBN
[02:44:07] [129/459] LUCP
[02:44:08] [130/459] FMPT
[02:44:09] [131/459] JLSL
[02:44:10] [132/459] SBHA
[02:44:11] [133/459] SHRC
[02:44:11] [134/459] AVPS
[02:44:12] [135/459] STPM
[02:44:13] [136/459] ATRD
[02:44:14] [137/459] VTED
[02:44:15] [138/459] ACAI
[02:44:16] [139/459] SMAE
[02:44:17] [140/459] VMAT
[02:44:17] [141/459] LKCT
[02:44:18] [142/459] JTVK
[02:44:19] [143/459] PRTY
[02:44:20] [144/459] GETT
[02:44:21] [145/459] ESAP
[02:44:21] [146/459] NCPM
[02:44:22] [147/459] PCPA
[02:44:23] [148/459] MMOM
[02:44:24] [149/459] PHUP
[02:44:25] [150/459] CCPI
[02:44:26] [151/459] CNTD
[02:44:27] [152/459] NLJR
[02:44:29] [153/459] SRNG
[02:44:29] [154/459] MHAL
[02:44:30] [155/459] PNSM
[02:44:31] [156/459] DRMY
[02:44:32] [157/459] CCMU
[02:44:33] [158/459] SCMY
[02:44:34] [159/459] PVSY
[02:44:36] [160/459] SDLM
[02:44:37] [161/459] ICCM
[02:44:37] [162/459] PYSU
[02:44:39] [163/459] GATM
[02:44:40] [164/459] WOTM
[02:44:41] [165/459] RKTS
[02:44:42] [166/459] PMTY
[02:44:43] [167/459] LYMS
[02:44:44] [168/459] TGCA
[02:44:46] [169/459] DSTA
[02:44:47] [170/459] CNGE
[02:44:47] [171/459] VSTG
[02:44:48] [172/459] GTCK
[02:44:49] [173/459] TGNT
[02:44:50] [174/459] ASLC
[02:44:51] [175/459] SSST
[02:44:52] [176/459] KBTT
[02:44:53] [177/459] HKCP
[02:44:54] [178/459] SWLC
[02:44:56] [179/459] RTND
[02:44:57] [180/459] PKKT
[02:44:57] [181/459] HSTK
[02:44:58] [182/459] SPTT
[02:44:59] [183/459] IMPM
[02:45:02] [184/459] SCMV
[02:45:03] [185/459] SPCT
[02:45:04] [186/459] JBCA
[02:45:05] [187/459] ATTR
[02:45:06] [188/459] SPMT
[02:45:07] [189/459] LCTM
[02:45:08] [190/459] SCVL
[02:45:09] [191/459] SCVT
[02:45:09] [192/459] KRIC
[02:45:10] [193/459] CTMG
[02:45:11] [194/459] ACNC
[02:45:12] [195/459] DMCK
[02:45:13] [196/459] KMTV
[02:45:14] [197/459] PFCJ
[02:45:15] [198/459] VNMD
[02:45:15] [199/459] VPCZ
[02:45:16] [200/459] SRYR
[02:45:17] [201/459] SYTR
[02:45:18] [202/459] GATR
[02:45:19] [203/459] URTR
[02:45:20] [204/459] MKSM
[02:45:21] [205/459] VSMH
[02:45:22] [206/459] SKRJ
[02:45:22] [207/459] SSJR
[02:45:23] [208/459] SVSM
[02:45:24] [209/459] RUCM
[02:45:25] [210/459] PRKN
[02:45:26] [211/459] RROH
[02:45:27] [212/459] SCTN
[02:45:28] [213/459] RTDM
[02:45:29] [214/459] ASRM
[02:45:30] [215/459] SKMD
[02:45:31] [216/459] SUTD
[02:45:31] [217/459] SADM
[02:45:32] [218/459] WCNR
[02:45:34] [219/459] CNED
[02:45:35] [220/459] MPDB
[02:45:35] [221/459] KTBH
[02:45:36] [222/459] IDRM
[02:45:38] [223/459] PJJT
[02:45:39] [224/459] PFCV
[02:45:39] [225/459] AACT
[02:45:40] [226/459] AAAD
[02:45:41] [227/459] ANES
[02:45:42] [228/459] MNCA
[02:45:43] [229/459] RMGU
[02:45:44] [230/459] DLCN
[02:45:44] [231/459] LJWT
[02:45:46] [232/459] MCBG
[02:45:47] [233/459] MYBG
[02:45:47] [234/459] GCCA
[02:45:49] [235/459] GCGA
[02:45:50] [236/459] ECGN
[02:45:51] [237/459] PRAB
[02:45:52] [238/459] PNMP
[02:45:52] [239/459] GCPT
[02:45:53] [240/459] ROYN
[02:45:54] [241/459] VATM
[02:45:55] [242/459] KSNT
[02:45:56] [243/459] ACTC
[02:45:57] [244/459] PLTD
[02:45:58] [245/459] SKMK
[02:45:59] [246/459] CMTT
[02:46:00] [247/459] SMXP
[02:46:02] [248/459] SCMX
[02:46:03] [249/459] ACXN
[02:46:04] [250/459] ASWT
[02:46:05] [251/459] VVVL
[02:46:06] [252/459] NAGO
[02:46:07] [253/459] SNCN
[02:46:08] [254/459] MCKP
[02:46:09] [255/459] SAMO
[02:46:10] [256/459] JBTV
[02:46:10] [257/459] DCVV
[02:46:11] [258/459] KMSV
[02:46:13] [259/459] KDCN
[02:46:14] [260/459] CNCP
[02:46:15] [261/459] HAMC
[02:46:15] [262/459] CCVZ
[02:46:16] [263/459] NCCK
[02:46:17] [264/459] MCHR
[02:46:18] [265/459] SCHT
[02:46:19] [266/459] ESSH
[02:46:20] [267/459] CUJC
[02:46:21] [268/459] PECP
[02:46:22] [269/459] PMMI
[02:46:23] [270/459] PCCH
[02:46:24] [271/459] PRPM
[02:46:25] [272/459] PVKL
[02:46:26] [273/459] CBSM
[02:46:27] [274/459] PVCZ
[02:46:28] [275/459] PCVV
[02:46:28] [276/459] CTMJ
[02:46:29] [277/459] RCPS
[02:46:30] [278/459] PCIT
[02:46:31] [279/459] FNCH
[02:46:31] [280/459] INZD
[02:46:33] [281/459] INPC
[02:46:33] [282/459] LCZP
[02:46:34] [283/459] SMCB
[02:46:35] [284/459] PTSB
[02:46:36] [285/459] TPSI
[02:46:37] [286/459] KHMJ
[02:46:38] [287/459] RCCJ
[02:46:38] [288/459] NCJA
[02:46:39] [289/459] NCJN
[02:46:41] [290/459] BTDP
[02:46:42] [291/459] PADY
[02:46:43] [292/459] NYBH
[02:46:44] [293/459] MTBR
[02:46:46] [294/459] KRBC
[02:46:47] [295/459] DKTI
[02:46:48] [296/459] ANAN
[02:46:49] [297/459] INBP
[02:46:50] [298/459] PATB
[02:46:51] [299/459] RGNT
[02:46:52] [300/459] CGPM
[02:46:53] [301/459] INTN
[02:46:54] [302/459] MCMP
[02:46:55] [303/459] ASRG
[02:46:56] [304/459] CXJD
[02:46:57] [305/459] SPCP
[02:46:57] [306/459] CSTP
[02:46:58] [307/459] PKVC
[02:46:59] [308/459] ESCP
[02:47:00] [309/459] CAEP
[02:47:01] [310/459] CCSP
[02:47:02] [311/459] KTPC
[02:47:03] [312/459] DACA
[02:47:04] [313/459] NVKY
[02:47:04] [314/459] PTIN
[02:47:05] [315/459] SCIN
[02:47:06] [316/459] MCTY
[02:47:07] [317/459] PCMX
[02:47:08] [318/459] INIC
[02:47:09] [319/459] MMZM
[02:47:09] [320/459] SSLP
[02:47:10] [321/459] DTDT
[02:47:11] [322/459] FFCX
[02:47:12] [323/459] RCMM
[02:47:13] [324/459] KYID
[02:47:14] [325/459] CSCI
[02:47:14] [326/459] FCMC
[02:47:15] [327/459] MMXI
[02:47:16] [328/459] ASTC
[02:47:17] [329/459] CMRA
[02:47:18] [330/459] DICI
[02:47:19] [331/459] KDIN
[02:47:19] [332/459] PRFI
[02:47:20] [333/459] SVFC
[02:47:21] [334/459] UCPL
[02:47:22] [335/459] COOC
[02:47:23] [336/459] SCAL
[02:47:24] [337/459] SVFF
[02:47:25] [338/459] VCMG
[02:47:26] [339/459] UUCT
[02:47:26] [340/459] GCSE
[02:47:27] [341/459] SUSC
[02:47:28] [342/459] MISC
[02:47:29] [343/459] RMBL
[02:47:30] [344/459] CMXN
[02:47:31] [345/459] PVBK
[02:47:31] [346/459] HHCG
[02:47:32] [347/459] SCAG
[02:47:33] [348/459] CNPR
[02:47:34] [349/459] CSER
[02:47:35] [350/459] HLWD
[02:47:36] [351/459] BOLY
[02:47:37] [352/459] SSPG
[02:47:37] [353/459] MUPX
[02:47:38] [354/459] HAMR
[02:47:39] [355/459] SDNC
[02:47:40] [356/459] RTEN
[02:47:41] [357/459] SDTD
[02:47:42] [358/459] KAWS
[02:47:43] [359/459] CMZX
[02:47:43] [360/459] DCDD
[02:47:44] [361/459] ALSN
[02:47:45] [362/459] IMXS
[02:47:46] [363/459] PVFF
[02:47:47] [364/459] PVOO
[02:47:48] [365/459] CFBS
[02:47:48] [366/459] PVER
[02:47:49] [367/459] PPNX
[02:47:50] [368/459] CNRM
[02:47:51] [369/459] PVWW
[02:47:52] [370/459] INMB
[02:47:53] [371/459] CPJR
[02:47:54] [372/459] INRZ
[02:47:54] [373/459] PMSR
[02:47:55] [374/459] GPGM
[02:47:56] [375/459] PGWB
[02:47:58] [376/459] PMBR
[02:47:58] [377/459] GPAM
[02:47:59] [378/459] INBC
[02:48:00] [379/459] PZVK
[02:48:01] [380/459] CPEB
[02:48:02] [381/459] FMLB
[02:48:03] [382/459] INBG
[02:48:05] [383/459] GPBR
[02:48:05] [384/459] PAAS
[02:48:06] [385/459] VTBR
[02:48:07] [386/459] GPMY
[02:48:08] [387/459] GYBU
[02:48:09] [388/459] INBJ
[02:48:10] [389/459] LKTH
[02:48:11] [390/459] NSBR
[02:48:12] [391/459] PDRD
[02:48:13] [392/459] VRBL
[02:48:14] [393/459] VTGB
[02:48:15] [394/459] VTSK
[02:48:16] [395/459] BKDV
[02:48:17] [396/459] SVTB
[02:48:17] [397/459] MLDT
[02:48:18] [398/459] NRBL
[02:48:19] [399/459] SLTR
[02:48:20] [400/459] VNKA
[02:48:21] [401/459] TDCA
[02:48:22] [402/459] INBM
[02:48:23] [403/459] SSNR
[02:48:23] [404/459] BHAC
[02:48:24] [405/459] SDSD
[02:48:25] [406/459] SAMP
[02:48:26] [407/459] RATK
[02:48:27] [408/459] KCBI
[02:48:28] [409/459] URBL
[02:48:28] [410/459] MKBG
[02:48:29] [411/459] ASTB
[02:48:30] [412/459] VBWT
[02:48:31] [413/459] GPSM
[02:48:32] [414/459] ROON
[02:48:33] [415/459] CHTH
[02:48:34] [416/459] SSPA
[02:48:35] [417/459] ANBL
[02:48:36] [418/459] VTBE
[02:48:36] [419/459] SVKT
[02:48:37] [420/459] SVYK
[02:48:38] [421/459] PTBK
[02:48:39] [422/459] RKTB
[02:48:40] [423/459] BALT
[02:48:41] [424/459] STSV
[02:48:42] [425/459] VCCB
[02:48:43] [426/459] SLTB
[02:48:44] [427/459] SBCR
[02:48:45] [428/459] VDCS
[02:48:46] [429/459] MDKI
[02:48:46] [430/459] SMRN
[02:48:47] [431/459] PTBC
[02:48:48] [432/459] RADI
[02:48:49] [433/459] ADCR
[02:48:50] [434/459] SDCS
[02:48:51] [435/459] SRPJ
[02:48:52] [436/459] ARTS
[02:48:53] [437/459] SRHK
[02:48:53] [438/459] SPAY
[02:48:54] [439/459] GPTB
[02:48:55] [440/459] SNNN
[02:48:56] [441/459] BALJ
[02:48:58] [442/459] TRIG
[02:48:59] [443/459] GTYT
[02:49:00] [444/459] ATGN
[02:49:00] [445/459] ANTE
[02:49:02] [446/459] BDCG
[02:49:03] [447/459] VECI
[02:49:04] [448/459] SCPR
[02:49:04] [449/459] RTEA
[02:49:05] [450/459] JSAI
[02:49:06] [451/459] VJTP
[02:49:07] [452/459] GNDS
[02:49:08] [453/459] PAXA
[02:49:09] [454/459] CGGM
[02:49:10] [455/459] ACKZ
[02:49:10] [456/459] EMCC
[02:49:11] [457/459] KLSK
[02:49:12] [458/459] AVCK
[02:49:13] [459/459] JTCK
[02:49:14] ✅ DONE | Shows=0 | Movies=0
