[00:40:27] 🚀 BMS DAILY TRACKER STARTED
[00:40:27] [1/445] TGMR
[00:40:27] 🧠 New identity
[00:40:28] [2/445] CXKR
[00:40:29] [3/445] SROP
[00:40:30] [4/445] GTSV
[00:40:31] [5/445] SNTY
[00:40:32] [6/445] SMYY
[00:40:33] [7/445] CNCS
[00:40:34] [8/445] CSTM
[00:40:35] [9/445] NUCD
[00:40:36] [10/445] SHCZ
[00:40:37] [11/445] NJCT
[00:40:38] [12/445] COPC
[00:40:39] [13/445] STVV
[00:40:40] [14/445] SKRN
[00:40:41] [15/445] APPZ
[00:40:42] [16/445] YMGN
[00:40:42] [17/445] SVTU
[00:40:43] [18/445] GTAD
[00:40:44] [19/445] PSUS
[00:40:45] [20/445] SMCD
[00:40:46] [21/445] CMCM
[00:40:47] [22/445] SYCT
[00:40:48] [23/445] STLY
[00:40:48] [24/445] CMHU
[00:40:49] [25/445] CMSA
[00:40:50] [26/445] CLCU
[00:40:51] [27/445] PPNT
[00:40:53] [28/445] JTAB
[00:40:54] [29/445] BUUC
[00:40:55] [30/445] BSVK
[00:40:55] [31/445] VVVQ
[00:40:56] [32/445] TKMU
[00:40:57] [33/445] ESYL
[00:40:59] [34/445] ACHP
[00:41:00] [35/445] BTKD
[00:41:01] [36/445] DESA
[00:41:02] [37/445] GBCT
[00:41:04] [38/445] BLLD
[00:41:05] [39/445] SKNT
[00:41:05] [40/445] SSTE
[00:41:06] [41/445] VJMR
[00:41:07] [42/445] NTPU
[00:41:08] [43/445] RDKN
[00:41:09] [44/445] ADGC
[00:41:10] [45/445] VRBP
[00:41:10] [46/445] NMNA
[00:41:11] [47/445] CMMX
[00:41:12] [48/445] PTKO
[00:41:13] [49/445] RBML
[00:41:13] [50/445] SAIC
[00:41:15] [51/445] SVTJ
[00:41:16] [52/445] MRTE
[00:41:17] [53/445] RBTP
[00:41:18] [54/445] NLPS
[00:41:19] [55/445] GTNA
[00:41:20] [56/445] DGGC
[00:41:21] [57/445] SMCR
[00:41:22] [58/445] SCGD
[00:41:23] [59/445] SRRJ
[00:41:24] [60/445] CNRY
[00:41:24] [61/445] KTDI
[00:41:26] [62/445] SNJL
[00:41:26] [63/445] RKMD
[00:41:28] [64/445] SMDC
[00:41:29] [65/445] TADG
[00:41:30] [66/445] MCGS
[00:41:31] [67/445] PETK
[00:41:32] [68/445] CHAG
[00:41:33] [69/445] KSTL
[00:41:33] [70/445] AADS
[00:41:34] [71/445] NTHZ
[00:41:36] [72/445] HCKI
[00:41:37] [73/445] SSEF
[00:41:38] [74/445] MCGX
[00:41:39] [75/445] ERRA
[00:41:39] [76/445] SDTW
[00:41:40] [77/445] RMPK
[00:41:42] [78/445] PTHK
[00:41:43] [79/445] PXCS
[00:41:44] [80/445] SVLU
[00:41:44] [81/445] STAH
[00:41:45] [82/445] JRGF
[00:41:46] [83/445] CDOK
[00:41:47] [84/445] CMSG
[00:41:48] [85/445] APTD
[00:41:49] [86/445] KMPG
[00:41:50] [87/445] MUTJ
[00:41:51] [88/445] VCCI
[00:41:52] [89/445] URBE
[00:41:53] [90/445] TCTS
[00:41:53] [91/445] STSN
[00:41:54] [92/445] AKCH
[00:41:55] [93/445] APSC
[00:41:56] [94/445] VLTB
[00:41:57] [95/445] SANU
[00:41:58] [96/445] AXAM
[00:41:59] [97/445] MGMG
[00:42:00] [98/445] HTBY
[00:42:01] [99/445] MMZS
[00:42:02] [100/445] SUDR
[00:42:03] [101/445] CCAD
[00:42:04] [102/445] SKKC
[00:42:05] [103/445] RMCD
[00:42:06] [104/445] SBCQ
[00:42:07] [105/445] DCCT
[00:42:08] [106/445] VTKP
[00:42:09] [107/445] MLAM
[00:42:10] [108/445] SAVT
[00:42:11] [109/445] GEPL
[00:42:12] [110/445] AMCD
[00:42:13] [111/445] CCXR
[00:42:14] [112/445] GRNG
[00:42:14] [113/445] EBCA
[00:42:15] [114/445] CNVG
[00:42:16] [115/445] MWSS
[00:42:17] [116/445] VBOR
[00:42:19] [117/445] NEEB
[00:42:20] [118/445] SUTH
[00:42:21] [119/445] ANDB
[00:42:22] [120/445] MMXS
[00:42:24] [121/445] CNPD
[00:42:24] [122/445] SDCE
[00:42:25] [123/445] DHCB
[00:42:26] [124/445] ODEN
[00:42:27] [125/445] TNTC
[00:42:28] [126/445] VBKM
[00:42:29] [127/445] RZYM
[00:42:30] [128/445] JEMC
[00:42:31] [129/445] CMAU
[00:42:32] [130/445] SIVP
[00:42:32] [131/445] ATAG
[00:42:33] [132/445] CHTM
[00:42:34] [133/445] AAEE
[00:42:35] [134/445] IWPM
[00:42:35] [135/445] KCMW
[00:42:36] [136/445] MCTD
[00:42:37] [137/445] SPWR
[00:42:38] [138/445] SDPO
[00:42:39] [139/445] PCSK
[00:42:41] [140/445] ACHV
[00:42:42] [141/445] SVLA
[00:42:43] [142/445] PICT
[00:42:45] [143/445] BXDR
[00:42:46] [144/445] SPWA
[00:42:46] [145/445] MCKO
[00:42:47] [146/445] RTHK
[00:42:49] [147/445] CCMF
[00:42:49] [148/445] MRGB
[00:42:51] [149/445] CPLC
[00:42:52] [150/445] RACD
[00:42:53] [151/445] ATKT
[00:42:54] [152/445] SARN
[00:42:55] [153/445] KKUI
[00:42:57] [154/445] RGCM
[00:42:57] [155/445] BRVP
[00:42:58] [156/445] HRSR
[00:42:59] [157/445] GKGM
[00:43:00] [158/445] TTCD
[00:43:01] [159/445] PTTI
[00:43:02] [160/445] MPTT
[00:43:03] [161/445] CVTT
[00:43:03] [162/445] PCXD
[00:43:04] [163/445] GCDC
[00:43:05] [164/445] CCCF
[00:43:06] [165/445] MRAD
[00:43:07] [166/445] CPLK
[00:43:08] [167/445] SATB
[00:43:09] [168/445] SNVG
[00:43:10] [169/445] JMBA
[00:43:11] [170/445] TEJA
[00:43:12] [171/445] STYO
[00:43:13] [172/445] JTBP
[00:43:14] [173/445] KRGD
[00:43:15] [174/445] SLJJ
[00:43:16] [175/445] SPTJ
[00:43:17] [176/445] SWJG
[00:43:18] [177/445] LKRT
[00:43:18] [178/445] KCKA
[00:43:20] [179/445] SNCR
[00:43:21] [180/445] SMKL
[00:43:22] [181/445] GCFA
[00:43:23] [182/445] DDCK
[00:43:23] [183/445] NCHJ
[00:43:24] [184/445] RDMA
[00:43:25] [185/445] SVSV
[00:43:26] [186/445] SCJG
[00:43:27] [187/445] VKLP
[00:43:28] [188/445] NWCC
[00:43:29] [189/445] VKNS
[00:43:29] [190/445] SDDP
[00:43:30] [191/445] ACSI
[00:43:31] [192/445] SATG
[00:43:32] [193/445] SCMW
[00:43:34] [194/445] LKTK
[00:43:35] [195/445] VCKV
[00:43:35] [196/445] KKPE
[00:43:36] [197/445] KIGH
[00:43:37] [198/445] SRPM
[00:43:38] [199/445] SCAH
[00:43:39] [200/445] MUTA
[00:43:40] [201/445] SEPU
[00:43:41] [202/445] INOA
[00:43:41] [203/445] BASK
[00:43:42] [204/445] NECB
[00:43:44] [205/445] GTTG
[00:43:45] [206/445] ASSA
[00:43:46] [207/445] ANCL
[00:43:47] [208/445] GCTI
[00:43:48] [209/445] RCTS
[00:43:49] [210/445] ACNL
[00:43:49] [211/445] MYCT
[00:43:50] [212/445] NMHT
[00:43:51] [213/445] MDIT
[00:43:52] [214/445] LATG
[00:43:54] [215/445] SMTY
[00:43:55] [216/445] CVCT
[00:43:56] [217/445] RAMB
[00:43:57] [218/445] TGMS
[00:43:58] [219/445] BHEL
[00:43:58] [220/445] SHCT
[00:43:59] [221/445] SVCT
[00:44:00] [222/445] MRIY
[00:44:01] [223/445] SARO
[00:44:02] [224/445] STCT
[00:44:03] [225/445] JKKC
[00:44:04] [226/445] PLTT
[00:44:05] [227/445] SRNT
[00:44:07] [228/445] YAST
[00:44:08] [229/445] PERL
[00:44:09] [230/445] CICM
[00:44:10] [231/445] MMTR
[00:44:11] [232/445] ABTK
[00:44:12] [233/445] ATYY
[00:44:13] [234/445] ASTK
[00:44:15] [235/445] VVCK
[00:44:16] [236/445] ATKY
[00:44:17] [237/445] GWEK
[00:44:18] [238/445] SVFH
[00:44:19] [239/445] SLTA
[00:44:20] [240/445] AASH
[00:44:21] [241/445] ACXB
[00:44:22] [242/445] SMTX
[00:44:24] [243/445] AZDH
[00:44:25] [244/445] CMMH
[00:44:25] [245/445] SCSZ
[00:44:26] [246/445] SCKP
[00:44:28] [247/445] NXTM
[00:44:29] [248/445] NWCS
[00:44:30] [249/445] CXMH
[00:44:31] [250/445] PCMA
[00:44:32] [251/445] SGCM
[00:44:33] [252/445] SDTU
[00:44:33] [253/445] MMVI
[00:44:34] [254/445] JKCM
[00:44:35] [255/445] VCMM
[00:44:36] [256/445] SYEE
[00:44:38] [257/445] VASD
[00:44:39] [258/445] BDRB
[00:44:39] [259/445] LASM
[00:44:40] [260/445] DCRL
[00:44:41] [261/445] DVPM
[00:44:43] [262/445] SBMJ
[00:44:43] [263/445] CBMU
[00:44:44] [264/445] IUBS
[00:44:45] [265/445] INAP
[00:44:46] [266/445] SRRC
[00:44:48] [267/445] SAGR
[00:44:49] [268/445] CPMJ
[00:44:50] [269/445] ATJL
[00:44:50] [270/445] NNTD
[00:44:51] [271/445] JHCJ
[00:44:52] [272/445] CMMP
[00:44:54] [273/445] RSDR
[00:44:54] [274/445] AMTI
[00:44:55] [275/445] NYSG
[00:44:56] [276/445] AVSG
[00:44:57] [277/445] SYTP
[00:44:59] [278/445] LARC
[00:45:00] [279/445] RJTP
[00:45:01] [280/445] LAKC
[00:45:02] [281/445] MCXE
[00:45:03] [282/445] CCZC
[00:45:04] [283/445] AVCH
[00:45:06] [284/445] CMBE
[00:45:07] [285/445] MRRC
[00:45:08] [286/445] PCPY
[00:45:08] [287/445] SRMH
[00:45:10] [288/445] SVGS
[00:45:11] [289/445] PCSE
[00:45:12] [290/445] SVFT
[00:45:13] [291/445] TNZP
[00:45:14] [292/445] ICTP
[00:45:15] [293/445] ACTZ
[00:45:16] [294/445] GTUR
[00:45:17] [295/445] MAFC
[00:45:19] [296/445] MINL
[00:45:20] [297/445] MRCL
[00:45:21] [298/445] RCRP
[00:45:22] [299/445] RFFG
[00:45:23] [300/445] RMAS
[00:45:24] [301/445] INVR
[00:45:25] [302/445] RMAR
[00:45:26] [303/445] CNIS
[00:45:27] [304/445] RHRJ
[00:45:28] [305/445] INXR
[00:45:29] [306/445] VALT
[00:45:29] [307/445] LCSH
[00:45:30] [308/445] CMVS
[00:45:31] [309/445] CNMS
[00:45:33] [310/445] ROOG
[00:45:34] [311/445] ISRM
[00:45:35] [312/445] RCRM
[00:45:37] [313/445] ACJA
[00:45:39] [314/445] RCVS
[00:45:40] [315/445] CPUS
[00:45:41] [316/445] TGCS
[00:45:42] [317/445] RKCJ
[00:45:42] [318/445] MKSB
[00:45:43] [319/445] TCSJ
[00:45:44] [320/445] RMGP
[00:45:46] [321/445] CLLP
[00:45:48] [322/445] RCMV
[00:45:49] [323/445] CCKS
[00:45:49] [324/445] RSRP
[00:45:51] [325/445] APLP
[00:45:52] [326/445] CNVS
[00:45:52] [327/445] RMVY
[00:45:53] [328/445] PGBD
[00:45:54] [329/445] KLMS
[00:45:55] [330/445] RUST
[00:45:56] [331/445] MASM
[00:45:58] [332/445] BACS
[00:45:59] [333/445] BWST
[00:45:59] [334/445] RRFH
[00:46:00] [335/445] SJTM
[00:46:02] [336/445] BEMR
[00:46:02] [337/445] MCGR
[00:46:03] [338/445] SDSK
[00:46:04] [339/445] VBOL
[00:46:05] [340/445] RMGM
[00:46:06] [341/445] NOPL
[00:46:07] [342/445] MKJK
[00:46:08] [343/445] CVRN
[00:46:09] [344/445] MMEN
[00:46:10] [345/445] AMNG
[00:46:11] [346/445] INTM
[00:46:12] [347/445] SLCZ
[00:46:12] [348/445] AMJN
[00:46:13] [349/445] ACJN
[00:46:14] [350/445] AMKN
[00:46:16] [351/445] BTCN
[00:46:17] [352/445] AMBT
[00:46:19] [353/445] PACN
[00:46:19] [354/445] LCNS
[00:46:20] [355/445] PPKC
[00:46:21] [356/445] JYYN
[00:46:22] [357/445] JTNR
[00:46:24] [358/445] GTEE
[00:46:25] [359/445] SRNM
[00:46:26] [360/445] SDTC
[00:46:27] [361/445] VPCA
[00:46:27] [362/445] VLRA
[00:46:28] [363/445] SHKR
[00:46:29] [364/445] SBKD
[00:46:30] [365/445] SAAD
[00:46:32] [366/445] JTGN
[00:46:33] [367/445] SLAM
[00:46:34] [368/445] VTPM
[00:46:35] [369/445] ANPT
[00:46:35] [370/445] PUNB
[00:46:37] [371/445] CPKT
[00:46:37] [372/445] CNWE
[00:46:38] [373/445] ECPP
[00:46:39] [374/445] CPAR
[00:46:40] [375/445] ESBW
[00:46:41] [376/445] PKPU
[00:46:42] [377/445] CPRP
[00:46:43] [378/445] RAHU
[00:46:44] [379/445] RHMN
[00:46:44] [380/445] FMJP
[00:46:45] [381/445] CTMP
[00:46:47] [382/445] INPN
[00:46:48] [383/445] STTG
[00:46:49] [384/445] CTRD
[00:46:50] [385/445] PUVB
[00:46:50] [386/445] ESVP
[00:46:51] [387/445] CPFT
[00:46:52] [388/445] LCPC
[00:46:54] [389/445] VBCT
[00:46:55] [390/445] FSCW
[00:46:56] [391/445] VCMP
[00:46:56] [392/445] ASHC
[00:46:57] [393/445] VLCX
[00:46:58] [394/445] SHEV
[00:46:59] [395/445] APCO
[00:46:59] [396/445] SILC
[00:47:00] [397/445] SNMR
[00:47:02] [398/445] KYBO
[00:47:03] [399/445] SATK
[00:47:04] [400/445] SSCS
[00:47:05] [401/445] CLSB
[00:47:06] [402/445] KMJR
[00:47:07] [403/445] FSCK
[00:47:08] [404/445] NNKA
[00:47:08] [405/445] CLMK
[00:47:09] [406/445] DMPZ
[00:47:10] [407/445] INQM
[00:47:11] [408/445] CAML
[00:47:12] [409/445] INRK
[00:47:13] [410/445] IMKN
[00:47:13] [411/445] SVNR
[00:47:15] [412/445] INSL
[00:47:16] [413/445] MSMA
[00:47:17] [414/445] MCKK
[00:47:18] [415/445] FCHP
[00:47:19] [416/445] SFCR
[00:47:20] [417/445] NACK
[00:47:21] [418/445] PVAK
[00:47:21] [419/445] INER
[00:47:22] [420/445] RDBK
[00:47:23] [421/445] SVFN
[00:47:25] [422/445] IFRM
[00:47:26] [423/445] ATCK
[00:47:27] [424/445] ASKO
[00:47:28] [425/445] STKT
[00:47:29] [426/445] SVFB
[00:47:30] [427/445] INKS
[00:47:31] [428/445] PCRA
[00:47:32] [429/445] ATJA
[00:47:33] [430/445] IMJN
[00:47:34] [431/445] INHD
[00:47:35] [432/445] BARA
[00:47:36] [433/445] MCSL
[00:47:38] [434/445] RTOY
[00:47:38] [435/445] MENO
[00:47:39] [436/445] PUDM
[00:47:40] [437/445] PRCN
[00:47:41] [438/445] JMJR
[00:47:42] [439/445] SSGK
[00:47:43] [440/445] SSRL
[00:47:44] [441/445] JYKL
[00:47:45] [442/445] ACNB
[00:47:46] [443/445] SONP
[00:47:47] [444/445] EMCI
[00:47:48] [445/445] MRJH
[00:47:49] ✅ DONE | Shows=0 | Movies=0
