[00:40:28] 🚀 BMS DAILY TRACKER STARTED
[00:40:28] [1/459] FNDB
[00:40:28] 🧠 New identity
[00:40:29] [2/459] AMBH
[00:40:30] [3/459] PRHN
[00:40:31] [4/459] ACPM
[00:40:32] [5/459] PVFS
[00:40:32] [6/459] AACN
[00:40:33] [7/459] ACAS
[00:40:34] [8/459] CTNR
[00:40:35] [9/459] MMAH
[00:40:36] [10/459] CPMH
[00:40:37] [11/459] IGMH
[00:40:39] [12/459] ABCS
[00:40:40] [13/459] CMMA
[00:40:41] [14/459] GPRH
[00:40:43] [15/459] PNNG
[00:40:44] [16/459] AMCA
[00:40:45] [17/459] ISTN
[00:40:46] [18/459] PIIC
[00:40:47] [19/459] AHMH
[00:40:47] [20/459] ASHN
[00:40:48] [21/459] INHY
[00:40:49] [22/459] SRMO
[00:40:50] [23/459] PIMH
[00:40:51] [24/459] PVTS
[00:40:52] [25/459] MMCA
[00:40:52] [26/459] AKYJ
[00:40:53] [27/459] BRKH
[00:40:54] [28/459] MAHM
[00:40:56] [29/459] CPHY
[00:40:57] [30/459] PVTP
[00:40:58] [31/459] SMMR
[00:40:58] [32/459] PVHM
[00:40:59] [33/459] SNDY
[00:41:00] [34/459] GOKU
[00:41:01] [35/459] ACEV
[00:41:02] [36/459] PVUM
[00:41:03] [37/459] VSWA
[00:41:05] [38/459] IPRS
[00:41:06] [39/459] ASGN
[00:41:07] [40/459] BKMV
[00:41:08] [41/459] PVYH
[00:41:09] [42/459] INKM
[00:41:09] [43/459] ARJU
[00:41:10] [44/459] JJPP
[00:41:11] [45/459] SSRM
[00:41:12] [46/459] HMHD
[00:41:13] [47/459] SNKH
[00:41:14] [48/459] ACHI
[00:41:15] [49/459] MRAA
[00:41:16] [50/459] INMH
[00:41:17] [51/459] ARMH
[00:41:18] [52/459] DVRR
[00:41:19] [53/459] SUDA
[00:41:19] [54/459] MCSS
[00:41:20] [55/459] VRKC
[00:41:21] [56/459] PRCX
[00:41:22] [57/459] ASJY
[00:41:23] [58/459] MTHY
[00:41:24] [59/459] SRCM
[00:41:25] [60/459] TVHY
[00:41:26] [61/459] STHD
[00:41:27] [62/459] CPCL
[00:41:28] [63/459] PSMJ
[00:41:29] [64/459] MRGT
[00:41:30] [65/459] ARYH
[00:41:31] [66/459] VTRB
[00:41:32] [67/459] SCHC
[00:41:34] [68/459] MRRG
[00:41:35] [69/459] SPCB
[00:41:35] [70/459] AMCM
[00:41:36] [71/459] IVNM
[00:41:37] [72/459] TRHY
[00:41:39] [73/459] PTTH
[00:41:39] [74/459] RKMH
[00:41:40] [75/459] PRCS
[00:41:41] [76/459] VAJA
[00:41:42] [77/459] BJNG
[00:41:43] [78/459] SCVM
[00:41:44] [79/459] GNHB
[00:41:45] [80/459] TLUR
[00:41:46] [81/459] UKCC
[00:41:47] [82/459] SRKR
[00:41:48] [83/459] RMKN
[00:41:49] [84/459] SLRT
[00:41:50] [85/459] LKMT
[00:41:50] [86/459] SSRJ
[00:41:51] [87/459] SPHT
[00:41:52] [88/459] ANTT
[00:41:53] [89/459] SRCH
[00:41:54] [90/459] SRCA
[00:41:54] [91/459] ARTH
[00:41:56] [92/459] MCBH
[00:41:57] [93/459] SNIB
[00:41:57] [94/459] SART
[00:41:58] [95/459] SKTA
[00:41:59] [96/459] YAKT
[00:42:00] [97/459] MLCK
[00:42:01] [98/459] ANTS
[00:42:02] [99/459] DGCA
[00:42:03] [100/459] SGMP
[00:42:04] [101/459] ASWN
[00:42:05] [102/459] KFVU
[00:42:06] [103/459] POOR
[00:42:07] [104/459] GKDN
[00:42:07] [105/459] EOSE
[00:42:08] [106/459] GTTT
[00:42:09] [107/459] ARRO
[00:42:10] [108/459] CMMK
[00:42:11] [109/459] MSCN
[00:42:11] [110/459] GDKH
[00:42:13] [111/459] DLMT
[00:42:13] [112/459] PVMF
[00:42:14] [113/459] CPCK
[00:42:15] [114/459] VMHE
[00:42:16] [115/459] PVLC
[00:42:17] [116/459] PCVB
[00:42:18] [117/459] SNYK
[00:42:19] [118/459] KTEK
[00:42:20] [119/459] PCNM
[00:42:21] [120/459] NTTR
[00:42:22] [121/459] CPSK
[00:42:22] [122/459] JMMA
[00:42:23] [123/459] GCFK
[00:42:24] [124/459] MYCA
[00:42:25] [125/459] KSNP
[00:42:26] [126/459] PMCE
[00:42:27] [127/459] SCKI
[00:42:28] [128/459] FSMA
[00:42:29] [129/459] CETA
[00:42:30] [130/459] MCIK
[00:42:30] [131/459] MYCR
[00:42:31] [132/459] EVMP
[00:42:32] [133/459] SSGT
[00:42:33] [134/459] KCTK
[00:42:34] [135/459] ZTKC
[00:42:34] [136/459] MMTA
[00:42:35] [137/459] MAJT
[00:42:36] [138/459] ACPK
[00:42:37] [139/459] JMAX
[00:42:37] [140/459] SETK
[00:42:38] [141/459] CAIS
[00:42:39] [142/459] AGCD
[00:42:40] [143/459] URCL
[00:42:41] [144/459] VTDS
[00:42:42] [145/459] JCNM
[00:42:43] [146/459] KCAM
[00:42:44] [147/459] ADCU
[00:42:45] [148/459] GXYN
[00:42:46] [149/459] SMJG
[00:42:47] [150/459] EYCJ
[00:42:48] [151/459] CCEJ
[00:42:48] [152/459] MARS
[00:42:50] [153/459] CPVJ
[00:42:51] [154/459] INVP
[00:42:52] [155/459] CPOV
[00:42:53] [156/459] VIJK
[00:42:54] [157/459] LAIM
[00:42:54] [158/459] STHV
[00:42:55] [159/459] SVLJ
[00:42:56] [160/459] ATVJ
[00:42:57] [161/459] JTSC
[00:42:58] [162/459] RMTV
[00:42:59] [163/459] MGGG
[00:43:00] [164/459] SWTH
[00:43:02] [165/459] INVJ
[00:43:03] [166/459] PRSV
[00:43:03] [167/459] JATV
[00:43:04] [168/459] RCVD
[00:43:06] [169/459] BDMA
[00:43:06] [170/459] BLJI
[00:43:07] [171/459] SWOT
[00:43:08] [172/459] SWRN
[00:43:09] [173/459] TVRA
[00:43:10] [174/459] VCSV
[00:43:11] [175/459] NVRN
[00:43:12] [176/459] SIKC
[00:43:12] [177/459] VAKR
[00:43:13] [178/459] SYLN
[00:43:14] [179/459] KLJL
[00:43:15] [180/459] LKMY
[00:43:16] [181/459] VSLY
[00:43:17] [182/459] CIKO
[00:43:18] [183/459] GPBG
[00:43:19] [184/459] CECM
[00:43:19] [185/459] SLKB
[00:43:21] [186/459] MTBO
[00:43:22] [187/459] SSHB
[00:43:23] [188/459] VPCS
[00:43:24] [189/459] RCSR
[00:43:25] [190/459] RJRM
[00:43:26] [191/459] KPPB
[00:43:27] [192/459] SEDC
[00:43:27] [193/459] SCAI
[00:43:28] [194/459] RMTR
[00:43:29] [195/459] ASST
[00:43:30] [196/459] GCAK
[00:43:31] [197/459] ANNK
[00:43:32] [198/459] KDDF
[00:43:33] [199/459] NRDP
[00:43:34] [200/459] PLAK
[00:43:35] [201/459] GCMC
[00:43:36] [202/459] ALPY
[00:43:37] [203/459] SICE
[00:43:38] [204/459] SISR
[00:43:39] [205/459] SRPZ
[00:43:40] [206/459] SRSW
[00:43:40] [207/459] SUYA
[00:43:41] [208/459] AMMT
[00:43:42] [209/459] BHCU
[00:43:43] [210/459] KLPA
[00:43:44] [211/459] NVKH
[00:43:45] [212/459] JMRC
[00:43:46] [213/459] KTTT
[00:43:46] [214/459] MAGH
[00:43:47] [215/459] MMMX
[00:43:49] [216/459] SALJ
[00:43:50] [217/459] GTJA
[00:43:51] [218/459] MAHT
[00:43:52] [219/459] SSNN
[00:43:52] [220/459] ARRP
[00:43:53] [221/459] ATNS
[00:43:54] [222/459] SKDT
[00:43:55] [223/459] ACAT
[00:43:55] [224/459] APRC
[00:43:56] [225/459] SWAG
[00:43:57] [226/459] SDPT
[00:43:58] [227/459] STPS
[00:43:59] [228/459] WWCZ
[00:44:00] [229/459] LLCH
[00:44:00] [230/459] MZHA
[00:44:02] [231/459] CRJG
[00:44:03] [232/459] JGTK
[00:44:04] [233/459] KCSR
[00:44:05] [234/459] CHTL
[00:44:06] [235/459] EDSR
[00:44:07] [236/459] CSWO
[00:44:08] [237/459] CPVM
[00:44:09] [238/459] MXBY
[00:44:09] [239/459] FMMA
[00:44:11] [240/459] POVI
[00:44:12] [241/459] MTHB
[00:44:13] [242/459] INRC
[00:44:14] [243/459] PIPP
[00:44:15] [244/459] BMXC
[00:44:15] [245/459] PCMM
[00:44:16] [246/459] PMKM
[00:44:17] [247/459] GATY
[00:44:18] [248/459] IMCM
[00:44:19] [249/459] POPE
[00:44:19] [250/459] MTCR
[00:44:21] [251/459] PVAE
[00:44:21] [252/459] PVMI
[00:44:22] [253/459] CPNM
[00:44:23] [254/459] FMRL
[00:44:24] [255/459] MCIW
[00:44:25] [256/459] MXBO
[00:44:26] [257/459] FMKY
[00:44:27] [258/459] FMDA
[00:44:28] [259/459] THAB
[00:44:28] [260/459] PRCW
[00:44:29] [261/459] PITI
[00:44:30] [262/459] MCFF
[00:44:30] [263/459] PDDV
[00:44:32] [264/459] MCRM
[00:44:33] [265/459] KKMB
[00:44:34] [266/459] INKO
[00:44:35] [267/459] PLXP
[00:44:36] [268/459] MMHA
[00:44:36] [269/459] FMVS
[00:44:37] [270/459] POLM
[00:44:38] [271/459] STER
[00:44:39] [272/459] PVWJ
[00:44:40] [273/459] IMJW
[00:44:41] [274/459] FNAN
[00:44:42] [275/459] CAGL
[00:44:43] [276/459] IPBG
[00:44:44] [277/459] SMFV
[00:44:45] [278/459] MMMR
[00:44:46] [279/459] MMWM
[00:44:47] [280/459] FNCM
[00:44:48] [281/459] MDVA
[00:44:49] [282/459] MMET
[00:44:50] [283/459] MIDO
[00:44:51] [284/459] INNP
[00:44:53] [285/459] MIFU
[00:44:53] [286/459] MMSZ
[00:44:54] [287/459] BMXA
[00:44:55] [288/459] MCAA
[00:44:56] [289/459] SCVP
[00:44:57] [290/459] PLUS
[00:44:58] [291/459] MUCK
[00:44:59] [292/459] MTMA
[00:45:00] [293/459] HPVR
[00:45:00] [294/459] PMPK
[00:45:01] [295/459] MAJB
[00:45:02] [296/459] CTRR
[00:45:03] [297/459] MCTG
[00:45:04] [298/459] MACE
[00:45:04] [299/459] AAAS
[00:45:05] [300/459] CPVV
[00:45:06] [301/459] RCHG
[00:45:07] [302/459] MCNE
[00:45:08] [303/459] EMNC
[00:45:08] [304/459] MCAN
[00:45:09] [305/459] TCDM
[00:45:10] [306/459] IRGT
[00:45:10] [307/459] GCMG
[00:45:11] [308/459] MXSN
[00:45:12] [309/459] MXCK
[00:45:14] [310/459] MCRC
[00:45:15] [311/459] RSMI
[00:45:15] [312/459] WAML
[00:45:16] [313/459] MTSC
[00:45:17] [314/459] FMDR
[00:45:19] [315/459] LEPV
[00:45:20] [316/459] MTGD
[00:45:20] [317/459] IMOB
[00:45:21] [318/459] CLMM
[00:45:22] [319/459] PZCD
[00:45:23] [320/459] GOCS
[00:45:24] [321/459] KCMA
[00:45:25] [322/459] CCMP
[00:45:26] [323/459] MTSU
[00:45:27] [324/459] SNGL
[00:45:28] [325/459] MMMC
[00:45:29] [326/459] MMAA
[00:45:29] [327/459] GCDM
[00:45:30] [328/459] KTMV
[00:45:31] [329/459] AETE
[00:45:32] [330/459] OMCS
[00:45:33] [331/459] GDCD
[00:45:34] [332/459] NYMD
[00:45:34] [333/459] RNCV
[00:45:36] [334/459] KKMT
[00:45:36] [335/459] GDTH
[00:45:37] [336/459] KMMV
[00:45:38] [337/459] NHCG
[00:45:39] [338/459] PJDW
[00:45:40] [339/459] MMCV
[00:45:41] [340/459] FQSA
[00:45:42] [341/459] KURL
[00:45:43] [342/459] NNNX
[00:45:44] [343/459] AMAU
[00:45:44] [344/459] VVVM
[00:45:45] [345/459] VECU
[00:45:46] [346/459] WCVR
[00:45:47] [347/459] MTGG
[00:45:48] [348/459] SGTG
[00:45:49] [349/459] MNTG
[00:45:50] [350/459] JDDG
[00:45:51] [351/459] MBTK
[00:45:51] [352/459] SGCD
[00:45:52] [353/459] MCTC
[00:45:53] [354/459] JTPC
[00:45:54] [355/459] SDKT
[00:45:55] [356/459] KRCC
[00:45:56] [357/459] RMMD
[00:45:57] [358/459] AAME
[00:45:58] [359/459] TMWC
[00:45:58] [360/459] NRWY
[00:45:59] [361/459] CITD
[00:46:00] [362/459] VERD
[00:46:01] [363/459] MKSK
[00:46:02] [364/459] STSM
[00:46:03] [365/459] MJDG
[00:46:04] [366/459] RKPM
[00:46:05] [367/459] SSCE
[00:46:05] [368/459] VMAE
[00:46:06] [369/459] SBRU
[00:46:07] [370/459] AMBC
[00:46:07] [371/459] AMLU
[00:46:08] [372/459] INVZ
[00:46:09] [373/459] LGTV
[00:46:10] [374/459] SVAD
[00:46:11] [375/459] SMSA
[00:46:11] [376/459] SPCZ
[00:46:12] [377/459] GTCX
[00:46:13] [378/459] SCSL
[00:46:15] [379/459] SAHU
[00:46:15] [380/459] NCDA
[00:46:16] [381/459] SCCG
[00:46:17] [382/459] VKTL
[00:46:18] [383/459] PUUJ
[00:46:19] [384/459] STEJ
[00:46:20] [385/459] RJAL
[00:46:21] [386/459] ACJC
[00:46:22] [387/459] VTHC
[00:46:23] [388/459] ARVB
[00:46:24] [389/459] AUBB
[00:46:25] [390/459] GDBR
[00:46:26] [391/459] PVND
[00:46:26] [392/459] BGRJ
[00:46:27] [393/459] RJMM
[00:46:28] [394/459] MCSA
[00:46:29] [395/459] BODA
[00:46:30] [396/459] JAGG
[00:46:31] [397/459] SCGA
[00:46:31] [398/459] LRCM
[00:46:33] [399/459] CPCN
[00:46:34] [400/459] SSTF
[00:46:36] [401/459] SRXP
[00:46:37] [402/459] CNFX
[00:46:37] [403/459] ANDI
[00:46:38] [404/459] SYEW
[00:46:39] [405/459] RCRE
[00:46:41] [406/459] SCRW
[00:46:41] [407/459] MBKR
[00:46:42] [408/459] ASNT
[00:46:43] [409/459] JTMT
[00:46:44] [410/459] SHAY
[00:46:45] [411/459] VRTH
[00:46:46] [412/459] SPTI
[00:46:47] [413/459] DPTD
[00:46:47] [414/459] TGSN
[00:46:48] [415/459] RCWV
[00:46:49] [416/459] OCUR
[00:46:50] [417/459] KSTC
[00:46:51] [418/459] SANI
[00:46:52] [419/459] MLCA
[00:46:53] [420/459] EGCA
[00:46:54] [421/459] SYSN
[00:46:54] [422/459] PKTA
[00:46:55] [423/459] PRCC
[00:46:56] [424/459] KSTR
[00:46:57] [425/459] SNTP
[00:46:58] [426/459] RCHA
[00:46:59] [427/459] SEEA
[00:47:00] [428/459] ALAT
[00:47:01] [429/459] AATV
[00:47:03] [430/459] RJTE
[00:47:04] [431/459] AAPP
[00:47:04] [432/459] PMMH
[00:47:06] [433/459] INRJ
[00:47:07] [434/459] SARB
[00:47:08] [435/459] PCJL
[00:47:09] [436/459] PFJJ
[00:47:10] [437/459] GRDC
[00:47:11] [438/459] BCBA
[00:47:12] [439/459] VIXL
[00:47:13] [440/459] CSTL
[00:47:14] [441/459] MTDK
[00:47:15] [442/459] TDAC
[00:47:16] [443/459] GTDN
[00:47:17] [444/459] TTDE
[00:47:18] [445/459] ASTS
[00:47:19] [446/459] CPNS
[00:47:20] [447/459] PVVW
[00:47:21] [448/459] USEB
[00:47:22] [449/459] DTYN
[00:47:23] [450/459] PVLE
[00:47:24] [451/459] CIPS
[00:47:24] [452/459] PAEG
[00:47:25] [453/459] PTCW
[00:47:26] [454/459] G3SR
[00:47:27] [455/459] PGND
[00:47:28] [456/459] INVM
[00:47:29] [457/459] SPIA
[00:47:29] [458/459] PCSN
[00:47:30] [459/459] PPGV
[00:47:31] ✅ DONE | Shows=2 | Movies=2
[01:44:28] 🚀 BMS DAILY TRACKER STARTED
[01:44:28] [1/459] FNDB
[01:44:28] 🧠 New identity
[01:44:29] [2/459] AMBH
[01:44:30] [3/459] PRHN
[01:44:31] [4/459] ACPM
[01:44:32] [5/459] PVFS
[01:44:34] [6/459] AACN
[01:44:34] [7/459] ACAS
[01:44:35] [8/459] CTNR
[01:44:36] [9/459] MMAH
[01:44:37] [10/459] CPMH
[01:44:37] [11/459] IGMH
[01:44:38] [12/459] ABCS
[01:44:40] [13/459] CMMA
[01:44:41] [14/459] GPRH
[01:44:41] [15/459] PNNG
[01:44:42] [16/459] AMCA
[01:44:43] [17/459] ISTN
[01:44:44] [18/459] PIIC
[01:44:45] [19/459] AHMH
[01:44:46] [20/459] ASHN
[01:44:47] [21/459] INHY
[01:44:48] [22/459] SRMO
[01:44:49] [23/459] PIMH
[01:44:50] [24/459] PVTS
[01:44:51] [25/459] MMCA
[01:44:52] [26/459] AKYJ
[01:44:53] [27/459] BRKH
[01:44:54] [28/459] MAHM
[01:44:55] [29/459] CPHY
[01:44:56] [30/459] PVTP
[01:44:57] [31/459] SMMR
[01:44:58] [32/459] PVHM
[01:44:59] [33/459] SNDY
[01:45:00] [34/459] GOKU
[01:45:01] [35/459] ACEV
[01:45:03] [36/459] PVUM
[01:45:03] [37/459] VSWA
[01:45:04] [38/459] IPRS
[01:45:05] [39/459] ASGN
[01:45:06] [40/459] BKMV
[01:45:07] [41/459] PVYH
[01:45:08] [42/459] INKM
[01:45:09] [43/459] ARJU
[01:45:10] [44/459] JJPP
[01:45:10] [45/459] SSRM
[01:45:11] [46/459] HMHD
[01:45:12] [47/459] SNKH
[01:45:13] [48/459] ACHI
[01:45:14] [49/459] MRAA
[01:45:15] [50/459] INMH
[01:45:16] [51/459] ARMH
[01:45:17] [52/459] DVRR
[01:45:18] [53/459] SUDA
[01:45:19] [54/459] MCSS
[01:45:20] [55/459] VRKC
[01:45:21] [56/459] PRCX
[01:45:23] [57/459] ASJY
[01:45:23] [58/459] MTHY
[01:45:25] [59/459] SRCM
[01:45:26] [60/459] TVHY
[01:45:27] [61/459] STHD
[01:45:28] [62/459] CPCL
[01:45:29] [63/459] PSMJ
[01:45:30] [64/459] MRGT
[01:45:31] [65/459] ARYH
[01:45:33] [66/459] VTRB
[01:45:33] [67/459] SCHC
[01:45:34] [68/459] MRRG
[01:45:35] [69/459] SPCB
[01:45:36] [70/459] AMCM
[01:45:37] [71/459] IVNM
[01:45:38] [72/459] TRHY
[01:45:39] [73/459] PTTH
[01:45:40] [74/459] RKMH
[01:45:40] [75/459] PRCS
[01:45:41] [76/459] VAJA
[01:45:42] [77/459] BJNG
[01:45:43] [78/459] SCVM
[01:45:44] [79/459] GNHB
[01:45:45] [80/459] TLUR
[01:45:46] [81/459] UKCC
[01:45:48] [82/459] SRKR
[01:45:49] [83/459] RMKN
[01:45:50] [84/459] SLRT
[01:45:51] [85/459] LKMT
[01:45:51] [86/459] SSRJ
[01:45:52] [87/459] SPHT
[01:45:53] [88/459] ANTT
[01:45:54] [89/459] SRCH
[01:45:55] [90/459] SRCA
[01:45:56] [91/459] ARTH
[01:45:57] [92/459] MCBH
[01:45:58] [93/459] SNIB
[01:45:59] [94/459] SART
[01:46:00] [95/459] SKTA
[01:46:01] [96/459] YAKT
[01:46:02] [97/459] MLCK
[01:46:03] [98/459] ANTS
[01:46:03] [99/459] DGCA
[01:46:04] [100/459] SGMP
[01:46:05] [101/459] ASWN
[01:46:06] [102/459] KFVU
[01:46:07] [103/459] POOR
[01:46:08] [104/459] GKDN
[01:46:09] [105/459] EOSE
[01:46:10] [106/459] GTTT
[01:46:11] [107/459] ARRO
[01:46:12] [108/459] CMMK
[01:46:13] [109/459] MSCN
[01:46:15] [110/459] GDKH
[01:46:16] [111/459] DLMT
[01:46:17] [112/459] PVMF
[01:46:18] [113/459] CPCK
[01:46:18] [114/459] VMHE
[01:46:19] [115/459] PVLC
[01:46:20] [116/459] PCVB
[01:46:21] [117/459] SNYK
[01:46:23] [118/459] KTEK
[01:46:24] [119/459] PCNM
[01:46:25] [120/459] NTTR
[01:46:26] [121/459] CPSK
[01:46:28] [122/459] JMMA
[01:46:28] [123/459] GCFK
[01:46:29] [124/459] MYCA
[01:46:30] [125/459] KSNP
[01:46:31] [126/459] PMCE
[01:46:33] [127/459] SCKI
[01:46:33] [128/459] FSMA
[01:46:34] [129/459] CETA
[01:46:35] [130/459] MCIK
[01:46:36] [131/459] MYCR
[01:46:36] [132/459] EVMP
[01:46:37] [133/459] SSGT
[01:46:38] [134/459] KCTK
[01:46:39] [135/459] ZTKC
[01:46:40] [136/459] MMTA
[01:46:41] [137/459] MAJT
[01:46:42] [138/459] ACPK
[01:46:43] [139/459] JMAX
[01:46:44] [140/459] SETK
[01:46:45] [141/459] CAIS
[01:46:46] [142/459] AGCD
[01:46:47] [143/459] URCL
[01:46:47] [144/459] VTDS
[01:46:48] [145/459] JCNM
[01:46:49] [146/459] KCAM
[01:46:50] [147/459] ADCU
[01:46:51] [148/459] GXYN
[01:46:52] [149/459] SMJG
[01:46:53] [150/459] EYCJ
[01:46:54] [151/459] CCEJ
[01:46:55] [152/459] MARS
[01:46:55] [153/459] CPVJ
[01:46:57] [154/459] INVP
[01:46:57] [155/459] CPOV
[01:46:58] [156/459] VIJK
[01:47:00] [157/459] LAIM
[01:47:01] [158/459] STHV
[01:47:02] [159/459] SVLJ
[01:47:03] [160/459] ATVJ
[01:47:04] [161/459] JTSC
[01:47:05] [162/459] RMTV
[01:47:06] [163/459] MGGG
[01:47:06] [164/459] SWTH
[01:47:07] [165/459] INVJ
[01:47:08] [166/459] PRSV
[01:47:09] [167/459] JATV
[01:47:11] [168/459] RCVD
[01:47:12] [169/459] BDMA
[01:47:13] [170/459] BLJI
[01:47:13] [171/459] SWOT
[01:47:14] [172/459] SWRN
[01:47:15] [173/459] TVRA
[01:47:17] [174/459] VCSV
[01:47:17] [175/459] NVRN
[01:47:18] [176/459] SIKC
[01:47:19] [177/459] VAKR
[01:47:20] [178/459] SYLN
[01:47:20] [179/459] KLJL
[01:47:22] [180/459] LKMY
[01:47:22] [181/459] VSLY
[01:47:23] [182/459] CIKO
[01:47:25] [183/459] GPBG
[01:47:25] [184/459] CECM
[01:47:27] [185/459] SLKB
[01:47:27] [186/459] MTBO
[01:47:28] [187/459] SSHB
[01:47:29] [188/459] VPCS
[01:47:31] [189/459] RCSR
[01:47:31] [190/459] RJRM
[01:47:33] [191/459] KPPB
[01:47:34] [192/459] SEDC
[01:47:34] [193/459] SCAI
[01:47:35] [194/459] RMTR
[01:47:36] [195/459] ASST
[01:47:37] [196/459] GCAK
[01:47:38] [197/459] ANNK
[01:47:39] [198/459] KDDF
[01:47:41] [199/459] NRDP
[01:47:42] [200/459] PLAK
[01:47:43] [201/459] GCMC
[01:47:44] [202/459] ALPY
[01:47:45] [203/459] SICE
[01:47:46] [204/459] SISR
[01:47:46] [205/459] SRPZ
[01:47:47] [206/459] SRSW
[01:47:49] [207/459] SUYA
[01:47:50] [208/459] AMMT
[01:47:51] [209/459] BHCU
[01:47:52] [210/459] KLPA
[01:47:53] [211/459] NVKH
[01:47:54] [212/459] JMRC
[01:47:55] [213/459] KTTT
[01:47:56] [214/459] MAGH
[01:47:57] [215/459] MMMX
[01:47:57] [216/459] SALJ
[01:47:58] [217/459] GTJA
[01:47:59] [218/459] MAHT
[01:48:00] [219/459] SSNN
[01:48:01] [220/459] ARRP
[01:48:01] [221/459] ATNS
[01:48:02] [222/459] SKDT
[01:48:03] [223/459] ACAT
[01:48:04] [224/459] APRC
[01:48:05] [225/459] SWAG
[01:48:06] [226/459] SDPT
[01:48:07] [227/459] STPS
[01:48:08] [228/459] WWCZ
[01:48:09] [229/459] LLCH
[01:48:11] [230/459] MZHA
[01:48:12] [231/459] CRJG
[01:48:13] [232/459] JGTK
[01:48:13] [233/459] KCSR
[01:48:14] [234/459] CHTL
[01:48:15] [235/459] EDSR
[01:48:16] [236/459] CSWO
[01:48:17] [237/459] CPVM
[01:48:18] [238/459] MXBY
[01:48:18] [239/459] FMMA
[01:48:19] [240/459] POVI
[01:48:20] [241/459] MTHB
[01:48:21] [242/459] INRC
[01:48:22] [243/459] PIPP
[01:48:23] [244/459] BMXC
[01:48:24] [245/459] PCMM
[01:48:24] [246/459] PMKM
[01:48:25] [247/459] GATY
[01:48:26] [248/459] IMCM
[01:48:27] [249/459] POPE
[01:48:28] [250/459] MTCR
[01:48:29] [251/459] PVAE
[01:48:30] [252/459] PVMI
[01:48:31] [253/459] CPNM
[01:48:32] [254/459] FMRL
[01:48:33] [255/459] MCIW
[01:48:34] [256/459] MXBO
[01:48:35] [257/459] FMKY
[01:48:35] [258/459] FMDA
[01:48:36] [259/459] THAB
[01:48:37] [260/459] PRCW
[01:48:38] [261/459] PITI
[01:48:39] [262/459] MCFF
[01:48:39] [263/459] PDDV
[01:48:41] [264/459] MCRM
[01:48:42] [265/459] KKMB
[01:48:42] [266/459] INKO
[01:48:43] [267/459] PLXP
[01:48:44] [268/459] MMHA
[01:48:45] [269/459] FMVS
[01:48:46] [270/459] POLM
[01:48:47] [271/459] STER
[01:48:48] [272/459] PVWJ
[01:48:49] [273/459] IMJW
[01:48:50] [274/459] FNAN
[01:48:51] [275/459] CAGL
[01:48:51] [276/459] IPBG
[01:48:52] [277/459] SMFV
[01:48:53] [278/459] MMMR
[01:48:54] [279/459] MMWM
[01:48:55] [280/459] FNCM
[01:48:56] [281/459] MDVA
[01:48:57] [282/459] MMET
[01:48:58] [283/459] MIDO
[01:48:59] [284/459] INNP
[01:49:00] [285/459] MIFU
[01:49:01] [286/459] MMSZ
[01:49:01] [287/459] BMXA
[01:49:02] [288/459] MCAA
[01:49:03] [289/459] SCVP
[01:49:04] [290/459] PLUS
[01:49:05] [291/459] MUCK
[01:49:06] [292/459] MTMA
[01:49:07] [293/459] HPVR
[01:49:08] [294/459] PMPK
[01:49:09] [295/459] MAJB
[01:49:10] [296/459] CTRR
[01:49:10] [297/459] MCTG
[01:49:12] [298/459] MACE
[01:49:12] [299/459] AAAS
[01:49:13] [300/459] CPVV
[01:49:14] [301/459] RCHG
[01:49:15] [302/459] MCNE
[01:49:16] [303/459] EMNC
[01:49:17] [304/459] MCAN
[01:49:18] [305/459] TCDM
[01:49:18] [306/459] IRGT
[01:49:19] [307/459] GCMG
[01:49:20] [308/459] MXSN
[01:49:21] [309/459] MXCK
[01:49:22] [310/459] MCRC
[01:49:23] [311/459] RSMI
[01:49:24] [312/459] WAML
[01:49:25] [313/459] MTSC
[01:49:26] [314/459] FMDR
[01:49:27] [315/459] LEPV
[01:49:28] [316/459] MTGD
[01:49:29] [317/459] IMOB
[01:49:30] [318/459] CLMM
[01:49:32] [319/459] PZCD
[01:49:32] [320/459] GOCS
[01:49:33] [321/459] KCMA
[01:49:34] [322/459] CCMP
[01:49:35] [323/459] MTSU
[01:49:36] [324/459] SNGL
[01:49:37] [325/459] MMMC
[01:49:37] [326/459] MMAA
[01:49:38] [327/459] GCDM
[01:49:39] [328/459] KTMV
[01:49:40] [329/459] AETE
[01:49:41] [330/459] OMCS
[01:49:42] [331/459] GDCD
[01:49:43] [332/459] NYMD
[01:49:43] [333/459] RNCV
[01:49:44] [334/459] KKMT
[01:49:45] [335/459] GDTH
[01:49:46] [336/459] KMMV
[01:49:47] [337/459] NHCG
[01:49:48] [338/459] PJDW
[01:49:48] [339/459] MMCV
[01:49:50] [340/459] FQSA
[01:49:51] [341/459] KURL
[01:49:51] [342/459] NNNX
[01:49:52] [343/459] AMAU
[01:49:53] [344/459] VVVM
[01:49:54] [345/459] VECU
[01:49:55] [346/459] WCVR
[01:49:56] [347/459] MTGG
[01:49:56] [348/459] SGTG
[01:49:57] [349/459] MNTG
[01:49:58] [350/459] JDDG
[01:49:59] [351/459] MBTK
[01:50:00] [352/459] SGCD
[01:50:01] [353/459] MCTC
[01:50:02] [354/459] JTPC
[01:50:03] [355/459] SDKT
[01:50:04] [356/459] KRCC
[01:50:05] [357/459] RMMD
[01:50:06] [358/459] AAME
[01:50:07] [359/459] TMWC
[01:50:07] [360/459] NRWY
[01:50:08] [361/459] CITD
[01:50:09] [362/459] VERD
[01:50:10] [363/459] MKSK
[01:50:12] [364/459] STSM
[01:50:13] [365/459] MJDG
[01:50:13] [366/459] RKPM
[01:50:15] [367/459] SSCE
[01:50:16] [368/459] VMAE
[01:50:17] [369/459] SBRU
[01:50:17] [370/459] AMBC
[01:50:18] [371/459] AMLU
[01:50:19] [372/459] INVZ
[01:50:20] [373/459] LGTV
[01:50:21] [374/459] SVAD
[01:50:23] [375/459] SMSA
[01:50:23] [376/459] SPCZ
[01:50:25] [377/459] GTCX
[01:50:25] [378/459] SCSL
[01:50:27] [379/459] SAHU
[01:50:28] [380/459] NCDA
[01:50:29] [381/459] SCCG
[01:50:30] [382/459] VKTL
[01:50:30] [383/459] PUUJ
[01:50:31] [384/459] STEJ
[01:50:32] [385/459] RJAL
[01:50:33] [386/459] ACJC
[01:50:35] [387/459] VTHC
[01:50:36] [388/459] ARVB
[01:50:37] [389/459] AUBB
[01:50:38] [390/459] GDBR
[01:50:39] [391/459] PVND
[01:50:40] [392/459] BGRJ
[01:50:41] [393/459] RJMM
[01:50:41] [394/459] MCSA
[01:50:42] [395/459] BODA
[01:50:43] [396/459] JAGG
[01:50:44] [397/459] SCGA
[01:50:45] [398/459] LRCM
[01:50:46] [399/459] CPCN
[01:50:47] [400/459] SSTF
[01:50:48] [401/459] SRXP
[01:50:49] [402/459] CNFX
[01:50:51] [403/459] ANDI
[01:50:51] [404/459] SYEW
[01:50:52] [405/459] RCRE
[01:50:53] [406/459] SCRW
[01:50:54] [407/459] MBKR
[01:50:55] [408/459] ASNT
[01:50:56] [409/459] JTMT
[01:50:57] [410/459] SHAY
[01:50:58] [411/459] VRTH
[01:50:59] [412/459] SPTI
[01:50:59] [413/459] DPTD
[01:51:00] [414/459] TGSN
[01:51:01] [415/459] RCWV
[01:51:02] [416/459] OCUR
[01:51:03] [417/459] KSTC
[01:51:04] [418/459] SANI
[01:51:05] [419/459] MLCA
[01:51:05] [420/459] EGCA
[01:51:06] [421/459] SYSN
[01:51:08] [422/459] PKTA
[01:51:09] [423/459] PRCC
[01:51:10] [424/459] KSTR
[01:51:11] [425/459] SNTP
[01:51:12] [426/459] RCHA
[01:51:13] [427/459] SEEA
[01:51:15] [428/459] ALAT
[01:51:15] [429/459] AATV
[01:51:16] [430/459] RJTE
[01:51:17] [431/459] AAPP
[01:51:18] [432/459] PMMH
[01:51:19] [433/459] INRJ
[01:51:20] [434/459] SARB
[01:51:20] [435/459] PCJL
[01:51:21] [436/459] PFJJ
[01:51:22] [437/459] GRDC
[01:51:24] [438/459] BCBA
[01:51:25] [439/459] VIXL
[01:51:26] [440/459] CSTL
[01:51:26] [441/459] MTDK
[01:51:27] [442/459] TDAC
[01:51:28] [443/459] GTDN
[01:51:29] [444/459] TTDE
[01:51:30] [445/459] ASTS
[01:51:31] [446/459] CPNS
[01:51:32] [447/459] PVVW
[01:51:33] [448/459] USEB
[01:51:34] [449/459] DTYN
[01:51:34] [450/459] PVLE
[01:51:35] [451/459] CIPS
[01:51:36] [452/459] PAEG
[01:51:37] [453/459] PTCW
[01:51:38] [454/459] G3SR
[01:51:39] [455/459] PGND
[01:51:40] [456/459] INVM
[01:51:41] [457/459] SPIA
[01:51:42] [458/459] PCSN
[01:51:42] [459/459] PPGV
[01:51:43] ✅ DONE | Shows=4 | Movies=2
