[00:40:17] 🚀 BMS DAILY TRACKER STARTED
[00:40:17] [1/296] CDCA
[00:40:17] 🧠 New identity
[00:40:18] [2/296] MNSR
[00:40:19] [3/296] CSSL
[00:40:20] [4/296] BGGM
[00:40:21] [5/296] MANT
[00:40:23] [6/296] SOOY
[00:40:23] [7/296] VPPK
[00:40:24] [8/296] MYHJ
[00:40:26] [9/296] KSCK
[00:40:26] [10/296] KATK
[00:40:28] [11/296] RTRT
[00:40:29] [12/296] SSTT
[00:40:30] [13/296] SSTV
[00:40:32] [14/296] LACM
[00:40:33] [15/296] SGMG
[00:40:34] [16/296] KACX
[00:40:34] [17/296] GVCP
[00:40:35] [18/296] CSNC
[00:40:36] [19/296] SXCB
[00:40:37] [20/296] BAHS
[00:40:38] [21/296] PCBI
[00:40:39] [22/296] PSSM
[00:40:40] [23/296] RCOK
[00:40:40] [24/296] SCPF
[00:40:41] [25/296] SSAS
[00:40:42] [26/296] EVMM
[00:40:43] [27/296] SYCB
[00:40:45] [28/296] GCKI
[00:40:46] [29/296] IAET
[00:40:48] [30/296] DDTD
[00:40:48] [31/296] GMDH
[00:40:49] [32/296] STLE
[00:40:50] [33/296] JTRA
[00:40:51] [34/296] RPPA
[00:40:53] [35/296] ARUT
[00:40:54] [36/296] JTVM
[00:40:54] [37/296] SWRH
[00:40:55] [38/296] DCPC
[00:40:56] [39/296] RAPR
[00:40:57] [40/296] GCRT
[00:40:58] [41/296] ATUN
[00:40:59] [42/296] LTRM
[00:41:00] [43/296] TASR
[00:41:01] [44/296] RLLC
[00:41:01] [45/296] MABI
[00:41:03] [46/296] SVHB
[00:41:04] [47/296] NVTB
[00:41:05] [48/296] KCKG
[00:41:06] [49/296] SSRN
[00:41:07] [50/296] VDDC
[00:41:07] [51/296] GKTK
[00:41:08] [52/296] YFSN
[00:41:09] [53/296] GCSG
[00:41:10] [54/296] ESSM
[00:41:11] [55/296] KRIH
[00:41:12] [56/296] GCDS
[00:41:12] [57/296] CCSH
[00:41:13] [58/296] ACSK
[00:41:14] [59/296] APRK
[00:41:15] [60/296] ADKM
[00:41:16] [61/296] SRDM
[00:41:16] [62/296] RMOG
[00:41:18] [63/296] SJMY
[00:41:19] [64/296] PGGC
[00:41:20] [65/296] INGM
[00:41:20] [66/296] LSCB
[00:41:21] [67/296] STAD
[00:41:22] [68/296] MCCR
[00:41:23] [69/296] ABCC
[00:41:24] [70/296] RKCC
[00:41:25] [71/296] RTCR
[00:41:26] [72/296] GGBC
[00:41:27] [73/296] GCSD
[00:41:28] [74/296] LPTY
[00:41:28] [75/296] MCFD
[00:41:29] [76/296] HENN
[00:41:30] [77/296] SMKU
[00:41:31] [78/296] TNZC
[00:41:32] [79/296] DRCD
[00:41:34] [80/296] DLCD
[00:41:35] [81/296] RCDA
[00:41:36] [82/296] COSM
[00:41:36] [83/296] MCMJ
[00:41:38] [84/296] CSTR
[00:41:39] [85/296] CVDK
[00:41:40] [86/296] INRR
[00:41:41] [87/296] RJRT
[00:41:42] [88/296] IRMR
[00:41:43] [89/296] SRCF
[00:41:43] [90/296] GRCR
[00:41:44] [91/296] SURC
[00:41:45] [92/296] NMNH
[00:41:46] [93/296] SVBL
[00:41:47] [94/296] KACI
[00:41:47] [95/296] TDGO
[00:41:48] [96/296] KTBR
[00:41:49] [97/296] PMAD
[00:41:50] [98/296] CCPN
[00:41:51] [99/296] SBTK
[00:41:52] [100/296] LMDK
[00:41:53] [101/296] PGDA
[00:41:54] [102/296] SRML
[00:41:56] [103/296] EVCK
[00:41:56] [104/296] RTTK
[00:41:57] [105/296] SRTU
[00:41:59] [106/296] VRSA
[00:42:00] [107/296] VARS
[00:42:01] [108/296] DSCZ
[00:42:02] [109/296] GAGA
[00:42:03] [110/296] SARV
[00:42:04] [111/296] SEEG
[00:42:04] [112/296] GLCA
[00:42:05] [113/296] APAS
[00:42:06] [114/296] VCIA
[00:42:06] [115/296] SJTA
[00:42:08] [116/296] SABM
[00:42:10] [117/296] PPAG
[00:42:11] [118/296] RVCA
[00:42:13] [119/296] CCIA
[00:42:14] [120/296] HTAG
[00:42:14] [121/296] SMBI
[00:42:15] [122/296] MCJR
[00:42:16] [123/296] CCJR
[00:42:17] [124/296] SINF
[00:42:17] [125/296] CPLX
[00:42:20] [126/296] KKTJ
[00:42:21] [127/296] GDBW
[00:42:22] [128/296] CSUB
[00:42:23] [129/296] DABA
[00:42:24] [130/296] TITR
[00:42:25] [131/296] NYCR
[00:42:26] [132/296] RTRY
[00:42:27] [133/296] JTJL
[00:42:27] [134/296] SJCP
[00:42:28] [135/296] KCCA
[00:42:29] [136/296] MLPG
[00:42:29] [137/296] VRCK
[00:42:30] [138/296] SRIN
[00:42:32] [139/296] CXMK
[00:42:33] [140/296] SKAD
[00:42:34] [141/296] AVTR
[00:42:34] [142/296] PTAJ
[00:42:35] [143/296] SCNK
[00:42:36] [144/296] STTI
[00:42:37] [145/296] KACR
[00:42:38] [146/296] SSDX
[00:42:39] [147/296] VRTJ
[00:42:40] [148/296] RAJD
[00:42:41] [149/296] SCIP
[00:42:42] [150/296] RJSL
[00:42:43] [151/296] ARRS
[00:42:44] [152/296] ASMS
[00:42:45] [153/296] RDTS
[00:42:46] [154/296] DVMY
[00:42:47] [155/296] RASA
[00:42:47] [156/296] INOM
[00:42:48] [157/296] SPRS
[00:42:49] [158/296] SGCS
[00:42:50] [159/296] SALM
[00:42:51] [160/296] PKHC
[00:42:52] [161/296] RCSV
[00:42:54] [162/296] CPKC
[00:42:54] [163/296] AACD
[00:42:55] [164/296] GGCV
[00:42:56] [165/296] SMKD
[00:42:57] [166/296] NBCH
[00:42:57] [167/296] AMCB
[00:42:58] [168/296] OPCN
[00:42:59] [169/296] DCIN
[00:43:00] [170/296] INGW
[00:43:02] [171/296] PKKW
[00:43:03] [172/296] FNGW
[00:43:04] [173/296] GCGD
[00:43:05] [174/296] MSTW
[00:43:06] [175/296] KCCG
[00:43:07] [176/296] MRSS
[00:43:08] [177/296] CLCF
[00:43:09] [178/296] EETS
[00:43:10] [179/296] AATR
[00:43:10] [180/296] CMMN
[00:43:11] [181/296] SCCJ
[00:43:12] [182/296] CDTK
[00:43:13] [183/296] AICP
[00:43:14] [184/296] FNBP
[00:43:15] [185/296] CBPB
[00:43:16] [186/296] CPAS
[00:43:17] [187/296] MAPM
[00:43:18] [188/296] PASD
[00:43:19] [189/296] JCMN
[00:43:20] [190/296] MALB
[00:43:22] [191/296] SACG
[00:43:22] [192/296] DDRX
[00:43:24] [193/296] DDXB
[00:43:25] [194/296] RAMC
[00:43:26] [195/296] SANC
[00:43:26] [196/296] BCBP
[00:43:27] [197/296] ALPC
[00:43:28] [198/296] RBAC
[00:43:29] [199/296] RAJL
[00:43:30] [200/296] MPDX
[00:43:31] [201/296] MUSC
[00:43:32] [202/296] VKMK
[00:43:33] [203/296] SKCG
[00:43:34] [204/296] ANCN
[00:43:34] [205/296] MMCJ
[00:43:36] [206/296] DCAK
[00:43:37] [207/296] SCKG
[00:43:37] [208/296] LMCK
[00:43:38] [209/296] CKKX
[00:43:39] [210/296] ANKU
[00:43:40] [211/296] CSMD
[00:43:41] [212/296] MKMP
[00:43:41] [213/296] SVBG
[00:43:42] [214/296] ROOP
[00:43:43] [215/296] GDMT
[00:43:44] [216/296] FPPF
[00:43:45] [217/296] SFUU
[00:43:46] [218/296] ANCB
[00:43:46] [219/296] SMMC
[00:43:47] [220/296] UGKT
[00:43:48] [221/296] JVRM
[00:43:49] [222/296] BATG
[00:43:50] [223/296] RATE
[00:43:50] [224/296] SKME
[00:43:51] [225/296] LMTP
[00:43:52] [226/296] TCBD
[00:43:53] [227/296] ESBD
[00:43:53] [228/296] GDCU
[00:43:54] [229/296] SNKT
[00:43:55] [230/296] SRNK
[00:43:56] [231/296] SMED
[00:43:56] [232/296] CSQS
[00:43:57] [233/296] ALCS
[00:43:58] [234/296] KCKN
[00:43:59] [235/296] VCCL
[00:43:59] [236/296] MCDA
[00:44:00] [237/296] SHMI
[00:44:01] [238/296] SKHA
[00:44:02] [239/296] SVFK
[00:44:03] [240/296] INVB
[00:44:04] [241/296] MELD
[00:44:05] [242/296] JTYS
[00:44:06] [243/296] INCM
[00:44:07] [244/296] MCDV
[00:44:07] [245/296] KSGK
[00:44:08] [246/296] ICMG
[00:44:09] [247/296] CSCV
[00:44:10] [248/296] STMD
[00:44:11] [249/296] STTR
[00:44:12] [250/296] INVC
[00:44:13] [251/296] JTBL
[00:44:13] [252/296] SRVV
[00:44:14] [253/296] MAVC
[00:44:15] [254/296] SRPP
[00:44:17] [255/296] JGDM
[00:44:17] [256/296] MBSJ
[00:44:18] [257/296] SSLL
[00:44:19] [258/296] SLKP
[00:44:20] [259/296] NSRV
[00:44:20] [260/296] UTDV
[00:44:21] [261/296] KICM
[00:44:22] [262/296] KCMD
[00:44:23] [263/296] TTPP
[00:44:24] [264/296] KMPV
[00:44:25] [265/296] SKTV
[00:44:25] [266/296] STCV
[00:44:26] [267/296] SRDA
[00:44:27] [268/296] JTSX
[00:44:28] [269/296] STBV
[00:44:29] [270/296] APVZ
[00:44:30] [271/296] GSTV
[00:44:32] [272/296] NMVS
[00:44:34] [273/296] SKRT
[00:44:34] [274/296] RMDV
[00:44:36] [275/296] RATG
[00:44:37] [276/296] SJYV
[00:44:38] [277/296] NDGP
[00:44:39] [278/296] SNDG
[00:44:40] [279/296] INSR
[00:44:41] [280/296] INSO
[00:44:42] [281/296] CCSI
[00:44:43] [282/296] RASM
[00:44:44] [283/296] NEWC
[00:44:45] [284/296] VSHL
[00:44:46] [285/296] BISW
[00:44:47] [286/296] GCNG
[00:44:48] [287/296] CWSC
[00:44:49] [288/296] SKAN
[00:44:50] [289/296] SEHP
[00:44:51] [290/296] CCOA
[00:44:52] [291/296] MCAJ
[00:44:52] [292/296] ACDE
[00:44:53] [293/296] AACM
[00:44:54] [294/296] JJCK
[00:44:55] [295/296] RCMO
[00:44:56] [296/296] GDAW
[00:44:56] ✅ DONE | Shows=0 | Movies=0
[01:44:34] 🚀 BMS DAILY TRACKER STARTED
[01:44:34] [1/296] CDCA
[01:44:35] 🧠 New identity
[01:44:36] [2/296] MNSR
[01:44:36] [3/296] CSSL
[01:44:37] [4/296] BGGM
[01:44:39] [5/296] MANT
[01:44:40] [6/296] SOOY
[01:44:41] [7/296] VPPK
[01:44:42] [8/296] MYHJ
[01:44:43] [9/296] KSCK
[01:44:44] [10/296] KATK
[01:44:44] [11/296] RTRT
[01:44:45] [12/296] SSTT
[01:44:46] [13/296] SSTV
[01:44:47] [14/296] LACM
[01:44:48] [15/296] SGMG
[01:44:49] [16/296] KACX
[01:44:50] [17/296] GVCP
[01:44:51] [18/296] CSNC
[01:44:53] [19/296] SXCB
[01:44:53] [20/296] BAHS
[01:44:55] [21/296] PCBI
[01:44:56] [22/296] PSSM
[01:44:57] [23/296] RCOK
[01:44:58] [24/296] SCPF
[01:44:59] [25/296] SSAS
[01:44:59] [26/296] EVMM
[01:45:00] [27/296] SYCB
[01:45:01] [28/296] GCKI
[01:45:02] [29/296] IAET
[01:45:03] [30/296] DDTD
[01:45:04] [31/296] GMDH
[01:45:05] [32/296] STLE
[01:45:06] [33/296] JTRA
[01:45:07] [34/296] RPPA
[01:45:08] [35/296] ARUT
[01:45:08] [36/296] JTVM
[01:45:09] [37/296] SWRH
[01:45:10] [38/296] DCPC
[01:45:11] [39/296] RAPR
[01:45:12] [40/296] GCRT
[01:45:12] [41/296] ATUN
[01:45:13] [42/296] LTRM
[01:45:14] [43/296] TASR
[01:45:15] [44/296] RLLC
[01:45:16] [45/296] MABI
[01:45:17] [46/296] SVHB
[01:45:18] [47/296] NVTB
[01:45:19] [48/296] KCKG
[01:45:20] [49/296] SSRN
[01:45:21] [50/296] VDDC
[01:45:22] [51/296] GKTK
[01:45:23] [52/296] YFSN
[01:45:24] [53/296] GCSG
[01:45:24] [54/296] ESSM
[01:45:25] [55/296] KRIH
[01:45:26] [56/296] GCDS
[01:45:27] [57/296] CCSH
[01:45:28] [58/296] ACSK
[01:45:30] [59/296] APRK
[01:45:30] [60/296] ADKM
[01:45:31] [61/296] SRDM
[01:45:32] [62/296] RMOG
[01:45:33] [63/296] SJMY
[01:45:34] [64/296] PGGC
[01:45:35] [65/296] INGM
[01:45:36] [66/296] LSCB
[01:45:37] [67/296] STAD
[01:45:38] [68/296] MCCR
[01:45:38] [69/296] ABCC
[01:45:40] [70/296] RKCC
[01:45:40] [71/296] RTCR
[01:45:41] [72/296] GGBC
[01:45:42] [73/296] GCSD
[01:45:43] [74/296] LPTY
[01:45:44] [75/296] MCFD
[01:45:46] [76/296] HENN
[01:45:47] [77/296] SMKU
[01:45:48] [78/296] TNZC
[01:45:49] [79/296] DRCD
[01:45:49] [80/296] DLCD
[01:45:50] [81/296] RCDA
[01:45:51] [82/296] COSM
[01:45:52] [83/296] MCMJ
[01:45:53] [84/296] CSTR
[01:45:54] [85/296] CVDK
[01:45:55] [86/296] INRR
[01:45:56] [87/296] RJRT
[01:45:58] [88/296] IRMR
[01:45:58] [89/296] SRCF
[01:45:59] [90/296] GRCR
[01:46:00] [91/296] SURC
[01:46:01] [92/296] NMNH
[01:46:02] [93/296] SVBL
[01:46:04] [94/296] KACI
[01:46:05] [95/296] TDGO
[01:46:05] [96/296] KTBR
[01:46:06] [97/296] PMAD
[01:46:07] [98/296] CCPN
[01:46:08] [99/296] SBTK
[01:46:09] [100/296] LMDK
[01:46:10] [101/296] PGDA
[01:46:11] [102/296] SRML
[01:46:12] [103/296] EVCK
[01:46:13] [104/296] RTTK
[01:46:13] [105/296] SRTU
[01:46:14] [106/296] VRSA
[01:46:15] [107/296] VARS
[01:46:16] [108/296] DSCZ
[01:46:17] [109/296] GAGA
[01:46:18] [110/296] SARV
[01:46:19] [111/296] SEEG
[01:46:20] [112/296] GLCA
[01:46:21] [113/296] APAS
[01:46:22] [114/296] VCIA
[01:46:22] [115/296] SJTA
[01:46:23] [116/296] SABM
[01:46:24] [117/296] PPAG
[01:46:25] [118/296] RVCA
[01:46:26] [119/296] CCIA
[01:46:27] [120/296] HTAG
[01:46:28] [121/296] SMBI
[01:46:29] [122/296] MCJR
[01:46:30] [123/296] CCJR
[01:46:30] [124/296] SINF
[01:46:31] [125/296] CPLX
[01:46:32] [126/296] KKTJ
[01:46:33] [127/296] GDBW
[01:46:34] [128/296] CSUB
[01:46:34] [129/296] DABA
[01:46:35] [130/296] TITR
[01:46:36] [131/296] NYCR
[01:46:37] [132/296] RTRY
[01:46:38] [133/296] JTJL
[01:46:39] [134/296] SJCP
[01:46:40] [135/296] KCCA
[01:46:41] [136/296] MLPG
[01:46:42] [137/296] VRCK
[01:46:43] [138/296] SRIN
[01:46:43] [139/296] CXMK
[01:46:44] [140/296] SKAD
[01:46:45] [141/296] AVTR
[01:46:46] [142/296] PTAJ
[01:46:47] [143/296] SCNK
[01:46:48] [144/296] STTI
[01:46:49] [145/296] KACR
[01:46:50] [146/296] SSDX
[01:46:51] [147/296] VRTJ
[01:46:51] [148/296] RAJD
[01:46:52] [149/296] SCIP
[01:46:54] [150/296] RJSL
[01:46:54] [151/296] ARRS
[01:46:55] [152/296] ASMS
[01:46:56] [153/296] RDTS
[01:46:57] [154/296] DVMY
[01:46:58] [155/296] RASA
[01:46:59] [156/296] INOM
[01:47:00] [157/296] SPRS
[01:47:01] [158/296] SGCS
[01:47:02] [159/296] SALM
[01:47:03] [160/296] PKHC
[01:47:04] [161/296] RCSV
[01:47:05] [162/296] CPKC
[01:47:06] [163/296] AACD
[01:47:07] [164/296] GGCV
[01:47:08] [165/296] SMKD
[01:47:08] [166/296] NBCH
[01:47:09] [167/296] AMCB
[01:47:10] [168/296] OPCN
[01:47:11] [169/296] DCIN
[01:47:12] [170/296] INGW
[01:47:12] [171/296] PKKW
[01:47:13] [172/296] FNGW
[01:47:14] [173/296] GCGD
[01:47:15] [174/296] MSTW
[01:47:16] [175/296] KCCG
[01:47:17] [176/296] MRSS
[01:47:18] [177/296] CLCF
[01:47:19] [178/296] EETS
[01:47:20] [179/296] AATR
[01:47:21] [180/296] CMMN
[01:47:22] [181/296] SCCJ
[01:47:23] [182/296] CDTK
[01:47:24] [183/296] AICP
[01:47:24] [184/296] FNBP
[01:47:25] [185/296] CBPB
[01:47:26] [186/296] CPAS
[01:47:27] [187/296] MAPM
[01:47:28] [188/296] PASD
[01:47:28] [189/296] JCMN
[01:47:29] [190/296] MALB
[01:47:30] [191/296] SACG
[01:47:31] [192/296] DDRX
[01:47:32] [193/296] DDXB
[01:47:33] [194/296] RAMC
[01:47:34] [195/296] SANC
[01:47:35] [196/296] BCBP
[01:47:35] [197/296] ALPC
[01:47:36] [198/296] RBAC
[01:47:37] [199/296] RAJL
[01:47:38] [200/296] MPDX
[01:47:39] [201/296] MUSC
[01:47:40] [202/296] VKMK
[01:47:41] [203/296] SKCG
[01:47:42] [204/296] ANCN
[01:47:43] [205/296] MMCJ
[01:47:44] [206/296] DCAK
[01:47:45] [207/296] SCKG
[01:47:46] [208/296] LMCK
[01:47:47] [209/296] CKKX
[01:47:48] [210/296] ANKU
[01:47:49] [211/296] CSMD
[01:47:50] [212/296] MKMP
[01:47:50] [213/296] SVBG
[01:47:51] [214/296] ROOP
[01:47:52] [215/296] GDMT
[01:47:53] [216/296] FPPF
[01:47:55] [217/296] SFUU
[01:47:56] [218/296] ANCB
[01:47:57] [219/296] SMMC
[01:47:58] [220/296] UGKT
[01:47:59] [221/296] JVRM
[01:48:00] [222/296] BATG
[01:48:01] [223/296] RATE
[01:48:02] [224/296] SKME
[01:48:03] [225/296] LMTP
[01:48:04] [226/296] TCBD
[01:48:05] [227/296] ESBD
[01:48:06] [228/296] GDCU
[01:48:07] [229/296] SNKT
[01:48:08] [230/296] SRNK
[01:48:09] [231/296] SMED
[01:48:10] [232/296] CSQS
[01:48:11] [233/296] ALCS
[01:48:12] [234/296] KCKN
[01:48:13] [235/296] VCCL
[01:48:13] [236/296] MCDA
[01:48:15] [237/296] SHMI
[01:48:16] [238/296] SKHA
[01:48:16] [239/296] SVFK
[01:48:17] [240/296] INVB
[01:48:18] [241/296] MELD
[01:48:19] [242/296] JTYS
[01:48:20] [243/296] INCM
[01:48:20] [244/296] MCDV
[01:48:22] [245/296] KSGK
[01:48:22] [246/296] ICMG
[01:48:23] [247/296] CSCV
[01:48:24] [248/296] STMD
[01:48:25] [249/296] STTR
[01:48:26] [250/296] INVC
[01:48:27] [251/296] JTBL
[01:48:28] [252/296] SRVV
[01:48:28] [253/296] MAVC
[01:48:29] [254/296] SRPP
[01:48:30] [255/296] JGDM
[01:48:32] [256/296] MBSJ
[01:48:33] [257/296] SSLL
[01:48:34] [258/296] SLKP
[01:48:35] [259/296] NSRV
[01:48:36] [260/296] UTDV
[01:48:36] [261/296] KICM
[01:48:37] [262/296] KCMD
[01:48:38] [263/296] TTPP
[01:48:39] [264/296] KMPV
[01:48:40] [265/296] SKTV
[01:48:41] [266/296] STCV
[01:48:42] [267/296] SRDA
[01:48:42] [268/296] JTSX
[01:48:43] [269/296] STBV
[01:48:44] [270/296] APVZ
[01:48:46] [271/296] GSTV
[01:48:46] [272/296] NMVS
[01:48:47] [273/296] SKRT
[01:48:48] [274/296] RMDV
[01:48:49] [275/296] RATG
[01:48:50] [276/296] SJYV
[01:48:51] [277/296] NDGP
[01:48:51] [278/296] SNDG
[01:48:53] [279/296] INSR
[01:48:53] [280/296] INSO
[01:48:54] [281/296] CCSI
[01:48:55] [282/296] RASM
[01:48:56] [283/296] NEWC
[01:48:57] [284/296] VSHL
[01:48:58] [285/296] BISW
[01:48:59] [286/296] GCNG
[01:49:00] [287/296] CWSC
[01:49:01] [288/296] SKAN
[01:49:02] [289/296] SEHP
[01:49:03] [290/296] CCOA
[01:49:03] [291/296] MCAJ
[01:49:05] [292/296] ACDE
[01:49:05] [293/296] AACM
[01:49:06] [294/296] JJCK
[01:49:07] [295/296] RCMO
[01:49:08] [296/296] GDAW
[01:49:09] ✅ DONE | Shows=0 | Movies=0
[02:42:10] 🚀 BMS DAILY TRACKER STARTED
[02:42:10] [1/296] CDCA
[02:42:10] 🧠 New identity
[02:42:11] [2/296] MNSR
[02:42:12] [3/296] CSSL
[02:42:13] [4/296] BGGM
[02:42:14] [5/296] MANT
[02:42:14] [6/296] SOOY
[02:42:15] [7/296] VPPK
[02:42:16] [8/296] MYHJ
[02:42:18] [9/296] KSCK
[02:42:19] [10/296] KATK
[02:42:19] [11/296] RTRT
[02:42:21] [12/296] SSTT
[02:42:22] [13/296] SSTV
[02:42:23] [14/296] LACM
[02:42:23] [15/296] SGMG
[02:42:24] [16/296] KACX
[02:42:25] [17/296] GVCP
[02:42:26] [18/296] CSNC
[02:42:27] [19/296] SXCB
[02:42:28] [20/296] BAHS
[02:42:29] [21/296] PCBI
[02:42:29] [22/296] PSSM
[02:42:31] [23/296] RCOK
[02:42:32] [24/296] SCPF
[02:42:33] [25/296] SSAS
[02:42:34] [26/296] EVMM
[02:42:35] [27/296] SYCB
[02:42:36] [28/296] GCKI
[02:42:38] [29/296] IAET
[02:42:39] [30/296] DDTD
[02:42:39] [31/296] GMDH
[02:42:40] [32/296] STLE
[02:42:41] [33/296] JTRA
[02:42:42] [34/296] RPPA
[02:42:43] [35/296] ARUT
[02:42:44] [36/296] JTVM
[02:42:44] [37/296] SWRH
[02:42:45] [38/296] DCPC
[02:42:46] [39/296] RAPR
[02:42:47] [40/296] GCRT
[02:42:47] [41/296] ATUN
[02:42:48] [42/296] LTRM
[02:42:49] [43/296] TASR
[02:42:50] [44/296] RLLC
[02:42:51] [45/296] MABI
[02:42:52] [46/296] SVHB
[02:42:53] [47/296] NVTB
[02:42:54] [48/296] KCKG
[02:42:56] [49/296] SSRN
[02:42:57] [50/296] VDDC
[02:42:57] [51/296] GKTK
[02:42:58] [52/296] YFSN
[02:42:59] [53/296] GCSG
[02:42:59] [54/296] ESSM
[02:43:00] [55/296] KRIH
[02:43:01] [56/296] GCDS
[02:43:02] [57/296] CCSH
[02:43:03] [58/296] ACSK
[02:43:04] [59/296] APRK
[02:43:05] [60/296] ADKM
[02:43:06] [61/296] SRDM
[02:43:07] [62/296] RMOG
[02:43:08] [63/296] SJMY
[02:43:08] [64/296] PGGC
[02:43:09] [65/296] INGM
[02:43:10] [66/296] LSCB
[02:43:11] [67/296] STAD
[02:43:12] [68/296] MCCR
[02:43:13] [69/296] ABCC
[02:43:14] [70/296] RKCC
[02:43:15] [71/296] RTCR
[02:43:15] [72/296] GGBC
[02:43:17] [73/296] GCSD
[02:43:18] [74/296] LPTY
[02:43:19] [75/296] MCFD
[02:43:20] [76/296] HENN
[02:43:21] [77/296] SMKU
[02:43:23] [78/296] TNZC
[02:43:23] [79/296] DRCD
[02:43:24] [80/296] DLCD
[02:43:25] [81/296] RCDA
[02:43:26] [82/296] COSM
[02:43:27] [83/296] MCMJ
[02:43:28] [84/296] CSTR
[02:43:29] [85/296] CVDK
[02:43:30] [86/296] INRR
[02:43:30] [87/296] RJRT
[02:43:31] [88/296] IRMR
[02:43:32] [89/296] SRCF
[02:43:33] [90/296] GRCR
[02:43:34] [91/296] SURC
[02:43:35] [92/296] NMNH
[02:43:36] [93/296] SVBL
[02:43:37] [94/296] KACI
[02:43:38] [95/296] TDGO
[02:43:38] [96/296] KTBR
[02:43:39] [97/296] PMAD
[02:43:40] [98/296] CCPN
[02:43:41] [99/296] SBTK
[02:43:41] [100/296] LMDK
[02:43:42] [101/296] PGDA
[02:43:44] [102/296] SRML
[02:43:45] [103/296] EVCK
[02:43:46] [104/296] RTTK
[02:43:47] [105/296] SRTU
[02:43:48] [106/296] VRSA
[02:43:48] [107/296] VARS
[02:43:50] [108/296] DSCZ
[02:43:51] [109/296] GAGA
[02:43:52] [110/296] SARV
[02:43:53] [111/296] SEEG
[02:43:54] [112/296] GLCA
[02:43:54] [113/296] APAS
[02:43:56] [114/296] VCIA
[02:43:57] [115/296] SJTA
[02:43:58] [116/296] SABM
[02:43:59] [117/296] PPAG
[02:44:00] [118/296] RVCA
[02:44:00] [119/296] CCIA
[02:44:01] [120/296] HTAG
[02:44:02] [121/296] SMBI
[02:44:03] [122/296] MCJR
[02:44:04] [123/296] CCJR
[02:44:05] [124/296] SINF
[02:44:07] [125/296] CPLX
[02:44:08] [126/296] KKTJ
[02:44:09] [127/296] GDBW
[02:44:10] [128/296] CSUB
[02:44:10] [129/296] DABA
[02:44:11] [130/296] TITR
[02:44:12] [131/296] NYCR
[02:44:13] [132/296] RTRY
[02:44:13] [133/296] JTJL
[02:44:15] [134/296] SJCP
[02:44:16] [135/296] KCCA
[02:44:17] [136/296] MLPG
[02:44:18] [137/296] VRCK
[02:44:19] [138/296] SRIN
[02:44:20] [139/296] CXMK
[02:44:21] [140/296] SKAD
[02:44:22] [141/296] AVTR
[02:44:23] [142/296] PTAJ
[02:44:23] [143/296] SCNK
[02:44:25] [144/296] STTI
[02:44:27] [145/296] KACR
[02:44:27] [146/296] SSDX
[02:44:28] [147/296] VRTJ
[02:44:29] [148/296] RAJD
[02:44:30] [149/296] SCIP
[02:44:31] [150/296] RJSL
[02:44:32] [151/296] ARRS
[02:44:33] [152/296] ASMS
[02:44:34] [153/296] RDTS
[02:44:35] [154/296] DVMY
[02:44:35] [155/296] RASA
[02:44:36] [156/296] INOM
[02:44:37] [157/296] SPRS
[02:44:38] [158/296] SGCS
[02:44:39] [159/296] SALM
[02:44:39] [160/296] PKHC
[02:44:40] [161/296] RCSV
[02:44:41] [162/296] CPKC
[02:44:42] [163/296] AACD
[02:44:43] [164/296] GGCV
[02:44:44] [165/296] SMKD
[02:44:45] [166/296] NBCH
[02:44:46] [167/296] AMCB
[02:44:46] [168/296] OPCN
[02:44:47] [169/296] DCIN
[02:44:48] [170/296] INGW
[02:44:49] [171/296] PKKW
[02:44:50] [172/296] FNGW
[02:44:52] [173/296] GCGD
[02:44:53] [174/296] MSTW
[02:44:54] [175/296] KCCG
[02:44:56] [176/296] MRSS
[02:44:57] [177/296] CLCF
[02:44:57] [178/296] EETS
[02:44:58] [179/296] AATR
[02:44:59] [180/296] CMMN
[02:45:00] [181/296] SCCJ
[02:45:00] [182/296] CDTK
[02:45:01] [183/296] AICP
[02:45:02] [184/296] FNBP
[02:45:03] [185/296] CBPB
[02:45:04] [186/296] CPAS
[02:45:05] [187/296] MAPM
[02:45:05] [188/296] PASD
[02:45:06] [189/296] JCMN
[02:45:08] [190/296] MALB
[02:45:09] [191/296] SACG
[02:45:09] [192/296] DDRX
[02:45:10] [193/296] DDXB
[02:45:11] [194/296] RAMC
[02:45:12] [195/296] SANC
[02:45:12] [196/296] BCBP
[02:45:13] [197/296] ALPC
[02:45:14] [198/296] RBAC
[02:45:15] [199/296] RAJL
[02:45:16] [200/296] MPDX
[02:45:17] [201/296] MUSC
[02:45:19] [202/296] VKMK
[02:45:20] [203/296] SKCG
[02:45:20] [204/296] ANCN
[02:45:21] [205/296] MMCJ
[02:45:22] [206/296] DCAK
[02:45:23] [207/296] SCKG
[02:45:25] [208/296] LMCK
[02:45:25] [209/296] CKKX
[02:45:26] [210/296] ANKU
[02:45:27] [211/296] CSMD
[02:45:28] [212/296] MKMP
[02:45:29] [213/296] SVBG
[02:45:30] [214/296] ROOP
[02:45:32] [215/296] GDMT
[02:45:33] [216/296] FPPF
[02:45:33] [217/296] SFUU
[02:45:34] [218/296] ANCB
[02:45:36] [219/296] SMMC
[02:45:37] [220/296] UGKT
[02:45:37] [221/296] JVRM
[02:45:38] [222/296] BATG
[02:45:39] [223/296] RATE
[02:45:40] [224/296] SKME
[02:45:40] [225/296] LMTP
[02:45:41] [226/296] TCBD
[02:45:42] [227/296] ESBD
[02:45:43] [228/296] GDCU
[02:45:44] [229/296] SNKT
[02:45:45] [230/296] SRNK
[02:45:46] [231/296] SMED
[02:45:47] [232/296] CSQS
[02:45:49] [233/296] ALCS
[02:45:50] [234/296] KCKN
[02:45:51] [235/296] VCCL
[02:45:52] [236/296] MCDA
[02:45:53] [237/296] SHMI
[02:45:53] [238/296] SKHA
[02:45:54] [239/296] SVFK
[02:45:55] [240/296] INVB
[02:45:56] [241/296] MELD
[02:45:57] [242/296] JTYS
[02:45:58] [243/296] INCM
[02:45:59] [244/296] MCDV
[02:45:59] [245/296] KSGK
[02:46:00] [246/296] ICMG
[02:46:01] [247/296] CSCV
[02:46:02] [248/296] STMD
[02:46:03] [249/296] STTR
[02:46:04] [250/296] INVC
[02:46:05] [251/296] JTBL
[02:46:06] [252/296] SRVV
[02:46:06] [253/296] MAVC
[02:46:07] [254/296] SRPP
[02:46:08] [255/296] JGDM
[02:46:10] [256/296] MBSJ
[02:46:11] [257/296] SSLL
[02:46:11] [258/296] SLKP
[02:46:12] [259/296] NSRV
[02:46:13] [260/296] UTDV
[02:46:14] [261/296] KICM
[02:46:15] [262/296] KCMD
[02:46:16] [263/296] TTPP
[02:46:16] [264/296] KMPV
[02:46:18] [265/296] SKTV
[02:46:19] [266/296] STCV
[02:46:20] [267/296] SRDA
[02:46:21] [268/296] JTSX
[02:46:22] [269/296] STBV
[02:46:22] [270/296] APVZ
[02:46:24] [271/296] GSTV
[02:46:25] [272/296] NMVS
[02:46:25] [273/296] SKRT
[02:46:26] [274/296] RMDV
[02:46:28] [275/296] RATG
[02:46:29] [276/296] SJYV
[02:46:30] [277/296] NDGP
[02:46:32] [278/296] SNDG
[02:46:33] [279/296] INSR
[02:46:34] [280/296] INSO
[02:46:35] [281/296] CCSI
[02:46:36] [282/296] RASM
[02:46:36] [283/296] NEWC
[02:46:37] [284/296] VSHL
[02:46:38] [285/296] BISW
[02:46:39] [286/296] GCNG
[02:46:40] [287/296] CWSC
[02:46:41] [288/296] SKAN
[02:46:42] [289/296] SEHP
[02:46:43] [290/296] CCOA
[02:46:44] [291/296] MCAJ
[02:46:46] [292/296] ACDE
[02:46:48] [293/296] AACM
[02:46:48] [294/296] JJCK
[02:46:49] [295/296] RCMO
[02:46:51] [296/296] GDAW
[02:46:52] ✅ DONE | Shows=1 | Movies=1
[03:42:43] 🚀 BMS DAILY TRACKER STARTED
[03:42:43] [1/296] CDCA
[03:42:43] 🧠 New identity
[03:42:44] [2/296] MNSR
[03:42:45] [3/296] CSSL
[03:42:46] [4/296] BGGM
[03:42:47] [5/296] MANT
[03:42:48] [6/296] SOOY
[03:42:49] [7/296] VPPK
[03:42:50] [8/296] MYHJ
[03:42:52] [9/296] KSCK
[03:42:53] [10/296] KATK
[03:42:54] [11/296] RTRT
[03:42:54] [12/296] SSTT
[03:42:55] [13/296] SSTV
[03:42:56] [14/296] LACM
[03:42:58] [15/296] SGMG
[03:42:59] [16/296] KACX
[03:43:00] [17/296] GVCP
[03:43:00] [18/296] CSNC
[03:43:01] [19/296] SXCB
[03:43:02] [20/296] BAHS
[03:43:03] [21/296] PCBI
[03:43:04] [22/296] PSSM
[03:43:05] [23/296] RCOK
[03:43:06] [24/296] SCPF
[03:43:07] [25/296] SSAS
[03:43:08] [26/296] EVMM
[03:43:09] [27/296] SYCB
[03:43:10] [28/296] GCKI
[03:43:11] [29/296] IAET
[03:43:12] [30/296] DDTD
[03:43:13] [31/296] GMDH
[03:43:14] [32/296] STLE
[03:43:16] [33/296] JTRA
[03:43:17] [34/296] RPPA
[03:43:18] [35/296] ARUT
[03:43:19] [36/296] JTVM
[03:43:20] [37/296] SWRH
[03:43:21] [38/296] DCPC
[03:43:22] [39/296] RAPR
[03:43:23] [40/296] GCRT
[03:43:24] [41/296] ATUN
[03:43:25] [42/296] LTRM
[03:43:26] [43/296] TASR
[03:43:27] [44/296] RLLC
[03:43:29] [45/296] MABI
[03:43:30] [46/296] SVHB
[03:43:31] [47/296] NVTB
[03:43:32] [48/296] KCKG
[03:43:33] [49/296] SSRN
[03:43:34] [50/296] VDDC
[03:43:35] [51/296] GKTK
[03:43:35] [52/296] YFSN
[03:43:38] [53/296] GCSG
[03:43:39] [54/296] ESSM
[03:43:40] [55/296] KRIH
[03:43:41] [56/296] GCDS
[03:43:41] [57/296] CCSH
[03:43:42] [58/296] ACSK
[03:43:43] [59/296] APRK
[03:43:44] [60/296] ADKM
[03:43:45] [61/296] SRDM
[03:43:46] [62/296] RMOG
[03:43:47] [63/296] SJMY
[03:43:48] [64/296] PGGC
[03:43:49] [65/296] INGM
[03:43:50] [66/296] LSCB
[03:43:52] [67/296] STAD
[03:43:53] [68/296] MCCR
[03:43:54] [69/296] ABCC
[03:43:54] [70/296] RKCC
[03:43:56] [71/296] RTCR
[03:43:57] [72/296] GGBC
[03:43:58] [73/296] GCSD
[03:43:59] [74/296] LPTY
[03:44:00] [75/296] MCFD
[03:44:01] [76/296] HENN
[03:44:02] [77/296] SMKU
[03:44:03] [78/296] TNZC
[03:44:04] [79/296] DRCD
[03:44:05] [80/296] DLCD
[03:44:06] [81/296] RCDA
[03:44:07] [82/296] COSM
[03:44:08] [83/296] MCMJ
[03:44:10] [84/296] CSTR
[03:44:10] [85/296] CVDK
[03:44:11] [86/296] INRR
[03:44:12] [87/296] RJRT
[03:44:13] [88/296] IRMR
[03:44:14] [89/296] SRCF
[03:44:15] [90/296] GRCR
[03:44:16] [91/296] SURC
[03:44:17] [92/296] NMNH
[03:44:18] [93/296] SVBL
[03:44:19] [94/296] KACI
[03:44:20] [95/296] TDGO
[03:44:21] [96/296] KTBR
[03:44:21] [97/296] PMAD
[03:44:22] [98/296] CCPN
[03:44:23] [99/296] SBTK
[03:44:24] [100/296] LMDK
[03:44:25] [101/296] PGDA
[03:44:26] [102/296] SRML
[03:44:26] [103/296] EVCK
[03:44:27] [104/296] RTTK
[03:44:28] [105/296] SRTU
[03:44:30] [106/296] VRSA
[03:44:31] [107/296] VARS
[03:44:32] [108/296] DSCZ
[03:44:33] [109/296] GAGA
[03:44:33] [110/296] SARV
[03:44:35] [111/296] SEEG
[03:44:36] [112/296] GLCA
[03:44:37] [113/296] APAS
[03:44:38] [114/296] VCIA
[03:44:40] [115/296] SJTA
[03:44:40] [116/296] SABM
[03:44:42] [117/296] PPAG
[03:44:43] [118/296] RVCA
[03:44:44] [119/296] CCIA
[03:44:45] [120/296] HTAG
[03:44:46] [121/296] SMBI
[03:44:47] [122/296] MCJR
[03:44:47] [123/296] CCJR
[03:44:48] [124/296] SINF
[03:44:50] [125/296] CPLX
[03:44:51] [126/296] KKTJ
[03:44:52] [127/296] GDBW
[03:44:53] [128/296] CSUB
[03:44:54] [129/296] DABA
[03:44:55] [130/296] TITR
[03:44:56] [131/296] NYCR
[03:44:57] [132/296] RTRY
[03:44:58] [133/296] JTJL
[03:45:01] [134/296] SJCP
[03:45:02] [135/296] KCCA
[03:45:03] [136/296] MLPG
[03:45:04] [137/296] VRCK
[03:45:06] [138/296] SRIN
[03:45:07] [139/296] CXMK
[03:45:08] [140/296] SKAD
[03:45:09] [141/296] AVTR
[03:45:10] [142/296] PTAJ
[03:45:12] [143/296] SCNK
[03:45:14] [144/296] STTI
[03:45:15] [145/296] KACR
[03:45:16] [146/296] SSDX
[03:45:17] [147/296] VRTJ
[03:45:17] [148/296] RAJD
[03:45:18] [149/296] SCIP
[03:45:19] [150/296] RJSL
[03:45:20] [151/296] ARRS
[03:45:21] [152/296] ASMS
[03:45:22] [153/296] RDTS
[03:45:23] [154/296] DVMY
[03:45:24] [155/296] RASA
[03:45:25] [156/296] INOM
[03:45:26] [157/296] SPRS
[03:45:27] [158/296] SGCS
[03:45:28] [159/296] SALM
[03:45:29] [160/296] PKHC
[03:45:30] [161/296] RCSV
[03:45:32] [162/296] CPKC
[03:45:33] [163/296] AACD
[03:45:34] [164/296] GGCV
[03:45:35] [165/296] SMKD
[03:45:36] [166/296] NBCH
[03:45:37] [167/296] AMCB
[03:45:38] [168/296] OPCN
[03:45:39] [169/296] DCIN
[03:45:40] [170/296] INGW
[03:45:41] [171/296] PKKW
[03:45:42] [172/296] FNGW
[03:45:43] [173/296] GCGD
[03:45:44] [174/296] MSTW
[03:45:45] [175/296] KCCG
[03:45:46] [176/296] MRSS
[03:45:47] [177/296] CLCF
[03:45:48] [178/296] EETS
[03:45:49] [179/296] AATR
[03:45:49] [180/296] CMMN
[03:45:50] [181/296] SCCJ
[03:45:51] [182/296] CDTK
[03:45:52] [183/296] AICP
[03:45:53] [184/296] FNBP
[03:45:54] [185/296] CBPB
[03:45:55] [186/296] CPAS
[03:45:56] [187/296] MAPM
[03:45:57] [188/296] PASD
[03:45:58] [189/296] JCMN
[03:45:59] [190/296] MALB
[03:46:01] [191/296] SACG
[03:46:02] [192/296] DDRX
[03:46:03] [193/296] DDXB
[03:46:04] [194/296] RAMC
[03:46:06] [195/296] SANC
[03:46:06] [196/296] BCBP
[03:46:07] [197/296] ALPC
[03:46:08] [198/296] RBAC
[03:46:09] [199/296] RAJL
[03:46:10] [200/296] MPDX
[03:46:11] [201/296] MUSC
[03:46:12] [202/296] VKMK
[03:46:13] [203/296] SKCG
[03:46:14] [204/296] ANCN
[03:46:15] [205/296] MMCJ
[03:46:17] [206/296] DCAK
[03:46:18] [207/296] SCKG
[03:46:19] [208/296] LMCK
[03:46:20] [209/296] CKKX
[03:46:21] [210/296] ANKU
[03:46:22] [211/296] CSMD
[03:46:23] [212/296] MKMP
[03:46:23] [213/296] SVBG
[03:46:24] [214/296] ROOP
[03:46:26] [215/296] GDMT
[03:46:26] [216/296] FPPF
[03:46:27] [217/296] SFUU
[03:46:29] [218/296] ANCB
[03:46:31] [219/296] SMMC
[03:46:32] [220/296] UGKT
[03:46:33] [221/296] JVRM
[03:46:34] [222/296] BATG
[03:46:35] [223/296] RATE
[03:46:36] [224/296] SKME
[03:46:37] [225/296] LMTP
[03:46:38] [226/296] TCBD
[03:46:39] [227/296] ESBD
[03:46:40] [228/296] GDCU
[03:46:41] [229/296] SNKT
[03:46:43] [230/296] SRNK
[03:46:44] [231/296] SMED
[03:46:45] [232/296] CSQS
[03:46:46] [233/296] ALCS
[03:46:47] [234/296] KCKN
[03:46:48] [235/296] VCCL
[03:46:49] [236/296] MCDA
[03:46:50] [237/296] SHMI
[03:46:50] [238/296] SKHA
[03:46:51] [239/296] SVFK
[03:46:52] [240/296] INVB
[03:46:53] [241/296] MELD
[03:46:54] [242/296] JTYS
[03:46:55] [243/296] INCM
[03:46:56] [244/296] MCDV
[03:46:57] [245/296] KSGK
[03:46:58] [246/296] ICMG
[03:46:58] [247/296] CSCV
[03:47:00] [248/296] STMD
[03:47:01] [249/296] STTR
[03:47:02] [250/296] INVC
[03:47:02] [251/296] JTBL
[03:47:04] [252/296] SRVV
[03:47:04] [253/296] MAVC
[03:47:05] [254/296] SRPP
[03:47:07] [255/296] JGDM
[03:47:08] [256/296] MBSJ
[03:47:09] [257/296] SSLL
[03:47:10] [258/296] SLKP
[03:47:11] [259/296] NSRV
[03:47:11] [260/296] UTDV
[03:47:12] [261/296] KICM
[03:47:13] [262/296] KCMD
[03:47:14] [263/296] TTPP
[03:47:15] [264/296] KMPV
[03:47:16] [265/296] SKTV
[03:47:17] [266/296] STCV
[03:47:18] [267/296] SRDA
[03:47:19] [268/296] JTSX
[03:47:21] [269/296] STBV
[03:47:22] [270/296] APVZ
[03:47:22] [271/296] GSTV
[03:47:23] [272/296] NMVS
[03:47:24] [273/296] SKRT
[03:47:25] [274/296] RMDV
[03:47:26] [275/296] RATG
[03:47:26] [276/296] SJYV
[03:47:27] [277/296] NDGP
[03:47:29] [278/296] SNDG
[03:47:30] [279/296] INSR
[03:47:31] [280/296] INSO
[03:47:32] [281/296] CCSI
[03:47:32] [282/296] RASM
[03:47:34] [283/296] NEWC
[03:47:35] [284/296] VSHL
[03:47:36] [285/296] BISW
[03:47:38] [286/296] GCNG
[03:47:38] [287/296] CWSC
[03:47:39] [288/296] SKAN
[03:47:40] [289/296] SEHP
[03:47:41] [290/296] CCOA
[03:47:42] [291/296] MCAJ
[03:47:42] [292/296] ACDE
[03:47:43] [293/296] AACM
[03:47:44] [294/296] JJCK
[03:47:45] [295/296] RCMO
[03:47:47] [296/296] GDAW
[03:47:48] ✅ DONE | Shows=1 | Movies=1
[04:42:33] 🚀 BMS DAILY TRACKER STARTED
[04:42:33] [1/296] CDCA
[04:42:33] 🧠 New identity
[04:42:34] [2/296] MNSR
[04:42:35] [3/296] CSSL
[04:42:36] [4/296] BGGM
[04:42:37] [5/296] MANT
[04:42:38] [6/296] SOOY
[04:42:39] [7/296] VPPK
[04:42:40] [8/296] MYHJ
[04:42:41] [9/296] KSCK
[04:42:42] [10/296] KATK
[04:42:42] [11/296] RTRT
[04:42:43] [12/296] SSTT
[04:42:44] [13/296] SSTV
[04:42:46] [14/296] LACM
[04:42:47] [15/296] SGMG
[04:42:48] [16/296] KACX
[04:42:49] [17/296] GVCP
[04:42:50] [18/296] CSNC
[04:42:51] [19/296] SXCB
[04:42:52] [20/296] BAHS
[04:42:53] [21/296] PCBI
[04:42:54] [22/296] PSSM
[04:42:55] [23/296] RCOK
[04:42:56] [24/296] SCPF
[04:42:58] [25/296] SSAS
[04:42:59] [26/296] EVMM
[04:43:01] [27/296] SYCB
[04:43:03] [28/296] GCKI
[04:43:04] [29/296] IAET
[04:43:05] [30/296] DDTD
[04:43:06] [31/296] GMDH
[04:43:07] [32/296] STLE
[04:43:08] [33/296] JTRA
[04:43:09] [34/296] RPPA
[04:43:10] [35/296] ARUT
[04:43:12] [36/296] JTVM
[04:43:13] [37/296] SWRH
[04:43:14] [38/296] DCPC
[04:43:15] [39/296] RAPR
[04:43:16] [40/296] GCRT
[04:43:16] [41/296] ATUN
[04:43:17] [42/296] LTRM
[04:43:18] [43/296] TASR
[04:43:19] [44/296] RLLC
[04:43:21] [45/296] MABI
[04:43:22] [46/296] SVHB
[04:43:24] [47/296] NVTB
[04:43:25] [48/296] KCKG
[04:43:26] [49/296] SSRN
[04:43:27] [50/296] VDDC
[04:43:29] [51/296] GKTK
[04:43:30] [52/296] YFSN
[04:43:30] [53/296] GCSG
[04:43:31] [54/296] ESSM
[04:43:32] [55/296] KRIH
[04:43:33] [56/296] GCDS
[04:43:34] [57/296] CCSH
[04:43:35] [58/296] ACSK
[04:43:36] [59/296] APRK
[04:43:37] [60/296] ADKM
[04:43:38] [61/296] SRDM
[04:43:38] [62/296] RMOG
[04:43:39] [63/296] SJMY
[04:43:40] [64/296] PGGC
[04:43:41] [65/296] INGM
[04:43:42] [66/296] LSCB
[04:43:43] [67/296] STAD
[04:43:44] [68/296] MCCR
[04:43:45] [69/296] ABCC
[04:43:46] [70/296] RKCC
[04:43:47] [71/296] RTCR
[04:43:47] [72/296] GGBC
[04:43:49] [73/296] GCSD
[04:43:51] [74/296] LPTY
[04:43:52] [75/296] MCFD
[04:43:52] [76/296] HENN
[04:43:53] [77/296] SMKU
[04:43:54] [78/296] TNZC
[04:43:55] [79/296] DRCD
[04:43:56] [80/296] DLCD
[04:43:57] [81/296] RCDA
[04:43:58] [82/296] COSM
[04:43:59] [83/296] MCMJ
[04:44:00] [84/296] CSTR
[04:44:01] [85/296] CVDK
[04:44:02] [86/296] INRR
[04:44:04] [87/296] RJRT
[04:44:05] [88/296] IRMR
[04:44:05] [89/296] SRCF
[04:44:07] [90/296] GRCR
[04:44:08] [91/296] SURC
[04:44:09] [92/296] NMNH
[04:44:10] [93/296] SVBL
[04:44:11] [94/296] KACI
[04:44:11] [95/296] TDGO
[04:44:13] [96/296] KTBR
[04:44:14] [97/296] PMAD
[04:44:15] [98/296] CCPN
[04:44:16] [99/296] SBTK
[04:44:17] [100/296] LMDK
[04:44:18] [101/296] PGDA
[04:44:19] [102/296] SRML
[04:44:20] [103/296] EVCK
[04:44:21] [104/296] RTTK
[04:44:22] [105/296] SRTU
[04:44:24] [106/296] VRSA
[04:44:24] [107/296] VARS
[04:44:25] [108/296] DSCZ
[04:44:26] [109/296] GAGA
[04:44:27] [110/296] SARV
[04:44:27] [111/296] SEEG
[04:44:29] [112/296] GLCA
[04:44:30] [113/296] APAS
[04:44:31] [114/296] VCIA
[04:44:31] [115/296] SJTA
[04:44:32] [116/296] SABM
[04:44:34] [117/296] PPAG
[04:44:35] [118/296] RVCA
[04:44:36] [119/296] CCIA
[04:44:37] [120/296] HTAG
[04:44:38] [121/296] SMBI
[04:44:38] [122/296] MCJR
[04:44:39] [123/296] CCJR
[04:44:40] [124/296] SINF
[04:44:41] [125/296] CPLX
[04:44:42] [126/296] KKTJ
[04:44:44] [127/296] GDBW
[04:44:44] [128/296] CSUB
[04:44:45] [129/296] DABA
[04:44:46] [130/296] TITR
[04:44:47] [131/296] NYCR
[04:44:48] [132/296] RTRY
[04:44:49] [133/296] JTJL
[04:44:50] [134/296] SJCP
[04:44:50] [135/296] KCCA
[04:44:51] [136/296] MLPG
[04:44:53] [137/296] VRCK
[04:44:54] [138/296] SRIN
[04:44:55] [139/296] CXMK
[04:44:56] [140/296] SKAD
[04:44:57] [141/296] AVTR
[04:44:58] [142/296] PTAJ
[04:44:59] [143/296] SCNK
[04:45:00] [144/296] STTI
[04:45:01] [145/296] KACR
[04:45:01] [146/296] SSDX
[04:45:02] [147/296] VRTJ
[04:45:03] [148/296] RAJD
[04:45:04] [149/296] SCIP
[04:45:05] [150/296] RJSL
[04:45:06] [151/296] ARRS
[04:45:06] [152/296] ASMS
[04:45:07] [153/296] RDTS
[04:45:08] [154/296] DVMY
[04:45:10] [155/296] RASA
[04:45:11] [156/296] INOM
[04:45:12] [157/296] SPRS
[04:45:13] [158/296] SGCS
[04:45:15] [159/296] SALM
[04:45:17] [160/296] PKHC
[04:45:18] [161/296] RCSV
[04:45:18] [162/296] CPKC
[04:45:19] [163/296] AACD
[04:45:20] [164/296] GGCV
[04:45:22] [165/296] SMKD
[04:45:22] [166/296] NBCH
[04:45:23] [167/296] AMCB
[04:45:24] [168/296] OPCN
[04:45:25] [169/296] DCIN
[04:45:26] [170/296] INGW
[04:45:26] [171/296] PKKW
[04:45:28] [172/296] FNGW
[04:45:29] [173/296] GCGD
[04:45:30] [174/296] MSTW
[04:45:32] [175/296] KCCG
[04:45:33] [176/296] MRSS
[04:45:34] [177/296] CLCF
[04:45:35] [178/296] EETS
[04:45:36] [179/296] AATR
[04:45:37] [180/296] CMMN
[04:45:38] [181/296] SCCJ
[04:45:38] [182/296] CDTK
[04:45:39] [183/296] AICP
[04:45:41] [184/296] FNBP
[04:45:43] [185/296] CBPB
[04:45:44] [186/296] CPAS
[04:45:45] [187/296] MAPM
[04:45:47] [188/296] PASD
[04:45:48] [189/296] JCMN
[04:45:49] [190/296] MALB
[04:45:51] [191/296] SACG
[04:45:52] [192/296] DDRX
[04:45:53] [193/296] DDXB
[04:45:53] [194/296] RAMC
[04:45:54] [195/296] SANC
[04:45:55] [196/296] BCBP
[04:45:56] [197/296] ALPC
[04:45:57] [198/296] RBAC
[04:45:58] [199/296] RAJL
[04:45:59] [200/296] MPDX
[04:46:00] [201/296] MUSC
[04:46:01] [202/296] VKMK
[04:46:01] [203/296] SKCG
[04:46:02] [204/296] ANCN
[04:46:03] [205/296] MMCJ
[04:46:05] [206/296] DCAK
[04:46:08] [207/296] SCKG
[04:46:08] [208/296] LMCK
[04:46:09] [209/296] CKKX
[04:46:11] [210/296] ANKU
[04:46:12] [211/296] CSMD
[04:46:14] [212/296] MKMP
[04:46:15] [213/296] SVBG
[04:46:16] [214/296] ROOP
[04:46:17] [215/296] GDMT
[04:46:17] [216/296] FPPF
[04:46:18] [217/296] SFUU
[04:46:20] [218/296] ANCB
[04:46:21] [219/296] SMMC
[04:46:23] [220/296] UGKT
[04:46:24] [221/296] JVRM
[04:46:25] [222/296] BATG
[04:46:26] [223/296] RATE
[04:46:27] [224/296] SKME
[04:46:28] [225/296] LMTP
[04:46:29] [226/296] TCBD
[04:46:30] [227/296] ESBD
[04:46:31] [228/296] GDCU
[04:46:32] [229/296] SNKT
[04:46:34] [230/296] SRNK
[04:46:36] [231/296] SMED
[04:46:36] [232/296] CSQS
[04:46:38] [233/296] ALCS
[04:46:39] [234/296] KCKN
[04:46:41] [235/296] VCCL
[04:46:41] [236/296] MCDA
[04:46:43] [237/296] SHMI
[04:46:44] [238/296] SKHA
[04:46:45] [239/296] SVFK
[04:46:46] [240/296] INVB
[04:46:48] [241/296] MELD
[04:46:48] [242/296] JTYS
[04:46:49] [243/296] INCM
[04:46:50] [244/296] MCDV
[04:46:51] [245/296] KSGK
[04:46:51] [246/296] ICMG
[04:46:52] [247/296] CSCV
[04:46:53] [248/296] STMD
[04:46:54] [249/296] STTR
[04:46:56] [250/296] INVC
[04:46:57] [251/296] JTBL
[04:46:58] [252/296] SRVV
[04:46:59] [253/296] MAVC
[04:47:00] [254/296] SRPP
[04:47:00] [255/296] JGDM
[04:47:01] [256/296] MBSJ
[04:47:02] [257/296] SSLL
[04:47:03] [258/296] SLKP
[04:47:04] [259/296] NSRV
[04:47:05] [260/296] UTDV
[04:47:05] [261/296] KICM
[04:47:06] [262/296] KCMD
[04:47:08] [263/296] TTPP
[04:47:09] [264/296] KMPV
[04:47:10] [265/296] SKTV
[04:47:11] [266/296] STCV
[04:47:12] [267/296] SRDA
[04:47:13] [268/296] JTSX
[04:47:14] [269/296] STBV
[04:47:15] [270/296] APVZ
[04:47:15] [271/296] GSTV
[04:47:16] [272/296] NMVS
[04:47:17] [273/296] SKRT
[04:47:18] [274/296] RMDV
[04:47:20] [275/296] RATG
[04:47:21] [276/296] SJYV
[04:47:22] [277/296] NDGP
[04:47:24] [278/296] SNDG
[04:47:25] [279/296] INSR
[04:47:26] [280/296] INSO
[04:47:28] [281/296] CCSI
[04:47:29] [282/296] RASM
[04:47:30] [283/296] NEWC
[04:47:31] [284/296] VSHL
[04:47:32] [285/296] BISW
[04:47:34] [286/296] GCNG
[04:47:35] [287/296] CWSC
[04:47:35] [288/296] SKAN
[04:47:37] [289/296] SEHP
[04:47:38] [290/296] CCOA
[04:47:39] [291/296] MCAJ
[04:47:39] [292/296] ACDE
[04:47:40] [293/296] AACM
[04:47:42] [294/296] JJCK
[04:47:43] [295/296] RCMO
[04:47:44] [296/296] GDAW
[04:47:45] ✅ DONE | Shows=5 | Movies=1
[06:29:29] 🚀 BMS DAILY TRACKER STARTED
[06:29:29] [1/296] CDCA
[06:29:29] 🧠 New identity
[06:29:30] [2/296] MNSR
[06:29:32] [3/296] CSSL
[06:29:34] [4/296] BGGM
[06:29:35] [5/296] MANT
[06:29:36] [6/296] SOOY
[06:29:37] [7/296] VPPK
[06:29:38] [8/296] MYHJ
[06:29:39] [9/296] KSCK
[06:29:40] [10/296] KATK
[06:29:41] [11/296] RTRT
[06:29:43] [12/296] SSTT
[06:29:44] [13/296] SSTV
[06:29:45] [14/296] LACM
[06:29:46] [15/296] SGMG
[06:29:47] [16/296] KACX
[06:29:47] [17/296] GVCP
[06:29:48] [18/296] CSNC
[06:29:49] [19/296] SXCB
[06:29:50] [20/296] BAHS
[06:29:51] [21/296] PCBI
[06:29:53] [22/296] PSSM
[06:29:53] [23/296] RCOK
[06:29:54] [24/296] SCPF
[06:29:55] [25/296] SSAS
[06:29:56] [26/296] EVMM
[06:29:57] [27/296] SYCB
[06:29:57] [28/296] GCKI
[06:29:58] [29/296] IAET
[06:29:59] [30/296] DDTD
[06:30:00] [31/296] GMDH
[06:30:01] [32/296] STLE
[06:30:02] [33/296] JTRA
[06:30:02] [34/296] RPPA
[06:30:04] [35/296] ARUT
[06:30:05] [36/296] JTVM
[06:30:06] [37/296] SWRH
[06:30:06] [38/296] DCPC
[06:30:08] [39/296] RAPR
[06:30:08] [40/296] GCRT
[06:30:09] [41/296] ATUN
[06:30:10] [42/296] LTRM
[06:30:11] [43/296] TASR
[06:30:12] [44/296] RLLC
[06:30:13] [45/296] MABI
[06:30:14] [46/296] SVHB
[06:30:15] [47/296] NVTB
[06:30:16] [48/296] KCKG
[06:30:17] [49/296] SSRN
[06:30:18] [50/296] VDDC
[06:30:20] [51/296] GKTK
[06:30:21] [52/296] YFSN
[06:30:22] [53/296] GCSG
[06:30:24] [54/296] ESSM
[06:30:25] [55/296] KRIH
[06:30:26] [56/296] GCDS
[06:30:26] [57/296] CCSH
[06:30:28] [58/296] ACSK
[06:30:29] [59/296] APRK
[06:30:31] [60/296] ADKM
[06:30:32] [61/296] SRDM
[06:30:33] [62/296] RMOG
[06:30:34] [63/296] SJMY
[06:30:35] [64/296] PGGC
[06:30:36] [65/296] INGM
[06:30:36] [66/296] LSCB
[06:30:37] [67/296] STAD
[06:30:38] [68/296] MCCR
[06:30:39] [69/296] ABCC
[06:30:40] [70/296] RKCC
[06:30:41] [71/296] RTCR
[06:30:42] [72/296] GGBC
[06:30:43] [73/296] GCSD
[06:30:44] [74/296] LPTY
[06:30:44] [75/296] MCFD
[06:30:45] [76/296] HENN
[06:30:46] [77/296] SMKU
[06:30:47] [78/296] TNZC
[06:30:48] [79/296] DRCD
[06:30:48] [80/296] DLCD
[06:30:49] [81/296] RCDA
[06:30:51] [82/296] COSM
[06:30:52] [83/296] MCMJ
[06:30:53] [84/296] CSTR
[06:30:54] [85/296] CVDK
[06:30:55] [86/296] INRR
[06:30:56] [87/296] RJRT
[06:30:57] [88/296] IRMR
[06:30:59] [89/296] SRCF
[06:31:00] [90/296] GRCR
[06:31:01] [91/296] SURC
[06:31:02] [92/296] NMNH
[06:31:03] [93/296] SVBL
[06:31:03] [94/296] KACI
[06:31:04] [95/296] TDGO
[06:31:05] [96/296] KTBR
[06:31:06] [97/296] PMAD
[06:31:07] [98/296] CCPN
[06:31:09] [99/296] SBTK
[06:31:09] [100/296] LMDK
[06:31:10] [101/296] PGDA
[06:31:12] [102/296] SRML
[06:31:12] [103/296] EVCK
[06:31:13] [104/296] RTTK
[06:31:14] [105/296] SRTU
[06:31:15] [106/296] VRSA
[06:31:15] [107/296] VARS
[06:31:16] [108/296] DSCZ
[06:31:18] [109/296] GAGA
[06:31:19] [110/296] SARV
[06:31:20] [111/296] SEEG
[06:31:20] [112/296] GLCA
[06:31:22] [113/296] APAS
[06:31:23] [114/296] VCIA
[06:31:24] [115/296] SJTA
[06:31:25] [116/296] SABM
[06:31:26] [117/296] PPAG
[06:31:27] [118/296] RVCA
[06:31:29] [119/296] CCIA
[06:31:30] [120/296] HTAG
[06:31:31] [121/296] SMBI
[06:31:32] [122/296] MCJR
[06:31:33] [123/296] CCJR
[06:31:35] [124/296] SINF
[06:31:36] [125/296] CPLX
[06:31:37] [126/296] KKTJ
[06:31:38] [127/296] GDBW
[06:31:39] [128/296] CSUB
[06:31:40] [129/296] DABA
[06:31:41] [130/296] TITR
[06:31:42] [131/296] NYCR
[06:31:43] [132/296] RTRY
[06:31:44] [133/296] JTJL
[06:31:44] [134/296] SJCP
[06:31:45] [135/296] KCCA
[06:31:46] [136/296] MLPG
[06:31:47] [137/296] VRCK
[06:31:48] [138/296] SRIN
[06:31:49] [139/296] CXMK
[06:31:50] [140/296] SKAD
[06:31:51] [141/296] AVTR
[06:31:51] [142/296] PTAJ
[06:31:52] [143/296] SCNK
[06:31:53] [144/296] STTI
[06:31:54] [145/296] KACR
[06:31:55] [146/296] SSDX
[06:31:56] [147/296] VRTJ
[06:31:57] [148/296] RAJD
[06:31:59] [149/296] SCIP
[06:32:00] [150/296] RJSL
[06:32:00] [151/296] ARRS
[06:32:01] [152/296] ASMS
[06:32:02] [153/296] RDTS
[06:32:03] [154/296] DVMY
[06:32:04] [155/296] RASA
[06:32:05] [156/296] INOM
[06:32:06] [157/296] SPRS
[06:32:06] [158/296] SGCS
[06:32:07] [159/296] SALM
[06:32:09] [160/296] PKHC
[06:32:10] [161/296] RCSV
[06:32:11] [162/296] CPKC
[06:32:12] [163/296] AACD
[06:32:14] [164/296] GGCV
[06:32:15] [165/296] SMKD
[06:32:16] [166/296] NBCH
[06:32:17] [167/296] AMCB
[06:32:18] [168/296] OPCN
[06:32:19] [169/296] DCIN
[06:32:20] [170/296] INGW
[06:32:21] [171/296] PKKW
[06:32:22] [172/296] FNGW
[06:32:23] [173/296] GCGD
[06:32:25] [174/296] MSTW
[06:32:25] [175/296] KCCG
[06:32:26] [176/296] MRSS
[06:32:27] [177/296] CLCF
[06:32:28] [178/296] EETS
[06:32:29] [179/296] AATR
[06:32:30] [180/296] CMMN
[06:32:31] [181/296] SCCJ
[06:32:32] [182/296] CDTK
[06:32:33] [183/296] AICP
[06:32:33] [184/296] FNBP
[06:32:34] [185/296] CBPB
[06:32:35] [186/296] CPAS
[06:32:36] [187/296] MAPM
[06:32:37] [188/296] PASD
[06:32:39] [189/296] JCMN
[06:32:40] [190/296] MALB
[06:32:41] [191/296] SACG
[06:32:42] [192/296] DDRX
[06:32:42] [193/296] DDXB
[06:32:43] [194/296] RAMC
[06:32:44] [195/296] SANC
[06:32:45] [196/296] BCBP
[06:32:46] [197/296] ALPC
[06:32:47] [198/296] RBAC
[06:32:48] [199/296] RAJL
[06:32:48] [200/296] MPDX
[06:32:50] [201/296] MUSC
[06:32:51] [202/296] VKMK
[06:32:52] [203/296] SKCG
[06:32:53] [204/296] ANCN
[06:32:54] [205/296] MMCJ
[06:32:54] [206/296] DCAK
[06:32:55] [207/296] SCKG
[06:32:57] [208/296] LMCK
[06:32:58] [209/296] CKKX
[06:32:59] [210/296] ANKU
[06:32:59] [211/296] CSMD
[06:33:00] [212/296] MKMP
[06:33:01] [213/296] SVBG
[06:33:02] [214/296] ROOP
[06:33:02] [215/296] GDMT
[06:33:04] [216/296] FPPF
[06:33:06] [217/296] SFUU
[06:33:07] [218/296] ANCB
[06:33:08] [219/296] SMMC
[06:33:09] [220/296] UGKT
[06:33:10] [221/296] JVRM
[06:33:10] [222/296] BATG
[06:33:11] [223/296] RATE
[06:33:13] [224/296] SKME
[06:33:14] [225/296] LMTP
[06:33:15] [226/296] TCBD
[06:33:16] [227/296] ESBD
[06:33:17] [228/296] GDCU
[06:33:18] [229/296] SNKT
[06:33:19] [230/296] SRNK
[06:33:20] [231/296] SMED
[06:33:21] [232/296] CSQS
[06:33:22] [233/296] ALCS
[06:33:23] [234/296] KCKN
[06:33:23] [235/296] VCCL
[06:33:24] [236/296] MCDA
[06:33:25] [237/296] SHMI
[06:33:26] [238/296] SKHA
[06:33:27] [239/296] SVFK
[06:33:28] [240/296] INVB
[06:33:29] [241/296] MELD
[06:33:30] [242/296] JTYS
[06:33:31] [243/296] INCM
[06:33:32] [244/296] MCDV
[06:33:33] [245/296] KSGK
[06:33:33] [246/296] ICMG
[06:33:34] [247/296] CSCV
[06:33:35] [248/296] STMD
[06:33:36] [249/296] STTR
[06:33:37] [250/296] INVC
[06:33:39] [251/296] JTBL
[06:33:39] [252/296] SRVV
[06:33:40] [253/296] MAVC
[06:33:42] [254/296] SRPP
[06:33:43] [255/296] JGDM
[06:33:44] [256/296] MBSJ
[06:33:45] [257/296] SSLL
[06:33:46] [258/296] SLKP
[06:33:47] [259/296] NSRV
[06:33:47] [260/296] UTDV
[06:33:48] [261/296] KICM
[06:33:49] [262/296] KCMD
[06:33:50] [263/296] TTPP
[06:33:51] [264/296] KMPV
[06:33:52] [265/296] SKTV
[06:33:53] [266/296] STCV
[06:33:54] [267/296] SRDA
[06:33:55] [268/296] JTSX
[06:33:57] [269/296] STBV
[06:33:57] [270/296] APVZ
[06:33:58] [271/296] GSTV
[06:33:59] [272/296] NMVS
[06:34:00] [273/296] SKRT
[06:34:01] [274/296] RMDV
[06:34:02] [275/296] RATG
[06:34:03] [276/296] SJYV
[06:34:04] [277/296] NDGP
[06:34:05] [278/296] SNDG
[06:34:06] [279/296] INSR
[06:34:07] [280/296] INSO
[06:34:09] [281/296] CCSI
[06:34:10] [282/296] RASM
[06:34:11] [283/296] NEWC
[06:34:11] [284/296] VSHL
[06:34:12] [285/296] BISW
[06:34:14] [286/296] GCNG
[06:34:15] [287/296] CWSC
[06:34:16] [288/296] SKAN
[06:34:17] [289/296] SEHP
[06:34:17] [290/296] CCOA
[06:34:18] [291/296] MCAJ
[06:34:19] [292/296] ACDE
[06:34:20] [293/296] AACM
[06:34:21] [294/296] JJCK
[06:34:21] [295/296] RCMO
[06:34:23] [296/296] GDAW
[06:34:24] ✅ DONE | Shows=106 | Movies=9
[08:23:25] 🚀 BMS DAILY TRACKER STARTED
[08:23:25] [1/296] CDCA
[08:23:25] 🧠 New identity
[08:23:26] [2/296] MNSR
[08:23:27] [3/296] CSSL
[08:23:28] [4/296] BGGM
[08:23:29] [5/296] MANT
[08:23:30] [6/296] SOOY
[08:23:31] [7/296] VPPK
[08:23:32] [8/296] MYHJ
[08:23:32] [9/296] KSCK
[08:23:33] [10/296] KATK
[08:23:34] [11/296] RTRT
[08:23:35] [12/296] SSTT
[08:23:37] [13/296] SSTV
[08:23:37] [14/296] LACM
[08:23:39] [15/296] SGMG
[08:23:40] [16/296] KACX
[08:23:40] [17/296] GVCP
[08:23:41] [18/296] CSNC
[08:23:42] [19/296] SXCB
[08:23:43] [20/296] BAHS
[08:23:44] [21/296] PCBI
[08:23:45] [22/296] PSSM
[08:23:45] [23/296] RCOK
[08:23:46] [24/296] SCPF
[08:23:47] [25/296] SSAS
[08:23:48] [26/296] EVMM
[08:23:49] [27/296] SYCB
[08:23:50] [28/296] GCKI
[08:23:51] [29/296] IAET
[08:23:52] [30/296] DDTD
[08:23:53] [31/296] GMDH
[08:23:54] [32/296] STLE
[08:23:55] [33/296] JTRA
[08:23:56] [34/296] RPPA
[08:23:57] [35/296] ARUT
[08:23:58] [36/296] JTVM
[08:23:59] [37/296] SWRH
[08:24:00] [38/296] DCPC
[08:24:00] [39/296] RAPR
[08:24:01] [40/296] GCRT
[08:24:02] [41/296] ATUN
[08:24:03] [42/296] LTRM
[08:24:04] [43/296] TASR
[08:24:05] [44/296] RLLC
[08:24:05] [45/296] MABI
[08:24:06] [46/296] SVHB
[08:24:07] [47/296] NVTB
[08:24:08] [48/296] KCKG
[08:24:09] [49/296] SSRN
[08:24:10] [50/296] VDDC
[08:24:11] [51/296] GKTK
[08:24:12] [52/296] YFSN
[08:24:13] [53/296] GCSG
[08:24:13] [54/296] ESSM
[08:24:14] [55/296] KRIH
[08:24:15] [56/296] GCDS
[08:24:15] [57/296] CCSH
[08:24:16] [58/296] ACSK
[08:24:17] [59/296] APRK
[08:24:18] [60/296] ADKM
[08:24:19] [61/296] SRDM
[08:24:20] [62/296] RMOG
[08:24:21] [63/296] SJMY
[08:24:21] [64/296] PGGC
[08:24:22] [65/296] INGM
[08:24:23] [66/296] LSCB
[08:24:24] [67/296] STAD
[08:24:25] [68/296] MCCR
[08:24:26] [69/296] ABCC
[08:24:27] [70/296] RKCC
[08:24:28] [71/296] RTCR
[08:24:29] [72/296] GGBC
[08:24:30] [73/296] GCSD
[08:24:31] [74/296] LPTY
[08:24:32] [75/296] MCFD
[08:24:32] [76/296] HENN
[08:24:33] [77/296] SMKU
[08:24:35] [78/296] TNZC
[08:24:36] [79/296] DRCD
[08:24:37] [80/296] DLCD
[08:24:38] [81/296] RCDA
[08:24:39] [82/296] COSM
[08:24:40] [83/296] MCMJ
[08:24:41] [84/296] CSTR
[08:24:42] [85/296] CVDK
[08:24:42] [86/296] INRR
[08:24:43] [87/296] RJRT
[08:24:44] [88/296] IRMR
[08:24:45] [89/296] SRCF
[08:24:46] [90/296] GRCR
[08:24:46] [91/296] SURC
[08:24:48] [92/296] NMNH
[08:24:48] [93/296] SVBL
[08:24:49] [94/296] KACI
[08:24:50] [95/296] TDGO
[08:24:51] [96/296] KTBR
[08:24:52] [97/296] PMAD
[08:24:53] [98/296] CCPN
[08:24:54] [99/296] SBTK
[08:24:55] [100/296] LMDK
[08:24:56] [101/296] PGDA
[08:24:57] [102/296] SRML
[08:24:58] [103/296] EVCK
[08:24:59] [104/296] RTTK
[08:25:00] [105/296] SRTU
[08:25:01] [106/296] VRSA
[08:25:02] [107/296] VARS
[08:25:04] [108/296] DSCZ
[08:25:05] [109/296] GAGA
[08:25:06] [110/296] SARV
[08:25:07] [111/296] SEEG
[08:25:08] [112/296] GLCA
[08:25:09] [113/296] APAS
[08:25:09] [114/296] VCIA
[08:25:10] [115/296] SJTA
[08:25:11] [116/296] SABM
[08:25:12] [117/296] PPAG
[08:25:12] [118/296] RVCA
[08:25:13] [119/296] CCIA
[08:25:14] [120/296] HTAG
[08:25:15] [121/296] SMBI
[08:25:16] [122/296] MCJR
[08:25:17] [123/296] CCJR
[08:25:18] [124/296] SINF
[08:25:18] [125/296] CPLX
[08:25:19] [126/296] KKTJ
[08:25:21] [127/296] GDBW
[08:25:22] [128/296] CSUB
[08:25:23] [129/296] DABA
[08:25:24] [130/296] TITR
[08:25:25] [131/296] NYCR
[08:25:25] [132/296] RTRY
[08:25:26] [133/296] JTJL
[08:25:27] [134/296] SJCP
[08:25:28] [135/296] KCCA
[08:25:28] [136/296] MLPG
[08:25:29] [137/296] VRCK
[08:25:30] [138/296] SRIN
[08:25:31] [139/296] CXMK
[08:25:32] [140/296] SKAD
[08:25:33] [141/296] AVTR
[08:25:33] [142/296] PTAJ
[08:25:34] [143/296] SCNK
[08:25:35] [144/296] STTI
[08:25:36] [145/296] KACR
[08:25:38] [146/296] SSDX
[08:25:39] [147/296] VRTJ
[08:25:40] [148/296] RAJD
[08:25:41] [149/296] SCIP
[08:25:41] [150/296] RJSL
[08:25:42] [151/296] ARRS
[08:25:43] [152/296] ASMS
[08:25:44] [153/296] RDTS
[08:25:44] [154/296] DVMY
[08:25:45] [155/296] RASA
[08:25:47] [156/296] INOM
[08:25:47] [157/296] SPRS
[08:25:48] [158/296] SGCS
[08:25:49] [159/296] SALM
[08:25:50] [160/296] PKHC
[08:25:51] [161/296] RCSV
[08:25:52] [162/296] CPKC
[08:25:53] [163/296] AACD
[08:25:54] [164/296] GGCV
[08:25:54] [165/296] SMKD
[08:25:55] [166/296] NBCH
[08:25:56] [167/296] AMCB
[08:25:57] [168/296] OPCN
[08:25:58] [169/296] DCIN
[08:25:58] [170/296] INGW
[08:25:59] [171/296] PKKW
[08:26:00] [172/296] FNGW
[08:26:01] [173/296] GCGD
[08:26:02] [174/296] MSTW
[08:26:03] [175/296] KCCG
[08:26:04] [176/296] MRSS
[08:26:05] [177/296] CLCF
[08:26:06] [178/296] EETS
[08:26:07] [179/296] AATR
[08:26:08] [180/296] CMMN
[08:26:08] [181/296] SCCJ
[08:26:09] [182/296] CDTK
[08:26:10] [183/296] AICP
[08:26:11] [184/296] FNBP
[08:26:11] [185/296] CBPB
[08:26:12] [186/296] CPAS
[08:26:13] [187/296] MAPM
[08:26:14] [188/296] PASD
[08:26:15] [189/296] JCMN
[08:26:15] [190/296] MALB
[08:26:16] [191/296] SACG
[08:26:17] [192/296] DDRX
[08:26:18] [193/296] DDXB
[08:26:19] [194/296] RAMC
[08:26:20] [195/296] SANC
[08:26:21] [196/296] BCBP
[08:26:21] [197/296] ALPC
[08:26:22] [198/296] RBAC
[08:26:23] [199/296] RAJL
[08:26:24] [200/296] MPDX
[08:26:25] [201/296] MUSC
[08:26:26] [202/296] VKMK
[08:26:26] [203/296] SKCG
[08:26:28] [204/296] ANCN
[08:26:29] [205/296] MMCJ
[08:26:30] [206/296] DCAK
[08:26:31] [207/296] SCKG
[08:26:32] [208/296] LMCK
[08:26:32] [209/296] CKKX
[08:26:33] [210/296] ANKU
[08:26:34] [211/296] CSMD
[08:26:35] [212/296] MKMP
[08:26:36] [213/296] SVBG
[08:26:36] [214/296] ROOP
[08:26:37] [215/296] GDMT
[08:26:38] [216/296] FPPF
[08:26:39] [217/296] SFUU
[08:26:40] [218/296] ANCB
[08:26:41] [219/296] SMMC
[08:26:41] [220/296] UGKT
[08:26:42] [221/296] JVRM
[08:26:43] [222/296] BATG
[08:26:45] [223/296] RATE
[08:26:45] [224/296] SKME
[08:26:46] [225/296] LMTP
[08:26:47] [226/296] TCBD
[08:26:48] [227/296] ESBD
[08:26:49] [228/296] GDCU
[08:26:50] [229/296] SNKT
[08:26:51] [230/296] SRNK
[08:26:51] [231/296] SMED
[08:26:52] [232/296] CSQS
[08:26:53] [233/296] ALCS
[08:26:54] [234/296] KCKN
[08:26:55] [235/296] VCCL
[08:26:56] [236/296] MCDA
[08:26:57] [237/296] SHMI
[08:26:58] [238/296] SKHA
[08:26:58] [239/296] SVFK
[08:27:00] [240/296] INVB
[08:27:01] [241/296] MELD
[08:27:02] [242/296] JTYS
[08:27:02] [243/296] INCM
[08:27:03] [244/296] MCDV
[08:27:04] [245/296] KSGK
[08:27:05] [246/296] ICMG
[08:27:06] [247/296] CSCV
[08:27:07] [248/296] STMD
[08:27:08] [249/296] STTR
[08:27:09] [250/296] INVC
[08:27:09] [251/296] JTBL
[08:27:11] [252/296] SRVV
[08:27:11] [253/296] MAVC
[08:27:12] [254/296] SRPP
[08:27:13] [255/296] JGDM
[08:27:14] [256/296] MBSJ
[08:27:15] [257/296] SSLL
[08:27:15] [258/296] SLKP
[08:27:16] [259/296] NSRV
[08:27:17] [260/296] UTDV
[08:27:18] [261/296] KICM
[08:27:19] [262/296] KCMD
[08:27:20] [263/296] TTPP
[08:27:20] [264/296] KMPV
[08:27:21] [265/296] SKTV
[08:27:22] [266/296] STCV
[08:27:23] [267/296] SRDA
[08:27:24] [268/296] JTSX
[08:27:25] [269/296] STBV
[08:27:25] [270/296] APVZ
[08:27:26] [271/296] GSTV
[08:27:27] [272/296] NMVS
[08:27:28] [273/296] SKRT
[08:27:28] [274/296] RMDV
[08:27:29] [275/296] RATG
[08:27:30] [276/296] SJYV
[08:27:31] [277/296] NDGP
[08:27:32] [278/296] SNDG
[08:27:33] [279/296] INSR
[08:27:33] [280/296] INSO
[08:27:34] [281/296] CCSI
[08:27:35] [282/296] RASM
[08:27:36] [283/296] NEWC
[08:27:38] [284/296] VSHL
[08:27:39] [285/296] BISW
[08:27:39] [286/296] GCNG
[08:27:40] [287/296] CWSC
[08:27:41] [288/296] SKAN
[08:27:42] [289/296] SEHP
[08:27:43] [290/296] CCOA
[08:27:44] [291/296] MCAJ
[08:27:45] [292/296] ACDE
[08:27:46] [293/296] AACM
[08:27:47] [294/296] JJCK
[08:27:48] [295/296] RCMO
[08:27:48] [296/296] GDAW
[08:27:49] ✅ DONE | Shows=435 | Movies=45
