[10:07:31] 🚀 SCRIPT STARTED
[10:07:31] [1/459] NECA
[10:07:31] 🧠 New identity created
[10:07:32] [2/459] BJLC
[10:07:33] [3/459] BASU
[10:07:34] [4/459] RUPI
[10:07:35] [5/459] LCBK
[10:07:36] [6/459] PMAC
[10:07:37] [7/459] AMLC
[10:07:38] [8/459] LICL
[10:07:39] [9/459] UDMM
[10:07:39] [10/459] STBZ
[10:07:40] [11/459] UUBT
[10:07:41] [12/459] SJKC
[10:07:42] [13/459] TUAL
[10:07:44] [14/459] MRSE
[10:07:45] [15/459] RMRK
[10:07:45] [16/459] TTKP
[10:07:46] [17/459] KTKO
[10:07:47] [18/459] SDBK
[10:07:48] [19/459] MCPR
[10:07:48] [20/459] CHTI
[10:07:49] [21/459] GCCP
[10:07:50] [22/459] SRMY
[10:07:51] [23/459] NYST
[10:07:52] [24/459] NYAG
[10:07:52] [25/459] SBMT
[10:07:54] [26/459] INGA
[10:07:55] [27/459] WSIC
[10:07:56] [28/459] SCSS
[10:07:56] [29/459] COPG
[10:07:57] [30/459] RCGR
[10:07:58] [31/459] TCZA
[10:07:59] [32/459] CNLP
[10:08:00] [33/459] CLKN
[10:08:01] [34/459] LHDF
[10:08:02] [35/459] ELKC
[10:08:03] [36/459] VCEM
[10:08:03] [37/459] SSZA
[10:08:04] [38/459] KRMT
[10:08:05] [39/459] LCMV
[10:08:06] [40/459] AYCZ
[10:08:07] [41/459] CUMS
[10:08:07] [42/459] BOCK
[10:08:08] [43/459] PNMR
[10:08:09] [44/459] PJCP
[10:08:11] [45/459] JDDD
[10:08:11] [46/459] STMS
[10:08:12] [47/459] FLMB
[10:08:13] [48/459] PKCM
[10:08:14] [49/459] SPPR
[10:08:15] [50/459] EYLH
[10:08:15] [51/459] RJCC
[10:08:16] [52/459] MMPS
[10:08:17] [53/459] SHMX
[10:08:18] [54/459] CCNL
[10:08:18] [55/459] RCNV
[10:08:19] [56/459] MAAG
[10:08:20] [57/459] LXCM
[10:08:21] [58/459] RCNI
[10:08:22] [59/459] SNNI
[10:08:23] [60/459] LALC
[10:08:24] [61/459] SOCN
[10:08:24] [62/459] JHTP
[10:08:25] [63/459] PITP
[10:08:26] [64/459] CCKW
[10:08:27] [65/459] MCMC
[10:08:27] [66/459] DEES
[10:08:29] [67/459] SABT
[10:08:30] [68/459] VSPP
[10:08:31] [69/459] ABCT
[10:08:32] [70/459] JVTB
[10:08:32] [71/459] VCBD
[10:08:33] [72/459] RMGG
[10:08:34] [73/459] RNMH
[10:08:35] [74/459] SPGL
[10:08:36] [75/459] JTTR
[10:08:37] [76/459] SICS
[10:08:37] [77/459] SRMI
[10:08:38] [78/459] SSIJ
[10:08:39] [79/459] KFMT
[10:08:40] [80/459] VBIT
[10:08:40] [81/459] JKCT
[10:08:41] [82/459] GCGP
[10:08:42] [83/459] GDCS
[10:08:43] [84/459] TRBA
[10:08:43] [85/459] QUST
[10:08:44] [86/459] VSHM
[10:08:45] [87/459] SDCP
[10:08:46] [88/459] SNVS
[10:08:47] [89/459] NYTO
[10:08:48] [90/459] URWC
[10:08:49] [91/459] GTWH
[10:08:50] [92/459] PFCM
[10:08:50] [93/459] KRTA
[10:08:51] [94/459] AXMC
[10:08:52] [95/459] EVMC
[10:08:53] [96/459] HGSM
[10:08:54] [97/459] ACVM
[10:08:55] [98/459] PSKL
[10:08:56] [99/459] RDMP
[10:08:57] [100/459] RHGH
[10:08:57] [101/459] OMCM
[10:08:58] [102/459] DCCP
[10:08:59] [103/459] MCPB
[10:09:00] [104/459] ALCI
[10:09:00] [105/459] BLMX
[10:09:01] [106/459] BTMV
[10:09:02] [107/459] FVPN
[10:09:03] [108/459] CMAR
[10:09:03] [109/459] CEIM
[10:09:04] [110/459] CMVA
[10:09:05] [111/459] CPIV
[10:09:06] [112/459] CNPE
[10:09:07] [113/459] COLV
[10:09:08] [114/459] DNNV
[10:09:09] [115/459] HCAD
[10:09:09] [116/459] TAKA
[10:09:10] [117/459] INVD
[10:09:11] [118/459] IRMM
[10:09:12] [119/459] INSE
[10:09:13] [120/459] MRSW
[10:09:14] [121/459] MCVD
[10:09:15] [122/459] MCSO
[10:09:15] [123/459] PEVM
[10:09:16] [124/459] PVNL
[10:09:17] [125/459] PTCV
[10:09:19] [126/459] PRTC
[10:09:21] [127/459] RCVA
[10:09:22] [128/459] MTBN
[10:09:24] [129/459] LUCP
[10:09:24] [130/459] FMPT
[10:09:25] [131/459] JLSL
[10:09:27] [132/459] SBHA
[10:09:28] [133/459] SHRC
[10:09:28] [134/459] AVPS
[10:09:29] [135/459] STPM
[10:09:30] [136/459] ATRD
[10:09:31] [137/459] VTED
[10:09:31] [138/459] ACAI
[10:09:33] [139/459] SMAE
[10:09:34] [140/459] VMAT
[10:09:35] [141/459] LKCT
[10:09:35] [142/459] JTVK
[10:09:36] [143/459] PRTY
[10:09:37] [144/459] GETT
[10:09:38] [145/459] ESAP
[10:09:39] [146/459] NCPM
[10:09:40] [147/459] PCPA
[10:09:40] [148/459] MMOM
[10:09:41] [149/459] PHUP
[10:09:42] [150/459] CCPI
[10:09:43] [151/459] CNTD
[10:09:43] [152/459] NLJR
[10:09:44] [153/459] SRNG
[10:09:45] [154/459] MHAL
[10:09:46] [155/459] PNSM
[10:09:47] [156/459] DRMY
[10:09:48] [157/459] CCMU
[10:09:49] [158/459] SCMY
[10:09:50] [159/459] PVSY
[10:09:51] [160/459] SDLM
[10:09:52] [161/459] ICCM
[10:09:53] [162/459] PYSU
[10:09:53] [163/459] GATM
[10:09:54] [164/459] WOTM
[10:09:55] [165/459] RKTS
[10:09:56] [166/459] PMTY
[10:09:57] [167/459] LYMS
[10:09:58] [168/459] TGCA
[10:09:59] [169/459] DSTA
[10:10:00] [170/459] CNGE
[10:10:00] [171/459] VSTG
[10:10:01] [172/459] GTCK
[10:10:02] [173/459] TGNT
[10:10:04] [174/459] ASLC
[10:10:04] [175/459] SSST
[10:10:05] [176/459] KBTT
[10:10:06] [177/459] HKCP
[10:10:07] [178/459] SWLC
[10:10:08] [179/459] RTND
[10:10:09] [180/459] PKKT
[10:10:10] [181/459] HSTK
[10:10:12] [182/459] SPTT
[10:10:12] [183/459] IMPM
[10:10:14] [184/459] SCMV
[10:10:15] [185/459] SPCT
[10:10:16] [186/459] JBCA
[10:10:17] [187/459] ATTR
[10:10:18] [188/459] SPMT
[10:10:18] [189/459] LCTM
[10:10:19] [190/459] SCVL
[10:10:20] [191/459] SCVT
[10:10:21] [192/459] KRIC
[10:10:22] [193/459] CTMG
[10:10:22] [194/459] ACNC
[10:10:23] [195/459] DMCK
[10:10:24] [196/459] KMTV
[10:10:25] [197/459] PFCJ
[10:10:26] [198/459] VNMD
[10:10:27] [199/459] VPCZ
[10:10:28] [200/459] SRYR
[10:10:29] [201/459] SYTR
[10:10:29] [202/459] GATR
[10:10:30] [203/459] URTR
[10:10:31] [204/459] MKSM
[10:10:33] [205/459] VSMH
[10:10:33] [206/459] SKRJ
[10:10:34] [207/459] SSJR
[10:10:35] [208/459] SVSM
[10:10:36] [209/459] RUCM
[10:10:36] [210/459] PRKN
[10:10:37] [211/459] RROH
[10:10:38] [212/459] SCTN
[10:10:39] [213/459] RTDM
[10:10:40] [214/459] ASRM
[10:10:41] [215/459] SKMD
[10:10:42] [216/459] SUTD
[10:10:43] [217/459] SADM
[10:10:44] [218/459] WCNR
[10:10:44] [219/459] CNED
[10:10:45] [220/459] MPDB
[10:10:46] [221/459] KTBH
[10:10:47] [222/459] IDRM
[10:10:48] [223/459] PJJT
[10:10:50] [224/459] PFCV
[10:10:51] [225/459] AACT
[10:10:52] [226/459] AAAD
[10:10:52] [227/459] ANES
[10:10:53] [228/459] MNCA
[10:10:54] [229/459] RMGU
[10:10:55] [230/459] DLCN
[10:10:56] [231/459] LJWT
[10:10:56] [232/459] MCBG
[10:10:57] [233/459] MYBG
[10:10:58] [234/459] GCCA
[10:10:59] [235/459] GCGA
[10:11:01] [236/459] ECGN
[10:11:02] [237/459] PRAB
[10:11:03] [238/459] PNMP
[10:11:04] [239/459] GCPT
[10:11:05] [240/459] ROYN
[10:11:06] [241/459] VATM
[10:11:07] [242/459] KSNT
[10:11:07] [243/459] ACTC
[10:11:08] [244/459] PLTD
[10:11:09] [245/459] SKMK
[10:11:10] [246/459] CMTT
[10:11:11] [247/459] SMXP
[10:11:12] [248/459] SCMX
[10:11:13] [249/459] ACXN
[10:11:13] [250/459] ASWT
[10:11:14] [251/459] VVVL
[10:11:15] [252/459] NAGO
[10:11:16] [253/459] SNCN
[10:11:17] [254/459] MCKP
[10:11:17] [255/459] SAMO
[10:11:19] [256/459] JBTV
[10:11:20] [257/459] DCVV
[10:11:20] [258/459] KMSV
[10:11:21] [259/459] KDCN
[10:11:22] [260/459] CNCP
[10:11:23] [261/459] HAMC
[10:11:24] [262/459] CCVZ
[10:11:24] [263/459] NCCK
[10:11:25] [264/459] MCHR
[10:11:26] [265/459] SCHT
[10:11:27] [266/459] ESSH
[10:11:27] [267/459] CUJC
[10:11:28] [268/459] PECP
[10:11:30] [269/459] PMMI
[10:11:31] [270/459] PCCH
[10:11:32] [271/459] PRPM
[10:11:32] [272/459] PVKL
[10:11:33] [273/459] CBSM
[10:11:34] [274/459] PVCZ
[10:11:35] [275/459] PCVV
[10:11:36] [276/459] CTMJ
[10:11:37] [277/459] RCPS
[10:11:38] [278/459] PCIT
[10:11:40] [279/459] FNCH
[10:11:40] [280/459] INZD
[10:11:41] [281/459] INPC
[10:11:42] [282/459] LCZP
[10:11:42] [283/459] SMCB
[10:11:43] [284/459] PTSB
[10:11:45] [285/459] TPSI
[10:11:45] [286/459] KHMJ
[10:11:46] [287/459] RCCJ
[10:11:47] [288/459] NCJA
[10:11:48] [289/459] NCJN
[10:11:50] [290/459] BTDP
[10:11:50] [291/459] PADY
[10:11:51] [292/459] NYBH
[10:11:52] [293/459] MTBR
[10:11:53] [294/459] KRBC
[10:11:53] [295/459] DKTI
[10:11:54] [296/459] ANAN
[10:11:55] [297/459] INBP
[10:11:56] [298/459] PATB
[10:11:57] [299/459] RGNT
[10:11:57] [300/459] CGPM
[10:11:58] [301/459] INTN
[10:11:59] [302/459] MCMP
[10:12:00] [303/459] ASRG
[10:12:00] [304/459] CXJD
[10:12:01] [305/459] SPCP
[10:12:02] [306/459] CSTP
[10:12:03] [307/459] PKVC
[10:12:04] [308/459] ESCP
[10:12:06] [309/459] CAEP
[10:12:07] [310/459] CCSP
[10:12:08] [311/459] KTPC
[10:12:09] [312/459] DACA
[10:12:10] [313/459] NVKY
[10:12:11] [314/459] PTIN
[10:12:12] [315/459] SCIN
[10:12:13] [316/459] MCTY
[10:12:13] [317/459] PCMX
[10:12:14] [318/459] INIC
[10:12:15] [319/459] MMZM
[10:12:16] [320/459] SSLP
[10:12:17] [321/459] DTDT
[10:12:18] [322/459] FFCX
[10:12:19] [323/459] RCMM
[10:12:19] [324/459] KYID
[10:12:20] [325/459] CSCI
[10:12:21] [326/459] FCMC
[10:12:22] [327/459] MMXI
[10:12:23] [328/459] ASTC
[10:12:24] [329/459] CMRA
[10:12:24] [330/459] DICI
[10:12:25] [331/459] KDIN
[10:12:26] [332/459] PRFI
[10:12:27] [333/459] SVFC
[10:12:28] [334/459] UCPL
[10:12:29] [335/459] COOC
[10:12:29] [336/459] SCAL
[10:12:30] [337/459] SVFF
[10:12:31] [338/459] VCMG
[10:12:32] [339/459] UUCT
[10:12:33] [340/459] GCSE
[10:12:34] [341/459] SUSC
[10:12:34] [342/459] MISC
[10:12:35] [343/459] RMBL
[10:12:36] [344/459] CMXN
[10:12:37] [345/459] PVBK
[10:12:37] [346/459] HHCG
[10:12:38] [347/459] SCAG
[10:12:39] [348/459] CNPR
[10:12:40] [349/459] CSER
[10:12:41] [350/459] HLWD
[10:12:41] [351/459] BOLY
[10:12:42] [352/459] SSPG
[10:12:43] [353/459] MUPX
[10:12:44] [354/459] HAMR
[10:12:45] [355/459] SDNC
[10:12:45] [356/459] RTEN
[10:12:46] [357/459] SDTD
[10:12:47] [358/459] KAWS
[10:12:49] [359/459] CMZX
[10:12:50] [360/459] DCDD
[10:12:50] [361/459] ALSN
[10:12:51] [362/459] IMXS
[10:12:52] [363/459] PVFF
[10:12:53] [364/459] PVOO
[10:12:53] [365/459] CFBS
[10:12:55] [366/459] PVER
[10:12:56] [367/459] PPNX
[10:12:57] [368/459] CNRM
[10:12:58] [369/459] PVWW
[10:12:59] [370/459] INMB
[10:13:01] [371/459] CPJR
[10:13:02] [372/459] INRZ
[10:13:02] [373/459] PMSR
[10:13:03] [374/459] GPGM
[10:13:04] [375/459] PGWB
[10:13:06] [376/459] PMBR
[10:13:07] [377/459] GPAM
[10:13:08] [378/459] INBC
[10:13:08] [379/459] PZVK
[10:13:09] [380/459] CPEB
[10:13:10] [381/459] FMLB
[10:13:11] [382/459] INBG
[10:13:12] [383/459] GPBR
[10:13:13] [384/459] PAAS
[10:13:14] [385/459] VTBR
[10:13:14] [386/459] GPMY
[10:13:15] [387/459] GYBU
[10:13:16] [388/459] INBJ
[10:13:17] [389/459] LKTH
[10:13:18] [390/459] NSBR
[10:13:20] [391/459] PDRD
[10:13:20] [392/459] VRBL
[10:13:21] [393/459] VTGB
[10:13:22] [394/459] VTSK
[10:13:23] [395/459] BKDV
[10:13:24] [396/459] SVTB
[10:13:25] [397/459] MLDT
[10:13:25] [398/459] NRBL
[10:13:26] [399/459] SLTR
[10:13:27] [400/459] VNKA
[10:13:28] [401/459] TDCA
[10:13:28] [402/459] INBM
[10:13:30] [403/459] SSNR
[10:13:31] [404/459] BHAC
[10:13:32] [405/459] SDSD
[10:13:33] [406/459] SAMP
[10:13:33] [407/459] RATK
[10:13:34] [408/459] KCBI
[10:13:35] [409/459] URBL
[10:13:36] [410/459] MKBG
[10:13:37] [411/459] ASTB
[10:13:38] [412/459] VBWT
[10:13:39] [413/459] GPSM
[10:13:40] [414/459] ROON
[10:13:41] [415/459] CHTH
[10:13:42] [416/459] SSPA
[10:13:43] [417/459] ANBL
[10:13:43] [418/459] VTBE
[10:13:44] [419/459] SVKT
[10:13:45] [420/459] SVYK
[10:13:46] [421/459] PTBK
[10:13:47] [422/459] RKTB
[10:13:48] [423/459] BALT
[10:13:48] [424/459] STSV
[10:13:49] [425/459] VCCB
[10:13:50] [426/459] SLTB
[10:13:50] [427/459] SBCR
[10:13:52] [428/459] VDCS
[10:13:53] [429/459] MDKI
[10:13:54] [430/459] SMRN
[10:13:55] [431/459] PTBC
[10:13:56] [432/459] RADI
[10:13:57] [433/459] ADCR
[10:13:58] [434/459] SDCS
[10:13:59] [435/459] SRPJ
[10:14:00] [436/459] ARTS
[10:14:01] [437/459] SRHK
[10:14:01] [438/459] SPAY
[10:14:02] [439/459] GPTB
[10:14:03] [440/459] SNNN
[10:14:04] [441/459] BALJ
[10:14:05] [442/459] TRIG
[10:14:06] [443/459] GTYT
[10:14:06] [444/459] ATGN
[10:14:07] [445/459] ANTE
[10:14:08] [446/459] BDCG
[10:14:09] [447/459] VECI
[10:14:10] [448/459] SCPR
[10:14:10] [449/459] RTEA
[10:14:11] [450/459] JSAI
[10:14:12] [451/459] VJTP
[10:14:13] [452/459] GNDS
[10:14:14] [453/459] PAXA
[10:14:15] [454/459] CGGM
[10:14:16] [455/459] ACKZ
[10:14:17] [456/459] EMCC
[10:14:18] [457/459] KLSK
[10:14:19] [458/459] AVCK
[10:14:19] [459/459] JTCK
[10:14:20] 🧹 Deduping shows
[10:14:20] ✅ DONE | Shows=350 | Movies=44
