[10:07:32] 🚀 SCRIPT STARTED
[10:07:32] [1/459] MBDC
[10:07:32] 🧠 New identity created
[10:07:33] [2/459] CHKM
[10:07:34] [3/459] JTKZ
[10:07:34] [4/459] CMCT
[10:07:35] [5/459] ASHO
[10:07:36] [6/459] ECDG
[10:07:37] [7/459] SPAT
[10:07:37] [8/459] HILC
[10:07:38] [9/459] SPPH
[10:07:39] [10/459] SBHN
[10:07:40] [11/459] RRCA
[10:07:41] [12/459] APAA
[10:07:42] [13/459] RAME
[10:07:43] [14/459] TMMS
[10:07:43] [15/459] BATK
[10:07:44] [16/459] LKOP
[10:07:45] [17/459] AMTT
[10:07:46] [18/459] PTGK
[10:07:47] [19/459] ANRS
[10:07:47] [20/459] VWBW
[10:07:48] [21/459] SVFG
[10:07:49] [22/459] STAT
[10:07:50] [23/459] GDCV
[10:07:51] [24/459] VEBI
[10:07:51] [25/459] VDSS
[10:07:52] [26/459] NTHV
[10:07:53] [27/459] AOCH
[10:07:54] [28/459] KASR
[10:07:55] [29/459] AYCS
[10:07:56] [30/459] SHAI
[10:07:56] [31/459] SKPE
[10:07:57] [32/459] SBTA
[10:07:58] [33/459] RTTD
[10:08:00] [34/459] CCJD
[10:08:01] [35/459] RSJJ
[10:08:01] [36/459] RKND
[10:08:02] [37/459] SVTX
[10:08:03] [38/459] BAKM
[10:08:04] [39/459] SVDC
[10:08:05] [40/459] MNCV
[10:08:06] [41/459] SJGC
[10:08:07] [42/459] MTPK
[10:08:08] [43/459] GATP
[10:08:08] [44/459] ABTS
[10:08:09] [45/459] ABDE
[10:08:10] [46/459] RCNM
[10:08:11] [47/459] KTHV
[10:08:11] [48/459] MDGJ
[10:08:13] [49/459] SMLM
[10:08:14] [50/459] JTMA
[10:08:15] [51/459] ACKP
[10:08:16] [52/459] SRTA
[10:08:17] [53/459] STAY
[10:08:18] [54/459] MAVO
[10:08:19] [55/459] APTS
[10:08:19] [56/459] OMEA
[10:08:20] [57/459] TTFD
[10:08:21] [58/459] MJCU
[10:08:22] [59/459] CXTE
[10:08:23] [60/459] CTPX
[10:08:24] [61/459] ASSL
[10:08:24] [62/459] CMVB
[10:08:25] [63/459] VPUR
[10:08:26] [64/459] JJDA
[10:08:27] [65/459] INBL
[10:08:28] [66/459] BIKB
[10:08:28] [67/459] NTBB
[10:08:29] [68/459] GLOB
[10:08:30] [69/459] SNTB
[10:08:31] [70/459] CHGV
[10:08:32] [71/459] SSBZ
[10:08:33] [72/459] PRDB
[10:08:33] [73/459] ISMT
[10:08:34] [74/459] MCSD
[10:08:35] [75/459] JBTT
[10:08:36] [76/459] GEKR
[10:08:37] [77/459] PVUN
[10:08:38] [78/459] NRTB
[10:08:40] [79/459] PRAA
[10:08:41] [80/459] PCBL
[10:08:41] [81/459] PTCM
[10:08:42] [82/459] KHNN
[10:08:43] [83/459] OMJE
[10:08:44] [84/459] STGN
[10:08:45] [85/459] RPMS
[10:08:45] [86/459] NWAD
[10:08:46] [87/459] BLCK
[10:08:47] [88/459] SVAA
[10:08:48] [89/459] URVM
[10:08:49] [90/459] ANTM
[10:08:50] [91/459] VJYM
[10:08:50] [92/459] MAZZ
[10:08:51] [93/459] CSHM
[10:08:52] [94/459] WGMH
[10:08:53] [95/459] SALN
[10:08:55] [96/459] BRTP
[10:08:55] [97/459] SVTA
[10:08:56] [98/459] SBTP
[10:08:58] [99/459] VLSS
[10:08:58] [100/459] SRJA
[10:09:00] [101/459] ANCG
[10:09:01] [102/459] CGGC
[10:09:02] [103/459] CRJA
[10:09:03] [104/459] USCR
[10:09:05] [105/459] MMEF
[10:09:06] [106/459] JCRJ
[10:09:07] [107/459] ADCM
[10:09:08] [108/459] BMYK
[10:09:08] [109/459] KICS
[10:09:09] [110/459] MBBT
[10:09:10] [111/459] MACK
[10:09:11] [112/459] CLDR
[10:09:13] [113/459] JYCR
[10:09:14] [114/459] DCRP
[10:09:15] [115/459] RAHT
[10:09:16] [116/459] CSSM
[10:09:17] [117/459] ATPK
[10:09:18] [118/459] KLRT
[10:09:18] [119/459] SRDD
[10:09:19] [120/459] CKMC
[10:09:20] [121/459] KRVM
[10:09:21] [122/459] AKCP
[10:09:22] [123/459] CNCV
[10:09:23] [124/459] PACT
[10:09:23] [125/459] NATP
[10:09:24] [126/459] PCPK
[10:09:25] [127/459] SMHO
[10:09:26] [128/459] CWTK
[10:09:27] [129/459] RVKZ
[10:09:27] [130/459] ASPD
[10:09:28] [131/459] VTKZ
[10:09:29] [132/459] LCSO
[10:09:30] [133/459] PRDY
[10:09:31] [134/459] RCAP
[10:09:32] [135/459] RGAR
[10:09:33] [136/459] RCAC
[10:09:34] [137/459] PMOD
[10:09:34] [138/459] PVCN
[10:09:35] [139/459] SCRZ
[10:09:36] [140/459] PVPC
[10:09:36] [141/459] STID
[10:09:38] [142/459] NEDD
[10:09:39] [143/459] BNBA
[10:09:39] [144/459] NTCD
[10:09:40] [145/459] OCDE
[10:09:41] [146/459] CCDU
[10:09:42] [147/459] CRXH
[10:09:43] [148/459] VLVT
[10:09:44] [149/459] CICI
[10:09:45] [150/459] SUCB
[10:09:46] [151/459] TCBP
[10:09:47] [152/459] SCCY
[10:09:47] [153/459] LXCY
[10:09:48] [154/459] NCMD
[10:09:49] [155/459] PHCS
[10:09:50] [156/459] DUXR
[10:09:51] [157/459] VNKS
[10:09:51] [158/459] SEDP
[10:09:52] [159/459] SVEN
[10:09:53] [160/459] SRKM
[10:09:54] [161/459] JTLT
[10:09:55] [162/459] SVSS
[10:09:55] [163/459] AMDE
[10:09:56] [164/459] WVRN
[10:09:57] [165/459] ISMG
[10:09:58] [166/459] WVKS
[10:09:59] [167/459] USCG
[10:10:00] [168/459] IOTG
[10:10:00] [169/459] RRJM
[10:10:01] [170/459] EDMP
[10:10:02] [171/459] SCGZ
[10:10:03] [172/459] GMGX
[10:10:03] [173/459] OMTP
[10:10:04] [174/459] MITD
[10:10:05] [175/459] SMMD
[10:10:06] [176/459] STML
[10:10:07] [177/459] MCFS
[10:10:07] [178/459] FPKA
[10:10:08] [179/459] OMLR
[10:10:09] [180/459] KKSC
[10:10:10] [181/459] RVMA
[10:10:10] [182/459] SCLL
[10:10:11] [183/459] SCDK
[10:10:12] [184/459] SXMI
[10:10:13] [185/459] SHDN
[10:10:14] [186/459] PAAD
[10:10:15] [187/459] UUCB
[10:10:16] [188/459] JHOL
[10:10:16] [189/459] SGWT
[10:10:17] [190/459] SRII
[10:10:18] [191/459] SGCK
[10:10:19] [192/459] SVVB
[10:10:20] [193/459] DMHA
[10:10:21] [194/459] PPNL
[10:10:22] [195/459] CPNL
[10:10:23] [196/459] WVLD
[10:10:23] [197/459] PSLV
[10:10:25] [198/459] VTTL
[10:10:26] [199/459] NPAD
[10:10:26] [200/459] PVCS
[10:10:27] [201/459] MCHL
[10:10:28] [202/459] PPLL
[10:10:30] [203/459] MALO
[10:10:31] [204/459] SWBH
[10:10:31] [205/459] PUGB
[10:10:32] [206/459] INBB
[10:10:33] [207/459] INNS
[10:10:34] [208/459] MCPT
[10:10:35] [209/459] SCMI
[10:10:36] [210/459] OCON
[10:10:38] [211/459] SCSM
[10:10:38] [212/459] RJVN
[10:10:39] [213/459] AMDK
[10:10:40] [214/459] ISMR
[10:10:41] [215/459] SMTD
[10:10:42] [216/459] VTDD
[10:10:43] [217/459] PDDZ
[10:10:44] [218/459] PCCK
[10:10:44] [219/459] INAM
[10:10:45] [220/459] FNKT
[10:10:46] [221/459] GDKA
[10:10:47] [222/459] MAYU
[10:10:48] [223/459] TCGU
[10:10:49] [224/459] KDCA
[10:10:49] [225/459] DOMY
[10:10:50] [226/459] PDDD
[10:10:51] [227/459] BJTS
[10:10:52] [228/459] VTCA
[10:10:52] [229/459] SBTM
[10:10:53] [230/459] SEET
[10:10:54] [231/459] SSTJ
[10:10:55] [232/459] SVNT
[10:10:56] [233/459] PPPR
[10:10:57] [234/459] PVYS
[10:10:58] [235/459] IOSE
[10:10:59] [236/459] ACTV
[10:11:00] [237/459] APVE
[10:11:00] [238/459] TCCL
[10:11:01] [239/459] SCMO
[10:11:02] [240/459] SAUM
[10:11:03] [241/459] KCJS
[10:11:04] [242/459] NJCJ
[10:11:05] [243/459] NECF
[10:11:05] [244/459] CCGW
[10:11:06] [245/459] CCMG
[10:11:08] [246/459] NYRG
[10:11:09] [247/459] NCSQ
[10:11:10] [248/459] GRCG
[10:11:10] [249/459] CCBT
[10:11:11] [250/459] ACGA
[10:11:12] [251/459] INAG
[10:11:13] [252/459] FUCG
[10:11:14] [253/459] AICF
[10:11:15] [254/459] GRGA
[10:11:15] [255/459] GDCN
[10:11:16] [256/459] RRCG
[10:11:17] [257/459] SDCH
[10:11:18] [258/459] WVJM
[10:11:19] [259/459] JCCZ
[10:11:20] [260/459] CNCL
[10:11:22] [261/459] TMLV
[10:11:23] [262/459] MEMB
[10:11:23] [263/459] SGTD
[10:11:24] [264/459] CONX
[10:11:25] [265/459] CCMH
[10:11:26] [266/459] ACMC
[10:11:27] [267/459] DTPD
[10:11:28] [268/459] POJA
[10:11:29] [269/459] FNBH
[10:11:29] [270/459] CGCB
[10:11:30] [271/459] RACN
[10:11:31] [272/459] JTSM
[10:11:32] [273/459] SCDN
[10:11:34] [274/459] AACK
[10:11:35] [275/459] RMCE
[10:11:35] [276/459] BSGB
[10:11:36] [277/459] MRCB
[10:11:37] [278/459] SRVR
[10:11:38] [279/459] VTKK
[10:11:40] [280/459] AMST
[10:11:40] [281/459] APCY
[10:11:41] [282/459] LMHO
[10:11:42] [283/459] MTZH
[10:11:43] [284/459] AMZB
[10:11:45] [285/459] SUVT
[10:11:46] [286/459] RCIP
[10:11:48] [287/459] KESR
[10:11:48] [288/459] SNKC
[10:11:49] [289/459] SCED
[10:11:50] [290/459] DVCA
[10:11:51] [291/459] VCDT
[10:11:52] [292/459] RRDI
[10:11:53] [293/459] DFCH
[10:11:53] [294/459] INSC
[10:11:54] [295/459] RGTR
[10:11:55] [296/459] FMOT
[10:11:57] [297/459] SCPM
[10:11:58] [298/459] GCDT
[10:11:58] [299/459] BRKT
[10:11:59] [300/459] DEMP
[10:12:00] [301/459] SRLC
[10:12:01] [302/459] KSTT
[10:12:02] [303/459] SMMT
[10:12:03] [304/459] SILM
[10:12:04] [305/459] JCVM
[10:12:04] [306/459] KCSV
[10:12:05] [307/459] MHLK
[10:12:06] [308/459] SLVL
[10:12:07] [309/459] RJKP
[10:12:09] [310/459] BBPC
[10:12:09] [311/459] MXCB
[10:12:10] [312/459] TCPK
[10:12:11] [313/459] RTBR
[10:12:12] [314/459] GAUT
[10:12:13] [315/459] DVCF
[10:12:14] [316/459] JTSB
[10:12:14] [317/459] SBLS
[10:12:15] [318/459] UDAY
[10:12:16] [319/459] PTNP
[10:12:17] [320/459] DMKT
[10:12:17] [321/459] NTDT
[10:12:18] [322/459] SHDJ
[10:12:19] [323/459] OTNC
[10:12:20] [324/459] RNTW
[10:12:21] [325/459] GCMI
[10:12:22] [326/459] CRCM
[10:12:22] [327/459] NNCZ
[10:12:23] [328/459] OEMO
[10:12:24] [329/459] PVJM
[10:12:25] [330/459] CPJI
[10:12:26] [331/459] RMCJ
[10:12:27] [332/459] CNWJ
[10:12:28] [333/459] EPJM
[10:12:28] [334/459] FNJJ
[10:12:29] [335/459] GCMJ
[10:12:30] [336/459] INPS
[10:12:31] [337/459] BICJ
[10:12:32] [338/459] ISTJ
[10:12:32] [339/459] INJC
[10:12:33] [340/459] GLXJ
[10:12:35] [341/459] INEM
[10:12:36] [342/459] JTMN
[10:12:37] [343/459] FRCJ
[10:12:37] [344/459] DDJP
[10:12:38] [345/459] INJV
[10:12:39] [346/459] GOLC
[10:12:40] [347/459] KOCI
[10:12:41] [348/459] FSTD
[10:12:42] [349/459] PACJ
[10:12:43] [350/459] GMCN
[10:12:43] [351/459] MMDJ
[10:12:44] [352/459] GODH
[10:12:45] [353/459] SKYN
[10:12:45] [354/459] NCTH
[10:12:46] [355/459] SKVZ
[10:12:47] [356/459] SVML
[10:12:48] [357/459] ACVZ
[10:12:49] [358/459] SURA
[10:12:49] [359/459] RTRB
[10:12:50] [360/459] LLCT
[10:12:51] [361/459] ATTS
[10:12:52] [362/459] JYCM
[10:12:53] [363/459] CTKR
[10:12:53] [364/459] LCKR
[10:12:54] [365/459] NYCV
[10:12:55] [366/459] NYOH
[10:12:56] [367/459] NOVX
[10:12:56] [368/459] MRGK
[10:12:58] [369/459] MOON
[10:12:59] [370/459] SBUC
[10:13:00] [371/459] GSVA
[10:13:01] [372/459] VIAK
[10:13:02] [373/459] SMVZ
[10:13:03] [374/459] MATE
[10:13:04] [375/459] RDCN
[10:13:05] [376/459] ASBL
[10:13:06] [377/459] ASVS
[10:13:07] [378/459] ASSR
[10:13:08] [379/459] SSKN
[10:13:08] [380/459] DRPV
[10:13:09] [381/459] MRHT
[10:13:10] [382/459] BSCN
[10:13:11] [383/459] RKNX
[10:13:11] [384/459] MSMC
[10:13:12] [385/459] MSCJ
[10:13:14] [386/459] BTBJ
[10:13:15] [387/459] MJCC
[10:13:16] [388/459] IOMM
[10:13:17] [389/459] ADGR
[10:13:18] [390/459] MYCP
[10:13:19] [391/459] IGCM
[10:13:19] [392/459] PGRK
[10:13:20] [393/459] VPGO
[10:13:21] [394/459] KOMS
[10:13:22] [395/459] URGG
[10:13:23] [396/459] GOST
[10:13:23] [397/459] LACT
[10:13:24] [398/459] BWCM
[10:13:25] [399/459] NCCW
[10:13:26] [400/459] SKYC
[10:13:27] [401/459] CCPM
[10:13:27] [402/459] VCBT
[10:13:28] [403/459] SDKR
[10:13:29] [404/459] CTYB
[10:13:30] [405/459] SHCX
[10:13:31] [406/459] RCUN
[10:13:32] [407/459] CNRA
[10:13:33] [408/459] RFCA
[10:13:33] [409/459] RDCU
[10:13:34] [410/459] SARK
[10:13:35] [411/459] SPPP
[10:13:35] [412/459] ADMB
[10:13:36] [413/459] JYOE
[10:13:37] [414/459] SRMD
[10:13:37] [415/459] RJDH
[10:13:39] [416/459] SSTD
[10:13:40] [417/459] AACV
[10:13:41] [418/459] PPVD
[10:13:41] [419/459] STCP
[10:13:42] [420/459] ANJR
[10:13:43] [421/459] ANLS
[10:13:44] [422/459] BIJO
[10:13:45] [423/459] AVAB
[10:13:46] [424/459] SPMD
[10:13:46] [425/459] SVJL
[10:13:47] [426/459] SDDJ
[10:13:48] [427/459] SLTU
[10:13:49] [428/459] SAKA
[10:13:50] [429/459] PMAM
[10:13:51] [430/459] FNAM
[10:13:52] [431/459] ACAM
[10:13:52] [432/459] SCMM
[10:13:53] [433/459] PMAK
[10:13:54] [434/459] NYSA
[10:13:55] [435/459] FCPA
[10:13:55] [436/459] GDAN
[10:13:56] [437/459] RSCA
[10:13:57] [438/459] DMAN
[10:13:58] [439/459] DZCM
[10:13:58] [440/459] NSGL
[10:13:59] [441/459] CCPP
[10:14:00] [442/459] PSMG
[10:14:01] [443/459] GSER
[10:14:02] [444/459] FCCT
[10:14:02] [445/459] FCTB
[10:14:03] [446/459] LCNK
[10:14:04] [447/459] SKTY
[10:14:05] [448/459] INAA
[10:14:06] [449/459] RCWN
[10:14:06] [450/459] VAIS
[10:14:08] [451/459] CVMN
[10:14:09] [452/459] INTS
[10:14:10] [453/459] FRGS
[10:14:11] [454/459] DTCK
[10:14:12] [455/459] MCMH
[10:14:13] [456/459] ECRR
[10:14:14] [457/459] RLLP
[10:14:14] [458/459] CCSN
[10:14:15] [459/459] CCBA
[10:14:16] 🧹 Deduping shows
[10:14:16] ✅ DONE | Shows=486 | Movies=43
[16:48:02] 🚀 SCRIPT STARTED
[16:48:02] [1/459] MBDC
[16:48:02] 🧠 New identity created
[16:48:03] [2/459] CHKM
[16:48:05] [3/459] JTKZ
[16:48:06] [4/459] CMCT
[16:48:07] [5/459] ASHO
[16:48:08] [6/459] ECDG
[16:48:09] [7/459] SPAT
[16:48:09] [8/459] HILC
[16:48:11] [9/459] SPPH
[16:48:13] [10/459] SBHN
[16:48:14] [11/459] RRCA
[16:48:15] [12/459] APAA
[16:48:17] [13/459] RAME
[16:48:18] [14/459] TMMS
[16:48:19] [15/459] BATK
[16:48:20] [16/459] LKOP
[16:48:22] [17/459] AMTT
[16:48:24] [18/459] PTGK
[16:48:25] [19/459] ANRS
[16:48:27] [20/459] VWBW
[16:48:28] [21/459] SVFG
[16:48:30] [22/459] STAT
[16:48:31] [23/459] GDCV
[16:48:32] [24/459] VEBI
[16:48:34] [25/459] VDSS
[16:48:36] [26/459] NTHV
[16:48:37] [27/459] AOCH
[16:48:38] [28/459] KASR
[16:48:39] [29/459] AYCS
[16:48:41] [30/459] SHAI
[16:48:43] [31/459] SKPE
[16:48:45] [32/459] SBTA
[16:48:45] [33/459] RTTD
[16:48:46] [34/459] CCJD
[16:48:47] [35/459] RSJJ
[16:48:48] [36/459] RKND
[16:48:49] [37/459] SVTX
[16:48:50] [38/459] BAKM
[16:48:52] [39/459] SVDC
[16:48:53] [40/459] MNCV
[16:48:55] [41/459] SJGC
[16:48:56] [42/459] MTPK
[16:48:57] [43/459] GATP
[16:48:58] [44/459] ABTS
[16:48:59] [45/459] ABDE
[16:49:00] [46/459] RCNM
[16:49:01] [47/459] KTHV
[16:49:02] [48/459] MDGJ
[16:49:03] [49/459] SMLM
[16:49:05] [50/459] JTMA
[16:49:07] [51/459] ACKP
[16:49:08] [52/459] SRTA
[16:49:09] [53/459] STAY
[16:49:11] [54/459] MAVO
[16:49:12] [55/459] APTS
[16:49:14] [56/459] OMEA
[16:49:16] [57/459] TTFD
[16:49:17] [58/459] MJCU
[16:49:18] [59/459] CXTE
[16:49:19] [60/459] CTPX
[16:49:20] [61/459] ASSL
[16:49:22] [62/459] CMVB
[16:49:23] [63/459] VPUR
[16:49:24] [64/459] JJDA
[16:49:26] [65/459] INBL
[16:49:27] [66/459] BIKB
[16:49:29] [67/459] NTBB
[16:49:30] [68/459] GLOB
[16:49:31] [69/459] SNTB
[16:49:32] [70/459] CHGV
[16:49:33] [71/459] SSBZ
[16:49:34] [72/459] PRDB
[16:49:35] [73/459] ISMT
[16:49:36] [74/459] MCSD
[16:49:37] [75/459] JBTT
[16:49:37] [76/459] GEKR
[16:49:39] [77/459] PVUN
[16:49:41] [78/459] NRTB
[16:49:41] [79/459] PRAA
[16:49:42] [80/459] PCBL
[16:49:43] [81/459] PTCM
[16:49:45] [82/459] KHNN
[16:49:47] [83/459] OMJE
[16:49:49] [84/459] STGN
[16:49:50] [85/459] RPMS
[16:49:51] [86/459] NWAD
[16:49:53] [87/459] BLCK
[16:49:54] [88/459] SVAA
[16:49:55] [89/459] URVM
[16:49:56] [90/459] ANTM
[16:49:58] [91/459] VJYM
[16:49:59] [92/459] MAZZ
[16:49:59] [93/459] CSHM
[16:50:00] [94/459] WGMH
[16:50:02] [95/459] SALN
[16:50:03] [96/459] BRTP
[16:50:04] [97/459] SVTA
[16:50:05] [98/459] SBTP
[16:50:06] [99/459] VLSS
[16:50:07] [100/459] SRJA
[16:50:08] [101/459] ANCG
[16:50:09] [102/459] CGGC
[16:50:10] [103/459] CRJA
[16:50:11] [104/459] USCR
[16:50:13] [105/459] MMEF
[16:50:14] [106/459] JCRJ
[16:50:15] [107/459] ADCM
[16:50:16] [108/459] BMYK
[16:50:17] [109/459] KICS
[16:50:18] [110/459] MBBT
[16:50:19] [111/459] MACK
[16:50:20] [112/459] CLDR
[16:50:21] [113/459] JYCR
[16:50:23] [114/459] DCRP
[16:50:23] [115/459] RAHT
[16:50:24] [116/459] CSSM
[16:50:25] [117/459] ATPK
[16:50:26] [118/459] KLRT
[16:50:27] [119/459] SRDD
[16:50:29] [120/459] CKMC
[16:50:29] [121/459] KRVM
[16:50:31] [122/459] AKCP
[16:50:32] [123/459] CNCV
[16:50:33] [124/459] PACT
[16:50:35] [125/459] NATP
[16:50:36] [126/459] PCPK
[16:50:38] [127/459] SMHO
[16:50:39] [128/459] CWTK
[16:50:40] [129/459] RVKZ
[16:50:42] [130/459] ASPD
[16:50:42] [131/459] VTKZ
[16:50:43] [132/459] LCSO
[16:50:44] [133/459] PRDY
[16:50:45] [134/459] RCAP
[16:50:47] [135/459] RGAR
[16:50:49] [136/459] RCAC
[16:50:50] [137/459] PMOD
[16:50:51] [138/459] PVCN
[16:50:52] [139/459] SCRZ
[16:50:53] [140/459] PVPC
[16:50:54] [141/459] STID
[16:50:55] [142/459] NEDD
[16:50:56] [143/459] BNBA
[16:50:57] [144/459] NTCD
[16:50:58] [145/459] OCDE
[16:50:59] [146/459] CCDU
[16:51:00] [147/459] CRXH
[16:51:01] [148/459] VLVT
[16:51:03] [149/459] CICI
[16:51:04] [150/459] SUCB
[16:51:05] [151/459] TCBP
[16:51:06] [152/459] SCCY
[16:51:08] [153/459] LXCY
[16:51:10] [154/459] NCMD
[16:51:11] [155/459] PHCS
[16:51:12] [156/459] DUXR
[16:51:13] [157/459] VNKS
[16:51:14] [158/459] SEDP
[16:51:16] [159/459] SVEN
[16:51:17] [160/459] SRKM
[16:51:18] [161/459] JTLT
[16:51:20] [162/459] SVSS
[16:51:21] [163/459] AMDE
[16:51:22] [164/459] WVRN
[16:51:24] [165/459] ISMG
[16:51:25] [166/459] WVKS
[16:51:27] [167/459] USCG
[16:51:27] [168/459] IOTG
[16:51:28] [169/459] RRJM
[16:51:30] [170/459] EDMP
[16:51:31] [171/459] SCGZ
[16:51:33] [172/459] GMGX
[16:51:34] [173/459] OMTP
[16:51:35] [174/459] MITD
[16:51:36] [175/459] SMMD
[16:51:37] [176/459] STML
[16:51:38] [177/459] MCFS
[16:51:39] [178/459] FPKA
[16:51:40] [179/459] OMLR
[16:51:41] [180/459] KKSC
[16:51:43] [181/459] RVMA
[16:51:44] [182/459] SCLL
[16:51:45] [183/459] SCDK
[16:51:46] [184/459] SXMI
[16:51:46] [185/459] SHDN
[16:51:48] [186/459] PAAD
[16:51:49] [187/459] UUCB
[16:51:50] [188/459] JHOL
[16:51:51] [189/459] SGWT
[16:51:51] [190/459] SRII
[16:51:52] [191/459] SGCK
[16:51:54] [192/459] SVVB
[16:51:56] [193/459] DMHA
[16:51:57] [194/459] PPNL
[16:51:59] [195/459] CPNL
[16:52:00] [196/459] WVLD
[16:52:01] [197/459] PSLV
[16:52:02] [198/459] VTTL
[16:52:03] [199/459] NPAD
[16:52:04] [200/459] PVCS
[16:52:05] [201/459] MCHL
[16:52:06] [202/459] PPLL
[16:52:07] [203/459] MALO
[16:52:09] [204/459] SWBH
[16:52:11] [205/459] PUGB
[16:52:12] [206/459] INBB
[16:52:14] [207/459] INNS
[16:52:15] [208/459] MCPT
[16:52:16] [209/459] SCMI
[16:52:17] [210/459] OCON
[16:52:18] [211/459] SCSM
[16:52:19] [212/459] RJVN
[16:52:21] [213/459] AMDK
[16:52:21] [214/459] ISMR
[16:52:23] [215/459] SMTD
[16:52:24] [216/459] VTDD
[16:52:26] [217/459] PDDZ
[16:52:27] [218/459] PCCK
[16:52:28] [219/459] INAM
[16:52:29] [220/459] FNKT
[16:52:31] [221/459] GDKA
[16:52:32] [222/459] MAYU
[16:52:33] [223/459] TCGU
[16:52:35] [224/459] KDCA
[16:52:37] [225/459] DOMY
[16:52:38] [226/459] PDDD
[16:52:39] [227/459] BJTS
[16:52:40] [228/459] VTCA
[16:52:42] [229/459] SBTM
[16:52:43] [230/459] SEET
[16:52:45] [231/459] SSTJ
[16:52:47] [232/459] SVNT
[16:52:48] [233/459] PPPR
[16:52:49] [234/459] PVYS
[16:52:50] [235/459] IOSE
[16:52:51] [236/459] ACTV
[16:52:52] [237/459] APVE
[16:52:53] [238/459] TCCL
[16:52:54] [239/459] SCMO
[16:52:55] [240/459] SAUM
[16:52:56] [241/459] KCJS
[16:52:57] [242/459] NJCJ
[16:52:58] [243/459] NECF
[16:52:59] [244/459] CCGW
[16:53:01] [245/459] CCMG
[16:53:02] [246/459] NYRG
[16:53:03] [247/459] NCSQ
[16:53:04] [248/459] GRCG
[16:53:05] [249/459] CCBT
[16:53:05] [250/459] ACGA
[16:53:07] [251/459] INAG
[16:53:08] [252/459] FUCG
[16:53:09] [253/459] AICF
[16:53:10] [254/459] GRGA
[16:53:11] [255/459] GDCN
[16:53:13] [256/459] RRCG
[16:53:14] [257/459] SDCH
[16:53:15] [258/459] WVJM
[16:53:17] [259/459] JCCZ
[16:53:18] [260/459] CNCL
[16:53:19] [261/459] TMLV
[16:53:20] [262/459] MEMB
[16:53:21] [263/459] SGTD
[16:53:22] [264/459] CONX
[16:53:24] [265/459] CCMH
[16:53:26] [266/459] ACMC
[16:53:27] [267/459] DTPD
[16:53:28] [268/459] POJA
[16:53:30] [269/459] FNBH
[16:53:31] [270/459] CGCB
[16:53:33] [271/459] RACN
[16:53:33] [272/459] JTSM
[16:53:35] [273/459] SCDN
[16:53:36] [274/459] AACK
[16:53:37] [275/459] RMCE
[16:53:39] [276/459] BSGB
[16:53:40] [277/459] MRCB
[16:53:41] [278/459] SRVR
[16:53:43] [279/459] VTKK
[16:53:45] [280/459] AMST
[16:53:46] [281/459] APCY
[16:53:47] [282/459] LMHO
[16:53:49] [283/459] MTZH
[16:53:50] [284/459] AMZB
[16:53:52] [285/459] SUVT
[16:53:53] [286/459] RCIP
[16:53:54] [287/459] KESR
[16:53:55] [288/459] SNKC
[16:53:56] [289/459] SCED
[16:53:58] [290/459] DVCA
[16:53:58] [291/459] VCDT
[16:54:00] [292/459] RRDI
[16:54:02] [293/459] DFCH
[16:54:03] [294/459] INSC
[16:54:04] [295/459] RGTR
[16:54:06] [296/459] FMOT
[16:54:08] [297/459] SCPM
[16:54:09] [298/459] GCDT
[16:54:10] [299/459] BRKT
[16:54:11] [300/459] DEMP
[16:54:12] [301/459] SRLC
[16:54:14] [302/459] KSTT
[16:54:15] [303/459] SMMT
[16:54:16] [304/459] SILM
[16:54:17] [305/459] JCVM
[16:54:19] [306/459] KCSV
[16:54:20] [307/459] MHLK
[16:54:21] [308/459] SLVL
[16:54:23] [309/459] RJKP
[16:54:24] [310/459] BBPC
[16:54:25] [311/459] MXCB
[16:54:26] [312/459] TCPK
[16:54:28] [313/459] RTBR
[16:54:29] [314/459] GAUT
[16:54:29] [315/459] DVCF
[16:54:30] [316/459] JTSB
[16:54:32] [317/459] SBLS
[16:54:33] [318/459] UDAY
[16:54:34] [319/459] PTNP
[16:54:35] [320/459] DMKT
[16:54:36] [321/459] NTDT
[16:54:37] [322/459] SHDJ
[16:54:38] [323/459] OTNC
[16:54:40] [324/459] RNTW
[16:54:41] [325/459] GCMI
[16:54:41] [326/459] CRCM
[16:54:42] [327/459] NNCZ
[16:54:43] [328/459] OEMO
[16:54:44] [329/459] PVJM
[16:54:46] [330/459] CPJI
[16:54:48] [331/459] RMCJ
[16:54:49] [332/459] CNWJ
[16:54:51] [333/459] EPJM
[16:54:52] [334/459] FNJJ
[16:54:53] [335/459] GCMJ
[16:54:54] [336/459] INPS
[16:54:56] [337/459] BICJ
[16:54:58] [338/459] ISTJ
[16:54:58] [339/459] INJC
[16:54:59] [340/459] GLXJ
[16:55:00] [341/459] INEM
[16:55:01] [342/459] JTMN
[16:55:03] [343/459] FRCJ
[16:55:04] [344/459] DDJP
[16:55:05] [345/459] INJV
[16:55:07] [346/459] GOLC
[16:55:08] [347/459] KOCI
[16:55:09] [348/459] FSTD
[16:55:10] [349/459] PACJ
[16:55:11] [350/459] GMCN
[16:55:13] [351/459] MMDJ
[16:55:13] [352/459] GODH
[16:55:15] [353/459] SKYN
[16:55:16] [354/459] NCTH
[16:55:17] [355/459] SKVZ
[16:55:18] [356/459] SVML
[16:55:20] [357/459] ACVZ
[16:55:21] [358/459] SURA
[16:55:22] [359/459] RTRB
[16:55:24] [360/459] LLCT
[16:55:25] [361/459] ATTS
[16:55:25] [362/459] JYCM
[16:55:26] [363/459] CTKR
[16:55:27] [364/459] LCKR
[16:55:28] [365/459] NYCV
[16:55:29] [366/459] NYOH
[16:55:30] [367/459] NOVX
[16:55:31] [368/459] MRGK
[16:55:32] [369/459] MOON
[16:55:33] [370/459] SBUC
[16:55:34] [371/459] GSVA
[16:55:35] [372/459] VIAK
[16:55:36] [373/459] SMVZ
[16:55:38] [374/459] MATE
[16:55:39] [375/459] RDCN
[16:55:41] [376/459] ASBL
[16:55:42] [377/459] ASVS
[16:55:43] [378/459] ASSR
[16:55:45] [379/459] SSKN
[16:55:46] [380/459] DRPV
[16:55:48] [381/459] MRHT
[16:55:49] [382/459] BSCN
[16:55:50] [383/459] RKNX
[16:55:51] [384/459] MSMC
[16:55:52] [385/459] MSCJ
[16:55:53] [386/459] BTBJ
[16:55:54] [387/459] MJCC
[16:55:55] [388/459] IOMM
[16:55:56] [389/459] ADGR
[16:55:57] [390/459] MYCP
[16:55:59] [391/459] IGCM
[16:56:00] [392/459] PGRK
[16:56:02] [393/459] VPGO
[16:56:04] [394/459] KOMS
[16:56:06] [395/459] URGG
[16:56:07] [396/459] GOST
[16:56:08] [397/459] LACT
[16:56:09] [398/459] BWCM
[16:56:11] [399/459] NCCW
[16:56:12] [400/459] SKYC
[16:56:13] [401/459] CCPM
[16:56:15] [402/459] VCBT
[16:56:16] [403/459] SDKR
[16:56:17] [404/459] CTYB
[16:56:18] [405/459] SHCX
[16:56:19] [406/459] RCUN
[16:56:20] [407/459] CNRA
[16:56:20] [408/459] RFCA
[16:56:21] [409/459] RDCU
[16:56:23] [410/459] SARK
[16:56:24] [411/459] SPPP
[16:56:25] [412/459] ADMB
[16:56:26] [413/459] JYOE
[16:56:27] [414/459] SRMD
[16:56:28] [415/459] RJDH
[16:56:29] [416/459] SSTD
[16:56:31] [417/459] AACV
[16:56:32] [418/459] PPVD
[16:56:34] [419/459] STCP
[16:56:35] [420/459] ANJR
[16:56:36] [421/459] ANLS
[16:56:38] [422/459] BIJO
[16:56:39] [423/459] AVAB
[16:56:41] [424/459] SPMD
[16:56:42] [425/459] SVJL
[16:56:43] [426/459] SDDJ
[16:56:44] [427/459] SLTU
[16:56:45] [428/459] SAKA
[16:56:47] [429/459] PMAM
[16:56:48] [430/459] FNAM
[16:56:49] [431/459] ACAM
[16:56:50] [432/459] SCMM
[16:56:51] [433/459] PMAK
[16:56:52] [434/459] NYSA
[16:56:53] [435/459] FCPA
[16:56:55] [436/459] GDAN
[16:56:56] [437/459] RSCA
[16:56:57] [438/459] DMAN
[16:56:59] [439/459] DZCM
[16:57:00] [440/459] NSGL
[16:57:02] [441/459] CCPP
[16:57:03] [442/459] PSMG
[16:57:05] [443/459] GSER
[16:57:06] [444/459] FCCT
[16:57:08] [445/459] FCTB
[16:57:09] [446/459] LCNK
[16:57:11] [447/459] SKTY
[16:57:12] [448/459] INAA
[16:57:13] [449/459] RCWN
[16:57:14] [450/459] VAIS
[16:57:15] [451/459] CVMN
[16:57:17] [452/459] INTS
[16:57:18] [453/459] FRGS
[16:57:19] [454/459] DTCK
[16:57:20] [455/459] MCMH
[16:57:21] [456/459] ECRR
[16:57:22] [457/459] RLLP
[16:57:23] [458/459] CCSN
[16:57:25] [459/459] CCBA
[16:57:27] 🧹 Deduping shows
[16:57:27] ✅ DONE | Shows=573 | Movies=46
