[10:07:32] 🚀 SCRIPT STARTED
[10:07:32] [1/459] FNDB
[10:07:32] 🧠 New identity created
[10:07:33] [2/459] AMBH
[10:07:34] [3/459] PRHN
[10:07:35] [4/459] ACPM
[10:07:35] [5/459] PVFS
[10:07:36] [6/459] AACN
[10:07:37] [7/459] ACAS
[10:07:38] [8/459] CTNR
[10:07:39] [9/459] MMAH
[10:07:40] [10/459] CPMH
[10:07:41] [11/459] IGMH
[10:07:42] [12/459] ABCS
[10:07:42] [13/459] CMMA
[10:07:43] [14/459] GPRH
[10:07:44] [15/459] PNNG
[10:07:45] [16/459] AMCA
[10:07:47] [17/459] ISTN
[10:07:47] [18/459] PIIC
[10:07:48] [19/459] AHMH
[10:07:49] [20/459] ASHN
[10:07:50] [21/459] INHY
[10:07:51] [22/459] SRMO
[10:07:51] [23/459] PIMH
[10:07:52] [24/459] PVTS
[10:07:53] [25/459] MMCA
[10:07:54] [26/459] AKYJ
[10:07:55] [27/459] BRKH
[10:07:55] [28/459] MAHM
[10:07:56] [29/459] CPHY
[10:07:57] [30/459] PVTP
[10:07:58] [31/459] SMMR
[10:07:59] [32/459] PVHM
[10:08:00] [33/459] SNDY
[10:08:01] [34/459] GOKU
[10:08:01] [35/459] ACEV
[10:08:02] [36/459] PVUM
[10:08:03] [37/459] VSWA
[10:08:04] [38/459] IPRS
[10:08:05] [39/459] ASGN
[10:08:05] [40/459] BKMV
[10:08:06] [41/459] PVYH
[10:08:07] [42/459] INKM
[10:08:08] [43/459] ARJU
[10:08:09] [44/459] JJPP
[10:08:10] [45/459] SSRM
[10:08:11] [46/459] HMHD
[10:08:11] [47/459] SNKH
[10:08:12] [48/459] ACHI
[10:08:13] [49/459] MRAA
[10:08:14] [50/459] INMH
[10:08:15] [51/459] ARMH
[10:08:16] [52/459] DVRR
[10:08:18] [53/459] SUDA
[10:08:19] [54/459] MCSS
[10:08:20] [55/459] VRKC
[10:08:20] [56/459] PRCX
[10:08:21] [57/459] ASJY
[10:08:22] [58/459] MTHY
[10:08:23] [59/459] SRCM
[10:08:24] [60/459] TVHY
[10:08:25] [61/459] STHD
[10:08:25] [62/459] CPCL
[10:08:26] [63/459] PSMJ
[10:08:27] [64/459] MRGT
[10:08:28] [65/459] ARYH
[10:08:29] [66/459] VTRB
[10:08:30] [67/459] SCHC
[10:08:30] [68/459] MRRG
[10:08:31] [69/459] SPCB
[10:08:32] [70/459] AMCM
[10:08:33] [71/459] IVNM
[10:08:34] [72/459] TRHY
[10:08:35] [73/459] PTTH
[10:08:36] [74/459] RKMH
[10:08:37] [75/459] PRCS
[10:08:37] [76/459] VAJA
[10:08:38] [77/459] BJNG
[10:08:39] [78/459] SCVM
[10:08:40] [79/459] GNHB
[10:08:41] [80/459] TLUR
[10:08:42] [81/459] UKCC
[10:08:42] [82/459] SRKR
[10:08:43] [83/459] RMKN
[10:08:44] [84/459] SLRT
[10:08:44] [85/459] LKMT
[10:08:45] [86/459] SSRJ
[10:08:46] [87/459] SPHT
[10:08:47] [88/459] ANTT
[10:08:48] [89/459] SRCH
[10:08:48] [90/459] SRCA
[10:08:50] [91/459] ARTH
[10:08:51] [92/459] MCBH
[10:08:52] [93/459] SNIB
[10:08:53] [94/459] SART
[10:08:54] [95/459] SKTA
[10:08:56] [96/459] YAKT
[10:08:56] [97/459] MLCK
[10:08:57] [98/459] ANTS
[10:08:58] [99/459] DGCA
[10:08:59] [100/459] SGMP
[10:09:00] [101/459] ASWN
[10:09:01] [102/459] KFVU
[10:09:02] [103/459] POOR
[10:09:03] [104/459] GKDN
[10:09:04] [105/459] EOSE
[10:09:05] [106/459] GTTT
[10:09:05] [107/459] ARRO
[10:09:07] [108/459] CMMK
[10:09:08] [109/459] MSCN
[10:09:08] [110/459] GDKH
[10:09:09] [111/459] DLMT
[10:09:10] [112/459] PVMF
[10:09:11] [113/459] CPCK
[10:09:11] [114/459] VMHE
[10:09:12] [115/459] PVLC
[10:09:13] [116/459] PCVB
[10:09:14] [117/459] SNYK
[10:09:15] [118/459] KTEK
[10:09:16] [119/459] PCNM
[10:09:16] [120/459] NTTR
[10:09:17] [121/459] CPSK
[10:09:18] [122/459] JMMA
[10:09:19] [123/459] GCFK
[10:09:19] [124/459] MYCA
[10:09:20] [125/459] KSNP
[10:09:21] [126/459] PMCE
[10:09:23] [127/459] SCKI
[10:09:23] [128/459] FSMA
[10:09:24] [129/459] CETA
[10:09:25] [130/459] MCIK
[10:09:26] [131/459] MYCR
[10:09:26] [132/459] EVMP
[10:09:27] [133/459] SSGT
[10:09:28] [134/459] KCTK
[10:09:29] [135/459] ZTKC
[10:09:30] [136/459] MMTA
[10:09:30] [137/459] MAJT
[10:09:31] [138/459] ACPK
[10:09:32] [139/459] JMAX
[10:09:33] [140/459] SETK
[10:09:33] [141/459] CAIS
[10:09:34] [142/459] AGCD
[10:09:35] [143/459] URCL
[10:09:36] [144/459] VTDS
[10:09:37] [145/459] JCNM
[10:09:37] [146/459] KCAM
[10:09:38] [147/459] ADCU
[10:09:39] [148/459] GXYN
[10:09:40] [149/459] SMJG
[10:09:40] [150/459] EYCJ
[10:09:41] [151/459] CCEJ
[10:09:42] [152/459] MARS
[10:09:43] [153/459] CPVJ
[10:09:44] [154/459] INVP
[10:09:45] [155/459] CPOV
[10:09:46] [156/459] VIJK
[10:09:46] [157/459] LAIM
[10:09:47] [158/459] STHV
[10:09:48] [159/459] SVLJ
[10:09:49] [160/459] ATVJ
[10:09:50] [161/459] JTSC
[10:09:51] [162/459] RMTV
[10:09:51] [163/459] MGGG
[10:09:52] [164/459] SWTH
[10:09:53] [165/459] INVJ
[10:09:54] [166/459] PRSV
[10:09:55] [167/459] JATV
[10:09:56] [168/459] RCVD
[10:09:57] [169/459] BDMA
[10:09:58] [170/459] BLJI
[10:09:59] [171/459] SWOT
[10:09:59] [172/459] SWRN
[10:10:00] [173/459] TVRA
[10:10:01] [174/459] VCSV
[10:10:02] [175/459] NVRN
[10:10:03] [176/459] SIKC
[10:10:04] [177/459] VAKR
[10:10:05] [178/459] SYLN
[10:10:05] [179/459] KLJL
[10:10:06] [180/459] LKMY
[10:10:07] [181/459] VSLY
[10:10:08] [182/459] CIKO
[10:10:09] [183/459] GPBG
[10:10:10] [184/459] CECM
[10:10:10] [185/459] SLKB
[10:10:11] [186/459] MTBO
[10:10:12] [187/459] SSHB
[10:10:13] [188/459] VPCS
[10:10:14] [189/459] RCSR
[10:10:15] [190/459] RJRM
[10:10:15] [191/459] KPPB
[10:10:16] [192/459] SEDC
[10:10:17] [193/459] SCAI
[10:10:18] [194/459] RMTR
[10:10:18] [195/459] ASST
[10:10:19] [196/459] GCAK
[10:10:20] [197/459] ANNK
[10:10:21] [198/459] KDDF
[10:10:22] [199/459] NRDP
[10:10:23] [200/459] PLAK
[10:10:24] [201/459] GCMC
[10:10:24] [202/459] ALPY
[10:10:25] [203/459] SICE
[10:10:26] [204/459] SISR
[10:10:28] [205/459] SRPZ
[10:10:28] [206/459] SRSW
[10:10:29] [207/459] SUYA
[10:10:30] [208/459] AMMT
[10:10:31] [209/459] BHCU
[10:10:32] [210/459] KLPA
[10:10:32] [211/459] NVKH
[10:10:33] [212/459] JMRC
[10:10:34] [213/459] KTTT
[10:10:35] [214/459] MAGH
[10:10:36] [215/459] MMMX
[10:10:36] [216/459] SALJ
[10:10:37] [217/459] GTJA
[10:10:38] [218/459] MAHT
[10:10:39] [219/459] SSNN
[10:10:40] [220/459] ARRP
[10:10:40] [221/459] ATNS
[10:10:41] [222/459] SKDT
[10:10:42] [223/459] ACAT
[10:10:43] [224/459] APRC
[10:10:44] [225/459] SWAG
[10:10:45] [226/459] SDPT
[10:10:46] [227/459] STPS
[10:10:46] [228/459] WWCZ
[10:10:47] [229/459] LLCH
[10:10:48] [230/459] MZHA
[10:10:49] [231/459] CRJG
[10:10:49] [232/459] JGTK
[10:10:50] [233/459] KCSR
[10:10:51] [234/459] CHTL
[10:10:52] [235/459] EDSR
[10:10:53] [236/459] CSWO
[10:10:53] [237/459] CPVM
[10:10:54] [238/459] MXBY
[10:10:55] [239/459] FMMA
[10:10:56] [240/459] POVI
[10:10:57] [241/459] MTHB
[10:10:58] [242/459] INRC
[10:10:58] [243/459] PIPP
[10:10:59] [244/459] BMXC
[10:11:00] [245/459] PCMM
[10:11:01] [246/459] PMKM
[10:11:01] [247/459] GATY
[10:11:02] [248/459] IMCM
[10:11:03] [249/459] POPE
[10:11:04] [250/459] MTCR
[10:11:05] [251/459] PVAE
[10:11:06] [252/459] PVMI
[10:11:07] [253/459] CPNM
[10:11:07] [254/459] FMRL
[10:11:08] [255/459] MCIW
[10:11:09] [256/459] MXBO
[10:11:10] [257/459] FMKY
[10:11:11] [258/459] FMDA
[10:11:11] [259/459] THAB
[10:11:12] [260/459] PRCW
[10:11:13] [261/459] PITI
[10:11:13] [262/459] MCFF
[10:11:14] [263/459] PDDV
[10:11:15] [264/459] MCRM
[10:11:16] [265/459] KKMB
[10:11:16] [266/459] INKO
[10:11:17] [267/459] PLXP
[10:11:18] [268/459] MMHA
[10:11:19] [269/459] FMVS
[10:11:20] [270/459] POLM
[10:11:21] [271/459] STER
[10:11:21] [272/459] PVWJ
[10:11:22] [273/459] IMJW
[10:11:24] [274/459] FNAN
[10:11:24] [275/459] CAGL
[10:11:25] [276/459] IPBG
[10:11:26] [277/459] SMFV
[10:11:27] [278/459] MMMR
[10:11:28] [279/459] MMWM
[10:11:28] [280/459] FNCM
[10:11:29] [281/459] MDVA
[10:11:30] [282/459] MMET
[10:11:31] [283/459] MIDO
[10:11:32] [284/459] INNP
[10:11:33] [285/459] MIFU
[10:11:33] [286/459] MMSZ
[10:11:35] [287/459] BMXA
[10:11:36] [288/459] MCAA
[10:11:36] [289/459] SCVP
[10:11:37] [290/459] PLUS
[10:11:38] [291/459] MUCK
[10:11:39] [292/459] MTMA
[10:11:40] [293/459] HPVR
[10:11:40] [294/459] PMPK
[10:11:41] [295/459] MAJB
[10:11:42] [296/459] CTRR
[10:11:42] [297/459] MCTG
[10:11:43] [298/459] MACE
[10:11:44] [299/459] AAAS
[10:11:45] [300/459] CPVV
[10:11:46] [301/459] RCHG
[10:11:47] [302/459] MCNE
[10:11:48] [303/459] EMNC
[10:11:49] [304/459] MCAN
[10:11:49] [305/459] TCDM
[10:11:50] [306/459] IRGT
[10:11:51] [307/459] GCMG
[10:11:52] [308/459] MXSN
[10:11:53] [309/459] MXCK
[10:11:54] [310/459] MCRC
[10:11:55] [311/459] RSMI
[10:11:56] [312/459] WAML
[10:11:57] [313/459] MTSC
[10:11:59] [314/459] FMDR
[10:12:00] [315/459] LEPV
[10:12:01] [316/459] MTGD
[10:12:01] [317/459] IMOB
[10:12:03] [318/459] CLMM
[10:12:04] [319/459] PZCD
[10:12:04] [320/459] GOCS
[10:12:05] [321/459] KCMA
[10:12:05] [322/459] CCMP
[10:12:06] [323/459] MTSU
[10:12:07] [324/459] SNGL
[10:12:08] [325/459] MMMC
[10:12:09] [326/459] MMAA
[10:12:10] [327/459] GCDM
[10:12:11] [328/459] KTMV
[10:12:12] [329/459] AETE
[10:12:13] [330/459] OMCS
[10:12:14] [331/459] GDCD
[10:12:14] [332/459] NYMD
[10:12:15] [333/459] RNCV
[10:12:16] [334/459] KKMT
[10:12:17] [335/459] GDTH
[10:12:17] [336/459] KMMV
[10:12:18] [337/459] NHCG
[10:12:19] [338/459] PJDW
[10:12:20] [339/459] MMCV
[10:12:20] [340/459] FQSA
[10:12:21] [341/459] KURL
[10:12:22] [342/459] NNNX
[10:12:23] [343/459] AMAU
[10:12:24] [344/459] VVVM
[10:12:24] [345/459] VECU
[10:12:25] [346/459] WCVR
[10:12:26] [347/459] MTGG
[10:12:27] [348/459] SGTG
[10:12:28] [349/459] MNTG
[10:12:29] [350/459] JDDG
[10:12:29] [351/459] MBTK
[10:12:30] [352/459] SGCD
[10:12:31] [353/459] MCTC
[10:12:32] [354/459] JTPC
[10:12:33] [355/459] SDKT
[10:12:33] [356/459] KRCC
[10:12:34] [357/459] RMMD
[10:12:35] [358/459] AAME
[10:12:36] [359/459] TMWC
[10:12:37] [360/459] NRWY
[10:12:37] [361/459] CITD
[10:12:38] [362/459] VERD
[10:12:39] [363/459] MKSK
[10:12:40] [364/459] STSM
[10:12:41] [365/459] MJDG
[10:12:41] [366/459] RKPM
[10:12:42] [367/459] SSCE
[10:12:43] [368/459] VMAE
[10:12:44] [369/459] SBRU
[10:12:45] [370/459] AMBC
[10:12:46] [371/459] AMLU
[10:12:46] [372/459] INVZ
[10:12:47] [373/459] LGTV
[10:12:48] [374/459] SVAD
[10:12:49] [375/459] SMSA
[10:12:50] [376/459] SPCZ
[10:12:51] [377/459] GTCX
[10:12:52] [378/459] SCSL
[10:12:52] [379/459] SAHU
[10:12:53] [380/459] NCDA
[10:12:54] [381/459] SCCG
[10:12:55] [382/459] VKTL
[10:12:56] [383/459] PUUJ
[10:12:57] [384/459] STEJ
[10:12:58] [385/459] RJAL
[10:12:59] [386/459] ACJC
[10:12:59] [387/459] VTHC
[10:13:00] [388/459] ARVB
[10:13:01] [389/459] AUBB
[10:13:02] [390/459] GDBR
[10:13:02] [391/459] PVND
[10:13:03] [392/459] BGRJ
[10:13:04] [393/459] RJMM
[10:13:05] [394/459] MCSA
[10:13:05] [395/459] BODA
[10:13:06] [396/459] JAGG
[10:13:07] [397/459] SCGA
[10:13:09] [398/459] LRCM
[10:13:09] [399/459] CPCN
[10:13:10] [400/459] SSTF
[10:13:11] [401/459] SRXP
[10:13:12] [402/459] CNFX
[10:13:12] [403/459] ANDI
[10:13:13] [404/459] SYEW
[10:13:14] [405/459] RCRE
[10:13:15] [406/459] SCRW
[10:13:15] [407/459] MBKR
[10:13:16] [408/459] ASNT
[10:13:17] [409/459] JTMT
[10:13:18] [410/459] SHAY
[10:13:18] [411/459] VRTH
[10:13:19] [412/459] SPTI
[10:13:20] [413/459] DPTD
[10:13:21] [414/459] TGSN
[10:13:21] [415/459] RCWV
[10:13:22] [416/459] OCUR
[10:13:24] [417/459] KSTC
[10:13:24] [418/459] SANI
[10:13:25] [419/459] MLCA
[10:13:26] [420/459] EGCA
[10:13:27] [421/459] SYSN
[10:13:28] [422/459] PKTA
[10:13:29] [423/459] PRCC
[10:13:29] [424/459] KSTR
[10:13:30] [425/459] SNTP
[10:13:31] [426/459] RCHA
[10:13:32] [427/459] SEEA
[10:13:33] [428/459] ALAT
[10:13:34] [429/459] AATV
[10:13:35] [430/459] RJTE
[10:13:36] [431/459] AAPP
[10:13:36] [432/459] PMMH
[10:13:37] [433/459] INRJ
[10:13:38] [434/459] SARB
[10:13:39] [435/459] PCJL
[10:13:40] [436/459] PFJJ
[10:13:41] [437/459] GRDC
[10:13:42] [438/459] BCBA
[10:13:43] [439/459] VIXL
[10:13:44] [440/459] CSTL
[10:13:45] [441/459] MTDK
[10:13:45] [442/459] TDAC
[10:13:46] [443/459] GTDN
[10:13:47] [444/459] TTDE
[10:13:48] [445/459] ASTS
[10:13:49] [446/459] CPNS
[10:13:50] [447/459] PVVW
[10:13:50] [448/459] USEB
[10:13:52] [449/459] DTYN
[10:13:53] [450/459] PVLE
[10:13:54] [451/459] CIPS
[10:13:54] [452/459] PAEG
[10:13:55] [453/459] PTCW
[10:13:56] [454/459] G3SR
[10:13:57] [455/459] PGND
[10:13:57] [456/459] INVM
[10:13:58] [457/459] SPIA
[10:13:59] [458/459] PCSN
[10:14:00] [459/459] PPGV
[10:14:01] 🧹 Deduping shows
[10:14:01] ✅ DONE | Shows=478 | Movies=33
[16:50:00] 🚀 SCRIPT STARTED
[16:50:00] [1/459] FNDB
[16:50:00] 🧠 New identity created
[16:50:02] [2/459] AMBH
[16:50:03] [3/459] PRHN
[16:50:05] [4/459] ACPM
[16:50:06] [5/459] PVFS
[16:50:07] [6/459] AACN
[16:50:08] [7/459] ACAS
[16:50:09] [8/459] CTNR
[16:50:10] [9/459] MMAH
[16:50:11] [10/459] CPMH
[16:50:12] [11/459] IGMH
[16:50:13] [12/459] ABCS
[16:50:13] [13/459] CMMA
[16:50:15] [14/459] GPRH
[16:50:16] [15/459] PNNG
[16:50:16] [16/459] AMCA
[16:50:18] [17/459] ISTN
[16:50:19] [18/459] PIIC
[16:50:20] [19/459] AHMH
[16:50:22] [20/459] ASHN
[16:50:23] [21/459] INHY
[16:50:24] [22/459] SRMO
[16:50:26] [23/459] PIMH
[16:50:26] [24/459] PVTS
[16:50:27] [25/459] MMCA
[16:50:28] [26/459] AKYJ
[16:50:29] [27/459] BRKH
[16:50:30] [28/459] MAHM
[16:50:32] [29/459] CPHY
[16:50:33] [30/459] PVTP
[16:50:34] [31/459] SMMR
[16:50:36] [32/459] PVHM
[16:50:37] [33/459] SNDY
[16:50:37] [34/459] GOKU
[16:50:39] [35/459] ACEV
[16:50:39] [36/459] PVUM
[16:50:41] [37/459] VSWA
[16:50:42] [38/459] IPRS
[16:50:44] [39/459] ASGN
[16:50:45] [40/459] BKMV
[16:50:46] [41/459] PVYH
[16:50:46] [42/459] INKM
[16:50:47] [43/459] ARJU
[16:50:49] [44/459] JJPP
[16:50:50] [45/459] SSRM
[16:50:51] [46/459] HMHD
[16:50:52] [47/459] SNKH
[16:50:54] [48/459] ACHI
[16:50:55] [49/459] MRAA
[16:50:56] [50/459] INMH
[16:50:57] [51/459] ARMH
[16:50:59] [52/459] DVRR
[16:51:00] [53/459] SUDA
[16:51:01] [54/459] MCSS
[16:51:02] [55/459] VRKC
[16:51:03] [56/459] PRCX
[16:51:04] [57/459] ASJY
[16:51:05] [58/459] MTHY
[16:51:06] [59/459] SRCM
[16:51:07] [60/459] TVHY
[16:51:08] [61/459] STHD
[16:51:09] [62/459] CPCL
[16:51:10] [63/459] PSMJ
[16:51:10] [64/459] MRGT
[16:51:12] [65/459] ARYH
[16:51:13] [66/459] VTRB
[16:51:14] [67/459] SCHC
[16:51:16] [68/459] MRRG
[16:51:16] [69/459] SPCB
[16:51:18] [70/459] AMCM
[16:51:19] [71/459] IVNM
[16:51:19] [72/459] TRHY
[16:51:20] [73/459] PTTH
[16:51:22] [74/459] RKMH
[16:51:23] [75/459] PRCS
[16:51:25] [76/459] VAJA
[16:51:26] [77/459] BJNG
[16:51:27] [78/459] SCVM
[16:51:28] [79/459] GNHB
[16:51:29] [80/459] TLUR
[16:51:30] [81/459] UKCC
[16:51:31] [82/459] SRKR
[16:51:32] [83/459] RMKN
[16:51:33] [84/459] SLRT
[16:51:34] [85/459] LKMT
[16:51:35] [86/459] SSRJ
[16:51:37] [87/459] SPHT
[16:51:37] [88/459] ANTT
[16:51:38] [89/459] SRCH
[16:51:39] [90/459] SRCA
[16:51:40] [91/459] ARTH
[16:51:41] [92/459] MCBH
[16:51:42] [93/459] SNIB
[16:51:43] [94/459] SART
[16:51:44] [95/459] SKTA
[16:51:46] [96/459] YAKT
[16:51:47] [97/459] MLCK
[16:51:47] [98/459] ANTS
[16:51:48] [99/459] DGCA
[16:51:50] [100/459] SGMP
[16:51:51] [101/459] ASWN
[16:51:52] [102/459] KFVU
[16:51:54] [103/459] POOR
[16:51:55] [104/459] GKDN
[16:51:57] [105/459] EOSE
[16:51:58] [106/459] GTTT
[16:51:59] [107/459] ARRO
[16:52:00] [108/459] CMMK
[16:52:01] [109/459] MSCN
[16:52:03] [110/459] GDKH
[16:52:04] [111/459] DLMT
[16:52:05] [112/459] PVMF
[16:52:07] [113/459] CPCK
[16:52:08] [114/459] VMHE
[16:52:09] [115/459] PVLC
[16:52:10] [116/459] PCVB
[16:52:12] [117/459] SNYK
[16:52:12] [118/459] KTEK
[16:52:13] [119/459] PCNM
[16:52:15] [120/459] NTTR
[16:52:16] [121/459] CPSK
[16:52:17] [122/459] JMMA
[16:52:19] [123/459] GCFK
[16:52:20] [124/459] MYCA
[16:52:22] [125/459] KSNP
[16:52:23] [126/459] PMCE
[16:52:24] [127/459] SCKI
[16:52:25] [128/459] FSMA
[16:52:26] [129/459] CETA
[16:52:27] [130/459] MCIK
[16:52:28] [131/459] MYCR
[16:52:30] [132/459] EVMP
[16:52:31] [133/459] SSGT
[16:52:32] [134/459] KCTK
[16:52:33] [135/459] ZTKC
[16:52:35] [136/459] MMTA
[16:52:37] [137/459] MAJT
[16:52:38] [138/459] ACPK
[16:52:39] [139/459] JMAX
[16:52:40] [140/459] SETK
[16:52:41] [141/459] CAIS
[16:52:43] [142/459] AGCD
[16:52:44] [143/459] URCL
[16:52:46] [144/459] VTDS
[16:52:46] [145/459] JCNM
[16:52:47] [146/459] KCAM
[16:52:48] [147/459] ADCU
[16:52:49] [148/459] GXYN
[16:52:51] [149/459] SMJG
[16:52:51] [150/459] EYCJ
[16:52:52] [151/459] CCEJ
[16:52:54] [152/459] MARS
[16:52:54] [153/459] CPVJ
[16:52:55] [154/459] INVP
[16:52:57] [155/459] CPOV
[16:52:58] [156/459] VIJK
[16:52:59] [157/459] LAIM
[16:53:00] [158/459] STHV
[16:53:02] [159/459] SVLJ
[16:53:03] [160/459] ATVJ
[16:53:04] [161/459] JTSC
[16:53:05] [162/459] RMTV
[16:53:06] [163/459] MGGG
[16:53:07] [164/459] SWTH
[16:53:08] [165/459] INVJ
[16:53:10] [166/459] PRSV
[16:53:11] [167/459] JATV
[16:53:12] [168/459] RCVD
[16:53:14] [169/459] BDMA
[16:53:15] [170/459] BLJI
[16:53:16] [171/459] SWOT
[16:53:17] [172/459] SWRN
[16:53:18] [173/459] TVRA
[16:53:19] [174/459] VCSV
[16:53:20] [175/459] NVRN
[16:53:21] [176/459] SIKC
[16:53:22] [177/459] VAKR
[16:53:23] [178/459] SYLN
[16:53:25] [179/459] KLJL
[16:53:26] [180/459] LKMY
[16:53:27] [181/459] VSLY
[16:53:28] [182/459] CIKO
[16:53:29] [183/459] GPBG
[16:53:30] [184/459] CECM
[16:53:31] [185/459] SLKB
[16:53:33] [186/459] MTBO
[16:53:33] [187/459] SSHB
[16:53:35] [188/459] VPCS
[16:53:36] [189/459] RCSR
[16:53:37] [190/459] RJRM
[16:53:39] [191/459] KPPB
[16:53:40] [192/459] SEDC
[16:53:41] [193/459] SCAI
[16:53:43] [194/459] RMTR
[16:53:44] [195/459] ASST
[16:53:45] [196/459] GCAK
[16:53:46] [197/459] ANNK
[16:53:48] [198/459] KDDF
[16:53:49] [199/459] NRDP
[16:53:50] [200/459] PLAK
[16:53:52] [201/459] GCMC
[16:53:53] [202/459] ALPY
[16:53:54] [203/459] SICE
[16:53:55] [204/459] SISR
[16:53:57] [205/459] SRPZ
[16:53:58] [206/459] SRSW
[16:53:59] [207/459] SUYA
[16:54:00] [208/459] AMMT
[16:54:02] [209/459] BHCU
[16:54:02] [210/459] KLPA
[16:54:04] [211/459] NVKH
[16:54:05] [212/459] JMRC
[16:54:07] [213/459] KTTT
[16:54:08] [214/459] MAGH
[16:54:09] [215/459] MMMX
[16:54:10] [216/459] SALJ
[16:54:11] [217/459] GTJA
[16:54:12] [218/459] MAHT
[16:54:13] [219/459] SSNN
[16:54:14] [220/459] ARRP
[16:54:15] [221/459] ATNS
[16:54:16] [222/459] SKDT
[16:54:18] [223/459] ACAT
[16:54:18] [224/459] APRC
[16:54:19] [225/459] SWAG
[16:54:20] [226/459] SDPT
[16:54:21] [227/459] STPS
[16:54:22] [228/459] WWCZ
[16:54:23] [229/459] LLCH
[16:54:24] [230/459] MZHA
[16:54:26] [231/459] CRJG
[16:54:27] [232/459] JGTK
[16:54:28] [233/459] KCSR
[16:54:29] [234/459] CHTL
[16:54:30] [235/459] EDSR
[16:54:31] [236/459] CSWO
[16:54:32] [237/459] CPVM
[16:54:33] [238/459] MXBY
[16:54:34] [239/459] FMMA
[16:54:35] [240/459] POVI
[16:54:37] [241/459] MTHB
[16:54:38] [242/459] INRC
[16:54:39] [243/459] PIPP
[16:54:40] [244/459] BMXC
[16:54:42] [245/459] PCMM
[16:54:43] [246/459] PMKM
[16:54:44] [247/459] GATY
[16:54:45] [248/459] IMCM
[16:54:46] [249/459] POPE
[16:54:48] [250/459] MTCR
[16:54:49] [251/459] PVAE
[16:54:50] [252/459] PVMI
[16:54:52] [253/459] CPNM
[16:54:53] [254/459] FMRL
[16:54:55] [255/459] MCIW
[16:54:56] [256/459] MXBO
[16:54:58] [257/459] FMKY
[16:54:59] [258/459] FMDA
[16:54:59] [259/459] THAB
[16:55:01] [260/459] PRCW
[16:55:02] [261/459] PITI
[16:55:03] [262/459] MCFF
[16:55:04] [263/459] PDDV
[16:55:05] [264/459] MCRM
[16:55:06] [265/459] KKMB
[16:55:08] [266/459] INKO
[16:55:09] [267/459] PLXP
[16:55:10] [268/459] MMHA
[16:55:11] [269/459] FMVS
[16:55:12] [270/459] POLM
[16:55:13] [271/459] STER
[16:55:14] [272/459] PVWJ
[16:55:15] [273/459] IMJW
[16:55:17] [274/459] FNAN
[16:55:18] [275/459] CAGL
[16:55:18] [276/459] IPBG
[16:55:19] [277/459] SMFV
[16:55:21] [278/459] MMMR
[16:55:22] [279/459] MMWM
[16:55:23] [280/459] FNCM
[16:55:25] [281/459] MDVA
[16:55:26] [282/459] MMET
[16:55:27] [283/459] MIDO
[16:55:29] [284/459] INNP
[16:55:31] [285/459] MIFU
[16:55:31] [286/459] MMSZ
[16:55:32] [287/459] BMXA
[16:55:33] [288/459] MCAA
[16:55:34] [289/459] SCVP
[16:55:35] [290/459] PLUS
[16:55:36] [291/459] MUCK
[16:55:37] [292/459] MTMA
[16:55:38] [293/459] HPVR
[16:55:39] [294/459] PMPK
[16:55:41] [295/459] MAJB
[16:55:42] [296/459] CTRR
[16:55:44] [297/459] MCTG
[16:55:45] [298/459] MACE
[16:55:46] [299/459] AAAS
[16:55:46] [300/459] CPVV
[16:55:47] [301/459] RCHG
[16:55:48] [302/459] MCNE
[16:55:50] [303/459] EMNC
[16:55:51] [304/459] MCAN
[16:55:53] [305/459] TCDM
[16:55:54] [306/459] IRGT
[16:55:54] [307/459] GCMG
[16:55:56] [308/459] MXSN
[16:55:57] [309/459] MXCK
[16:55:58] [310/459] MCRC
[16:55:59] [311/459] RSMI
[16:56:01] [312/459] WAML
[16:56:02] [313/459] MTSC
[16:56:04] [314/459] FMDR
[16:56:05] [315/459] LEPV
[16:56:07] [316/459] MTGD
[16:56:08] [317/459] IMOB
[16:56:09] [318/459] CLMM
[16:56:11] [319/459] PZCD
[16:56:12] [320/459] GOCS
[16:56:13] [321/459] KCMA
[16:56:15] [322/459] CCMP
[16:56:15] [323/459] MTSU
[16:56:17] [324/459] SNGL
[16:56:18] [325/459] MMMC
[16:56:19] [326/459] MMAA
[16:56:21] [327/459] GCDM
[16:56:21] [328/459] KTMV
[16:56:22] [329/459] AETE
[16:56:24] [330/459] OMCS
[16:56:25] [331/459] GDCD
[16:56:25] [332/459] NYMD
[16:56:27] [333/459] RNCV
[16:56:28] [334/459] KKMT
[16:56:29] [335/459] GDTH
[16:56:30] [336/459] KMMV
[16:56:31] [337/459] NHCG
[16:56:32] [338/459] PJDW
[16:56:34] [339/459] MMCV
[16:56:35] [340/459] FQSA
[16:56:36] [341/459] KURL
[16:56:37] [342/459] NNNX
[16:56:39] [343/459] AMAU
[16:56:40] [344/459] VVVM
[16:56:41] [345/459] VECU
[16:56:42] [346/459] WCVR
[16:56:43] [347/459] MTGG
[16:56:45] [348/459] SGTG
[16:56:45] [349/459] MNTG
[16:56:46] [350/459] JDDG
[16:56:47] [351/459] MBTK
[16:56:49] [352/459] SGCD
[16:56:49] [353/459] MCTC
[16:56:50] [354/459] JTPC
[16:56:52] [355/459] SDKT
[16:56:53] [356/459] KRCC
[16:56:54] [357/459] RMMD
[16:56:56] [358/459] AAME
[16:56:57] [359/459] TMWC
[16:56:58] [360/459] NRWY
[16:57:00] [361/459] CITD
[16:57:01] [362/459] VERD
[16:57:02] [363/459] MKSK
[16:57:03] [364/459] STSM
[16:57:04] [365/459] MJDG
[16:57:05] [366/459] RKPM
[16:57:06] [367/459] SSCE
[16:57:07] [368/459] VMAE
[16:57:08] [369/459] SBRU
[16:57:09] [370/459] AMBC
[16:57:10] [371/459] AMLU
[16:57:11] [372/459] INVZ
[16:57:12] [373/459] LGTV
[16:57:13] [374/459] SVAD
[16:57:14] [375/459] SMSA
[16:57:15] [376/459] SPCZ
[16:57:17] [377/459] GTCX
[16:57:18] [378/459] SCSL
[16:57:19] [379/459] SAHU
[16:57:20] [380/459] NCDA
[16:57:22] [381/459] SCCG
[16:57:23] [382/459] VKTL
[16:57:23] [383/459] PUUJ
[16:57:24] [384/459] STEJ
[16:57:26] [385/459] RJAL
[16:57:27] [386/459] ACJC
[16:57:29] [387/459] VTHC
[16:57:30] [388/459] ARVB
[16:57:31] [389/459] AUBB
[16:57:32] [390/459] GDBR
[16:57:33] [391/459] PVND
[16:57:34] [392/459] BGRJ
[16:57:35] [393/459] RJMM
[16:57:36] [394/459] MCSA
[16:57:37] [395/459] BODA
[16:57:39] [396/459] JAGG
[16:57:39] [397/459] SCGA
[16:57:40] [398/459] LRCM
[16:57:42] [399/459] CPCN
[16:57:43] [400/459] SSTF
[16:57:44] [401/459] SRXP
[16:57:45] [402/459] CNFX
[16:57:47] [403/459] ANDI
[16:57:48] [404/459] SYEW
[16:57:49] [405/459] RCRE
[16:57:50] [406/459] SCRW
[16:57:51] [407/459] MBKR
[16:57:52] [408/459] ASNT
[16:57:54] [409/459] JTMT
[16:57:55] [410/459] SHAY
[16:57:57] [411/459] VRTH
[16:57:58] [412/459] SPTI
[16:57:59] [413/459] DPTD
[16:58:00] [414/459] TGSN
[16:58:01] [415/459] RCWV
[16:58:03] [416/459] OCUR
[16:58:03] [417/459] KSTC
[16:58:04] [418/459] SANI
[16:58:05] [419/459] MLCA
[16:58:07] [420/459] EGCA
[16:58:08] [421/459] SYSN
[16:58:09] [422/459] PKTA
[16:58:11] [423/459] PRCC
[16:58:11] [424/459] KSTR
[16:58:12] [425/459] SNTP
[16:58:13] [426/459] RCHA
[16:58:14] [427/459] SEEA
[16:58:15] [428/459] ALAT
[16:58:17] [429/459] AATV
[16:58:17] [430/459] RJTE
[16:58:19] [431/459] AAPP
[16:58:20] [432/459] PMMH
[16:58:21] [433/459] INRJ
[16:58:22] [434/459] SARB
[16:58:23] [435/459] PCJL
[16:58:24] [436/459] PFJJ
[16:58:26] [437/459] GRDC
[16:58:27] [438/459] BCBA
[16:58:28] [439/459] VIXL
[16:58:29] [440/459] CSTL
[16:58:30] [441/459] MTDK
[16:58:31] [442/459] TDAC
[16:58:32] [443/459] GTDN
[16:58:33] [444/459] TTDE
[16:58:34] [445/459] ASTS
[16:58:35] [446/459] CPNS
[16:58:35] [447/459] PVVW
[16:58:36] [448/459] USEB
[16:58:37] [449/459] DTYN
[16:58:39] [450/459] PVLE
[16:58:40] [451/459] CIPS
[16:58:42] [452/459] PAEG
[16:58:42] [453/459] PTCW
[16:58:44] [454/459] G3SR
[16:58:45] [455/459] PGND
[16:58:47] [456/459] INVM
[16:58:48] [457/459] SPIA
[16:58:49] [458/459] PCSN
[16:58:50] [459/459] PPGV
[16:58:51] 🧹 Deduping shows
[16:58:51] ✅ DONE | Shows=598 | Movies=41
[04:49:24] 🚀 SCRIPT STARTED
[04:49:24] [1/459] FNDB
[04:49:24] 🧠 New identity created
[04:49:26] [2/459] AMBH
[04:49:27] [3/459] PRHN
[04:49:28] [4/459] ACPM
[04:49:29] [5/459] PVFS
[04:49:29] [6/459] AACN
[04:49:30] [7/459] ACAS
[04:49:31] [8/459] CTNR
[04:49:32] [9/459] MMAH
[04:49:33] [10/459] CPMH
[04:49:34] [11/459] IGMH
[04:49:35] [12/459] ABCS
[04:49:36] [13/459] CMMA
[04:49:38] [14/459] GPRH
[04:49:39] [15/459] PNNG
[04:49:39] [16/459] AMCA
[04:49:40] [17/459] ISTN
[04:49:41] [18/459] PIIC
[04:49:42] [19/459] AHMH
[04:49:42] [20/459] ASHN
[04:49:43] [21/459] INHY
[04:49:44] [22/459] SRMO
[04:49:45] [23/459] PIMH
[04:49:46] [24/459] PVTS
[04:49:47] [25/459] MMCA
[04:49:48] [26/459] AKYJ
[04:49:48] [27/459] BRKH
[04:49:49] [28/459] MAHM
[04:49:50] [29/459] CPHY
[04:49:51] [30/459] PVTP
[04:49:52] [31/459] SMMR
[04:49:53] [32/459] PVHM
[04:49:54] [33/459] SNDY
[04:49:55] [34/459] GOKU
[04:49:56] [35/459] ACEV
[04:49:57] [36/459] PVUM
[04:49:58] [37/459] VSWA
[04:49:58] [38/459] IPRS
[04:49:59] [39/459] ASGN
[04:50:00] [40/459] BKMV
[04:50:01] [41/459] PVYH
[04:50:03] [42/459] INKM
[04:50:04] [43/459] ARJU
[04:50:05] [44/459] JJPP
[04:50:07] [45/459] SSRM
[04:50:08] [46/459] HMHD
[04:50:09] [47/459] SNKH
[04:50:10] [48/459] ACHI
[04:50:11] [49/459] MRAA
[04:50:11] [50/459] INMH
[04:50:12] [51/459] ARMH
[04:50:14] [52/459] DVRR
[04:50:15] [53/459] SUDA
[04:50:16] [54/459] MCSS
[04:50:17] [55/459] VRKC
[04:50:18] [56/459] PRCX
[04:50:19] [57/459] ASJY
[04:50:20] [58/459] MTHY
[04:50:21] [59/459] SRCM
[04:50:22] [60/459] TVHY
[04:50:23] [61/459] STHD
[04:50:24] [62/459] CPCL
[04:50:25] [63/459] PSMJ
[04:50:27] [64/459] MRGT
[04:50:28] [65/459] ARYH
[04:50:28] [66/459] VTRB
[04:50:29] [67/459] SCHC
[04:50:30] [68/459] MRRG
[04:50:31] [69/459] SPCB
[04:50:32] [70/459] AMCM
[04:50:33] [71/459] IVNM
[04:50:34] [72/459] TRHY
[04:50:35] [73/459] PTTH
[04:50:36] [74/459] RKMH
[04:50:37] [75/459] PRCS
[04:50:38] [76/459] VAJA
[04:50:39] [77/459] BJNG
[04:50:41] [78/459] SCVM
[04:50:42] [79/459] GNHB
[04:50:42] [80/459] TLUR
[04:50:43] [81/459] UKCC
[04:50:44] [82/459] SRKR
[04:50:45] [83/459] RMKN
[04:50:46] [84/459] SLRT
[04:50:48] [85/459] LKMT
[04:50:49] [86/459] SSRJ
[04:50:50] [87/459] SPHT
[04:50:51] [88/459] ANTT
[04:50:52] [89/459] SRCH
[04:50:53] [90/459] SRCA
[04:50:54] [91/459] ARTH
[04:50:55] [92/459] MCBH
[04:50:57] [93/459] SNIB
[04:50:58] [94/459] SART
[04:50:58] [95/459] SKTA
[04:50:59] [96/459] YAKT
[04:51:00] [97/459] MLCK
[04:51:01] [98/459] ANTS
[04:51:02] [99/459] DGCA
[04:51:03] [100/459] SGMP
[04:51:03] [101/459] ASWN
[04:51:05] [102/459] KFVU
[04:51:06] [103/459] POOR
[04:51:07] [104/459] GKDN
[04:51:08] [105/459] EOSE
[04:51:08] [106/459] GTTT
[04:51:09] [107/459] ARRO
[04:51:10] [108/459] CMMK
[04:51:11] [109/459] MSCN
[04:51:12] [110/459] GDKH
[04:51:13] [111/459] DLMT
[04:51:14] [112/459] PVMF
[04:51:14] [113/459] CPCK
[04:51:15] [114/459] VMHE
[04:51:16] [115/459] PVLC
[04:51:17] [116/459] PCVB
[04:51:18] [117/459] SNYK
[04:51:20] [118/459] KTEK
[04:51:21] [119/459] PCNM
[04:51:21] [120/459] NTTR
[04:51:22] [121/459] CPSK
[04:51:24] [122/459] JMMA
[04:51:25] [123/459] GCFK
[04:51:25] [124/459] MYCA
[04:51:27] [125/459] KSNP
[04:51:29] [126/459] PMCE
[04:51:29] [127/459] SCKI
[04:51:30] [128/459] FSMA
[04:51:31] [129/459] CETA
[04:51:32] [130/459] MCIK
[04:51:33] [131/459] MYCR
[04:51:34] [132/459] EVMP
[04:51:35] [133/459] SSGT
[04:51:37] [134/459] KCTK
[04:51:38] [135/459] ZTKC
[04:51:39] [136/459] MMTA
[04:51:39] [137/459] MAJT
[04:51:40] [138/459] ACPK
[04:51:41] [139/459] JMAX
[04:51:42] [140/459] SETK
[04:51:43] [141/459] CAIS
[04:51:44] [142/459] AGCD
[04:51:44] [143/459] URCL
[04:51:45] [144/459] VTDS
[04:51:46] [145/459] JCNM
[04:51:48] [146/459] KCAM
[04:51:49] [147/459] ADCU
[04:51:49] [148/459] GXYN
[04:51:50] [149/459] SMJG
[04:51:51] [150/459] EYCJ
[04:51:52] [151/459] CCEJ
[04:51:53] [152/459] MARS
[04:51:54] [153/459] CPVJ
[04:51:55] [154/459] INVP
[04:51:57] [155/459] CPOV
[04:51:58] [156/459] VIJK
[04:51:59] [157/459] LAIM
[04:51:59] [158/459] STHV
[04:52:01] [159/459] SVLJ
[04:52:02] [160/459] ATVJ
[04:52:03] [161/459] JTSC
[04:52:04] [162/459] RMTV
[04:52:04] [163/459] MGGG
[04:52:05] [164/459] SWTH
[04:52:07] [165/459] INVJ
[04:52:09] [166/459] PRSV
[04:52:10] [167/459] JATV
[04:52:11] [168/459] RCVD
[04:52:12] [169/459] BDMA
[04:52:13] [170/459] BLJI
[04:52:15] [171/459] SWOT
[04:52:15] [172/459] SWRN
[04:52:16] [173/459] TVRA
[04:52:17] [174/459] VCSV
[04:52:18] [175/459] NVRN
[04:52:19] [176/459] SIKC
[04:52:20] [177/459] VAKR
[04:52:21] [178/459] SYLN
[04:52:22] [179/459] KLJL
[04:52:23] [180/459] LKMY
[04:52:24] [181/459] VSLY
[04:52:25] [182/459] CIKO
[04:52:25] [183/459] GPBG
[04:52:27] [184/459] CECM
[04:52:28] [185/459] SLKB
[04:52:29] [186/459] MTBO
[04:52:30] [187/459] SSHB
[04:52:31] [188/459] VPCS
[04:52:32] [189/459] RCSR
[04:52:34] [190/459] RJRM
[04:52:35] [191/459] KPPB
[04:52:35] [192/459] SEDC
[04:52:36] [193/459] SCAI
[04:52:37] [194/459] RMTR
[04:52:38] [195/459] ASST
[04:52:40] [196/459] GCAK
[04:52:40] [197/459] ANNK
[04:52:41] [198/459] KDDF
[04:52:42] [199/459] NRDP
[04:52:43] [200/459] PLAK
[04:52:44] [201/459] GCMC
[04:52:45] [202/459] ALPY
[04:52:46] [203/459] SICE
[04:52:48] [204/459] SISR
[04:52:49] [205/459] SRPZ
[04:52:50] [206/459] SRSW
[04:52:51] [207/459] SUYA
[04:52:52] [208/459] AMMT
[04:52:52] [209/459] BHCU
[04:52:53] [210/459] KLPA
[04:52:54] [211/459] NVKH
[04:52:56] [212/459] JMRC
[04:52:57] [213/459] KTTT
[04:52:58] [214/459] MAGH
[04:52:59] [215/459] MMMX
[04:53:01] [216/459] SALJ
[04:53:02] [217/459] GTJA
[04:53:02] [218/459] MAHT
[04:53:04] [219/459] SSNN
[04:53:06] [220/459] ARRP
[04:53:06] [221/459] ATNS
[04:53:07] [222/459] SKDT
[04:53:08] [223/459] ACAT
[04:53:09] [224/459] APRC
[04:53:10] [225/459] SWAG
[04:53:11] [226/459] SDPT
[04:53:12] [227/459] STPS
[04:53:13] [228/459] WWCZ
[04:53:13] [229/459] LLCH
[04:53:15] [230/459] MZHA
[04:53:17] [231/459] CRJG
[04:53:18] [232/459] JGTK
[04:53:19] [233/459] KCSR
[04:53:20] [234/459] CHTL
[04:53:20] [235/459] EDSR
[04:53:21] [236/459] CSWO
[04:53:22] [237/459] CPVM
[04:53:23] [238/459] MXBY
[04:53:24] [239/459] FMMA
[04:53:25] [240/459] POVI
[04:53:26] [241/459] MTHB
[04:53:27] [242/459] INRC
[04:53:27] [243/459] PIPP
[04:53:28] [244/459] BMXC
[04:53:29] [245/459] PCMM
[04:53:30] [246/459] PMKM
[04:53:30] [247/459] GATY
[04:53:31] [248/459] IMCM
[04:53:32] [249/459] POPE
[04:53:33] [250/459] MTCR
[04:53:34] [251/459] PVAE
[04:53:35] [252/459] PVMI
[04:53:36] [253/459] CPNM
[04:53:37] [254/459] FMRL
[04:53:38] [255/459] MCIW
[04:53:39] [256/459] MXBO
[04:53:40] [257/459] FMKY
[04:53:40] [258/459] FMDA
[04:53:41] [259/459] THAB
[04:53:42] [260/459] PRCW
[04:53:44] [261/459] PITI
[04:53:45] [262/459] MCFF
[04:53:45] [263/459] PDDV
[04:53:46] [264/459] MCRM
[04:53:47] [265/459] KKMB
[04:53:49] [266/459] INKO
[04:53:50] [267/459] PLXP
[04:53:51] [268/459] MMHA
[04:53:51] [269/459] FMVS
[04:53:52] [270/459] POLM
[04:53:53] [271/459] STER
[04:53:55] [272/459] PVWJ
[04:53:56] [273/459] IMJW
[04:53:57] [274/459] FNAN
[04:53:58] [275/459] CAGL
[04:53:59] [276/459] IPBG
[04:54:00] [277/459] SMFV
[04:54:01] [278/459] MMMR
[04:54:02] [279/459] MMWM
[04:54:03] [280/459] FNCM
[04:54:04] [281/459] MDVA
[04:54:05] [282/459] MMET
[04:54:06] [283/459] MIDO
[04:54:07] [284/459] INNP
[04:54:08] [285/459] MIFU
[04:54:09] [286/459] MMSZ
[04:54:09] [287/459] BMXA
[04:54:10] [288/459] MCAA
[04:54:11] [289/459] SCVP
[04:54:12] [290/459] PLUS
[04:54:13] [291/459] MUCK
[04:54:14] [292/459] MTMA
[04:54:15] [293/459] HPVR
[04:54:15] [294/459] PMPK
[04:54:16] [295/459] MAJB
[04:54:17] [296/459] CTRR
[04:54:19] [297/459] MCTG
[04:54:20] [298/459] MACE
[04:54:20] [299/459] AAAS
[04:54:21] [300/459] CPVV
[04:54:22] [301/459] RCHG
[04:54:24] [302/459] MCNE
[04:54:25] [303/459] EMNC
[04:54:26] [304/459] MCAN
[04:54:26] [305/459] TCDM
[04:54:27] [306/459] IRGT
[04:54:28] [307/459] GCMG
[04:54:29] [308/459] MXSN
[04:54:30] [309/459] MXCK
[04:54:32] [310/459] MCRC
[04:54:33] [311/459] RSMI
[04:54:33] [312/459] WAML
[04:54:34] [313/459] MTSC
[04:54:35] [314/459] FMDR
[04:54:36] [315/459] LEPV
[04:54:38] [316/459] MTGD
[04:54:39] [317/459] IMOB
[04:54:40] [318/459] CLMM
[04:54:42] [319/459] PZCD
[04:54:42] [320/459] GOCS
[04:54:44] [321/459] KCMA
[04:54:45] [322/459] CCMP
[04:54:46] [323/459] MTSU
[04:54:47] [324/459] SNGL
[04:54:49] [325/459] MMMC
[04:54:50] [326/459] MMAA
[04:54:51] [327/459] GCDM
[04:54:53] [328/459] KTMV
[04:54:54] [329/459] AETE
[04:54:55] [330/459] OMCS
[04:54:55] [331/459] GDCD
[04:54:56] [332/459] NYMD
[04:54:57] [333/459] RNCV
[04:54:58] [334/459] KKMT
[04:54:59] [335/459] GDTH
[04:54:59] [336/459] KMMV
[04:55:00] [337/459] NHCG
[04:55:01] [338/459] PJDW
[04:55:02] [339/459] MMCV
[04:55:02] [340/459] FQSA
[04:55:03] [341/459] KURL
[04:55:04] [342/459] NNNX
[04:55:05] [343/459] AMAU
[04:55:06] [344/459] VVVM
[04:55:07] [345/459] VECU
[04:55:08] [346/459] WCVR
[04:55:09] [347/459] MTGG
[04:55:09] [348/459] SGTG
[04:55:11] [349/459] MNTG
[04:55:13] [350/459] JDDG
[04:55:14] [351/459] MBTK
[04:55:15] [352/459] SGCD
[04:55:15] [353/459] MCTC
[04:55:17] [354/459] JTPC
[04:55:18] [355/459] SDKT
[04:55:18] [356/459] KRCC
[04:55:19] [357/459] RMMD
[04:55:20] [358/459] AAME
[04:55:21] [359/459] TMWC
[04:55:22] [360/459] NRWY
[04:55:23] [361/459] CITD
[04:55:24] [362/459] VERD
[04:55:25] [363/459] MKSK
[04:55:26] [364/459] STSM
[04:55:27] [365/459] MJDG
[04:55:28] [366/459] RKPM
[04:55:29] [367/459] SSCE
[04:55:30] [368/459] VMAE
[04:55:31] [369/459] SBRU
[04:55:32] [370/459] AMBC
[04:55:33] [371/459] AMLU
[04:55:33] [372/459] INVZ
[04:55:34] [373/459] LGTV
[04:55:35] [374/459] SVAD
[04:55:36] [375/459] SMSA
[04:55:37] [376/459] SPCZ
[04:55:38] [377/459] GTCX
[04:55:38] [378/459] SCSL
[04:55:40] [379/459] SAHU
[04:55:41] [380/459] NCDA
[04:55:42] [381/459] SCCG
[04:55:42] [382/459] VKTL
[04:55:44] [383/459] PUUJ
[04:55:45] [384/459] STEJ
[04:55:46] [385/459] RJAL
[04:55:47] [386/459] ACJC
[04:55:47] [387/459] VTHC
[04:55:48] [388/459] ARVB
[04:55:49] [389/459] AUBB
[04:55:50] [390/459] GDBR
[04:55:51] [391/459] PVND
[04:55:52] [392/459] BGRJ
[04:55:54] [393/459] RJMM
[04:55:55] [394/459] MCSA
[04:55:56] [395/459] BODA
[04:55:57] [396/459] JAGG
[04:55:58] [397/459] SCGA
[04:55:59] [398/459] LRCM
[04:56:00] [399/459] CPCN
[04:56:01] [400/459] SSTF
[04:56:02] [401/459] SRXP
[04:56:03] [402/459] CNFX
[04:56:04] [403/459] ANDI
[04:56:05] [404/459] SYEW
[04:56:06] [405/459] RCRE
[04:56:08] [406/459] SCRW
[04:56:09] [407/459] MBKR
[04:56:10] [408/459] ASNT
[04:56:11] [409/459] JTMT
[04:56:11] [410/459] SHAY
[04:56:12] [411/459] VRTH
[04:56:13] [412/459] SPTI
[04:56:14] [413/459] DPTD
[04:56:15] [414/459] TGSN
[04:56:15] [415/459] RCWV
[04:56:16] [416/459] OCUR
[04:56:17] [417/459] KSTC
[04:56:18] [418/459] SANI
[04:56:19] [419/459] MLCA
[04:56:20] [420/459] EGCA
[04:56:21] [421/459] SYSN
[04:56:22] [422/459] PKTA
[04:56:23] [423/459] PRCC
[04:56:24] [424/459] KSTR
[04:56:25] [425/459] SNTP
[04:56:26] [426/459] RCHA
[04:56:28] [427/459] SEEA
[04:56:28] [428/459] ALAT
[04:56:29] [429/459] AATV
[04:56:30] [430/459] RJTE
[04:56:31] [431/459] AAPP
[04:56:31] [432/459] PMMH
[04:56:32] [433/459] INRJ
[04:56:33] [434/459] SARB
[04:56:34] [435/459] PCJL
[04:56:36] [436/459] PFJJ
[04:56:36] [437/459] GRDC
[04:56:37] [438/459] BCBA
[04:56:38] [439/459] VIXL
[04:56:39] [440/459] CSTL
[04:56:40] [441/459] MTDK
[04:56:41] [442/459] TDAC
[04:56:42] [443/459] GTDN
[04:56:42] [444/459] TTDE
[04:56:44] [445/459] ASTS
[04:56:45] [446/459] CPNS
[04:56:46] [447/459] PVVW
[04:56:47] [448/459] USEB
[04:56:48] [449/459] DTYN
[04:56:48] [450/459] PVLE
[04:56:49] [451/459] CIPS
[04:56:50] [452/459] PAEG
[04:56:51] [453/459] PTCW
[04:56:52] [454/459] G3SR
[04:56:52] [455/459] PGND
[04:56:53] [456/459] INVM
[04:56:54] [457/459] SPIA
[04:56:55] [458/459] PCSN
[04:56:56] [459/459] PPGV
[04:56:58] 🧹 Deduping shows
[04:56:58] ✅ DONE | Shows=674 | Movies=43
[12:01:55] 🚀 SCRIPT STARTED
[12:01:55] [1/459] FNDB
[12:01:55] 🧠 New identity created
[12:01:56] [2/459] AMBH
[12:01:57] [3/459] PRHN
[12:01:59] [4/459] ACPM
[12:02:00] [5/459] PVFS
[12:02:00] [6/459] AACN
[12:02:01] [7/459] ACAS
[12:02:02] [8/459] CTNR
[12:02:04] [9/459] MMAH
[12:02:05] [10/459] CPMH
[12:02:05] [11/459] IGMH
[12:02:06] [12/459] ABCS
[12:02:07] [13/459] CMMA
[12:02:08] [14/459] GPRH
[12:02:10] [15/459] PNNG
[12:02:10] [16/459] AMCA
[12:02:12] [17/459] ISTN
[12:02:13] [18/459] PIIC
[12:02:14] [19/459] AHMH
[12:02:15] [20/459] ASHN
[12:02:16] [21/459] INHY
[12:02:17] [22/459] SRMO
[12:02:19] [23/459] PIMH
[12:02:19] [24/459] PVTS
[12:02:21] [25/459] MMCA
[12:02:21] [26/459] AKYJ
[12:02:22] [27/459] BRKH
[12:02:23] [28/459] MAHM
[12:02:24] [29/459] CPHY
[12:02:25] [30/459] PVTP
[12:02:26] [31/459] SMMR
[12:02:27] [32/459] PVHM
[12:02:28] [33/459] SNDY
[12:02:29] [34/459] GOKU
[12:02:30] [35/459] ACEV
[12:02:31] [36/459] PVUM
[12:02:32] [37/459] VSWA
[12:02:32] [38/459] IPRS
[12:02:33] [39/459] ASGN
[12:02:34] [40/459] BKMV
[12:02:35] [41/459] PVYH
[12:02:36] [42/459] INKM
[12:02:37] [43/459] ARJU
[12:02:38] [44/459] JJPP
[12:02:39] [45/459] SSRM
[12:02:40] [46/459] HMHD
[12:02:41] [47/459] SNKH
[12:02:41] [48/459] ACHI
[12:02:42] [49/459] MRAA
[12:02:43] [50/459] INMH
[12:02:44] [51/459] ARMH
[12:02:45] [52/459] DVRR
[12:02:46] [53/459] SUDA
[12:02:47] [54/459] MCSS
[12:02:48] [55/459] VRKC
[12:02:49] [56/459] PRCX
[12:02:50] [57/459] ASJY
[12:02:51] [58/459] MTHY
[12:02:51] [59/459] SRCM
[12:02:53] [60/459] TVHY
[12:02:54] [61/459] STHD
[12:02:55] [62/459] CPCL
[12:02:56] [63/459] PSMJ
[12:02:57] [64/459] MRGT
[12:02:58] [65/459] ARYH
[12:02:59] [66/459] VTRB
[12:03:00] [67/459] SCHC
[12:03:01] [68/459] MRRG
[12:03:01] [69/459] SPCB
[12:03:02] [70/459] AMCM
[12:03:03] [71/459] IVNM
[12:03:04] [72/459] TRHY
[12:03:05] [73/459] PTTH
[12:03:06] [74/459] RKMH
[12:03:07] [75/459] PRCS
[12:03:08] [76/459] VAJA
[12:03:08] [77/459] BJNG
[12:03:10] [78/459] SCVM
[12:03:11] [79/459] GNHB
[12:03:11] [80/459] TLUR
[12:03:12] [81/459] UKCC
[12:03:13] [82/459] SRKR
[12:03:14] [83/459] RMKN
[12:03:15] [84/459] SLRT
[12:03:15] [85/459] LKMT
[12:03:16] [86/459] SSRJ
[12:03:17] [87/459] SPHT
[12:03:18] [88/459] ANTT
[12:03:19] [89/459] SRCH
[12:03:20] [90/459] SRCA
[12:03:21] [91/459] ARTH
[12:03:21] [92/459] MCBH
[12:03:22] [93/459] SNIB
[12:03:23] [94/459] SART
[12:03:25] [95/459] SKTA
[12:03:26] [96/459] YAKT
[12:03:27] [97/459] MLCK
[12:03:27] [98/459] ANTS
[12:03:28] [99/459] DGCA
[12:03:29] [100/459] SGMP
[12:03:30] [101/459] ASWN
[12:03:31] [102/459] KFVU
[12:03:31] [103/459] POOR
[12:03:33] [104/459] GKDN
[12:03:34] [105/459] EOSE
[12:03:35] [106/459] GTTT
[12:03:36] [107/459] ARRO
[12:03:37] [108/459] CMMK
[12:03:38] [109/459] MSCN
[12:03:39] [110/459] GDKH
[12:03:40] [111/459] DLMT
[12:03:41] [112/459] PVMF
[12:03:41] [113/459] CPCK
[12:03:42] [114/459] VMHE
[12:03:43] [115/459] PVLC
[12:03:44] [116/459] PCVB
[12:03:45] [117/459] SNYK
[12:03:46] [118/459] KTEK
[12:03:47] [119/459] PCNM
[12:03:48] [120/459] NTTR
[12:03:49] [121/459] CPSK
[12:03:50] [122/459] JMMA
[12:03:51] [123/459] GCFK
[12:03:51] [124/459] MYCA
[12:03:52] [125/459] KSNP
[12:03:53] [126/459] PMCE
[12:03:55] [127/459] SCKI
[12:03:55] [128/459] FSMA
[12:03:56] [129/459] CETA
[12:03:58] [130/459] MCIK
[12:03:59] [131/459] MYCR
[12:04:00] [132/459] EVMP
[12:04:01] [133/459] SSGT
[12:04:01] [134/459] KCTK
[12:04:02] [135/459] ZTKC
[12:04:03] [136/459] MMTA
[12:04:04] [137/459] MAJT
[12:04:05] [138/459] ACPK
[12:04:06] [139/459] JMAX
[12:04:07] [140/459] SETK
[12:04:08] [141/459] CAIS
[12:04:09] [142/459] AGCD
[12:04:10] [143/459] URCL
[12:04:11] [144/459] VTDS
[12:04:12] [145/459] JCNM
[12:04:12] [146/459] KCAM
[12:04:13] [147/459] ADCU
[12:04:14] [148/459] GXYN
[12:04:16] [149/459] SMJG
[12:04:17] [150/459] EYCJ
[12:04:18] [151/459] CCEJ
[12:04:18] [152/459] MARS
[12:04:19] [153/459] CPVJ
[12:04:20] [154/459] INVP
[12:04:21] [155/459] CPOV
[12:04:22] [156/459] VIJK
[12:04:23] [157/459] LAIM
[12:04:23] [158/459] STHV
[12:04:24] [159/459] SVLJ
[12:04:25] [160/459] ATVJ
[12:04:26] [161/459] JTSC
[12:04:27] [162/459] RMTV
[12:04:27] [163/459] MGGG
[12:04:28] [164/459] SWTH
[12:04:29] [165/459] INVJ
[12:04:30] [166/459] PRSV
[12:04:31] [167/459] JATV
[12:04:32] [168/459] RCVD
[12:04:34] [169/459] BDMA
[12:04:35] [170/459] BLJI
[12:04:36] [171/459] SWOT
[12:04:36] [172/459] SWRN
[12:04:37] [173/459] TVRA
[12:04:38] [174/459] VCSV
[12:04:39] [175/459] NVRN
[12:04:40] [176/459] SIKC
[12:04:40] [177/459] VAKR
[12:04:41] [178/459] SYLN
[12:04:42] [179/459] KLJL
[12:04:43] [180/459] LKMY
[12:04:44] [181/459] VSLY
[12:04:45] [182/459] CIKO
[12:04:45] [183/459] GPBG
[12:04:46] [184/459] CECM
[12:04:47] [185/459] SLKB
[12:04:49] [186/459] MTBO
[12:04:51] [187/459] SSHB
[12:04:52] [188/459] VPCS
[12:04:52] [189/459] RCSR
[12:04:53] [190/459] RJRM
[12:04:55] [191/459] KPPB
[12:04:56] [192/459] SEDC
[12:04:57] [193/459] SCAI
[12:04:58] [194/459] RMTR
[12:04:59] [195/459] ASST
[12:05:00] [196/459] GCAK
[12:05:01] [197/459] ANNK
[12:05:02] [198/459] KDDF
[12:05:03] [199/459] NRDP
[12:05:04] [200/459] PLAK
[12:05:04] [201/459] GCMC
[12:05:05] [202/459] ALPY
[12:05:06] [203/459] SICE
[12:05:07] [204/459] SISR
[12:05:08] [205/459] SRPZ
[12:05:08] [206/459] SRSW
[12:05:09] [207/459] SUYA
[12:05:10] [208/459] AMMT
[12:05:11] [209/459] BHCU
[12:05:12] [210/459] KLPA
[12:05:13] [211/459] NVKH
[12:05:13] [212/459] JMRC
[12:05:14] [213/459] KTTT
[12:05:15] [214/459] MAGH
[12:05:16] [215/459] MMMX
[12:05:18] [216/459] SALJ
[12:05:19] [217/459] GTJA
[12:05:19] [218/459] MAHT
[12:05:20] [219/459] SSNN
[12:05:21] [220/459] ARRP
[12:05:23] [221/459] ATNS
[12:05:24] [222/459] SKDT
[12:05:24] [223/459] ACAT
[12:05:25] [224/459] APRC
[12:05:26] [225/459] SWAG
[12:05:27] [226/459] SDPT
[12:05:28] [227/459] STPS
[12:05:29] [228/459] WWCZ
[12:05:29] [229/459] LLCH
[12:05:30] [230/459] MZHA
[12:05:31] [231/459] CRJG
[12:05:32] [232/459] JGTK
[12:05:33] [233/459] KCSR
[12:05:34] [234/459] CHTL
[12:05:35] [235/459] EDSR
[12:05:36] [236/459] CSWO
[12:05:37] [237/459] CPVM
[12:05:38] [238/459] MXBY
[12:05:38] [239/459] FMMA
[12:05:39] [240/459] POVI
[12:05:40] [241/459] MTHB
[12:05:42] [242/459] INRC
[12:05:43] [243/459] PIPP
[12:05:44] [244/459] BMXC
[12:05:45] [245/459] PCMM
[12:05:45] [246/459] PMKM
[12:05:46] [247/459] GATY
[12:05:47] [248/459] IMCM
[12:05:48] [249/459] POPE
[12:05:50] [250/459] MTCR
[12:05:51] [251/459] PVAE
[12:05:52] [252/459] PVMI
[12:05:52] [253/459] CPNM
[12:05:53] [254/459] FMRL
[12:05:54] [255/459] MCIW
[12:05:55] [256/459] MXBO
[12:05:56] [257/459] FMKY
[12:05:57] [258/459] FMDA
[12:05:58] [259/459] THAB
[12:05:58] [260/459] PRCW
[12:05:59] [261/459] PITI
[12:06:00] [262/459] MCFF
[12:06:01] [263/459] PDDV
[12:06:02] [264/459] MCRM
[12:06:03] [265/459] KKMB
[12:06:04] [266/459] INKO
[12:06:04] [267/459] PLXP
[12:06:05] [268/459] MMHA
[12:06:06] [269/459] FMVS
[12:06:07] [270/459] POLM
[12:06:07] [271/459] STER
[12:06:08] [272/459] PVWJ
[12:06:09] [273/459] IMJW
[12:06:10] [274/459] FNAN
[12:06:11] [275/459] CAGL
[12:06:12] [276/459] IPBG
[12:06:13] [277/459] SMFV
[12:06:15] [278/459] MMMR
[12:06:16] [279/459] MMWM
[12:06:16] [280/459] FNCM
[12:06:17] [281/459] MDVA
[12:06:18] [282/459] MMET
[12:06:20] [283/459] MIDO
[12:06:21] [284/459] INNP
[12:06:22] [285/459] MIFU
[12:06:23] [286/459] MMSZ
[12:06:24] [287/459] BMXA
[12:06:25] [288/459] MCAA
[12:06:26] [289/459] SCVP
[12:06:27] [290/459] PLUS
[12:06:28] [291/459] MUCK
[12:06:28] [292/459] MTMA
[12:06:29] [293/459] HPVR
[12:06:30] [294/459] PMPK
[12:06:31] [295/459] MAJB
[12:06:32] [296/459] CTRR
[12:06:33] [297/459] MCTG
[12:06:33] [298/459] MACE
[12:06:34] [299/459] AAAS
[12:06:35] [300/459] CPVV
[12:06:36] [301/459] RCHG
[12:06:37] [302/459] MCNE
[12:06:38] [303/459] EMNC
[12:06:39] [304/459] MCAN
[12:06:40] [305/459] TCDM
[12:06:41] [306/459] IRGT
[12:06:41] [307/459] GCMG
[12:06:42] [308/459] MXSN
[12:06:43] [309/459] MXCK
[12:06:44] [310/459] MCRC
[12:06:45] [311/459] RSMI
[12:06:47] [312/459] WAML
[12:06:48] [313/459] MTSC
[12:06:48] [314/459] FMDR
[12:06:49] [315/459] LEPV
[12:06:50] [316/459] MTGD
[12:06:51] [317/459] IMOB
[12:06:51] [318/459] CLMM
[12:06:52] [319/459] PZCD
[12:06:54] [320/459] GOCS
[12:06:55] [321/459] KCMA
[12:06:56] [322/459] CCMP
[12:06:56] [323/459] MTSU
[12:06:58] [324/459] SNGL
[12:06:59] [325/459] MMMC
[12:07:00] [326/459] MMAA
[12:07:01] [327/459] GCDM
[12:07:02] [328/459] KTMV
[12:07:02] [329/459] AETE
[12:07:04] [330/459] OMCS
[12:07:05] [331/459] GDCD
[12:07:06] [332/459] NYMD
[12:07:07] [333/459] RNCV
[12:07:08] [334/459] KKMT
[12:07:09] [335/459] GDTH
[12:07:11] [336/459] KMMV
[12:07:12] [337/459] NHCG
[12:07:12] [338/459] PJDW
[12:07:13] [339/459] MMCV
[12:07:14] [340/459] FQSA
[12:07:15] [341/459] KURL
[12:07:16] [342/459] NNNX
[12:07:16] [343/459] AMAU
[12:07:17] [344/459] VVVM
[12:07:18] [345/459] VECU
[12:07:19] [346/459] WCVR
[12:07:20] [347/459] MTGG
[12:07:21] [348/459] SGTG
[12:07:22] [349/459] MNTG
[12:07:23] [350/459] JDDG
[12:07:24] [351/459] MBTK
[12:07:24] [352/459] SGCD
[12:07:25] [353/459] MCTC
[12:07:26] [354/459] JTPC
[12:07:27] [355/459] SDKT
[12:07:28] [356/459] KRCC
[12:07:29] [357/459] RMMD
[12:07:29] [358/459] AAME
[12:07:30] [359/459] TMWC
[12:07:31] [360/459] NRWY
[12:07:32] [361/459] CITD
[12:07:34] [362/459] VERD
[12:07:35] [363/459] MKSK
[12:07:35] [364/459] STSM
[12:07:36] [365/459] MJDG
[12:07:37] [366/459] RKPM
[12:07:38] [367/459] SSCE
[12:07:39] [368/459] VMAE
[12:07:39] [369/459] SBRU
[12:07:40] [370/459] AMBC
[12:07:41] [371/459] AMLU
[12:07:42] [372/459] INVZ
[12:07:42] [373/459] LGTV
[12:07:43] [374/459] SVAD
[12:07:44] [375/459] SMSA
[12:07:45] [376/459] SPCZ
[12:07:46] [377/459] GTCX
[12:07:47] [378/459] SCSL
[12:07:48] [379/459] SAHU
[12:07:48] [380/459] NCDA
[12:07:49] [381/459] SCCG
[12:07:50] [382/459] VKTL
[12:07:51] [383/459] PUUJ
[12:07:52] [384/459] STEJ
[12:07:54] [385/459] RJAL
[12:07:54] [386/459] ACJC
[12:07:55] [387/459] VTHC
[12:07:56] [388/459] ARVB
[12:07:57] [389/459] AUBB
[12:07:58] [390/459] GDBR
[12:07:59] [391/459] PVND
[12:08:00] [392/459] BGRJ
[12:08:00] [393/459] RJMM
[12:08:02] [394/459] MCSA
[12:08:03] [395/459] BODA
[12:08:03] [396/459] JAGG
[12:08:04] [397/459] SCGA
[12:08:05] [398/459] LRCM
[12:08:06] [399/459] CPCN
[12:08:07] [400/459] SSTF
[12:08:08] [401/459] SRXP
[12:08:09] [402/459] CNFX
[12:08:10] [403/459] ANDI
[12:08:11] [404/459] SYEW
[12:08:12] [405/459] RCRE
[12:08:13] [406/459] SCRW
[12:08:14] [407/459] MBKR
[12:08:14] [408/459] ASNT
[12:08:15] [409/459] JTMT
[12:08:16] [410/459] SHAY
[12:08:17] [411/459] VRTH
[12:08:18] [412/459] SPTI
[12:08:19] [413/459] DPTD
[12:08:20] [414/459] TGSN
[12:08:20] [415/459] RCWV
[12:08:21] [416/459] OCUR
[12:08:22] [417/459] KSTC
[12:08:23] [418/459] SANI
[12:08:24] [419/459] MLCA
[12:08:25] [420/459] EGCA
[12:08:25] [421/459] SYSN
[12:08:26] [422/459] PKTA
[12:08:27] [423/459] PRCC
[12:08:28] [424/459] KSTR
[12:08:29] [425/459] SNTP
[12:08:30] [426/459] RCHA
[12:08:30] [427/459] SEEA
[12:08:31] [428/459] ALAT
[12:08:32] [429/459] AATV
[12:08:33] [430/459] RJTE
[12:08:34] [431/459] AAPP
[12:08:35] [432/459] PMMH
[12:08:35] [433/459] INRJ
[12:08:36] [434/459] SARB
[12:08:37] [435/459] PCJL
[12:08:38] [436/459] PFJJ
[12:08:39] [437/459] GRDC
[12:08:40] [438/459] BCBA
[12:08:41] [439/459] VIXL
[12:08:42] [440/459] CSTL
[12:08:43] [441/459] MTDK
[12:08:44] [442/459] TDAC
[12:08:44] [443/459] GTDN
[12:08:45] [444/459] TTDE
[12:08:46] [445/459] ASTS
[12:08:47] [446/459] CPNS
[12:08:48] [447/459] PVVW
[12:08:49] [448/459] USEB
[12:08:50] [449/459] DTYN
[12:08:51] [450/459] PVLE
[12:08:52] [451/459] CIPS
[12:08:54] [452/459] PAEG
[12:08:55] [453/459] PTCW
[12:08:56] [454/459] G3SR
[12:08:57] [455/459] PGND
[12:08:58] [456/459] INVM
[12:08:59] [457/459] SPIA
[12:09:00] [458/459] PCSN
[12:09:01] [459/459] PPGV
[12:09:02] 🧹 Deduping shows
[12:09:02] ✅ DONE | Shows=760 | Movies=48
[19:02:54] 🚀 SCRIPT STARTED
[19:02:54] [1/459] FNDB
[19:02:54] 🧠 New identity created
[19:02:55] [2/459] AMBH
[19:02:56] [3/459] PRHN
[19:02:57] [4/459] ACPM
[19:02:58] [5/459] PVFS
[19:02:59] [6/459] AACN
[19:03:00] [7/459] ACAS
[19:03:02] [8/459] CTNR
[19:03:02] [9/459] MMAH
[19:03:03] [10/459] CPMH
[19:03:04] [11/459] IGMH
[19:03:05] [12/459] ABCS
[19:03:06] [13/459] CMMA
[19:03:07] [14/459] GPRH
[19:03:08] [15/459] PNNG
[19:03:09] [16/459] AMCA
[19:03:10] [17/459] ISTN
[19:03:11] [18/459] PIIC
[19:03:12] [19/459] AHMH
[19:03:13] [20/459] ASHN
[19:03:14] [21/459] INHY
[19:03:15] [22/459] SRMO
[19:03:16] [23/459] PIMH
[19:03:17] [24/459] PVTS
[19:03:18] [25/459] MMCA
[19:03:19] [26/459] AKYJ
[19:03:19] [27/459] BRKH
[19:03:20] [28/459] MAHM
[19:03:21] [29/459] CPHY
[19:03:22] [30/459] PVTP
[19:03:23] [31/459] SMMR
[19:03:24] [32/459] PVHM
[19:03:25] [33/459] SNDY
[19:03:26] [34/459] GOKU
[19:03:27] [35/459] ACEV
[19:03:28] [36/459] PVUM
[19:03:29] [37/459] VSWA
[19:03:30] [38/459] IPRS
[19:03:31] [39/459] ASGN
[19:03:31] [40/459] BKMV
[19:03:32] [41/459] PVYH
[19:03:33] [42/459] INKM
[19:03:34] [43/459] ARJU
[19:03:34] [44/459] JJPP
[19:03:35] [45/459] SSRM
[19:03:36] [46/459] HMHD
[19:03:37] [47/459] SNKH
[19:03:38] [48/459] ACHI
[19:03:39] [49/459] MRAA
[19:03:40] [50/459] INMH
[19:03:40] [51/459] ARMH
[19:03:41] [52/459] DVRR
[19:03:42] [53/459] SUDA
[19:03:43] [54/459] MCSS
[19:03:44] [55/459] VRKC
[19:03:45] [56/459] PRCX
[19:03:45] [57/459] ASJY
[19:03:46] [58/459] MTHY
[19:03:47] [59/459] SRCM
[19:03:48] [60/459] TVHY
[19:03:50] [61/459] STHD
[19:03:51] [62/459] CPCL
[19:03:51] [63/459] PSMJ
[19:03:52] [64/459] MRGT
[19:03:53] [65/459] ARYH
[19:03:54] [66/459] VTRB
[19:03:55] [67/459] SCHC
[19:03:55] [68/459] MRRG
[19:03:56] [69/459] SPCB
[19:03:57] [70/459] AMCM
[19:03:58] [71/459] IVNM
[19:04:00] [72/459] TRHY
[19:04:00] [73/459] PTTH
[19:04:01] [74/459] RKMH
[19:04:02] [75/459] PRCS
[19:04:03] [76/459] VAJA
[19:04:04] [77/459] BJNG
[19:04:05] [78/459] SCVM
[19:04:06] [79/459] GNHB
[19:04:07] [80/459] TLUR
[19:04:08] [81/459] UKCC
[19:04:08] [82/459] SRKR
[19:04:09] [83/459] RMKN
[19:04:10] [84/459] SLRT
[19:04:11] [85/459] LKMT
[19:04:12] [86/459] SSRJ
[19:04:12] [87/459] SPHT
[19:04:13] [88/459] ANTT
[19:04:14] [89/459] SRCH
[19:04:15] [90/459] SRCA
[19:04:16] [91/459] ARTH
[19:04:17] [92/459] MCBH
[19:04:18] [93/459] SNIB
[19:04:19] [94/459] SART
[19:04:19] [95/459] SKTA
[19:04:20] [96/459] YAKT
[19:04:21] [97/459] MLCK
[19:04:22] [98/459] ANTS
[19:04:23] [99/459] DGCA
[19:04:24] [100/459] SGMP
[19:04:25] [101/459] ASWN
[19:04:25] [102/459] KFVU
[19:04:26] [103/459] POOR
[19:04:27] [104/459] GKDN
[19:04:28] [105/459] EOSE
[19:04:29] [106/459] GTTT
[19:04:30] [107/459] ARRO
[19:04:31] [108/459] CMMK
[19:04:32] [109/459] MSCN
[19:04:33] [110/459] GDKH
[19:04:35] [111/459] DLMT
[19:04:35] [112/459] PVMF
[19:04:36] [113/459] CPCK
[19:04:38] [114/459] VMHE
[19:04:39] [115/459] PVLC
[19:04:39] [116/459] PCVB
[19:04:40] [117/459] SNYK
[19:04:41] [118/459] KTEK
[19:04:42] [119/459] PCNM
[19:04:42] [120/459] NTTR
[19:04:43] [121/459] CPSK
[19:04:44] [122/459] JMMA
[19:04:45] [123/459] GCFK
[19:04:46] [124/459] MYCA
[19:04:47] [125/459] KSNP
[19:04:47] [126/459] PMCE
[19:04:48] [127/459] SCKI
[19:04:49] [128/459] FSMA
[19:04:50] [129/459] CETA
[19:04:51] [130/459] MCIK
[19:04:51] [131/459] MYCR
[19:04:53] [132/459] EVMP
[19:04:54] [133/459] SSGT
[19:04:55] [134/459] KCTK
[19:04:56] [135/459] ZTKC
[19:04:57] [136/459] MMTA
[19:04:58] [137/459] MAJT
[19:04:59] [138/459] ACPK
[19:05:00] [139/459] JMAX
[19:05:01] [140/459] SETK
[19:05:02] [141/459] CAIS
[19:05:03] [142/459] AGCD
[19:05:04] [143/459] URCL
[19:05:05] [144/459] VTDS
[19:05:06] [145/459] JCNM
[19:05:07] [146/459] KCAM
[19:05:08] [147/459] ADCU
[19:05:09] [148/459] GXYN
[19:05:10] [149/459] SMJG
[19:05:10] [150/459] EYCJ
[19:05:11] [151/459] CCEJ
[19:05:12] [152/459] MARS
[19:05:13] [153/459] CPVJ
[19:05:14] [154/459] INVP
[19:05:15] [155/459] CPOV
[19:05:16] [156/459] VIJK
[19:05:16] [157/459] LAIM
[19:05:17] [158/459] STHV
[19:05:18] [159/459] SVLJ
[19:05:19] [160/459] ATVJ
[19:05:20] [161/459] JTSC
[19:05:20] [162/459] RMTV
[19:05:21] [163/459] MGGG
[19:05:22] [164/459] SWTH
[19:05:23] [165/459] INVJ
[19:05:23] [166/459] PRSV
[19:05:25] [167/459] JATV
[19:05:26] [168/459] RCVD
[19:05:26] [169/459] BDMA
[19:05:27] [170/459] BLJI
[19:05:28] [171/459] SWOT
[19:05:29] [172/459] SWRN
[19:05:30] [173/459] TVRA
[19:05:31] [174/459] VCSV
[19:05:31] [175/459] NVRN
[19:05:32] [176/459] SIKC
[19:05:33] [177/459] VAKR
[19:05:34] [178/459] SYLN
[19:05:35] [179/459] KLJL
[19:05:35] [180/459] LKMY
[19:05:36] [181/459] VSLY
[19:05:37] [182/459] CIKO
[19:05:38] [183/459] GPBG
[19:05:39] [184/459] CECM
[19:05:40] [185/459] SLKB
[19:05:41] [186/459] MTBO
[19:05:42] [187/459] SSHB
[19:05:43] [188/459] VPCS
[19:05:44] [189/459] RCSR
[19:05:45] [190/459] RJRM
[19:05:45] [191/459] KPPB
[19:05:46] [192/459] SEDC
[19:05:47] [193/459] SCAI
[19:05:48] [194/459] RMTR
[19:05:49] [195/459] ASST
[19:05:50] [196/459] GCAK
[19:05:51] [197/459] ANNK
[19:05:51] [198/459] KDDF
[19:05:52] [199/459] NRDP
[19:05:53] [200/459] PLAK
[19:05:54] [201/459] GCMC
[19:05:55] [202/459] ALPY
[19:05:56] [203/459] SICE
[19:05:57] [204/459] SISR
[19:05:58] [205/459] SRPZ
[19:05:58] [206/459] SRSW
[19:05:59] [207/459] SUYA
[19:06:00] [208/459] AMMT
[19:06:01] [209/459] BHCU
[19:06:02] [210/459] KLPA
[19:06:03] [211/459] NVKH
[19:06:03] [212/459] JMRC
[19:06:04] [213/459] KTTT
[19:06:05] [214/459] MAGH
[19:06:06] [215/459] MMMX
[19:06:07] [216/459] SALJ
[19:06:08] [217/459] GTJA
[19:06:08] [218/459] MAHT
[19:06:09] [219/459] SSNN
[19:06:10] [220/459] ARRP
[19:06:11] [221/459] ATNS
[19:06:12] [222/459] SKDT
[19:06:13] [223/459] ACAT
[19:06:14] [224/459] APRC
[19:06:15] [225/459] SWAG
[19:06:16] [226/459] SDPT
[19:06:16] [227/459] STPS
[19:06:17] [228/459] WWCZ
[19:06:18] [229/459] LLCH
[19:06:19] [230/459] MZHA
[19:06:20] [231/459] CRJG
[19:06:21] [232/459] JGTK
[19:06:21] [233/459] KCSR
[19:06:22] [234/459] CHTL
[19:06:23] [235/459] EDSR
[19:06:24] [236/459] CSWO
[19:06:24] [237/459] CPVM
[19:06:26] [238/459] MXBY
[19:06:28] [239/459] FMMA
[19:06:28] [240/459] POVI
[19:06:29] [241/459] MTHB
[19:06:30] [242/459] INRC
[19:06:31] [243/459] PIPP
[19:06:31] [244/459] BMXC
[19:06:32] [245/459] PCMM
[19:06:33] [246/459] PMKM
[19:06:34] [247/459] GATY
[19:06:34] [248/459] IMCM
[19:06:35] [249/459] POPE
[19:06:36] [250/459] MTCR
[19:06:37] [251/459] PVAE
[19:06:38] [252/459] PVMI
[19:06:39] [253/459] CPNM
[19:06:40] [254/459] FMRL
[19:06:40] [255/459] MCIW
[19:06:41] [256/459] MXBO
[19:06:42] [257/459] FMKY
[19:06:43] [258/459] FMDA
[19:06:44] [259/459] THAB
[19:06:44] [260/459] PRCW
[19:06:46] [261/459] PITI
[19:06:46] [262/459] MCFF
[19:06:48] [263/459] PDDV
[19:06:49] [264/459] MCRM
[19:06:49] [265/459] KKMB
[19:06:50] [266/459] INKO
[19:06:51] [267/459] PLXP
[19:06:52] [268/459] MMHA
[19:06:54] [269/459] FMVS
[19:06:54] [270/459] POLM
[19:06:55] [271/459] STER
[19:06:56] [272/459] PVWJ
[19:06:57] [273/459] IMJW
[19:06:58] [274/459] FNAN
[19:06:59] [275/459] CAGL
[19:07:00] [276/459] IPBG
[19:07:01] [277/459] SMFV
[19:07:02] [278/459] MMMR
[19:07:03] [279/459] MMWM
[19:07:04] [280/459] FNCM
[19:07:05] [281/459] MDVA
[19:07:06] [282/459] MMET
[19:07:07] [283/459] MIDO
[19:07:08] [284/459] INNP
[19:07:09] [285/459] MIFU
[19:07:09] [286/459] MMSZ
[19:07:10] [287/459] BMXA
[19:07:11] [288/459] MCAA
[19:07:12] [289/459] SCVP
[19:07:13] [290/459] PLUS
[19:07:14] [291/459] MUCK
[19:07:15] [292/459] MTMA
[19:07:16] [293/459] HPVR
[19:07:17] [294/459] PMPK
[19:07:18] [295/459] MAJB
[19:07:19] [296/459] CTRR
[19:07:19] [297/459] MCTG
[19:07:20] [298/459] MACE
[19:07:22] [299/459] AAAS
[19:07:23] [300/459] CPVV
[19:07:24] [301/459] RCHG
[19:07:24] [302/459] MCNE
[19:07:25] [303/459] EMNC
[19:07:26] [304/459] MCAN
[19:07:27] [305/459] TCDM
[19:07:28] [306/459] IRGT
[19:07:29] [307/459] GCMG
[19:07:30] [308/459] MXSN
[19:07:31] [309/459] MXCK
[19:07:32] [310/459] MCRC
[19:07:33] [311/459] RSMI
[19:07:34] [312/459] WAML
[19:07:34] [313/459] MTSC
[19:07:35] [314/459] FMDR
[19:07:36] [315/459] LEPV
[19:07:37] [316/459] MTGD
[19:07:39] [317/459] IMOB
[19:07:39] [318/459] CLMM
[19:07:40] [319/459] PZCD
[19:07:41] [320/459] GOCS
[19:07:42] [321/459] KCMA
[19:07:43] [322/459] CCMP
[19:07:44] [323/459] MTSU
[19:07:45] [324/459] SNGL
[19:07:46] [325/459] MMMC
[19:07:47] [326/459] MMAA
[19:07:47] [327/459] GCDM
[19:07:48] [328/459] KTMV
[19:07:49] [329/459] AETE
[19:07:50] [330/459] OMCS
[19:07:50] [331/459] GDCD
[19:07:51] [332/459] NYMD
[19:07:52] [333/459] RNCV
[19:07:53] [334/459] KKMT
[19:07:54] [335/459] GDTH
[19:07:55] [336/459] KMMV
[19:07:55] [337/459] NHCG
[19:07:56] [338/459] PJDW
[19:07:58] [339/459] MMCV
[19:07:59] [340/459] FQSA
[19:07:59] [341/459] KURL
[19:08:00] [342/459] NNNX
[19:08:01] [343/459] AMAU
[19:08:02] [344/459] VVVM
[19:08:03] [345/459] VECU
[19:08:03] [346/459] WCVR
[19:08:04] [347/459] MTGG
[19:08:05] [348/459] SGTG
[19:08:06] [349/459] MNTG
[19:08:07] [350/459] JDDG
[19:08:08] [351/459] MBTK
[19:08:09] [352/459] SGCD
[19:08:10] [353/459] MCTC
[19:08:11] [354/459] JTPC
[19:08:11] [355/459] SDKT
[19:08:12] [356/459] KRCC
[19:08:13] [357/459] RMMD
[19:08:14] [358/459] AAME
[19:08:15] [359/459] TMWC
[19:08:16] [360/459] NRWY
[19:08:17] [361/459] CITD
[19:08:18] [362/459] VERD
[19:08:19] [363/459] MKSK
[19:08:20] [364/459] STSM
[19:08:21] [365/459] MJDG
[19:08:21] [366/459] RKPM
[19:08:22] [367/459] SSCE
[19:08:23] [368/459] VMAE
[19:08:24] [369/459] SBRU
[19:08:25] [370/459] AMBC
[19:08:26] [371/459] AMLU
[19:08:26] [372/459] INVZ
[19:08:28] [373/459] LGTV
[19:08:28] [374/459] SVAD
[19:08:29] [375/459] SMSA
[19:08:30] [376/459] SPCZ
[19:08:31] [377/459] GTCX
[19:08:32] [378/459] SCSL
[19:08:33] [379/459] SAHU
[19:08:34] [380/459] NCDA
[19:08:35] [381/459] SCCG
[19:08:36] [382/459] VKTL
[19:08:37] [383/459] PUUJ
[19:08:37] [384/459] STEJ
[19:08:39] [385/459] RJAL
[19:08:40] [386/459] ACJC
[19:08:41] [387/459] VTHC
[19:08:42] [388/459] ARVB
[19:08:42] [389/459] AUBB
[19:08:43] [390/459] GDBR
[19:08:44] [391/459] PVND
[19:08:45] [392/459] BGRJ
[19:08:46] [393/459] RJMM
[19:08:46] [394/459] MCSA
[19:08:47] [395/459] BODA
[19:08:49] [396/459] JAGG
[19:08:50] [397/459] SCGA
[19:08:51] [398/459] LRCM
[19:08:52] [399/459] CPCN
[19:08:53] [400/459] SSTF
[19:08:53] [401/459] SRXP
[19:08:54] [402/459] CNFX
[19:08:55] [403/459] ANDI
[19:08:56] [404/459] SYEW
[19:08:56] [405/459] RCRE
[19:08:57] [406/459] SCRW
[19:08:59] [407/459] MBKR
[19:09:00] [408/459] ASNT
[19:09:01] [409/459] JTMT
[19:09:01] [410/459] SHAY
[19:09:02] [411/459] VRTH
[19:09:03] [412/459] SPTI
[19:09:04] [413/459] DPTD
[19:09:05] [414/459] TGSN
[19:09:05] [415/459] RCWV
[19:09:06] [416/459] OCUR
[19:09:07] [417/459] KSTC
[19:09:07] [418/459] SANI
[19:09:08] [419/459] MLCA
[19:09:09] [420/459] EGCA
[19:09:10] [421/459] SYSN
[19:09:11] [422/459] PKTA
[19:09:12] [423/459] PRCC
[19:09:12] [424/459] KSTR
[19:09:13] [425/459] SNTP
[19:09:14] [426/459] RCHA
[19:09:15] [427/459] SEEA
[19:09:15] [428/459] ALAT
[19:09:16] [429/459] AATV
[19:09:18] [430/459] RJTE
[19:09:19] [431/459] AAPP
[19:09:20] [432/459] PMMH
[19:09:21] [433/459] INRJ
[19:09:22] [434/459] SARB
[19:09:22] [435/459] PCJL
[19:09:23] [436/459] PFJJ
[19:09:24] [437/459] GRDC
[19:09:25] [438/459] BCBA
[19:09:26] [439/459] VIXL
[19:09:27] [440/459] CSTL
[19:09:28] [441/459] MTDK
[19:09:29] [442/459] TDAC
[19:09:30] [443/459] GTDN
[19:09:31] [444/459] TTDE
[19:09:32] [445/459] ASTS
[19:09:33] [446/459] CPNS
[19:09:33] [447/459] PVVW
[19:09:34] [448/459] USEB
[19:09:35] [449/459] DTYN
[19:09:36] [450/459] PVLE
[19:09:36] [451/459] CIPS
[19:09:37] [452/459] PAEG
[19:09:38] [453/459] PTCW
[19:09:39] [454/459] G3SR
[19:09:39] [455/459] PGND
[19:09:40] [456/459] INVM
[19:09:41] [457/459] SPIA
[19:09:42] [458/459] PCSN
[19:09:43] [459/459] PPGV
[19:09:44] 🧹 Deduping shows
[19:09:44] ✅ DONE | Shows=936 | Movies=56
