[10:07:25] 🚀 SCRIPT STARTED
[10:07:25] [1/296] CDCA
[10:07:25] 🧠 New identity created
[10:07:26] [2/296] MNSR
[10:07:27] [3/296] CSSL
[10:07:28] [4/296] BGGM
[10:07:29] [5/296] MANT
[10:07:29] [6/296] SOOY
[10:07:31] [7/296] VPPK
[10:07:32] [8/296] MYHJ
[10:07:33] [9/296] KSCK
[10:07:33] [10/296] KATK
[10:07:34] [11/296] RTRT
[10:07:35] [12/296] SSTT
[10:07:37] [13/296] SSTV
[10:07:38] [14/296] LACM
[10:07:39] [15/296] SGMG
[10:07:40] [16/296] KACX
[10:07:40] [17/296] GVCP
[10:07:41] [18/296] CSNC
[10:07:42] [19/296] SXCB
[10:07:43] [20/296] BAHS
[10:07:44] [21/296] PCBI
[10:07:45] [22/296] PSSM
[10:07:46] [23/296] RCOK
[10:07:47] [24/296] SCPF
[10:07:49] [25/296] SSAS
[10:07:50] [26/296] EVMM
[10:07:51] [27/296] SYCB
[10:07:52] [28/296] GCKI
[10:07:52] [29/296] IAET
[10:07:53] [30/296] DDTD
[10:07:55] [31/296] GMDH
[10:07:56] [32/296] STLE
[10:07:56] [33/296] JTRA
[10:07:57] [34/296] RPPA
[10:07:58] [35/296] ARUT
[10:07:59] [36/296] JTVM
[10:07:59] [37/296] SWRH
[10:08:00] [38/296] DCPC
[10:08:01] [39/296] RAPR
[10:08:02] [40/296] GCRT
[10:08:03] [41/296] ATUN
[10:08:04] [42/296] LTRM
[10:08:04] [43/296] TASR
[10:08:05] [44/296] RLLC
[10:08:06] [45/296] MABI
[10:08:07] [46/296] SVHB
[10:08:08] [47/296] NVTB
[10:08:09] [48/296] KCKG
[10:08:09] [49/296] SSRN
[10:08:10] [50/296] VDDC
[10:08:11] [51/296] GKTK
[10:08:12] [52/296] YFSN
[10:08:13] [53/296] GCSG
[10:08:14] [54/296] ESSM
[10:08:15] [55/296] KRIH
[10:08:15] [56/296] GCDS
[10:08:17] [57/296] CCSH
[10:08:17] [58/296] ACSK
[10:08:18] [59/296] APRK
[10:08:20] [60/296] ADKM
[10:08:21] [61/296] SRDM
[10:08:22] [62/296] RMOG
[10:08:22] [63/296] SJMY
[10:08:23] [64/296] PGGC
[10:08:24] [65/296] INGM
[10:08:25] [66/296] LSCB
[10:08:25] [67/296] STAD
[10:08:26] [68/296] MCCR
[10:08:27] [69/296] ABCC
[10:08:28] [70/296] RKCC
[10:08:29] [71/296] RTCR
[10:08:30] [72/296] GGBC
[10:08:31] [73/296] GCSD
[10:08:32] [74/296] LPTY
[10:08:33] [75/296] MCFD
[10:08:34] [76/296] HENN
[10:08:35] [77/296] SMKU
[10:08:37] [78/296] TNZC
[10:08:37] [79/296] DRCD
[10:08:38] [80/296] DLCD
[10:08:39] [81/296] RCDA
[10:08:40] [82/296] COSM
[10:08:41] [83/296] MCMJ
[10:08:41] [84/296] CSTR
[10:08:42] [85/296] CVDK
[10:08:43] [86/296] INRR
[10:08:44] [87/296] RJRT
[10:08:45] [88/296] IRMR
[10:08:46] [89/296] SRCF
[10:08:47] [90/296] GRCR
[10:08:48] [91/296] SURC
[10:08:49] [92/296] NMNH
[10:08:51] [93/296] SVBL
[10:08:52] [94/296] KACI
[10:08:52] [95/296] TDGO
[10:08:53] [96/296] KTBR
[10:08:54] [97/296] PMAD
[10:08:55] [98/296] CCPN
[10:08:55] [99/296] SBTK
[10:08:57] [100/296] LMDK
[10:08:58] [101/296] PGDA
[10:08:58] [102/296] SRML
[10:08:59] [103/296] EVCK
[10:09:00] [104/296] RTTK
[10:09:01] [105/296] SRTU
[10:09:02] [106/296] VRSA
[10:09:03] [107/296] VARS
[10:09:03] [108/296] DSCZ
[10:09:04] [109/296] GAGA
[10:09:05] [110/296] SARV
[10:09:06] [111/296] SEEG
[10:09:07] [112/296] GLCA
[10:09:08] [113/296] APAS
[10:09:08] [114/296] VCIA
[10:09:09] [115/296] SJTA
[10:09:10] [116/296] SABM
[10:09:11] [117/296] PPAG
[10:09:12] [118/296] RVCA
[10:09:13] [119/296] CCIA
[10:09:14] [120/296] HTAG
[10:09:14] [121/296] SMBI
[10:09:15] [122/296] MCJR
[10:09:17] [123/296] CCJR
[10:09:17] [124/296] SINF
[10:09:18] [125/296] CPLX
[10:09:19] [126/296] KKTJ
[10:09:20] [127/296] GDBW
[10:09:21] [128/296] CSUB
[10:09:22] [129/296] DABA
[10:09:23] [130/296] TITR
[10:09:24] [131/296] NYCR
[10:09:25] [132/296] RTRY
[10:09:26] [133/296] JTJL
[10:09:27] [134/296] SJCP
[10:09:27] [135/296] KCCA
[10:09:29] [136/296] MLPG
[10:09:30] [137/296] VRCK
[10:09:30] [138/296] SRIN
[10:09:32] [139/296] CXMK
[10:09:33] [140/296] SKAD
[10:09:34] [141/296] AVTR
[10:09:35] [142/296] PTAJ
[10:09:36] [143/296] SCNK
[10:09:37] [144/296] STTI
[10:09:38] [145/296] KACR
[10:09:39] [146/296] SSDX
[10:09:40] [147/296] VRTJ
[10:09:40] [148/296] RAJD
[10:09:41] [149/296] SCIP
[10:09:42] [150/296] RJSL
[10:09:42] [151/296] ARRS
[10:09:43] [152/296] ASMS
[10:09:44] [153/296] RDTS
[10:09:45] [154/296] DVMY
[10:09:45] [155/296] RASA
[10:09:46] [156/296] INOM
[10:09:47] [157/296] SPRS
[10:09:48] [158/296] SGCS
[10:09:49] [159/296] SALM
[10:09:50] [160/296] PKHC
[10:09:51] [161/296] RCSV
[10:09:52] [162/296] CPKC
[10:09:53] [163/296] AACD
[10:09:54] [164/296] GGCV
[10:09:55] [165/296] SMKD
[10:09:56] [166/296] NBCH
[10:09:57] [167/296] AMCB
[10:09:58] [168/296] OPCN
[10:09:59] [169/296] DCIN
[10:10:00] [170/296] INGW
[10:10:00] [171/296] PKKW
[10:10:01] [172/296] FNGW
[10:10:02] [173/296] GCGD
[10:10:03] [174/296] MSTW
[10:10:04] [175/296] KCCG
[10:10:04] [176/296] MRSS
[10:10:05] [177/296] CLCF
[10:10:06] [178/296] EETS
[10:10:06] [179/296] AATR
[10:10:07] [180/296] CMMN
[10:10:08] [181/296] SCCJ
[10:10:09] [182/296] CDTK
[10:10:10] [183/296] AICP
[10:10:10] [184/296] FNBP
[10:10:11] [185/296] CBPB
[10:10:12] [186/296] CPAS
[10:10:13] [187/296] MAPM
[10:10:14] [188/296] PASD
[10:10:15] [189/296] JCMN
[10:10:17] [190/296] MALB
[10:10:18] [191/296] SACG
[10:10:18] [192/296] DDRX
[10:10:19] [193/296] DDXB
[10:10:20] [194/296] RAMC
[10:10:22] [195/296] SANC
[10:10:23] [196/296] BCBP
[10:10:24] [197/296] ALPC
[10:10:25] [198/296] RBAC
[10:10:25] [199/296] RAJL
[10:10:26] [200/296] MPDX
[10:10:27] [201/296] MUSC
[10:10:28] [202/296] VKMK
[10:10:29] [203/296] SKCG
[10:10:30] [204/296] ANCN
[10:10:30] [205/296] MMCJ
[10:10:31] [206/296] DCAK
[10:10:32] [207/296] SCKG
[10:10:33] [208/296] LMCK
[10:10:34] [209/296] CKKX
[10:10:34] [210/296] ANKU
[10:10:35] [211/296] CSMD
[10:10:36] [212/296] MKMP
[10:10:37] [213/296] SVBG
[10:10:38] [214/296] ROOP
[10:10:38] [215/296] GDMT
[10:10:39] [216/296] FPPF
[10:10:40] [217/296] SFUU
[10:10:41] [218/296] ANCB
[10:10:42] [219/296] SMMC
[10:10:43] [220/296] UGKT
[10:10:43] [221/296] JVRM
[10:10:44] [222/296] BATG
[10:10:45] [223/296] RATE
[10:10:46] [224/296] SKME
[10:10:47] [225/296] LMTP
[10:10:47] [226/296] TCBD
[10:10:48] [227/296] ESBD
[10:10:49] [228/296] GDCU
[10:10:50] [229/296] SNKT
[10:10:51] [230/296] SRNK
[10:10:52] [231/296] SMED
[10:10:53] [232/296] CSQS
[10:10:53] [233/296] ALCS
[10:10:55] [234/296] KCKN
[10:10:56] [235/296] VCCL
[10:10:57] [236/296] MCDA
[10:10:57] [237/296] SHMI
[10:10:58] [238/296] SKHA
[10:10:59] [239/296] SVFK
[10:11:00] [240/296] INVB
[10:11:01] [241/296] MELD
[10:11:01] [242/296] JTYS
[10:11:02] [243/296] INCM
[10:11:04] [244/296] MCDV
[10:11:04] [245/296] KSGK
[10:11:06] [246/296] ICMG
[10:11:07] [247/296] CSCV
[10:11:07] [248/296] STMD
[10:11:08] [249/296] STTR
[10:11:09] [250/296] INVC
[10:11:10] [251/296] JTBL
[10:11:11] [252/296] SRVV
[10:11:11] [253/296] MAVC
[10:11:12] [254/296] SRPP
[10:11:13] [255/296] JGDM
[10:11:14] [256/296] MBSJ
[10:11:15] [257/296] SSLL
[10:11:16] [258/296] SLKP
[10:11:17] [259/296] NSRV
[10:11:18] [260/296] UTDV
[10:11:19] [261/296] KICM
[10:11:20] [262/296] KCMD
[10:11:21] [263/296] TTPP
[10:11:22] [264/296] KMPV
[10:11:23] [265/296] SKTV
[10:11:24] [266/296] STCV
[10:11:25] [267/296] SRDA
[10:11:26] [268/296] JTSX
[10:11:26] [269/296] STBV
[10:11:27] [270/296] APVZ
[10:11:28] [271/296] GSTV
[10:11:29] [272/296] NMVS
[10:11:29] [273/296] SKRT
[10:11:30] [274/296] RMDV
[10:11:31] [275/296] RATG
[10:11:32] [276/296] SJYV
[10:11:33] [277/296] NDGP
[10:11:33] [278/296] SNDG
[10:11:34] [279/296] INSR
[10:11:35] [280/296] INSO
[10:11:36] [281/296] CCSI
[10:11:37] [282/296] RASM
[10:11:37] [283/296] NEWC
[10:11:39] [284/296] VSHL
[10:11:40] [285/296] BISW
[10:11:41] [286/296] GCNG
[10:11:42] [287/296] CWSC
[10:11:43] [288/296] SKAN
[10:11:44] [289/296] SEHP
[10:11:44] [290/296] CCOA
[10:11:45] [291/296] MCAJ
[10:11:46] [292/296] ACDE
[10:11:47] [293/296] AACM
[10:11:48] [294/296] JJCK
[10:11:48] [295/296] RCMO
[10:11:50] [296/296] GDAW
[10:11:51] 🧹 Deduping shows
[10:11:51] ✅ DONE | Shows=342 | Movies=34
