[10:07:32] 🚀 SCRIPT STARTED
[10:07:32] [1/324] GCTA
[10:07:32] 🧠 New identity created
[10:07:33] [2/324] TOPN
[10:07:34] [3/324] MCUS
[10:07:35] [4/324] SHRL
[10:07:36] [5/324] UPTP
[10:07:37] [6/324] TMMP
[10:07:37] [7/324] DNRP
[10:07:38] [8/324] SRLT
[10:07:39] [9/324] RCNS
[10:07:40] [10/324] DCBH
[10:07:41] [11/324] NAGJ
[10:07:43] [12/324] JVRC
[10:07:44] [13/324] KRJG
[10:07:45] [14/324] SRTJ
[10:07:47] [15/324] CMXM
[10:07:48] [16/324] STMI
[10:07:49] [17/324] SLST
[10:07:50] [18/324] DTCN
[10:07:51] [19/324] STYN
[10:07:52] [20/324] SZVR
[10:07:52] [21/324] SRKO
[10:07:53] [22/324] JTGT
[10:07:54] [23/324] SVFD
[10:07:55] [24/324] SISD
[10:07:55] [25/324] ABDD
[10:07:57] [26/324] DRCA
[10:07:57] [27/324] AVCS
[10:07:58] [28/324] MVKH
[10:07:59] [29/324] ACPR
[10:08:00] [30/324] STIP
[10:08:01] [31/324] MTRA
[10:08:01] [32/324] RMKH
[10:08:02] [33/324] NKRL
[10:08:03] [34/324] PCWN
[10:08:04] [35/324] BLMT
[10:08:05] [36/324] GDPG
[10:08:06] [37/324] SRMX
[10:08:07] [38/324] JACP
[10:08:07] [39/324] CPSH
[10:08:08] [40/324] MCCD
[10:08:09] [41/324] ECGH
[10:08:10] [42/324] MKCK
[10:08:10] [43/324] SRMM
[10:08:11] [44/324] SKYR
[10:08:12] [45/324] PCKC
[10:08:13] [46/324] JCMA
[10:08:14] [47/324] BSMP
[10:08:15] [48/324] VSPA
[10:08:16] [49/324] DJYA
[10:08:17] [50/324] DIMP
[10:08:18] [51/324] FXDR
[10:08:19] [52/324] SSRC
[10:08:20] [53/324] STHP
[10:08:21] [54/324] CPPD
[10:08:22] [55/324] FCLK
[10:08:23] [56/324] SCPP
[10:08:24] [57/324] DCMJ
[10:08:25] [58/324] RCCR
[10:08:26] [59/324] INMT
[10:08:27] [60/324] LXTK
[10:08:28] [61/324] SRYK
[10:08:29] [62/324] SGDK
[10:08:30] [63/324] PPKA
[10:08:31] [64/324] SPKA
[10:08:32] [65/324] CGHH
[10:08:33] [66/324] DCJN
[10:08:34] [67/324] SRKV
[10:08:35] [68/324] SAJC
[10:08:35] [69/324] SUSR
[10:08:36] [70/324] STYG
[10:08:37] [71/324] NTKP
[10:08:39] [72/324] AKTG
[10:08:40] [73/324] CGCM
[10:08:41] [74/324] TULC
[10:08:42] [75/324] NYYZ
[10:08:43] [76/324] NYBW
[10:08:44] [77/324] MACB
[10:08:44] [78/324] SLVT
[10:08:46] [79/324] SANA
[10:08:47] [80/324] ACMR
[10:08:48] [81/324] CPKN
[10:08:48] [82/324] DLGK
[10:08:49] [83/324] CWCK
[10:08:50] [84/324] FDDH
[10:08:51] [85/324] MMMD
[10:08:52] [86/324] CMEH
[10:08:54] [87/324] GGGV
[10:08:55] [88/324] SPJL
[10:08:55] [89/324] RCCD
[10:08:56] [90/324] STTZ
[10:08:57] [91/324] BTCF
[10:08:58] [92/324] TSTZ
[10:08:59] [93/324] IPMM
[10:09:00] [94/324] PMPW
[10:09:00] [95/324] PCMZ
[10:09:01] [96/324] ESEM
[10:09:02] [97/324] PIPO
[10:09:03] [98/324] MATK
[10:09:03] [99/324] PGHM
[10:09:05] [100/324] CTSR
[10:09:06] [101/324] CYKR
[10:09:07] [102/324] MSCM
[10:09:07] [103/324] RFNP
[10:09:08] [104/324] PDCP
[10:09:09] [105/324] NPSE
[10:09:10] [106/324] MKML
[10:09:11] [107/324] FTDP
[10:09:12] [108/324] MMXA
[10:09:13] [109/324] CEPO
[10:09:14] [110/324] CMVP
[10:09:16] [111/324] SGTH
[10:09:17] [112/324] SAYN
[10:09:17] [113/324] URVS
[10:09:19] [114/324] VJTN
[10:09:20] [115/324] BBYK
[10:09:21] [116/324] SHBO
[10:09:22] [117/324] VCMR
[10:09:23] [118/324] MACT
[10:09:24] [119/324] JMNP
[10:09:25] [120/324] VICS
[10:09:26] [121/324] VCDA
[10:09:26] [122/324] GCMM
[10:09:28] [123/324] INVS
[10:09:28] [124/324] SCGM
[10:09:30] [125/324] PCDA
[10:09:31] [126/324] KDCT
[10:09:32] [127/324] JACS
[10:09:32] [128/324] GMMC
[10:09:33] [129/324] AICM
[10:09:34] [130/324] TJCM
[10:09:35] [131/324] RMTI
[10:09:36] [132/324] SHAC
[10:09:36] [133/324] APJC
[10:09:37] [134/324] GCTG
[10:09:39] [135/324] SSMC
[10:09:39] [136/324] THRM
[10:09:40] [137/324] RBCT
[10:09:41] [138/324] DIKT
[10:09:42] [139/324] MIDL
[10:09:43] [140/324] VCSN
[10:09:44] [141/324] SKTG
[10:09:46] [142/324] SMWC
[10:09:47] [143/324] MNKH
[10:09:47] [144/324] PIAT
[10:09:48] [145/324] LTTP
[10:09:49] [146/324] PTPU
[10:09:50] [147/324] ACMG
[10:09:51] [148/324] SHMM
[10:09:51] [149/324] MCMN
[10:09:52] [150/324] GLDC
[10:09:53] [151/324] HOUT
[10:09:53] [152/324] SVRP
[10:09:54] [153/324] PVDN
[10:09:55] [154/324] SCPY
[10:09:56] [155/324] DTPY
[10:09:57] [156/324] GKCS
[10:09:58] [157/324] NCAM
[10:09:59] [158/324] BSRM
[10:10:00] [159/324] RCLC
[10:10:01] [160/324] SKKD
[10:10:02] [161/324] ACHU
[10:10:03] [162/324] RSCF
[10:10:04] [163/324] IMSH
[10:10:05] [164/324] MACX
[10:10:05] [165/324] HMMW
[10:10:06] [166/324] JTCP
[10:10:07] [167/324] SREN
[10:10:08] [168/324] PJRR
[10:10:09] [169/324] INAC
[10:10:10] [170/324] BMCA
[10:10:11] [171/324] SHCB
[10:10:12] [172/324] GABA
[10:10:13] [173/324] SBCT
[10:10:14] [174/324] GCMA
[10:10:15] [175/324] MYTK
[10:10:16] [176/324] INZS
[10:10:17] [177/324] RMIK
[10:10:18] [178/324] NYCH
[10:10:19] [179/324] RAVE
[10:10:20] [180/324] PSXM
[10:10:21] [181/324] MCGP
[10:10:22] [182/324] PDDK
[10:10:23] [183/324] SPCK
[10:10:23] [184/324] MCRL
[10:10:24] [185/324] MHKT
[10:10:25] [186/324] ANRR
[10:10:26] [187/324] SAPK
[10:10:27] [188/324] NCUK
[10:10:28] [189/324] JUGA
[10:10:29] [190/324] DBSC
[10:10:30] [191/324] LALK
[10:10:31] [192/324] GUCK
[10:10:32] [193/324] STSG
[10:10:33] [194/324] PPPZ
[10:10:34] [195/324] CNCY
[10:10:34] [196/324] MTAR
[10:10:35] [197/324] VNKD
[10:10:36] [198/324] KMAJ
[10:10:36] [199/324] ACXK
[10:10:38] [200/324] UTKC
[10:10:39] [201/324] PBLK
[10:10:39] [202/324] ACBX
[10:10:40] [203/324] PTGM
[10:10:41] [204/324] BTDA
[10:10:42] [205/324] PJMB
[10:10:42] [206/324] TPDA
[10:10:43] [207/324] AMOE
[10:10:44] [208/324] PRHT
[10:10:45] [209/324] PRTA
[10:10:46] [210/324] STAM
[10:10:47] [211/324] MSAA
[10:10:48] [212/324] SDLU
[10:10:49] [213/324] RCHH
[10:10:50] [214/324] KANT
[10:10:51] [215/324] FCRT
[10:10:52] [216/324] DNKM
[10:10:52] [217/324] RYCP
[10:10:53] [218/324] MYRP
[10:10:54] [219/324] PPAK
[10:10:54] [220/324] NVPK
[10:10:55] [221/324] PRMC
[10:10:56] [222/324] JBCS
[10:10:57] [223/324] GXCK
[10:10:58] [224/324] USKO
[10:10:59] [225/324] GTEM
[10:11:00] [226/324] SMBU
[10:11:01] [227/324] VETC
[10:11:01] [228/324] LCDA
[10:11:02] [229/324] MTVT
[10:11:03] [230/324] PYCP
[10:11:04] [231/324] PNSC
[10:11:05] [232/324] PPCC
[10:11:06] [233/324] TGRT
[10:11:06] [234/324] JYOT
[10:11:07] [235/324] SRCZ
[10:11:08] [236/324] SJTE
[10:11:09] [237/324] DESC
[10:11:10] [238/324] JHVN
[10:11:11] [239/324] IPSG
[10:11:12] [240/324] IPCM
[10:11:13] [241/324] PDRS
[10:11:14] [242/324] ANCV
[10:11:14] [243/324] CMVV
[10:11:16] [244/324] SHYP
[10:11:16] [245/324] DNCS
[10:11:17] [246/324] GAJK
[10:11:18] [247/324] AKTN
[10:11:19] [248/324] KAYA
[10:11:20] [249/324] SBRC
[10:11:20] [250/324] CHTP
[10:11:21] [251/324] SHRT
[10:11:22] [252/324] BCKU
[10:11:23] [253/324] FCPS
[10:11:24] [254/324] ARDD
[10:11:25] [255/324] CPCM
[10:11:25] [256/324] CGSM
[10:11:26] [257/324] PSMP
[10:11:27] [258/324] SDAL
[10:11:28] [259/324] RTNB
[10:11:29] [260/324] LMCR
[10:11:29] [261/324] CIMA
[10:11:30] [262/324] RNAS
[10:11:31] [263/324] LITH
[10:11:32] [264/324] PBOX
[10:11:33] [265/324] FRTS
[10:11:34] [266/324] RKIC
[10:11:35] [267/324] PTAI
[10:11:35] [268/324] GCIC
[10:11:36] [269/324] FNAS
[10:11:37] [270/324] SCAR
[10:11:38] [271/324] MTCA
[10:11:39] [272/324] SCTS
[10:11:40] [273/324] SYCS
[10:11:41] [274/324] RDMS
[10:11:41] [275/324] KAMP
[10:11:42] [276/324] ERSD
[10:11:43] [277/324] MJMJ
[10:11:44] [278/324] SRCJ
[10:11:44] [279/324] SCXE
[10:11:45] [280/324] SVFR
[10:11:46] [281/324] BHCS
[10:11:47] [282/324] IMCC
[10:11:48] [283/324] PCBO
[10:11:49] [284/324] PRVN
[10:11:49] [285/324] AUPM
[10:11:50] [286/324] INBW
[10:11:51] [287/324] SVCW
[10:11:52] [288/324] RKCF
[10:11:53] [289/324] UVBH
[10:11:54] [290/324] DNCY
[10:11:55] [291/324] ABCN
[10:11:56] [292/324] PRUR
[10:11:57] [293/324] PFMR
[10:11:58] [294/324] RKCN
[10:11:58] [295/324] CFEA
[10:11:59] [296/324] SDBG
[10:12:00] [297/324] SNAR
[10:12:00] [298/324] YISI
[10:12:02] [299/324] JCFF
[10:12:03] [300/324] VTRK
[10:12:04] [301/324] PCLZ
[10:12:05] [302/324] DIMY
[10:12:06] [303/324] BBTS
[10:12:07] [304/324] GATH
[10:12:07] [305/324] GTMN
[10:12:08] [306/324] VTMH
[10:12:09] [307/324] CCKP
[10:12:10] [308/324] GPKA
[10:12:11] [309/324] MHCL
[10:12:12] [310/324] ATCL
[10:12:13] [311/324] SBCK
[10:12:14] [312/324] AMMR
[10:12:15] [313/324] MADC
[10:12:15] [314/324] TMMA
[10:12:16] [315/324] CACC
[10:12:17] [316/324] CHAL
[10:12:18] [317/324] DURG
[10:12:19] [318/324] GMKU
[10:12:20] [319/324] GECA
[10:12:21] [320/324] KYRR
[10:12:22] [321/324] KSDE
[10:12:23] [322/324] LMCI
[10:12:24] [323/324] NKCP
[10:12:25] [324/324] BGTC
[10:12:26] 🧹 Deduping shows
[10:12:26] ✅ DONE | Shows=381 | Movies=34
[16:48:02] 🚀 SCRIPT STARTED
[16:48:02] [1/324] GCTA
[16:48:02] 🧠 New identity created
[16:48:03] [2/324] TOPN
[16:48:05] [3/324] MCUS
[16:48:06] [4/324] SHRL
[16:48:07] [5/324] UPTP
[16:48:09] [6/324] TMMP
[16:48:10] [7/324] DNRP
[16:48:12] [8/324] SRLT
[16:48:13] [9/324] RCNS
[16:48:15] [10/324] DCBH
[16:48:16] [11/324] NAGJ
[16:48:17] [12/324] JVRC
[16:48:18] [13/324] KRJG
[16:48:19] [14/324] SRTJ
[16:48:20] [15/324] CMXM
[16:48:21] [16/324] STMI
[16:48:22] [17/324] SLST
[16:48:24] [18/324] DTCN
[16:48:25] [19/324] STYN
[16:48:27] [20/324] SZVR
[16:48:28] [21/324] SRKO
[16:48:30] [22/324] JTGT
[16:48:32] [23/324] SVFD
[16:48:33] [24/324] SISD
[16:48:34] [25/324] ABDD
[16:48:35] [26/324] DRCA
[16:48:37] [27/324] AVCS
[16:48:38] [28/324] MVKH
[16:48:38] [29/324] ACPR
[16:48:40] [30/324] STIP
[16:48:41] [31/324] MTRA
[16:48:42] [32/324] RMKH
[16:48:44] [33/324] NKRL
[16:48:45] [34/324] PCWN
[16:48:46] [35/324] BLMT
[16:48:47] [36/324] GDPG
[16:48:48] [37/324] SRMX
[16:48:49] [38/324] JACP
[16:48:51] [39/324] CPSH
[16:48:52] [40/324] MCCD
[16:48:54] [41/324] ECGH
[16:48:55] [42/324] MKCK
[16:48:57] [43/324] SRMM
[16:48:58] [44/324] SKYR
[16:48:58] [45/324] PCKC
[16:49:00] [46/324] JCMA
[16:49:02] [47/324] BSMP
[16:49:02] [48/324] VSPA
[16:49:03] [49/324] DJYA
[16:49:04] [50/324] DIMP
[16:49:06] [51/324] FXDR
[16:49:08] [52/324] SSRC
[16:49:10] [53/324] STHP
[16:49:10] [54/324] CPPD
[16:49:11] [55/324] FCLK
[16:49:13] [56/324] SCPP
[16:49:14] [57/324] DCMJ
[16:49:15] [58/324] RCCR
[16:49:17] [59/324] INMT
[16:49:19] [60/324] LXTK
[16:49:20] [61/324] SRYK
[16:49:21] [62/324] SGDK
[16:49:22] [63/324] PPKA
[16:49:23] [64/324] SPKA
[16:49:25] [65/324] CGHH
[16:49:26] [66/324] DCJN
[16:49:27] [67/324] SRKV
[16:49:28] [68/324] SAJC
[16:49:29] [69/324] SUSR
[16:49:30] [70/324] STYG
[16:49:31] [71/324] NTKP
[16:49:32] [72/324] AKTG
[16:49:32] [73/324] CGCM
[16:49:33] [74/324] TULC
[16:49:34] [75/324] NYYZ
[16:49:36] [76/324] NYBW
[16:49:37] [77/324] MACB
[16:49:39] [78/324] SLVT
[16:49:40] [79/324] SANA
[16:49:41] [80/324] ACMR
[16:49:43] [81/324] CPKN
[16:49:45] [82/324] DLGK
[16:49:46] [83/324] CWCK
[16:49:47] [84/324] FDDH
[16:49:49] [85/324] MMMD
[16:49:50] [86/324] CMEH
[16:49:51] [87/324] GGGV
[16:49:52] [88/324] SPJL
[16:49:53] [89/324] RCCD
[16:49:54] [90/324] STTZ
[16:49:55] [91/324] BTCF
[16:49:56] [92/324] TSTZ
[16:49:57] [93/324] IPMM
[16:49:58] [94/324] PMPW
[16:49:59] [95/324] PCMZ
[16:50:01] [96/324] ESEM
[16:50:02] [97/324] PIPO
[16:50:03] [98/324] MATK
[16:50:04] [99/324] PGHM
[16:50:04] [100/324] CTSR
[16:50:05] [101/324] CYKR
[16:50:06] [102/324] MSCM
[16:50:07] [103/324] RFNP
[16:50:09] [104/324] PDCP
[16:50:10] [105/324] NPSE
[16:50:12] [106/324] MKML
[16:50:13] [107/324] FTDP
[16:50:14] [108/324] MMXA
[16:50:15] [109/324] CEPO
[16:50:17] [110/324] CMVP
[16:50:17] [111/324] SGTH
[16:50:18] [112/324] SAYN
[16:50:19] [113/324] URVS
[16:50:21] [114/324] VJTN
[16:50:22] [115/324] BBYK
[16:50:23] [116/324] SHBO
[16:50:25] [117/324] VCMR
[16:50:26] [118/324] MACT
[16:50:27] [119/324] JMNP
[16:50:29] [120/324] VICS
[16:50:30] [121/324] VCDA
[16:50:32] [122/324] GCMM
[16:50:33] [123/324] INVS
[16:50:35] [124/324] SCGM
[16:50:36] [125/324] PCDA
[16:50:37] [126/324] KDCT
[16:50:38] [127/324] JACS
[16:50:39] [128/324] GMMC
[16:50:40] [129/324] AICM
[16:50:41] [130/324] TJCM
[16:50:42] [131/324] RMTI
[16:50:44] [132/324] SHAC
[16:50:44] [133/324] APJC
[16:50:45] [134/324] GCTG
[16:50:46] [135/324] SSMC
[16:50:47] [136/324] THRM
[16:50:48] [137/324] RBCT
[16:50:49] [138/324] DIKT
[16:50:49] [139/324] MIDL
[16:50:51] [140/324] VCSN
[16:50:53] [141/324] SKTG
[16:50:54] [142/324] SMWC
[16:50:55] [143/324] MNKH
[16:50:56] [144/324] PIAT
[16:50:57] [145/324] LTTP
[16:50:58] [146/324] PTPU
[16:51:00] [147/324] ACMG
[16:51:01] [148/324] SHMM
[16:51:03] [149/324] MCMN
[16:51:04] [150/324] GLDC
[16:51:05] [151/324] HOUT
[16:51:06] [152/324] SVRP
[16:51:08] [153/324] PVDN
[16:51:08] [154/324] SCPY
[16:51:10] [155/324] DTPY
[16:51:12] [156/324] GKCS
[16:51:12] [157/324] NCAM
[16:51:14] [158/324] BSRM
[16:51:16] [159/324] RCLC
[16:51:16] [160/324] SKKD
[16:51:17] [161/324] ACHU
[16:51:18] [162/324] RSCF
[16:51:19] [163/324] IMSH
[16:51:20] [164/324] MACX
[16:51:21] [165/324] HMMW
[16:51:22] [166/324] JTCP
[16:51:24] [167/324] SREN
[16:51:25] [168/324] PJRR
[16:51:27] [169/324] INAC
[16:51:28] [170/324] BMCA
[16:51:29] [171/324] SHCB
[16:51:30] [172/324] GABA
[16:51:32] [173/324] SBCT
[16:51:33] [174/324] GCMA
[16:51:35] [175/324] MYTK
[16:51:35] [176/324] INZS
[16:51:37] [177/324] RMIK
[16:51:38] [178/324] NYCH
[16:51:39] [179/324] RAVE
[16:51:40] [180/324] PSXM
[16:51:40] [181/324] MCGP
[16:51:41] [182/324] PDDK
[16:51:43] [183/324] SPCK
[16:51:44] [184/324] MCRL
[16:51:45] [185/324] MHKT
[16:51:47] [186/324] ANRR
[16:51:48] [187/324] SAPK
[16:51:50] [188/324] NCUK
[16:51:52] [189/324] JUGA
[16:51:53] [190/324] DBSC
[16:51:54] [191/324] LALK
[16:51:55] [192/324] GUCK
[16:51:57] [193/324] STSG
[16:51:58] [194/324] PPPZ
[16:51:59] [195/324] CNCY
[16:52:01] [196/324] MTAR
[16:52:02] [197/324] VNKD
[16:52:03] [198/324] KMAJ
[16:52:04] [199/324] ACXK
[16:52:04] [200/324] UTKC
[16:52:05] [201/324] PBLK
[16:52:06] [202/324] ACBX
[16:52:08] [203/324] PTGM
[16:52:09] [204/324] BTDA
[16:52:09] [205/324] PJMB
[16:52:11] [206/324] TPDA
[16:52:13] [207/324] AMOE
[16:52:14] [208/324] PRHT
[16:52:16] [209/324] PRTA
[16:52:17] [210/324] STAM
[16:52:18] [211/324] MSAA
[16:52:20] [212/324] SDLU
[16:52:20] [213/324] RCHH
[16:52:21] [214/324] KANT
[16:52:22] [215/324] FCRT
[16:52:24] [216/324] DNKM
[16:52:25] [217/324] RYCP
[16:52:26] [218/324] MYRP
[16:52:27] [219/324] PPAK
[16:52:28] [220/324] NVPK
[16:52:30] [221/324] PRMC
[16:52:31] [222/324] JBCS
[16:52:33] [223/324] GXCK
[16:52:34] [224/324] USKO
[16:52:35] [225/324] GTEM
[16:52:36] [226/324] SMBU
[16:52:38] [227/324] VETC
[16:52:39] [228/324] LCDA
[16:52:40] [229/324] MTVT
[16:52:41] [230/324] PYCP
[16:52:43] [231/324] PNSC
[16:52:44] [232/324] PPCC
[16:52:46] [233/324] TGRT
[16:52:47] [234/324] JYOT
[16:52:48] [235/324] SRCZ
[16:52:50] [236/324] SJTE
[16:52:51] [237/324] DESC
[16:52:53] [238/324] JHVN
[16:52:54] [239/324] IPSG
[16:52:56] [240/324] IPCM
[16:52:58] [241/324] PDRS
[16:52:59] [242/324] ANCV
[16:53:00] [243/324] CMVV
[16:53:01] [244/324] SHYP
[16:53:02] [245/324] DNCS
[16:53:04] [246/324] GAJK
[16:53:06] [247/324] AKTN
[16:53:07] [248/324] KAYA
[16:53:08] [249/324] SBRC
[16:53:09] [250/324] CHTP
[16:53:10] [251/324] SHRT
[16:53:12] [252/324] BCKU
[16:53:13] [253/324] FCPS
[16:53:14] [254/324] ARDD
[16:53:16] [255/324] CPCM
[16:53:17] [256/324] CGSM
[16:53:18] [257/324] PSMP
[16:53:18] [258/324] SDAL
[16:53:19] [259/324] RTNB
[16:53:20] [260/324] LMCR
[16:53:22] [261/324] CIMA
[16:53:23] [262/324] RNAS
[16:53:24] [263/324] LITH
[16:53:26] [264/324] PBOX
[16:53:27] [265/324] FRTS
[16:53:28] [266/324] RKIC
[16:53:29] [267/324] PTAI
[16:53:31] [268/324] GCIC
[16:53:32] [269/324] FNAS
[16:53:33] [270/324] SCAR
[16:53:34] [271/324] MTCA
[16:53:35] [272/324] SCTS
[16:53:36] [273/324] SYCS
[16:53:38] [274/324] RDMS
[16:53:39] [275/324] KAMP
[16:53:40] [276/324] ERSD
[16:53:41] [277/324] MJMJ
[16:53:42] [278/324] SRCJ
[16:53:44] [279/324] SCXE
[16:53:46] [280/324] SVFR
[16:53:47] [281/324] BHCS
[16:53:48] [282/324] IMCC
[16:53:50] [283/324] PCBO
[16:53:51] [284/324] PRVN
[16:53:52] [285/324] AUPM
[16:53:53] [286/324] INBW
[16:53:54] [287/324] SVCW
[16:53:55] [288/324] RKCF
[16:53:56] [289/324] UVBH
[16:53:57] [290/324] DNCY
[16:53:58] [291/324] ABCN
[16:54:00] [292/324] PRUR
[16:54:01] [293/324] PFMR
[16:54:02] [294/324] RKCN
[16:54:03] [295/324] CFEA
[16:54:04] [296/324] SDBG
[16:54:05] [297/324] SNAR
[16:54:06] [298/324] YISI
[16:54:08] [299/324] JCFF
[16:54:09] [300/324] VTRK
[16:54:10] [301/324] PCLZ
[16:54:12] [302/324] DIMY
[16:54:13] [303/324] BBTS
[16:54:14] [304/324] GATH
[16:54:15] [305/324] GTMN
[16:54:16] [306/324] VTMH
[16:54:17] [307/324] CCKP
[16:54:17] [308/324] GPKA
[16:54:19] [309/324] MHCL
[16:54:20] [310/324] ATCL
[16:54:21] [311/324] SBCK
[16:54:23] [312/324] AMMR
[16:54:24] [313/324] MADC
[16:54:26] [314/324] TMMA
[16:54:28] [315/324] CACC
[16:54:30] [316/324] CHAL
[16:54:30] [317/324] DURG
[16:54:31] [318/324] GMKU
[16:54:32] [319/324] GECA
[16:54:33] [320/324] KYRR
[16:54:34] [321/324] KSDE
[16:54:35] [322/324] LMCI
[16:54:36] [323/324] NKCP
[16:54:37] [324/324] BGTC
[16:54:38] 🧹 Deduping shows
[16:54:38] ✅ DONE | Shows=444 | Movies=34
[04:49:23] 🚀 SCRIPT STARTED
[04:49:23] [1/324] GCTA
[04:49:23] 🧠 New identity created
[04:49:24] [2/324] TOPN
[04:49:25] [3/324] MCUS
[04:49:26] [4/324] SHRL
[04:49:27] [5/324] UPTP
[04:49:29] [6/324] TMMP
[04:49:30] [7/324] DNRP
[04:49:30] [8/324] SRLT
[04:49:31] [9/324] RCNS
[04:49:32] [10/324] DCBH
[04:49:34] [11/324] NAGJ
[04:49:34] [12/324] JVRC
[04:49:36] [13/324] KRJG
[04:49:36] [14/324] SRTJ
[04:49:37] [15/324] CMXM
[04:49:38] [16/324] STMI
[04:49:39] [17/324] SLST
[04:49:40] [18/324] DTCN
[04:49:41] [19/324] STYN
[04:49:42] [20/324] SZVR
[04:49:43] [21/324] SRKO
[04:49:44] [22/324] JTGT
[04:49:45] [23/324] SVFD
[04:49:46] [24/324] SISD
[04:49:46] [25/324] ABDD
[04:49:47] [26/324] DRCA
[04:49:48] [27/324] AVCS
[04:49:49] [28/324] MVKH
[04:49:50] [29/324] ACPR
[04:49:52] [30/324] STIP
[04:49:53] [31/324] MTRA
[04:49:53] [32/324] RMKH
[04:49:54] [33/324] NKRL
[04:49:55] [34/324] PCWN
[04:49:56] [35/324] BLMT
[04:49:57] [36/324] GDPG
[04:49:58] [37/324] SRMX
[04:49:58] [38/324] JACP
[04:49:59] [39/324] CPSH
[04:50:00] [40/324] MCCD
[04:50:01] [41/324] ECGH
[04:50:02] [42/324] MKCK
[04:50:03] [43/324] SRMM
[04:50:04] [44/324] SKYR
[04:50:05] [45/324] PCKC
[04:50:06] [46/324] JCMA
[04:50:07] [47/324] BSMP
[04:50:08] [48/324] VSPA
[04:50:08] [49/324] DJYA
[04:50:09] [50/324] DIMP
[04:50:10] [51/324] FXDR
[04:50:12] [52/324] SSRC
[04:50:12] [53/324] STHP
[04:50:13] [54/324] CPPD
[04:50:14] [55/324] FCLK
[04:50:15] [56/324] SCPP
[04:50:16] [57/324] DCMJ
[04:50:16] [58/324] RCCR
[04:50:17] [59/324] INMT
[04:50:18] [60/324] LXTK
[04:50:19] [61/324] SRYK
[04:50:20] [62/324] SGDK
[04:50:21] [63/324] PPKA
[04:50:22] [64/324] SPKA
[04:50:23] [65/324] CGHH
[04:50:24] [66/324] DCJN
[04:50:24] [67/324] SRKV
[04:50:25] [68/324] SAJC
[04:50:26] [69/324] SUSR
[04:50:27] [70/324] STYG
[04:50:28] [71/324] NTKP
[04:50:29] [72/324] AKTG
[04:50:30] [73/324] CGCM
[04:50:30] [74/324] TULC
[04:50:31] [75/324] NYYZ
[04:50:33] [76/324] NYBW
[04:50:34] [77/324] MACB
[04:50:34] [78/324] SLVT
[04:50:35] [79/324] SANA
[04:50:36] [80/324] ACMR
[04:50:37] [81/324] CPKN
[04:50:38] [82/324] DLGK
[04:50:39] [83/324] CWCK
[04:50:40] [84/324] FDDH
[04:50:41] [85/324] MMMD
[04:50:42] [86/324] CMEH
[04:50:42] [87/324] GGGV
[04:50:43] [88/324] SPJL
[04:50:44] [89/324] RCCD
[04:50:45] [90/324] STTZ
[04:50:46] [91/324] BTCF
[04:50:47] [92/324] TSTZ
[04:50:48] [93/324] IPMM
[04:50:49] [94/324] PMPW
[04:50:50] [95/324] PCMZ
[04:50:51] [96/324] ESEM
[04:50:51] [97/324] PIPO
[04:50:52] [98/324] MATK
[04:50:53] [99/324] PGHM
[04:50:54] [100/324] CTSR
[04:50:55] [101/324] CYKR
[04:50:56] [102/324] MSCM
[04:50:57] [103/324] RFNP
[04:50:58] [104/324] PDCP
[04:50:59] [105/324] NPSE
[04:51:00] [106/324] MKML
[04:51:00] [107/324] FTDP
[04:51:01] [108/324] MMXA
[04:51:02] [109/324] CEPO
[04:51:03] [110/324] CMVP
[04:51:04] [111/324] SGTH
[04:51:04] [112/324] SAYN
[04:51:05] [113/324] URVS
[04:51:06] [114/324] VJTN
[04:51:07] [115/324] BBYK
[04:51:08] [116/324] SHBO
[04:51:10] [117/324] VCMR
[04:51:10] [118/324] MACT
[04:51:11] [119/324] JMNP
[04:51:12] [120/324] VICS
[04:51:13] [121/324] VCDA
[04:51:14] [122/324] GCMM
[04:51:14] [123/324] INVS
[04:51:15] [124/324] SCGM
[04:51:17] [125/324] PCDA
[04:51:17] [126/324] KDCT
[04:51:18] [127/324] JACS
[04:51:19] [128/324] GMMC
[04:51:21] [129/324] AICM
[04:51:22] [130/324] TJCM
[04:51:23] [131/324] RMTI
[04:51:24] [132/324] SHAC
[04:51:25] [133/324] APJC
[04:51:25] [134/324] GCTG
[04:51:26] [135/324] SSMC
[04:51:27] [136/324] THRM
[04:51:28] [137/324] RBCT
[04:51:29] [138/324] DIKT
[04:51:30] [139/324] MIDL
[04:51:31] [140/324] VCSN
[04:51:32] [141/324] SKTG
[04:51:32] [142/324] SMWC
[04:51:33] [143/324] MNKH
[04:51:34] [144/324] PIAT
[04:51:35] [145/324] LTTP
[04:51:36] [146/324] PTPU
[04:51:37] [147/324] ACMG
[04:51:38] [148/324] SHMM
[04:51:39] [149/324] MCMN
[04:51:40] [150/324] GLDC
[04:51:40] [151/324] HOUT
[04:51:41] [152/324] SVRP
[04:51:42] [153/324] PVDN
[04:51:43] [154/324] SCPY
[04:51:44] [155/324] DTPY
[04:51:45] [156/324] GKCS
[04:51:46] [157/324] NCAM
[04:51:46] [158/324] BSRM
[04:51:47] [159/324] RCLC
[04:51:48] [160/324] SKKD
[04:51:49] [161/324] ACHU
[04:51:50] [162/324] RSCF
[04:51:51] [163/324] IMSH
[04:51:52] [164/324] MACX
[04:51:53] [165/324] HMMW
[04:51:54] [166/324] JTCP
[04:51:54] [167/324] SREN
[04:51:55] [168/324] PJRR
[04:51:56] [169/324] INAC
[04:51:57] [170/324] BMCA
[04:51:58] [171/324] SHCB
[04:51:58] [172/324] GABA
[04:52:00] [173/324] SBCT
[04:52:01] [174/324] GCMA
[04:52:01] [175/324] MYTK
[04:52:02] [176/324] INZS
[04:52:03] [177/324] RMIK
[04:52:04] [178/324] NYCH
[04:52:05] [179/324] RAVE
[04:52:06] [180/324] PSXM
[04:52:07] [181/324] MCGP
[04:52:08] [182/324] PDDK
[04:52:09] [183/324] SPCK
[04:52:10] [184/324] MCRL
[04:52:10] [185/324] MHKT
[04:52:11] [186/324] ANRR
[04:52:12] [187/324] SAPK
[04:52:13] [188/324] NCUK
[04:52:14] [189/324] JUGA
[04:52:15] [190/324] DBSC
[04:52:16] [191/324] LALK
[04:52:16] [192/324] GUCK
[04:52:17] [193/324] STSG
[04:52:18] [194/324] PPPZ
[04:52:19] [195/324] CNCY
[04:52:20] [196/324] MTAR
[04:52:21] [197/324] VNKD
[04:52:22] [198/324] KMAJ
[04:52:23] [199/324] ACXK
[04:52:24] [200/324] UTKC
[04:52:25] [201/324] PBLK
[04:52:26] [202/324] ACBX
[04:52:27] [203/324] PTGM
[04:52:28] [204/324] BTDA
[04:52:29] [205/324] PJMB
[04:52:30] [206/324] TPDA
[04:52:30] [207/324] AMOE
[04:52:31] [208/324] PRHT
[04:52:32] [209/324] PRTA
[04:52:33] [210/324] STAM
[04:52:34] [211/324] MSAA
[04:52:35] [212/324] SDLU
[04:52:36] [213/324] RCHH
[04:52:37] [214/324] KANT
[04:52:38] [215/324] FCRT
[04:52:38] [216/324] DNKM
[04:52:39] [217/324] RYCP
[04:52:40] [218/324] MYRP
[04:52:41] [219/324] PPAK
[04:52:42] [220/324] NVPK
[04:52:43] [221/324] PRMC
[04:52:43] [222/324] JBCS
[04:52:44] [223/324] GXCK
[04:52:45] [224/324] USKO
[04:52:46] [225/324] GTEM
[04:52:47] [226/324] SMBU
[04:52:48] [227/324] VETC
[04:52:49] [228/324] LCDA
[04:52:50] [229/324] MTVT
[04:52:51] [230/324] PYCP
[04:52:52] [231/324] PNSC
[04:52:53] [232/324] PPCC
[04:52:55] [233/324] TGRT
[04:52:56] [234/324] JYOT
[04:52:57] [235/324] SRCZ
[04:52:57] [236/324] SJTE
[04:52:58] [237/324] DESC
[04:53:00] [238/324] JHVN
[04:53:01] [239/324] IPSG
[04:53:02] [240/324] IPCM
[04:53:03] [241/324] PDRS
[04:53:04] [242/324] ANCV
[04:53:05] [243/324] CMVV
[04:53:06] [244/324] SHYP
[04:53:06] [245/324] DNCS
[04:53:07] [246/324] GAJK
[04:53:08] [247/324] AKTN
[04:53:09] [248/324] KAYA
[04:53:10] [249/324] SBRC
[04:53:10] [250/324] CHTP
[04:53:12] [251/324] SHRT
[04:53:12] [252/324] BCKU
[04:53:13] [253/324] FCPS
[04:53:14] [254/324] ARDD
[04:53:15] [255/324] CPCM
[04:53:16] [256/324] CGSM
[04:53:16] [257/324] PSMP
[04:53:17] [258/324] SDAL
[04:53:18] [259/324] RTNB
[04:53:19] [260/324] LMCR
[04:53:20] [261/324] CIMA
[04:53:21] [262/324] RNAS
[04:53:21] [263/324] LITH
[04:53:22] [264/324] PBOX
[04:53:23] [265/324] FRTS
[04:53:24] [266/324] RKIC
[04:53:25] [267/324] PTAI
[04:53:25] [268/324] GCIC
[04:53:26] [269/324] FNAS
[04:53:27] [270/324] SCAR
[04:53:28] [271/324] MTCA
[04:53:29] [272/324] SCTS
[04:53:30] [273/324] SYCS
[04:53:31] [274/324] RDMS
[04:53:33] [275/324] KAMP
[04:53:33] [276/324] ERSD
[04:53:34] [277/324] MJMJ
[04:53:35] [278/324] SRCJ
[04:53:36] [279/324] SCXE
[04:53:37] [280/324] SVFR
[04:53:38] [281/324] BHCS
[04:53:39] [282/324] IMCC
[04:53:39] [283/324] PCBO
[04:53:40] [284/324] PRVN
[04:53:42] [285/324] AUPM
[04:53:43] [286/324] INBW
[04:53:44] [287/324] SVCW
[04:53:46] [288/324] RKCF
[04:53:46] [289/324] UVBH
[04:53:48] [290/324] DNCY
[04:53:48] [291/324] ABCN
[04:53:49] [292/324] PRUR
[04:53:50] [293/324] PFMR
[04:53:51] [294/324] RKCN
[04:53:53] [295/324] CFEA
[04:53:54] [296/324] SDBG
[04:53:54] [297/324] SNAR
[04:53:56] [298/324] YISI
[04:53:57] [299/324] JCFF
[04:53:58] [300/324] VTRK
[04:53:59] [301/324] PCLZ
[04:54:00] [302/324] DIMY
[04:54:00] [303/324] BBTS
[04:54:01] [304/324] GATH
[04:54:02] [305/324] GTMN
[04:54:03] [306/324] VTMH
[04:54:04] [307/324] CCKP
[04:54:05] [308/324] GPKA
[04:54:06] [309/324] MHCL
[04:54:07] [310/324] ATCL
[04:54:08] [311/324] SBCK
[04:54:09] [312/324] AMMR
[04:54:10] [313/324] MADC
[04:54:11] [314/324] TMMA
[04:54:12] [315/324] CACC
[04:54:13] [316/324] CHAL
[04:54:13] [317/324] DURG
[04:54:14] [318/324] GMKU
[04:54:15] [319/324] GECA
[04:54:16] [320/324] KYRR
[04:54:17] [321/324] KSDE
[04:54:18] [322/324] LMCI
[04:54:19] [323/324] NKCP
[04:54:20] [324/324] BGTC
[04:54:21] 🧹 Deduping shows
[04:54:21] ✅ DONE | Shows=530 | Movies=39
[12:01:55] 🚀 SCRIPT STARTED
[12:01:55] [1/324] GCTA
[12:01:55] 🧠 New identity created
[12:01:56] [2/324] TOPN
[12:01:57] [3/324] MCUS
[12:01:58] [4/324] SHRL
[12:01:59] [5/324] UPTP
[12:02:00] [6/324] TMMP
[12:02:00] [7/324] DNRP
[12:02:01] [8/324] SRLT
[12:02:02] [9/324] RCNS
[12:02:03] [10/324] DCBH
[12:02:04] [11/324] NAGJ
[12:02:05] [12/324] JVRC
[12:02:06] [13/324] KRJG
[12:02:07] [14/324] SRTJ
[12:02:08] [15/324] CMXM
[12:02:09] [16/324] STMI
[12:02:10] [17/324] SLST
[12:02:10] [18/324] DTCN
[12:02:11] [19/324] STYN
[12:02:12] [20/324] SZVR
[12:02:13] [21/324] SRKO
[12:02:13] [22/324] JTGT
[12:02:14] [23/324] SVFD
[12:02:15] [24/324] SISD
[12:02:16] [25/324] ABDD
[12:02:17] [26/324] DRCA
[12:02:17] [27/324] AVCS
[12:02:18] [28/324] MVKH
[12:02:19] [29/324] ACPR
[12:02:20] [30/324] STIP
[12:02:21] [31/324] MTRA
[12:02:22] [32/324] RMKH
[12:02:22] [33/324] NKRL
[12:02:23] [34/324] PCWN
[12:02:24] [35/324] BLMT
[12:02:25] [36/324] GDPG
[12:02:26] [37/324] SRMX
[12:02:27] [38/324] JACP
[12:02:28] [39/324] CPSH
[12:02:29] [40/324] MCCD
[12:02:30] [41/324] ECGH
[12:02:31] [42/324] MKCK
[12:02:31] [43/324] SRMM
[12:02:32] [44/324] SKYR
[12:02:34] [45/324] PCKC
[12:02:35] [46/324] JCMA
[12:02:37] [47/324] BSMP
[12:02:38] [48/324] VSPA
[12:02:38] [49/324] DJYA
[12:02:40] [50/324] DIMP
[12:02:40] [51/324] FXDR
[12:02:42] [52/324] SSRC
[12:02:43] [53/324] STHP
[12:02:44] [54/324] CPPD
[12:02:44] [55/324] FCLK
[12:02:45] [56/324] SCPP
[12:02:46] [57/324] DCMJ
[12:02:47] [58/324] RCCR
[12:02:48] [59/324] INMT
[12:02:48] [60/324] LXTK
[12:02:49] [61/324] SRYK
[12:02:50] [62/324] SGDK
[12:02:52] [63/324] PPKA
[12:02:53] [64/324] SPKA
[12:02:54] [65/324] CGHH
[12:02:54] [66/324] DCJN
[12:02:55] [67/324] SRKV
[12:02:56] [68/324] SAJC
[12:02:57] [69/324] SUSR
[12:02:58] [70/324] STYG
[12:02:59] [71/324] NTKP
[12:03:00] [72/324] AKTG
[12:03:01] [73/324] CGCM
[12:03:02] [74/324] TULC
[12:03:03] [75/324] NYYZ
[12:03:04] [76/324] NYBW
[12:03:05] [77/324] MACB
[12:03:06] [78/324] SLVT
[12:03:06] [79/324] SANA
[12:03:07] [80/324] ACMR
[12:03:08] [81/324] CPKN
[12:03:10] [82/324] DLGK
[12:03:11] [83/324] CWCK
[12:03:11] [84/324] FDDH
[12:03:12] [85/324] MMMD
[12:03:13] [86/324] CMEH
[12:03:14] [87/324] GGGV
[12:03:15] [88/324] SPJL
[12:03:17] [89/324] RCCD
[12:03:17] [90/324] STTZ
[12:03:18] [91/324] BTCF
[12:03:19] [92/324] TSTZ
[12:03:20] [93/324] IPMM
[12:03:21] [94/324] PMPW
[12:03:22] [95/324] PCMZ
[12:03:23] [96/324] ESEM
[12:03:24] [97/324] PIPO
[12:03:25] [98/324] MATK
[12:03:26] [99/324] PGHM
[12:03:27] [100/324] CTSR
[12:03:28] [101/324] CYKR
[12:03:28] [102/324] MSCM
[12:03:29] [103/324] RFNP
[12:03:30] [104/324] PDCP
[12:03:31] [105/324] NPSE
[12:03:32] [106/324] MKML
[12:03:33] [107/324] FTDP
[12:03:34] [108/324] MMXA
[12:03:34] [109/324] CEPO
[12:03:35] [110/324] CMVP
[12:03:36] [111/324] SGTH
[12:03:37] [112/324] SAYN
[12:03:38] [113/324] URVS
[12:03:39] [114/324] VJTN
[12:03:40] [115/324] BBYK
[12:03:40] [116/324] SHBO
[12:03:41] [117/324] VCMR
[12:03:42] [118/324] MACT
[12:03:43] [119/324] JMNP
[12:03:44] [120/324] VICS
[12:03:45] [121/324] VCDA
[12:03:46] [122/324] GCMM
[12:03:47] [123/324] INVS
[12:03:48] [124/324] SCGM
[12:03:48] [125/324] PCDA
[12:03:49] [126/324] KDCT
[12:03:50] [127/324] JACS
[12:03:51] [128/324] GMMC
[12:03:52] [129/324] AICM
[12:03:53] [130/324] TJCM
[12:03:54] [131/324] RMTI
[12:03:55] [132/324] SHAC
[12:03:55] [133/324] APJC
[12:03:57] [134/324] GCTG
[12:03:57] [135/324] SSMC
[12:03:59] [136/324] THRM
[12:03:59] [137/324] RBCT
[12:04:00] [138/324] DIKT
[12:04:01] [139/324] MIDL
[12:04:02] [140/324] VCSN
[12:04:03] [141/324] SKTG
[12:04:04] [142/324] SMWC
[12:04:05] [143/324] MNKH
[12:04:05] [144/324] PIAT
[12:04:06] [145/324] LTTP
[12:04:07] [146/324] PTPU
[12:04:08] [147/324] ACMG
[12:04:09] [148/324] SHMM
[12:04:10] [149/324] MCMN
[12:04:11] [150/324] GLDC
[12:04:12] [151/324] HOUT
[12:04:13] [152/324] SVRP
[12:04:13] [153/324] PVDN
[12:04:14] [154/324] SCPY
[12:04:15] [155/324] DTPY
[12:04:16] [156/324] GKCS
[12:04:17] [157/324] NCAM
[12:04:18] [158/324] BSRM
[12:04:19] [159/324] RCLC
[12:04:20] [160/324] SKKD
[12:04:21] [161/324] ACHU
[12:04:22] [162/324] RSCF
[12:04:23] [163/324] IMSH
[12:04:24] [164/324] MACX
[12:04:24] [165/324] HMMW
[12:04:25] [166/324] JTCP
[12:04:26] [167/324] SREN
[12:04:27] [168/324] PJRR
[12:04:28] [169/324] INAC
[12:04:29] [170/324] BMCA
[12:04:30] [171/324] SHCB
[12:04:31] [172/324] GABA
[12:04:32] [173/324] SBCT
[12:04:32] [174/324] GCMA
[12:04:33] [175/324] MYTK
[12:04:35] [176/324] INZS
[12:04:36] [177/324] RMIK
[12:04:37] [178/324] NYCH
[12:04:38] [179/324] RAVE
[12:04:39] [180/324] PSXM
[12:04:39] [181/324] MCGP
[12:04:40] [182/324] PDDK
[12:04:41] [183/324] SPCK
[12:04:42] [184/324] MCRL
[12:04:43] [185/324] MHKT
[12:04:44] [186/324] ANRR
[12:04:45] [187/324] SAPK
[12:04:46] [188/324] NCUK
[12:04:47] [189/324] JUGA
[12:04:48] [190/324] DBSC
[12:04:48] [191/324] LALK
[12:04:49] [192/324] GUCK
[12:04:50] [193/324] STSG
[12:04:51] [194/324] PPPZ
[12:04:51] [195/324] CNCY
[12:04:53] [196/324] MTAR
[12:04:54] [197/324] VNKD
[12:04:54] [198/324] KMAJ
[12:04:55] [199/324] ACXK
[12:04:56] [200/324] UTKC
[12:04:57] [201/324] PBLK
[12:04:58] [202/324] ACBX
[12:04:58] [203/324] PTGM
[12:04:59] [204/324] BTDA
[12:05:00] [205/324] PJMB
[12:05:01] [206/324] TPDA
[12:05:02] [207/324] AMOE
[12:05:03] [208/324] PRHT
[12:05:04] [209/324] PRTA
[12:05:05] [210/324] STAM
[12:05:05] [211/324] MSAA
[12:05:06] [212/324] SDLU
[12:05:07] [213/324] RCHH
[12:05:08] [214/324] KANT
[12:05:09] [215/324] FCRT
[12:05:10] [216/324] DNKM
[12:05:11] [217/324] RYCP
[12:05:12] [218/324] MYRP
[12:05:13] [219/324] PPAK
[12:05:13] [220/324] NVPK
[12:05:14] [221/324] PRMC
[12:05:15] [222/324] JBCS
[12:05:17] [223/324] GXCK
[12:05:17] [224/324] USKO
[12:05:19] [225/324] GTEM
[12:05:20] [226/324] SMBU
[12:05:20] [227/324] VETC
[12:05:21] [228/324] LCDA
[12:05:22] [229/324] MTVT
[12:05:23] [230/324] PYCP
[12:05:23] [231/324] PNSC
[12:05:24] [232/324] PPCC
[12:05:25] [233/324] TGRT
[12:05:26] [234/324] JYOT
[12:05:27] [235/324] SRCZ
[12:05:28] [236/324] SJTE
[12:05:29] [237/324] DESC
[12:05:31] [238/324] JHVN
[12:05:31] [239/324] IPSG
[12:05:32] [240/324] IPCM
[12:05:33] [241/324] PDRS
[12:05:34] [242/324] ANCV
[12:05:35] [243/324] CMVV
[12:05:35] [244/324] SHYP
[12:05:36] [245/324] DNCS
[12:05:37] [246/324] GAJK
[12:05:38] [247/324] AKTN
[12:05:39] [248/324] KAYA
[12:05:40] [249/324] SBRC
[12:05:40] [250/324] CHTP
[12:05:41] [251/324] SHRT
[12:05:42] [252/324] BCKU
[12:05:43] [253/324] FCPS
[12:05:44] [254/324] ARDD
[12:05:45] [255/324] CPCM
[12:05:46] [256/324] CGSM
[12:05:46] [257/324] PSMP
[12:05:47] [258/324] SDAL
[12:05:48] [259/324] RTNB
[12:05:49] [260/324] LMCR
[12:05:50] [261/324] CIMA
[12:05:50] [262/324] RNAS
[12:05:51] [263/324] LITH
[12:05:52] [264/324] PBOX
[12:05:53] [265/324] FRTS
[12:05:54] [266/324] RKIC
[12:05:55] [267/324] PTAI
[12:05:56] [268/324] GCIC
[12:05:57] [269/324] FNAS
[12:05:58] [270/324] SCAR
[12:05:58] [271/324] MTCA
[12:05:59] [272/324] SCTS
[12:06:00] [273/324] SYCS
[12:06:01] [274/324] RDMS
[12:06:02] [275/324] KAMP
[12:06:03] [276/324] ERSD
[12:06:04] [277/324] MJMJ
[12:06:05] [278/324] SRCJ
[12:06:06] [279/324] SCXE
[12:06:07] [280/324] SVFR
[12:06:08] [281/324] BHCS
[12:06:08] [282/324] IMCC
[12:06:10] [283/324] PCBO
[12:06:11] [284/324] PRVN
[12:06:11] [285/324] AUPM
[12:06:12] [286/324] INBW
[12:06:13] [287/324] SVCW
[12:06:14] [288/324] RKCF
[12:06:15] [289/324] UVBH
[12:06:16] [290/324] DNCY
[12:06:16] [291/324] ABCN
[12:06:17] [292/324] PRUR
[12:06:18] [293/324] PFMR
[12:06:19] [294/324] RKCN
[12:06:19] [295/324] CFEA
[12:06:20] [296/324] SDBG
[12:06:21] [297/324] SNAR
[12:06:22] [298/324] YISI
[12:06:23] [299/324] JCFF
[12:06:23] [300/324] VTRK
[12:06:24] [301/324] PCLZ
[12:06:25] [302/324] DIMY
[12:06:26] [303/324] BBTS
[12:06:27] [304/324] GATH
[12:06:28] [305/324] GTMN
[12:06:29] [306/324] VTMH
[12:06:30] [307/324] CCKP
[12:06:31] [308/324] GPKA
[12:06:31] [309/324] MHCL
[12:06:32] [310/324] ATCL
[12:06:33] [311/324] SBCK
[12:06:34] [312/324] AMMR
[12:06:35] [313/324] MADC
[12:06:36] [314/324] TMMA
[12:06:37] [315/324] CACC
[12:06:38] [316/324] CHAL
[12:06:38] [317/324] DURG
[12:06:39] [318/324] GMKU
[12:06:40] [319/324] GECA
[12:06:41] [320/324] KYRR
[12:06:42] [321/324] KSDE
[12:06:43] [322/324] LMCI
[12:06:44] [323/324] NKCP
[12:06:45] [324/324] BGTC
[12:06:45] 🧹 Deduping shows
[12:06:46] ✅ DONE | Shows=553 | Movies=40
[19:02:09] 🚀 SCRIPT STARTED
[19:02:09] [1/324] GCTA
[19:02:09] 🧠 New identity created
[19:02:10] [2/324] TOPN
[19:02:11] [3/324] MCUS
[19:02:12] [4/324] SHRL
[19:02:13] [5/324] UPTP
[19:02:14] [6/324] TMMP
[19:02:15] [7/324] DNRP
[19:02:15] [8/324] SRLT
[19:02:16] [9/324] RCNS
[19:02:17] [10/324] DCBH
[19:02:18] [11/324] NAGJ
[19:02:19] [12/324] JVRC
[19:02:20] [13/324] KRJG
[19:02:21] [14/324] SRTJ
[19:02:22] [15/324] CMXM
[19:02:22] [16/324] STMI
[19:02:23] [17/324] SLST
[19:02:24] [18/324] DTCN
[19:02:25] [19/324] STYN
[19:02:26] [20/324] SZVR
[19:02:27] [21/324] SRKO
[19:02:28] [22/324] JTGT
[19:02:28] [23/324] SVFD
[19:02:30] [24/324] SISD
[19:02:31] [25/324] ABDD
[19:02:31] [26/324] DRCA
[19:02:32] [27/324] AVCS
[19:02:33] [28/324] MVKH
[19:02:34] [29/324] ACPR
[19:02:35] [30/324] STIP
[19:02:36] [31/324] MTRA
[19:02:37] [32/324] RMKH
[19:02:38] [33/324] NKRL
[19:02:38] [34/324] PCWN
[19:02:39] [35/324] BLMT
[19:02:40] [36/324] GDPG
[19:02:41] [37/324] SRMX
[19:02:42] [38/324] JACP
[19:02:43] [39/324] CPSH
[19:02:43] [40/324] MCCD
[19:02:44] [41/324] ECGH
[19:02:45] [42/324] MKCK
[19:02:46] [43/324] SRMM
[19:02:47] [44/324] SKYR
[19:02:47] [45/324] PCKC
[19:02:48] [46/324] JCMA
[19:02:49] [47/324] BSMP
[19:02:49] [48/324] VSPA
[19:02:51] [49/324] DJYA
[19:02:52] [50/324] DIMP
[19:02:52] [51/324] FXDR
[19:02:54] [52/324] SSRC
[19:02:54] [53/324] STHP
[19:02:55] [54/324] CPPD
[19:02:56] [55/324] FCLK
[19:02:57] [56/324] SCPP
[19:02:58] [57/324] DCMJ
[19:02:59] [58/324] RCCR
[19:03:00] [59/324] INMT
[19:03:01] [60/324] LXTK
[19:03:01] [61/324] SRYK
[19:03:03] [62/324] SGDK
[19:03:04] [63/324] PPKA
[19:03:05] [64/324] SPKA
[19:03:05] [65/324] CGHH
[19:03:07] [66/324] DCJN
[19:03:08] [67/324] SRKV
[19:03:09] [68/324] SAJC
[19:03:09] [69/324] SUSR
[19:03:10] [70/324] STYG
[19:03:11] [71/324] NTKP
[19:03:12] [72/324] AKTG
[19:03:13] [73/324] CGCM
[19:03:14] [74/324] TULC
[19:03:14] [75/324] NYYZ
[19:03:15] [76/324] NYBW
[19:03:16] [77/324] MACB
[19:03:17] [78/324] SLVT
[19:03:17] [79/324] SANA
[19:03:18] [80/324] ACMR
[19:03:19] [81/324] CPKN
[19:03:20] [82/324] DLGK
[19:03:21] [83/324] CWCK
[19:03:22] [84/324] FDDH
[19:03:23] [85/324] MMMD
[19:03:24] [86/324] CMEH
[19:03:24] [87/324] GGGV
[19:03:25] [88/324] SPJL
[19:03:26] [89/324] RCCD
[19:03:27] [90/324] STTZ
[19:03:28] [91/324] BTCF
[19:03:28] [92/324] TSTZ
[19:03:29] [93/324] IPMM
[19:03:30] [94/324] PMPW
[19:03:31] [95/324] PCMZ
[19:03:32] [96/324] ESEM
[19:03:32] [97/324] PIPO
[19:03:34] [98/324] MATK
[19:03:35] [99/324] PGHM
[19:03:36] [100/324] CTSR
[19:03:37] [101/324] CYKR
[19:03:38] [102/324] MSCM
[19:03:39] [103/324] RFNP
[19:03:39] [104/324] PDCP
[19:03:40] [105/324] NPSE
[19:03:41] [106/324] MKML
[19:03:42] [107/324] FTDP
[19:03:44] [108/324] MMXA
[19:03:44] [109/324] CEPO
[19:03:45] [110/324] CMVP
[19:03:46] [111/324] SGTH
[19:03:47] [112/324] SAYN
[19:03:48] [113/324] URVS
[19:03:49] [114/324] VJTN
[19:03:49] [115/324] BBYK
[19:03:50] [116/324] SHBO
[19:03:51] [117/324] VCMR
[19:03:51] [118/324] MACT
[19:03:52] [119/324] JMNP
[19:03:53] [120/324] VICS
[19:03:54] [121/324] VCDA
[19:03:55] [122/324] GCMM
[19:03:55] [123/324] INVS
[19:03:56] [124/324] SCGM
[19:03:57] [125/324] PCDA
[19:03:58] [126/324] KDCT
[19:03:59] [127/324] JACS
[19:04:00] [128/324] GMMC
[19:04:01] [129/324] AICM
[19:04:02] [130/324] TJCM
[19:04:02] [131/324] RMTI
[19:04:03] [132/324] SHAC
[19:04:04] [133/324] APJC
[19:04:04] [134/324] GCTG
[19:04:05] [135/324] SSMC
[19:04:06] [136/324] THRM
[19:04:07] [137/324] RBCT
[19:04:08] [138/324] DIKT
[19:04:09] [139/324] MIDL
[19:04:10] [140/324] VCSN
[19:04:10] [141/324] SKTG
[19:04:11] [142/324] SMWC
[19:04:12] [143/324] MNKH
[19:04:12] [144/324] PIAT
[19:04:13] [145/324] LTTP
[19:04:14] [146/324] PTPU
[19:04:15] [147/324] ACMG
[19:04:16] [148/324] SHMM
[19:04:16] [149/324] MCMN
[19:04:17] [150/324] GLDC
[19:04:18] [151/324] HOUT
[19:04:19] [152/324] SVRP
[19:04:20] [153/324] PVDN
[19:04:21] [154/324] SCPY
[19:04:22] [155/324] DTPY
[19:04:23] [156/324] GKCS
[19:04:23] [157/324] NCAM
[19:04:24] [158/324] BSRM
[19:04:25] [159/324] RCLC
[19:04:25] [160/324] SKKD
[19:04:26] [161/324] ACHU
[19:04:27] [162/324] RSCF
[19:04:28] [163/324] IMSH
[19:04:29] [164/324] MACX
[19:04:30] [165/324] HMMW
[19:04:31] [166/324] JTCP
[19:04:31] [167/324] SREN
[19:04:32] [168/324] PJRR
[19:04:33] [169/324] INAC
[19:04:33] [170/324] BMCA
[19:04:34] [171/324] SHCB
[19:04:35] [172/324] GABA
[19:04:36] [173/324] SBCT
[19:04:37] [174/324] GCMA
[19:04:37] [175/324] MYTK
[19:04:38] [176/324] INZS
[19:04:39] [177/324] RMIK
[19:04:40] [178/324] NYCH
[19:04:41] [179/324] RAVE
[19:04:42] [180/324] PSXM
[19:04:43] [181/324] MCGP
[19:04:44] [182/324] PDDK
[19:04:45] [183/324] SPCK
[19:04:46] [184/324] MCRL
[19:04:47] [185/324] MHKT
[19:04:47] [186/324] ANRR
[19:04:48] [187/324] SAPK
[19:04:49] [188/324] NCUK
[19:04:50] [189/324] JUGA
[19:04:51] [190/324] DBSC
[19:04:52] [191/324] LALK
[19:04:52] [192/324] GUCK
[19:04:53] [193/324] STSG
[19:04:54] [194/324] PPPZ
[19:04:55] [195/324] CNCY
[19:04:56] [196/324] MTAR
[19:04:56] [197/324] VNKD
[19:04:57] [198/324] KMAJ
[19:04:58] [199/324] ACXK
[19:04:59] [200/324] UTKC
[19:05:00] [201/324] PBLK
[19:05:00] [202/324] ACBX
[19:05:01] [203/324] PTGM
[19:05:02] [204/324] BTDA
[19:05:03] [205/324] PJMB
[19:05:04] [206/324] TPDA
[19:05:05] [207/324] AMOE
[19:05:06] [208/324] PRHT
[19:05:06] [209/324] PRTA
[19:05:07] [210/324] STAM
[19:05:08] [211/324] MSAA
[19:05:09] [212/324] SDLU
[19:05:10] [213/324] RCHH
[19:05:10] [214/324] KANT
[19:05:11] [215/324] FCRT
[19:05:12] [216/324] DNKM
[19:05:13] [217/324] RYCP
[19:05:14] [218/324] MYRP
[19:05:15] [219/324] PPAK
[19:05:16] [220/324] NVPK
[19:05:16] [221/324] PRMC
[19:05:17] [222/324] JBCS
[19:05:18] [223/324] GXCK
[19:05:19] [224/324] USKO
[19:05:19] [225/324] GTEM
[19:05:20] [226/324] SMBU
[19:05:21] [227/324] VETC
[19:05:22] [228/324] LCDA
[19:05:22] [229/324] MTVT
[19:05:23] [230/324] PYCP
[19:05:24] [231/324] PNSC
[19:05:25] [232/324] PPCC
[19:05:26] [233/324] TGRT
[19:05:27] [234/324] JYOT
[19:05:27] [235/324] SRCZ
[19:05:28] [236/324] SJTE
[19:05:29] [237/324] DESC
[19:05:30] [238/324] JHVN
[19:05:31] [239/324] IPSG
[19:05:31] [240/324] IPCM
[19:05:32] [241/324] PDRS
[19:05:34] [242/324] ANCV
[19:05:35] [243/324] CMVV
[19:05:36] [244/324] SHYP
[19:05:37] [245/324] DNCS
[19:05:38] [246/324] GAJK
[19:05:39] [247/324] AKTN
[19:05:40] [248/324] KAYA
[19:05:41] [249/324] SBRC
[19:05:42] [250/324] CHTP
[19:05:42] [251/324] SHRT
[19:05:43] [252/324] BCKU
[19:05:44] [253/324] FCPS
[19:05:45] [254/324] ARDD
[19:05:45] [255/324] CPCM
[19:05:46] [256/324] CGSM
[19:05:47] [257/324] PSMP
[19:05:48] [258/324] SDAL
[19:05:49] [259/324] RTNB
[19:05:50] [260/324] LMCR
[19:05:50] [261/324] CIMA
[19:05:51] [262/324] RNAS
[19:05:52] [263/324] LITH
[19:05:53] [264/324] PBOX
[19:05:54] [265/324] FRTS
[19:05:55] [266/324] RKIC
[19:05:56] [267/324] PTAI
[19:05:57] [268/324] GCIC
[19:05:58] [269/324] FNAS
[19:05:59] [270/324] SCAR
[19:06:00] [271/324] MTCA
[19:06:00] [272/324] SCTS
[19:06:01] [273/324] SYCS
[19:06:02] [274/324] RDMS
[19:06:02] [275/324] KAMP
[19:06:03] [276/324] ERSD
[19:06:04] [277/324] MJMJ
[19:06:05] [278/324] SRCJ
[19:06:06] [279/324] SCXE
[19:06:07] [280/324] SVFR
[19:06:08] [281/324] BHCS
[19:06:09] [282/324] IMCC
[19:06:10] [283/324] PCBO
[19:06:10] [284/324] PRVN
[19:06:11] [285/324] AUPM
[19:06:12] [286/324] INBW
[19:06:13] [287/324] SVCW
[19:06:14] [288/324] RKCF
[19:06:15] [289/324] UVBH
[19:06:15] [290/324] DNCY
[19:06:16] [291/324] ABCN
[19:06:17] [292/324] PRUR
[19:06:18] [293/324] PFMR
[19:06:19] [294/324] RKCN
[19:06:19] [295/324] CFEA
[19:06:20] [296/324] SDBG
[19:06:21] [297/324] SNAR
[19:06:22] [298/324] YISI
[19:06:23] [299/324] JCFF
[19:06:24] [300/324] VTRK
[19:06:25] [301/324] PCLZ
[19:06:26] [302/324] DIMY
[19:06:26] [303/324] BBTS
[19:06:28] [304/324] GATH
[19:06:29] [305/324] GTMN
[19:06:29] [306/324] VTMH
[19:06:30] [307/324] CCKP
[19:06:31] [308/324] GPKA
[19:06:32] [309/324] MHCL
[19:06:33] [310/324] ATCL
[19:06:33] [311/324] SBCK
[19:06:34] [312/324] AMMR
[19:06:35] [313/324] MADC
[19:06:36] [314/324] TMMA
[19:06:36] [315/324] CACC
[19:06:38] [316/324] CHAL
[19:06:38] [317/324] DURG
[19:06:39] [318/324] GMKU
[19:06:40] [319/324] GECA
[19:06:41] [320/324] KYRR
[19:06:42] [321/324] KSDE
[19:06:43] [322/324] LMCI
[19:06:44] [323/324] NKCP
[19:06:44] [324/324] BGTC
[19:06:45] 🧹 Deduping shows
[19:06:45] ✅ DONE | Shows=619 | Movies=44
[21:53:48] 🚀 SCRIPT STARTED
[21:53:48] [1/324] GCTA
[21:53:48] 🧠 New identity created
[21:53:49] [2/324] TOPN
[21:53:50] [3/324] MCUS
[21:53:51] [4/324] SHRL
[21:53:52] [5/324] UPTP
[21:53:53] [6/324] TMMP
[21:53:54] [7/324] DNRP
[21:53:54] [8/324] SRLT
[21:53:55] [9/324] RCNS
[21:53:56] [10/324] DCBH
[21:53:57] [11/324] NAGJ
[21:53:58] [12/324] JVRC
[21:53:59] [13/324] KRJG
[21:54:00] [14/324] SRTJ
[21:54:01] [15/324] CMXM
[21:54:02] [16/324] STMI
[21:54:03] [17/324] SLST
[21:54:04] [18/324] DTCN
[21:54:05] [19/324] STYN
[21:54:06] [20/324] SZVR
[21:54:07] [21/324] SRKO
[21:54:08] [22/324] JTGT
[21:54:10] [23/324] SVFD
[21:54:11] [24/324] SISD
[21:54:11] [25/324] ABDD
[21:54:12] [26/324] DRCA
[21:54:13] [27/324] AVCS
[21:54:14] [28/324] MVKH
[21:54:15] [29/324] ACPR
[21:54:16] [30/324] STIP
[21:54:17] [31/324] MTRA
[21:54:18] [32/324] RMKH
[21:54:18] [33/324] NKRL
[21:54:19] [34/324] PCWN
[21:54:20] [35/324] BLMT
[21:54:21] [36/324] GDPG
[21:54:22] [37/324] SRMX
[21:54:23] [38/324] JACP
[21:54:24] [39/324] CPSH
[21:54:25] [40/324] MCCD
[21:54:26] [41/324] ECGH
[21:54:26] [42/324] MKCK
[21:54:27] [43/324] SRMM
[21:54:28] [44/324] SKYR
[21:54:29] [45/324] PCKC
[21:54:30] [46/324] JCMA
[21:54:31] [47/324] BSMP
[21:54:32] [48/324] VSPA
[21:54:33] [49/324] DJYA
[21:54:33] [50/324] DIMP
[21:54:34] [51/324] FXDR
[21:54:35] [52/324] SSRC
[21:54:36] [53/324] STHP
[21:54:37] [54/324] CPPD
[21:54:37] [55/324] FCLK
[21:54:38] [56/324] SCPP
[21:54:39] [57/324] DCMJ
[21:54:40] [58/324] RCCR
[21:54:41] [59/324] INMT
[21:54:42] [60/324] LXTK
[21:54:43] [61/324] SRYK
[21:54:44] [62/324] SGDK
[21:54:45] [63/324] PPKA
[21:54:46] [64/324] SPKA
[21:54:47] [65/324] CGHH
[21:54:48] [66/324] DCJN
[21:54:48] [67/324] SRKV
[21:54:49] [68/324] SAJC
[21:54:50] [69/324] SUSR
[21:54:51] [70/324] STYG
[21:54:52] [71/324] NTKP
[21:54:53] [72/324] AKTG
[21:54:54] [73/324] CGCM
[21:54:54] [74/324] TULC
[21:54:55] [75/324] NYYZ
[21:54:56] [76/324] NYBW
[21:54:57] [77/324] MACB
[21:54:59] [78/324] SLVT
[21:54:59] [79/324] SANA
[21:55:00] [80/324] ACMR
[21:55:02] [81/324] CPKN
[21:55:03] [82/324] DLGK
[21:55:03] [83/324] CWCK
[21:55:05] [84/324] FDDH
[21:55:06] [85/324] MMMD
[21:55:06] [86/324] CMEH
[21:55:07] [87/324] GGGV
[21:55:08] [88/324] SPJL
[21:55:09] [89/324] RCCD
[21:55:10] [90/324] STTZ
[21:55:11] [91/324] BTCF
[21:55:12] [92/324] TSTZ
[21:55:12] [93/324] IPMM
[21:55:13] [94/324] PMPW
[21:55:14] [95/324] PCMZ
[21:55:15] [96/324] ESEM
[21:55:16] [97/324] PIPO
[21:55:17] [98/324] MATK
[21:55:18] [99/324] PGHM
[21:55:18] [100/324] CTSR
[21:55:19] [101/324] CYKR
[21:55:20] [102/324] MSCM
[21:55:21] [103/324] RFNP
[21:55:22] [104/324] PDCP
[21:55:23] [105/324] NPSE
[21:55:24] [106/324] MKML
[21:55:26] [107/324] FTDP
[21:55:26] [108/324] MMXA
[21:55:27] [109/324] CEPO
[21:55:28] [110/324] CMVP
[21:55:29] [111/324] SGTH
[21:55:30] [112/324] SAYN
[21:55:31] [113/324] URVS
[21:55:31] [114/324] VJTN
[21:55:32] [115/324] BBYK
[21:55:33] [116/324] SHBO
[21:55:34] [117/324] VCMR
[21:55:35] [118/324] MACT
[21:55:36] [119/324] JMNP
[21:55:37] [120/324] VICS
[21:55:38] [121/324] VCDA
[21:55:39] [122/324] GCMM
[21:55:39] [123/324] INVS
[21:55:40] [124/324] SCGM
[21:55:41] [125/324] PCDA
[21:55:42] [126/324] KDCT
[21:55:43] [127/324] JACS
[21:55:44] [128/324] GMMC
[21:55:45] [129/324] AICM
[21:55:46] [130/324] TJCM
[21:55:46] [131/324] RMTI
[21:55:47] [132/324] SHAC
[21:55:48] [133/324] APJC
[21:55:49] [134/324] GCTG
[21:55:50] [135/324] SSMC
[21:55:51] [136/324] THRM
[21:55:52] [137/324] RBCT
[21:55:53] [138/324] DIKT
[21:55:53] [139/324] MIDL
[21:55:54] [140/324] VCSN
[21:55:55] [141/324] SKTG
[21:55:56] [142/324] SMWC
[21:55:56] [143/324] MNKH
[21:55:57] [144/324] PIAT
[21:55:58] [145/324] LTTP
[21:55:59] [146/324] PTPU
[21:56:00] [147/324] ACMG
[21:56:00] [148/324] SHMM
[21:56:01] [149/324] MCMN
[21:56:02] [150/324] GLDC
[21:56:03] [151/324] HOUT
[21:56:04] [152/324] SVRP
[21:56:05] [153/324] PVDN
[21:56:05] [154/324] SCPY
[21:56:06] [155/324] DTPY
[21:56:07] [156/324] GKCS
[21:56:08] [157/324] NCAM
[21:56:09] [158/324] BSRM
[21:56:10] [159/324] RCLC
[21:56:10] [160/324] SKKD
[21:56:11] [161/324] ACHU
[21:56:12] [162/324] RSCF
[21:56:13] [163/324] IMSH
[21:56:14] [164/324] MACX
[21:56:15] [165/324] HMMW
[21:56:16] [166/324] JTCP
[21:56:16] [167/324] SREN
[21:56:17] [168/324] PJRR
[21:56:18] [169/324] INAC
[21:56:19] [170/324] BMCA
[21:56:20] [171/324] SHCB
[21:56:20] [172/324] GABA
[21:56:21] [173/324] SBCT
[21:56:22] [174/324] GCMA
[21:56:23] [175/324] MYTK
[21:56:24] [176/324] INZS
[21:56:25] [177/324] RMIK
[21:56:26] [178/324] NYCH
[21:56:26] [179/324] RAVE
[21:56:27] [180/324] PSXM
[21:56:28] [181/324] MCGP
[21:56:29] [182/324] PDDK
[21:56:30] [183/324] SPCK
[21:56:31] [184/324] MCRL
[21:56:31] [185/324] MHKT
[21:56:32] [186/324] ANRR
[21:56:33] [187/324] SAPK
[21:56:34] [188/324] NCUK
[21:56:35] [189/324] JUGA
[21:56:36] [190/324] DBSC
[21:56:36] [191/324] LALK
[21:56:37] [192/324] GUCK
[21:56:38] [193/324] STSG
[21:56:39] [194/324] PPPZ
[21:56:40] [195/324] CNCY
[21:56:41] [196/324] MTAR
[21:56:42] [197/324] VNKD
[21:56:43] [198/324] KMAJ
[21:56:44] [199/324] ACXK
[21:56:45] [200/324] UTKC
[21:56:45] [201/324] PBLK
[21:56:46] [202/324] ACBX
[21:56:47] [203/324] PTGM
[21:56:48] [204/324] BTDA
[21:56:49] [205/324] PJMB
[21:56:50] [206/324] TPDA
[21:56:51] [207/324] AMOE
[21:56:51] [208/324] PRHT
[21:56:52] [209/324] PRTA
[21:56:53] [210/324] STAM
[21:56:54] [211/324] MSAA
[21:56:55] [212/324] SDLU
[21:56:56] [213/324] RCHH
[21:56:57] [214/324] KANT
[21:56:58] [215/324] FCRT
[21:56:59] [216/324] DNKM
[21:57:00] [217/324] RYCP
[21:57:01] [218/324] MYRP
[21:57:02] [219/324] PPAK
[21:57:02] [220/324] NVPK
[21:57:03] [221/324] PRMC
[21:57:04] [222/324] JBCS
[21:57:05] [223/324] GXCK
[21:57:06] [224/324] USKO
[21:57:07] [225/324] GTEM
[21:57:08] [226/324] SMBU
[21:57:09] [227/324] VETC
[21:57:10] [228/324] LCDA
[21:57:11] [229/324] MTVT
[21:57:12] [230/324] PYCP
[21:57:14] [231/324] PNSC
[21:57:15] [232/324] PPCC
[21:57:16] [233/324] TGRT
[21:57:17] [234/324] JYOT
[21:57:18] [235/324] SRCZ
[21:57:19] [236/324] SJTE
[21:57:20] [237/324] DESC
[21:57:21] [238/324] JHVN
[21:57:22] [239/324] IPSG
[21:57:23] [240/324] IPCM
[21:57:24] [241/324] PDRS
[21:57:24] [242/324] ANCV
[21:57:25] [243/324] CMVV
[21:57:26] [244/324] SHYP
[21:57:27] [245/324] DNCS
[21:57:28] [246/324] GAJK
[21:57:29] [247/324] AKTN
[21:57:29] [248/324] KAYA
[21:57:31] [249/324] SBRC
[21:57:31] [250/324] CHTP
[21:57:32] [251/324] SHRT
[21:57:33] [252/324] BCKU
[21:57:34] [253/324] FCPS
[21:57:35] [254/324] ARDD
[21:57:36] [255/324] CPCM
[21:57:37] [256/324] CGSM
[21:57:39] [257/324] PSMP
[21:57:40] [258/324] SDAL
[21:57:41] [259/324] RTNB
[21:57:42] [260/324] LMCR
[21:57:43] [261/324] CIMA
[21:57:45] [262/324] RNAS
[21:57:45] [263/324] LITH
[21:57:46] [264/324] PBOX
[21:57:47] [265/324] FRTS
[21:57:48] [266/324] RKIC
[21:57:49] [267/324] PTAI
[21:57:49] [268/324] GCIC
[21:57:50] [269/324] FNAS
[21:57:52] [270/324] SCAR
[21:57:52] [271/324] MTCA
[21:57:53] [272/324] SCTS
[21:57:54] [273/324] SYCS
[21:57:55] [274/324] RDMS
[21:57:56] [275/324] KAMP
[21:57:57] [276/324] ERSD
[21:57:58] [277/324] MJMJ
[21:57:59] [278/324] SRCJ
[21:58:00] [279/324] SCXE
[21:58:01] [280/324] SVFR
[21:58:02] [281/324] BHCS
[21:58:03] [282/324] IMCC
[21:58:04] [283/324] PCBO
[21:58:05] [284/324] PRVN
[21:58:06] [285/324] AUPM
[21:58:06] [286/324] INBW
[21:58:07] [287/324] SVCW
[21:58:08] [288/324] RKCF
[21:58:09] [289/324] UVBH
[21:58:10] [290/324] DNCY
[21:58:11] [291/324] ABCN
[21:58:11] [292/324] PRUR
[21:58:12] [293/324] PFMR
[21:58:13] [294/324] RKCN
[21:58:14] [295/324] CFEA
[21:58:15] [296/324] SDBG
[21:58:15] [297/324] SNAR
[21:58:16] [298/324] YISI
[21:58:17] [299/324] JCFF
[21:58:18] [300/324] VTRK
[21:58:19] [301/324] PCLZ
[21:58:19] [302/324] DIMY
[21:58:20] [303/324] BBTS
[21:58:22] [304/324] GATH
[21:58:23] [305/324] GTMN
[21:58:23] [306/324] VTMH
[21:58:24] [307/324] CCKP
[21:58:26] [308/324] GPKA
[21:58:27] [309/324] MHCL
[21:58:27] [310/324] ATCL
[21:58:28] [311/324] SBCK
[21:58:29] [312/324] AMMR
[21:58:31] [313/324] MADC
[21:58:31] [314/324] TMMA
[21:58:33] [315/324] CACC
[21:58:33] [316/324] CHAL
[21:58:34] [317/324] DURG
[21:58:35] [318/324] GMKU
[21:58:36] [319/324] GECA
[21:58:37] [320/324] KYRR
[21:58:38] [321/324] KSDE
[21:58:38] [322/324] LMCI
[21:58:39] [323/324] NKCP
[21:58:40] [324/324] BGTC
[21:58:41] 🧹 Deduping shows
[21:58:41] ✅ DONE | Shows=631 | Movies=44
[03:49:42] 🚀 SCRIPT STARTED
[03:49:42] [1/324] GCTA
[03:49:42] 🧠 New identity created
[03:49:43] [2/324] TOPN
[03:49:44] [3/324] MCUS
[03:49:45] [4/324] SHRL
[03:49:46] [5/324] UPTP
[03:49:47] [6/324] TMMP
[03:49:48] [7/324] DNRP
[03:49:49] [8/324] SRLT
[03:49:49] [9/324] RCNS
[03:49:51] [10/324] DCBH
[03:49:52] [11/324] NAGJ
[03:49:53] [12/324] JVRC
[03:49:54] [13/324] KRJG
[03:49:55] [14/324] SRTJ
[03:49:56] [15/324] CMXM
[03:49:57] [16/324] STMI
[03:49:58] [17/324] SLST
[03:49:59] [18/324] DTCN
[03:50:00] [19/324] STYN
[03:50:01] [20/324] SZVR
[03:50:02] [21/324] SRKO
[03:50:03] [22/324] JTGT
[03:50:04] [23/324] SVFD
[03:50:04] [24/324] SISD
[03:50:05] [25/324] ABDD
[03:50:06] [26/324] DRCA
[03:50:07] [27/324] AVCS
[03:50:08] [28/324] MVKH
[03:50:09] [29/324] ACPR
[03:50:10] [30/324] STIP
[03:50:10] [31/324] MTRA
[03:50:11] [32/324] RMKH
[03:50:13] [33/324] NKRL
[03:50:14] [34/324] PCWN
[03:50:15] [35/324] BLMT
[03:50:16] [36/324] GDPG
[03:50:17] [37/324] SRMX
[03:50:18] [38/324] JACP
[03:50:19] [39/324] CPSH
[03:50:20] [40/324] MCCD
[03:50:21] [41/324] ECGH
[03:50:22] [42/324] MKCK
[03:50:23] [43/324] SRMM
[03:50:23] [44/324] SKYR
[03:50:24] [45/324] PCKC
[03:50:25] [46/324] JCMA
[03:50:26] [47/324] BSMP
[03:50:27] [48/324] VSPA
[03:50:28] [49/324] DJYA
[03:50:28] [50/324] DIMP
[03:50:29] [51/324] FXDR
[03:50:30] [52/324] SSRC
[03:50:31] [53/324] STHP
[03:50:32] [54/324] CPPD
[03:50:32] [55/324] FCLK
[03:50:33] [56/324] SCPP
[03:50:34] [57/324] DCMJ
[03:50:35] [58/324] RCCR
[03:50:35] [59/324] INMT
[03:50:37] [60/324] LXTK
[03:50:38] [61/324] SRYK
[03:50:40] [62/324] SGDK
[03:50:40] [63/324] PPKA
[03:50:41] [64/324] SPKA
[03:50:42] [65/324] CGHH
[03:50:43] [66/324] DCJN
[03:50:44] [67/324] SRKV
[03:50:44] [68/324] SAJC
[03:50:45] [69/324] SUSR
[03:50:46] [70/324] STYG
[03:50:47] [71/324] NTKP
[03:50:48] [72/324] AKTG
[03:50:48] [73/324] CGCM
[03:50:49] [74/324] TULC
[03:50:50] [75/324] NYYZ
[03:50:51] [76/324] NYBW
[03:50:52] [77/324] MACB
[03:50:52] [78/324] SLVT
[03:50:54] [79/324] SANA
[03:50:55] [80/324] ACMR
[03:50:56] [81/324] CPKN
[03:50:56] [82/324] DLGK
[03:50:58] [83/324] CWCK
[03:50:59] [84/324] FDDH
[03:51:00] [85/324] MMMD
[03:51:00] [86/324] CMEH
[03:51:01] [87/324] GGGV
[03:51:02] [88/324] SPJL
[03:51:03] [89/324] RCCD
[03:51:04] [90/324] STTZ
[03:51:04] [91/324] BTCF
[03:51:05] [92/324] TSTZ
[03:51:06] [93/324] IPMM
[03:51:07] [94/324] PMPW
[03:51:08] [95/324] PCMZ
[03:51:09] [96/324] ESEM
[03:51:09] [97/324] PIPO
[03:51:10] [98/324] MATK
[03:51:11] [99/324] PGHM
[03:51:12] [100/324] CTSR
[03:51:13] [101/324] CYKR
[03:51:14] [102/324] MSCM
[03:51:14] [103/324] RFNP
[03:51:15] [104/324] PDCP
[03:51:17] [105/324] NPSE
[03:51:18] [106/324] MKML
[03:51:19] [107/324] FTDP
[03:51:19] [108/324] MMXA
[03:51:20] [109/324] CEPO
[03:51:21] [110/324] CMVP
[03:51:22] [111/324] SGTH
[03:51:23] [112/324] SAYN
[03:51:24] [113/324] URVS
[03:51:25] [114/324] VJTN
[03:51:26] [115/324] BBYK
[03:51:27] [116/324] SHBO
[03:51:27] [117/324] VCMR
[03:51:29] [118/324] MACT
[03:51:30] [119/324] JMNP
[03:51:31] [120/324] VICS
[03:51:32] [121/324] VCDA
[03:51:32] [122/324] GCMM
[03:51:33] [123/324] INVS
[03:51:34] [124/324] SCGM
[03:51:35] [125/324] PCDA
[03:51:36] [126/324] KDCT
[03:51:36] [127/324] JACS
[03:51:37] [128/324] GMMC
[03:51:38] [129/324] AICM
[03:51:40] [130/324] TJCM
[03:51:41] [131/324] RMTI
[03:51:41] [132/324] SHAC
[03:51:42] [133/324] APJC
[03:51:43] [134/324] GCTG
[03:51:43] [135/324] SSMC
[03:51:45] [136/324] THRM
[03:51:46] [137/324] RBCT
[03:51:47] [138/324] DIKT
[03:51:49] [139/324] MIDL
[03:51:50] [140/324] VCSN
[03:51:50] [141/324] SKTG
[03:51:51] [142/324] SMWC
[03:51:52] [143/324] MNKH
[03:51:53] [144/324] PIAT
[03:51:54] [145/324] LTTP
[03:51:55] [146/324] PTPU
[03:51:55] [147/324] ACMG
[03:51:56] [148/324] SHMM
[03:51:57] [149/324] MCMN
[03:51:58] [150/324] GLDC
[03:51:59] [151/324] HOUT
[03:52:00] [152/324] SVRP
[03:52:00] [153/324] PVDN
[03:52:01] [154/324] SCPY
[03:52:02] [155/324] DTPY
[03:52:03] [156/324] GKCS
[03:52:04] [157/324] NCAM
[03:52:04] [158/324] BSRM
[03:52:05] [159/324] RCLC
[03:52:06] [160/324] SKKD
[03:52:07] [161/324] ACHU
[03:52:08] [162/324] RSCF
[03:52:09] [163/324] IMSH
[03:52:10] [164/324] MACX
[03:52:11] [165/324] HMMW
[03:52:12] [166/324] JTCP
[03:52:12] [167/324] SREN
[03:52:13] [168/324] PJRR
[03:52:14] [169/324] INAC
[03:52:15] [170/324] BMCA
[03:52:16] [171/324] SHCB
[03:52:17] [172/324] GABA
[03:52:18] [173/324] SBCT
[03:52:19] [174/324] GCMA
[03:52:21] [175/324] MYTK
[03:52:21] [176/324] INZS
[03:52:22] [177/324] RMIK
[03:52:23] [178/324] NYCH
[03:52:24] [179/324] RAVE
[03:52:25] [180/324] PSXM
[03:52:25] [181/324] MCGP
[03:52:26] [182/324] PDDK
[03:52:27] [183/324] SPCK
[03:52:28] [184/324] MCRL
[03:52:29] [185/324] MHKT
[03:52:30] [186/324] ANRR
[03:52:31] [187/324] SAPK
[03:52:31] [188/324] NCUK
[03:52:32] [189/324] JUGA
[03:52:33] [190/324] DBSC
[03:52:34] [191/324] LALK
[03:52:34] [192/324] GUCK
[03:52:35] [193/324] STSG
[03:52:36] [194/324] PPPZ
[03:52:37] [195/324] CNCY
[03:52:38] [196/324] MTAR
[03:52:38] [197/324] VNKD
[03:52:39] [198/324] KMAJ
[03:52:40] [199/324] ACXK
[03:52:41] [200/324] UTKC
[03:52:41] [201/324] PBLK
[03:52:42] [202/324] ACBX
[03:52:43] [203/324] PTGM
[03:52:44] [204/324] BTDA
[03:52:44] [205/324] PJMB
[03:52:46] [206/324] TPDA
[03:52:47] [207/324] AMOE
[03:52:47] [208/324] PRHT
[03:52:48] [209/324] PRTA
[03:52:49] [210/324] STAM
[03:52:50] [211/324] MSAA
[03:52:51] [212/324] SDLU
[03:52:52] [213/324] RCHH
[03:52:53] [214/324] KANT
[03:52:53] [215/324] FCRT
[03:52:54] [216/324] DNKM
[03:52:55] [217/324] RYCP
[03:52:56] [218/324] MYRP
[03:52:57] [219/324] PPAK
[03:52:57] [220/324] NVPK
[03:52:58] [221/324] PRMC
[03:52:59] [222/324] JBCS
[03:52:59] [223/324] GXCK
[03:53:00] [224/324] USKO
[03:53:01] [225/324] GTEM
[03:53:02] [226/324] SMBU
[03:53:03] [227/324] VETC
[03:53:04] [228/324] LCDA
[03:53:04] [229/324] MTVT
[03:53:05] [230/324] PYCP
[03:53:06] [231/324] PNSC
[03:53:07] [232/324] PPCC
[03:53:08] [233/324] TGRT
[03:53:08] [234/324] JYOT
[03:53:09] [235/324] SRCZ
[03:53:10] [236/324] SJTE
[03:53:11] [237/324] DESC
[03:53:12] [238/324] JHVN
[03:53:12] [239/324] IPSG
[03:53:13] [240/324] IPCM
[03:53:14] [241/324] PDRS
[03:53:15] [242/324] ANCV
[03:53:16] [243/324] CMVV
[03:53:16] [244/324] SHYP
[03:53:17] [245/324] DNCS
[03:53:18] [246/324] GAJK
[03:53:19] [247/324] AKTN
[03:53:20] [248/324] KAYA
[03:53:21] [249/324] SBRC
[03:53:22] [250/324] CHTP
[03:53:24] [251/324] SHRT
[03:53:25] [252/324] BCKU
[03:53:25] [253/324] FCPS
[03:53:27] [254/324] ARDD
[03:53:28] [255/324] CPCM
[03:53:29] [256/324] CGSM
[03:53:29] [257/324] PSMP
[03:53:30] [258/324] SDAL
[03:53:31] [259/324] RTNB
[03:53:32] [260/324] LMCR
[03:53:33] [261/324] CIMA
[03:53:34] [262/324] RNAS
[03:53:35] [263/324] LITH
[03:53:35] [264/324] PBOX
[03:53:36] [265/324] FRTS
[03:53:37] [266/324] RKIC
[03:53:38] [267/324] PTAI
[03:53:39] [268/324] GCIC
[03:53:40] [269/324] FNAS
[03:53:41] [270/324] SCAR
[03:53:42] [271/324] MTCA
[03:53:43] [272/324] SCTS
[03:53:44] [273/324] SYCS
[03:53:45] [274/324] RDMS
[03:53:46] [275/324] KAMP
[03:53:47] [276/324] ERSD
[03:53:48] [277/324] MJMJ
[03:53:49] [278/324] SRCJ
[03:53:50] [279/324] SCXE
[03:53:51] [280/324] SVFR
[03:53:52] [281/324] BHCS
[03:53:53] [282/324] IMCC
[03:53:54] [283/324] PCBO
[03:53:56] [284/324] PRVN
[03:53:56] [285/324] AUPM
[03:53:57] [286/324] INBW
[03:53:58] [287/324] SVCW
[03:53:59] [288/324] RKCF
[03:54:00] [289/324] UVBH
[03:54:00] [290/324] DNCY
[03:54:01] [291/324] ABCN
[03:54:02] [292/324] PRUR
[03:54:03] [293/324] PFMR
[03:54:04] [294/324] RKCN
[03:54:04] [295/324] CFEA
[03:54:05] [296/324] SDBG
[03:54:06] [297/324] SNAR
[03:54:07] [298/324] YISI
[03:54:08] [299/324] JCFF
[03:54:08] [300/324] VTRK
[03:54:09] [301/324] PCLZ
[03:54:10] [302/324] DIMY
[03:54:11] [303/324] BBTS
[03:54:12] [304/324] GATH
[03:54:13] [305/324] GTMN
[03:54:14] [306/324] VTMH
[03:54:15] [307/324] CCKP
[03:54:16] [308/324] GPKA
[03:54:17] [309/324] MHCL
[03:54:17] [310/324] ATCL
[03:54:19] [311/324] SBCK
[03:54:20] [312/324] AMMR
[03:54:21] [313/324] MADC
[03:54:22] [314/324] TMMA
[03:54:23] [315/324] CACC
[03:54:24] [316/324] CHAL
[03:54:25] [317/324] DURG
[03:54:26] [318/324] GMKU
[03:54:27] [319/324] GECA
[03:54:27] [320/324] KYRR
[03:54:28] [321/324] KSDE
[03:54:29] [322/324] LMCI
[03:54:30] [323/324] NKCP
[03:54:31] [324/324] BGTC
[03:54:32] 🧹 Deduping shows
[03:54:32] ✅ DONE | Shows=683 | Movies=44
