[00:39:16] 🚀 BMS DAILY TRACKER STARTED
[00:39:16] [1/459] FNDB
[00:39:16] 🧠 New identity
[00:39:18] [2/459] AMBH
[00:39:18] [3/459] PRHN
[00:39:19] [4/459] ACPM
[00:39:20] [5/459] PVFS
[00:39:21] [6/459] AACN
[00:39:23] [7/459] ACAS
[00:39:24] [8/459] CTNR
[00:39:25] [9/459] MMAH
[00:39:26] [10/459] CPMH
[00:39:27] [11/459] IGMH
[00:39:28] [12/459] ABCS
[00:39:29] [13/459] CMMA
[00:39:30] [14/459] GPRH
[00:39:31] [15/459] PNNG
[00:39:32] [16/459] AMCA
[00:39:33] [17/459] ISTN
[00:39:34] [18/459] PIIC
[00:39:35] [19/459] AHMH
[00:39:36] [20/459] ASHN
[00:39:38] [21/459] INHY
[00:39:39] [22/459] SRMO
[00:39:39] [23/459] PIMH
[00:39:40] [24/459] PVTS
[00:39:41] [25/459] MMCA
[00:39:42] [26/459] AKYJ
[00:39:43] [27/459] BRKH
[00:39:44] [28/459] MAHM
[00:39:44] [29/459] CPHY
[00:39:45] [30/459] PVTP
[00:39:46] [31/459] SMMR
[00:39:47] [32/459] PVHM
[00:39:48] [33/459] SNDY
[00:39:49] [34/459] GOKU
[00:39:50] [35/459] ACEV
[00:39:51] [36/459] PVUM
[00:39:52] [37/459] VSWA
[00:39:52] [38/459] IPRS
[00:39:53] [39/459] ASGN
[00:39:54] [40/459] BKMV
[00:39:55] [41/459] PVYH
[00:39:56] [42/459] INKM
[00:39:57] [43/459] ARJU
[00:39:58] [44/459] JJPP
[00:39:59] [45/459] SSRM
[00:39:59] [46/459] HMHD
[00:40:00] [47/459] SNKH
[00:40:01] [48/459] ACHI
[00:40:02] [49/459] MRAA
[00:40:03] [50/459] INMH
[00:40:04] [51/459] ARMH
[00:40:05] [52/459] DVRR
[00:40:06] [53/459] SUDA
[00:40:07] [54/459] MCSS
[00:40:08] [55/459] VRKC
[00:40:09] [56/459] PRCX
[00:40:09] [57/459] ASJY
[00:40:10] [58/459] MTHY
[00:40:11] [59/459] SRCM
[00:40:12] [60/459] TVHY
[00:40:13] [61/459] STHD
[00:40:14] [62/459] CPCL
[00:40:15] [63/459] PSMJ
[00:40:16] [64/459] MRGT
[00:40:17] [65/459] ARYH
[00:40:18] [66/459] VTRB
[00:40:19] [67/459] SCHC
[00:40:20] [68/459] MRRG
[00:40:20] [69/459] SPCB
[00:40:21] [70/459] AMCM
[00:40:22] [71/459] IVNM
[00:40:23] [72/459] TRHY
[00:40:23] [73/459] PTTH
[00:40:24] [74/459] RKMH
[00:40:25] [75/459] PRCS
[00:40:26] [76/459] VAJA
[00:40:27] [77/459] BJNG
[00:40:28] [78/459] SCVM
[00:40:29] [79/459] GNHB
[00:40:29] [80/459] TLUR
[00:40:30] [81/459] UKCC
[00:40:31] [82/459] SRKR
[00:40:32] [83/459] RMKN
[00:40:33] [84/459] SLRT
[00:40:34] [85/459] LKMT
[00:40:35] [86/459] SSRJ
[00:40:35] [87/459] SPHT
[00:40:36] [88/459] ANTT
[00:40:37] [89/459] SRCH
[00:40:38] [90/459] SRCA
[00:40:39] [91/459] ARTH
[00:40:40] [92/459] MCBH
[00:40:41] [93/459] SNIB
[00:40:42] [94/459] SART
[00:40:43] [95/459] SKTA
[00:40:44] [96/459] YAKT
[00:40:44] [97/459] MLCK
[00:40:45] [98/459] ANTS
[00:40:46] [99/459] DGCA
[00:40:47] [100/459] SGMP
[00:40:48] [101/459] ASWN
[00:40:49] [102/459] KFVU
[00:40:49] [103/459] POOR
[00:40:50] [104/459] GKDN
[00:40:51] [105/459] EOSE
[00:40:52] [106/459] GTTT
[00:40:53] [107/459] ARRO
[00:40:53] [108/459] CMMK
[00:40:54] [109/459] MSCN
[00:40:55] [110/459] GDKH
[00:40:55] [111/459] DLMT
[00:40:56] [112/459] PVMF
[00:40:57] [113/459] CPCK
[00:40:58] [114/459] VMHE
[00:40:59] [115/459] PVLC
[00:41:00] [116/459] PCVB
[00:41:00] [117/459] SNYK
[00:41:01] [118/459] KTEK
[00:41:03] [119/459] PCNM
[00:41:03] [120/459] NTTR
[00:41:04] [121/459] CPSK
[00:41:05] [122/459] JMMA
[00:41:06] [123/459] GCFK
[00:41:06] [124/459] MYCA
[00:41:07] [125/459] KSNP
[00:41:08] [126/459] PMCE
[00:41:09] [127/459] SCKI
[00:41:10] [128/459] FSMA
[00:41:11] [129/459] CETA
[00:41:11] [130/459] MCIK
[00:41:13] [131/459] MYCR
[00:41:14] [132/459] EVMP
[00:41:14] [133/459] SSGT
[00:41:15] [134/459] KCTK
[00:41:16] [135/459] ZTKC
[00:41:17] [136/459] MMTA
[00:41:18] [137/459] MAJT
[00:41:19] [138/459] ACPK
[00:41:19] [139/459] JMAX
[00:41:20] [140/459] SETK
[00:41:21] [141/459] CAIS
[00:41:22] [142/459] AGCD
[00:41:23] [143/459] URCL
[00:41:24] [144/459] VTDS
[00:41:25] [145/459] JCNM
[00:41:26] [146/459] KCAM
[00:41:27] [147/459] ADCU
[00:41:28] [148/459] GXYN
[00:41:29] [149/459] SMJG
[00:41:30] [150/459] EYCJ
[00:41:31] [151/459] CCEJ
[00:41:32] [152/459] MARS
[00:41:33] [153/459] CPVJ
[00:41:35] [154/459] INVP
[00:41:36] [155/459] CPOV
[00:41:37] [156/459] VIJK
[00:41:37] [157/459] LAIM
[00:41:38] [158/459] STHV
[00:41:39] [159/459] SVLJ
[00:41:40] [160/459] ATVJ
[00:41:41] [161/459] JTSC
[00:41:41] [162/459] RMTV
[00:41:42] [163/459] MGGG
[00:41:43] [164/459] SWTH
[00:41:44] [165/459] INVJ
[00:41:45] [166/459] PRSV
[00:41:46] [167/459] JATV
[00:41:46] [168/459] RCVD
[00:41:47] [169/459] BDMA
[00:41:48] [170/459] BLJI
[00:41:49] [171/459] SWOT
[00:41:51] [172/459] SWRN
[00:41:51] [173/459] TVRA
[00:41:52] [174/459] VCSV
[00:41:53] [175/459] NVRN
[00:41:54] [176/459] SIKC
[00:41:55] [177/459] VAKR
[00:41:55] [178/459] SYLN
[00:41:56] [179/459] KLJL
[00:41:57] [180/459] LKMY
[00:41:58] [181/459] VSLY
[00:41:59] [182/459] CIKO
[00:41:59] [183/459] GPBG
[00:42:00] [184/459] CECM
[00:42:02] [185/459] SLKB
[00:42:03] [186/459] MTBO
[00:42:04] [187/459] SSHB
[00:42:04] [188/459] VPCS
[00:42:05] [189/459] RCSR
[00:42:06] [190/459] RJRM
[00:42:07] [191/459] KPPB
[00:42:08] [192/459] SEDC
[00:42:09] [193/459] SCAI
[00:42:09] [194/459] RMTR
[00:42:10] [195/459] ASST
[00:42:11] [196/459] GCAK
[00:42:12] [197/459] ANNK
[00:42:13] [198/459] KDDF
[00:42:14] [199/459] NRDP
[00:42:14] [200/459] PLAK
[00:42:15] [201/459] GCMC
[00:42:16] [202/459] ALPY
[00:42:17] [203/459] SICE
[00:42:18] [204/459] SISR
[00:42:18] [205/459] SRPZ
[00:42:19] [206/459] SRSW
[00:42:20] [207/459] SUYA
[00:42:21] [208/459] AMMT
[00:42:22] [209/459] BHCU
[00:42:23] [210/459] KLPA
[00:42:24] [211/459] NVKH
[00:42:25] [212/459] JMRC
[00:42:26] [213/459] KTTT
[00:42:27] [214/459] MAGH
[00:42:28] [215/459] MMMX
[00:42:29] [216/459] SALJ
[00:42:30] [217/459] GTJA
[00:42:31] [218/459] MAHT
[00:42:32] [219/459] SSNN
[00:42:33] [220/459] ARRP
[00:42:34] [221/459] ATNS
[00:42:35] [222/459] SKDT
[00:42:36] [223/459] ACAT
[00:42:36] [224/459] APRC
[00:42:37] [225/459] SWAG
[00:42:38] [226/459] SDPT
[00:42:39] [227/459] STPS
[00:42:40] [228/459] WWCZ
[00:42:41] [229/459] LLCH
[00:42:42] [230/459] MZHA
[00:42:43] [231/459] CRJG
[00:42:43] [232/459] JGTK
[00:42:45] [233/459] KCSR
[00:42:46] [234/459] CHTL
[00:42:47] [235/459] EDSR
[00:42:47] [236/459] CSWO
[00:42:48] [237/459] CPVM
[00:42:49] [238/459] MXBY
[00:42:50] [239/459] FMMA
[00:42:51] [240/459] POVI
[00:42:52] [241/459] MTHB
[00:42:53] [242/459] INRC
[00:42:54] [243/459] PIPP
[00:42:55] [244/459] BMXC
[00:42:55] [245/459] PCMM
[00:42:56] [246/459] PMKM
[00:42:57] [247/459] GATY
[00:42:58] [248/459] IMCM
[00:42:59] [249/459] POPE
[00:43:00] [250/459] MTCR
[00:43:01] [251/459] PVAE
[00:43:02] [252/459] PVMI
[00:43:02] [253/459] CPNM
[00:43:03] [254/459] FMRL
[00:43:04] [255/459] MCIW
[00:43:05] [256/459] MXBO
[00:43:07] [257/459] FMKY
[00:43:08] [258/459] FMDA
[00:43:09] [259/459] THAB
[00:43:09] [260/459] PRCW
[00:43:10] [261/459] PITI
[00:43:11] [262/459] MCFF
[00:43:12] [263/459] PDDV
[00:43:13] [264/459] MCRM
[00:43:13] [265/459] KKMB
[00:43:14] [266/459] INKO
[00:43:15] [267/459] PLXP
[00:43:16] [268/459] MMHA
[00:43:17] [269/459] FMVS
[00:43:17] [270/459] POLM
[00:43:18] [271/459] STER
[00:43:19] [272/459] PVWJ
[00:43:20] [273/459] IMJW
[00:43:21] [274/459] FNAN
[00:43:21] [275/459] CAGL
[00:43:22] [276/459] IPBG
[00:43:23] [277/459] SMFV
[00:43:24] [278/459] MMMR
[00:43:25] [279/459] MMWM
[00:43:26] [280/459] FNCM
[00:43:27] [281/459] MDVA
[00:43:27] [282/459] MMET
[00:43:28] [283/459] MIDO
[00:43:29] [284/459] INNP
[00:43:30] [285/459] MIFU
[00:43:31] [286/459] MMSZ
[00:43:32] [287/459] BMXA
[00:43:33] [288/459] MCAA
[00:43:34] [289/459] SCVP
[00:43:35] [290/459] PLUS
[00:43:36] [291/459] MUCK
[00:43:37] [292/459] MTMA
[00:43:38] [293/459] HPVR
[00:43:40] [294/459] PMPK
[00:43:41] [295/459] MAJB
[00:43:42] [296/459] CTRR
[00:43:43] [297/459] MCTG
[00:43:44] [298/459] MACE
[00:43:46] [299/459] AAAS
[00:43:47] [300/459] CPVV
[00:43:47] [301/459] RCHG
[00:43:48] [302/459] MCNE
[00:43:49] [303/459] EMNC
[00:43:50] [304/459] MCAN
[00:43:51] [305/459] TCDM
[00:43:51] [306/459] IRGT
[00:43:52] [307/459] GCMG
[00:43:53] [308/459] MXSN
[00:43:54] [309/459] MXCK
[00:43:55] [310/459] MCRC
[00:43:56] [311/459] RSMI
[00:43:56] [312/459] WAML
[00:43:58] [313/459] MTSC
[00:43:58] [314/459] FMDR
[00:43:59] [315/459] LEPV
[00:44:00] [316/459] MTGD
[00:44:01] [317/459] IMOB
[00:44:02] [318/459] CLMM
[00:44:03] [319/459] PZCD
[00:44:03] [320/459] GOCS
[00:44:04] [321/459] KCMA
[00:44:05] [322/459] CCMP
[00:44:06] [323/459] MTSU
[00:44:08] [324/459] SNGL
[00:44:08] [325/459] MMMC
[00:44:09] [326/459] MMAA
[00:44:10] [327/459] GCDM
[00:44:11] [328/459] KTMV
[00:44:12] [329/459] AETE
[00:44:13] [330/459] OMCS
[00:44:13] [331/459] GDCD
[00:44:14] [332/459] NYMD
[00:44:15] [333/459] RNCV
[00:44:16] [334/459] KKMT
[00:44:16] [335/459] GDTH
[00:44:17] [336/459] KMMV
[00:44:18] [337/459] NHCG
[00:44:19] [338/459] PJDW
[00:44:20] [339/459] MMCV
[00:44:21] [340/459] FQSA
[00:44:22] [341/459] KURL
[00:44:23] [342/459] NNNX
[00:44:24] [343/459] AMAU
[00:44:25] [344/459] VVVM
[00:44:26] [345/459] VECU
[00:44:27] [346/459] WCVR
[00:44:28] [347/459] MTGG
[00:44:29] [348/459] SGTG
[00:44:30] [349/459] MNTG
[00:44:31] [350/459] JDDG
[00:44:32] [351/459] MBTK
[00:44:32] [352/459] SGCD
[00:44:33] [353/459] MCTC
[00:44:34] [354/459] JTPC
[00:44:34] [355/459] SDKT
[00:44:35] [356/459] KRCC
[00:44:36] [357/459] RMMD
[00:44:37] [358/459] AAME
[00:44:39] [359/459] TMWC
[00:44:40] [360/459] NRWY
[00:44:41] [361/459] CITD
[00:44:42] [362/459] VERD
[00:44:43] [363/459] MKSK
[00:44:44] [364/459] STSM
[00:44:44] [365/459] MJDG
[00:44:45] [366/459] RKPM
[00:44:46] [367/459] SSCE
[00:44:47] [368/459] VMAE
[00:44:48] [369/459] SBRU
[00:44:49] [370/459] AMBC
[00:44:50] [371/459] AMLU
[00:44:51] [372/459] INVZ
[00:44:52] [373/459] LGTV
[00:44:53] [374/459] SVAD
[00:44:54] [375/459] SMSA
[00:44:54] [376/459] SPCZ
[00:44:55] [377/459] GTCX
[00:44:56] [378/459] SCSL
[00:44:57] [379/459] SAHU
[00:44:58] [380/459] NCDA
[00:44:58] [381/459] SCCG
[00:44:59] [382/459] VKTL
[00:45:00] [383/459] PUUJ
[00:45:01] [384/459] STEJ
[00:45:02] [385/459] RJAL
[00:45:03] [386/459] ACJC
[00:45:03] [387/459] VTHC
[00:45:04] [388/459] ARVB
[00:45:05] [389/459] AUBB
[00:45:06] [390/459] GDBR
[00:45:07] [391/459] PVND
[00:45:08] [392/459] BGRJ
[00:45:09] [393/459] RJMM
[00:45:10] [394/459] MCSA
[00:45:10] [395/459] BODA
[00:45:11] [396/459] JAGG
[00:45:12] [397/459] SCGA
[00:45:13] [398/459] LRCM
[00:45:14] [399/459] CPCN
[00:45:15] [400/459] SSTF
[00:45:16] [401/459] SRXP
[00:45:17] [402/459] CNFX
[00:45:17] [403/459] ANDI
[00:45:18] [404/459] SYEW
[00:45:19] [405/459] RCRE
[00:45:20] [406/459] SCRW
[00:45:21] [407/459] MBKR
[00:45:22] [408/459] ASNT
[00:45:23] [409/459] JTMT
[00:45:24] [410/459] SHAY
[00:45:25] [411/459] VRTH
[00:45:26] [412/459] SPTI
[00:45:26] [413/459] DPTD
[00:45:27] [414/459] TGSN
[00:45:28] [415/459] RCWV
[00:45:29] [416/459] OCUR
[00:45:30] [417/459] KSTC
[00:45:31] [418/459] SANI
[00:45:32] [419/459] MLCA
[00:45:33] [420/459] EGCA
[00:45:34] [421/459] SYSN
[00:45:35] [422/459] PKTA
[00:45:35] [423/459] PRCC
[00:45:36] [424/459] KSTR
[00:45:37] [425/459] SNTP
[00:45:38] [426/459] RCHA
[00:45:40] [427/459] SEEA
[00:45:41] [428/459] ALAT
[00:45:41] [429/459] AATV
[00:45:42] [430/459] RJTE
[00:45:43] [431/459] AAPP
[00:45:44] [432/459] PMMH
[00:45:44] [433/459] INRJ
[00:45:45] [434/459] SARB
[00:45:46] [435/459] PCJL
[00:45:48] [436/459] PFJJ
[00:45:49] [437/459] GRDC
[00:45:49] [438/459] BCBA
[00:45:50] [439/459] VIXL
[00:45:51] [440/459] CSTL
[00:45:52] [441/459] MTDK
[00:45:53] [442/459] TDAC
[00:45:54] [443/459] GTDN
[00:45:54] [444/459] TTDE
[00:45:55] [445/459] ASTS
[00:45:56] [446/459] CPNS
[00:45:57] [447/459] PVVW
[00:45:58] [448/459] USEB
[00:45:59] [449/459] DTYN
[00:46:00] [450/459] PVLE
[00:46:00] [451/459] CIPS
[00:46:02] [452/459] PAEG
[00:46:03] [453/459] PTCW
[00:46:04] [454/459] G3SR
[00:46:05] [455/459] PGND
[00:46:05] [456/459] INVM
[00:46:06] [457/459] SPIA
[00:46:07] [458/459] PCSN
[00:46:08] [459/459] PPGV
[00:46:10] ✅ DONE | Shows=19 | Movies=2
[01:42:47] 🚀 BMS DAILY TRACKER STARTED
[01:42:47] [1/459] FNDB
[01:42:47] 🧠 New identity
[01:42:48] [2/459] AMBH
[01:42:49] [3/459] PRHN
[01:42:49] [4/459] ACPM
[01:42:50] [5/459] PVFS
[01:42:51] [6/459] AACN
[01:42:52] [7/459] ACAS
[01:42:53] [8/459] CTNR
[01:42:53] [9/459] MMAH
[01:42:54] [10/459] CPMH
[01:42:55] [11/459] IGMH
[01:42:56] [12/459] ABCS
[01:42:56] [13/459] CMMA
[01:42:57] [14/459] GPRH
[01:42:58] [15/459] PNNG
[01:42:59] [16/459] AMCA
[01:43:00] [17/459] ISTN
[01:43:00] [18/459] PIIC
[01:43:01] [19/459] AHMH
[01:43:02] [20/459] ASHN
[01:43:03] [21/459] INHY
[01:43:04] [22/459] SRMO
[01:43:04] [23/459] PIMH
[01:43:05] [24/459] PVTS
[01:43:06] [25/459] MMCA
[01:43:07] [26/459] AKYJ
[01:43:08] [27/459] BRKH
[01:43:09] [28/459] MAHM
[01:43:10] [29/459] CPHY
[01:43:11] [30/459] PVTP
[01:43:12] [31/459] SMMR
[01:43:13] [32/459] PVHM
[01:43:13] [33/459] SNDY
[01:43:14] [34/459] GOKU
[01:43:15] [35/459] ACEV
[01:43:16] [36/459] PVUM
[01:43:17] [37/459] VSWA
[01:43:18] [38/459] IPRS
[01:43:18] [39/459] ASGN
[01:43:19] [40/459] BKMV
[01:43:20] [41/459] PVYH
[01:43:21] [42/459] INKM
[01:43:22] [43/459] ARJU
[01:43:22] [44/459] JJPP
[01:43:24] [45/459] SSRM
[01:43:25] [46/459] HMHD
[01:43:25] [47/459] SNKH
[01:43:26] [48/459] ACHI
[01:43:27] [49/459] MRAA
[01:43:28] [50/459] INMH
[01:43:30] [51/459] ARMH
[01:43:31] [52/459] DVRR
[01:43:31] [53/459] SUDA
[01:43:32] [54/459] MCSS
[01:43:33] [55/459] VRKC
[01:43:34] [56/459] PRCX
[01:43:35] [57/459] ASJY
[01:43:36] [58/459] MTHY
[01:43:37] [59/459] SRCM
[01:43:37] [60/459] TVHY
[01:43:38] [61/459] STHD
[01:43:39] [62/459] CPCL
[01:43:40] [63/459] PSMJ
[01:43:40] [64/459] MRGT
[01:43:41] [65/459] ARYH
[01:43:42] [66/459] VTRB
[01:43:43] [67/459] SCHC
[01:43:43] [68/459] MRRG
[01:43:44] [69/459] SPCB
[01:43:45] [70/459] AMCM
[01:43:46] [71/459] IVNM
[01:43:47] [72/459] TRHY
[01:43:48] [73/459] PTTH
[01:43:49] [74/459] RKMH
[01:43:50] [75/459] PRCS
[01:43:51] [76/459] VAJA
[01:43:52] [77/459] BJNG
[01:43:53] [78/459] SCVM
[01:43:54] [79/459] GNHB
[01:43:54] [80/459] TLUR
[01:43:55] [81/459] UKCC
[01:43:56] [82/459] SRKR
[01:43:57] [83/459] RMKN
[01:43:58] [84/459] SLRT
[01:43:58] [85/459] LKMT
[01:43:59] [86/459] SSRJ
[01:44:00] [87/459] SPHT
[01:44:01] [88/459] ANTT
[01:44:02] [89/459] SRCH
[01:44:02] [90/459] SRCA
[01:44:03] [91/459] ARTH
[01:44:04] [92/459] MCBH
[01:44:05] [93/459] SNIB
[01:44:06] [94/459] SART
[01:44:07] [95/459] SKTA
[01:44:08] [96/459] YAKT
[01:44:09] [97/459] MLCK
[01:44:09] [98/459] ANTS
[01:44:10] [99/459] DGCA
[01:44:12] [100/459] SGMP
[01:44:12] [101/459] ASWN
[01:44:13] [102/459] KFVU
[01:44:14] [103/459] POOR
[01:44:15] [104/459] GKDN
[01:44:16] [105/459] EOSE
[01:44:17] [106/459] GTTT
[01:44:17] [107/459] ARRO
[01:44:19] [108/459] CMMK
[01:44:20] [109/459] MSCN
[01:44:20] [110/459] GDKH
[01:44:21] [111/459] DLMT
[01:44:22] [112/459] PVMF
[01:44:23] [113/459] CPCK
[01:44:24] [114/459] VMHE
[01:44:25] [115/459] PVLC
[01:44:26] [116/459] PCVB
[01:44:27] [117/459] SNYK
[01:44:28] [118/459] KTEK
[01:44:29] [119/459] PCNM
[01:44:30] [120/459] NTTR
[01:44:30] [121/459] CPSK
[01:44:31] [122/459] JMMA
[01:44:32] [123/459] GCFK
[01:44:33] [124/459] MYCA
[01:44:34] [125/459] KSNP
[01:44:34] [126/459] PMCE
[01:44:35] [127/459] SCKI
[01:44:36] [128/459] FSMA
[01:44:37] [129/459] CETA
[01:44:38] [130/459] MCIK
[01:44:38] [131/459] MYCR
[01:44:39] [132/459] EVMP
[01:44:40] [133/459] SSGT
[01:44:41] [134/459] KCTK
[01:44:41] [135/459] ZTKC
[01:44:42] [136/459] MMTA
[01:44:43] [137/459] MAJT
[01:44:44] [138/459] ACPK
[01:44:45] [139/459] JMAX
[01:44:46] [140/459] SETK
[01:44:46] [141/459] CAIS
[01:44:47] [142/459] AGCD
[01:44:48] [143/459] URCL
[01:44:49] [144/459] VTDS
[01:44:50] [145/459] JCNM
[01:44:51] [146/459] KCAM
[01:44:52] [147/459] ADCU
[01:44:53] [148/459] GXYN
[01:44:54] [149/459] SMJG
[01:44:55] [150/459] EYCJ
[01:44:56] [151/459] CCEJ
[01:44:57] [152/459] MARS
[01:44:58] [153/459] CPVJ
[01:44:59] [154/459] INVP
[01:44:59] [155/459] CPOV
[01:45:00] [156/459] VIJK
[01:45:01] [157/459] LAIM
[01:45:02] [158/459] STHV
[01:45:03] [159/459] SVLJ
[01:45:04] [160/459] ATVJ
[01:45:05] [161/459] JTSC
[01:45:06] [162/459] RMTV
[01:45:06] [163/459] MGGG
[01:45:07] [164/459] SWTH
[01:45:08] [165/459] INVJ
[01:45:09] [166/459] PRSV
[01:45:10] [167/459] JATV
[01:45:10] [168/459] RCVD
[01:45:11] [169/459] BDMA
[01:45:12] [170/459] BLJI
[01:45:13] [171/459] SWOT
[01:45:14] [172/459] SWRN
[01:45:14] [173/459] TVRA
[01:45:15] [174/459] VCSV
[01:45:16] [175/459] NVRN
[01:45:17] [176/459] SIKC
[01:45:18] [177/459] VAKR
[01:45:19] [178/459] SYLN
[01:45:20] [179/459] KLJL
[01:45:22] [180/459] LKMY
[01:45:22] [181/459] VSLY
[01:45:23] [182/459] CIKO
[01:45:24] [183/459] GPBG
[01:45:25] [184/459] CECM
[01:45:26] [185/459] SLKB
[01:45:26] [186/459] MTBO
[01:45:28] [187/459] SSHB
[01:45:29] [188/459] VPCS
[01:45:30] [189/459] RCSR
[01:45:31] [190/459] RJRM
[01:45:32] [191/459] KPPB
[01:45:33] [192/459] SEDC
[01:45:34] [193/459] SCAI
[01:45:34] [194/459] RMTR
[01:45:35] [195/459] ASST
[01:45:36] [196/459] GCAK
[01:45:37] [197/459] ANNK
[01:45:38] [198/459] KDDF
[01:45:38] [199/459] NRDP
[01:45:39] [200/459] PLAK
[01:45:40] [201/459] GCMC
[01:45:41] [202/459] ALPY
[01:45:42] [203/459] SICE
[01:45:43] [204/459] SISR
[01:45:44] [205/459] SRPZ
[01:45:45] [206/459] SRSW
[01:45:45] [207/459] SUYA
[01:45:46] [208/459] AMMT
[01:45:47] [209/459] BHCU
[01:45:48] [210/459] KLPA
[01:45:49] [211/459] NVKH
[01:45:50] [212/459] JMRC
[01:45:51] [213/459] KTTT
[01:45:51] [214/459] MAGH
[01:45:52] [215/459] MMMX
[01:45:53] [216/459] SALJ
[01:45:54] [217/459] GTJA
[01:45:55] [218/459] MAHT
[01:45:56] [219/459] SSNN
[01:45:56] [220/459] ARRP
[01:45:57] [221/459] ATNS
[01:45:58] [222/459] SKDT
[01:45:59] [223/459] ACAT
[01:46:00] [224/459] APRC
[01:46:01] [225/459] SWAG
[01:46:02] [226/459] SDPT
[01:46:03] [227/459] STPS
[01:46:04] [228/459] WWCZ
[01:46:04] [229/459] LLCH
[01:46:06] [230/459] MZHA
[01:46:07] [231/459] CRJG
[01:46:08] [232/459] JGTK
[01:46:08] [233/459] KCSR
[01:46:09] [234/459] CHTL
[01:46:10] [235/459] EDSR
[01:46:11] [236/459] CSWO
[01:46:12] [237/459] CPVM
[01:46:13] [238/459] MXBY
[01:46:14] [239/459] FMMA
[01:46:15] [240/459] POVI
[01:46:16] [241/459] MTHB
[01:46:17] [242/459] INRC
[01:46:18] [243/459] PIPP
[01:46:19] [244/459] BMXC
[01:46:20] [245/459] PCMM
[01:46:20] [246/459] PMKM
[01:46:21] [247/459] GATY
[01:46:22] [248/459] IMCM
[01:46:23] [249/459] POPE
[01:46:23] [250/459] MTCR
[01:46:24] [251/459] PVAE
[01:46:25] [252/459] PVMI
[01:46:26] [253/459] CPNM
[01:46:26] [254/459] FMRL
[01:46:27] [255/459] MCIW
[01:46:28] [256/459] MXBO
[01:46:28] [257/459] FMKY
[01:46:29] [258/459] FMDA
[01:46:30] [259/459] THAB
[01:46:31] [260/459] PRCW
[01:46:32] [261/459] PITI
[01:46:33] [262/459] MCFF
[01:46:34] [263/459] PDDV
[01:46:35] [264/459] MCRM
[01:46:36] [265/459] KKMB
[01:46:36] [266/459] INKO
[01:46:37] [267/459] PLXP
[01:46:38] [268/459] MMHA
[01:46:39] [269/459] FMVS
[01:46:40] [270/459] POLM
[01:46:40] [271/459] STER
[01:46:41] [272/459] PVWJ
[01:46:42] [273/459] IMJW
[01:46:42] [274/459] FNAN
[01:46:43] [275/459] CAGL
[01:46:44] [276/459] IPBG
[01:46:45] [277/459] SMFV
[01:46:46] [278/459] MMMR
[01:46:46] [279/459] MMWM
[01:46:48] [280/459] FNCM
[01:46:48] [281/459] MDVA
[01:46:49] [282/459] MMET
[01:46:50] [283/459] MIDO
[01:46:52] [284/459] INNP
[01:46:53] [285/459] MIFU
[01:46:54] [286/459] MMSZ
[01:46:54] [287/459] BMXA
[01:46:55] [288/459] MCAA
[01:46:57] [289/459] SCVP
[01:46:58] [290/459] PLUS
[01:46:59] [291/459] MUCK
[01:47:00] [292/459] MTMA
[01:47:01] [293/459] HPVR
[01:47:01] [294/459] PMPK
[01:47:03] [295/459] MAJB
[01:47:03] [296/459] CTRR
[01:47:04] [297/459] MCTG
[01:47:05] [298/459] MACE
[01:47:06] [299/459] AAAS
[01:47:07] [300/459] CPVV
[01:47:09] [301/459] RCHG
[01:47:09] [302/459] MCNE
[01:47:10] [303/459] EMNC
[01:47:11] [304/459] MCAN
[01:47:12] [305/459] TCDM
[01:47:13] [306/459] IRGT
[01:47:14] [307/459] GCMG
[01:47:15] [308/459] MXSN
[01:47:15] [309/459] MXCK
[01:47:17] [310/459] MCRC
[01:47:18] [311/459] RSMI
[01:47:19] [312/459] WAML
[01:47:19] [313/459] MTSC
[01:47:20] [314/459] FMDR
[01:47:21] [315/459] LEPV
[01:47:22] [316/459] MTGD
[01:47:23] [317/459] IMOB
[01:47:23] [318/459] CLMM
[01:47:24] [319/459] PZCD
[01:47:25] [320/459] GOCS
[01:47:26] [321/459] KCMA
[01:47:27] [322/459] CCMP
[01:47:27] [323/459] MTSU
[01:47:28] [324/459] SNGL
[01:47:29] [325/459] MMMC
[01:47:30] [326/459] MMAA
[01:47:31] [327/459] GCDM
[01:47:32] [328/459] KTMV
[01:47:32] [329/459] AETE
[01:47:33] [330/459] OMCS
[01:47:34] [331/459] GDCD
[01:47:35] [332/459] NYMD
[01:47:36] [333/459] RNCV
[01:47:37] [334/459] KKMT
[01:47:38] [335/459] GDTH
[01:47:39] [336/459] KMMV
[01:47:39] [337/459] NHCG
[01:47:40] [338/459] PJDW
[01:47:42] [339/459] MMCV
[01:47:42] [340/459] FQSA
[01:47:43] [341/459] KURL
[01:47:45] [342/459] NNNX
[01:47:46] [343/459] AMAU
[01:47:46] [344/459] VVVM
[01:47:47] [345/459] VECU
[01:47:49] [346/459] WCVR
[01:47:51] [347/459] MTGG
[01:47:52] [348/459] SGTG
[01:47:52] [349/459] MNTG
[01:47:53] [350/459] JDDG
[01:47:54] [351/459] MBTK
[01:47:55] [352/459] SGCD
[01:47:56] [353/459] MCTC
[01:47:56] [354/459] JTPC
[01:47:57] [355/459] SDKT
[01:47:59] [356/459] KRCC
[01:48:00] [357/459] RMMD
[01:48:00] [358/459] AAME
[01:48:01] [359/459] TMWC
[01:48:02] [360/459] NRWY
[01:48:03] [361/459] CITD
[01:48:03] [362/459] VERD
[01:48:05] [363/459] MKSK
[01:48:06] [364/459] STSM
[01:48:07] [365/459] MJDG
[01:48:07] [366/459] RKPM
[01:48:09] [367/459] SSCE
[01:48:09] [368/459] VMAE
[01:48:11] [369/459] SBRU
[01:48:12] [370/459] AMBC
[01:48:13] [371/459] AMLU
[01:48:13] [372/459] INVZ
[01:48:14] [373/459] LGTV
[01:48:15] [374/459] SVAD
[01:48:16] [375/459] SMSA
[01:48:17] [376/459] SPCZ
[01:48:18] [377/459] GTCX
[01:48:18] [378/459] SCSL
[01:48:19] [379/459] SAHU
[01:48:20] [380/459] NCDA
[01:48:21] [381/459] SCCG
[01:48:22] [382/459] VKTL
[01:48:23] [383/459] PUUJ
[01:48:24] [384/459] STEJ
[01:48:25] [385/459] RJAL
[01:48:26] [386/459] ACJC
[01:48:27] [387/459] VTHC
[01:48:28] [388/459] ARVB
[01:48:29] [389/459] AUBB
[01:48:30] [390/459] GDBR
[01:48:31] [391/459] PVND
[01:48:31] [392/459] BGRJ
[01:48:32] [393/459] RJMM
[01:48:34] [394/459] MCSA
[01:48:35] [395/459] BODA
[01:48:36] [396/459] JAGG
[01:48:36] [397/459] SCGA
[01:48:38] [398/459] LRCM
[01:48:39] [399/459] CPCN
[01:48:39] [400/459] SSTF
[01:48:40] [401/459] SRXP
[01:48:41] [402/459] CNFX
[01:48:42] [403/459] ANDI
[01:48:43] [404/459] SYEW
[01:48:44] [405/459] RCRE
[01:48:45] [406/459] SCRW
[01:48:46] [407/459] MBKR
[01:48:47] [408/459] ASNT
[01:48:48] [409/459] JTMT
[01:48:48] [410/459] SHAY
[01:48:49] [411/459] VRTH
[01:48:50] [412/459] SPTI
[01:48:51] [413/459] DPTD
[01:48:52] [414/459] TGSN
[01:48:53] [415/459] RCWV
[01:48:54] [416/459] OCUR
[01:48:54] [417/459] KSTC
[01:48:55] [418/459] SANI
[01:48:56] [419/459] MLCA
[01:48:57] [420/459] EGCA
[01:48:58] [421/459] SYSN
[01:48:58] [422/459] PKTA
[01:48:59] [423/459] PRCC
[01:49:00] [424/459] KSTR
[01:49:01] [425/459] SNTP
[01:49:01] [426/459] RCHA
[01:49:03] [427/459] SEEA
[01:49:04] [428/459] ALAT
[01:49:05] [429/459] AATV
[01:49:06] [430/459] RJTE
[01:49:06] [431/459] AAPP
[01:49:07] [432/459] PMMH
[01:49:08] [433/459] INRJ
[01:49:09] [434/459] SARB
[01:49:10] [435/459] PCJL
[01:49:11] [436/459] PFJJ
[01:49:11] [437/459] GRDC
[01:49:13] [438/459] BCBA
[01:49:14] [439/459] VIXL
[01:49:15] [440/459] CSTL
[01:49:16] [441/459] MTDK
[01:49:17] [442/459] TDAC
[01:49:18] [443/459] GTDN
[01:49:19] [444/459] TTDE
[01:49:20] [445/459] ASTS
[01:49:20] [446/459] CPNS
[01:49:22] [447/459] PVVW
[01:49:24] [448/459] USEB
[01:49:24] [449/459] DTYN
[01:49:26] [450/459] PVLE
[01:49:27] [451/459] CIPS
[01:49:28] [452/459] PAEG
[01:49:29] [453/459] PTCW
[01:49:29] [454/459] G3SR
[01:49:30] [455/459] PGND
[01:49:31] [456/459] INVM
[01:49:32] [457/459] SPIA
[01:49:33] [458/459] PCSN
[01:49:34] [459/459] PPGV
[01:49:35] ✅ DONE | Shows=24 | Movies=2
[02:40:16] 🚀 BMS DAILY TRACKER STARTED
[02:40:16] [1/459] FNDB
[02:40:16] 🧠 New identity
[02:40:17] [2/459] AMBH
[02:40:18] [3/459] PRHN
[02:40:19] [4/459] ACPM
[02:40:19] [5/459] PVFS
[02:40:20] [6/459] AACN
[02:40:22] [7/459] ACAS
[02:40:23] [8/459] CTNR
[02:40:24] [9/459] MMAH
[02:40:24] [10/459] CPMH
[02:40:25] [11/459] IGMH
[02:40:26] [12/459] ABCS
[02:40:27] [13/459] CMMA
[02:40:27] [14/459] GPRH
[02:40:28] [15/459] PNNG
[02:40:29] [16/459] AMCA
[02:40:30] [17/459] ISTN
[02:40:31] [18/459] PIIC
[02:40:31] [19/459] AHMH
[02:40:32] [20/459] ASHN
[02:40:33] [21/459] INHY
[02:40:33] [22/459] SRMO
[02:40:34] [23/459] PIMH
[02:40:36] [24/459] PVTS
[02:40:37] [25/459] MMCA
[02:40:38] [26/459] AKYJ
[02:40:39] [27/459] BRKH
[02:40:40] [28/459] MAHM
[02:40:40] [29/459] CPHY
[02:40:41] [30/459] PVTP
[02:40:42] [31/459] SMMR
[02:40:43] [32/459] PVHM
[02:40:44] [33/459] SNDY
[02:40:45] [34/459] GOKU
[02:40:46] [35/459] ACEV
[02:40:47] [36/459] PVUM
[02:40:48] [37/459] VSWA
[02:40:49] [38/459] IPRS
[02:40:49] [39/459] ASGN
[02:40:50] [40/459] BKMV
[02:40:51] [41/459] PVYH
[02:40:52] [42/459] INKM
[02:40:53] [43/459] ARJU
[02:40:54] [44/459] JJPP
[02:40:54] [45/459] SSRM
[02:40:55] [46/459] HMHD
[02:40:56] [47/459] SNKH
[02:40:57] [48/459] ACHI
[02:40:58] [49/459] MRAA
[02:40:59] [50/459] INMH
[02:41:00] [51/459] ARMH
[02:41:01] [52/459] DVRR
[02:41:02] [53/459] SUDA
[02:41:02] [54/459] MCSS
[02:41:03] [55/459] VRKC
[02:41:04] [56/459] PRCX
[02:41:05] [57/459] ASJY
[02:41:06] [58/459] MTHY
[02:41:07] [59/459] SRCM
[02:41:07] [60/459] TVHY
[02:41:08] [61/459] STHD
[02:41:09] [62/459] CPCL
[02:41:10] [63/459] PSMJ
[02:41:11] [64/459] MRGT
[02:41:12] [65/459] ARYH
[02:41:12] [66/459] VTRB
[02:41:13] [67/459] SCHC
[02:41:14] [68/459] MRRG
[02:41:15] [69/459] SPCB
[02:41:16] [70/459] AMCM
[02:41:17] [71/459] IVNM
[02:41:18] [72/459] TRHY
[02:41:18] [73/459] PTTH
[02:41:19] [74/459] RKMH
[02:41:20] [75/459] PRCS
[02:41:21] [76/459] VAJA
[02:41:22] [77/459] BJNG
[02:41:23] [78/459] SCVM
[02:41:24] [79/459] GNHB
[02:41:25] [80/459] TLUR
[02:41:26] [81/459] UKCC
[02:41:27] [82/459] SRKR
[02:41:28] [83/459] RMKN
[02:41:29] [84/459] SLRT
[02:41:29] [85/459] LKMT
[02:41:30] [86/459] SSRJ
[02:41:31] [87/459] SPHT
[02:41:32] [88/459] ANTT
[02:41:33] [89/459] SRCH
[02:41:33] [90/459] SRCA
[02:41:34] [91/459] ARTH
[02:41:35] [92/459] MCBH
[02:41:36] [93/459] SNIB
[02:41:37] [94/459] SART
[02:41:37] [95/459] SKTA
[02:41:38] [96/459] YAKT
[02:41:39] [97/459] MLCK
[02:41:40] [98/459] ANTS
[02:41:41] [99/459] DGCA
[02:41:41] [100/459] SGMP
[02:41:42] [101/459] ASWN
[02:41:43] [102/459] KFVU
[02:41:44] [103/459] POOR
[02:41:45] [104/459] GKDN
[02:41:46] [105/459] EOSE
[02:41:47] [106/459] GTTT
[02:41:48] [107/459] ARRO
[02:41:49] [108/459] CMMK
[02:41:50] [109/459] MSCN
[02:41:51] [110/459] GDKH
[02:41:51] [111/459] DLMT
[02:41:52] [112/459] PVMF
[02:41:53] [113/459] CPCK
[02:41:54] [114/459] VMHE
[02:41:55] [115/459] PVLC
[02:41:55] [116/459] PCVB
[02:41:56] [117/459] SNYK
[02:41:57] [118/459] KTEK
[02:41:58] [119/459] PCNM
[02:41:59] [120/459] NTTR
[02:42:00] [121/459] CPSK
[02:42:00] [122/459] JMMA
[02:42:01] [123/459] GCFK
[02:42:02] [124/459] MYCA
[02:42:03] [125/459] KSNP
[02:42:04] [126/459] PMCE
[02:42:04] [127/459] SCKI
[02:42:05] [128/459] FSMA
[02:42:06] [129/459] CETA
[02:42:07] [130/459] MCIK
[02:42:08] [131/459] MYCR
[02:42:09] [132/459] EVMP
[02:42:09] [133/459] SSGT
[02:42:10] [134/459] KCTK
[02:42:11] [135/459] ZTKC
[02:42:12] [136/459] MMTA
[02:42:13] [137/459] MAJT
[02:42:14] [138/459] ACPK
[02:42:15] [139/459] JMAX
[02:42:16] [140/459] SETK
[02:42:17] [141/459] CAIS
[02:42:18] [142/459] AGCD
[02:42:19] [143/459] URCL
[02:42:19] [144/459] VTDS
[02:42:20] [145/459] JCNM
[02:42:21] [146/459] KCAM
[02:42:21] [147/459] ADCU
[02:42:22] [148/459] GXYN
[02:42:23] [149/459] SMJG
[02:42:25] [150/459] EYCJ
[02:42:26] [151/459] CCEJ
[02:42:27] [152/459] MARS
[02:42:28] [153/459] CPVJ
[02:42:29] [154/459] INVP
[02:42:30] [155/459] CPOV
[02:42:31] [156/459] VIJK
[02:42:32] [157/459] LAIM
[02:42:33] [158/459] STHV
[02:42:35] [159/459] SVLJ
[02:42:36] [160/459] ATVJ
[02:42:36] [161/459] JTSC
[02:42:37] [162/459] RMTV
[02:42:38] [163/459] MGGG
[02:42:39] [164/459] SWTH
[02:42:40] [165/459] INVJ
[02:42:40] [166/459] PRSV
[02:42:41] [167/459] JATV
[02:42:42] [168/459] RCVD
[02:42:43] [169/459] BDMA
[02:42:44] [170/459] BLJI
[02:42:45] [171/459] SWOT
[02:42:45] [172/459] SWRN
[02:42:46] [173/459] TVRA
[02:42:47] [174/459] VCSV
[02:42:48] [175/459] NVRN
[02:42:49] [176/459] SIKC
[02:42:49] [177/459] VAKR
[02:42:50] [178/459] SYLN
[02:42:51] [179/459] KLJL
[02:42:52] [180/459] LKMY
[02:42:53] [181/459] VSLY
[02:42:54] [182/459] CIKO
[02:42:54] [183/459] GPBG
[02:42:55] [184/459] CECM
[02:42:56] [185/459] SLKB
[02:42:57] [186/459] MTBO
[02:42:58] [187/459] SSHB
[02:42:59] [188/459] VPCS
[02:43:00] [189/459] RCSR
[02:43:00] [190/459] RJRM
[02:43:01] [191/459] KPPB
[02:43:02] [192/459] SEDC
[02:43:03] [193/459] SCAI
[02:43:04] [194/459] RMTR
[02:43:04] [195/459] ASST
[02:43:05] [196/459] GCAK
[02:43:06] [197/459] ANNK
[02:43:08] [198/459] KDDF
[02:43:08] [199/459] NRDP
[02:43:09] [200/459] PLAK
[02:43:10] [201/459] GCMC
[02:43:11] [202/459] ALPY
[02:43:12] [203/459] SICE
[02:43:13] [204/459] SISR
[02:43:14] [205/459] SRPZ
[02:43:15] [206/459] SRSW
[02:43:15] [207/459] SUYA
[02:43:16] [208/459] AMMT
[02:43:17] [209/459] BHCU
[02:43:18] [210/459] KLPA
[02:43:19] [211/459] NVKH
[02:43:20] [212/459] JMRC
[02:43:20] [213/459] KTTT
[02:43:21] [214/459] MAGH
[02:43:22] [215/459] MMMX
[02:43:23] [216/459] SALJ
[02:43:24] [217/459] GTJA
[02:43:24] [218/459] MAHT
[02:43:25] [219/459] SSNN
[02:43:26] [220/459] ARRP
[02:43:27] [221/459] ATNS
[02:43:27] [222/459] SKDT
[02:43:28] [223/459] ACAT
[02:43:29] [224/459] APRC
[02:43:30] [225/459] SWAG
[02:43:30] [226/459] SDPT
[02:43:31] [227/459] STPS
[02:43:32] [228/459] WWCZ
[02:43:33] [229/459] LLCH
[02:43:34] [230/459] MZHA
[02:43:34] [231/459] CRJG
[02:43:35] [232/459] JGTK
[02:43:37] [233/459] KCSR
[02:43:38] [234/459] CHTL
[02:43:38] [235/459] EDSR
[02:43:39] [236/459] CSWO
[02:43:40] [237/459] CPVM
[02:43:41] [238/459] MXBY
[02:43:41] [239/459] FMMA
[02:43:42] [240/459] POVI
[02:43:44] [241/459] MTHB
[02:43:46] [242/459] INRC
[02:43:46] [243/459] PIPP
[02:43:47] [244/459] BMXC
[02:43:48] [245/459] PCMM
[02:43:49] [246/459] PMKM
[02:43:49] [247/459] GATY
[02:43:50] [248/459] IMCM
[02:43:52] [249/459] POPE
[02:43:53] [250/459] MTCR
[02:43:53] [251/459] PVAE
[02:43:55] [252/459] PVMI
[02:43:57] [253/459] CPNM
[02:43:58] [254/459] FMRL
[02:43:59] [255/459] MCIW
[02:43:59] [256/459] MXBO
[02:44:00] [257/459] FMKY
[02:44:01] [258/459] FMDA
[02:44:02] [259/459] THAB
[02:44:03] [260/459] PRCW
[02:44:03] [261/459] PITI
[02:44:04] [262/459] MCFF
[02:44:05] [263/459] PDDV
[02:44:06] [264/459] MCRM
[02:44:07] [265/459] KKMB
[02:44:08] [266/459] INKO
[02:44:08] [267/459] PLXP
[02:44:09] [268/459] MMHA
[02:44:10] [269/459] FMVS
[02:44:11] [270/459] POLM
[02:44:12] [271/459] STER
[02:44:13] [272/459] PVWJ
[02:44:14] [273/459] IMJW
[02:44:15] [274/459] FNAN
[02:44:16] [275/459] CAGL
[02:44:17] [276/459] IPBG
[02:44:18] [277/459] SMFV
[02:44:19] [278/459] MMMR
[02:44:20] [279/459] MMWM
[02:44:21] [280/459] FNCM
[02:44:22] [281/459] MDVA
[02:44:22] [282/459] MMET
[02:44:23] [283/459] MIDO
[02:44:24] [284/459] INNP
[02:44:25] [285/459] MIFU
[02:44:25] [286/459] MMSZ
[02:44:26] [287/459] BMXA
[02:44:27] [288/459] MCAA
[02:44:28] [289/459] SCVP
[02:44:29] [290/459] PLUS
[02:44:30] [291/459] MUCK
[02:44:31] [292/459] MTMA
[02:44:32] [293/459] HPVR
[02:44:33] [294/459] PMPK
[02:44:33] [295/459] MAJB
[02:44:34] [296/459] CTRR
[02:44:35] [297/459] MCTG
[02:44:36] [298/459] MACE
[02:44:37] [299/459] AAAS
[02:44:38] [300/459] CPVV
[02:44:39] [301/459] RCHG
[02:44:39] [302/459] MCNE
[02:44:40] [303/459] EMNC
[02:44:41] [304/459] MCAN
[02:44:42] [305/459] TCDM
[02:44:43] [306/459] IRGT
[02:44:43] [307/459] GCMG
[02:44:44] [308/459] MXSN
[02:44:45] [309/459] MXCK
[02:44:46] [310/459] MCRC
[02:44:47] [311/459] RSMI
[02:44:49] [312/459] WAML
[02:44:50] [313/459] MTSC
[02:44:51] [314/459] FMDR
[02:44:52] [315/459] LEPV
[02:44:52] [316/459] MTGD
[02:44:54] [317/459] IMOB
[02:44:55] [318/459] CLMM
[02:44:56] [319/459] PZCD
[02:44:56] [320/459] GOCS
[02:44:57] [321/459] KCMA
[02:44:58] [322/459] CCMP
[02:44:59] [323/459] MTSU
[02:45:00] [324/459] SNGL
[02:45:00] [325/459] MMMC
[02:45:01] [326/459] MMAA
[02:45:02] [327/459] GCDM
[02:45:03] [328/459] KTMV
[02:45:04] [329/459] AETE
[02:45:04] [330/459] OMCS
[02:45:05] [331/459] GDCD
[02:45:07] [332/459] NYMD
[02:45:08] [333/459] RNCV
[02:45:08] [334/459] KKMT
[02:45:10] [335/459] GDTH
[02:45:11] [336/459] KMMV
[02:45:12] [337/459] NHCG
[02:45:13] [338/459] PJDW
[02:45:14] [339/459] MMCV
[02:45:15] [340/459] FQSA
[02:45:16] [341/459] KURL
[02:45:17] [342/459] NNNX
[02:45:19] [343/459] AMAU
[02:45:19] [344/459] VVVM
[02:45:21] [345/459] VECU
[02:45:22] [346/459] WCVR
[02:45:23] [347/459] MTGG
[02:45:24] [348/459] SGTG
[02:45:25] [349/459] MNTG
[02:45:25] [350/459] JDDG
[02:45:26] [351/459] MBTK
[02:45:27] [352/459] SGCD
[02:45:28] [353/459] MCTC
[02:45:28] [354/459] JTPC
[02:45:29] [355/459] SDKT
[02:45:30] [356/459] KRCC
[02:45:31] [357/459] RMMD
[02:45:31] [358/459] AAME
[02:45:32] [359/459] TMWC
[02:45:33] [360/459] NRWY
[02:45:33] [361/459] CITD
[02:45:34] [362/459] VERD
[02:45:35] [363/459] MKSK
[02:45:36] [364/459] STSM
[02:45:37] [365/459] MJDG
[02:45:38] [366/459] RKPM
[02:45:38] [367/459] SSCE
[02:45:39] [368/459] VMAE
[02:45:40] [369/459] SBRU
[02:45:41] [370/459] AMBC
[02:45:42] [371/459] AMLU
[02:45:42] [372/459] INVZ
[02:45:43] [373/459] LGTV
[02:45:44] [374/459] SVAD
[02:45:46] [375/459] SMSA
[02:45:47] [376/459] SPCZ
[02:45:48] [377/459] GTCX
[02:45:48] [378/459] SCSL
[02:45:49] [379/459] SAHU
[02:45:50] [380/459] NCDA
[02:45:51] [381/459] SCCG
[02:45:52] [382/459] VKTL
[02:45:53] [383/459] PUUJ
[02:45:54] [384/459] STEJ
[02:45:54] [385/459] RJAL
[02:45:55] [386/459] ACJC
[02:45:56] [387/459] VTHC
[02:45:57] [388/459] ARVB
[02:45:57] [389/459] AUBB
[02:45:58] [390/459] GDBR
[02:46:00] [391/459] PVND
[02:46:02] [392/459] BGRJ
[02:46:03] [393/459] RJMM
[02:46:04] [394/459] MCSA
[02:46:05] [395/459] BODA
[02:46:06] [396/459] JAGG
[02:46:07] [397/459] SCGA
[02:46:08] [398/459] LRCM
[02:46:08] [399/459] CPCN
[02:46:09] [400/459] SSTF
[02:46:10] [401/459] SRXP
[02:46:11] [402/459] CNFX
[02:46:12] [403/459] ANDI
[02:46:13] [404/459] SYEW
[02:46:14] [405/459] RCRE
[02:46:15] [406/459] SCRW
[02:46:15] [407/459] MBKR
[02:46:16] [408/459] ASNT
[02:46:17] [409/459] JTMT
[02:46:18] [410/459] SHAY
[02:46:19] [411/459] VRTH
[02:46:20] [412/459] SPTI
[02:46:21] [413/459] DPTD
[02:46:22] [414/459] TGSN
[02:46:22] [415/459] RCWV
[02:46:23] [416/459] OCUR
[02:46:24] [417/459] KSTC
[02:46:25] [418/459] SANI
[02:46:25] [419/459] MLCA
[02:46:26] [420/459] EGCA
[02:46:27] [421/459] SYSN
[02:46:28] [422/459] PKTA
[02:46:28] [423/459] PRCC
[02:46:29] [424/459] KSTR
[02:46:30] [425/459] SNTP
[02:46:31] [426/459] RCHA
[02:46:31] [427/459] SEEA
[02:46:33] [428/459] ALAT
[02:46:34] [429/459] AATV
[02:46:35] [430/459] RJTE
[02:46:35] [431/459] AAPP
[02:46:36] [432/459] PMMH
[02:46:37] [433/459] INRJ
[02:46:38] [434/459] SARB
[02:46:38] [435/459] PCJL
[02:46:39] [436/459] PFJJ
[02:46:40] [437/459] GRDC
[02:46:41] [438/459] BCBA
[02:46:42] [439/459] VIXL
[02:46:42] [440/459] CSTL
[02:46:43] [441/459] MTDK
[02:46:44] [442/459] TDAC
[02:46:45] [443/459] GTDN
[02:46:45] [444/459] TTDE
[02:46:46] [445/459] ASTS
[02:46:47] [446/459] CPNS
[02:46:48] [447/459] PVVW
[02:46:49] [448/459] USEB
[02:46:49] [449/459] DTYN
[02:46:51] [450/459] PVLE
[02:46:53] [451/459] CIPS
[02:46:54] [452/459] PAEG
[02:46:54] [453/459] PTCW
[02:46:55] [454/459] G3SR
[02:46:56] [455/459] PGND
[02:46:57] [456/459] INVM
[02:46:58] [457/459] SPIA
[02:46:59] [458/459] PCSN
[02:46:59] [459/459] PPGV
[02:47:00] ✅ DONE | Shows=26 | Movies=2
[03:41:31] 🚀 BMS DAILY TRACKER STARTED
[03:41:31] [1/459] FNDB
[03:41:31] 🧠 New identity
[03:41:32] [2/459] AMBH
[03:41:32] [3/459] PRHN
[03:41:33] [4/459] ACPM
[03:41:34] [5/459] PVFS
[03:41:35] [6/459] AACN
[03:41:36] [7/459] ACAS
[03:41:37] [8/459] CTNR
[03:41:38] [9/459] MMAH
[03:41:39] [10/459] CPMH
[03:41:40] [11/459] IGMH
[03:41:42] [12/459] ABCS
[03:41:43] [13/459] CMMA
[03:41:44] [14/459] GPRH
[03:41:45] [15/459] PNNG
[03:41:45] [16/459] AMCA
[03:41:46] [17/459] ISTN
[03:41:47] [18/459] PIIC
[03:41:49] [19/459] AHMH
[03:41:50] [20/459] ASHN
[03:41:51] [21/459] INHY
[03:41:52] [22/459] SRMO
[03:41:53] [23/459] PIMH
[03:41:53] [24/459] PVTS
[03:41:55] [25/459] MMCA
[03:41:56] [26/459] AKYJ
[03:41:57] [27/459] BRKH
[03:41:58] [28/459] MAHM
[03:42:00] [29/459] CPHY
[03:42:01] [30/459] PVTP
[03:42:02] [31/459] SMMR
[03:42:03] [32/459] PVHM
[03:42:03] [33/459] SNDY
[03:42:04] [34/459] GOKU
[03:42:05] [35/459] ACEV
[03:42:06] [36/459] PVUM
[03:42:07] [37/459] VSWA
[03:42:08] [38/459] IPRS
[03:42:09] [39/459] ASGN
[03:42:10] [40/459] BKMV
[03:42:11] [41/459] PVYH
[03:42:12] [42/459] INKM
[03:42:13] [43/459] ARJU
[03:42:14] [44/459] JJPP
[03:42:15] [45/459] SSRM
[03:42:16] [46/459] HMHD
[03:42:17] [47/459] SNKH
[03:42:18] [48/459] ACHI
[03:42:19] [49/459] MRAA
[03:42:20] [50/459] INMH
[03:42:21] [51/459] ARMH
[03:42:22] [52/459] DVRR
[03:42:23] [53/459] SUDA
[03:42:24] [54/459] MCSS
[03:42:25] [55/459] VRKC
[03:42:26] [56/459] PRCX
[03:42:26] [57/459] ASJY
[03:42:27] [58/459] MTHY
[03:42:28] [59/459] SRCM
[03:42:29] [60/459] TVHY
[03:42:30] [61/459] STHD
[03:42:31] [62/459] CPCL
[03:42:31] [63/459] PSMJ
[03:42:32] [64/459] MRGT
[03:42:33] [65/459] ARYH
[03:42:34] [66/459] VTRB
[03:42:35] [67/459] SCHC
[03:42:36] [68/459] MRRG
[03:42:37] [69/459] SPCB
[03:42:38] [70/459] AMCM
[03:42:39] [71/459] IVNM
[03:42:40] [72/459] TRHY
[03:42:41] [73/459] PTTH
[03:42:41] [74/459] RKMH
[03:42:42] [75/459] PRCS
[03:42:43] [76/459] VAJA
[03:42:44] [77/459] BJNG
[03:42:44] [78/459] SCVM
[03:42:45] [79/459] GNHB
[03:42:46] [80/459] TLUR
[03:42:47] [81/459] UKCC
[03:42:48] [82/459] SRKR
[03:42:49] [83/459] RMKN
[03:42:50] [84/459] SLRT
[03:42:51] [85/459] LKMT
[03:42:52] [86/459] SSRJ
[03:42:52] [87/459] SPHT
[03:42:54] [88/459] ANTT
[03:42:55] [89/459] SRCH
[03:42:56] [90/459] SRCA
[03:42:57] [91/459] ARTH
[03:42:58] [92/459] MCBH
[03:42:59] [93/459] SNIB
[03:42:59] [94/459] SART
[03:43:00] [95/459] SKTA
[03:43:01] [96/459] YAKT
[03:43:03] [97/459] MLCK
[03:43:03] [98/459] ANTS
[03:43:04] [99/459] DGCA
[03:43:05] [100/459] SGMP
[03:43:06] [101/459] ASWN
[03:43:07] [102/459] KFVU
[03:43:08] [103/459] POOR
[03:43:09] [104/459] GKDN
[03:43:10] [105/459] EOSE
[03:43:11] [106/459] GTTT
[03:43:12] [107/459] ARRO
[03:43:13] [108/459] CMMK
[03:43:13] [109/459] MSCN
[03:43:14] [110/459] GDKH
[03:43:15] [111/459] DLMT
[03:43:16] [112/459] PVMF
[03:43:18] [113/459] CPCK
[03:43:19] [114/459] VMHE
[03:43:20] [115/459] PVLC
[03:43:21] [116/459] PCVB
[03:43:21] [117/459] SNYK
[03:43:22] [118/459] KTEK
[03:43:23] [119/459] PCNM
[03:43:24] [120/459] NTTR
[03:43:25] [121/459] CPSK
[03:43:26] [122/459] JMMA
[03:43:26] [123/459] GCFK
[03:43:27] [124/459] MYCA
[03:43:28] [125/459] KSNP
[03:43:29] [126/459] PMCE
[03:43:30] [127/459] SCKI
[03:43:31] [128/459] FSMA
[03:43:32] [129/459] CETA
[03:43:33] [130/459] MCIK
[03:43:35] [131/459] MYCR
[03:43:36] [132/459] EVMP
[03:43:37] [133/459] SSGT
[03:43:38] [134/459] KCTK
[03:43:39] [135/459] ZTKC
[03:43:40] [136/459] MMTA
[03:43:41] [137/459] MAJT
[03:43:42] [138/459] ACPK
[03:43:43] [139/459] JMAX
[03:43:44] [140/459] SETK
[03:43:46] [141/459] CAIS
[03:43:47] [142/459] AGCD
[03:43:47] [143/459] URCL
[03:43:48] [144/459] VTDS
[03:43:49] [145/459] JCNM
[03:43:50] [146/459] KCAM
[03:43:51] [147/459] ADCU
[03:43:52] [148/459] GXYN
[03:43:53] [149/459] SMJG
[03:43:54] [150/459] EYCJ
[03:43:55] [151/459] CCEJ
[03:43:56] [152/459] MARS
[03:43:57] [153/459] CPVJ
[03:43:57] [154/459] INVP
[03:43:58] [155/459] CPOV
[03:43:59] [156/459] VIJK
[03:44:00] [157/459] LAIM
[03:44:01] [158/459] STHV
[03:44:02] [159/459] SVLJ
[03:44:03] [160/459] ATVJ
[03:44:03] [161/459] JTSC
[03:44:05] [162/459] RMTV
[03:44:05] [163/459] MGGG
[03:44:07] [164/459] SWTH
[03:44:08] [165/459] INVJ
[03:44:08] [166/459] PRSV
[03:44:10] [167/459] JATV
[03:44:11] [168/459] RCVD
[03:44:11] [169/459] BDMA
[03:44:12] [170/459] BLJI
[03:44:13] [171/459] SWOT
[03:44:14] [172/459] SWRN
[03:44:15] [173/459] TVRA
[03:44:16] [174/459] VCSV
[03:44:17] [175/459] NVRN
[03:44:18] [176/459] SIKC
[03:44:19] [177/459] VAKR
[03:44:20] [178/459] SYLN
[03:44:20] [179/459] KLJL
[03:44:21] [180/459] LKMY
[03:44:22] [181/459] VSLY
[03:44:23] [182/459] CIKO
[03:44:24] [183/459] GPBG
[03:44:25] [184/459] CECM
[03:44:26] [185/459] SLKB
[03:44:27] [186/459] MTBO
[03:44:28] [187/459] SSHB
[03:44:28] [188/459] VPCS
[03:44:29] [189/459] RCSR
[03:44:30] [190/459] RJRM
[03:44:31] [191/459] KPPB
[03:44:32] [192/459] SEDC
[03:44:32] [193/459] SCAI
[03:44:33] [194/459] RMTR
[03:44:34] [195/459] ASST
[03:44:35] [196/459] GCAK
[03:44:36] [197/459] ANNK
[03:44:37] [198/459] KDDF
[03:44:37] [199/459] NRDP
[03:44:38] [200/459] PLAK
[03:44:39] [201/459] GCMC
[03:44:40] [202/459] ALPY
[03:44:41] [203/459] SICE
[03:44:41] [204/459] SISR
[03:44:42] [205/459] SRPZ
[03:44:43] [206/459] SRSW
[03:44:44] [207/459] SUYA
[03:44:45] [208/459] AMMT
[03:44:45] [209/459] BHCU
[03:44:46] [210/459] KLPA
[03:44:47] [211/459] NVKH
[03:44:48] [212/459] JMRC
[03:44:49] [213/459] KTTT
[03:44:50] [214/459] MAGH
[03:44:51] [215/459] MMMX
[03:44:52] [216/459] SALJ
[03:44:53] [217/459] GTJA
[03:44:54] [218/459] MAHT
[03:44:55] [219/459] SSNN
[03:44:56] [220/459] ARRP
[03:44:58] [221/459] ATNS
[03:44:59] [222/459] SKDT
[03:44:59] [223/459] ACAT
[03:45:00] [224/459] APRC
[03:45:01] [225/459] SWAG
[03:45:02] [226/459] SDPT
[03:45:03] [227/459] STPS
[03:45:03] [228/459] WWCZ
[03:45:04] [229/459] LLCH
[03:45:05] [230/459] MZHA
[03:45:06] [231/459] CRJG
[03:45:06] [232/459] JGTK
[03:45:07] [233/459] KCSR
[03:45:08] [234/459] CHTL
[03:45:09] [235/459] EDSR
[03:45:10] [236/459] CSWO
[03:45:11] [237/459] CPVM
[03:45:12] [238/459] MXBY
[03:45:12] [239/459] FMMA
[03:45:13] [240/459] POVI
[03:45:14] [241/459] MTHB
[03:45:15] [242/459] INRC
[03:45:16] [243/459] PIPP
[03:45:17] [244/459] BMXC
[03:45:17] [245/459] PCMM
[03:45:18] [246/459] PMKM
[03:45:19] [247/459] GATY
[03:45:20] [248/459] IMCM
[03:45:21] [249/459] POPE
[03:45:23] [250/459] MTCR
[03:45:24] [251/459] PVAE
[03:45:25] [252/459] PVMI
[03:45:26] [253/459] CPNM
[03:45:27] [254/459] FMRL
[03:45:27] [255/459] MCIW
[03:45:28] [256/459] MXBO
[03:45:29] [257/459] FMKY
[03:45:30] [258/459] FMDA
[03:45:31] [259/459] THAB
[03:45:32] [260/459] PRCW
[03:45:33] [261/459] PITI
[03:45:33] [262/459] MCFF
[03:45:34] [263/459] PDDV
[03:45:35] [264/459] MCRM
[03:45:36] [265/459] KKMB
[03:45:37] [266/459] INKO
[03:45:38] [267/459] PLXP
[03:45:39] [268/459] MMHA
[03:45:39] [269/459] FMVS
[03:45:40] [270/459] POLM
[03:45:41] [271/459] STER
[03:45:42] [272/459] PVWJ
[03:45:42] [273/459] IMJW
[03:45:44] [274/459] FNAN
[03:45:45] [275/459] CAGL
[03:45:47] [276/459] IPBG
[03:45:48] [277/459] SMFV
[03:45:48] [278/459] MMMR
[03:45:50] [279/459] MMWM
[03:45:51] [280/459] FNCM
[03:45:52] [281/459] MDVA
[03:45:53] [282/459] MMET
[03:45:55] [283/459] MIDO
[03:45:55] [284/459] INNP
[03:45:57] [285/459] MIFU
[03:45:58] [286/459] MMSZ
[03:45:59] [287/459] BMXA
[03:46:00] [288/459] MCAA
[03:46:01] [289/459] SCVP
[03:46:02] [290/459] PLUS
[03:46:04] [291/459] MUCK
[03:46:05] [292/459] MTMA
[03:46:06] [293/459] HPVR
[03:46:07] [294/459] PMPK
[03:46:07] [295/459] MAJB
[03:46:08] [296/459] CTRR
[03:46:09] [297/459] MCTG
[03:46:10] [298/459] MACE
[03:46:11] [299/459] AAAS
[03:46:12] [300/459] CPVV
[03:46:13] [301/459] RCHG
[03:46:13] [302/459] MCNE
[03:46:14] [303/459] EMNC
[03:46:16] [304/459] MCAN
[03:46:17] [305/459] TCDM
[03:46:18] [306/459] IRGT
[03:46:19] [307/459] GCMG
[03:46:19] [308/459] MXSN
[03:46:20] [309/459] MXCK
[03:46:21] [310/459] MCRC
[03:46:22] [311/459] RSMI
[03:46:24] [312/459] WAML
[03:46:25] [313/459] MTSC
[03:46:25] [314/459] FMDR
[03:46:27] [315/459] LEPV
[03:46:28] [316/459] MTGD
[03:46:29] [317/459] IMOB
[03:46:30] [318/459] CLMM
[03:46:31] [319/459] PZCD
[03:46:32] [320/459] GOCS
[03:46:32] [321/459] KCMA
[03:46:33] [322/459] CCMP
[03:46:34] [323/459] MTSU
[03:46:35] [324/459] SNGL
[03:46:36] [325/459] MMMC
[03:46:37] [326/459] MMAA
[03:46:37] [327/459] GCDM
[03:46:38] [328/459] KTMV
[03:46:39] [329/459] AETE
[03:46:40] [330/459] OMCS
[03:46:41] [331/459] GDCD
[03:46:42] [332/459] NYMD
[03:46:43] [333/459] RNCV
[03:46:43] [334/459] KKMT
[03:46:44] [335/459] GDTH
[03:46:46] [336/459] KMMV
[03:46:47] [337/459] NHCG
[03:46:48] [338/459] PJDW
[03:46:49] [339/459] MMCV
[03:46:50] [340/459] FQSA
[03:46:51] [341/459] KURL
[03:46:52] [342/459] NNNX
[03:46:53] [343/459] AMAU
[03:46:53] [344/459] VVVM
[03:46:54] [345/459] VECU
[03:46:56] [346/459] WCVR
[03:46:57] [347/459] MTGG
[03:46:59] [348/459] SGTG
[03:47:00] [349/459] MNTG
[03:47:01] [350/459] JDDG
[03:47:02] [351/459] MBTK
[03:47:03] [352/459] SGCD
[03:47:03] [353/459] MCTC
[03:47:04] [354/459] JTPC
[03:47:05] [355/459] SDKT
[03:47:07] [356/459] KRCC
[03:47:08] [357/459] RMMD
[03:47:08] [358/459] AAME
[03:47:10] [359/459] TMWC
[03:47:11] [360/459] NRWY
[03:47:12] [361/459] CITD
[03:47:13] [362/459] VERD
[03:47:14] [363/459] MKSK
[03:47:14] [364/459] STSM
[03:47:15] [365/459] MJDG
[03:47:16] [366/459] RKPM
[03:47:18] [367/459] SSCE
[03:47:19] [368/459] VMAE
[03:47:20] [369/459] SBRU
[03:47:21] [370/459] AMBC
[03:47:22] [371/459] AMLU
[03:47:23] [372/459] INVZ
[03:47:25] [373/459] LGTV
[03:47:26] [374/459] SVAD
[03:47:27] [375/459] SMSA
[03:47:28] [376/459] SPCZ
[03:47:28] [377/459] GTCX
[03:47:29] [378/459] SCSL
[03:47:30] [379/459] SAHU
[03:47:31] [380/459] NCDA
[03:47:32] [381/459] SCCG
[03:47:34] [382/459] VKTL
[03:47:35] [383/459] PUUJ
[03:47:36] [384/459] STEJ
[03:47:37] [385/459] RJAL
[03:47:38] [386/459] ACJC
[03:47:38] [387/459] VTHC
[03:47:40] [388/459] ARVB
[03:47:41] [389/459] AUBB
[03:47:42] [390/459] GDBR
[03:47:43] [391/459] PVND
[03:47:44] [392/459] BGRJ
[03:47:45] [393/459] RJMM
[03:47:45] [394/459] MCSA
[03:47:46] [395/459] BODA
[03:47:47] [396/459] JAGG
[03:47:48] [397/459] SCGA
[03:47:49] [398/459] LRCM
[03:47:50] [399/459] CPCN
[03:47:51] [400/459] SSTF
[03:47:51] [401/459] SRXP
[03:47:52] [402/459] CNFX
[03:47:53] [403/459] ANDI
[03:47:54] [404/459] SYEW
[03:47:55] [405/459] RCRE
[03:47:56] [406/459] SCRW
[03:47:56] [407/459] MBKR
[03:47:57] [408/459] ASNT
[03:47:58] [409/459] JTMT
[03:47:59] [410/459] SHAY
[03:48:00] [411/459] VRTH
[03:48:01] [412/459] SPTI
[03:48:02] [413/459] DPTD
[03:48:03] [414/459] TGSN
[03:48:04] [415/459] RCWV
[03:48:05] [416/459] OCUR
[03:48:06] [417/459] KSTC
[03:48:07] [418/459] SANI
[03:48:08] [419/459] MLCA
[03:48:09] [420/459] EGCA
[03:48:10] [421/459] SYSN
[03:48:11] [422/459] PKTA
[03:48:11] [423/459] PRCC
[03:48:12] [424/459] KSTR
[03:48:13] [425/459] SNTP
[03:48:14] [426/459] RCHA
[03:48:16] [427/459] SEEA
[03:48:17] [428/459] ALAT
[03:48:18] [429/459] AATV
[03:48:18] [430/459] RJTE
[03:48:20] [431/459] AAPP
[03:48:21] [432/459] PMMH
[03:48:22] [433/459] INRJ
[03:48:23] [434/459] SARB
[03:48:24] [435/459] PCJL
[03:48:24] [436/459] PFJJ
[03:48:25] [437/459] GRDC
[03:48:26] [438/459] BCBA
[03:48:27] [439/459] VIXL
[03:48:27] [440/459] CSTL
[03:48:29] [441/459] MTDK
[03:48:31] [442/459] TDAC
[03:48:33] [443/459] GTDN
[03:48:34] [444/459] TTDE
[03:48:36] [445/459] ASTS
[03:48:36] [446/459] CPNS
[03:48:37] [447/459] PVVW
[03:48:38] [448/459] USEB
[03:48:39] [449/459] DTYN
[03:48:40] [450/459] PVLE
[03:48:41] [451/459] CIPS
[03:48:42] [452/459] PAEG
[03:48:43] [453/459] PTCW
[03:48:43] [454/459] G3SR
[03:48:44] [455/459] PGND
[03:48:45] [456/459] INVM
[03:48:46] [457/459] SPIA
[03:48:48] [458/459] PCSN
[03:48:49] [459/459] PPGV
[03:48:50] ✅ DONE | Shows=70 | Movies=6
[04:41:49] 🚀 BMS DAILY TRACKER STARTED
[04:41:49] [1/459] FNDB
[04:41:49] 🧠 New identity
[04:41:50] [2/459] AMBH
[04:41:51] [3/459] PRHN
[04:41:52] [4/459] ACPM
[04:41:53] [5/459] PVFS
[04:41:54] [6/459] AACN
[04:41:55] [7/459] ACAS
[04:41:56] [8/459] CTNR
[04:41:57] [9/459] MMAH
[04:41:58] [10/459] CPMH
[04:41:58] [11/459] IGMH
[04:41:59] [12/459] ABCS
[04:42:01] [13/459] CMMA
[04:42:02] [14/459] GPRH
[04:42:02] [15/459] PNNG
[04:42:03] [16/459] AMCA
[04:42:04] [17/459] ISTN
[04:42:05] [18/459] PIIC
[04:42:05] [19/459] AHMH
[04:42:06] [20/459] ASHN
[04:42:07] [21/459] INHY
[04:42:09] [22/459] SRMO
[04:42:09] [23/459] PIMH
[04:42:10] [24/459] PVTS
[04:42:11] [25/459] MMCA
[04:42:12] [26/459] AKYJ
[04:42:13] [27/459] BRKH
[04:42:14] [28/459] MAHM
[04:42:15] [29/459] CPHY
[04:42:16] [30/459] PVTP
[04:42:17] [31/459] SMMR
[04:42:18] [32/459] PVHM
[04:42:19] [33/459] SNDY
[04:42:20] [34/459] GOKU
[04:42:21] [35/459] ACEV
[04:42:22] [36/459] PVUM
[04:42:23] [37/459] VSWA
[04:42:23] [38/459] IPRS
[04:42:24] [39/459] ASGN
[04:42:25] [40/459] BKMV
[04:42:26] [41/459] PVYH
[04:42:27] [42/459] INKM
[04:42:28] [43/459] ARJU
[04:42:28] [44/459] JJPP
[04:42:29] [45/459] SSRM
[04:42:30] [46/459] HMHD
[04:42:31] [47/459] SNKH
[04:42:32] [48/459] ACHI
[04:42:33] [49/459] MRAA
[04:42:34] [50/459] INMH
[04:42:34] [51/459] ARMH
[04:42:35] [52/459] DVRR
[04:42:36] [53/459] SUDA
[04:42:37] [54/459] MCSS
[04:42:38] [55/459] VRKC
[04:42:39] [56/459] PRCX
[04:42:40] [57/459] ASJY
[04:42:41] [58/459] MTHY
[04:42:42] [59/459] SRCM
[04:42:42] [60/459] TVHY
[04:42:43] [61/459] STHD
[04:42:44] [62/459] CPCL
[04:42:45] [63/459] PSMJ
[04:42:46] [64/459] MRGT
[04:42:47] [65/459] ARYH
[04:42:48] [66/459] VTRB
[04:42:48] [67/459] SCHC
[04:42:49] [68/459] MRRG
[04:42:50] [69/459] SPCB
[04:42:51] [70/459] AMCM
[04:42:52] [71/459] IVNM
[04:42:53] [72/459] TRHY
[04:42:54] [73/459] PTTH
[04:42:55] [74/459] RKMH
[04:42:55] [75/459] PRCS
[04:42:56] [76/459] VAJA
[04:42:57] [77/459] BJNG
[04:42:58] [78/459] SCVM
[04:42:59] [79/459] GNHB
[04:43:00] [80/459] TLUR
[04:43:00] [81/459] UKCC
[04:43:01] [82/459] SRKR
[04:43:02] [83/459] RMKN
[04:43:03] [84/459] SLRT
[04:43:04] [85/459] LKMT
[04:43:05] [86/459] SSRJ
[04:43:05] [87/459] SPHT
[04:43:06] [88/459] ANTT
[04:43:07] [89/459] SRCH
[04:43:08] [90/459] SRCA
[04:43:08] [91/459] ARTH
[04:43:09] [92/459] MCBH
[04:43:10] [93/459] SNIB
[04:43:11] [94/459] SART
[04:43:12] [95/459] SKTA
[04:43:12] [96/459] YAKT
[04:43:13] [97/459] MLCK
[04:43:14] [98/459] ANTS
[04:43:15] [99/459] DGCA
[04:43:16] [100/459] SGMP
[04:43:17] [101/459] ASWN
[04:43:18] [102/459] KFVU
[04:43:19] [103/459] POOR
[04:43:20] [104/459] GKDN
[04:43:21] [105/459] EOSE
[04:43:22] [106/459] GTTT
[04:43:22] [107/459] ARRO
[04:43:23] [108/459] CMMK
[04:43:24] [109/459] MSCN
[04:43:25] [110/459] GDKH
[04:43:26] [111/459] DLMT
[04:43:27] [112/459] PVMF
[04:43:28] [113/459] CPCK
[04:43:28] [114/459] VMHE
[04:43:29] [115/459] PVLC
[04:43:30] [116/459] PCVB
[04:43:31] [117/459] SNYK
[04:43:32] [118/459] KTEK
[04:43:32] [119/459] PCNM
[04:43:33] [120/459] NTTR
[04:43:34] [121/459] CPSK
[04:43:35] [122/459] JMMA
[04:43:36] [123/459] GCFK
[04:43:37] [124/459] MYCA
[04:43:38] [125/459] KSNP
[04:43:39] [126/459] PMCE
[04:43:40] [127/459] SCKI
[04:43:41] [128/459] FSMA
[04:43:41] [129/459] CETA
[04:43:42] [130/459] MCIK
[04:43:43] [131/459] MYCR
[04:43:44] [132/459] EVMP
[04:43:45] [133/459] SSGT
[04:43:46] [134/459] KCTK
[04:43:46] [135/459] ZTKC
[04:43:47] [136/459] MMTA
[04:43:48] [137/459] MAJT
[04:43:49] [138/459] ACPK
[04:43:50] [139/459] JMAX
[04:43:51] [140/459] SETK
[04:43:51] [141/459] CAIS
[04:43:52] [142/459] AGCD
[04:43:53] [143/459] URCL
[04:43:54] [144/459] VTDS
[04:43:56] [145/459] JCNM
[04:43:57] [146/459] KCAM
[04:43:57] [147/459] ADCU
[04:43:58] [148/459] GXYN
[04:43:59] [149/459] SMJG
[04:44:00] [150/459] EYCJ
[04:44:01] [151/459] CCEJ
[04:44:01] [152/459] MARS
[04:44:02] [153/459] CPVJ
[04:44:03] [154/459] INVP
[04:44:04] [155/459] CPOV
[04:44:04] [156/459] VIJK
[04:44:06] [157/459] LAIM
[04:44:07] [158/459] STHV
[04:44:07] [159/459] SVLJ
[04:44:09] [160/459] ATVJ
[04:44:10] [161/459] JTSC
[04:44:11] [162/459] RMTV
[04:44:12] [163/459] MGGG
[04:44:13] [164/459] SWTH
[04:44:14] [165/459] INVJ
[04:44:15] [166/459] PRSV
[04:44:16] [167/459] JATV
[04:44:17] [168/459] RCVD
[04:44:18] [169/459] BDMA
[04:44:19] [170/459] BLJI
[04:44:20] [171/459] SWOT
[04:44:21] [172/459] SWRN
[04:44:22] [173/459] TVRA
[04:44:23] [174/459] VCSV
[04:44:24] [175/459] NVRN
[04:44:24] [176/459] SIKC
[04:44:25] [177/459] VAKR
[04:44:26] [178/459] SYLN
[04:44:27] [179/459] KLJL
[04:44:28] [180/459] LKMY
[04:44:29] [181/459] VSLY
[04:44:29] [182/459] CIKO
[04:44:30] [183/459] GPBG
[04:44:31] [184/459] CECM
[04:44:32] [185/459] SLKB
[04:44:33] [186/459] MTBO
[04:44:33] [187/459] SSHB
[04:44:34] [188/459] VPCS
[04:44:36] [189/459] RCSR
[04:44:37] [190/459] RJRM
[04:44:38] [191/459] KPPB
[04:44:39] [192/459] SEDC
[04:44:40] [193/459] SCAI
[04:44:41] [194/459] RMTR
[04:44:42] [195/459] ASST
[04:44:42] [196/459] GCAK
[04:44:43] [197/459] ANNK
[04:44:44] [198/459] KDDF
[04:44:45] [199/459] NRDP
[04:44:46] [200/459] PLAK
[04:44:47] [201/459] GCMC
[04:44:48] [202/459] ALPY
[04:44:48] [203/459] SICE
[04:44:50] [204/459] SISR
[04:44:51] [205/459] SRPZ
[04:44:52] [206/459] SRSW
[04:44:53] [207/459] SUYA
[04:44:54] [208/459] AMMT
[04:44:55] [209/459] BHCU
[04:44:55] [210/459] KLPA
[04:44:56] [211/459] NVKH
[04:44:57] [212/459] JMRC
[04:44:58] [213/459] KTTT
[04:44:59] [214/459] MAGH
[04:45:00] [215/459] MMMX
[04:45:01] [216/459] SALJ
[04:45:02] [217/459] GTJA
[04:45:03] [218/459] MAHT
[04:45:04] [219/459] SSNN
[04:45:05] [220/459] ARRP
[04:45:06] [221/459] ATNS
[04:45:07] [222/459] SKDT
[04:45:07] [223/459] ACAT
[04:45:08] [224/459] APRC
[04:45:09] [225/459] SWAG
[04:45:10] [226/459] SDPT
[04:45:11] [227/459] STPS
[04:45:12] [228/459] WWCZ
[04:45:13] [229/459] LLCH
[04:45:14] [230/459] MZHA
[04:45:14] [231/459] CRJG
[04:45:15] [232/459] JGTK
[04:45:16] [233/459] KCSR
[04:45:17] [234/459] CHTL
[04:45:18] [235/459] EDSR
[04:45:19] [236/459] CSWO
[04:45:19] [237/459] CPVM
[04:45:20] [238/459] MXBY
[04:45:21] [239/459] FMMA
[04:45:22] [240/459] POVI
[04:45:23] [241/459] MTHB
[04:45:24] [242/459] INRC
[04:45:24] [243/459] PIPP
[04:45:25] [244/459] BMXC
[04:45:26] [245/459] PCMM
[04:45:28] [246/459] PMKM
[04:45:28] [247/459] GATY
[04:45:29] [248/459] IMCM
[04:45:30] [249/459] POPE
[04:45:31] [250/459] MTCR
[04:45:31] [251/459] PVAE
[04:45:32] [252/459] PVMI
[04:45:33] [253/459] CPNM
[04:45:35] [254/459] FMRL
[04:45:36] [255/459] MCIW
[04:45:36] [256/459] MXBO
[04:45:37] [257/459] FMKY
[04:45:38] [258/459] FMDA
[04:45:39] [259/459] THAB
[04:45:40] [260/459] PRCW
[04:45:40] [261/459] PITI
[04:45:41] [262/459] MCFF
[04:45:42] [263/459] PDDV
[04:45:43] [264/459] MCRM
[04:45:44] [265/459] KKMB
[04:45:44] [266/459] INKO
[04:45:45] [267/459] PLXP
[04:45:46] [268/459] MMHA
[04:45:47] [269/459] FMVS
[04:45:48] [270/459] POLM
[04:45:49] [271/459] STER
[04:45:50] [272/459] PVWJ
[04:45:50] [273/459] IMJW
[04:45:51] [274/459] FNAN
[04:45:52] [275/459] CAGL
[04:45:54] [276/459] IPBG
[04:45:55] [277/459] SMFV
[04:45:56] [278/459] MMMR
[04:45:57] [279/459] MMWM
[04:45:58] [280/459] FNCM
[04:45:59] [281/459] MDVA
[04:46:00] [282/459] MMET
[04:46:01] [283/459] MIDO
[04:46:02] [284/459] INNP
[04:46:03] [285/459] MIFU
[04:46:03] [286/459] MMSZ
[04:46:05] [287/459] BMXA
[04:46:06] [288/459] MCAA
[04:46:06] [289/459] SCVP
[04:46:08] [290/459] PLUS
[04:46:08] [291/459] MUCK
[04:46:09] [292/459] MTMA
[04:46:10] [293/459] HPVR
[04:46:11] [294/459] PMPK
[04:46:11] [295/459] MAJB
[04:46:12] [296/459] CTRR
[04:46:13] [297/459] MCTG
[04:46:14] [298/459] MACE
[04:46:15] [299/459] AAAS
[04:46:16] [300/459] CPVV
[04:46:17] [301/459] RCHG
[04:46:18] [302/459] MCNE
[04:46:19] [303/459] EMNC
[04:46:19] [304/459] MCAN
[04:46:20] [305/459] TCDM
[04:46:21] [306/459] IRGT
[04:46:22] [307/459] GCMG
[04:46:23] [308/459] MXSN
[04:46:24] [309/459] MXCK
[04:46:24] [310/459] MCRC
[04:46:25] [311/459] RSMI
[04:46:26] [312/459] WAML
[04:46:27] [313/459] MTSC
[04:46:28] [314/459] FMDR
[04:46:29] [315/459] LEPV
[04:46:30] [316/459] MTGD
[04:46:31] [317/459] IMOB
[04:46:32] [318/459] CLMM
[04:46:33] [319/459] PZCD
[04:46:34] [320/459] GOCS
[04:46:35] [321/459] KCMA
[04:46:36] [322/459] CCMP
[04:46:36] [323/459] MTSU
[04:46:37] [324/459] SNGL
[04:46:38] [325/459] MMMC
[04:46:39] [326/459] MMAA
[04:46:40] [327/459] GCDM
[04:46:40] [328/459] KTMV
[04:46:41] [329/459] AETE
[04:46:42] [330/459] OMCS
[04:46:43] [331/459] GDCD
[04:46:44] [332/459] NYMD
[04:46:44] [333/459] RNCV
[04:46:45] [334/459] KKMT
[04:46:46] [335/459] GDTH
[04:46:47] [336/459] KMMV
[04:46:48] [337/459] NHCG
[04:46:48] [338/459] PJDW
[04:46:49] [339/459] MMCV
[04:46:50] [340/459] FQSA
[04:46:51] [341/459] KURL
[04:46:52] [342/459] NNNX
[04:46:52] [343/459] AMAU
[04:46:53] [344/459] VVVM
[04:46:54] [345/459] VECU
[04:46:55] [346/459] WCVR
[04:46:56] [347/459] MTGG
[04:46:57] [348/459] SGTG
[04:46:58] [349/459] MNTG
[04:46:59] [350/459] JDDG
[04:47:00] [351/459] MBTK
[04:47:01] [352/459] SGCD
[04:47:02] [353/459] MCTC
[04:47:03] [354/459] JTPC
[04:47:04] [355/459] SDKT
[04:47:05] [356/459] KRCC
[04:47:06] [357/459] RMMD
[04:47:06] [358/459] AAME
[04:47:07] [359/459] TMWC
[04:47:08] [360/459] NRWY
[04:47:09] [361/459] CITD
[04:47:10] [362/459] VERD
[04:47:10] [363/459] MKSK
[04:47:11] [364/459] STSM
[04:47:13] [365/459] MJDG
[04:47:14] [366/459] RKPM
[04:47:15] [367/459] SSCE
[04:47:15] [368/459] VMAE
[04:47:16] [369/459] SBRU
[04:47:18] [370/459] AMBC
[04:47:18] [371/459] AMLU
[04:47:19] [372/459] INVZ
[04:47:20] [373/459] LGTV
[04:47:20] [374/459] SVAD
[04:47:21] [375/459] SMSA
[04:47:22] [376/459] SPCZ
[04:47:23] [377/459] GTCX
[04:47:24] [378/459] SCSL
[04:47:25] [379/459] SAHU
[04:47:26] [380/459] NCDA
[04:47:27] [381/459] SCCG
[04:47:28] [382/459] VKTL
[04:47:29] [383/459] PUUJ
[04:47:30] [384/459] STEJ
[04:47:31] [385/459] RJAL
[04:47:31] [386/459] ACJC
[04:47:32] [387/459] VTHC
[04:47:33] [388/459] ARVB
[04:47:34] [389/459] AUBB
[04:47:35] [390/459] GDBR
[04:47:35] [391/459] PVND
[04:47:36] [392/459] BGRJ
[04:47:37] [393/459] RJMM
[04:47:38] [394/459] MCSA
[04:47:39] [395/459] BODA
[04:47:40] [396/459] JAGG
[04:47:41] [397/459] SCGA
[04:47:42] [398/459] LRCM
[04:47:43] [399/459] CPCN
[04:47:44] [400/459] SSTF
[04:47:45] [401/459] SRXP
[04:47:45] [402/459] CNFX
[04:47:46] [403/459] ANDI
[04:47:47] [404/459] SYEW
[04:47:48] [405/459] RCRE
[04:47:49] [406/459] SCRW
[04:47:50] [407/459] MBKR
[04:47:51] [408/459] ASNT
[04:47:51] [409/459] JTMT
[04:47:52] [410/459] SHAY
[04:47:53] [411/459] VRTH
[04:47:54] [412/459] SPTI
[04:47:55] [413/459] DPTD
[04:47:56] [414/459] TGSN
[04:47:56] [415/459] RCWV
[04:47:58] [416/459] OCUR
[04:47:59] [417/459] KSTC
[04:48:00] [418/459] SANI
[04:48:01] [419/459] MLCA
[04:48:02] [420/459] EGCA
[04:48:03] [421/459] SYSN
[04:48:03] [422/459] PKTA
[04:48:04] [423/459] PRCC
[04:48:05] [424/459] KSTR
[04:48:06] [425/459] SNTP
[04:48:07] [426/459] RCHA
[04:48:07] [427/459] SEEA
[04:48:08] [428/459] ALAT
[04:48:09] [429/459] AATV
[04:48:10] [430/459] RJTE
[04:48:11] [431/459] AAPP
[04:48:11] [432/459] PMMH
[04:48:12] [433/459] INRJ
[04:48:13] [434/459] SARB
[04:48:14] [435/459] PCJL
[04:48:14] [436/459] PFJJ
[04:48:15] [437/459] GRDC
[04:48:16] [438/459] BCBA
[04:48:17] [439/459] VIXL
[04:48:18] [440/459] CSTL
[04:48:19] [441/459] MTDK
[04:48:20] [442/459] TDAC
[04:48:20] [443/459] GTDN
[04:48:21] [444/459] TTDE
[04:48:22] [445/459] ASTS
[04:48:23] [446/459] CPNS
[04:48:24] [447/459] PVVW
[04:48:24] [448/459] USEB
[04:48:25] [449/459] DTYN
[04:48:26] [450/459] PVLE
[04:48:27] [451/459] CIPS
[04:48:28] [452/459] PAEG
[04:48:29] [453/459] PTCW
[04:48:30] [454/459] G3SR
[04:48:31] [455/459] PGND
[04:48:32] [456/459] INVM
[04:48:33] [457/459] SPIA
[04:48:34] [458/459] PCSN
[04:48:34] [459/459] PPGV
[04:48:35] ✅ DONE | Shows=136 | Movies=13
