[00:39:17] 🚀 BMS DAILY TRACKER STARTED
[00:39:17] [1/459] MBDC
[00:39:17] 🧠 New identity
[00:39:18] [2/459] CHKM
[00:39:19] [3/459] JTKZ
[00:39:20] [4/459] CMCT
[00:39:21] [5/459] ASHO
[00:39:22] [6/459] ECDG
[00:39:23] [7/459] SPAT
[00:39:24] [8/459] HILC
[00:39:25] [9/459] SPPH
[00:39:26] [10/459] SBHN
[00:39:27] [11/459] RRCA
[00:39:28] [12/459] APAA
[00:39:29] [13/459] RAME
[00:39:30] [14/459] TMMS
[00:39:31] [15/459] BATK
[00:39:32] [16/459] LKOP
[00:39:33] [17/459] AMTT
[00:39:34] [18/459] PTGK
[00:39:35] [19/459] ANRS
[00:39:36] [20/459] VWBW
[00:39:37] [21/459] SVFG
[00:39:38] [22/459] STAT
[00:39:39] [23/459] GDCV
[00:39:40] [24/459] VEBI
[00:39:40] [25/459] VDSS
[00:39:41] [26/459] NTHV
[00:39:42] [27/459] AOCH
[00:39:43] [28/459] KASR
[00:39:44] [29/459] AYCS
[00:39:45] [30/459] SHAI
[00:39:46] [31/459] SKPE
[00:39:47] [32/459] SBTA
[00:39:48] [33/459] RTTD
[00:39:48] [34/459] CCJD
[00:39:49] [35/459] RSJJ
[00:39:50] [36/459] RKND
[00:39:51] [37/459] SVTX
[00:39:52] [38/459] BAKM
[00:39:52] [39/459] SVDC
[00:39:53] [40/459] MNCV
[00:39:55] [41/459] SJGC
[00:39:56] [42/459] MTPK
[00:39:57] [43/459] GATP
[00:39:57] [44/459] ABTS
[00:39:58] [45/459] ABDE
[00:39:59] [46/459] RCNM
[00:40:00] [47/459] KTHV
[00:40:01] [48/459] MDGJ
[00:40:02] [49/459] SMLM
[00:40:02] [50/459] JTMA
[00:40:03] [51/459] ACKP
[00:40:04] [52/459] SRTA
[00:40:04] [53/459] STAY
[00:40:05] [54/459] MAVO
[00:40:06] [55/459] APTS
[00:40:07] [56/459] OMEA
[00:40:08] [57/459] TTFD
[00:40:09] [58/459] MJCU
[00:40:09] [59/459] CXTE
[00:40:10] [60/459] CTPX
[00:40:11] [61/459] ASSL
[00:40:12] [62/459] CMVB
[00:40:13] [63/459] VPUR
[00:40:14] [64/459] JJDA
[00:40:14] [65/459] INBL
[00:40:15] [66/459] BIKB
[00:40:16] [67/459] NTBB
[00:40:17] [68/459] GLOB
[00:40:18] [69/459] SNTB
[00:40:19] [70/459] CHGV
[00:40:20] [71/459] SSBZ
[00:40:20] [72/459] PRDB
[00:40:21] [73/459] ISMT
[00:40:22] [74/459] MCSD
[00:40:23] [75/459] JBTT
[00:40:24] [76/459] GEKR
[00:40:24] [77/459] PVUN
[00:40:25] [78/459] NRTB
[00:40:26] [79/459] PRAA
[00:40:27] [80/459] PCBL
[00:40:28] [81/459] PTCM
[00:40:29] [82/459] KHNN
[00:40:29] [83/459] OMJE
[00:40:30] [84/459] STGN
[00:40:31] [85/459] RPMS
[00:40:32] [86/459] NWAD
[00:40:33] [87/459] BLCK
[00:40:34] [88/459] SVAA
[00:40:35] [89/459] URVM
[00:40:36] [90/459] ANTM
[00:40:37] [91/459] VJYM
[00:40:38] [92/459] MAZZ
[00:40:39] [93/459] CSHM
[00:40:40] [94/459] WGMH
[00:40:40] [95/459] SALN
[00:40:41] [96/459] BRTP
[00:40:42] [97/459] SVTA
[00:40:43] [98/459] SBTP
[00:40:43] [99/459] VLSS
[00:40:44] [100/459] SRJA
[00:40:45] [101/459] ANCG
[00:40:46] [102/459] CGGC
[00:40:46] [103/459] CRJA
[00:40:47] [104/459] USCR
[00:40:48] [105/459] MMEF
[00:40:49] [106/459] JCRJ
[00:40:50] [107/459] ADCM
[00:40:51] [108/459] BMYK
[00:40:51] [109/459] KICS
[00:40:52] [110/459] MBBT
[00:40:54] [111/459] MACK
[00:40:55] [112/459] CLDR
[00:40:56] [113/459] JYCR
[00:40:56] [114/459] DCRP
[00:40:57] [115/459] RAHT
[00:40:58] [116/459] CSSM
[00:40:59] [117/459] ATPK
[00:41:00] [118/459] KLRT
[00:41:00] [119/459] SRDD
[00:41:01] [120/459] CKMC
[00:41:02] [121/459] KRVM
[00:41:03] [122/459] AKCP
[00:41:04] [123/459] CNCV
[00:41:04] [124/459] PACT
[00:41:05] [125/459] NATP
[00:41:06] [126/459] PCPK
[00:41:07] [127/459] SMHO
[00:41:08] [128/459] CWTK
[00:41:09] [129/459] RVKZ
[00:41:10] [130/459] ASPD
[00:41:11] [131/459] VTKZ
[00:41:11] [132/459] LCSO
[00:41:12] [133/459] PRDY
[00:41:13] [134/459] RCAP
[00:41:14] [135/459] RGAR
[00:41:15] [136/459] RCAC
[00:41:16] [137/459] PMOD
[00:41:17] [138/459] PVCN
[00:41:17] [139/459] SCRZ
[00:41:19] [140/459] PVPC
[00:41:20] [141/459] STID
[00:41:21] [142/459] NEDD
[00:41:21] [143/459] BNBA
[00:41:22] [144/459] NTCD
[00:41:23] [145/459] OCDE
[00:41:24] [146/459] CCDU
[00:41:25] [147/459] CRXH
[00:41:26] [148/459] VLVT
[00:41:26] [149/459] CICI
[00:41:27] [150/459] SUCB
[00:41:28] [151/459] TCBP
[00:41:29] [152/459] SCCY
[00:41:29] [153/459] LXCY
[00:41:31] [154/459] NCMD
[00:41:32] [155/459] PHCS
[00:41:33] [156/459] DUXR
[00:41:33] [157/459] VNKS
[00:41:34] [158/459] SEDP
[00:41:35] [159/459] SVEN
[00:41:36] [160/459] SRKM
[00:41:37] [161/459] JTLT
[00:41:37] [162/459] SVSS
[00:41:39] [163/459] AMDE
[00:41:40] [164/459] WVRN
[00:41:41] [165/459] ISMG
[00:41:42] [166/459] WVKS
[00:41:43] [167/459] USCG
[00:41:44] [168/459] IOTG
[00:41:44] [169/459] RRJM
[00:41:45] [170/459] EDMP
[00:41:46] [171/459] SCGZ
[00:41:47] [172/459] GMGX
[00:41:48] [173/459] OMTP
[00:41:49] [174/459] MITD
[00:41:50] [175/459] SMMD
[00:41:51] [176/459] STML
[00:41:53] [177/459] MCFS
[00:41:53] [178/459] FPKA
[00:41:54] [179/459] OMLR
[00:41:55] [180/459] KKSC
[00:41:56] [181/459] RVMA
[00:41:57] [182/459] SCLL
[00:41:58] [183/459] SCDK
[00:41:58] [184/459] SXMI
[00:42:00] [185/459] SHDN
[00:42:01] [186/459] PAAD
[00:42:02] [187/459] UUCB
[00:42:02] [188/459] JHOL
[00:42:03] [189/459] SGWT
[00:42:04] [190/459] SRII
[00:42:05] [191/459] SGCK
[00:42:06] [192/459] SVVB
[00:42:07] [193/459] DMHA
[00:42:08] [194/459] PPNL
[00:42:08] [195/459] CPNL
[00:42:09] [196/459] WVLD
[00:42:10] [197/459] PSLV
[00:42:11] [198/459] VTTL
[00:42:11] [199/459] NPAD
[00:42:13] [200/459] PVCS
[00:42:14] [201/459] MCHL
[00:42:15] [202/459] PPLL
[00:42:16] [203/459] MALO
[00:42:16] [204/459] SWBH
[00:42:17] [205/459] PUGB
[00:42:18] [206/459] INBB
[00:42:19] [207/459] INNS
[00:42:20] [208/459] MCPT
[00:42:21] [209/459] SCMI
[00:42:22] [210/459] OCON
[00:42:23] [211/459] SCSM
[00:42:24] [212/459] RJVN
[00:42:24] [213/459] AMDK
[00:42:26] [214/459] ISMR
[00:42:27] [215/459] SMTD
[00:42:27] [216/459] VTDD
[00:42:28] [217/459] PDDZ
[00:42:29] [218/459] PCCK
[00:42:30] [219/459] INAM
[00:42:31] [220/459] FNKT
[00:42:32] [221/459] GDKA
[00:42:32] [222/459] MAYU
[00:42:33] [223/459] TCGU
[00:42:34] [224/459] KDCA
[00:42:35] [225/459] DOMY
[00:42:36] [226/459] PDDD
[00:42:37] [227/459] BJTS
[00:42:38] [228/459] VTCA
[00:42:40] [229/459] SBTM
[00:42:40] [230/459] SEET
[00:42:41] [231/459] SSTJ
[00:42:42] [232/459] SVNT
[00:42:43] [233/459] PPPR
[00:42:43] [234/459] PVYS
[00:42:44] [235/459] IOSE
[00:42:45] [236/459] ACTV
[00:42:46] [237/459] APVE
[00:42:47] [238/459] TCCL
[00:42:48] [239/459] SCMO
[00:42:48] [240/459] SAUM
[00:42:49] [241/459] KCJS
[00:42:50] [242/459] NJCJ
[00:42:51] [243/459] NECF
[00:42:51] [244/459] CCGW
[00:42:52] [245/459] CCMG
[00:42:53] [246/459] NYRG
[00:42:54] [247/459] NCSQ
[00:42:55] [248/459] GRCG
[00:42:56] [249/459] CCBT
[00:42:57] [250/459] ACGA
[00:42:58] [251/459] INAG
[00:42:59] [252/459] FUCG
[00:42:59] [253/459] AICF
[00:43:00] [254/459] GRGA
[00:43:01] [255/459] GDCN
[00:43:02] [256/459] RRCG
[00:43:03] [257/459] SDCH
[00:43:04] [258/459] WVJM
[00:43:05] [259/459] JCCZ
[00:43:05] [260/459] CNCL
[00:43:06] [261/459] TMLV
[00:43:07] [262/459] MEMB
[00:43:08] [263/459] SGTD
[00:43:09] [264/459] CONX
[00:43:09] [265/459] CCMH
[00:43:11] [266/459] ACMC
[00:43:12] [267/459] DTPD
[00:43:13] [268/459] POJA
[00:43:13] [269/459] FNBH
[00:43:14] [270/459] CGCB
[00:43:15] [271/459] RACN
[00:43:16] [272/459] JTSM
[00:43:17] [273/459] SCDN
[00:43:18] [274/459] AACK
[00:43:19] [275/459] RMCE
[00:43:20] [276/459] BSGB
[00:43:21] [277/459] MRCB
[00:43:22] [278/459] SRVR
[00:43:22] [279/459] VTKK
[00:43:23] [280/459] AMST
[00:43:25] [281/459] APCY
[00:43:26] [282/459] LMHO
[00:43:27] [283/459] MTZH
[00:43:28] [284/459] AMZB
[00:43:29] [285/459] SUVT
[00:43:30] [286/459] RCIP
[00:43:31] [287/459] KESR
[00:43:31] [288/459] SNKC
[00:43:32] [289/459] SCED
[00:43:33] [290/459] DVCA
[00:43:34] [291/459] VCDT
[00:43:35] [292/459] RRDI
[00:43:36] [293/459] DFCH
[00:43:36] [294/459] INSC
[00:43:37] [295/459] RGTR
[00:43:38] [296/459] FMOT
[00:43:39] [297/459] SCPM
[00:43:40] [298/459] GCDT
[00:43:40] [299/459] BRKT
[00:43:41] [300/459] DEMP
[00:43:42] [301/459] SRLC
[00:43:44] [302/459] KSTT
[00:43:44] [303/459] SMMT
[00:43:45] [304/459] SILM
[00:43:46] [305/459] JCVM
[00:43:47] [306/459] KCSV
[00:43:49] [307/459] MHLK
[00:43:50] [308/459] SLVL
[00:43:51] [309/459] RJKP
[00:43:52] [310/459] BBPC
[00:43:52] [311/459] MXCB
[00:43:54] [312/459] TCPK
[00:43:55] [313/459] RTBR
[00:43:56] [314/459] GAUT
[00:43:57] [315/459] DVCF
[00:43:57] [316/459] JTSB
[00:43:58] [317/459] SBLS
[00:43:59] [318/459] UDAY
[00:44:00] [319/459] PTNP
[00:44:00] [320/459] DMKT
[00:44:01] [321/459] NTDT
[00:44:02] [322/459] SHDJ
[00:44:03] [323/459] OTNC
[00:44:04] [324/459] RNTW
[00:44:05] [325/459] GCMI
[00:44:05] [326/459] CRCM
[00:44:06] [327/459] NNCZ
[00:44:07] [328/459] OEMO
[00:44:08] [329/459] PVJM
[00:44:09] [330/459] CPJI
[00:44:09] [331/459] RMCJ
[00:44:10] [332/459] CNWJ
[00:44:11] [333/459] EPJM
[00:44:12] [334/459] FNJJ
[00:44:13] [335/459] GCMJ
[00:44:13] [336/459] INPS
[00:44:14] [337/459] BICJ
[00:44:16] [338/459] ISTJ
[00:44:16] [339/459] INJC
[00:44:17] [340/459] GLXJ
[00:44:18] [341/459] INEM
[00:44:19] [342/459] JTMN
[00:44:20] [343/459] FRCJ
[00:44:20] [344/459] DDJP
[00:44:21] [345/459] INJV
[00:44:22] [346/459] GOLC
[00:44:23] [347/459] KOCI
[00:44:24] [348/459] FSTD
[00:44:25] [349/459] PACJ
[00:44:26] [350/459] GMCN
[00:44:28] [351/459] MMDJ
[00:44:29] [352/459] GODH
[00:44:30] [353/459] SKYN
[00:44:31] [354/459] NCTH
[00:44:32] [355/459] SKVZ
[00:44:33] [356/459] SVML
[00:44:33] [357/459] ACVZ
[00:44:34] [358/459] SURA
[00:44:35] [359/459] RTRB
[00:44:36] [360/459] LLCT
[00:44:37] [361/459] ATTS
[00:44:38] [362/459] JYCM
[00:44:38] [363/459] CTKR
[00:44:40] [364/459] LCKR
[00:44:41] [365/459] NYCV
[00:44:41] [366/459] NYOH
[00:44:42] [367/459] NOVX
[00:44:43] [368/459] MRGK
[00:44:44] [369/459] MOON
[00:44:44] [370/459] SBUC
[00:44:45] [371/459] GSVA
[00:44:46] [372/459] VIAK
[00:44:47] [373/459] SMVZ
[00:44:48] [374/459] MATE
[00:44:49] [375/459] RDCN
[00:44:50] [376/459] ASBL
[00:44:50] [377/459] ASVS
[00:44:51] [378/459] ASSR
[00:44:52] [379/459] SSKN
[00:44:53] [380/459] DRPV
[00:44:54] [381/459] MRHT
[00:44:55] [382/459] BSCN
[00:44:55] [383/459] RKNX
[00:44:56] [384/459] MSMC
[00:44:57] [385/459] MSCJ
[00:44:58] [386/459] BTBJ
[00:44:59] [387/459] MJCC
[00:44:59] [388/459] IOMM
[00:45:00] [389/459] ADGR
[00:45:01] [390/459] MYCP
[00:45:02] [391/459] IGCM
[00:45:02] [392/459] PGRK
[00:45:03] [393/459] VPGO
[00:45:04] [394/459] KOMS
[00:45:05] [395/459] URGG
[00:45:05] [396/459] GOST
[00:45:06] [397/459] LACT
[00:45:07] [398/459] BWCM
[00:45:09] [399/459] NCCW
[00:45:09] [400/459] SKYC
[00:45:11] [401/459] CCPM
[00:45:12] [402/459] VCBT
[00:45:12] [403/459] SDKR
[00:45:13] [404/459] CTYB
[00:45:14] [405/459] SHCX
[00:45:15] [406/459] RCUN
[00:45:16] [407/459] CNRA
[00:45:17] [408/459] RFCA
[00:45:18] [409/459] RDCU
[00:45:19] [410/459] SARK
[00:45:20] [411/459] SPPP
[00:45:21] [412/459] ADMB
[00:45:22] [413/459] JYOE
[00:45:23] [414/459] SRMD
[00:45:23] [415/459] RJDH
[00:45:24] [416/459] SSTD
[00:45:25] [417/459] AACV
[00:45:26] [418/459] PPVD
[00:45:27] [419/459] STCP
[00:45:27] [420/459] ANJR
[00:45:28] [421/459] ANLS
[00:45:29] [422/459] BIJO
[00:45:30] [423/459] AVAB
[00:45:31] [424/459] SPMD
[00:45:32] [425/459] SVJL
[00:45:33] [426/459] SDDJ
[00:45:33] [427/459] SLTU
[00:45:34] [428/459] SAKA
[00:45:35] [429/459] PMAM
[00:45:36] [430/459] FNAM
[00:45:37] [431/459] ACAM
[00:45:38] [432/459] SCMM
[00:45:39] [433/459] PMAK
[00:45:40] [434/459] NYSA
[00:45:41] [435/459] FCPA
[00:45:42] [436/459] GDAN
[00:45:42] [437/459] RSCA
[00:45:43] [438/459] DMAN
[00:45:44] [439/459] DZCM
[00:45:44] [440/459] NSGL
[00:45:46] [441/459] CCPP
[00:45:47] [442/459] PSMG
[00:45:48] [443/459] GSER
[00:45:49] [444/459] FCCT
[00:45:49] [445/459] FCTB
[00:45:51] [446/459] LCNK
[00:45:52] [447/459] SKTY
[00:45:52] [448/459] INAA
[00:45:53] [449/459] RCWN
[00:45:54] [450/459] VAIS
[00:45:55] [451/459] CVMN
[00:45:56] [452/459] INTS
[00:45:56] [453/459] FRGS
[00:45:57] [454/459] DTCK
[00:45:58] [455/459] MCMH
[00:45:59] [456/459] ECRR
[00:46:00] [457/459] RLLP
[00:46:01] [458/459] CCSN
[00:46:01] [459/459] CCBA
[00:46:02] ✅ DONE | Shows=0 | Movies=0
[01:42:40] 🚀 BMS DAILY TRACKER STARTED
[01:42:40] [1/459] MBDC
[01:42:40] 🧠 New identity
[01:42:41] [2/459] CHKM
[01:42:42] [3/459] JTKZ
[01:42:43] [4/459] CMCT
[01:42:44] [5/459] ASHO
[01:42:45] [6/459] ECDG
[01:42:46] [7/459] SPAT
[01:42:46] [8/459] HILC
[01:42:47] [9/459] SPPH
[01:42:48] [10/459] SBHN
[01:42:49] [11/459] RRCA
[01:42:50] [12/459] APAA
[01:42:50] [13/459] RAME
[01:42:51] [14/459] TMMS
[01:42:52] [15/459] BATK
[01:42:54] [16/459] LKOP
[01:42:54] [17/459] AMTT
[01:42:55] [18/459] PTGK
[01:42:56] [19/459] ANRS
[01:42:56] [20/459] VWBW
[01:42:58] [21/459] SVFG
[01:42:59] [22/459] STAT
[01:43:00] [23/459] GDCV
[01:43:01] [24/459] VEBI
[01:43:02] [25/459] VDSS
[01:43:02] [26/459] NTHV
[01:43:04] [27/459] AOCH
[01:43:04] [28/459] KASR
[01:43:06] [29/459] AYCS
[01:43:07] [30/459] SHAI
[01:43:08] [31/459] SKPE
[01:43:08] [32/459] SBTA
[01:43:09] [33/459] RTTD
[01:43:10] [34/459] CCJD
[01:43:11] [35/459] RSJJ
[01:43:12] [36/459] RKND
[01:43:14] [37/459] SVTX
[01:43:15] [38/459] BAKM
[01:43:15] [39/459] SVDC
[01:43:17] [40/459] MNCV
[01:43:18] [41/459] SJGC
[01:43:19] [42/459] MTPK
[01:43:20] [43/459] GATP
[01:43:20] [44/459] ABTS
[01:43:21] [45/459] ABDE
[01:43:23] [46/459] RCNM
[01:43:24] [47/459] KTHV
[01:43:24] [48/459] MDGJ
[01:43:25] [49/459] SMLM
[01:43:26] [50/459] JTMA
[01:43:27] [51/459] ACKP
[01:43:27] [52/459] SRTA
[01:43:28] [53/459] STAY
[01:43:29] [54/459] MAVO
[01:43:30] [55/459] APTS
[01:43:30] [56/459] OMEA
[01:43:32] [57/459] TTFD
[01:43:34] [58/459] MJCU
[01:43:36] [59/459] CXTE
[01:43:37] [60/459] CTPX
[01:43:38] [61/459] ASSL
[01:43:38] [62/459] CMVB
[01:43:39] [63/459] VPUR
[01:43:41] [64/459] JJDA
[01:43:42] [65/459] INBL
[01:43:42] [66/459] BIKB
[01:43:43] [67/459] NTBB
[01:43:44] [68/459] GLOB
[01:43:45] [69/459] SNTB
[01:43:46] [70/459] CHGV
[01:43:48] [71/459] SSBZ
[01:43:49] [72/459] PRDB
[01:43:49] [73/459] ISMT
[01:43:50] [74/459] MCSD
[01:43:51] [75/459] JBTT
[01:43:52] [76/459] GEKR
[01:43:53] [77/459] PVUN
[01:43:54] [78/459] NRTB
[01:43:54] [79/459] PRAA
[01:43:55] [80/459] PCBL
[01:43:56] [81/459] PTCM
[01:43:57] [82/459] KHNN
[01:43:58] [83/459] OMJE
[01:43:58] [84/459] STGN
[01:43:59] [85/459] RPMS
[01:44:00] [86/459] NWAD
[01:44:01] [87/459] BLCK
[01:44:02] [88/459] SVAA
[01:44:02] [89/459] URVM
[01:44:03] [90/459] ANTM
[01:44:04] [91/459] VJYM
[01:44:05] [92/459] MAZZ
[01:44:06] [93/459] CSHM
[01:44:08] [94/459] WGMH
[01:44:08] [95/459] SALN
[01:44:09] [96/459] BRTP
[01:44:10] [97/459] SVTA
[01:44:11] [98/459] SBTP
[01:44:12] [99/459] VLSS
[01:44:13] [100/459] SRJA
[01:44:14] [101/459] ANCG
[01:44:15] [102/459] CGGC
[01:44:16] [103/459] CRJA
[01:44:17] [104/459] USCR
[01:44:18] [105/459] MMEF
[01:44:19] [106/459] JCRJ
[01:44:20] [107/459] ADCM
[01:44:21] [108/459] BMYK
[01:44:21] [109/459] KICS
[01:44:22] [110/459] MBBT
[01:44:23] [111/459] MACK
[01:44:24] [112/459] CLDR
[01:44:24] [113/459] JYCR
[01:44:25] [114/459] DCRP
[01:44:26] [115/459] RAHT
[01:44:28] [116/459] CSSM
[01:44:29] [117/459] ATPK
[01:44:30] [118/459] KLRT
[01:44:31] [119/459] SRDD
[01:44:32] [120/459] CKMC
[01:44:33] [121/459] KRVM
[01:44:34] [122/459] AKCP
[01:44:35] [123/459] CNCV
[01:44:35] [124/459] PACT
[01:44:36] [125/459] NATP
[01:44:37] [126/459] PCPK
[01:44:38] [127/459] SMHO
[01:44:39] [128/459] CWTK
[01:44:40] [129/459] RVKZ
[01:44:40] [130/459] ASPD
[01:44:41] [131/459] VTKZ
[01:44:42] [132/459] LCSO
[01:44:43] [133/459] PRDY
[01:44:44] [134/459] RCAP
[01:44:45] [135/459] RGAR
[01:44:46] [136/459] RCAC
[01:44:47] [137/459] PMOD
[01:44:48] [138/459] PVCN
[01:44:49] [139/459] SCRZ
[01:44:50] [140/459] PVPC
[01:44:52] [141/459] STID
[01:44:53] [142/459] NEDD
[01:44:54] [143/459] BNBA
[01:44:54] [144/459] NTCD
[01:44:55] [145/459] OCDE
[01:44:56] [146/459] CCDU
[01:44:57] [147/459] CRXH
[01:44:58] [148/459] VLVT
[01:44:58] [149/459] CICI
[01:44:59] [150/459] SUCB
[01:45:00] [151/459] TCBP
[01:45:01] [152/459] SCCY
[01:45:02] [153/459] LXCY
[01:45:03] [154/459] NCMD
[01:45:04] [155/459] PHCS
[01:45:06] [156/459] DUXR
[01:45:07] [157/459] VNKS
[01:45:08] [158/459] SEDP
[01:45:08] [159/459] SVEN
[01:45:09] [160/459] SRKM
[01:45:10] [161/459] JTLT
[01:45:11] [162/459] SVSS
[01:45:12] [163/459] AMDE
[01:45:12] [164/459] WVRN
[01:45:13] [165/459] ISMG
[01:45:14] [166/459] WVKS
[01:45:14] [167/459] USCG
[01:45:15] [168/459] IOTG
[01:45:16] [169/459] RRJM
[01:45:17] [170/459] EDMP
[01:45:18] [171/459] SCGZ
[01:45:18] [172/459] GMGX
[01:45:19] [173/459] OMTP
[01:45:20] [174/459] MITD
[01:45:21] [175/459] SMMD
[01:45:22] [176/459] STML
[01:45:22] [177/459] MCFS
[01:45:23] [178/459] FPKA
[01:45:24] [179/459] OMLR
[01:45:25] [180/459] KKSC
[01:45:26] [181/459] RVMA
[01:45:27] [182/459] SCLL
[01:45:28] [183/459] SCDK
[01:45:29] [184/459] SXMI
[01:45:29] [185/459] SHDN
[01:45:30] [186/459] PAAD
[01:45:31] [187/459] UUCB
[01:45:33] [188/459] JHOL
[01:45:35] [189/459] SGWT
[01:45:36] [190/459] SRII
[01:45:36] [191/459] SGCK
[01:45:38] [192/459] SVVB
[01:45:39] [193/459] DMHA
[01:45:40] [194/459] PPNL
[01:45:40] [195/459] CPNL
[01:45:41] [196/459] WVLD
[01:45:42] [197/459] PSLV
[01:45:44] [198/459] VTTL
[01:45:44] [199/459] NPAD
[01:45:45] [200/459] PVCS
[01:45:46] [201/459] MCHL
[01:45:47] [202/459] PPLL
[01:45:48] [203/459] MALO
[01:45:49] [204/459] SWBH
[01:45:50] [205/459] PUGB
[01:45:50] [206/459] INBB
[01:45:51] [207/459] INNS
[01:45:52] [208/459] MCPT
[01:45:53] [209/459] SCMI
[01:45:54] [210/459] OCON
[01:45:55] [211/459] SCSM
[01:45:56] [212/459] RJVN
[01:45:57] [213/459] AMDK
[01:45:58] [214/459] ISMR
[01:45:58] [215/459] SMTD
[01:45:59] [216/459] VTDD
[01:46:00] [217/459] PDDZ
[01:46:01] [218/459] PCCK
[01:46:02] [219/459] INAM
[01:46:02] [220/459] FNKT
[01:46:03] [221/459] GDKA
[01:46:04] [222/459] MAYU
[01:46:06] [223/459] TCGU
[01:46:06] [224/459] KDCA
[01:46:07] [225/459] DOMY
[01:46:08] [226/459] PDDD
[01:46:09] [227/459] BJTS
[01:46:11] [228/459] VTCA
[01:46:12] [229/459] SBTM
[01:46:13] [230/459] SEET
[01:46:14] [231/459] SSTJ
[01:46:15] [232/459] SVNT
[01:46:16] [233/459] PPPR
[01:46:16] [234/459] PVYS
[01:46:17] [235/459] IOSE
[01:46:18] [236/459] ACTV
[01:46:19] [237/459] APVE
[01:46:20] [238/459] TCCL
[01:46:21] [239/459] SCMO
[01:46:21] [240/459] SAUM
[01:46:22] [241/459] KCJS
[01:46:23] [242/459] NJCJ
[01:46:24] [243/459] NECF
[01:46:25] [244/459] CCGW
[01:46:26] [245/459] CCMG
[01:46:27] [246/459] NYRG
[01:46:28] [247/459] NCSQ
[01:46:29] [248/459] GRCG
[01:46:29] [249/459] CCBT
[01:46:30] [250/459] ACGA
[01:46:31] [251/459] INAG
[01:46:32] [252/459] FUCG
[01:46:33] [253/459] AICF
[01:46:34] [254/459] GRGA
[01:46:34] [255/459] GDCN
[01:46:35] [256/459] RRCG
[01:46:36] [257/459] SDCH
[01:46:37] [258/459] WVJM
[01:46:38] [259/459] JCCZ
[01:46:39] [260/459] CNCL
[01:46:39] [261/459] TMLV
[01:46:40] [262/459] MEMB
[01:46:41] [263/459] SGTD
[01:46:42] [264/459] CONX
[01:46:43] [265/459] CCMH
[01:46:44] [266/459] ACMC
[01:46:45] [267/459] DTPD
[01:46:46] [268/459] POJA
[01:46:46] [269/459] FNBH
[01:46:47] [270/459] CGCB
[01:46:48] [271/459] RACN
[01:46:49] [272/459] JTSM
[01:46:50] [273/459] SCDN
[01:46:51] [274/459] AACK
[01:46:51] [275/459] RMCE
[01:46:53] [276/459] BSGB
[01:46:54] [277/459] MRCB
[01:46:55] [278/459] SRVR
[01:46:56] [279/459] VTKK
[01:46:57] [280/459] AMST
[01:46:58] [281/459] APCY
[01:46:59] [282/459] LMHO
[01:47:01] [283/459] MTZH
[01:47:01] [284/459] AMZB
[01:47:02] [285/459] SUVT
[01:47:03] [286/459] RCIP
[01:47:04] [287/459] KESR
[01:47:04] [288/459] SNKC
[01:47:05] [289/459] SCED
[01:47:06] [290/459] DVCA
[01:47:07] [291/459] VCDT
[01:47:08] [292/459] RRDI
[01:47:09] [293/459] DFCH
[01:47:10] [294/459] INSC
[01:47:10] [295/459] RGTR
[01:47:11] [296/459] FMOT
[01:47:12] [297/459] SCPM
[01:47:13] [298/459] GCDT
[01:47:14] [299/459] BRKT
[01:47:16] [300/459] DEMP
[01:47:17] [301/459] SRLC
[01:47:17] [302/459] KSTT
[01:47:18] [303/459] SMMT
[01:47:19] [304/459] SILM
[01:47:20] [305/459] JCVM
[01:47:21] [306/459] KCSV
[01:47:21] [307/459] MHLK
[01:47:22] [308/459] SLVL
[01:47:23] [309/459] RJKP
[01:47:25] [310/459] BBPC
[01:47:26] [311/459] MXCB
[01:47:26] [312/459] TCPK
[01:47:27] [313/459] RTBR
[01:47:28] [314/459] GAUT
[01:47:29] [315/459] DVCF
[01:47:30] [316/459] JTSB
[01:47:30] [317/459] SBLS
[01:47:31] [318/459] UDAY
[01:47:33] [319/459] PTNP
[01:47:34] [320/459] DMKT
[01:47:35] [321/459] NTDT
[01:47:36] [322/459] SHDJ
[01:47:36] [323/459] OTNC
[01:47:37] [324/459] RNTW
[01:47:38] [325/459] GCMI
[01:47:39] [326/459] CRCM
[01:47:40] [327/459] NNCZ
[01:47:41] [328/459] OEMO
[01:47:42] [329/459] PVJM
[01:47:43] [330/459] CPJI
[01:47:44] [331/459] RMCJ
[01:47:45] [332/459] CNWJ
[01:47:45] [333/459] EPJM
[01:47:46] [334/459] FNJJ
[01:47:47] [335/459] GCMJ
[01:47:48] [336/459] INPS
[01:47:48] [337/459] BICJ
[01:47:49] [338/459] ISTJ
[01:47:50] [339/459] INJC
[01:47:51] [340/459] GLXJ
[01:47:52] [341/459] INEM
[01:47:53] [342/459] JTMN
[01:47:54] [343/459] FRCJ
[01:47:54] [344/459] DDJP
[01:47:55] [345/459] INJV
[01:47:56] [346/459] GOLC
[01:47:57] [347/459] KOCI
[01:47:58] [348/459] FSTD
[01:47:59] [349/459] PACJ
[01:48:00] [350/459] GMCN
[01:48:01] [351/459] MMDJ
[01:48:02] [352/459] GODH
[01:48:02] [353/459] SKYN
[01:48:03] [354/459] NCTH
[01:48:04] [355/459] SKVZ
[01:48:06] [356/459] SVML
[01:48:07] [357/459] ACVZ
[01:48:07] [358/459] SURA
[01:48:08] [359/459] RTRB
[01:48:10] [360/459] LLCT
[01:48:11] [361/459] ATTS
[01:48:11] [362/459] JYCM
[01:48:13] [363/459] CTKR
[01:48:14] [364/459] LCKR
[01:48:15] [365/459] NYCV
[01:48:16] [366/459] NYOH
[01:48:16] [367/459] NOVX
[01:48:17] [368/459] MRGK
[01:48:18] [369/459] MOON
[01:48:20] [370/459] SBUC
[01:48:20] [371/459] GSVA
[01:48:21] [372/459] VIAK
[01:48:22] [373/459] SMVZ
[01:48:23] [374/459] MATE
[01:48:25] [375/459] RDCN
[01:48:26] [376/459] ASBL
[01:48:27] [377/459] ASVS
[01:48:27] [378/459] ASSR
[01:48:28] [379/459] SSKN
[01:48:29] [380/459] DRPV
[01:48:30] [381/459] MRHT
[01:48:30] [382/459] BSCN
[01:48:31] [383/459] RKNX
[01:48:32] [384/459] MSMC
[01:48:34] [385/459] MSCJ
[01:48:34] [386/459] BTBJ
[01:48:35] [387/459] MJCC
[01:48:36] [388/459] IOMM
[01:48:37] [389/459] ADGR
[01:48:38] [390/459] MYCP
[01:48:38] [391/459] IGCM
[01:48:39] [392/459] PGRK
[01:48:40] [393/459] VPGO
[01:48:41] [394/459] KOMS
[01:48:42] [395/459] URGG
[01:48:44] [396/459] GOST
[01:48:44] [397/459] LACT
[01:48:45] [398/459] BWCM
[01:48:46] [399/459] NCCW
[01:48:48] [400/459] SKYC
[01:48:50] [401/459] CCPM
[01:48:50] [402/459] VCBT
[01:48:51] [403/459] SDKR
[01:48:52] [404/459] CTYB
[01:48:53] [405/459] SHCX
[01:48:54] [406/459] RCUN
[01:48:55] [407/459] CNRA
[01:48:56] [408/459] RFCA
[01:48:56] [409/459] RDCU
[01:48:57] [410/459] SARK
[01:48:58] [411/459] SPPP
[01:48:59] [412/459] ADMB
[01:49:00] [413/459] JYOE
[01:49:00] [414/459] SRMD
[01:49:01] [415/459] RJDH
[01:49:02] [416/459] SSTD
[01:49:03] [417/459] AACV
[01:49:04] [418/459] PPVD
[01:49:05] [419/459] STCP
[01:49:06] [420/459] ANJR
[01:49:07] [421/459] ANLS
[01:49:08] [422/459] BIJO
[01:49:09] [423/459] AVAB
[01:49:09] [424/459] SPMD
[01:49:10] [425/459] SVJL
[01:49:11] [426/459] SDDJ
[01:49:12] [427/459] SLTU
[01:49:13] [428/459] SAKA
[01:49:14] [429/459] PMAM
[01:49:15] [430/459] FNAM
[01:49:16] [431/459] ACAM
[01:49:16] [432/459] SCMM
[01:49:17] [433/459] PMAK
[01:49:18] [434/459] NYSA
[01:49:19] [435/459] FCPA
[01:49:19] [436/459] GDAN
[01:49:20] [437/459] RSCA
[01:49:21] [438/459] DMAN
[01:49:22] [439/459] DZCM
[01:49:23] [440/459] NSGL
[01:49:24] [441/459] CCPP
[01:49:24] [442/459] PSMG
[01:49:25] [443/459] GSER
[01:49:26] [444/459] FCCT
[01:49:27] [445/459] FCTB
[01:49:28] [446/459] LCNK
[01:49:28] [447/459] SKTY
[01:49:29] [448/459] INAA
[01:49:30] [449/459] RCWN
[01:49:31] [450/459] VAIS
[01:49:32] [451/459] CVMN
[01:49:32] [452/459] INTS
[01:49:33] [453/459] FRGS
[01:49:34] [454/459] DTCK
[01:49:35] [455/459] MCMH
[01:49:35] [456/459] ECRR
[01:49:36] [457/459] RLLP
[01:49:37] [458/459] CCSN
[01:49:38] [459/459] CCBA
[01:49:39] ✅ DONE | Shows=0 | Movies=0
[02:40:21] 🚀 BMS DAILY TRACKER STARTED
[02:40:21] [1/459] MBDC
[02:40:21] 🧠 New identity
[02:40:21] [2/459] CHKM
[02:40:22] [3/459] JTKZ
[02:40:23] [4/459] CMCT
[02:40:24] [5/459] ASHO
[02:40:25] [6/459] ECDG
[02:40:26] [7/459] SPAT
[02:40:27] [8/459] HILC
[02:40:28] [9/459] SPPH
[02:40:29] [10/459] SBHN
[02:40:29] [11/459] RRCA
[02:40:30] [12/459] APAA
[02:40:31] [13/459] RAME
[02:40:32] [14/459] TMMS
[02:40:33] [15/459] BATK
[02:40:34] [16/459] LKOP
[02:40:34] [17/459] AMTT
[02:40:35] [18/459] PTGK
[02:40:36] [19/459] ANRS
[02:40:37] [20/459] VWBW
[02:40:38] [21/459] SVFG
[02:40:39] [22/459] STAT
[02:40:40] [23/459] GDCV
[02:40:40] [24/459] VEBI
[02:40:41] [25/459] VDSS
[02:40:42] [26/459] NTHV
[02:40:44] [27/459] AOCH
[02:40:45] [28/459] KASR
[02:40:45] [29/459] AYCS
[02:40:46] [30/459] SHAI
[02:40:47] [31/459] SKPE
[02:40:48] [32/459] SBTA
[02:40:49] [33/459] RTTD
[02:40:49] [34/459] CCJD
[02:40:50] [35/459] RSJJ
[02:40:51] [36/459] RKND
[02:40:52] [37/459] SVTX
[02:40:53] [38/459] BAKM
[02:40:54] [39/459] SVDC
[02:40:55] [40/459] MNCV
[02:40:56] [41/459] SJGC
[02:40:57] [42/459] MTPK
[02:40:58] [43/459] GATP
[02:40:58] [44/459] ABTS
[02:40:59] [45/459] ABDE
[02:41:01] [46/459] RCNM
[02:41:02] [47/459] KTHV
[02:41:03] [48/459] MDGJ
[02:41:04] [49/459] SMLM
[02:41:05] [50/459] JTMA
[02:41:06] [51/459] ACKP
[02:41:06] [52/459] SRTA
[02:41:07] [53/459] STAY
[02:41:08] [54/459] MAVO
[02:41:09] [55/459] APTS
[02:41:10] [56/459] OMEA
[02:41:10] [57/459] TTFD
[02:41:11] [58/459] MJCU
[02:41:12] [59/459] CXTE
[02:41:13] [60/459] CTPX
[02:41:14] [61/459] ASSL
[02:41:15] [62/459] CMVB
[02:41:15] [63/459] VPUR
[02:41:16] [64/459] JJDA
[02:41:17] [65/459] INBL
[02:41:19] [66/459] BIKB
[02:41:20] [67/459] NTBB
[02:41:21] [68/459] GLOB
[02:41:21] [69/459] SNTB
[02:41:22] [70/459] CHGV
[02:41:23] [71/459] SSBZ
[02:41:24] [72/459] PRDB
[02:41:25] [73/459] ISMT
[02:41:26] [74/459] MCSD
[02:41:27] [75/459] JBTT
[02:41:29] [76/459] GEKR
[02:41:30] [77/459] PVUN
[02:41:30] [78/459] NRTB
[02:41:31] [79/459] PRAA
[02:41:32] [80/459] PCBL
[02:41:33] [81/459] PTCM
[02:41:34] [82/459] KHNN
[02:41:35] [83/459] OMJE
[02:41:36] [84/459] STGN
[02:41:37] [85/459] RPMS
[02:41:38] [86/459] NWAD
[02:41:39] [87/459] BLCK
[02:41:40] [88/459] SVAA
[02:41:41] [89/459] URVM
[02:41:42] [90/459] ANTM
[02:41:43] [91/459] VJYM
[02:41:44] [92/459] MAZZ
[02:41:45] [93/459] CSHM
[02:41:46] [94/459] WGMH
[02:41:47] [95/459] SALN
[02:41:47] [96/459] BRTP
[02:41:48] [97/459] SVTA
[02:41:49] [98/459] SBTP
[02:41:50] [99/459] VLSS
[02:41:51] [100/459] SRJA
[02:41:52] [101/459] ANCG
[02:41:52] [102/459] CGGC
[02:41:53] [103/459] CRJA
[02:41:54] [104/459] USCR
[02:41:55] [105/459] MMEF
[02:41:55] [106/459] JCRJ
[02:41:56] [107/459] ADCM
[02:41:57] [108/459] BMYK
[02:41:58] [109/459] KICS
[02:42:00] [110/459] MBBT
[02:42:00] [111/459] MACK
[02:42:01] [112/459] CLDR
[02:42:03] [113/459] JYCR
[02:42:04] [114/459] DCRP
[02:42:04] [115/459] RAHT
[02:42:05] [116/459] CSSM
[02:42:06] [117/459] ATPK
[02:42:06] [118/459] KLRT
[02:42:07] [119/459] SRDD
[02:42:08] [120/459] CKMC
[02:42:09] [121/459] KRVM
[02:42:10] [122/459] AKCP
[02:42:11] [123/459] CNCV
[02:42:11] [124/459] PACT
[02:42:12] [125/459] NATP
[02:42:13] [126/459] PCPK
[02:42:14] [127/459] SMHO
[02:42:14] [128/459] CWTK
[02:42:15] [129/459] RVKZ
[02:42:16] [130/459] ASPD
[02:42:17] [131/459] VTKZ
[02:42:18] [132/459] LCSO
[02:42:19] [133/459] PRDY
[02:42:20] [134/459] RCAP
[02:42:22] [135/459] RGAR
[02:42:23] [136/459] RCAC
[02:42:24] [137/459] PMOD
[02:42:25] [138/459] PVCN
[02:42:26] [139/459] SCRZ
[02:42:27] [140/459] PVPC
[02:42:28] [141/459] STID
[02:42:28] [142/459] NEDD
[02:42:30] [143/459] BNBA
[02:42:31] [144/459] NTCD
[02:42:32] [145/459] OCDE
[02:42:33] [146/459] CCDU
[02:42:33] [147/459] CRXH
[02:42:34] [148/459] VLVT
[02:42:35] [149/459] CICI
[02:42:36] [150/459] SUCB
[02:42:37] [151/459] TCBP
[02:42:39] [152/459] SCCY
[02:42:40] [153/459] LXCY
[02:42:41] [154/459] NCMD
[02:42:42] [155/459] PHCS
[02:42:43] [156/459] DUXR
[02:42:44] [157/459] VNKS
[02:42:45] [158/459] SEDP
[02:42:46] [159/459] SVEN
[02:42:47] [160/459] SRKM
[02:42:48] [161/459] JTLT
[02:42:49] [162/459] SVSS
[02:42:50] [163/459] AMDE
[02:42:51] [164/459] WVRN
[02:42:51] [165/459] ISMG
[02:42:53] [166/459] WVKS
[02:42:54] [167/459] USCG
[02:42:54] [168/459] IOTG
[02:42:55] [169/459] RRJM
[02:42:56] [170/459] EDMP
[02:42:57] [171/459] SCGZ
[02:42:57] [172/459] GMGX
[02:42:58] [173/459] OMTP
[02:42:59] [174/459] MITD
[02:43:00] [175/459] SMMD
[02:43:01] [176/459] STML
[02:43:02] [177/459] MCFS
[02:43:02] [178/459] FPKA
[02:43:03] [179/459] OMLR
[02:43:04] [180/459] KKSC
[02:43:04] [181/459] RVMA
[02:43:05] [182/459] SCLL
[02:43:06] [183/459] SCDK
[02:43:07] [184/459] SXMI
[02:43:08] [185/459] SHDN
[02:43:09] [186/459] PAAD
[02:43:10] [187/459] UUCB
[02:43:10] [188/459] JHOL
[02:43:11] [189/459] SGWT
[02:43:12] [190/459] SRII
[02:43:13] [191/459] SGCK
[02:43:14] [192/459] SVVB
[02:43:15] [193/459] DMHA
[02:43:16] [194/459] PPNL
[02:43:16] [195/459] CPNL
[02:43:17] [196/459] WVLD
[02:43:18] [197/459] PSLV
[02:43:19] [198/459] VTTL
[02:43:20] [199/459] NPAD
[02:43:20] [200/459] PVCS
[02:43:21] [201/459] MCHL
[02:43:22] [202/459] PPLL
[02:43:23] [203/459] MALO
[02:43:24] [204/459] SWBH
[02:43:25] [205/459] PUGB
[02:43:26] [206/459] INBB
[02:43:27] [207/459] INNS
[02:43:28] [208/459] MCPT
[02:43:29] [209/459] SCMI
[02:43:30] [210/459] OCON
[02:43:32] [211/459] SCSM
[02:43:32] [212/459] RJVN
[02:43:33] [213/459] AMDK
[02:43:34] [214/459] ISMR
[02:43:35] [215/459] SMTD
[02:43:36] [216/459] VTDD
[02:43:37] [217/459] PDDZ
[02:43:37] [218/459] PCCK
[02:43:38] [219/459] INAM
[02:43:39] [220/459] FNKT
[02:43:40] [221/459] GDKA
[02:43:41] [222/459] MAYU
[02:43:42] [223/459] TCGU
[02:43:43] [224/459] KDCA
[02:43:44] [225/459] DOMY
[02:43:45] [226/459] PDDD
[02:43:45] [227/459] BJTS
[02:43:46] [228/459] VTCA
[02:43:47] [229/459] SBTM
[02:43:48] [230/459] SEET
[02:43:50] [231/459] SSTJ
[02:43:52] [232/459] SVNT
[02:43:53] [233/459] PPPR
[02:43:53] [234/459] PVYS
[02:43:54] [235/459] IOSE
[02:43:56] [236/459] ACTV
[02:43:57] [237/459] APVE
[02:43:57] [238/459] TCCL
[02:43:58] [239/459] SCMO
[02:43:59] [240/459] SAUM
[02:43:59] [241/459] KCJS
[02:44:00] [242/459] NJCJ
[02:44:01] [243/459] NECF
[02:44:02] [244/459] CCGW
[02:44:04] [245/459] CCMG
[02:44:05] [246/459] NYRG
[02:44:06] [247/459] NCSQ
[02:44:06] [248/459] GRCG
[02:44:07] [249/459] CCBT
[02:44:08] [250/459] ACGA
[02:44:09] [251/459] INAG
[02:44:10] [252/459] FUCG
[02:44:11] [253/459] AICF
[02:44:12] [254/459] GRGA
[02:44:14] [255/459] GDCN
[02:44:14] [256/459] RRCG
[02:44:16] [257/459] SDCH
[02:44:17] [258/459] WVJM
[02:44:18] [259/459] JCCZ
[02:44:19] [260/459] CNCL
[02:44:19] [261/459] TMLV
[02:44:20] [262/459] MEMB
[02:44:22] [263/459] SGTD
[02:44:23] [264/459] CONX
[02:44:24] [265/459] CCMH
[02:44:24] [266/459] ACMC
[02:44:25] [267/459] DTPD
[02:44:26] [268/459] POJA
[02:44:27] [269/459] FNBH
[02:44:27] [270/459] CGCB
[02:44:28] [271/459] RACN
[02:44:29] [272/459] JTSM
[02:44:30] [273/459] SCDN
[02:44:31] [274/459] AACK
[02:44:32] [275/459] RMCE
[02:44:32] [276/459] BSGB
[02:44:33] [277/459] MRCB
[02:44:35] [278/459] SRVR
[02:44:35] [279/459] VTKK
[02:44:36] [280/459] AMST
[02:44:37] [281/459] APCY
[02:44:38] [282/459] LMHO
[02:44:39] [283/459] MTZH
[02:44:39] [284/459] AMZB
[02:44:40] [285/459] SUVT
[02:44:41] [286/459] RCIP
[02:44:42] [287/459] KESR
[02:44:43] [288/459] SNKC
[02:44:43] [289/459] SCED
[02:44:44] [290/459] DVCA
[02:44:45] [291/459] VCDT
[02:44:46] [292/459] RRDI
[02:44:47] [293/459] DFCH
[02:44:48] [294/459] INSC
[02:44:49] [295/459] RGTR
[02:44:50] [296/459] FMOT
[02:44:51] [297/459] SCPM
[02:44:52] [298/459] GCDT
[02:44:53] [299/459] BRKT
[02:44:53] [300/459] DEMP
[02:44:54] [301/459] SRLC
[02:44:55] [302/459] KSTT
[02:44:56] [303/459] SMMT
[02:44:57] [304/459] SILM
[02:44:58] [305/459] JCVM
[02:44:59] [306/459] KCSV
[02:45:00] [307/459] MHLK
[02:45:00] [308/459] SLVL
[02:45:01] [309/459] RJKP
[02:45:03] [310/459] BBPC
[02:45:04] [311/459] MXCB
[02:45:05] [312/459] TCPK
[02:45:06] [313/459] RTBR
[02:45:07] [314/459] GAUT
[02:45:08] [315/459] DVCF
[02:45:08] [316/459] JTSB
[02:45:09] [317/459] SBLS
[02:45:10] [318/459] UDAY
[02:45:11] [319/459] PTNP
[02:45:12] [320/459] DMKT
[02:45:13] [321/459] NTDT
[02:45:14] [322/459] SHDJ
[02:45:15] [323/459] OTNC
[02:45:16] [324/459] RNTW
[02:45:17] [325/459] GCMI
[02:45:17] [326/459] CRCM
[02:45:18] [327/459] NNCZ
[02:45:19] [328/459] OEMO
[02:45:19] [329/459] PVJM
[02:45:20] [330/459] CPJI
[02:45:21] [331/459] RMCJ
[02:45:22] [332/459] CNWJ
[02:45:23] [333/459] EPJM
[02:45:24] [334/459] FNJJ
[02:45:24] [335/459] GCMJ
[02:45:25] [336/459] INPS
[02:45:26] [337/459] BICJ
[02:45:26] [338/459] ISTJ
[02:45:28] [339/459] INJC
[02:45:29] [340/459] GLXJ
[02:45:30] [341/459] INEM
[02:45:31] [342/459] JTMN
[02:45:31] [343/459] FRCJ
[02:45:32] [344/459] DDJP
[02:45:33] [345/459] INJV
[02:45:34] [346/459] GOLC
[02:45:36] [347/459] KOCI
[02:45:37] [348/459] FSTD
[02:45:37] [349/459] PACJ
[02:45:38] [350/459] GMCN
[02:45:39] [351/459] MMDJ
[02:45:40] [352/459] GODH
[02:45:41] [353/459] SKYN
[02:45:42] [354/459] NCTH
[02:45:42] [355/459] SKVZ
[02:45:43] [356/459] SVML
[02:45:44] [357/459] ACVZ
[02:45:45] [358/459] SURA
[02:45:45] [359/459] RTRB
[02:45:46] [360/459] LLCT
[02:45:47] [361/459] ATTS
[02:45:48] [362/459] JYCM
[02:45:50] [363/459] CTKR
[02:45:51] [364/459] LCKR
[02:45:52] [365/459] NYCV
[02:45:52] [366/459] NYOH
[02:45:53] [367/459] NOVX
[02:45:54] [368/459] MRGK
[02:45:55] [369/459] MOON
[02:45:56] [370/459] SBUC
[02:45:58] [371/459] GSVA
[02:45:58] [372/459] VIAK
[02:45:59] [373/459] SMVZ
[02:46:01] [374/459] MATE
[02:46:02] [375/459] RDCN
[02:46:03] [376/459] ASBL
[02:46:03] [377/459] ASVS
[02:46:04] [378/459] ASSR
[02:46:05] [379/459] SSKN
[02:46:05] [380/459] DRPV
[02:46:06] [381/459] MRHT
[02:46:07] [382/459] BSCN
[02:46:08] [383/459] RKNX
[02:46:09] [384/459] MSMC
[02:46:09] [385/459] MSCJ
[02:46:10] [386/459] BTBJ
[02:46:11] [387/459] MJCC
[02:46:12] [388/459] IOMM
[02:46:13] [389/459] ADGR
[02:46:14] [390/459] MYCP
[02:46:14] [391/459] IGCM
[02:46:15] [392/459] PGRK
[02:46:16] [393/459] VPGO
[02:46:17] [394/459] KOMS
[02:46:17] [395/459] URGG
[02:46:18] [396/459] GOST
[02:46:19] [397/459] LACT
[02:46:20] [398/459] BWCM
[02:46:21] [399/459] NCCW
[02:46:21] [400/459] SKYC
[02:46:22] [401/459] CCPM
[02:46:23] [402/459] VCBT
[02:46:24] [403/459] SDKR
[02:46:24] [404/459] CTYB
[02:46:25] [405/459] SHCX
[02:46:26] [406/459] RCUN
[02:46:27] [407/459] CNRA
[02:46:28] [408/459] RFCA
[02:46:29] [409/459] RDCU
[02:46:30] [410/459] SARK
[02:46:31] [411/459] SPPP
[02:46:31] [412/459] ADMB
[02:46:32] [413/459] JYOE
[02:46:33] [414/459] SRMD
[02:46:34] [415/459] RJDH
[02:46:34] [416/459] SSTD
[02:46:35] [417/459] AACV
[02:46:36] [418/459] PPVD
[02:46:37] [419/459] STCP
[02:46:38] [420/459] ANJR
[02:46:38] [421/459] ANLS
[02:46:39] [422/459] BIJO
[02:46:40] [423/459] AVAB
[02:46:41] [424/459] SPMD
[02:46:42] [425/459] SVJL
[02:46:42] [426/459] SDDJ
[02:46:43] [427/459] SLTU
[02:46:44] [428/459] SAKA
[02:46:45] [429/459] PMAM
[02:46:46] [430/459] FNAM
[02:46:46] [431/459] ACAM
[02:46:47] [432/459] SCMM
[02:46:48] [433/459] PMAK
[02:46:49] [434/459] NYSA
[02:46:50] [435/459] FCPA
[02:46:51] [436/459] GDAN
[02:46:52] [437/459] RSCA
[02:46:52] [438/459] DMAN
[02:46:53] [439/459] DZCM
[02:46:54] [440/459] NSGL
[02:46:55] [441/459] CCPP
[02:46:56] [442/459] PSMG
[02:46:56] [443/459] GSER
[02:46:57] [444/459] FCCT
[02:46:58] [445/459] FCTB
[02:46:59] [446/459] LCNK
[02:47:00] [447/459] SKTY
[02:47:01] [448/459] INAA
[02:47:02] [449/459] RCWN
[02:47:02] [450/459] VAIS
[02:47:03] [451/459] CVMN
[02:47:04] [452/459] INTS
[02:47:05] [453/459] FRGS
[02:47:06] [454/459] DTCK
[02:47:07] [455/459] MCMH
[02:47:09] [456/459] ECRR
[02:47:10] [457/459] RLLP
[02:47:11] [458/459] CCSN
[02:47:11] [459/459] CCBA
[02:47:12] ✅ DONE | Shows=0 | Movies=0
[03:41:25] 🚀 BMS DAILY TRACKER STARTED
[03:41:25] [1/459] MBDC
[03:41:25] 🧠 New identity
[03:41:26] [2/459] CHKM
[03:41:27] [3/459] JTKZ
[03:41:28] [4/459] CMCT
[03:41:29] [5/459] ASHO
[03:41:30] [6/459] ECDG
[03:41:31] [7/459] SPAT
[03:41:32] [8/459] HILC
[03:41:34] [9/459] SPPH
[03:41:35] [10/459] SBHN
[03:41:36] [11/459] RRCA
[03:41:37] [12/459] APAA
[03:41:38] [13/459] RAME
[03:41:38] [14/459] TMMS
[03:41:40] [15/459] BATK
[03:41:41] [16/459] LKOP
[03:41:43] [17/459] AMTT
[03:41:44] [18/459] PTGK
[03:41:45] [19/459] ANRS
[03:41:46] [20/459] VWBW
[03:41:47] [21/459] SVFG
[03:41:48] [22/459] STAT
[03:41:49] [23/459] GDCV
[03:41:49] [24/459] VEBI
[03:41:51] [25/459] VDSS
[03:41:52] [26/459] NTHV
[03:41:53] [27/459] AOCH
[03:41:54] [28/459] KASR
[03:41:54] [29/459] AYCS
[03:41:55] [30/459] SHAI
[03:41:56] [31/459] SKPE
[03:41:57] [32/459] SBTA
[03:41:58] [33/459] RTTD
[03:41:58] [34/459] CCJD
[03:41:59] [35/459] RSJJ
[03:42:00] [36/459] RKND
[03:42:02] [37/459] SVTX
[03:42:03] [38/459] BAKM
[03:42:04] [39/459] SVDC
[03:42:05] [40/459] MNCV
[03:42:06] [41/459] SJGC
[03:42:07] [42/459] MTPK
[03:42:08] [43/459] GATP
[03:42:09] [44/459] ABTS
[03:42:11] [45/459] ABDE
[03:42:12] [46/459] RCNM
[03:42:12] [47/459] KTHV
[03:42:13] [48/459] MDGJ
[03:42:14] [49/459] SMLM
[03:42:15] [50/459] JTMA
[03:42:17] [51/459] ACKP
[03:42:18] [52/459] SRTA
[03:42:18] [53/459] STAY
[03:42:19] [54/459] MAVO
[03:42:20] [55/459] APTS
[03:42:21] [56/459] OMEA
[03:42:22] [57/459] TTFD
[03:42:23] [58/459] MJCU
[03:42:24] [59/459] CXTE
[03:42:25] [60/459] CTPX
[03:42:26] [61/459] ASSL
[03:42:26] [62/459] CMVB
[03:42:27] [63/459] VPUR
[03:42:28] [64/459] JJDA
[03:42:29] [65/459] INBL
[03:42:30] [66/459] BIKB
[03:42:30] [67/459] NTBB
[03:42:31] [68/459] GLOB
[03:42:32] [69/459] SNTB
[03:42:33] [70/459] CHGV
[03:42:34] [71/459] SSBZ
[03:42:35] [72/459] PRDB
[03:42:35] [73/459] ISMT
[03:42:36] [74/459] MCSD
[03:42:37] [75/459] JBTT
[03:42:38] [76/459] GEKR
[03:42:39] [77/459] PVUN
[03:42:40] [78/459] NRTB
[03:42:41] [79/459] PRAA
[03:42:41] [80/459] PCBL
[03:42:42] [81/459] PTCM
[03:42:44] [82/459] KHNN
[03:42:45] [83/459] OMJE
[03:42:46] [84/459] STGN
[03:42:46] [85/459] RPMS
[03:42:47] [86/459] NWAD
[03:42:48] [87/459] BLCK
[03:42:49] [88/459] SVAA
[03:42:50] [89/459] URVM
[03:42:51] [90/459] ANTM
[03:42:52] [91/459] VJYM
[03:42:53] [92/459] MAZZ
[03:42:54] [93/459] CSHM
[03:42:55] [94/459] WGMH
[03:42:56] [95/459] SALN
[03:42:57] [96/459] BRTP
[03:42:57] [97/459] SVTA
[03:42:58] [98/459] SBTP
[03:42:59] [99/459] VLSS
[03:43:01] [100/459] SRJA
[03:43:02] [101/459] ANCG
[03:43:03] [102/459] CGGC
[03:43:04] [103/459] CRJA
[03:43:05] [104/459] USCR
[03:43:06] [105/459] MMEF
[03:43:07] [106/459] JCRJ
[03:43:08] [107/459] ADCM
[03:43:09] [108/459] BMYK
[03:43:10] [109/459] KICS
[03:43:12] [110/459] MBBT
[03:43:13] [111/459] MACK
[03:43:14] [112/459] CLDR
[03:43:14] [113/459] JYCR
[03:43:15] [114/459] DCRP
[03:43:16] [115/459] RAHT
[03:43:17] [116/459] CSSM
[03:43:18] [117/459] ATPK
[03:43:19] [118/459] KLRT
[03:43:20] [119/459] SRDD
[03:43:21] [120/459] CKMC
[03:43:22] [121/459] KRVM
[03:43:23] [122/459] AKCP
[03:43:24] [123/459] CNCV
[03:43:25] [124/459] PACT
[03:43:26] [125/459] NATP
[03:43:27] [126/459] PCPK
[03:43:28] [127/459] SMHO
[03:43:29] [128/459] CWTK
[03:43:30] [129/459] RVKZ
[03:43:31] [130/459] ASPD
[03:43:32] [131/459] VTKZ
[03:43:33] [132/459] LCSO
[03:43:34] [133/459] PRDY
[03:43:35] [134/459] RCAP
[03:43:36] [135/459] RGAR
[03:43:37] [136/459] RCAC
[03:43:37] [137/459] PMOD
[03:43:38] [138/459] PVCN
[03:43:39] [139/459] SCRZ
[03:43:40] [140/459] PVPC
[03:43:41] [141/459] STID
[03:43:42] [142/459] NEDD
[03:43:43] [143/459] BNBA
[03:43:43] [144/459] NTCD
[03:43:44] [145/459] OCDE
[03:43:45] [146/459] CCDU
[03:43:46] [147/459] CRXH
[03:43:47] [148/459] VLVT
[03:43:48] [149/459] CICI
[03:43:49] [150/459] SUCB
[03:43:50] [151/459] TCBP
[03:43:51] [152/459] SCCY
[03:43:52] [153/459] LXCY
[03:43:52] [154/459] NCMD
[03:43:53] [155/459] PHCS
[03:43:54] [156/459] DUXR
[03:43:55] [157/459] VNKS
[03:43:56] [158/459] SEDP
[03:43:57] [159/459] SVEN
[03:43:57] [160/459] SRKM
[03:43:58] [161/459] JTLT
[03:43:59] [162/459] SVSS
[03:44:00] [163/459] AMDE
[03:44:01] [164/459] WVRN
[03:44:02] [165/459] ISMG
[03:44:03] [166/459] WVKS
[03:44:04] [167/459] USCG
[03:44:05] [168/459] IOTG
[03:44:06] [169/459] RRJM
[03:44:07] [170/459] EDMP
[03:44:08] [171/459] SCGZ
[03:44:09] [172/459] GMGX
[03:44:10] [173/459] OMTP
[03:44:11] [174/459] MITD
[03:44:12] [175/459] SMMD
[03:44:13] [176/459] STML
[03:44:13] [177/459] MCFS
[03:44:14] [178/459] FPKA
[03:44:15] [179/459] OMLR
[03:44:16] [180/459] KKSC
[03:44:17] [181/459] RVMA
[03:44:17] [182/459] SCLL
[03:44:18] [183/459] SCDK
[03:44:19] [184/459] SXMI
[03:44:20] [185/459] SHDN
[03:44:21] [186/459] PAAD
[03:44:22] [187/459] UUCB
[03:44:23] [188/459] JHOL
[03:44:24] [189/459] SGWT
[03:44:25] [190/459] SRII
[03:44:25] [191/459] SGCK
[03:44:26] [192/459] SVVB
[03:44:27] [193/459] DMHA
[03:44:28] [194/459] PPNL
[03:44:29] [195/459] CPNL
[03:44:30] [196/459] WVLD
[03:44:30] [197/459] PSLV
[03:44:31] [198/459] VTTL
[03:44:33] [199/459] NPAD
[03:44:34] [200/459] PVCS
[03:44:35] [201/459] MCHL
[03:44:36] [202/459] PPLL
[03:44:37] [203/459] MALO
[03:44:38] [204/459] SWBH
[03:44:38] [205/459] PUGB
[03:44:40] [206/459] INBB
[03:44:41] [207/459] INNS
[03:44:42] [208/459] MCPT
[03:44:43] [209/459] SCMI
[03:44:44] [210/459] OCON
[03:44:45] [211/459] SCSM
[03:44:46] [212/459] RJVN
[03:44:47] [213/459] AMDK
[03:44:48] [214/459] ISMR
[03:44:49] [215/459] SMTD
[03:44:49] [216/459] VTDD
[03:44:50] [217/459] PDDZ
[03:44:51] [218/459] PCCK
[03:44:52] [219/459] INAM
[03:44:53] [220/459] FNKT
[03:44:54] [221/459] GDKA
[03:44:55] [222/459] MAYU
[03:44:55] [223/459] TCGU
[03:44:56] [224/459] KDCA
[03:44:57] [225/459] DOMY
[03:44:58] [226/459] PDDD
[03:44:59] [227/459] BJTS
[03:45:00] [228/459] VTCA
[03:45:01] [229/459] SBTM
[03:45:02] [230/459] SEET
[03:45:03] [231/459] SSTJ
[03:45:03] [232/459] SVNT
[03:45:04] [233/459] PPPR
[03:45:05] [234/459] PVYS
[03:45:06] [235/459] IOSE
[03:45:07] [236/459] ACTV
[03:45:08] [237/459] APVE
[03:45:09] [238/459] TCCL
[03:45:10] [239/459] SCMO
[03:45:11] [240/459] SAUM
[03:45:12] [241/459] KCJS
[03:45:13] [242/459] NJCJ
[03:45:14] [243/459] NECF
[03:45:14] [244/459] CCGW
[03:45:15] [245/459] CCMG
[03:45:16] [246/459] NYRG
[03:45:17] [247/459] NCSQ
[03:45:18] [248/459] GRCG
[03:45:19] [249/459] CCBT
[03:45:19] [250/459] ACGA
[03:45:21] [251/459] INAG
[03:45:23] [252/459] FUCG
[03:45:24] [253/459] AICF
[03:45:24] [254/459] GRGA
[03:45:25] [255/459] GDCN
[03:45:26] [256/459] RRCG
[03:45:27] [257/459] SDCH
[03:45:28] [258/459] WVJM
[03:45:28] [259/459] JCCZ
[03:45:29] [260/459] CNCL
[03:45:30] [261/459] TMLV
[03:45:31] [262/459] MEMB
[03:45:32] [263/459] SGTD
[03:45:33] [264/459] CONX
[03:45:35] [265/459] CCMH
[03:45:36] [266/459] ACMC
[03:45:37] [267/459] DTPD
[03:45:37] [268/459] POJA
[03:45:38] [269/459] FNBH
[03:45:40] [270/459] CGCB
[03:45:41] [271/459] RACN
[03:45:42] [272/459] JTSM
[03:45:42] [273/459] SCDN
[03:45:43] [274/459] AACK
[03:45:44] [275/459] RMCE
[03:45:45] [276/459] BSGB
[03:45:46] [277/459] MRCB
[03:45:48] [278/459] SRVR
[03:45:49] [279/459] VTKK
[03:45:50] [280/459] AMST
[03:45:51] [281/459] APCY
[03:45:52] [282/459] LMHO
[03:45:53] [283/459] MTZH
[03:45:54] [284/459] AMZB
[03:45:55] [285/459] SUVT
[03:45:55] [286/459] RCIP
[03:45:56] [287/459] KESR
[03:45:58] [288/459] SNKC
[03:45:59] [289/459] SCED
[03:46:00] [290/459] DVCA
[03:46:00] [291/459] VCDT
[03:46:01] [292/459] RRDI
[03:46:02] [293/459] DFCH
[03:46:04] [294/459] INSC
[03:46:05] [295/459] RGTR
[03:46:05] [296/459] FMOT
[03:46:06] [297/459] SCPM
[03:46:07] [298/459] GCDT
[03:46:08] [299/459] BRKT
[03:46:09] [300/459] DEMP
[03:46:10] [301/459] SRLC
[03:46:11] [302/459] KSTT
[03:46:11] [303/459] SMMT
[03:46:12] [304/459] SILM
[03:46:13] [305/459] JCVM
[03:46:14] [306/459] KCSV
[03:46:15] [307/459] MHLK
[03:46:16] [308/459] SLVL
[03:46:17] [309/459] RJKP
[03:46:18] [310/459] BBPC
[03:46:18] [311/459] MXCB
[03:46:19] [312/459] TCPK
[03:46:20] [313/459] RTBR
[03:46:21] [314/459] GAUT
[03:46:22] [315/459] DVCF
[03:46:23] [316/459] JTSB
[03:46:24] [317/459] SBLS
[03:46:25] [318/459] UDAY
[03:46:26] [319/459] PTNP
[03:46:27] [320/459] DMKT
[03:46:28] [321/459] NTDT
[03:46:28] [322/459] SHDJ
[03:46:29] [323/459] OTNC
[03:46:30] [324/459] RNTW
[03:46:31] [325/459] GCMI
[03:46:32] [326/459] CRCM
[03:46:33] [327/459] NNCZ
[03:46:34] [328/459] OEMO
[03:46:34] [329/459] PVJM
[03:46:35] [330/459] CPJI
[03:46:36] [331/459] RMCJ
[03:46:38] [332/459] CNWJ
[03:46:40] [333/459] EPJM
[03:46:41] [334/459] FNJJ
[03:46:42] [335/459] GCMJ
[03:46:42] [336/459] INPS
[03:46:43] [337/459] BICJ
[03:46:44] [338/459] ISTJ
[03:46:45] [339/459] INJC
[03:46:46] [340/459] GLXJ
[03:46:47] [341/459] INEM
[03:46:48] [342/459] JTMN
[03:46:48] [343/459] FRCJ
[03:46:49] [344/459] DDJP
[03:46:51] [345/459] INJV
[03:46:51] [346/459] GOLC
[03:46:52] [347/459] KOCI
[03:46:53] [348/459] FSTD
[03:46:54] [349/459] PACJ
[03:46:55] [350/459] GMCN
[03:46:56] [351/459] MMDJ
[03:46:57] [352/459] GODH
[03:46:59] [353/459] SKYN
[03:47:00] [354/459] NCTH
[03:47:01] [355/459] SKVZ
[03:47:03] [356/459] SVML
[03:47:04] [357/459] ACVZ
[03:47:04] [358/459] SURA
[03:47:05] [359/459] RTRB
[03:47:06] [360/459] LLCT
[03:47:07] [361/459] ATTS
[03:47:08] [362/459] JYCM
[03:47:09] [363/459] CTKR
[03:47:09] [364/459] LCKR
[03:47:10] [365/459] NYCV
[03:47:11] [366/459] NYOH
[03:47:12] [367/459] NOVX
[03:47:13] [368/459] MRGK
[03:47:13] [369/459] MOON
[03:47:14] [370/459] SBUC
[03:47:15] [371/459] GSVA
[03:47:16] [372/459] VIAK
[03:47:16] [373/459] SMVZ
[03:47:17] [374/459] MATE
[03:47:18] [375/459] RDCN
[03:47:19] [376/459] ASBL
[03:47:20] [377/459] ASVS
[03:47:21] [378/459] ASSR
[03:47:21] [379/459] SSKN
[03:47:22] [380/459] DRPV
[03:47:23] [381/459] MRHT
[03:47:24] [382/459] BSCN
[03:47:25] [383/459] RKNX
[03:47:26] [384/459] MSMC
[03:47:27] [385/459] MSCJ
[03:47:28] [386/459] BTBJ
[03:47:29] [387/459] MJCC
[03:47:29] [388/459] IOMM
[03:47:30] [389/459] ADGR
[03:47:31] [390/459] MYCP
[03:47:32] [391/459] IGCM
[03:47:34] [392/459] PGRK
[03:47:35] [393/459] VPGO
[03:47:35] [394/459] KOMS
[03:47:36] [395/459] URGG
[03:47:37] [396/459] GOST
[03:47:38] [397/459] LACT
[03:47:39] [398/459] BWCM
[03:47:40] [399/459] NCCW
[03:47:41] [400/459] SKYC
[03:47:42] [401/459] CCPM
[03:47:42] [402/459] VCBT
[03:47:43] [403/459] SDKR
[03:47:44] [404/459] CTYB
[03:47:45] [405/459] SHCX
[03:47:46] [406/459] RCUN
[03:47:47] [407/459] CNRA
[03:47:48] [408/459] RFCA
[03:47:49] [409/459] RDCU
[03:47:50] [410/459] SARK
[03:47:51] [411/459] SPPP
[03:47:52] [412/459] ADMB
[03:47:53] [413/459] JYOE
[03:47:53] [414/459] SRMD
[03:47:54] [415/459] RJDH
[03:47:55] [416/459] SSTD
[03:47:56] [417/459] AACV
[03:47:57] [418/459] PPVD
[03:47:58] [419/459] STCP
[03:48:00] [420/459] ANJR
[03:48:01] [421/459] ANLS
[03:48:02] [422/459] BIJO
[03:48:03] [423/459] AVAB
[03:48:04] [424/459] SPMD
[03:48:05] [425/459] SVJL
[03:48:06] [426/459] SDDJ
[03:48:07] [427/459] SLTU
[03:48:08] [428/459] SAKA
[03:48:09] [429/459] PMAM
[03:48:10] [430/459] FNAM
[03:48:11] [431/459] ACAM
[03:48:12] [432/459] SCMM
[03:48:13] [433/459] PMAK
[03:48:14] [434/459] NYSA
[03:48:15] [435/459] FCPA
[03:48:16] [436/459] GDAN
[03:48:17] [437/459] RSCA
[03:48:18] [438/459] DMAN
[03:48:19] [439/459] DZCM
[03:48:20] [440/459] NSGL
[03:48:21] [441/459] CCPP
[03:48:21] [442/459] PSMG
[03:48:22] [443/459] GSER
[03:48:23] [444/459] FCCT
[03:48:24] [445/459] FCTB
[03:48:25] [446/459] LCNK
[03:48:26] [447/459] SKTY
[03:48:26] [448/459] INAA
[03:48:27] [449/459] RCWN
[03:48:28] [450/459] VAIS
[03:48:29] [451/459] CVMN
[03:48:30] [452/459] INTS
[03:48:31] [453/459] FRGS
[03:48:32] [454/459] DTCK
[03:48:33] [455/459] MCMH
[03:48:33] [456/459] ECRR
[03:48:34] [457/459] RLLP
[03:48:35] [458/459] CCSN
[03:48:36] [459/459] CCBA
[03:48:37] ✅ DONE | Shows=6 | Movies=3
[04:41:49] 🚀 BMS DAILY TRACKER STARTED
[04:41:49] [1/459] MBDC
[04:41:49] 🧠 New identity
[04:41:50] [2/459] CHKM
[04:41:50] [3/459] JTKZ
[04:41:51] [4/459] CMCT
[04:41:52] [5/459] ASHO
[04:41:53] [6/459] ECDG
[04:41:54] [7/459] SPAT
[04:41:55] [8/459] HILC
[04:41:56] [9/459] SPPH
[04:41:57] [10/459] SBHN
[04:41:58] [11/459] RRCA
[04:41:58] [12/459] APAA
[04:41:59] [13/459] RAME
[04:42:00] [14/459] TMMS
[04:42:01] [15/459] BATK
[04:42:02] [16/459] LKOP
[04:42:03] [17/459] AMTT
[04:42:04] [18/459] PTGK
[04:42:05] [19/459] ANRS
[04:42:06] [20/459] VWBW
[04:42:06] [21/459] SVFG
[04:42:07] [22/459] STAT
[04:42:08] [23/459] GDCV
[04:42:09] [24/459] VEBI
[04:42:09] [25/459] VDSS
[04:42:10] [26/459] NTHV
[04:42:12] [27/459] AOCH
[04:42:13] [28/459] KASR
[04:42:14] [29/459] AYCS
[04:42:15] [30/459] SHAI
[04:42:16] [31/459] SKPE
[04:42:17] [32/459] SBTA
[04:42:18] [33/459] RTTD
[04:42:19] [34/459] CCJD
[04:42:20] [35/459] RSJJ
[04:42:21] [36/459] RKND
[04:42:22] [37/459] SVTX
[04:42:23] [38/459] BAKM
[04:42:24] [39/459] SVDC
[04:42:25] [40/459] MNCV
[04:42:26] [41/459] SJGC
[04:42:27] [42/459] MTPK
[04:42:28] [43/459] GATP
[04:42:29] [44/459] ABTS
[04:42:29] [45/459] ABDE
[04:42:30] [46/459] RCNM
[04:42:31] [47/459] KTHV
[04:42:32] [48/459] MDGJ
[04:42:33] [49/459] SMLM
[04:42:34] [50/459] JTMA
[04:42:34] [51/459] ACKP
[04:42:35] [52/459] SRTA
[04:42:36] [53/459] STAY
[04:42:37] [54/459] MAVO
[04:42:38] [55/459] APTS
[04:42:39] [56/459] OMEA
[04:42:39] [57/459] TTFD
[04:42:40] [58/459] MJCU
[04:42:41] [59/459] CXTE
[04:42:42] [60/459] CTPX
[04:42:43] [61/459] ASSL
[04:42:44] [62/459] CMVB
[04:42:45] [63/459] VPUR
[04:42:46] [64/459] JJDA
[04:42:47] [65/459] INBL
[04:42:48] [66/459] BIKB
[04:42:49] [67/459] NTBB
[04:42:50] [68/459] GLOB
[04:42:51] [69/459] SNTB
[04:42:52] [70/459] CHGV
[04:42:53] [71/459] SSBZ
[04:42:54] [72/459] PRDB
[04:42:54] [73/459] ISMT
[04:42:56] [74/459] MCSD
[04:42:57] [75/459] JBTT
[04:42:58] [76/459] GEKR
[04:43:00] [77/459] PVUN
[04:43:01] [78/459] NRTB
[04:43:01] [79/459] PRAA
[04:43:02] [80/459] PCBL
[04:43:03] [81/459] PTCM
[04:43:04] [82/459] KHNN
[04:43:05] [83/459] OMJE
[04:43:06] [84/459] STGN
[04:43:06] [85/459] RPMS
[04:43:07] [86/459] NWAD
[04:43:08] [87/459] BLCK
[04:43:09] [88/459] SVAA
[04:43:09] [89/459] URVM
[04:43:10] [90/459] ANTM
[04:43:11] [91/459] VJYM
[04:43:12] [92/459] MAZZ
[04:43:13] [93/459] CSHM
[04:43:14] [94/459] WGMH
[04:43:15] [95/459] SALN
[04:43:16] [96/459] BRTP
[04:43:18] [97/459] SVTA
[04:43:18] [98/459] SBTP
[04:43:19] [99/459] VLSS
[04:43:21] [100/459] SRJA
[04:43:22] [101/459] ANCG
[04:43:23] [102/459] CGGC
[04:43:24] [103/459] CRJA
[04:43:25] [104/459] USCR
[04:43:25] [105/459] MMEF
[04:43:26] [106/459] JCRJ
[04:43:27] [107/459] ADCM
[04:43:28] [108/459] BMYK
[04:43:28] [109/459] KICS
[04:43:29] [110/459] MBBT
[04:43:30] [111/459] MACK
[04:43:31] [112/459] CLDR
[04:43:32] [113/459] JYCR
[04:43:33] [114/459] DCRP
[04:43:34] [115/459] RAHT
[04:43:35] [116/459] CSSM
[04:43:35] [117/459] ATPK
[04:43:36] [118/459] KLRT
[04:43:37] [119/459] SRDD
[04:43:38] [120/459] CKMC
[04:43:38] [121/459] KRVM
[04:43:39] [122/459] AKCP
[04:43:40] [123/459] CNCV
[04:43:41] [124/459] PACT
[04:43:42] [125/459] NATP
[04:43:43] [126/459] PCPK
[04:43:44] [127/459] SMHO
[04:43:45] [128/459] CWTK
[04:43:45] [129/459] RVKZ
[04:43:46] [130/459] ASPD
[04:43:47] [131/459] VTKZ
[04:43:48] [132/459] LCSO
[04:43:48] [133/459] PRDY
[04:43:49] [134/459] RCAP
[04:43:50] [135/459] RGAR
[04:43:51] [136/459] RCAC
[04:43:52] [137/459] PMOD
[04:43:53] [138/459] PVCN
[04:43:54] [139/459] SCRZ
[04:43:55] [140/459] PVPC
[04:43:55] [141/459] STID
[04:43:56] [142/459] NEDD
[04:43:57] [143/459] BNBA
[04:43:57] [144/459] NTCD
[04:43:58] [145/459] OCDE
[04:43:59] [146/459] CCDU
[04:44:00] [147/459] CRXH
[04:44:01] [148/459] VLVT
[04:44:01] [149/459] CICI
[04:44:02] [150/459] SUCB
[04:44:03] [151/459] TCBP
[04:44:05] [152/459] SCCY
[04:44:06] [153/459] LXCY
[04:44:06] [154/459] NCMD
[04:44:07] [155/459] PHCS
[04:44:08] [156/459] DUXR
[04:44:09] [157/459] VNKS
[04:44:10] [158/459] SEDP
[04:44:10] [159/459] SVEN
[04:44:11] [160/459] SRKM
[04:44:12] [161/459] JTLT
[04:44:14] [162/459] SVSS
[04:44:15] [163/459] AMDE
[04:44:15] [164/459] WVRN
[04:44:16] [165/459] ISMG
[04:44:17] [166/459] WVKS
[04:44:18] [167/459] USCG
[04:44:18] [168/459] IOTG
[04:44:19] [169/459] RRJM
[04:44:20] [170/459] EDMP
[04:44:21] [171/459] SCGZ
[04:44:22] [172/459] GMGX
[04:44:23] [173/459] OMTP
[04:44:24] [174/459] MITD
[04:44:25] [175/459] SMMD
[04:44:26] [176/459] STML
[04:44:28] [177/459] MCFS
[04:44:29] [178/459] FPKA
[04:44:30] [179/459] OMLR
[04:44:31] [180/459] KKSC
[04:44:32] [181/459] RVMA
[04:44:33] [182/459] SCLL
[04:44:34] [183/459] SCDK
[04:44:35] [184/459] SXMI
[04:44:36] [185/459] SHDN
[04:44:37] [186/459] PAAD
[04:44:38] [187/459] UUCB
[04:44:38] [188/459] JHOL
[04:44:39] [189/459] SGWT
[04:44:40] [190/459] SRII
[04:44:41] [191/459] SGCK
[04:44:42] [192/459] SVVB
[04:44:43] [193/459] DMHA
[04:44:43] [194/459] PPNL
[04:44:44] [195/459] CPNL
[04:44:45] [196/459] WVLD
[04:44:46] [197/459] PSLV
[04:44:47] [198/459] VTTL
[04:44:47] [199/459] NPAD
[04:44:49] [200/459] PVCS
[04:44:50] [201/459] MCHL
[04:44:51] [202/459] PPLL
[04:44:52] [203/459] MALO
[04:44:53] [204/459] SWBH
[04:44:54] [205/459] PUGB
[04:44:55] [206/459] INBB
[04:44:55] [207/459] INNS
[04:44:56] [208/459] MCPT
[04:44:57] [209/459] SCMI
[04:44:58] [210/459] OCON
[04:44:59] [211/459] SCSM
[04:45:00] [212/459] RJVN
[04:45:01] [213/459] AMDK
[04:45:02] [214/459] ISMR
[04:45:03] [215/459] SMTD
[04:45:04] [216/459] VTDD
[04:45:05] [217/459] PDDZ
[04:45:06] [218/459] PCCK
[04:45:07] [219/459] INAM
[04:45:07] [220/459] FNKT
[04:45:08] [221/459] GDKA
[04:45:09] [222/459] MAYU
[04:45:10] [223/459] TCGU
[04:45:10] [224/459] KDCA
[04:45:11] [225/459] DOMY
[04:45:12] [226/459] PDDD
[04:45:13] [227/459] BJTS
[04:45:13] [228/459] VTCA
[04:45:14] [229/459] SBTM
[04:45:15] [230/459] SEET
[04:45:16] [231/459] SSTJ
[04:45:17] [232/459] SVNT
[04:45:18] [233/459] PPPR
[04:45:19] [234/459] PVYS
[04:45:19] [235/459] IOSE
[04:45:20] [236/459] ACTV
[04:45:21] [237/459] APVE
[04:45:22] [238/459] TCCL
[04:45:23] [239/459] SCMO
[04:45:23] [240/459] SAUM
[04:45:24] [241/459] KCJS
[04:45:25] [242/459] NJCJ
[04:45:26] [243/459] NECF
[04:45:26] [244/459] CCGW
[04:45:27] [245/459] CCMG
[04:45:28] [246/459] NYRG
[04:45:29] [247/459] NCSQ
[04:45:30] [248/459] GRCG
[04:45:31] [249/459] CCBT
[04:45:32] [250/459] ACGA
[04:45:33] [251/459] INAG
[04:45:33] [252/459] FUCG
[04:45:34] [253/459] AICF
[04:45:35] [254/459] GRGA
[04:45:36] [255/459] GDCN
[04:45:36] [256/459] RRCG
[04:45:38] [257/459] SDCH
[04:45:39] [258/459] WVJM
[04:45:40] [259/459] JCCZ
[04:45:40] [260/459] CNCL
[04:45:41] [261/459] TMLV
[04:45:42] [262/459] MEMB
[04:45:43] [263/459] SGTD
[04:45:44] [264/459] CONX
[04:45:45] [265/459] CCMH
[04:45:46] [266/459] ACMC
[04:45:47] [267/459] DTPD
[04:45:48] [268/459] POJA
[04:45:48] [269/459] FNBH
[04:45:50] [270/459] CGCB
[04:45:51] [271/459] RACN
[04:45:52] [272/459] JTSM
[04:45:52] [273/459] SCDN
[04:45:53] [274/459] AACK
[04:45:54] [275/459] RMCE
[04:45:56] [276/459] BSGB
[04:45:57] [277/459] MRCB
[04:45:58] [278/459] SRVR
[04:45:59] [279/459] VTKK
[04:46:00] [280/459] AMST
[04:46:01] [281/459] APCY
[04:46:02] [282/459] LMHO
[04:46:03] [283/459] MTZH
[04:46:04] [284/459] AMZB
[04:46:05] [285/459] SUVT
[04:46:05] [286/459] RCIP
[04:46:06] [287/459] KESR
[04:46:07] [288/459] SNKC
[04:46:08] [289/459] SCED
[04:46:09] [290/459] DVCA
[04:46:10] [291/459] VCDT
[04:46:11] [292/459] RRDI
[04:46:11] [293/459] DFCH
[04:46:12] [294/459] INSC
[04:46:13] [295/459] RGTR
[04:46:14] [296/459] FMOT
[04:46:15] [297/459] SCPM
[04:46:15] [298/459] GCDT
[04:46:16] [299/459] BRKT
[04:46:17] [300/459] DEMP
[04:46:18] [301/459] SRLC
[04:46:19] [302/459] KSTT
[04:46:20] [303/459] SMMT
[04:46:21] [304/459] SILM
[04:46:23] [305/459] JCVM
[04:46:24] [306/459] KCSV
[04:46:25] [307/459] MHLK
[04:46:26] [308/459] SLVL
[04:46:26] [309/459] RJKP
[04:46:27] [310/459] BBPC
[04:46:28] [311/459] MXCB
[04:46:30] [312/459] TCPK
[04:46:31] [313/459] RTBR
[04:46:31] [314/459] GAUT
[04:46:32] [315/459] DVCF
[04:46:33] [316/459] JTSB
[04:46:34] [317/459] SBLS
[04:46:35] [318/459] UDAY
[04:46:36] [319/459] PTNP
[04:46:36] [320/459] DMKT
[04:46:37] [321/459] NTDT
[04:46:38] [322/459] SHDJ
[04:46:39] [323/459] OTNC
[04:46:40] [324/459] RNTW
[04:46:42] [325/459] GCMI
[04:46:42] [326/459] CRCM
[04:46:44] [327/459] NNCZ
[04:46:45] [328/459] OEMO
[04:46:45] [329/459] PVJM
[04:46:46] [330/459] CPJI
[04:46:47] [331/459] RMCJ
[04:46:48] [332/459] CNWJ
[04:46:49] [333/459] EPJM
[04:46:49] [334/459] FNJJ
[04:46:50] [335/459] GCMJ
[04:46:52] [336/459] INPS
[04:46:53] [337/459] BICJ
[04:46:54] [338/459] ISTJ
[04:46:54] [339/459] INJC
[04:46:55] [340/459] GLXJ
[04:46:56] [341/459] INEM
[04:46:57] [342/459] JTMN
[04:46:58] [343/459] FRCJ
[04:46:58] [344/459] DDJP
[04:46:59] [345/459] INJV
[04:47:00] [346/459] GOLC
[04:47:01] [347/459] KOCI
[04:47:02] [348/459] FSTD
[04:47:03] [349/459] PACJ
[04:47:04] [350/459] GMCN
[04:47:05] [351/459] MMDJ
[04:47:06] [352/459] GODH
[04:47:06] [353/459] SKYN
[04:47:07] [354/459] NCTH
[04:47:08] [355/459] SKVZ
[04:47:09] [356/459] SVML
[04:47:10] [357/459] ACVZ
[04:47:11] [358/459] SURA
[04:47:12] [359/459] RTRB
[04:47:14] [360/459] LLCT
[04:47:15] [361/459] ATTS
[04:47:16] [362/459] JYCM
[04:47:16] [363/459] CTKR
[04:47:17] [364/459] LCKR
[04:47:18] [365/459] NYCV
[04:47:19] [366/459] NYOH
[04:47:20] [367/459] NOVX
[04:47:20] [368/459] MRGK
[04:47:21] [369/459] MOON
[04:47:22] [370/459] SBUC
[04:47:23] [371/459] GSVA
[04:47:24] [372/459] VIAK
[04:47:25] [373/459] SMVZ
[04:47:26] [374/459] MATE
[04:47:27] [375/459] RDCN
[04:47:28] [376/459] ASBL
[04:47:29] [377/459] ASVS
[04:47:30] [378/459] ASSR
[04:47:31] [379/459] SSKN
[04:47:32] [380/459] DRPV
[04:47:33] [381/459] MRHT
[04:47:34] [382/459] BSCN
[04:47:35] [383/459] RKNX
[04:47:36] [384/459] MSMC
[04:47:37] [385/459] MSCJ
[04:47:38] [386/459] BTBJ
[04:47:39] [387/459] MJCC
[04:47:40] [388/459] IOMM
[04:47:40] [389/459] ADGR
[04:47:41] [390/459] MYCP
[04:47:42] [391/459] IGCM
[04:47:43] [392/459] PGRK
[04:47:44] [393/459] VPGO
[04:47:45] [394/459] KOMS
[04:47:45] [395/459] URGG
[04:47:46] [396/459] GOST
[04:47:47] [397/459] LACT
[04:47:48] [398/459] BWCM
[04:47:49] [399/459] NCCW
[04:47:49] [400/459] SKYC
[04:47:50] [401/459] CCPM
[04:47:51] [402/459] VCBT
[04:47:52] [403/459] SDKR
[04:47:53] [404/459] CTYB
[04:47:54] [405/459] SHCX
[04:47:55] [406/459] RCUN
[04:47:55] [407/459] CNRA
[04:47:56] [408/459] RFCA
[04:47:57] [409/459] RDCU
[04:47:58] [410/459] SARK
[04:47:59] [411/459] SPPP
[04:48:00] [412/459] ADMB
[04:48:01] [413/459] JYOE
[04:48:02] [414/459] SRMD
[04:48:02] [415/459] RJDH
[04:48:03] [416/459] SSTD
[04:48:04] [417/459] AACV
[04:48:05] [418/459] PPVD
[04:48:06] [419/459] STCP
[04:48:07] [420/459] ANJR
[04:48:08] [421/459] ANLS
[04:48:09] [422/459] BIJO
[04:48:09] [423/459] AVAB
[04:48:10] [424/459] SPMD
[04:48:11] [425/459] SVJL
[04:48:12] [426/459] SDDJ
[04:48:13] [427/459] SLTU
[04:48:14] [428/459] SAKA
[04:48:15] [429/459] PMAM
[04:48:15] [430/459] FNAM
[04:48:16] [431/459] ACAM
[04:48:17] [432/459] SCMM
[04:48:19] [433/459] PMAK
[04:48:19] [434/459] NYSA
[04:48:20] [435/459] FCPA
[04:48:21] [436/459] GDAN
[04:48:22] [437/459] RSCA
[04:48:23] [438/459] DMAN
[04:48:24] [439/459] DZCM
[04:48:25] [440/459] NSGL
[04:48:26] [441/459] CCPP
[04:48:27] [442/459] PSMG
[04:48:28] [443/459] GSER
[04:48:28] [444/459] FCCT
[04:48:29] [445/459] FCTB
[04:48:30] [446/459] LCNK
[04:48:31] [447/459] SKTY
[04:48:32] [448/459] INAA
[04:48:33] [449/459] RCWN
[04:48:34] [450/459] VAIS
[04:48:35] [451/459] CVMN
[04:48:35] [452/459] INTS
[04:48:36] [453/459] FRGS
[04:48:37] [454/459] DTCK
[04:48:37] [455/459] MCMH
[04:48:38] [456/459] ECRR
[04:48:39] [457/459] RLLP
[04:48:40] [458/459] CCSN
[04:48:40] [459/459] CCBA
[04:48:41] ✅ DONE | Shows=16 | Movies=7
[06:33:05] 🚀 BMS DAILY TRACKER STARTED
[06:33:05] [1/459] MBDC
[06:33:05] 🧠 New identity
[06:33:05] [2/459] CHKM
[06:33:06] [3/459] JTKZ
[06:33:07] [4/459] CMCT
[06:33:08] [5/459] ASHO
[06:33:09] [6/459] ECDG
[06:33:10] [7/459] SPAT
[06:33:11] [8/459] HILC
[06:33:11] [9/459] SPPH
[06:33:12] [10/459] SBHN
[06:33:13] [11/459] RRCA
[06:33:14] [12/459] APAA
[06:33:15] [13/459] RAME
[06:33:16] [14/459] TMMS
[06:33:16] [15/459] BATK
[06:33:17] [16/459] LKOP
[06:33:18] [17/459] AMTT
[06:33:19] [18/459] PTGK
[06:33:20] [19/459] ANRS
[06:33:21] [20/459] VWBW
[06:33:22] [21/459] SVFG
[06:33:22] [22/459] STAT
[06:33:23] [23/459] GDCV
[06:33:24] [24/459] VEBI
[06:33:25] [25/459] VDSS
[06:33:26] [26/459] NTHV
[06:33:27] [27/459] AOCH
[06:33:27] [28/459] KASR
[06:33:28] [29/459] AYCS
[06:33:30] [30/459] SHAI
[06:33:31] [31/459] SKPE
[06:33:32] [32/459] SBTA
[06:33:32] [33/459] RTTD
[06:33:33] [34/459] CCJD
[06:33:34] [35/459] RSJJ
[06:33:35] [36/459] RKND
[06:33:37] [37/459] SVTX
[06:33:38] [38/459] BAKM
[06:33:38] [39/459] SVDC
[06:33:40] [40/459] MNCV
[06:33:41] [41/459] SJGC
[06:33:42] [42/459] MTPK
[06:33:43] [43/459] GATP
[06:33:43] [44/459] ABTS
[06:33:44] [45/459] ABDE
[06:33:45] [46/459] RCNM
[06:33:46] [47/459] KTHV
[06:33:48] [48/459] MDGJ
[06:33:48] [49/459] SMLM
[06:33:49] [50/459] JTMA
[06:33:50] [51/459] ACKP
[06:33:51] [52/459] SRTA
[06:33:52] [53/459] STAY
[06:33:53] [54/459] MAVO
[06:33:53] [55/459] APTS
[06:33:54] [56/459] OMEA
[06:33:55] [57/459] TTFD
[06:33:56] [58/459] MJCU
[06:33:57] [59/459] CXTE
[06:33:58] [60/459] CTPX
[06:33:59] [61/459] ASSL
[06:34:00] [62/459] CMVB
[06:34:02] [63/459] VPUR
[06:34:03] [64/459] JJDA
[06:34:04] [65/459] INBL
[06:34:05] [66/459] BIKB
[06:34:06] [67/459] NTBB
[06:34:08] [68/459] GLOB
[06:34:09] [69/459] SNTB
[06:34:09] [70/459] CHGV
[06:34:10] [71/459] SSBZ
[06:34:11] [72/459] PRDB
[06:34:12] [73/459] ISMT
[06:34:13] [74/459] MCSD
[06:34:13] [75/459] JBTT
[06:34:14] [76/459] GEKR
[06:34:15] [77/459] PVUN
[06:34:16] [78/459] NRTB
[06:34:17] [79/459] PRAA
[06:34:17] [80/459] PCBL
[06:34:18] [81/459] PTCM
[06:34:19] [82/459] KHNN
[06:34:21] [83/459] OMJE
[06:34:22] [84/459] STGN
[06:34:23] [85/459] RPMS
[06:34:23] [86/459] NWAD
[06:34:24] [87/459] BLCK
[06:34:25] [88/459] SVAA
[06:34:26] [89/459] URVM
[06:34:27] [90/459] ANTM
[06:34:28] [91/459] VJYM
[06:34:29] [92/459] MAZZ
[06:34:29] [93/459] CSHM
[06:34:30] [94/459] WGMH
[06:34:31] [95/459] SALN
[06:34:32] [96/459] BRTP
[06:34:33] [97/459] SVTA
[06:34:33] [98/459] SBTP
[06:34:34] [99/459] VLSS
[06:34:35] [100/459] SRJA
[06:34:36] [101/459] ANCG
[06:34:37] [102/459] CGGC
[06:34:38] [103/459] CRJA
[06:34:38] [104/459] USCR
[06:34:39] [105/459] MMEF
[06:34:40] [106/459] JCRJ
[06:34:41] [107/459] ADCM
[06:34:42] [108/459] BMYK
[06:34:43] [109/459] KICS
[06:34:44] [110/459] MBBT
[06:34:45] [111/459] MACK
[06:34:47] [112/459] CLDR
[06:34:48] [113/459] JYCR
[06:34:49] [114/459] DCRP
[06:34:50] [115/459] RAHT
[06:34:51] [116/459] CSSM
[06:34:52] [117/459] ATPK
[06:34:52] [118/459] KLRT
[06:34:53] [119/459] SRDD
[06:34:54] [120/459] CKMC
[06:34:55] [121/459] KRVM
[06:34:56] [122/459] AKCP
[06:34:56] [123/459] CNCV
[06:34:58] [124/459] PACT
[06:34:59] [125/459] NATP
[06:35:00] [126/459] PCPK
[06:35:00] [127/459] SMHO
[06:35:01] [128/459] CWTK
[06:35:02] [129/459] RVKZ
[06:35:03] [130/459] ASPD
[06:35:04] [131/459] VTKZ
[06:35:05] [132/459] LCSO
[06:35:05] [133/459] PRDY
[06:35:07] [134/459] RCAP
[06:35:08] [135/459] RGAR
[06:35:10] [136/459] RCAC
[06:35:10] [137/459] PMOD
[06:35:11] [138/459] PVCN
[06:35:12] [139/459] SCRZ
[06:35:13] [140/459] PVPC
[06:35:14] [141/459] STID
[06:35:14] [142/459] NEDD
[06:35:15] [143/459] BNBA
[06:35:16] [144/459] NTCD
[06:35:17] [145/459] OCDE
[06:35:18] [146/459] CCDU
[06:35:18] [147/459] CRXH
[06:35:19] [148/459] VLVT
[06:35:20] [149/459] CICI
[06:35:21] [150/459] SUCB
[06:35:22] [151/459] TCBP
[06:35:22] [152/459] SCCY
[06:35:23] [153/459] LXCY
[06:35:24] [154/459] NCMD
[06:35:25] [155/459] PHCS
[06:35:25] [156/459] DUXR
[06:35:26] [157/459] VNKS
[06:35:27] [158/459] SEDP
[06:35:28] [159/459] SVEN
[06:35:29] [160/459] SRKM
[06:35:30] [161/459] JTLT
[06:35:31] [162/459] SVSS
[06:35:32] [163/459] AMDE
[06:35:33] [164/459] WVRN
[06:35:34] [165/459] ISMG
[06:35:34] [166/459] WVKS
[06:35:35] [167/459] USCG
[06:35:37] [168/459] IOTG
[06:35:38] [169/459] RRJM
[06:35:38] [170/459] EDMP
[06:35:39] [171/459] SCGZ
[06:35:40] [172/459] GMGX
[06:35:41] [173/459] OMTP
[06:35:41] [174/459] MITD
[06:35:42] [175/459] SMMD
[06:35:44] [176/459] STML
[06:35:45] [177/459] MCFS
[06:35:45] [178/459] FPKA
[06:35:46] [179/459] OMLR
[06:35:47] [180/459] KKSC
[06:35:48] [181/459] RVMA
[06:35:49] [182/459] SCLL
[06:35:50] [183/459] SCDK
[06:35:51] [184/459] SXMI
[06:35:52] [185/459] SHDN
[06:35:53] [186/459] PAAD
[06:35:54] [187/459] UUCB
[06:35:55] [188/459] JHOL
[06:35:56] [189/459] SGWT
[06:35:56] [190/459] SRII
[06:35:57] [191/459] SGCK
[06:35:58] [192/459] SVVB
[06:35:59] [193/459] DMHA
[06:36:00] [194/459] PPNL
[06:36:01] [195/459] CPNL
[06:36:02] [196/459] WVLD
[06:36:02] [197/459] PSLV
[06:36:03] [198/459] VTTL
[06:36:04] [199/459] NPAD
[06:36:05] [200/459] PVCS
[06:36:06] [201/459] MCHL
[06:36:07] [202/459] PPLL
[06:36:07] [203/459] MALO
[06:36:09] [204/459] SWBH
[06:36:10] [205/459] PUGB
[06:36:11] [206/459] INBB
[06:36:12] [207/459] INNS
[06:36:13] [208/459] MCPT
[06:36:15] [209/459] SCMI
[06:36:17] [210/459] OCON
[06:36:18] [211/459] SCSM
[06:36:19] [212/459] RJVN
[06:36:20] [213/459] AMDK
[06:36:21] [214/459] ISMR
[06:36:21] [215/459] SMTD
[06:36:22] [216/459] VTDD
[06:36:23] [217/459] PDDZ
[06:36:24] [218/459] PCCK
[06:36:25] [219/459] INAM
[06:36:26] [220/459] FNKT
[06:36:27] [221/459] GDKA
[06:36:28] [222/459] MAYU
[06:36:28] [223/459] TCGU
[06:36:29] [224/459] KDCA
[06:36:30] [225/459] DOMY
[06:36:30] [226/459] PDDD
[06:36:31] [227/459] BJTS
[06:36:32] [228/459] VTCA
[06:36:33] [229/459] SBTM
[06:36:34] [230/459] SEET
[06:36:35] [231/459] SSTJ
[06:36:36] [232/459] SVNT
[06:36:36] [233/459] PPPR
[06:36:37] [234/459] PVYS
[06:36:38] [235/459] IOSE
[06:36:39] [236/459] ACTV
[06:36:39] [237/459] APVE
[06:36:40] [238/459] TCCL
[06:36:41] [239/459] SCMO
[06:36:42] [240/459] SAUM
[06:36:43] [241/459] KCJS
[06:36:43] [242/459] NJCJ
[06:36:44] [243/459] NECF
[06:36:45] [244/459] CCGW
[06:36:45] [245/459] CCMG
[06:36:46] [246/459] NYRG
[06:36:47] [247/459] NCSQ
[06:36:48] [248/459] GRCG
[06:36:49] [249/459] CCBT
[06:36:49] [250/459] ACGA
[06:36:50] [251/459] INAG
[06:36:51] [252/459] FUCG
[06:36:52] [253/459] AICF
[06:36:53] [254/459] GRGA
[06:36:53] [255/459] GDCN
[06:36:54] [256/459] RRCG
[06:36:55] [257/459] SDCH
[06:36:56] [258/459] WVJM
[06:36:57] [259/459] JCCZ
[06:36:58] [260/459] CNCL
[06:36:59] [261/459] TMLV
[06:36:59] [262/459] MEMB
[06:37:00] [263/459] SGTD
[06:37:01] [264/459] CONX
[06:37:02] [265/459] CCMH
[06:37:03] [266/459] ACMC
[06:37:04] [267/459] DTPD
[06:37:05] [268/459] POJA
[06:37:07] [269/459] FNBH
[06:37:08] [270/459] CGCB
[06:37:08] [271/459] RACN
[06:37:09] [272/459] JTSM
[06:37:10] [273/459] SCDN
[06:37:11] [274/459] AACK
[06:37:12] [275/459] RMCE
[06:37:13] [276/459] BSGB
[06:37:15] [277/459] MRCB
[06:37:16] [278/459] SRVR
[06:37:16] [279/459] VTKK
[06:37:17] [280/459] AMST
[06:37:18] [281/459] APCY
[06:37:19] [282/459] LMHO
[06:37:20] [283/459] MTZH
[06:37:21] [284/459] AMZB
[06:37:22] [285/459] SUVT
[06:37:22] [286/459] RCIP
[06:37:23] [287/459] KESR
[06:37:24] [288/459] SNKC
[06:37:25] [289/459] SCED
[06:37:26] [290/459] DVCA
[06:37:26] [291/459] VCDT
[06:37:27] [292/459] RRDI
[06:37:29] [293/459] DFCH
[06:37:30] [294/459] INSC
[06:37:30] [295/459] RGTR
[06:37:31] [296/459] FMOT
[06:37:32] [297/459] SCPM
[06:37:33] [298/459] GCDT
[06:37:34] [299/459] BRKT
[06:37:35] [300/459] DEMP
[06:37:35] [301/459] SRLC
[06:37:36] [302/459] KSTT
[06:37:38] [303/459] SMMT
[06:37:39] [304/459] SILM
[06:37:40] [305/459] JCVM
[06:37:42] [306/459] KCSV
[06:37:43] [307/459] MHLK
[06:37:45] [308/459] SLVL
[06:37:46] [309/459] RJKP
[06:37:47] [310/459] BBPC
[06:37:48] [311/459] MXCB
[06:37:49] [312/459] TCPK
[06:37:51] [313/459] RTBR
[06:37:52] [314/459] GAUT
[06:37:52] [315/459] DVCF
[06:37:53] [316/459] JTSB
[06:37:54] [317/459] SBLS
[06:37:55] [318/459] UDAY
[06:37:56] [319/459] PTNP
[06:37:57] [320/459] DMKT
[06:37:58] [321/459] NTDT
[06:37:59] [322/459] SHDJ
[06:38:00] [323/459] OTNC
[06:38:01] [324/459] RNTW
[06:38:01] [325/459] GCMI
[06:38:03] [326/459] CRCM
[06:38:03] [327/459] NNCZ
[06:38:05] [328/459] OEMO
[06:38:06] [329/459] PVJM
[06:38:07] [330/459] CPJI
[06:38:08] [331/459] RMCJ
[06:38:09] [332/459] CNWJ
[06:38:10] [333/459] EPJM
[06:38:11] [334/459] FNJJ
[06:38:12] [335/459] GCMJ
[06:38:13] [336/459] INPS
[06:38:13] [337/459] BICJ
[06:38:14] [338/459] ISTJ
[06:38:15] [339/459] INJC
[06:38:16] [340/459] GLXJ
[06:38:17] [341/459] INEM
[06:38:18] [342/459] JTMN
[06:38:19] [343/459] FRCJ
[06:38:20] [344/459] DDJP
[06:38:21] [345/459] INJV
[06:38:22] [346/459] GOLC
[06:38:23] [347/459] KOCI
[06:38:24] [348/459] FSTD
[06:38:25] [349/459] PACJ
[06:38:26] [350/459] GMCN
[06:38:27] [351/459] MMDJ
[06:38:27] [352/459] GODH
[06:38:28] [353/459] SKYN
[06:38:29] [354/459] NCTH
[06:38:30] [355/459] SKVZ
[06:38:30] [356/459] SVML
[06:38:31] [357/459] ACVZ
[06:38:32] [358/459] SURA
[06:38:33] [359/459] RTRB
[06:38:34] [360/459] LLCT
[06:38:35] [361/459] ATTS
[06:38:35] [362/459] JYCM
[06:38:36] [363/459] CTKR
[06:38:37] [364/459] LCKR
[06:38:37] [365/459] NYCV
[06:38:38] [366/459] NYOH
[06:38:39] [367/459] NOVX
[06:38:40] [368/459] MRGK
[06:38:42] [369/459] MOON
[06:38:44] [370/459] SBUC
[06:38:45] [371/459] GSVA
[06:38:46] [372/459] VIAK
[06:38:47] [373/459] SMVZ
[06:38:48] [374/459] MATE
[06:38:48] [375/459] RDCN
[06:38:50] [376/459] ASBL
[06:38:51] [377/459] ASVS
[06:38:52] [378/459] ASSR
[06:38:53] [379/459] SSKN
[06:38:54] [380/459] DRPV
[06:38:54] [381/459] MRHT
[06:38:55] [382/459] BSCN
[06:38:56] [383/459] RKNX
[06:38:57] [384/459] MSMC
[06:38:58] [385/459] MSCJ
[06:38:59] [386/459] BTBJ
[06:39:00] [387/459] MJCC
[06:39:01] [388/459] IOMM
[06:39:02] [389/459] ADGR
[06:39:03] [390/459] MYCP
[06:39:04] [391/459] IGCM
[06:39:04] [392/459] PGRK
[06:39:05] [393/459] VPGO
[06:39:06] [394/459] KOMS
[06:39:07] [395/459] URGG
[06:39:08] [396/459] GOST
[06:39:09] [397/459] LACT
[06:39:10] [398/459] BWCM
[06:39:10] [399/459] NCCW
[06:39:12] [400/459] SKYC
[06:39:13] [401/459] CCPM
[06:39:13] [402/459] VCBT
[06:39:14] [403/459] SDKR
[06:39:15] [404/459] CTYB
[06:39:16] [405/459] SHCX
[06:39:17] [406/459] RCUN
[06:39:18] [407/459] CNRA
[06:39:19] [408/459] RFCA
[06:39:20] [409/459] RDCU
[06:39:21] [410/459] SARK
[06:39:22] [411/459] SPPP
[06:39:23] [412/459] ADMB
[06:39:24] [413/459] JYOE
[06:39:25] [414/459] SRMD
[06:39:26] [415/459] RJDH
[06:39:27] [416/459] SSTD
[06:39:28] [417/459] AACV
[06:39:29] [418/459] PPVD
[06:39:30] [419/459] STCP
[06:39:31] [420/459] ANJR
[06:39:32] [421/459] ANLS
[06:39:32] [422/459] BIJO
[06:39:33] [423/459] AVAB
[06:39:34] [424/459] SPMD
[06:39:36] [425/459] SVJL
[06:39:38] [426/459] SDDJ
[06:39:39] [427/459] SLTU
[06:39:40] [428/459] SAKA
[06:39:41] [429/459] PMAM
[06:39:42] [430/459] FNAM
[06:39:42] [431/459] ACAM
[06:39:43] [432/459] SCMM
[06:39:44] [433/459] PMAK
[06:39:45] [434/459] NYSA
[06:39:46] [435/459] FCPA
[06:39:46] [436/459] GDAN
[06:39:47] [437/459] RSCA
[06:39:48] [438/459] DMAN
[06:39:49] [439/459] DZCM
[06:39:50] [440/459] NSGL
[06:39:50] [441/459] CCPP
[06:39:51] [442/459] PSMG
[06:39:52] [443/459] GSER
[06:39:53] [444/459] FCCT
[06:39:53] [445/459] FCTB
[06:39:54] [446/459] LCNK
[06:39:55] [447/459] SKTY
[06:39:56] [448/459] INAA
[06:39:57] [449/459] RCWN
[06:39:58] [450/459] VAIS
[06:39:59] [451/459] CVMN
[06:39:59] [452/459] INTS
[06:40:00] [453/459] FRGS
[06:40:02] [454/459] DTCK
[06:40:03] [455/459] MCMH
[06:40:04] [456/459] ECRR
[06:40:04] [457/459] RLLP
[06:40:05] [458/459] CCSN
[06:40:07] [459/459] CCBA
[06:40:07] ✅ DONE | Shows=190 | Movies=25
[08:52:45] 🚀 BMS DAILY TRACKER STARTED
[08:52:45] [1/459] MBDC
[08:52:45] 🧠 New identity
[08:52:47] [2/459] CHKM
[08:52:48] [3/459] JTKZ
[08:52:49] [4/459] CMCT
[08:52:50] [5/459] ASHO
[08:52:51] [6/459] ECDG
[08:52:51] [7/459] SPAT
[08:52:52] [8/459] HILC
[08:52:53] [9/459] SPPH
[08:52:54] [10/459] SBHN
[08:52:55] [11/459] RRCA
[08:52:55] [12/459] APAA
[08:52:56] [13/459] RAME
[08:52:57] [14/459] TMMS
[08:52:58] [15/459] BATK
[08:52:59] [16/459] LKOP
[08:52:59] [17/459] AMTT
[08:53:00] [18/459] PTGK
[08:53:01] [19/459] ANRS
[08:53:03] [20/459] VWBW
[08:53:03] [21/459] SVFG
[08:53:04] [22/459] STAT
[08:53:05] [23/459] GDCV
[08:53:07] [24/459] VEBI
[08:53:07] [25/459] VDSS
[08:53:08] [26/459] NTHV
[08:53:09] [27/459] AOCH
[08:53:11] [28/459] KASR
[08:53:12] [29/459] AYCS
[08:53:12] [30/459] SHAI
[08:53:14] [31/459] SKPE
[08:53:15] [32/459] SBTA
[08:53:16] [33/459] RTTD
[08:53:16] [34/459] CCJD
[08:53:17] [35/459] RSJJ
[08:53:18] [36/459] RKND
[08:53:19] [37/459] SVTX
[08:53:20] [38/459] BAKM
[08:53:20] [39/459] SVDC
[08:53:21] [40/459] MNCV
[08:53:22] [41/459] SJGC
[08:53:23] [42/459] MTPK
[08:53:24] [43/459] GATP
[08:53:25] [44/459] ABTS
[08:53:25] [45/459] ABDE
[08:53:26] [46/459] RCNM
[08:53:27] [47/459] KTHV
[08:53:28] [48/459] MDGJ
[08:53:29] [49/459] SMLM
[08:53:30] [50/459] JTMA
[08:53:31] [51/459] ACKP
[08:53:32] [52/459] SRTA
[08:53:32] [53/459] STAY
[08:53:33] [54/459] MAVO
[08:53:34] [55/459] APTS
[08:53:35] [56/459] OMEA
[08:53:36] [57/459] TTFD
[08:53:37] [58/459] MJCU
[08:53:38] [59/459] CXTE
[08:53:39] [60/459] CTPX
[08:53:40] [61/459] ASSL
[08:53:41] [62/459] CMVB
[08:53:42] [63/459] VPUR
[08:53:42] [64/459] JJDA
[08:53:43] [65/459] INBL
[08:53:44] [66/459] BIKB
[08:53:45] [67/459] NTBB
[08:53:46] [68/459] GLOB
[08:53:47] [69/459] SNTB
[08:53:47] [70/459] CHGV
[08:53:48] [71/459] SSBZ
[08:53:49] [72/459] PRDB
[08:53:50] [73/459] ISMT
[08:53:51] [74/459] MCSD
[08:53:51] [75/459] JBTT
[08:53:52] [76/459] GEKR
[08:53:53] [77/459] PVUN
[08:53:54] [78/459] NRTB
[08:53:55] [79/459] PRAA
[08:53:56] [80/459] PCBL
[08:53:56] [81/459] PTCM
[08:53:57] [82/459] KHNN
[08:53:58] [83/459] OMJE
[08:53:59] [84/459] STGN
[08:53:59] [85/459] RPMS
[08:54:00] [86/459] NWAD
[08:54:01] [87/459] BLCK
[08:54:02] [88/459] SVAA
[08:54:03] [89/459] URVM
[08:54:04] [90/459] ANTM
[08:54:04] [91/459] VJYM
[08:54:05] [92/459] MAZZ
[08:54:07] [93/459] CSHM
[08:54:07] [94/459] WGMH
[08:54:08] [95/459] SALN
[08:54:09] [96/459] BRTP
[08:54:10] [97/459] SVTA
[08:54:11] [98/459] SBTP
[08:54:12] [99/459] VLSS
[08:54:12] [100/459] SRJA
[08:54:13] [101/459] ANCG
[08:54:14] [102/459] CGGC
[08:54:15] [103/459] CRJA
[08:54:17] [104/459] USCR
[08:54:17] [105/459] MMEF
[08:54:18] [106/459] JCRJ
[08:54:20] [107/459] ADCM
[08:54:21] [108/459] BMYK
[08:54:22] [109/459] KICS
[08:54:22] [110/459] MBBT
[08:54:23] [111/459] MACK
[08:54:24] [112/459] CLDR
[08:54:25] [113/459] JYCR
[08:54:26] [114/459] DCRP
[08:54:26] [115/459] RAHT
[08:54:27] [116/459] CSSM
[08:54:28] [117/459] ATPK
[08:54:29] [118/459] KLRT
[08:54:30] [119/459] SRDD
[08:54:31] [120/459] CKMC
[08:54:32] [121/459] KRVM
[08:54:32] [122/459] AKCP
[08:54:33] [123/459] CNCV
[08:54:34] [124/459] PACT
[08:54:35] [125/459] NATP
[08:54:36] [126/459] PCPK
[08:54:36] [127/459] SMHO
[08:54:37] [128/459] CWTK
[08:54:38] [129/459] RVKZ
[08:54:39] [130/459] ASPD
[08:54:40] [131/459] VTKZ
[08:54:41] [132/459] LCSO
[08:54:42] [133/459] PRDY
[08:54:42] [134/459] RCAP
[08:54:43] [135/459] RGAR
[08:54:44] [136/459] RCAC
[08:54:45] [137/459] PMOD
[08:54:46] [138/459] PVCN
[08:54:47] [139/459] SCRZ
[08:54:48] [140/459] PVPC
[08:54:48] [141/459] STID
[08:54:50] [142/459] NEDD
[08:54:51] [143/459] BNBA
[08:54:51] [144/459] NTCD
[08:54:52] [145/459] OCDE
[08:54:53] [146/459] CCDU
[08:54:54] [147/459] CRXH
[08:54:55] [148/459] VLVT
[08:54:56] [149/459] CICI
[08:54:57] [150/459] SUCB
[08:54:58] [151/459] TCBP
[08:54:59] [152/459] SCCY
[08:54:59] [153/459] LXCY
[08:55:00] [154/459] NCMD
[08:55:01] [155/459] PHCS
[08:55:02] [156/459] DUXR
[08:55:03] [157/459] VNKS
[08:55:04] [158/459] SEDP
[08:55:05] [159/459] SVEN
[08:55:06] [160/459] SRKM
[08:55:07] [161/459] JTLT
[08:55:08] [162/459] SVSS
[08:55:09] [163/459] AMDE
[08:55:10] [164/459] WVRN
[08:55:11] [165/459] ISMG
[08:55:11] [166/459] WVKS
[08:55:12] [167/459] USCG
[08:55:13] [168/459] IOTG
[08:55:14] [169/459] RRJM
[08:55:14] [170/459] EDMP
[08:55:15] [171/459] SCGZ
[08:55:16] [172/459] GMGX
[08:55:17] [173/459] OMTP
[08:55:18] [174/459] MITD
[08:55:19] [175/459] SMMD
[08:55:20] [176/459] STML
[08:55:21] [177/459] MCFS
[08:55:22] [178/459] FPKA
[08:55:23] [179/459] OMLR
[08:55:24] [180/459] KKSC
[08:55:24] [181/459] RVMA
[08:55:25] [182/459] SCLL
[08:55:26] [183/459] SCDK
[08:55:27] [184/459] SXMI
[08:55:28] [185/459] SHDN
[08:55:29] [186/459] PAAD
[08:55:30] [187/459] UUCB
[08:55:31] [188/459] JHOL
[08:55:32] [189/459] SGWT
[08:55:33] [190/459] SRII
[08:55:35] [191/459] SGCK
[08:55:36] [192/459] SVVB
[08:55:37] [193/459] DMHA
[08:55:37] [194/459] PPNL
[08:55:38] [195/459] CPNL
[08:55:39] [196/459] WVLD
[08:55:40] [197/459] PSLV
[08:55:41] [198/459] VTTL
[08:55:42] [199/459] NPAD
[08:55:43] [200/459] PVCS
[08:55:44] [201/459] MCHL
[08:55:44] [202/459] PPLL
[08:55:45] [203/459] MALO
[08:55:46] [204/459] SWBH
[08:55:47] [205/459] PUGB
[08:55:48] [206/459] INBB
[08:55:49] [207/459] INNS
[08:55:50] [208/459] MCPT
[08:55:51] [209/459] SCMI
[08:55:51] [210/459] OCON
[08:55:52] [211/459] SCSM
[08:55:53] [212/459] RJVN
[08:55:54] [213/459] AMDK
[08:55:55] [214/459] ISMR
[08:55:56] [215/459] SMTD
[08:55:56] [216/459] VTDD
[08:55:57] [217/459] PDDZ
[08:55:58] [218/459] PCCK
[08:55:59] [219/459] INAM
[08:56:00] [220/459] FNKT
[08:56:01] [221/459] GDKA
[08:56:02] [222/459] MAYU
[08:56:03] [223/459] TCGU
[08:56:04] [224/459] KDCA
[08:56:05] [225/459] DOMY
[08:56:06] [226/459] PDDD
[08:56:06] [227/459] BJTS
[08:56:07] [228/459] VTCA
[08:56:08] [229/459] SBTM
[08:56:09] [230/459] SEET
[08:56:10] [231/459] SSTJ
[08:56:11] [232/459] SVNT
[08:56:11] [233/459] PPPR
[08:56:12] [234/459] PVYS
[08:56:13] [235/459] IOSE
[08:56:14] [236/459] ACTV
[08:56:14] [237/459] APVE
[08:56:15] [238/459] TCCL
[08:56:16] [239/459] SCMO
[08:56:17] [240/459] SAUM
[08:56:19] [241/459] KCJS
[08:56:20] [242/459] NJCJ
[08:56:21] [243/459] NECF
[08:56:21] [244/459] CCGW
[08:56:22] [245/459] CCMG
[08:56:23] [246/459] NYRG
[08:56:24] [247/459] NCSQ
[08:56:25] [248/459] GRCG
[08:56:26] [249/459] CCBT
[08:56:27] [250/459] ACGA
[08:56:28] [251/459] INAG
[08:56:29] [252/459] FUCG
[08:56:30] [253/459] AICF
[08:56:31] [254/459] GRGA
[08:56:31] [255/459] GDCN
[08:56:32] [256/459] RRCG
[08:56:33] [257/459] SDCH
[08:56:34] [258/459] WVJM
[08:56:35] [259/459] JCCZ
[08:56:36] [260/459] CNCL
[08:56:37] [261/459] TMLV
[08:56:38] [262/459] MEMB
[08:56:39] [263/459] SGTD
[08:56:40] [264/459] CONX
[08:56:41] [265/459] CCMH
[08:56:42] [266/459] ACMC
[08:56:43] [267/459] DTPD
[08:56:44] [268/459] POJA
[08:56:45] [269/459] FNBH
[08:56:46] [270/459] CGCB
[08:56:47] [271/459] RACN
[08:56:48] [272/459] JTSM
[08:56:49] [273/459] SCDN
[08:56:49] [274/459] AACK
[08:56:50] [275/459] RMCE
[08:56:51] [276/459] BSGB
[08:56:52] [277/459] MRCB
[08:56:53] [278/459] SRVR
[08:56:54] [279/459] VTKK
[08:56:55] [280/459] AMST
[08:56:56] [281/459] APCY
[08:56:57] [282/459] LMHO
[08:56:58] [283/459] MTZH
[08:56:58] [284/459] AMZB
[08:57:00] [285/459] SUVT
[08:57:00] [286/459] RCIP
[08:57:01] [287/459] KESR
[08:57:02] [288/459] SNKC
[08:57:03] [289/459] SCED
[08:57:03] [290/459] DVCA
[08:57:04] [291/459] VCDT
[08:57:05] [292/459] RRDI
[08:57:06] [293/459] DFCH
[08:57:07] [294/459] INSC
[08:57:08] [295/459] RGTR
[08:57:08] [296/459] FMOT
[08:57:09] [297/459] SCPM
[08:57:10] [298/459] GCDT
[08:57:11] [299/459] BRKT
[08:57:12] [300/459] DEMP
[08:57:13] [301/459] SRLC
[08:57:14] [302/459] KSTT
[08:57:15] [303/459] SMMT
[08:57:15] [304/459] SILM
[08:57:16] [305/459] JCVM
[08:57:17] [306/459] KCSV
[08:57:18] [307/459] MHLK
[08:57:19] [308/459] SLVL
[08:57:20] [309/459] RJKP
[08:57:21] [310/459] BBPC
[08:57:22] [311/459] MXCB
[08:57:24] [312/459] TCPK
[08:57:24] [313/459] RTBR
[08:57:25] [314/459] GAUT
[08:57:26] [315/459] DVCF
[08:57:27] [316/459] JTSB
[08:57:28] [317/459] SBLS
[08:57:29] [318/459] UDAY
[08:57:29] [319/459] PTNP
[08:57:30] [320/459] DMKT
[08:57:31] [321/459] NTDT
[08:57:32] [322/459] SHDJ
[08:57:33] [323/459] OTNC
[08:57:33] [324/459] RNTW
[08:57:34] [325/459] GCMI
[08:57:35] [326/459] CRCM
[08:57:37] [327/459] NNCZ
[08:57:38] [328/459] OEMO
[08:57:38] [329/459] PVJM
[08:57:39] [330/459] CPJI
[08:57:40] [331/459] RMCJ
[08:57:40] [332/459] CNWJ
[08:57:41] [333/459] EPJM
[08:57:42] [334/459] FNJJ
[08:57:43] [335/459] GCMJ
[08:57:44] [336/459] INPS
[08:57:45] [337/459] BICJ
[08:57:46] [338/459] ISTJ
[08:57:47] [339/459] INJC
[08:57:48] [340/459] GLXJ
[08:57:49] [341/459] INEM
[08:57:50] [342/459] JTMN
[08:57:50] [343/459] FRCJ
[08:57:51] [344/459] DDJP
[08:57:52] [345/459] INJV
[08:57:53] [346/459] GOLC
[08:57:54] [347/459] KOCI
[08:57:55] [348/459] FSTD
[08:57:56] [349/459] PACJ
[08:57:57] [350/459] GMCN
[08:57:57] [351/459] MMDJ
[08:57:58] [352/459] GODH
[08:57:59] [353/459] SKYN
[08:58:00] [354/459] NCTH
[08:58:01] [355/459] SKVZ
[08:58:02] [356/459] SVML
[08:58:02] [357/459] ACVZ
[08:58:03] [358/459] SURA
[08:58:04] [359/459] RTRB
[08:58:05] [360/459] LLCT
[08:58:06] [361/459] ATTS
[08:58:07] [362/459] JYCM
[08:58:08] [363/459] CTKR
[08:58:09] [364/459] LCKR
[08:58:10] [365/459] NYCV
[08:58:11] [366/459] NYOH
[08:58:11] [367/459] NOVX
[08:58:12] [368/459] MRGK
[08:58:13] [369/459] MOON
[08:58:14] [370/459] SBUC
[08:58:14] [371/459] GSVA
[08:58:15] [372/459] VIAK
[08:58:16] [373/459] SMVZ
[08:58:17] [374/459] MATE
[08:58:19] [375/459] RDCN
[08:58:19] [376/459] ASBL
[08:58:20] [377/459] ASVS
[08:58:21] [378/459] ASSR
[08:58:22] [379/459] SSKN
[08:58:22] [380/459] DRPV
[08:58:23] [381/459] MRHT
[08:58:24] [382/459] BSCN
[08:58:25] [383/459] RKNX
[08:58:25] [384/459] MSMC
[08:58:26] [385/459] MSCJ
[08:58:27] [386/459] BTBJ
[08:58:28] [387/459] MJCC
[08:58:29] [388/459] IOMM
[08:58:30] [389/459] ADGR
[08:58:30] [390/459] MYCP
[08:58:31] [391/459] IGCM
[08:58:32] [392/459] PGRK
[08:58:33] [393/459] VPGO
[08:58:34] [394/459] KOMS
[08:58:34] [395/459] URGG
[08:58:35] [396/459] GOST
[08:58:36] [397/459] LACT
[08:58:38] [398/459] BWCM
[08:58:39] [399/459] NCCW
[08:58:39] [400/459] SKYC
[08:58:40] [401/459] CCPM
[08:58:41] [402/459] VCBT
[08:58:42] [403/459] SDKR
[08:58:43] [404/459] CTYB
[08:58:43] [405/459] SHCX
[08:58:44] [406/459] RCUN
[08:58:45] [407/459] CNRA
[08:58:46] [408/459] RFCA
[08:58:47] [409/459] RDCU
[08:58:47] [410/459] SARK
[08:58:48] [411/459] SPPP
[08:58:49] [412/459] ADMB
[08:58:50] [413/459] JYOE
[08:58:51] [414/459] SRMD
[08:58:52] [415/459] RJDH
[08:58:53] [416/459] SSTD
[08:58:54] [417/459] AACV
[08:58:55] [418/459] PPVD
[08:58:56] [419/459] STCP
[08:58:56] [420/459] ANJR
[08:58:57] [421/459] ANLS
[08:58:58] [422/459] BIJO
[08:58:59] [423/459] AVAB
[08:59:00] [424/459] SPMD
[08:59:01] [425/459] SVJL
[08:59:02] [426/459] SDDJ
[08:59:02] [427/459] SLTU
[08:59:03] [428/459] SAKA
[08:59:04] [429/459] PMAM
[08:59:05] [430/459] FNAM
[08:59:05] [431/459] ACAM
[08:59:06] [432/459] SCMM
[08:59:07] [433/459] PMAK
[08:59:08] [434/459] NYSA
[08:59:09] [435/459] FCPA
[08:59:09] [436/459] GDAN
[08:59:10] [437/459] RSCA
[08:59:11] [438/459] DMAN
[08:59:12] [439/459] DZCM
[08:59:13] [440/459] NSGL
[08:59:13] [441/459] CCPP
[08:59:14] [442/459] PSMG
[08:59:15] [443/459] GSER
[08:59:16] [444/459] FCCT
[08:59:17] [445/459] FCTB
[08:59:17] [446/459] LCNK
[08:59:18] [447/459] SKTY
[08:59:19] [448/459] INAA
[08:59:20] [449/459] RCWN
[08:59:21] [450/459] VAIS
[08:59:22] [451/459] CVMN
[08:59:22] [452/459] INTS
[08:59:24] [453/459] FRGS
[08:59:25] [454/459] DTCK
[08:59:26] [455/459] MCMH
[08:59:27] [456/459] ECRR
[08:59:28] [457/459] RLLP
[08:59:29] [458/459] CCSN
[08:59:30] [459/459] CCBA
[08:59:31] ✅ DONE | Shows=801 | Movies=61
