[00:39:15] 🚀 BMS DAILY TRACKER STARTED
[00:39:15] [1/296] CDCA
[00:39:15] 🧠 New identity
[00:39:16] [2/296] MNSR
[00:39:17] [3/296] CSSL
[00:39:18] [4/296] BGGM
[00:39:19] [5/296] MANT
[00:39:20] [6/296] SOOY
[00:39:21] [7/296] VPPK
[00:39:22] [8/296] MYHJ
[00:39:24] [9/296] KSCK
[00:39:24] [10/296] KATK
[00:39:25] [11/296] RTRT
[00:39:26] [12/296] SSTT
[00:39:27] [13/296] SSTV
[00:39:28] [14/296] LACM
[00:39:29] [15/296] SGMG
[00:39:29] [16/296] KACX
[00:39:31] [17/296] GVCP
[00:39:32] [18/296] CSNC
[00:39:33] [19/296] SXCB
[00:39:34] [20/296] BAHS
[00:39:34] [21/296] PCBI
[00:39:35] [22/296] PSSM
[00:39:37] [23/296] RCOK
[00:39:38] [24/296] SCPF
[00:39:39] [25/296] SSAS
[00:39:40] [26/296] EVMM
[00:39:40] [27/296] SYCB
[00:39:41] [28/296] GCKI
[00:39:42] [29/296] IAET
[00:39:43] [30/296] DDTD
[00:39:44] [31/296] GMDH
[00:39:44] [32/296] STLE
[00:39:45] [33/296] JTRA
[00:39:46] [34/296] RPPA
[00:39:47] [35/296] ARUT
[00:39:48] [36/296] JTVM
[00:39:48] [37/296] SWRH
[00:39:49] [38/296] DCPC
[00:39:50] [39/296] RAPR
[00:39:51] [40/296] GCRT
[00:39:52] [41/296] ATUN
[00:39:53] [42/296] LTRM
[00:39:54] [43/296] TASR
[00:39:55] [44/296] RLLC
[00:39:57] [45/296] MABI
[00:39:58] [46/296] SVHB
[00:39:59] [47/296] NVTB
[00:40:00] [48/296] KCKG
[00:40:02] [49/296] SSRN
[00:40:02] [50/296] VDDC
[00:40:03] [51/296] GKTK
[00:40:04] [52/296] YFSN
[00:40:05] [53/296] GCSG
[00:40:06] [54/296] ESSM
[00:40:07] [55/296] KRIH
[00:40:08] [56/296] GCDS
[00:40:09] [57/296] CCSH
[00:40:10] [58/296] ACSK
[00:40:11] [59/296] APRK
[00:40:12] [60/296] ADKM
[00:40:12] [61/296] SRDM
[00:40:13] [62/296] RMOG
[00:40:15] [63/296] SJMY
[00:40:16] [64/296] PGGC
[00:40:17] [65/296] INGM
[00:40:18] [66/296] LSCB
[00:40:18] [67/296] STAD
[00:40:19] [68/296] MCCR
[00:40:20] [69/296] ABCC
[00:40:21] [70/296] RKCC
[00:40:22] [71/296] RTCR
[00:40:23] [72/296] GGBC
[00:40:24] [73/296] GCSD
[00:40:25] [74/296] LPTY
[00:40:26] [75/296] MCFD
[00:40:27] [76/296] HENN
[00:40:28] [77/296] SMKU
[00:40:29] [78/296] TNZC
[00:40:29] [79/296] DRCD
[00:40:30] [80/296] DLCD
[00:40:31] [81/296] RCDA
[00:40:32] [82/296] COSM
[00:40:33] [83/296] MCMJ
[00:40:34] [84/296] CSTR
[00:40:35] [85/296] CVDK
[00:40:36] [86/296] INRR
[00:40:37] [87/296] RJRT
[00:40:38] [88/296] IRMR
[00:40:38] [89/296] SRCF
[00:40:39] [90/296] GRCR
[00:40:40] [91/296] SURC
[00:40:41] [92/296] NMNH
[00:40:42] [93/296] SVBL
[00:40:43] [94/296] KACI
[00:40:45] [95/296] TDGO
[00:40:45] [96/296] KTBR
[00:40:46] [97/296] PMAD
[00:40:47] [98/296] CCPN
[00:40:48] [99/296] SBTK
[00:40:49] [100/296] LMDK
[00:40:50] [101/296] PGDA
[00:40:50] [102/296] SRML
[00:40:51] [103/296] EVCK
[00:40:52] [104/296] RTTK
[00:40:53] [105/296] SRTU
[00:40:54] [106/296] VRSA
[00:40:55] [107/296] VARS
[00:40:56] [108/296] DSCZ
[00:40:57] [109/296] GAGA
[00:40:57] [110/296] SARV
[00:40:58] [111/296] SEEG
[00:40:59] [112/296] GLCA
[00:41:00] [113/296] APAS
[00:41:01] [114/296] VCIA
[00:41:02] [115/296] SJTA
[00:41:02] [116/296] SABM
[00:41:03] [117/296] PPAG
[00:41:04] [118/296] RVCA
[00:41:05] [119/296] CCIA
[00:41:05] [120/296] HTAG
[00:41:06] [121/296] SMBI
[00:41:07] [122/296] MCJR
[00:41:08] [123/296] CCJR
[00:41:09] [124/296] SINF
[00:41:10] [125/296] CPLX
[00:41:12] [126/296] KKTJ
[00:41:13] [127/296] GDBW
[00:41:13] [128/296] CSUB
[00:41:14] [129/296] DABA
[00:41:15] [130/296] TITR
[00:41:16] [131/296] NYCR
[00:41:17] [132/296] RTRY
[00:41:18] [133/296] JTJL
[00:41:18] [134/296] SJCP
[00:41:19] [135/296] KCCA
[00:41:20] [136/296] MLPG
[00:41:21] [137/296] VRCK
[00:41:22] [138/296] SRIN
[00:41:22] [139/296] CXMK
[00:41:24] [140/296] SKAD
[00:41:25] [141/296] AVTR
[00:41:26] [142/296] PTAJ
[00:41:26] [143/296] SCNK
[00:41:28] [144/296] STTI
[00:41:29] [145/296] KACR
[00:41:29] [146/296] SSDX
[00:41:30] [147/296] VRTJ
[00:41:31] [148/296] RAJD
[00:41:32] [149/296] SCIP
[00:41:33] [150/296] RJSL
[00:41:34] [151/296] ARRS
[00:41:34] [152/296] ASMS
[00:41:35] [153/296] RDTS
[00:41:36] [154/296] DVMY
[00:41:38] [155/296] RASA
[00:41:38] [156/296] INOM
[00:41:40] [157/296] SPRS
[00:41:41] [158/296] SGCS
[00:41:42] [159/296] SALM
[00:41:43] [160/296] PKHC
[00:41:43] [161/296] RCSV
[00:41:45] [162/296] CPKC
[00:41:46] [163/296] AACD
[00:41:46] [164/296] GGCV
[00:41:47] [165/296] SMKD
[00:41:48] [166/296] NBCH
[00:41:49] [167/296] AMCB
[00:41:50] [168/296] OPCN
[00:41:51] [169/296] DCIN
[00:41:52] [170/296] INGW
[00:41:54] [171/296] PKKW
[00:41:55] [172/296] FNGW
[00:41:55] [173/296] GCGD
[00:41:56] [174/296] MSTW
[00:41:57] [175/296] KCCG
[00:41:58] [176/296] MRSS
[00:41:59] [177/296] CLCF
[00:42:00] [178/296] EETS
[00:42:00] [179/296] AATR
[00:42:01] [180/296] CMMN
[00:42:02] [181/296] SCCJ
[00:42:03] [182/296] CDTK
[00:42:04] [183/296] AICP
[00:42:05] [184/296] FNBP
[00:42:05] [185/296] CBPB
[00:42:06] [186/296] CPAS
[00:42:07] [187/296] MAPM
[00:42:08] [188/296] PASD
[00:42:09] [189/296] JCMN
[00:42:10] [190/296] MALB
[00:42:11] [191/296] SACG
[00:42:12] [192/296] DDRX
[00:42:13] [193/296] DDXB
[00:42:14] [194/296] RAMC
[00:42:16] [195/296] SANC
[00:42:16] [196/296] BCBP
[00:42:17] [197/296] ALPC
[00:42:19] [198/296] RBAC
[00:42:19] [199/296] RAJL
[00:42:20] [200/296] MPDX
[00:42:21] [201/296] MUSC
[00:42:22] [202/296] VKMK
[00:42:23] [203/296] SKCG
[00:42:24] [204/296] ANCN
[00:42:24] [205/296] MMCJ
[00:42:25] [206/296] DCAK
[00:42:26] [207/296] SCKG
[00:42:28] [208/296] LMCK
[00:42:28] [209/296] CKKX
[00:42:30] [210/296] ANKU
[00:42:31] [211/296] CSMD
[00:42:31] [212/296] MKMP
[00:42:32] [213/296] SVBG
[00:42:33] [214/296] ROOP
[00:42:35] [215/296] GDMT
[00:42:36] [216/296] FPPF
[00:42:37] [217/296] SFUU
[00:42:38] [218/296] ANCB
[00:42:38] [219/296] SMMC
[00:42:39] [220/296] UGKT
[00:42:40] [221/296] JVRM
[00:42:41] [222/296] BATG
[00:42:41] [223/296] RATE
[00:42:43] [224/296] SKME
[00:42:44] [225/296] LMTP
[00:42:45] [226/296] TCBD
[00:42:45] [227/296] ESBD
[00:42:46] [228/296] GDCU
[00:42:47] [229/296] SNKT
[00:42:48] [230/296] SRNK
[00:42:49] [231/296] SMED
[00:42:50] [232/296] CSQS
[00:42:50] [233/296] ALCS
[00:42:51] [234/296] KCKN
[00:42:52] [235/296] VCCL
[00:42:53] [236/296] MCDA
[00:42:55] [237/296] SHMI
[00:42:56] [238/296] SKHA
[00:42:56] [239/296] SVFK
[00:42:57] [240/296] INVB
[00:42:58] [241/296] MELD
[00:42:59] [242/296] JTYS
[00:43:00] [243/296] INCM
[00:43:01] [244/296] MCDV
[00:43:02] [245/296] KSGK
[00:43:03] [246/296] ICMG
[00:43:04] [247/296] CSCV
[00:43:05] [248/296] STMD
[00:43:06] [249/296] STTR
[00:43:07] [250/296] INVC
[00:43:08] [251/296] JTBL
[00:43:08] [252/296] SRVV
[00:43:09] [253/296] MAVC
[00:43:10] [254/296] SRPP
[00:43:11] [255/296] JGDM
[00:43:12] [256/296] MBSJ
[00:43:12] [257/296] SSLL
[00:43:14] [258/296] SLKP
[00:43:14] [259/296] NSRV
[00:43:15] [260/296] UTDV
[00:43:16] [261/296] KICM
[00:43:17] [262/296] KCMD
[00:43:18] [263/296] TTPP
[00:43:19] [264/296] KMPV
[00:43:19] [265/296] SKTV
[00:43:21] [266/296] STCV
[00:43:22] [267/296] SRDA
[00:43:23] [268/296] JTSX
[00:43:24] [269/296] STBV
[00:43:25] [270/296] APVZ
[00:43:26] [271/296] GSTV
[00:43:27] [272/296] NMVS
[00:43:28] [273/296] SKRT
[00:43:29] [274/296] RMDV
[00:43:29] [275/296] RATG
[00:43:30] [276/296] SJYV
[00:43:31] [277/296] NDGP
[00:43:32] [278/296] SNDG
[00:43:33] [279/296] INSR
[00:43:34] [280/296] INSO
[00:43:35] [281/296] CCSI
[00:43:36] [282/296] RASM
[00:43:36] [283/296] NEWC
[00:43:37] [284/296] VSHL
[00:43:38] [285/296] BISW
[00:43:39] [286/296] GCNG
[00:43:40] [287/296] CWSC
[00:43:41] [288/296] SKAN
[00:43:42] [289/296] SEHP
[00:43:43] [290/296] CCOA
[00:43:43] [291/296] MCAJ
[00:43:44] [292/296] ACDE
[00:43:45] [293/296] AACM
[00:43:46] [294/296] JJCK
[00:43:46] [295/296] RCMO
[00:43:47] [296/296] GDAW
[00:43:48] ✅ DONE | Shows=0 | Movies=0
[01:42:39] 🚀 BMS DAILY TRACKER STARTED
[01:42:39] [1/296] CDCA
[01:42:39] 🧠 New identity
[01:42:40] [2/296] MNSR
[01:42:41] [3/296] CSSL
[01:42:42] [4/296] BGGM
[01:42:43] [5/296] MANT
[01:42:44] [6/296] SOOY
[01:42:45] [7/296] VPPK
[01:42:47] [8/296] MYHJ
[01:42:48] [9/296] KSCK
[01:42:49] [10/296] KATK
[01:42:50] [11/296] RTRT
[01:42:50] [12/296] SSTT
[01:42:51] [13/296] SSTV
[01:42:52] [14/296] LACM
[01:42:53] [15/296] SGMG
[01:42:54] [16/296] KACX
[01:42:55] [17/296] GVCP
[01:42:56] [18/296] CSNC
[01:42:57] [19/296] SXCB
[01:42:58] [20/296] BAHS
[01:42:59] [21/296] PCBI
[01:43:00] [22/296] PSSM
[01:43:02] [23/296] RCOK
[01:43:02] [24/296] SCPF
[01:43:03] [25/296] SSAS
[01:43:04] [26/296] EVMM
[01:43:05] [27/296] SYCB
[01:43:06] [28/296] GCKI
[01:43:06] [29/296] IAET
[01:43:08] [30/296] DDTD
[01:43:08] [31/296] GMDH
[01:43:09] [32/296] STLE
[01:43:10] [33/296] JTRA
[01:43:11] [34/296] RPPA
[01:43:12] [35/296] ARUT
[01:43:13] [36/296] JTVM
[01:43:14] [37/296] SWRH
[01:43:15] [38/296] DCPC
[01:43:16] [39/296] RAPR
[01:43:17] [40/296] GCRT
[01:43:18] [41/296] ATUN
[01:43:19] [42/296] LTRM
[01:43:19] [43/296] TASR
[01:43:20] [44/296] RLLC
[01:43:21] [45/296] MABI
[01:43:22] [46/296] SVHB
[01:43:23] [47/296] NVTB
[01:43:25] [48/296] KCKG
[01:43:26] [49/296] SSRN
[01:43:27] [50/296] VDDC
[01:43:28] [51/296] GKTK
[01:43:29] [52/296] YFSN
[01:43:30] [53/296] GCSG
[01:43:31] [54/296] ESSM
[01:43:32] [55/296] KRIH
[01:43:33] [56/296] GCDS
[01:43:34] [57/296] CCSH
[01:43:35] [58/296] ACSK
[01:43:37] [59/296] APRK
[01:43:38] [60/296] ADKM
[01:43:39] [61/296] SRDM
[01:43:40] [62/296] RMOG
[01:43:41] [63/296] SJMY
[01:43:41] [64/296] PGGC
[01:43:42] [65/296] INGM
[01:43:43] [66/296] LSCB
[01:43:44] [67/296] STAD
[01:43:46] [68/296] MCCR
[01:43:46] [69/296] ABCC
[01:43:47] [70/296] RKCC
[01:43:48] [71/296] RTCR
[01:43:49] [72/296] GGBC
[01:43:50] [73/296] GCSD
[01:43:51] [74/296] LPTY
[01:43:52] [75/296] MCFD
[01:43:53] [76/296] HENN
[01:43:54] [77/296] SMKU
[01:43:55] [78/296] TNZC
[01:43:56] [79/296] DRCD
[01:43:57] [80/296] DLCD
[01:43:58] [81/296] RCDA
[01:43:59] [82/296] COSM
[01:44:00] [83/296] MCMJ
[01:44:01] [84/296] CSTR
[01:44:02] [85/296] CVDK
[01:44:03] [86/296] INRR
[01:44:04] [87/296] RJRT
[01:44:05] [88/296] IRMR
[01:44:06] [89/296] SRCF
[01:44:06] [90/296] GRCR
[01:44:07] [91/296] SURC
[01:44:08] [92/296] NMNH
[01:44:09] [93/296] SVBL
[01:44:10] [94/296] KACI
[01:44:11] [95/296] TDGO
[01:44:12] [96/296] KTBR
[01:44:13] [97/296] PMAD
[01:44:13] [98/296] CCPN
[01:44:14] [99/296] SBTK
[01:44:16] [100/296] LMDK
[01:44:17] [101/296] PGDA
[01:44:18] [102/296] SRML
[01:44:19] [103/296] EVCK
[01:44:20] [104/296] RTTK
[01:44:22] [105/296] SRTU
[01:44:23] [106/296] VRSA
[01:44:24] [107/296] VARS
[01:44:25] [108/296] DSCZ
[01:44:26] [109/296] GAGA
[01:44:27] [110/296] SARV
[01:44:28] [111/296] SEEG
[01:44:29] [112/296] GLCA
[01:44:29] [113/296] APAS
[01:44:31] [114/296] VCIA
[01:44:32] [115/296] SJTA
[01:44:33] [116/296] SABM
[01:44:34] [117/296] PPAG
[01:44:34] [118/296] RVCA
[01:44:35] [119/296] CCIA
[01:44:36] [120/296] HTAG
[01:44:37] [121/296] SMBI
[01:44:38] [122/296] MCJR
[01:44:39] [123/296] CCJR
[01:44:39] [124/296] SINF
[01:44:41] [125/296] CPLX
[01:44:42] [126/296] KKTJ
[01:44:43] [127/296] GDBW
[01:44:44] [128/296] CSUB
[01:44:45] [129/296] DABA
[01:44:46] [130/296] TITR
[01:44:46] [131/296] NYCR
[01:44:47] [132/296] RTRY
[01:44:48] [133/296] JTJL
[01:44:50] [134/296] SJCP
[01:44:50] [135/296] KCCA
[01:44:51] [136/296] MLPG
[01:44:52] [137/296] VRCK
[01:44:53] [138/296] SRIN
[01:44:54] [139/296] CXMK
[01:44:55] [140/296] SKAD
[01:44:56] [141/296] AVTR
[01:44:56] [142/296] PTAJ
[01:44:57] [143/296] SCNK
[01:44:58] [144/296] STTI
[01:44:59] [145/296] KACR
[01:45:00] [146/296] SSDX
[01:45:00] [147/296] VRTJ
[01:45:01] [148/296] RAJD
[01:45:02] [149/296] SCIP
[01:45:04] [150/296] RJSL
[01:45:05] [151/296] ARRS
[01:45:06] [152/296] ASMS
[01:45:07] [153/296] RDTS
[01:45:07] [154/296] DVMY
[01:45:08] [155/296] RASA
[01:45:09] [156/296] INOM
[01:45:10] [157/296] SPRS
[01:45:12] [158/296] SGCS
[01:45:12] [159/296] SALM
[01:45:13] [160/296] PKHC
[01:45:14] [161/296] RCSV
[01:45:15] [162/296] CPKC
[01:45:15] [163/296] AACD
[01:45:16] [164/296] GGCV
[01:45:17] [165/296] SMKD
[01:45:18] [166/296] NBCH
[01:45:19] [167/296] AMCB
[01:45:20] [168/296] OPCN
[01:45:21] [169/296] DCIN
[01:45:22] [170/296] INGW
[01:45:23] [171/296] PKKW
[01:45:24] [172/296] FNGW
[01:45:25] [173/296] GCGD
[01:45:26] [174/296] MSTW
[01:45:26] [175/296] KCCG
[01:45:27] [176/296] MRSS
[01:45:28] [177/296] CLCF
[01:45:30] [178/296] EETS
[01:45:30] [179/296] AATR
[01:45:31] [180/296] CMMN
[01:45:32] [181/296] SCCJ
[01:45:34] [182/296] CDTK
[01:45:35] [183/296] AICP
[01:45:36] [184/296] FNBP
[01:45:36] [185/296] CBPB
[01:45:37] [186/296] CPAS
[01:45:38] [187/296] MAPM
[01:45:39] [188/296] PASD
[01:45:40] [189/296] JCMN
[01:45:42] [190/296] MALB
[01:45:43] [191/296] SACG
[01:45:44] [192/296] DDRX
[01:45:44] [193/296] DDXB
[01:45:45] [194/296] RAMC
[01:45:46] [195/296] SANC
[01:45:47] [196/296] BCBP
[01:45:47] [197/296] ALPC
[01:45:48] [198/296] RBAC
[01:45:49] [199/296] RAJL
[01:45:50] [200/296] MPDX
[01:45:51] [201/296] MUSC
[01:45:52] [202/296] VKMK
[01:45:52] [203/296] SKCG
[01:45:54] [204/296] ANCN
[01:45:55] [205/296] MMCJ
[01:45:56] [206/296] DCAK
[01:45:57] [207/296] SCKG
[01:45:58] [208/296] LMCK
[01:45:58] [209/296] CKKX
[01:45:59] [210/296] ANKU
[01:46:00] [211/296] CSMD
[01:46:01] [212/296] MKMP
[01:46:02] [213/296] SVBG
[01:46:03] [214/296] ROOP
[01:46:04] [215/296] GDMT
[01:46:05] [216/296] FPPF
[01:46:06] [217/296] SFUU
[01:46:07] [218/296] ANCB
[01:46:08] [219/296] SMMC
[01:46:09] [220/296] UGKT
[01:46:10] [221/296] JVRM
[01:46:10] [222/296] BATG
[01:46:11] [223/296] RATE
[01:46:12] [224/296] SKME
[01:46:13] [225/296] LMTP
[01:46:14] [226/296] TCBD
[01:46:15] [227/296] ESBD
[01:46:16] [228/296] GDCU
[01:46:16] [229/296] SNKT
[01:46:17] [230/296] SRNK
[01:46:18] [231/296] SMED
[01:46:19] [232/296] CSQS
[01:46:20] [233/296] ALCS
[01:46:21] [234/296] KCKN
[01:46:22] [235/296] VCCL
[01:46:23] [236/296] MCDA
[01:46:24] [237/296] SHMI
[01:46:25] [238/296] SKHA
[01:46:26] [239/296] SVFK
[01:46:27] [240/296] INVB
[01:46:28] [241/296] MELD
[01:46:29] [242/296] JTYS
[01:46:30] [243/296] INCM
[01:46:30] [244/296] MCDV
[01:46:31] [245/296] KSGK
[01:46:32] [246/296] ICMG
[01:46:33] [247/296] CSCV
[01:46:34] [248/296] STMD
[01:46:35] [249/296] STTR
[01:46:36] [250/296] INVC
[01:46:36] [251/296] JTBL
[01:46:38] [252/296] SRVV
[01:46:39] [253/296] MAVC
[01:46:40] [254/296] SRPP
[01:46:40] [255/296] JGDM
[01:46:41] [256/296] MBSJ
[01:46:42] [257/296] SSLL
[01:46:43] [258/296] SLKP
[01:46:44] [259/296] NSRV
[01:46:45] [260/296] UTDV
[01:46:46] [261/296] KICM
[01:46:47] [262/296] KCMD
[01:46:48] [263/296] TTPP
[01:46:49] [264/296] KMPV
[01:46:50] [265/296] SKTV
[01:46:51] [266/296] STCV
[01:46:52] [267/296] SRDA
[01:46:53] [268/296] JTSX
[01:46:53] [269/296] STBV
[01:46:54] [270/296] APVZ
[01:46:55] [271/296] GSTV
[01:46:56] [272/296] NMVS
[01:46:57] [273/296] SKRT
[01:46:57] [274/296] RMDV
[01:46:58] [275/296] RATG
[01:46:59] [276/296] SJYV
[01:47:00] [277/296] NDGP
[01:47:01] [278/296] SNDG
[01:47:01] [279/296] INSR
[01:47:02] [280/296] INSO
[01:47:03] [281/296] CCSI
[01:47:04] [282/296] RASM
[01:47:05] [283/296] NEWC
[01:47:06] [284/296] VSHL
[01:47:07] [285/296] BISW
[01:47:08] [286/296] GCNG
[01:47:09] [287/296] CWSC
[01:47:10] [288/296] SKAN
[01:47:10] [289/296] SEHP
[01:47:11] [290/296] CCOA
[01:47:12] [291/296] MCAJ
[01:47:13] [292/296] ACDE
[01:47:14] [293/296] AACM
[01:47:15] [294/296] JJCK
[01:47:16] [295/296] RCMO
[01:47:16] [296/296] GDAW
[01:47:17] ✅ DONE | Shows=0 | Movies=0
[02:40:13] 🚀 BMS DAILY TRACKER STARTED
[02:40:13] [1/296] CDCA
[02:40:13] 🧠 New identity
[02:40:14] [2/296] MNSR
[02:40:15] [3/296] CSSL
[02:40:15] [4/296] BGGM
[02:40:16] [5/296] MANT
[02:40:17] [6/296] SOOY
[02:40:18] [7/296] VPPK
[02:40:20] [8/296] MYHJ
[02:40:21] [9/296] KSCK
[02:40:21] [10/296] KATK
[02:40:23] [11/296] RTRT
[02:40:24] [12/296] SSTT
[02:40:25] [13/296] SSTV
[02:40:26] [14/296] LACM
[02:40:27] [15/296] SGMG
[02:40:28] [16/296] KACX
[02:40:28] [17/296] GVCP
[02:40:29] [18/296] CSNC
[02:40:30] [19/296] SXCB
[02:40:31] [20/296] BAHS
[02:40:32] [21/296] PCBI
[02:40:32] [22/296] PSSM
[02:40:33] [23/296] RCOK
[02:40:34] [24/296] SCPF
[02:40:35] [25/296] SSAS
[02:40:36] [26/296] EVMM
[02:40:37] [27/296] SYCB
[02:40:38] [28/296] GCKI
[02:40:39] [29/296] IAET
[02:40:39] [30/296] DDTD
[02:40:40] [31/296] GMDH
[02:40:41] [32/296] STLE
[02:40:42] [33/296] JTRA
[02:40:43] [34/296] RPPA
[02:40:44] [35/296] ARUT
[02:40:44] [36/296] JTVM
[02:40:45] [37/296] SWRH
[02:40:46] [38/296] DCPC
[02:40:47] [39/296] RAPR
[02:40:48] [40/296] GCRT
[02:40:49] [41/296] ATUN
[02:40:49] [42/296] LTRM
[02:40:50] [43/296] TASR
[02:40:51] [44/296] RLLC
[02:40:52] [45/296] MABI
[02:40:53] [46/296] SVHB
[02:40:53] [47/296] NVTB
[02:40:55] [48/296] KCKG
[02:40:56] [49/296] SSRN
[02:40:57] [50/296] VDDC
[02:40:58] [51/296] GKTK
[02:40:58] [52/296] YFSN
[02:40:59] [53/296] GCSG
[02:41:00] [54/296] ESSM
[02:41:01] [55/296] KRIH
[02:41:02] [56/296] GCDS
[02:41:03] [57/296] CCSH
[02:41:04] [58/296] ACSK
[02:41:04] [59/296] APRK
[02:41:05] [60/296] ADKM
[02:41:06] [61/296] SRDM
[02:41:07] [62/296] RMOG
[02:41:08] [63/296] SJMY
[02:41:08] [64/296] PGGC
[02:41:09] [65/296] INGM
[02:41:11] [66/296] LSCB
[02:41:12] [67/296] STAD
[02:41:13] [68/296] MCCR
[02:41:14] [69/296] ABCC
[02:41:14] [70/296] RKCC
[02:41:15] [71/296] RTCR
[02:41:16] [72/296] GGBC
[02:41:17] [73/296] GCSD
[02:41:18] [74/296] LPTY
[02:41:19] [75/296] MCFD
[02:41:19] [76/296] HENN
[02:41:20] [77/296] SMKU
[02:41:21] [78/296] TNZC
[02:41:22] [79/296] DRCD
[02:41:23] [80/296] DLCD
[02:41:24] [81/296] RCDA
[02:41:25] [82/296] COSM
[02:41:25] [83/296] MCMJ
[02:41:26] [84/296] CSTR
[02:41:27] [85/296] CVDK
[02:41:28] [86/296] INRR
[02:41:29] [87/296] RJRT
[02:41:30] [88/296] IRMR
[02:41:30] [89/296] SRCF
[02:41:31] [90/296] GRCR
[02:41:32] [91/296] SURC
[02:41:34] [92/296] NMNH
[02:41:35] [93/296] SVBL
[02:41:35] [94/296] KACI
[02:41:36] [95/296] TDGO
[02:41:37] [96/296] KTBR
[02:41:38] [97/296] PMAD
[02:41:38] [98/296] CCPN
[02:41:39] [99/296] SBTK
[02:41:40] [100/296] LMDK
[02:41:41] [101/296] PGDA
[02:41:42] [102/296] SRML
[02:41:42] [103/296] EVCK
[02:41:44] [104/296] RTTK
[02:41:45] [105/296] SRTU
[02:41:46] [106/296] VRSA
[02:41:47] [107/296] VARS
[02:41:48] [108/296] DSCZ
[02:41:49] [109/296] GAGA
[02:41:50] [110/296] SARV
[02:41:50] [111/296] SEEG
[02:41:51] [112/296] GLCA
[02:41:52] [113/296] APAS
[02:41:53] [114/296] VCIA
[02:41:54] [115/296] SJTA
[02:41:54] [116/296] SABM
[02:41:55] [117/296] PPAG
[02:41:56] [118/296] RVCA
[02:41:57] [119/296] CCIA
[02:41:57] [120/296] HTAG
[02:41:58] [121/296] SMBI
[02:41:59] [122/296] MCJR
[02:42:00] [123/296] CCJR
[02:42:01] [124/296] SINF
[02:42:02] [125/296] CPLX
[02:42:03] [126/296] KKTJ
[02:42:04] [127/296] GDBW
[02:42:05] [128/296] CSUB
[02:42:06] [129/296] DABA
[02:42:07] [130/296] TITR
[02:42:08] [131/296] NYCR
[02:42:09] [132/296] RTRY
[02:42:09] [133/296] JTJL
[02:42:10] [134/296] SJCP
[02:42:11] [135/296] KCCA
[02:42:13] [136/296] MLPG
[02:42:13] [137/296] VRCK
[02:42:14] [138/296] SRIN
[02:42:15] [139/296] CXMK
[02:42:16] [140/296] SKAD
[02:42:17] [141/296] AVTR
[02:42:17] [142/296] PTAJ
[02:42:18] [143/296] SCNK
[02:42:19] [144/296] STTI
[02:42:20] [145/296] KACR
[02:42:21] [146/296] SSDX
[02:42:22] [147/296] VRTJ
[02:42:23] [148/296] RAJD
[02:42:23] [149/296] SCIP
[02:42:24] [150/296] RJSL
[02:42:25] [151/296] ARRS
[02:42:26] [152/296] ASMS
[02:42:26] [153/296] RDTS
[02:42:27] [154/296] DVMY
[02:42:28] [155/296] RASA
[02:42:29] [156/296] INOM
[02:42:30] [157/296] SPRS
[02:42:31] [158/296] SGCS
[02:42:31] [159/296] SALM
[02:42:32] [160/296] PKHC
[02:42:33] [161/296] RCSV
[02:42:34] [162/296] CPKC
[02:42:35] [163/296] AACD
[02:42:36] [164/296] GGCV
[02:42:36] [165/296] SMKD
[02:42:37] [166/296] NBCH
[02:42:38] [167/296] AMCB
[02:42:39] [168/296] OPCN
[02:42:40] [169/296] DCIN
[02:42:41] [170/296] INGW
[02:42:42] [171/296] PKKW
[02:42:43] [172/296] FNGW
[02:42:43] [173/296] GCGD
[02:42:44] [174/296] MSTW
[02:42:45] [175/296] KCCG
[02:42:46] [176/296] MRSS
[02:42:47] [177/296] CLCF
[02:42:48] [178/296] EETS
[02:42:49] [179/296] AATR
[02:42:49] [180/296] CMMN
[02:42:50] [181/296] SCCJ
[02:42:51] [182/296] CDTK
[02:42:52] [183/296] AICP
[02:42:53] [184/296] FNBP
[02:42:54] [185/296] CBPB
[02:42:54] [186/296] CPAS
[02:42:55] [187/296] MAPM
[02:42:56] [188/296] PASD
[02:42:57] [189/296] JCMN
[02:42:58] [190/296] MALB
[02:42:59] [191/296] SACG
[02:42:59] [192/296] DDRX
[02:43:00] [193/296] DDXB
[02:43:01] [194/296] RAMC
[02:43:02] [195/296] SANC
[02:43:03] [196/296] BCBP
[02:43:04] [197/296] ALPC
[02:43:04] [198/296] RBAC
[02:43:05] [199/296] RAJL
[02:43:06] [200/296] MPDX
[02:43:07] [201/296] MUSC
[02:43:08] [202/296] VKMK
[02:43:08] [203/296] SKCG
[02:43:10] [204/296] ANCN
[02:43:11] [205/296] MMCJ
[02:43:12] [206/296] DCAK
[02:43:12] [207/296] SCKG
[02:43:13] [208/296] LMCK
[02:43:14] [209/296] CKKX
[02:43:15] [210/296] ANKU
[02:43:16] [211/296] CSMD
[02:43:16] [212/296] MKMP
[02:43:17] [213/296] SVBG
[02:43:18] [214/296] ROOP
[02:43:19] [215/296] GDMT
[02:43:20] [216/296] FPPF
[02:43:20] [217/296] SFUU
[02:43:21] [218/296] ANCB
[02:43:22] [219/296] SMMC
[02:43:22] [220/296] UGKT
[02:43:23] [221/296] JVRM
[02:43:24] [222/296] BATG
[02:43:25] [223/296] RATE
[02:43:26] [224/296] SKME
[02:43:27] [225/296] LMTP
[02:43:27] [226/296] TCBD
[02:43:28] [227/296] ESBD
[02:43:29] [228/296] GDCU
[02:43:30] [229/296] SNKT
[02:43:31] [230/296] SRNK
[02:43:31] [231/296] SMED
[02:43:32] [232/296] CSQS
[02:43:33] [233/296] ALCS
[02:43:34] [234/296] KCKN
[02:43:35] [235/296] VCCL
[02:43:36] [236/296] MCDA
[02:43:37] [237/296] SHMI
[02:43:37] [238/296] SKHA
[02:43:39] [239/296] SVFK
[02:43:40] [240/296] INVB
[02:43:41] [241/296] MELD
[02:43:41] [242/296] JTYS
[02:43:42] [243/296] INCM
[02:43:44] [244/296] MCDV
[02:43:44] [245/296] KSGK
[02:43:45] [246/296] ICMG
[02:43:46] [247/296] CSCV
[02:43:47] [248/296] STMD
[02:43:48] [249/296] STTR
[02:43:48] [250/296] INVC
[02:43:49] [251/296] JTBL
[02:43:50] [252/296] SRVV
[02:43:51] [253/296] MAVC
[02:43:52] [254/296] SRPP
[02:43:53] [255/296] JGDM
[02:43:54] [256/296] MBSJ
[02:43:54] [257/296] SSLL
[02:43:55] [258/296] SLKP
[02:43:56] [259/296] NSRV
[02:43:57] [260/296] UTDV
[02:43:58] [261/296] KICM
[02:43:59] [262/296] KCMD
[02:43:59] [263/296] TTPP
[02:44:00] [264/296] KMPV
[02:44:01] [265/296] SKTV
[02:44:02] [266/296] STCV
[02:44:03] [267/296] SRDA
[02:44:04] [268/296] JTSX
[02:44:05] [269/296] STBV
[02:44:06] [270/296] APVZ
[02:44:07] [271/296] GSTV
[02:44:08] [272/296] NMVS
[02:44:09] [273/296] SKRT
[02:44:09] [274/296] RMDV
[02:44:10] [275/296] RATG
[02:44:11] [276/296] SJYV
[02:44:12] [277/296] NDGP
[02:44:13] [278/296] SNDG
[02:44:15] [279/296] INSR
[02:44:15] [280/296] INSO
[02:44:16] [281/296] CCSI
[02:44:17] [282/296] RASM
[02:44:17] [283/296] NEWC
[02:44:18] [284/296] VSHL
[02:44:19] [285/296] BISW
[02:44:20] [286/296] GCNG
[02:44:21] [287/296] CWSC
[02:44:22] [288/296] SKAN
[02:44:24] [289/296] SEHP
[02:44:24] [290/296] CCOA
[02:44:25] [291/296] MCAJ
[02:44:26] [292/296] ACDE
[02:44:28] [293/296] AACM
[02:44:28] [294/296] JJCK
[02:44:29] [295/296] RCMO
[02:44:30] [296/296] GDAW
[02:44:31] ✅ DONE | Shows=0 | Movies=0
[03:41:28] 🚀 BMS DAILY TRACKER STARTED
[03:41:28] [1/296] CDCA
[03:41:28] 🧠 New identity
[03:41:29] [2/296] MNSR
[03:41:30] [3/296] CSSL
[03:41:31] [4/296] BGGM
[03:41:32] [5/296] MANT
[03:41:34] [6/296] SOOY
[03:41:34] [7/296] VPPK
[03:41:35] [8/296] MYHJ
[03:41:36] [9/296] KSCK
[03:41:37] [10/296] KATK
[03:41:38] [11/296] RTRT
[03:41:39] [12/296] SSTT
[03:41:40] [13/296] SSTV
[03:41:41] [14/296] LACM
[03:41:42] [15/296] SGMG
[03:41:43] [16/296] KACX
[03:41:43] [17/296] GVCP
[03:41:45] [18/296] CSNC
[03:41:46] [19/296] SXCB
[03:41:46] [20/296] BAHS
[03:41:47] [21/296] PCBI
[03:41:48] [22/296] PSSM
[03:41:49] [23/296] RCOK
[03:41:50] [24/296] SCPF
[03:41:51] [25/296] SSAS
[03:41:51] [26/296] EVMM
[03:41:52] [27/296] SYCB
[03:41:53] [28/296] GCKI
[03:41:54] [29/296] IAET
[03:41:55] [30/296] DDTD
[03:41:56] [31/296] GMDH
[03:41:57] [32/296] STLE
[03:41:58] [33/296] JTRA
[03:41:58] [34/296] RPPA
[03:41:59] [35/296] ARUT
[03:42:00] [36/296] JTVM
[03:42:01] [37/296] SWRH
[03:42:02] [38/296] DCPC
[03:42:02] [39/296] RAPR
[03:42:03] [40/296] GCRT
[03:42:04] [41/296] ATUN
[03:42:05] [42/296] LTRM
[03:42:06] [43/296] TASR
[03:42:07] [44/296] RLLC
[03:42:08] [45/296] MABI
[03:42:08] [46/296] SVHB
[03:42:09] [47/296] NVTB
[03:42:10] [48/296] KCKG
[03:42:11] [49/296] SSRN
[03:42:12] [50/296] VDDC
[03:42:13] [51/296] GKTK
[03:42:14] [52/296] YFSN
[03:42:15] [53/296] GCSG
[03:42:15] [54/296] ESSM
[03:42:16] [55/296] KRIH
[03:42:17] [56/296] GCDS
[03:42:18] [57/296] CCSH
[03:42:19] [58/296] ACSK
[03:42:20] [59/296] APRK
[03:42:21] [60/296] ADKM
[03:42:21] [61/296] SRDM
[03:42:22] [62/296] RMOG
[03:42:23] [63/296] SJMY
[03:42:24] [64/296] PGGC
[03:42:25] [65/296] INGM
[03:42:25] [66/296] LSCB
[03:42:27] [67/296] STAD
[03:42:27] [68/296] MCCR
[03:42:28] [69/296] ABCC
[03:42:29] [70/296] RKCC
[03:42:30] [71/296] RTCR
[03:42:30] [72/296] GGBC
[03:42:31] [73/296] GCSD
[03:42:32] [74/296] LPTY
[03:42:34] [75/296] MCFD
[03:42:34] [76/296] HENN
[03:42:35] [77/296] SMKU
[03:42:36] [78/296] TNZC
[03:42:37] [79/296] DRCD
[03:42:38] [80/296] DLCD
[03:42:38] [81/296] RCDA
[03:42:39] [82/296] COSM
[03:42:40] [83/296] MCMJ
[03:42:41] [84/296] CSTR
[03:42:42] [85/296] CVDK
[03:42:42] [86/296] INRR
[03:42:43] [87/296] RJRT
[03:42:44] [88/296] IRMR
[03:42:45] [89/296] SRCF
[03:42:46] [90/296] GRCR
[03:42:46] [91/296] SURC
[03:42:47] [92/296] NMNH
[03:42:48] [93/296] SVBL
[03:42:49] [94/296] KACI
[03:42:50] [95/296] TDGO
[03:42:51] [96/296] KTBR
[03:42:51] [97/296] PMAD
[03:42:53] [98/296] CCPN
[03:42:54] [99/296] SBTK
[03:42:55] [100/296] LMDK
[03:42:56] [101/296] PGDA
[03:42:57] [102/296] SRML
[03:42:58] [103/296] EVCK
[03:42:59] [104/296] RTTK
[03:43:00] [105/296] SRTU
[03:43:00] [106/296] VRSA
[03:43:01] [107/296] VARS
[03:43:02] [108/296] DSCZ
[03:43:03] [109/296] GAGA
[03:43:04] [110/296] SARV
[03:43:05] [111/296] SEEG
[03:43:06] [112/296] GLCA
[03:43:06] [113/296] APAS
[03:43:07] [114/296] VCIA
[03:43:08] [115/296] SJTA
[03:43:09] [116/296] SABM
[03:43:10] [117/296] PPAG
[03:43:11] [118/296] RVCA
[03:43:12] [119/296] CCIA
[03:43:13] [120/296] HTAG
[03:43:14] [121/296] SMBI
[03:43:14] [122/296] MCJR
[03:43:15] [123/296] CCJR
[03:43:16] [124/296] SINF
[03:43:17] [125/296] CPLX
[03:43:17] [126/296] KKTJ
[03:43:18] [127/296] GDBW
[03:43:19] [128/296] CSUB
[03:43:20] [129/296] DABA
[03:43:21] [130/296] TITR
[03:43:22] [131/296] NYCR
[03:43:22] [132/296] RTRY
[03:43:23] [133/296] JTJL
[03:43:24] [134/296] SJCP
[03:43:25] [135/296] KCCA
[03:43:25] [136/296] MLPG
[03:43:27] [137/296] VRCK
[03:43:28] [138/296] SRIN
[03:43:29] [139/296] CXMK
[03:43:30] [140/296] SKAD
[03:43:31] [141/296] AVTR
[03:43:31] [142/296] PTAJ
[03:43:32] [143/296] SCNK
[03:43:33] [144/296] STTI
[03:43:34] [145/296] KACR
[03:43:35] [146/296] SSDX
[03:43:35] [147/296] VRTJ
[03:43:36] [148/296] RAJD
[03:43:37] [149/296] SCIP
[03:43:38] [150/296] RJSL
[03:43:39] [151/296] ARRS
[03:43:39] [152/296] ASMS
[03:43:40] [153/296] RDTS
[03:43:41] [154/296] DVMY
[03:43:42] [155/296] RASA
[03:43:43] [156/296] INOM
[03:43:44] [157/296] SPRS
[03:43:45] [158/296] SGCS
[03:43:45] [159/296] SALM
[03:43:46] [160/296] PKHC
[03:43:47] [161/296] RCSV
[03:43:48] [162/296] CPKC
[03:43:49] [163/296] AACD
[03:43:49] [164/296] GGCV
[03:43:50] [165/296] SMKD
[03:43:51] [166/296] NBCH
[03:43:52] [167/296] AMCB
[03:43:52] [168/296] OPCN
[03:43:53] [169/296] DCIN
[03:43:54] [170/296] INGW
[03:43:55] [171/296] PKKW
[03:43:56] [172/296] FNGW
[03:43:57] [173/296] GCGD
[03:43:58] [174/296] MSTW
[03:43:59] [175/296] KCCG
[03:44:00] [176/296] MRSS
[03:44:01] [177/296] CLCF
[03:44:01] [178/296] EETS
[03:44:02] [179/296] AATR
[03:44:03] [180/296] CMMN
[03:44:04] [181/296] SCCJ
[03:44:05] [182/296] CDTK
[03:44:06] [183/296] AICP
[03:44:07] [184/296] FNBP
[03:44:07] [185/296] CBPB
[03:44:08] [186/296] CPAS
[03:44:09] [187/296] MAPM
[03:44:10] [188/296] PASD
[03:44:11] [189/296] JCMN
[03:44:11] [190/296] MALB
[03:44:12] [191/296] SACG
[03:44:14] [192/296] DDRX
[03:44:14] [193/296] DDXB
[03:44:15] [194/296] RAMC
[03:44:17] [195/296] SANC
[03:44:18] [196/296] BCBP
[03:44:18] [197/296] ALPC
[03:44:19] [198/296] RBAC
[03:44:20] [199/296] RAJL
[03:44:21] [200/296] MPDX
[03:44:22] [201/296] MUSC
[03:44:22] [202/296] VKMK
[03:44:23] [203/296] SKCG
[03:44:24] [204/296] ANCN
[03:44:25] [205/296] MMCJ
[03:44:26] [206/296] DCAK
[03:44:27] [207/296] SCKG
[03:44:27] [208/296] LMCK
[03:44:28] [209/296] CKKX
[03:44:29] [210/296] ANKU
[03:44:30] [211/296] CSMD
[03:44:31] [212/296] MKMP
[03:44:32] [213/296] SVBG
[03:44:32] [214/296] ROOP
[03:44:33] [215/296] GDMT
[03:44:34] [216/296] FPPF
[03:44:35] [217/296] SFUU
[03:44:36] [218/296] ANCB
[03:44:37] [219/296] SMMC
[03:44:38] [220/296] UGKT
[03:44:39] [221/296] JVRM
[03:44:40] [222/296] BATG
[03:44:41] [223/296] RATE
[03:44:41] [224/296] SKME
[03:44:42] [225/296] LMTP
[03:44:44] [226/296] TCBD
[03:44:45] [227/296] ESBD
[03:44:46] [228/296] GDCU
[03:44:47] [229/296] SNKT
[03:44:48] [230/296] SRNK
[03:44:49] [231/296] SMED
[03:44:50] [232/296] CSQS
[03:44:51] [233/296] ALCS
[03:44:52] [234/296] KCKN
[03:44:53] [235/296] VCCL
[03:44:53] [236/296] MCDA
[03:44:54] [237/296] SHMI
[03:44:55] [238/296] SKHA
[03:44:57] [239/296] SVFK
[03:44:58] [240/296] INVB
[03:44:58] [241/296] MELD
[03:44:59] [242/296] JTYS
[03:45:00] [243/296] INCM
[03:45:01] [244/296] MCDV
[03:45:02] [245/296] KSGK
[03:45:03] [246/296] ICMG
[03:45:04] [247/296] CSCV
[03:45:05] [248/296] STMD
[03:45:06] [249/296] STTR
[03:45:06] [250/296] INVC
[03:45:08] [251/296] JTBL
[03:45:09] [252/296] SRVV
[03:45:10] [253/296] MAVC
[03:45:11] [254/296] SRPP
[03:45:12] [255/296] JGDM
[03:45:13] [256/296] MBSJ
[03:45:13] [257/296] SSLL
[03:45:14] [258/296] SLKP
[03:45:15] [259/296] NSRV
[03:45:16] [260/296] UTDV
[03:45:17] [261/296] KICM
[03:45:18] [262/296] KCMD
[03:45:19] [263/296] TTPP
[03:45:20] [264/296] KMPV
[03:45:20] [265/296] SKTV
[03:45:21] [266/296] STCV
[03:45:23] [267/296] SRDA
[03:45:24] [268/296] JTSX
[03:45:25] [269/296] STBV
[03:45:27] [270/296] APVZ
[03:45:28] [271/296] GSTV
[03:45:29] [272/296] NMVS
[03:45:29] [273/296] SKRT
[03:45:30] [274/296] RMDV
[03:45:31] [275/296] RATG
[03:45:32] [276/296] SJYV
[03:45:33] [277/296] NDGP
[03:45:34] [278/296] SNDG
[03:45:35] [279/296] INSR
[03:45:36] [280/296] INSO
[03:45:38] [281/296] CCSI
[03:45:39] [282/296] RASM
[03:45:39] [283/296] NEWC
[03:45:40] [284/296] VSHL
[03:45:41] [285/296] BISW
[03:45:42] [286/296] GCNG
[03:45:43] [287/296] CWSC
[03:45:44] [288/296] SKAN
[03:45:44] [289/296] SEHP
[03:45:45] [290/296] CCOA
[03:45:46] [291/296] MCAJ
[03:45:47] [292/296] ACDE
[03:45:48] [293/296] AACM
[03:45:49] [294/296] JJCK
[03:45:50] [295/296] RCMO
[03:45:51] [296/296] GDAW
[03:45:52] ✅ DONE | Shows=0 | Movies=0
[04:41:49] 🚀 BMS DAILY TRACKER STARTED
[04:41:49] [1/296] CDCA
[04:41:49] 🧠 New identity
[04:41:50] [2/296] MNSR
[04:41:51] [3/296] CSSL
[04:41:52] [4/296] BGGM
[04:41:54] [5/296] MANT
[04:41:54] [6/296] SOOY
[04:41:56] [7/296] VPPK
[04:41:57] [8/296] MYHJ
[04:41:58] [9/296] KSCK
[04:41:59] [10/296] KATK
[04:42:00] [11/296] RTRT
[04:42:01] [12/296] SSTT
[04:42:02] [13/296] SSTV
[04:42:03] [14/296] LACM
[04:42:04] [15/296] SGMG
[04:42:05] [16/296] KACX
[04:42:06] [17/296] GVCP
[04:42:07] [18/296] CSNC
[04:42:07] [19/296] SXCB
[04:42:08] [20/296] BAHS
[04:42:09] [21/296] PCBI
[04:42:10] [22/296] PSSM
[04:42:11] [23/296] RCOK
[04:42:12] [24/296] SCPF
[04:42:13] [25/296] SSAS
[04:42:13] [26/296] EVMM
[04:42:14] [27/296] SYCB
[04:42:15] [28/296] GCKI
[04:42:16] [29/296] IAET
[04:42:17] [30/296] DDTD
[04:42:18] [31/296] GMDH
[04:42:19] [32/296] STLE
[04:42:20] [33/296] JTRA
[04:42:21] [34/296] RPPA
[04:42:21] [35/296] ARUT
[04:42:22] [36/296] JTVM
[04:42:23] [37/296] SWRH
[04:42:24] [38/296] DCPC
[04:42:25] [39/296] RAPR
[04:42:26] [40/296] GCRT
[04:42:27] [41/296] ATUN
[04:42:28] [42/296] LTRM
[04:42:29] [43/296] TASR
[04:42:29] [44/296] RLLC
[04:42:30] [45/296] MABI
[04:42:31] [46/296] SVHB
[04:42:32] [47/296] NVTB
[04:42:33] [48/296] KCKG
[04:42:34] [49/296] SSRN
[04:42:35] [50/296] VDDC
[04:42:36] [51/296] GKTK
[04:42:37] [52/296] YFSN
[04:42:38] [53/296] GCSG
[04:42:38] [54/296] ESSM
[04:42:39] [55/296] KRIH
[04:42:40] [56/296] GCDS
[04:42:41] [57/296] CCSH
[04:42:42] [58/296] ACSK
[04:42:43] [59/296] APRK
[04:42:44] [60/296] ADKM
[04:42:45] [61/296] SRDM
[04:42:46] [62/296] RMOG
[04:42:47] [63/296] SJMY
[04:42:48] [64/296] PGGC
[04:42:49] [65/296] INGM
[04:42:50] [66/296] LSCB
[04:42:51] [67/296] STAD
[04:42:52] [68/296] MCCR
[04:42:53] [69/296] ABCC
[04:42:54] [70/296] RKCC
[04:42:55] [71/296] RTCR
[04:42:55] [72/296] GGBC
[04:42:56] [73/296] GCSD
[04:42:57] [74/296] LPTY
[04:42:58] [75/296] MCFD
[04:42:59] [76/296] HENN
[04:43:00] [77/296] SMKU
[04:43:01] [78/296] TNZC
[04:43:02] [79/296] DRCD
[04:43:03] [80/296] DLCD
[04:43:04] [81/296] RCDA
[04:43:05] [82/296] COSM
[04:43:06] [83/296] MCMJ
[04:43:07] [84/296] CSTR
[04:43:08] [85/296] CVDK
[04:43:09] [86/296] INRR
[04:43:10] [87/296] RJRT
[04:43:11] [88/296] IRMR
[04:43:11] [89/296] SRCF
[04:43:12] [90/296] GRCR
[04:43:14] [91/296] SURC
[04:43:15] [92/296] NMNH
[04:43:16] [93/296] SVBL
[04:43:17] [94/296] KACI
[04:43:17] [95/296] TDGO
[04:43:18] [96/296] KTBR
[04:43:19] [97/296] PMAD
[04:43:21] [98/296] CCPN
[04:43:21] [99/296] SBTK
[04:43:23] [100/296] LMDK
[04:43:24] [101/296] PGDA
[04:43:25] [102/296] SRML
[04:43:25] [103/296] EVCK
[04:43:26] [104/296] RTTK
[04:43:27] [105/296] SRTU
[04:43:28] [106/296] VRSA
[04:43:30] [107/296] VARS
[04:43:31] [108/296] DSCZ
[04:43:32] [109/296] GAGA
[04:43:32] [110/296] SARV
[04:43:33] [111/296] SEEG
[04:43:35] [112/296] GLCA
[04:43:35] [113/296] APAS
[04:43:36] [114/296] VCIA
[04:43:37] [115/296] SJTA
[04:43:38] [116/296] SABM
[04:43:39] [117/296] PPAG
[04:43:40] [118/296] RVCA
[04:43:41] [119/296] CCIA
[04:43:42] [120/296] HTAG
[04:43:42] [121/296] SMBI
[04:43:43] [122/296] MCJR
[04:43:44] [123/296] CCJR
[04:43:45] [124/296] SINF
[04:43:46] [125/296] CPLX
[04:43:47] [126/296] KKTJ
[04:43:49] [127/296] GDBW
[04:43:50] [128/296] CSUB
[04:43:50] [129/296] DABA
[04:43:51] [130/296] TITR
[04:43:52] [131/296] NYCR
[04:43:53] [132/296] RTRY
[04:43:54] [133/296] JTJL
[04:43:54] [134/296] SJCP
[04:43:55] [135/296] KCCA
[04:43:56] [136/296] MLPG
[04:43:57] [137/296] VRCK
[04:43:58] [138/296] SRIN
[04:43:59] [139/296] CXMK
[04:44:00] [140/296] SKAD
[04:44:01] [141/296] AVTR
[04:44:02] [142/296] PTAJ
[04:44:03] [143/296] SCNK
[04:44:04] [144/296] STTI
[04:44:05] [145/296] KACR
[04:44:06] [146/296] SSDX
[04:44:07] [147/296] VRTJ
[04:44:08] [148/296] RAJD
[04:44:09] [149/296] SCIP
[04:44:10] [150/296] RJSL
[04:44:10] [151/296] ARRS
[04:44:11] [152/296] ASMS
[04:44:12] [153/296] RDTS
[04:44:13] [154/296] DVMY
[04:44:14] [155/296] RASA
[04:44:15] [156/296] INOM
[04:44:15] [157/296] SPRS
[04:44:16] [158/296] SGCS
[04:44:17] [159/296] SALM
[04:44:18] [160/296] PKHC
[04:44:19] [161/296] RCSV
[04:44:20] [162/296] CPKC
[04:44:21] [163/296] AACD
[04:44:21] [164/296] GGCV
[04:44:22] [165/296] SMKD
[04:44:23] [166/296] NBCH
[04:44:24] [167/296] AMCB
[04:44:25] [168/296] OPCN
[04:44:25] [169/296] DCIN
[04:44:26] [170/296] INGW
[04:44:27] [171/296] PKKW
[04:44:28] [172/296] FNGW
[04:44:29] [173/296] GCGD
[04:44:30] [174/296] MSTW
[04:44:31] [175/296] KCCG
[04:44:32] [176/296] MRSS
[04:44:33] [177/296] CLCF
[04:44:33] [178/296] EETS
[04:44:34] [179/296] AATR
[04:44:35] [180/296] CMMN
[04:44:36] [181/296] SCCJ
[04:44:36] [182/296] CDTK
[04:44:37] [183/296] AICP
[04:44:38] [184/296] FNBP
[04:44:39] [185/296] CBPB
[04:44:39] [186/296] CPAS
[04:44:40] [187/296] MAPM
[04:44:41] [188/296] PASD
[04:44:42] [189/296] JCMN
[04:44:43] [190/296] MALB
[04:44:44] [191/296] SACG
[04:44:45] [192/296] DDRX
[04:44:46] [193/296] DDXB
[04:44:46] [194/296] RAMC
[04:44:47] [195/296] SANC
[04:44:48] [196/296] BCBP
[04:44:49] [197/296] ALPC
[04:44:49] [198/296] RBAC
[04:44:50] [199/296] RAJL
[04:44:51] [200/296] MPDX
[04:44:52] [201/296] MUSC
[04:44:53] [202/296] VKMK
[04:44:54] [203/296] SKCG
[04:44:55] [204/296] ANCN
[04:44:56] [205/296] MMCJ
[04:44:57] [206/296] DCAK
[04:44:57] [207/296] SCKG
[04:44:58] [208/296] LMCK
[04:44:59] [209/296] CKKX
[04:45:00] [210/296] ANKU
[04:45:01] [211/296] CSMD
[04:45:02] [212/296] MKMP
[04:45:03] [213/296] SVBG
[04:45:04] [214/296] ROOP
[04:45:05] [215/296] GDMT
[04:45:06] [216/296] FPPF
[04:45:06] [217/296] SFUU
[04:45:07] [218/296] ANCB
[04:45:08] [219/296] SMMC
[04:45:09] [220/296] UGKT
[04:45:10] [221/296] JVRM
[04:45:11] [222/296] BATG
[04:45:12] [223/296] RATE
[04:45:13] [224/296] SKME
[04:45:14] [225/296] LMTP
[04:45:15] [226/296] TCBD
[04:45:15] [227/296] ESBD
[04:45:16] [228/296] GDCU
[04:45:17] [229/296] SNKT
[04:45:18] [230/296] SRNK
[04:45:19] [231/296] SMED
[04:45:20] [232/296] CSQS
[04:45:20] [233/296] ALCS
[04:45:21] [234/296] KCKN
[04:45:22] [235/296] VCCL
[04:45:23] [236/296] MCDA
[04:45:24] [237/296] SHMI
[04:45:24] [238/296] SKHA
[04:45:25] [239/296] SVFK
[04:45:26] [240/296] INVB
[04:45:27] [241/296] MELD
[04:45:27] [242/296] JTYS
[04:45:28] [243/296] INCM
[04:45:29] [244/296] MCDV
[04:45:30] [245/296] KSGK
[04:45:31] [246/296] ICMG
[04:45:31] [247/296] CSCV
[04:45:32] [248/296] STMD
[04:45:33] [249/296] STTR
[04:45:34] [250/296] INVC
[04:45:35] [251/296] JTBL
[04:45:37] [252/296] SRVV
[04:45:37] [253/296] MAVC
[04:45:38] [254/296] SRPP
[04:45:39] [255/296] JGDM
[04:45:41] [256/296] MBSJ
[04:45:41] [257/296] SSLL
[04:45:42] [258/296] SLKP
[04:45:43] [259/296] NSRV
[04:45:44] [260/296] UTDV
[04:45:45] [261/296] KICM
[04:45:46] [262/296] KCMD
[04:45:47] [263/296] TTPP
[04:45:47] [264/296] KMPV
[04:45:48] [265/296] SKTV
[04:45:49] [266/296] STCV
[04:45:50] [267/296] SRDA
[04:45:51] [268/296] JTSX
[04:45:52] [269/296] STBV
[04:45:52] [270/296] APVZ
[04:45:53] [271/296] GSTV
[04:45:54] [272/296] NMVS
[04:45:55] [273/296] SKRT
[04:45:56] [274/296] RMDV
[04:45:57] [275/296] RATG
[04:45:58] [276/296] SJYV
[04:46:00] [277/296] NDGP
[04:46:01] [278/296] SNDG
[04:46:02] [279/296] INSR
[04:46:04] [280/296] INSO
[04:46:04] [281/296] CCSI
[04:46:05] [282/296] RASM
[04:46:06] [283/296] NEWC
[04:46:07] [284/296] VSHL
[04:46:08] [285/296] BISW
[04:46:08] [286/296] GCNG
[04:46:09] [287/296] CWSC
[04:46:10] [288/296] SKAN
[04:46:11] [289/296] SEHP
[04:46:12] [290/296] CCOA
[04:46:13] [291/296] MCAJ
[04:46:14] [292/296] ACDE
[04:46:14] [293/296] AACM
[04:46:15] [294/296] JJCK
[04:46:16] [295/296] RCMO
[04:46:16] [296/296] GDAW
[04:46:17] ✅ DONE | Shows=11 | Movies=3
