[00:39:16] 🚀 BMS DAILY TRACKER STARTED
[00:39:16] [1/445] TGMR
[00:39:16] 🧠 New identity
[00:39:17] [2/445] CXKR
[00:39:18] [3/445] SROP
[00:39:19] [4/445] GTSV
[00:39:19] [5/445] SNTY
[00:39:20] [6/445] SMYY
[00:39:21] [7/445] CNCS
[00:39:22] [8/445] CSTM
[00:39:23] [9/445] NUCD
[00:39:24] [10/445] SHCZ
[00:39:24] [11/445] NJCT
[00:39:25] [12/445] COPC
[00:39:26] [13/445] STVV
[00:39:27] [14/445] SKRN
[00:39:28] [15/445] APPZ
[00:39:28] [16/445] YMGN
[00:39:30] [17/445] SVTU
[00:39:31] [18/445] GTAD
[00:39:32] [19/445] PSUS
[00:39:32] [20/445] SMCD
[00:39:34] [21/445] CMCM
[00:39:35] [22/445] SYCT
[00:39:36] [23/445] STLY
[00:39:37] [24/445] CMHU
[00:39:38] [25/445] CMSA
[00:39:38] [26/445] CLCU
[00:39:39] [27/445] PPNT
[00:39:40] [28/445] JTAB
[00:39:41] [29/445] BUUC
[00:39:42] [30/445] BSVK
[00:39:42] [31/445] VVVQ
[00:39:43] [32/445] TKMU
[00:39:45] [33/445] ESYL
[00:39:46] [34/445] ACHP
[00:39:47] [35/445] BTKD
[00:39:47] [36/445] DESA
[00:39:48] [37/445] GBCT
[00:39:49] [38/445] BLLD
[00:39:50] [39/445] SKNT
[00:39:51] [40/445] SSTE
[00:39:51] [41/445] VJMR
[00:39:53] [42/445] NTPU
[00:39:54] [43/445] RDKN
[00:39:55] [44/445] ADGC
[00:39:56] [45/445] VRBP
[00:39:56] [46/445] NMNA
[00:39:57] [47/445] CMMX
[00:39:58] [48/445] PTKO
[00:39:59] [49/445] RBML
[00:40:00] [50/445] SAIC
[00:40:00] [51/445] SVTJ
[00:40:01] [52/445] MRTE
[00:40:02] [53/445] RBTP
[00:40:03] [54/445] NLPS
[00:40:04] [55/445] GTNA
[00:40:05] [56/445] DGGC
[00:40:05] [57/445] SMCR
[00:40:06] [58/445] SCGD
[00:40:07] [59/445] SRRJ
[00:40:08] [60/445] CNRY
[00:40:09] [61/445] KTDI
[00:40:09] [62/445] SNJL
[00:40:10] [63/445] RKMD
[00:40:11] [64/445] SMDC
[00:40:12] [65/445] TADG
[00:40:13] [66/445] MCGS
[00:40:14] [67/445] PETK
[00:40:14] [68/445] CHAG
[00:40:15] [69/445] KSTL
[00:40:16] [70/445] AADS
[00:40:17] [71/445] NTHZ
[00:40:19] [72/445] HCKI
[00:40:20] [73/445] SSEF
[00:40:21] [74/445] MCGX
[00:40:21] [75/445] ERRA
[00:40:22] [76/445] SDTW
[00:40:23] [77/445] RMPK
[00:40:24] [78/445] PTHK
[00:40:25] [79/445] PXCS
[00:40:25] [80/445] SVLU
[00:40:26] [81/445] STAH
[00:40:27] [82/445] JRGF
[00:40:28] [83/445] CDOK
[00:40:29] [84/445] CMSG
[00:40:29] [85/445] APTD
[00:40:30] [86/445] KMPG
[00:40:31] [87/445] MUTJ
[00:40:32] [88/445] VCCI
[00:40:33] [89/445] URBE
[00:40:34] [90/445] TCTS
[00:40:35] [91/445] STSN
[00:40:35] [92/445] AKCH
[00:40:36] [93/445] APSC
[00:40:37] [94/445] VLTB
[00:40:38] [95/445] SANU
[00:40:39] [96/445] AXAM
[00:40:40] [97/445] MGMG
[00:40:40] [98/445] HTBY
[00:40:41] [99/445] MMZS
[00:40:42] [100/445] SUDR
[00:40:43] [101/445] CCAD
[00:40:45] [102/445] SKKC
[00:40:45] [103/445] RMCD
[00:40:47] [104/445] SBCQ
[00:40:49] [105/445] DCCT
[00:40:49] [106/445] VTKP
[00:40:50] [107/445] MLAM
[00:40:51] [108/445] SAVT
[00:40:52] [109/445] GEPL
[00:40:53] [110/445] AMCD
[00:40:53] [111/445] CCXR
[00:40:54] [112/445] GRNG
[00:40:55] [113/445] EBCA
[00:40:56] [114/445] CNVG
[00:40:57] [115/445] MWSS
[00:40:58] [116/445] VBOR
[00:40:58] [117/445] NEEB
[00:41:00] [118/445] SUTH
[00:41:01] [119/445] ANDB
[00:41:02] [120/445] MMXS
[00:41:02] [121/445] CNPD
[00:41:03] [122/445] SDCE
[00:41:04] [123/445] DHCB
[00:41:05] [124/445] ODEN
[00:41:06] [125/445] TNTC
[00:41:06] [126/445] VBKM
[00:41:07] [127/445] RZYM
[00:41:08] [128/445] JEMC
[00:41:09] [129/445] CMAU
[00:41:10] [130/445] SIVP
[00:41:11] [131/445] ATAG
[00:41:12] [132/445] CHTM
[00:41:12] [133/445] AAEE
[00:41:13] [134/445] IWPM
[00:41:14] [135/445] KCMW
[00:41:15] [136/445] MCTD
[00:41:15] [137/445] SPWR
[00:41:16] [138/445] SDPO
[00:41:17] [139/445] PCSK
[00:41:18] [140/445] ACHV
[00:41:19] [141/445] SVLA
[00:41:20] [142/445] PICT
[00:41:20] [143/445] BXDR
[00:41:21] [144/445] SPWA
[00:41:22] [145/445] MCKO
[00:41:23] [146/445] RTHK
[00:41:23] [147/445] CCMF
[00:41:24] [148/445] MRGB
[00:41:26] [149/445] CPLC
[00:41:27] [150/445] RACD
[00:41:28] [151/445] ATKT
[00:41:29] [152/445] SARN
[00:41:29] [153/445] KKUI
[00:41:30] [154/445] RGCM
[00:41:31] [155/445] BRVP
[00:41:32] [156/445] HRSR
[00:41:32] [157/445] GKGM
[00:41:33] [158/445] TTCD
[00:41:34] [159/445] PTTI
[00:41:35] [160/445] MPTT
[00:41:36] [161/445] CVTT
[00:41:37] [162/445] PCXD
[00:41:38] [163/445] GCDC
[00:41:39] [164/445] CCCF
[00:41:40] [165/445] MRAD
[00:41:41] [166/445] CPLK
[00:41:41] [167/445] SATB
[00:41:42] [168/445] SNVG
[00:41:43] [169/445] JMBA
[00:41:44] [170/445] TEJA
[00:41:45] [171/445] STYO
[00:41:46] [172/445] JTBP
[00:41:47] [173/445] KRGD
[00:41:48] [174/445] SLJJ
[00:41:49] [175/445] SPTJ
[00:41:50] [176/445] SWJG
[00:41:51] [177/445] LKRT
[00:41:52] [178/445] KCKA
[00:41:53] [179/445] SNCR
[00:41:54] [180/445] SMKL
[00:41:54] [181/445] GCFA
[00:41:55] [182/445] DDCK
[00:41:56] [183/445] NCHJ
[00:41:57] [184/445] RDMA
[00:41:58] [185/445] SVSV
[00:42:00] [186/445] SCJG
[00:42:01] [187/445] VKLP
[00:42:01] [188/445] NWCC
[00:42:02] [189/445] VKNS
[00:42:03] [190/445] SDDP
[00:42:04] [191/445] ACSI
[00:42:05] [192/445] SATG
[00:42:06] [193/445] SCMW
[00:42:07] [194/445] LKTK
[00:42:08] [195/445] VCKV
[00:42:09] [196/445] KKPE
[00:42:10] [197/445] KIGH
[00:42:11] [198/445] SRPM
[00:42:12] [199/445] SCAH
[00:42:13] [200/445] MUTA
[00:42:14] [201/445] SEPU
[00:42:15] [202/445] INOA
[00:42:16] [203/445] BASK
[00:42:17] [204/445] NECB
[00:42:18] [205/445] GTTG
[00:42:19] [206/445] ASSA
[00:42:20] [207/445] ANCL
[00:42:20] [208/445] GCTI
[00:42:21] [209/445] RCTS
[00:42:22] [210/445] ACNL
[00:42:23] [211/445] MYCT
[00:42:25] [212/445] NMHT
[00:42:26] [213/445] MDIT
[00:42:26] [214/445] LATG
[00:42:27] [215/445] SMTY
[00:42:28] [216/445] CVCT
[00:42:29] [217/445] RAMB
[00:42:30] [218/445] TGMS
[00:42:31] [219/445] BHEL
[00:42:31] [220/445] SHCT
[00:42:32] [221/445] SVCT
[00:42:33] [222/445] MRIY
[00:42:34] [223/445] SARO
[00:42:34] [224/445] STCT
[00:42:35] [225/445] JKKC
[00:42:36] [226/445] PLTT
[00:42:37] [227/445] SRNT
[00:42:38] [228/445] YAST
[00:42:39] [229/445] PERL
[00:42:41] [230/445] CICM
[00:42:42] [231/445] MMTR
[00:42:44] [232/445] ABTK
[00:42:45] [233/445] ATYY
[00:42:46] [234/445] ASTK
[00:42:47] [235/445] VVCK
[00:42:47] [236/445] ATKY
[00:42:48] [237/445] GWEK
[00:42:49] [238/445] SVFH
[00:42:50] [239/445] SLTA
[00:42:51] [240/445] AASH
[00:42:51] [241/445] ACXB
[00:42:52] [242/445] SMTX
[00:42:53] [243/445] AZDH
[00:42:54] [244/445] CMMH
[00:42:55] [245/445] SCSZ
[00:42:56] [246/445] SCKP
[00:42:57] [247/445] NXTM
[00:42:58] [248/445] NWCS
[00:42:59] [249/445] CXMH
[00:42:59] [250/445] PCMA
[00:43:00] [251/445] SGCM
[00:43:01] [252/445] SDTU
[00:43:02] [253/445] MMVI
[00:43:03] [254/445] JKCM
[00:43:04] [255/445] VCMM
[00:43:05] [256/445] SYEE
[00:43:05] [257/445] VASD
[00:43:07] [258/445] BDRB
[00:43:08] [259/445] LASM
[00:43:09] [260/445] DCRL
[00:43:09] [261/445] DVPM
[00:43:10] [262/445] SBMJ
[00:43:11] [263/445] CBMU
[00:43:12] [264/445] IUBS
[00:43:12] [265/445] INAP
[00:43:13] [266/445] SRRC
[00:43:14] [267/445] SAGR
[00:43:16] [268/445] CPMJ
[00:43:17] [269/445] ATJL
[00:43:18] [270/445] NNTD
[00:43:18] [271/445] JHCJ
[00:43:19] [272/445] CMMP
[00:43:20] [273/445] RSDR
[00:43:21] [274/445] AMTI
[00:43:23] [275/445] NYSG
[00:43:23] [276/445] AVSG
[00:43:24] [277/445] SYTP
[00:43:25] [278/445] LARC
[00:43:26] [279/445] RJTP
[00:43:27] [280/445] LAKC
[00:43:28] [281/445] MCXE
[00:43:29] [282/445] CCZC
[00:43:31] [283/445] AVCH
[00:43:32] [284/445] CMBE
[00:43:33] [285/445] MRRC
[00:43:34] [286/445] PCPY
[00:43:34] [287/445] SRMH
[00:43:35] [288/445] SVGS
[00:43:36] [289/445] PCSE
[00:43:37] [290/445] SVFT
[00:43:38] [291/445] TNZP
[00:43:40] [292/445] ICTP
[00:43:41] [293/445] ACTZ
[00:43:41] [294/445] GTUR
[00:43:42] [295/445] MAFC
[00:43:43] [296/445] MINL
[00:43:44] [297/445] MRCL
[00:43:45] [298/445] RCRP
[00:43:46] [299/445] RFFG
[00:43:46] [300/445] RMAS
[00:43:47] [301/445] INVR
[00:43:48] [302/445] RMAR
[00:43:49] [303/445] CNIS
[00:43:50] [304/445] RHRJ
[00:43:50] [305/445] INXR
[00:43:51] [306/445] VALT
[00:43:52] [307/445] LCSH
[00:43:53] [308/445] CMVS
[00:43:54] [309/445] CNMS
[00:43:55] [310/445] ROOG
[00:43:56] [311/445] ISRM
[00:43:57] [312/445] RCRM
[00:43:58] [313/445] ACJA
[00:43:58] [314/445] RCVS
[00:44:00] [315/445] CPUS
[00:44:01] [316/445] TGCS
[00:44:03] [317/445] RKCJ
[00:44:04] [318/445] MKSB
[00:44:04] [319/445] TCSJ
[00:44:05] [320/445] RMGP
[00:44:06] [321/445] CLLP
[00:44:07] [322/445] RCMV
[00:44:08] [323/445] CCKS
[00:44:08] [324/445] RSRP
[00:44:09] [325/445] APLP
[00:44:10] [326/445] CNVS
[00:44:11] [327/445] RMVY
[00:44:12] [328/445] PGBD
[00:44:12] [329/445] KLMS
[00:44:13] [330/445] RUST
[00:44:14] [331/445] MASM
[00:44:15] [332/445] BACS
[00:44:16] [333/445] BWST
[00:44:17] [334/445] RRFH
[00:44:18] [335/445] SJTM
[00:44:19] [336/445] BEMR
[00:44:19] [337/445] MCGR
[00:44:20] [338/445] SDSK
[00:44:21] [339/445] VBOL
[00:44:22] [340/445] RMGM
[00:44:23] [341/445] NOPL
[00:44:24] [342/445] MKJK
[00:44:25] [343/445] CVRN
[00:44:26] [344/445] MMEN
[00:44:27] [345/445] AMNG
[00:44:28] [346/445] INTM
[00:44:28] [347/445] SLCZ
[00:44:29] [348/445] AMJN
[00:44:30] [349/445] ACJN
[00:44:31] [350/445] AMKN
[00:44:32] [351/445] BTCN
[00:44:33] [352/445] AMBT
[00:44:34] [353/445] PACN
[00:44:35] [354/445] LCNS
[00:44:35] [355/445] PPKC
[00:44:36] [356/445] JYYN
[00:44:37] [357/445] JTNR
[00:44:38] [358/445] GTEE
[00:44:39] [359/445] SRNM
[00:44:40] [360/445] SDTC
[00:44:40] [361/445] VPCA
[00:44:41] [362/445] VLRA
[00:44:42] [363/445] SHKR
[00:44:43] [364/445] SBKD
[00:44:43] [365/445] SAAD
[00:44:44] [366/445] JTGN
[00:44:45] [367/445] SLAM
[00:44:46] [368/445] VTPM
[00:44:47] [369/445] ANPT
[00:44:48] [370/445] PUNB
[00:44:49] [371/445] CPKT
[00:44:50] [372/445] CNWE
[00:44:50] [373/445] ECPP
[00:44:52] [374/445] CPAR
[00:44:53] [375/445] ESBW
[00:44:54] [376/445] PKPU
[00:44:55] [377/445] CPRP
[00:44:56] [378/445] RAHU
[00:44:56] [379/445] RHMN
[00:44:57] [380/445] FMJP
[00:44:58] [381/445] CTMP
[00:44:59] [382/445] INPN
[00:45:00] [383/445] STTG
[00:45:01] [384/445] CTRD
[00:45:02] [385/445] PUVB
[00:45:02] [386/445] ESVP
[00:45:03] [387/445] CPFT
[00:45:04] [388/445] LCPC
[00:45:05] [389/445] VBCT
[00:45:06] [390/445] FSCW
[00:45:06] [391/445] VCMP
[00:45:07] [392/445] ASHC
[00:45:08] [393/445] VLCX
[00:45:09] [394/445] SHEV
[00:45:11] [395/445] APCO
[00:45:12] [396/445] SILC
[00:45:13] [397/445] SNMR
[00:45:14] [398/445] KYBO
[00:45:16] [399/445] SATK
[00:45:17] [400/445] SSCS
[00:45:17] [401/445] CLSB
[00:45:18] [402/445] KMJR
[00:45:20] [403/445] FSCK
[00:45:21] [404/445] NNKA
[00:45:22] [405/445] CLMK
[00:45:22] [406/445] DMPZ
[00:45:23] [407/445] INQM
[00:45:24] [408/445] CAML
[00:45:25] [409/445] INRK
[00:45:26] [410/445] IMKN
[00:45:28] [411/445] SVNR
[00:45:28] [412/445] INSL
[00:45:29] [413/445] MSMA
[00:45:30] [414/445] MCKK
[00:45:32] [415/445] FCHP
[00:45:32] [416/445] SFCR
[00:45:33] [417/445] NACK
[00:45:35] [418/445] PVAK
[00:45:37] [419/445] INER
[00:45:39] [420/445] RDBK
[00:45:39] [421/445] SVFN
[00:45:40] [422/445] IFRM
[00:45:41] [423/445] ATCK
[00:45:42] [424/445] ASKO
[00:45:44] [425/445] STKT
[00:45:44] [426/445] SVFB
[00:45:45] [427/445] INKS
[00:45:46] [428/445] PCRA
[00:45:47] [429/445] ATJA
[00:45:49] [430/445] IMJN
[00:45:50] [431/445] INHD
[00:45:50] [432/445] BARA
[00:45:51] [433/445] MCSL
[00:45:52] [434/445] RTOY
[00:45:53] [435/445] MENO
[00:45:54] [436/445] PUDM
[00:45:55] [437/445] PRCN
[00:45:56] [438/445] JMJR
[00:45:57] [439/445] SSGK
[00:45:57] [440/445] SSRL
[00:45:58] [441/445] JYKL
[00:45:59] [442/445] ACNB
[00:46:00] [443/445] SONP
[00:46:01] [444/445] EMCI
[00:46:01] [445/445] MRJH
[00:46:02] ✅ DONE | Shows=10 | Movies=2
[01:42:42] 🚀 BMS DAILY TRACKER STARTED
[01:42:42] [1/445] TGMR
[01:42:42] 🧠 New identity
[01:42:43] [2/445] CXKR
[01:42:44] [3/445] SROP
[01:42:45] [4/445] GTSV
[01:42:45] [5/445] SNTY
[01:42:46] [6/445] SMYY
[01:42:47] [7/445] CNCS
[01:42:48] [8/445] CSTM
[01:42:49] [9/445] NUCD
[01:42:49] [10/445] SHCZ
[01:42:50] [11/445] NJCT
[01:42:51] [12/445] COPC
[01:42:52] [13/445] STVV
[01:42:52] [14/445] SKRN
[01:42:53] [15/445] APPZ
[01:42:54] [16/445] YMGN
[01:42:55] [17/445] SVTU
[01:42:56] [18/445] GTAD
[01:42:56] [19/445] PSUS
[01:42:57] [20/445] SMCD
[01:42:58] [21/445] CMCM
[01:42:59] [22/445] SYCT
[01:43:00] [23/445] STLY
[01:43:02] [24/445] CMHU
[01:43:03] [25/445] CMSA
[01:43:03] [26/445] CLCU
[01:43:04] [27/445] PPNT
[01:43:05] [28/445] JTAB
[01:43:06] [29/445] BUUC
[01:43:07] [30/445] BSVK
[01:43:08] [31/445] VVVQ
[01:43:09] [32/445] TKMU
[01:43:09] [33/445] ESYL
[01:43:11] [34/445] ACHP
[01:43:13] [35/445] BTKD
[01:43:14] [36/445] DESA
[01:43:15] [37/445] GBCT
[01:43:16] [38/445] BLLD
[01:43:17] [39/445] SKNT
[01:43:18] [40/445] SSTE
[01:43:19] [41/445] VJMR
[01:43:20] [42/445] NTPU
[01:43:22] [43/445] RDKN
[01:43:23] [44/445] ADGC
[01:43:23] [45/445] VRBP
[01:43:25] [46/445] NMNA
[01:43:26] [47/445] CMMX
[01:43:27] [48/445] PTKO
[01:43:28] [49/445] RBML
[01:43:29] [50/445] SAIC
[01:43:31] [51/445] SVTJ
[01:43:31] [52/445] MRTE
[01:43:32] [53/445] RBTP
[01:43:34] [54/445] NLPS
[01:43:35] [55/445] GTNA
[01:43:36] [56/445] DGGC
[01:43:37] [57/445] SMCR
[01:43:37] [58/445] SCGD
[01:43:38] [59/445] SRRJ
[01:43:39] [60/445] CNRY
[01:43:40] [61/445] KTDI
[01:43:41] [62/445] SNJL
[01:43:42] [63/445] RKMD
[01:43:43] [64/445] SMDC
[01:43:44] [65/445] TADG
[01:43:45] [66/445] MCGS
[01:43:46] [67/445] PETK
[01:43:46] [68/445] CHAG
[01:43:47] [69/445] KSTL
[01:43:49] [70/445] AADS
[01:43:50] [71/445] NTHZ
[01:43:51] [72/445] HCKI
[01:43:51] [73/445] SSEF
[01:43:52] [74/445] MCGX
[01:43:53] [75/445] ERRA
[01:43:54] [76/445] SDTW
[01:43:55] [77/445] RMPK
[01:43:56] [78/445] PTHK
[01:43:57] [79/445] PXCS
[01:43:57] [80/445] SVLU
[01:43:58] [81/445] STAH
[01:43:59] [82/445] JRGF
[01:44:00] [83/445] CDOK
[01:44:01] [84/445] CMSG
[01:44:02] [85/445] APTD
[01:44:03] [86/445] KMPG
[01:44:04] [87/445] MUTJ
[01:44:05] [88/445] VCCI
[01:44:06] [89/445] URBE
[01:44:07] [90/445] TCTS
[01:44:08] [91/445] STSN
[01:44:10] [92/445] AKCH
[01:44:10] [93/445] APSC
[01:44:11] [94/445] VLTB
[01:44:12] [95/445] SANU
[01:44:13] [96/445] AXAM
[01:44:13] [97/445] MGMG
[01:44:14] [98/445] HTBY
[01:44:16] [99/445] MMZS
[01:44:17] [100/445] SUDR
[01:44:17] [101/445] CCAD
[01:44:18] [102/445] SKKC
[01:44:19] [103/445] RMCD
[01:44:20] [104/445] SBCQ
[01:44:20] [105/445] DCCT
[01:44:21] [106/445] VTKP
[01:44:22] [107/445] MLAM
[01:44:23] [108/445] SAVT
[01:44:24] [109/445] GEPL
[01:44:25] [110/445] AMCD
[01:44:25] [111/445] CCXR
[01:44:26] [112/445] GRNG
[01:44:27] [113/445] EBCA
[01:44:28] [114/445] CNVG
[01:44:29] [115/445] MWSS
[01:44:30] [116/445] VBOR
[01:44:30] [117/445] NEEB
[01:44:31] [118/445] SUTH
[01:44:32] [119/445] ANDB
[01:44:33] [120/445] MMXS
[01:44:34] [121/445] CNPD
[01:44:35] [122/445] SDCE
[01:44:36] [123/445] DHCB
[01:44:36] [124/445] ODEN
[01:44:37] [125/445] TNTC
[01:44:38] [126/445] VBKM
[01:44:39] [127/445] RZYM
[01:44:40] [128/445] JEMC
[01:44:41] [129/445] CMAU
[01:44:42] [130/445] SIVP
[01:44:43] [131/445] ATAG
[01:44:44] [132/445] CHTM
[01:44:45] [133/445] AAEE
[01:44:45] [134/445] IWPM
[01:44:46] [135/445] KCMW
[01:44:47] [136/445] MCTD
[01:44:48] [137/445] SPWR
[01:44:50] [138/445] SDPO
[01:44:50] [139/445] PCSK
[01:44:51] [140/445] ACHV
[01:44:52] [141/445] SVLA
[01:44:53] [142/445] PICT
[01:44:54] [143/445] BXDR
[01:44:54] [144/445] SPWA
[01:44:55] [145/445] MCKO
[01:44:56] [146/445] RTHK
[01:44:57] [147/445] CCMF
[01:44:58] [148/445] MRGB
[01:44:58] [149/445] CPLC
[01:45:00] [150/445] RACD
[01:45:01] [151/445] ATKT
[01:45:02] [152/445] SARN
[01:45:03] [153/445] KKUI
[01:45:04] [154/445] RGCM
[01:45:05] [155/445] BRVP
[01:45:06] [156/445] HRSR
[01:45:06] [157/445] GKGM
[01:45:08] [158/445] TTCD
[01:45:09] [159/445] PTTI
[01:45:09] [160/445] MPTT
[01:45:10] [161/445] CVTT
[01:45:11] [162/445] PCXD
[01:45:12] [163/445] GCDC
[01:45:13] [164/445] CCCF
[01:45:14] [165/445] MRAD
[01:45:15] [166/445] CPLK
[01:45:16] [167/445] SATB
[01:45:17] [168/445] SNVG
[01:45:18] [169/445] JMBA
[01:45:19] [170/445] TEJA
[01:45:21] [171/445] STYO
[01:45:23] [172/445] JTBP
[01:45:23] [173/445] KRGD
[01:45:24] [174/445] SLJJ
[01:45:25] [175/445] SPTJ
[01:45:26] [176/445] SWJG
[01:45:26] [177/445] LKRT
[01:45:27] [178/445] KCKA
[01:45:28] [179/445] SNCR
[01:45:29] [180/445] SMKL
[01:45:30] [181/445] GCFA
[01:45:31] [182/445] DDCK
[01:45:32] [183/445] NCHJ
[01:45:32] [184/445] RDMA
[01:45:33] [185/445] SVSV
[01:45:35] [186/445] SCJG
[01:45:36] [187/445] VKLP
[01:45:37] [188/445] NWCC
[01:45:38] [189/445] VKNS
[01:45:40] [190/445] SDDP
[01:45:41] [191/445] ACSI
[01:45:42] [192/445] SATG
[01:45:42] [193/445] SCMW
[01:45:43] [194/445] LKTK
[01:45:44] [195/445] VCKV
[01:45:46] [196/445] KKPE
[01:45:47] [197/445] KIGH
[01:45:47] [198/445] SRPM
[01:45:48] [199/445] SCAH
[01:45:49] [200/445] MUTA
[01:45:50] [201/445] SEPU
[01:45:51] [202/445] INOA
[01:45:52] [203/445] BASK
[01:45:52] [204/445] NECB
[01:45:53] [205/445] GTTG
[01:45:54] [206/445] ASSA
[01:45:55] [207/445] ANCL
[01:45:56] [208/445] GCTI
[01:45:57] [209/445] RCTS
[01:45:57] [210/445] ACNL
[01:45:58] [211/445] MYCT
[01:45:59] [212/445] NMHT
[01:46:00] [213/445] MDIT
[01:46:01] [214/445] LATG
[01:46:02] [215/445] SMTY
[01:46:03] [216/445] CVCT
[01:46:04] [217/445] RAMB
[01:46:04] [218/445] TGMS
[01:46:06] [219/445] BHEL
[01:46:06] [220/445] SHCT
[01:46:08] [221/445] SVCT
[01:46:09] [222/445] MRIY
[01:46:09] [223/445] SARO
[01:46:10] [224/445] STCT
[01:46:11] [225/445] JKKC
[01:46:12] [226/445] PLTT
[01:46:13] [227/445] SRNT
[01:46:14] [228/445] YAST
[01:46:15] [229/445] PERL
[01:46:15] [230/445] CICM
[01:46:16] [231/445] MMTR
[01:46:17] [232/445] ABTK
[01:46:18] [233/445] ATYY
[01:46:19] [234/445] ASTK
[01:46:20] [235/445] VVCK
[01:46:21] [236/445] ATKY
[01:46:22] [237/445] GWEK
[01:46:22] [238/445] SVFH
[01:46:24] [239/445] SLTA
[01:46:25] [240/445] AASH
[01:46:25] [241/445] ACXB
[01:46:26] [242/445] SMTX
[01:46:27] [243/445] AZDH
[01:46:28] [244/445] CMMH
[01:46:29] [245/445] SCSZ
[01:46:30] [246/445] SCKP
[01:46:31] [247/445] NXTM
[01:46:32] [248/445] NWCS
[01:46:33] [249/445] CXMH
[01:46:34] [250/445] PCMA
[01:46:34] [251/445] SGCM
[01:46:35] [252/445] SDTU
[01:46:36] [253/445] MMVI
[01:46:37] [254/445] JKCM
[01:46:37] [255/445] VCMM
[01:46:39] [256/445] SYEE
[01:46:39] [257/445] VASD
[01:46:40] [258/445] BDRB
[01:46:41] [259/445] LASM
[01:46:42] [260/445] DCRL
[01:46:42] [261/445] DVPM
[01:46:43] [262/445] SBMJ
[01:46:44] [263/445] CBMU
[01:46:45] [264/445] IUBS
[01:46:46] [265/445] INAP
[01:46:47] [266/445] SRRC
[01:46:48] [267/445] SAGR
[01:46:48] [268/445] CPMJ
[01:46:49] [269/445] ATJL
[01:46:50] [270/445] NNTD
[01:46:51] [271/445] JHCJ
[01:46:51] [272/445] CMMP
[01:46:52] [273/445] RSDR
[01:46:53] [274/445] AMTI
[01:46:54] [275/445] NYSG
[01:46:55] [276/445] AVSG
[01:46:57] [277/445] SYTP
[01:46:57] [278/445] LARC
[01:46:58] [279/445] RJTP
[01:46:59] [280/445] LAKC
[01:47:00] [281/445] MCXE
[01:47:01] [282/445] CCZC
[01:47:01] [283/445] AVCH
[01:47:02] [284/445] CMBE
[01:47:03] [285/445] MRRC
[01:47:04] [286/445] PCPY
[01:47:05] [287/445] SRMH
[01:47:05] [288/445] SVGS
[01:47:06] [289/445] PCSE
[01:47:07] [290/445] SVFT
[01:47:08] [291/445] TNZP
[01:47:09] [292/445] ICTP
[01:47:10] [293/445] ACTZ
[01:47:10] [294/445] GTUR
[01:47:11] [295/445] MAFC
[01:47:12] [296/445] MINL
[01:47:14] [297/445] MRCL
[01:47:15] [298/445] RCRP
[01:47:16] [299/445] RFFG
[01:47:16] [300/445] RMAS
[01:47:17] [301/445] INVR
[01:47:18] [302/445] RMAR
[01:47:19] [303/445] CNIS
[01:47:20] [304/445] RHRJ
[01:47:20] [305/445] INXR
[01:47:21] [306/445] VALT
[01:47:22] [307/445] LCSH
[01:47:23] [308/445] CMVS
[01:47:24] [309/445] CNMS
[01:47:25] [310/445] ROOG
[01:47:26] [311/445] ISRM
[01:47:26] [312/445] RCRM
[01:47:27] [313/445] ACJA
[01:47:28] [314/445] RCVS
[01:47:30] [315/445] CPUS
[01:47:30] [316/445] TGCS
[01:47:31] [317/445] RKCJ
[01:47:32] [318/445] MKSB
[01:47:33] [319/445] TCSJ
[01:47:34] [320/445] RMGP
[01:47:35] [321/445] CLLP
[01:47:35] [322/445] RCMV
[01:47:36] [323/445] CCKS
[01:47:37] [324/445] RSRP
[01:47:39] [325/445] APLP
[01:47:39] [326/445] CNVS
[01:47:40] [327/445] RMVY
[01:47:41] [328/445] PGBD
[01:47:42] [329/445] KLMS
[01:47:42] [330/445] RUST
[01:47:44] [331/445] MASM
[01:47:45] [332/445] BACS
[01:47:46] [333/445] BWST
[01:47:48] [334/445] RRFH
[01:47:49] [335/445] SJTM
[01:47:50] [336/445] BEMR
[01:47:50] [337/445] MCGR
[01:47:51] [338/445] SDSK
[01:47:52] [339/445] VBOL
[01:47:53] [340/445] RMGM
[01:47:54] [341/445] NOPL
[01:47:55] [342/445] MKJK
[01:47:56] [343/445] CVRN
[01:47:58] [344/445] MMEN
[01:47:59] [345/445] AMNG
[01:48:00] [346/445] INTM
[01:48:01] [347/445] SLCZ
[01:48:02] [348/445] AMJN
[01:48:03] [349/445] ACJN
[01:48:04] [350/445] AMKN
[01:48:05] [351/445] BTCN
[01:48:06] [352/445] AMBT
[01:48:06] [353/445] PACN
[01:48:07] [354/445] LCNS
[01:48:08] [355/445] PPKC
[01:48:09] [356/445] JYYN
[01:48:10] [357/445] JTNR
[01:48:10] [358/445] GTEE
[01:48:11] [359/445] SRNM
[01:48:13] [360/445] SDTC
[01:48:14] [361/445] VPCA
[01:48:14] [362/445] VLRA
[01:48:15] [363/445] SHKR
[01:48:16] [364/445] SBKD
[01:48:17] [365/445] SAAD
[01:48:17] [366/445] JTGN
[01:48:18] [367/445] SLAM
[01:48:19] [368/445] VTPM
[01:48:21] [369/445] ANPT
[01:48:22] [370/445] PUNB
[01:48:23] [371/445] CPKT
[01:48:23] [372/445] CNWE
[01:48:24] [373/445] ECPP
[01:48:25] [374/445] CPAR
[01:48:26] [375/445] ESBW
[01:48:27] [376/445] PKPU
[01:48:27] [377/445] CPRP
[01:48:28] [378/445] RAHU
[01:48:29] [379/445] RHMN
[01:48:30] [380/445] FMJP
[01:48:31] [381/445] CTMP
[01:48:32] [382/445] INPN
[01:48:33] [383/445] STTG
[01:48:33] [384/445] CTRD
[01:48:34] [385/445] PUVB
[01:48:35] [386/445] ESVP
[01:48:36] [387/445] CPFT
[01:48:37] [388/445] LCPC
[01:48:38] [389/445] VBCT
[01:48:39] [390/445] FSCW
[01:48:40] [391/445] VCMP
[01:48:41] [392/445] ASHC
[01:48:42] [393/445] VLCX
[01:48:42] [394/445] SHEV
[01:48:43] [395/445] APCO
[01:48:45] [396/445] SILC
[01:48:45] [397/445] SNMR
[01:48:46] [398/445] KYBO
[01:48:47] [399/445] SATK
[01:48:48] [400/445] SSCS
[01:48:48] [401/445] CLSB
[01:48:49] [402/445] KMJR
[01:48:50] [403/445] FSCK
[01:48:51] [404/445] NNKA
[01:48:52] [405/445] CLMK
[01:48:53] [406/445] DMPZ
[01:48:54] [407/445] INQM
[01:48:54] [408/445] CAML
[01:48:55] [409/445] INRK
[01:48:56] [410/445] IMKN
[01:48:57] [411/445] SVNR
[01:48:58] [412/445] INSL
[01:48:59] [413/445] MSMA
[01:49:00] [414/445] MCKK
[01:49:00] [415/445] FCHP
[01:49:01] [416/445] SFCR
[01:49:02] [417/445] NACK
[01:49:03] [418/445] PVAK
[01:49:05] [419/445] INER
[01:49:05] [420/445] RDBK
[01:49:06] [421/445] SVFN
[01:49:07] [422/445] IFRM
[01:49:08] [423/445] ATCK
[01:49:09] [424/445] ASKO
[01:49:09] [425/445] STKT
[01:49:10] [426/445] SVFB
[01:49:11] [427/445] INKS
[01:49:12] [428/445] PCRA
[01:49:13] [429/445] ATJA
[01:49:13] [430/445] IMJN
[01:49:15] [431/445] INHD
[01:49:15] [432/445] BARA
[01:49:16] [433/445] MCSL
[01:49:17] [434/445] RTOY
[01:49:19] [435/445] MENO
[01:49:20] [436/445] PUDM
[01:49:21] [437/445] PRCN
[01:49:22] [438/445] JMJR
[01:49:23] [439/445] SSGK
[01:49:24] [440/445] SSRL
[01:49:25] [441/445] JYKL
[01:49:25] [442/445] ACNB
[01:49:26] [443/445] SONP
[01:49:27] [444/445] EMCI
[01:49:28] [445/445] MRJH
[01:49:30] ✅ DONE | Shows=10 | Movies=2
[02:40:20] 🚀 BMS DAILY TRACKER STARTED
[02:40:20] [1/445] TGMR
[02:40:20] 🧠 New identity
[02:40:21] [2/445] CXKR
[02:40:22] [3/445] SROP
[02:40:23] [4/445] GTSV
[02:40:25] [5/445] SNTY
[02:40:26] [6/445] SMYY
[02:40:26] [7/445] CNCS
[02:40:27] [8/445] CSTM
[02:40:29] [9/445] NUCD
[02:40:30] [10/445] SHCZ
[02:40:31] [11/445] NJCT
[02:40:32] [12/445] COPC
[02:40:33] [13/445] STVV
[02:40:34] [14/445] SKRN
[02:40:35] [15/445] APPZ
[02:40:36] [16/445] YMGN
[02:40:37] [17/445] SVTU
[02:40:38] [18/445] GTAD
[02:40:39] [19/445] PSUS
[02:40:40] [20/445] SMCD
[02:40:41] [21/445] CMCM
[02:40:42] [22/445] SYCT
[02:40:43] [23/445] STLY
[02:40:44] [24/445] CMHU
[02:40:45] [25/445] CMSA
[02:40:46] [26/445] CLCU
[02:40:46] [27/445] PPNT
[02:40:47] [28/445] JTAB
[02:40:48] [29/445] BUUC
[02:40:49] [30/445] BSVK
[02:40:50] [31/445] VVVQ
[02:40:50] [32/445] TKMU
[02:40:51] [33/445] ESYL
[02:40:52] [34/445] ACHP
[02:40:53] [35/445] BTKD
[02:40:54] [36/445] DESA
[02:40:55] [37/445] GBCT
[02:40:56] [38/445] BLLD
[02:40:57] [39/445] SKNT
[02:40:58] [40/445] SSTE
[02:40:59] [41/445] VJMR
[02:41:00] [42/445] NTPU
[02:41:00] [43/445] RDKN
[02:41:01] [44/445] ADGC
[02:41:02] [45/445] VRBP
[02:41:03] [46/445] NMNA
[02:41:04] [47/445] CMMX
[02:41:04] [48/445] PTKO
[02:41:06] [49/445] RBML
[02:41:06] [50/445] SAIC
[02:41:07] [51/445] SVTJ
[02:41:08] [52/445] MRTE
[02:41:09] [53/445] RBTP
[02:41:10] [54/445] NLPS
[02:41:11] [55/445] GTNA
[02:41:12] [56/445] DGGC
[02:41:13] [57/445] SMCR
[02:41:14] [58/445] SCGD
[02:41:15] [59/445] SRRJ
[02:41:16] [60/445] CNRY
[02:41:17] [61/445] KTDI
[02:41:18] [62/445] SNJL
[02:41:19] [63/445] RKMD
[02:41:19] [64/445] SMDC
[02:41:21] [65/445] TADG
[02:41:22] [66/445] MCGS
[02:41:23] [67/445] PETK
[02:41:24] [68/445] CHAG
[02:41:25] [69/445] KSTL
[02:41:26] [70/445] AADS
[02:41:28] [71/445] NTHZ
[02:41:29] [72/445] HCKI
[02:41:29] [73/445] SSEF
[02:41:30] [74/445] MCGX
[02:41:31] [75/445] ERRA
[02:41:32] [76/445] SDTW
[02:41:33] [77/445] RMPK
[02:41:34] [78/445] PTHK
[02:41:34] [79/445] PXCS
[02:41:35] [80/445] SVLU
[02:41:36] [81/445] STAH
[02:41:37] [82/445] JRGF
[02:41:39] [83/445] CDOK
[02:41:40] [84/445] CMSG
[02:41:41] [85/445] APTD
[02:41:41] [86/445] KMPG
[02:41:42] [87/445] MUTJ
[02:41:43] [88/445] VCCI
[02:41:44] [89/445] URBE
[02:41:45] [90/445] TCTS
[02:41:46] [91/445] STSN
[02:41:47] [92/445] AKCH
[02:41:48] [93/445] APSC
[02:41:49] [94/445] VLTB
[02:41:49] [95/445] SANU
[02:41:50] [96/445] AXAM
[02:41:52] [97/445] MGMG
[02:41:53] [98/445] HTBY
[02:41:54] [99/445] MMZS
[02:41:55] [100/445] SUDR
[02:41:55] [101/445] CCAD
[02:41:57] [102/445] SKKC
[02:41:57] [103/445] RMCD
[02:41:58] [104/445] SBCQ
[02:41:59] [105/445] DCCT
[02:42:00] [106/445] VTKP
[02:42:01] [107/445] MLAM
[02:42:02] [108/445] SAVT
[02:42:02] [109/445] GEPL
[02:42:03] [110/445] AMCD
[02:42:04] [111/445] CCXR
[02:42:05] [112/445] GRNG
[02:42:05] [113/445] EBCA
[02:42:06] [114/445] CNVG
[02:42:08] [115/445] MWSS
[02:42:09] [116/445] VBOR
[02:42:10] [117/445] NEEB
[02:42:11] [118/445] SUTH
[02:42:12] [119/445] ANDB
[02:42:13] [120/445] MMXS
[02:42:14] [121/445] CNPD
[02:42:15] [122/445] SDCE
[02:42:16] [123/445] DHCB
[02:42:17] [124/445] ODEN
[02:42:18] [125/445] TNTC
[02:42:19] [126/445] VBKM
[02:42:19] [127/445] RZYM
[02:42:20] [128/445] JEMC
[02:42:21] [129/445] CMAU
[02:42:22] [130/445] SIVP
[02:42:23] [131/445] ATAG
[02:42:24] [132/445] CHTM
[02:42:25] [133/445] AAEE
[02:42:26] [134/445] IWPM
[02:42:27] [135/445] KCMW
[02:42:28] [136/445] MCTD
[02:42:29] [137/445] SPWR
[02:42:30] [138/445] SDPO
[02:42:31] [139/445] PCSK
[02:42:32] [140/445] ACHV
[02:42:33] [141/445] SVLA
[02:42:34] [142/445] PICT
[02:42:34] [143/445] BXDR
[02:42:35] [144/445] SPWA
[02:42:36] [145/445] MCKO
[02:42:37] [146/445] RTHK
[02:42:38] [147/445] CCMF
[02:42:39] [148/445] MRGB
[02:42:39] [149/445] CPLC
[02:42:40] [150/445] RACD
[02:42:41] [151/445] ATKT
[02:42:42] [152/445] SARN
[02:42:42] [153/445] KKUI
[02:42:43] [154/445] RGCM
[02:42:45] [155/445] BRVP
[02:42:46] [156/445] HRSR
[02:42:47] [157/445] GKGM
[02:42:48] [158/445] TTCD
[02:42:49] [159/445] PTTI
[02:42:51] [160/445] MPTT
[02:42:51] [161/445] CVTT
[02:42:52] [162/445] PCXD
[02:42:53] [163/445] GCDC
[02:42:54] [164/445] CCCF
[02:42:55] [165/445] MRAD
[02:42:56] [166/445] CPLK
[02:42:57] [167/445] SATB
[02:42:58] [168/445] SNVG
[02:42:58] [169/445] JMBA
[02:42:59] [170/445] TEJA
[02:43:00] [171/445] STYO
[02:43:01] [172/445] JTBP
[02:43:02] [173/445] KRGD
[02:43:03] [174/445] SLJJ
[02:43:03] [175/445] SPTJ
[02:43:04] [176/445] SWJG
[02:43:05] [177/445] LKRT
[02:43:06] [178/445] KCKA
[02:43:07] [179/445] SNCR
[02:43:08] [180/445] SMKL
[02:43:10] [181/445] GCFA
[02:43:11] [182/445] DDCK
[02:43:11] [183/445] NCHJ
[02:43:13] [184/445] RDMA
[02:43:14] [185/445] SVSV
[02:43:15] [186/445] SCJG
[02:43:16] [187/445] VKLP
[02:43:17] [188/445] NWCC
[02:43:18] [189/445] VKNS
[02:43:19] [190/445] SDDP
[02:43:20] [191/445] ACSI
[02:43:21] [192/445] SATG
[02:43:22] [193/445] SCMW
[02:43:22] [194/445] LKTK
[02:43:23] [195/445] VCKV
[02:43:24] [196/445] KKPE
[02:43:25] [197/445] KIGH
[02:43:26] [198/445] SRPM
[02:43:26] [199/445] SCAH
[02:43:28] [200/445] MUTA
[02:43:29] [201/445] SEPU
[02:43:30] [202/445] INOA
[02:43:31] [203/445] BASK
[02:43:32] [204/445] NECB
[02:43:33] [205/445] GTTG
[02:43:33] [206/445] ASSA
[02:43:34] [207/445] ANCL
[02:43:35] [208/445] GCTI
[02:43:36] [209/445] RCTS
[02:43:37] [210/445] ACNL
[02:43:38] [211/445] MYCT
[02:43:38] [212/445] NMHT
[02:43:39] [213/445] MDIT
[02:43:40] [214/445] LATG
[02:43:41] [215/445] SMTY
[02:43:43] [216/445] CVCT
[02:43:43] [217/445] RAMB
[02:43:44] [218/445] TGMS
[02:43:45] [219/445] BHEL
[02:43:46] [220/445] SHCT
[02:43:47] [221/445] SVCT
[02:43:48] [222/445] MRIY
[02:43:49] [223/445] SARO
[02:43:50] [224/445] STCT
[02:43:51] [225/445] JKKC
[02:43:51] [226/445] PLTT
[02:43:52] [227/445] SRNT
[02:43:53] [228/445] YAST
[02:43:54] [229/445] PERL
[02:43:55] [230/445] CICM
[02:43:56] [231/445] MMTR
[02:43:56] [232/445] ABTK
[02:43:57] [233/445] ATYY
[02:43:58] [234/445] ASTK
[02:43:59] [235/445] VVCK
[02:43:59] [236/445] ATKY
[02:44:00] [237/445] GWEK
[02:44:02] [238/445] SVFH
[02:44:03] [239/445] SLTA
[02:44:04] [240/445] AASH
[02:44:05] [241/445] ACXB
[02:44:06] [242/445] SMTX
[02:44:06] [243/445] AZDH
[02:44:07] [244/445] CMMH
[02:44:09] [245/445] SCSZ
[02:44:09] [246/445] SCKP
[02:44:10] [247/445] NXTM
[02:44:11] [248/445] NWCS
[02:44:12] [249/445] CXMH
[02:44:13] [250/445] PCMA
[02:44:14] [251/445] SGCM
[02:44:14] [252/445] SDTU
[02:44:15] [253/445] MMVI
[02:44:16] [254/445] JKCM
[02:44:17] [255/445] VCMM
[02:44:18] [256/445] SYEE
[02:44:19] [257/445] VASD
[02:44:20] [258/445] BDRB
[02:44:20] [259/445] LASM
[02:44:21] [260/445] DCRL
[02:44:22] [261/445] DVPM
[02:44:23] [262/445] SBMJ
[02:44:24] [263/445] CBMU
[02:44:26] [264/445] IUBS
[02:44:26] [265/445] INAP
[02:44:28] [266/445] SRRC
[02:44:30] [267/445] SAGR
[02:44:31] [268/445] CPMJ
[02:44:32] [269/445] ATJL
[02:44:33] [270/445] NNTD
[02:44:34] [271/445] JHCJ
[02:44:34] [272/445] CMMP
[02:44:35] [273/445] RSDR
[02:44:36] [274/445] AMTI
[02:44:37] [275/445] NYSG
[02:44:37] [276/445] AVSG
[02:44:38] [277/445] SYTP
[02:44:39] [278/445] LARC
[02:44:40] [279/445] RJTP
[02:44:41] [280/445] LAKC
[02:44:42] [281/445] MCXE
[02:44:43] [282/445] CCZC
[02:44:44] [283/445] AVCH
[02:44:45] [284/445] CMBE
[02:44:46] [285/445] MRRC
[02:44:47] [286/445] PCPY
[02:44:48] [287/445] SRMH
[02:44:49] [288/445] SVGS
[02:44:50] [289/445] PCSE
[02:44:51] [290/445] SVFT
[02:44:52] [291/445] TNZP
[02:44:53] [292/445] ICTP
[02:44:54] [293/445] ACTZ
[02:44:55] [294/445] GTUR
[02:44:56] [295/445] MAFC
[02:44:57] [296/445] MINL
[02:44:58] [297/445] MRCL
[02:45:00] [298/445] RCRP
[02:45:01] [299/445] RFFG
[02:45:01] [300/445] RMAS
[02:45:02] [301/445] INVR
[02:45:03] [302/445] RMAR
[02:45:05] [303/445] CNIS
[02:45:06] [304/445] RHRJ
[02:45:07] [305/445] INXR
[02:45:08] [306/445] VALT
[02:45:08] [307/445] LCSH
[02:45:09] [308/445] CMVS
[02:45:10] [309/445] CNMS
[02:45:11] [310/445] ROOG
[02:45:12] [311/445] ISRM
[02:45:13] [312/445] RCRM
[02:45:14] [313/445] ACJA
[02:45:14] [314/445] RCVS
[02:45:15] [315/445] CPUS
[02:45:16] [316/445] TGCS
[02:45:17] [317/445] RKCJ
[02:45:18] [318/445] MKSB
[02:45:19] [319/445] TCSJ
[02:45:19] [320/445] RMGP
[02:45:21] [321/445] CLLP
[02:45:22] [322/445] RCMV
[02:45:23] [323/445] CCKS
[02:45:24] [324/445] RSRP
[02:45:26] [325/445] APLP
[02:45:27] [326/445] CNVS
[02:45:27] [327/445] RMVY
[02:45:28] [328/445] PGBD
[02:45:29] [329/445] KLMS
[02:45:30] [330/445] RUST
[02:45:32] [331/445] MASM
[02:45:32] [332/445] BACS
[02:45:33] [333/445] BWST
[02:45:34] [334/445] RRFH
[02:45:35] [335/445] SJTM
[02:45:36] [336/445] BEMR
[02:45:36] [337/445] MCGR
[02:45:37] [338/445] SDSK
[02:45:38] [339/445] VBOL
[02:45:39] [340/445] RMGM
[02:45:40] [341/445] NOPL
[02:45:41] [342/445] MKJK
[02:45:42] [343/445] CVRN
[02:45:43] [344/445] MMEN
[02:45:44] [345/445] AMNG
[02:45:44] [346/445] INTM
[02:45:45] [347/445] SLCZ
[02:45:46] [348/445] AMJN
[02:45:47] [349/445] ACJN
[02:45:48] [350/445] AMKN
[02:45:49] [351/445] BTCN
[02:45:50] [352/445] AMBT
[02:45:51] [353/445] PACN
[02:45:52] [354/445] LCNS
[02:45:53] [355/445] PPKC
[02:45:54] [356/445] JYYN
[02:45:54] [357/445] JTNR
[02:45:56] [358/445] GTEE
[02:45:57] [359/445] SRNM
[02:45:58] [360/445] SDTC
[02:45:59] [361/445] VPCA
[02:46:00] [362/445] VLRA
[02:46:01] [363/445] SHKR
[02:46:02] [364/445] SBKD
[02:46:03] [365/445] SAAD
[02:46:04] [366/445] JTGN
[02:46:05] [367/445] SLAM
[02:46:06] [368/445] VTPM
[02:46:07] [369/445] ANPT
[02:46:07] [370/445] PUNB
[02:46:08] [371/445] CPKT
[02:46:09] [372/445] CNWE
[02:46:10] [373/445] ECPP
[02:46:11] [374/445] CPAR
[02:46:12] [375/445] ESBW
[02:46:12] [376/445] PKPU
[02:46:13] [377/445] CPRP
[02:46:14] [378/445] RAHU
[02:46:15] [379/445] RHMN
[02:46:16] [380/445] FMJP
[02:46:17] [381/445] CTMP
[02:46:18] [382/445] INPN
[02:46:19] [383/445] STTG
[02:46:20] [384/445] CTRD
[02:46:20] [385/445] PUVB
[02:46:21] [386/445] ESVP
[02:46:22] [387/445] CPFT
[02:46:23] [388/445] LCPC
[02:46:23] [389/445] VBCT
[02:46:24] [390/445] FSCW
[02:46:25] [391/445] VCMP
[02:46:26] [392/445] ASHC
[02:46:27] [393/445] VLCX
[02:46:28] [394/445] SHEV
[02:46:29] [395/445] APCO
[02:46:30] [396/445] SILC
[02:46:31] [397/445] SNMR
[02:46:32] [398/445] KYBO
[02:46:32] [399/445] SATK
[02:46:33] [400/445] SSCS
[02:46:34] [401/445] CLSB
[02:46:35] [402/445] KMJR
[02:46:36] [403/445] FSCK
[02:46:36] [404/445] NNKA
[02:46:37] [405/445] CLMK
[02:46:38] [406/445] DMPZ
[02:46:39] [407/445] INQM
[02:46:40] [408/445] CAML
[02:46:41] [409/445] INRK
[02:46:42] [410/445] IMKN
[02:46:43] [411/445] SVNR
[02:46:45] [412/445] INSL
[02:46:45] [413/445] MSMA
[02:46:46] [414/445] MCKK
[02:46:47] [415/445] FCHP
[02:46:48] [416/445] SFCR
[02:46:49] [417/445] NACK
[02:46:50] [418/445] PVAK
[02:46:52] [419/445] INER
[02:46:52] [420/445] RDBK
[02:46:54] [421/445] SVFN
[02:46:55] [422/445] IFRM
[02:46:56] [423/445] ATCK
[02:46:57] [424/445] ASKO
[02:46:58] [425/445] STKT
[02:46:59] [426/445] SVFB
[02:46:59] [427/445] INKS
[02:47:00] [428/445] PCRA
[02:47:01] [429/445] ATJA
[02:47:02] [430/445] IMJN
[02:47:03] [431/445] INHD
[02:47:04] [432/445] BARA
[02:47:05] [433/445] MCSL
[02:47:05] [434/445] RTOY
[02:47:06] [435/445] MENO
[02:47:07] [436/445] PUDM
[02:47:08] [437/445] PRCN
[02:47:09] [438/445] JMJR
[02:47:10] [439/445] SSGK
[02:47:10] [440/445] SSRL
[02:47:11] [441/445] JYKL
[02:47:12] [442/445] ACNB
[02:47:13] [443/445] SONP
[02:47:14] [444/445] EMCI
[02:47:15] [445/445] MRJH
[02:47:16] ✅ DONE | Shows=10 | Movies=2
