[10:07:05] 🚀 SCRIPT STARTED
[10:07:05] [1/445] TGMR
[10:07:05] 🧠 New identity created
[10:07:06] [2/445] CXKR
[10:07:07] [3/445] SROP
[10:07:08] [4/445] GTSV
[10:07:09] [5/445] SNTY
[10:07:10] [6/445] SMYY
[10:07:11] [7/445] CNCS
[10:07:12] [8/445] CSTM
[10:07:13] [9/445] NUCD
[10:07:14] [10/445] SHCZ
[10:07:14] [11/445] NJCT
[10:07:15] [12/445] COPC
[10:07:16] [13/445] STVV
[10:07:17] [14/445] SKRN
[10:07:18] [15/445] APPZ
[10:07:18] [16/445] YMGN
[10:07:19] [17/445] SVTU
[10:07:20] [18/445] GTAD
[10:07:21] [19/445] PSUS
[10:07:22] [20/445] SMCD
[10:07:23] [21/445] CMCM
[10:07:24] [22/445] SYCT
[10:07:24] [23/445] STLY
[10:07:25] [24/445] CMHU
[10:07:26] [25/445] CMSA
[10:07:27] [26/445] CLCU
[10:07:28] [27/445] PPNT
[10:07:29] [28/445] JTAB
[10:07:30] [29/445] BUUC
[10:07:30] [30/445] BSVK
[10:07:31] [31/445] VVVQ
[10:07:33] [32/445] TKMU
[10:07:33] [33/445] ESYL
[10:07:35] [34/445] ACHP
[10:07:36] [35/445] BTKD
[10:07:37] [36/445] DESA
[10:07:37] [37/445] GBCT
[10:07:38] [38/445] BLLD
[10:07:39] [39/445] SKNT
[10:07:40] [40/445] SSTE
[10:07:41] [41/445] VJMR
[10:07:42] [42/445] NTPU
[10:07:43] [43/445] RDKN
[10:07:44] [44/445] ADGC
[10:07:44] [45/445] VRBP
[10:07:45] [46/445] NMNA
[10:07:46] [47/445] CMMX
[10:07:47] [48/445] PTKO
[10:07:48] [49/445] RBML
[10:07:49] [50/445] SAIC
[10:07:49] [51/445] SVTJ
[10:07:50] [52/445] MRTE
[10:07:51] [53/445] RBTP
[10:07:52] [54/445] NLPS
[10:07:52] [55/445] GTNA
[10:07:53] [56/445] DGGC
[10:07:54] [57/445] SMCR
[10:07:55] [58/445] SCGD
[10:07:56] [59/445] SRRJ
[10:07:58] [60/445] CNRY
[10:07:59] [61/445] KTDI
[10:08:00] [62/445] SNJL
[10:08:00] [63/445] RKMD
[10:08:01] [64/445] SMDC
[10:08:02] [65/445] TADG
[10:08:03] [66/445] MCGS
[10:08:04] [67/445] PETK
[10:08:05] [68/445] CHAG
[10:08:05] [69/445] KSTL
[10:08:06] [70/445] AADS
[10:08:07] [71/445] NTHZ
[10:08:08] [72/445] HCKI
[10:08:09] [73/445] SSEF
[10:08:10] [74/445] MCGX
[10:08:11] [75/445] ERRA
[10:08:12] [76/445] SDTW
[10:08:13] [77/445] RMPK
[10:08:14] [78/445] PTHK
[10:08:15] [79/445] PXCS
[10:08:15] [80/445] SVLU
[10:08:16] [81/445] STAH
[10:08:17] [82/445] JRGF
[10:08:18] [83/445] CDOK
[10:08:19] [84/445] CMSG
[10:08:20] [85/445] APTD
[10:08:20] [86/445] KMPG
[10:08:21] [87/445] MUTJ
[10:08:22] [88/445] VCCI
[10:08:23] [89/445] URBE
[10:08:24] [90/445] TCTS
[10:08:25] [91/445] STSN
[10:08:26] [92/445] AKCH
[10:08:27] [93/445] APSC
[10:08:27] [94/445] VLTB
[10:08:28] [95/445] SANU
[10:08:29] [96/445] AXAM
[10:08:30] [97/445] MGMG
[10:08:31] [98/445] HTBY
[10:08:32] [99/445] MMZS
[10:08:32] [100/445] SUDR
[10:08:33] [101/445] CCAD
[10:08:34] [102/445] SKKC
[10:08:35] [103/445] RMCD
[10:08:36] [104/445] SBCQ
[10:08:37] [105/445] DCCT
[10:08:38] [106/445] VTKP
[10:08:39] [107/445] MLAM
[10:08:40] [108/445] SAVT
[10:08:41] [109/445] GEPL
[10:08:42] [110/445] AMCD
[10:08:43] [111/445] CCXR
[10:08:43] [112/445] GRNG
[10:08:44] [113/445] EBCA
[10:08:45] [114/445] CNVG
[10:08:46] [115/445] MWSS
[10:08:47] [116/445] VBOR
[10:08:48] [117/445] NEEB
[10:08:48] [118/445] SUTH
[10:08:49] [119/445] ANDB
[10:08:50] [120/445] MMXS
[10:08:51] [121/445] CNPD
[10:08:52] [122/445] SDCE
[10:08:53] [123/445] DHCB
[10:08:54] [124/445] ODEN
[10:08:55] [125/445] TNTC
[10:08:56] [126/445] VBKM
[10:08:56] [127/445] RZYM
[10:08:57] [128/445] JEMC
[10:08:58] [129/445] CMAU
[10:08:59] [130/445] SIVP
[10:09:00] [131/445] ATAG
[10:09:01] [132/445] CHTM
[10:09:02] [133/445] AAEE
[10:09:03] [134/445] IWPM
[10:09:03] [135/445] KCMW
[10:09:04] [136/445] MCTD
[10:09:05] [137/445] SPWR
[10:09:06] [138/445] SDPO
[10:09:06] [139/445] PCSK
[10:09:07] [140/445] ACHV
[10:09:08] [141/445] SVLA
[10:09:09] [142/445] PICT
[10:09:10] [143/445] BXDR
[10:09:10] [144/445] SPWA
[10:09:11] [145/445] MCKO
[10:09:12] [146/445] RTHK
[10:09:13] [147/445] CCMF
[10:09:14] [148/445] MRGB
[10:09:15] [149/445] CPLC
[10:09:16] [150/445] RACD
[10:09:17] [151/445] ATKT
[10:09:17] [152/445] SARN
[10:09:18] [153/445] KKUI
[10:09:19] [154/445] RGCM
[10:09:20] [155/445] BRVP
[10:09:21] [156/445] HRSR
[10:09:22] [157/445] GKGM
[10:09:23] [158/445] TTCD
[10:09:23] [159/445] PTTI
[10:09:24] [160/445] MPTT
[10:09:25] [161/445] CVTT
[10:09:26] [162/445] PCXD
[10:09:27] [163/445] GCDC
[10:09:29] [164/445] CCCF
[10:09:30] [165/445] MRAD
[10:09:30] [166/445] CPLK
[10:09:31] [167/445] SATB
[10:09:32] [168/445] SNVG
[10:09:33] [169/445] JMBA
[10:09:34] [170/445] TEJA
[10:09:34] [171/445] STYO
[10:09:35] [172/445] JTBP
[10:09:36] [173/445] KRGD
[10:09:37] [174/445] SLJJ
[10:09:38] [175/445] SPTJ
[10:09:39] [176/445] SWJG
[10:09:40] [177/445] LKRT
[10:09:40] [178/445] KCKA
[10:09:41] [179/445] SNCR
[10:09:42] [180/445] SMKL
[10:09:43] [181/445] GCFA
[10:09:45] [182/445] DDCK
[10:09:45] [183/445] NCHJ
[10:09:46] [184/445] RDMA
[10:09:47] [185/445] SVSV
[10:09:48] [186/445] SCJG
[10:09:48] [187/445] VKLP
[10:09:49] [188/445] NWCC
[10:09:50] [189/445] VKNS
[10:09:51] [190/445] SDDP
[10:09:52] [191/445] ACSI
[10:09:52] [192/445] SATG
[10:09:53] [193/445] SCMW
[10:09:54] [194/445] LKTK
[10:09:55] [195/445] VCKV
[10:09:57] [196/445] KKPE
[10:09:57] [197/445] KIGH
[10:09:58] [198/445] SRPM
[10:09:59] [199/445] SCAH
[10:10:00] [200/445] MUTA
[10:10:00] [201/445] SEPU
[10:10:02] [202/445] INOA
[10:10:03] [203/445] BASK
[10:10:03] [204/445] NECB
[10:10:04] [205/445] GTTG
[10:10:05] [206/445] ASSA
[10:10:06] [207/445] ANCL
[10:10:07] [208/445] GCTI
[10:10:07] [209/445] RCTS
[10:10:08] [210/445] ACNL
[10:10:09] [211/445] MYCT
[10:10:10] [212/445] NMHT
[10:10:10] [213/445] MDIT
[10:10:12] [214/445] LATG
[10:10:13] [215/445] SMTY
[10:10:13] [216/445] CVCT
[10:10:14] [217/445] RAMB
[10:10:15] [218/445] TGMS
[10:10:16] [219/445] BHEL
[10:10:17] [220/445] SHCT
[10:10:17] [221/445] SVCT
[10:10:19] [222/445] MRIY
[10:10:20] [223/445] SARO
[10:10:21] [224/445] STCT
[10:10:23] [225/445] JKKC
[10:10:24] [226/445] PLTT
[10:10:25] [227/445] SRNT
[10:10:26] [228/445] YAST
[10:10:27] [229/445] PERL
[10:10:28] [230/445] CICM
[10:10:29] [231/445] MMTR
[10:10:29] [232/445] ABTK
[10:10:30] [233/445] ATYY
[10:10:31] [234/445] ASTK
[10:10:32] [235/445] VVCK
[10:10:33] [236/445] ATKY
[10:10:34] [237/445] GWEK
[10:10:36] [238/445] SVFH
[10:10:36] [239/445] SLTA
[10:10:37] [240/445] AASH
[10:10:38] [241/445] ACXB
[10:10:39] [242/445] SMTX
[10:10:40] [243/445] AZDH
[10:10:41] [244/445] CMMH
[10:10:43] [245/445] SCSZ
[10:10:44] [246/445] SCKP
[10:10:45] [247/445] NXTM
[10:10:46] [248/445] NWCS
[10:10:47] [249/445] CXMH
[10:10:48] [250/445] PCMA
[10:10:49] [251/445] SGCM
[10:10:50] [252/445] SDTU
[10:10:50] [253/445] MMVI
[10:10:51] [254/445] JKCM
[10:10:52] [255/445] VCMM
[10:10:53] [256/445] SYEE
[10:10:54] [257/445] VASD
[10:10:55] [258/445] BDRB
[10:10:56] [259/445] LASM
[10:10:57] [260/445] DCRL
[10:10:57] [261/445] DVPM
[10:10:58] [262/445] SBMJ
[10:10:59] [263/445] CBMU
[10:11:00] [264/445] IUBS
[10:11:01] [265/445] INAP
[10:11:01] [266/445] SRRC
[10:11:02] [267/445] SAGR
[10:11:03] [268/445] CPMJ
[10:11:04] [269/445] ATJL
[10:11:05] [270/445] NNTD
[10:11:06] [271/445] JHCJ
[10:11:07] [272/445] CMMP
[10:11:07] [273/445] RSDR
[10:11:08] [274/445] AMTI
[10:11:09] [275/445] NYSG
[10:11:10] [276/445] AVSG
[10:11:10] [277/445] SYTP
[10:11:11] [278/445] LARC
[10:11:12] [279/445] RJTP
[10:11:13] [280/445] LAKC
[10:11:14] [281/445] MCXE
[10:11:14] [282/445] CCZC
[10:11:15] [283/445] AVCH
[10:11:16] [284/445] CMBE
[10:11:16] [285/445] MRRC
[10:11:17] [286/445] PCPY
[10:11:18] [287/445] SRMH
[10:11:19] [288/445] SVGS
[10:11:20] [289/445] PCSE
[10:11:20] [290/445] SVFT
[10:11:21] [291/445] TNZP
[10:11:22] [292/445] ICTP
[10:11:23] [293/445] ACTZ
[10:11:23] [294/445] GTUR
[10:11:24] [295/445] MAFC
[10:11:25] [296/445] MINL
[10:11:26] [297/445] MRCL
[10:11:27] [298/445] RCRP
[10:11:28] [299/445] RFFG
[10:11:29] [300/445] RMAS
[10:11:30] [301/445] INVR
[10:11:30] [302/445] RMAR
[10:11:31] [303/445] CNIS
[10:11:32] [304/445] RHRJ
[10:11:33] [305/445] INXR
[10:11:34] [306/445] VALT
[10:11:34] [307/445] LCSH
[10:11:35] [308/445] CMVS
[10:11:36] [309/445] CNMS
[10:11:37] [310/445] ROOG
[10:11:37] [311/445] ISRM
[10:11:39] [312/445] RCRM
[10:11:40] [313/445] ACJA
[10:11:41] [314/445] RCVS
[10:11:42] [315/445] CPUS
[10:11:43] [316/445] TGCS
[10:11:44] [317/445] RKCJ
[10:11:45] [318/445] MKSB
[10:11:46] [319/445] TCSJ
[10:11:46] [320/445] RMGP
[10:11:47] [321/445] CLLP
[10:11:49] [322/445] RCMV
[10:11:49] [323/445] CCKS
[10:11:50] [324/445] RSRP
[10:11:51] [325/445] APLP
[10:11:52] [326/445] CNVS
[10:11:52] [327/445] RMVY
[10:11:53] [328/445] PGBD
[10:11:54] [329/445] KLMS
[10:11:55] [330/445] RUST
[10:11:56] [331/445] MASM
[10:11:57] [332/445] BACS
[10:11:57] [333/445] BWST
[10:11:58] [334/445] RRFH
[10:11:59] [335/445] SJTM
[10:12:01] [336/445] BEMR
[10:12:01] [337/445] MCGR
[10:12:03] [338/445] SDSK
[10:12:03] [339/445] VBOL
[10:12:04] [340/445] RMGM
[10:12:05] [341/445] NOPL
[10:12:06] [342/445] MKJK
[10:12:07] [343/445] CVRN
[10:12:08] [344/445] MMEN
[10:12:09] [345/445] AMNG
[10:12:10] [346/445] INTM
[10:12:11] [347/445] SLCZ
[10:12:12] [348/445] AMJN
[10:12:12] [349/445] ACJN
[10:12:13] [350/445] AMKN
[10:12:15] [351/445] BTCN
[10:12:15] [352/445] AMBT
[10:12:16] [353/445] PACN
[10:12:18] [354/445] LCNS
[10:12:19] [355/445] PPKC
[10:12:19] [356/445] JYYN
[10:12:20] [357/445] JTNR
[10:12:21] [358/445] GTEE
[10:12:22] [359/445] SRNM
[10:12:23] [360/445] SDTC
[10:12:24] [361/445] VPCA
[10:12:25] [362/445] VLRA
[10:12:26] [363/445] SHKR
[10:12:27] [364/445] SBKD
[10:12:28] [365/445] SAAD
[10:12:28] [366/445] JTGN
[10:12:29] [367/445] SLAM
[10:12:30] [368/445] VTPM
[10:12:31] [369/445] ANPT
[10:12:32] [370/445] PUNB
[10:12:33] [371/445] CPKT
[10:12:34] [372/445] CNWE
[10:12:34] [373/445] ECPP
[10:12:35] [374/445] CPAR
[10:12:36] [375/445] ESBW
[10:12:36] [376/445] PKPU
[10:12:37] [377/445] CPRP
[10:12:38] [378/445] RAHU
[10:12:39] [379/445] RHMN
[10:12:40] [380/445] FMJP
[10:12:40] [381/445] CTMP
[10:12:41] [382/445] INPN
[10:12:42] [383/445] STTG
[10:12:43] [384/445] CTRD
[10:12:43] [385/445] PUVB
[10:12:44] [386/445] ESVP
[10:12:45] [387/445] CPFT
[10:12:46] [388/445] LCPC
[10:12:46] [389/445] VBCT
[10:12:47] [390/445] FSCW
[10:12:48] [391/445] VCMP
[10:12:49] [392/445] ASHC
[10:12:49] [393/445] VLCX
[10:12:50] [394/445] SHEV
[10:12:51] [395/445] APCO
[10:12:52] [396/445] SILC
[10:12:52] [397/445] SNMR
[10:12:53] [398/445] KYBO
[10:12:54] [399/445] SATK
[10:12:55] [400/445] SSCS
[10:12:56] [401/445] CLSB
[10:12:57] [402/445] KMJR
[10:12:58] [403/445] FSCK
[10:12:59] [404/445] NNKA
[10:13:00] [405/445] CLMK
[10:13:01] [406/445] DMPZ
[10:13:01] [407/445] INQM
[10:13:02] [408/445] CAML
[10:13:03] [409/445] INRK
[10:13:04] [410/445] IMKN
[10:13:05] [411/445] SVNR
[10:13:06] [412/445] INSL
[10:13:07] [413/445] MSMA
[10:13:08] [414/445] MCKK
[10:13:08] [415/445] FCHP
[10:13:10] [416/445] SFCR
[10:13:11] [417/445] NACK
[10:13:12] [418/445] PVAK
[10:13:13] [419/445] INER
[10:13:14] [420/445] RDBK
[10:13:14] [421/445] SVFN
[10:13:15] [422/445] IFRM
[10:13:17] [423/445] ATCK
[10:13:18] [424/445] ASKO
[10:13:18] [425/445] STKT
[10:13:19] [426/445] SVFB
[10:13:20] [427/445] INKS
[10:13:21] [428/445] PCRA
[10:13:22] [429/445] ATJA
[10:13:22] [430/445] IMJN
[10:13:23] [431/445] INHD
[10:13:24] [432/445] BARA
[10:13:25] [433/445] MCSL
[10:13:26] [434/445] RTOY
[10:13:28] [435/445] MENO
[10:13:29] [436/445] PUDM
[10:13:29] [437/445] PRCN
[10:13:30] [438/445] JMJR
[10:13:31] [439/445] SSGK
[10:13:32] [440/445] SSRL
[10:13:33] [441/445] JYKL
[10:13:33] [442/445] ACNB
[10:13:34] [443/445] SONP
[10:13:35] [444/445] EMCI
[10:13:36] [445/445] MRJH
[10:13:37] 🧹 Deduping shows
[10:13:37] ✅ DONE | Shows=167 | Movies=15
[16:48:26] 🚀 SCRIPT STARTED
[16:48:26] [1/445] TGMR
[16:48:26] 🧠 New identity created
[16:48:27] [2/445] CXKR
[16:48:28] [3/445] SROP
[16:48:28] [4/445] GTSV
[16:48:29] [5/445] SNTY
[16:48:30] [6/445] SMYY
[16:48:31] [7/445] CNCS
[16:48:32] [8/445] CSTM
[16:48:33] [9/445] NUCD
[16:48:33] [10/445] SHCZ
[16:48:34] [11/445] NJCT
[16:48:35] [12/445] COPC
[16:48:36] [13/445] STVV
[16:48:37] [14/445] SKRN
[16:48:38] [15/445] APPZ
[16:48:38] [16/445] YMGN
[16:48:39] [17/445] SVTU
[16:48:40] [18/445] GTAD
[16:48:41] [19/445] PSUS
[16:48:42] [20/445] SMCD
[16:48:42] [21/445] CMCM
[16:48:43] [22/445] SYCT
[16:48:44] [23/445] STLY
[16:48:45] [24/445] CMHU
[16:48:46] [25/445] CMSA
[16:48:47] [26/445] CLCU
[16:48:48] [27/445] PPNT
[16:48:50] [28/445] JTAB
[16:48:50] [29/445] BUUC
[16:48:51] [30/445] BSVK
[16:48:52] [31/445] VVVQ
[16:48:53] [32/445] TKMU
[16:48:54] [33/445] ESYL
[16:48:54] [34/445] ACHP
[16:48:55] [35/445] BTKD
[16:48:56] [36/445] DESA
[16:48:57] [37/445] GBCT
[16:48:58] [38/445] BLLD
[16:48:58] [39/445] SKNT
[16:48:59] [40/445] SSTE
[16:49:00] [41/445] VJMR
[16:49:01] [42/445] NTPU
[16:49:01] [43/445] RDKN
[16:49:02] [44/445] ADGC
[16:49:03] [45/445] VRBP
[16:49:04] [46/445] NMNA
[16:49:04] [47/445] CMMX
[16:49:05] [48/445] PTKO
[16:49:06] [49/445] RBML
[16:49:08] [50/445] SAIC
[16:49:08] [51/445] SVTJ
[16:49:09] [52/445] MRTE
[16:49:10] [53/445] RBTP
[16:49:11] [54/445] NLPS
[16:49:12] [55/445] GTNA
[16:49:13] [56/445] DGGC
[16:49:14] [57/445] SMCR
[16:49:14] [58/445] SCGD
[16:49:15] [59/445] SRRJ
[16:49:16] [60/445] CNRY
[16:49:17] [61/445] KTDI
[16:49:17] [62/445] SNJL
[16:49:18] [63/445] RKMD
[16:49:19] [64/445] SMDC
[16:49:20] [65/445] TADG
[16:49:21] [66/445] MCGS
[16:49:22] [67/445] PETK
[16:49:22] [68/445] CHAG
[16:49:23] [69/445] KSTL
[16:49:24] [70/445] AADS
[16:49:25] [71/445] NTHZ
[16:49:26] [72/445] HCKI
[16:49:27] [73/445] SSEF
[16:49:28] [74/445] MCGX
[16:49:29] [75/445] ERRA
[16:49:29] [76/445] SDTW
[16:49:30] [77/445] RMPK
[16:49:31] [78/445] PTHK
[16:49:32] [79/445] PXCS
[16:49:32] [80/445] SVLU
[16:49:33] [81/445] STAH
[16:49:34] [82/445] JRGF
[16:49:35] [83/445] CDOK
[16:49:36] [84/445] CMSG
[16:49:37] [85/445] APTD
[16:49:37] [86/445] KMPG
[16:49:38] [87/445] MUTJ
[16:49:39] [88/445] VCCI
[16:49:40] [89/445] URBE
[16:49:41] [90/445] TCTS
[16:49:42] [91/445] STSN
[16:49:42] [92/445] AKCH
[16:49:43] [93/445] APSC
[16:49:43] [94/445] VLTB
[16:49:44] [95/445] SANU
[16:49:45] [96/445] AXAM
[16:49:46] [97/445] MGMG
[16:49:47] [98/445] HTBY
[16:49:48] [99/445] MMZS
[16:49:49] [100/445] SUDR
[16:49:50] [101/445] CCAD
[16:49:51] [102/445] SKKC
[16:49:53] [103/445] RMCD
[16:49:54] [104/445] SBCQ
[16:49:55] [105/445] DCCT
[16:49:57] [106/445] VTKP
[16:49:58] [107/445] MLAM
[16:49:58] [108/445] SAVT
[16:49:59] [109/445] GEPL
[16:50:00] [110/445] AMCD
[16:50:01] [111/445] CCXR
[16:50:02] [112/445] GRNG
[16:50:02] [113/445] EBCA
[16:50:03] [114/445] CNVG
[16:50:04] [115/445] MWSS
[16:50:05] [116/445] VBOR
[16:50:05] [117/445] NEEB
[16:50:06] [118/445] SUTH
[16:50:08] [119/445] ANDB
[16:50:09] [120/445] MMXS
[16:50:09] [121/445] CNPD
[16:50:10] [122/445] SDCE
[16:50:11] [123/445] DHCB
[16:50:12] [124/445] ODEN
[16:50:13] [125/445] TNTC
[16:50:14] [126/445] VBKM
[16:50:15] [127/445] RZYM
[16:50:16] [128/445] JEMC
[16:50:17] [129/445] CMAU
[16:50:18] [130/445] SIVP
[16:50:18] [131/445] ATAG
[16:50:19] [132/445] CHTM
[16:50:20] [133/445] AAEE
[16:50:21] [134/445] IWPM
[16:50:22] [135/445] KCMW
[16:50:22] [136/445] MCTD
[16:50:23] [137/445] SPWR
[16:50:24] [138/445] SDPO
[16:50:24] [139/445] PCSK
[16:50:25] [140/445] ACHV
[16:50:26] [141/445] SVLA
[16:50:27] [142/445] PICT
[16:50:28] [143/445] BXDR
[16:50:28] [144/445] SPWA
[16:50:29] [145/445] MCKO
[16:50:30] [146/445] RTHK
[16:50:31] [147/445] CCMF
[16:50:32] [148/445] MRGB
[16:50:33] [149/445] CPLC
[16:50:33] [150/445] RACD
[16:50:34] [151/445] ATKT
[16:50:35] [152/445] SARN
[16:50:36] [153/445] KKUI
[16:50:36] [154/445] RGCM
[16:50:37] [155/445] BRVP
[16:50:38] [156/445] HRSR
[16:50:39] [157/445] GKGM
[16:50:39] [158/445] TTCD
[16:50:40] [159/445] PTTI
[16:50:41] [160/445] MPTT
[16:50:42] [161/445] CVTT
[16:50:43] [162/445] PCXD
[16:50:44] [163/445] GCDC
[16:50:45] [164/445] CCCF
[16:50:46] [165/445] MRAD
[16:50:47] [166/445] CPLK
[16:50:48] [167/445] SATB
[16:50:48] [168/445] SNVG
[16:50:49] [169/445] JMBA
[16:50:50] [170/445] TEJA
[16:50:51] [171/445] STYO
[16:50:51] [172/445] JTBP
[16:50:52] [173/445] KRGD
[16:50:53] [174/445] SLJJ
[16:50:54] [175/445] SPTJ
[16:50:55] [176/445] SWJG
[16:50:56] [177/445] LKRT
[16:50:56] [178/445] KCKA
[16:50:57] [179/445] SNCR
[16:50:58] [180/445] SMKL
[16:50:59] [181/445] GCFA
[16:51:00] [182/445] DDCK
[16:51:01] [183/445] NCHJ
[16:51:02] [184/445] RDMA
[16:51:02] [185/445] SVSV
[16:51:03] [186/445] SCJG
[16:51:04] [187/445] VKLP
[16:51:05] [188/445] NWCC
[16:51:06] [189/445] VKNS
[16:51:06] [190/445] SDDP
[16:51:07] [191/445] ACSI
[16:51:08] [192/445] SATG
[16:51:09] [193/445] SCMW
[16:51:10] [194/445] LKTK
[16:51:10] [195/445] VCKV
[16:51:11] [196/445] KKPE
[16:51:12] [197/445] KIGH
[16:51:13] [198/445] SRPM
[16:51:13] [199/445] SCAH
[16:51:14] [200/445] MUTA
[16:51:15] [201/445] SEPU
[16:51:16] [202/445] INOA
[16:51:17] [203/445] BASK
[16:51:17] [204/445] NECB
[16:51:18] [205/445] GTTG
[16:51:19] [206/445] ASSA
[16:51:20] [207/445] ANCL
[16:51:21] [208/445] GCTI
[16:51:22] [209/445] RCTS
[16:51:22] [210/445] ACNL
[16:51:24] [211/445] MYCT
[16:51:24] [212/445] NMHT
[16:51:25] [213/445] MDIT
[16:51:26] [214/445] LATG
[16:51:27] [215/445] SMTY
[16:51:28] [216/445] CVCT
[16:51:29] [217/445] RAMB
[16:51:30] [218/445] TGMS
[16:51:30] [219/445] BHEL
[16:51:31] [220/445] SHCT
[16:51:32] [221/445] SVCT
[16:51:33] [222/445] MRIY
[16:51:34] [223/445] SARO
[16:51:35] [224/445] STCT
[16:51:36] [225/445] JKKC
[16:51:37] [226/445] PLTT
[16:51:37] [227/445] SRNT
[16:51:38] [228/445] YAST
[16:51:39] [229/445] PERL
[16:51:40] [230/445] CICM
[16:51:40] [231/445] MMTR
[16:51:41] [232/445] ABTK
[16:51:42] [233/445] ATYY
[16:51:43] [234/445] ASTK
[16:51:43] [235/445] VVCK
[16:51:44] [236/445] ATKY
[16:51:45] [237/445] GWEK
[16:51:46] [238/445] SVFH
[16:51:46] [239/445] SLTA
[16:51:47] [240/445] AASH
[16:51:48] [241/445] ACXB
[16:51:49] [242/445] SMTX
[16:51:49] [243/445] AZDH
[16:51:50] [244/445] CMMH
[16:51:51] [245/445] SCSZ
[16:51:52] [246/445] SCKP
[16:51:53] [247/445] NXTM
[16:51:54] [248/445] NWCS
[16:51:55] [249/445] CXMH
[16:51:56] [250/445] PCMA
[16:51:56] [251/445] SGCM
[16:51:57] [252/445] SDTU
[16:51:59] [253/445] MMVI
[16:51:59] [254/445] JKCM
[16:52:01] [255/445] VCMM
[16:52:02] [256/445] SYEE
[16:52:03] [257/445] VASD
[16:52:03] [258/445] BDRB
[16:52:04] [259/445] LASM
[16:52:05] [260/445] DCRL
[16:52:06] [261/445] DVPM
[16:52:07] [262/445] SBMJ
[16:52:07] [263/445] CBMU
[16:52:08] [264/445] IUBS
[16:52:09] [265/445] INAP
[16:52:10] [266/445] SRRC
[16:52:11] [267/445] SAGR
[16:52:12] [268/445] CPMJ
[16:52:12] [269/445] ATJL
[16:52:13] [270/445] NNTD
[16:52:14] [271/445] JHCJ
[16:52:15] [272/445] CMMP
[16:52:16] [273/445] RSDR
[16:52:16] [274/445] AMTI
[16:52:17] [275/445] NYSG
[16:52:19] [276/445] AVSG
[16:52:19] [277/445] SYTP
[16:52:20] [278/445] LARC
[16:52:21] [279/445] RJTP
[16:52:22] [280/445] LAKC
[16:52:23] [281/445] MCXE
[16:52:23] [282/445] CCZC
[16:52:24] [283/445] AVCH
[16:52:25] [284/445] CMBE
[16:52:26] [285/445] MRRC
[16:52:27] [286/445] PCPY
[16:52:28] [287/445] SRMH
[16:52:29] [288/445] SVGS
[16:52:29] [289/445] PCSE
[16:52:30] [290/445] SVFT
[16:52:31] [291/445] TNZP
[16:52:32] [292/445] ICTP
[16:52:32] [293/445] ACTZ
[16:52:33] [294/445] GTUR
[16:52:34] [295/445] MAFC
[16:52:35] [296/445] MINL
[16:52:36] [297/445] MRCL
[16:52:36] [298/445] RCRP
[16:52:37] [299/445] RFFG
[16:52:38] [300/445] RMAS
[16:52:39] [301/445] INVR
[16:52:40] [302/445] RMAR
[16:52:41] [303/445] CNIS
[16:52:42] [304/445] RHRJ
[16:52:42] [305/445] INXR
[16:52:43] [306/445] VALT
[16:52:44] [307/445] LCSH
[16:52:45] [308/445] CMVS
[16:52:46] [309/445] CNMS
[16:52:47] [310/445] ROOG
[16:52:48] [311/445] ISRM
[16:52:49] [312/445] RCRM
[16:52:49] [313/445] ACJA
[16:52:50] [314/445] RCVS
[16:52:51] [315/445] CPUS
[16:52:52] [316/445] TGCS
[16:52:54] [317/445] RKCJ
[16:52:55] [318/445] MKSB
[16:52:56] [319/445] TCSJ
[16:52:57] [320/445] RMGP
[16:52:58] [321/445] CLLP
[16:52:59] [322/445] RCMV
[16:52:59] [323/445] CCKS
[16:53:00] [324/445] RSRP
[16:53:01] [325/445] APLP
[16:53:02] [326/445] CNVS
[16:53:02] [327/445] RMVY
[16:53:03] [328/445] PGBD
[16:53:04] [329/445] KLMS
[16:53:05] [330/445] RUST
[16:53:06] [331/445] MASM
[16:53:07] [332/445] BACS
[16:53:08] [333/445] BWST
[16:53:09] [334/445] RRFH
[16:53:10] [335/445] SJTM
[16:53:11] [336/445] BEMR
[16:53:12] [337/445] MCGR
[16:53:13] [338/445] SDSK
[16:53:14] [339/445] VBOL
[16:53:15] [340/445] RMGM
[16:53:15] [341/445] NOPL
[16:53:16] [342/445] MKJK
[16:53:17] [343/445] CVRN
[16:53:18] [344/445] MMEN
[16:53:19] [345/445] AMNG
[16:53:19] [346/445] INTM
[16:53:20] [347/445] SLCZ
[16:53:21] [348/445] AMJN
[16:53:22] [349/445] ACJN
[16:53:23] [350/445] AMKN
[16:53:23] [351/445] BTCN
[16:53:24] [352/445] AMBT
[16:53:25] [353/445] PACN
[16:53:26] [354/445] LCNS
[16:53:27] [355/445] PPKC
[16:53:28] [356/445] JYYN
[16:53:28] [357/445] JTNR
[16:53:29] [358/445] GTEE
[16:53:30] [359/445] SRNM
[16:53:31] [360/445] SDTC
[16:53:32] [361/445] VPCA
[16:53:33] [362/445] VLRA
[16:53:34] [363/445] SHKR
[16:53:35] [364/445] SBKD
[16:53:36] [365/445] SAAD
[16:53:37] [366/445] JTGN
[16:53:38] [367/445] SLAM
[16:53:39] [368/445] VTPM
[16:53:39] [369/445] ANPT
[16:53:41] [370/445] PUNB
[16:53:42] [371/445] CPKT
[16:53:43] [372/445] CNWE
[16:53:44] [373/445] ECPP
[16:53:44] [374/445] CPAR
[16:53:45] [375/445] ESBW
[16:53:46] [376/445] PKPU
[16:53:47] [377/445] CPRP
[16:53:48] [378/445] RAHU
[16:53:49] [379/445] RHMN
[16:53:49] [380/445] FMJP
[16:53:50] [381/445] CTMP
[16:53:51] [382/445] INPN
[16:53:51] [383/445] STTG
[16:53:52] [384/445] CTRD
[16:53:53] [385/445] PUVB
[16:53:54] [386/445] ESVP
[16:53:55] [387/445] CPFT
[16:53:56] [388/445] LCPC
[16:53:57] [389/445] VBCT
[16:53:58] [390/445] FSCW
[16:53:58] [391/445] VCMP
[16:53:59] [392/445] ASHC
[16:54:00] [393/445] VLCX
[16:54:01] [394/445] SHEV
[16:54:02] [395/445] APCO
[16:54:03] [396/445] SILC
[16:54:04] [397/445] SNMR
[16:54:04] [398/445] KYBO
[16:54:05] [399/445] SATK
[16:54:06] [400/445] SSCS
[16:54:07] [401/445] CLSB
[16:54:08] [402/445] KMJR
[16:54:08] [403/445] FSCK
[16:54:09] [404/445] NNKA
[16:54:10] [405/445] CLMK
[16:54:11] [406/445] DMPZ
[16:54:12] [407/445] INQM
[16:54:13] [408/445] CAML
[16:54:14] [409/445] INRK
[16:54:14] [410/445] IMKN
[16:54:15] [411/445] SVNR
[16:54:16] [412/445] INSL
[16:54:17] [413/445] MSMA
[16:54:18] [414/445] MCKK
[16:54:18] [415/445] FCHP
[16:54:20] [416/445] SFCR
[16:54:20] [417/445] NACK
[16:54:21] [418/445] PVAK
[16:54:22] [419/445] INER
[16:54:23] [420/445] RDBK
[16:54:23] [421/445] SVFN
[16:54:24] [422/445] IFRM
[16:54:25] [423/445] ATCK
[16:54:26] [424/445] ASKO
[16:54:27] [425/445] STKT
[16:54:27] [426/445] SVFB
[16:54:28] [427/445] INKS
[16:54:29] [428/445] PCRA
[16:54:30] [429/445] ATJA
[16:54:31] [430/445] IMJN
[16:54:31] [431/445] INHD
[16:54:32] [432/445] BARA
[16:54:33] [433/445] MCSL
[16:54:35] [434/445] RTOY
[16:54:35] [435/445] MENO
[16:54:36] [436/445] PUDM
[16:54:37] [437/445] PRCN
[16:54:38] [438/445] JMJR
[16:54:38] [439/445] SSGK
[16:54:39] [440/445] SSRL
[16:54:40] [441/445] JYKL
[16:54:41] [442/445] ACNB
[16:54:42] [443/445] SONP
[16:54:43] [444/445] EMCI
[16:54:44] [445/445] MRJH
[16:54:45] 🧹 Deduping shows
[16:54:45] ✅ DONE | Shows=285 | Movies=27
[04:48:37] 🚀 SCRIPT STARTED
[04:48:37] [1/445] TGMR
[04:48:37] 🧠 New identity created
[04:48:38] [2/445] CXKR
[04:48:39] [3/445] SROP
[04:48:40] [4/445] GTSV
[04:48:40] [5/445] SNTY
[04:48:41] [6/445] SMYY
[04:48:42] [7/445] CNCS
[04:48:43] [8/445] CSTM
[04:48:44] [9/445] NUCD
[04:48:45] [10/445] SHCZ
[04:48:46] [11/445] NJCT
[04:48:47] [12/445] COPC
[04:48:48] [13/445] STVV
[04:48:49] [14/445] SKRN
[04:48:50] [15/445] APPZ
[04:48:51] [16/445] YMGN
[04:48:52] [17/445] SVTU
[04:48:52] [18/445] GTAD
[04:48:53] [19/445] PSUS
[04:48:54] [20/445] SMCD
[04:48:55] [21/445] CMCM
[04:48:55] [22/445] SYCT
[04:48:56] [23/445] STLY
[04:48:57] [24/445] CMHU
[04:48:58] [25/445] CMSA
[04:48:59] [26/445] CLCU
[04:49:00] [27/445] PPNT
[04:49:01] [28/445] JTAB
[04:49:02] [29/445] BUUC
[04:49:03] [30/445] BSVK
[04:49:04] [31/445] VVVQ
[04:49:05] [32/445] TKMU
[04:49:06] [33/445] ESYL
[04:49:07] [34/445] ACHP
[04:49:08] [35/445] BTKD
[04:49:09] [36/445] DESA
[04:49:10] [37/445] GBCT
[04:49:11] [38/445] BLLD
[04:49:11] [39/445] SKNT
[04:49:12] [40/445] SSTE
[04:49:13] [41/445] VJMR
[04:49:14] [42/445] NTPU
[04:49:15] [43/445] RDKN
[04:49:16] [44/445] ADGC
[04:49:17] [45/445] VRBP
[04:49:18] [46/445] NMNA
[04:49:19] [47/445] CMMX
[04:49:20] [48/445] PTKO
[04:49:21] [49/445] RBML
[04:49:21] [50/445] SAIC
[04:49:22] [51/445] SVTJ
[04:49:24] [52/445] MRTE
[04:49:25] [53/445] RBTP
[04:49:26] [54/445] NLPS
[04:49:27] [55/445] GTNA
[04:49:28] [56/445] DGGC
[04:49:29] [57/445] SMCR
[04:49:29] [58/445] SCGD
[04:49:30] [59/445] SRRJ
[04:49:31] [60/445] CNRY
[04:49:32] [61/445] KTDI
[04:49:33] [62/445] SNJL
[04:49:34] [63/445] RKMD
[04:49:35] [64/445] SMDC
[04:49:36] [65/445] TADG
[04:49:37] [66/445] MCGS
[04:49:38] [67/445] PETK
[04:49:39] [68/445] CHAG
[04:49:40] [69/445] KSTL
[04:49:40] [70/445] AADS
[04:49:41] [71/445] NTHZ
[04:49:42] [72/445] HCKI
[04:49:43] [73/445] SSEF
[04:49:44] [74/445] MCGX
[04:49:45] [75/445] ERRA
[04:49:46] [76/445] SDTW
[04:49:47] [77/445] RMPK
[04:49:48] [78/445] PTHK
[04:49:49] [79/445] PXCS
[04:49:50] [80/445] SVLU
[04:49:51] [81/445] STAH
[04:49:52] [82/445] JRGF
[04:49:53] [83/445] CDOK
[04:49:54] [84/445] CMSG
[04:49:54] [85/445] APTD
[04:49:55] [86/445] KMPG
[04:49:56] [87/445] MUTJ
[04:49:57] [88/445] VCCI
[04:49:58] [89/445] URBE
[04:49:58] [90/445] TCTS
[04:49:59] [91/445] STSN
[04:50:00] [92/445] AKCH
[04:50:01] [93/445] APSC
[04:50:02] [94/445] VLTB
[04:50:02] [95/445] SANU
[04:50:03] [96/445] AXAM
[04:50:05] [97/445] MGMG
[04:50:06] [98/445] HTBY
[04:50:06] [99/445] MMZS
[04:50:07] [100/445] SUDR
[04:50:08] [101/445] CCAD
[04:50:09] [102/445] SKKC
[04:50:10] [103/445] RMCD
[04:50:11] [104/445] SBCQ
[04:50:12] [105/445] DCCT
[04:50:12] [106/445] VTKP
[04:50:13] [107/445] MLAM
[04:50:14] [108/445] SAVT
[04:50:15] [109/445] GEPL
[04:50:16] [110/445] AMCD
[04:50:17] [111/445] CCXR
[04:50:18] [112/445] GRNG
[04:50:19] [113/445] EBCA
[04:50:20] [114/445] CNVG
[04:50:20] [115/445] MWSS
[04:50:21] [116/445] VBOR
[04:50:23] [117/445] NEEB
[04:50:23] [118/445] SUTH
[04:50:24] [119/445] ANDB
[04:50:25] [120/445] MMXS
[04:50:26] [121/445] CNPD
[04:50:26] [122/445] SDCE
[04:50:27] [123/445] DHCB
[04:50:28] [124/445] ODEN
[04:50:29] [125/445] TNTC
[04:50:30] [126/445] VBKM
[04:50:30] [127/445] RZYM
[04:50:31] [128/445] JEMC
[04:50:32] [129/445] CMAU
[04:50:33] [130/445] SIVP
[04:50:34] [131/445] ATAG
[04:50:34] [132/445] CHTM
[04:50:35] [133/445] AAEE
[04:50:36] [134/445] IWPM
[04:50:37] [135/445] KCMW
[04:50:38] [136/445] MCTD
[04:50:38] [137/445] SPWR
[04:50:39] [138/445] SDPO
[04:50:40] [139/445] PCSK
[04:50:41] [140/445] ACHV
[04:50:42] [141/445] SVLA
[04:50:43] [142/445] PICT
[04:50:43] [143/445] BXDR
[04:50:45] [144/445] SPWA
[04:50:46] [145/445] MCKO
[04:50:46] [146/445] RTHK
[04:50:47] [147/445] CCMF
[04:50:48] [148/445] MRGB
[04:50:49] [149/445] CPLC
[04:50:50] [150/445] RACD
[04:50:51] [151/445] ATKT
[04:50:52] [152/445] SARN
[04:50:52] [153/445] KKUI
[04:50:53] [154/445] RGCM
[04:50:54] [155/445] BRVP
[04:50:55] [156/445] HRSR
[04:50:56] [157/445] GKGM
[04:50:56] [158/445] TTCD
[04:50:57] [159/445] PTTI
[04:50:58] [160/445] MPTT
[04:50:58] [161/445] CVTT
[04:50:59] [162/445] PCXD
[04:51:00] [163/445] GCDC
[04:51:01] [164/445] CCCF
[04:51:02] [165/445] MRAD
[04:51:03] [166/445] CPLK
[04:51:04] [167/445] SATB
[04:51:05] [168/445] SNVG
[04:51:06] [169/445] JMBA
[04:51:07] [170/445] TEJA
[04:51:07] [171/445] STYO
[04:51:08] [172/445] JTBP
[04:51:09] [173/445] KRGD
[04:51:10] [174/445] SLJJ
[04:51:11] [175/445] SPTJ
[04:51:12] [176/445] SWJG
[04:51:13] [177/445] LKRT
[04:51:14] [178/445] KCKA
[04:51:15] [179/445] SNCR
[04:51:15] [180/445] SMKL
[04:51:16] [181/445] GCFA
[04:51:17] [182/445] DDCK
[04:51:18] [183/445] NCHJ
[04:51:18] [184/445] RDMA
[04:51:19] [185/445] SVSV
[04:51:20] [186/445] SCJG
[04:51:21] [187/445] VKLP
[04:51:21] [188/445] NWCC
[04:51:23] [189/445] VKNS
[04:51:24] [190/445] SDDP
[04:51:24] [191/445] ACSI
[04:51:25] [192/445] SATG
[04:51:26] [193/445] SCMW
[04:51:27] [194/445] LKTK
[04:51:28] [195/445] VCKV
[04:51:29] [196/445] KKPE
[04:51:29] [197/445] KIGH
[04:51:30] [198/445] SRPM
[04:51:31] [199/445] SCAH
[04:51:32] [200/445] MUTA
[04:51:33] [201/445] SEPU
[04:51:34] [202/445] INOA
[04:51:35] [203/445] BASK
[04:51:36] [204/445] NECB
[04:51:37] [205/445] GTTG
[04:51:38] [206/445] ASSA
[04:51:38] [207/445] ANCL
[04:51:39] [208/445] GCTI
[04:51:40] [209/445] RCTS
[04:51:41] [210/445] ACNL
[04:51:41] [211/445] MYCT
[04:51:42] [212/445] NMHT
[04:51:43] [213/445] MDIT
[04:51:44] [214/445] LATG
[04:51:45] [215/445] SMTY
[04:51:46] [216/445] CVCT
[04:51:47] [217/445] RAMB
[04:51:48] [218/445] TGMS
[04:51:49] [219/445] BHEL
[04:51:49] [220/445] SHCT
[04:51:50] [221/445] SVCT
[04:51:51] [222/445] MRIY
[04:51:52] [223/445] SARO
[04:51:53] [224/445] STCT
[04:51:54] [225/445] JKKC
[04:51:55] [226/445] PLTT
[04:51:56] [227/445] SRNT
[04:51:56] [228/445] YAST
[04:51:57] [229/445] PERL
[04:51:58] [230/445] CICM
[04:51:59] [231/445] MMTR
[04:52:00] [232/445] ABTK
[04:52:01] [233/445] ATYY
[04:52:02] [234/445] ASTK
[04:52:02] [235/445] VVCK
[04:52:03] [236/445] ATKY
[04:52:04] [237/445] GWEK
[04:52:05] [238/445] SVFH
[04:52:06] [239/445] SLTA
[04:52:07] [240/445] AASH
[04:52:07] [241/445] ACXB
[04:52:08] [242/445] SMTX
[04:52:09] [243/445] AZDH
[04:52:11] [244/445] CMMH
[04:52:11] [245/445] SCSZ
[04:52:12] [246/445] SCKP
[04:52:13] [247/445] NXTM
[04:52:14] [248/445] NWCS
[04:52:14] [249/445] CXMH
[04:52:15] [250/445] PCMA
[04:52:16] [251/445] SGCM
[04:52:17] [252/445] SDTU
[04:52:18] [253/445] MMVI
[04:52:19] [254/445] JKCM
[04:52:20] [255/445] VCMM
[04:52:20] [256/445] SYEE
[04:52:21] [257/445] VASD
[04:52:22] [258/445] BDRB
[04:52:23] [259/445] LASM
[04:52:24] [260/445] DCRL
[04:52:25] [261/445] DVPM
[04:52:26] [262/445] SBMJ
[04:52:27] [263/445] CBMU
[04:52:28] [264/445] IUBS
[04:52:29] [265/445] INAP
[04:52:29] [266/445] SRRC
[04:52:30] [267/445] SAGR
[04:52:31] [268/445] CPMJ
[04:52:33] [269/445] ATJL
[04:52:34] [270/445] NNTD
[04:52:34] [271/445] JHCJ
[04:52:35] [272/445] CMMP
[04:52:36] [273/445] RSDR
[04:52:37] [274/445] AMTI
[04:52:38] [275/445] NYSG
[04:52:39] [276/445] AVSG
[04:52:40] [277/445] SYTP
[04:52:40] [278/445] LARC
[04:52:41] [279/445] RJTP
[04:52:42] [280/445] LAKC
[04:52:43] [281/445] MCXE
[04:52:44] [282/445] CCZC
[04:52:45] [283/445] AVCH
[04:52:46] [284/445] CMBE
[04:52:47] [285/445] MRRC
[04:52:49] [286/445] PCPY
[04:52:49] [287/445] SRMH
[04:52:50] [288/445] SVGS
[04:52:51] [289/445] PCSE
[04:52:52] [290/445] SVFT
[04:52:53] [291/445] TNZP
[04:52:54] [292/445] ICTP
[04:52:54] [293/445] ACTZ
[04:52:55] [294/445] GTUR
[04:52:56] [295/445] MAFC
[04:52:57] [296/445] MINL
[04:52:58] [297/445] MRCL
[04:52:58] [298/445] RCRP
[04:52:59] [299/445] RFFG
[04:53:00] [300/445] RMAS
[04:53:02] [301/445] INVR
[04:53:03] [302/445] RMAR
[04:53:03] [303/445] CNIS
[04:53:04] [304/445] RHRJ
[04:53:05] [305/445] INXR
[04:53:06] [306/445] VALT
[04:53:07] [307/445] LCSH
[04:53:08] [308/445] CMVS
[04:53:09] [309/445] CNMS
[04:53:10] [310/445] ROOG
[04:53:10] [311/445] ISRM
[04:53:12] [312/445] RCRM
[04:53:14] [313/445] ACJA
[04:53:16] [314/445] RCVS
[04:53:17] [315/445] CPUS
[04:53:17] [316/445] TGCS
[04:53:18] [317/445] RKCJ
[04:53:19] [318/445] MKSB
[04:53:20] [319/445] TCSJ
[04:53:21] [320/445] RMGP
[04:53:22] [321/445] CLLP
[04:53:23] [322/445] RCMV
[04:53:24] [323/445] CCKS
[04:53:25] [324/445] RSRP
[04:53:25] [325/445] APLP
[04:53:26] [326/445] CNVS
[04:53:27] [327/445] RMVY
[04:53:28] [328/445] PGBD
[04:53:29] [329/445] KLMS
[04:53:30] [330/445] RUST
[04:53:30] [331/445] MASM
[04:53:31] [332/445] BACS
[04:53:32] [333/445] BWST
[04:53:33] [334/445] RRFH
[04:53:34] [335/445] SJTM
[04:53:34] [336/445] BEMR
[04:53:35] [337/445] MCGR
[04:53:36] [338/445] SDSK
[04:53:37] [339/445] VBOL
[04:53:38] [340/445] RMGM
[04:53:39] [341/445] NOPL
[04:53:40] [342/445] MKJK
[04:53:41] [343/445] CVRN
[04:53:41] [344/445] MMEN
[04:53:42] [345/445] AMNG
[04:53:43] [346/445] INTM
[04:53:44] [347/445] SLCZ
[04:53:44] [348/445] AMJN
[04:53:46] [349/445] ACJN
[04:53:47] [350/445] AMKN
[04:53:47] [351/445] BTCN
[04:53:48] [352/445] AMBT
[04:53:49] [353/445] PACN
[04:53:50] [354/445] LCNS
[04:53:51] [355/445] PPKC
[04:53:52] [356/445] JYYN
[04:53:52] [357/445] JTNR
[04:53:53] [358/445] GTEE
[04:53:54] [359/445] SRNM
[04:53:55] [360/445] SDTC
[04:53:56] [361/445] VPCA
[04:53:57] [362/445] VLRA
[04:53:58] [363/445] SHKR
[04:53:59] [364/445] SBKD
[04:53:59] [365/445] SAAD
[04:54:00] [366/445] JTGN
[04:54:01] [367/445] SLAM
[04:54:02] [368/445] VTPM
[04:54:03] [369/445] ANPT
[04:54:04] [370/445] PUNB
[04:54:05] [371/445] CPKT
[04:54:06] [372/445] CNWE
[04:54:07] [373/445] ECPP
[04:54:07] [374/445] CPAR
[04:54:08] [375/445] ESBW
[04:54:09] [376/445] PKPU
[04:54:10] [377/445] CPRP
[04:54:11] [378/445] RAHU
[04:54:12] [379/445] RHMN
[04:54:13] [380/445] FMJP
[04:54:14] [381/445] CTMP
[04:54:14] [382/445] INPN
[04:54:15] [383/445] STTG
[04:54:16] [384/445] CTRD
[04:54:17] [385/445] PUVB
[04:54:18] [386/445] ESVP
[04:54:18] [387/445] CPFT
[04:54:19] [388/445] LCPC
[04:54:20] [389/445] VBCT
[04:54:21] [390/445] FSCW
[04:54:22] [391/445] VCMP
[04:54:22] [392/445] ASHC
[04:54:23] [393/445] VLCX
[04:54:24] [394/445] SHEV
[04:54:25] [395/445] APCO
[04:54:26] [396/445] SILC
[04:54:27] [397/445] SNMR
[04:54:28] [398/445] KYBO
[04:54:28] [399/445] SATK
[04:54:29] [400/445] SSCS
[04:54:31] [401/445] CLSB
[04:54:32] [402/445] KMJR
[04:54:32] [403/445] FSCK
[04:54:33] [404/445] NNKA
[04:54:34] [405/445] CLMK
[04:54:35] [406/445] DMPZ
[04:54:36] [407/445] INQM
[04:54:36] [408/445] CAML
[04:54:37] [409/445] INRK
[04:54:38] [410/445] IMKN
[04:54:39] [411/445] SVNR
[04:54:40] [412/445] INSL
[04:54:40] [413/445] MSMA
[04:54:41] [414/445] MCKK
[04:54:42] [415/445] FCHP
[04:54:42] [416/445] SFCR
[04:54:43] [417/445] NACK
[04:54:45] [418/445] PVAK
[04:54:46] [419/445] INER
[04:54:46] [420/445] RDBK
[04:54:47] [421/445] SVFN
[04:54:48] [422/445] IFRM
[04:54:49] [423/445] ATCK
[04:54:50] [424/445] ASKO
[04:54:51] [425/445] STKT
[04:54:52] [426/445] SVFB
[04:54:52] [427/445] INKS
[04:54:53] [428/445] PCRA
[04:54:54] [429/445] ATJA
[04:54:55] [430/445] IMJN
[04:54:56] [431/445] INHD
[04:54:56] [432/445] BARA
[04:54:57] [433/445] MCSL
[04:54:58] [434/445] RTOY
[04:54:59] [435/445] MENO
[04:55:00] [436/445] PUDM
[04:55:01] [437/445] PRCN
[04:55:03] [438/445] JMJR
[04:55:03] [439/445] SSGK
[04:55:04] [440/445] SSRL
[04:55:05] [441/445] JYKL
[04:55:06] [442/445] ACNB
[04:55:07] [443/445] SONP
[04:55:08] [444/445] EMCI
[04:55:09] [445/445] MRJH
[04:55:09] 🧹 Deduping shows
[04:55:09] ✅ DONE | Shows=520 | Movies=36
[12:02:46] 🚀 SCRIPT STARTED
[12:02:46] [1/445] TGMR
[12:02:46] 🧠 New identity created
[12:02:46] [2/445] CXKR
[12:02:47] [3/445] SROP
[12:02:48] [4/445] GTSV
[12:02:49] [5/445] SNTY
[12:02:50] [6/445] SMYY
[12:02:50] [7/445] CNCS
[12:02:51] [8/445] CSTM
[12:02:52] [9/445] NUCD
[12:02:53] [10/445] SHCZ
[12:02:54] [11/445] NJCT
[12:02:55] [12/445] COPC
[12:02:56] [13/445] STVV
[12:02:56] [14/445] SKRN
[12:02:57] [15/445] APPZ
[12:02:58] [16/445] YMGN
[12:02:59] [17/445] SVTU
[12:03:00] [18/445] GTAD
[12:03:00] [19/445] PSUS
[12:03:02] [20/445] SMCD
[12:03:03] [21/445] CMCM
[12:03:05] [22/445] SYCT
[12:03:05] [23/445] STLY
[12:03:06] [24/445] CMHU
[12:03:07] [25/445] CMSA
[12:03:08] [26/445] CLCU
[12:03:09] [27/445] PPNT
[12:03:09] [28/445] JTAB
[12:03:10] [29/445] BUUC
[12:03:11] [30/445] BSVK
[12:03:12] [31/445] VVVQ
[12:03:13] [32/445] TKMU
[12:03:14] [33/445] ESYL
[12:03:15] [34/445] ACHP
[12:03:16] [35/445] BTKD
[12:03:16] [36/445] DESA
[12:03:17] [37/445] GBCT
[12:03:18] [38/445] BLLD
[12:03:19] [39/445] SKNT
[12:03:19] [40/445] SSTE
[12:03:20] [41/445] VJMR
[12:03:21] [42/445] NTPU
[12:03:22] [43/445] RDKN
[12:03:22] [44/445] ADGC
[12:03:23] [45/445] VRBP
[12:03:24] [46/445] NMNA
[12:03:25] [47/445] CMMX
[12:03:27] [48/445] PTKO
[12:03:28] [49/445] RBML
[12:03:28] [50/445] SAIC
[12:03:29] [51/445] SVTJ
[12:03:30] [52/445] MRTE
[12:03:31] [53/445] RBTP
[12:03:32] [54/445] NLPS
[12:03:33] [55/445] GTNA
[12:03:34] [56/445] DGGC
[12:03:34] [57/445] SMCR
[12:03:35] [58/445] SCGD
[12:03:37] [59/445] SRRJ
[12:03:38] [60/445] CNRY
[12:03:39] [61/445] KTDI
[12:03:40] [62/445] SNJL
[12:03:41] [63/445] RKMD
[12:03:42] [64/445] SMDC
[12:03:43] [65/445] TADG
[12:03:44] [66/445] MCGS
[12:03:45] [67/445] PETK
[12:03:46] [68/445] CHAG
[12:03:47] [69/445] KSTL
[12:03:48] [70/445] AADS
[12:03:48] [71/445] NTHZ
[12:03:49] [72/445] HCKI
[12:03:50] [73/445] SSEF
[12:03:51] [74/445] MCGX
[12:03:52] [75/445] ERRA
[12:03:52] [76/445] SDTW
[12:03:53] [77/445] RMPK
[12:03:54] [78/445] PTHK
[12:03:55] [79/445] PXCS
[12:03:56] [80/445] SVLU
[12:03:57] [81/445] STAH
[12:03:58] [82/445] JRGF
[12:03:59] [83/445] CDOK
[12:04:00] [84/445] CMSG
[12:04:01] [85/445] APTD
[12:04:02] [86/445] KMPG
[12:04:02] [87/445] MUTJ
[12:04:03] [88/445] VCCI
[12:04:04] [89/445] URBE
[12:04:05] [90/445] TCTS
[12:04:06] [91/445] STSN
[12:04:07] [92/445] AKCH
[12:04:08] [93/445] APSC
[12:04:09] [94/445] VLTB
[12:04:10] [95/445] SANU
[12:04:11] [96/445] AXAM
[12:04:11] [97/445] MGMG
[12:04:12] [98/445] HTBY
[12:04:14] [99/445] MMZS
[12:04:15] [100/445] SUDR
[12:04:16] [101/445] CCAD
[12:04:17] [102/445] SKKC
[12:04:17] [103/445] RMCD
[12:04:18] [104/445] SBCQ
[12:04:19] [105/445] DCCT
[12:04:20] [106/445] VTKP
[12:04:21] [107/445] MLAM
[12:04:21] [108/445] SAVT
[12:04:22] [109/445] GEPL
[12:04:23] [110/445] AMCD
[12:04:24] [111/445] CCXR
[12:04:25] [112/445] GRNG
[12:04:26] [113/445] EBCA
[12:04:27] [114/445] CNVG
[12:04:28] [115/445] MWSS
[12:04:28] [116/445] VBOR
[12:04:29] [117/445] NEEB
[12:04:30] [118/445] SUTH
[12:04:31] [119/445] ANDB
[12:04:32] [120/445] MMXS
[12:04:33] [121/445] CNPD
[12:04:34] [122/445] SDCE
[12:04:34] [123/445] DHCB
[12:04:35] [124/445] ODEN
[12:04:36] [125/445] TNTC
[12:04:37] [126/445] VBKM
[12:04:38] [127/445] RZYM
[12:04:39] [128/445] JEMC
[12:04:39] [129/445] CMAU
[12:04:40] [130/445] SIVP
[12:04:42] [131/445] ATAG
[12:04:43] [132/445] CHTM
[12:04:45] [133/445] AAEE
[12:04:45] [134/445] IWPM
[12:04:46] [135/445] KCMW
[12:04:47] [136/445] MCTD
[12:04:48] [137/445] SPWR
[12:04:49] [138/445] SDPO
[12:04:50] [139/445] PCSK
[12:04:51] [140/445] ACHV
[12:04:51] [141/445] SVLA
[12:04:52] [142/445] PICT
[12:04:53] [143/445] BXDR
[12:04:54] [144/445] SPWA
[12:04:55] [145/445] MCKO
[12:04:56] [146/445] RTHK
[12:04:56] [147/445] CCMF
[12:04:57] [148/445] MRGB
[12:04:58] [149/445] CPLC
[12:04:59] [150/445] RACD
[12:05:00] [151/445] ATKT
[12:05:01] [152/445] SARN
[12:05:02] [153/445] KKUI
[12:05:04] [154/445] RGCM
[12:05:05] [155/445] BRVP
[12:05:06] [156/445] HRSR
[12:05:07] [157/445] GKGM
[12:05:08] [158/445] TTCD
[12:05:09] [159/445] PTTI
[12:05:10] [160/445] MPTT
[12:05:10] [161/445] CVTT
[12:05:11] [162/445] PCXD
[12:05:12] [163/445] GCDC
[12:05:13] [164/445] CCCF
[12:05:13] [165/445] MRAD
[12:05:14] [166/445] CPLK
[12:05:15] [167/445] SATB
[12:05:16] [168/445] SNVG
[12:05:17] [169/445] JMBA
[12:05:18] [170/445] TEJA
[12:05:19] [171/445] STYO
[12:05:20] [172/445] JTBP
[12:05:21] [173/445] KRGD
[12:05:22] [174/445] SLJJ
[12:05:23] [175/445] SPTJ
[12:05:24] [176/445] SWJG
[12:05:24] [177/445] LKRT
[12:05:25] [178/445] KCKA
[12:05:26] [179/445] SNCR
[12:05:27] [180/445] SMKL
[12:05:28] [181/445] GCFA
[12:05:29] [182/445] DDCK
[12:05:30] [183/445] NCHJ
[12:05:30] [184/445] RDMA
[12:05:32] [185/445] SVSV
[12:05:32] [186/445] SCJG
[12:05:33] [187/445] VKLP
[12:05:34] [188/445] NWCC
[12:05:35] [189/445] VKNS
[12:05:35] [190/445] SDDP
[12:05:36] [191/445] ACSI
[12:05:37] [192/445] SATG
[12:05:38] [193/445] SCMW
[12:05:39] [194/445] LKTK
[12:05:40] [195/445] VCKV
[12:05:41] [196/445] KKPE
[12:05:42] [197/445] KIGH
[12:05:42] [198/445] SRPM
[12:05:43] [199/445] SCAH
[12:05:44] [200/445] MUTA
[12:05:45] [201/445] SEPU
[12:05:46] [202/445] INOA
[12:05:47] [203/445] BASK
[12:05:47] [204/445] NECB
[12:05:48] [205/445] GTTG
[12:05:49] [206/445] ASSA
[12:05:50] [207/445] ANCL
[12:05:51] [208/445] GCTI
[12:05:52] [209/445] RCTS
[12:05:53] [210/445] ACNL
[12:05:54] [211/445] MYCT
[12:05:54] [212/445] NMHT
[12:05:55] [213/445] MDIT
[12:05:56] [214/445] LATG
[12:05:57] [215/445] SMTY
[12:05:58] [216/445] CVCT
[12:05:59] [217/445] RAMB
[12:05:59] [218/445] TGMS
[12:06:00] [219/445] BHEL
[12:06:01] [220/445] SHCT
[12:06:02] [221/445] SVCT
[12:06:03] [222/445] MRIY
[12:06:04] [223/445] SARO
[12:06:05] [224/445] STCT
[12:06:06] [225/445] JKKC
[12:06:07] [226/445] PLTT
[12:06:08] [227/445] SRNT
[12:06:08] [228/445] YAST
[12:06:09] [229/445] PERL
[12:06:10] [230/445] CICM
[12:06:11] [231/445] MMTR
[12:06:12] [232/445] ABTK
[12:06:13] [233/445] ATYY
[12:06:14] [234/445] ASTK
[12:06:15] [235/445] VVCK
[12:06:15] [236/445] ATKY
[12:06:16] [237/445] GWEK
[12:06:17] [238/445] SVFH
[12:06:18] [239/445] SLTA
[12:06:19] [240/445] AASH
[12:06:20] [241/445] ACXB
[12:06:21] [242/445] SMTX
[12:06:22] [243/445] AZDH
[12:06:23] [244/445] CMMH
[12:06:23] [245/445] SCSZ
[12:06:24] [246/445] SCKP
[12:06:25] [247/445] NXTM
[12:06:26] [248/445] NWCS
[12:06:26] [249/445] CXMH
[12:06:27] [250/445] PCMA
[12:06:28] [251/445] SGCM
[12:06:29] [252/445] SDTU
[12:06:30] [253/445] MMVI
[12:06:30] [254/445] JKCM
[12:06:31] [255/445] VCMM
[12:06:32] [256/445] SYEE
[12:06:33] [257/445] VASD
[12:06:34] [258/445] BDRB
[12:06:35] [259/445] LASM
[12:06:35] [260/445] DCRL
[12:06:36] [261/445] DVPM
[12:06:37] [262/445] SBMJ
[12:06:38] [263/445] CBMU
[12:06:39] [264/445] IUBS
[12:06:40] [265/445] INAP
[12:06:41] [266/445] SRRC
[12:06:42] [267/445] SAGR
[12:06:42] [268/445] CPMJ
[12:06:43] [269/445] ATJL
[12:06:44] [270/445] NNTD
[12:06:45] [271/445] JHCJ
[12:06:46] [272/445] CMMP
[12:06:47] [273/445] RSDR
[12:06:47] [274/445] AMTI
[12:06:48] [275/445] NYSG
[12:06:49] [276/445] AVSG
[12:06:50] [277/445] SYTP
[12:06:51] [278/445] LARC
[12:06:51] [279/445] RJTP
[12:06:52] [280/445] LAKC
[12:06:53] [281/445] MCXE
[12:06:54] [282/445] CCZC
[12:06:55] [283/445] AVCH
[12:06:56] [284/445] CMBE
[12:06:56] [285/445] MRRC
[12:06:57] [286/445] PCPY
[12:06:58] [287/445] SRMH
[12:07:00] [288/445] SVGS
[12:07:01] [289/445] PCSE
[12:07:02] [290/445] SVFT
[12:07:03] [291/445] TNZP
[12:07:04] [292/445] ICTP
[12:07:04] [293/445] ACTZ
[12:07:05] [294/445] GTUR
[12:07:06] [295/445] MAFC
[12:07:07] [296/445] MINL
[12:07:08] [297/445] MRCL
[12:07:08] [298/445] RCRP
[12:07:09] [299/445] RFFG
[12:07:10] [300/445] RMAS
[12:07:11] [301/445] INVR
[12:07:12] [302/445] RMAR
[12:07:13] [303/445] CNIS
[12:07:14] [304/445] RHRJ
[12:07:14] [305/445] INXR
[12:07:15] [306/445] VALT
[12:07:16] [307/445] LCSH
[12:07:17] [308/445] CMVS
[12:07:18] [309/445] CNMS
[12:07:19] [310/445] ROOG
[12:07:20] [311/445] ISRM
[12:07:20] [312/445] RCRM
[12:07:21] [313/445] ACJA
[12:07:22] [314/445] RCVS
[12:07:23] [315/445] CPUS
[12:07:24] [316/445] TGCS
[12:07:25] [317/445] RKCJ
[12:07:26] [318/445] MKSB
[12:07:27] [319/445] TCSJ
[12:07:27] [320/445] RMGP
[12:07:28] [321/445] CLLP
[12:07:29] [322/445] RCMV
[12:07:30] [323/445] CCKS
[12:07:31] [324/445] RSRP
[12:07:31] [325/445] APLP
[12:07:32] [326/445] CNVS
[12:07:33] [327/445] RMVY
[12:07:34] [328/445] PGBD
[12:07:35] [329/445] KLMS
[12:07:36] [330/445] RUST
[12:07:38] [331/445] MASM
[12:07:38] [332/445] BACS
[12:07:39] [333/445] BWST
[12:07:40] [334/445] RRFH
[12:07:41] [335/445] SJTM
[12:07:41] [336/445] BEMR
[12:07:42] [337/445] MCGR
[12:07:43] [338/445] SDSK
[12:07:44] [339/445] VBOL
[12:07:44] [340/445] RMGM
[12:07:45] [341/445] NOPL
[12:07:46] [342/445] MKJK
[12:07:46] [343/445] CVRN
[12:07:47] [344/445] MMEN
[12:07:48] [345/445] AMNG
[12:07:49] [346/445] INTM
[12:07:51] [347/445] SLCZ
[12:07:51] [348/445] AMJN
[12:07:52] [349/445] ACJN
[12:07:53] [350/445] AMKN
[12:07:54] [351/445] BTCN
[12:07:55] [352/445] AMBT
[12:07:56] [353/445] PACN
[12:07:57] [354/445] LCNS
[12:07:57] [355/445] PPKC
[12:07:58] [356/445] JYYN
[12:07:59] [357/445] JTNR
[12:08:00] [358/445] GTEE
[12:08:00] [359/445] SRNM
[12:08:01] [360/445] SDTC
[12:08:02] [361/445] VPCA
[12:08:04] [362/445] VLRA
[12:08:05] [363/445] SHKR
[12:08:06] [364/445] SBKD
[12:08:06] [365/445] SAAD
[12:08:07] [366/445] JTGN
[12:08:08] [367/445] SLAM
[12:08:09] [368/445] VTPM
[12:08:10] [369/445] ANPT
[12:08:11] [370/445] PUNB
[12:08:12] [371/445] CPKT
[12:08:13] [372/445] CNWE
[12:08:13] [373/445] ECPP
[12:08:14] [374/445] CPAR
[12:08:15] [375/445] ESBW
[12:08:16] [376/445] PKPU
[12:08:17] [377/445] CPRP
[12:08:17] [378/445] RAHU
[12:08:18] [379/445] RHMN
[12:08:19] [380/445] FMJP
[12:08:20] [381/445] CTMP
[12:08:21] [382/445] INPN
[12:08:21] [383/445] STTG
[12:08:22] [384/445] CTRD
[12:08:23] [385/445] PUVB
[12:08:24] [386/445] ESVP
[12:08:25] [387/445] CPFT
[12:08:25] [388/445] LCPC
[12:08:26] [389/445] VBCT
[12:08:27] [390/445] FSCW
[12:08:28] [391/445] VCMP
[12:08:29] [392/445] ASHC
[12:08:29] [393/445] VLCX
[12:08:30] [394/445] SHEV
[12:08:31] [395/445] APCO
[12:08:31] [396/445] SILC
[12:08:33] [397/445] SNMR
[12:08:34] [398/445] KYBO
[12:08:35] [399/445] SATK
[12:08:35] [400/445] SSCS
[12:08:36] [401/445] CLSB
[12:08:37] [402/445] KMJR
[12:08:38] [403/445] FSCK
[12:08:39] [404/445] NNKA
[12:08:40] [405/445] CLMK
[12:08:41] [406/445] DMPZ
[12:08:41] [407/445] INQM
[12:08:42] [408/445] CAML
[12:08:43] [409/445] INRK
[12:08:45] [410/445] IMKN
[12:08:46] [411/445] SVNR
[12:08:46] [412/445] INSL
[12:08:47] [413/445] MSMA
[12:08:48] [414/445] MCKK
[12:08:49] [415/445] FCHP
[12:08:50] [416/445] SFCR
[12:08:50] [417/445] NACK
[12:08:51] [418/445] PVAK
[12:08:52] [419/445] INER
[12:08:53] [420/445] RDBK
[12:08:54] [421/445] SVFN
[12:08:55] [422/445] IFRM
[12:08:56] [423/445] ATCK
[12:08:57] [424/445] ASKO
[12:08:58] [425/445] STKT
[12:08:58] [426/445] SVFB
[12:08:59] [427/445] INKS
[12:09:00] [428/445] PCRA
[12:09:01] [429/445] ATJA
[12:09:02] [430/445] IMJN
[12:09:02] [431/445] INHD
[12:09:03] [432/445] BARA
[12:09:05] [433/445] MCSL
[12:09:06] [434/445] RTOY
[12:09:07] [435/445] MENO
[12:09:07] [436/445] PUDM
[12:09:08] [437/445] PRCN
[12:09:09] [438/445] JMJR
[12:09:10] [439/445] SSGK
[12:09:11] [440/445] SSRL
[12:09:12] [441/445] JYKL
[12:09:13] [442/445] ACNB
[12:09:13] [443/445] SONP
[12:09:14] [444/445] EMCI
[12:09:15] [445/445] MRJH
[12:09:16] 🧹 Deduping shows
[12:09:16] ✅ DONE | Shows=636 | Movies=40
[19:02:52] 🚀 SCRIPT STARTED
[19:02:52] [1/445] TGMR
[19:02:52] 🧠 New identity created
[19:02:53] [2/445] CXKR
[19:02:54] [3/445] SROP
[19:02:55] [4/445] GTSV
[19:02:56] [5/445] SNTY
[19:02:57] [6/445] SMYY
[19:02:58] [7/445] CNCS
[19:02:59] [8/445] CSTM
[19:03:00] [9/445] NUCD
[19:03:01] [10/445] SHCZ
[19:03:01] [11/445] NJCT
[19:03:02] [12/445] COPC
[19:03:03] [13/445] STVV
[19:03:04] [14/445] SKRN
[19:03:05] [15/445] APPZ
[19:03:06] [16/445] YMGN
[19:03:07] [17/445] SVTU
[19:03:08] [18/445] GTAD
[19:03:09] [19/445] PSUS
[19:03:09] [20/445] SMCD
[19:03:10] [21/445] CMCM
[19:03:11] [22/445] SYCT
[19:03:12] [23/445] STLY
[19:03:13] [24/445] CMHU
[19:03:14] [25/445] CMSA
[19:03:15] [26/445] CLCU
[19:03:16] [27/445] PPNT
[19:03:16] [28/445] JTAB
[19:03:17] [29/445] BUUC
[19:03:18] [30/445] BSVK
[19:03:19] [31/445] VVVQ
[19:03:20] [32/445] TKMU
[19:03:20] [33/445] ESYL
[19:03:21] [34/445] ACHP
[19:03:22] [35/445] BTKD
[19:03:23] [36/445] DESA
[19:03:24] [37/445] GBCT
[19:03:25] [38/445] BLLD
[19:03:26] [39/445] SKNT
[19:03:27] [40/445] SSTE
[19:03:28] [41/445] VJMR
[19:03:28] [42/445] NTPU
[19:03:29] [43/445] RDKN
[19:03:30] [44/445] ADGC
[19:03:31] [45/445] VRBP
[19:03:32] [46/445] NMNA
[19:03:33] [47/445] CMMX
[19:03:34] [48/445] PTKO
[19:03:34] [49/445] RBML
[19:03:35] [50/445] SAIC
[19:03:36] [51/445] SVTJ
[19:03:37] [52/445] MRTE
[19:03:38] [53/445] RBTP
[19:03:38] [54/445] NLPS
[19:03:39] [55/445] GTNA
[19:03:40] [56/445] DGGC
[19:03:41] [57/445] SMCR
[19:03:42] [58/445] SCGD
[19:03:44] [59/445] SRRJ
[19:03:44] [60/445] CNRY
[19:03:45] [61/445] KTDI
[19:03:46] [62/445] SNJL
[19:03:47] [63/445] RKMD
[19:03:48] [64/445] SMDC
[19:03:49] [65/445] TADG
[19:03:50] [66/445] MCGS
[19:03:51] [67/445] PETK
[19:03:51] [68/445] CHAG
[19:03:53] [69/445] KSTL
[19:03:54] [70/445] AADS
[19:03:55] [71/445] NTHZ
[19:03:55] [72/445] HCKI
[19:03:56] [73/445] SSEF
[19:03:57] [74/445] MCGX
[19:03:58] [75/445] ERRA
[19:03:59] [76/445] SDTW
[19:04:00] [77/445] RMPK
[19:04:01] [78/445] PTHK
[19:04:02] [79/445] PXCS
[19:04:03] [80/445] SVLU
[19:04:03] [81/445] STAH
[19:04:04] [82/445] JRGF
[19:04:05] [83/445] CDOK
[19:04:06] [84/445] CMSG
[19:04:07] [85/445] APTD
[19:04:08] [86/445] KMPG
[19:04:09] [87/445] MUTJ
[19:04:09] [88/445] VCCI
[19:04:10] [89/445] URBE
[19:04:11] [90/445] TCTS
[19:04:12] [91/445] STSN
[19:04:12] [92/445] AKCH
[19:04:14] [93/445] APSC
[19:04:15] [94/445] VLTB
[19:04:16] [95/445] SANU
[19:04:17] [96/445] AXAM
[19:04:18] [97/445] MGMG
[19:04:19] [98/445] HTBY
[19:04:20] [99/445] MMZS
[19:04:21] [100/445] SUDR
[19:04:23] [101/445] CCAD
[19:04:24] [102/445] SKKC
[19:04:25] [103/445] RMCD
[19:04:25] [104/445] SBCQ
[19:04:26] [105/445] DCCT
[19:04:27] [106/445] VTKP
[19:04:29] [107/445] MLAM
[19:04:30] [108/445] SAVT
[19:04:30] [109/445] GEPL
[19:04:31] [110/445] AMCD
[19:04:32] [111/445] CCXR
[19:04:33] [112/445] GRNG
[19:04:33] [113/445] EBCA
[19:04:34] [114/445] CNVG
[19:04:35] [115/445] MWSS
[19:04:36] [116/445] VBOR
[19:04:37] [117/445] NEEB
[19:04:38] [118/445] SUTH
[19:04:38] [119/445] ANDB
[19:04:39] [120/445] MMXS
[19:04:41] [121/445] CNPD
[19:04:42] [122/445] SDCE
[19:04:43] [123/445] DHCB
[19:04:44] [124/445] ODEN
[19:04:45] [125/445] TNTC
[19:04:47] [126/445] VBKM
[19:04:48] [127/445] RZYM
[19:04:49] [128/445] JEMC
[19:04:50] [129/445] CMAU
[19:04:50] [130/445] SIVP
[19:04:51] [131/445] ATAG
[19:04:52] [132/445] CHTM
[19:04:53] [133/445] AAEE
[19:04:54] [134/445] IWPM
[19:04:55] [135/445] KCMW
[19:04:56] [136/445] MCTD
[19:04:56] [137/445] SPWR
[19:04:57] [138/445] SDPO
[19:04:58] [139/445] PCSK
[19:04:59] [140/445] ACHV
[19:05:00] [141/445] SVLA
[19:05:01] [142/445] PICT
[19:05:02] [143/445] BXDR
[19:05:03] [144/445] SPWA
[19:05:04] [145/445] MCKO
[19:05:05] [146/445] RTHK
[19:05:06] [147/445] CCMF
[19:05:08] [148/445] MRGB
[19:05:09] [149/445] CPLC
[19:05:10] [150/445] RACD
[19:05:11] [151/445] ATKT
[19:05:12] [152/445] SARN
[19:05:12] [153/445] KKUI
[19:05:13] [154/445] RGCM
[19:05:14] [155/445] BRVP
[19:05:15] [156/445] HRSR
[19:05:16] [157/445] GKGM
[19:05:16] [158/445] TTCD
[19:05:18] [159/445] PTTI
[19:05:19] [160/445] MPTT
[19:05:20] [161/445] CVTT
[19:05:21] [162/445] PCXD
[19:05:22] [163/445] GCDC
[19:05:23] [164/445] CCCF
[19:05:23] [165/445] MRAD
[19:05:24] [166/445] CPLK
[19:05:25] [167/445] SATB
[19:05:26] [168/445] SNVG
[19:05:27] [169/445] JMBA
[19:05:28] [170/445] TEJA
[19:05:29] [171/445] STYO
[19:05:30] [172/445] JTBP
[19:05:31] [173/445] KRGD
[19:05:32] [174/445] SLJJ
[19:05:33] [175/445] SPTJ
[19:05:34] [176/445] SWJG
[19:05:35] [177/445] LKRT
[19:05:36] [178/445] KCKA
[19:05:37] [179/445] SNCR
[19:05:38] [180/445] SMKL
[19:05:38] [181/445] GCFA
[19:05:40] [182/445] DDCK
[19:05:41] [183/445] NCHJ
[19:05:42] [184/445] RDMA
[19:05:43] [185/445] SVSV
[19:05:44] [186/445] SCJG
[19:05:45] [187/445] VKLP
[19:05:47] [188/445] NWCC
[19:05:48] [189/445] VKNS
[19:05:49] [190/445] SDDP
[19:05:49] [191/445] ACSI
[19:05:50] [192/445] SATG
[19:05:51] [193/445] SCMW
[19:05:52] [194/445] LKTK
[19:05:53] [195/445] VCKV
[19:05:54] [196/445] KKPE
[19:05:55] [197/445] KIGH
[19:05:55] [198/445] SRPM
[19:05:56] [199/445] SCAH
[19:05:57] [200/445] MUTA
[19:05:58] [201/445] SEPU
[19:05:59] [202/445] INOA
[19:06:00] [203/445] BASK
[19:06:00] [204/445] NECB
[19:06:01] [205/445] GTTG
[19:06:02] [206/445] ASSA
[19:06:02] [207/445] ANCL
[19:06:03] [208/445] GCTI
[19:06:04] [209/445] RCTS
[19:06:05] [210/445] ACNL
[19:06:06] [211/445] MYCT
[19:06:07] [212/445] NMHT
[19:06:08] [213/445] MDIT
[19:06:09] [214/445] LATG
[19:06:10] [215/445] SMTY
[19:06:11] [216/445] CVCT
[19:06:11] [217/445] RAMB
[19:06:13] [218/445] TGMS
[19:06:14] [219/445] BHEL
[19:06:15] [220/445] SHCT
[19:06:15] [221/445] SVCT
[19:06:16] [222/445] MRIY
[19:06:17] [223/445] SARO
[19:06:18] [224/445] STCT
[19:06:19] [225/445] JKKC
[19:06:19] [226/445] PLTT
[19:06:20] [227/445] SRNT
[19:06:21] [228/445] YAST
[19:06:22] [229/445] PERL
[19:06:23] [230/445] CICM
[19:06:24] [231/445] MMTR
[19:06:24] [232/445] ABTK
[19:06:25] [233/445] ATYY
[19:06:26] [234/445] ASTK
[19:06:27] [235/445] VVCK
[19:06:28] [236/445] ATKY
[19:06:29] [237/445] GWEK
[19:06:30] [238/445] SVFH
[19:06:31] [239/445] SLTA
[19:06:33] [240/445] AASH
[19:06:33] [241/445] ACXB
[19:06:34] [242/445] SMTX
[19:06:35] [243/445] AZDH
[19:06:37] [244/445] CMMH
[19:06:38] [245/445] SCSZ
[19:06:39] [246/445] SCKP
[19:06:40] [247/445] NXTM
[19:06:40] [248/445] NWCS
[19:06:41] [249/445] CXMH
[19:06:42] [250/445] PCMA
[19:06:43] [251/445] SGCM
[19:06:43] [252/445] SDTU
[19:06:44] [253/445] MMVI
[19:06:45] [254/445] JKCM
[19:06:46] [255/445] VCMM
[19:06:48] [256/445] SYEE
[19:06:49] [257/445] VASD
[19:06:49] [258/445] BDRB
[19:06:51] [259/445] LASM
[19:06:52] [260/445] DCRL
[19:06:53] [261/445] DVPM
[19:06:54] [262/445] SBMJ
[19:06:55] [263/445] CBMU
[19:06:55] [264/445] IUBS
[19:06:56] [265/445] INAP
[19:06:57] [266/445] SRRC
[19:06:58] [267/445] SAGR
[19:06:59] [268/445] CPMJ
[19:06:59] [269/445] ATJL
[19:07:00] [270/445] NNTD
[19:07:01] [271/445] JHCJ
[19:07:03] [272/445] CMMP
[19:07:04] [273/445] RSDR
[19:07:05] [274/445] AMTI
[19:07:06] [275/445] NYSG
[19:07:06] [276/445] AVSG
[19:07:07] [277/445] SYTP
[19:07:08] [278/445] LARC
[19:07:09] [279/445] RJTP
[19:07:10] [280/445] LAKC
[19:07:11] [281/445] MCXE
[19:07:12] [282/445] CCZC
[19:07:13] [283/445] AVCH
[19:07:13] [284/445] CMBE
[19:07:14] [285/445] MRRC
[19:07:15] [286/445] PCPY
[19:07:16] [287/445] SRMH
[19:07:17] [288/445] SVGS
[19:07:17] [289/445] PCSE
[19:07:18] [290/445] SVFT
[19:07:19] [291/445] TNZP
[19:07:20] [292/445] ICTP
[19:07:21] [293/445] ACTZ
[19:07:23] [294/445] GTUR
[19:07:24] [295/445] MAFC
[19:07:25] [296/445] MINL
[19:07:26] [297/445] MRCL
[19:07:27] [298/445] RCRP
[19:07:28] [299/445] RFFG
[19:07:29] [300/445] RMAS
[19:07:30] [301/445] INVR
[19:07:31] [302/445] RMAR
[19:07:32] [303/445] CNIS
[19:07:33] [304/445] RHRJ
[19:07:34] [305/445] INXR
[19:07:35] [306/445] VALT
[19:07:35] [307/445] LCSH
[19:07:36] [308/445] CMVS
[19:07:37] [309/445] CNMS
[19:07:38] [310/445] ROOG
[19:07:39] [311/445] ISRM
[19:07:40] [312/445] RCRM
[19:07:41] [313/445] ACJA
[19:07:42] [314/445] RCVS
[19:07:43] [315/445] CPUS
[19:07:43] [316/445] TGCS
[19:07:44] [317/445] RKCJ
[19:07:45] [318/445] MKSB
[19:07:46] [319/445] TCSJ
[19:07:47] [320/445] RMGP
[19:07:48] [321/445] CLLP
[19:07:49] [322/445] RCMV
[19:07:49] [323/445] CCKS
[19:07:50] [324/445] RSRP
[19:07:51] [325/445] APLP
[19:07:52] [326/445] CNVS
[19:07:53] [327/445] RMVY
[19:07:53] [328/445] PGBD
[19:07:54] [329/445] KLMS
[19:07:55] [330/445] RUST
[19:07:56] [331/445] MASM
[19:07:57] [332/445] BACS
[19:07:58] [333/445] BWST
[19:07:59] [334/445] RRFH
[19:07:59] [335/445] SJTM
[19:08:00] [336/445] BEMR
[19:08:02] [337/445] MCGR
[19:08:03] [338/445] SDSK
[19:08:04] [339/445] VBOL
[19:08:05] [340/445] RMGM
[19:08:06] [341/445] NOPL
[19:08:06] [342/445] MKJK
[19:08:07] [343/445] CVRN
[19:08:09] [344/445] MMEN
[19:08:09] [345/445] AMNG
[19:08:10] [346/445] INTM
[19:08:11] [347/445] SLCZ
[19:08:12] [348/445] AMJN
[19:08:13] [349/445] ACJN
[19:08:14] [350/445] AMKN
[19:08:14] [351/445] BTCN
[19:08:15] [352/445] AMBT
[19:08:16] [353/445] PACN
[19:08:17] [354/445] LCNS
[19:08:19] [355/445] PPKC
[19:08:20] [356/445] JYYN
[19:08:20] [357/445] JTNR
[19:08:22] [358/445] GTEE
[19:08:23] [359/445] SRNM
[19:08:24] [360/445] SDTC
[19:08:24] [361/445] VPCA
[19:08:25] [362/445] VLRA
[19:08:26] [363/445] SHKR
[19:08:27] [364/445] SBKD
[19:08:28] [365/445] SAAD
[19:08:29] [366/445] JTGN
[19:08:30] [367/445] SLAM
[19:08:31] [368/445] VTPM
[19:08:32] [369/445] ANPT
[19:08:32] [370/445] PUNB
[19:08:33] [371/445] CPKT
[19:08:34] [372/445] CNWE
[19:08:35] [373/445] ECPP
[19:08:35] [374/445] CPAR
[19:08:37] [375/445] ESBW
[19:08:38] [376/445] PKPU
[19:08:39] [377/445] CPRP
[19:08:40] [378/445] RAHU
[19:08:42] [379/445] RHMN
[19:08:42] [380/445] FMJP
[19:08:43] [381/445] CTMP
[19:08:45] [382/445] INPN
[19:08:46] [383/445] STTG
[19:08:47] [384/445] CTRD
[19:08:47] [385/445] PUVB
[19:08:48] [386/445] ESVP
[19:08:49] [387/445] CPFT
[19:08:50] [388/445] LCPC
[19:08:50] [389/445] VBCT
[19:08:51] [390/445] FSCW
[19:08:52] [391/445] VCMP
[19:08:53] [392/445] ASHC
[19:08:54] [393/445] VLCX
[19:08:55] [394/445] SHEV
[19:08:55] [395/445] APCO
[19:08:56] [396/445] SILC
[19:08:57] [397/445] SNMR
[19:08:58] [398/445] KYBO
[19:08:58] [399/445] SATK
[19:08:59] [400/445] SSCS
[19:09:00] [401/445] CLSB
[19:09:02] [402/445] KMJR
[19:09:03] [403/445] FSCK
[19:09:04] [404/445] NNKA
[19:09:05] [405/445] CLMK
[19:09:05] [406/445] DMPZ
[19:09:06] [407/445] INQM
[19:09:07] [408/445] CAML
[19:09:08] [409/445] INRK
[19:09:09] [410/445] IMKN
[19:09:09] [411/445] SVNR
[19:09:10] [412/445] INSL
[19:09:11] [413/445] MSMA
[19:09:12] [414/445] MCKK
[19:09:12] [415/445] FCHP
[19:09:13] [416/445] SFCR
[19:09:15] [417/445] NACK
[19:09:16] [418/445] PVAK
[19:09:17] [419/445] INER
[19:09:18] [420/445] RDBK
[19:09:19] [421/445] SVFN
[19:09:20] [422/445] IFRM
[19:09:21] [423/445] ATCK
[19:09:21] [424/445] ASKO
[19:09:22] [425/445] STKT
[19:09:23] [426/445] SVFB
[19:09:23] [427/445] INKS
[19:09:24] [428/445] PCRA
[19:09:26] [429/445] ATJA
[19:09:27] [430/445] IMJN
[19:09:28] [431/445] INHD
[19:09:28] [432/445] BARA
[19:09:29] [433/445] MCSL
[19:09:30] [434/445] RTOY
[19:09:31] [435/445] MENO
[19:09:31] [436/445] PUDM
[19:09:32] [437/445] PRCN
[19:09:33] [438/445] JMJR
[19:09:34] [439/445] SSGK
[19:09:36] [440/445] SSRL
[19:09:36] [441/445] JYKL
[19:09:37] [442/445] ACNB
[19:09:38] [443/445] SONP
[19:09:39] [444/445] EMCI
[19:09:40] [445/445] MRJH
[19:09:41] 🧹 Deduping shows
[19:09:41] ✅ DONE | Shows=1206 | Movies=46
[21:54:55] 🚀 SCRIPT STARTED
[21:54:55] [1/445] TGMR
[21:54:55] 🧠 New identity created
[21:54:55] [2/445] CXKR
[21:54:56] [3/445] SROP
[21:54:57] [4/445] GTSV
[21:54:58] [5/445] SNTY
[21:54:59] [6/445] SMYY
[21:54:59] [7/445] CNCS
[21:55:00] [8/445] CSTM
[21:55:01] [9/445] NUCD
[21:55:02] [10/445] SHCZ
[21:55:03] [11/445] NJCT
[21:55:04] [12/445] COPC
[21:55:06] [13/445] STVV
[21:55:07] [14/445] SKRN
[21:55:07] [15/445] APPZ
[21:55:08] [16/445] YMGN
[21:55:09] [17/445] SVTU
[21:55:10] [18/445] GTAD
[21:55:11] [19/445] PSUS
[21:55:12] [20/445] SMCD
[21:55:13] [21/445] CMCM
[21:55:14] [22/445] SYCT
[21:55:15] [23/445] STLY
[21:55:15] [24/445] CMHU
[21:55:16] [25/445] CMSA
[21:55:17] [26/445] CLCU
[21:55:18] [27/445] PPNT
[21:55:19] [28/445] JTAB
[21:55:19] [29/445] BUUC
[21:55:20] [30/445] BSVK
[21:55:21] [31/445] VVVQ
[21:55:22] [32/445] TKMU
[21:55:23] [33/445] ESYL
[21:55:23] [34/445] ACHP
[21:55:24] [35/445] BTKD
[21:55:25] [36/445] DESA
[21:55:26] [37/445] GBCT
[21:55:27] [38/445] BLLD
[21:55:28] [39/445] SKNT
[21:55:29] [40/445] SSTE
[21:55:30] [41/445] VJMR
[21:55:30] [42/445] NTPU
[21:55:31] [43/445] RDKN
[21:55:32] [44/445] ADGC
[21:55:33] [45/445] VRBP
[21:55:34] [46/445] NMNA
[21:55:35] [47/445] CMMX
[21:55:36] [48/445] PTKO
[21:55:37] [49/445] RBML
[21:55:37] [50/445] SAIC
[21:55:38] [51/445] SVTJ
[21:55:39] [52/445] MRTE
[21:55:40] [53/445] RBTP
[21:55:41] [54/445] NLPS
[21:55:43] [55/445] GTNA
[21:55:44] [56/445] DGGC
[21:55:45] [57/445] SMCR
[21:55:45] [58/445] SCGD
[21:55:46] [59/445] SRRJ
[21:55:47] [60/445] CNRY
[21:55:48] [61/445] KTDI
[21:55:48] [62/445] SNJL
[21:55:49] [63/445] RKMD
[21:55:50] [64/445] SMDC
[21:55:51] [65/445] TADG
[21:55:52] [66/445] MCGS
[21:55:53] [67/445] PETK
[21:55:53] [68/445] CHAG
[21:55:54] [69/445] KSTL
[21:55:55] [70/445] AADS
[21:55:56] [71/445] NTHZ
[21:55:57] [72/445] HCKI
[21:55:58] [73/445] SSEF
[21:55:59] [74/445] MCGX
[21:55:59] [75/445] ERRA
[21:56:01] [76/445] SDTW
[21:56:02] [77/445] RMPK
[21:56:03] [78/445] PTHK
[21:56:03] [79/445] PXCS
[21:56:04] [80/445] SVLU
[21:56:05] [81/445] STAH
[21:56:06] [82/445] JRGF
[21:56:07] [83/445] CDOK
[21:56:07] [84/445] CMSG
[21:56:08] [85/445] APTD
[21:56:10] [86/445] KMPG
[21:56:11] [87/445] MUTJ
[21:56:12] [88/445] VCCI
[21:56:13] [89/445] URBE
[21:56:14] [90/445] TCTS
[21:56:15] [91/445] STSN
[21:56:16] [92/445] AKCH
[21:56:17] [93/445] APSC
[21:56:18] [94/445] VLTB
[21:56:18] [95/445] SANU
[21:56:19] [96/445] AXAM
[21:56:20] [97/445] MGMG
[21:56:21] [98/445] HTBY
[21:56:22] [99/445] MMZS
[21:56:23] [100/445] SUDR
[21:56:24] [101/445] CCAD
[21:56:25] [102/445] SKKC
[21:56:26] [103/445] RMCD
[21:56:27] [104/445] SBCQ
[21:56:28] [105/445] DCCT
[21:56:28] [106/445] VTKP
[21:56:29] [107/445] MLAM
[21:56:30] [108/445] SAVT
[21:56:31] [109/445] GEPL
[21:56:32] [110/445] AMCD
[21:56:33] [111/445] CCXR
[21:56:34] [112/445] GRNG
[21:56:35] [113/445] EBCA
[21:56:36] [114/445] CNVG
[21:56:37] [115/445] MWSS
[21:56:38] [116/445] VBOR
[21:56:39] [117/445] NEEB
[21:56:40] [118/445] SUTH
[21:56:41] [119/445] ANDB
[21:56:43] [120/445] MMXS
[21:56:44] [121/445] CNPD
[21:56:44] [122/445] SDCE
[21:56:46] [123/445] DHCB
[21:56:47] [124/445] ODEN
[21:56:48] [125/445] TNTC
[21:56:49] [126/445] VBKM
[21:56:50] [127/445] RZYM
[21:56:51] [128/445] JEMC
[21:56:51] [129/445] CMAU
[21:56:52] [130/445] SIVP
[21:56:54] [131/445] ATAG
[21:56:55] [132/445] CHTM
[21:56:55] [133/445] AAEE
[21:56:56] [134/445] IWPM
[21:56:57] [135/445] KCMW
[21:56:58] [136/445] MCTD
[21:56:59] [137/445] SPWR
[21:56:59] [138/445] SDPO
[21:57:00] [139/445] PCSK
[21:57:01] [140/445] ACHV
[21:57:02] [141/445] SVLA
[21:57:03] [142/445] PICT
[21:57:03] [143/445] BXDR
[21:57:04] [144/445] SPWA
[21:57:05] [145/445] MCKO
[21:57:06] [146/445] RTHK
[21:57:07] [147/445] CCMF
[21:57:08] [148/445] MRGB
[21:57:08] [149/445] CPLC
[21:57:09] [150/445] RACD
[21:57:10] [151/445] ATKT
[21:57:11] [152/445] SARN
[21:57:12] [153/445] KKUI
[21:57:12] [154/445] RGCM
[21:57:13] [155/445] BRVP
[21:57:14] [156/445] HRSR
[21:57:15] [157/445] GKGM
[21:57:16] [158/445] TTCD
[21:57:17] [159/445] PTTI
[21:57:18] [160/445] MPTT
[21:57:18] [161/445] CVTT
[21:57:19] [162/445] PCXD
[21:57:20] [163/445] GCDC
[21:57:20] [164/445] CCCF
[21:57:21] [165/445] MRAD
[21:57:22] [166/445] CPLK
[21:57:23] [167/445] SATB
[21:57:24] [168/445] SNVG
[21:57:26] [169/445] JMBA
[21:57:26] [170/445] TEJA
[21:57:28] [171/445] STYO
[21:57:28] [172/445] JTBP
[21:57:29] [173/445] KRGD
[21:57:30] [174/445] SLJJ
[21:57:31] [175/445] SPTJ
[21:57:32] [176/445] SWJG
[21:57:33] [177/445] LKRT
[21:57:33] [178/445] KCKA
[21:57:34] [179/445] SNCR
[21:57:35] [180/445] SMKL
[21:57:36] [181/445] GCFA
[21:57:37] [182/445] DDCK
[21:57:38] [183/445] NCHJ
[21:57:39] [184/445] RDMA
[21:57:40] [185/445] SVSV
[21:57:40] [186/445] SCJG
[21:57:41] [187/445] VKLP
[21:57:42] [188/445] NWCC
[21:57:43] [189/445] VKNS
[21:57:44] [190/445] SDDP
[21:57:44] [191/445] ACSI
[21:57:45] [192/445] SATG
[21:57:46] [193/445] SCMW
[21:57:47] [194/445] LKTK
[21:57:48] [195/445] VCKV
[21:57:49] [196/445] KKPE
[21:57:50] [197/445] KIGH
[21:57:51] [198/445] SRPM
[21:57:52] [199/445] SCAH
[21:57:53] [200/445] MUTA
[21:57:54] [201/445] SEPU
[21:57:55] [202/445] INOA
[21:57:55] [203/445] BASK
[21:57:56] [204/445] NECB
[21:57:57] [205/445] GTTG
[21:57:58] [206/445] ASSA
[21:57:58] [207/445] ANCL
[21:57:59] [208/445] GCTI
[21:58:00] [209/445] RCTS
[21:58:01] [210/445] ACNL
[21:58:02] [211/445] MYCT
[21:58:03] [212/445] NMHT
[21:58:03] [213/445] MDIT
[21:58:04] [214/445] LATG
[21:58:05] [215/445] SMTY
[21:58:06] [216/445] CVCT
[21:58:07] [217/445] RAMB
[21:58:08] [218/445] TGMS
[21:58:09] [219/445] BHEL
[21:58:09] [220/445] SHCT
[21:58:10] [221/445] SVCT
[21:58:11] [222/445] MRIY
[21:58:12] [223/445] SARO
[21:58:13] [224/445] STCT
[21:58:14] [225/445] JKKC
[21:58:15] [226/445] PLTT
[21:58:15] [227/445] SRNT
[21:58:16] [228/445] YAST
[21:58:17] [229/445] PERL
[21:58:18] [230/445] CICM
[21:58:18] [231/445] MMTR
[21:58:19] [232/445] ABTK
[21:58:20] [233/445] ATYY
[21:58:21] [234/445] ASTK
[21:58:22] [235/445] VVCK
[21:58:22] [236/445] ATKY
[21:58:23] [237/445] GWEK
[21:58:24] [238/445] SVFH
[21:58:25] [239/445] SLTA
[21:58:26] [240/445] AASH
[21:58:26] [241/445] ACXB
[21:58:27] [242/445] SMTX
[21:58:28] [243/445] AZDH
[21:58:29] [244/445] CMMH
[21:58:30] [245/445] SCSZ
[21:58:31] [246/445] SCKP
[21:58:31] [247/445] NXTM
[21:58:32] [248/445] NWCS
[21:58:33] [249/445] CXMH
[21:58:34] [250/445] PCMA
[21:58:34] [251/445] SGCM
[21:58:35] [252/445] SDTU
[21:58:36] [253/445] MMVI
[21:58:37] [254/445] JKCM
[21:58:38] [255/445] VCMM
[21:58:39] [256/445] SYEE
[21:58:39] [257/445] VASD
[21:58:40] [258/445] BDRB
[21:58:41] [259/445] LASM
[21:58:42] [260/445] DCRL
[21:58:43] [261/445] DVPM
[21:58:44] [262/445] SBMJ
[21:58:45] [263/445] CBMU
[21:58:45] [264/445] IUBS
[21:58:46] [265/445] INAP
[21:58:48] [266/445] SRRC
[21:58:50] [267/445] SAGR
[21:58:51] [268/445] CPMJ
[21:58:52] [269/445] ATJL
[21:58:53] [270/445] NNTD
[21:58:53] [271/445] JHCJ
[21:58:54] [272/445] CMMP
[21:58:55] [273/445] RSDR
[21:58:56] [274/445] AMTI
[21:58:57] [275/445] NYSG
[21:58:58] [276/445] AVSG
[21:58:59] [277/445] SYTP
[21:58:59] [278/445] LARC
[21:59:00] [279/445] RJTP
[21:59:01] [280/445] LAKC
[21:59:02] [281/445] MCXE
[21:59:02] [282/445] CCZC
[21:59:03] [283/445] AVCH
[21:59:04] [284/445] CMBE
[21:59:05] [285/445] MRRC
[21:59:06] [286/445] PCPY
[21:59:06] [287/445] SRMH
[21:59:07] [288/445] SVGS
[21:59:08] [289/445] PCSE
[21:59:09] [290/445] SVFT
[21:59:10] [291/445] TNZP
[21:59:10] [292/445] ICTP
[21:59:12] [293/445] ACTZ
[21:59:12] [294/445] GTUR
[21:59:13] [295/445] MAFC
[21:59:14] [296/445] MINL
[21:59:15] [297/445] MRCL
[21:59:17] [298/445] RCRP
[21:59:18] [299/445] RFFG
[21:59:19] [300/445] RMAS
[21:59:20] [301/445] INVR
[21:59:20] [302/445] RMAR
[21:59:21] [303/445] CNIS
[21:59:22] [304/445] RHRJ
[21:59:23] [305/445] INXR
[21:59:24] [306/445] VALT
[21:59:25] [307/445] LCSH
[21:59:26] [308/445] CMVS
[21:59:27] [309/445] CNMS
[21:59:28] [310/445] ROOG
[21:59:28] [311/445] ISRM
[21:59:29] [312/445] RCRM
[21:59:30] [313/445] ACJA
[21:59:31] [314/445] RCVS
[21:59:31] [315/445] CPUS
[21:59:32] [316/445] TGCS
[21:59:33] [317/445] RKCJ
[21:59:34] [318/445] MKSB
[21:59:35] [319/445] TCSJ
[21:59:36] [320/445] RMGP
[21:59:37] [321/445] CLLP
[21:59:38] [322/445] RCMV
[21:59:39] [323/445] CCKS
[21:59:40] [324/445] RSRP
[21:59:41] [325/445] APLP
[21:59:42] [326/445] CNVS
[21:59:43] [327/445] RMVY
[21:59:44] [328/445] PGBD
[21:59:45] [329/445] KLMS
[21:59:46] [330/445] RUST
[21:59:46] [331/445] MASM
[21:59:47] [332/445] BACS
[21:59:48] [333/445] BWST
[21:59:49] [334/445] RRFH
[21:59:50] [335/445] SJTM
[21:59:51] [336/445] BEMR
[21:59:52] [337/445] MCGR
[21:59:53] [338/445] SDSK
[21:59:53] [339/445] VBOL
[21:59:54] [340/445] RMGM
[21:59:55] [341/445] NOPL
[21:59:56] [342/445] MKJK
[21:59:56] [343/445] CVRN
[21:59:57] [344/445] MMEN
[21:59:59] [345/445] AMNG
[21:59:59] [346/445] INTM
[22:00:00] [347/445] SLCZ
[22:00:01] [348/445] AMJN
[22:00:02] [349/445] ACJN
[22:00:03] [350/445] AMKN
[22:00:04] [351/445] BTCN
[22:00:05] [352/445] AMBT
[22:00:06] [353/445] PACN
[22:00:06] [354/445] LCNS
[22:00:07] [355/445] PPKC
[22:00:08] [356/445] JYYN
[22:00:09] [357/445] JTNR
[22:00:10] [358/445] GTEE
[22:00:10] [359/445] SRNM
[22:00:11] [360/445] SDTC
[22:00:12] [361/445] VPCA
[22:00:13] [362/445] VLRA
[22:00:14] [363/445] SHKR
[22:00:15] [364/445] SBKD
[22:00:15] [365/445] SAAD
[22:00:16] [366/445] JTGN
[22:00:17] [367/445] SLAM
[22:00:18] [368/445] VTPM
[22:00:19] [369/445] ANPT
[22:00:19] [370/445] PUNB
[22:00:20] [371/445] CPKT
[22:00:21] [372/445] CNWE
[22:00:22] [373/445] ECPP
[22:00:23] [374/445] CPAR
[22:00:24] [375/445] ESBW
[22:00:24] [376/445] PKPU
[22:00:25] [377/445] CPRP
[22:00:26] [378/445] RAHU
[22:00:27] [379/445] RHMN
[22:00:28] [380/445] FMJP
[22:00:30] [381/445] CTMP
[22:00:30] [382/445] INPN
[22:00:31] [383/445] STTG
[22:00:32] [384/445] CTRD
[22:00:33] [385/445] PUVB
[22:00:33] [386/445] ESVP
[22:00:34] [387/445] CPFT
[22:00:35] [388/445] LCPC
[22:00:36] [389/445] VBCT
[22:00:37] [390/445] FSCW
[22:00:38] [391/445] VCMP
[22:00:39] [392/445] ASHC
[22:00:40] [393/445] VLCX
[22:00:41] [394/445] SHEV
[22:00:41] [395/445] APCO
[22:00:42] [396/445] SILC
[22:00:43] [397/445] SNMR
[22:00:44] [398/445] KYBO
[22:00:45] [399/445] SATK
[22:00:46] [400/445] SSCS
[22:00:47] [401/445] CLSB
[22:00:47] [402/445] KMJR
[22:00:48] [403/445] FSCK
[22:00:49] [404/445] NNKA
[22:00:50] [405/445] CLMK
[22:00:51] [406/445] DMPZ
[22:00:51] [407/445] INQM
[22:00:52] [408/445] CAML
[22:00:53] [409/445] INRK
[22:00:54] [410/445] IMKN
[22:00:55] [411/445] SVNR
[22:00:56] [412/445] INSL
[22:00:56] [413/445] MSMA
[22:00:57] [414/445] MCKK
[22:00:58] [415/445] FCHP
[22:00:59] [416/445] SFCR
[22:01:00] [417/445] NACK
[22:01:01] [418/445] PVAK
[22:01:02] [419/445] INER
[22:01:02] [420/445] RDBK
[22:01:03] [421/445] SVFN
[22:01:04] [422/445] IFRM
[22:01:05] [423/445] ATCK
[22:01:06] [424/445] ASKO
[22:01:07] [425/445] STKT
[22:01:07] [426/445] SVFB
[22:01:08] [427/445] INKS
[22:01:09] [428/445] PCRA
[22:01:10] [429/445] ATJA
[22:01:10] [430/445] IMJN
[22:01:11] [431/445] INHD
[22:01:13] [432/445] BARA
[22:01:14] [433/445] MCSL
[22:01:14] [434/445] RTOY
[22:01:15] [435/445] MENO
[22:01:16] [436/445] PUDM
[22:01:17] [437/445] PRCN
[22:01:18] [438/445] JMJR
[22:01:19] [439/445] SSGK
[22:01:20] [440/445] SSRL
[22:01:21] [441/445] JYKL
[22:01:21] [442/445] ACNB
[22:01:22] [443/445] SONP
[22:01:23] [444/445] EMCI
[22:01:24] [445/445] MRJH
[22:01:25] 🧹 Deduping shows
[22:01:25] ✅ DONE | Shows=1961 | Movies=53
[03:49:33] 🚀 SCRIPT STARTED
[03:49:33] [1/445] TGMR
[03:49:33] 🧠 New identity created
[03:49:34] [2/445] CXKR
[03:49:36] [3/445] SROP
[03:49:37] [4/445] GTSV
[03:49:38] [5/445] SNTY
[03:49:39] [6/445] SMYY
[03:49:40] [7/445] CNCS
[03:49:42] [8/445] CSTM
[03:49:42] [9/445] NUCD
[03:49:43] [10/445] SHCZ
[03:49:44] [11/445] NJCT
[03:49:45] [12/445] COPC
[03:49:46] [13/445] STVV
[03:49:47] [14/445] SKRN
[03:49:48] [15/445] APPZ
[03:49:49] [16/445] YMGN
[03:49:49] [17/445] SVTU
[03:49:50] [18/445] GTAD
[03:49:51] [19/445] PSUS
[03:49:52] [20/445] SMCD
[03:49:53] [21/445] CMCM
[03:49:54] [22/445] SYCT
[03:49:55] [23/445] STLY
[03:49:56] [24/445] CMHU
[03:49:57] [25/445] CMSA
[03:49:58] [26/445] CLCU
[03:49:59] [27/445] PPNT
[03:50:00] [28/445] JTAB
[03:50:01] [29/445] BUUC
[03:50:02] [30/445] BSVK
[03:50:02] [31/445] VVVQ
[03:50:03] [32/445] TKMU
[03:50:04] [33/445] ESYL
[03:50:05] [34/445] ACHP
[03:50:06] [35/445] BTKD
[03:50:06] [36/445] DESA
[03:50:08] [37/445] GBCT
[03:50:09] [38/445] BLLD
[03:50:10] [39/445] SKNT
[03:50:11] [40/445] SSTE
[03:50:12] [41/445] VJMR
[03:50:12] [42/445] NTPU
[03:50:13] [43/445] RDKN
[03:50:14] [44/445] ADGC
[03:50:15] [45/445] VRBP
[03:50:16] [46/445] NMNA
[03:50:17] [47/445] CMMX
[03:50:18] [48/445] PTKO
[03:50:19] [49/445] RBML
[03:50:19] [50/445] SAIC
[03:50:20] [51/445] SVTJ
[03:50:21] [52/445] MRTE
[03:50:22] [53/445] RBTP
[03:50:23] [54/445] NLPS
[03:50:24] [55/445] GTNA
[03:50:24] [56/445] DGGC
[03:50:25] [57/445] SMCR
[03:50:26] [58/445] SCGD
[03:50:27] [59/445] SRRJ
[03:50:28] [60/445] CNRY
[03:50:29] [61/445] KTDI
[03:50:29] [62/445] SNJL
[03:50:30] [63/445] RKMD
[03:50:31] [64/445] SMDC
[03:50:32] [65/445] TADG
[03:50:33] [66/445] MCGS
[03:50:33] [67/445] PETK
[03:50:34] [68/445] CHAG
[03:50:35] [69/445] KSTL
[03:50:36] [70/445] AADS
[03:50:36] [71/445] NTHZ
[03:50:37] [72/445] HCKI
[03:50:38] [73/445] SSEF
[03:50:38] [74/445] MCGX
[03:50:39] [75/445] ERRA
[03:50:40] [76/445] SDTW
[03:50:41] [77/445] RMPK
[03:50:42] [78/445] PTHK
[03:50:43] [79/445] PXCS
[03:50:43] [80/445] SVLU
[03:50:45] [81/445] STAH
[03:50:46] [82/445] JRGF
[03:50:46] [83/445] CDOK
[03:50:47] [84/445] CMSG
[03:50:48] [85/445] APTD
[03:50:49] [86/445] KMPG
[03:50:50] [87/445] MUTJ
[03:50:51] [88/445] VCCI
[03:50:52] [89/445] URBE
[03:50:53] [90/445] TCTS
[03:50:54] [91/445] STSN
[03:50:55] [92/445] AKCH
[03:50:55] [93/445] APSC
[03:50:56] [94/445] VLTB
[03:50:58] [95/445] SANU
[03:50:58] [96/445] AXAM
[03:50:59] [97/445] MGMG
[03:51:00] [98/445] HTBY
[03:51:00] [99/445] MMZS
[03:51:01] [100/445] SUDR
[03:51:02] [101/445] CCAD
[03:51:03] [102/445] SKKC
[03:51:04] [103/445] RMCD
[03:51:05] [104/445] SBCQ
[03:51:06] [105/445] DCCT
[03:51:06] [106/445] VTKP
[03:51:07] [107/445] MLAM
[03:51:08] [108/445] SAVT
[03:51:09] [109/445] GEPL
[03:51:09] [110/445] AMCD
[03:51:10] [111/445] CCXR
[03:51:12] [112/445] GRNG
[03:51:13] [113/445] EBCA
[03:51:14] [114/445] CNVG
[03:51:14] [115/445] MWSS
[03:51:15] [116/445] VBOR
[03:51:16] [117/445] NEEB
[03:51:17] [118/445] SUTH
[03:51:18] [119/445] ANDB
[03:51:19] [120/445] MMXS
[03:51:20] [121/445] CNPD
[03:51:20] [122/445] SDCE
[03:51:21] [123/445] DHCB
[03:51:22] [124/445] ODEN
[03:51:23] [125/445] TNTC
[03:51:24] [126/445] VBKM
[03:51:24] [127/445] RZYM
[03:51:25] [128/445] JEMC
[03:51:27] [129/445] CMAU
[03:51:28] [130/445] SIVP
[03:51:28] [131/445] ATAG
[03:51:29] [132/445] CHTM
[03:51:30] [133/445] AAEE
[03:51:31] [134/445] IWPM
[03:51:31] [135/445] KCMW
[03:51:32] [136/445] MCTD
[03:51:33] [137/445] SPWR
[03:51:34] [138/445] SDPO
[03:51:35] [139/445] PCSK
[03:51:35] [140/445] ACHV
[03:51:36] [141/445] SVLA
[03:51:37] [142/445] PICT
[03:51:38] [143/445] BXDR
[03:51:39] [144/445] SPWA
[03:51:40] [145/445] MCKO
[03:51:41] [146/445] RTHK
[03:51:42] [147/445] CCMF
[03:51:43] [148/445] MRGB
[03:51:43] [149/445] CPLC
[03:51:44] [150/445] RACD
[03:51:45] [151/445] ATKT
[03:51:46] [152/445] SARN
[03:51:46] [153/445] KKUI
[03:51:48] [154/445] RGCM
[03:51:49] [155/445] BRVP
[03:51:50] [156/445] HRSR
[03:51:51] [157/445] GKGM
[03:51:52] [158/445] TTCD
[03:51:53] [159/445] PTTI
[03:51:53] [160/445] MPTT
[03:51:54] [161/445] CVTT
[03:51:55] [162/445] PCXD
[03:51:56] [163/445] GCDC
[03:51:57] [164/445] CCCF
[03:51:57] [165/445] MRAD
[03:51:58] [166/445] CPLK
[03:51:59] [167/445] SATB
[03:52:00] [168/445] SNVG
[03:52:01] [169/445] JMBA
[03:52:02] [170/445] TEJA
[03:52:02] [171/445] STYO
[03:52:03] [172/445] JTBP
[03:52:04] [173/445] KRGD
[03:52:05] [174/445] SLJJ
[03:52:06] [175/445] SPTJ
[03:52:06] [176/445] SWJG
[03:52:07] [177/445] LKRT
[03:52:08] [178/445] KCKA
[03:52:09] [179/445] SNCR
[03:52:10] [180/445] SMKL
[03:52:11] [181/445] GCFA
[03:52:12] [182/445] DDCK
[03:52:12] [183/445] NCHJ
[03:52:13] [184/445] RDMA
[03:52:14] [185/445] SVSV
[03:52:15] [186/445] SCJG
[03:52:15] [187/445] VKLP
[03:52:16] [188/445] NWCC
[03:52:18] [189/445] VKNS
[03:52:18] [190/445] SDDP
[03:52:19] [191/445] ACSI
[03:52:20] [192/445] SATG
[03:52:21] [193/445] SCMW
[03:52:21] [194/445] LKTK
[03:52:22] [195/445] VCKV
[03:52:23] [196/445] KKPE
[03:52:24] [197/445] KIGH
[03:52:25] [198/445] SRPM
[03:52:26] [199/445] SCAH
[03:52:26] [200/445] MUTA
[03:52:27] [201/445] SEPU
[03:52:28] [202/445] INOA
[03:52:29] [203/445] BASK
[03:52:29] [204/445] NECB
[03:52:30] [205/445] GTTG
[03:52:31] [206/445] ASSA
[03:52:32] [207/445] ANCL
[03:52:33] [208/445] GCTI
[03:52:34] [209/445] RCTS
[03:52:34] [210/445] ACNL
[03:52:35] [211/445] MYCT
[03:52:36] [212/445] NMHT
[03:52:37] [213/445] MDIT
[03:52:37] [214/445] LATG
[03:52:38] [215/445] SMTY
[03:52:39] [216/445] CVCT
[03:52:40] [217/445] RAMB
[03:52:41] [218/445] TGMS
[03:52:42] [219/445] BHEL
[03:52:43] [220/445] SHCT
[03:52:44] [221/445] SVCT
[03:52:45] [222/445] MRIY
[03:52:45] [223/445] SARO
[03:52:46] [224/445] STCT
[03:52:47] [225/445] JKKC
[03:52:48] [226/445] PLTT
[03:52:49] [227/445] SRNT
[03:52:49] [228/445] YAST
[03:52:50] [229/445] PERL
[03:52:51] [230/445] CICM
[03:52:52] [231/445] MMTR
[03:52:53] [232/445] ABTK
[03:52:54] [233/445] ATYY
[03:52:55] [234/445] ASTK
[03:52:56] [235/445] VVCK
[03:52:57] [236/445] ATKY
[03:52:57] [237/445] GWEK
[03:52:58] [238/445] SVFH
[03:52:59] [239/445] SLTA
[03:53:00] [240/445] AASH
[03:53:01] [241/445] ACXB
[03:53:01] [242/445] SMTX
[03:53:03] [243/445] AZDH
[03:53:04] [244/445] CMMH
[03:53:06] [245/445] SCSZ
[03:53:06] [246/445] SCKP
[03:53:07] [247/445] NXTM
[03:53:08] [248/445] NWCS
[03:53:10] [249/445] CXMH
[03:53:10] [250/445] PCMA
[03:53:11] [251/445] SGCM
[03:53:12] [252/445] SDTU
[03:53:13] [253/445] MMVI
[03:53:14] [254/445] JKCM
[03:53:15] [255/445] VCMM
[03:53:15] [256/445] SYEE
[03:53:16] [257/445] VASD
[03:53:17] [258/445] BDRB
[03:53:18] [259/445] LASM
[03:53:18] [260/445] DCRL
[03:53:19] [261/445] DVPM
[03:53:20] [262/445] SBMJ
[03:53:21] [263/445] CBMU
[03:53:22] [264/445] IUBS
[03:53:23] [265/445] INAP
[03:53:23] [266/445] SRRC
[03:53:24] [267/445] SAGR
[03:53:25] [268/445] CPMJ
[03:53:26] [269/445] ATJL
[03:53:27] [270/445] NNTD
[03:53:28] [271/445] JHCJ
[03:53:29] [272/445] CMMP
[03:53:30] [273/445] RSDR
[03:53:30] [274/445] AMTI
[03:53:31] [275/445] NYSG
[03:53:32] [276/445] AVSG
[03:53:32] [277/445] SYTP
[03:53:34] [278/445] LARC
[03:53:35] [279/445] RJTP
[03:53:36] [280/445] LAKC
[03:53:36] [281/445] MCXE
[03:53:37] [282/445] CCZC
[03:53:38] [283/445] AVCH
[03:53:40] [284/445] CMBE
[03:53:40] [285/445] MRRC
[03:53:41] [286/445] PCPY
[03:53:42] [287/445] SRMH
[03:53:43] [288/445] SVGS
[03:53:43] [289/445] PCSE
[03:53:44] [290/445] SVFT
[03:53:45] [291/445] TNZP
[03:53:46] [292/445] ICTP
[03:53:47] [293/445] ACTZ
[03:53:48] [294/445] GTUR
[03:53:48] [295/445] MAFC
[03:53:49] [296/445] MINL
[03:53:50] [297/445] MRCL
[03:53:51] [298/445] RCRP
[03:53:52] [299/445] RFFG
[03:53:52] [300/445] RMAS
[03:53:53] [301/445] INVR
[03:53:55] [302/445] RMAR
[03:53:56] [303/445] CNIS
[03:53:56] [304/445] RHRJ
[03:53:57] [305/445] INXR
[03:53:59] [306/445] VALT
[03:53:59] [307/445] LCSH
[03:54:00] [308/445] CMVS
[03:54:01] [309/445] CNMS
[03:54:02] [310/445] ROOG
[03:54:03] [311/445] ISRM
[03:54:03] [312/445] RCRM
[03:54:04] [313/445] ACJA
[03:54:05] [314/445] RCVS
[03:54:06] [315/445] CPUS
[03:54:06] [316/445] TGCS
[03:54:07] [317/445] RKCJ
[03:54:08] [318/445] MKSB
[03:54:09] [319/445] TCSJ
[03:54:09] [320/445] RMGP
[03:54:10] [321/445] CLLP
[03:54:11] [322/445] RCMV
[03:54:12] [323/445] CCKS
[03:54:13] [324/445] RSRP
[03:54:14] [325/445] APLP
[03:54:14] [326/445] CNVS
[03:54:15] [327/445] RMVY
[03:54:16] [328/445] PGBD
[03:54:17] [329/445] KLMS
[03:54:18] [330/445] RUST
[03:54:19] [331/445] MASM
[03:54:20] [332/445] BACS
[03:54:21] [333/445] BWST
[03:54:21] [334/445] RRFH
[03:54:22] [335/445] SJTM
[03:54:23] [336/445] BEMR
[03:54:24] [337/445] MCGR
[03:54:25] [338/445] SDSK
[03:54:25] [339/445] VBOL
[03:54:26] [340/445] RMGM
[03:54:27] [341/445] NOPL
[03:54:28] [342/445] MKJK
[03:54:29] [343/445] CVRN
[03:54:30] [344/445] MMEN
[03:54:32] [345/445] AMNG
[03:54:32] [346/445] INTM
[03:54:33] [347/445] SLCZ
[03:54:34] [348/445] AMJN
[03:54:35] [349/445] ACJN
[03:54:36] [350/445] AMKN
[03:54:37] [351/445] BTCN
[03:54:38] [352/445] AMBT
[03:54:38] [353/445] PACN
[03:54:39] [354/445] LCNS
[03:54:40] [355/445] PPKC
[03:54:41] [356/445] JYYN
[03:54:41] [357/445] JTNR
[03:54:42] [358/445] GTEE
[03:54:43] [359/445] SRNM
[03:54:44] [360/445] SDTC
[03:54:45] [361/445] VPCA
[03:54:46] [362/445] VLRA
[03:54:46] [363/445] SHKR
[03:54:48] [364/445] SBKD
[03:54:48] [365/445] SAAD
[03:54:49] [366/445] JTGN
[03:54:50] [367/445] SLAM
[03:54:52] [368/445] VTPM
[03:54:52] [369/445] ANPT
[03:54:53] [370/445] PUNB
[03:54:54] [371/445] CPKT
[03:54:55] [372/445] CNWE
[03:54:56] [373/445] ECPP
[03:54:56] [374/445] CPAR
[03:54:57] [375/445] ESBW
[03:54:58] [376/445] PKPU
[03:55:00] [377/445] CPRP
[03:55:01] [378/445] RAHU
[03:55:02] [379/445] RHMN
[03:55:03] [380/445] FMJP
[03:55:03] [381/445] CTMP
[03:55:04] [382/445] INPN
[03:55:05] [383/445] STTG
[03:55:06] [384/445] CTRD
[03:55:06] [385/445] PUVB
[03:55:07] [386/445] ESVP
[03:55:08] [387/445] CPFT
[03:55:09] [388/445] LCPC
[03:55:10] [389/445] VBCT
[03:55:11] [390/445] FSCW
[03:55:12] [391/445] VCMP
[03:55:13] [392/445] ASHC
[03:55:14] [393/445] VLCX
[03:55:15] [394/445] SHEV
[03:55:15] [395/445] APCO
[03:55:17] [396/445] SILC
[03:55:18] [397/445] SNMR
[03:55:18] [398/445] KYBO
[03:55:19] [399/445] SATK
[03:55:20] [400/445] SSCS
[03:55:21] [401/445] CLSB
[03:55:22] [402/445] KMJR
[03:55:23] [403/445] FSCK
[03:55:24] [404/445] NNKA
[03:55:25] [405/445] CLMK
[03:55:25] [406/445] DMPZ
[03:55:26] [407/445] INQM
[03:55:27] [408/445] CAML
[03:55:28] [409/445] INRK
[03:55:29] [410/445] IMKN
[03:55:30] [411/445] SVNR
[03:55:30] [412/445] INSL
[03:55:31] [413/445] MSMA
[03:55:32] [414/445] MCKK
[03:55:33] [415/445] FCHP
[03:55:34] [416/445] SFCR
[03:55:35] [417/445] NACK
[03:55:36] [418/445] PVAK
[03:55:36] [419/445] INER
[03:55:37] [420/445] RDBK
[03:55:38] [421/445] SVFN
[03:55:39] [422/445] IFRM
[03:55:40] [423/445] ATCK
[03:55:41] [424/445] ASKO
[03:55:41] [425/445] STKT
[03:55:42] [426/445] SVFB
[03:55:43] [427/445] INKS
[03:55:44] [428/445] PCRA
[03:55:45] [429/445] ATJA
[03:55:46] [430/445] IMJN
[03:55:47] [431/445] INHD
[03:55:48] [432/445] BARA
[03:55:49] [433/445] MCSL
[03:55:49] [434/445] RTOY
[03:55:50] [435/445] MENO
[03:55:51] [436/445] PUDM
[03:55:52] [437/445] PRCN
[03:55:53] [438/445] JMJR
[03:55:54] [439/445] SSGK
[03:55:54] [440/445] SSRL
[03:55:55] [441/445] JYKL
[03:55:56] [442/445] ACNB
[03:55:57] [443/445] SONP
[03:55:57] [444/445] EMCI
[03:55:58] [445/445] MRJH
[03:55:59] 🧹 Deduping shows
[03:55:59] ✅ DONE | Shows=2097 | Movies=56
