[10:07:07] 🚀 SCRIPT STARTED
[10:07:07] [1/459] NECA
[10:07:07] 🧠 New identity created
[10:07:08] [2/459] BJLC
[10:07:09] [3/459] BASU
[10:07:10] [4/459] RUPI
[10:07:12] [5/459] LCBK
[10:07:12] [6/459] PMAC
[10:07:13] [7/459] AMLC
[10:07:14] [8/459] LICL
[10:07:15] [9/459] UDMM
[10:07:15] [10/459] STBZ
[10:07:16] [11/459] UUBT
[10:07:17] [12/459] SJKC
[10:07:18] [13/459] TUAL
[10:07:19] [14/459] MRSE
[10:07:20] [15/459] RMRK
[10:07:21] [16/459] TTKP
[10:07:23] [17/459] KTKO
[10:07:24] [18/459] SDBK
[10:07:25] [19/459] MCPR
[10:07:26] [20/459] CHTI
[10:07:27] [21/459] GCCP
[10:07:27] [22/459] SRMY
[10:07:28] [23/459] NYST
[10:07:29] [24/459] NYAG
[10:07:30] [25/459] SBMT
[10:07:31] [26/459] INGA
[10:07:32] [27/459] WSIC
[10:07:33] [28/459] SCSS
[10:07:34] [29/459] COPG
[10:07:35] [30/459] RCGR
[10:07:36] [31/459] TCZA
[10:07:37] [32/459] CNLP
[10:07:38] [33/459] CLKN
[10:07:39] [34/459] LHDF
[10:07:40] [35/459] ELKC
[10:07:40] [36/459] VCEM
[10:07:41] [37/459] SSZA
[10:07:42] [38/459] KRMT
[10:07:43] [39/459] LCMV
[10:07:44] [40/459] AYCZ
[10:07:45] [41/459] CUMS
[10:07:46] [42/459] BOCK
[10:07:47] [43/459] PNMR
[10:07:47] [44/459] PJCP
[10:07:48] [45/459] JDDD
[10:07:50] [46/459] STMS
[10:07:50] [47/459] FLMB
[10:07:51] [48/459] PKCM
[10:07:53] [49/459] SPPR
[10:07:54] [50/459] EYLH
[10:07:55] [51/459] RJCC
[10:07:56] [52/459] MMPS
[10:07:57] [53/459] SHMX
[10:07:58] [54/459] CCNL
[10:07:58] [55/459] RCNV
[10:07:59] [56/459] MAAG
[10:08:00] [57/459] LXCM
[10:08:01] [58/459] RCNI
[10:08:02] [59/459] SNNI
[10:08:03] [60/459] LALC
[10:08:04] [61/459] SOCN
[10:08:06] [62/459] JHTP
[10:08:06] [63/459] PITP
[10:08:07] [64/459] CCKW
[10:08:08] [65/459] MCMC
[10:08:09] [66/459] DEES
[10:08:11] [67/459] SABT
[10:08:12] [68/459] VSPP
[10:08:13] [69/459] ABCT
[10:08:15] [70/459] JVTB
[10:08:16] [71/459] VCBD
[10:08:17] [72/459] RMGG
[10:08:17] [73/459] RNMH
[10:08:18] [74/459] SPGL
[10:08:19] [75/459] JTTR
[10:08:20] [76/459] SICS
[10:08:21] [77/459] SRMI
[10:08:22] [78/459] SSIJ
[10:08:23] [79/459] KFMT
[10:08:23] [80/459] VBIT
[10:08:24] [81/459] JKCT
[10:08:25] [82/459] GCGP
[10:08:26] [83/459] GDCS
[10:08:27] [84/459] TRBA
[10:08:27] [85/459] QUST
[10:08:28] [86/459] VSHM
[10:08:29] [87/459] SDCP
[10:08:30] [88/459] SNVS
[10:08:31] [89/459] NYTO
[10:08:32] [90/459] URWC
[10:08:33] [91/459] GTWH
[10:08:34] [92/459] PFCM
[10:08:35] [93/459] KRTA
[10:08:36] [94/459] AXMC
[10:08:37] [95/459] EVMC
[10:08:38] [96/459] HGSM
[10:08:39] [97/459] ACVM
[10:08:40] [98/459] PSKL
[10:08:41] [99/459] RDMP
[10:08:42] [100/459] RHGH
[10:08:43] [101/459] OMCM
[10:08:44] [102/459] DCCP
[10:08:45] [103/459] MCPB
[10:08:46] [104/459] ALCI
[10:08:46] [105/459] BLMX
[10:08:47] [106/459] BTMV
[10:08:48] [107/459] FVPN
[10:08:49] [108/459] CMAR
[10:08:50] [109/459] CEIM
[10:08:51] [110/459] CMVA
[10:08:51] [111/459] CPIV
[10:08:52] [112/459] CNPE
[10:08:53] [113/459] COLV
[10:08:55] [114/459] DNNV
[10:08:55] [115/459] HCAD
[10:08:56] [116/459] TAKA
[10:08:57] [117/459] INVD
[10:08:58] [118/459] IRMM
[10:08:58] [119/459] INSE
[10:08:59] [120/459] MRSW
[10:09:00] [121/459] MCVD
[10:09:01] [122/459] MCSO
[10:09:02] [123/459] PEVM
[10:09:03] [124/459] PVNL
[10:09:04] [125/459] PTCV
[10:09:05] [126/459] PRTC
[10:09:06] [127/459] RCVA
[10:09:07] [128/459] MTBN
[10:09:08] [129/459] LUCP
[10:09:08] [130/459] FMPT
[10:09:09] [131/459] JLSL
[10:09:10] [132/459] SBHA
[10:09:11] [133/459] SHRC
[10:09:12] [134/459] AVPS
[10:09:13] [135/459] STPM
[10:09:13] [136/459] ATRD
[10:09:14] [137/459] VTED
[10:09:15] [138/459] ACAI
[10:09:16] [139/459] SMAE
[10:09:17] [140/459] VMAT
[10:09:18] [141/459] LKCT
[10:09:19] [142/459] JTVK
[10:09:19] [143/459] PRTY
[10:09:20] [144/459] GETT
[10:09:21] [145/459] ESAP
[10:09:22] [146/459] NCPM
[10:09:23] [147/459] PCPA
[10:09:24] [148/459] MMOM
[10:09:25] [149/459] PHUP
[10:09:26] [150/459] CCPI
[10:09:27] [151/459] CNTD
[10:09:27] [152/459] NLJR
[10:09:28] [153/459] SRNG
[10:09:29] [154/459] MHAL
[10:09:30] [155/459] PNSM
[10:09:31] [156/459] DRMY
[10:09:32] [157/459] CCMU
[10:09:33] [158/459] SCMY
[10:09:34] [159/459] PVSY
[10:09:35] [160/459] SDLM
[10:09:36] [161/459] ICCM
[10:09:37] [162/459] PYSU
[10:09:38] [163/459] GATM
[10:09:40] [164/459] WOTM
[10:09:41] [165/459] RKTS
[10:09:41] [166/459] PMTY
[10:09:43] [167/459] LYMS
[10:09:44] [168/459] TGCA
[10:09:44] [169/459] DSTA
[10:09:45] [170/459] CNGE
[10:09:46] [171/459] VSTG
[10:09:47] [172/459] GTCK
[10:09:48] [173/459] TGNT
[10:09:50] [174/459] ASLC
[10:09:50] [175/459] SSST
[10:09:51] [176/459] KBTT
[10:09:53] [177/459] HKCP
[10:09:53] [178/459] SWLC
[10:09:54] [179/459] RTND
[10:09:55] [180/459] PKKT
[10:09:56] [181/459] HSTK
[10:09:57] [182/459] SPTT
[10:09:58] [183/459] IMPM
[10:09:59] [184/459] SCMV
[10:10:01] [185/459] SPCT
[10:10:02] [186/459] JBCA
[10:10:03] [187/459] ATTR
[10:10:04] [188/459] SPMT
[10:10:05] [189/459] LCTM
[10:10:05] [190/459] SCVL
[10:10:06] [191/459] SCVT
[10:10:07] [192/459] KRIC
[10:10:08] [193/459] CTMG
[10:10:09] [194/459] ACNC
[10:10:10] [195/459] DMCK
[10:10:10] [196/459] KMTV
[10:10:11] [197/459] PFCJ
[10:10:13] [198/459] VNMD
[10:10:14] [199/459] VPCZ
[10:10:14] [200/459] SRYR
[10:10:15] [201/459] SYTR
[10:10:17] [202/459] GATR
[10:10:18] [203/459] URTR
[10:10:19] [204/459] MKSM
[10:10:20] [205/459] VSMH
[10:10:21] [206/459] SKRJ
[10:10:22] [207/459] SSJR
[10:10:23] [208/459] SVSM
[10:10:23] [209/459] RUCM
[10:10:24] [210/459] PRKN
[10:10:25] [211/459] RROH
[10:10:26] [212/459] SCTN
[10:10:26] [213/459] RTDM
[10:10:28] [214/459] ASRM
[10:10:29] [215/459] SKMD
[10:10:29] [216/459] SUTD
[10:10:30] [217/459] SADM
[10:10:31] [218/459] WCNR
[10:10:32] [219/459] CNED
[10:10:33] [220/459] MPDB
[10:10:34] [221/459] KTBH
[10:10:35] [222/459] IDRM
[10:10:36] [223/459] PJJT
[10:10:37] [224/459] PFCV
[10:10:38] [225/459] AACT
[10:10:38] [226/459] AAAD
[10:10:40] [227/459] ANES
[10:10:41] [228/459] MNCA
[10:10:42] [229/459] RMGU
[10:10:42] [230/459] DLCN
[10:10:43] [231/459] LJWT
[10:10:44] [232/459] MCBG
[10:10:45] [233/459] MYBG
[10:10:45] [234/459] GCCA
[10:10:46] [235/459] GCGA
[10:10:47] [236/459] ECGN
[10:10:48] [237/459] PRAB
[10:10:49] [238/459] PNMP
[10:10:50] [239/459] GCPT
[10:10:51] [240/459] ROYN
[10:10:52] [241/459] VATM
[10:10:52] [242/459] KSNT
[10:10:53] [243/459] ACTC
[10:10:54] [244/459] PLTD
[10:10:55] [245/459] SKMK
[10:10:56] [246/459] CMTT
[10:10:56] [247/459] SMXP
[10:10:57] [248/459] SCMX
[10:10:58] [249/459] ACXN
[10:11:00] [250/459] ASWT
[10:11:01] [251/459] VVVL
[10:11:01] [252/459] NAGO
[10:11:02] [253/459] SNCN
[10:11:03] [254/459] MCKP
[10:11:04] [255/459] SAMO
[10:11:05] [256/459] JBTV
[10:11:05] [257/459] DCVV
[10:11:07] [258/459] KMSV
[10:11:08] [259/459] KDCN
[10:11:08] [260/459] CNCP
[10:11:09] [261/459] HAMC
[10:11:10] [262/459] CCVZ
[10:11:11] [263/459] NCCK
[10:11:12] [264/459] MCHR
[10:11:12] [265/459] SCHT
[10:11:13] [266/459] ESSH
[10:11:14] [267/459] CUJC
[10:11:15] [268/459] PECP
[10:11:16] [269/459] PMMI
[10:11:17] [270/459] PCCH
[10:11:17] [271/459] PRPM
[10:11:18] [272/459] PVKL
[10:11:19] [273/459] CBSM
[10:11:20] [274/459] PVCZ
[10:11:21] [275/459] PCVV
[10:11:22] [276/459] CTMJ
[10:11:22] [277/459] RCPS
[10:11:23] [278/459] PCIT
[10:11:24] [279/459] FNCH
[10:11:25] [280/459] INZD
[10:11:25] [281/459] INPC
[10:11:26] [282/459] LCZP
[10:11:27] [283/459] SMCB
[10:11:28] [284/459] PTSB
[10:11:29] [285/459] TPSI
[10:11:30] [286/459] KHMJ
[10:11:31] [287/459] RCCJ
[10:11:32] [288/459] NCJA
[10:11:33] [289/459] NCJN
[10:11:34] [290/459] BTDP
[10:11:35] [291/459] PADY
[10:11:36] [292/459] NYBH
[10:11:37] [293/459] MTBR
[10:11:37] [294/459] KRBC
[10:11:38] [295/459] DKTI
[10:11:39] [296/459] ANAN
[10:11:40] [297/459] INBP
[10:11:41] [298/459] PATB
[10:11:42] [299/459] RGNT
[10:11:43] [300/459] CGPM
[10:11:43] [301/459] INTN
[10:11:44] [302/459] MCMP
[10:11:45] [303/459] ASRG
[10:11:46] [304/459] CXJD
[10:11:47] [305/459] SPCP
[10:11:48] [306/459] CSTP
[10:11:48] [307/459] PKVC
[10:11:49] [308/459] ESCP
[10:11:50] [309/459] CAEP
[10:11:52] [310/459] CCSP
[10:11:52] [311/459] KTPC
[10:11:53] [312/459] DACA
[10:11:54] [313/459] NVKY
[10:11:55] [314/459] PTIN
[10:11:56] [315/459] SCIN
[10:11:56] [316/459] MCTY
[10:11:57] [317/459] PCMX
[10:11:58] [318/459] INIC
[10:11:59] [319/459] MMZM
[10:12:00] [320/459] SSLP
[10:12:01] [321/459] DTDT
[10:12:02] [322/459] FFCX
[10:12:02] [323/459] RCMM
[10:12:03] [324/459] KYID
[10:12:04] [325/459] CSCI
[10:12:05] [326/459] FCMC
[10:12:06] [327/459] MMXI
[10:12:07] [328/459] ASTC
[10:12:08] [329/459] CMRA
[10:12:08] [330/459] DICI
[10:12:09] [331/459] KDIN
[10:12:10] [332/459] PRFI
[10:12:11] [333/459] SVFC
[10:12:12] [334/459] UCPL
[10:12:12] [335/459] COOC
[10:12:13] [336/459] SCAL
[10:12:14] [337/459] SVFF
[10:12:15] [338/459] VCMG
[10:12:16] [339/459] UUCT
[10:12:17] [340/459] GCSE
[10:12:17] [341/459] SUSC
[10:12:18] [342/459] MISC
[10:12:19] [343/459] RMBL
[10:12:20] [344/459] CMXN
[10:12:21] [345/459] PVBK
[10:12:22] [346/459] HHCG
[10:12:23] [347/459] SCAG
[10:12:24] [348/459] CNPR
[10:12:25] [349/459] CSER
[10:12:26] [350/459] HLWD
[10:12:27] [351/459] BOLY
[10:12:28] [352/459] SSPG
[10:12:30] [353/459] MUPX
[10:12:31] [354/459] HAMR
[10:12:31] [355/459] SDNC
[10:12:32] [356/459] RTEN
[10:12:33] [357/459] SDTD
[10:12:34] [358/459] KAWS
[10:12:35] [359/459] CMZX
[10:12:36] [360/459] DCDD
[10:12:37] [361/459] ALSN
[10:12:38] [362/459] IMXS
[10:12:39] [363/459] PVFF
[10:12:40] [364/459] PVOO
[10:12:41] [365/459] CFBS
[10:12:42] [366/459] PVER
[10:12:43] [367/459] PPNX
[10:12:43] [368/459] CNRM
[10:12:44] [369/459] PVWW
[10:12:45] [370/459] INMB
[10:12:46] [371/459] CPJR
[10:12:47] [372/459] INRZ
[10:12:47] [373/459] PMSR
[10:12:48] [374/459] GPGM
[10:12:49] [375/459] PGWB
[10:12:50] [376/459] PMBR
[10:12:51] [377/459] GPAM
[10:12:51] [378/459] INBC
[10:12:52] [379/459] PZVK
[10:12:53] [380/459] CPEB
[10:12:54] [381/459] FMLB
[10:12:55] [382/459] INBG
[10:12:56] [383/459] GPBR
[10:12:57] [384/459] PAAS
[10:12:58] [385/459] VTBR
[10:12:59] [386/459] GPMY
[10:13:00] [387/459] GYBU
[10:13:01] [388/459] INBJ
[10:13:02] [389/459] LKTH
[10:13:03] [390/459] NSBR
[10:13:04] [391/459] PDRD
[10:13:05] [392/459] VRBL
[10:13:06] [393/459] VTGB
[10:13:07] [394/459] VTSK
[10:13:08] [395/459] BKDV
[10:13:08] [396/459] SVTB
[10:13:10] [397/459] MLDT
[10:13:11] [398/459] NRBL
[10:13:12] [399/459] SLTR
[10:13:12] [400/459] VNKA
[10:13:13] [401/459] TDCA
[10:13:14] [402/459] INBM
[10:13:16] [403/459] SSNR
[10:13:17] [404/459] BHAC
[10:13:17] [405/459] SDSD
[10:13:18] [406/459] SAMP
[10:13:19] [407/459] RATK
[10:13:20] [408/459] KCBI
[10:13:21] [409/459] URBL
[10:13:22] [410/459] MKBG
[10:13:22] [411/459] ASTB
[10:13:23] [412/459] VBWT
[10:13:24] [413/459] GPSM
[10:13:25] [414/459] ROON
[10:13:26] [415/459] CHTH
[10:13:27] [416/459] SSPA
[10:13:28] [417/459] ANBL
[10:13:29] [418/459] VTBE
[10:13:30] [419/459] SVKT
[10:13:31] [420/459] SVYK
[10:13:31] [421/459] PTBK
[10:13:32] [422/459] RKTB
[10:13:33] [423/459] BALT
[10:13:35] [424/459] STSV
[10:13:35] [425/459] VCCB
[10:13:36] [426/459] SLTB
[10:13:37] [427/459] SBCR
[10:13:39] [428/459] VDCS
[10:13:39] [429/459] MDKI
[10:13:40] [430/459] SMRN
[10:13:41] [431/459] PTBC
[10:13:42] [432/459] RADI
[10:13:43] [433/459] ADCR
[10:13:44] [434/459] SDCS
[10:13:45] [435/459] SRPJ
[10:13:46] [436/459] ARTS
[10:13:47] [437/459] SRHK
[10:13:47] [438/459] SPAY
[10:13:48] [439/459] GPTB
[10:13:50] [440/459] SNNN
[10:13:50] [441/459] BALJ
[10:13:51] [442/459] TRIG
[10:13:53] [443/459] GTYT
[10:13:54] [444/459] ATGN
[10:13:54] [445/459] ANTE
[10:13:56] [446/459] BDCG
[10:13:57] [447/459] VECI
[10:13:58] [448/459] SCPR
[10:13:59] [449/459] RTEA
[10:14:00] [450/459] JSAI
[10:14:01] [451/459] VJTP
[10:14:02] [452/459] GNDS
[10:14:04] [453/459] PAXA
[10:14:05] [454/459] CGGM
[10:14:06] [455/459] ACKZ
[10:14:07] [456/459] EMCC
[10:14:08] [457/459] KLSK
[10:14:09] [458/459] AVCK
[10:14:10] [459/459] JTCK
[10:14:10] 🧹 Deduping shows
[10:14:10] ✅ DONE | Shows=198 | Movies=24
[16:48:29] 🚀 SCRIPT STARTED
[16:48:29] [1/459] NECA
[16:48:29] 🧠 New identity created
[16:48:30] [2/459] BJLC
[16:48:30] [3/459] BASU
[16:48:31] [4/459] RUPI
[16:48:32] [5/459] LCBK
[16:48:33] [6/459] PMAC
[16:48:34] [7/459] AMLC
[16:48:35] [8/459] LICL
[16:48:36] [9/459] UDMM
[16:48:37] [10/459] STBZ
[16:48:37] [11/459] UUBT
[16:48:38] [12/459] SJKC
[16:48:39] [13/459] TUAL
[16:48:40] [14/459] MRSE
[16:48:41] [15/459] RMRK
[16:48:41] [16/459] TTKP
[16:48:42] [17/459] KTKO
[16:48:43] [18/459] SDBK
[16:48:44] [19/459] MCPR
[16:48:45] [20/459] CHTI
[16:48:46] [21/459] GCCP
[16:48:47] [22/459] SRMY
[16:48:48] [23/459] NYST
[16:48:49] [24/459] NYAG
[16:48:50] [25/459] SBMT
[16:48:51] [26/459] INGA
[16:48:51] [27/459] WSIC
[16:48:52] [28/459] SCSS
[16:48:53] [29/459] COPG
[16:48:54] [30/459] RCGR
[16:48:55] [31/459] TCZA
[16:48:56] [32/459] CNLP
[16:48:57] [33/459] CLKN
[16:48:58] [34/459] LHDF
[16:48:59] [35/459] ELKC
[16:48:59] [36/459] VCEM
[16:49:00] [37/459] SSZA
[16:49:02] [38/459] KRMT
[16:49:03] [39/459] LCMV
[16:49:03] [40/459] AYCZ
[16:49:04] [41/459] CUMS
[16:49:05] [42/459] BOCK
[16:49:06] [43/459] PNMR
[16:49:07] [44/459] PJCP
[16:49:08] [45/459] JDDD
[16:49:08] [46/459] STMS
[16:49:09] [47/459] FLMB
[16:49:10] [48/459] PKCM
[16:49:11] [49/459] SPPR
[16:49:12] [50/459] EYLH
[16:49:13] [51/459] RJCC
[16:49:14] [52/459] MMPS
[16:49:15] [53/459] SHMX
[16:49:16] [54/459] CCNL
[16:49:17] [55/459] RCNV
[16:49:18] [56/459] MAAG
[16:49:19] [57/459] LXCM
[16:49:20] [58/459] RCNI
[16:49:20] [59/459] SNNI
[16:49:21] [60/459] LALC
[16:49:22] [61/459] SOCN
[16:49:23] [62/459] JHTP
[16:49:24] [63/459] PITP
[16:49:24] [64/459] CCKW
[16:49:25] [65/459] MCMC
[16:49:26] [66/459] DEES
[16:49:27] [67/459] SABT
[16:49:28] [68/459] VSPP
[16:49:28] [69/459] ABCT
[16:49:29] [70/459] JVTB
[16:49:30] [71/459] VCBD
[16:49:31] [72/459] RMGG
[16:49:32] [73/459] RNMH
[16:49:33] [74/459] SPGL
[16:49:33] [75/459] JTTR
[16:49:34] [76/459] SICS
[16:49:35] [77/459] SRMI
[16:49:36] [78/459] SSIJ
[16:49:38] [79/459] KFMT
[16:49:39] [80/459] VBIT
[16:49:40] [81/459] JKCT
[16:49:40] [82/459] GCGP
[16:49:41] [83/459] GDCS
[16:49:42] [84/459] TRBA
[16:49:42] [85/459] QUST
[16:49:43] [86/459] VSHM
[16:49:44] [87/459] SDCP
[16:49:45] [88/459] SNVS
[16:49:45] [89/459] NYTO
[16:49:46] [90/459] URWC
[16:49:47] [91/459] GTWH
[16:49:48] [92/459] PFCM
[16:49:49] [93/459] KRTA
[16:49:50] [94/459] AXMC
[16:49:51] [95/459] EVMC
[16:49:51] [96/459] HGSM
[16:49:52] [97/459] ACVM
[16:49:53] [98/459] PSKL
[16:49:54] [99/459] RDMP
[16:49:55] [100/459] RHGH
[16:49:56] [101/459] OMCM
[16:49:57] [102/459] DCCP
[16:49:58] [103/459] MCPB
[16:49:59] [104/459] ALCI
[16:50:00] [105/459] BLMX
[16:50:01] [106/459] BTMV
[16:50:02] [107/459] FVPN
[16:50:03] [108/459] CMAR
[16:50:04] [109/459] CEIM
[16:50:04] [110/459] CMVA
[16:50:05] [111/459] CPIV
[16:50:06] [112/459] CNPE
[16:50:07] [113/459] COLV
[16:50:08] [114/459] DNNV
[16:50:08] [115/459] HCAD
[16:50:09] [116/459] TAKA
[16:50:10] [117/459] INVD
[16:50:11] [118/459] IRMM
[16:50:12] [119/459] INSE
[16:50:13] [120/459] MRSW
[16:50:14] [121/459] MCVD
[16:50:14] [122/459] MCSO
[16:50:16] [123/459] PEVM
[16:50:17] [124/459] PVNL
[16:50:18] [125/459] PTCV
[16:50:18] [126/459] PRTC
[16:50:19] [127/459] RCVA
[16:50:20] [128/459] MTBN
[16:50:21] [129/459] LUCP
[16:50:22] [130/459] FMPT
[16:50:22] [131/459] JLSL
[16:50:23] [132/459] SBHA
[16:50:24] [133/459] SHRC
[16:50:25] [134/459] AVPS
[16:50:26] [135/459] STPM
[16:50:27] [136/459] ATRD
[16:50:27] [137/459] VTED
[16:50:28] [138/459] ACAI
[16:50:29] [139/459] SMAE
[16:50:30] [140/459] VMAT
[16:50:31] [141/459] LKCT
[16:50:32] [142/459] JTVK
[16:50:32] [143/459] PRTY
[16:50:33] [144/459] GETT
[16:50:35] [145/459] ESAP
[16:50:36] [146/459] NCPM
[16:50:37] [147/459] PCPA
[16:50:37] [148/459] MMOM
[16:50:39] [149/459] PHUP
[16:50:40] [150/459] CCPI
[16:50:41] [151/459] CNTD
[16:50:43] [152/459] NLJR
[16:50:43] [153/459] SRNG
[16:50:44] [154/459] MHAL
[16:50:45] [155/459] PNSM
[16:50:46] [156/459] DRMY
[16:50:47] [157/459] CCMU
[16:50:48] [158/459] SCMY
[16:50:49] [159/459] PVSY
[16:50:50] [160/459] SDLM
[16:50:50] [161/459] ICCM
[16:50:51] [162/459] PYSU
[16:50:52] [163/459] GATM
[16:50:53] [164/459] WOTM
[16:50:54] [165/459] RKTS
[16:50:55] [166/459] PMTY
[16:50:56] [167/459] LYMS
[16:50:57] [168/459] TGCA
[16:50:57] [169/459] DSTA
[16:50:58] [170/459] CNGE
[16:50:59] [171/459] VSTG
[16:51:00] [172/459] GTCK
[16:51:01] [173/459] TGNT
[16:51:01] [174/459] ASLC
[16:51:02] [175/459] SSST
[16:51:03] [176/459] KBTT
[16:51:04] [177/459] HKCP
[16:51:05] [178/459] SWLC
[16:51:06] [179/459] RTND
[16:51:07] [180/459] PKKT
[16:51:07] [181/459] HSTK
[16:51:08] [182/459] SPTT
[16:51:09] [183/459] IMPM
[16:51:10] [184/459] SCMV
[16:51:11] [185/459] SPCT
[16:51:12] [186/459] JBCA
[16:51:12] [187/459] ATTR
[16:51:13] [188/459] SPMT
[16:51:14] [189/459] LCTM
[16:51:15] [190/459] SCVL
[16:51:16] [191/459] SCVT
[16:51:16] [192/459] KRIC
[16:51:17] [193/459] CTMG
[16:51:18] [194/459] ACNC
[16:51:19] [195/459] DMCK
[16:51:20] [196/459] KMTV
[16:51:20] [197/459] PFCJ
[16:51:22] [198/459] VNMD
[16:51:23] [199/459] VPCZ
[16:51:24] [200/459] SRYR
[16:51:24] [201/459] SYTR
[16:51:25] [202/459] GATR
[16:51:26] [203/459] URTR
[16:51:27] [204/459] MKSM
[16:51:28] [205/459] VSMH
[16:51:29] [206/459] SKRJ
[16:51:30] [207/459] SSJR
[16:51:30] [208/459] SVSM
[16:51:31] [209/459] RUCM
[16:51:32] [210/459] PRKN
[16:51:33] [211/459] RROH
[16:51:34] [212/459] SCTN
[16:51:35] [213/459] RTDM
[16:51:37] [214/459] ASRM
[16:51:37] [215/459] SKMD
[16:51:38] [216/459] SUTD
[16:51:39] [217/459] SADM
[16:51:40] [218/459] WCNR
[16:51:41] [219/459] CNED
[16:51:42] [220/459] MPDB
[16:51:43] [221/459] KTBH
[16:51:44] [222/459] IDRM
[16:51:44] [223/459] PJJT
[16:51:45] [224/459] PFCV
[16:51:46] [225/459] AACT
[16:51:47] [226/459] AAAD
[16:51:48] [227/459] ANES
[16:51:49] [228/459] MNCA
[16:51:50] [229/459] RMGU
[16:51:50] [230/459] DLCN
[16:51:51] [231/459] LJWT
[16:51:52] [232/459] MCBG
[16:51:53] [233/459] MYBG
[16:51:53] [234/459] GCCA
[16:51:54] [235/459] GCGA
[16:51:55] [236/459] ECGN
[16:51:56] [237/459] PRAB
[16:51:57] [238/459] PNMP
[16:51:59] [239/459] GCPT
[16:52:00] [240/459] ROYN
[16:52:01] [241/459] VATM
[16:52:02] [242/459] KSNT
[16:52:03] [243/459] ACTC
[16:52:04] [244/459] PLTD
[16:52:05] [245/459] SKMK
[16:52:06] [246/459] CMTT
[16:52:07] [247/459] SMXP
[16:52:07] [248/459] SCMX
[16:52:08] [249/459] ACXN
[16:52:09] [250/459] ASWT
[16:52:09] [251/459] VVVL
[16:52:10] [252/459] NAGO
[16:52:11] [253/459] SNCN
[16:52:12] [254/459] MCKP
[16:52:13] [255/459] SAMO
[16:52:14] [256/459] JBTV
[16:52:14] [257/459] DCVV
[16:52:15] [258/459] KMSV
[16:52:16] [259/459] KDCN
[16:52:17] [260/459] CNCP
[16:52:18] [261/459] HAMC
[16:52:19] [262/459] CCVZ
[16:52:20] [263/459] NCCK
[16:52:20] [264/459] MCHR
[16:52:21] [265/459] SCHT
[16:52:22] [266/459] ESSH
[16:52:23] [267/459] CUJC
[16:52:24] [268/459] PECP
[16:52:26] [269/459] PMMI
[16:52:27] [270/459] PCCH
[16:52:28] [271/459] PRPM
[16:52:29] [272/459] PVKL
[16:52:30] [273/459] CBSM
[16:52:30] [274/459] PVCZ
[16:52:32] [275/459] PCVV
[16:52:33] [276/459] CTMJ
[16:52:34] [277/459] RCPS
[16:52:35] [278/459] PCIT
[16:52:35] [279/459] FNCH
[16:52:36] [280/459] INZD
[16:52:37] [281/459] INPC
[16:52:39] [282/459] LCZP
[16:52:40] [283/459] SMCB
[16:52:40] [284/459] PTSB
[16:52:41] [285/459] TPSI
[16:52:42] [286/459] KHMJ
[16:52:43] [287/459] RCCJ
[16:52:44] [288/459] NCJA
[16:52:44] [289/459] NCJN
[16:52:45] [290/459] BTDP
[16:52:47] [291/459] PADY
[16:52:48] [292/459] NYBH
[16:52:50] [293/459] MTBR
[16:52:51] [294/459] KRBC
[16:52:51] [295/459] DKTI
[16:52:53] [296/459] ANAN
[16:52:54] [297/459] INBP
[16:52:54] [298/459] PATB
[16:52:55] [299/459] RGNT
[16:52:56] [300/459] CGPM
[16:52:57] [301/459] INTN
[16:52:58] [302/459] MCMP
[16:52:58] [303/459] ASRG
[16:52:59] [304/459] CXJD
[16:53:00] [305/459] SPCP
[16:53:01] [306/459] CSTP
[16:53:02] [307/459] PKVC
[16:53:02] [308/459] ESCP
[16:53:03] [309/459] CAEP
[16:53:04] [310/459] CCSP
[16:53:05] [311/459] KTPC
[16:53:06] [312/459] DACA
[16:53:07] [313/459] NVKY
[16:53:07] [314/459] PTIN
[16:53:08] [315/459] SCIN
[16:53:09] [316/459] MCTY
[16:53:10] [317/459] PCMX
[16:53:11] [318/459] INIC
[16:53:12] [319/459] MMZM
[16:53:12] [320/459] SSLP
[16:53:13] [321/459] DTDT
[16:53:14] [322/459] FFCX
[16:53:14] [323/459] RCMM
[16:53:16] [324/459] KYID
[16:53:17] [325/459] CSCI
[16:53:18] [326/459] FCMC
[16:53:19] [327/459] MMXI
[16:53:20] [328/459] ASTC
[16:53:21] [329/459] CMRA
[16:53:22] [330/459] DICI
[16:53:23] [331/459] KDIN
[16:53:24] [332/459] PRFI
[16:53:25] [333/459] SVFC
[16:53:26] [334/459] UCPL
[16:53:26] [335/459] COOC
[16:53:27] [336/459] SCAL
[16:53:28] [337/459] SVFF
[16:53:29] [338/459] VCMG
[16:53:30] [339/459] UUCT
[16:53:31] [340/459] GCSE
[16:53:32] [341/459] SUSC
[16:53:34] [342/459] MISC
[16:53:34] [343/459] RMBL
[16:53:35] [344/459] CMXN
[16:53:36] [345/459] PVBK
[16:53:37] [346/459] HHCG
[16:53:38] [347/459] SCAG
[16:53:39] [348/459] CNPR
[16:53:40] [349/459] CSER
[16:53:41] [350/459] HLWD
[16:53:42] [351/459] BOLY
[16:53:43] [352/459] SSPG
[16:53:44] [353/459] MUPX
[16:53:45] [354/459] HAMR
[16:53:46] [355/459] SDNC
[16:53:47] [356/459] RTEN
[16:53:48] [357/459] SDTD
[16:53:49] [358/459] KAWS
[16:53:50] [359/459] CMZX
[16:53:50] [360/459] DCDD
[16:53:51] [361/459] ALSN
[16:53:53] [362/459] IMXS
[16:53:54] [363/459] PVFF
[16:53:55] [364/459] PVOO
[16:53:55] [365/459] CFBS
[16:53:56] [366/459] PVER
[16:53:57] [367/459] PPNX
[16:53:58] [368/459] CNRM
[16:53:59] [369/459] PVWW
[16:53:59] [370/459] INMB
[16:54:00] [371/459] CPJR
[16:54:02] [372/459] INRZ
[16:54:03] [373/459] PMSR
[16:54:04] [374/459] GPGM
[16:54:04] [375/459] PGWB
[16:54:05] [376/459] PMBR
[16:54:06] [377/459] GPAM
[16:54:07] [378/459] INBC
[16:54:08] [379/459] PZVK
[16:54:09] [380/459] CPEB
[16:54:10] [381/459] FMLB
[16:54:11] [382/459] INBG
[16:54:11] [383/459] GPBR
[16:54:12] [384/459] PAAS
[16:54:13] [385/459] VTBR
[16:54:13] [386/459] GPMY
[16:54:14] [387/459] GYBU
[16:54:15] [388/459] INBJ
[16:54:16] [389/459] LKTH
[16:54:17] [390/459] NSBR
[16:54:18] [391/459] PDRD
[16:54:20] [392/459] VRBL
[16:54:20] [393/459] VTGB
[16:54:21] [394/459] VTSK
[16:54:23] [395/459] BKDV
[16:54:24] [396/459] SVTB
[16:54:25] [397/459] MLDT
[16:54:26] [398/459] NRBL
[16:54:28] [399/459] SLTR
[16:54:29] [400/459] VNKA
[16:54:30] [401/459] TDCA
[16:54:30] [402/459] INBM
[16:54:31] [403/459] SSNR
[16:54:32] [404/459] BHAC
[16:54:33] [405/459] SDSD
[16:54:34] [406/459] SAMP
[16:54:35] [407/459] RATK
[16:54:35] [408/459] KCBI
[16:54:36] [409/459] URBL
[16:54:37] [410/459] MKBG
[16:54:38] [411/459] ASTB
[16:54:39] [412/459] VBWT
[16:54:39] [413/459] GPSM
[16:54:40] [414/459] ROON
[16:54:41] [415/459] CHTH
[16:54:42] [416/459] SSPA
[16:54:44] [417/459] ANBL
[16:54:45] [418/459] VTBE
[16:54:45] [419/459] SVKT
[16:54:46] [420/459] SVYK
[16:54:47] [421/459] PTBK
[16:54:48] [422/459] RKTB
[16:54:49] [423/459] BALT
[16:54:50] [424/459] STSV
[16:54:51] [425/459] VCCB
[16:54:51] [426/459] SLTB
[16:54:52] [427/459] SBCR
[16:54:53] [428/459] VDCS
[16:54:54] [429/459] MDKI
[16:54:56] [430/459] SMRN
[16:54:57] [431/459] PTBC
[16:54:57] [432/459] RADI
[16:54:59] [433/459] ADCR
[16:55:00] [434/459] SDCS
[16:55:01] [435/459] SRPJ
[16:55:01] [436/459] ARTS
[16:55:02] [437/459] SRHK
[16:55:03] [438/459] SPAY
[16:55:04] [439/459] GPTB
[16:55:04] [440/459] SNNN
[16:55:05] [441/459] BALJ
[16:55:06] [442/459] TRIG
[16:55:07] [443/459] GTYT
[16:55:07] [444/459] ATGN
[16:55:08] [445/459] ANTE
[16:55:09] [446/459] BDCG
[16:55:10] [447/459] VECI
[16:55:11] [448/459] SCPR
[16:55:12] [449/459] RTEA
[16:55:13] [450/459] JSAI
[16:55:14] [451/459] VJTP
[16:55:15] [452/459] GNDS
[16:55:16] [453/459] PAXA
[16:55:17] [454/459] CGGM
[16:55:18] [455/459] ACKZ
[16:55:20] [456/459] EMCC
[16:55:21] [457/459] KLSK
[16:55:21] [458/459] AVCK
[16:55:22] [459/459] JTCK
[16:55:23] 🧹 Deduping shows
[16:55:23] ✅ DONE | Shows=438 | Movies=37
[04:48:35] 🚀 SCRIPT STARTED
[04:48:35] [1/459] NECA
[04:48:35] 🧠 New identity created
[04:48:36] [2/459] BJLC
[04:48:37] [3/459] BASU
[04:48:38] [4/459] RUPI
[04:48:39] [5/459] LCBK
[04:48:39] [6/459] PMAC
[04:48:40] [7/459] AMLC
[04:48:41] [8/459] LICL
[04:48:42] [9/459] UDMM
[04:48:44] [10/459] STBZ
[04:48:44] [11/459] UUBT
[04:48:45] [12/459] SJKC
[04:48:46] [13/459] TUAL
[04:48:47] [14/459] MRSE
[04:48:48] [15/459] RMRK
[04:48:49] [16/459] TTKP
[04:48:50] [17/459] KTKO
[04:48:50] [18/459] SDBK
[04:48:51] [19/459] MCPR
[04:48:52] [20/459] CHTI
[04:48:53] [21/459] GCCP
[04:48:53] [22/459] SRMY
[04:48:54] [23/459] NYST
[04:48:55] [24/459] NYAG
[04:48:56] [25/459] SBMT
[04:48:57] [26/459] INGA
[04:48:58] [27/459] WSIC
[04:49:00] [28/459] SCSS
[04:49:00] [29/459] COPG
[04:49:01] [30/459] RCGR
[04:49:02] [31/459] TCZA
[04:49:03] [32/459] CNLP
[04:49:03] [33/459] CLKN
[04:49:04] [34/459] LHDF
[04:49:05] [35/459] ELKC
[04:49:06] [36/459] VCEM
[04:49:07] [37/459] SSZA
[04:49:08] [38/459] KRMT
[04:49:09] [39/459] LCMV
[04:49:09] [40/459] AYCZ
[04:49:10] [41/459] CUMS
[04:49:11] [42/459] BOCK
[04:49:12] [43/459] PNMR
[04:49:14] [44/459] PJCP
[04:49:15] [45/459] JDDD
[04:49:16] [46/459] STMS
[04:49:16] [47/459] FLMB
[04:49:17] [48/459] PKCM
[04:49:18] [49/459] SPPR
[04:49:19] [50/459] EYLH
[04:49:20] [51/459] RJCC
[04:49:21] [52/459] MMPS
[04:49:21] [53/459] SHMX
[04:49:22] [54/459] CCNL
[04:49:24] [55/459] RCNV
[04:49:24] [56/459] MAAG
[04:49:25] [57/459] LXCM
[04:49:26] [58/459] RCNI
[04:49:27] [59/459] SNNI
[04:49:27] [60/459] LALC
[04:49:28] [61/459] SOCN
[04:49:29] [62/459] JHTP
[04:49:30] [63/459] PITP
[04:49:31] [64/459] CCKW
[04:49:31] [65/459] MCMC
[04:49:32] [66/459] DEES
[04:49:33] [67/459] SABT
[04:49:34] [68/459] VSPP
[04:49:35] [69/459] ABCT
[04:49:35] [70/459] JVTB
[04:49:36] [71/459] VCBD
[04:49:38] [72/459] RMGG
[04:49:38] [73/459] RNMH
[04:49:39] [74/459] SPGL
[04:49:40] [75/459] JTTR
[04:49:41] [76/459] SICS
[04:49:42] [77/459] SRMI
[04:49:42] [78/459] SSIJ
[04:49:44] [79/459] KFMT
[04:49:44] [80/459] VBIT
[04:49:45] [81/459] JKCT
[04:49:46] [82/459] GCGP
[04:49:47] [83/459] GDCS
[04:49:48] [84/459] TRBA
[04:49:49] [85/459] QUST
[04:49:49] [86/459] VSHM
[04:49:50] [87/459] SDCP
[04:49:51] [88/459] SNVS
[04:49:52] [89/459] NYTO
[04:49:53] [90/459] URWC
[04:49:54] [91/459] GTWH
[04:49:55] [92/459] PFCM
[04:49:56] [93/459] KRTA
[04:49:56] [94/459] AXMC
[04:49:57] [95/459] EVMC
[04:49:58] [96/459] HGSM
[04:49:59] [97/459] ACVM
[04:50:00] [98/459] PSKL
[04:50:01] [99/459] RDMP
[04:50:02] [100/459] RHGH
[04:50:03] [101/459] OMCM
[04:50:04] [102/459] DCCP
[04:50:04] [103/459] MCPB
[04:50:06] [104/459] ALCI
[04:50:07] [105/459] BLMX
[04:50:08] [106/459] BTMV
[04:50:09] [107/459] FVPN
[04:50:10] [108/459] CMAR
[04:50:11] [109/459] CEIM
[04:50:12] [110/459] CMVA
[04:50:13] [111/459] CPIV
[04:50:14] [112/459] CNPE
[04:50:15] [113/459] COLV
[04:50:16] [114/459] DNNV
[04:50:17] [115/459] HCAD
[04:50:17] [116/459] TAKA
[04:50:18] [117/459] INVD
[04:50:19] [118/459] IRMM
[04:50:20] [119/459] INSE
[04:50:21] [120/459] MRSW
[04:50:21] [121/459] MCVD
[04:50:22] [122/459] MCSO
[04:50:23] [123/459] PEVM
[04:50:24] [124/459] PVNL
[04:50:25] [125/459] PTCV
[04:50:25] [126/459] PRTC
[04:50:26] [127/459] RCVA
[04:50:28] [128/459] MTBN
[04:50:29] [129/459] LUCP
[04:50:30] [130/459] FMPT
[04:50:31] [131/459] JLSL
[04:50:32] [132/459] SBHA
[04:50:33] [133/459] SHRC
[04:50:33] [134/459] AVPS
[04:50:34] [135/459] STPM
[04:50:35] [136/459] ATRD
[04:50:36] [137/459] VTED
[04:50:37] [138/459] ACAI
[04:50:39] [139/459] SMAE
[04:50:39] [140/459] VMAT
[04:50:40] [141/459] LKCT
[04:50:41] [142/459] JTVK
[04:50:42] [143/459] PRTY
[04:50:43] [144/459] GETT
[04:50:44] [145/459] ESAP
[04:50:45] [146/459] NCPM
[04:50:47] [147/459] PCPA
[04:50:47] [148/459] MMOM
[04:50:48] [149/459] PHUP
[04:50:49] [150/459] CCPI
[04:50:50] [151/459] CNTD
[04:50:51] [152/459] NLJR
[04:50:52] [153/459] SRNG
[04:50:53] [154/459] MHAL
[04:50:53] [155/459] PNSM
[04:50:54] [156/459] DRMY
[04:50:55] [157/459] CCMU
[04:50:56] [158/459] SCMY
[04:50:56] [159/459] PVSY
[04:50:57] [160/459] SDLM
[04:50:58] [161/459] ICCM
[04:50:59] [162/459] PYSU
[04:51:00] [163/459] GATM
[04:51:01] [164/459] WOTM
[04:51:02] [165/459] RKTS
[04:51:02] [166/459] PMTY
[04:51:03] [167/459] LYMS
[04:51:04] [168/459] TGCA
[04:51:05] [169/459] DSTA
[04:51:06] [170/459] CNGE
[04:51:07] [171/459] VSTG
[04:51:07] [172/459] GTCK
[04:51:08] [173/459] TGNT
[04:51:09] [174/459] ASLC
[04:51:10] [175/459] SSST
[04:51:11] [176/459] KBTT
[04:51:11] [177/459] HKCP
[04:51:12] [178/459] SWLC
[04:51:13] [179/459] RTND
[04:51:14] [180/459] PKKT
[04:51:15] [181/459] HSTK
[04:51:15] [182/459] SPTT
[04:51:16] [183/459] IMPM
[04:51:17] [184/459] SCMV
[04:51:18] [185/459] SPCT
[04:51:18] [186/459] JBCA
[04:51:19] [187/459] ATTR
[04:51:20] [188/459] SPMT
[04:51:21] [189/459] LCTM
[04:51:22] [190/459] SCVL
[04:51:23] [191/459] SCVT
[04:51:24] [192/459] KRIC
[04:51:24] [193/459] CTMG
[04:51:25] [194/459] ACNC
[04:51:26] [195/459] DMCK
[04:51:27] [196/459] KMTV
[04:51:27] [197/459] PFCJ
[04:51:28] [198/459] VNMD
[04:51:29] [199/459] VPCZ
[04:51:30] [200/459] SRYR
[04:51:31] [201/459] SYTR
[04:51:32] [202/459] GATR
[04:51:33] [203/459] URTR
[04:51:34] [204/459] MKSM
[04:51:35] [205/459] VSMH
[04:51:36] [206/459] SKRJ
[04:51:37] [207/459] SSJR
[04:51:38] [208/459] SVSM
[04:51:38] [209/459] RUCM
[04:51:39] [210/459] PRKN
[04:51:41] [211/459] RROH
[04:51:42] [212/459] SCTN
[04:51:43] [213/459] RTDM
[04:51:44] [214/459] ASRM
[04:51:45] [215/459] SKMD
[04:51:45] [216/459] SUTD
[04:51:46] [217/459] SADM
[04:51:48] [218/459] WCNR
[04:51:49] [219/459] CNED
[04:51:49] [220/459] MPDB
[04:51:50] [221/459] KTBH
[04:51:51] [222/459] IDRM
[04:51:52] [223/459] PJJT
[04:51:53] [224/459] PFCV
[04:51:53] [225/459] AACT
[04:51:54] [226/459] AAAD
[04:51:55] [227/459] ANES
[04:51:56] [228/459] MNCA
[04:51:57] [229/459] RMGU
[04:51:58] [230/459] DLCN
[04:51:58] [231/459] LJWT
[04:52:00] [232/459] MCBG
[04:52:00] [233/459] MYBG
[04:52:01] [234/459] GCCA
[04:52:02] [235/459] GCGA
[04:52:03] [236/459] ECGN
[04:52:04] [237/459] PRAB
[04:52:05] [238/459] PNMP
[04:52:06] [239/459] GCPT
[04:52:07] [240/459] ROYN
[04:52:08] [241/459] VATM
[04:52:09] [242/459] KSNT
[04:52:09] [243/459] ACTC
[04:52:10] [244/459] PLTD
[04:52:11] [245/459] SKMK
[04:52:12] [246/459] CMTT
[04:52:13] [247/459] SMXP
[04:52:14] [248/459] SCMX
[04:52:14] [249/459] ACXN
[04:52:15] [250/459] ASWT
[04:52:16] [251/459] VVVL
[04:52:17] [252/459] NAGO
[04:52:18] [253/459] SNCN
[04:52:19] [254/459] MCKP
[04:52:19] [255/459] SAMO
[04:52:21] [256/459] JBTV
[04:52:21] [257/459] DCVV
[04:52:22] [258/459] KMSV
[04:52:23] [259/459] KDCN
[04:52:24] [260/459] CNCP
[04:52:25] [261/459] HAMC
[04:52:25] [262/459] CCVZ
[04:52:26] [263/459] NCCK
[04:52:27] [264/459] MCHR
[04:52:28] [265/459] SCHT
[04:52:29] [266/459] ESSH
[04:52:29] [267/459] CUJC
[04:52:30] [268/459] PECP
[04:52:31] [269/459] PMMI
[04:52:33] [270/459] PCCH
[04:52:33] [271/459] PRPM
[04:52:35] [272/459] PVKL
[04:52:36] [273/459] CBSM
[04:52:37] [274/459] PVCZ
[04:52:38] [275/459] PCVV
[04:52:38] [276/459] CTMJ
[04:52:39] [277/459] RCPS
[04:52:40] [278/459] PCIT
[04:52:41] [279/459] FNCH
[04:52:42] [280/459] INZD
[04:52:42] [281/459] INPC
[04:52:43] [282/459] LCZP
[04:52:44] [283/459] SMCB
[04:52:45] [284/459] PTSB
[04:52:45] [285/459] TPSI
[04:52:46] [286/459] KHMJ
[04:52:48] [287/459] RCCJ
[04:52:49] [288/459] NCJA
[04:52:49] [289/459] NCJN
[04:52:50] [290/459] BTDP
[04:52:51] [291/459] PADY
[04:52:52] [292/459] NYBH
[04:52:53] [293/459] MTBR
[04:52:54] [294/459] KRBC
[04:52:55] [295/459] DKTI
[04:52:56] [296/459] ANAN
[04:52:58] [297/459] INBP
[04:52:58] [298/459] PATB
[04:52:59] [299/459] RGNT
[04:53:00] [300/459] CGPM
[04:53:01] [301/459] INTN
[04:53:02] [302/459] MCMP
[04:53:02] [303/459] ASRG
[04:53:03] [304/459] CXJD
[04:53:04] [305/459] SPCP
[04:53:05] [306/459] CSTP
[04:53:05] [307/459] PKVC
[04:53:06] [308/459] ESCP
[04:53:07] [309/459] CAEP
[04:53:08] [310/459] CCSP
[04:53:09] [311/459] KTPC
[04:53:10] [312/459] DACA
[04:53:11] [313/459] NVKY
[04:53:12] [314/459] PTIN
[04:53:13] [315/459] SCIN
[04:53:14] [316/459] MCTY
[04:53:15] [317/459] PCMX
[04:53:16] [318/459] INIC
[04:53:17] [319/459] MMZM
[04:53:18] [320/459] SSLP
[04:53:19] [321/459] DTDT
[04:53:20] [322/459] FFCX
[04:53:21] [323/459] RCMM
[04:53:22] [324/459] KYID
[04:53:23] [325/459] CSCI
[04:53:23] [326/459] FCMC
[04:53:24] [327/459] MMXI
[04:53:25] [328/459] ASTC
[04:53:26] [329/459] CMRA
[04:53:26] [330/459] DICI
[04:53:28] [331/459] KDIN
[04:53:29] [332/459] PRFI
[04:53:30] [333/459] SVFC
[04:53:30] [334/459] UCPL
[04:53:31] [335/459] COOC
[04:53:32] [336/459] SCAL
[04:53:33] [337/459] SVFF
[04:53:34] [338/459] VCMG
[04:53:35] [339/459] UUCT
[04:53:36] [340/459] GCSE
[04:53:37] [341/459] SUSC
[04:53:38] [342/459] MISC
[04:53:39] [343/459] RMBL
[04:53:39] [344/459] CMXN
[04:53:40] [345/459] PVBK
[04:53:41] [346/459] HHCG
[04:53:42] [347/459] SCAG
[04:53:43] [348/459] CNPR
[04:53:43] [349/459] CSER
[04:53:44] [350/459] HLWD
[04:53:45] [351/459] BOLY
[04:53:46] [352/459] SSPG
[04:53:47] [353/459] MUPX
[04:53:48] [354/459] HAMR
[04:53:49] [355/459] SDNC
[04:53:49] [356/459] RTEN
[04:53:51] [357/459] SDTD
[04:53:52] [358/459] KAWS
[04:53:53] [359/459] CMZX
[04:53:54] [360/459] DCDD
[04:53:55] [361/459] ALSN
[04:53:56] [362/459] IMXS
[04:53:57] [363/459] PVFF
[04:53:58] [364/459] PVOO
[04:53:59] [365/459] CFBS
[04:53:59] [366/459] PVER
[04:54:01] [367/459] PPNX
[04:54:02] [368/459] CNRM
[04:54:02] [369/459] PVWW
[04:54:03] [370/459] INMB
[04:54:04] [371/459] CPJR
[04:54:06] [372/459] INRZ
[04:54:07] [373/459] PMSR
[04:54:08] [374/459] GPGM
[04:54:08] [375/459] PGWB
[04:54:09] [376/459] PMBR
[04:54:10] [377/459] GPAM
[04:54:11] [378/459] INBC
[04:54:12] [379/459] PZVK
[04:54:12] [380/459] CPEB
[04:54:13] [381/459] FMLB
[04:54:14] [382/459] INBG
[04:54:15] [383/459] GPBR
[04:54:15] [384/459] PAAS
[04:54:16] [385/459] VTBR
[04:54:17] [386/459] GPMY
[04:54:18] [387/459] GYBU
[04:54:19] [388/459] INBJ
[04:54:20] [389/459] LKTH
[04:54:21] [390/459] NSBR
[04:54:22] [391/459] PDRD
[04:54:24] [392/459] VRBL
[04:54:25] [393/459] VTGB
[04:54:25] [394/459] VTSK
[04:54:26] [395/459] BKDV
[04:54:27] [396/459] SVTB
[04:54:28] [397/459] MLDT
[04:54:29] [398/459] NRBL
[04:54:29] [399/459] SLTR
[04:54:30] [400/459] VNKA
[04:54:31] [401/459] TDCA
[04:54:32] [402/459] INBM
[04:54:33] [403/459] SSNR
[04:54:33] [404/459] BHAC
[04:54:34] [405/459] SDSD
[04:54:35] [406/459] SAMP
[04:54:36] [407/459] RATK
[04:54:37] [408/459] KCBI
[04:54:37] [409/459] URBL
[04:54:38] [410/459] MKBG
[04:54:39] [411/459] ASTB
[04:54:40] [412/459] VBWT
[04:54:41] [413/459] GPSM
[04:54:41] [414/459] ROON
[04:54:42] [415/459] CHTH
[04:54:43] [416/459] SSPA
[04:54:44] [417/459] ANBL
[04:54:44] [418/459] VTBE
[04:54:46] [419/459] SVKT
[04:54:47] [420/459] SVYK
[04:54:48] [421/459] PTBK
[04:54:49] [422/459] RKTB
[04:54:50] [423/459] BALT
[04:54:51] [424/459] STSV
[04:54:52] [425/459] VCCB
[04:54:53] [426/459] SLTB
[04:54:54] [427/459] SBCR
[04:54:55] [428/459] VDCS
[04:54:55] [429/459] MDKI
[04:54:56] [430/459] SMRN
[04:54:57] [431/459] PTBC
[04:54:58] [432/459] RADI
[04:54:59] [433/459] ADCR
[04:55:00] [434/459] SDCS
[04:55:00] [435/459] SRPJ
[04:55:01] [436/459] ARTS
[04:55:03] [437/459] SRHK
[04:55:04] [438/459] SPAY
[04:55:05] [439/459] GPTB
[04:55:06] [440/459] SNNN
[04:55:06] [441/459] BALJ
[04:55:07] [442/459] TRIG
[04:55:08] [443/459] GTYT
[04:55:09] [444/459] ATGN
[04:55:09] [445/459] ANTE
[04:55:10] [446/459] BDCG
[04:55:11] [447/459] VECI
[04:55:12] [448/459] SCPR
[04:55:13] [449/459] RTEA
[04:55:14] [450/459] JSAI
[04:55:15] [451/459] VJTP
[04:55:16] [452/459] GNDS
[04:55:17] [453/459] PAXA
[04:55:18] [454/459] CGGM
[04:55:18] [455/459] ACKZ
[04:55:19] [456/459] EMCC
[04:55:20] [457/459] KLSK
[04:55:21] [458/459] AVCK
[04:55:22] [459/459] JTCK
[04:55:23] 🧹 Deduping shows
[04:55:23] ✅ DONE | Shows=846 | Movies=49
