[10:07:09] 🚀 SCRIPT STARTED
[10:07:09] [1/459] FNDB
[10:07:09] 🧠 New identity created
[10:07:10] [2/459] AMBH
[10:07:11] [3/459] PRHN
[10:07:13] [4/459] ACPM
[10:07:14] [5/459] PVFS
[10:07:15] [6/459] AACN
[10:07:16] [7/459] ACAS
[10:07:17] [8/459] CTNR
[10:07:18] [9/459] MMAH
[10:07:20] [10/459] CPMH
[10:07:20] [11/459] IGMH
[10:07:21] [12/459] ABCS
[10:07:22] [13/459] CMMA
[10:07:23] [14/459] GPRH
[10:07:24] [15/459] PNNG
[10:07:25] [16/459] AMCA
[10:07:26] [17/459] ISTN
[10:07:26] [18/459] PIIC
[10:07:27] [19/459] AHMH
[10:07:28] [20/459] ASHN
[10:07:29] [21/459] INHY
[10:07:30] [22/459] SRMO
[10:07:31] [23/459] PIMH
[10:07:32] [24/459] PVTS
[10:07:32] [25/459] MMCA
[10:07:33] [26/459] AKYJ
[10:07:34] [27/459] BRKH
[10:07:35] [28/459] MAHM
[10:07:36] [29/459] CPHY
[10:07:36] [30/459] PVTP
[10:07:37] [31/459] SMMR
[10:07:38] [32/459] PVHM
[10:07:39] [33/459] SNDY
[10:07:40] [34/459] GOKU
[10:07:40] [35/459] ACEV
[10:07:41] [36/459] PVUM
[10:07:42] [37/459] VSWA
[10:07:43] [38/459] IPRS
[10:07:44] [39/459] ASGN
[10:07:45] [40/459] BKMV
[10:07:46] [41/459] PVYH
[10:07:46] [42/459] INKM
[10:07:47] [43/459] ARJU
[10:07:48] [44/459] JJPP
[10:07:49] [45/459] SSRM
[10:07:50] [46/459] HMHD
[10:07:51] [47/459] SNKH
[10:07:51] [48/459] ACHI
[10:07:52] [49/459] MRAA
[10:07:53] [50/459] INMH
[10:07:53] [51/459] ARMH
[10:07:54] [52/459] DVRR
[10:07:55] [53/459] SUDA
[10:07:56] [54/459] MCSS
[10:07:57] [55/459] VRKC
[10:07:58] [56/459] PRCX
[10:07:58] [57/459] ASJY
[10:07:59] [58/459] MTHY
[10:08:00] [59/459] SRCM
[10:08:01] [60/459] TVHY
[10:08:02] [61/459] STHD
[10:08:03] [62/459] CPCL
[10:08:04] [63/459] PSMJ
[10:08:05] [64/459] MRGT
[10:08:06] [65/459] ARYH
[10:08:07] [66/459] VTRB
[10:08:08] [67/459] SCHC
[10:08:09] [68/459] MRRG
[10:08:10] [69/459] SPCB
[10:08:11] [70/459] AMCM
[10:08:11] [71/459] IVNM
[10:08:12] [72/459] TRHY
[10:08:14] [73/459] PTTH
[10:08:14] [74/459] RKMH
[10:08:15] [75/459] PRCS
[10:08:17] [76/459] VAJA
[10:08:17] [77/459] BJNG
[10:08:18] [78/459] SCVM
[10:08:19] [79/459] GNHB
[10:08:20] [80/459] TLUR
[10:08:21] [81/459] UKCC
[10:08:22] [82/459] SRKR
[10:08:22] [83/459] RMKN
[10:08:23] [84/459] SLRT
[10:08:25] [85/459] LKMT
[10:08:26] [86/459] SSRJ
[10:08:27] [87/459] SPHT
[10:08:27] [88/459] ANTT
[10:08:28] [89/459] SRCH
[10:08:29] [90/459] SRCA
[10:08:30] [91/459] ARTH
[10:08:30] [92/459] MCBH
[10:08:31] [93/459] SNIB
[10:08:32] [94/459] SART
[10:08:33] [95/459] SKTA
[10:08:34] [96/459] YAKT
[10:08:35] [97/459] MLCK
[10:08:36] [98/459] ANTS
[10:08:37] [99/459] DGCA
[10:08:38] [100/459] SGMP
[10:08:39] [101/459] ASWN
[10:08:39] [102/459] KFVU
[10:08:40] [103/459] POOR
[10:08:41] [104/459] GKDN
[10:08:42] [105/459] EOSE
[10:08:43] [106/459] GTTT
[10:08:44] [107/459] ARRO
[10:08:44] [108/459] CMMK
[10:08:45] [109/459] MSCN
[10:08:46] [110/459] GDKH
[10:08:47] [111/459] DLMT
[10:08:48] [112/459] PVMF
[10:08:48] [113/459] CPCK
[10:08:49] [114/459] VMHE
[10:08:51] [115/459] PVLC
[10:08:52] [116/459] PCVB
[10:08:53] [117/459] SNYK
[10:08:54] [118/459] KTEK
[10:08:55] [119/459] PCNM
[10:08:56] [120/459] NTTR
[10:08:57] [121/459] CPSK
[10:08:59] [122/459] JMMA
[10:09:00] [123/459] GCFK
[10:09:00] [124/459] MYCA
[10:09:01] [125/459] KSNP
[10:09:02] [126/459] PMCE
[10:09:03] [127/459] SCKI
[10:09:04] [128/459] FSMA
[10:09:05] [129/459] CETA
[10:09:05] [130/459] MCIK
[10:09:06] [131/459] MYCR
[10:09:07] [132/459] EVMP
[10:09:08] [133/459] SSGT
[10:09:09] [134/459] KCTK
[10:09:09] [135/459] ZTKC
[10:09:10] [136/459] MMTA
[10:09:11] [137/459] MAJT
[10:09:12] [138/459] ACPK
[10:09:13] [139/459] JMAX
[10:09:15] [140/459] SETK
[10:09:15] [141/459] CAIS
[10:09:16] [142/459] AGCD
[10:09:18] [143/459] URCL
[10:09:18] [144/459] VTDS
[10:09:19] [145/459] JCNM
[10:09:20] [146/459] KCAM
[10:09:21] [147/459] ADCU
[10:09:22] [148/459] GXYN
[10:09:23] [149/459] SMJG
[10:09:24] [150/459] EYCJ
[10:09:25] [151/459] CCEJ
[10:09:26] [152/459] MARS
[10:09:27] [153/459] CPVJ
[10:09:28] [154/459] INVP
[10:09:29] [155/459] CPOV
[10:09:30] [156/459] VIJK
[10:09:30] [157/459] LAIM
[10:09:31] [158/459] STHV
[10:09:32] [159/459] SVLJ
[10:09:33] [160/459] ATVJ
[10:09:33] [161/459] JTSC
[10:09:34] [162/459] RMTV
[10:09:35] [163/459] MGGG
[10:09:37] [164/459] SWTH
[10:09:38] [165/459] INVJ
[10:09:38] [166/459] PRSV
[10:09:39] [167/459] JATV
[10:09:40] [168/459] RCVD
[10:09:41] [169/459] BDMA
[10:09:42] [170/459] BLJI
[10:09:42] [171/459] SWOT
[10:09:43] [172/459] SWRN
[10:09:44] [173/459] TVRA
[10:09:45] [174/459] VCSV
[10:09:45] [175/459] NVRN
[10:09:46] [176/459] SIKC
[10:09:47] [177/459] VAKR
[10:09:48] [178/459] SYLN
[10:09:48] [179/459] KLJL
[10:09:49] [180/459] LKMY
[10:09:50] [181/459] VSLY
[10:09:51] [182/459] CIKO
[10:09:52] [183/459] GPBG
[10:09:53] [184/459] CECM
[10:09:54] [185/459] SLKB
[10:09:55] [186/459] MTBO
[10:09:56] [187/459] SSHB
[10:09:57] [188/459] VPCS
[10:09:58] [189/459] RCSR
[10:09:59] [190/459] RJRM
[10:10:00] [191/459] KPPB
[10:10:01] [192/459] SEDC
[10:10:02] [193/459] SCAI
[10:10:03] [194/459] RMTR
[10:10:04] [195/459] ASST
[10:10:04] [196/459] GCAK
[10:10:05] [197/459] ANNK
[10:10:06] [198/459] KDDF
[10:10:07] [199/459] NRDP
[10:10:08] [200/459] PLAK
[10:10:08] [201/459] GCMC
[10:10:09] [202/459] ALPY
[10:10:10] [203/459] SICE
[10:10:11] [204/459] SISR
[10:10:12] [205/459] SRPZ
[10:10:13] [206/459] SRSW
[10:10:14] [207/459] SUYA
[10:10:15] [208/459] AMMT
[10:10:16] [209/459] BHCU
[10:10:17] [210/459] KLPA
[10:10:18] [211/459] NVKH
[10:10:18] [212/459] JMRC
[10:10:19] [213/459] KTTT
[10:10:20] [214/459] MAGH
[10:10:20] [215/459] MMMX
[10:10:21] [216/459] SALJ
[10:10:22] [217/459] GTJA
[10:10:23] [218/459] MAHT
[10:10:23] [219/459] SSNN
[10:10:24] [220/459] ARRP
[10:10:25] [221/459] ATNS
[10:10:26] [222/459] SKDT
[10:10:27] [223/459] ACAT
[10:10:27] [224/459] APRC
[10:10:28] [225/459] SWAG
[10:10:29] [226/459] SDPT
[10:10:30] [227/459] STPS
[10:10:31] [228/459] WWCZ
[10:10:32] [229/459] LLCH
[10:10:33] [230/459] MZHA
[10:10:34] [231/459] CRJG
[10:10:35] [232/459] JGTK
[10:10:36] [233/459] KCSR
[10:10:37] [234/459] CHTL
[10:10:38] [235/459] EDSR
[10:10:39] [236/459] CSWO
[10:10:40] [237/459] CPVM
[10:10:41] [238/459] MXBY
[10:10:42] [239/459] FMMA
[10:10:42] [240/459] POVI
[10:10:43] [241/459] MTHB
[10:10:44] [242/459] INRC
[10:10:45] [243/459] PIPP
[10:10:46] [244/459] BMXC
[10:10:46] [245/459] PCMM
[10:10:47] [246/459] PMKM
[10:10:48] [247/459] GATY
[10:10:49] [248/459] IMCM
[10:10:51] [249/459] POPE
[10:10:52] [250/459] MTCR
[10:10:53] [251/459] PVAE
[10:10:54] [252/459] PVMI
[10:10:55] [253/459] CPNM
[10:10:56] [254/459] FMRL
[10:10:57] [255/459] MCIW
[10:10:58] [256/459] MXBO
[10:10:59] [257/459] FMKY
[10:10:59] [258/459] FMDA
[10:11:00] [259/459] THAB
[10:11:01] [260/459] PRCW
[10:11:02] [261/459] PITI
[10:11:03] [262/459] MCFF
[10:11:03] [263/459] PDDV
[10:11:04] [264/459] MCRM
[10:11:05] [265/459] KKMB
[10:11:06] [266/459] INKO
[10:11:07] [267/459] PLXP
[10:11:08] [268/459] MMHA
[10:11:09] [269/459] FMVS
[10:11:09] [270/459] POLM
[10:11:11] [271/459] STER
[10:11:12] [272/459] PVWJ
[10:11:13] [273/459] IMJW
[10:11:13] [274/459] FNAN
[10:11:14] [275/459] CAGL
[10:11:15] [276/459] IPBG
[10:11:16] [277/459] SMFV
[10:11:17] [278/459] MMMR
[10:11:18] [279/459] MMWM
[10:11:19] [280/459] FNCM
[10:11:19] [281/459] MDVA
[10:11:20] [282/459] MMET
[10:11:21] [283/459] MIDO
[10:11:22] [284/459] INNP
[10:11:23] [285/459] MIFU
[10:11:23] [286/459] MMSZ
[10:11:24] [287/459] BMXA
[10:11:25] [288/459] MCAA
[10:11:26] [289/459] SCVP
[10:11:27] [290/459] PLUS
[10:11:27] [291/459] MUCK
[10:11:28] [292/459] MTMA
[10:11:29] [293/459] HPVR
[10:11:30] [294/459] PMPK
[10:11:31] [295/459] MAJB
[10:11:32] [296/459] CTRR
[10:11:32] [297/459] MCTG
[10:11:33] [298/459] MACE
[10:11:35] [299/459] AAAS
[10:11:36] [300/459] CPVV
[10:11:36] [301/459] RCHG
[10:11:37] [302/459] MCNE
[10:11:38] [303/459] EMNC
[10:11:39] [304/459] MCAN
[10:11:40] [305/459] TCDM
[10:11:41] [306/459] IRGT
[10:11:42] [307/459] GCMG
[10:11:42] [308/459] MXSN
[10:11:44] [309/459] MXCK
[10:11:45] [310/459] MCRC
[10:11:46] [311/459] RSMI
[10:11:47] [312/459] WAML
[10:11:47] [313/459] MTSC
[10:11:48] [314/459] FMDR
[10:11:49] [315/459] LEPV
[10:11:50] [316/459] MTGD
[10:11:51] [317/459] IMOB
[10:11:52] [318/459] CLMM
[10:11:53] [319/459] PZCD
[10:11:53] [320/459] GOCS
[10:11:54] [321/459] KCMA
[10:11:55] [322/459] CCMP
[10:11:56] [323/459] MTSU
[10:11:57] [324/459] SNGL
[10:11:58] [325/459] MMMC
[10:12:00] [326/459] MMAA
[10:12:00] [327/459] GCDM
[10:12:01] [328/459] KTMV
[10:12:02] [329/459] AETE
[10:12:03] [330/459] OMCS
[10:12:04] [331/459] GDCD
[10:12:04] [332/459] NYMD
[10:12:05] [333/459] RNCV
[10:12:06] [334/459] KKMT
[10:12:07] [335/459] GDTH
[10:12:08] [336/459] KMMV
[10:12:08] [337/459] NHCG
[10:12:10] [338/459] PJDW
[10:12:10] [339/459] MMCV
[10:12:11] [340/459] FQSA
[10:12:12] [341/459] KURL
[10:12:13] [342/459] NNNX
[10:12:14] [343/459] AMAU
[10:12:15] [344/459] VVVM
[10:12:16] [345/459] VECU
[10:12:16] [346/459] WCVR
[10:12:17] [347/459] MTGG
[10:12:18] [348/459] SGTG
[10:12:19] [349/459] MNTG
[10:12:20] [350/459] JDDG
[10:12:20] [351/459] MBTK
[10:12:21] [352/459] SGCD
[10:12:22] [353/459] MCTC
[10:12:23] [354/459] JTPC
[10:12:24] [355/459] SDKT
[10:12:24] [356/459] KRCC
[10:12:25] [357/459] RMMD
[10:12:26] [358/459] AAME
[10:12:27] [359/459] TMWC
[10:12:28] [360/459] NRWY
[10:12:29] [361/459] CITD
[10:12:30] [362/459] VERD
[10:12:31] [363/459] MKSK
[10:12:32] [364/459] STSM
[10:12:32] [365/459] MJDG
[10:12:33] [366/459] RKPM
[10:12:34] [367/459] SSCE
[10:12:35] [368/459] VMAE
[10:12:36] [369/459] SBRU
[10:12:36] [370/459] AMBC
[10:12:37] [371/459] AMLU
[10:12:38] [372/459] INVZ
[10:12:39] [373/459] LGTV
[10:12:40] [374/459] SVAD
[10:12:41] [375/459] SMSA
[10:12:41] [376/459] SPCZ
[10:12:42] [377/459] GTCX
[10:12:43] [378/459] SCSL
[10:12:44] [379/459] SAHU
[10:12:45] [380/459] NCDA
[10:12:46] [381/459] SCCG
[10:12:47] [382/459] VKTL
[10:12:47] [383/459] PUUJ
[10:12:48] [384/459] STEJ
[10:12:49] [385/459] RJAL
[10:12:50] [386/459] ACJC
[10:12:51] [387/459] VTHC
[10:12:51] [388/459] ARVB
[10:12:52] [389/459] AUBB
[10:12:53] [390/459] GDBR
[10:12:54] [391/459] PVND
[10:12:56] [392/459] BGRJ
[10:12:57] [393/459] RJMM
[10:12:57] [394/459] MCSA
[10:12:58] [395/459] BODA
[10:12:59] [396/459] JAGG
[10:13:00] [397/459] SCGA
[10:13:01] [398/459] LRCM
[10:13:01] [399/459] CPCN
[10:13:02] [400/459] SSTF
[10:13:03] [401/459] SRXP
[10:13:04] [402/459] CNFX
[10:13:04] [403/459] ANDI
[10:13:05] [404/459] SYEW
[10:13:06] [405/459] RCRE
[10:13:07] [406/459] SCRW
[10:13:08] [407/459] MBKR
[10:13:09] [408/459] ASNT
[10:13:10] [409/459] JTMT
[10:13:11] [410/459] SHAY
[10:13:12] [411/459] VRTH
[10:13:13] [412/459] SPTI
[10:13:14] [413/459] DPTD
[10:13:15] [414/459] TGSN
[10:13:16] [415/459] RCWV
[10:13:17] [416/459] OCUR
[10:13:18] [417/459] KSTC
[10:13:18] [418/459] SANI
[10:13:19] [419/459] MLCA
[10:13:20] [420/459] EGCA
[10:13:21] [421/459] SYSN
[10:13:22] [422/459] PKTA
[10:13:23] [423/459] PRCC
[10:13:24] [424/459] KSTR
[10:13:25] [425/459] SNTP
[10:13:26] [426/459] RCHA
[10:13:27] [427/459] SEEA
[10:13:28] [428/459] ALAT
[10:13:28] [429/459] AATV
[10:13:29] [430/459] RJTE
[10:13:30] [431/459] AAPP
[10:13:31] [432/459] PMMH
[10:13:32] [433/459] INRJ
[10:13:33] [434/459] SARB
[10:13:34] [435/459] PCJL
[10:13:34] [436/459] PFJJ
[10:13:35] [437/459] GRDC
[10:13:36] [438/459] BCBA
[10:13:37] [439/459] VIXL
[10:13:38] [440/459] CSTL
[10:13:39] [441/459] MTDK
[10:13:39] [442/459] TDAC
[10:13:40] [443/459] GTDN
[10:13:41] [444/459] TTDE
[10:13:42] [445/459] ASTS
[10:13:43] [446/459] CPNS
[10:13:44] [447/459] PVVW
[10:13:45] [448/459] USEB
[10:13:45] [449/459] DTYN
[10:13:46] [450/459] PVLE
[10:13:47] [451/459] CIPS
[10:13:47] [452/459] PAEG
[10:13:48] [453/459] PTCW
[10:13:49] [454/459] G3SR
[10:13:51] [455/459] PGND
[10:13:52] [456/459] INVM
[10:13:53] [457/459] SPIA
[10:13:54] [458/459] PCSN
[10:13:54] [459/459] PPGV
[10:13:55] 🧹 Deduping shows
[10:13:55] ✅ DONE | Shows=314 | Movies=17
[16:48:30] 🚀 SCRIPT STARTED
[16:48:30] [1/459] FNDB
[16:48:30] 🧠 New identity created
[16:48:31] [2/459] AMBH
[16:48:32] [3/459] PRHN
[16:48:33] [4/459] ACPM
[16:48:33] [5/459] PVFS
[16:48:34] [6/459] AACN
[16:48:35] [7/459] ACAS
[16:48:36] [8/459] CTNR
[16:48:37] [9/459] MMAH
[16:48:38] [10/459] CPMH
[16:48:38] [11/459] IGMH
[16:48:40] [12/459] ABCS
[16:48:41] [13/459] CMMA
[16:48:41] [14/459] GPRH
[16:48:43] [15/459] PNNG
[16:48:44] [16/459] AMCA
[16:48:45] [17/459] ISTN
[16:48:46] [18/459] PIIC
[16:48:47] [19/459] AHMH
[16:48:47] [20/459] ASHN
[16:48:48] [21/459] INHY
[16:48:49] [22/459] SRMO
[16:48:50] [23/459] PIMH
[16:48:51] [24/459] PVTS
[16:48:51] [25/459] MMCA
[16:48:52] [26/459] AKYJ
[16:48:53] [27/459] BRKH
[16:48:54] [28/459] MAHM
[16:48:55] [29/459] CPHY
[16:48:56] [30/459] PVTP
[16:48:57] [31/459] SMMR
[16:48:58] [32/459] PVHM
[16:48:59] [33/459] SNDY
[16:48:59] [34/459] GOKU
[16:49:00] [35/459] ACEV
[16:49:01] [36/459] PVUM
[16:49:02] [37/459] VSWA
[16:49:03] [38/459] IPRS
[16:49:04] [39/459] ASGN
[16:49:05] [40/459] BKMV
[16:49:06] [41/459] PVYH
[16:49:07] [42/459] INKM
[16:49:07] [43/459] ARJU
[16:49:08] [44/459] JJPP
[16:49:09] [45/459] SSRM
[16:49:10] [46/459] HMHD
[16:49:11] [47/459] SNKH
[16:49:12] [48/459] ACHI
[16:49:12] [49/459] MRAA
[16:49:13] [50/459] INMH
[16:49:14] [51/459] ARMH
[16:49:14] [52/459] DVRR
[16:49:15] [53/459] SUDA
[16:49:16] [54/459] MCSS
[16:49:17] [55/459] VRKC
[16:49:18] [56/459] PRCX
[16:49:20] [57/459] ASJY
[16:49:20] [58/459] MTHY
[16:49:22] [59/459] SRCM
[16:49:23] [60/459] TVHY
[16:49:24] [61/459] STHD
[16:49:25] [62/459] CPCL
[16:49:25] [63/459] PSMJ
[16:49:27] [64/459] MRGT
[16:49:28] [65/459] ARYH
[16:49:28] [66/459] VTRB
[16:49:29] [67/459] SCHC
[16:49:30] [68/459] MRRG
[16:49:31] [69/459] SPCB
[16:49:32] [70/459] AMCM
[16:49:32] [71/459] IVNM
[16:49:33] [72/459] TRHY
[16:49:34] [73/459] PTTH
[16:49:35] [74/459] RKMH
[16:49:36] [75/459] PRCS
[16:49:37] [76/459] VAJA
[16:49:38] [77/459] BJNG
[16:49:38] [78/459] SCVM
[16:49:39] [79/459] GNHB
[16:49:40] [80/459] TLUR
[16:49:41] [81/459] UKCC
[16:49:42] [82/459] SRKR
[16:49:42] [83/459] RMKN
[16:49:43] [84/459] SLRT
[16:49:45] [85/459] LKMT
[16:49:45] [86/459] SSRJ
[16:49:46] [87/459] SPHT
[16:49:47] [88/459] ANTT
[16:49:48] [89/459] SRCH
[16:49:48] [90/459] SRCA
[16:49:49] [91/459] ARTH
[16:49:50] [92/459] MCBH
[16:49:51] [93/459] SNIB
[16:49:52] [94/459] SART
[16:49:52] [95/459] SKTA
[16:49:53] [96/459] YAKT
[16:49:54] [97/459] MLCK
[16:49:55] [98/459] ANTS
[16:49:56] [99/459] DGCA
[16:49:57] [100/459] SGMP
[16:49:57] [101/459] ASWN
[16:49:58] [102/459] KFVU
[16:49:59] [103/459] POOR
[16:50:00] [104/459] GKDN
[16:50:01] [105/459] EOSE
[16:50:02] [106/459] GTTT
[16:50:03] [107/459] ARRO
[16:50:03] [108/459] CMMK
[16:50:05] [109/459] MSCN
[16:50:05] [110/459] GDKH
[16:50:06] [111/459] DLMT
[16:50:07] [112/459] PVMF
[16:50:08] [113/459] CPCK
[16:50:09] [114/459] VMHE
[16:50:10] [115/459] PVLC
[16:50:10] [116/459] PCVB
[16:50:11] [117/459] SNYK
[16:50:12] [118/459] KTEK
[16:50:13] [119/459] PCNM
[16:50:14] [120/459] NTTR
[16:50:15] [121/459] CPSK
[16:50:15] [122/459] JMMA
[16:50:16] [123/459] GCFK
[16:50:17] [124/459] MYCA
[16:50:18] [125/459] KSNP
[16:50:19] [126/459] PMCE
[16:50:19] [127/459] SCKI
[16:50:20] [128/459] FSMA
[16:50:21] [129/459] CETA
[16:50:22] [130/459] MCIK
[16:50:23] [131/459] MYCR
[16:50:24] [132/459] EVMP
[16:50:25] [133/459] SSGT
[16:50:25] [134/459] KCTK
[16:50:26] [135/459] ZTKC
[16:50:27] [136/459] MMTA
[16:50:28] [137/459] MAJT
[16:50:28] [138/459] ACPK
[16:50:29] [139/459] JMAX
[16:50:30] [140/459] SETK
[16:50:31] [141/459] CAIS
[16:50:31] [142/459] AGCD
[16:50:32] [143/459] URCL
[16:50:33] [144/459] VTDS
[16:50:34] [145/459] JCNM
[16:50:35] [146/459] KCAM
[16:50:36] [147/459] ADCU
[16:50:36] [148/459] GXYN
[16:50:37] [149/459] SMJG
[16:50:38] [150/459] EYCJ
[16:50:39] [151/459] CCEJ
[16:50:40] [152/459] MARS
[16:50:41] [153/459] CPVJ
[16:50:42] [154/459] INVP
[16:50:43] [155/459] CPOV
[16:50:44] [156/459] VIJK
[16:50:45] [157/459] LAIM
[16:50:45] [158/459] STHV
[16:50:46] [159/459] SVLJ
[16:50:47] [160/459] ATVJ
[16:50:48] [161/459] JTSC
[16:50:49] [162/459] RMTV
[16:50:49] [163/459] MGGG
[16:50:50] [164/459] SWTH
[16:50:51] [165/459] INVJ
[16:50:52] [166/459] PRSV
[16:50:53] [167/459] JATV
[16:50:54] [168/459] RCVD
[16:50:54] [169/459] BDMA
[16:50:55] [170/459] BLJI
[16:50:56] [171/459] SWOT
[16:50:58] [172/459] SWRN
[16:50:59] [173/459] TVRA
[16:50:59] [174/459] VCSV
[16:51:00] [175/459] NVRN
[16:51:01] [176/459] SIKC
[16:51:02] [177/459] VAKR
[16:51:02] [178/459] SYLN
[16:51:04] [179/459] KLJL
[16:51:05] [180/459] LKMY
[16:51:06] [181/459] VSLY
[16:51:07] [182/459] CIKO
[16:51:08] [183/459] GPBG
[16:51:09] [184/459] CECM
[16:51:10] [185/459] SLKB
[16:51:10] [186/459] MTBO
[16:51:11] [187/459] SSHB
[16:51:12] [188/459] VPCS
[16:51:13] [189/459] RCSR
[16:51:14] [190/459] RJRM
[16:51:15] [191/459] KPPB
[16:51:16] [192/459] SEDC
[16:51:16] [193/459] SCAI
[16:51:17] [194/459] RMTR
[16:51:18] [195/459] ASST
[16:51:19] [196/459] GCAK
[16:51:19] [197/459] ANNK
[16:51:20] [198/459] KDDF
[16:51:21] [199/459] NRDP
[16:51:22] [200/459] PLAK
[16:51:23] [201/459] GCMC
[16:51:24] [202/459] ALPY
[16:51:25] [203/459] SICE
[16:51:25] [204/459] SISR
[16:51:26] [205/459] SRPZ
[16:51:27] [206/459] SRSW
[16:51:28] [207/459] SUYA
[16:51:29] [208/459] AMMT
[16:51:30] [209/459] BHCU
[16:51:30] [210/459] KLPA
[16:51:31] [211/459] NVKH
[16:51:32] [212/459] JMRC
[16:51:33] [213/459] KTTT
[16:51:34] [214/459] MAGH
[16:51:34] [215/459] MMMX
[16:51:35] [216/459] SALJ
[16:51:36] [217/459] GTJA
[16:51:37] [218/459] MAHT
[16:51:38] [219/459] SSNN
[16:51:38] [220/459] ARRP
[16:51:39] [221/459] ATNS
[16:51:40] [222/459] SKDT
[16:51:41] [223/459] ACAT
[16:51:42] [224/459] APRC
[16:51:42] [225/459] SWAG
[16:51:43] [226/459] SDPT
[16:51:44] [227/459] STPS
[16:51:45] [228/459] WWCZ
[16:51:47] [229/459] LLCH
[16:51:47] [230/459] MZHA
[16:51:48] [231/459] CRJG
[16:51:49] [232/459] JGTK
[16:51:50] [233/459] KCSR
[16:51:51] [234/459] CHTL
[16:51:51] [235/459] EDSR
[16:51:52] [236/459] CSWO
[16:51:53] [237/459] CPVM
[16:51:54] [238/459] MXBY
[16:51:55] [239/459] FMMA
[16:51:56] [240/459] POVI
[16:51:57] [241/459] MTHB
[16:51:58] [242/459] INRC
[16:51:59] [243/459] PIPP
[16:52:00] [244/459] BMXC
[16:52:00] [245/459] PCMM
[16:52:01] [246/459] PMKM
[16:52:02] [247/459] GATY
[16:52:03] [248/459] IMCM
[16:52:04] [249/459] POPE
[16:52:04] [250/459] MTCR
[16:52:05] [251/459] PVAE
[16:52:06] [252/459] PVMI
[16:52:07] [253/459] CPNM
[16:52:07] [254/459] FMRL
[16:52:08] [255/459] MCIW
[16:52:09] [256/459] MXBO
[16:52:10] [257/459] FMKY
[16:52:11] [258/459] FMDA
[16:52:12] [259/459] THAB
[16:52:12] [260/459] PRCW
[16:52:13] [261/459] PITI
[16:52:14] [262/459] MCFF
[16:52:16] [263/459] PDDV
[16:52:17] [264/459] MCRM
[16:52:18] [265/459] KKMB
[16:52:19] [266/459] INKO
[16:52:19] [267/459] PLXP
[16:52:20] [268/459] MMHA
[16:52:21] [269/459] FMVS
[16:52:21] [270/459] POLM
[16:52:22] [271/459] STER
[16:52:23] [272/459] PVWJ
[16:52:24] [273/459] IMJW
[16:52:24] [274/459] FNAN
[16:52:25] [275/459] CAGL
[16:52:26] [276/459] IPBG
[16:52:27] [277/459] SMFV
[16:52:27] [278/459] MMMR
[16:52:28] [279/459] MMWM
[16:52:29] [280/459] FNCM
[16:52:30] [281/459] MDVA
[16:52:30] [282/459] MMET
[16:52:31] [283/459] MIDO
[16:52:32] [284/459] INNP
[16:52:34] [285/459] MIFU
[16:52:34] [286/459] MMSZ
[16:52:35] [287/459] BMXA
[16:52:36] [288/459] MCAA
[16:52:37] [289/459] SCVP
[16:52:37] [290/459] PLUS
[16:52:38] [291/459] MUCK
[16:52:39] [292/459] MTMA
[16:52:40] [293/459] HPVR
[16:52:40] [294/459] PMPK
[16:52:41] [295/459] MAJB
[16:52:42] [296/459] CTRR
[16:52:43] [297/459] MCTG
[16:52:43] [298/459] MACE
[16:52:44] [299/459] AAAS
[16:52:45] [300/459] CPVV
[16:52:46] [301/459] RCHG
[16:52:47] [302/459] MCNE
[16:52:47] [303/459] EMNC
[16:52:48] [304/459] MCAN
[16:52:50] [305/459] TCDM
[16:52:51] [306/459] IRGT
[16:52:51] [307/459] GCMG
[16:52:52] [308/459] MXSN
[16:52:53] [309/459] MXCK
[16:52:54] [310/459] MCRC
[16:52:55] [311/459] RSMI
[16:52:55] [312/459] WAML
[16:52:56] [313/459] MTSC
[16:52:57] [314/459] FMDR
[16:52:58] [315/459] LEPV
[16:52:59] [316/459] MTGD
[16:53:00] [317/459] IMOB
[16:53:01] [318/459] CLMM
[16:53:02] [319/459] PZCD
[16:53:02] [320/459] GOCS
[16:53:03] [321/459] KCMA
[16:53:04] [322/459] CCMP
[16:53:05] [323/459] MTSU
[16:53:06] [324/459] SNGL
[16:53:07] [325/459] MMMC
[16:53:08] [326/459] MMAA
[16:53:09] [327/459] GCDM
[16:53:10] [328/459] KTMV
[16:53:11] [329/459] AETE
[16:53:12] [330/459] OMCS
[16:53:13] [331/459] GDCD
[16:53:14] [332/459] NYMD
[16:53:15] [333/459] RNCV
[16:53:16] [334/459] KKMT
[16:53:16] [335/459] GDTH
[16:53:17] [336/459] KMMV
[16:53:18] [337/459] NHCG
[16:53:18] [338/459] PJDW
[16:53:19] [339/459] MMCV
[16:53:20] [340/459] FQSA
[16:53:21] [341/459] KURL
[16:53:21] [342/459] NNNX
[16:53:22] [343/459] AMAU
[16:53:23] [344/459] VVVM
[16:53:24] [345/459] VECU
[16:53:25] [346/459] WCVR
[16:53:25] [347/459] MTGG
[16:53:26] [348/459] SGTG
[16:53:27] [349/459] MNTG
[16:53:28] [350/459] JDDG
[16:53:29] [351/459] MBTK
[16:53:30] [352/459] SGCD
[16:53:30] [353/459] MCTC
[16:53:31] [354/459] JTPC
[16:53:32] [355/459] SDKT
[16:53:33] [356/459] KRCC
[16:53:34] [357/459] RMMD
[16:53:34] [358/459] AAME
[16:53:35] [359/459] TMWC
[16:53:36] [360/459] NRWY
[16:53:37] [361/459] CITD
[16:53:38] [362/459] VERD
[16:53:38] [363/459] MKSK
[16:53:39] [364/459] STSM
[16:53:40] [365/459] MJDG
[16:53:41] [366/459] RKPM
[16:53:42] [367/459] SSCE
[16:53:43] [368/459] VMAE
[16:53:43] [369/459] SBRU
[16:53:44] [370/459] AMBC
[16:53:46] [371/459] AMLU
[16:53:47] [372/459] INVZ
[16:53:47] [373/459] LGTV
[16:53:48] [374/459] SVAD
[16:53:49] [375/459] SMSA
[16:53:50] [376/459] SPCZ
[16:53:50] [377/459] GTCX
[16:53:51] [378/459] SCSL
[16:53:52] [379/459] SAHU
[16:53:52] [380/459] NCDA
[16:53:54] [381/459] SCCG
[16:53:55] [382/459] VKTL
[16:53:56] [383/459] PUUJ
[16:53:57] [384/459] STEJ
[16:53:57] [385/459] RJAL
[16:53:58] [386/459] ACJC
[16:53:59] [387/459] VTHC
[16:54:00] [388/459] ARVB
[16:54:01] [389/459] AUBB
[16:54:02] [390/459] GDBR
[16:54:02] [391/459] PVND
[16:54:03] [392/459] BGRJ
[16:54:04] [393/459] RJMM
[16:54:05] [394/459] MCSA
[16:54:06] [395/459] BODA
[16:54:07] [396/459] JAGG
[16:54:07] [397/459] SCGA
[16:54:08] [398/459] LRCM
[16:54:09] [399/459] CPCN
[16:54:10] [400/459] SSTF
[16:54:11] [401/459] SRXP
[16:54:11] [402/459] CNFX
[16:54:12] [403/459] ANDI
[16:54:13] [404/459] SYEW
[16:54:14] [405/459] RCRE
[16:54:14] [406/459] SCRW
[16:54:15] [407/459] MBKR
[16:54:16] [408/459] ASNT
[16:54:17] [409/459] JTMT
[16:54:18] [410/459] SHAY
[16:54:18] [411/459] VRTH
[16:54:19] [412/459] SPTI
[16:54:20] [413/459] DPTD
[16:54:21] [414/459] TGSN
[16:54:22] [415/459] RCWV
[16:54:23] [416/459] OCUR
[16:54:24] [417/459] KSTC
[16:54:26] [418/459] SANI
[16:54:26] [419/459] MLCA
[16:54:27] [420/459] EGCA
[16:54:28] [421/459] SYSN
[16:54:28] [422/459] PKTA
[16:54:29] [423/459] PRCC
[16:54:30] [424/459] KSTR
[16:54:31] [425/459] SNTP
[16:54:31] [426/459] RCHA
[16:54:32] [427/459] SEEA
[16:54:33] [428/459] ALAT
[16:54:34] [429/459] AATV
[16:54:35] [430/459] RJTE
[16:54:36] [431/459] AAPP
[16:54:37] [432/459] PMMH
[16:54:37] [433/459] INRJ
[16:54:38] [434/459] SARB
[16:54:39] [435/459] PCJL
[16:54:40] [436/459] PFJJ
[16:54:40] [437/459] GRDC
[16:54:41] [438/459] BCBA
[16:54:42] [439/459] VIXL
[16:54:43] [440/459] CSTL
[16:54:43] [441/459] MTDK
[16:54:44] [442/459] TDAC
[16:54:45] [443/459] GTDN
[16:54:46] [444/459] TTDE
[16:54:47] [445/459] ASTS
[16:54:47] [446/459] CPNS
[16:54:48] [447/459] PVVW
[16:54:49] [448/459] USEB
[16:54:50] [449/459] DTYN
[16:54:51] [450/459] PVLE
[16:54:52] [451/459] CIPS
[16:54:53] [452/459] PAEG
[16:54:53] [453/459] PTCW
[16:54:54] [454/459] G3SR
[16:54:55] [455/459] PGND
[16:54:56] [456/459] INVM
[16:54:56] [457/459] SPIA
[16:54:57] [458/459] PCSN
[16:54:58] [459/459] PPGV
[16:54:59] 🧹 Deduping shows
[16:54:59] ✅ DONE | Shows=480 | Movies=30
[04:48:42] 🚀 SCRIPT STARTED
[04:48:42] [1/459] FNDB
[04:48:42] 🧠 New identity created
[04:48:43] [2/459] AMBH
[04:48:44] [3/459] PRHN
[04:48:45] [4/459] ACPM
[04:48:45] [5/459] PVFS
[04:48:46] [6/459] AACN
[04:48:47] [7/459] ACAS
[04:48:48] [8/459] CTNR
[04:48:49] [9/459] MMAH
[04:48:50] [10/459] CPMH
[04:48:51] [11/459] IGMH
[04:48:52] [12/459] ABCS
[04:48:53] [13/459] CMMA
[04:48:53] [14/459] GPRH
[04:48:54] [15/459] PNNG
[04:48:55] [16/459] AMCA
[04:48:56] [17/459] ISTN
[04:48:57] [18/459] PIIC
[04:48:58] [19/459] AHMH
[04:48:58] [20/459] ASHN
[04:49:00] [21/459] INHY
[04:49:01] [22/459] SRMO
[04:49:02] [23/459] PIMH
[04:49:03] [24/459] PVTS
[04:49:04] [25/459] MMCA
[04:49:05] [26/459] AKYJ
[04:49:05] [27/459] BRKH
[04:49:06] [28/459] MAHM
[04:49:07] [29/459] CPHY
[04:49:08] [30/459] PVTP
[04:49:10] [31/459] SMMR
[04:49:11] [32/459] PVHM
[04:49:12] [33/459] SNDY
[04:49:12] [34/459] GOKU
[04:49:13] [35/459] ACEV
[04:49:14] [36/459] PVUM
[04:49:15] [37/459] VSWA
[04:49:16] [38/459] IPRS
[04:49:17] [39/459] ASGN
[04:49:18] [40/459] BKMV
[04:49:19] [41/459] PVYH
[04:49:19] [42/459] INKM
[04:49:20] [43/459] ARJU
[04:49:21] [44/459] JJPP
[04:49:22] [45/459] SSRM
[04:49:23] [46/459] HMHD
[04:49:24] [47/459] SNKH
[04:49:24] [48/459] ACHI
[04:49:25] [49/459] MRAA
[04:49:26] [50/459] INMH
[04:49:26] [51/459] ARMH
[04:49:27] [52/459] DVRR
[04:49:28] [53/459] SUDA
[04:49:29] [54/459] MCSS
[04:49:30] [55/459] VRKC
[04:49:31] [56/459] PRCX
[04:49:32] [57/459] ASJY
[04:49:33] [58/459] MTHY
[04:49:34] [59/459] SRCM
[04:49:34] [60/459] TVHY
[04:49:35] [61/459] STHD
[04:49:36] [62/459] CPCL
[04:49:37] [63/459] PSMJ
[04:49:38] [64/459] MRGT
[04:49:39] [65/459] ARYH
[04:49:40] [66/459] VTRB
[04:49:41] [67/459] SCHC
[04:49:42] [68/459] MRRG
[04:49:43] [69/459] SPCB
[04:49:43] [70/459] AMCM
[04:49:44] [71/459] IVNM
[04:49:45] [72/459] TRHY
[04:49:45] [73/459] PTTH
[04:49:46] [74/459] RKMH
[04:49:47] [75/459] PRCS
[04:49:48] [76/459] VAJA
[04:49:49] [77/459] BJNG
[04:49:50] [78/459] SCVM
[04:49:51] [79/459] GNHB
[04:49:51] [80/459] TLUR
[04:49:52] [81/459] UKCC
[04:49:53] [82/459] SRKR
[04:49:54] [83/459] RMKN
[04:49:55] [84/459] SLRT
[04:49:55] [85/459] LKMT
[04:49:56] [86/459] SSRJ
[04:49:57] [87/459] SPHT
[04:49:58] [88/459] ANTT
[04:49:58] [89/459] SRCH
[04:49:59] [90/459] SRCA
[04:50:00] [91/459] ARTH
[04:50:01] [92/459] MCBH
[04:50:02] [93/459] SNIB
[04:50:03] [94/459] SART
[04:50:03] [95/459] SKTA
[04:50:05] [96/459] YAKT
[04:50:06] [97/459] MLCK
[04:50:08] [98/459] ANTS
[04:50:08] [99/459] DGCA
[04:50:10] [100/459] SGMP
[04:50:11] [101/459] ASWN
[04:50:12] [102/459] KFVU
[04:50:12] [103/459] POOR
[04:50:13] [104/459] GKDN
[04:50:15] [105/459] EOSE
[04:50:16] [106/459] GTTT
[04:50:16] [107/459] ARRO
[04:50:17] [108/459] CMMK
[04:50:18] [109/459] MSCN
[04:50:20] [110/459] GDKH
[04:50:21] [111/459] DLMT
[04:50:22] [112/459] PVMF
[04:50:23] [113/459] CPCK
[04:50:24] [114/459] VMHE
[04:50:24] [115/459] PVLC
[04:50:26] [116/459] PCVB
[04:50:28] [117/459] SNYK
[04:50:29] [118/459] KTEK
[04:50:30] [119/459] PCNM
[04:50:30] [120/459] NTTR
[04:50:31] [121/459] CPSK
[04:50:32] [122/459] JMMA
[04:50:33] [123/459] GCFK
[04:50:34] [124/459] MYCA
[04:50:36] [125/459] KSNP
[04:50:36] [126/459] PMCE
[04:50:37] [127/459] SCKI
[04:50:38] [128/459] FSMA
[04:50:39] [129/459] CETA
[04:50:39] [130/459] MCIK
[04:50:40] [131/459] MYCR
[04:50:41] [132/459] EVMP
[04:50:42] [133/459] SSGT
[04:50:42] [134/459] KCTK
[04:50:43] [135/459] ZTKC
[04:50:45] [136/459] MMTA
[04:50:46] [137/459] MAJT
[04:50:47] [138/459] ACPK
[04:50:47] [139/459] JMAX
[04:50:48] [140/459] SETK
[04:50:49] [141/459] CAIS
[04:50:50] [142/459] AGCD
[04:50:51] [143/459] URCL
[04:50:52] [144/459] VTDS
[04:50:53] [145/459] JCNM
[04:50:54] [146/459] KCAM
[04:50:55] [147/459] ADCU
[04:50:56] [148/459] GXYN
[04:50:57] [149/459] SMJG
[04:50:58] [150/459] EYCJ
[04:50:59] [151/459] CCEJ
[04:51:01] [152/459] MARS
[04:51:02] [153/459] CPVJ
[04:51:02] [154/459] INVP
[04:51:03] [155/459] CPOV
[04:51:05] [156/459] VIJK
[04:51:05] [157/459] LAIM
[04:51:07] [158/459] STHV
[04:51:08] [159/459] SVLJ
[04:51:09] [160/459] ATVJ
[04:51:10] [161/459] JTSC
[04:51:11] [162/459] RMTV
[04:51:13] [163/459] MGGG
[04:51:14] [164/459] SWTH
[04:51:15] [165/459] INVJ
[04:51:16] [166/459] PRSV
[04:51:16] [167/459] JATV
[04:51:17] [168/459] RCVD
[04:51:18] [169/459] BDMA
[04:51:19] [170/459] BLJI
[04:51:20] [171/459] SWOT
[04:51:20] [172/459] SWRN
[04:51:21] [173/459] TVRA
[04:51:22] [174/459] VCSV
[04:51:23] [175/459] NVRN
[04:51:24] [176/459] SIKC
[04:51:25] [177/459] VAKR
[04:51:26] [178/459] SYLN
[04:51:27] [179/459] KLJL
[04:51:28] [180/459] LKMY
[04:51:30] [181/459] VSLY
[04:51:30] [182/459] CIKO
[04:51:31] [183/459] GPBG
[04:51:32] [184/459] CECM
[04:51:33] [185/459] SLKB
[04:51:34] [186/459] MTBO
[04:51:34] [187/459] SSHB
[04:51:35] [188/459] VPCS
[04:51:36] [189/459] RCSR
[04:51:37] [190/459] RJRM
[04:51:38] [191/459] KPPB
[04:51:39] [192/459] SEDC
[04:51:40] [193/459] SCAI
[04:51:40] [194/459] RMTR
[04:51:41] [195/459] ASST
[04:51:42] [196/459] GCAK
[04:51:43] [197/459] ANNK
[04:51:44] [198/459] KDDF
[04:51:45] [199/459] NRDP
[04:51:46] [200/459] PLAK
[04:51:47] [201/459] GCMC
[04:51:47] [202/459] ALPY
[04:51:48] [203/459] SICE
[04:51:49] [204/459] SISR
[04:51:50] [205/459] SRPZ
[04:51:51] [206/459] SRSW
[04:51:51] [207/459] SUYA
[04:51:52] [208/459] AMMT
[04:51:53] [209/459] BHCU
[04:51:54] [210/459] KLPA
[04:51:55] [211/459] NVKH
[04:51:55] [212/459] JMRC
[04:51:57] [213/459] KTTT
[04:51:58] [214/459] MAGH
[04:51:59] [215/459] MMMX
[04:51:59] [216/459] SALJ
[04:52:00] [217/459] GTJA
[04:52:01] [218/459] MAHT
[04:52:03] [219/459] SSNN
[04:52:04] [220/459] ARRP
[04:52:04] [221/459] ATNS
[04:52:06] [222/459] SKDT
[04:52:07] [223/459] ACAT
[04:52:08] [224/459] APRC
[04:52:08] [225/459] SWAG
[04:52:09] [226/459] SDPT
[04:52:10] [227/459] STPS
[04:52:11] [228/459] WWCZ
[04:52:12] [229/459] LLCH
[04:52:12] [230/459] MZHA
[04:52:13] [231/459] CRJG
[04:52:14] [232/459] JGTK
[04:52:16] [233/459] KCSR
[04:52:16] [234/459] CHTL
[04:52:17] [235/459] EDSR
[04:52:18] [236/459] CSWO
[04:52:19] [237/459] CPVM
[04:52:19] [238/459] MXBY
[04:52:20] [239/459] FMMA
[04:52:22] [240/459] POVI
[04:52:23] [241/459] MTHB
[04:52:24] [242/459] INRC
[04:52:25] [243/459] PIPP
[04:52:26] [244/459] BMXC
[04:52:27] [245/459] PCMM
[04:52:28] [246/459] PMKM
[04:52:29] [247/459] GATY
[04:52:29] [248/459] IMCM
[04:52:30] [249/459] POPE
[04:52:32] [250/459] MTCR
[04:52:33] [251/459] PVAE
[04:52:34] [252/459] PVMI
[04:52:35] [253/459] CPNM
[04:52:36] [254/459] FMRL
[04:52:36] [255/459] MCIW
[04:52:37] [256/459] MXBO
[04:52:38] [257/459] FMKY
[04:52:39] [258/459] FMDA
[04:52:39] [259/459] THAB
[04:52:40] [260/459] PRCW
[04:52:41] [261/459] PITI
[04:52:42] [262/459] MCFF
[04:52:43] [263/459] PDDV
[04:52:44] [264/459] MCRM
[04:52:45] [265/459] KKMB
[04:52:46] [266/459] INKO
[04:52:47] [267/459] PLXP
[04:52:47] [268/459] MMHA
[04:52:48] [269/459] FMVS
[04:52:50] [270/459] POLM
[04:52:51] [271/459] STER
[04:52:51] [272/459] PVWJ
[04:52:52] [273/459] IMJW
[04:52:53] [274/459] FNAN
[04:52:54] [275/459] CAGL
[04:52:55] [276/459] IPBG
[04:52:56] [277/459] SMFV
[04:52:57] [278/459] MMMR
[04:52:58] [279/459] MMWM
[04:52:58] [280/459] FNCM
[04:52:59] [281/459] MDVA
[04:53:00] [282/459] MMET
[04:53:01] [283/459] MIDO
[04:53:02] [284/459] INNP
[04:53:03] [285/459] MIFU
[04:53:05] [286/459] MMSZ
[04:53:05] [287/459] BMXA
[04:53:06] [288/459] MCAA
[04:53:07] [289/459] SCVP
[04:53:08] [290/459] PLUS
[04:53:09] [291/459] MUCK
[04:53:09] [292/459] MTMA
[04:53:10] [293/459] HPVR
[04:53:11] [294/459] PMPK
[04:53:12] [295/459] MAJB
[04:53:13] [296/459] CTRR
[04:53:13] [297/459] MCTG
[04:53:14] [298/459] MACE
[04:53:15] [299/459] AAAS
[04:53:16] [300/459] CPVV
[04:53:16] [301/459] RCHG
[04:53:17] [302/459] MCNE
[04:53:19] [303/459] EMNC
[04:53:20] [304/459] MCAN
[04:53:22] [305/459] TCDM
[04:53:23] [306/459] IRGT
[04:53:24] [307/459] GCMG
[04:53:25] [308/459] MXSN
[04:53:26] [309/459] MXCK
[04:53:27] [310/459] MCRC
[04:53:28] [311/459] RSMI
[04:53:29] [312/459] WAML
[04:53:30] [313/459] MTSC
[04:53:30] [314/459] FMDR
[04:53:32] [315/459] LEPV
[04:53:33] [316/459] MTGD
[04:53:33] [317/459] IMOB
[04:53:34] [318/459] CLMM
[04:53:35] [319/459] PZCD
[04:53:36] [320/459] GOCS
[04:53:37] [321/459] KCMA
[04:53:37] [322/459] CCMP
[04:53:38] [323/459] MTSU
[04:53:39] [324/459] SNGL
[04:53:40] [325/459] MMMC
[04:53:40] [326/459] MMAA
[04:53:41] [327/459] GCDM
[04:53:43] [328/459] KTMV
[04:53:45] [329/459] AETE
[04:53:46] [330/459] OMCS
[04:53:47] [331/459] GDCD
[04:53:48] [332/459] NYMD
[04:53:49] [333/459] RNCV
[04:53:50] [334/459] KKMT
[04:53:50] [335/459] GDTH
[04:53:51] [336/459] KMMV
[04:53:52] [337/459] NHCG
[04:53:53] [338/459] PJDW
[04:53:54] [339/459] MMCV
[04:53:55] [340/459] FQSA
[04:53:56] [341/459] KURL
[04:53:57] [342/459] NNNX
[04:53:59] [343/459] AMAU
[04:53:59] [344/459] VVVM
[04:54:00] [345/459] VECU
[04:54:01] [346/459] WCVR
[04:54:02] [347/459] MTGG
[04:54:03] [348/459] SGTG
[04:54:04] [349/459] MNTG
[04:54:05] [350/459] JDDG
[04:54:05] [351/459] MBTK
[04:54:06] [352/459] SGCD
[04:54:07] [353/459] MCTC
[04:54:08] [354/459] JTPC
[04:54:09] [355/459] SDKT
[04:54:09] [356/459] KRCC
[04:54:10] [357/459] RMMD
[04:54:11] [358/459] AAME
[04:54:13] [359/459] TMWC
[04:54:14] [360/459] NRWY
[04:54:14] [361/459] CITD
[04:54:16] [362/459] VERD
[04:54:17] [363/459] MKSK
[04:54:17] [364/459] STSM
[04:54:18] [365/459] MJDG
[04:54:20] [366/459] RKPM
[04:54:22] [367/459] SSCE
[04:54:22] [368/459] VMAE
[04:54:23] [369/459] SBRU
[04:54:24] [370/459] AMBC
[04:54:25] [371/459] AMLU
[04:54:26] [372/459] INVZ
[04:54:27] [373/459] LGTV
[04:54:28] [374/459] SVAD
[04:54:29] [375/459] SMSA
[04:54:29] [376/459] SPCZ
[04:54:30] [377/459] GTCX
[04:54:31] [378/459] SCSL
[04:54:32] [379/459] SAHU
[04:54:33] [380/459] NCDA
[04:54:33] [381/459] SCCG
[04:54:34] [382/459] VKTL
[04:54:35] [383/459] PUUJ
[04:54:36] [384/459] STEJ
[04:54:37] [385/459] RJAL
[04:54:37] [386/459] ACJC
[04:54:38] [387/459] VTHC
[04:54:39] [388/459] ARVB
[04:54:39] [389/459] AUBB
[04:54:40] [390/459] GDBR
[04:54:41] [391/459] PVND
[04:54:42] [392/459] BGRJ
[04:54:43] [393/459] RJMM
[04:54:44] [394/459] MCSA
[04:54:44] [395/459] BODA
[04:54:45] [396/459] JAGG
[04:54:46] [397/459] SCGA
[04:54:48] [398/459] LRCM
[04:54:49] [399/459] CPCN
[04:54:51] [400/459] SSTF
[04:54:52] [401/459] SRXP
[04:54:53] [402/459] CNFX
[04:54:54] [403/459] ANDI
[04:54:54] [404/459] SYEW
[04:54:55] [405/459] RCRE
[04:54:56] [406/459] SCRW
[04:54:57] [407/459] MBKR
[04:54:58] [408/459] ASNT
[04:54:59] [409/459] JTMT
[04:54:59] [410/459] SHAY
[04:55:00] [411/459] VRTH
[04:55:01] [412/459] SPTI
[04:55:02] [413/459] DPTD
[04:55:03] [414/459] TGSN
[04:55:04] [415/459] RCWV
[04:55:05] [416/459] OCUR
[04:55:06] [417/459] KSTC
[04:55:07] [418/459] SANI
[04:55:08] [419/459] MLCA
[04:55:09] [420/459] EGCA
[04:55:09] [421/459] SYSN
[04:55:10] [422/459] PKTA
[04:55:11] [423/459] PRCC
[04:55:12] [424/459] KSTR
[04:55:13] [425/459] SNTP
[04:55:14] [426/459] RCHA
[04:55:14] [427/459] SEEA
[04:55:15] [428/459] ALAT
[04:55:16] [429/459] AATV
[04:55:18] [430/459] RJTE
[04:55:18] [431/459] AAPP
[04:55:19] [432/459] PMMH
[04:55:20] [433/459] INRJ
[04:55:21] [434/459] SARB
[04:55:22] [435/459] PCJL
[04:55:23] [436/459] PFJJ
[04:55:24] [437/459] GRDC
[04:55:25] [438/459] BCBA
[04:55:25] [439/459] VIXL
[04:55:26] [440/459] CSTL
[04:55:27] [441/459] MTDK
[04:55:28] [442/459] TDAC
[04:55:29] [443/459] GTDN
[04:55:30] [444/459] TTDE
[04:55:31] [445/459] ASTS
[04:55:32] [446/459] CPNS
[04:55:33] [447/459] PVVW
[04:55:33] [448/459] USEB
[04:55:34] [449/459] DTYN
[04:55:36] [450/459] PVLE
[04:55:37] [451/459] CIPS
[04:55:38] [452/459] PAEG
[04:55:39] [453/459] PTCW
[04:55:40] [454/459] G3SR
[04:55:40] [455/459] PGND
[04:55:41] [456/459] INVM
[04:55:43] [457/459] SPIA
[04:55:43] [458/459] PCSN
[04:55:44] [459/459] PPGV
[04:55:45] 🧹 Deduping shows
[04:55:45] ✅ DONE | Shows=1264 | Movies=42
[12:02:46] 🚀 SCRIPT STARTED
[12:02:46] [1/459] FNDB
[12:02:46] 🧠 New identity created
[12:02:47] [2/459] AMBH
[12:02:48] [3/459] PRHN
[12:02:49] [4/459] ACPM
[12:02:50] [5/459] PVFS
[12:02:50] [6/459] AACN
[12:02:51] [7/459] ACAS
[12:02:52] [8/459] CTNR
[12:02:53] [9/459] MMAH
[12:02:54] [10/459] CPMH
[12:02:55] [11/459] IGMH
[12:02:56] [12/459] ABCS
[12:02:57] [13/459] CMMA
[12:02:58] [14/459] GPRH
[12:02:59] [15/459] PNNG
[12:03:00] [16/459] AMCA
[12:03:01] [17/459] ISTN
[12:03:01] [18/459] PIIC
[12:03:02] [19/459] AHMH
[12:03:03] [20/459] ASHN
[12:03:04] [21/459] INHY
[12:03:05] [22/459] SRMO
[12:03:06] [23/459] PIMH
[12:03:07] [24/459] PVTS
[12:03:08] [25/459] MMCA
[12:03:09] [26/459] AKYJ
[12:03:10] [27/459] BRKH
[12:03:10] [28/459] MAHM
[12:03:11] [29/459] CPHY
[12:03:12] [30/459] PVTP
[12:03:13] [31/459] SMMR
[12:03:15] [32/459] PVHM
[12:03:16] [33/459] SNDY
[12:03:17] [34/459] GOKU
[12:03:18] [35/459] ACEV
[12:03:18] [36/459] PVUM
[12:03:19] [37/459] VSWA
[12:03:20] [38/459] IPRS
[12:03:21] [39/459] ASGN
[12:03:22] [40/459] BKMV
[12:03:23] [41/459] PVYH
[12:03:24] [42/459] INKM
[12:03:25] [43/459] ARJU
[12:03:26] [44/459] JJPP
[12:03:27] [45/459] SSRM
[12:03:27] [46/459] HMHD
[12:03:28] [47/459] SNKH
[12:03:29] [48/459] ACHI
[12:03:30] [49/459] MRAA
[12:03:31] [50/459] INMH
[12:03:32] [51/459] ARMH
[12:03:33] [52/459] DVRR
[12:03:33] [53/459] SUDA
[12:03:34] [54/459] MCSS
[12:03:35] [55/459] VRKC
[12:03:36] [56/459] PRCX
[12:03:37] [57/459] ASJY
[12:03:38] [58/459] MTHY
[12:03:39] [59/459] SRCM
[12:03:40] [60/459] TVHY
[12:03:41] [61/459] STHD
[12:03:41] [62/459] CPCL
[12:03:42] [63/459] PSMJ
[12:03:43] [64/459] MRGT
[12:03:44] [65/459] ARYH
[12:03:45] [66/459] VTRB
[12:03:46] [67/459] SCHC
[12:03:47] [68/459] MRRG
[12:03:48] [69/459] SPCB
[12:03:49] [70/459] AMCM
[12:03:50] [71/459] IVNM
[12:03:50] [72/459] TRHY
[12:03:51] [73/459] PTTH
[12:03:52] [74/459] RKMH
[12:03:53] [75/459] PRCS
[12:03:54] [76/459] VAJA
[12:03:55] [77/459] BJNG
[12:03:56] [78/459] SCVM
[12:03:57] [79/459] GNHB
[12:03:58] [80/459] TLUR
[12:03:59] [81/459] UKCC
[12:03:59] [82/459] SRKR
[12:04:00] [83/459] RMKN
[12:04:01] [84/459] SLRT
[12:04:02] [85/459] LKMT
[12:04:03] [86/459] SSRJ
[12:04:04] [87/459] SPHT
[12:04:05] [88/459] ANTT
[12:04:06] [89/459] SRCH
[12:04:06] [90/459] SRCA
[12:04:07] [91/459] ARTH
[12:04:09] [92/459] MCBH
[12:04:10] [93/459] SNIB
[12:04:11] [94/459] SART
[12:04:11] [95/459] SKTA
[12:04:12] [96/459] YAKT
[12:04:13] [97/459] MLCK
[12:04:14] [98/459] ANTS
[12:04:15] [99/459] DGCA
[12:04:15] [100/459] SGMP
[12:04:16] [101/459] ASWN
[12:04:17] [102/459] KFVU
[12:04:19] [103/459] POOR
[12:04:19] [104/459] GKDN
[12:04:20] [105/459] EOSE
[12:04:21] [106/459] GTTT
[12:04:23] [107/459] ARRO
[12:04:24] [108/459] CMMK
[12:04:24] [109/459] MSCN
[12:04:25] [110/459] GDKH
[12:04:26] [111/459] DLMT
[12:04:27] [112/459] PVMF
[12:04:28] [113/459] CPCK
[12:04:29] [114/459] VMHE
[12:04:30] [115/459] PVLC
[12:04:31] [116/459] PCVB
[12:04:32] [117/459] SNYK
[12:04:33] [118/459] KTEK
[12:04:33] [119/459] PCNM
[12:04:34] [120/459] NTTR
[12:04:35] [121/459] CPSK
[12:04:37] [122/459] JMMA
[12:04:38] [123/459] GCFK
[12:04:39] [124/459] MYCA
[12:04:40] [125/459] KSNP
[12:04:41] [126/459] PMCE
[12:04:42] [127/459] SCKI
[12:04:43] [128/459] FSMA
[12:04:44] [129/459] CETA
[12:04:44] [130/459] MCIK
[12:04:45] [131/459] MYCR
[12:04:47] [132/459] EVMP
[12:04:47] [133/459] SSGT
[12:04:48] [134/459] KCTK
[12:04:49] [135/459] ZTKC
[12:04:50] [136/459] MMTA
[12:04:51] [137/459] MAJT
[12:04:52] [138/459] ACPK
[12:04:53] [139/459] JMAX
[12:04:54] [140/459] SETK
[12:04:54] [141/459] CAIS
[12:04:55] [142/459] AGCD
[12:04:56] [143/459] URCL
[12:04:57] [144/459] VTDS
[12:04:58] [145/459] JCNM
[12:04:59] [146/459] KCAM
[12:05:00] [147/459] ADCU
[12:05:00] [148/459] GXYN
[12:05:02] [149/459] SMJG
[12:05:03] [150/459] EYCJ
[12:05:04] [151/459] CCEJ
[12:05:05] [152/459] MARS
[12:05:06] [153/459] CPVJ
[12:05:06] [154/459] INVP
[12:05:07] [155/459] CPOV
[12:05:08] [156/459] VIJK
[12:05:09] [157/459] LAIM
[12:05:10] [158/459] STHV
[12:05:11] [159/459] SVLJ
[12:05:12] [160/459] ATVJ
[12:05:12] [161/459] JTSC
[12:05:13] [162/459] RMTV
[12:05:14] [163/459] MGGG
[12:05:15] [164/459] SWTH
[12:05:16] [165/459] INVJ
[12:05:17] [166/459] PRSV
[12:05:18] [167/459] JATV
[12:05:20] [168/459] RCVD
[12:05:21] [169/459] BDMA
[12:05:22] [170/459] BLJI
[12:05:23] [171/459] SWOT
[12:05:24] [172/459] SWRN
[12:05:25] [173/459] TVRA
[12:05:26] [174/459] VCSV
[12:05:26] [175/459] NVRN
[12:05:27] [176/459] SIKC
[12:05:28] [177/459] VAKR
[12:05:29] [178/459] SYLN
[12:05:30] [179/459] KLJL
[12:05:31] [180/459] LKMY
[12:05:32] [181/459] VSLY
[12:05:33] [182/459] CIKO
[12:05:33] [183/459] GPBG
[12:05:34] [184/459] CECM
[12:05:35] [185/459] SLKB
[12:05:36] [186/459] MTBO
[12:05:37] [187/459] SSHB
[12:05:38] [188/459] VPCS
[12:05:39] [189/459] RCSR
[12:05:39] [190/459] RJRM
[12:05:40] [191/459] KPPB
[12:05:41] [192/459] SEDC
[12:05:42] [193/459] SCAI
[12:05:43] [194/459] RMTR
[12:05:44] [195/459] ASST
[12:05:45] [196/459] GCAK
[12:05:46] [197/459] ANNK
[12:05:47] [198/459] KDDF
[12:05:47] [199/459] NRDP
[12:05:48] [200/459] PLAK
[12:05:49] [201/459] GCMC
[12:05:50] [202/459] ALPY
[12:05:51] [203/459] SICE
[12:05:52] [204/459] SISR
[12:05:53] [205/459] SRPZ
[12:05:53] [206/459] SRSW
[12:05:54] [207/459] SUYA
[12:05:55] [208/459] AMMT
[12:05:56] [209/459] BHCU
[12:05:57] [210/459] KLPA
[12:05:58] [211/459] NVKH
[12:05:58] [212/459] JMRC
[12:05:59] [213/459] KTTT
[12:06:00] [214/459] MAGH
[12:06:01] [215/459] MMMX
[12:06:02] [216/459] SALJ
[12:06:03] [217/459] GTJA
[12:06:04] [218/459] MAHT
[12:06:04] [219/459] SSNN
[12:06:05] [220/459] ARRP
[12:06:06] [221/459] ATNS
[12:06:07] [222/459] SKDT
[12:06:07] [223/459] ACAT
[12:06:08] [224/459] APRC
[12:06:09] [225/459] SWAG
[12:06:10] [226/459] SDPT
[12:06:11] [227/459] STPS
[12:06:12] [228/459] WWCZ
[12:06:12] [229/459] LLCH
[12:06:13] [230/459] MZHA
[12:06:14] [231/459] CRJG
[12:06:14] [232/459] JGTK
[12:06:15] [233/459] KCSR
[12:06:16] [234/459] CHTL
[12:06:17] [235/459] EDSR
[12:06:18] [236/459] CSWO
[12:06:19] [237/459] CPVM
[12:06:20] [238/459] MXBY
[12:06:21] [239/459] FMMA
[12:06:22] [240/459] POVI
[12:06:23] [241/459] MTHB
[12:06:24] [242/459] INRC
[12:06:24] [243/459] PIPP
[12:06:25] [244/459] BMXC
[12:06:26] [245/459] PCMM
[12:06:28] [246/459] PMKM
[12:06:29] [247/459] GATY
[12:06:30] [248/459] IMCM
[12:06:31] [249/459] POPE
[12:06:31] [250/459] MTCR
[12:06:32] [251/459] PVAE
[12:06:33] [252/459] PVMI
[12:06:35] [253/459] CPNM
[12:06:36] [254/459] FMRL
[12:06:37] [255/459] MCIW
[12:06:38] [256/459] MXBO
[12:06:39] [257/459] FMKY
[12:06:41] [258/459] FMDA
[12:06:42] [259/459] THAB
[12:06:43] [260/459] PRCW
[12:06:44] [261/459] PITI
[12:06:44] [262/459] MCFF
[12:06:45] [263/459] PDDV
[12:06:46] [264/459] MCRM
[12:06:47] [265/459] KKMB
[12:06:48] [266/459] INKO
[12:06:48] [267/459] PLXP
[12:06:49] [268/459] MMHA
[12:06:51] [269/459] FMVS
[12:06:52] [270/459] POLM
[12:06:53] [271/459] STER
[12:06:54] [272/459] PVWJ
[12:06:55] [273/459] IMJW
[12:06:56] [274/459] FNAN
[12:06:57] [275/459] CAGL
[12:06:58] [276/459] IPBG
[12:06:59] [277/459] SMFV
[12:07:00] [278/459] MMMR
[12:07:01] [279/459] MMWM
[12:07:01] [280/459] FNCM
[12:07:02] [281/459] MDVA
[12:07:03] [282/459] MMET
[12:07:04] [283/459] MIDO
[12:07:04] [284/459] INNP
[12:07:05] [285/459] MIFU
[12:07:07] [286/459] MMSZ
[12:07:08] [287/459] BMXA
[12:07:09] [288/459] MCAA
[12:07:10] [289/459] SCVP
[12:07:10] [290/459] PLUS
[12:07:11] [291/459] MUCK
[12:07:12] [292/459] MTMA
[12:07:13] [293/459] HPVR
[12:07:13] [294/459] PMPK
[12:07:14] [295/459] MAJB
[12:07:15] [296/459] CTRR
[12:07:16] [297/459] MCTG
[12:07:16] [298/459] MACE
[12:07:18] [299/459] AAAS
[12:07:19] [300/459] CPVV
[12:07:20] [301/459] RCHG
[12:07:20] [302/459] MCNE
[12:07:21] [303/459] EMNC
[12:07:22] [304/459] MCAN
[12:07:23] [305/459] TCDM
[12:07:24] [306/459] IRGT
[12:07:25] [307/459] GCMG
[12:07:26] [308/459] MXSN
[12:07:27] [309/459] MXCK
[12:07:28] [310/459] MCRC
[12:07:29] [311/459] RSMI
[12:07:30] [312/459] WAML
[12:07:31] [313/459] MTSC
[12:07:31] [314/459] FMDR
[12:07:32] [315/459] LEPV
[12:07:33] [316/459] MTGD
[12:07:34] [317/459] IMOB
[12:07:35] [318/459] CLMM
[12:07:36] [319/459] PZCD
[12:07:37] [320/459] GOCS
[12:07:38] [321/459] KCMA
[12:07:39] [322/459] CCMP
[12:07:40] [323/459] MTSU
[12:07:40] [324/459] SNGL
[12:07:41] [325/459] MMMC
[12:07:42] [326/459] MMAA
[12:07:43] [327/459] GCDM
[12:07:44] [328/459] KTMV
[12:07:45] [329/459] AETE
[12:07:46] [330/459] OMCS
[12:07:47] [331/459] GDCD
[12:07:48] [332/459] NYMD
[12:07:49] [333/459] RNCV
[12:07:49] [334/459] KKMT
[12:07:50] [335/459] GDTH
[12:07:51] [336/459] KMMV
[12:07:52] [337/459] NHCG
[12:07:53] [338/459] PJDW
[12:07:53] [339/459] MMCV
[12:07:54] [340/459] FQSA
[12:07:55] [341/459] KURL
[12:07:56] [342/459] NNNX
[12:07:57] [343/459] AMAU
[12:07:58] [344/459] VVVM
[12:07:59] [345/459] VECU
[12:08:00] [346/459] WCVR
[12:08:01] [347/459] MTGG
[12:08:02] [348/459] SGTG
[12:08:03] [349/459] MNTG
[12:08:04] [350/459] JDDG
[12:08:04] [351/459] MBTK
[12:08:05] [352/459] SGCD
[12:08:06] [353/459] MCTC
[12:08:07] [354/459] JTPC
[12:08:07] [355/459] SDKT
[12:08:08] [356/459] KRCC
[12:08:10] [357/459] RMMD
[12:08:11] [358/459] AAME
[12:08:11] [359/459] TMWC
[12:08:12] [360/459] NRWY
[12:08:13] [361/459] CITD
[12:08:14] [362/459] VERD
[12:08:15] [363/459] MKSK
[12:08:15] [364/459] STSM
[12:08:16] [365/459] MJDG
[12:08:17] [366/459] RKPM
[12:08:18] [367/459] SSCE
[12:08:19] [368/459] VMAE
[12:08:20] [369/459] SBRU
[12:08:22] [370/459] AMBC
[12:08:23] [371/459] AMLU
[12:08:23] [372/459] INVZ
[12:08:24] [373/459] LGTV
[12:08:25] [374/459] SVAD
[12:08:26] [375/459] SMSA
[12:08:27] [376/459] SPCZ
[12:08:27] [377/459] GTCX
[12:08:28] [378/459] SCSL
[12:08:29] [379/459] SAHU
[12:08:30] [380/459] NCDA
[12:08:31] [381/459] SCCG
[12:08:31] [382/459] VKTL
[12:08:32] [383/459] PUUJ
[12:08:33] [384/459] STEJ
[12:08:34] [385/459] RJAL
[12:08:35] [386/459] ACJC
[12:08:36] [387/459] VTHC
[12:08:37] [388/459] ARVB
[12:08:39] [389/459] AUBB
[12:08:40] [390/459] GDBR
[12:08:40] [391/459] PVND
[12:08:41] [392/459] BGRJ
[12:08:42] [393/459] RJMM
[12:08:43] [394/459] MCSA
[12:08:43] [395/459] BODA
[12:08:44] [396/459] JAGG
[12:08:45] [397/459] SCGA
[12:08:46] [398/459] LRCM
[12:08:47] [399/459] CPCN
[12:08:48] [400/459] SSTF
[12:08:48] [401/459] SRXP
[12:08:49] [402/459] CNFX
[12:08:50] [403/459] ANDI
[12:08:51] [404/459] SYEW
[12:08:52] [405/459] RCRE
[12:08:53] [406/459] SCRW
[12:08:54] [407/459] MBKR
[12:08:55] [408/459] ASNT
[12:08:55] [409/459] JTMT
[12:08:56] [410/459] SHAY
[12:08:57] [411/459] VRTH
[12:08:58] [412/459] SPTI
[12:08:59] [413/459] DPTD
[12:09:00] [414/459] TGSN
[12:09:01] [415/459] RCWV
[12:09:01] [416/459] OCUR
[12:09:02] [417/459] KSTC
[12:09:03] [418/459] SANI
[12:09:04] [419/459] MLCA
[12:09:05] [420/459] EGCA
[12:09:06] [421/459] SYSN
[12:09:07] [422/459] PKTA
[12:09:07] [423/459] PRCC
[12:09:08] [424/459] KSTR
[12:09:09] [425/459] SNTP
[12:09:11] [426/459] RCHA
[12:09:11] [427/459] SEEA
[12:09:12] [428/459] ALAT
[12:09:13] [429/459] AATV
[12:09:14] [430/459] RJTE
[12:09:15] [431/459] AAPP
[12:09:16] [432/459] PMMH
[12:09:16] [433/459] INRJ
[12:09:17] [434/459] SARB
[12:09:18] [435/459] PCJL
[12:09:19] [436/459] PFJJ
[12:09:20] [437/459] GRDC
[12:09:20] [438/459] BCBA
[12:09:21] [439/459] VIXL
[12:09:22] [440/459] CSTL
[12:09:23] [441/459] MTDK
[12:09:24] [442/459] TDAC
[12:09:24] [443/459] GTDN
[12:09:25] [444/459] TTDE
[12:09:26] [445/459] ASTS
[12:09:27] [446/459] CPNS
[12:09:28] [447/459] PVVW
[12:09:29] [448/459] USEB
[12:09:30] [449/459] DTYN
[12:09:31] [450/459] PVLE
[12:09:31] [451/459] CIPS
[12:09:32] [452/459] PAEG
[12:09:33] [453/459] PTCW
[12:09:34] [454/459] G3SR
[12:09:34] [455/459] PGND
[12:09:35] [456/459] INVM
[12:09:36] [457/459] SPIA
[12:09:37] [458/459] PCSN
[12:09:38] [459/459] PPGV
[12:09:39] 🧹 Deduping shows
[12:09:39] ✅ DONE | Shows=1765 | Movies=47
[19:02:17] 🚀 SCRIPT STARTED
[19:02:17] [1/459] FNDB
[19:02:17] 🧠 New identity created
[19:02:19] [2/459] AMBH
[19:02:20] [3/459] PRHN
[19:02:20] [4/459] ACPM
[19:02:21] [5/459] PVFS
[19:02:22] [6/459] AACN
[19:02:23] [7/459] ACAS
[19:02:24] [8/459] CTNR
[19:02:25] [9/459] MMAH
[19:02:25] [10/459] CPMH
[19:02:26] [11/459] IGMH
[19:02:27] [12/459] ABCS
[19:02:27] [13/459] CMMA
[19:02:28] [14/459] GPRH
[19:02:29] [15/459] PNNG
[19:02:30] [16/459] AMCA
[19:02:31] [17/459] ISTN
[19:02:33] [18/459] PIIC
[19:02:33] [19/459] AHMH
[19:02:34] [20/459] ASHN
[19:02:35] [21/459] INHY
[19:02:36] [22/459] SRMO
[19:02:37] [23/459] PIMH
[19:02:38] [24/459] PVTS
[19:02:39] [25/459] MMCA
[19:02:40] [26/459] AKYJ
[19:02:40] [27/459] BRKH
[19:02:41] [28/459] MAHM
[19:02:42] [29/459] CPHY
[19:02:43] [30/459] PVTP
[19:02:44] [31/459] SMMR
[19:02:44] [32/459] PVHM
[19:02:45] [33/459] SNDY
[19:02:46] [34/459] GOKU
[19:02:47] [35/459] ACEV
[19:02:47] [36/459] PVUM
[19:02:48] [37/459] VSWA
[19:02:49] [38/459] IPRS
[19:02:50] [39/459] ASGN
[19:02:51] [40/459] BKMV
[19:02:52] [41/459] PVYH
[19:02:53] [42/459] INKM
[19:02:54] [43/459] ARJU
[19:02:55] [44/459] JJPP
[19:02:55] [45/459] SSRM
[19:02:56] [46/459] HMHD
[19:02:57] [47/459] SNKH
[19:02:58] [48/459] ACHI
[19:02:59] [49/459] MRAA
[19:03:00] [50/459] INMH
[19:03:00] [51/459] ARMH
[19:03:02] [52/459] DVRR
[19:03:03] [53/459] SUDA
[19:03:04] [54/459] MCSS
[19:03:04] [55/459] VRKC
[19:03:05] [56/459] PRCX
[19:03:06] [57/459] ASJY
[19:03:07] [58/459] MTHY
[19:03:08] [59/459] SRCM
[19:03:09] [60/459] TVHY
[19:03:10] [61/459] STHD
[19:03:11] [62/459] CPCL
[19:03:12] [63/459] PSMJ
[19:03:12] [64/459] MRGT
[19:03:13] [65/459] ARYH
[19:03:14] [66/459] VTRB
[19:03:15] [67/459] SCHC
[19:03:16] [68/459] MRRG
[19:03:16] [69/459] SPCB
[19:03:17] [70/459] AMCM
[19:03:18] [71/459] IVNM
[19:03:19] [72/459] TRHY
[19:03:20] [73/459] PTTH
[19:03:21] [74/459] RKMH
[19:03:22] [75/459] PRCS
[19:03:23] [76/459] VAJA
[19:03:23] [77/459] BJNG
[19:03:24] [78/459] SCVM
[19:03:25] [79/459] GNHB
[19:03:27] [80/459] TLUR
[19:03:27] [81/459] UKCC
[19:03:28] [82/459] SRKR
[19:03:30] [83/459] RMKN
[19:03:30] [84/459] SLRT
[19:03:32] [85/459] LKMT
[19:03:33] [86/459] SSRJ
[19:03:34] [87/459] SPHT
[19:03:34] [88/459] ANTT
[19:03:35] [89/459] SRCH
[19:03:36] [90/459] SRCA
[19:03:37] [91/459] ARTH
[19:03:38] [92/459] MCBH
[19:03:38] [93/459] SNIB
[19:03:39] [94/459] SART
[19:03:40] [95/459] SKTA
[19:03:41] [96/459] YAKT
[19:03:42] [97/459] MLCK
[19:03:43] [98/459] ANTS
[19:03:44] [99/459] DGCA
[19:03:44] [100/459] SGMP
[19:03:46] [101/459] ASWN
[19:03:46] [102/459] KFVU
[19:03:47] [103/459] POOR
[19:03:49] [104/459] GKDN
[19:03:50] [105/459] EOSE
[19:03:51] [106/459] GTTT
[19:03:52] [107/459] ARRO
[19:03:54] [108/459] CMMK
[19:03:54] [109/459] MSCN
[19:03:55] [110/459] GDKH
[19:03:56] [111/459] DLMT
[19:03:56] [112/459] PVMF
[19:03:57] [113/459] CPCK
[19:03:58] [114/459] VMHE
[19:03:59] [115/459] PVLC
[19:04:00] [116/459] PCVB
[19:04:01] [117/459] SNYK
[19:04:02] [118/459] KTEK
[19:04:03] [119/459] PCNM
[19:04:03] [120/459] NTTR
[19:04:04] [121/459] CPSK
[19:04:05] [122/459] JMMA
[19:04:06] [123/459] GCFK
[19:04:06] [124/459] MYCA
[19:04:07] [125/459] KSNP
[19:04:08] [126/459] PMCE
[19:04:09] [127/459] SCKI
[19:04:10] [128/459] FSMA
[19:04:11] [129/459] CETA
[19:04:11] [130/459] MCIK
[19:04:12] [131/459] MYCR
[19:04:13] [132/459] EVMP
[19:04:14] [133/459] SSGT
[19:04:14] [134/459] KCTK
[19:04:15] [135/459] ZTKC
[19:04:16] [136/459] MMTA
[19:04:17] [137/459] MAJT
[19:04:18] [138/459] ACPK
[19:04:19] [139/459] JMAX
[19:04:19] [140/459] SETK
[19:04:20] [141/459] CAIS
[19:04:21] [142/459] AGCD
[19:04:22] [143/459] URCL
[19:04:23] [144/459] VTDS
[19:04:24] [145/459] JCNM
[19:04:24] [146/459] KCAM
[19:04:25] [147/459] ADCU
[19:04:27] [148/459] GXYN
[19:04:28] [149/459] SMJG
[19:04:28] [150/459] EYCJ
[19:04:30] [151/459] CCEJ
[19:04:31] [152/459] MARS
[19:04:31] [153/459] CPVJ
[19:04:32] [154/459] INVP
[19:04:33] [155/459] CPOV
[19:04:34] [156/459] VIJK
[19:04:35] [157/459] LAIM
[19:04:36] [158/459] STHV
[19:04:37] [159/459] SVLJ
[19:04:38] [160/459] ATVJ
[19:04:38] [161/459] JTSC
[19:04:39] [162/459] RMTV
[19:04:41] [163/459] MGGG
[19:04:41] [164/459] SWTH
[19:04:42] [165/459] INVJ
[19:04:43] [166/459] PRSV
[19:04:44] [167/459] JATV
[19:04:45] [168/459] RCVD
[19:04:46] [169/459] BDMA
[19:04:47] [170/459] BLJI
[19:04:47] [171/459] SWOT
[19:04:48] [172/459] SWRN
[19:04:49] [173/459] TVRA
[19:04:50] [174/459] VCSV
[19:04:51] [175/459] NVRN
[19:04:52] [176/459] SIKC
[19:04:54] [177/459] VAKR
[19:04:54] [178/459] SYLN
[19:04:55] [179/459] KLJL
[19:04:56] [180/459] LKMY
[19:04:57] [181/459] VSLY
[19:04:58] [182/459] CIKO
[19:04:59] [183/459] GPBG
[19:04:59] [184/459] CECM
[19:05:01] [185/459] SLKB
[19:05:02] [186/459] MTBO
[19:05:02] [187/459] SSHB
[19:05:03] [188/459] VPCS
[19:05:04] [189/459] RCSR
[19:05:05] [190/459] RJRM
[19:05:06] [191/459] KPPB
[19:05:06] [192/459] SEDC
[19:05:07] [193/459] SCAI
[19:05:08] [194/459] RMTR
[19:05:09] [195/459] ASST
[19:05:09] [196/459] GCAK
[19:05:10] [197/459] ANNK
[19:05:11] [198/459] KDDF
[19:05:12] [199/459] NRDP
[19:05:12] [200/459] PLAK
[19:05:13] [201/459] GCMC
[19:05:14] [202/459] ALPY
[19:05:15] [203/459] SICE
[19:05:16] [204/459] SISR
[19:05:17] [205/459] SRPZ
[19:05:17] [206/459] SRSW
[19:05:18] [207/459] SUYA
[19:05:19] [208/459] AMMT
[19:05:20] [209/459] BHCU
[19:05:20] [210/459] KLPA
[19:05:21] [211/459] NVKH
[19:05:22] [212/459] JMRC
[19:05:22] [213/459] KTTT
[19:05:23] [214/459] MAGH
[19:05:24] [215/459] MMMX
[19:05:25] [216/459] SALJ
[19:05:25] [217/459] GTJA
[19:05:26] [218/459] MAHT
[19:05:27] [219/459] SSNN
[19:05:28] [220/459] ARRP
[19:05:29] [221/459] ATNS
[19:05:30] [222/459] SKDT
[19:05:30] [223/459] ACAT
[19:05:31] [224/459] APRC
[19:05:32] [225/459] SWAG
[19:05:34] [226/459] SDPT
[19:05:34] [227/459] STPS
[19:05:35] [228/459] WWCZ
[19:05:36] [229/459] LLCH
[19:05:37] [230/459] MZHA
[19:05:38] [231/459] CRJG
[19:05:39] [232/459] JGTK
[19:05:39] [233/459] KCSR
[19:05:40] [234/459] CHTL
[19:05:41] [235/459] EDSR
[19:05:42] [236/459] CSWO
[19:05:43] [237/459] CPVM
[19:05:44] [238/459] MXBY
[19:05:45] [239/459] FMMA
[19:05:46] [240/459] POVI
[19:05:47] [241/459] MTHB
[19:05:47] [242/459] INRC
[19:05:48] [243/459] PIPP
[19:05:49] [244/459] BMXC
[19:05:50] [245/459] PCMM
[19:05:51] [246/459] PMKM
[19:05:53] [247/459] GATY
[19:05:54] [248/459] IMCM
[19:05:55] [249/459] POPE
[19:05:56] [250/459] MTCR
[19:05:57] [251/459] PVAE
[19:05:57] [252/459] PVMI
[19:05:58] [253/459] CPNM
[19:05:59] [254/459] FMRL
[19:06:00] [255/459] MCIW
[19:06:00] [256/459] MXBO
[19:06:01] [257/459] FMKY
[19:06:02] [258/459] FMDA
[19:06:03] [259/459] THAB
[19:06:03] [260/459] PRCW
[19:06:04] [261/459] PITI
[19:06:05] [262/459] MCFF
[19:06:06] [263/459] PDDV
[19:06:07] [264/459] MCRM
[19:06:08] [265/459] KKMB
[19:06:10] [266/459] INKO
[19:06:10] [267/459] PLXP
[19:06:11] [268/459] MMHA
[19:06:12] [269/459] FMVS
[19:06:13] [270/459] POLM
[19:06:13] [271/459] STER
[19:06:14] [272/459] PVWJ
[19:06:15] [273/459] IMJW
[19:06:16] [274/459] FNAN
[19:06:17] [275/459] CAGL
[19:06:18] [276/459] IPBG
[19:06:19] [277/459] SMFV
[19:06:19] [278/459] MMMR
[19:06:20] [279/459] MMWM
[19:06:21] [280/459] FNCM
[19:06:22] [281/459] MDVA
[19:06:22] [282/459] MMET
[19:06:23] [283/459] MIDO
[19:06:24] [284/459] INNP
[19:06:25] [285/459] MIFU
[19:06:26] [286/459] MMSZ
[19:06:27] [287/459] BMXA
[19:06:28] [288/459] MCAA
[19:06:29] [289/459] SCVP
[19:06:30] [290/459] PLUS
[19:06:30] [291/459] MUCK
[19:06:31] [292/459] MTMA
[19:06:32] [293/459] HPVR
[19:06:33] [294/459] PMPK
[19:06:34] [295/459] MAJB
[19:06:34] [296/459] CTRR
[19:06:35] [297/459] MCTG
[19:06:37] [298/459] MACE
[19:06:38] [299/459] AAAS
[19:06:38] [300/459] CPVV
[19:06:39] [301/459] RCHG
[19:06:40] [302/459] MCNE
[19:06:41] [303/459] EMNC
[19:06:42] [304/459] MCAN
[19:06:44] [305/459] TCDM
[19:06:45] [306/459] IRGT
[19:06:45] [307/459] GCMG
[19:06:46] [308/459] MXSN
[19:06:47] [309/459] MXCK
[19:06:48] [310/459] MCRC
[19:06:49] [311/459] RSMI
[19:06:50] [312/459] WAML
[19:06:51] [313/459] MTSC
[19:06:52] [314/459] FMDR
[19:06:53] [315/459] LEPV
[19:06:54] [316/459] MTGD
[19:06:54] [317/459] IMOB
[19:06:55] [318/459] CLMM
[19:06:56] [319/459] PZCD
[19:06:56] [320/459] GOCS
[19:06:57] [321/459] KCMA
[19:06:58] [322/459] CCMP
[19:06:59] [323/459] MTSU
[19:07:00] [324/459] SNGL
[19:07:01] [325/459] MMMC
[19:07:01] [326/459] MMAA
[19:07:02] [327/459] GCDM
[19:07:03] [328/459] KTMV
[19:07:04] [329/459] AETE
[19:07:05] [330/459] OMCS
[19:07:05] [331/459] GDCD
[19:07:06] [332/459] NYMD
[19:07:07] [333/459] RNCV
[19:07:08] [334/459] KKMT
[19:07:09] [335/459] GDTH
[19:07:10] [336/459] KMMV
[19:07:11] [337/459] NHCG
[19:07:12] [338/459] PJDW
[19:07:13] [339/459] MMCV
[19:07:13] [340/459] FQSA
[19:07:14] [341/459] KURL
[19:07:15] [342/459] NNNX
[19:07:16] [343/459] AMAU
[19:07:17] [344/459] VVVM
[19:07:18] [345/459] VECU
[19:07:19] [346/459] WCVR
[19:07:20] [347/459] MTGG
[19:07:21] [348/459] SGTG
[19:07:22] [349/459] MNTG
[19:07:22] [350/459] JDDG
[19:07:24] [351/459] MBTK
[19:07:25] [352/459] SGCD
[19:07:26] [353/459] MCTC
[19:07:27] [354/459] JTPC
[19:07:28] [355/459] SDKT
[19:07:28] [356/459] KRCC
[19:07:29] [357/459] RMMD
[19:07:30] [358/459] AAME
[19:07:30] [359/459] TMWC
[19:07:31] [360/459] NRWY
[19:07:33] [361/459] CITD
[19:07:34] [362/459] VERD
[19:07:36] [363/459] MKSK
[19:07:37] [364/459] STSM
[19:07:37] [365/459] MJDG
[19:07:38] [366/459] RKPM
[19:07:39] [367/459] SSCE
[19:07:41] [368/459] VMAE
[19:07:41] [369/459] SBRU
[19:07:42] [370/459] AMBC
[19:07:43] [371/459] AMLU
[19:07:44] [372/459] INVZ
[19:07:45] [373/459] LGTV
[19:07:45] [374/459] SVAD
[19:07:47] [375/459] SMSA
[19:07:48] [376/459] SPCZ
[19:07:48] [377/459] GTCX
[19:07:49] [378/459] SCSL
[19:07:50] [379/459] SAHU
[19:07:51] [380/459] NCDA
[19:07:52] [381/459] SCCG
[19:07:53] [382/459] VKTL
[19:07:54] [383/459] PUUJ
[19:07:55] [384/459] STEJ
[19:07:56] [385/459] RJAL
[19:07:56] [386/459] ACJC
[19:07:57] [387/459] VTHC
[19:07:58] [388/459] ARVB
[19:07:59] [389/459] AUBB
[19:08:00] [390/459] GDBR
[19:08:01] [391/459] PVND
[19:08:02] [392/459] BGRJ
[19:08:03] [393/459] RJMM
[19:08:03] [394/459] MCSA
[19:08:04] [395/459] BODA
[19:08:05] [396/459] JAGG
[19:08:06] [397/459] SCGA
[19:08:06] [398/459] LRCM
[19:08:07] [399/459] CPCN
[19:08:09] [400/459] SSTF
[19:08:10] [401/459] SRXP
[19:08:11] [402/459] CNFX
[19:08:12] [403/459] ANDI
[19:08:13] [404/459] SYEW
[19:08:13] [405/459] RCRE
[19:08:14] [406/459] SCRW
[19:08:15] [407/459] MBKR
[19:08:16] [408/459] ASNT
[19:08:17] [409/459] JTMT
[19:08:18] [410/459] SHAY
[19:08:19] [411/459] VRTH
[19:08:19] [412/459] SPTI
[19:08:20] [413/459] DPTD
[19:08:21] [414/459] TGSN
[19:08:22] [415/459] RCWV
[19:08:23] [416/459] OCUR
[19:08:23] [417/459] KSTC
[19:08:24] [418/459] SANI
[19:08:25] [419/459] MLCA
[19:08:26] [420/459] EGCA
[19:08:27] [421/459] SYSN
[19:08:27] [422/459] PKTA
[19:08:28] [423/459] PRCC
[19:08:29] [424/459] KSTR
[19:08:30] [425/459] SNTP
[19:08:31] [426/459] RCHA
[19:08:32] [427/459] SEEA
[19:08:33] [428/459] ALAT
[19:08:34] [429/459] AATV
[19:08:35] [430/459] RJTE
[19:08:36] [431/459] AAPP
[19:08:37] [432/459] PMMH
[19:08:38] [433/459] INRJ
[19:08:39] [434/459] SARB
[19:08:40] [435/459] PCJL
[19:08:40] [436/459] PFJJ
[19:08:41] [437/459] GRDC
[19:08:42] [438/459] BCBA
[19:08:43] [439/459] VIXL
[19:08:43] [440/459] CSTL
[19:08:44] [441/459] MTDK
[19:08:45] [442/459] TDAC
[19:08:46] [443/459] GTDN
[19:08:47] [444/459] TTDE
[19:08:48] [445/459] ASTS
[19:08:49] [446/459] CPNS
[19:08:49] [447/459] PVVW
[19:08:50] [448/459] USEB
[19:08:51] [449/459] DTYN
[19:08:52] [450/459] PVLE
[19:08:53] [451/459] CIPS
[19:08:54] [452/459] PAEG
[19:08:55] [453/459] PTCW
[19:08:55] [454/459] G3SR
[19:08:56] [455/459] PGND
[19:08:58] [456/459] INVM
[19:08:58] [457/459] SPIA
[19:08:59] [458/459] PCSN
[19:09:00] [459/459] PPGV
[19:09:01] 🧹 Deduping shows
[19:09:01] ✅ DONE | Shows=2763 | Movies=66
