[10:07:08] 🚀 SCRIPT STARTED
[10:07:08] [1/296] CDCA
[10:07:08] 🧠 New identity created
[10:07:09] [2/296] MNSR
[10:07:09] [3/296] CSSL
[10:07:10] [4/296] BGGM
[10:07:11] [5/296] MANT
[10:07:12] [6/296] SOOY
[10:07:13] [7/296] VPPK
[10:07:14] [8/296] MYHJ
[10:07:15] [9/296] KSCK
[10:07:16] [10/296] KATK
[10:07:16] [11/296] RTRT
[10:07:17] [12/296] SSTT
[10:07:18] [13/296] SSTV
[10:07:19] [14/296] LACM
[10:07:20] [15/296] SGMG
[10:07:20] [16/296] KACX
[10:07:21] [17/296] GVCP
[10:07:22] [18/296] CSNC
[10:07:23] [19/296] SXCB
[10:07:23] [20/296] BAHS
[10:07:24] [21/296] PCBI
[10:07:25] [22/296] PSSM
[10:07:27] [23/296] RCOK
[10:07:28] [24/296] SCPF
[10:07:28] [25/296] SSAS
[10:07:29] [26/296] EVMM
[10:07:30] [27/296] SYCB
[10:07:31] [28/296] GCKI
[10:07:32] [29/296] IAET
[10:07:32] [30/296] DDTD
[10:07:33] [31/296] GMDH
[10:07:34] [32/296] STLE
[10:07:35] [33/296] JTRA
[10:07:36] [34/296] RPPA
[10:07:37] [35/296] ARUT
[10:07:38] [36/296] JTVM
[10:07:39] [37/296] SWRH
[10:07:40] [38/296] DCPC
[10:07:40] [39/296] RAPR
[10:07:41] [40/296] GCRT
[10:07:42] [41/296] ATUN
[10:07:43] [42/296] LTRM
[10:07:44] [43/296] TASR
[10:07:45] [44/296] RLLC
[10:07:45] [45/296] MABI
[10:07:46] [46/296] SVHB
[10:07:47] [47/296] NVTB
[10:07:48] [48/296] KCKG
[10:07:49] [49/296] SSRN
[10:07:50] [50/296] VDDC
[10:07:50] [51/296] GKTK
[10:07:51] [52/296] YFSN
[10:07:52] [53/296] GCSG
[10:07:53] [54/296] ESSM
[10:07:54] [55/296] KRIH
[10:07:55] [56/296] GCDS
[10:07:56] [57/296] CCSH
[10:07:57] [58/296] ACSK
[10:07:58] [59/296] APRK
[10:07:59] [60/296] ADKM
[10:08:00] [61/296] SRDM
[10:08:01] [62/296] RMOG
[10:08:02] [63/296] SJMY
[10:08:03] [64/296] PGGC
[10:08:04] [65/296] INGM
[10:08:05] [66/296] LSCB
[10:08:05] [67/296] STAD
[10:08:06] [68/296] MCCR
[10:08:07] [69/296] ABCC
[10:08:08] [70/296] RKCC
[10:08:09] [71/296] RTCR
[10:08:10] [72/296] GGBC
[10:08:11] [73/296] GCSD
[10:08:12] [74/296] LPTY
[10:08:13] [75/296] MCFD
[10:08:14] [76/296] HENN
[10:08:15] [77/296] SMKU
[10:08:16] [78/296] TNZC
[10:08:16] [79/296] DRCD
[10:08:17] [80/296] DLCD
[10:08:18] [81/296] RCDA
[10:08:19] [82/296] COSM
[10:08:20] [83/296] MCMJ
[10:08:21] [84/296] CSTR
[10:08:22] [85/296] CVDK
[10:08:23] [86/296] INRR
[10:08:24] [87/296] RJRT
[10:08:25] [88/296] IRMR
[10:08:25] [89/296] SRCF
[10:08:26] [90/296] GRCR
[10:08:27] [91/296] SURC
[10:08:28] [92/296] NMNH
[10:08:29] [93/296] SVBL
[10:08:29] [94/296] KACI
[10:08:30] [95/296] TDGO
[10:08:31] [96/296] KTBR
[10:08:32] [97/296] PMAD
[10:08:33] [98/296] CCPN
[10:08:34] [99/296] SBTK
[10:08:34] [100/296] LMDK
[10:08:35] [101/296] PGDA
[10:08:36] [102/296] SRML
[10:08:37] [103/296] EVCK
[10:08:38] [104/296] RTTK
[10:08:38] [105/296] SRTU
[10:08:39] [106/296] VRSA
[10:08:40] [107/296] VARS
[10:08:42] [108/296] DSCZ
[10:08:42] [109/296] GAGA
[10:08:43] [110/296] SARV
[10:08:44] [111/296] SEEG
[10:08:45] [112/296] GLCA
[10:08:46] [113/296] APAS
[10:08:46] [114/296] VCIA
[10:08:47] [115/296] SJTA
[10:08:48] [116/296] SABM
[10:08:49] [117/296] PPAG
[10:08:49] [118/296] RVCA
[10:08:50] [119/296] CCIA
[10:08:51] [120/296] HTAG
[10:08:52] [121/296] SMBI
[10:08:53] [122/296] MCJR
[10:08:54] [123/296] CCJR
[10:08:54] [124/296] SINF
[10:08:55] [125/296] CPLX
[10:08:56] [126/296] KKTJ
[10:08:57] [127/296] GDBW
[10:08:58] [128/296] CSUB
[10:08:59] [129/296] DABA
[10:09:00] [130/296] TITR
[10:09:01] [131/296] NYCR
[10:09:02] [132/296] RTRY
[10:09:03] [133/296] JTJL
[10:09:04] [134/296] SJCP
[10:09:05] [135/296] KCCA
[10:09:05] [136/296] MLPG
[10:09:06] [137/296] VRCK
[10:09:07] [138/296] SRIN
[10:09:08] [139/296] CXMK
[10:09:09] [140/296] SKAD
[10:09:10] [141/296] AVTR
[10:09:11] [142/296] PTAJ
[10:09:12] [143/296] SCNK
[10:09:14] [144/296] STTI
[10:09:15] [145/296] KACR
[10:09:16] [146/296] SSDX
[10:09:16] [147/296] VRTJ
[10:09:17] [148/296] RAJD
[10:09:18] [149/296] SCIP
[10:09:19] [150/296] RJSL
[10:09:19] [151/296] ARRS
[10:09:20] [152/296] ASMS
[10:09:21] [153/296] RDTS
[10:09:22] [154/296] DVMY
[10:09:23] [155/296] RASA
[10:09:24] [156/296] INOM
[10:09:25] [157/296] SPRS
[10:09:26] [158/296] SGCS
[10:09:27] [159/296] SALM
[10:09:28] [160/296] PKHC
[10:09:29] [161/296] RCSV
[10:09:30] [162/296] CPKC
[10:09:31] [163/296] AACD
[10:09:32] [164/296] GGCV
[10:09:33] [165/296] SMKD
[10:09:34] [166/296] NBCH
[10:09:35] [167/296] AMCB
[10:09:36] [168/296] OPCN
[10:09:36] [169/296] DCIN
[10:09:37] [170/296] INGW
[10:09:39] [171/296] PKKW
[10:09:40] [172/296] FNGW
[10:09:41] [173/296] GCGD
[10:09:42] [174/296] MSTW
[10:09:42] [175/296] KCCG
[10:09:43] [176/296] MRSS
[10:09:44] [177/296] CLCF
[10:09:45] [178/296] EETS
[10:09:46] [179/296] AATR
[10:09:47] [180/296] CMMN
[10:09:48] [181/296] SCCJ
[10:09:50] [182/296] CDTK
[10:09:51] [183/296] AICP
[10:09:52] [184/296] FNBP
[10:09:52] [185/296] CBPB
[10:09:53] [186/296] CPAS
[10:09:55] [187/296] MAPM
[10:09:56] [188/296] PASD
[10:09:56] [189/296] JCMN
[10:09:57] [190/296] MALB
[10:09:58] [191/296] SACG
[10:09:59] [192/296] DDRX
[10:10:00] [193/296] DDXB
[10:10:01] [194/296] RAMC
[10:10:01] [195/296] SANC
[10:10:02] [196/296] BCBP
[10:10:03] [197/296] ALPC
[10:10:04] [198/296] RBAC
[10:10:05] [199/296] RAJL
[10:10:06] [200/296] MPDX
[10:10:07] [201/296] MUSC
[10:10:08] [202/296] VKMK
[10:10:08] [203/296] SKCG
[10:10:09] [204/296] ANCN
[10:10:10] [205/296] MMCJ
[10:10:11] [206/296] DCAK
[10:10:11] [207/296] SCKG
[10:10:12] [208/296] LMCK
[10:10:13] [209/296] CKKX
[10:10:14] [210/296] ANKU
[10:10:15] [211/296] CSMD
[10:10:15] [212/296] MKMP
[10:10:16] [213/296] SVBG
[10:10:18] [214/296] ROOP
[10:10:19] [215/296] GDMT
[10:10:20] [216/296] FPPF
[10:10:21] [217/296] SFUU
[10:10:21] [218/296] ANCB
[10:10:22] [219/296] SMMC
[10:10:23] [220/296] UGKT
[10:10:24] [221/296] JVRM
[10:10:25] [222/296] BATG
[10:10:26] [223/296] RATE
[10:10:27] [224/296] SKME
[10:10:28] [225/296] LMTP
[10:10:29] [226/296] TCBD
[10:10:30] [227/296] ESBD
[10:10:31] [228/296] GDCU
[10:10:33] [229/296] SNKT
[10:10:34] [230/296] SRNK
[10:10:34] [231/296] SMED
[10:10:35] [232/296] CSQS
[10:10:36] [233/296] ALCS
[10:10:37] [234/296] KCKN
[10:10:38] [235/296] VCCL
[10:10:39] [236/296] MCDA
[10:10:39] [237/296] SHMI
[10:10:41] [238/296] SKHA
[10:10:42] [239/296] SVFK
[10:10:43] [240/296] INVB
[10:10:44] [241/296] MELD
[10:10:44] [242/296] JTYS
[10:10:45] [243/296] INCM
[10:10:46] [244/296] MCDV
[10:10:47] [245/296] KSGK
[10:10:48] [246/296] ICMG
[10:10:49] [247/296] CSCV
[10:10:50] [248/296] STMD
[10:10:51] [249/296] STTR
[10:10:52] [250/296] INVC
[10:10:53] [251/296] JTBL
[10:10:54] [252/296] SRVV
[10:10:55] [253/296] MAVC
[10:10:56] [254/296] SRPP
[10:10:57] [255/296] JGDM
[10:10:57] [256/296] MBSJ
[10:10:58] [257/296] SSLL
[10:10:59] [258/296] SLKP
[10:11:00] [259/296] NSRV
[10:11:01] [260/296] UTDV
[10:11:01] [261/296] KICM
[10:11:02] [262/296] KCMD
[10:11:03] [263/296] TTPP
[10:11:04] [264/296] KMPV
[10:11:05] [265/296] SKTV
[10:11:06] [266/296] STCV
[10:11:06] [267/296] SRDA
[10:11:07] [268/296] JTSX
[10:11:08] [269/296] STBV
[10:11:09] [270/296] APVZ
[10:11:09] [271/296] GSTV
[10:11:10] [272/296] NMVS
[10:11:11] [273/296] SKRT
[10:11:12] [274/296] RMDV
[10:11:13] [275/296] RATG
[10:11:13] [276/296] SJYV
[10:11:14] [277/296] NDGP
[10:11:16] [278/296] SNDG
[10:11:17] [279/296] INSR
[10:11:18] [280/296] INSO
[10:11:19] [281/296] CCSI
[10:11:20] [282/296] RASM
[10:11:21] [283/296] NEWC
[10:11:22] [284/296] VSHL
[10:11:23] [285/296] BISW
[10:11:23] [286/296] GCNG
[10:11:24] [287/296] CWSC
[10:11:25] [288/296] SKAN
[10:11:26] [289/296] SEHP
[10:11:27] [290/296] CCOA
[10:11:28] [291/296] MCAJ
[10:11:29] [292/296] ACDE
[10:11:30] [293/296] AACM
[10:11:30] [294/296] JJCK
[10:11:31] [295/296] RCMO
[10:11:32] [296/296] GDAW
[10:11:33] 🧹 Deduping shows
[10:11:33] ✅ DONE | Shows=71 | Movies=11
[16:48:27] 🚀 SCRIPT STARTED
[16:48:27] [1/296] CDCA
[16:48:27] 🧠 New identity created
[16:48:28] [2/296] MNSR
[16:48:29] [3/296] CSSL
[16:48:29] [4/296] BGGM
[16:48:30] [5/296] MANT
[16:48:31] [6/296] SOOY
[16:48:32] [7/296] VPPK
[16:48:33] [8/296] MYHJ
[16:48:34] [9/296] KSCK
[16:48:35] [10/296] KATK
[16:48:35] [11/296] RTRT
[16:48:36] [12/296] SSTT
[16:48:37] [13/296] SSTV
[16:48:38] [14/296] LACM
[16:48:38] [15/296] SGMG
[16:48:39] [16/296] KACX
[16:48:40] [17/296] GVCP
[16:48:41] [18/296] CSNC
[16:48:42] [19/296] SXCB
[16:48:43] [20/296] BAHS
[16:48:45] [21/296] PCBI
[16:48:46] [22/296] PSSM
[16:48:46] [23/296] RCOK
[16:48:47] [24/296] SCPF
[16:48:48] [25/296] SSAS
[16:48:49] [26/296] EVMM
[16:48:50] [27/296] SYCB
[16:48:51] [28/296] GCKI
[16:48:52] [29/296] IAET
[16:48:53] [30/296] DDTD
[16:48:54] [31/296] GMDH
[16:48:56] [32/296] STLE
[16:48:58] [33/296] JTRA
[16:48:59] [34/296] RPPA
[16:49:00] [35/296] ARUT
[16:49:01] [36/296] JTVM
[16:49:02] [37/296] SWRH
[16:49:02] [38/296] DCPC
[16:49:03] [39/296] RAPR
[16:49:04] [40/296] GCRT
[16:49:05] [41/296] ATUN
[16:49:06] [42/296] LTRM
[16:49:07] [43/296] TASR
[16:49:08] [44/296] RLLC
[16:49:08] [45/296] MABI
[16:49:09] [46/296] SVHB
[16:49:10] [47/296] NVTB
[16:49:11] [48/296] KCKG
[16:49:12] [49/296] SSRN
[16:49:12] [50/296] VDDC
[16:49:13] [51/296] GKTK
[16:49:14] [52/296] YFSN
[16:49:15] [53/296] GCSG
[16:49:15] [54/296] ESSM
[16:49:16] [55/296] KRIH
[16:49:17] [56/296] GCDS
[16:49:18] [57/296] CCSH
[16:49:19] [58/296] ACSK
[16:49:20] [59/296] APRK
[16:49:21] [60/296] ADKM
[16:49:22] [61/296] SRDM
[16:49:23] [62/296] RMOG
[16:49:24] [63/296] SJMY
[16:49:25] [64/296] PGGC
[16:49:26] [65/296] INGM
[16:49:27] [66/296] LSCB
[16:49:27] [67/296] STAD
[16:49:28] [68/296] MCCR
[16:49:29] [69/296] ABCC
[16:49:30] [70/296] RKCC
[16:49:31] [71/296] RTCR
[16:49:31] [72/296] GGBC
[16:49:32] [73/296] GCSD
[16:49:33] [74/296] LPTY
[16:49:34] [75/296] MCFD
[16:49:35] [76/296] HENN
[16:49:36] [77/296] SMKU
[16:49:36] [78/296] TNZC
[16:49:37] [79/296] DRCD
[16:49:38] [80/296] DLCD
[16:49:39] [81/296] RCDA
[16:49:40] [82/296] COSM
[16:49:40] [83/296] MCMJ
[16:49:41] [84/296] CSTR
[16:49:42] [85/296] CVDK
[16:49:43] [86/296] INRR
[16:49:44] [87/296] RJRT
[16:49:45] [88/296] IRMR
[16:49:46] [89/296] SRCF
[16:49:46] [90/296] GRCR
[16:49:47] [91/296] SURC
[16:49:48] [92/296] NMNH
[16:49:49] [93/296] SVBL
[16:49:49] [94/296] KACI
[16:49:50] [95/296] TDGO
[16:49:51] [96/296] KTBR
[16:49:52] [97/296] PMAD
[16:49:52] [98/296] CCPN
[16:49:53] [99/296] SBTK
[16:49:54] [100/296] LMDK
[16:49:55] [101/296] PGDA
[16:49:56] [102/296] SRML
[16:49:56] [103/296] EVCK
[16:49:57] [104/296] RTTK
[16:49:58] [105/296] SRTU
[16:49:59] [106/296] VRSA
[16:50:00] [107/296] VARS
[16:50:00] [108/296] DSCZ
[16:50:02] [109/296] GAGA
[16:50:03] [110/296] SARV
[16:50:04] [111/296] SEEG
[16:50:05] [112/296] GLCA
[16:50:05] [113/296] APAS
[16:50:06] [114/296] VCIA
[16:50:07] [115/296] SJTA
[16:50:08] [116/296] SABM
[16:50:09] [117/296] PPAG
[16:50:09] [118/296] RVCA
[16:50:10] [119/296] CCIA
[16:50:11] [120/296] HTAG
[16:50:12] [121/296] SMBI
[16:50:13] [122/296] MCJR
[16:50:14] [123/296] CCJR
[16:50:15] [124/296] SINF
[16:50:17] [125/296] CPLX
[16:50:18] [126/296] KKTJ
[16:50:19] [127/296] GDBW
[16:50:20] [128/296] CSUB
[16:50:21] [129/296] DABA
[16:50:21] [130/296] TITR
[16:50:22] [131/296] NYCR
[16:50:23] [132/296] RTRY
[16:50:25] [133/296] JTJL
[16:50:26] [134/296] SJCP
[16:50:26] [135/296] KCCA
[16:50:27] [136/296] MLPG
[16:50:28] [137/296] VRCK
[16:50:29] [138/296] SRIN
[16:50:29] [139/296] CXMK
[16:50:30] [140/296] SKAD
[16:50:31] [141/296] AVTR
[16:50:32] [142/296] PTAJ
[16:50:33] [143/296] SCNK
[16:50:34] [144/296] STTI
[16:50:34] [145/296] KACR
[16:50:35] [146/296] SSDX
[16:50:36] [147/296] VRTJ
[16:50:38] [148/296] RAJD
[16:50:39] [149/296] SCIP
[16:50:40] [150/296] RJSL
[16:50:41] [151/296] ARRS
[16:50:42] [152/296] ASMS
[16:50:43] [153/296] RDTS
[16:50:44] [154/296] DVMY
[16:50:45] [155/296] RASA
[16:50:46] [156/296] INOM
[16:50:47] [157/296] SPRS
[16:50:48] [158/296] SGCS
[16:50:48] [159/296] SALM
[16:50:49] [160/296] PKHC
[16:50:50] [161/296] RCSV
[16:50:51] [162/296] CPKC
[16:50:52] [163/296] AACD
[16:50:52] [164/296] GGCV
[16:50:53] [165/296] SMKD
[16:50:54] [166/296] NBCH
[16:50:55] [167/296] AMCB
[16:50:56] [168/296] OPCN
[16:50:58] [169/296] DCIN
[16:50:58] [170/296] INGW
[16:50:59] [171/296] PKKW
[16:51:00] [172/296] FNGW
[16:51:01] [173/296] GCGD
[16:51:03] [174/296] MSTW
[16:51:03] [175/296] KCCG
[16:51:05] [176/296] MRSS
[16:51:06] [177/296] CLCF
[16:51:07] [178/296] EETS
[16:51:07] [179/296] AATR
[16:51:09] [180/296] CMMN
[16:51:11] [181/296] SCCJ
[16:51:12] [182/296] CDTK
[16:51:12] [183/296] AICP
[16:51:13] [184/296] FNBP
[16:51:14] [185/296] CBPB
[16:51:15] [186/296] CPAS
[16:51:16] [187/296] MAPM
[16:51:17] [188/296] PASD
[16:51:17] [189/296] JCMN
[16:51:18] [190/296] MALB
[16:51:20] [191/296] SACG
[16:51:21] [192/296] DDRX
[16:51:22] [193/296] DDXB
[16:51:23] [194/296] RAMC
[16:51:24] [195/296] SANC
[16:51:26] [196/296] BCBP
[16:51:26] [197/296] ALPC
[16:51:27] [198/296] RBAC
[16:51:28] [199/296] RAJL
[16:51:29] [200/296] MPDX
[16:51:30] [201/296] MUSC
[16:51:31] [202/296] VKMK
[16:51:31] [203/296] SKCG
[16:51:32] [204/296] ANCN
[16:51:33] [205/296] MMCJ
[16:51:34] [206/296] DCAK
[16:51:35] [207/296] SCKG
[16:51:35] [208/296] LMCK
[16:51:36] [209/296] CKKX
[16:51:37] [210/296] ANKU
[16:51:38] [211/296] CSMD
[16:51:39] [212/296] MKMP
[16:51:39] [213/296] SVBG
[16:51:40] [214/296] ROOP
[16:51:41] [215/296] GDMT
[16:51:42] [216/296] FPPF
[16:51:43] [217/296] SFUU
[16:51:43] [218/296] ANCB
[16:51:44] [219/296] SMMC
[16:51:45] [220/296] UGKT
[16:51:46] [221/296] JVRM
[16:51:47] [222/296] BATG
[16:51:47] [223/296] RATE
[16:51:48] [224/296] SKME
[16:51:50] [225/296] LMTP
[16:51:51] [226/296] TCBD
[16:51:52] [227/296] ESBD
[16:51:53] [228/296] GDCU
[16:51:54] [229/296] SNKT
[16:51:55] [230/296] SRNK
[16:51:55] [231/296] SMED
[16:51:56] [232/296] CSQS
[16:51:57] [233/296] ALCS
[16:51:58] [234/296] KCKN
[16:51:58] [235/296] VCCL
[16:52:00] [236/296] MCDA
[16:52:01] [237/296] SHMI
[16:52:02] [238/296] SKHA
[16:52:03] [239/296] SVFK
[16:52:03] [240/296] INVB
[16:52:04] [241/296] MELD
[16:52:05] [242/296] JTYS
[16:52:05] [243/296] INCM
[16:52:06] [244/296] MCDV
[16:52:07] [245/296] KSGK
[16:52:08] [246/296] ICMG
[16:52:09] [247/296] CSCV
[16:52:10] [248/296] STMD
[16:52:11] [249/296] STTR
[16:52:12] [250/296] INVC
[16:52:14] [251/296] JTBL
[16:52:15] [252/296] SRVV
[16:52:16] [253/296] MAVC
[16:52:17] [254/296] SRPP
[16:52:18] [255/296] JGDM
[16:52:19] [256/296] MBSJ
[16:52:19] [257/296] SSLL
[16:52:20] [258/296] SLKP
[16:52:21] [259/296] NSRV
[16:52:22] [260/296] UTDV
[16:52:22] [261/296] KICM
[16:52:23] [262/296] KCMD
[16:52:24] [263/296] TTPP
[16:52:25] [264/296] KMPV
[16:52:26] [265/296] SKTV
[16:52:27] [266/296] STCV
[16:52:27] [267/296] SRDA
[16:52:28] [268/296] JTSX
[16:52:30] [269/296] STBV
[16:52:32] [270/296] APVZ
[16:52:33] [271/296] GSTV
[16:52:33] [272/296] NMVS
[16:52:34] [273/296] SKRT
[16:52:35] [274/296] RMDV
[16:52:37] [275/296] RATG
[16:52:38] [276/296] SJYV
[16:52:39] [277/296] NDGP
[16:52:40] [278/296] SNDG
[16:52:41] [279/296] INSR
[16:52:42] [280/296] INSO
[16:52:43] [281/296] CCSI
[16:52:44] [282/296] RASM
[16:52:45] [283/296] NEWC
[16:52:46] [284/296] VSHL
[16:52:47] [285/296] BISW
[16:52:48] [286/296] GCNG
[16:52:49] [287/296] CWSC
[16:52:50] [288/296] SKAN
[16:52:51] [289/296] SEHP
[16:52:51] [290/296] CCOA
[16:52:53] [291/296] MCAJ
[16:52:54] [292/296] ACDE
[16:52:55] [293/296] AACM
[16:52:55] [294/296] JJCK
[16:52:56] [295/296] RCMO
[16:52:57] [296/296] GDAW
[16:52:58] 🧹 Deduping shows
[16:52:58] ✅ DONE | Shows=160 | Movies=22
[04:48:35] 🚀 SCRIPT STARTED
[04:48:35] [1/296] CDCA
[04:48:35] 🧠 New identity created
[04:48:37] [2/296] MNSR
[04:48:38] [3/296] CSSL
[04:48:39] [4/296] BGGM
[04:48:40] [5/296] MANT
[04:48:40] [6/296] SOOY
[04:48:41] [7/296] VPPK
[04:48:42] [8/296] MYHJ
[04:48:44] [9/296] KSCK
[04:48:45] [10/296] KATK
[04:48:46] [11/296] RTRT
[04:48:46] [12/296] SSTT
[04:48:47] [13/296] SSTV
[04:48:48] [14/296] LACM
[04:48:49] [15/296] SGMG
[04:48:51] [16/296] KACX
[04:48:51] [17/296] GVCP
[04:48:52] [18/296] CSNC
[04:48:53] [19/296] SXCB
[04:48:55] [20/296] BAHS
[04:48:56] [21/296] PCBI
[04:48:57] [22/296] PSSM
[04:48:58] [23/296] RCOK
[04:48:59] [24/296] SCPF
[04:49:00] [25/296] SSAS
[04:49:01] [26/296] EVMM
[04:49:02] [27/296] SYCB
[04:49:02] [28/296] GCKI
[04:49:03] [29/296] IAET
[04:49:04] [30/296] DDTD
[04:49:05] [31/296] GMDH
[04:49:06] [32/296] STLE
[04:49:08] [33/296] JTRA
[04:49:08] [34/296] RPPA
[04:49:09] [35/296] ARUT
[04:49:10] [36/296] JTVM
[04:49:11] [37/296] SWRH
[04:49:12] [38/296] DCPC
[04:49:13] [39/296] RAPR
[04:49:14] [40/296] GCRT
[04:49:14] [41/296] ATUN
[04:49:15] [42/296] LTRM
[04:49:16] [43/296] TASR
[04:49:17] [44/296] RLLC
[04:49:19] [45/296] MABI
[04:49:20] [46/296] SVHB
[04:49:21] [47/296] NVTB
[04:49:22] [48/296] KCKG
[04:49:22] [49/296] SSRN
[04:49:23] [50/296] VDDC
[04:49:24] [51/296] GKTK
[04:49:25] [52/296] YFSN
[04:49:26] [53/296] GCSG
[04:49:27] [54/296] ESSM
[04:49:28] [55/296] KRIH
[04:49:28] [56/296] GCDS
[04:49:29] [57/296] CCSH
[04:49:30] [58/296] ACSK
[04:49:31] [59/296] APRK
[04:49:32] [60/296] ADKM
[04:49:33] [61/296] SRDM
[04:49:34] [62/296] RMOG
[04:49:35] [63/296] SJMY
[04:49:36] [64/296] PGGC
[04:49:37] [65/296] INGM
[04:49:37] [66/296] LSCB
[04:49:38] [67/296] STAD
[04:49:39] [68/296] MCCR
[04:49:40] [69/296] ABCC
[04:49:40] [70/296] RKCC
[04:49:41] [71/296] RTCR
[04:49:42] [72/296] GGBC
[04:49:43] [73/296] GCSD
[04:49:44] [74/296] LPTY
[04:49:45] [75/296] MCFD
[04:49:46] [76/296] HENN
[04:49:47] [77/296] SMKU
[04:49:48] [78/296] TNZC
[04:49:48] [79/296] DRCD
[04:49:49] [80/296] DLCD
[04:49:50] [81/296] RCDA
[04:49:51] [82/296] COSM
[04:49:51] [83/296] MCMJ
[04:49:52] [84/296] CSTR
[04:49:53] [85/296] CVDK
[04:49:54] [86/296] INRR
[04:49:55] [87/296] RJRT
[04:49:57] [88/296] IRMR
[04:49:57] [89/296] SRCF
[04:49:58] [90/296] GRCR
[04:49:59] [91/296] SURC
[04:50:00] [92/296] NMNH
[04:50:00] [93/296] SVBL
[04:50:01] [94/296] KACI
[04:50:02] [95/296] TDGO
[04:50:03] [96/296] KTBR
[04:50:04] [97/296] PMAD
[04:50:04] [98/296] CCPN
[04:50:05] [99/296] SBTK
[04:50:06] [100/296] LMDK
[04:50:07] [101/296] PGDA
[04:50:08] [102/296] SRML
[04:50:09] [103/296] EVCK
[04:50:10] [104/296] RTTK
[04:50:11] [105/296] SRTU
[04:50:12] [106/296] VRSA
[04:50:13] [107/296] VARS
[04:50:13] [108/296] DSCZ
[04:50:14] [109/296] GAGA
[04:50:15] [110/296] SARV
[04:50:16] [111/296] SEEG
[04:50:17] [112/296] GLCA
[04:50:17] [113/296] APAS
[04:50:18] [114/296] VCIA
[04:50:19] [115/296] SJTA
[04:50:19] [116/296] SABM
[04:50:20] [117/296] PPAG
[04:50:21] [118/296] RVCA
[04:50:22] [119/296] CCIA
[04:50:23] [120/296] HTAG
[04:50:23] [121/296] SMBI
[04:50:24] [122/296] MCJR
[04:50:26] [123/296] CCJR
[04:50:27] [124/296] SINF
[04:50:28] [125/296] CPLX
[04:50:28] [126/296] KKTJ
[04:50:29] [127/296] GDBW
[04:50:30] [128/296] CSUB
[04:50:31] [129/296] DABA
[04:50:31] [130/296] TITR
[04:50:32] [131/296] NYCR
[04:50:33] [132/296] RTRY
[04:50:34] [133/296] JTJL
[04:50:35] [134/296] SJCP
[04:50:36] [135/296] KCCA
[04:50:37] [136/296] MLPG
[04:50:38] [137/296] VRCK
[04:50:39] [138/296] SRIN
[04:50:40] [139/296] CXMK
[04:50:41] [140/296] SKAD
[04:50:42] [141/296] AVTR
[04:50:43] [142/296] PTAJ
[04:50:43] [143/296] SCNK
[04:50:44] [144/296] STTI
[04:50:46] [145/296] KACR
[04:50:46] [146/296] SSDX
[04:50:47] [147/296] VRTJ
[04:50:48] [148/296] RAJD
[04:50:49] [149/296] SCIP
[04:50:50] [150/296] RJSL
[04:50:51] [151/296] ARRS
[04:50:52] [152/296] ASMS
[04:50:53] [153/296] RDTS
[04:50:53] [154/296] DVMY
[04:50:54] [155/296] RASA
[04:50:55] [156/296] INOM
[04:50:56] [157/296] SPRS
[04:50:56] [158/296] SGCS
[04:50:57] [159/296] SALM
[04:50:58] [160/296] PKHC
[04:50:59] [161/296] RCSV
[04:50:59] [162/296] CPKC
[04:51:00] [163/296] AACD
[04:51:01] [164/296] GGCV
[04:51:02] [165/296] SMKD
[04:51:03] [166/296] NBCH
[04:51:04] [167/296] AMCB
[04:51:04] [168/296] OPCN
[04:51:05] [169/296] DCIN
[04:51:06] [170/296] INGW
[04:51:07] [171/296] PKKW
[04:51:07] [172/296] FNGW
[04:51:08] [173/296] GCGD
[04:51:09] [174/296] MSTW
[04:51:10] [175/296] KCCG
[04:51:11] [176/296] MRSS
[04:51:12] [177/296] CLCF
[04:51:13] [178/296] EETS
[04:51:14] [179/296] AATR
[04:51:15] [180/296] CMMN
[04:51:15] [181/296] SCCJ
[04:51:16] [182/296] CDTK
[04:51:17] [183/296] AICP
[04:51:18] [184/296] FNBP
[04:51:18] [185/296] CBPB
[04:51:19] [186/296] CPAS
[04:51:20] [187/296] MAPM
[04:51:21] [188/296] PASD
[04:51:22] [189/296] JCMN
[04:51:23] [190/296] MALB
[04:51:24] [191/296] SACG
[04:51:25] [192/296] DDRX
[04:51:25] [193/296] DDXB
[04:51:27] [194/296] RAMC
[04:51:29] [195/296] SANC
[04:51:29] [196/296] BCBP
[04:51:30] [197/296] ALPC
[04:51:31] [198/296] RBAC
[04:51:32] [199/296] RAJL
[04:51:34] [200/296] MPDX
[04:51:34] [201/296] MUSC
[04:51:35] [202/296] VKMK
[04:51:36] [203/296] SKCG
[04:51:38] [204/296] ANCN
[04:51:38] [205/296] MMCJ
[04:51:40] [206/296] DCAK
[04:51:41] [207/296] SCKG
[04:51:42] [208/296] LMCK
[04:51:42] [209/296] CKKX
[04:51:43] [210/296] ANKU
[04:51:44] [211/296] CSMD
[04:51:45] [212/296] MKMP
[04:51:46] [213/296] SVBG
[04:51:47] [214/296] ROOP
[04:51:47] [215/296] GDMT
[04:51:48] [216/296] FPPF
[04:51:49] [217/296] SFUU
[04:51:50] [218/296] ANCB
[04:51:51] [219/296] SMMC
[04:51:52] [220/296] UGKT
[04:51:53] [221/296] JVRM
[04:51:54] [222/296] BATG
[04:51:55] [223/296] RATE
[04:51:56] [224/296] SKME
[04:51:57] [225/296] LMTP
[04:51:58] [226/296] TCBD
[04:51:59] [227/296] ESBD
[04:51:59] [228/296] GDCU
[04:52:00] [229/296] SNKT
[04:52:01] [230/296] SRNK
[04:52:02] [231/296] SMED
[04:52:02] [232/296] CSQS
[04:52:03] [233/296] ALCS
[04:52:04] [234/296] KCKN
[04:52:05] [235/296] VCCL
[04:52:06] [236/296] MCDA
[04:52:06] [237/296] SHMI
[04:52:07] [238/296] SKHA
[04:52:08] [239/296] SVFK
[04:52:09] [240/296] INVB
[04:52:10] [241/296] MELD
[04:52:11] [242/296] JTYS
[04:52:12] [243/296] INCM
[04:52:12] [244/296] MCDV
[04:52:13] [245/296] KSGK
[04:52:15] [246/296] ICMG
[04:52:16] [247/296] CSCV
[04:52:17] [248/296] STMD
[04:52:17] [249/296] STTR
[04:52:19] [250/296] INVC
[04:52:20] [251/296] JTBL
[04:52:21] [252/296] SRVV
[04:52:22] [253/296] MAVC
[04:52:23] [254/296] SRPP
[04:52:24] [255/296] JGDM
[04:52:25] [256/296] MBSJ
[04:52:26] [257/296] SSLL
[04:52:27] [258/296] SLKP
[04:52:28] [259/296] NSRV
[04:52:29] [260/296] UTDV
[04:52:30] [261/296] KICM
[04:52:31] [262/296] KCMD
[04:52:31] [263/296] TTPP
[04:52:32] [264/296] KMPV
[04:52:33] [265/296] SKTV
[04:52:33] [266/296] STCV
[04:52:34] [267/296] SRDA
[04:52:35] [268/296] JTSX
[04:52:36] [269/296] STBV
[04:52:37] [270/296] APVZ
[04:52:37] [271/296] GSTV
[04:52:38] [272/296] NMVS
[04:52:39] [273/296] SKRT
[04:52:40] [274/296] RMDV
[04:52:41] [275/296] RATG
[04:52:42] [276/296] SJYV
[04:52:42] [277/296] NDGP
[04:52:43] [278/296] SNDG
[04:52:44] [279/296] INSR
[04:52:45] [280/296] INSO
[04:52:46] [281/296] CCSI
[04:52:46] [282/296] RASM
[04:52:47] [283/296] NEWC
[04:52:48] [284/296] VSHL
[04:52:50] [285/296] BISW
[04:52:51] [286/296] GCNG
[04:52:52] [287/296] CWSC
[04:52:53] [288/296] SKAN
[04:52:53] [289/296] SEHP
[04:52:54] [290/296] CCOA
[04:52:55] [291/296] MCAJ
[04:52:56] [292/296] ACDE
[04:52:56] [293/296] AACM
[04:52:57] [294/296] JJCK
[04:52:58] [295/296] RCMO
[04:52:59] [296/296] GDAW
[04:53:00] 🧹 Deduping shows
[04:53:00] ✅ DONE | Shows=366 | Movies=34
[12:02:45] 🚀 SCRIPT STARTED
[12:02:45] [1/296] CDCA
[12:02:45] 🧠 New identity created
[12:02:46] [2/296] MNSR
[12:02:47] [3/296] CSSL
[12:02:49] [4/296] BGGM
[12:02:50] [5/296] MANT
[12:02:51] [6/296] SOOY
[12:02:52] [7/296] VPPK
[12:02:53] [8/296] MYHJ
[12:02:53] [9/296] KSCK
[12:02:54] [10/296] KATK
[12:02:56] [11/296] RTRT
[12:02:57] [12/296] SSTT
[12:02:58] [13/296] SSTV
[12:02:59] [14/296] LACM
[12:03:00] [15/296] SGMG
[12:03:01] [16/296] KACX
[12:03:01] [17/296] GVCP
[12:03:02] [18/296] CSNC
[12:03:03] [19/296] SXCB
[12:03:04] [20/296] BAHS
[12:03:05] [21/296] PCBI
[12:03:05] [22/296] PSSM
[12:03:06] [23/296] RCOK
[12:03:07] [24/296] SCPF
[12:03:08] [25/296] SSAS
[12:03:09] [26/296] EVMM
[12:03:10] [27/296] SYCB
[12:03:11] [28/296] GCKI
[12:03:11] [29/296] IAET
[12:03:12] [30/296] DDTD
[12:03:13] [31/296] GMDH
[12:03:14] [32/296] STLE
[12:03:15] [33/296] JTRA
[12:03:17] [34/296] RPPA
[12:03:18] [35/296] ARUT
[12:03:20] [36/296] JTVM
[12:03:21] [37/296] SWRH
[12:03:22] [38/296] DCPC
[12:03:24] [39/296] RAPR
[12:03:24] [40/296] GCRT
[12:03:25] [41/296] ATUN
[12:03:26] [42/296] LTRM
[12:03:27] [43/296] TASR
[12:03:29] [44/296] RLLC
[12:03:30] [45/296] MABI
[12:03:31] [46/296] SVHB
[12:03:32] [47/296] NVTB
[12:03:33] [48/296] KCKG
[12:03:34] [49/296] SSRN
[12:03:34] [50/296] VDDC
[12:03:35] [51/296] GKTK
[12:03:36] [52/296] YFSN
[12:03:37] [53/296] GCSG
[12:03:37] [54/296] ESSM
[12:03:38] [55/296] KRIH
[12:03:39] [56/296] GCDS
[12:03:40] [57/296] CCSH
[12:03:41] [58/296] ACSK
[12:03:41] [59/296] APRK
[12:03:42] [60/296] ADKM
[12:03:43] [61/296] SRDM
[12:03:44] [62/296] RMOG
[12:03:45] [63/296] SJMY
[12:03:46] [64/296] PGGC
[12:03:47] [65/296] INGM
[12:03:48] [66/296] LSCB
[12:03:49] [67/296] STAD
[12:03:50] [68/296] MCCR
[12:03:50] [69/296] ABCC
[12:03:51] [70/296] RKCC
[12:03:52] [71/296] RTCR
[12:03:53] [72/296] GGBC
[12:03:53] [73/296] GCSD
[12:03:54] [74/296] LPTY
[12:03:55] [75/296] MCFD
[12:03:56] [76/296] HENN
[12:03:57] [77/296] SMKU
[12:03:59] [78/296] TNZC
[12:03:59] [79/296] DRCD
[12:04:00] [80/296] DLCD
[12:04:01] [81/296] RCDA
[12:04:02] [82/296] COSM
[12:04:03] [83/296] MCMJ
[12:04:04] [84/296] CSTR
[12:04:04] [85/296] CVDK
[12:04:05] [86/296] INRR
[12:04:06] [87/296] RJRT
[12:04:07] [88/296] IRMR
[12:04:08] [89/296] SRCF
[12:04:09] [90/296] GRCR
[12:04:10] [91/296] SURC
[12:04:11] [92/296] NMNH
[12:04:11] [93/296] SVBL
[12:04:12] [94/296] KACI
[12:04:13] [95/296] TDGO
[12:04:14] [96/296] KTBR
[12:04:15] [97/296] PMAD
[12:04:16] [98/296] CCPN
[12:04:17] [99/296] SBTK
[12:04:18] [100/296] LMDK
[12:04:19] [101/296] PGDA
[12:04:20] [102/296] SRML
[12:04:21] [103/296] EVCK
[12:04:22] [104/296] RTTK
[12:04:22] [105/296] SRTU
[12:04:23] [106/296] VRSA
[12:04:24] [107/296] VARS
[12:04:25] [108/296] DSCZ
[12:04:27] [109/296] GAGA
[12:04:27] [110/296] SARV
[12:04:29] [111/296] SEEG
[12:04:30] [112/296] GLCA
[12:04:31] [113/296] APAS
[12:04:31] [114/296] VCIA
[12:04:32] [115/296] SJTA
[12:04:33] [116/296] SABM
[12:04:34] [117/296] PPAG
[12:04:35] [118/296] RVCA
[12:04:36] [119/296] CCIA
[12:04:37] [120/296] HTAG
[12:04:37] [121/296] SMBI
[12:04:39] [122/296] MCJR
[12:04:40] [123/296] CCJR
[12:04:41] [124/296] SINF
[12:04:42] [125/296] CPLX
[12:04:43] [126/296] KKTJ
[12:04:43] [127/296] GDBW
[12:04:44] [128/296] CSUB
[12:04:45] [129/296] DABA
[12:04:46] [130/296] TITR
[12:04:46] [131/296] NYCR
[12:04:47] [132/296] RTRY
[12:04:48] [133/296] JTJL
[12:04:49] [134/296] SJCP
[12:04:50] [135/296] KCCA
[12:04:52] [136/296] MLPG
[12:04:52] [137/296] VRCK
[12:04:53] [138/296] SRIN
[12:04:54] [139/296] CXMK
[12:04:55] [140/296] SKAD
[12:04:56] [141/296] AVTR
[12:04:56] [142/296] PTAJ
[12:04:57] [143/296] SCNK
[12:04:58] [144/296] STTI
[12:04:59] [145/296] KACR
[12:05:00] [146/296] SSDX
[12:05:01] [147/296] VRTJ
[12:05:01] [148/296] RAJD
[12:05:02] [149/296] SCIP
[12:05:03] [150/296] RJSL
[12:05:04] [151/296] ARRS
[12:05:06] [152/296] ASMS
[12:05:07] [153/296] RDTS
[12:05:08] [154/296] DVMY
[12:05:08] [155/296] RASA
[12:05:09] [156/296] INOM
[12:05:10] [157/296] SPRS
[12:05:11] [158/296] SGCS
[12:05:12] [159/296] SALM
[12:05:14] [160/296] PKHC
[12:05:14] [161/296] RCSV
[12:05:15] [162/296] CPKC
[12:05:16] [163/296] AACD
[12:05:17] [164/296] GGCV
[12:05:18] [165/296] SMKD
[12:05:18] [166/296] NBCH
[12:05:19] [167/296] AMCB
[12:05:20] [168/296] OPCN
[12:05:21] [169/296] DCIN
[12:05:22] [170/296] INGW
[12:05:23] [171/296] PKKW
[12:05:23] [172/296] FNGW
[12:05:24] [173/296] GCGD
[12:05:25] [174/296] MSTW
[12:05:26] [175/296] KCCG
[12:05:27] [176/296] MRSS
[12:05:28] [177/296] CLCF
[12:05:29] [178/296] EETS
[12:05:30] [179/296] AATR
[12:05:31] [180/296] CMMN
[12:05:31] [181/296] SCCJ
[12:05:32] [182/296] CDTK
[12:05:33] [183/296] AICP
[12:05:34] [184/296] FNBP
[12:05:35] [185/296] CBPB
[12:05:36] [186/296] CPAS
[12:05:36] [187/296] MAPM
[12:05:37] [188/296] PASD
[12:05:38] [189/296] JCMN
[12:05:39] [190/296] MALB
[12:05:40] [191/296] SACG
[12:05:41] [192/296] DDRX
[12:05:43] [193/296] DDXB
[12:05:44] [194/296] RAMC
[12:05:45] [195/296] SANC
[12:05:46] [196/296] BCBP
[12:05:47] [197/296] ALPC
[12:05:49] [198/296] RBAC
[12:05:49] [199/296] RAJL
[12:05:50] [200/296] MPDX
[12:05:51] [201/296] MUSC
[12:05:52] [202/296] VKMK
[12:05:53] [203/296] SKCG
[12:05:54] [204/296] ANCN
[12:05:54] [205/296] MMCJ
[12:05:58] [206/296] DCAK
[12:05:59] [207/296] SCKG
[12:06:00] [208/296] LMCK
[12:06:01] [209/296] CKKX
[12:06:02] [210/296] ANKU
[12:06:03] [211/296] CSMD
[12:06:04] [212/296] MKMP
[12:06:05] [213/296] SVBG
[12:06:05] [214/296] ROOP
[12:06:06] [215/296] GDMT
[12:06:07] [216/296] FPPF
[12:06:08] [217/296] SFUU
[12:06:09] [218/296] ANCB
[12:06:10] [219/296] SMMC
[12:06:11] [220/296] UGKT
[12:06:13] [221/296] JVRM
[12:06:14] [222/296] BATG
[12:06:15] [223/296] RATE
[12:06:16] [224/296] SKME
[12:06:17] [225/296] LMTP
[12:06:17] [226/296] TCBD
[12:06:20] [227/296] ESBD
[12:06:20] [228/296] GDCU
[12:06:32] 🔄 Identity reset
[12:06:32] ❌ GDCU | ReadTimeout
[12:06:33] [229/296] SNKT
[12:06:33] 🧠 New identity created
[12:06:34] [230/296] SRNK
[12:06:35] [231/296] SMED
[12:06:36] [232/296] CSQS
[12:06:36] [233/296] ALCS
[12:06:37] [234/296] KCKN
[12:06:38] [235/296] VCCL
[12:06:39] [236/296] MCDA
[12:06:42] [237/296] SHMI
[12:06:42] [238/296] SKHA
[12:06:43] [239/296] SVFK
[12:06:44] [240/296] INVB
[12:06:56] 🔄 Identity reset
[12:06:56] ❌ INVB | ReadTimeout
[12:06:56] [241/296] MELD
[12:06:56] 🧠 New identity created
[12:06:57] [242/296] JTYS
[12:06:58] [243/296] INCM
[12:06:59] [244/296] MCDV
[12:07:00] [245/296] KSGK
[12:07:01] [246/296] ICMG
[12:07:02] [247/296] CSCV
[12:07:02] [248/296] STMD
[12:07:03] [249/296] STTR
[12:07:04] [250/296] INVC
[12:07:05] [251/296] JTBL
[12:07:07] [252/296] SRVV
[12:07:07] [253/296] MAVC
[12:07:08] [254/296] SRPP
[12:07:09] [255/296] JGDM
[12:07:10] [256/296] MBSJ
[12:07:11] [257/296] SSLL
[12:07:12] [258/296] SLKP
[12:07:13] [259/296] NSRV
[12:07:14] [260/296] UTDV
[12:07:14] [261/296] KICM
[12:07:15] [262/296] KCMD
[12:07:16] [263/296] TTPP
[12:07:17] [264/296] KMPV
[12:07:18] [265/296] SKTV
[12:07:18] [266/296] STCV
[12:07:19] [267/296] SRDA
[12:07:20] [268/296] JTSX
[12:07:21] [269/296] STBV
[12:07:22] [270/296] APVZ
[12:07:23] [271/296] GSTV
[12:07:24] [272/296] NMVS
[12:07:25] [273/296] SKRT
[12:07:26] [274/296] RMDV
[12:07:27] [275/296] RATG
[12:07:27] [276/296] SJYV
[12:07:28] [277/296] NDGP
[12:07:30] [278/296] SNDG
[12:07:30] [279/296] INSR
[12:07:31] [280/296] INSO
[12:07:32] [281/296] CCSI
[12:07:34] [282/296] RASM
[12:07:35] [283/296] NEWC
[12:07:36] [284/296] VSHL
[12:07:37] [285/296] BISW
[12:07:38] [286/296] GCNG
[12:07:39] [287/296] CWSC
[12:07:40] [288/296] SKAN
[12:07:41] [289/296] SEHP
[12:07:42] [290/296] CCOA
[12:07:43] [291/296] MCAJ
[12:07:44] [292/296] ACDE
[12:07:45] [293/296] AACM
[12:07:45] [294/296] JJCK
[12:07:46] [295/296] RCMO
[12:07:47] [296/296] GDAW
[12:07:48] 🧹 Deduping shows
[12:07:48] ✅ DONE | Shows=446 | Movies=36
[19:01:23] 🚀 SCRIPT STARTED
[19:01:23] [1/296] CDCA
[19:01:23] 🧠 New identity created
[19:01:24] [2/296] MNSR
[19:01:24] [3/296] CSSL
[19:01:25] [4/296] BGGM
[19:01:26] [5/296] MANT
[19:01:28] [6/296] SOOY
[19:01:29] [7/296] VPPK
[19:01:30] [8/296] MYHJ
[19:01:31] [9/296] KSCK
[19:01:32] [10/296] KATK
[19:01:34] [11/296] RTRT
[19:01:34] [12/296] SSTT
[19:01:35] [13/296] SSTV
[19:01:36] [14/296] LACM
[19:01:37] [15/296] SGMG
[19:01:38] [16/296] KACX
[19:01:39] [17/296] GVCP
[19:01:40] [18/296] CSNC
[19:01:40] [19/296] SXCB
[19:01:41] [20/296] BAHS
[19:01:42] [21/296] PCBI
[19:01:43] [22/296] PSSM
[19:01:44] [23/296] RCOK
[19:01:45] [24/296] SCPF
[19:01:46] [25/296] SSAS
[19:01:47] [26/296] EVMM
[19:01:48] [27/296] SYCB
[19:01:49] [28/296] GCKI
[19:01:50] [29/296] IAET
[19:01:51] [30/296] DDTD
[19:01:53] [31/296] GMDH
[19:01:54] [32/296] STLE
[19:01:54] [33/296] JTRA
[19:01:55] [34/296] RPPA
[19:01:56] [35/296] ARUT
[19:01:57] [36/296] JTVM
[19:01:59] [37/296] SWRH
[19:01:59] [38/296] DCPC
[19:02:00] [39/296] RAPR
[19:02:01] [40/296] GCRT
[19:02:02] [41/296] ATUN
[19:02:03] [42/296] LTRM
[19:02:04] [43/296] TASR
[19:02:05] [44/296] RLLC
[19:02:06] [45/296] MABI
[19:02:06] [46/296] SVHB
[19:02:08] [47/296] NVTB
[19:02:09] [48/296] KCKG
[19:02:10] [49/296] SSRN
[19:02:11] [50/296] VDDC
[19:02:12] [51/296] GKTK
[19:02:12] [52/296] YFSN
[19:02:13] [53/296] GCSG
[19:02:14] [54/296] ESSM
[19:02:15] [55/296] KRIH
[19:02:15] [56/296] GCDS
[19:02:16] [57/296] CCSH
[19:02:17] [58/296] ACSK
[19:02:18] [59/296] APRK
[19:02:19] [60/296] ADKM
[19:02:20] [61/296] SRDM
[19:02:21] [62/296] RMOG
[19:02:22] [63/296] SJMY
[19:02:22] [64/296] PGGC
[19:02:23] [65/296] INGM
[19:02:24] [66/296] LSCB
[19:02:26] [67/296] STAD
[19:02:27] [68/296] MCCR
[19:02:28] [69/296] ABCC
[19:02:29] [70/296] RKCC
[19:02:30] [71/296] RTCR
[19:02:30] [72/296] GGBC
[19:02:31] [73/296] GCSD
[19:02:33] [74/296] LPTY
[19:02:34] [75/296] MCFD
[19:02:35] [76/296] HENN
[19:02:35] [77/296] SMKU
[19:02:36] [78/296] TNZC
[19:02:37] [79/296] DRCD
[19:02:38] [80/296] DLCD
[19:02:39] [81/296] RCDA
[19:02:40] [82/296] COSM
[19:02:40] [83/296] MCMJ
[19:02:41] [84/296] CSTR
[19:02:42] [85/296] CVDK
[19:02:43] [86/296] INRR
[19:02:44] [87/296] RJRT
[19:02:45] [88/296] IRMR
[19:02:45] [89/296] SRCF
[19:02:46] [90/296] GRCR
[19:02:47] [91/296] SURC
[19:02:48] [92/296] NMNH
[19:02:49] [93/296] SVBL
[19:02:50] [94/296] KACI
[19:02:51] [95/296] TDGO
[19:02:52] [96/296] KTBR
[19:02:53] [97/296] PMAD
[19:02:54] [98/296] CCPN
[19:02:54] [99/296] SBTK
[19:02:55] [100/296] LMDK
[19:02:56] [101/296] PGDA
[19:02:57] [102/296] SRML
[19:02:59] [103/296] EVCK
[19:02:59] [104/296] RTTK
[19:03:00] [105/296] SRTU
[19:03:02] [106/296] VRSA
[19:03:03] [107/296] VARS
[19:03:04] [108/296] DSCZ
[19:03:04] [109/296] GAGA
[19:03:05] [110/296] SARV
[19:03:06] [111/296] SEEG
[19:03:06] [112/296] GLCA
[19:03:07] [113/296] APAS
[19:03:08] [114/296] VCIA
[19:03:09] [115/296] SJTA
[19:03:10] [116/296] SABM
[19:03:11] [117/296] PPAG
[19:03:11] [118/296] RVCA
[19:03:12] [119/296] CCIA
[19:03:13] [120/296] HTAG
[19:03:14] [121/296] SMBI
[19:03:14] [122/296] MCJR
[19:03:15] [123/296] CCJR
[19:03:16] [124/296] SINF
[19:03:17] [125/296] CPLX
[19:03:18] [126/296] KKTJ
[19:03:18] [127/296] GDBW
[19:03:19] [128/296] CSUB
[19:03:20] [129/296] DABA
[19:03:22] [130/296] TITR
[19:03:22] [131/296] NYCR
[19:03:23] [132/296] RTRY
[19:03:25] [133/296] JTJL
[19:03:25] [134/296] SJCP
[19:03:26] [135/296] KCCA
[19:03:27] [136/296] MLPG
[19:03:28] [137/296] VRCK
[19:03:29] [138/296] SRIN
[19:03:30] [139/296] CXMK
[19:03:31] [140/296] SKAD
[19:03:32] [141/296] AVTR
[19:03:33] [142/296] PTAJ
[19:03:34] [143/296] SCNK
[19:03:35] [144/296] STTI
[19:03:36] [145/296] KACR
[19:03:37] [146/296] SSDX
[19:03:37] [147/296] VRTJ
[19:03:38] [148/296] RAJD
[19:03:40] [149/296] SCIP
[19:03:40] [150/296] RJSL
[19:03:41] [151/296] ARRS
[19:03:42] [152/296] ASMS
[19:03:42] [153/296] RDTS
[19:03:43] [154/296] DVMY
[19:03:44] [155/296] RASA
[19:03:45] [156/296] INOM
[19:03:46] [157/296] SPRS
[19:03:46] [158/296] SGCS
[19:03:47] [159/296] SALM
[19:03:48] [160/296] PKHC
[19:03:49] [161/296] RCSV
[19:03:50] [162/296] CPKC
[19:03:51] [163/296] AACD
[19:03:52] [164/296] GGCV
[19:03:53] [165/296] SMKD
[19:03:55] [166/296] NBCH
[19:03:55] [167/296] AMCB
[19:03:56] [168/296] OPCN
[19:03:57] [169/296] DCIN
[19:03:58] [170/296] INGW
[19:03:59] [171/296] PKKW
[19:04:01] [172/296] FNGW
[19:04:01] [173/296] GCGD
[19:04:03] [174/296] MSTW
[19:04:04] [175/296] KCCG
[19:04:05] [176/296] MRSS
[19:04:06] [177/296] CLCF
[19:04:07] [178/296] EETS
[19:04:08] [179/296] AATR
[19:04:09] [180/296] CMMN
[19:04:10] [181/296] SCCJ
[19:04:11] [182/296] CDTK
[19:04:11] [183/296] AICP
[19:04:12] [184/296] FNBP
[19:04:13] [185/296] CBPB
[19:04:14] [186/296] CPAS
[19:04:15] [187/296] MAPM
[19:04:16] [188/296] PASD
[19:04:17] [189/296] JCMN
[19:04:17] [190/296] MALB
[19:04:18] [191/296] SACG
[19:04:19] [192/296] DDRX
[19:04:20] [193/296] DDXB
[19:04:21] [194/296] RAMC
[19:04:21] [195/296] SANC
[19:04:22] [196/296] BCBP
[19:04:24] [197/296] ALPC
[19:04:25] [198/296] RBAC
[19:04:26] [199/296] RAJL
[19:04:27] [200/296] MPDX
[19:04:28] [201/296] MUSC
[19:04:29] [202/296] VKMK
[19:04:29] [203/296] SKCG
[19:04:30] [204/296] ANCN
[19:04:31] [205/296] MMCJ
[19:04:32] [206/296] DCAK
[19:04:33] [207/296] SCKG
[19:04:33] [208/296] LMCK
[19:04:34] [209/296] CKKX
[19:04:35] [210/296] ANKU
[19:04:36] [211/296] CSMD
[19:04:37] [212/296] MKMP
[19:04:38] [213/296] SVBG
[19:04:39] [214/296] ROOP
[19:04:40] [215/296] GDMT
[19:04:41] [216/296] FPPF
[19:04:43] [217/296] SFUU
[19:04:43] [218/296] ANCB
[19:04:44] [219/296] SMMC
[19:04:45] [220/296] UGKT
[19:04:46] [221/296] JVRM
[19:04:47] [222/296] BATG
[19:04:48] [223/296] RATE
[19:04:49] [224/296] SKME
[19:04:50] [225/296] LMTP
[19:04:50] [226/296] TCBD
[19:04:51] [227/296] ESBD
[19:04:53] [228/296] GDCU
[19:04:53] [229/296] SNKT
[19:04:54] [230/296] SRNK
[19:04:55] [231/296] SMED
[19:04:56] [232/296] CSQS
[19:04:57] [233/296] ALCS
[19:04:57] [234/296] KCKN
[19:04:58] [235/296] VCCL
[19:04:59] [236/296] MCDA
[19:05:00] [237/296] SHMI
[19:05:01] [238/296] SKHA
[19:05:02] [239/296] SVFK
[19:05:03] [240/296] INVB
[19:05:04] [241/296] MELD
[19:05:05] [242/296] JTYS
[19:05:06] [243/296] INCM
[19:05:07] [244/296] MCDV
[19:05:07] [245/296] KSGK
[19:05:08] [246/296] ICMG
[19:05:09] [247/296] CSCV
[19:05:10] [248/296] STMD
[19:05:11] [249/296] STTR
[19:05:12] [250/296] INVC
[19:05:13] [251/296] JTBL
[19:05:13] [252/296] SRVV
[19:05:14] [253/296] MAVC
[19:05:15] [254/296] SRPP
[19:05:16] [255/296] JGDM
[19:05:17] [256/296] MBSJ
[19:05:17] [257/296] SSLL
[19:05:18] [258/296] SLKP
[19:05:19] [259/296] NSRV
[19:05:20] [260/296] UTDV
[19:05:21] [261/296] KICM
[19:05:22] [262/296] KCMD
[19:05:23] [263/296] TTPP
[19:05:24] [264/296] KMPV
[19:05:25] [265/296] SKTV
[19:05:26] [266/296] STCV
[19:05:27] [267/296] SRDA
[19:05:28] [268/296] JTSX
[19:05:28] [269/296] STBV
[19:05:29] [270/296] APVZ
[19:05:30] [271/296] GSTV
[19:05:32] [272/296] NMVS
[19:05:34] [273/296] SKRT
[19:05:34] [274/296] RMDV
[19:05:35] [275/296] RATG
[19:05:36] [276/296] SJYV
[19:05:37] [277/296] NDGP
[19:05:38] [278/296] SNDG
[19:05:38] [279/296] INSR
[19:05:39] [280/296] INSO
[19:05:40] [281/296] CCSI
[19:05:42] [282/296] RASM
[19:05:43] [283/296] NEWC
[19:05:44] [284/296] VSHL
[19:05:45] [285/296] BISW
[19:05:46] [286/296] GCNG
[19:05:47] [287/296] CWSC
[19:05:48] [288/296] SKAN
[19:05:48] [289/296] SEHP
[19:05:49] [290/296] CCOA
[19:05:50] [291/296] MCAJ
[19:05:51] [292/296] ACDE
[19:05:52] [293/296] AACM
[19:05:52] [294/296] JJCK
[19:05:53] [295/296] RCMO
[19:05:54] [296/296] GDAW
[19:05:55] 🧹 Deduping shows
[19:05:55] ✅ DONE | Shows=773 | Movies=41
[21:54:52] 🚀 SCRIPT STARTED
[21:54:52] [1/296] CDCA
[21:54:52] 🧠 New identity created
[21:54:53] [2/296] MNSR
[21:54:54] [3/296] CSSL
[21:54:55] [4/296] BGGM
[21:54:55] [5/296] MANT
[21:54:56] [6/296] SOOY
[21:54:57] [7/296] VPPK
[21:54:58] [8/296] MYHJ
[21:54:59] [9/296] KSCK
[21:55:00] [10/296] KATK
[21:55:01] [11/296] RTRT
[21:55:02] [12/296] SSTT
[21:55:03] [13/296] SSTV
[21:55:04] [14/296] LACM
[21:55:05] [15/296] SGMG
[21:55:06] [16/296] KACX
[21:55:07] [17/296] GVCP
[21:55:07] [18/296] CSNC
[21:55:08] [19/296] SXCB
[21:55:09] [20/296] BAHS
[21:55:10] [21/296] PCBI
[21:55:11] [22/296] PSSM
[21:55:12] [23/296] RCOK
[21:55:13] [24/296] SCPF
[21:55:14] [25/296] SSAS
[21:55:15] [26/296] EVMM
[21:55:16] [27/296] SYCB
[21:55:16] [28/296] GCKI
[21:55:17] [29/296] IAET
[21:55:18] [30/296] DDTD
[21:55:19] [31/296] GMDH
[21:55:20] [32/296] STLE
[21:55:21] [33/296] JTRA
[21:55:22] [34/296] RPPA
[21:55:22] [35/296] ARUT
[21:55:23] [36/296] JTVM
[21:55:24] [37/296] SWRH
[21:55:25] [38/296] DCPC
[21:55:26] [39/296] RAPR
[21:55:27] [40/296] GCRT
[21:55:27] [41/296] ATUN
[21:55:28] [42/296] LTRM
[21:55:29] [43/296] TASR
[21:55:31] [44/296] RLLC
[21:55:31] [45/296] MABI
[21:55:32] [46/296] SVHB
[21:55:33] [47/296] NVTB
[21:55:34] [48/296] KCKG
[21:55:35] [49/296] SSRN
[21:55:36] [50/296] VDDC
[21:55:37] [51/296] GKTK
[21:55:37] [52/296] YFSN
[21:55:39] [53/296] GCSG
[21:55:40] [54/296] ESSM
[21:55:41] [55/296] KRIH
[21:55:41] [56/296] GCDS
[21:55:43] [57/296] CCSH
[21:55:44] [58/296] ACSK
[21:55:45] [59/296] APRK
[21:55:45] [60/296] ADKM
[21:55:46] [61/296] SRDM
[21:55:47] [62/296] RMOG
[21:55:48] [63/296] SJMY
[21:55:48] [64/296] PGGC
[21:55:49] [65/296] INGM
[21:55:50] [66/296] LSCB
[21:55:51] [67/296] STAD
[21:55:52] [68/296] MCCR
[21:55:53] [69/296] ABCC
[21:55:54] [70/296] RKCC
[21:55:54] [71/296] RTCR
[21:55:55] [72/296] GGBC
[21:55:57] [73/296] GCSD
[21:55:57] [74/296] LPTY
[21:55:58] [75/296] MCFD
[21:55:59] [76/296] HENN
[21:56:00] [77/296] SMKU
[21:56:01] [78/296] TNZC
[21:56:01] [79/296] DRCD
[21:56:02] [80/296] DLCD
[21:56:03] [81/296] RCDA
[21:56:04] [82/296] COSM
[21:56:05] [83/296] MCMJ
[21:56:06] [84/296] CSTR
[21:56:06] [85/296] CVDK
[21:56:07] [86/296] INRR
[21:56:08] [87/296] RJRT
[21:56:09] [88/296] IRMR
[21:56:10] [89/296] SRCF
[21:56:11] [90/296] GRCR
[21:56:12] [91/296] SURC
[21:56:12] [92/296] NMNH
[21:56:13] [93/296] SVBL
[21:56:15] [94/296] KACI
[21:56:15] [95/296] TDGO
[21:56:17] [96/296] KTBR
[21:56:17] [97/296] PMAD
[21:56:19] [98/296] CCPN
[21:56:19] [99/296] SBTK
[21:56:20] [100/296] LMDK
[21:56:21] [101/296] PGDA
[21:56:21] [102/296] SRML
[21:56:22] [103/296] EVCK
[21:56:23] [104/296] RTTK
[21:56:24] [105/296] SRTU
[21:56:25] [106/296] VRSA
[21:56:26] [107/296] VARS
[21:56:27] [108/296] DSCZ
[21:56:27] [109/296] GAGA
[21:56:28] [110/296] SARV
[21:56:29] [111/296] SEEG
[21:56:30] [112/296] GLCA
[21:56:31] [113/296] APAS
[21:56:31] [114/296] VCIA
[21:56:32] [115/296] SJTA
[21:56:33] [116/296] SABM
[21:56:34] [117/296] PPAG
[21:56:34] [118/296] RVCA
[21:56:35] [119/296] CCIA
[21:56:36] [120/296] HTAG
[21:56:37] [121/296] SMBI
[21:56:38] [122/296] MCJR
[21:56:39] [123/296] CCJR
[21:56:40] [124/296] SINF
[21:56:41] [125/296] CPLX
[21:56:42] [126/296] KKTJ
[21:56:42] [127/296] GDBW
[21:56:43] [128/296] CSUB
[21:56:44] [129/296] DABA
[21:56:45] [130/296] TITR
[21:56:45] [131/296] NYCR
[21:56:46] [132/296] RTRY
[21:56:47] [133/296] JTJL
[21:56:48] [134/296] SJCP
[21:56:49] [135/296] KCCA
[21:56:50] [136/296] MLPG
[21:56:50] [137/296] VRCK
[21:56:51] [138/296] SRIN
[21:56:52] [139/296] CXMK
[21:56:54] [140/296] SKAD
[21:56:55] [141/296] AVTR
[21:56:56] [142/296] PTAJ
[21:56:56] [143/296] SCNK
[21:56:57] [144/296] STTI
[21:56:58] [145/296] KACR
[21:56:59] [146/296] SSDX
[21:57:00] [147/296] VRTJ
[21:57:01] [148/296] RAJD
[21:57:02] [149/296] SCIP
[21:57:03] [150/296] RJSL
[21:57:04] [151/296] ARRS
[21:57:05] [152/296] ASMS
[21:57:06] [153/296] RDTS
[21:57:07] [154/296] DVMY
[21:57:07] [155/296] RASA
[21:57:08] [156/296] INOM
[21:57:09] [157/296] SPRS
[21:57:10] [158/296] SGCS
[21:57:11] [159/296] SALM
[21:57:12] [160/296] PKHC
[21:57:13] [161/296] RCSV
[21:57:13] [162/296] CPKC
[21:57:14] [163/296] AACD
[21:57:15] [164/296] GGCV
[21:57:16] [165/296] SMKD
[21:57:17] [166/296] NBCH
[21:57:18] [167/296] AMCB
[21:57:19] [168/296] OPCN
[21:57:19] [169/296] DCIN
[21:57:20] [170/296] INGW
[21:57:22] [171/296] PKKW
[21:57:22] [172/296] FNGW
[21:57:23] [173/296] GCGD
[21:57:25] [174/296] MSTW
[21:57:25] [175/296] KCCG
[21:57:26] [176/296] MRSS
[21:57:27] [177/296] CLCF
[21:57:28] [178/296] EETS
[21:57:29] [179/296] AATR
[21:57:30] [180/296] CMMN
[21:57:30] [181/296] SCCJ
[21:57:32] [182/296] CDTK
[21:57:32] [183/296] AICP
[21:57:33] [184/296] FNBP
[21:57:34] [185/296] CBPB
[21:57:35] [186/296] CPAS
[21:57:36] [187/296] MAPM
[21:57:36] [188/296] PASD
[21:57:37] [189/296] JCMN
[21:57:38] [190/296] MALB
[21:57:39] [191/296] SACG
[21:57:40] [192/296] DDRX
[21:57:40] [193/296] DDXB
[21:57:41] [194/296] RAMC
[21:57:42] [195/296] SANC
[21:57:43] [196/296] BCBP
[21:57:44] [197/296] ALPC
[21:57:45] [198/296] RBAC
[21:57:46] [199/296] RAJL
[21:57:46] [200/296] MPDX
[21:57:48] [201/296] MUSC
[21:57:49] [202/296] VKMK
[21:57:50] [203/296] SKCG
[21:57:50] [204/296] ANCN
[21:57:51] [205/296] MMCJ
[21:57:52] [206/296] DCAK
[21:57:53] [207/296] SCKG
[21:57:54] [208/296] LMCK
[21:57:54] [209/296] CKKX
[21:57:55] [210/296] ANKU
[21:57:56] [211/296] CSMD
[21:57:57] [212/296] MKMP
[21:57:58] [213/296] SVBG
[21:57:59] [214/296] ROOP
[21:57:59] [215/296] GDMT
[21:58:00] [216/296] FPPF
[21:58:01] [217/296] SFUU
[21:58:02] [218/296] ANCB
[21:58:02] [219/296] SMMC
[21:58:04] [220/296] UGKT
[21:58:05] [221/296] JVRM
[21:58:06] [222/296] BATG
[21:58:08] [223/296] RATE
[21:58:09] [224/296] SKME
[21:58:10] [225/296] LMTP
[21:58:11] [226/296] TCBD
[21:58:11] [227/296] ESBD
[21:58:12] [228/296] GDCU
[21:58:13] [229/296] SNKT
[21:58:14] [230/296] SRNK
[21:58:15] [231/296] SMED
[21:58:16] [232/296] CSQS
[21:58:17] [233/296] ALCS
[21:58:18] [234/296] KCKN
[21:58:19] [235/296] VCCL
[21:58:19] [236/296] MCDA
[21:58:20] [237/296] SHMI
[21:58:21] [238/296] SKHA
[21:58:22] [239/296] SVFK
[21:58:23] [240/296] INVB
[21:58:24] [241/296] MELD
[21:58:24] [242/296] JTYS
[21:58:25] [243/296] INCM
[21:58:26] [244/296] MCDV
[21:58:27] [245/296] KSGK
[21:58:28] [246/296] ICMG
[21:58:29] [247/296] CSCV
[21:58:30] [248/296] STMD
[21:58:31] [249/296] STTR
[21:58:32] [250/296] INVC
[21:58:33] [251/296] JTBL
[21:58:34] [252/296] SRVV
[21:58:34] [253/296] MAVC
[21:58:35] [254/296] SRPP
[21:58:36] [255/296] JGDM
[21:58:37] [256/296] MBSJ
[21:58:38] [257/296] SSLL
[21:58:38] [258/296] SLKP
[21:58:39] [259/296] NSRV
[21:58:40] [260/296] UTDV
[21:58:41] [261/296] KICM
[21:58:41] [262/296] KCMD
[21:58:42] [263/296] TTPP
[21:58:43] [264/296] KMPV
[21:58:44] [265/296] SKTV
[21:58:44] [266/296] STCV
[21:58:45] [267/296] SRDA
[21:58:46] [268/296] JTSX
[21:58:47] [269/296] STBV
[21:58:47] [270/296] APVZ
[21:58:48] [271/296] GSTV
[21:58:49] [272/296] NMVS
[21:58:50] [273/296] SKRT
[21:58:51] [274/296] RMDV
[21:58:51] [275/296] RATG
[21:58:52] [276/296] SJYV
[21:58:53] [277/296] NDGP
[21:58:55] [278/296] SNDG
[21:58:55] [279/296] INSR
[21:58:56] [280/296] INSO
[21:58:57] [281/296] CCSI
[21:58:58] [282/296] RASM
[21:58:58] [283/296] NEWC
[21:58:59] [284/296] VSHL
[21:59:00] [285/296] BISW
[21:59:01] [286/296] GCNG
[21:59:02] [287/296] CWSC
[21:59:03] [288/296] SKAN
[21:59:04] [289/296] SEHP
[21:59:05] [290/296] CCOA
[21:59:06] [291/296] MCAJ
[21:59:07] [292/296] ACDE
[21:59:07] [293/296] AACM
[21:59:08] [294/296] JJCK
[21:59:09] [295/296] RCMO
[21:59:10] [296/296] GDAW
[21:59:11] 🧹 Deduping shows
[21:59:11] ✅ DONE | Shows=1035 | Movies=45
