[10:07:07] 🚀 SCRIPT STARTED
[10:07:07] [1/324] GCTA
[10:07:07] 🧠 New identity created
[10:07:08] [2/324] TOPN
[10:07:09] [3/324] MCUS
[10:07:10] [4/324] SHRL
[10:07:10] [5/324] UPTP
[10:07:11] [6/324] TMMP
[10:07:12] [7/324] DNRP
[10:07:13] [8/324] SRLT
[10:07:14] [9/324] RCNS
[10:07:15] [10/324] DCBH
[10:07:15] [11/324] NAGJ
[10:07:16] [12/324] JVRC
[10:07:17] [13/324] KRJG
[10:07:18] [14/324] SRTJ
[10:07:20] [15/324] CMXM
[10:07:20] [16/324] STMI
[10:07:21] [17/324] SLST
[10:07:22] [18/324] DTCN
[10:07:23] [19/324] STYN
[10:07:24] [20/324] SZVR
[10:07:25] [21/324] SRKO
[10:07:25] [22/324] JTGT
[10:07:26] [23/324] SVFD
[10:07:27] [24/324] SISD
[10:07:28] [25/324] ABDD
[10:07:29] [26/324] DRCA
[10:07:30] [27/324] AVCS
[10:07:31] [28/324] MVKH
[10:07:32] [29/324] ACPR
[10:07:33] [30/324] STIP
[10:07:34] [31/324] MTRA
[10:07:34] [32/324] RMKH
[10:07:35] [33/324] NKRL
[10:07:36] [34/324] PCWN
[10:07:37] [35/324] BLMT
[10:07:38] [36/324] GDPG
[10:07:40] [37/324] SRMX
[10:07:41] [38/324] JACP
[10:07:42] [39/324] CPSH
[10:07:43] [40/324] MCCD
[10:07:44] [41/324] ECGH
[10:07:45] [42/324] MKCK
[10:07:46] [43/324] SRMM
[10:07:47] [44/324] SKYR
[10:07:47] [45/324] PCKC
[10:07:48] [46/324] JCMA
[10:07:49] [47/324] BSMP
[10:07:50] [48/324] VSPA
[10:07:51] [49/324] DJYA
[10:07:52] [50/324] DIMP
[10:07:53] [51/324] FXDR
[10:07:54] [52/324] SSRC
[10:07:55] [53/324] STHP
[10:07:56] [54/324] CPPD
[10:07:57] [55/324] FCLK
[10:07:57] [56/324] SCPP
[10:07:58] [57/324] DCMJ
[10:07:59] [58/324] RCCR
[10:08:00] [59/324] INMT
[10:08:01] [60/324] LXTK
[10:08:02] [61/324] SRYK
[10:08:03] [62/324] SGDK
[10:08:04] [63/324] PPKA
[10:08:05] [64/324] SPKA
[10:08:06] [65/324] CGHH
[10:08:07] [66/324] DCJN
[10:08:07] [67/324] SRKV
[10:08:08] [68/324] SAJC
[10:08:09] [69/324] SUSR
[10:08:10] [70/324] STYG
[10:08:10] [71/324] NTKP
[10:08:11] [72/324] AKTG
[10:08:13] [73/324] CGCM
[10:08:14] [74/324] TULC
[10:08:15] [75/324] NYYZ
[10:08:16] [76/324] NYBW
[10:08:16] [77/324] MACB
[10:08:17] [78/324] SLVT
[10:08:18] [79/324] SANA
[10:08:19] [80/324] ACMR
[10:08:20] [81/324] CPKN
[10:08:21] [82/324] DLGK
[10:08:22] [83/324] CWCK
[10:08:23] [84/324] FDDH
[10:08:24] [85/324] MMMD
[10:08:25] [86/324] CMEH
[10:08:26] [87/324] GGGV
[10:08:27] [88/324] SPJL
[10:08:28] [89/324] RCCD
[10:08:29] [90/324] STTZ
[10:08:30] [91/324] BTCF
[10:08:31] [92/324] TSTZ
[10:08:32] [93/324] IPMM
[10:08:33] [94/324] PMPW
[10:08:34] [95/324] PCMZ
[10:08:35] [96/324] ESEM
[10:08:36] [97/324] PIPO
[10:08:37] [98/324] MATK
[10:08:38] [99/324] PGHM
[10:08:38] [100/324] CTSR
[10:08:39] [101/324] CYKR
[10:08:40] [102/324] MSCM
[10:08:41] [103/324] RFNP
[10:08:41] [104/324] PDCP
[10:08:42] [105/324] NPSE
[10:08:43] [106/324] MKML
[10:08:44] [107/324] FTDP
[10:08:45] [108/324] MMXA
[10:08:46] [109/324] CEPO
[10:08:47] [110/324] CMVP
[10:08:47] [111/324] SGTH
[10:08:48] [112/324] SAYN
[10:08:49] [113/324] URVS
[10:08:50] [114/324] VJTN
[10:08:51] [115/324] BBYK
[10:08:51] [116/324] SHBO
[10:08:52] [117/324] VCMR
[10:08:53] [118/324] MACT
[10:08:54] [119/324] JMNP
[10:08:55] [120/324] VICS
[10:08:56] [121/324] VCDA
[10:08:56] [122/324] GCMM
[10:08:57] [123/324] INVS
[10:08:59] [124/324] SCGM
[10:09:00] [125/324] PCDA
[10:09:01] [126/324] KDCT
[10:09:01] [127/324] JACS
[10:09:02] [128/324] GMMC
[10:09:03] [129/324] AICM
[10:09:04] [130/324] TJCM
[10:09:05] [131/324] RMTI
[10:09:06] [132/324] SHAC
[10:09:07] [133/324] APJC
[10:09:08] [134/324] GCTG
[10:09:09] [135/324] SSMC
[10:09:09] [136/324] THRM
[10:09:10] [137/324] RBCT
[10:09:11] [138/324] DIKT
[10:09:12] [139/324] MIDL
[10:09:13] [140/324] VCSN
[10:09:14] [141/324] SKTG
[10:09:15] [142/324] SMWC
[10:09:15] [143/324] MNKH
[10:09:16] [144/324] PIAT
[10:09:17] [145/324] LTTP
[10:09:18] [146/324] PTPU
[10:09:20] [147/324] ACMG
[10:09:20] [148/324] SHMM
[10:09:21] [149/324] MCMN
[10:09:22] [150/324] GLDC
[10:09:23] [151/324] HOUT
[10:09:24] [152/324] SVRP
[10:09:25] [153/324] PVDN
[10:09:26] [154/324] SCPY
[10:09:27] [155/324] DTPY
[10:09:28] [156/324] GKCS
[10:09:29] [157/324] NCAM
[10:09:30] [158/324] BSRM
[10:09:30] [159/324] RCLC
[10:09:31] [160/324] SKKD
[10:09:32] [161/324] ACHU
[10:09:33] [162/324] RSCF
[10:09:34] [163/324] IMSH
[10:09:34] [164/324] MACX
[10:09:36] [165/324] HMMW
[10:09:37] [166/324] JTCP
[10:09:38] [167/324] SREN
[10:09:39] [168/324] PJRR
[10:09:40] [169/324] INAC
[10:09:41] [170/324] BMCA
[10:09:42] [171/324] SHCB
[10:09:43] [172/324] GABA
[10:09:44] [173/324] SBCT
[10:09:45] [174/324] GCMA
[10:09:45] [175/324] MYTK
[10:09:47] [176/324] INZS
[10:09:48] [177/324] RMIK
[10:09:48] [178/324] NYCH
[10:09:50] [179/324] RAVE
[10:09:51] [180/324] PSXM
[10:09:52] [181/324] MCGP
[10:09:52] [182/324] PDDK
[10:09:53] [183/324] SPCK
[10:09:54] [184/324] MCRL
[10:09:55] [185/324] MHKT
[10:09:56] [186/324] ANRR
[10:09:57] [187/324] SAPK
[10:09:58] [188/324] NCUK
[10:09:59] [189/324] JUGA
[10:10:00] [190/324] DBSC
[10:10:00] [191/324] LALK
[10:10:01] [192/324] GUCK
[10:10:03] [193/324] STSG
[10:10:03] [194/324] PPPZ
[10:10:04] [195/324] CNCY
[10:10:05] [196/324] MTAR
[10:10:06] [197/324] VNKD
[10:10:07] [198/324] KMAJ
[10:10:07] [199/324] ACXK
[10:10:08] [200/324] UTKC
[10:10:09] [201/324] PBLK
[10:10:10] [202/324] ACBX
[10:10:10] [203/324] PTGM
[10:10:11] [204/324] BTDA
[10:10:12] [205/324] PJMB
[10:10:13] [206/324] TPDA
[10:10:14] [207/324] AMOE
[10:10:14] [208/324] PRHT
[10:10:15] [209/324] PRTA
[10:10:16] [210/324] STAM
[10:10:17] [211/324] MSAA
[10:10:17] [212/324] SDLU
[10:10:18] [213/324] RCHH
[10:10:19] [214/324] KANT
[10:10:20] [215/324] FCRT
[10:10:20] [216/324] DNKM
[10:10:21] [217/324] RYCP
[10:10:22] [218/324] MYRP
[10:10:23] [219/324] PPAK
[10:10:24] [220/324] NVPK
[10:10:24] [221/324] PRMC
[10:10:25] [222/324] JBCS
[10:10:26] [223/324] GXCK
[10:10:27] [224/324] USKO
[10:10:28] [225/324] GTEM
[10:10:29] [226/324] SMBU
[10:10:29] [227/324] VETC
[10:10:30] [228/324] LCDA
[10:10:31] [229/324] MTVT
[10:10:32] [230/324] PYCP
[10:10:33] [231/324] PNSC
[10:10:34] [232/324] PPCC
[10:10:35] [233/324] TGRT
[10:10:35] [234/324] JYOT
[10:10:36] [235/324] SRCZ
[10:10:37] [236/324] SJTE
[10:10:38] [237/324] DESC
[10:10:38] [238/324] JHVN
[10:10:39] [239/324] IPSG
[10:10:40] [240/324] IPCM
[10:10:40] [241/324] PDRS
[10:10:41] [242/324] ANCV
[10:10:42] [243/324] CMVV
[10:10:43] [244/324] SHYP
[10:10:44] [245/324] DNCS
[10:10:44] [246/324] GAJK
[10:10:45] [247/324] AKTN
[10:10:46] [248/324] KAYA
[10:10:47] [249/324] SBRC
[10:10:47] [250/324] CHTP
[10:10:48] [251/324] SHRT
[10:10:49] [252/324] BCKU
[10:10:50] [253/324] FCPS
[10:10:51] [254/324] ARDD
[10:10:52] [255/324] CPCM
[10:10:53] [256/324] CGSM
[10:10:54] [257/324] PSMP
[10:10:54] [258/324] SDAL
[10:10:55] [259/324] RTNB
[10:10:56] [260/324] LMCR
[10:10:57] [261/324] CIMA
[10:10:58] [262/324] RNAS
[10:10:58] [263/324] LITH
[10:10:59] [264/324] PBOX
[10:11:00] [265/324] FRTS
[10:11:01] [266/324] RKIC
[10:11:01] [267/324] PTAI
[10:11:02] [268/324] GCIC
[10:11:04] [269/324] FNAS
[10:11:04] [270/324] SCAR
[10:11:05] [271/324] MTCA
[10:11:06] [272/324] SCTS
[10:11:07] [273/324] SYCS
[10:11:07] [274/324] RDMS
[10:11:08] [275/324] KAMP
[10:11:09] [276/324] ERSD
[10:11:10] [277/324] MJMJ
[10:11:11] [278/324] SRCJ
[10:11:12] [279/324] SCXE
[10:11:13] [280/324] SVFR
[10:11:13] [281/324] BHCS
[10:11:14] [282/324] IMCC
[10:11:15] [283/324] PCBO
[10:11:16] [284/324] PRVN
[10:11:17] [285/324] AUPM
[10:11:17] [286/324] INBW
[10:11:18] [287/324] SVCW
[10:11:19] [288/324] RKCF
[10:11:21] [289/324] UVBH
[10:11:22] [290/324] DNCY
[10:11:23] [291/324] ABCN
[10:11:24] [292/324] PRUR
[10:11:25] [293/324] PFMR
[10:11:25] [294/324] RKCN
[10:11:26] [295/324] CFEA
[10:11:27] [296/324] SDBG
[10:11:28] [297/324] SNAR
[10:11:29] [298/324] YISI
[10:11:30] [299/324] JCFF
[10:11:31] [300/324] VTRK
[10:11:32] [301/324] PCLZ
[10:11:32] [302/324] DIMY
[10:11:33] [303/324] BBTS
[10:11:34] [304/324] GATH
[10:11:34] [305/324] GTMN
[10:11:35] [306/324] VTMH
[10:11:36] [307/324] CCKP
[10:11:37] [308/324] GPKA
[10:11:38] [309/324] MHCL
[10:11:39] [310/324] ATCL
[10:11:40] [311/324] SBCK
[10:11:41] [312/324] AMMR
[10:11:42] [313/324] MADC
[10:11:43] [314/324] TMMA
[10:11:43] [315/324] CACC
[10:11:44] [316/324] CHAL
[10:11:45] [317/324] DURG
[10:11:45] [318/324] GMKU
[10:11:46] [319/324] GECA
[10:11:47] [320/324] KYRR
[10:11:48] [321/324] KSDE
[10:11:49] [322/324] LMCI
[10:11:50] [323/324] NKCP
[10:11:51] [324/324] BGTC
[10:11:52] 🧹 Deduping shows
[10:11:52] ✅ DONE | Shows=86 | Movies=14
[16:48:26] 🚀 SCRIPT STARTED
[16:48:26] [1/324] GCTA
[16:48:26] 🧠 New identity created
[16:48:27] [2/324] TOPN
[16:48:28] [3/324] MCUS
[16:48:29] [4/324] SHRL
[16:48:30] [5/324] UPTP
[16:48:31] [6/324] TMMP
[16:48:31] [7/324] DNRP
[16:48:32] [8/324] SRLT
[16:48:34] [9/324] RCNS
[16:48:34] [10/324] DCBH
[16:48:35] [11/324] NAGJ
[16:48:36] [12/324] JVRC
[16:48:37] [13/324] KRJG
[16:48:38] [14/324] SRTJ
[16:48:39] [15/324] CMXM
[16:48:39] [16/324] STMI
[16:48:40] [17/324] SLST
[16:48:41] [18/324] DTCN
[16:48:42] [19/324] STYN
[16:48:43] [20/324] SZVR
[16:48:44] [21/324] SRKO
[16:48:44] [22/324] JTGT
[16:48:45] [23/324] SVFD
[16:48:46] [24/324] SISD
[16:48:47] [25/324] ABDD
[16:48:48] [26/324] DRCA
[16:48:50] [27/324] AVCS
[16:48:50] [28/324] MVKH
[16:48:51] [29/324] ACPR
[16:48:52] [30/324] STIP
[16:48:53] [31/324] MTRA
[16:48:54] [32/324] RMKH
[16:48:55] [33/324] NKRL
[16:48:55] [34/324] PCWN
[16:48:56] [35/324] BLMT
[16:48:57] [36/324] GDPG
[16:48:58] [37/324] SRMX
[16:48:58] [38/324] JACP
[16:48:59] [39/324] CPSH
[16:49:00] [40/324] MCCD
[16:49:00] [41/324] ECGH
[16:49:01] [42/324] MKCK
[16:49:02] [43/324] SRMM
[16:49:03] [44/324] SKYR
[16:49:04] [45/324] PCKC
[16:49:05] [46/324] JCMA
[16:49:05] [47/324] BSMP
[16:49:06] [48/324] VSPA
[16:49:07] [49/324] DJYA
[16:49:08] [50/324] DIMP
[16:49:09] [51/324] FXDR
[16:49:10] [52/324] SSRC
[16:49:10] [53/324] STHP
[16:49:11] [54/324] CPPD
[16:49:12] [55/324] FCLK
[16:49:13] [56/324] SCPP
[16:49:14] [57/324] DCMJ
[16:49:15] [58/324] RCCR
[16:49:17] [59/324] INMT
[16:49:17] [60/324] LXTK
[16:49:18] [61/324] SRYK
[16:49:19] [62/324] SGDK
[16:49:20] [63/324] PPKA
[16:49:21] [64/324] SPKA
[16:49:21] [65/324] CGHH
[16:49:22] [66/324] DCJN
[16:49:23] [67/324] SRKV
[16:49:24] [68/324] SAJC
[16:49:25] [69/324] SUSR
[16:49:26] [70/324] STYG
[16:49:26] [71/324] NTKP
[16:49:27] [72/324] AKTG
[16:49:28] [73/324] CGCM
[16:49:29] [74/324] TULC
[16:49:31] [75/324] NYYZ
[16:49:33] [76/324] NYBW
[16:49:34] [77/324] MACB
[16:49:35] [78/324] SLVT
[16:49:36] [79/324] SANA
[16:49:37] [80/324] ACMR
[16:49:38] [81/324] CPKN
[16:49:38] [82/324] DLGK
[16:49:39] [83/324] CWCK
[16:49:40] [84/324] FDDH
[16:49:41] [85/324] MMMD
[16:49:41] [86/324] CMEH
[16:49:42] [87/324] GGGV
[16:49:43] [88/324] SPJL
[16:49:44] [89/324] RCCD
[16:49:45] [90/324] STTZ
[16:49:46] [91/324] BTCF
[16:49:47] [92/324] TSTZ
[16:49:47] [93/324] IPMM
[16:49:48] [94/324] PMPW
[16:49:50] [95/324] PCMZ
[16:49:51] [96/324] ESEM
[16:49:52] [97/324] PIPO
[16:49:53] [98/324] MATK
[16:49:53] [99/324] PGHM
[16:49:54] [100/324] CTSR
[16:49:55] [101/324] CYKR
[16:49:57] [102/324] MSCM
[16:49:57] [103/324] RFNP
[16:49:58] [104/324] PDCP
[16:49:59] [105/324] NPSE
[16:50:00] [106/324] MKML
[16:50:01] [107/324] FTDP
[16:50:02] [108/324] MMXA
[16:50:02] [109/324] CEPO
[16:50:03] [110/324] CMVP
[16:50:05] [111/324] SGTH
[16:50:06] [112/324] SAYN
[16:50:07] [113/324] URVS
[16:50:08] [114/324] VJTN
[16:50:09] [115/324] BBYK
[16:50:10] [116/324] SHBO
[16:50:10] [117/324] VCMR
[16:50:12] [118/324] MACT
[16:50:13] [119/324] JMNP
[16:50:14] [120/324] VICS
[16:50:14] [121/324] VCDA
[16:50:15] [122/324] GCMM
[16:50:16] [123/324] INVS
[16:50:17] [124/324] SCGM
[16:50:17] [125/324] PCDA
[16:50:18] [126/324] KDCT
[16:50:20] [127/324] JACS
[16:50:21] [128/324] GMMC
[16:50:22] [129/324] AICM
[16:50:22] [130/324] TJCM
[16:50:23] [131/324] RMTI
[16:50:24] [132/324] SHAC
[16:50:24] [133/324] APJC
[16:50:25] [134/324] GCTG
[16:50:27] [135/324] SSMC
[16:50:28] [136/324] THRM
[16:50:29] [137/324] RBCT
[16:50:31] [138/324] DIKT
[16:50:32] [139/324] MIDL
[16:50:34] [140/324] VCSN
[16:50:34] [141/324] SKTG
[16:50:35] [142/324] SMWC
[16:50:36] [143/324] MNKH
[16:50:37] [144/324] PIAT
[16:50:38] [145/324] LTTP
[16:50:39] [146/324] PTPU
[16:50:39] [147/324] ACMG
[16:50:40] [148/324] SHMM
[16:50:41] [149/324] MCMN
[16:50:42] [150/324] GLDC
[16:50:43] [151/324] HOUT
[16:50:44] [152/324] SVRP
[16:50:44] [153/324] PVDN
[16:50:45] [154/324] SCPY
[16:50:46] [155/324] DTPY
[16:50:47] [156/324] GKCS
[16:50:47] [157/324] NCAM
[16:50:48] [158/324] BSRM
[16:50:49] [159/324] RCLC
[16:50:50] [160/324] SKKD
[16:50:51] [161/324] ACHU
[16:50:52] [162/324] RSCF
[16:50:52] [163/324] IMSH
[16:50:53] [164/324] MACX
[16:50:54] [165/324] HMMW
[16:50:55] [166/324] JTCP
[16:50:56] [167/324] SREN
[16:50:57] [168/324] PJRR
[16:50:58] [169/324] INAC
[16:50:59] [170/324] BMCA
[16:51:00] [171/324] SHCB
[16:51:01] [172/324] GABA
[16:51:02] [173/324] SBCT
[16:51:02] [174/324] GCMA
[16:51:03] [175/324] MYTK
[16:51:04] [176/324] INZS
[16:51:05] [177/324] RMIK
[16:51:06] [178/324] NYCH
[16:51:07] [179/324] RAVE
[16:51:08] [180/324] PSXM
[16:51:08] [181/324] MCGP
[16:51:09] [182/324] PDDK
[16:51:10] [183/324] SPCK
[16:51:11] [184/324] MCRL
[16:51:12] [185/324] MHKT
[16:51:12] [186/324] ANRR
[16:51:13] [187/324] SAPK
[16:51:14] [188/324] NCUK
[16:51:15] [189/324] JUGA
[16:51:16] [190/324] DBSC
[16:51:17] [191/324] LALK
[16:51:18] [192/324] GUCK
[16:51:19] [193/324] STSG
[16:51:21] [194/324] PPPZ
[16:51:22] [195/324] CNCY
[16:51:23] [196/324] MTAR
[16:51:24] [197/324] VNKD
[16:51:25] [198/324] KMAJ
[16:51:25] [199/324] ACXK
[16:51:27] [200/324] UTKC
[16:51:28] [201/324] PBLK
[16:51:29] [202/324] ACBX
[16:51:30] [203/324] PTGM
[16:51:31] [204/324] BTDA
[16:51:32] [205/324] PJMB
[16:51:33] [206/324] TPDA
[16:51:34] [207/324] AMOE
[16:51:34] [208/324] PRHT
[16:51:35] [209/324] PRTA
[16:51:36] [210/324] STAM
[16:51:37] [211/324] MSAA
[16:51:38] [212/324] SDLU
[16:51:38] [213/324] RCHH
[16:51:39] [214/324] KANT
[16:51:40] [215/324] FCRT
[16:51:41] [216/324] DNKM
[16:51:41] [217/324] RYCP
[16:51:42] [218/324] MYRP
[16:51:43] [219/324] PPAK
[16:51:44] [220/324] NVPK
[16:51:45] [221/324] PRMC
[16:51:46] [222/324] JBCS
[16:51:46] [223/324] GXCK
[16:51:47] [224/324] USKO
[16:51:48] [225/324] GTEM
[16:51:49] [226/324] SMBU
[16:51:49] [227/324] VETC
[16:51:50] [228/324] LCDA
[16:51:51] [229/324] MTVT
[16:51:52] [230/324] PYCP
[16:51:53] [231/324] PNSC
[16:51:54] [232/324] PPCC
[16:51:55] [233/324] TGRT
[16:51:55] [234/324] JYOT
[16:51:56] [235/324] SRCZ
[16:51:57] [236/324] SJTE
[16:51:58] [237/324] DESC
[16:51:58] [238/324] JHVN
[16:52:00] [239/324] IPSG
[16:52:01] [240/324] IPCM
[16:52:02] [241/324] PDRS
[16:52:03] [242/324] ANCV
[16:52:04] [243/324] CMVV
[16:52:04] [244/324] SHYP
[16:52:05] [245/324] DNCS
[16:52:06] [246/324] GAJK
[16:52:07] [247/324] AKTN
[16:52:08] [248/324] KAYA
[16:52:09] [249/324] SBRC
[16:52:09] [250/324] CHTP
[16:52:10] [251/324] SHRT
[16:52:11] [252/324] BCKU
[16:52:12] [253/324] FCPS
[16:52:14] [254/324] ARDD
[16:52:15] [255/324] CPCM
[16:52:16] [256/324] CGSM
[16:52:16] [257/324] PSMP
[16:52:17] [258/324] SDAL
[16:52:19] [259/324] RTNB
[16:52:19] [260/324] LMCR
[16:52:20] [261/324] CIMA
[16:52:21] [262/324] RNAS
[16:52:22] [263/324] LITH
[16:52:23] [264/324] PBOX
[16:52:24] [265/324] FRTS
[16:52:25] [266/324] RKIC
[16:52:26] [267/324] PTAI
[16:52:27] [268/324] GCIC
[16:52:28] [269/324] FNAS
[16:52:30] [270/324] SCAR
[16:52:31] [271/324] MTCA
[16:52:32] [272/324] SCTS
[16:52:32] [273/324] SYCS
[16:52:33] [274/324] RDMS
[16:52:34] [275/324] KAMP
[16:52:35] [276/324] ERSD
[16:52:36] [277/324] MJMJ
[16:52:36] [278/324] SRCJ
[16:52:38] [279/324] SCXE
[16:52:39] [280/324] SVFR
[16:52:40] [281/324] BHCS
[16:52:41] [282/324] IMCC
[16:52:42] [283/324] PCBO
[16:52:43] [284/324] PRVN
[16:52:45] [285/324] AUPM
[16:52:46] [286/324] INBW
[16:52:46] [287/324] SVCW
[16:52:48] [288/324] RKCF
[16:52:49] [289/324] UVBH
[16:52:50] [290/324] DNCY
[16:52:50] [291/324] ABCN
[16:52:51] [292/324] PRUR
[16:52:52] [293/324] PFMR
[16:52:53] [294/324] RKCN
[16:52:54] [295/324] CFEA
[16:52:55] [296/324] SDBG
[16:52:56] [297/324] SNAR
[16:52:57] [298/324] YISI
[16:52:58] [299/324] JCFF
[16:52:59] [300/324] VTRK
[16:53:00] [301/324] PCLZ
[16:53:01] [302/324] DIMY
[16:53:01] [303/324] BBTS
[16:53:02] [304/324] GATH
[16:53:03] [305/324] GTMN
[16:53:04] [306/324] VTMH
[16:53:05] [307/324] CCKP
[16:53:06] [308/324] GPKA
[16:53:06] [309/324] MHCL
[16:53:07] [310/324] ATCL
[16:53:08] [311/324] SBCK
[16:53:09] [312/324] AMMR
[16:53:10] [313/324] MADC
[16:53:11] [314/324] TMMA
[16:53:11] [315/324] CACC
[16:53:12] [316/324] CHAL
[16:53:13] [317/324] DURG
[16:53:14] [318/324] GMKU
[16:53:15] [319/324] GECA
[16:53:15] [320/324] KYRR
[16:53:17] [321/324] KSDE
[16:53:18] [322/324] LMCI
[16:53:19] [323/324] NKCP
[16:53:20] [324/324] BGTC
[16:53:21] 🧹 Deduping shows
[16:53:21] ✅ DONE | Shows=173 | Movies=25
