[10:02:14] 🚀 SCRIPT STARTED
[10:02:14] [1/445] TGMR
[10:02:14] 🧠 New identity created
[10:02:15] [2/445] CXKR
[10:02:17] [3/445] SROP
[10:02:17] [4/445] GTSV
[10:02:18] [5/445] SNTY
[10:02:19] [6/445] SMYY
[10:02:20] [7/445] CNCS
[10:02:20] [8/445] CSTM
[10:02:21] [9/445] NUCD
[10:02:22] [10/445] SHCZ
[10:02:23] [11/445] NJCT
[10:02:24] [12/445] COPC
[10:02:25] [13/445] STVV
[10:02:27] [14/445] SKRN
[10:02:28] [15/445] APPZ
[10:02:29] [16/445] YMGN
[10:02:30] [17/445] SVTU
[10:02:31] [18/445] GTAD
[10:02:31] [19/445] PSUS
[10:02:32] [20/445] SMCD
[10:02:33] [21/445] CMCM
[10:02:33] [22/445] SYCT
[10:02:34] [23/445] STLY
[10:02:35] [24/445] CMHU
[10:02:36] [25/445] CMSA
[10:02:37] [26/445] CLCU
[10:02:37] [27/445] PPNT
[10:02:38] [28/445] JTAB
[10:02:39] [29/445] BUUC
[10:02:40] [30/445] BSVK
[10:02:41] [31/445] VVVQ
[10:02:41] [32/445] TKMU
[10:02:42] [33/445] ESYL
[10:02:43] [34/445] ACHP
[10:02:45] [35/445] BTKD
[10:02:45] [36/445] DESA
[10:02:46] [37/445] GBCT
[10:02:47] [38/445] BLLD
[10:02:48] [39/445] SKNT
[10:02:49] [40/445] SSTE
[10:02:50] [41/445] VJMR
[10:02:50] [42/445] NTPU
[10:02:52] [43/445] RDKN
[10:02:53] [44/445] ADGC
[10:02:54] [45/445] VRBP
[10:02:55] [46/445] NMNA
[10:02:56] [47/445] CMMX
[10:02:57] [48/445] PTKO
[10:02:57] [49/445] RBML
[10:02:58] [50/445] SAIC
[10:02:59] [51/445] SVTJ
[10:03:00] [52/445] MRTE
[10:03:01] [53/445] RBTP
[10:03:02] [54/445] NLPS
[10:03:02] [55/445] GTNA
[10:03:03] [56/445] DGGC
[10:03:04] [57/445] SMCR
[10:03:05] [58/445] SCGD
[10:03:06] [59/445] SRRJ
[10:03:07] [60/445] CNRY
[10:03:08] [61/445] KTDI
[10:03:09] [62/445] SNJL
[10:03:10] [63/445] RKMD
[10:03:11] [64/445] SMDC
[10:03:12] [65/445] TADG
[10:03:13] [66/445] MCGS
[10:03:14] [67/445] PETK
[10:03:15] [68/445] CHAG
[10:03:16] [69/445] KSTL
[10:03:17] [70/445] AADS
[10:03:18] [71/445] NTHZ
[10:03:18] [72/445] HCKI
[10:03:19] [73/445] SSEF
[10:03:20] [74/445] MCGX
[10:03:21] [75/445] ERRA
[10:03:22] [76/445] SDTW
[10:03:23] [77/445] RMPK
[10:03:24] [78/445] PTHK
[10:03:25] [79/445] PXCS
[10:03:25] [80/445] SVLU
[10:03:26] [81/445] STAH
[10:03:27] [82/445] JRGF
[10:03:28] [83/445] CDOK
[10:03:29] [84/445] CMSG
[10:03:30] [85/445] APTD
[10:03:31] [86/445] KMPG
[10:03:32] [87/445] MUTJ
[10:03:33] [88/445] VCCI
[10:03:34] [89/445] URBE
[10:03:36] [90/445] TCTS
[10:03:37] [91/445] STSN
[10:03:38] [92/445] AKCH
[10:03:39] [93/445] APSC
[10:03:40] [94/445] VLTB
[10:03:40] [95/445] SANU
[10:03:41] [96/445] AXAM
[10:03:42] [97/445] MGMG
[10:03:43] [98/445] HTBY
[10:03:44] [99/445] MMZS
[10:03:45] [100/445] SUDR
[10:03:46] [101/445] CCAD
[10:03:47] [102/445] SKKC
[10:03:48] [103/445] RMCD
[10:03:49] [104/445] SBCQ
[10:03:50] [105/445] DCCT
[10:03:51] [106/445] VTKP
[10:03:51] [107/445] MLAM
[10:03:52] [108/445] SAVT
[10:03:53] [109/445] GEPL
[10:03:54] [110/445] AMCD
[10:03:55] [111/445] CCXR
[10:03:56] [112/445] GRNG
[10:03:56] [113/445] EBCA
[10:03:57] [114/445] CNVG
[10:03:59] [115/445] MWSS
[10:04:00] [116/445] VBOR
[10:04:00] [117/445] NEEB
[10:04:01] [118/445] SUTH
[10:04:02] [119/445] ANDB
[10:04:03] [120/445] MMXS
[10:04:04] [121/445] CNPD
[10:04:05] [122/445] SDCE
[10:04:06] [123/445] DHCB
[10:04:06] [124/445] ODEN
[10:04:07] [125/445] TNTC
[10:04:08] [126/445] VBKM
[10:04:09] [127/445] RZYM
[10:04:10] [128/445] JEMC
[10:04:11] [129/445] CMAU
[10:04:12] [130/445] SIVP
[10:04:13] [131/445] ATAG
[10:04:14] [132/445] CHTM
[10:04:15] [133/445] AAEE
[10:04:16] [134/445] IWPM
[10:04:16] [135/445] KCMW
[10:04:17] [136/445] MCTD
[10:04:18] [137/445] SPWR
[10:04:19] [138/445] SDPO
[10:04:19] [139/445] PCSK
[10:04:20] [140/445] ACHV
[10:04:21] [141/445] SVLA
[10:04:22] [142/445] PICT
[10:04:23] [143/445] BXDR
[10:04:24] [144/445] SPWA
[10:04:25] [145/445] MCKO
[10:04:25] [146/445] RTHK
[10:04:26] [147/445] CCMF
[10:04:27] [148/445] MRGB
[10:04:28] [149/445] CPLC
[10:04:28] [150/445] RACD
[10:04:29] [151/445] ATKT
[10:04:30] [152/445] SARN
[10:04:32] [153/445] KKUI
[10:04:33] [154/445] RGCM
[10:04:34] [155/445] BRVP
[10:04:34] [156/445] HRSR
[10:04:35] [157/445] GKGM
[10:04:36] [158/445] TTCD
[10:04:37] [159/445] PTTI
[10:04:38] [160/445] MPTT
[10:04:39] [161/445] CVTT
[10:04:39] [162/445] PCXD
[10:04:40] [163/445] GCDC
[10:04:41] [164/445] CCCF
[10:04:42] [165/445] MRAD
[10:04:43] [166/445] CPLK
[10:04:43] [167/445] SATB
[10:04:44] [168/445] SNVG
[10:04:45] [169/445] JMBA
[10:04:46] [170/445] TEJA
[10:04:47] [171/445] STYO
[10:04:48] [172/445] JTBP
[10:04:49] [173/445] KRGD
[10:04:49] [174/445] SLJJ
[10:04:50] [175/445] SPTJ
[10:04:52] [176/445] SWJG
[10:04:53] [177/445] LKRT
[10:04:53] [178/445] KCKA
[10:04:54] [179/445] SNCR
[10:04:55] [180/445] SMKL
[10:04:56] [181/445] GCFA
[10:04:57] [182/445] DDCK
[10:04:58] [183/445] NCHJ
[10:04:59] [184/445] RDMA
[10:05:00] [185/445] SVSV
[10:05:02] [186/445] SCJG
[10:05:03] [187/445] VKLP
[10:05:04] [188/445] NWCC
[10:05:04] [189/445] VKNS
[10:05:05] [190/445] SDDP
[10:05:06] [191/445] ACSI
[10:05:07] [192/445] SATG
[10:05:08] [193/445] SCMW
[10:05:09] [194/445] LKTK
[10:05:09] [195/445] VCKV
[10:05:10] [196/445] KKPE
[10:05:11] [197/445] KIGH
[10:05:12] [198/445] SRPM
[10:05:13] [199/445] SCAH
[10:05:14] [200/445] MUTA
[10:05:15] [201/445] SEPU
[10:05:16] [202/445] INOA
[10:05:16] [203/445] BASK
[10:05:17] [204/445] NECB
[10:05:18] [205/445] GTTG
[10:05:19] [206/445] ASSA
[10:05:20] [207/445] ANCL
[10:05:21] [208/445] GCTI
[10:05:21] [209/445] RCTS
[10:05:22] [210/445] ACNL
[10:05:23] [211/445] MYCT
[10:05:25] [212/445] NMHT
[10:05:26] [213/445] MDIT
[10:05:26] [214/445] LATG
[10:05:27] [215/445] SMTY
[10:05:28] [216/445] CVCT
[10:05:29] [217/445] RAMB
[10:05:30] [218/445] TGMS
[10:05:31] [219/445] BHEL
[10:05:32] [220/445] SHCT
[10:05:33] [221/445] SVCT
[10:05:34] [222/445] MRIY
[10:05:34] [223/445] SARO
[10:05:35] [224/445] STCT
[10:05:36] [225/445] JKKC
[10:05:37] [226/445] PLTT
[10:05:38] [227/445] SRNT
[10:05:39] [228/445] YAST
[10:05:40] [229/445] PERL
[10:05:41] [230/445] CICM
[10:05:42] [231/445] MMTR
[10:05:43] [232/445] ABTK
[10:05:44] [233/445] ATYY
[10:05:45] [234/445] ASTK
[10:05:46] [235/445] VVCK
[10:05:47] [236/445] ATKY
[10:05:47] [237/445] GWEK
[10:05:48] [238/445] SVFH
[10:05:49] [239/445] SLTA
[10:05:50] [240/445] AASH
[10:05:51] [241/445] ACXB
[10:05:52] [242/445] SMTX
[10:05:52] [243/445] AZDH
[10:05:53] [244/445] CMMH
[10:05:54] [245/445] SCSZ
[10:05:55] [246/445] SCKP
[10:05:55] [247/445] NXTM
[10:05:56] [248/445] NWCS
[10:05:57] [249/445] CXMH
[10:05:58] [250/445] PCMA
[10:05:59] [251/445] SGCM
[10:05:59] [252/445] SDTU
[10:06:00] [253/445] MMVI
[10:06:01] [254/445] JKCM
[10:06:02] [255/445] VCMM
[10:06:03] [256/445] SYEE
[10:06:04] [257/445] VASD
[10:06:05] [258/445] BDRB
[10:06:06] [259/445] LASM
[10:06:07] [260/445] DCRL
[10:06:07] [261/445] DVPM
[10:06:08] [262/445] SBMJ
[10:06:09] [263/445] CBMU
[10:06:10] [264/445] IUBS
[10:06:11] [265/445] INAP
[10:06:11] [266/445] SRRC
[10:06:12] [267/445] SAGR
[10:06:13] [268/445] CPMJ
[10:06:14] [269/445] ATJL
[10:06:15] [270/445] NNTD
[10:06:16] [271/445] JHCJ
[10:06:17] [272/445] CMMP
[10:06:18] [273/445] RSDR
[10:06:19] [274/445] AMTI
[10:06:19] [275/445] NYSG
[10:06:20] [276/445] AVSG
[10:06:21] [277/445] SYTP
[10:06:22] [278/445] LARC
[10:06:23] [279/445] RJTP
[10:06:24] [280/445] LAKC
[10:06:24] [281/445] MCXE
[10:06:25] [282/445] CCZC
[10:06:26] [283/445] AVCH
[10:06:27] [284/445] CMBE
[10:06:28] [285/445] MRRC
[10:06:29] [286/445] PCPY
[10:06:29] [287/445] SRMH
[10:06:30] [288/445] SVGS
[10:06:31] [289/445] PCSE
[10:06:32] [290/445] SVFT
[10:06:33] [291/445] TNZP
[10:06:34] [292/445] ICTP
[10:06:34] [293/445] ACTZ
[10:06:35] [294/445] GTUR
[10:06:36] [295/445] MAFC
[10:06:37] [296/445] MINL
[10:06:37] [297/445] MRCL
[10:06:38] [298/445] RCRP
[10:06:39] [299/445] RFFG
[10:06:40] [300/445] RMAS
[10:06:41] [301/445] INVR
[10:06:42] [302/445] RMAR
[10:06:42] [303/445] CNIS
[10:06:43] [304/445] RHRJ
[10:06:44] [305/445] INXR
[10:06:45] [306/445] VALT
[10:06:46] [307/445] LCSH
[10:06:46] [308/445] CMVS
[10:06:47] [309/445] CNMS
[10:06:48] [310/445] ROOG
[10:06:49] [311/445] ISRM
[10:06:50] [312/445] RCRM
[10:06:51] [313/445] ACJA
[10:06:52] [314/445] RCVS
[10:06:52] [315/445] CPUS
[10:06:53] [316/445] TGCS
[10:06:54] [317/445] RKCJ
[10:06:55] [318/445] MKSB
[10:06:56] [319/445] TCSJ
[10:06:56] [320/445] RMGP
[10:06:57] [321/445] CLLP
[10:06:58] [322/445] RCMV
[10:06:59] [323/445] CCKS
[10:06:59] [324/445] RSRP
[10:07:00] [325/445] APLP
[10:07:01] [326/445] CNVS
[10:07:03] [327/445] RMVY
[10:07:03] [328/445] PGBD
[10:07:04] [329/445] KLMS
[10:07:05] [330/445] RUST
[10:07:06] [331/445] MASM
[10:07:07] [332/445] BACS
[10:07:08] [333/445] BWST
[10:07:08] [334/445] RRFH
[10:07:10] [335/445] SJTM
[10:07:11] [336/445] BEMR
[10:07:11] [337/445] MCGR
[10:07:13] [338/445] SDSK
[10:07:13] [339/445] VBOL
[10:07:14] [340/445] RMGM
[10:07:15] [341/445] NOPL
[10:07:16] [342/445] MKJK
[10:07:17] [343/445] CVRN
[10:07:18] [344/445] MMEN
[10:07:19] [345/445] AMNG
[10:07:19] [346/445] INTM
[10:07:20] [347/445] SLCZ
[10:07:21] [348/445] AMJN
[10:07:21] [349/445] ACJN
[10:07:22] [350/445] AMKN
[10:07:23] [351/445] BTCN
[10:07:24] [352/445] AMBT
[10:07:24] [353/445] PACN
[10:07:25] [354/445] LCNS
[10:07:26] [355/445] PPKC
[10:07:27] [356/445] JYYN
[10:07:28] [357/445] JTNR
[10:07:28] [358/445] GTEE
[10:07:29] [359/445] SRNM
[10:07:30] [360/445] SDTC
[10:07:31] [361/445] VPCA
[10:07:32] [362/445] VLRA
[10:07:32] [363/445] SHKR
[10:07:33] [364/445] SBKD
[10:07:34] [365/445] SAAD
[10:07:35] [366/445] JTGN
[10:07:36] [367/445] SLAM
[10:07:37] [368/445] VTPM
[10:07:38] [369/445] ANPT
[10:07:39] [370/445] PUNB
[10:07:39] [371/445] CPKT
[10:07:40] [372/445] CNWE
[10:07:42] [373/445] ECPP
[10:07:43] [374/445] CPAR
[10:07:43] [375/445] ESBW
[10:07:44] [376/445] PKPU
[10:07:45] [377/445] CPRP
[10:07:46] [378/445] RAHU
[10:07:47] [379/445] RHMN
[10:07:48] [380/445] FMJP
[10:07:49] [381/445] CTMP
[10:07:50] [382/445] INPN
[10:07:51] [383/445] STTG
[10:07:52] [384/445] CTRD
[10:07:52] [385/445] PUVB
[10:07:53] [386/445] ESVP
[10:07:54] [387/445] CPFT
[10:07:55] [388/445] LCPC
[10:07:56] [389/445] VBCT
[10:07:57] [390/445] FSCW
[10:07:57] [391/445] VCMP
[10:07:58] [392/445] ASHC
[10:07:59] [393/445] VLCX
[10:08:00] [394/445] SHEV
[10:08:01] [395/445] APCO
[10:08:01] [396/445] SILC
[10:08:02] [397/445] SNMR
[10:08:03] [398/445] KYBO
[10:08:04] [399/445] SATK
[10:08:05] [400/445] SSCS
[10:08:06] [401/445] CLSB
[10:08:06] [402/445] KMJR
[10:08:07] [403/445] FSCK
[10:08:08] [404/445] NNKA
[10:08:09] [405/445] CLMK
[10:08:10] [406/445] DMPZ
[10:08:11] [407/445] INQM
[10:08:11] [408/445] CAML
[10:08:12] [409/445] INRK
[10:08:13] [410/445] IMKN
[10:08:14] [411/445] SVNR
[10:08:15] [412/445] INSL
[10:08:16] [413/445] MSMA
[10:08:17] [414/445] MCKK
[10:08:17] [415/445] FCHP
[10:08:18] [416/445] SFCR
[10:08:19] [417/445] NACK
[10:08:20] [418/445] PVAK
[10:08:20] [419/445] INER
[10:08:21] [420/445] RDBK
[10:08:22] [421/445] SVFN
[10:08:23] [422/445] IFRM
[10:08:24] [423/445] ATCK
[10:08:25] [424/445] ASKO
[10:08:25] [425/445] STKT
[10:08:27] [426/445] SVFB
[10:08:28] [427/445] INKS
[10:08:30] [428/445] PCRA
[10:08:31] [429/445] ATJA
[10:08:32] [430/445] IMJN
[10:08:33] [431/445] INHD
[10:08:34] [432/445] BARA
[10:08:35] [433/445] MCSL
[10:08:36] [434/445] RTOY
[10:08:36] [435/445] MENO
[10:08:37] [436/445] PUDM
[10:08:38] [437/445] PRCN
[10:08:39] [438/445] JMJR
[10:08:41] [439/445] SSGK
[10:08:42] [440/445] SSRL
[10:08:42] [441/445] JYKL
[10:08:43] [442/445] ACNB
[10:08:44] [443/445] SONP
[10:08:45] [444/445] EMCI
[10:08:46] [445/445] MRJH
[10:08:47] 🧹 Deduping shows
[10:08:47] ✅ DONE | Shows=601 | Movies=47
