[10:02:18] 🚀 SCRIPT STARTED
[10:02:18] [1/459] NECA
[10:02:18] 🧠 New identity created
[10:02:20] [2/459] BJLC
[10:02:21] [3/459] BASU
[10:02:22] [4/459] RUPI
[10:02:22] [5/459] LCBK
[10:02:23] [6/459] PMAC
[10:02:24] [7/459] AMLC
[10:02:25] [8/459] LICL
[10:02:26] [9/459] UDMM
[10:02:27] [10/459] STBZ
[10:02:28] [11/459] UUBT
[10:02:28] [12/459] SJKC
[10:02:29] [13/459] TUAL
[10:02:30] [14/459] MRSE
[10:02:31] [15/459] RMRK
[10:02:32] [16/459] TTKP
[10:02:32] [17/459] KTKO
[10:02:33] [18/459] SDBK
[10:02:34] [19/459] MCPR
[10:02:35] [20/459] CHTI
[10:02:36] [21/459] GCCP
[10:02:37] [22/459] SRMY
[10:02:38] [23/459] NYST
[10:02:38] [24/459] NYAG
[10:02:40] [25/459] SBMT
[10:02:41] [26/459] INGA
[10:02:42] [27/459] WSIC
[10:02:42] [28/459] SCSS
[10:02:43] [29/459] COPG
[10:02:44] [30/459] RCGR
[10:02:45] [31/459] TCZA
[10:02:46] [32/459] CNLP
[10:02:47] [33/459] CLKN
[10:02:48] [34/459] LHDF
[10:02:49] [35/459] ELKC
[10:02:50] [36/459] VCEM
[10:02:51] [37/459] SSZA
[10:02:52] [38/459] KRMT
[10:02:53] [39/459] LCMV
[10:02:54] [40/459] AYCZ
[10:02:55] [41/459] CUMS
[10:02:55] [42/459] BOCK
[10:02:56] [43/459] PNMR
[10:02:57] [44/459] PJCP
[10:02:58] [45/459] JDDD
[10:02:59] [46/459] STMS
[10:03:00] [47/459] FLMB
[10:03:01] [48/459] PKCM
[10:03:02] [49/459] SPPR
[10:03:03] [50/459] EYLH
[10:03:04] [51/459] RJCC
[10:03:05] [52/459] MMPS
[10:03:06] [53/459] SHMX
[10:03:08] [54/459] CCNL
[10:03:08] [55/459] RCNV
[10:03:09] [56/459] MAAG
[10:03:10] [57/459] LXCM
[10:03:12] [58/459] RCNI
[10:03:13] [59/459] SNNI
[10:03:14] [60/459] LALC
[10:03:14] [61/459] SOCN
[10:03:15] [62/459] JHTP
[10:03:16] [63/459] PITP
[10:03:17] [64/459] CCKW
[10:03:18] [65/459] MCMC
[10:03:19] [66/459] DEES
[10:03:19] [67/459] SABT
[10:03:21] [68/459] VSPP
[10:03:22] [69/459] ABCT
[10:03:23] [70/459] JVTB
[10:03:24] [71/459] VCBD
[10:03:25] [72/459] RMGG
[10:03:26] [73/459] RNMH
[10:03:27] [74/459] SPGL
[10:03:28] [75/459] JTTR
[10:03:29] [76/459] SICS
[10:03:30] [77/459] SRMI
[10:03:30] [78/459] SSIJ
[10:03:31] [79/459] KFMT
[10:03:32] [80/459] VBIT
[10:03:33] [81/459] JKCT
[10:03:34] [82/459] GCGP
[10:03:34] [83/459] GDCS
[10:03:35] [84/459] TRBA
[10:03:36] [85/459] QUST
[10:03:37] [86/459] VSHM
[10:03:38] [87/459] SDCP
[10:03:39] [88/459] SNVS
[10:03:40] [89/459] NYTO
[10:03:41] [90/459] URWC
[10:03:42] [91/459] GTWH
[10:03:43] [92/459] PFCM
[10:03:44] [93/459] KRTA
[10:03:45] [94/459] AXMC
[10:03:46] [95/459] EVMC
[10:03:47] [96/459] HGSM
[10:03:49] [97/459] ACVM
[10:03:49] [98/459] PSKL
[10:03:50] [99/459] RDMP
[10:03:51] [100/459] RHGH
[10:03:52] [101/459] OMCM
[10:03:53] [102/459] DCCP
[10:03:54] [103/459] MCPB
[10:03:55] [104/459] ALCI
[10:03:55] [105/459] BLMX
[10:03:56] [106/459] BTMV
[10:03:58] [107/459] FVPN
[10:03:59] [108/459] CMAR
[10:03:59] [109/459] CEIM
[10:04:00] [110/459] CMVA
[10:04:01] [111/459] CPIV
[10:04:02] [112/459] CNPE
[10:04:03] [113/459] COLV
[10:04:04] [114/459] DNNV
[10:04:05] [115/459] HCAD
[10:04:06] [116/459] TAKA
[10:04:06] [117/459] INVD
[10:04:07] [118/459] IRMM
[10:04:08] [119/459] INSE
[10:04:09] [120/459] MRSW
[10:04:10] [121/459] MCVD
[10:04:11] [122/459] MCSO
[10:04:11] [123/459] PEVM
[10:04:12] [124/459] PVNL
[10:04:13] [125/459] PTCV
[10:04:14] [126/459] PRTC
[10:04:14] [127/459] RCVA
[10:04:15] [128/459] MTBN
[10:04:16] [129/459] LUCP
[10:04:17] [130/459] FMPT
[10:04:19] [131/459] JLSL
[10:04:20] [132/459] SBHA
[10:04:20] [133/459] SHRC
[10:04:21] [134/459] AVPS
[10:04:22] [135/459] STPM
[10:04:24] [136/459] ATRD
[10:04:26] [137/459] VTED
[10:04:26] [138/459] ACAI
[10:04:27] [139/459] SMAE
[10:04:28] [140/459] VMAT
[10:04:29] [141/459] LKCT
[10:04:30] [142/459] JTVK
[10:04:31] [143/459] PRTY
[10:04:31] [144/459] GETT
[10:04:32] [145/459] ESAP
[10:04:34] [146/459] NCPM
[10:04:35] [147/459] PCPA
[10:04:35] [148/459] MMOM
[10:04:37] [149/459] PHUP
[10:04:38] [150/459] CCPI
[10:04:39] [151/459] CNTD
[10:04:40] [152/459] NLJR
[10:04:41] [153/459] SRNG
[10:04:41] [154/459] MHAL
[10:04:42] [155/459] PNSM
[10:04:43] [156/459] DRMY
[10:04:44] [157/459] CCMU
[10:04:45] [158/459] SCMY
[10:04:45] [159/459] PVSY
[10:04:46] [160/459] SDLM
[10:04:47] [161/459] ICCM
[10:04:49] [162/459] PYSU
[10:04:49] [163/459] GATM
[10:04:51] [164/459] WOTM
[10:04:52] [165/459] RKTS
[10:04:52] [166/459] PMTY
[10:04:53] [167/459] LYMS
[10:04:54] [168/459] TGCA
[10:04:55] [169/459] DSTA
[10:04:55] [170/459] CNGE
[10:04:56] [171/459] VSTG
[10:04:57] [172/459] GTCK
[10:04:58] [173/459] TGNT
[10:04:59] [174/459] ASLC
[10:05:00] [175/459] SSST
[10:05:01] [176/459] KBTT
[10:05:01] [177/459] HKCP
[10:05:02] [178/459] SWLC
[10:05:03] [179/459] RTND
[10:05:04] [180/459] PKKT
[10:05:05] [181/459] HSTK
[10:05:06] [182/459] SPTT
[10:05:06] [183/459] IMPM
[10:05:07] [184/459] SCMV
[10:05:08] [185/459] SPCT
[10:05:09] [186/459] JBCA
[10:05:10] [187/459] ATTR
[10:05:11] [188/459] SPMT
[10:05:11] [189/459] LCTM
[10:05:12] [190/459] SCVL
[10:05:13] [191/459] SCVT
[10:05:14] [192/459] KRIC
[10:05:15] [193/459] CTMG
[10:05:16] [194/459] ACNC
[10:05:17] [195/459] DMCK
[10:05:18] [196/459] KMTV
[10:05:19] [197/459] PFCJ
[10:05:20] [198/459] VNMD
[10:05:21] [199/459] VPCZ
[10:05:21] [200/459] SRYR
[10:05:22] [201/459] SYTR
[10:05:23] [202/459] GATR
[10:05:24] [203/459] URTR
[10:05:25] [204/459] MKSM
[10:05:27] [205/459] VSMH
[10:05:27] [206/459] SKRJ
[10:05:28] [207/459] SSJR
[10:05:30] [208/459] SVSM
[10:05:31] [209/459] RUCM
[10:05:32] [210/459] PRKN
[10:05:32] [211/459] RROH
[10:05:33] [212/459] SCTN
[10:05:35] [213/459] RTDM
[10:05:36] [214/459] ASRM
[10:05:37] [215/459] SKMD
[10:05:37] [216/459] SUTD
[10:05:38] [217/459] SADM
[10:05:39] [218/459] WCNR
[10:05:40] [219/459] CNED
[10:05:41] [220/459] MPDB
[10:05:41] [221/459] KTBH
[10:05:42] [222/459] IDRM
[10:05:44] [223/459] PJJT
[10:05:45] [224/459] PFCV
[10:05:47] [225/459] AACT
[10:05:48] [226/459] AAAD
[10:05:49] [227/459] ANES
[10:05:50] [228/459] MNCA
[10:05:51] [229/459] RMGU
[10:05:51] [230/459] DLCN
[10:05:52] [231/459] LJWT
[10:05:53] [232/459] MCBG
[10:05:54] [233/459] MYBG
[10:05:55] [234/459] GCCA
[10:05:56] [235/459] GCGA
[10:05:56] [236/459] ECGN
[10:05:57] [237/459] PRAB
[10:05:58] [238/459] PNMP
[10:06:00] [239/459] GCPT
[10:06:01] [240/459] ROYN
[10:06:02] [241/459] VATM
[10:06:03] [242/459] KSNT
[10:06:03] [243/459] ACTC
[10:06:04] [244/459] PLTD
[10:06:05] [245/459] SKMK
[10:06:06] [246/459] CMTT
[10:06:08] [247/459] SMXP
[10:06:08] [248/459] SCMX
[10:06:09] [249/459] ACXN
[10:06:10] [250/459] ASWT
[10:06:11] [251/459] VVVL
[10:06:12] [252/459] NAGO
[10:06:12] [253/459] SNCN
[10:06:13] [254/459] MCKP
[10:06:14] [255/459] SAMO
[10:06:16] [256/459] JBTV
[10:06:17] [257/459] DCVV
[10:06:18] [258/459] KMSV
[10:06:19] [259/459] KDCN
[10:06:19] [260/459] CNCP
[10:06:20] [261/459] HAMC
[10:06:21] [262/459] CCVZ
[10:06:22] [263/459] NCCK
[10:06:22] [264/459] MCHR
[10:06:23] [265/459] SCHT
[10:06:24] [266/459] ESSH
[10:06:25] [267/459] CUJC
[10:06:26] [268/459] PECP
[10:06:26] [269/459] PMMI
[10:06:27] [270/459] PCCH
[10:06:28] [271/459] PRPM
[10:06:29] [272/459] PVKL
[10:06:30] [273/459] CBSM
[10:06:31] [274/459] PVCZ
[10:06:31] [275/459] PCVV
[10:06:32] [276/459] CTMJ
[10:06:33] [277/459] RCPS
[10:06:34] [278/459] PCIT
[10:06:34] [279/459] FNCH
[10:06:35] [280/459] INZD
[10:06:36] [281/459] INPC
[10:06:37] [282/459] LCZP
[10:06:38] [283/459] SMCB
[10:06:38] [284/459] PTSB
[10:06:39] [285/459] TPSI
[10:06:40] [286/459] KHMJ
[10:06:41] [287/459] RCCJ
[10:06:42] [288/459] NCJA
[10:06:43] [289/459] NCJN
[10:06:44] [290/459] BTDP
[10:06:45] [291/459] PADY
[10:06:46] [292/459] NYBH
[10:06:47] [293/459] MTBR
[10:06:48] [294/459] KRBC
[10:06:49] [295/459] DKTI
[10:06:49] [296/459] ANAN
[10:06:50] [297/459] INBP
[10:06:51] [298/459] PATB
[10:06:52] [299/459] RGNT
[10:06:53] [300/459] CGPM
[10:06:54] [301/459] INTN
[10:06:55] [302/459] MCMP
[10:06:55] [303/459] ASRG
[10:06:56] [304/459] CXJD
[10:06:57] [305/459] SPCP
[10:06:58] [306/459] CSTP
[10:06:58] [307/459] PKVC
[10:06:59] [308/459] ESCP
[10:07:00] [309/459] CAEP
[10:07:01] [310/459] CCSP
[10:07:01] [311/459] KTPC
[10:07:02] [312/459] DACA
[10:07:03] [313/459] NVKY
[10:07:04] [314/459] PTIN
[10:07:05] [315/459] SCIN
[10:07:06] [316/459] MCTY
[10:07:07] [317/459] PCMX
[10:07:07] [318/459] INIC
[10:07:08] [319/459] MMZM
[10:07:09] [320/459] SSLP
[10:07:10] [321/459] DTDT
[10:07:11] [322/459] FFCX
[10:07:11] [323/459] RCMM
[10:07:12] [324/459] KYID
[10:07:13] [325/459] CSCI
[10:07:14] [326/459] FCMC
[10:07:15] [327/459] MMXI
[10:07:16] [328/459] ASTC
[10:07:16] [329/459] CMRA
[10:07:18] [330/459] DICI
[10:07:19] [331/459] KDIN
[10:07:20] [332/459] PRFI
[10:07:20] [333/459] SVFC
[10:07:21] [334/459] UCPL
[10:07:22] [335/459] COOC
[10:07:24] [336/459] SCAL
[10:07:24] [337/459] SVFF
[10:07:26] [338/459] VCMG
[10:07:27] [339/459] UUCT
[10:07:28] [340/459] GCSE
[10:07:29] [341/459] SUSC
[10:07:30] [342/459] MISC
[10:07:31] [343/459] RMBL
[10:07:32] [344/459] CMXN
[10:07:33] [345/459] PVBK
[10:07:34] [346/459] HHCG
[10:07:35] [347/459] SCAG
[10:07:35] [348/459] CNPR
[10:07:36] [349/459] CSER
[10:07:38] [350/459] HLWD
[10:07:39] [351/459] BOLY
[10:07:40] [352/459] SSPG
[10:07:40] [353/459] MUPX
[10:07:42] [354/459] HAMR
[10:07:43] [355/459] SDNC
[10:07:44] [356/459] RTEN
[10:07:45] [357/459] SDTD
[10:07:45] [358/459] KAWS
[10:07:46] [359/459] CMZX
[10:07:47] [360/459] DCDD
[10:07:48] [361/459] ALSN
[10:07:49] [362/459] IMXS
[10:07:49] [363/459] PVFF
[10:07:50] [364/459] PVOO
[10:07:51] [365/459] CFBS
[10:07:52] [366/459] PVER
[10:07:53] [367/459] PPNX
[10:07:54] [368/459] CNRM
[10:07:55] [369/459] PVWW
[10:07:56] [370/459] INMB
[10:07:57] [371/459] CPJR
[10:07:58] [372/459] INRZ
[10:07:59] [373/459] PMSR
[10:08:00] [374/459] GPGM
[10:08:01] [375/459] PGWB
[10:08:02] [376/459] PMBR
[10:08:02] [377/459] GPAM
[10:08:03] [378/459] INBC
[10:08:04] [379/459] PZVK
[10:08:05] [380/459] CPEB
[10:08:06] [381/459] FMLB
[10:08:07] [382/459] INBG
[10:08:08] [383/459] GPBR
[10:08:09] [384/459] PAAS
[10:08:10] [385/459] VTBR
[10:08:11] [386/459] GPMY
[10:08:12] [387/459] GYBU
[10:08:13] [388/459] INBJ
[10:08:14] [389/459] LKTH
[10:08:15] [390/459] NSBR
[10:08:15] [391/459] PDRD
[10:08:16] [392/459] VRBL
[10:08:18] [393/459] VTGB
[10:08:19] [394/459] VTSK
[10:08:20] [395/459] BKDV
[10:08:21] [396/459] SVTB
[10:08:22] [397/459] MLDT
[10:08:23] [398/459] NRBL
[10:08:24] [399/459] SLTR
[10:08:25] [400/459] VNKA
[10:08:26] [401/459] TDCA
[10:08:26] [402/459] INBM
[10:08:27] [403/459] SSNR
[10:08:28] [404/459] BHAC
[10:08:29] [405/459] SDSD
[10:08:30] [406/459] SAMP
[10:08:31] [407/459] RATK
[10:08:32] [408/459] KCBI
[10:08:33] [409/459] URBL
[10:08:34] [410/459] MKBG
[10:08:34] [411/459] ASTB
[10:08:35] [412/459] VBWT
[10:08:36] [413/459] GPSM
[10:08:36] [414/459] ROON
[10:08:37] [415/459] CHTH
[10:08:38] [416/459] SSPA
[10:08:39] [417/459] ANBL
[10:08:40] [418/459] VTBE
[10:08:40] [419/459] SVKT
[10:08:41] [420/459] SVYK
[10:08:42] [421/459] PTBK
[10:08:44] [422/459] RKTB
[10:08:45] [423/459] BALT
[10:08:46] [424/459] STSV
[10:08:46] [425/459] VCCB
[10:08:47] [426/459] SLTB
[10:08:48] [427/459] SBCR
[10:08:49] [428/459] VDCS
[10:08:50] [429/459] MDKI
[10:08:51] [430/459] SMRN
[10:08:51] [431/459] PTBC
[10:08:52] [432/459] RADI
[10:08:54] [433/459] ADCR
[10:08:55] [434/459] SDCS
[10:08:56] [435/459] SRPJ
[10:08:57] [436/459] ARTS
[10:08:57] [437/459] SRHK
[10:08:58] [438/459] SPAY
[10:08:59] [439/459] GPTB
[10:09:00] [440/459] SNNN
[10:09:00] [441/459] BALJ
[10:09:01] [442/459] TRIG
[10:09:02] [443/459] GTYT
[10:09:03] [444/459] ATGN
[10:09:05] [445/459] ANTE
[10:09:05] [446/459] BDCG
[10:09:07] [447/459] VECI
[10:09:08] [448/459] SCPR
[10:09:10] [449/459] RTEA
[10:09:11] [450/459] JSAI
[10:09:12] [451/459] VJTP
[10:09:12] [452/459] GNDS
[10:09:13] [453/459] PAXA
[10:09:14] [454/459] CGGM
[10:09:15] [455/459] ACKZ
[10:09:16] [456/459] EMCC
[10:09:16] [457/459] KLSK
[10:09:17] [458/459] AVCK
[10:09:18] [459/459] JTCK
[10:09:19] 🧹 Deduping shows
[10:09:19] ✅ DONE | Shows=432 | Movies=41
[16:46:30] 🚀 SCRIPT STARTED
[16:46:30] [1/459] NECA
[16:46:30] 🧠 New identity created
[16:46:30] [2/459] BJLC
[16:46:31] [3/459] BASU
[16:46:32] [4/459] RUPI
[16:46:33] [5/459] LCBK
[16:46:35] [6/459] PMAC
[16:46:36] [7/459] AMLC
[16:46:37] [8/459] LICL
[16:46:38] [9/459] UDMM
[16:46:39] [10/459] STBZ
[16:46:40] [11/459] UUBT
[16:46:40] [12/459] SJKC
[16:46:41] [13/459] TUAL
[16:46:42] [14/459] MRSE
[16:46:43] [15/459] RMRK
[16:46:44] [16/459] TTKP
[16:46:45] [17/459] KTKO
[16:46:46] [18/459] SDBK
[16:46:46] [19/459] MCPR
[16:46:48] [20/459] CHTI
[16:46:49] [21/459] GCCP
[16:46:50] [22/459] SRMY
[16:46:51] [23/459] NYST
[16:46:51] [24/459] NYAG
[16:46:53] [25/459] SBMT
[16:46:54] [26/459] INGA
[16:46:55] [27/459] WSIC
[16:46:56] [28/459] SCSS
[16:46:56] [29/459] COPG
[16:46:57] [30/459] RCGR
[16:46:58] [31/459] TCZA
[16:46:59] [32/459] CNLP
[16:47:01] [33/459] CLKN
[16:47:02] [34/459] LHDF
[16:47:02] [35/459] ELKC
[16:47:03] [36/459] VCEM
[16:47:04] [37/459] SSZA
[16:47:05] [38/459] KRMT
[16:47:06] [39/459] LCMV
[16:47:07] [40/459] AYCZ
[16:47:08] [41/459] CUMS
[16:47:08] [42/459] BOCK
[16:47:10] [43/459] PNMR
[16:47:10] [44/459] PJCP
[16:47:11] [45/459] JDDD
[16:47:12] [46/459] STMS
[16:47:13] [47/459] FLMB
[16:47:14] [48/459] PKCM
[16:47:15] [49/459] SPPR
[16:47:16] [50/459] EYLH
[16:47:17] [51/459] RJCC
[16:47:18] [52/459] MMPS
[16:47:18] [53/459] SHMX
[16:47:19] [54/459] CCNL
[16:47:20] [55/459] RCNV
[16:47:21] [56/459] MAAG
[16:47:22] [57/459] LXCM
[16:47:23] [58/459] RCNI
[16:47:24] [59/459] SNNI
[16:47:25] [60/459] LALC
[16:47:26] [61/459] SOCN
[16:47:27] [62/459] JHTP
[16:47:28] [63/459] PITP
[16:47:29] [64/459] CCKW
[16:47:30] [65/459] MCMC
[16:47:31] [66/459] DEES
[16:47:31] [67/459] SABT
[16:47:32] [68/459] VSPP
[16:47:33] [69/459] ABCT
[16:47:34] [70/459] JVTB
[16:47:35] [71/459] VCBD
[16:47:35] [72/459] RMGG
[16:47:36] [73/459] RNMH
[16:47:37] [74/459] SPGL
[16:47:38] [75/459] JTTR
[16:47:39] [76/459] SICS
[16:47:40] [77/459] SRMI
[16:47:40] [78/459] SSIJ
[16:47:41] [79/459] KFMT
[16:47:42] [80/459] VBIT
[16:47:43] [81/459] JKCT
[16:47:43] [82/459] GCGP
[16:47:44] [83/459] GDCS
[16:47:46] [84/459] TRBA
[16:47:47] [85/459] QUST
[16:47:48] [86/459] VSHM
[16:47:48] [87/459] SDCP
[16:47:50] [88/459] SNVS
[16:47:50] [89/459] NYTO
[16:47:51] [90/459] URWC
[16:47:52] [91/459] GTWH
[16:47:53] [92/459] PFCM
[16:47:54] [93/459] KRTA
[16:47:55] [94/459] AXMC
[16:47:56] [95/459] EVMC
[16:47:56] [96/459] HGSM
[16:47:57] [97/459] ACVM
[16:47:58] [98/459] PSKL
[16:47:59] [99/459] RDMP
[16:48:00] [100/459] RHGH
[16:48:00] [101/459] OMCM
[16:48:01] [102/459] DCCP
[16:48:02] [103/459] MCPB
[16:48:03] [104/459] ALCI
[16:48:03] [105/459] BLMX
[16:48:05] [106/459] BTMV
[16:48:06] [107/459] FVPN
[16:48:07] [108/459] CMAR
[16:48:08] [109/459] CEIM
[16:48:08] [110/459] CMVA
[16:48:09] [111/459] CPIV
[16:48:10] [112/459] CNPE
[16:48:11] [113/459] COLV
[16:48:12] [114/459] DNNV
[16:48:13] [115/459] HCAD
[16:48:13] [116/459] TAKA
[16:48:14] [117/459] INVD
[16:48:15] [118/459] IRMM
[16:48:16] [119/459] INSE
[16:48:17] [120/459] MRSW
[16:48:18] [121/459] MCVD
[16:48:19] [122/459] MCSO
[16:48:19] [123/459] PEVM
[16:48:20] [124/459] PVNL
[16:48:21] [125/459] PTCV
[16:48:22] [126/459] PRTC
[16:48:23] [127/459] RCVA
[16:48:24] [128/459] MTBN
[16:48:24] [129/459] LUCP
[16:48:25] [130/459] FMPT
[16:48:26] [131/459] JLSL
[16:48:28] [132/459] SBHA
[16:48:28] [133/459] SHRC
[16:48:30] [134/459] AVPS
[16:48:31] [135/459] STPM
[16:48:32] [136/459] ATRD
[16:48:33] [137/459] VTED
[16:48:34] [138/459] ACAI
[16:48:35] [139/459] SMAE
[16:48:36] [140/459] VMAT
[16:48:36] [141/459] LKCT
[16:48:37] [142/459] JTVK
[16:48:38] [143/459] PRTY
[16:48:39] [144/459] GETT
[16:48:39] [145/459] ESAP
[16:48:40] [146/459] NCPM
[16:48:41] [147/459] PCPA
[16:48:42] [148/459] MMOM
[16:48:42] [149/459] PHUP
[16:48:43] [150/459] CCPI
[16:48:44] [151/459] CNTD
[16:48:45] [152/459] NLJR
[16:48:47] [153/459] SRNG
[16:48:48] [154/459] MHAL
[16:48:48] [155/459] PNSM
[16:48:49] [156/459] DRMY
[16:48:51] [157/459] CCMU
[16:48:52] [158/459] SCMY
[16:48:53] [159/459] PVSY
[16:48:53] [160/459] SDLM
[16:48:54] [161/459] ICCM
[16:48:55] [162/459] PYSU
[16:48:56] [163/459] GATM
[16:48:57] [164/459] WOTM
[16:48:58] [165/459] RKTS
[16:48:59] [166/459] PMTY
[16:49:00] [167/459] LYMS
[16:49:00] [168/459] TGCA
[16:49:01] [169/459] DSTA
[16:49:02] [170/459] CNGE
[16:49:03] [171/459] VSTG
[16:49:04] [172/459] GTCK
[16:49:05] [173/459] TGNT
[16:49:05] [174/459] ASLC
[16:49:06] [175/459] SSST
[16:49:07] [176/459] KBTT
[16:49:08] [177/459] HKCP
[16:49:09] [178/459] SWLC
[16:49:10] [179/459] RTND
[16:49:11] [180/459] PKKT
[16:49:12] [181/459] HSTK
[16:49:12] [182/459] SPTT
[16:49:14] [183/459] IMPM
[16:49:16] [184/459] SCMV
[16:49:17] [185/459] SPCT
[16:49:17] [186/459] JBCA
[16:49:19] [187/459] ATTR
[16:49:20] [188/459] SPMT
[16:49:21] [189/459] LCTM
[16:49:21] [190/459] SCVL
[16:49:22] [191/459] SCVT
[16:49:23] [192/459] KRIC
[16:49:24] [193/459] CTMG
[16:49:25] [194/459] ACNC
[16:49:26] [195/459] DMCK
[16:49:26] [196/459] KMTV
[16:49:27] [197/459] PFCJ
[16:49:28] [198/459] VNMD
[16:49:29] [199/459] VPCZ
[16:49:30] [200/459] SRYR
[16:49:31] [201/459] SYTR
[16:49:32] [202/459] GATR
[16:49:32] [203/459] URTR
[16:49:33] [204/459] MKSM
[16:49:34] [205/459] VSMH
[16:49:35] [206/459] SKRJ
[16:49:35] [207/459] SSJR
[16:49:37] [208/459] SVSM
[16:49:38] [209/459] RUCM
[16:49:39] [210/459] PRKN
[16:49:40] [211/459] RROH
[16:49:40] [212/459] SCTN
[16:49:41] [213/459] RTDM
[16:49:42] [214/459] ASRM
[16:49:43] [215/459] SKMD
[16:49:44] [216/459] SUTD
[16:49:45] [217/459] SADM
[16:49:45] [218/459] WCNR
[16:49:47] [219/459] CNED
[16:49:49] [220/459] MPDB
[16:49:49] [221/459] KTBH
[16:49:51] [222/459] IDRM
[16:49:52] [223/459] PJJT
[16:49:53] [224/459] PFCV
[16:49:54] [225/459] AACT
[16:49:55] [226/459] AAAD
[16:49:56] [227/459] ANES
[16:49:56] [228/459] MNCA
[16:49:57] [229/459] RMGU
[16:49:58] [230/459] DLCN
[16:49:59] [231/459] LJWT
[16:50:00] [232/459] MCBG
[16:50:00] [233/459] MYBG
[16:50:01] [234/459] GCCA
[16:50:02] [235/459] GCGA
[16:50:03] [236/459] ECGN
[16:50:04] [237/459] PRAB
[16:50:05] [238/459] PNMP
[16:50:05] [239/459] GCPT
[16:50:06] [240/459] ROYN
[16:50:07] [241/459] VATM
[16:50:08] [242/459] KSNT
[16:50:09] [243/459] ACTC
[16:50:10] [244/459] PLTD
[16:50:11] [245/459] SKMK
[16:50:12] [246/459] CMTT
[16:50:13] [247/459] SMXP
[16:50:14] [248/459] SCMX
[16:50:15] [249/459] ACXN
[16:50:16] [250/459] ASWT
[16:50:17] [251/459] VVVL
[16:50:17] [252/459] NAGO
[16:50:18] [253/459] SNCN
[16:50:19] [254/459] MCKP
[16:50:20] [255/459] SAMO
[16:50:21] [256/459] JBTV
[16:50:21] [257/459] DCVV
[16:50:22] [258/459] KMSV
[16:50:23] [259/459] KDCN
[16:50:24] [260/459] CNCP
[16:50:25] [261/459] HAMC
[16:50:25] [262/459] CCVZ
[16:50:26] [263/459] NCCK
[16:50:27] [264/459] MCHR
[16:50:28] [265/459] SCHT
[16:50:29] [266/459] ESSH
[16:50:30] [267/459] CUJC
[16:50:31] [268/459] PECP
[16:50:31] [269/459] PMMI
[16:50:32] [270/459] PCCH
[16:50:33] [271/459] PRPM
[16:50:34] [272/459] PVKL
[16:50:35] [273/459] CBSM
[16:50:35] [274/459] PVCZ
[16:50:36] [275/459] PCVV
[16:50:37] [276/459] CTMJ
[16:50:38] [277/459] RCPS
[16:50:39] [278/459] PCIT
[16:50:40] [279/459] FNCH
[16:50:40] [280/459] INZD
[16:50:41] [281/459] INPC
[16:50:42] [282/459] LCZP
[16:50:43] [283/459] SMCB
[16:50:43] [284/459] PTSB
[16:50:44] [285/459] TPSI
[16:50:45] [286/459] KHMJ
[16:50:47] [287/459] RCCJ
[16:50:48] [288/459] NCJA
[16:50:49] [289/459] NCJN
[16:50:49] [290/459] BTDP
[16:50:50] [291/459] PADY
[16:50:51] [292/459] NYBH
[16:50:51] [293/459] MTBR
[16:50:52] [294/459] KRBC
[16:50:54] [295/459] DKTI
[16:50:55] [296/459] ANAN
[16:50:56] [297/459] INBP
[16:50:57] [298/459] PATB
[16:50:58] [299/459] RGNT
[16:50:59] [300/459] CGPM
[16:51:00] [301/459] INTN
[16:51:01] [302/459] MCMP
[16:51:01] [303/459] ASRG
[16:51:02] [304/459] CXJD
[16:51:03] [305/459] SPCP
[16:51:04] [306/459] CSTP
[16:51:05] [307/459] PKVC
[16:51:05] [308/459] ESCP
[16:51:06] [309/459] CAEP
[16:51:07] [310/459] CCSP
[16:51:08] [311/459] KTPC
[16:51:09] [312/459] DACA
[16:51:09] [313/459] NVKY
[16:51:10] [314/459] PTIN
[16:51:11] [315/459] SCIN
[16:51:12] [316/459] MCTY
[16:51:13] [317/459] PCMX
[16:51:13] [318/459] INIC
[16:51:14] [319/459] MMZM
[16:51:15] [320/459] SSLP
[16:51:16] [321/459] DTDT
[16:51:16] [322/459] FFCX
[16:51:17] [323/459] RCMM
[16:51:18] [324/459] KYID
[16:51:19] [325/459] CSCI
[16:51:20] [326/459] FCMC
[16:51:21] [327/459] MMXI
[16:51:22] [328/459] ASTC
[16:51:22] [329/459] CMRA
[16:51:23] [330/459] DICI
[16:51:25] [331/459] KDIN
[16:51:26] [332/459] PRFI
[16:51:27] [333/459] SVFC
[16:51:29] [334/459] UCPL
[16:51:29] [335/459] COOC
[16:51:30] [336/459] SCAL
[16:51:31] [337/459] SVFF
[16:51:32] [338/459] VCMG
[16:51:33] [339/459] UUCT
[16:51:34] [340/459] GCSE
[16:51:34] [341/459] SUSC
[16:51:36] [342/459] MISC
[16:51:37] [343/459] RMBL
[16:51:38] [344/459] CMXN
[16:51:39] [345/459] PVBK
[16:51:40] [346/459] HHCG
[16:51:41] [347/459] SCAG
[16:51:41] [348/459] CNPR
[16:51:42] [349/459] CSER
[16:51:43] [350/459] HLWD
[16:51:44] [351/459] BOLY
[16:51:45] [352/459] SSPG
[16:51:46] [353/459] MUPX
[16:51:47] [354/459] HAMR
[16:51:47] [355/459] SDNC
[16:51:48] [356/459] RTEN
[16:51:49] [357/459] SDTD
[16:51:49] [358/459] KAWS
[16:51:50] [359/459] CMZX
[16:51:51] [360/459] DCDD
[16:51:52] [361/459] ALSN
[16:51:53] [362/459] IMXS
[16:51:54] [363/459] PVFF
[16:51:55] [364/459] PVOO
[16:51:56] [365/459] CFBS
[16:51:56] [366/459] PVER
[16:51:57] [367/459] PPNX
[16:51:58] [368/459] CNRM
[16:51:59] [369/459] PVWW
[16:52:00] [370/459] INMB
[16:52:01] [371/459] CPJR
[16:52:01] [372/459] INRZ
[16:52:02] [373/459] PMSR
[16:52:03] [374/459] GPGM
[16:52:04] [375/459] PGWB
[16:52:05] [376/459] PMBR
[16:52:06] [377/459] GPAM
[16:52:06] [378/459] INBC
[16:52:07] [379/459] PZVK
[16:52:08] [380/459] CPEB
[16:52:09] [381/459] FMLB
[16:52:09] [382/459] INBG
[16:52:10] [383/459] GPBR
[16:52:11] [384/459] PAAS
[16:52:12] [385/459] VTBR
[16:52:13] [386/459] GPMY
[16:52:13] [387/459] GYBU
[16:52:14] [388/459] INBJ
[16:52:15] [389/459] LKTH
[16:52:16] [390/459] NSBR
[16:52:18] [391/459] PDRD
[16:52:18] [392/459] VRBL
[16:52:19] [393/459] VTGB
[16:52:20] [394/459] VTSK
[16:52:21] [395/459] BKDV
[16:52:22] [396/459] SVTB
[16:52:23] [397/459] MLDT
[16:52:23] [398/459] NRBL
[16:52:25] [399/459] SLTR
[16:52:26] [400/459] VNKA
[16:52:27] [401/459] TDCA
[16:52:28] [402/459] INBM
[16:52:29] [403/459] SSNR
[16:52:30] [404/459] BHAC
[16:52:31] [405/459] SDSD
[16:52:32] [406/459] SAMP
[16:52:32] [407/459] RATK
[16:52:33] [408/459] KCBI
[16:52:34] [409/459] URBL
[16:52:35] [410/459] MKBG
[16:52:36] [411/459] ASTB
[16:52:37] [412/459] VBWT
[16:52:38] [413/459] GPSM
[16:52:38] [414/459] ROON
[16:52:39] [415/459] CHTH
[16:52:41] [416/459] SSPA
[16:52:41] [417/459] ANBL
[16:52:42] [418/459] VTBE
[16:52:43] [419/459] SVKT
[16:52:44] [420/459] SVYK
[16:52:45] [421/459] PTBK
[16:52:45] [422/459] RKTB
[16:52:46] [423/459] BALT
[16:52:47] [424/459] STSV
[16:52:49] [425/459] VCCB
[16:52:49] [426/459] SLTB
[16:52:50] [427/459] SBCR
[16:52:51] [428/459] VDCS
[16:52:52] [429/459] MDKI
[16:52:53] [430/459] SMRN
[16:52:53] [431/459] PTBC
[16:52:54] [432/459] RADI
[16:52:55] [433/459] ADCR
[16:52:57] [434/459] SDCS
[16:52:58] [435/459] SRPJ
[16:52:58] [436/459] ARTS
[16:52:59] [437/459] SRHK
[16:53:01] [438/459] SPAY
[16:53:02] [439/459] GPTB
[16:53:03] [440/459] SNNN
[16:53:04] [441/459] BALJ
[16:53:04] [442/459] TRIG
[16:53:05] [443/459] GTYT
[16:53:06] [444/459] ATGN
[16:53:07] [445/459] ANTE
[16:53:08] [446/459] BDCG
[16:53:09] [447/459] VECI
[16:53:09] [448/459] SCPR
[16:53:10] [449/459] RTEA
[16:53:11] [450/459] JSAI
[16:53:12] [451/459] VJTP
[16:53:13] [452/459] GNDS
[16:53:13] [453/459] PAXA
[16:53:14] [454/459] CGGM
[16:53:15] [455/459] ACKZ
[16:53:16] [456/459] EMCC
[16:53:17] [457/459] KLSK
[16:53:17] [458/459] AVCK
[16:53:18] [459/459] JTCK
[16:53:19] 🧹 Deduping shows
[16:53:19] ✅ DONE | Shows=566 | Movies=44
