[10:02:14] 🚀 SCRIPT STARTED
[10:02:14] [1/459] FNDB
[10:02:14] 🧠 New identity created
[10:02:15] [2/459] AMBH
[10:02:16] [3/459] PRHN
[10:02:17] [4/459] ACPM
[10:02:18] [5/459] PVFS
[10:02:18] [6/459] AACN
[10:02:19] [7/459] ACAS
[10:02:20] [8/459] CTNR
[10:02:21] [9/459] MMAH
[10:02:22] [10/459] CPMH
[10:02:23] [11/459] IGMH
[10:02:24] [12/459] ABCS
[10:02:25] [13/459] CMMA
[10:02:26] [14/459] GPRH
[10:02:27] [15/459] PNNG
[10:02:28] [16/459] AMCA
[10:02:29] [17/459] ISTN
[10:02:30] [18/459] PIIC
[10:02:31] [19/459] AHMH
[10:02:32] [20/459] ASHN
[10:02:33] [21/459] INHY
[10:02:34] [22/459] SRMO
[10:02:34] [23/459] PIMH
[10:02:35] [24/459] PVTS
[10:02:36] [25/459] MMCA
[10:02:37] [26/459] AKYJ
[10:02:38] [27/459] BRKH
[10:02:39] [28/459] MAHM
[10:02:39] [29/459] CPHY
[10:02:40] [30/459] PVTP
[10:02:41] [31/459] SMMR
[10:02:42] [32/459] PVHM
[10:02:43] [33/459] SNDY
[10:02:44] [34/459] GOKU
[10:02:46] [35/459] ACEV
[10:02:46] [36/459] PVUM
[10:02:47] [37/459] VSWA
[10:02:48] [38/459] IPRS
[10:02:49] [39/459] ASGN
[10:02:51] [40/459] BKMV
[10:02:51] [41/459] PVYH
[10:02:52] [42/459] INKM
[10:02:53] [43/459] ARJU
[10:02:54] [44/459] JJPP
[10:02:55] [45/459] SSRM
[10:02:56] [46/459] HMHD
[10:02:57] [47/459] SNKH
[10:02:57] [48/459] ACHI
[10:02:58] [49/459] MRAA
[10:02:59] [50/459] INMH
[10:03:00] [51/459] ARMH
[10:03:01] [52/459] DVRR
[10:03:02] [53/459] SUDA
[10:03:02] [54/459] MCSS
[10:03:03] [55/459] VRKC
[10:03:04] [56/459] PRCX
[10:03:05] [57/459] ASJY
[10:03:06] [58/459] MTHY
[10:03:07] [59/459] SRCM
[10:03:08] [60/459] TVHY
[10:03:09] [61/459] STHD
[10:03:09] [62/459] CPCL
[10:03:10] [63/459] PSMJ
[10:03:11] [64/459] MRGT
[10:03:12] [65/459] ARYH
[10:03:14] [66/459] VTRB
[10:03:15] [67/459] SCHC
[10:03:15] [68/459] MRRG
[10:03:16] [69/459] SPCB
[10:03:17] [70/459] AMCM
[10:03:18] [71/459] IVNM
[10:03:19] [72/459] TRHY
[10:03:19] [73/459] PTTH
[10:03:20] [74/459] RKMH
[10:03:21] [75/459] PRCS
[10:03:22] [76/459] VAJA
[10:03:23] [77/459] BJNG
[10:03:24] [78/459] SCVM
[10:03:24] [79/459] GNHB
[10:03:25] [80/459] TLUR
[10:03:27] [81/459] UKCC
[10:03:28] [82/459] SRKR
[10:03:28] [83/459] RMKN
[10:03:29] [84/459] SLRT
[10:03:30] [85/459] LKMT
[10:03:31] [86/459] SSRJ
[10:03:31] [87/459] SPHT
[10:03:32] [88/459] ANTT
[10:03:33] [89/459] SRCH
[10:03:34] [90/459] SRCA
[10:03:35] [91/459] ARTH
[10:03:36] [92/459] MCBH
[10:03:37] [93/459] SNIB
[10:03:38] [94/459] SART
[10:03:38] [95/459] SKTA
[10:03:39] [96/459] YAKT
[10:03:40] [97/459] MLCK
[10:03:41] [98/459] ANTS
[10:03:42] [99/459] DGCA
[10:03:43] [100/459] SGMP
[10:03:43] [101/459] ASWN
[10:03:44] [102/459] KFVU
[10:03:45] [103/459] POOR
[10:03:46] [104/459] GKDN
[10:03:47] [105/459] EOSE
[10:03:48] [106/459] GTTT
[10:03:48] [107/459] ARRO
[10:03:50] [108/459] CMMK
[10:03:50] [109/459] MSCN
[10:03:51] [110/459] GDKH
[10:03:52] [111/459] DLMT
[10:03:52] [112/459] PVMF
[10:03:53] [113/459] CPCK
[10:03:54] [114/459] VMHE
[10:03:55] [115/459] PVLC
[10:03:55] [116/459] PCVB
[10:03:56] [117/459] SNYK
[10:03:57] [118/459] KTEK
[10:03:58] [119/459] PCNM
[10:04:00] [120/459] NTTR
[10:04:00] [121/459] CPSK
[10:04:02] [122/459] JMMA
[10:04:03] [123/459] GCFK
[10:04:04] [124/459] MYCA
[10:04:05] [125/459] KSNP
[10:04:07] [126/459] PMCE
[10:04:08] [127/459] SCKI
[10:04:08] [128/459] FSMA
[10:04:10] [129/459] CETA
[10:04:11] [130/459] MCIK
[10:04:12] [131/459] MYCR
[10:04:13] [132/459] EVMP
[10:04:14] [133/459] SSGT
[10:04:15] [134/459] KCTK
[10:04:15] [135/459] ZTKC
[10:04:16] [136/459] MMTA
[10:04:17] [137/459] MAJT
[10:04:19] [138/459] ACPK
[10:04:20] [139/459] JMAX
[10:04:21] [140/459] SETK
[10:04:21] [141/459] CAIS
[10:04:22] [142/459] AGCD
[10:04:23] [143/459] URCL
[10:04:24] [144/459] VTDS
[10:04:25] [145/459] JCNM
[10:04:25] [146/459] KCAM
[10:04:27] [147/459] ADCU
[10:04:28] [148/459] GXYN
[10:04:29] [149/459] SMJG
[10:04:30] [150/459] EYCJ
[10:04:31] [151/459] CCEJ
[10:04:31] [152/459] MARS
[10:04:32] [153/459] CPVJ
[10:04:33] [154/459] INVP
[10:04:34] [155/459] CPOV
[10:04:35] [156/459] VIJK
[10:04:36] [157/459] LAIM
[10:04:36] [158/459] STHV
[10:04:37] [159/459] SVLJ
[10:04:38] [160/459] ATVJ
[10:04:39] [161/459] JTSC
[10:04:39] [162/459] RMTV
[10:04:40] [163/459] MGGG
[10:04:41] [164/459] SWTH
[10:04:42] [165/459] INVJ
[10:04:43] [166/459] PRSV
[10:04:44] [167/459] JATV
[10:04:44] [168/459] RCVD
[10:04:45] [169/459] BDMA
[10:04:46] [170/459] BLJI
[10:04:47] [171/459] SWOT
[10:04:48] [172/459] SWRN
[10:04:49] [173/459] TVRA
[10:04:50] [174/459] VCSV
[10:04:50] [175/459] NVRN
[10:04:52] [176/459] SIKC
[10:04:53] [177/459] VAKR
[10:04:54] [178/459] SYLN
[10:04:54] [179/459] KLJL
[10:04:55] [180/459] LKMY
[10:04:56] [181/459] VSLY
[10:04:57] [182/459] CIKO
[10:04:58] [183/459] GPBG
[10:04:58] [184/459] CECM
[10:04:59] [185/459] SLKB
[10:05:00] [186/459] MTBO
[10:05:01] [187/459] SSHB
[10:05:02] [188/459] VPCS
[10:05:02] [189/459] RCSR
[10:05:03] [190/459] RJRM
[10:05:04] [191/459] KPPB
[10:05:05] [192/459] SEDC
[10:05:06] [193/459] SCAI
[10:05:06] [194/459] RMTR
[10:05:07] [195/459] ASST
[10:05:08] [196/459] GCAK
[10:05:09] [197/459] ANNK
[10:05:10] [198/459] KDDF
[10:05:11] [199/459] NRDP
[10:05:11] [200/459] PLAK
[10:05:12] [201/459] GCMC
[10:05:14] [202/459] ALPY
[10:05:15] [203/459] SICE
[10:05:16] [204/459] SISR
[10:05:17] [205/459] SRPZ
[10:05:17] [206/459] SRSW
[10:05:18] [207/459] SUYA
[10:05:19] [208/459] AMMT
[10:05:20] [209/459] BHCU
[10:05:20] [210/459] KLPA
[10:05:21] [211/459] NVKH
[10:05:22] [212/459] JMRC
[10:05:23] [213/459] KTTT
[10:05:24] [214/459] MAGH
[10:05:25] [215/459] MMMX
[10:05:26] [216/459] SALJ
[10:05:26] [217/459] GTJA
[10:05:28] [218/459] MAHT
[10:05:29] [219/459] SSNN
[10:05:30] [220/459] ARRP
[10:05:31] [221/459] ATNS
[10:05:32] [222/459] SKDT
[10:05:33] [223/459] ACAT
[10:05:35] [224/459] APRC
[10:05:36] [225/459] SWAG
[10:05:36] [226/459] SDPT
[10:05:37] [227/459] STPS
[10:05:38] [228/459] WWCZ
[10:05:39] [229/459] LLCH
[10:05:40] [230/459] MZHA
[10:05:40] [231/459] CRJG
[10:05:41] [232/459] JGTK
[10:05:42] [233/459] KCSR
[10:05:43] [234/459] CHTL
[10:05:44] [235/459] EDSR
[10:05:45] [236/459] CSWO
[10:05:46] [237/459] CPVM
[10:05:47] [238/459] MXBY
[10:05:48] [239/459] FMMA
[10:05:49] [240/459] POVI
[10:05:50] [241/459] MTHB
[10:05:50] [242/459] INRC
[10:05:51] [243/459] PIPP
[10:05:52] [244/459] BMXC
[10:05:53] [245/459] PCMM
[10:05:55] [246/459] PMKM
[10:05:55] [247/459] GATY
[10:05:56] [248/459] IMCM
[10:05:57] [249/459] POPE
[10:05:58] [250/459] MTCR
[10:05:58] [251/459] PVAE
[10:05:59] [252/459] PVMI
[10:06:00] [253/459] CPNM
[10:06:01] [254/459] FMRL
[10:06:02] [255/459] MCIW
[10:06:03] [256/459] MXBO
[10:06:04] [257/459] FMKY
[10:06:04] [258/459] FMDA
[10:06:05] [259/459] THAB
[10:06:06] [260/459] PRCW
[10:06:07] [261/459] PITI
[10:06:08] [262/459] MCFF
[10:06:09] [263/459] PDDV
[10:06:10] [264/459] MCRM
[10:06:12] [265/459] KKMB
[10:06:12] [266/459] INKO
[10:06:13] [267/459] PLXP
[10:06:14] [268/459] MMHA
[10:06:15] [269/459] FMVS
[10:06:16] [270/459] POLM
[10:06:17] [271/459] STER
[10:06:18] [272/459] PVWJ
[10:06:20] [273/459] IMJW
[10:06:20] [274/459] FNAN
[10:06:21] [275/459] CAGL
[10:06:22] [276/459] IPBG
[10:06:23] [277/459] SMFV
[10:06:24] [278/459] MMMR
[10:06:25] [279/459] MMWM
[10:06:26] [280/459] FNCM
[10:06:27] [281/459] MDVA
[10:06:28] [282/459] MMET
[10:06:28] [283/459] MIDO
[10:06:29] [284/459] INNP
[10:06:30] [285/459] MIFU
[10:06:31] [286/459] MMSZ
[10:06:32] [287/459] BMXA
[10:06:33] [288/459] MCAA
[10:06:33] [289/459] SCVP
[10:06:34] [290/459] PLUS
[10:06:35] [291/459] MUCK
[10:06:37] [292/459] MTMA
[10:06:37] [293/459] HPVR
[10:06:39] [294/459] PMPK
[10:06:40] [295/459] MAJB
[10:06:41] [296/459] CTRR
[10:06:42] [297/459] MCTG
[10:06:42] [298/459] MACE
[10:06:43] [299/459] AAAS
[10:06:44] [300/459] CPVV
[10:06:45] [301/459] RCHG
[10:06:46] [302/459] MCNE
[10:06:47] [303/459] EMNC
[10:06:48] [304/459] MCAN
[10:06:48] [305/459] TCDM
[10:06:49] [306/459] IRGT
[10:06:51] [307/459] GCMG
[10:06:52] [308/459] MXSN
[10:06:53] [309/459] MXCK
[10:06:54] [310/459] MCRC
[10:06:55] [311/459] RSMI
[10:06:56] [312/459] WAML
[10:06:57] [313/459] MTSC
[10:06:57] [314/459] FMDR
[10:06:58] [315/459] LEPV
[10:06:59] [316/459] MTGD
[10:07:00] [317/459] IMOB
[10:07:00] [318/459] CLMM
[10:07:01] [319/459] PZCD
[10:07:02] [320/459] GOCS
[10:07:03] [321/459] KCMA
[10:07:04] [322/459] CCMP
[10:07:05] [323/459] MTSU
[10:07:05] [324/459] SNGL
[10:07:06] [325/459] MMMC
[10:07:07] [326/459] MMAA
[10:07:08] [327/459] GCDM
[10:07:09] [328/459] KTMV
[10:07:10] [329/459] AETE
[10:07:11] [330/459] OMCS
[10:07:12] [331/459] GDCD
[10:07:12] [332/459] NYMD
[10:07:13] [333/459] RNCV
[10:07:14] [334/459] KKMT
[10:07:15] [335/459] GDTH
[10:07:16] [336/459] KMMV
[10:07:17] [337/459] NHCG
[10:07:17] [338/459] PJDW
[10:07:18] [339/459] MMCV
[10:07:19] [340/459] FQSA
[10:07:20] [341/459] KURL
[10:07:21] [342/459] NNNX
[10:07:21] [343/459] AMAU
[10:07:22] [344/459] VVVM
[10:07:23] [345/459] VECU
[10:07:24] [346/459] WCVR
[10:07:25] [347/459] MTGG
[10:07:25] [348/459] SGTG
[10:07:26] [349/459] MNTG
[10:07:27] [350/459] JDDG
[10:07:28] [351/459] MBTK
[10:07:29] [352/459] SGCD
[10:07:30] [353/459] MCTC
[10:07:30] [354/459] JTPC
[10:07:31] [355/459] SDKT
[10:07:32] [356/459] KRCC
[10:07:33] [357/459] RMMD
[10:07:34] [358/459] AAME
[10:07:35] [359/459] TMWC
[10:07:36] [360/459] NRWY
[10:07:37] [361/459] CITD
[10:07:37] [362/459] VERD
[10:07:38] [363/459] MKSK
[10:07:39] [364/459] STSM
[10:07:40] [365/459] MJDG
[10:07:41] [366/459] RKPM
[10:07:42] [367/459] SSCE
[10:07:43] [368/459] VMAE
[10:07:43] [369/459] SBRU
[10:07:44] [370/459] AMBC
[10:07:45] [371/459] AMLU
[10:07:46] [372/459] INVZ
[10:07:47] [373/459] LGTV
[10:07:47] [374/459] SVAD
[10:07:48] [375/459] SMSA
[10:07:49] [376/459] SPCZ
[10:07:50] [377/459] GTCX
[10:07:51] [378/459] SCSL
[10:07:51] [379/459] SAHU
[10:07:52] [380/459] NCDA
[10:07:53] [381/459] SCCG
[10:07:54] [382/459] VKTL
[10:07:54] [383/459] PUUJ
[10:07:55] [384/459] STEJ
[10:07:56] [385/459] RJAL
[10:07:57] [386/459] ACJC
[10:07:57] [387/459] VTHC
[10:07:58] [388/459] ARVB
[10:07:59] [389/459] AUBB
[10:08:00] [390/459] GDBR
[10:08:01] [391/459] PVND
[10:08:02] [392/459] BGRJ
[10:08:03] [393/459] RJMM
[10:08:04] [394/459] MCSA
[10:08:05] [395/459] BODA
[10:08:06] [396/459] JAGG
[10:08:06] [397/459] SCGA
[10:08:07] [398/459] LRCM
[10:08:08] [399/459] CPCN
[10:08:09] [400/459] SSTF
[10:08:10] [401/459] SRXP
[10:08:11] [402/459] CNFX
[10:08:12] [403/459] ANDI
[10:08:13] [404/459] SYEW
[10:08:13] [405/459] RCRE
[10:08:14] [406/459] SCRW
[10:08:15] [407/459] MBKR
[10:08:16] [408/459] ASNT
[10:08:17] [409/459] JTMT
[10:08:18] [410/459] SHAY
[10:08:19] [411/459] VRTH
[10:08:19] [412/459] SPTI
[10:08:20] [413/459] DPTD
[10:08:21] [414/459] TGSN
[10:08:22] [415/459] RCWV
[10:08:23] [416/459] OCUR
[10:08:23] [417/459] KSTC
[10:08:24] [418/459] SANI
[10:08:25] [419/459] MLCA
[10:08:26] [420/459] EGCA
[10:08:27] [421/459] SYSN
[10:08:28] [422/459] PKTA
[10:08:29] [423/459] PRCC
[10:08:30] [424/459] KSTR
[10:08:30] [425/459] SNTP
[10:08:31] [426/459] RCHA
[10:08:32] [427/459] SEEA
[10:08:33] [428/459] ALAT
[10:08:35] [429/459] AATV
[10:08:35] [430/459] RJTE
[10:08:36] [431/459] AAPP
[10:08:37] [432/459] PMMH
[10:08:38] [433/459] INRJ
[10:08:39] [434/459] SARB
[10:08:40] [435/459] PCJL
[10:08:41] [436/459] PFJJ
[10:08:41] [437/459] GRDC
[10:08:42] [438/459] BCBA
[10:08:43] [439/459] VIXL
[10:08:44] [440/459] CSTL
[10:08:45] [441/459] MTDK
[10:08:46] [442/459] TDAC
[10:08:46] [443/459] GTDN
[10:08:47] [444/459] TTDE
[10:08:48] [445/459] ASTS
[10:08:49] [446/459] CPNS
[10:08:50] [447/459] PVVW
[10:08:51] [448/459] USEB
[10:08:52] [449/459] DTYN
[10:08:52] [450/459] PVLE
[10:08:53] [451/459] CIPS
[10:08:54] [452/459] PAEG
[10:08:55] [453/459] PTCW
[10:08:56] [454/459] G3SR
[10:08:56] [455/459] PGND
[10:08:57] [456/459] INVM
[10:08:58] [457/459] SPIA
[10:08:59] [458/459] PCSN
[10:09:00] [459/459] PPGV
[10:09:01] 🧹 Deduping shows
[10:09:01] ✅ DONE | Shows=476 | Movies=40
