[10:02:16] 🚀 SCRIPT STARTED
[10:02:16] [1/296] CDCA
[10:02:16] 🧠 New identity created
[10:02:17] [2/296] MNSR
[10:02:18] [3/296] CSSL
[10:02:18] [4/296] BGGM
[10:02:19] [5/296] MANT
[10:02:20] [6/296] SOOY
[10:02:22] [7/296] VPPK
[10:02:23] [8/296] MYHJ
[10:02:25] [9/296] KSCK
[10:02:26] [10/296] KATK
[10:02:27] [11/296] RTRT
[10:02:27] [12/296] SSTT
[10:02:28] [13/296] SSTV
[10:02:30] [14/296] LACM
[10:02:31] [15/296] SGMG
[10:02:32] [16/296] KACX
[10:02:33] [17/296] GVCP
[10:02:33] [18/296] CSNC
[10:02:34] [19/296] SXCB
[10:02:35] [20/296] BAHS
[10:02:36] [21/296] PCBI
[10:02:37] [22/296] PSSM
[10:02:38] [23/296] RCOK
[10:02:38] [24/296] SCPF
[10:02:40] [25/296] SSAS
[10:02:41] [26/296] EVMM
[10:02:42] [27/296] SYCB
[10:02:42] [28/296] GCKI
[10:02:43] [29/296] IAET
[10:02:44] [30/296] DDTD
[10:02:45] [31/296] GMDH
[10:02:46] [32/296] STLE
[10:02:47] [33/296] JTRA
[10:02:48] [34/296] RPPA
[10:02:49] [35/296] ARUT
[10:02:50] [36/296] JTVM
[10:02:52] [37/296] SWRH
[10:02:53] [38/296] DCPC
[10:02:54] [39/296] RAPR
[10:02:55] [40/296] GCRT
[10:02:55] [41/296] ATUN
[10:02:56] [42/296] LTRM
[10:02:57] [43/296] TASR
[10:02:58] [44/296] RLLC
[10:02:59] [45/296] MABI
[10:02:59] [46/296] SVHB
[10:03:00] [47/296] NVTB
[10:03:01] [48/296] KCKG
[10:03:02] [49/296] SSRN
[10:03:03] [50/296] VDDC
[10:03:04] [51/296] GKTK
[10:03:04] [52/296] YFSN
[10:03:05] [53/296] GCSG
[10:03:06] [54/296] ESSM
[10:03:06] [55/296] KRIH
[10:03:07] [56/296] GCDS
[10:03:08] [57/296] CCSH
[10:03:09] [58/296] ACSK
[10:03:09] [59/296] APRK
[10:03:10] [60/296] ADKM
[10:03:11] [61/296] SRDM
[10:03:12] [62/296] RMOG
[10:03:13] [63/296] SJMY
[10:03:13] [64/296] PGGC
[10:03:14] [65/296] INGM
[10:03:15] [66/296] LSCB
[10:03:16] [67/296] STAD
[10:03:17] [68/296] MCCR
[10:03:18] [69/296] ABCC
[10:03:20] [70/296] RKCC
[10:03:21] [71/296] RTCR
[10:03:22] [72/296] GGBC
[10:03:23] [73/296] GCSD
[10:03:24] [74/296] LPTY
[10:03:26] [75/296] MCFD
[10:03:27] [76/296] HENN
[10:03:27] [77/296] SMKU
[10:03:28] [78/296] TNZC
[10:03:29] [79/296] DRCD
[10:03:30] [80/296] DLCD
[10:03:31] [81/296] RCDA
[10:03:32] [82/296] COSM
[10:03:33] [83/296] MCMJ
[10:03:34] [84/296] CSTR
[10:03:35] [85/296] CVDK
[10:03:35] [86/296] INRR
[10:03:36] [87/296] RJRT
[10:03:37] [88/296] IRMR
[10:03:38] [89/296] SRCF
[10:03:38] [90/296] GRCR
[10:03:40] [91/296] SURC
[10:03:41] [92/296] NMNH
[10:03:41] [93/296] SVBL
[10:03:42] [94/296] KACI
[10:03:43] [95/296] TDGO
[10:03:44] [96/296] KTBR
[10:03:45] [97/296] PMAD
[10:03:46] [98/296] CCPN
[10:03:46] [99/296] SBTK
[10:03:47] [100/296] LMDK
[10:03:48] [101/296] PGDA
[10:03:49] [102/296] SRML
[10:03:50] [103/296] EVCK
[10:03:50] [104/296] RTTK
[10:03:51] [105/296] SRTU
[10:03:52] [106/296] VRSA
[10:03:54] [107/296] VARS
[10:03:55] [108/296] DSCZ
[10:03:56] [109/296] GAGA
[10:03:57] [110/296] SARV
[10:03:58] [111/296] SEEG
[10:03:59] [112/296] GLCA
[10:03:59] [113/296] APAS
[10:04:00] [114/296] VCIA
[10:04:01] [115/296] SJTA
[10:04:02] [116/296] SABM
[10:04:03] [117/296] PPAG
[10:04:03] [118/296] RVCA
[10:04:05] [119/296] CCIA
[10:04:06] [120/296] HTAG
[10:04:07] [121/296] SMBI
[10:04:08] [122/296] MCJR
[10:04:08] [123/296] CCJR
[10:04:09] [124/296] SINF
[10:04:10] [125/296] CPLX
[10:04:11] [126/296] KKTJ
[10:04:12] [127/296] GDBW
[10:04:12] [128/296] CSUB
[10:04:13] [129/296] DABA
[10:04:14] [130/296] TITR
[10:04:16] [131/296] NYCR
[10:04:17] [132/296] RTRY
[10:04:17] [133/296] JTJL
[10:04:18] [134/296] SJCP
[10:04:19] [135/296] KCCA
[10:04:19] [136/296] MLPG
[10:04:20] [137/296] VRCK
[10:04:21] [138/296] SRIN
[10:04:22] [139/296] CXMK
[10:04:23] [140/296] SKAD
[10:04:24] [141/296] AVTR
[10:04:25] [142/296] PTAJ
[10:04:26] [143/296] SCNK
[10:04:26] [144/296] STTI
[10:04:27] [145/296] KACR
[10:04:28] [146/296] SSDX
[10:04:29] [147/296] VRTJ
[10:04:30] [148/296] RAJD
[10:04:30] [149/296] SCIP
[10:04:31] [150/296] RJSL
[10:04:32] [151/296] ARRS
[10:04:33] [152/296] ASMS
[10:04:34] [153/296] RDTS
[10:04:35] [154/296] DVMY
[10:04:35] [155/296] RASA
[10:04:36] [156/296] INOM
[10:04:37] [157/296] SPRS
[10:04:38] [158/296] SGCS
[10:04:39] [159/296] SALM
[10:04:40] [160/296] PKHC
[10:04:41] [161/296] RCSV
[10:04:41] [162/296] CPKC
[10:04:42] [163/296] AACD
[10:04:43] [164/296] GGCV
[10:04:44] [165/296] SMKD
[10:04:44] [166/296] NBCH
[10:04:45] [167/296] AMCB
[10:04:46] [168/296] OPCN
[10:04:47] [169/296] DCIN
[10:04:48] [170/296] INGW
[10:04:48] [171/296] PKKW
[10:04:49] [172/296] FNGW
[10:04:50] [173/296] GCGD
[10:04:51] [174/296] MSTW
[10:04:52] [175/296] KCCG
[10:04:53] [176/296] MRSS
[10:04:53] [177/296] CLCF
[10:04:54] [178/296] EETS
[10:04:55] [179/296] AATR
[10:04:56] [180/296] CMMN
[10:04:57] [181/296] SCCJ
[10:04:58] [182/296] CDTK
[10:04:59] [183/296] AICP
[10:04:59] [184/296] FNBP
[10:05:00] [185/296] CBPB
[10:05:01] [186/296] CPAS
[10:05:03] [187/296] MAPM
[10:05:03] [188/296] PASD
[10:05:04] [189/296] JCMN
[10:05:05] [190/296] MALB
[10:05:06] [191/296] SACG
[10:05:08] [192/296] DDRX
[10:05:09] [193/296] DDXB
[10:05:09] [194/296] RAMC
[10:05:10] [195/296] SANC
[10:05:11] [196/296] BCBP
[10:05:12] [197/296] ALPC
[10:05:13] [198/296] RBAC
[10:05:13] [199/296] RAJL
[10:05:14] [200/296] MPDX
[10:05:15] [201/296] MUSC
[10:05:16] [202/296] VKMK
[10:05:17] [203/296] SKCG
[10:05:18] [204/296] ANCN
[10:05:19] [205/296] MMCJ
[10:05:20] [206/296] DCAK
[10:05:21] [207/296] SCKG
[10:05:22] [208/296] LMCK
[10:05:23] [209/296] CKKX
[10:05:24] [210/296] ANKU
[10:05:25] [211/296] CSMD
[10:05:26] [212/296] MKMP
[10:05:27] [213/296] SVBG
[10:05:28] [214/296] ROOP
[10:05:29] [215/296] GDMT
[10:05:29] [216/296] FPPF
[10:05:30] [217/296] SFUU
[10:05:31] [218/296] ANCB
[10:05:32] [219/296] SMMC
[10:05:33] [220/296] UGKT
[10:05:34] [221/296] JVRM
[10:05:35] [222/296] BATG
[10:05:35] [223/296] RATE
[10:05:36] [224/296] SKME
[10:05:37] [225/296] LMTP
[10:05:38] [226/296] TCBD
[10:05:39] [227/296] ESBD
[10:05:40] [228/296] GDCU
[10:05:40] [229/296] SNKT
[10:05:41] [230/296] SRNK
[10:05:42] [231/296] SMED
[10:05:42] [232/296] CSQS
[10:05:44] [233/296] ALCS
[10:05:45] [234/296] KCKN
[10:05:46] [235/296] VCCL
[10:05:46] [236/296] MCDA
[10:05:47] [237/296] SHMI
[10:05:48] [238/296] SKHA
[10:05:49] [239/296] SVFK
[10:05:50] [240/296] INVB
[10:05:51] [241/296] MELD
[10:05:52] [242/296] JTYS
[10:05:53] [243/296] INCM
[10:05:53] [244/296] MCDV
[10:05:54] [245/296] KSGK
[10:05:55] [246/296] ICMG
[10:05:56] [247/296] CSCV
[10:05:56] [248/296] STMD
[10:05:57] [249/296] STTR
[10:05:58] [250/296] INVC
[10:05:59] [251/296] JTBL
[10:06:00] [252/296] SRVV
[10:06:02] [253/296] MAVC
[10:06:02] [254/296] SRPP
[10:06:03] [255/296] JGDM
[10:06:04] [256/296] MBSJ
[10:06:05] [257/296] SSLL
[10:06:06] [258/296] SLKP
[10:06:07] [259/296] NSRV
[10:06:08] [260/296] UTDV
[10:06:09] [261/296] KICM
[10:06:10] [262/296] KCMD
[10:06:11] [263/296] TTPP
[10:06:11] [264/296] KMPV
[10:06:12] [265/296] SKTV
[10:06:13] [266/296] STCV
[10:06:14] [267/296] SRDA
[10:06:15] [268/296] JTSX
[10:06:16] [269/296] STBV
[10:06:18] [270/296] APVZ
[10:06:19] [271/296] GSTV
[10:06:19] [272/296] NMVS
[10:06:20] [273/296] SKRT
[10:06:21] [274/296] RMDV
[10:06:22] [275/296] RATG
[10:06:23] [276/296] SJYV
[10:06:24] [277/296] NDGP
[10:06:25] [278/296] SNDG
[10:06:26] [279/296] INSR
[10:06:27] [280/296] INSO
[10:06:27] [281/296] CCSI
[10:06:28] [282/296] RASM
[10:06:29] [283/296] NEWC
[10:06:31] [284/296] VSHL
[10:06:31] [285/296] BISW
[10:06:32] [286/296] GCNG
[10:06:34] [287/296] CWSC
[10:06:35] [288/296] SKAN
[10:06:35] [289/296] SEHP
[10:06:36] [290/296] CCOA
[10:06:37] [291/296] MCAJ
[10:06:38] [292/296] ACDE
[10:06:39] [293/296] AACM
[10:06:39] [294/296] JJCK
[10:06:40] [295/296] RCMO
[10:06:41] [296/296] GDAW
[10:06:42] 🧹 Deduping shows
[10:06:42] ✅ DONE | Shows=414 | Movies=33
