[10:02:16] 🚀 SCRIPT STARTED
[10:02:16] [1/324] GCTA
[10:02:16] 🧠 New identity created
[10:02:17] [2/324] TOPN
[10:02:17] [3/324] MCUS
[10:02:18] [4/324] SHRL
[10:02:19] [5/324] UPTP
[10:02:21] [6/324] TMMP
[10:02:22] [7/324] DNRP
[10:02:22] [8/324] SRLT
[10:02:23] [9/324] RCNS
[10:02:24] [10/324] DCBH
[10:02:25] [11/324] NAGJ
[10:02:26] [12/324] JVRC
[10:02:27] [13/324] KRJG
[10:02:28] [14/324] SRTJ
[10:02:28] [15/324] CMXM
[10:02:30] [16/324] STMI
[10:02:30] [17/324] SLST
[10:02:32] [18/324] DTCN
[10:02:32] [19/324] STYN
[10:02:33] [20/324] SZVR
[10:02:34] [21/324] SRKO
[10:02:35] [22/324] JTGT
[10:02:36] [23/324] SVFD
[10:02:38] [24/324] SISD
[10:02:39] [25/324] ABDD
[10:02:39] [26/324] DRCA
[10:02:40] [27/324] AVCS
[10:02:41] [28/324] MVKH
[10:02:42] [29/324] ACPR
[10:02:43] [30/324] STIP
[10:02:44] [31/324] MTRA
[10:02:45] [32/324] RMKH
[10:02:45] [33/324] NKRL
[10:02:46] [34/324] PCWN
[10:02:47] [35/324] BLMT
[10:02:49] [36/324] GDPG
[10:02:50] [37/324] SRMX
[10:02:51] [38/324] JACP
[10:02:51] [39/324] CPSH
[10:02:52] [40/324] MCCD
[10:02:53] [41/324] ECGH
[10:02:54] [42/324] MKCK
[10:02:55] [43/324] SRMM
[10:02:56] [44/324] SKYR
[10:02:57] [45/324] PCKC
[10:02:58] [46/324] JCMA
[10:02:59] [47/324] BSMP
[10:03:00] [48/324] VSPA
[10:03:02] [49/324] DJYA
[10:03:02] [50/324] DIMP
[10:03:03] [51/324] FXDR
[10:03:04] [52/324] SSRC
[10:03:05] [53/324] STHP
[10:03:06] [54/324] CPPD
[10:03:06] [55/324] FCLK
[10:03:08] [56/324] SCPP
[10:03:09] [57/324] DCMJ
[10:03:10] [58/324] RCCR
[10:03:11] [59/324] INMT
[10:03:12] [60/324] LXTK
[10:03:13] [61/324] SRYK
[10:03:13] [62/324] SGDK
[10:03:15] [63/324] PPKA
[10:03:15] [64/324] SPKA
[10:03:16] [65/324] CGHH
[10:03:17] [66/324] DCJN
[10:03:19] [67/324] SRKV
[10:03:20] [68/324] SAJC
[10:03:21] [69/324] SUSR
[10:03:22] [70/324] STYG
[10:03:23] [71/324] NTKP
[10:03:24] [72/324] AKTG
[10:03:25] [73/324] CGCM
[10:03:25] [74/324] TULC
[10:03:26] [75/324] NYYZ
[10:03:27] [76/324] NYBW
[10:03:28] [77/324] MACB
[10:03:29] [78/324] SLVT
[10:03:29] [79/324] SANA
[10:03:30] [80/324] ACMR
[10:03:31] [81/324] CPKN
[10:03:32] [82/324] DLGK
[10:03:33] [83/324] CWCK
[10:03:34] [84/324] FDDH
[10:03:35] [85/324] MMMD
[10:03:36] [86/324] CMEH
[10:03:37] [87/324] GGGV
[10:03:38] [88/324] SPJL
[10:03:39] [89/324] RCCD
[10:03:40] [90/324] STTZ
[10:03:40] [91/324] BTCF
[10:03:41] [92/324] TSTZ
[10:03:42] [93/324] IPMM
[10:03:43] [94/324] PMPW
[10:03:44] [95/324] PCMZ
[10:03:44] [96/324] ESEM
[10:03:46] [97/324] PIPO
[10:03:46] [98/324] MATK
[10:03:47] [99/324] PGHM
[10:03:48] [100/324] CTSR
[10:03:50] [101/324] CYKR
[10:03:50] [102/324] MSCM
[10:03:51] [103/324] RFNP
[10:03:52] [104/324] PDCP
[10:03:53] [105/324] NPSE
[10:03:54] [106/324] MKML
[10:03:54] [107/324] FTDP
[10:03:55] [108/324] MMXA
[10:03:56] [109/324] CEPO
[10:03:57] [110/324] CMVP
[10:03:58] [111/324] SGTH
[10:03:58] [112/324] SAYN
[10:03:59] [113/324] URVS
[10:04:00] [114/324] VJTN
[10:04:01] [115/324] BBYK
[10:04:02] [116/324] SHBO
[10:04:03] [117/324] VCMR
[10:04:04] [118/324] MACT
[10:04:05] [119/324] JMNP
[10:04:06] [120/324] VICS
[10:04:07] [121/324] VCDA
[10:04:08] [122/324] GCMM
[10:04:08] [123/324] INVS
[10:04:09] [124/324] SCGM
[10:04:10] [125/324] PCDA
[10:04:11] [126/324] KDCT
[10:04:12] [127/324] JACS
[10:04:12] [128/324] GMMC
[10:04:13] [129/324] AICM
[10:04:14] [130/324] TJCM
[10:04:15] [131/324] RMTI
[10:04:15] [132/324] SHAC
[10:04:17] [133/324] APJC
[10:04:18] [134/324] GCTG
[10:04:19] [135/324] SSMC
[10:04:19] [136/324] THRM
[10:04:20] [137/324] RBCT
[10:04:21] [138/324] DIKT
[10:04:22] [139/324] MIDL
[10:04:23] [140/324] VCSN
[10:04:24] [141/324] SKTG
[10:04:25] [142/324] SMWC
[10:04:26] [143/324] MNKH
[10:04:27] [144/324] PIAT
[10:04:28] [145/324] LTTP
[10:04:29] [146/324] PTPU
[10:04:30] [147/324] ACMG
[10:04:31] [148/324] SHMM
[10:04:31] [149/324] MCMN
[10:04:32] [150/324] GLDC
[10:04:33] [151/324] HOUT
[10:04:35] [152/324] SVRP
[10:04:36] [153/324] PVDN
[10:04:37] [154/324] SCPY
[10:04:38] [155/324] DTPY
[10:04:39] [156/324] GKCS
[10:04:40] [157/324] NCAM
[10:04:41] [158/324] BSRM
[10:04:42] [159/324] RCLC
[10:04:43] [160/324] SKKD
[10:04:44] [161/324] ACHU
[10:04:44] [162/324] RSCF
[10:04:46] [163/324] IMSH
[10:04:47] [164/324] MACX
[10:04:48] [165/324] HMMW
[10:04:48] [166/324] JTCP
[10:04:49] [167/324] SREN
[10:04:51] [168/324] PJRR
[10:04:51] [169/324] INAC
[10:04:52] [170/324] BMCA
[10:04:53] [171/324] SHCB
[10:04:54] [172/324] GABA
[10:04:54] [173/324] SBCT
[10:04:55] [174/324] GCMA
[10:04:56] [175/324] MYTK
[10:04:57] [176/324] INZS
[10:04:58] [177/324] RMIK
[10:04:58] [178/324] NYCH
[10:04:59] [179/324] RAVE
[10:05:00] [180/324] PSXM
[10:05:01] [181/324] MCGP
[10:05:02] [182/324] PDDK
[10:05:03] [183/324] SPCK
[10:05:04] [184/324] MCRL
[10:05:05] [185/324] MHKT
[10:05:05] [186/324] ANRR
[10:05:06] [187/324] SAPK
[10:05:07] [188/324] NCUK
[10:05:08] [189/324] JUGA
[10:05:09] [190/324] DBSC
[10:05:10] [191/324] LALK
[10:05:11] [192/324] GUCK
[10:05:12] [193/324] STSG
[10:05:12] [194/324] PPPZ
[10:05:13] [195/324] CNCY
[10:05:15] [196/324] MTAR
[10:05:15] [197/324] VNKD
[10:05:16] [198/324] KMAJ
[10:05:17] [199/324] ACXK
[10:05:18] [200/324] UTKC
[10:05:19] [201/324] PBLK
[10:05:20] [202/324] ACBX
[10:05:20] [203/324] PTGM
[10:05:22] [204/324] BTDA
[10:05:23] [205/324] PJMB
[10:05:25] [206/324] TPDA
[10:05:25] [207/324] AMOE
[10:05:26] [208/324] PRHT
[10:05:28] [209/324] PRTA
[10:05:28] [210/324] STAM
[10:05:30] [211/324] MSAA
[10:05:31] [212/324] SDLU
[10:05:32] [213/324] RCHH
[10:05:34] [214/324] KANT
[10:05:34] [215/324] FCRT
[10:05:35] [216/324] DNKM
[10:05:36] [217/324] RYCP
[10:05:37] [218/324] MYRP
[10:05:37] [219/324] PPAK
[10:05:38] [220/324] NVPK
[10:05:39] [221/324] PRMC
[10:05:40] [222/324] JBCS
[10:05:40] [223/324] GXCK
[10:05:41] [224/324] USKO
[10:05:42] [225/324] GTEM
[10:05:43] [226/324] SMBU
[10:05:44] [227/324] VETC
[10:05:45] [228/324] LCDA
[10:05:45] [229/324] MTVT
[10:05:46] [230/324] PYCP
[10:05:47] [231/324] PNSC
[10:05:48] [232/324] PPCC
[10:05:49] [233/324] TGRT
[10:05:50] [234/324] JYOT
[10:05:51] [235/324] SRCZ
[10:05:52] [236/324] SJTE
[10:05:52] [237/324] DESC
[10:05:53] [238/324] JHVN
[10:05:54] [239/324] IPSG
[10:05:55] [240/324] IPCM
[10:05:57] [241/324] PDRS
[10:05:57] [242/324] ANCV
[10:05:58] [243/324] CMVV
[10:05:59] [244/324] SHYP
[10:06:00] [245/324] DNCS
[10:06:01] [246/324] GAJK
[10:06:01] [247/324] AKTN
[10:06:02] [248/324] KAYA
[10:06:03] [249/324] SBRC
[10:06:04] [250/324] CHTP
[10:06:05] [251/324] SHRT
[10:06:06] [252/324] BCKU
[10:06:06] [253/324] FCPS
[10:06:07] [254/324] ARDD
[10:06:08] [255/324] CPCM
[10:06:09] [256/324] CGSM
[10:06:10] [257/324] PSMP
[10:06:11] [258/324] SDAL
[10:06:11] [259/324] RTNB
[10:06:12] [260/324] LMCR
[10:06:13] [261/324] CIMA
[10:06:14] [262/324] RNAS
[10:06:15] [263/324] LITH
[10:06:15] [264/324] PBOX
[10:06:16] [265/324] FRTS
[10:06:17] [266/324] RKIC
[10:06:18] [267/324] PTAI
[10:06:18] [268/324] GCIC
[10:06:19] [269/324] FNAS
[10:06:20] [270/324] SCAR
[10:06:21] [271/324] MTCA
[10:06:22] [272/324] SCTS
[10:06:22] [273/324] SYCS
[10:06:23] [274/324] RDMS
[10:06:24] [275/324] KAMP
[10:06:25] [276/324] ERSD
[10:06:26] [277/324] MJMJ
[10:06:27] [278/324] SRCJ
[10:06:29] [279/324] SCXE
[10:06:29] [280/324] SVFR
[10:06:30] [281/324] BHCS
[10:06:31] [282/324] IMCC
[10:06:32] [283/324] PCBO
[10:06:32] [284/324] PRVN
[10:06:33] [285/324] AUPM
[10:06:34] [286/324] INBW
[10:06:35] [287/324] SVCW
[10:06:36] [288/324] RKCF
[10:06:37] [289/324] UVBH
[10:06:38] [290/324] DNCY
[10:06:39] [291/324] ABCN
[10:06:40] [292/324] PRUR
[10:06:42] [293/324] PFMR
[10:06:43] [294/324] RKCN
[10:06:44] [295/324] CFEA
[10:06:45] [296/324] SDBG
[10:06:46] [297/324] SNAR
[10:06:48] [298/324] YISI
[10:06:48] [299/324] JCFF
[10:06:49] [300/324] VTRK
[10:06:50] [301/324] PCLZ
[10:06:51] [302/324] DIMY
[10:06:52] [303/324] BBTS
[10:06:53] [304/324] GATH
[10:06:53] [305/324] GTMN
[10:06:55] [306/324] VTMH
[10:06:55] [307/324] CCKP
[10:06:56] [308/324] GPKA
[10:06:57] [309/324] MHCL
[10:06:59] [310/324] ATCL
[10:06:59] [311/324] SBCK
[10:07:00] [312/324] AMMR
[10:07:01] [313/324] MADC
[10:07:02] [314/324] TMMA
[10:07:02] [315/324] CACC
[10:07:03] [316/324] CHAL
[10:07:04] [317/324] DURG
[10:07:05] [318/324] GMKU
[10:07:06] [319/324] GECA
[10:07:06] [320/324] KYRR
[10:07:07] [321/324] KSDE
[10:07:08] [322/324] LMCI
[10:07:09] [323/324] NKCP
[10:07:09] [324/324] BGTC
[10:07:10] 🧹 Deduping shows
[10:07:10] ✅ DONE | Shows=495 | Movies=43
[16:46:30] 🚀 SCRIPT STARTED
[16:46:30] [1/324] GCTA
[16:46:30] 🧠 New identity created
[16:46:31] [2/324] TOPN
[16:46:31] [3/324] MCUS
[16:46:33] [4/324] SHRL
[16:46:34] [5/324] UPTP
[16:46:34] [6/324] TMMP
[16:46:35] [7/324] DNRP
[16:46:36] [8/324] SRLT
[16:46:37] [9/324] RCNS
[16:46:38] [10/324] DCBH
[16:46:39] [11/324] NAGJ
[16:46:40] [12/324] JVRC
[16:46:41] [13/324] KRJG
[16:46:42] [14/324] SRTJ
[16:46:43] [15/324] CMXM
[16:46:43] [16/324] STMI
[16:46:44] [17/324] SLST
[16:46:45] [18/324] DTCN
[16:46:46] [19/324] STYN
[16:46:47] [20/324] SZVR
[16:46:47] [21/324] SRKO
[16:46:48] [22/324] JTGT
[16:46:49] [23/324] SVFD
[16:46:51] [24/324] SISD
[16:46:52] [25/324] ABDD
[16:46:53] [26/324] DRCA
[16:46:54] [27/324] AVCS
[16:46:55] [28/324] MVKH
[16:46:56] [29/324] ACPR
[16:46:57] [30/324] STIP
[16:46:58] [31/324] MTRA
[16:46:59] [32/324] RMKH
[16:46:59] [33/324] NKRL
[16:47:00] [34/324] PCWN
[16:47:01] [35/324] BLMT
[16:47:02] [36/324] GDPG
[16:47:02] [37/324] SRMX
[16:47:03] [38/324] JACP
[16:47:04] [39/324] CPSH
[16:47:05] [40/324] MCCD
[16:47:06] [41/324] ECGH
[16:47:07] [42/324] MKCK
[16:47:08] [43/324] SRMM
[16:47:09] [44/324] SKYR
[16:47:09] [45/324] PCKC
[16:47:10] [46/324] JCMA
[16:47:11] [47/324] BSMP
[16:47:12] [48/324] VSPA
[16:47:13] [49/324] DJYA
[16:47:13] [50/324] DIMP
[16:47:14] [51/324] FXDR
[16:47:15] [52/324] SSRC
[16:47:16] [53/324] STHP
[16:47:17] [54/324] CPPD
[16:47:17] [55/324] FCLK
[16:47:18] [56/324] SCPP
[16:47:19] [57/324] DCMJ
[16:47:20] [58/324] RCCR
[16:47:21] [59/324] INMT
[16:47:21] [60/324] LXTK
[16:47:22] [61/324] SRYK
[16:47:23] [62/324] SGDK
[16:47:24] [63/324] PPKA
[16:47:25] [64/324] SPKA
[16:47:25] [65/324] CGHH
[16:47:26] [66/324] DCJN
[16:47:27] [67/324] SRKV
[16:47:28] [68/324] SAJC
[16:47:29] [69/324] SUSR
[16:47:29] [70/324] STYG
[16:47:30] [71/324] NTKP
[16:47:32] [72/324] AKTG
[16:47:32] [73/324] CGCM
[16:47:33] [74/324] TULC
[16:47:34] [75/324] NYYZ
[16:47:35] [76/324] NYBW
[16:47:36] [77/324] MACB
[16:47:37] [78/324] SLVT
[16:47:38] [79/324] SANA
[16:47:38] [80/324] ACMR
[16:47:39] [81/324] CPKN
[16:47:40] [82/324] DLGK
[16:47:41] [83/324] CWCK
[16:47:42] [84/324] FDDH
[16:47:43] [85/324] MMMD
[16:47:44] [86/324] CMEH
[16:47:44] [87/324] GGGV
[16:47:45] [88/324] SPJL
[16:47:46] [89/324] RCCD
[16:47:47] [90/324] STTZ
[16:47:48] [91/324] BTCF
[16:47:49] [92/324] TSTZ
[16:47:50] [93/324] IPMM
[16:47:50] [94/324] PMPW
[16:47:51] [95/324] PCMZ
[16:47:53] [96/324] ESEM
[16:47:54] [97/324] PIPO
[16:47:55] [98/324] MATK
[16:47:56] [99/324] PGHM
[16:47:57] [100/324] CTSR
[16:47:59] [101/324] CYKR
[16:47:59] [102/324] MSCM
[16:48:00] [103/324] RFNP
[16:48:01] [104/324] PDCP
[16:48:02] [105/324] NPSE
[16:48:02] [106/324] MKML
[16:48:04] [107/324] FTDP
[16:48:05] [108/324] MMXA
[16:48:06] [109/324] CEPO
[16:48:06] [110/324] CMVP
[16:48:07] [111/324] SGTH
[16:48:08] [112/324] SAYN
[16:48:09] [113/324] URVS
[16:48:10] [114/324] VJTN
[16:48:11] [115/324] BBYK
[16:48:12] [116/324] SHBO
[16:48:13] [117/324] VCMR
[16:48:13] [118/324] MACT
[16:48:14] [119/324] JMNP
[16:48:15] [120/324] VICS
[16:48:16] [121/324] VCDA
[16:48:17] [122/324] GCMM
[16:48:17] [123/324] INVS
[16:48:18] [124/324] SCGM
[16:48:19] [125/324] PCDA
[16:48:20] [126/324] KDCT
[16:48:20] [127/324] JACS
[16:48:21] [128/324] GMMC
[16:48:22] [129/324] AICM
[16:48:23] [130/324] TJCM
[16:48:24] [131/324] RMTI
[16:48:24] [132/324] SHAC
[16:48:25] [133/324] APJC
[16:48:27] [134/324] GCTG
[16:48:28] [135/324] SSMC
[16:48:28] [136/324] THRM
[16:48:29] [137/324] RBCT
[16:48:30] [138/324] DIKT
[16:48:31] [139/324] MIDL
[16:48:32] [140/324] VCSN
[16:48:33] [141/324] SKTG
[16:48:34] [142/324] SMWC
[16:48:35] [143/324] MNKH
[16:48:36] [144/324] PIAT
[16:48:37] [145/324] LTTP
[16:48:38] [146/324] PTPU
[16:48:39] [147/324] ACMG
[16:48:40] [148/324] SHMM
[16:48:41] [149/324] MCMN
[16:48:42] [150/324] GLDC
[16:48:43] [151/324] HOUT
[16:48:44] [152/324] SVRP
[16:48:45] [153/324] PVDN
[16:48:46] [154/324] SCPY
[16:48:47] [155/324] DTPY
[16:48:48] [156/324] GKCS
[16:48:49] [157/324] NCAM
[16:48:50] [158/324] BSRM
[16:48:51] [159/324] RCLC
[16:48:52] [160/324] SKKD
[16:48:53] [161/324] ACHU
[16:48:54] [162/324] RSCF
[16:48:54] [163/324] IMSH
[16:48:55] [164/324] MACX
[16:48:56] [165/324] HMMW
[16:48:57] [166/324] JTCP
[16:48:58] [167/324] SREN
[16:48:58] [168/324] PJRR
[16:48:59] [169/324] INAC
[16:49:00] [170/324] BMCA
[16:49:01] [171/324] SHCB
[16:49:02] [172/324] GABA
[16:49:03] [173/324] SBCT
[16:49:04] [174/324] GCMA
[16:49:04] [175/324] MYTK
[16:49:06] [176/324] INZS
[16:49:07] [177/324] RMIK
[16:49:07] [178/324] NYCH
[16:49:08] [179/324] RAVE
[16:49:09] [180/324] PSXM
[16:49:10] [181/324] MCGP
[16:49:10] [182/324] PDDK
[16:49:11] [183/324] SPCK
[16:49:12] [184/324] MCRL
[16:49:13] [185/324] MHKT
[16:49:14] [186/324] ANRR
[16:49:16] [187/324] SAPK
[16:49:16] [188/324] NCUK
[16:49:17] [189/324] JUGA
[16:49:18] [190/324] DBSC
[16:49:19] [191/324] LALK
[16:49:20] [192/324] GUCK
[16:49:21] [193/324] STSG
[16:49:21] [194/324] PPPZ
[16:49:22] [195/324] CNCY
[16:49:24] [196/324] MTAR
[16:49:24] [197/324] VNKD
[16:49:25] [198/324] KMAJ
[16:49:26] [199/324] ACXK
[16:49:27] [200/324] UTKC
[16:49:28] [201/324] PBLK
[16:49:29] [202/324] ACBX
[16:49:29] [203/324] PTGM
[16:49:31] [204/324] BTDA
[16:49:32] [205/324] PJMB
[16:49:33] [206/324] TPDA
[16:49:33] [207/324] AMOE
[16:49:34] [208/324] PRHT
[16:49:35] [209/324] PRTA
[16:49:37] [210/324] STAM
[16:49:38] [211/324] MSAA
[16:49:39] [212/324] SDLU
[16:49:40] [213/324] RCHH
[16:49:41] [214/324] KANT
[16:49:42] [215/324] FCRT
[16:49:43] [216/324] DNKM
[16:49:44] [217/324] RYCP
[16:49:45] [218/324] MYRP
[16:49:45] [219/324] PPAK
[16:49:46] [220/324] NVPK
[16:49:48] [221/324] PRMC
[16:49:49] [222/324] JBCS
[16:49:50] [223/324] GXCK
[16:49:51] [224/324] USKO
[16:49:52] [225/324] GTEM
[16:49:53] [226/324] SMBU
[16:49:53] [227/324] VETC
[16:49:54] [228/324] LCDA
[16:49:55] [229/324] MTVT
[16:49:56] [230/324] PYCP
[16:49:56] [231/324] PNSC
[16:49:57] [232/324] PPCC
[16:49:58] [233/324] TGRT
[16:49:59] [234/324] JYOT
[16:50:00] [235/324] SRCZ
[16:50:00] [236/324] SJTE
[16:50:01] [237/324] DESC
[16:50:02] [238/324] JHVN
[16:50:03] [239/324] IPSG
[16:50:04] [240/324] IPCM
[16:50:05] [241/324] PDRS
[16:50:05] [242/324] ANCV
[16:50:06] [243/324] CMVV
[16:50:07] [244/324] SHYP
[16:50:08] [245/324] DNCS
[16:50:09] [246/324] GAJK
[16:50:10] [247/324] AKTN
[16:50:10] [248/324] KAYA
[16:50:12] [249/324] SBRC
[16:50:13] [250/324] CHTP
[16:50:14] [251/324] SHRT
[16:50:15] [252/324] BCKU
[16:50:16] [253/324] FCPS
[16:50:17] [254/324] ARDD
[16:50:18] [255/324] CPCM
[16:50:19] [256/324] CGSM
[16:50:20] [257/324] PSMP
[16:50:21] [258/324] SDAL
[16:50:22] [259/324] RTNB
[16:50:23] [260/324] LMCR
[16:50:23] [261/324] CIMA
[16:50:24] [262/324] RNAS
[16:50:25] [263/324] LITH
[16:50:26] [264/324] PBOX
[16:50:27] [265/324] FRTS
[16:50:28] [266/324] RKIC
[16:50:29] [267/324] PTAI
[16:50:29] [268/324] GCIC
[16:50:30] [269/324] FNAS
[16:50:31] [270/324] SCAR
[16:50:33] [271/324] MTCA
[16:50:34] [272/324] SCTS
[16:50:34] [273/324] SYCS
[16:50:35] [274/324] RDMS
[16:50:37] [275/324] KAMP
[16:50:38] [276/324] ERSD
[16:50:39] [277/324] MJMJ
[16:50:40] [278/324] SRCJ
[16:50:41] [279/324] SCXE
[16:50:42] [280/324] SVFR
[16:50:43] [281/324] BHCS
[16:50:44] [282/324] IMCC
[16:50:44] [283/324] PCBO
[16:50:45] [284/324] PRVN
[16:50:46] [285/324] AUPM
[16:50:47] [286/324] INBW
[16:50:48] [287/324] SVCW
[16:50:49] [288/324] RKCF
[16:50:50] [289/324] UVBH
[16:50:51] [290/324] DNCY
[16:50:51] [291/324] ABCN
[16:50:52] [292/324] PRUR
[16:50:53] [293/324] PFMR
[16:50:54] [294/324] RKCN
[16:50:55] [295/324] CFEA
[16:50:56] [296/324] SDBG
[16:50:57] [297/324] SNAR
[16:50:58] [298/324] YISI
[16:50:58] [299/324] JCFF
[16:50:59] [300/324] VTRK
[16:51:00] [301/324] PCLZ
[16:51:01] [302/324] DIMY
[16:51:03] [303/324] BBTS
[16:51:04] [304/324] GATH
[16:51:04] [305/324] GTMN
[16:51:05] [306/324] VTMH
[16:51:07] [307/324] CCKP
[16:51:07] [308/324] GPKA
[16:51:09] [309/324] MHCL
[16:51:09] [310/324] ATCL
[16:51:10] [311/324] SBCK
[16:51:11] [312/324] AMMR
[16:51:12] [313/324] MADC
[16:51:13] [314/324] TMMA
[16:51:13] [315/324] CACC
[16:51:14] [316/324] CHAL
[16:51:15] [317/324] DURG
[16:51:16] [318/324] GMKU
[16:51:17] [319/324] GECA
[16:51:17] [320/324] KYRR
[16:51:18] [321/324] KSDE
[16:51:19] [322/324] LMCI
[16:51:20] [323/324] NKCP
[16:51:20] [324/324] BGTC
[16:51:21] 🧹 Deduping shows
[16:51:21] ✅ DONE | Shows=504 | Movies=43
