[10:04:18] 🚀 SCRIPT STARTED
[10:04:18] [1/445] TGMR
[10:04:18] 🧠 New identity created
[10:04:19] [2/445] CXKR
[10:04:19] [3/445] SROP
[10:04:21] [4/445] GTSV
[10:04:23] [5/445] SNTY
[10:04:24] [6/445] SMYY
[10:04:25] [7/445] CNCS
[10:04:25] [8/445] CSTM
[10:04:26] [9/445] NUCD
[10:04:27] [10/445] SHCZ
[10:04:28] [11/445] NJCT
[10:04:29] [12/445] COPC
[10:04:29] [13/445] STVV
[10:04:30] [14/445] SKRN
[10:04:31] [15/445] APPZ
[10:04:32] [16/445] YMGN
[10:04:33] [17/445] SVTU
[10:04:34] [18/445] GTAD
[10:04:35] [19/445] PSUS
[10:04:37] [20/445] SMCD
[10:04:38] [21/445] CMCM
[10:04:38] [22/445] SYCT
[10:04:39] [23/445] STLY
[10:04:40] [24/445] CMHU
[10:04:41] [25/445] CMSA
[10:04:42] [26/445] CLCU
[10:04:43] [27/445] PPNT
[10:04:43] [28/445] JTAB
[10:04:44] [29/445] BUUC
[10:04:45] [30/445] BSVK
[10:04:46] [31/445] VVVQ
[10:04:47] [32/445] TKMU
[10:04:48] [33/445] ESYL
[10:04:49] [34/445] ACHP
[10:04:50] [35/445] BTKD
[10:04:51] [36/445] DESA
[10:04:52] [37/445] GBCT
[10:04:52] [38/445] BLLD
[10:04:53] [39/445] SKNT
[10:04:55] [40/445] SSTE
[10:04:56] [41/445] VJMR
[10:04:57] [42/445] NTPU
[10:04:58] [43/445] RDKN
[10:04:59] [44/445] ADGC
[10:05:00] [45/445] VRBP
[10:05:01] [46/445] NMNA
[10:05:01] [47/445] CMMX
[10:05:02] [48/445] PTKO
[10:05:03] [49/445] RBML
[10:05:04] [50/445] SAIC
[10:05:05] [51/445] SVTJ
[10:05:06] [52/445] MRTE
[10:05:07] [53/445] RBTP
[10:05:08] [54/445] NLPS
[10:05:09] [55/445] GTNA
[10:05:10] [56/445] DGGC
[10:05:11] [57/445] SMCR
[10:05:11] [58/445] SCGD
[10:05:12] [59/445] SRRJ
[10:05:13] [60/445] CNRY
[10:05:14] [61/445] KTDI
[10:05:15] [62/445] SNJL
[10:05:15] [63/445] RKMD
[10:05:16] [64/445] SMDC
[10:05:17] [65/445] TADG
[10:05:18] [66/445] MCGS
[10:05:20] [67/445] PETK
[10:05:21] [68/445] CHAG
[10:05:22] [69/445] KSTL
[10:05:23] [70/445] AADS
[10:05:24] [71/445] NTHZ
[10:05:26] [72/445] HCKI
[10:05:26] [73/445] SSEF
[10:05:27] [74/445] MCGX
[10:05:28] [75/445] ERRA
[10:05:29] [76/445] SDTW
[10:05:29] [77/445] RMPK
[10:05:30] [78/445] PTHK
[10:05:31] [79/445] PXCS
[10:05:32] [80/445] SVLU
[10:05:32] [81/445] STAH
[10:05:33] [82/445] JRGF
[10:05:34] [83/445] CDOK
[10:05:35] [84/445] CMSG
[10:05:36] [85/445] APTD
[10:05:37] [86/445] KMPG
[10:05:38] [87/445] MUTJ
[10:05:39] [88/445] VCCI
[10:05:40] [89/445] URBE
[10:05:41] [90/445] TCTS
[10:05:42] [91/445] STSN
[10:05:42] [92/445] AKCH
[10:05:43] [93/445] APSC
[10:05:44] [94/445] VLTB
[10:05:44] [95/445] SANU
[10:05:45] [96/445] AXAM
[10:05:46] [97/445] MGMG
[10:05:46] [98/445] HTBY
[10:05:47] [99/445] MMZS
[10:05:48] [100/445] SUDR
[10:05:49] [101/445] CCAD
[10:05:50] [102/445] SKKC
[10:05:50] [103/445] RMCD
[10:05:51] [104/445] SBCQ
[10:05:52] [105/445] DCCT
[10:05:53] [106/445] VTKP
[10:05:54] [107/445] MLAM
[10:05:55] [108/445] SAVT
[10:05:56] [109/445] GEPL
[10:05:57] [110/445] AMCD
[10:05:58] [111/445] CCXR
[10:05:59] [112/445] GRNG
[10:06:00] [113/445] EBCA
[10:06:00] [114/445] CNVG
[10:06:01] [115/445] MWSS
[10:06:02] [116/445] VBOR
[10:06:03] [117/445] NEEB
[10:06:04] [118/445] SUTH
[10:06:04] [119/445] ANDB
[10:06:05] [120/445] MMXS
[10:06:06] [121/445] CNPD
[10:06:07] [122/445] SDCE
[10:06:09] [123/445] DHCB
[10:06:09] [124/445] ODEN
[10:06:11] [125/445] TNTC
[10:06:12] [126/445] VBKM
[10:06:13] [127/445] RZYM
[10:06:14] [128/445] JEMC
[10:06:15] [129/445] CMAU
[10:06:16] [130/445] SIVP
[10:06:16] [131/445] ATAG
[10:06:17] [132/445] CHTM
[10:06:18] [133/445] AAEE
[10:06:19] [134/445] IWPM
[10:06:20] [135/445] KCMW
[10:06:21] [136/445] MCTD
[10:06:22] [137/445] SPWR
[10:06:23] [138/445] SDPO
[10:06:24] [139/445] PCSK
[10:06:25] [140/445] ACHV
[10:06:25] [141/445] SVLA
[10:06:26] [142/445] PICT
[10:06:27] [143/445] BXDR
[10:06:28] [144/445] SPWA
[10:06:29] [145/445] MCKO
[10:06:30] [146/445] RTHK
[10:06:30] [147/445] CCMF
[10:06:32] [148/445] MRGB
[10:06:32] [149/445] CPLC
[10:06:33] [150/445] RACD
[10:06:34] [151/445] ATKT
[10:06:35] [152/445] SARN
[10:06:36] [153/445] KKUI
[10:06:36] [154/445] RGCM
[10:06:37] [155/445] BRVP
[10:06:38] [156/445] HRSR
[10:06:39] [157/445] GKGM
[10:06:40] [158/445] TTCD
[10:06:41] [159/445] PTTI
[10:06:42] [160/445] MPTT
[10:06:43] [161/445] CVTT
[10:06:43] [162/445] PCXD
[10:06:44] [163/445] GCDC
[10:06:45] [164/445] CCCF
[10:06:46] [165/445] MRAD
[10:06:47] [166/445] CPLK
[10:06:48] [167/445] SATB
[10:06:48] [168/445] SNVG
[10:06:49] [169/445] JMBA
[10:06:50] [170/445] TEJA
[10:06:51] [171/445] STYO
[10:06:52] [172/445] JTBP
[10:06:53] [173/445] KRGD
[10:06:55] [174/445] SLJJ
[10:06:56] [175/445] SPTJ
[10:06:57] [176/445] SWJG
[10:06:58] [177/445] LKRT
[10:06:59] [178/445] KCKA
[10:07:00] [179/445] SNCR
[10:07:01] [180/445] SMKL
[10:07:02] [181/445] GCFA
[10:07:02] [182/445] DDCK
[10:07:03] [183/445] NCHJ
[10:07:04] [184/445] RDMA
[10:07:05] [185/445] SVSV
[10:07:06] [186/445] SCJG
[10:07:07] [187/445] VKLP
[10:07:08] [188/445] NWCC
[10:07:08] [189/445] VKNS
[10:07:09] [190/445] SDDP
[10:07:10] [191/445] ACSI
[10:07:11] [192/445] SATG
[10:07:11] [193/445] SCMW
[10:07:12] [194/445] LKTK
[10:07:13] [195/445] VCKV
[10:07:14] [196/445] KKPE
[10:07:15] [197/445] KIGH
[10:07:15] [198/445] SRPM
[10:07:16] [199/445] SCAH
[10:07:17] [200/445] MUTA
[10:07:18] [201/445] SEPU
[10:07:19] [202/445] INOA
[10:07:20] [203/445] BASK
[10:07:21] [204/445] NECB
[10:07:22] [205/445] GTTG
[10:07:23] [206/445] ASSA
[10:07:24] [207/445] ANCL
[10:07:25] [208/445] GCTI
[10:07:26] [209/445] RCTS
[10:07:27] [210/445] ACNL
[10:07:27] [211/445] MYCT
[10:07:28] [212/445] NMHT
[10:07:29] [213/445] MDIT
[10:07:31] [214/445] LATG
[10:07:32] [215/445] SMTY
[10:07:33] [216/445] CVCT
[10:07:33] [217/445] RAMB
[10:07:34] [218/445] TGMS
[10:07:35] [219/445] BHEL
[10:07:36] [220/445] SHCT
[10:07:37] [221/445] SVCT
[10:07:37] [222/445] MRIY
[10:07:38] [223/445] SARO
[10:07:39] [224/445] STCT
[10:07:40] [225/445] JKKC
[10:07:41] [226/445] PLTT
[10:07:42] [227/445] SRNT
[10:07:43] [228/445] YAST
[10:07:44] [229/445] PERL
[10:07:45] [230/445] CICM
[10:07:46] [231/445] MMTR
[10:07:47] [232/445] ABTK
[10:07:48] [233/445] ATYY
[10:07:49] [234/445] ASTK
[10:07:49] [235/445] VVCK
[10:07:50] [236/445] ATKY
[10:07:51] [237/445] GWEK
[10:07:53] [238/445] SVFH
[10:07:54] [239/445] SLTA
[10:07:54] [240/445] AASH
[10:07:55] [241/445] ACXB
[10:07:56] [242/445] SMTX
[10:07:57] [243/445] AZDH
[10:07:58] [244/445] CMMH
[10:07:59] [245/445] SCSZ
[10:07:59] [246/445] SCKP
[10:08:00] [247/445] NXTM
[10:08:01] [248/445] NWCS
[10:08:02] [249/445] CXMH
[10:08:03] [250/445] PCMA
[10:08:04] [251/445] SGCM
[10:08:05] [252/445] SDTU
[10:08:06] [253/445] MMVI
[10:08:06] [254/445] JKCM
[10:08:07] [255/445] VCMM
[10:08:09] [256/445] SYEE
[10:08:10] [257/445] VASD
[10:08:11] [258/445] BDRB
[10:08:11] [259/445] LASM
[10:08:13] [260/445] DCRL
[10:08:14] [261/445] DVPM
[10:08:15] [262/445] SBMJ
[10:08:16] [263/445] CBMU
[10:08:16] [264/445] IUBS
[10:08:18] [265/445] INAP
[10:08:19] [266/445] SRRC
[10:08:20] [267/445] SAGR
[10:08:21] [268/445] CPMJ
[10:08:21] [269/445] ATJL
[10:08:22] [270/445] NNTD
[10:08:24] [271/445] JHCJ
[10:08:25] [272/445] CMMP
[10:08:25] [273/445] RSDR
[10:08:26] [274/445] AMTI
[10:08:27] [275/445] NYSG
[10:08:28] [276/445] AVSG
[10:08:28] [277/445] SYTP
[10:08:29] [278/445] LARC
[10:08:30] [279/445] RJTP
[10:08:31] [280/445] LAKC
[10:08:32] [281/445] MCXE
[10:08:33] [282/445] CCZC
[10:08:33] [283/445] AVCH
[10:08:34] [284/445] CMBE
[10:08:35] [285/445] MRRC
[10:08:36] [286/445] PCPY
[10:08:37] [287/445] SRMH
[10:08:38] [288/445] SVGS
[10:08:38] [289/445] PCSE
[10:08:39] [290/445] SVFT
[10:08:40] [291/445] TNZP
[10:08:41] [292/445] ICTP
[10:08:42] [293/445] ACTZ
[10:08:43] [294/445] GTUR
[10:08:44] [295/445] MAFC
[10:08:45] [296/445] MINL
[10:08:46] [297/445] MRCL
[10:08:47] [298/445] RCRP
[10:08:48] [299/445] RFFG
[10:08:48] [300/445] RMAS
[10:08:49] [301/445] INVR
[10:08:50] [302/445] RMAR
[10:08:52] [303/445] CNIS
[10:08:53] [304/445] RHRJ
[10:08:54] [305/445] INXR
[10:08:54] [306/445] VALT
[10:08:55] [307/445] LCSH
[10:08:56] [308/445] CMVS
[10:08:57] [309/445] CNMS
[10:08:58] [310/445] ROOG
[10:08:58] [311/445] ISRM
[10:09:00] [312/445] RCRM
[10:09:01] [313/445] ACJA
[10:09:02] [314/445] RCVS
[10:09:02] [315/445] CPUS
[10:09:03] [316/445] TGCS
[10:09:04] [317/445] RKCJ
[10:09:05] [318/445] MKSB
[10:09:06] [319/445] TCSJ
[10:09:07] [320/445] RMGP
[10:09:08] [321/445] CLLP
[10:09:08] [322/445] RCMV
[10:09:09] [323/445] CCKS
[10:09:10] [324/445] RSRP
[10:09:11] [325/445] APLP
[10:09:11] [326/445] CNVS
[10:09:12] [327/445] RMVY
[10:09:13] [328/445] PGBD
[10:09:14] [329/445] KLMS
[10:09:15] [330/445] RUST
[10:09:15] [331/445] MASM
[10:09:16] [332/445] BACS
[10:09:17] [333/445] BWST
[10:09:18] [334/445] RRFH
[10:09:19] [335/445] SJTM
[10:09:20] [336/445] BEMR
[10:09:21] [337/445] MCGR
[10:09:21] [338/445] SDSK
[10:09:22] [339/445] VBOL
[10:09:23] [340/445] RMGM
[10:09:24] [341/445] NOPL
[10:09:25] [342/445] MKJK
[10:09:25] [343/445] CVRN
[10:09:26] [344/445] MMEN
[10:09:27] [345/445] AMNG
[10:09:27] [346/445] INTM
[10:09:28] [347/445] SLCZ
[10:09:29] [348/445] AMJN
[10:09:30] [349/445] ACJN
[10:09:32] [350/445] AMKN
[10:09:33] [351/445] BTCN
[10:09:34] [352/445] AMBT
[10:09:35] [353/445] PACN
[10:09:36] [354/445] LCNS
[10:09:37] [355/445] PPKC
[10:09:38] [356/445] JYYN
[10:09:39] [357/445] JTNR
[10:09:40] [358/445] GTEE
[10:09:41] [359/445] SRNM
[10:09:42] [360/445] SDTC
[10:09:43] [361/445] VPCA
[10:09:43] [362/445] VLRA
[10:09:44] [363/445] SHKR
[10:09:45] [364/445] SBKD
[10:09:46] [365/445] SAAD
[10:09:47] [366/445] JTGN
[10:09:48] [367/445] SLAM
[10:09:48] [368/445] VTPM
[10:09:49] [369/445] ANPT
[10:09:50] [370/445] PUNB
[10:09:51] [371/445] CPKT
[10:09:52] [372/445] CNWE
[10:09:53] [373/445] ECPP
[10:09:54] [374/445] CPAR
[10:09:55] [375/445] ESBW
[10:09:56] [376/445] PKPU
[10:09:56] [377/445] CPRP
[10:09:57] [378/445] RAHU
[10:09:58] [379/445] RHMN
[10:09:59] [380/445] FMJP
[10:09:59] [381/445] CTMP
[10:10:00] [382/445] INPN
[10:10:01] [383/445] STTG
[10:10:02] [384/445] CTRD
[10:10:02] [385/445] PUVB
[10:10:03] [386/445] ESVP
[10:10:04] [387/445] CPFT
[10:10:06] [388/445] LCPC
[10:10:07] [389/445] VBCT
[10:10:07] [390/445] FSCW
[10:10:08] [391/445] VCMP
[10:10:09] [392/445] ASHC
[10:10:10] [393/445] VLCX
[10:10:11] [394/445] SHEV
[10:10:12] [395/445] APCO
[10:10:13] [396/445] SILC
[10:10:14] [397/445] SNMR
[10:10:15] [398/445] KYBO
[10:10:16] [399/445] SATK
[10:10:17] [400/445] SSCS
[10:10:17] [401/445] CLSB
[10:10:18] [402/445] KMJR
[10:10:19] [403/445] FSCK
[10:10:20] [404/445] NNKA
[10:10:21] [405/445] CLMK
[10:10:22] [406/445] DMPZ
[10:10:23] [407/445] INQM
[10:10:23] [408/445] CAML
[10:10:24] [409/445] INRK
[10:10:25] [410/445] IMKN
[10:10:26] [411/445] SVNR
[10:10:27] [412/445] INSL
[10:10:28] [413/445] MSMA
[10:10:29] [414/445] MCKK
[10:10:29] [415/445] FCHP
[10:10:30] [416/445] SFCR
[10:10:31] [417/445] NACK
[10:10:32] [418/445] PVAK
[10:10:33] [419/445] INER
[10:10:35] [420/445] RDBK
[10:10:35] [421/445] SVFN
[10:10:36] [422/445] IFRM
[10:10:37] [423/445] ATCK
[10:10:39] [424/445] ASKO
[10:10:40] [425/445] STKT
[10:10:41] [426/445] SVFB
[10:10:42] [427/445] INKS
[10:10:42] [428/445] PCRA
[10:10:43] [429/445] ATJA
[10:10:44] [430/445] IMJN
[10:10:45] [431/445] INHD
[10:10:46] [432/445] BARA
[10:10:47] [433/445] MCSL
[10:10:48] [434/445] RTOY
[10:10:49] [435/445] MENO
[10:10:49] [436/445] PUDM
[10:10:50] [437/445] PRCN
[10:10:51] [438/445] JMJR
[10:10:52] [439/445] SSGK
[10:10:54] [440/445] SSRL
[10:10:54] [441/445] JYKL
[10:10:55] [442/445] ACNB
[10:10:56] [443/445] SONP
[10:10:57] [444/445] EMCI
[10:10:58] [445/445] MRJH
[10:10:59] 🧹 Deduping shows
[10:10:59] ✅ DONE | Shows=621 | Movies=42
[16:48:28] 🚀 SCRIPT STARTED
[16:48:28] [1/445] TGMR
[16:48:28] 🧠 New identity created
[16:48:29] [2/445] CXKR
[16:48:30] [3/445] SROP
[16:48:30] [4/445] GTSV
[16:48:32] [5/445] SNTY
[16:48:33] [6/445] SMYY
[16:48:34] [7/445] CNCS
[16:48:35] [8/445] CSTM
[16:48:36] [9/445] NUCD
[16:48:37] [10/445] SHCZ
[16:48:38] [11/445] NJCT
[16:48:39] [12/445] COPC
[16:48:40] [13/445] STVV
[16:48:41] [14/445] SKRN
[16:48:42] [15/445] APPZ
[16:48:42] [16/445] YMGN
[16:48:43] [17/445] SVTU
[16:48:44] [18/445] GTAD
[16:48:45] [19/445] PSUS
[16:48:45] [20/445] SMCD
[16:48:46] [21/445] CMCM
[16:48:47] [22/445] SYCT
[16:48:48] [23/445] STLY
[16:48:49] [24/445] CMHU
[16:48:50] [25/445] CMSA
[16:48:51] [26/445] CLCU
[16:48:52] [27/445] PPNT
[16:48:53] [28/445] JTAB
[16:48:54] [29/445] BUUC
[16:48:55] [30/445] BSVK
[16:48:56] [31/445] VVVQ
[16:48:56] [32/445] TKMU
[16:48:57] [33/445] ESYL
[16:48:58] [34/445] ACHP
[16:48:59] [35/445] BTKD
[16:49:00] [36/445] DESA
[16:49:01] [37/445] GBCT
[16:49:01] [38/445] BLLD
[16:49:02] [39/445] SKNT
[16:49:03] [40/445] SSTE
[16:49:04] [41/445] VJMR
[16:49:06] [42/445] NTPU
[16:49:07] [43/445] RDKN
[16:49:07] [44/445] ADGC
[16:49:08] [45/445] VRBP
[16:49:09] [46/445] NMNA
[16:49:10] [47/445] CMMX
[16:49:11] [48/445] PTKO
[16:49:12] [49/445] RBML
[16:49:12] [50/445] SAIC
[16:49:14] [51/445] SVTJ
[16:49:15] [52/445] MRTE
[16:49:15] [53/445] RBTP
[16:49:16] [54/445] NLPS
[16:49:17] [55/445] GTNA
[16:49:19] [56/445] DGGC
[16:49:20] [57/445] SMCR
[16:49:21] [58/445] SCGD
[16:49:21] [59/445] SRRJ
[16:49:22] [60/445] CNRY
[16:49:23] [61/445] KTDI
[16:49:24] [62/445] SNJL
[16:49:25] [63/445] RKMD
[16:49:26] [64/445] SMDC
[16:49:27] [65/445] TADG
[16:49:28] [66/445] MCGS
[16:49:29] [67/445] PETK
[16:49:30] [68/445] CHAG
[16:49:31] [69/445] KSTL
[16:49:32] [70/445] AADS
[16:49:32] [71/445] NTHZ
[16:49:33] [72/445] HCKI
[16:49:34] [73/445] SSEF
[16:49:35] [74/445] MCGX
[16:49:36] [75/445] ERRA
[16:49:36] [76/445] SDTW
[16:49:37] [77/445] RMPK
[16:49:38] [78/445] PTHK
[16:49:39] [79/445] PXCS
[16:49:40] [80/445] SVLU
[16:49:41] [81/445] STAH
[16:49:42] [82/445] JRGF
[16:49:42] [83/445] CDOK
[16:49:43] [84/445] CMSG
[16:49:44] [85/445] APTD
[16:49:45] [86/445] KMPG
[16:49:46] [87/445] MUTJ
[16:49:47] [88/445] VCCI
[16:49:48] [89/445] URBE
[16:49:49] [90/445] TCTS
[16:49:50] [91/445] STSN
[16:49:52] [92/445] AKCH
[16:49:52] [93/445] APSC
[16:49:53] [94/445] VLTB
[16:49:54] [95/445] SANU
[16:49:55] [96/445] AXAM
[16:49:56] [97/445] MGMG
[16:49:57] [98/445] HTBY
[16:49:58] [99/445] MMZS
[16:49:59] [100/445] SUDR
[16:50:00] [101/445] CCAD
[16:50:01] [102/445] SKKC
[16:50:02] [103/445] RMCD
[16:50:03] [104/445] SBCQ
[16:50:03] [105/445] DCCT
[16:50:04] [106/445] VTKP
[16:50:05] [107/445] MLAM
[16:50:06] [108/445] SAVT
[16:50:07] [109/445] GEPL
[16:50:07] [110/445] AMCD
[16:50:08] [111/445] CCXR
[16:50:09] [112/445] GRNG
[16:50:10] [113/445] EBCA
[16:50:11] [114/445] CNVG
[16:50:12] [115/445] MWSS
[16:50:13] [116/445] VBOR
[16:50:13] [117/445] NEEB
[16:50:14] [118/445] SUTH
[16:50:15] [119/445] ANDB
[16:50:16] [120/445] MMXS
[16:50:16] [121/445] CNPD
[16:50:17] [122/445] SDCE
[16:50:19] [123/445] DHCB
[16:50:20] [124/445] ODEN
[16:50:21] [125/445] TNTC
[16:50:21] [126/445] VBKM
[16:50:22] [127/445] RZYM
[16:50:23] [128/445] JEMC
[16:50:24] [129/445] CMAU
[16:50:25] [130/445] SIVP
[16:50:26] [131/445] ATAG
[16:50:28] [132/445] CHTM
[16:50:29] [133/445] AAEE
[16:50:29] [134/445] IWPM
[16:50:30] [135/445] KCMW
[16:50:31] [136/445] MCTD
[16:50:32] [137/445] SPWR
[16:50:33] [138/445] SDPO
[16:50:33] [139/445] PCSK
[16:50:34] [140/445] ACHV
[16:50:35] [141/445] SVLA
[16:50:36] [142/445] PICT
[16:50:37] [143/445] BXDR
[16:50:38] [144/445] SPWA
[16:50:39] [145/445] MCKO
[16:50:41] [146/445] RTHK
[16:50:42] [147/445] CCMF
[16:50:42] [148/445] MRGB
[16:50:43] [149/445] CPLC
[16:50:44] [150/445] RACD
[16:50:45] [151/445] ATKT
[16:50:46] [152/445] SARN
[16:50:47] [153/445] KKUI
[16:50:47] [154/445] RGCM
[16:50:48] [155/445] BRVP
[16:50:49] [156/445] HRSR
[16:50:50] [157/445] GKGM
[16:50:51] [158/445] TTCD
[16:50:52] [159/445] PTTI
[16:50:53] [160/445] MPTT
[16:50:54] [161/445] CVTT
[16:50:54] [162/445] PCXD
[16:50:55] [163/445] GCDC
[16:50:56] [164/445] CCCF
[16:50:57] [165/445] MRAD
[16:50:57] [166/445] CPLK
[16:50:58] [167/445] SATB
[16:51:00] [168/445] SNVG
[16:51:01] [169/445] JMBA
[16:51:01] [170/445] TEJA
[16:51:03] [171/445] STYO
[16:51:03] [172/445] JTBP
[16:51:04] [173/445] KRGD
[16:51:05] [174/445] SLJJ
[16:51:06] [175/445] SPTJ
[16:51:07] [176/445] SWJG
[16:51:07] [177/445] LKRT
[16:51:08] [178/445] KCKA
[16:51:09] [179/445] SNCR
[16:51:10] [180/445] SMKL
[16:51:11] [181/445] GCFA
[16:51:12] [182/445] DDCK
[16:51:13] [183/445] NCHJ
[16:51:13] [184/445] RDMA
[16:51:15] [185/445] SVSV
[16:51:16] [186/445] SCJG
[16:51:17] [187/445] VKLP
[16:51:18] [188/445] NWCC
[16:51:18] [189/445] VKNS
[16:51:19] [190/445] SDDP
[16:51:20] [191/445] ACSI
[16:51:21] [192/445] SATG
[16:51:22] [193/445] SCMW
[16:51:23] [194/445] LKTK
[16:51:24] [195/445] VCKV
[16:51:25] [196/445] KKPE
[16:51:26] [197/445] KIGH
[16:51:27] [198/445] SRPM
[16:51:28] [199/445] SCAH
[16:51:29] [200/445] MUTA
[16:51:30] [201/445] SEPU
[16:51:31] [202/445] INOA
[16:51:32] [203/445] BASK
[16:51:33] [204/445] NECB
[16:51:34] [205/445] GTTG
[16:51:35] [206/445] ASSA
[16:51:35] [207/445] ANCL
[16:51:36] [208/445] GCTI
[16:51:37] [209/445] RCTS
[16:51:38] [210/445] ACNL
[16:51:39] [211/445] MYCT
[16:51:40] [212/445] NMHT
[16:51:40] [213/445] MDIT
[16:51:41] [214/445] LATG
[16:51:42] [215/445] SMTY
[16:51:43] [216/445] CVCT
[16:51:43] [217/445] RAMB
[16:51:44] [218/445] TGMS
[16:51:45] [219/445] BHEL
[16:51:46] [220/445] SHCT
[16:51:47] [221/445] SVCT
[16:51:48] [222/445] MRIY
[16:51:49] [223/445] SARO
[16:51:50] [224/445] STCT
[16:51:50] [225/445] JKKC
[16:51:51] [226/445] PLTT
[16:51:53] [227/445] SRNT
[16:51:53] [228/445] YAST
[16:51:54] [229/445] PERL
[16:51:55] [230/445] CICM
[16:51:56] [231/445] MMTR
[16:51:57] [232/445] ABTK
[16:51:58] [233/445] ATYY
[16:51:59] [234/445] ASTK
[16:52:00] [235/445] VVCK
[16:52:00] [236/445] ATKY
[16:52:01] [237/445] GWEK
[16:52:02] [238/445] SVFH
[16:52:03] [239/445] SLTA
[16:52:03] [240/445] AASH
[16:52:04] [241/445] ACXB
[16:52:06] [242/445] SMTX
[16:52:07] [243/445] AZDH
[16:52:08] [244/445] CMMH
[16:52:09] [245/445] SCSZ
[16:52:10] [246/445] SCKP
[16:52:10] [247/445] NXTM
[16:52:11] [248/445] NWCS
[16:52:12] [249/445] CXMH
[16:52:13] [250/445] PCMA
[16:52:14] [251/445] SGCM
[16:52:15] [252/445] SDTU
[16:52:16] [253/445] MMVI
[16:52:17] [254/445] JKCM
[16:52:18] [255/445] VCMM
[16:52:19] [256/445] SYEE
[16:52:20] [257/445] VASD
[16:52:21] [258/445] BDRB
[16:52:21] [259/445] LASM
[16:52:22] [260/445] DCRL
[16:52:23] [261/445] DVPM
[16:52:24] [262/445] SBMJ
[16:52:25] [263/445] CBMU
[16:52:26] [264/445] IUBS
[16:52:27] [265/445] INAP
[16:52:27] [266/445] SRRC
[16:52:28] [267/445] SAGR
[16:52:29] [268/445] CPMJ
[16:52:30] [269/445] ATJL
[16:52:30] [270/445] NNTD
[16:52:31] [271/445] JHCJ
[16:52:32] [272/445] CMMP
[16:52:33] [273/445] RSDR
[16:52:34] [274/445] AMTI
[16:52:35] [275/445] NYSG
[16:52:35] [276/445] AVSG
[16:52:36] [277/445] SYTP
[16:52:37] [278/445] LARC
[16:52:38] [279/445] RJTP
[16:52:39] [280/445] LAKC
[16:52:40] [281/445] MCXE
[16:52:41] [282/445] CCZC
[16:52:42] [283/445] AVCH
[16:52:43] [284/445] CMBE
[16:52:44] [285/445] MRRC
[16:52:44] [286/445] PCPY
[16:52:45] [287/445] SRMH
[16:52:46] [288/445] SVGS
[16:52:47] [289/445] PCSE
[16:52:48] [290/445] SVFT
[16:52:48] [291/445] TNZP
[16:52:49] [292/445] ICTP
[16:52:51] [293/445] ACTZ
[16:52:52] [294/445] GTUR
[16:52:53] [295/445] MAFC
[16:52:53] [296/445] MINL
[16:52:54] [297/445] MRCL
[16:52:55] [298/445] RCRP
[16:52:56] [299/445] RFFG
[16:52:57] [300/445] RMAS
[16:52:58] [301/445] INVR
[16:53:00] [302/445] RMAR
[16:53:01] [303/445] CNIS
[16:53:02] [304/445] RHRJ
[16:53:03] [305/445] INXR
[16:53:04] [306/445] VALT
[16:53:05] [307/445] LCSH
[16:53:06] [308/445] CMVS
[16:53:08] [309/445] CNMS
[16:53:09] [310/445] ROOG
[16:53:09] [311/445] ISRM
[16:53:10] [312/445] RCRM
[16:53:11] [313/445] ACJA
[16:53:12] [314/445] RCVS
[16:53:13] [315/445] CPUS
[16:53:14] [316/445] TGCS
[16:53:15] [317/445] RKCJ
[16:53:16] [318/445] MKSB
[16:53:16] [319/445] TCSJ
[16:53:17] [320/445] RMGP
[16:53:18] [321/445] CLLP
[16:53:19] [322/445] RCMV
[16:53:20] [323/445] CCKS
[16:53:21] [324/445] RSRP
[16:53:22] [325/445] APLP
[16:53:23] [326/445] CNVS
[16:53:24] [327/445] RMVY
[16:53:25] [328/445] PGBD
[16:53:26] [329/445] KLMS
[16:53:27] [330/445] RUST
[16:53:27] [331/445] MASM
[16:53:28] [332/445] BACS
[16:53:29] [333/445] BWST
[16:53:30] [334/445] RRFH
[16:53:31] [335/445] SJTM
[16:53:33] [336/445] BEMR
[16:53:34] [337/445] MCGR
[16:53:35] [338/445] SDSK
[16:53:37] [339/445] VBOL
[16:53:37] [340/445] RMGM
[16:53:38] [341/445] NOPL
[16:53:39] [342/445] MKJK
[16:53:40] [343/445] CVRN
[16:53:41] [344/445] MMEN
[16:53:42] [345/445] AMNG
[16:53:42] [346/445] INTM
[16:53:43] [347/445] SLCZ
[16:53:44] [348/445] AMJN
[16:53:45] [349/445] ACJN
[16:53:46] [350/445] AMKN
[16:53:47] [351/445] BTCN
[16:53:48] [352/445] AMBT
[16:53:48] [353/445] PACN
[16:53:49] [354/445] LCNS
[16:53:50] [355/445] PPKC
[16:53:51] [356/445] JYYN
[16:53:52] [357/445] JTNR
[16:53:54] [358/445] GTEE
[16:53:55] [359/445] SRNM
[16:53:55] [360/445] SDTC
[16:53:56] [361/445] VPCA
[16:53:58] [362/445] VLRA
[16:53:59] [363/445] SHKR
[16:53:59] [364/445] SBKD
[16:54:00] [365/445] SAAD
[16:54:01] [366/445] JTGN
[16:54:02] [367/445] SLAM
[16:54:03] [368/445] VTPM
[16:54:04] [369/445] ANPT
[16:54:05] [370/445] PUNB
[16:54:05] [371/445] CPKT
[16:54:06] [372/445] CNWE
[16:54:07] [373/445] ECPP
[16:54:08] [374/445] CPAR
[16:54:09] [375/445] ESBW
[16:54:10] [376/445] PKPU
[16:54:10] [377/445] CPRP
[16:54:11] [378/445] RAHU
[16:54:12] [379/445] RHMN
[16:54:13] [380/445] FMJP
[16:54:14] [381/445] CTMP
[16:54:15] [382/445] INPN
[16:54:15] [383/445] STTG
[16:54:16] [384/445] CTRD
[16:54:17] [385/445] PUVB
[16:54:18] [386/445] ESVP
[16:54:19] [387/445] CPFT
[16:54:20] [388/445] LCPC
[16:54:21] [389/445] VBCT
[16:54:21] [390/445] FSCW
[16:54:22] [391/445] VCMP
[16:54:24] [392/445] ASHC
[16:54:25] [393/445] VLCX
[16:54:26] [394/445] SHEV
[16:54:27] [395/445] APCO
[16:54:28] [396/445] SILC
[16:54:29] [397/445] SNMR
[16:54:30] [398/445] KYBO
[16:54:31] [399/445] SATK
[16:54:31] [400/445] SSCS
[16:54:32] [401/445] CLSB
[16:54:33] [402/445] KMJR
[16:54:34] [403/445] FSCK
[16:54:35] [404/445] NNKA
[16:54:36] [405/445] CLMK
[16:54:37] [406/445] DMPZ
[16:54:38] [407/445] INQM
[16:54:40] [408/445] CAML
[16:54:42] [409/445] INRK
[16:54:43] [410/445] IMKN
[16:54:43] [411/445] SVNR
[16:54:44] [412/445] INSL
[16:54:45] [413/445] MSMA
[16:54:46] [414/445] MCKK
[16:54:47] [415/445] FCHP
[16:54:48] [416/445] SFCR
[16:54:49] [417/445] NACK
[16:54:50] [418/445] PVAK
[16:54:51] [419/445] INER
[16:54:52] [420/445] RDBK
[16:54:52] [421/445] SVFN
[16:54:53] [422/445] IFRM
[16:54:54] [423/445] ATCK
[16:54:55] [424/445] ASKO
[16:54:56] [425/445] STKT
[16:54:57] [426/445] SVFB
[16:54:57] [427/445] INKS
[16:54:58] [428/445] PCRA
[16:54:59] [429/445] ATJA
[16:55:00] [430/445] IMJN
[16:55:01] [431/445] INHD
[16:55:02] [432/445] BARA
[16:55:03] [433/445] MCSL
[16:55:04] [434/445] RTOY
[16:55:05] [435/445] MENO
[16:55:06] [436/445] PUDM
[16:55:07] [437/445] PRCN
[16:55:07] [438/445] JMJR
[16:55:08] [439/445] SSGK
[16:55:09] [440/445] SSRL
[16:55:10] [441/445] JYKL
[16:55:11] [442/445] ACNB
[16:55:12] [443/445] SONP
[16:55:12] [444/445] EMCI
[16:55:13] [445/445] MRJH
[16:55:14] 🧹 Deduping shows
[16:55:14] ✅ DONE | Shows=719 | Movies=51
[04:49:30] 🚀 SCRIPT STARTED
[04:49:30] [1/445] TGMR
[04:49:30] 🧠 New identity created
[04:49:31] [2/445] CXKR
[04:49:32] [3/445] SROP
[04:49:33] [4/445] GTSV
[04:49:34] [5/445] SNTY
[04:49:34] [6/445] SMYY
[04:49:35] [7/445] CNCS
[04:49:36] [8/445] CSTM
[04:49:37] [9/445] NUCD
[04:49:38] [10/445] SHCZ
[04:49:39] [11/445] NJCT
[04:49:40] [12/445] COPC
[04:49:41] [13/445] STVV
[04:49:42] [14/445] SKRN
[04:49:43] [15/445] APPZ
[04:49:44] [16/445] YMGN
[04:49:44] [17/445] SVTU
[04:49:45] [18/445] GTAD
[04:49:46] [19/445] PSUS
[04:49:47] [20/445] SMCD
[04:49:48] [21/445] CMCM
[04:49:49] [22/445] SYCT
[04:49:50] [23/445] STLY
[04:49:51] [24/445] CMHU
[04:49:52] [25/445] CMSA
[04:49:53] [26/445] CLCU
[04:49:54] [27/445] PPNT
[04:49:54] [28/445] JTAB
[04:49:55] [29/445] BUUC
[04:49:56] [30/445] BSVK
[04:49:56] [31/445] VVVQ
[04:49:57] [32/445] TKMU
[04:49:58] [33/445] ESYL
[04:50:00] [34/445] ACHP
[04:50:01] [35/445] BTKD
[04:50:01] [36/445] DESA
[04:50:02] [37/445] GBCT
[04:50:03] [38/445] BLLD
[04:50:04] [39/445] SKNT
[04:50:04] [40/445] SSTE
[04:50:05] [41/445] VJMR
[04:50:06] [42/445] NTPU
[04:50:07] [43/445] RDKN
[04:50:08] [44/445] ADGC
[04:50:09] [45/445] VRBP
[04:50:09] [46/445] NMNA
[04:50:10] [47/445] CMMX
[04:50:11] [48/445] PTKO
[04:50:12] [49/445] RBML
[04:50:13] [50/445] SAIC
[04:50:13] [51/445] SVTJ
[04:50:14] [52/445] MRTE
[04:50:15] [53/445] RBTP
[04:50:16] [54/445] NLPS
[04:50:17] [55/445] GTNA
[04:50:18] [56/445] DGGC
[04:50:19] [57/445] SMCR
[04:50:20] [58/445] SCGD
[04:50:21] [59/445] SRRJ
[04:50:22] [60/445] CNRY
[04:50:22] [61/445] KTDI
[04:50:23] [62/445] SNJL
[04:50:24] [63/445] RKMD
[04:50:25] [64/445] SMDC
[04:50:26] [65/445] TADG
[04:50:27] [66/445] MCGS
[04:50:28] [67/445] PETK
[04:50:28] [68/445] CHAG
[04:50:29] [69/445] KSTL
[04:50:30] [70/445] AADS
[04:50:31] [71/445] NTHZ
[04:50:31] [72/445] HCKI
[04:50:32] [73/445] SSEF
[04:50:33] [74/445] MCGX
[04:50:34] [75/445] ERRA
[04:50:35] [76/445] SDTW
[04:50:36] [77/445] RMPK
[04:50:36] [78/445] PTHK
[04:50:38] [79/445] PXCS
[04:50:39] [80/445] SVLU
[04:50:40] [81/445] STAH
[04:50:41] [82/445] JRGF
[04:50:41] [83/445] CDOK
[04:50:42] [84/445] CMSG
[04:50:44] [85/445] APTD
[04:50:44] [86/445] KMPG
[04:50:45] [87/445] MUTJ
[04:50:46] [88/445] VCCI
[04:50:47] [89/445] URBE
[04:50:47] [90/445] TCTS
[04:50:48] [91/445] STSN
[04:50:49] [92/445] AKCH
[04:50:50] [93/445] APSC
[04:50:51] [94/445] VLTB
[04:50:52] [95/445] SANU
[04:50:53] [96/445] AXAM
[04:50:54] [97/445] MGMG
[04:50:55] [98/445] HTBY
[04:50:55] [99/445] MMZS
[04:50:56] [100/445] SUDR
[04:50:57] [101/445] CCAD
[04:50:58] [102/445] SKKC
[04:50:59] [103/445] RMCD
[04:51:00] [104/445] SBCQ
[04:51:00] [105/445] DCCT
[04:51:02] [106/445] VTKP
[04:51:04] [107/445] MLAM
[04:51:05] [108/445] SAVT
[04:51:06] [109/445] GEPL
[04:51:07] [110/445] AMCD
[04:51:08] [111/445] CCXR
[04:51:09] [112/445] GRNG
[04:51:10] [113/445] EBCA
[04:51:10] [114/445] CNVG
[04:51:11] [115/445] MWSS
[04:51:12] [116/445] VBOR
[04:51:13] [117/445] NEEB
[04:51:14] [118/445] SUTH
[04:51:15] [119/445] ANDB
[04:51:15] [120/445] MMXS
[04:51:16] [121/445] CNPD
[04:51:17] [122/445] SDCE
[04:51:18] [123/445] DHCB
[04:51:18] [124/445] ODEN
[04:51:19] [125/445] TNTC
[04:51:21] [126/445] VBKM
[04:51:21] [127/445] RZYM
[04:51:22] [128/445] JEMC
[04:51:23] [129/445] CMAU
[04:51:24] [130/445] SIVP
[04:51:25] [131/445] ATAG
[04:51:26] [132/445] CHTM
[04:51:27] [133/445] AAEE
[04:51:27] [134/445] IWPM
[04:51:28] [135/445] KCMW
[04:51:29] [136/445] MCTD
[04:51:30] [137/445] SPWR
[04:51:30] [138/445] SDPO
[04:51:31] [139/445] PCSK
[04:51:32] [140/445] ACHV
[04:51:33] [141/445] SVLA
[04:51:34] [142/445] PICT
[04:51:35] [143/445] BXDR
[04:51:36] [144/445] SPWA
[04:51:37] [145/445] MCKO
[04:51:37] [146/445] RTHK
[04:51:38] [147/445] CCMF
[04:51:39] [148/445] MRGB
[04:51:40] [149/445] CPLC
[04:51:41] [150/445] RACD
[04:51:42] [151/445] ATKT
[04:51:43] [152/445] SARN
[04:51:43] [153/445] KKUI
[04:51:44] [154/445] RGCM
[04:51:45] [155/445] BRVP
[04:51:46] [156/445] HRSR
[04:51:47] [157/445] GKGM
[04:51:47] [158/445] TTCD
[04:51:48] [159/445] PTTI
[04:51:49] [160/445] MPTT
[04:51:50] [161/445] CVTT
[04:51:50] [162/445] PCXD
[04:51:51] [163/445] GCDC
[04:51:52] [164/445] CCCF
[04:51:53] [165/445] MRAD
[04:51:54] [166/445] CPLK
[04:51:55] [167/445] SATB
[04:51:55] [168/445] SNVG
[04:51:56] [169/445] JMBA
[04:51:57] [170/445] TEJA
[04:51:58] [171/445] STYO
[04:51:58] [172/445] JTBP
[04:51:59] [173/445] KRGD
[04:52:00] [174/445] SLJJ
[04:52:01] [175/445] SPTJ
[04:52:02] [176/445] SWJG
[04:52:03] [177/445] LKRT
[04:52:04] [178/445] KCKA
[04:52:04] [179/445] SNCR
[04:52:05] [180/445] SMKL
[04:52:06] [181/445] GCFA
[04:52:08] [182/445] DDCK
[04:52:09] [183/445] NCHJ
[04:52:10] [184/445] RDMA
[04:52:10] [185/445] SVSV
[04:52:11] [186/445] SCJG
[04:52:12] [187/445] VKLP
[04:52:13] [188/445] NWCC
[04:52:14] [189/445] VKNS
[04:52:14] [190/445] SDDP
[04:52:15] [191/445] ACSI
[04:52:16] [192/445] SATG
[04:52:17] [193/445] SCMW
[04:52:17] [194/445] LKTK
[04:52:18] [195/445] VCKV
[04:52:19] [196/445] KKPE
[04:52:20] [197/445] KIGH
[04:52:21] [198/445] SRPM
[04:52:21] [199/445] SCAH
[04:52:22] [200/445] MUTA
[04:52:23] [201/445] SEPU
[04:52:24] [202/445] INOA
[04:52:25] [203/445] BASK
[04:52:26] [204/445] NECB
[04:52:26] [205/445] GTTG
[04:52:27] [206/445] ASSA
[04:52:28] [207/445] ANCL
[04:52:29] [208/445] GCTI
[04:52:29] [209/445] RCTS
[04:52:30] [210/445] ACNL
[04:52:31] [211/445] MYCT
[04:52:32] [212/445] NMHT
[04:52:33] [213/445] MDIT
[04:52:34] [214/445] LATG
[04:52:35] [215/445] SMTY
[04:52:35] [216/445] CVCT
[04:52:36] [217/445] RAMB
[04:52:37] [218/445] TGMS
[04:52:38] [219/445] BHEL
[04:52:38] [220/445] SHCT
[04:52:39] [221/445] SVCT
[04:52:40] [222/445] MRIY
[04:52:41] [223/445] SARO
[04:52:43] [224/445] STCT
[04:52:44] [225/445] JKKC
[04:52:45] [226/445] PLTT
[04:52:45] [227/445] SRNT
[04:52:46] [228/445] YAST
[04:52:47] [229/445] PERL
[04:52:47] [230/445] CICM
[04:52:48] [231/445] MMTR
[04:52:50] [232/445] ABTK
[04:52:51] [233/445] ATYY
[04:52:52] [234/445] ASTK
[04:52:52] [235/445] VVCK
[04:52:54] [236/445] ATKY
[04:52:54] [237/445] GWEK
[04:52:55] [238/445] SVFH
[04:52:56] [239/445] SLTA
[04:52:57] [240/445] AASH
[04:52:58] [241/445] ACXB
[04:52:59] [242/445] SMTX
[04:53:00] [243/445] AZDH
[04:53:00] [244/445] CMMH
[04:53:01] [245/445] SCSZ
[04:53:03] [246/445] SCKP
[04:53:04] [247/445] NXTM
[04:53:05] [248/445] NWCS
[04:53:06] [249/445] CXMH
[04:53:07] [250/445] PCMA
[04:53:08] [251/445] SGCM
[04:53:09] [252/445] SDTU
[04:53:10] [253/445] MMVI
[04:53:11] [254/445] JKCM
[04:53:12] [255/445] VCMM
[04:53:12] [256/445] SYEE
[04:53:14] [257/445] VASD
[04:53:14] [258/445] BDRB
[04:53:15] [259/445] LASM
[04:53:16] [260/445] DCRL
[04:53:17] [261/445] DVPM
[04:53:18] [262/445] SBMJ
[04:53:19] [263/445] CBMU
[04:53:19] [264/445] IUBS
[04:53:20] [265/445] INAP
[04:53:21] [266/445] SRRC
[04:53:22] [267/445] SAGR
[04:53:23] [268/445] CPMJ
[04:53:24] [269/445] ATJL
[04:53:25] [270/445] NNTD
[04:53:26] [271/445] JHCJ
[04:53:27] [272/445] CMMP
[04:53:28] [273/445] RSDR
[04:53:29] [274/445] AMTI
[04:53:30] [275/445] NYSG
[04:53:30] [276/445] AVSG
[04:53:31] [277/445] SYTP
[04:53:32] [278/445] LARC
[04:53:33] [279/445] RJTP
[04:53:34] [280/445] LAKC
[04:53:34] [281/445] MCXE
[04:53:35] [282/445] CCZC
[04:53:36] [283/445] AVCH
[04:53:37] [284/445] CMBE
[04:53:38] [285/445] MRRC
[04:53:39] [286/445] PCPY
[04:53:39] [287/445] SRMH
[04:53:40] [288/445] SVGS
[04:53:41] [289/445] PCSE
[04:53:42] [290/445] SVFT
[04:53:43] [291/445] TNZP
[04:53:43] [292/445] ICTP
[04:53:44] [293/445] ACTZ
[04:53:45] [294/445] GTUR
[04:53:46] [295/445] MAFC
[04:53:46] [296/445] MINL
[04:53:47] [297/445] MRCL
[04:53:48] [298/445] RCRP
[04:53:49] [299/445] RFFG
[04:53:49] [300/445] RMAS
[04:53:50] [301/445] INVR
[04:53:51] [302/445] RMAR
[04:53:52] [303/445] CNIS
[04:53:53] [304/445] RHRJ
[04:53:53] [305/445] INXR
[04:53:54] [306/445] VALT
[04:53:55] [307/445] LCSH
[04:53:56] [308/445] CMVS
[04:53:57] [309/445] CNMS
[04:53:58] [310/445] ROOG
[04:53:58] [311/445] ISRM
[04:53:59] [312/445] RCRM
[04:54:00] [313/445] ACJA
[04:54:01] [314/445] RCVS
[04:54:02] [315/445] CPUS
[04:54:03] [316/445] TGCS
[04:54:04] [317/445] RKCJ
[04:54:05] [318/445] MKSB
[04:54:06] [319/445] TCSJ
[04:54:07] [320/445] RMGP
[04:54:08] [321/445] CLLP
[04:54:09] [322/445] RCMV
[04:54:10] [323/445] CCKS
[04:54:11] [324/445] RSRP
[04:54:12] [325/445] APLP
[04:54:12] [326/445] CNVS
[04:54:14] [327/445] RMVY
[04:54:14] [328/445] PGBD
[04:54:15] [329/445] KLMS
[04:54:16] [330/445] RUST
[04:54:17] [331/445] MASM
[04:54:18] [332/445] BACS
[04:54:19] [333/445] BWST
[04:54:20] [334/445] RRFH
[04:54:21] [335/445] SJTM
[04:54:22] [336/445] BEMR
[04:54:22] [337/445] MCGR
[04:54:23] [338/445] SDSK
[04:54:24] [339/445] VBOL
[04:54:25] [340/445] RMGM
[04:54:26] [341/445] NOPL
[04:54:27] [342/445] MKJK
[04:54:28] [343/445] CVRN
[04:54:28] [344/445] MMEN
[04:54:29] [345/445] AMNG
[04:54:31] [346/445] INTM
[04:54:31] [347/445] SLCZ
[04:54:32] [348/445] AMJN
[04:54:34] [349/445] ACJN
[04:54:34] [350/445] AMKN
[04:54:35] [351/445] BTCN
[04:54:36] [352/445] AMBT
[04:54:37] [353/445] PACN
[04:54:38] [354/445] LCNS
[04:54:39] [355/445] PPKC
[04:54:39] [356/445] JYYN
[04:54:40] [357/445] JTNR
[04:54:41] [358/445] GTEE
[04:54:42] [359/445] SRNM
[04:54:43] [360/445] SDTC
[04:54:44] [361/445] VPCA
[04:54:45] [362/445] VLRA
[04:54:46] [363/445] SHKR
[04:54:47] [364/445] SBKD
[04:54:48] [365/445] SAAD
[04:54:49] [366/445] JTGN
[04:54:50] [367/445] SLAM
[04:54:50] [368/445] VTPM
[04:54:51] [369/445] ANPT
[04:54:52] [370/445] PUNB
[04:54:53] [371/445] CPKT
[04:54:54] [372/445] CNWE
[04:54:55] [373/445] ECPP
[04:54:56] [374/445] CPAR
[04:54:57] [375/445] ESBW
[04:54:58] [376/445] PKPU
[04:54:59] [377/445] CPRP
[04:55:00] [378/445] RAHU
[04:55:01] [379/445] RHMN
[04:55:02] [380/445] FMJP
[04:55:03] [381/445] CTMP
[04:55:03] [382/445] INPN
[04:55:04] [383/445] STTG
[04:55:05] [384/445] CTRD
[04:55:06] [385/445] PUVB
[04:55:07] [386/445] ESVP
[04:55:07] [387/445] CPFT
[04:55:08] [388/445] LCPC
[04:55:09] [389/445] VBCT
[04:55:10] [390/445] FSCW
[04:55:10] [391/445] VCMP
[04:55:11] [392/445] ASHC
[04:55:12] [393/445] VLCX
[04:55:13] [394/445] SHEV
[04:55:14] [395/445] APCO
[04:55:15] [396/445] SILC
[04:55:16] [397/445] SNMR
[04:55:16] [398/445] KYBO
[04:55:17] [399/445] SATK
[04:55:18] [400/445] SSCS
[04:55:19] [401/445] CLSB
[04:55:20] [402/445] KMJR
[04:55:21] [403/445] FSCK
[04:55:21] [404/445] NNKA
[04:55:22] [405/445] CLMK
[04:55:23] [406/445] DMPZ
[04:55:24] [407/445] INQM
[04:55:25] [408/445] CAML
[04:55:25] [409/445] INRK
[04:55:26] [410/445] IMKN
[04:55:27] [411/445] SVNR
[04:55:28] [412/445] INSL
[04:55:29] [413/445] MSMA
[04:55:30] [414/445] MCKK
[04:55:30] [415/445] FCHP
[04:55:31] [416/445] SFCR
[04:55:32] [417/445] NACK
[04:55:33] [418/445] PVAK
[04:55:33] [419/445] INER
[04:55:34] [420/445] RDBK
[04:55:35] [421/445] SVFN
[04:55:36] [422/445] IFRM
[04:55:36] [423/445] ATCK
[04:55:37] [424/445] ASKO
[04:55:38] [425/445] STKT
[04:55:39] [426/445] SVFB
[04:55:39] [427/445] INKS
[04:55:40] [428/445] PCRA
[04:55:41] [429/445] ATJA
[04:55:42] [430/445] IMJN
[04:55:42] [431/445] INHD
[04:55:43] [432/445] BARA
[04:55:44] [433/445] MCSL
[04:55:45] [434/445] RTOY
[04:55:46] [435/445] MENO
[04:55:47] [436/445] PUDM
[04:55:48] [437/445] PRCN
[04:55:49] [438/445] JMJR
[04:55:51] [439/445] SSGK
[04:55:52] [440/445] SSRL
[04:55:53] [441/445] JYKL
[04:55:54] [442/445] ACNB
[04:55:54] [443/445] SONP
[04:55:55] [444/445] EMCI
[04:55:56] [445/445] MRJH
[04:55:57] 🧹 Deduping shows
[04:55:57] ✅ DONE | Shows=764 | Movies=51
[12:00:11] 🚀 SCRIPT STARTED
[12:00:11] [1/445] TGMR
[12:00:11] 🧠 New identity created
[12:00:12] [2/445] CXKR
[12:00:13] [3/445] SROP
[12:00:14] [4/445] GTSV
[12:00:14] [5/445] SNTY
[12:00:15] [6/445] SMYY
[12:00:16] [7/445] CNCS
[12:00:17] [8/445] CSTM
[12:00:18] [9/445] NUCD
[12:00:19] [10/445] SHCZ
[12:00:20] [11/445] NJCT
[12:00:20] [12/445] COPC
[12:00:21] [13/445] STVV
[12:00:22] [14/445] SKRN
[12:00:23] [15/445] APPZ
[12:00:24] [16/445] YMGN
[12:00:25] [17/445] SVTU
[12:00:26] [18/445] GTAD
[12:00:27] [19/445] PSUS
[12:00:28] [20/445] SMCD
[12:00:28] [21/445] CMCM
[12:00:29] [22/445] SYCT
[12:00:30] [23/445] STLY
[12:00:31] [24/445] CMHU
[12:00:32] [25/445] CMSA
[12:00:33] [26/445] CLCU
[12:00:33] [27/445] PPNT
[12:00:34] [28/445] JTAB
[12:00:35] [29/445] BUUC
[12:00:36] [30/445] BSVK
[12:00:37] [31/445] VVVQ
[12:00:38] [32/445] TKMU
[12:00:39] [33/445] ESYL
[12:00:39] [34/445] ACHP
[12:00:40] [35/445] BTKD
[12:00:41] [36/445] DESA
[12:00:43] [37/445] GBCT
[12:00:44] [38/445] BLLD
[12:00:44] [39/445] SKNT
[12:00:45] [40/445] SSTE
[12:00:46] [41/445] VJMR
[12:00:47] [42/445] NTPU
[12:00:48] [43/445] RDKN
[12:00:49] [44/445] ADGC
[12:00:50] [45/445] VRBP
[12:00:51] [46/445] NMNA
[12:00:51] [47/445] CMMX
[12:00:52] [48/445] PTKO
[12:00:53] [49/445] RBML
[12:00:55] [50/445] SAIC
[12:00:56] [51/445] SVTJ
[12:00:56] [52/445] MRTE
[12:00:57] [53/445] RBTP
[12:00:58] [54/445] NLPS
[12:00:59] [55/445] GTNA
[12:01:00] [56/445] DGGC
[12:01:02] [57/445] SMCR
[12:01:03] [58/445] SCGD
[12:01:04] [59/445] SRRJ
[12:01:05] [60/445] CNRY
[12:01:06] [61/445] KTDI
[12:01:06] [62/445] SNJL
[12:01:07] [63/445] RKMD
[12:01:08] [64/445] SMDC
[12:01:09] [65/445] TADG
[12:01:10] [66/445] MCGS
[12:01:11] [67/445] PETK
[12:01:11] [68/445] CHAG
[12:01:13] [69/445] KSTL
[12:01:14] [70/445] AADS
[12:01:15] [71/445] NTHZ
[12:01:15] [72/445] HCKI
[12:01:16] [73/445] SSEF
[12:01:17] [74/445] MCGX
[12:01:18] [75/445] ERRA
[12:01:18] [76/445] SDTW
[12:01:19] [77/445] RMPK
[12:01:20] [78/445] PTHK
[12:01:21] [79/445] PXCS
[12:01:22] [80/445] SVLU
[12:01:23] [81/445] STAH
[12:01:23] [82/445] JRGF
[12:01:24] [83/445] CDOK
[12:01:25] [84/445] CMSG
[12:01:26] [85/445] APTD
[12:01:27] [86/445] KMPG
[12:01:27] [87/445] MUTJ
[12:01:28] [88/445] VCCI
[12:01:29] [89/445] URBE
[12:01:30] [90/445] TCTS
[12:01:32] [91/445] STSN
[12:01:33] [92/445] AKCH
[12:01:33] [93/445] APSC
[12:01:34] [94/445] VLTB
[12:01:35] [95/445] SANU
[12:01:36] [96/445] AXAM
[12:01:37] [97/445] MGMG
[12:01:38] [98/445] HTBY
[12:01:39] [99/445] MMZS
[12:01:40] [100/445] SUDR
[12:01:40] [101/445] CCAD
[12:01:41] [102/445] SKKC
[12:01:42] [103/445] RMCD
[12:01:43] [104/445] SBCQ
[12:01:44] [105/445] DCCT
[12:01:45] [106/445] VTKP
[12:01:46] [107/445] MLAM
[12:01:47] [108/445] SAVT
[12:01:47] [109/445] GEPL
[12:01:48] [110/445] AMCD
[12:01:49] [111/445] CCXR
[12:01:50] [112/445] GRNG
[12:01:51] [113/445] EBCA
[12:01:52] [114/445] CNVG
[12:01:53] [115/445] MWSS
[12:01:53] [116/445] VBOR
[12:01:55] [117/445] NEEB
[12:01:57] [118/445] SUTH
[12:01:57] [119/445] ANDB
[12:01:58] [120/445] MMXS
[12:01:59] [121/445] CNPD
[12:02:00] [122/445] SDCE
[12:02:01] [123/445] DHCB
[12:02:02] [124/445] ODEN
[12:02:02] [125/445] TNTC
[12:02:03] [126/445] VBKM
[12:02:05] [127/445] RZYM
[12:02:06] [128/445] JEMC
[12:02:06] [129/445] CMAU
[12:02:07] [130/445] SIVP
[12:02:08] [131/445] ATAG
[12:02:09] [132/445] CHTM
[12:02:09] [133/445] AAEE
[12:02:10] [134/445] IWPM
[12:02:11] [135/445] KCMW
[12:02:12] [136/445] MCTD
[12:02:12] [137/445] SPWR
[12:02:13] [138/445] SDPO
[12:02:14] [139/445] PCSK
[12:02:15] [140/445] ACHV
[12:02:15] [141/445] SVLA
[12:02:16] [142/445] PICT
[12:02:17] [143/445] BXDR
[12:02:18] [144/445] SPWA
[12:02:18] [145/445] MCKO
[12:02:19] [146/445] RTHK
[12:02:20] [147/445] CCMF
[12:02:21] [148/445] MRGB
[12:02:22] [149/445] CPLC
[12:02:24] [150/445] RACD
[12:02:25] [151/445] ATKT
[12:02:26] [152/445] SARN
[12:02:27] [153/445] KKUI
[12:02:29] [154/445] RGCM
[12:02:29] [155/445] BRVP
[12:02:30] [156/445] HRSR
[12:02:31] [157/445] GKGM
[12:02:32] [158/445] TTCD
[12:02:33] [159/445] PTTI
[12:02:34] [160/445] MPTT
[12:02:34] [161/445] CVTT
[12:02:36] [162/445] PCXD
[12:02:37] [163/445] GCDC
[12:02:38] [164/445] CCCF
[12:02:38] [165/445] MRAD
[12:02:39] [166/445] CPLK
[12:02:40] [167/445] SATB
[12:02:41] [168/445] SNVG
[12:02:42] [169/445] JMBA
[12:02:43] [170/445] TEJA
[12:02:44] [171/445] STYO
[12:02:44] [172/445] JTBP
[12:02:45] [173/445] KRGD
[12:02:46] [174/445] SLJJ
[12:02:47] [175/445] SPTJ
[12:02:48] [176/445] SWJG
[12:02:48] [177/445] LKRT
[12:02:49] [178/445] KCKA
[12:02:50] [179/445] SNCR
[12:02:51] [180/445] SMKL
[12:02:52] [181/445] GCFA
[12:02:53] [182/445] DDCK
[12:02:54] [183/445] NCHJ
[12:02:54] [184/445] RDMA
[12:02:55] [185/445] SVSV
[12:02:56] [186/445] SCJG
[12:02:57] [187/445] VKLP
[12:02:58] [188/445] NWCC
[12:02:59] [189/445] VKNS
[12:02:59] [190/445] SDDP
[12:03:00] [191/445] ACSI
[12:03:02] [192/445] SATG
[12:03:03] [193/445] SCMW
[12:03:04] [194/445] LKTK
[12:03:04] [195/445] VCKV
[12:03:06] [196/445] KKPE
[12:03:07] [197/445] KIGH
[12:03:08] [198/445] SRPM
[12:03:09] [199/445] SCAH
[12:03:10] [200/445] MUTA
[12:03:11] [201/445] SEPU
[12:03:12] [202/445] INOA
[12:03:13] [203/445] BASK
[12:03:14] [204/445] NECB
[12:03:14] [205/445] GTTG
[12:03:16] [206/445] ASSA
[12:03:17] [207/445] ANCL
[12:03:18] [208/445] GCTI
[12:03:18] [209/445] RCTS
[12:03:19] [210/445] ACNL
[12:03:20] [211/445] MYCT
[12:03:21] [212/445] NMHT
[12:03:22] [213/445] MDIT
[12:03:23] [214/445] LATG
[12:03:24] [215/445] SMTY
[12:03:25] [216/445] CVCT
[12:03:25] [217/445] RAMB
[12:03:26] [218/445] TGMS
[12:03:27] [219/445] BHEL
[12:03:28] [220/445] SHCT
[12:03:29] [221/445] SVCT
[12:03:30] [222/445] MRIY
[12:03:31] [223/445] SARO
[12:03:31] [224/445] STCT
[12:03:32] [225/445] JKKC
[12:03:33] [226/445] PLTT
[12:03:34] [227/445] SRNT
[12:03:35] [228/445] YAST
[12:03:36] [229/445] PERL
[12:03:36] [230/445] CICM
[12:03:37] [231/445] MMTR
[12:03:38] [232/445] ABTK
[12:03:39] [233/445] ATYY
[12:03:40] [234/445] ASTK
[12:03:41] [235/445] VVCK
[12:03:42] [236/445] ATKY
[12:03:44] [237/445] GWEK
[12:03:45] [238/445] SVFH
[12:03:46] [239/445] SLTA
[12:03:47] [240/445] AASH
[12:03:48] [241/445] ACXB
[12:03:49] [242/445] SMTX
[12:03:51] [243/445] AZDH
[12:03:52] [244/445] CMMH
[12:03:52] [245/445] SCSZ
[12:03:53] [246/445] SCKP
[12:03:54] [247/445] NXTM
[12:03:55] [248/445] NWCS
[12:03:56] [249/445] CXMH
[12:03:57] [250/445] PCMA
[12:03:57] [251/445] SGCM
[12:03:58] [252/445] SDTU
[12:03:59] [253/445] MMVI
[12:04:00] [254/445] JKCM
[12:04:01] [255/445] VCMM
[12:04:02] [256/445] SYEE
[12:04:02] [257/445] VASD
[12:04:03] [258/445] BDRB
[12:04:04] [259/445] LASM
[12:04:05] [260/445] DCRL
[12:04:06] [261/445] DVPM
[12:04:07] [262/445] SBMJ
[12:04:07] [263/445] CBMU
[12:04:08] [264/445] IUBS
[12:04:10] [265/445] INAP
[12:04:11] [266/445] SRRC
[12:04:11] [267/445] SAGR
[12:04:12] [268/445] CPMJ
[12:04:14] [269/445] ATJL
[12:04:15] [270/445] NNTD
[12:04:16] [271/445] JHCJ
[12:04:17] [272/445] CMMP
[12:04:18] [273/445] RSDR
[12:04:19] [274/445] AMTI
[12:04:19] [275/445] NYSG
[12:04:21] [276/445] AVSG
[12:04:22] [277/445] SYTP
[12:04:22] [278/445] LARC
[12:04:23] [279/445] RJTP
[12:04:24] [280/445] LAKC
[12:04:25] [281/445] MCXE
[12:04:26] [282/445] CCZC
[12:04:27] [283/445] AVCH
[12:04:28] [284/445] CMBE
[12:04:28] [285/445] MRRC
[12:04:29] [286/445] PCPY
[12:04:30] [287/445] SRMH
[12:04:31] [288/445] SVGS
[12:04:32] [289/445] PCSE
[12:04:33] [290/445] SVFT
[12:04:34] [291/445] TNZP
[12:04:35] [292/445] ICTP
[12:04:35] [293/445] ACTZ
[12:04:36] [294/445] GTUR
[12:04:37] [295/445] MAFC
[12:04:38] [296/445] MINL
[12:04:39] [297/445] MRCL
[12:04:40] [298/445] RCRP
[12:04:41] [299/445] RFFG
[12:04:41] [300/445] RMAS
[12:04:42] [301/445] INVR
[12:04:43] [302/445] RMAR
[12:04:44] [303/445] CNIS
[12:04:45] [304/445] RHRJ
[12:04:45] [305/445] INXR
[12:04:46] [306/445] VALT
[12:04:47] [307/445] LCSH
[12:04:48] [308/445] CMVS
[12:04:49] [309/445] CNMS
[12:04:50] [310/445] ROOG
[12:04:50] [311/445] ISRM
[12:04:51] [312/445] RCRM
[12:04:52] [313/445] ACJA
[12:04:53] [314/445] RCVS
[12:04:54] [315/445] CPUS
[12:04:56] [316/445] TGCS
[12:04:57] [317/445] RKCJ
[12:04:58] [318/445] MKSB
[12:04:59] [319/445] TCSJ
[12:05:00] [320/445] RMGP
[12:05:00] [321/445] CLLP
[12:05:01] [322/445] RCMV
[12:05:02] [323/445] CCKS
[12:05:03] [324/445] RSRP
[12:05:04] [325/445] APLP
[12:05:04] [326/445] CNVS
[12:05:05] [327/445] RMVY
[12:05:06] [328/445] PGBD
[12:05:07] [329/445] KLMS
[12:05:08] [330/445] RUST
[12:05:09] [331/445] MASM
[12:05:10] [332/445] BACS
[12:05:11] [333/445] BWST
[12:05:12] [334/445] RRFH
[12:05:12] [335/445] SJTM
[12:05:14] [336/445] BEMR
[12:05:15] [337/445] MCGR
[12:05:16] [338/445] SDSK
[12:05:16] [339/445] VBOL
[12:05:17] [340/445] RMGM
[12:05:18] [341/445] NOPL
[12:05:19] [342/445] MKJK
[12:05:20] [343/445] CVRN
[12:05:21] [344/445] MMEN
[12:05:22] [345/445] AMNG
[12:05:23] [346/445] INTM
[12:05:24] [347/445] SLCZ
[12:05:24] [348/445] AMJN
[12:05:25] [349/445] ACJN
[12:05:26] [350/445] AMKN
[12:05:27] [351/445] BTCN
[12:05:28] [352/445] AMBT
[12:05:29] [353/445] PACN
[12:05:29] [354/445] LCNS
[12:05:31] [355/445] PPKC
[12:05:33] [356/445] JYYN
[12:05:34] [357/445] JTNR
[12:05:35] [358/445] GTEE
[12:05:37] [359/445] SRNM
[12:05:37] [360/445] SDTC
[12:05:38] [361/445] VPCA
[12:05:40] [362/445] VLRA
[12:05:41] [363/445] SHKR
[12:05:42] [364/445] SBKD
[12:05:42] [365/445] SAAD
[12:05:43] [366/445] JTGN
[12:05:44] [367/445] SLAM
[12:05:45] [368/445] VTPM
[12:05:46] [369/445] ANPT
[12:05:47] [370/445] PUNB
[12:05:47] [371/445] CPKT
[12:05:48] [372/445] CNWE
[12:05:50] [373/445] ECPP
[12:05:51] [374/445] CPAR
[12:05:51] [375/445] ESBW
[12:05:52] [376/445] PKPU
[12:05:53] [377/445] CPRP
[12:05:54] [378/445] RAHU
[12:05:56] [379/445] RHMN
[12:05:57] [380/445] FMJP
[12:05:57] [381/445] CTMP
[12:05:58] [382/445] INPN
[12:06:00] [383/445] STTG
[12:06:01] [384/445] CTRD
[12:06:02] [385/445] PUVB
[12:06:02] [386/445] ESVP
[12:06:03] [387/445] CPFT
[12:06:04] [388/445] LCPC
[12:06:05] [389/445] VBCT
[12:06:06] [390/445] FSCW
[12:06:07] [391/445] VCMP
[12:06:08] [392/445] ASHC
[12:06:09] [393/445] VLCX
[12:06:09] [394/445] SHEV
[12:06:11] [395/445] APCO
[12:06:12] [396/445] SILC
[12:06:13] [397/445] SNMR
[12:06:14] [398/445] KYBO
[12:06:14] [399/445] SATK
[12:06:15] [400/445] SSCS
[12:06:17] [401/445] CLSB
[12:06:18] [402/445] KMJR
[12:06:18] [403/445] FSCK
[12:06:20] [404/445] NNKA
[12:06:21] [405/445] CLMK
[12:06:22] [406/445] DMPZ
[12:06:22] [407/445] INQM
[12:06:23] [408/445] CAML
[12:06:24] [409/445] INRK
[12:06:25] [410/445] IMKN
[12:06:26] [411/445] SVNR
[12:06:26] [412/445] INSL
[12:06:27] [413/445] MSMA
[12:06:28] [414/445] MCKK
[12:06:29] [415/445] FCHP
[12:06:30] [416/445] SFCR
[12:06:31] [417/445] NACK
[12:06:32] [418/445] PVAK
[12:06:33] [419/445] INER
[12:06:34] [420/445] RDBK
[12:06:35] [421/445] SVFN
[12:06:36] [422/445] IFRM
[12:06:37] [423/445] ATCK
[12:06:38] [424/445] ASKO
[12:06:39] [425/445] STKT
[12:06:40] [426/445] SVFB
[12:06:41] [427/445] INKS
[12:06:42] [428/445] PCRA
[12:06:43] [429/445] ATJA
[12:06:44] [430/445] IMJN
[12:06:46] [431/445] INHD
[12:06:46] [432/445] BARA
[12:06:47] [433/445] MCSL
[12:06:48] [434/445] RTOY
[12:06:49] [435/445] MENO
[12:06:49] [436/445] PUDM
[12:06:50] [437/445] PRCN
[12:06:51] [438/445] JMJR
[12:06:52] [439/445] SSGK
[12:06:53] [440/445] SSRL
[12:06:54] [441/445] JYKL
[12:06:55] [442/445] ACNB
[12:06:56] [443/445] SONP
[12:06:57] [444/445] EMCI
[12:06:58] [445/445] MRJH
[12:06:59] 🧹 Deduping shows
[12:06:59] ✅ DONE | Shows=768 | Movies=51
[18:58:56] 🚀 SCRIPT STARTED
[18:58:56] [1/445] TGMR
[18:58:56] 🧠 New identity created
[18:58:57] [2/445] CXKR
[18:58:58] [3/445] SROP
[18:58:59] [4/445] GTSV
[18:59:00] [5/445] SNTY
[18:59:00] [6/445] SMYY
[18:59:02] [7/445] CNCS
[18:59:03] [8/445] CSTM
[18:59:03] [9/445] NUCD
[18:59:04] [10/445] SHCZ
[18:59:05] [11/445] NJCT
[18:59:06] [12/445] COPC
[18:59:07] [13/445] STVV
[18:59:08] [14/445] SKRN
[18:59:09] [15/445] APPZ
[18:59:10] [16/445] YMGN
[18:59:11] [17/445] SVTU
[18:59:12] [18/445] GTAD
[18:59:13] [19/445] PSUS
[18:59:13] [20/445] SMCD
[18:59:14] [21/445] CMCM
[18:59:15] [22/445] SYCT
[18:59:16] [23/445] STLY
[18:59:17] [24/445] CMHU
[18:59:18] [25/445] CMSA
[18:59:18] [26/445] CLCU
[18:59:19] [27/445] PPNT
[18:59:20] [28/445] JTAB
[18:59:21] [29/445] BUUC
[18:59:22] [30/445] BSVK
[18:59:22] [31/445] VVVQ
[18:59:23] [32/445] TKMU
[18:59:24] [33/445] ESYL
[18:59:25] [34/445] ACHP
[18:59:26] [35/445] BTKD
[18:59:27] [36/445] DESA
[18:59:28] [37/445] GBCT
[18:59:28] [38/445] BLLD
[18:59:29] [39/445] SKNT
[18:59:30] [40/445] SSTE
[18:59:31] [41/445] VJMR
[18:59:32] [42/445] NTPU
[18:59:33] [43/445] RDKN
[18:59:33] [44/445] ADGC
[18:59:34] [45/445] VRBP
[18:59:35] [46/445] NMNA
[18:59:36] [47/445] CMMX
[18:59:37] [48/445] PTKO
[18:59:38] [49/445] RBML
[18:59:38] [50/445] SAIC
[18:59:39] [51/445] SVTJ
[18:59:40] [52/445] MRTE
[18:59:41] [53/445] RBTP
[18:59:42] [54/445] NLPS
[18:59:43] [55/445] GTNA
[18:59:43] [56/445] DGGC
[18:59:44] [57/445] SMCR
[18:59:46] [58/445] SCGD
[18:59:47] [59/445] SRRJ
[18:59:47] [60/445] CNRY
[18:59:48] [61/445] KTDI
[18:59:49] [62/445] SNJL
[18:59:50] [63/445] RKMD
[18:59:51] [64/445] SMDC
[18:59:52] [65/445] TADG
[18:59:52] [66/445] MCGS
[18:59:53] [67/445] PETK
[18:59:54] [68/445] CHAG
[18:59:55] [69/445] KSTL
[18:59:56] [70/445] AADS
[18:59:57] [71/445] NTHZ
[18:59:59] [72/445] HCKI
[19:00:00] [73/445] SSEF
[19:00:00] [74/445] MCGX
[19:00:01] [75/445] ERRA
[19:00:02] [76/445] SDTW
[19:00:03] [77/445] RMPK
[19:00:03] [78/445] PTHK
[19:00:04] [79/445] PXCS
[19:00:05] [80/445] SVLU
[19:00:06] [81/445] STAH
[19:00:07] [82/445] JRGF
[19:00:08] [83/445] CDOK
[19:00:09] [84/445] CMSG
[19:00:09] [85/445] APTD
[19:00:10] [86/445] KMPG
[19:00:11] [87/445] MUTJ
[19:00:12] [88/445] VCCI
[19:00:13] [89/445] URBE
[19:00:14] [90/445] TCTS
[19:00:15] [91/445] STSN
[19:00:16] [92/445] AKCH
[19:00:17] [93/445] APSC
[19:00:18] [94/445] VLTB
[19:00:18] [95/445] SANU
[19:00:19] [96/445] AXAM
[19:00:20] [97/445] MGMG
[19:00:21] [98/445] HTBY
[19:00:22] [99/445] MMZS
[19:00:22] [100/445] SUDR
[19:00:23] [101/445] CCAD
[19:00:24] [102/445] SKKC
[19:00:25] [103/445] RMCD
[19:00:26] [104/445] SBCQ
[19:00:27] [105/445] DCCT
[19:00:28] [106/445] VTKP
[19:00:28] [107/445] MLAM
[19:00:30] [108/445] SAVT
[19:00:30] [109/445] GEPL
[19:00:31] [110/445] AMCD
[19:00:32] [111/445] CCXR
[19:00:32] [112/445] GRNG
[19:00:33] [113/445] EBCA
[19:00:34] [114/445] CNVG
[19:00:35] [115/445] MWSS
[19:00:36] [116/445] VBOR
[19:00:37] [117/445] NEEB
[19:00:38] [118/445] SUTH
[19:00:39] [119/445] ANDB
[19:00:40] [120/445] MMXS
[19:00:41] [121/445] CNPD
[19:00:42] [122/445] SDCE
[19:00:42] [123/445] DHCB
[19:00:43] [124/445] ODEN
[19:00:44] [125/445] TNTC
[19:00:45] [126/445] VBKM
[19:00:46] [127/445] RZYM
[19:00:46] [128/445] JEMC
[19:00:47] [129/445] CMAU
[19:00:48] [130/445] SIVP
[19:00:49] [131/445] ATAG
[19:00:50] [132/445] CHTM
[19:00:50] [133/445] AAEE
[19:00:51] [134/445] IWPM
[19:00:52] [135/445] KCMW
[19:00:53] [136/445] MCTD
[19:00:54] [137/445] SPWR
[19:00:55] [138/445] SDPO
[19:00:56] [139/445] PCSK
[19:00:56] [140/445] ACHV
[19:00:57] [141/445] SVLA
[19:00:58] [142/445] PICT
[19:00:59] [143/445] BXDR
[19:01:00] [144/445] SPWA
[19:01:01] [145/445] MCKO
[19:01:02] [146/445] RTHK
[19:01:02] [147/445] CCMF
[19:01:03] [148/445] MRGB
[19:01:05] [149/445] CPLC
[19:01:05] [150/445] RACD
[19:01:07] [151/445] ATKT
[19:01:08] [152/445] SARN
[19:01:08] [153/445] KKUI
[19:01:09] [154/445] RGCM
[19:01:10] [155/445] BRVP
[19:01:11] [156/445] HRSR
[19:01:12] [157/445] GKGM
[19:01:13] [158/445] TTCD
[19:01:14] [159/445] PTTI
[19:01:15] [160/445] MPTT
[19:01:16] [161/445] CVTT
[19:01:17] [162/445] PCXD
[19:01:18] [163/445] GCDC
[19:01:19] [164/445] CCCF
[19:01:19] [165/445] MRAD
[19:01:20] [166/445] CPLK
[19:01:21] [167/445] SATB
[19:01:22] [168/445] SNVG
[19:01:23] [169/445] JMBA
[19:01:25] [170/445] TEJA
[19:01:25] [171/445] STYO
[19:01:26] [172/445] JTBP
[19:01:27] [173/445] KRGD
[19:01:28] [174/445] SLJJ
[19:01:29] [175/445] SPTJ
[19:01:29] [176/445] SWJG
[19:01:30] [177/445] LKRT
[19:01:31] [178/445] KCKA
[19:01:32] [179/445] SNCR
[19:01:33] [180/445] SMKL
[19:01:34] [181/445] GCFA
[19:01:35] [182/445] DDCK
[19:01:36] [183/445] NCHJ
[19:01:36] [184/445] RDMA
[19:01:37] [185/445] SVSV
[19:01:39] [186/445] SCJG
[19:01:39] [187/445] VKLP
[19:01:40] [188/445] NWCC
[19:01:41] [189/445] VKNS
[19:01:42] [190/445] SDDP
[19:01:43] [191/445] ACSI
[19:01:44] [192/445] SATG
[19:01:45] [193/445] SCMW
[19:01:46] [194/445] LKTK
[19:01:48] [195/445] VCKV
[19:01:49] [196/445] KKPE
[19:01:50] [197/445] KIGH
[19:01:51] [198/445] SRPM
[19:01:52] [199/445] SCAH
[19:01:53] [200/445] MUTA
[19:01:53] [201/445] SEPU
[19:01:54] [202/445] INOA
[19:01:55] [203/445] BASK
[19:01:56] [204/445] NECB
[19:01:57] [205/445] GTTG
[19:01:57] [206/445] ASSA
[19:01:58] [207/445] ANCL
[19:01:59] [208/445] GCTI
[19:02:00] [209/445] RCTS
[19:02:01] [210/445] ACNL
[19:02:02] [211/445] MYCT
[19:02:03] [212/445] NMHT
[19:02:04] [213/445] MDIT
[19:02:05] [214/445] LATG
[19:02:05] [215/445] SMTY
[19:02:06] [216/445] CVCT
[19:02:07] [217/445] RAMB
[19:02:08] [218/445] TGMS
[19:02:09] [219/445] BHEL
[19:02:09] [220/445] SHCT
[19:02:10] [221/445] SVCT
[19:02:11] [222/445] MRIY
[19:02:12] [223/445] SARO
[19:02:13] [224/445] STCT
[19:02:14] [225/445] JKKC
[19:02:15] [226/445] PLTT
[19:02:16] [227/445] SRNT
[19:02:16] [228/445] YAST
[19:02:17] [229/445] PERL
[19:02:18] [230/445] CICM
[19:02:19] [231/445] MMTR
[19:02:20] [232/445] ABTK
[19:02:20] [233/445] ATYY
[19:02:21] [234/445] ASTK
[19:02:22] [235/445] VVCK
[19:02:22] [236/445] ATKY
[19:02:23] [237/445] GWEK
[19:02:24] [238/445] SVFH
[19:02:25] [239/445] SLTA
[19:02:26] [240/445] AASH
[19:02:26] [241/445] ACXB
[19:02:27] [242/445] SMTX
[19:02:29] [243/445] AZDH
[19:02:30] [244/445] CMMH
[19:02:30] [245/445] SCSZ
[19:02:32] [246/445] SCKP
[19:02:33] [247/445] NXTM
[19:02:33] [248/445] NWCS
[19:02:34] [249/445] CXMH
[19:02:35] [250/445] PCMA
[19:02:36] [251/445] SGCM
[19:02:36] [252/445] SDTU
[19:02:37] [253/445] MMVI
[19:02:38] [254/445] JKCM
[19:02:39] [255/445] VCMM
[19:02:40] [256/445] SYEE
[19:02:40] [257/445] VASD
[19:02:41] [258/445] BDRB
[19:02:42] [259/445] LASM
[19:02:43] [260/445] DCRL
[19:02:44] [261/445] DVPM
[19:02:45] [262/445] SBMJ
[19:02:45] [263/445] CBMU
[19:02:46] [264/445] IUBS
[19:02:47] [265/445] INAP
[19:02:48] [266/445] SRRC
[19:02:49] [267/445] SAGR
[19:02:49] [268/445] CPMJ
[19:02:50] [269/445] ATJL
[19:02:51] [270/445] NNTD
[19:02:52] [271/445] JHCJ
[19:02:53] [272/445] CMMP
[19:02:54] [273/445] RSDR
[19:02:54] [274/445] AMTI
[19:02:55] [275/445] NYSG
[19:02:56] [276/445] AVSG
[19:02:57] [277/445] SYTP
[19:02:58] [278/445] LARC
[19:02:58] [279/445] RJTP
[19:02:59] [280/445] LAKC
[19:03:00] [281/445] MCXE
[19:03:01] [282/445] CCZC
[19:03:02] [283/445] AVCH
[19:03:02] [284/445] CMBE
[19:03:03] [285/445] MRRC
[19:03:04] [286/445] PCPY
[19:03:05] [287/445] SRMH
[19:03:06] [288/445] SVGS
[19:03:07] [289/445] PCSE
[19:03:08] [290/445] SVFT
[19:03:09] [291/445] TNZP
[19:03:10] [292/445] ICTP
[19:03:10] [293/445] ACTZ
[19:03:11] [294/445] GTUR
[19:03:12] [295/445] MAFC
[19:03:13] [296/445] MINL
[19:03:14] [297/445] MRCL
[19:03:14] [298/445] RCRP
[19:03:15] [299/445] RFFG
[19:03:16] [300/445] RMAS
[19:03:17] [301/445] INVR
[19:03:18] [302/445] RMAR
[19:03:19] [303/445] CNIS
[19:03:20] [304/445] RHRJ
[19:03:21] [305/445] INXR
[19:03:22] [306/445] VALT
[19:03:23] [307/445] LCSH
[19:03:24] [308/445] CMVS
[19:03:25] [309/445] CNMS
[19:03:26] [310/445] ROOG
[19:03:27] [311/445] ISRM
[19:03:27] [312/445] RCRM
[19:03:28] [313/445] ACJA
[19:03:29] [314/445] RCVS
[19:03:31] [315/445] CPUS
[19:03:31] [316/445] TGCS
[19:03:32] [317/445] RKCJ
[19:03:33] [318/445] MKSB
[19:03:34] [319/445] TCSJ
[19:03:35] [320/445] RMGP
[19:03:36] [321/445] CLLP
[19:03:37] [322/445] RCMV
[19:03:37] [323/445] CCKS
[19:03:38] [324/445] RSRP
[19:03:39] [325/445] APLP
[19:03:40] [326/445] CNVS
[19:03:41] [327/445] RMVY
[19:03:42] [328/445] PGBD
[19:03:43] [329/445] KLMS
[19:03:43] [330/445] RUST
[19:03:44] [331/445] MASM
[19:03:45] [332/445] BACS
[19:03:46] [333/445] BWST
[19:03:46] [334/445] RRFH
[19:03:47] [335/445] SJTM
[19:03:48] [336/445] BEMR
[19:03:49] [337/445] MCGR
[19:03:50] [338/445] SDSK
[19:03:51] [339/445] VBOL
[19:03:52] [340/445] RMGM
[19:03:52] [341/445] NOPL
[19:03:53] [342/445] MKJK
[19:03:54] [343/445] CVRN
[19:03:55] [344/445] MMEN
[19:03:56] [345/445] AMNG
[19:03:57] [346/445] INTM
[19:03:58] [347/445] SLCZ
[19:04:00] [348/445] AMJN
[19:04:00] [349/445] ACJN
[19:04:01] [350/445] AMKN
[19:04:02] [351/445] BTCN
[19:04:03] [352/445] AMBT
[19:04:04] [353/445] PACN
[19:04:04] [354/445] LCNS
[19:04:05] [355/445] PPKC
[19:04:06] [356/445] JYYN
[19:04:07] [357/445] JTNR
[19:04:08] [358/445] GTEE
[19:04:09] [359/445] SRNM
[19:04:10] [360/445] SDTC
[19:04:11] [361/445] VPCA
[19:04:12] [362/445] VLRA
[19:04:13] [363/445] SHKR
[19:04:13] [364/445] SBKD
[19:04:14] [365/445] SAAD
[19:04:16] [366/445] JTGN
[19:04:16] [367/445] SLAM
[19:04:17] [368/445] VTPM
[19:04:18] [369/445] ANPT
[19:04:19] [370/445] PUNB
[19:04:20] [371/445] CPKT
[19:04:21] [372/445] CNWE
[19:04:21] [373/445] ECPP
[19:04:22] [374/445] CPAR
[19:04:23] [375/445] ESBW
[19:04:24] [376/445] PKPU
[19:04:25] [377/445] CPRP
[19:04:25] [378/445] RAHU
[19:04:26] [379/445] RHMN
[19:04:27] [380/445] FMJP
[19:04:28] [381/445] CTMP
[19:04:29] [382/445] INPN
[19:04:29] [383/445] STTG
[19:04:30] [384/445] CTRD
[19:04:31] [385/445] PUVB
[19:04:32] [386/445] ESVP
[19:04:33] [387/445] CPFT
[19:04:34] [388/445] LCPC
[19:04:34] [389/445] VBCT
[19:04:35] [390/445] FSCW
[19:04:36] [391/445] VCMP
[19:04:37] [392/445] ASHC
[19:04:38] [393/445] VLCX
[19:04:38] [394/445] SHEV
[19:04:39] [395/445] APCO
[19:04:40] [396/445] SILC
[19:04:41] [397/445] SNMR
[19:04:42] [398/445] KYBO
[19:04:43] [399/445] SATK
[19:04:43] [400/445] SSCS
[19:04:45] [401/445] CLSB
[19:04:46] [402/445] KMJR
[19:04:47] [403/445] FSCK
[19:04:47] [404/445] NNKA
[19:04:49] [405/445] CLMK
[19:04:50] [406/445] DMPZ
[19:04:51] [407/445] INQM
[19:04:52] [408/445] CAML
[19:04:53] [409/445] INRK
[19:04:54] [410/445] IMKN
[19:04:55] [411/445] SVNR
[19:04:55] [412/445] INSL
[19:04:56] [413/445] MSMA
[19:04:57] [414/445] MCKK
[19:04:58] [415/445] FCHP
[19:04:59] [416/445] SFCR
[19:05:00] [417/445] NACK
[19:05:00] [418/445] PVAK
[19:05:01] [419/445] INER
[19:05:03] [420/445] RDBK
[19:05:03] [421/445] SVFN
[19:05:04] [422/445] IFRM
[19:05:05] [423/445] ATCK
[19:05:06] [424/445] ASKO
[19:05:06] [425/445] STKT
[19:05:07] [426/445] SVFB
[19:05:08] [427/445] INKS
[19:05:09] [428/445] PCRA
[19:05:10] [429/445] ATJA
[19:05:10] [430/445] IMJN
[19:05:11] [431/445] INHD
[19:05:12] [432/445] BARA
[19:05:13] [433/445] MCSL
[19:05:14] [434/445] RTOY
[19:05:14] [435/445] MENO
[19:05:15] [436/445] PUDM
[19:05:16] [437/445] PRCN
[19:05:17] [438/445] JMJR
[19:05:18] [439/445] SSGK
[19:05:19] [440/445] SSRL
[19:05:20] [441/445] JYKL
[19:05:21] [442/445] ACNB
[19:05:21] [443/445] SONP
[19:05:22] [444/445] EMCI
[19:05:23] [445/445] MRJH
[19:05:24] 🧹 Deduping shows
[19:05:24] ✅ DONE | Shows=1332 | Movies=61
[21:53:36] 🚀 SCRIPT STARTED
[21:53:36] [1/445] TGMR
[21:53:36] 🧠 New identity created
[21:53:37] [2/445] CXKR
[21:53:38] [3/445] SROP
[21:53:39] [4/445] GTSV
[21:53:40] [5/445] SNTY
[21:53:40] [6/445] SMYY
[21:53:41] [7/445] CNCS
[21:53:42] [8/445] CSTM
[21:53:43] [9/445] NUCD
[21:53:44] [10/445] SHCZ
[21:53:46] [11/445] NJCT
[21:53:47] [12/445] COPC
[21:53:48] [13/445] STVV
[21:53:49] [14/445] SKRN
[21:53:50] [15/445] APPZ
[21:53:51] [16/445] YMGN
[21:53:52] [17/445] SVTU
[21:53:53] [18/445] GTAD
[21:53:54] [19/445] PSUS
[21:53:55] [20/445] SMCD
[21:53:55] [21/445] CMCM
[21:53:57] [22/445] SYCT
[21:53:58] [23/445] STLY
[21:53:59] [24/445] CMHU
[21:54:00] [25/445] CMSA
[21:54:01] [26/445] CLCU
[21:54:02] [27/445] PPNT
[21:54:03] [28/445] JTAB
[21:54:04] [29/445] BUUC
[21:54:05] [30/445] BSVK
[21:54:06] [31/445] VVVQ
[21:54:07] [32/445] TKMU
[21:54:08] [33/445] ESYL
[21:54:09] [34/445] ACHP
[21:54:09] [35/445] BTKD
[21:54:10] [36/445] DESA
[21:54:11] [37/445] GBCT
[21:54:12] [38/445] BLLD
[21:54:13] [39/445] SKNT
[21:54:14] [40/445] SSTE
[21:54:15] [41/445] VJMR
[21:54:16] [42/445] NTPU
[21:54:17] [43/445] RDKN
[21:54:18] [44/445] ADGC
[21:54:19] [45/445] VRBP
[21:54:20] [46/445] NMNA
[21:54:21] [47/445] CMMX
[21:54:22] [48/445] PTKO
[21:54:22] [49/445] RBML
[21:54:23] [50/445] SAIC
[21:54:24] [51/445] SVTJ
[21:54:26] [52/445] MRTE
[21:54:26] [53/445] RBTP
[21:54:27] [54/445] NLPS
[21:54:28] [55/445] GTNA
[21:54:29] [56/445] DGGC
[21:54:29] [57/445] SMCR
[21:54:31] [58/445] SCGD
[21:54:32] [59/445] SRRJ
[21:54:33] [60/445] CNRY
[21:54:34] [61/445] KTDI
[21:54:35] [62/445] SNJL
[21:54:36] [63/445] RKMD
[21:54:36] [64/445] SMDC
[21:54:37] [65/445] TADG
[21:54:38] [66/445] MCGS
[21:54:39] [67/445] PETK
[21:54:40] [68/445] CHAG
[21:54:41] [69/445] KSTL
[21:54:41] [70/445] AADS
[21:54:42] [71/445] NTHZ
[21:54:43] [72/445] HCKI
[21:54:44] [73/445] SSEF
[21:54:46] [74/445] MCGX
[21:54:47] [75/445] ERRA
[21:54:48] [76/445] SDTW
[21:54:49] [77/445] RMPK
[21:54:50] [78/445] PTHK
[21:54:51] [79/445] PXCS
[21:54:51] [80/445] SVLU
[21:54:52] [81/445] STAH
[21:54:54] [82/445] JRGF
[21:54:54] [83/445] CDOK
[21:54:55] [84/445] CMSG
[21:54:56] [85/445] APTD
[21:54:57] [86/445] KMPG
[21:54:58] [87/445] MUTJ
[21:54:59] [88/445] VCCI
[21:54:59] [89/445] URBE
[21:55:00] [90/445] TCTS
[21:55:01] [91/445] STSN
[21:55:02] [92/445] AKCH
[21:55:03] [93/445] APSC
[21:55:04] [94/445] VLTB
[21:55:05] [95/445] SANU
[21:55:06] [96/445] AXAM
[21:55:07] [97/445] MGMG
[21:55:09] [98/445] HTBY
[21:55:11] [99/445] MMZS
[21:55:11] [100/445] SUDR
[21:55:12] [101/445] CCAD
[21:55:13] [102/445] SKKC
[21:55:14] [103/445] RMCD
[21:55:15] [104/445] SBCQ
[21:55:16] [105/445] DCCT
[21:55:17] [106/445] VTKP
[21:55:18] [107/445] MLAM
[21:55:19] [108/445] SAVT
[21:55:19] [109/445] GEPL
[21:55:20] [110/445] AMCD
[21:55:21] [111/445] CCXR
[21:55:22] [112/445] GRNG
[21:55:23] [113/445] EBCA
[21:55:24] [114/445] CNVG
[21:55:25] [115/445] MWSS
[21:55:26] [116/445] VBOR
[21:55:27] [117/445] NEEB
[21:55:28] [118/445] SUTH
[21:55:29] [119/445] ANDB
[21:55:31] [120/445] MMXS
[21:55:32] [121/445] CNPD
[21:55:33] [122/445] SDCE
[21:55:34] [123/445] DHCB
[21:55:36] [124/445] ODEN
[21:55:37] [125/445] TNTC
[21:55:38] [126/445] VBKM
[21:55:39] [127/445] RZYM
[21:55:41] [128/445] JEMC
[21:55:42] [129/445] CMAU
[21:55:42] [130/445] SIVP
[21:55:43] [131/445] ATAG
[21:55:44] [132/445] CHTM
[21:55:45] [133/445] AAEE
[21:55:46] [134/445] IWPM
[21:55:46] [135/445] KCMW
[21:55:47] [136/445] MCTD
[21:55:48] [137/445] SPWR
[21:55:49] [138/445] SDPO
[21:55:50] [139/445] PCSK
[21:55:52] [140/445] ACHV
[21:55:52] [141/445] SVLA
[21:55:53] [142/445] PICT
[21:55:54] [143/445] BXDR
[21:55:55] [144/445] SPWA
[21:55:57] [145/445] MCKO
[21:55:58] [146/445] RTHK
[21:55:59] [147/445] CCMF
[21:55:59] [148/445] MRGB
[21:56:00] [149/445] CPLC
[21:56:01] [150/445] RACD
[21:56:02] [151/445] ATKT
[21:56:03] [152/445] SARN
[21:56:03] [153/445] KKUI
[21:56:04] [154/445] RGCM
[21:56:05] [155/445] BRVP
[21:56:06] [156/445] HRSR
[21:56:07] [157/445] GKGM
[21:56:08] [158/445] TTCD
[21:56:09] [159/445] PTTI
[21:56:10] [160/445] MPTT
[21:56:11] [161/445] CVTT
[21:56:12] [162/445] PCXD
[21:56:13] [163/445] GCDC
[21:56:14] [164/445] CCCF
[21:56:15] [165/445] MRAD
[21:56:16] [166/445] CPLK
[21:56:17] [167/445] SATB
[21:56:17] [168/445] SNVG
[21:56:19] [169/445] JMBA
[21:56:20] [170/445] TEJA
[21:56:21] [171/445] STYO
[21:56:22] [172/445] JTBP
[21:56:23] [173/445] KRGD
[21:56:24] [174/445] SLJJ
[21:56:25] [175/445] SPTJ
[21:56:26] [176/445] SWJG
[21:56:27] [177/445] LKRT
[21:56:28] [178/445] KCKA
[21:56:29] [179/445] SNCR
[21:56:30] [180/445] SMKL
[21:56:31] [181/445] GCFA
[21:56:32] [182/445] DDCK
[21:56:33] [183/445] NCHJ
[21:56:34] [184/445] RDMA
[21:56:35] [185/445] SVSV
[21:56:35] [186/445] SCJG
[21:56:36] [187/445] VKLP
[21:56:37] [188/445] NWCC
[21:56:38] [189/445] VKNS
[21:56:39] [190/445] SDDP
[21:56:40] [191/445] ACSI
[21:56:41] [192/445] SATG
[21:56:42] [193/445] SCMW
[21:56:43] [194/445] LKTK
[21:56:44] [195/445] VCKV
[21:56:45] [196/445] KKPE
[21:56:46] [197/445] KIGH
[21:56:47] [198/445] SRPM
[21:56:47] [199/445] SCAH
[21:56:48] [200/445] MUTA
[21:56:49] [201/445] SEPU
[21:56:50] [202/445] INOA
[21:56:51] [203/445] BASK
[21:56:52] [204/445] NECB
[21:56:53] [205/445] GTTG
[21:56:54] [206/445] ASSA
[21:56:55] [207/445] ANCL
[21:56:56] [208/445] GCTI
[21:56:57] [209/445] RCTS
[21:56:58] [210/445] ACNL
[21:56:58] [211/445] MYCT
[21:56:59] [212/445] NMHT
[21:57:00] [213/445] MDIT
[21:57:01] [214/445] LATG
[21:57:02] [215/445] SMTY
[21:57:03] [216/445] CVCT
[21:57:03] [217/445] RAMB
[21:57:04] [218/445] TGMS
[21:57:05] [219/445] BHEL
[21:57:06] [220/445] SHCT
[21:57:07] [221/445] SVCT
[21:57:08] [222/445] MRIY
[21:57:08] [223/445] SARO
[21:57:09] [224/445] STCT
[21:57:10] [225/445] JKKC
[21:57:11] [226/445] PLTT
[21:57:12] [227/445] SRNT
[21:57:13] [228/445] YAST
[21:57:13] [229/445] PERL
[21:57:14] [230/445] CICM
[21:57:15] [231/445] MMTR
[21:57:16] [232/445] ABTK
[21:57:17] [233/445] ATYY
[21:57:18] [234/445] ASTK
[21:57:19] [235/445] VVCK
[21:57:20] [236/445] ATKY
[21:57:21] [237/445] GWEK
[21:57:22] [238/445] SVFH
[21:57:23] [239/445] SLTA
[21:57:24] [240/445] AASH
[21:57:25] [241/445] ACXB
[21:57:26] [242/445] SMTX
[21:57:27] [243/445] AZDH
[21:57:28] [244/445] CMMH
[21:57:29] [245/445] SCSZ
[21:57:30] [246/445] SCKP
[21:57:31] [247/445] NXTM
[21:57:32] [248/445] NWCS
[21:57:32] [249/445] CXMH
[21:57:34] [250/445] PCMA
[21:57:35] [251/445] SGCM
[21:57:37] [252/445] SDTU
[21:57:37] [253/445] MMVI
[21:57:38] [254/445] JKCM
[21:57:39] [255/445] VCMM
[21:57:40] [256/445] SYEE
[21:57:41] [257/445] VASD
[21:57:42] [258/445] BDRB
[21:57:43] [259/445] LASM
[21:57:43] [260/445] DCRL
[21:57:44] [261/445] DVPM
[21:57:45] [262/445] SBMJ
[21:57:46] [263/445] CBMU
[21:57:47] [264/445] IUBS
[21:57:48] [265/445] INAP
[21:57:49] [266/445] SRRC
[21:57:50] [267/445] SAGR
[21:57:50] [268/445] CPMJ
[21:57:52] [269/445] ATJL
[21:57:53] [270/445] NNTD
[21:57:54] [271/445] JHCJ
[21:57:55] [272/445] CMMP
[21:57:56] [273/445] RSDR
[21:57:56] [274/445] AMTI
[21:57:57] [275/445] NYSG
[21:57:58] [276/445] AVSG
[21:57:59] [277/445] SYTP
[21:58:00] [278/445] LARC
[21:58:02] [279/445] RJTP
[21:58:02] [280/445] LAKC
[21:58:03] [281/445] MCXE
[21:58:04] [282/445] CCZC
[21:58:05] [283/445] AVCH
[21:58:06] [284/445] CMBE
[21:58:07] [285/445] MRRC
[21:58:07] [286/445] PCPY
[21:58:08] [287/445] SRMH
[21:58:09] [288/445] SVGS
[21:58:10] [289/445] PCSE
[21:58:11] [290/445] SVFT
[21:58:12] [291/445] TNZP
[21:58:12] [292/445] ICTP
[21:58:13] [293/445] ACTZ
[21:58:14] [294/445] GTUR
[21:58:15] [295/445] MAFC
[21:58:16] [296/445] MINL
[21:58:17] [297/445] MRCL
[21:58:18] [298/445] RCRP
[21:58:19] [299/445] RFFG
[21:58:20] [300/445] RMAS
[21:58:21] [301/445] INVR
[21:58:21] [302/445] RMAR
[21:58:22] [303/445] CNIS
[21:58:23] [304/445] RHRJ
[21:58:24] [305/445] INXR
[21:58:26] [306/445] VALT
[21:58:27] [307/445] LCSH
[21:58:28] [308/445] CMVS
[21:58:29] [309/445] CNMS
[21:58:30] [310/445] ROOG
[21:58:31] [311/445] ISRM
[21:58:32] [312/445] RCRM
[21:58:34] [313/445] ACJA
[21:58:35] [314/445] RCVS
[21:58:36] [315/445] CPUS
[21:58:37] [316/445] TGCS
[21:58:38] [317/445] RKCJ
[21:58:38] [318/445] MKSB
[21:58:39] [319/445] TCSJ
[21:58:40] [320/445] RMGP
[21:58:41] [321/445] CLLP
[21:58:42] [322/445] RCMV
[21:58:43] [323/445] CCKS
[21:58:43] [324/445] RSRP
[21:58:44] [325/445] APLP
[21:58:45] [326/445] CNVS
[21:58:46] [327/445] RMVY
[21:58:47] [328/445] PGBD
[21:58:48] [329/445] KLMS
[21:58:49] [330/445] RUST
[21:58:50] [331/445] MASM
[21:58:50] [332/445] BACS
[21:58:51] [333/445] BWST
[21:58:52] [334/445] RRFH
[21:58:53] [335/445] SJTM
[21:58:54] [336/445] BEMR
[21:58:55] [337/445] MCGR
[21:58:56] [338/445] SDSK
[21:58:57] [339/445] VBOL
[21:58:58] [340/445] RMGM
[21:59:00] [341/445] NOPL
[21:59:00] [342/445] MKJK
[21:59:01] [343/445] CVRN
[21:59:02] [344/445] MMEN
[21:59:03] [345/445] AMNG
[21:59:04] [346/445] INTM
[21:59:06] [347/445] SLCZ
[21:59:08] [348/445] AMJN
[21:59:08] [349/445] ACJN
[21:59:09] [350/445] AMKN
[21:59:10] [351/445] BTCN
[21:59:11] [352/445] AMBT
[21:59:12] [353/445] PACN
[21:59:13] [354/445] LCNS
[21:59:14] [355/445] PPKC
[21:59:14] [356/445] JYYN
[21:59:15] [357/445] JTNR
[21:59:17] [358/445] GTEE
[21:59:18] [359/445] SRNM
[21:59:19] [360/445] SDTC
[21:59:20] [361/445] VPCA
[21:59:21] [362/445] VLRA
[21:59:21] [363/445] SHKR
[21:59:22] [364/445] SBKD
[21:59:23] [365/445] SAAD
[21:59:24] [366/445] JTGN
[21:59:26] [367/445] SLAM
[21:59:27] [368/445] VTPM
[21:59:27] [369/445] ANPT
[21:59:28] [370/445] PUNB
[21:59:29] [371/445] CPKT
[21:59:30] [372/445] CNWE
[21:59:31] [373/445] ECPP
[21:59:32] [374/445] CPAR
[21:59:33] [375/445] ESBW
[21:59:35] [376/445] PKPU
[21:59:36] [377/445] CPRP
[21:59:36] [378/445] RAHU
[21:59:37] [379/445] RHMN
[21:59:38] [380/445] FMJP
[21:59:39] [381/445] CTMP
[21:59:40] [382/445] INPN
[21:59:41] [383/445] STTG
[21:59:42] [384/445] CTRD
[21:59:43] [385/445] PUVB
[21:59:44] [386/445] ESVP
[21:59:45] [387/445] CPFT
[21:59:46] [388/445] LCPC
[21:59:46] [389/445] VBCT
[21:59:47] [390/445] FSCW
[21:59:49] [391/445] VCMP
[21:59:50] [392/445] ASHC
[21:59:51] [393/445] VLCX
[21:59:51] [394/445] SHEV
[21:59:52] [395/445] APCO
[21:59:53] [396/445] SILC
[21:59:54] [397/445] SNMR
[21:59:55] [398/445] KYBO
[21:59:56] [399/445] SATK
[21:59:57] [400/445] SSCS
[21:59:58] [401/445] CLSB
[21:59:59] [402/445] KMJR
[22:00:00] [403/445] FSCK
[22:00:00] [404/445] NNKA
[22:00:01] [405/445] CLMK
[22:00:02] [406/445] DMPZ
[22:00:04] [407/445] INQM
[22:00:04] [408/445] CAML
[22:00:05] [409/445] INRK
[22:00:06] [410/445] IMKN
[22:00:07] [411/445] SVNR
[22:00:08] [412/445] INSL
[22:00:09] [413/445] MSMA
[22:00:10] [414/445] MCKK
[22:00:11] [415/445] FCHP
[22:00:12] [416/445] SFCR
[22:00:13] [417/445] NACK
[22:00:14] [418/445] PVAK
[22:00:15] [419/445] INER
[22:00:16] [420/445] RDBK
[22:00:17] [421/445] SVFN
[22:00:18] [422/445] IFRM
[22:00:18] [423/445] ATCK
[22:00:20] [424/445] ASKO
[22:00:21] [425/445] STKT
[22:00:22] [426/445] SVFB
[22:00:23] [427/445] INKS
[22:00:24] [428/445] PCRA
[22:00:24] [429/445] ATJA
[22:00:25] [430/445] IMJN
[22:00:27] [431/445] INHD
[22:00:27] [432/445] BARA
[22:00:29] [433/445] MCSL
[22:00:29] [434/445] RTOY
[22:00:30] [435/445] MENO
[22:00:32] [436/445] PUDM
[22:00:33] [437/445] PRCN
[22:00:35] [438/445] JMJR
[22:00:36] [439/445] SSGK
[22:00:36] [440/445] SSRL
[22:00:37] [441/445] JYKL
[22:00:38] [442/445] ACNB
[22:00:39] [443/445] SONP
[22:00:40] [444/445] EMCI
[22:00:41] [445/445] MRJH
[22:00:41] 🧹 Deduping shows
[22:00:41] ✅ DONE | Shows=1599 | Movies=67
[03:49:22] 🚀 SCRIPT STARTED
[03:49:22] [1/445] TGMR
[03:49:22] 🧠 New identity created
[03:49:23] [2/445] CXKR
[03:49:24] [3/445] SROP
[03:49:25] [4/445] GTSV
[03:49:25] [5/445] SNTY
[03:49:26] [6/445] SMYY
[03:49:27] [7/445] CNCS
[03:49:28] [8/445] CSTM
[03:49:29] [9/445] NUCD
[03:49:30] [10/445] SHCZ
[03:49:30] [11/445] NJCT
[03:49:31] [12/445] COPC
[03:49:32] [13/445] STVV
[03:49:34] [14/445] SKRN
[03:49:35] [15/445] APPZ
[03:49:36] [16/445] YMGN
[03:49:37] [17/445] SVTU
[03:49:37] [18/445] GTAD
[03:49:38] [19/445] PSUS
[03:49:40] [20/445] SMCD
[03:49:41] [21/445] CMCM
[03:49:41] [22/445] SYCT
[03:49:42] [23/445] STLY
[03:49:44] [24/445] CMHU
[03:49:44] [25/445] CMSA
[03:49:45] [26/445] CLCU
[03:49:46] [27/445] PPNT
[03:49:47] [28/445] JTAB
[03:49:48] [29/445] BUUC
[03:49:49] [30/445] BSVK
[03:49:49] [31/445] VVVQ
[03:49:50] [32/445] TKMU
[03:49:51] [33/445] ESYL
[03:49:52] [34/445] ACHP
[03:49:54] [35/445] BTKD
[03:49:56] [36/445] DESA
[03:49:56] [37/445] GBCT
[03:49:57] [38/445] BLLD
[03:49:58] [39/445] SKNT
[03:49:59] [40/445] SSTE
[03:50:00] [41/445] VJMR
[03:50:01] [42/445] NTPU
[03:50:02] [43/445] RDKN
[03:50:03] [44/445] ADGC
[03:50:04] [45/445] VRBP
[03:50:05] [46/445] NMNA
[03:50:06] [47/445] CMMX
[03:50:07] [48/445] PTKO
[03:50:08] [49/445] RBML
[03:50:09] [50/445] SAIC
[03:50:09] [51/445] SVTJ
[03:50:10] [52/445] MRTE
[03:50:11] [53/445] RBTP
[03:50:12] [54/445] NLPS
[03:50:13] [55/445] GTNA
[03:50:14] [56/445] DGGC
[03:50:14] [57/445] SMCR
[03:50:16] [58/445] SCGD
[03:50:17] [59/445] SRRJ
[03:50:17] [60/445] CNRY
[03:50:18] [61/445] KTDI
[03:50:19] [62/445] SNJL
[03:50:20] [63/445] RKMD
[03:50:21] [64/445] SMDC
[03:50:22] [65/445] TADG
[03:50:23] [66/445] MCGS
[03:50:23] [67/445] PETK
[03:50:24] [68/445] CHAG
[03:50:25] [69/445] KSTL
[03:50:26] [70/445] AADS
[03:50:26] [71/445] NTHZ
[03:50:27] [72/445] HCKI
[03:50:28] [73/445] SSEF
[03:50:29] [74/445] MCGX
[03:50:30] [75/445] ERRA
[03:50:30] [76/445] SDTW
[03:50:31] [77/445] RMPK
[03:50:32] [78/445] PTHK
[03:50:34] [79/445] PXCS
[03:50:34] [80/445] SVLU
[03:50:35] [81/445] STAH
[03:50:36] [82/445] JRGF
[03:50:37] [83/445] CDOK
[03:50:37] [84/445] CMSG
[03:50:38] [85/445] APTD
[03:50:39] [86/445] KMPG
[03:50:40] [87/445] MUTJ
[03:50:41] [88/445] VCCI
[03:50:42] [89/445] URBE
[03:50:43] [90/445] TCTS
[03:50:43] [91/445] STSN
[03:50:44] [92/445] AKCH
[03:50:45] [93/445] APSC
[03:50:46] [94/445] VLTB
[03:50:47] [95/445] SANU
[03:50:48] [96/445] AXAM
[03:50:49] [97/445] MGMG
[03:50:50] [98/445] HTBY
[03:50:51] [99/445] MMZS
[03:50:52] [100/445] SUDR
[03:50:52] [101/445] CCAD
[03:50:53] [102/445] SKKC
[03:50:55] [103/445] RMCD
[03:50:55] [104/445] SBCQ
[03:50:57] [105/445] DCCT
[03:50:58] [106/445] VTKP
[03:50:59] [107/445] MLAM
[03:51:00] [108/445] SAVT
[03:51:01] [109/445] GEPL
[03:51:01] [110/445] AMCD
[03:51:02] [111/445] CCXR
[03:51:03] [112/445] GRNG
[03:51:04] [113/445] EBCA
[03:51:05] [114/445] CNVG
[03:51:05] [115/445] MWSS
[03:51:06] [116/445] VBOR
[03:51:07] [117/445] NEEB
[03:51:08] [118/445] SUTH
[03:51:09] [119/445] ANDB
[03:51:09] [120/445] MMXS
[03:51:10] [121/445] CNPD
[03:51:11] [122/445] SDCE
[03:51:12] [123/445] DHCB
[03:51:13] [124/445] ODEN
[03:51:13] [125/445] TNTC
[03:51:14] [126/445] VBKM
[03:51:15] [127/445] RZYM
[03:51:15] [128/445] JEMC
[03:51:16] [129/445] CMAU
[03:51:17] [130/445] SIVP
[03:51:18] [131/445] ATAG
[03:51:19] [132/445] CHTM
[03:51:20] [133/445] AAEE
[03:51:20] [134/445] IWPM
[03:51:21] [135/445] KCMW
[03:51:22] [136/445] MCTD
[03:51:23] [137/445] SPWR
[03:51:24] [138/445] SDPO
[03:51:25] [139/445] PCSK
[03:51:26] [140/445] ACHV
[03:51:27] [141/445] SVLA
[03:51:28] [142/445] PICT
[03:51:29] [143/445] BXDR
[03:51:30] [144/445] SPWA
[03:51:30] [145/445] MCKO
[03:51:32] [146/445] RTHK
[03:51:33] [147/445] CCMF
[03:51:33] [148/445] MRGB
[03:51:34] [149/445] CPLC
[03:51:35] [150/445] RACD
[03:51:36] [151/445] ATKT
[03:51:37] [152/445] SARN
[03:51:38] [153/445] KKUI
[03:51:39] [154/445] RGCM
[03:51:40] [155/445] BRVP
[03:51:41] [156/445] HRSR
[03:51:42] [157/445] GKGM
[03:51:42] [158/445] TTCD
[03:51:43] [159/445] PTTI
[03:51:44] [160/445] MPTT
[03:51:45] [161/445] CVTT
[03:51:46] [162/445] PCXD
[03:51:46] [163/445] GCDC
[03:51:47] [164/445] CCCF
[03:51:48] [165/445] MRAD
[03:51:49] [166/445] CPLK
[03:51:50] [167/445] SATB
[03:51:50] [168/445] SNVG
[03:51:51] [169/445] JMBA
[03:51:53] [170/445] TEJA
[03:51:53] [171/445] STYO
[03:51:54] [172/445] JTBP
[03:51:55] [173/445] KRGD
[03:51:56] [174/445] SLJJ
[03:51:57] [175/445] SPTJ
[03:51:58] [176/445] SWJG
[03:51:59] [177/445] LKRT
[03:51:59] [178/445] KCKA
[03:52:00] [179/445] SNCR
[03:52:01] [180/445] SMKL
[03:52:03] [181/445] GCFA
[03:52:04] [182/445] DDCK
[03:52:05] [183/445] NCHJ
[03:52:06] [184/445] RDMA
[03:52:07] [185/445] SVSV
[03:52:07] [186/445] SCJG
[03:52:08] [187/445] VKLP
[03:52:09] [188/445] NWCC
[03:52:10] [189/445] VKNS
[03:52:11] [190/445] SDDP
[03:52:12] [191/445] ACSI
[03:52:12] [192/445] SATG
[03:52:13] [193/445] SCMW
[03:52:14] [194/445] LKTK
[03:52:15] [195/445] VCKV
[03:52:16] [196/445] KKPE
[03:52:17] [197/445] KIGH
[03:52:17] [198/445] SRPM
[03:52:19] [199/445] SCAH
[03:52:19] [200/445] MUTA
[03:52:20] [201/445] SEPU
[03:52:21] [202/445] INOA
[03:52:22] [203/445] BASK
[03:52:23] [204/445] NECB
[03:52:24] [205/445] GTTG
[03:52:25] [206/445] ASSA
[03:52:26] [207/445] ANCL
[03:52:27] [208/445] GCTI
[03:52:28] [209/445] RCTS
[03:52:30] [210/445] ACNL
[03:52:31] [211/445] MYCT
[03:52:32] [212/445] NMHT
[03:52:33] [213/445] MDIT
[03:52:34] [214/445] LATG
[03:52:34] [215/445] SMTY
[03:52:35] [216/445] CVCT
[03:52:36] [217/445] RAMB
[03:52:37] [218/445] TGMS
[03:52:37] [219/445] BHEL
[03:52:38] [220/445] SHCT
[03:52:39] [221/445] SVCT
[03:52:40] [222/445] MRIY
[03:52:42] [223/445] SARO
[03:52:43] [224/445] STCT
[03:52:43] [225/445] JKKC
[03:52:44] [226/445] PLTT
[03:52:45] [227/445] SRNT
[03:52:46] [228/445] YAST
[03:52:47] [229/445] PERL
[03:52:48] [230/445] CICM
[03:52:48] [231/445] MMTR
[03:52:49] [232/445] ABTK
[03:52:50] [233/445] ATYY
[03:52:51] [234/445] ASTK
[03:52:51] [235/445] VVCK
[03:52:52] [236/445] ATKY
[03:52:53] [237/445] GWEK
[03:52:54] [238/445] SVFH
[03:52:55] [239/445] SLTA
[03:52:56] [240/445] AASH
[03:52:57] [241/445] ACXB
[03:52:58] [242/445] SMTX
[03:52:58] [243/445] AZDH
[03:52:59] [244/445] CMMH
[03:53:00] [245/445] SCSZ
[03:53:01] [246/445] SCKP
[03:53:01] [247/445] NXTM
[03:53:02] [248/445] NWCS
[03:53:03] [249/445] CXMH
[03:53:04] [250/445] PCMA
[03:53:04] [251/445] SGCM
[03:53:05] [252/445] SDTU
[03:53:06] [253/445] MMVI
[03:53:07] [254/445] JKCM
[03:53:08] [255/445] VCMM
[03:53:08] [256/445] SYEE
[03:53:09] [257/445] VASD
[03:53:10] [258/445] BDRB
[03:53:11] [259/445] LASM
[03:53:12] [260/445] DCRL
[03:53:13] [261/445] DVPM
[03:53:14] [262/445] SBMJ
[03:53:15] [263/445] CBMU
[03:53:15] [264/445] IUBS
[03:53:16] [265/445] INAP
[03:53:17] [266/445] SRRC
[03:53:18] [267/445] SAGR
[03:53:19] [268/445] CPMJ
[03:53:19] [269/445] ATJL
[03:53:20] [270/445] NNTD
[03:53:21] [271/445] JHCJ
[03:53:22] [272/445] CMMP
[03:53:23] [273/445] RSDR
[03:53:24] [274/445] AMTI
[03:53:25] [275/445] NYSG
[03:53:26] [276/445] AVSG
[03:53:27] [277/445] SYTP
[03:53:27] [278/445] LARC
[03:53:28] [279/445] RJTP
[03:53:29] [280/445] LAKC
[03:53:30] [281/445] MCXE
[03:53:31] [282/445] CCZC
[03:53:32] [283/445] AVCH
[03:53:32] [284/445] CMBE
[03:53:33] [285/445] MRRC
[03:53:34] [286/445] PCPY
[03:53:35] [287/445] SRMH
[03:53:36] [288/445] SVGS
[03:53:36] [289/445] PCSE
[03:53:37] [290/445] SVFT
[03:53:38] [291/445] TNZP
[03:53:39] [292/445] ICTP
[03:53:40] [293/445] ACTZ
[03:53:41] [294/445] GTUR
[03:53:42] [295/445] MAFC
[03:53:42] [296/445] MINL
[03:53:43] [297/445] MRCL
[03:53:44] [298/445] RCRP
[03:53:45] [299/445] RFFG
[03:53:46] [300/445] RMAS
[03:53:47] [301/445] INVR
[03:53:48] [302/445] RMAR
[03:53:49] [303/445] CNIS
[03:53:49] [304/445] RHRJ
[03:53:50] [305/445] INXR
[03:53:51] [306/445] VALT
[03:53:52] [307/445] LCSH
[03:53:53] [308/445] CMVS
[03:53:54] [309/445] CNMS
[03:53:55] [310/445] ROOG
[03:53:55] [311/445] ISRM
[03:53:56] [312/445] RCRM
[03:53:57] [313/445] ACJA
[03:53:58] [314/445] RCVS
[03:53:59] [315/445] CPUS
[03:54:00] [316/445] TGCS
[03:54:01] [317/445] RKCJ
[03:54:02] [318/445] MKSB
[03:54:03] [319/445] TCSJ
[03:54:04] [320/445] RMGP
[03:54:05] [321/445] CLLP
[03:54:06] [322/445] RCMV
[03:54:08] [323/445] CCKS
[03:54:08] [324/445] RSRP
[03:54:09] [325/445] APLP
[03:54:10] [326/445] CNVS
[03:54:11] [327/445] RMVY
[03:54:12] [328/445] PGBD
[03:54:13] [329/445] KLMS
[03:54:14] [330/445] RUST
[03:54:14] [331/445] MASM
[03:54:15] [332/445] BACS
[03:54:16] [333/445] BWST
[03:54:17] [334/445] RRFH
[03:54:18] [335/445] SJTM
[03:54:19] [336/445] BEMR
[03:54:20] [337/445] MCGR
[03:54:21] [338/445] SDSK
[03:54:22] [339/445] VBOL
[03:54:22] [340/445] RMGM
[03:54:23] [341/445] NOPL
[03:54:24] [342/445] MKJK
[03:54:25] [343/445] CVRN
[03:54:25] [344/445] MMEN
[03:54:26] [345/445] AMNG
[03:54:27] [346/445] INTM
[03:54:28] [347/445] SLCZ
[03:54:29] [348/445] AMJN
[03:54:29] [349/445] ACJN
[03:54:30] [350/445] AMKN
[03:54:31] [351/445] BTCN
[03:54:32] [352/445] AMBT
[03:54:33] [353/445] PACN
[03:54:35] [354/445] LCNS
[03:54:36] [355/445] PPKC
[03:54:36] [356/445] JYYN
[03:54:37] [357/445] JTNR
[03:54:38] [358/445] GTEE
[03:54:39] [359/445] SRNM
[03:54:40] [360/445] SDTC
[03:54:41] [361/445] VPCA
[03:54:42] [362/445] VLRA
[03:54:43] [363/445] SHKR
[03:54:43] [364/445] SBKD
[03:54:44] [365/445] SAAD
[03:54:45] [366/445] JTGN
[03:54:46] [367/445] SLAM
[03:54:47] [368/445] VTPM
[03:54:48] [369/445] ANPT
[03:54:48] [370/445] PUNB
[03:54:49] [371/445] CPKT
[03:54:50] [372/445] CNWE
[03:54:51] [373/445] ECPP
[03:54:52] [374/445] CPAR
[03:54:52] [375/445] ESBW
[03:54:53] [376/445] PKPU
[03:54:54] [377/445] CPRP
[03:54:55] [378/445] RAHU
[03:54:56] [379/445] RHMN
[03:54:56] [380/445] FMJP
[03:54:57] [381/445] CTMP
[03:54:58] [382/445] INPN
[03:55:00] [383/445] STTG
[03:55:00] [384/445] CTRD
[03:55:01] [385/445] PUVB
[03:55:02] [386/445] ESVP
[03:55:03] [387/445] CPFT
[03:55:04] [388/445] LCPC
[03:55:05] [389/445] VBCT
[03:55:05] [390/445] FSCW
[03:55:06] [391/445] VCMP
[03:55:07] [392/445] ASHC
[03:55:08] [393/445] VLCX
[03:55:09] [394/445] SHEV
[03:55:10] [395/445] APCO
[03:55:11] [396/445] SILC
[03:55:11] [397/445] SNMR
[03:55:12] [398/445] KYBO
[03:55:13] [399/445] SATK
[03:55:14] [400/445] SSCS
[03:55:15] [401/445] CLSB
[03:55:15] [402/445] KMJR
[03:55:16] [403/445] FSCK
[03:55:17] [404/445] NNKA
[03:55:18] [405/445] CLMK
[03:55:19] [406/445] DMPZ
[03:55:20] [407/445] INQM
[03:55:21] [408/445] CAML
[03:55:22] [409/445] INRK
[03:55:23] [410/445] IMKN
[03:55:24] [411/445] SVNR
[03:55:24] [412/445] INSL
[03:55:25] [413/445] MSMA
[03:55:26] [414/445] MCKK
[03:55:27] [415/445] FCHP
[03:55:28] [416/445] SFCR
[03:55:28] [417/445] NACK
[03:55:29] [418/445] PVAK
[03:55:30] [419/445] INER
[03:55:31] [420/445] RDBK
[03:55:32] [421/445] SVFN
[03:55:33] [422/445] IFRM
[03:55:34] [423/445] ATCK
[03:55:35] [424/445] ASKO
[03:55:36] [425/445] STKT
[03:55:36] [426/445] SVFB
[03:55:37] [427/445] INKS
[03:55:38] [428/445] PCRA
[03:55:40] [429/445] ATJA
[03:55:41] [430/445] IMJN
[03:55:42] [431/445] INHD
[03:55:42] [432/445] BARA
[03:55:43] [433/445] MCSL
[03:55:44] [434/445] RTOY
[03:55:46] [435/445] MENO
[03:55:47] [436/445] PUDM
[03:55:48] [437/445] PRCN
[03:55:49] [438/445] JMJR
[03:55:50] [439/445] SSGK
[03:55:50] [440/445] SSRL
[03:55:51] [441/445] JYKL
[03:55:52] [442/445] ACNB
[03:55:53] [443/445] SONP
[03:55:54] [444/445] EMCI
[03:55:55] [445/445] MRJH
[03:55:56] 🧹 Deduping shows
[03:55:56] ✅ DONE | Shows=1877 | Movies=67
