[10:04:19] 🚀 SCRIPT STARTED
[10:04:19] [1/459] NECA
[10:04:19] 🧠 New identity created
[10:04:20] [2/459] BJLC
[10:04:21] [3/459] BASU
[10:04:22] [4/459] RUPI
[10:04:23] [5/459] LCBK
[10:04:24] [6/459] PMAC
[10:04:25] [7/459] AMLC
[10:04:26] [8/459] LICL
[10:04:26] [9/459] UDMM
[10:04:27] [10/459] STBZ
[10:04:28] [11/459] UUBT
[10:04:29] [12/459] SJKC
[10:04:30] [13/459] TUAL
[10:04:31] [14/459] MRSE
[10:04:32] [15/459] RMRK
[10:04:33] [16/459] TTKP
[10:04:33] [17/459] KTKO
[10:04:34] [18/459] SDBK
[10:04:35] [19/459] MCPR
[10:04:36] [20/459] CHTI
[10:04:38] [21/459] GCCP
[10:04:38] [22/459] SRMY
[10:04:40] [23/459] NYST
[10:04:41] [24/459] NYAG
[10:04:42] [25/459] SBMT
[10:04:43] [26/459] INGA
[10:04:44] [27/459] WSIC
[10:04:45] [28/459] SCSS
[10:04:45] [29/459] COPG
[10:04:47] [30/459] RCGR
[10:04:48] [31/459] TCZA
[10:04:49] [32/459] CNLP
[10:04:50] [33/459] CLKN
[10:04:50] [34/459] LHDF
[10:04:51] [35/459] ELKC
[10:04:52] [36/459] VCEM
[10:04:53] [37/459] SSZA
[10:04:54] [38/459] KRMT
[10:04:55] [39/459] LCMV
[10:04:55] [40/459] AYCZ
[10:04:56] [41/459] CUMS
[10:04:57] [42/459] BOCK
[10:04:58] [43/459] PNMR
[10:04:59] [44/459] PJCP
[10:04:59] [45/459] JDDD
[10:05:00] [46/459] STMS
[10:05:01] [47/459] FLMB
[10:05:02] [48/459] PKCM
[10:05:02] [49/459] SPPR
[10:05:03] [50/459] EYLH
[10:05:04] [51/459] RJCC
[10:05:05] [52/459] MMPS
[10:05:06] [53/459] SHMX
[10:05:07] [54/459] CCNL
[10:05:08] [55/459] RCNV
[10:05:09] [56/459] MAAG
[10:05:10] [57/459] LXCM
[10:05:11] [58/459] RCNI
[10:05:12] [59/459] SNNI
[10:05:13] [60/459] LALC
[10:05:14] [61/459] SOCN
[10:05:14] [62/459] JHTP
[10:05:15] [63/459] PITP
[10:05:16] [64/459] CCKW
[10:05:17] [65/459] MCMC
[10:05:17] [66/459] DEES
[10:05:18] [67/459] SABT
[10:05:19] [68/459] VSPP
[10:05:19] [69/459] ABCT
[10:05:20] [70/459] JVTB
[10:05:21] [71/459] VCBD
[10:05:22] [72/459] RMGG
[10:05:23] [73/459] RNMH
[10:05:24] [74/459] SPGL
[10:05:24] [75/459] JTTR
[10:05:26] [76/459] SICS
[10:05:27] [77/459] SRMI
[10:05:29] [78/459] SSIJ
[10:05:30] [79/459] KFMT
[10:05:31] [80/459] VBIT
[10:05:31] [81/459] JKCT
[10:05:32] [82/459] GCGP
[10:05:33] [83/459] GDCS
[10:05:34] [84/459] TRBA
[10:05:35] [85/459] QUST
[10:05:36] [86/459] VSHM
[10:05:37] [87/459] SDCP
[10:05:37] [88/459] SNVS
[10:05:38] [89/459] NYTO
[10:05:39] [90/459] URWC
[10:05:40] [91/459] GTWH
[10:05:40] [92/459] PFCM
[10:05:41] [93/459] KRTA
[10:05:42] [94/459] AXMC
[10:05:43] [95/459] EVMC
[10:05:44] [96/459] HGSM
[10:05:45] [97/459] ACVM
[10:05:45] [98/459] PSKL
[10:05:46] [99/459] RDMP
[10:05:47] [100/459] RHGH
[10:05:48] [101/459] OMCM
[10:05:48] [102/459] DCCP
[10:05:49] [103/459] MCPB
[10:05:50] [104/459] ALCI
[10:05:51] [105/459] BLMX
[10:05:52] [106/459] BTMV
[10:05:53] [107/459] FVPN
[10:05:54] [108/459] CMAR
[10:05:54] [109/459] CEIM
[10:05:55] [110/459] CMVA
[10:05:56] [111/459] CPIV
[10:05:57] [112/459] CNPE
[10:05:57] [113/459] COLV
[10:05:58] [114/459] DNNV
[10:05:59] [115/459] HCAD
[10:06:00] [116/459] TAKA
[10:06:01] [117/459] INVD
[10:06:02] [118/459] IRMM
[10:06:02] [119/459] INSE
[10:06:03] [120/459] MRSW
[10:06:04] [121/459] MCVD
[10:06:05] [122/459] MCSO
[10:06:05] [123/459] PEVM
[10:06:06] [124/459] PVNL
[10:06:07] [125/459] PTCV
[10:06:08] [126/459] PRTC
[10:06:09] [127/459] RCVA
[10:06:10] [128/459] MTBN
[10:06:10] [129/459] LUCP
[10:06:11] [130/459] FMPT
[10:06:13] [131/459] JLSL
[10:06:14] [132/459] SBHA
[10:06:15] [133/459] SHRC
[10:06:15] [134/459] AVPS
[10:06:16] [135/459] STPM
[10:06:17] [136/459] ATRD
[10:06:18] [137/459] VTED
[10:06:18] [138/459] ACAI
[10:06:19] [139/459] SMAE
[10:06:20] [140/459] VMAT
[10:06:21] [141/459] LKCT
[10:06:22] [142/459] JTVK
[10:06:22] [143/459] PRTY
[10:06:23] [144/459] GETT
[10:06:24] [145/459] ESAP
[10:06:25] [146/459] NCPM
[10:06:25] [147/459] PCPA
[10:06:26] [148/459] MMOM
[10:06:27] [149/459] PHUP
[10:06:28] [150/459] CCPI
[10:06:29] [151/459] CNTD
[10:06:30] [152/459] NLJR
[10:06:31] [153/459] SRNG
[10:06:32] [154/459] MHAL
[10:06:32] [155/459] PNSM
[10:06:33] [156/459] DRMY
[10:06:35] [157/459] CCMU
[10:06:36] [158/459] SCMY
[10:06:36] [159/459] PVSY
[10:06:37] [160/459] SDLM
[10:06:38] [161/459] ICCM
[10:06:38] [162/459] PYSU
[10:06:39] [163/459] GATM
[10:06:40] [164/459] WOTM
[10:06:41] [165/459] RKTS
[10:06:41] [166/459] PMTY
[10:06:42] [167/459] LYMS
[10:06:43] [168/459] TGCA
[10:06:45] [169/459] DSTA
[10:06:46] [170/459] CNGE
[10:06:47] [171/459] VSTG
[10:06:48] [172/459] GTCK
[10:06:49] [173/459] TGNT
[10:06:49] [174/459] ASLC
[10:06:50] [175/459] SSST
[10:06:51] [176/459] KBTT
[10:06:52] [177/459] HKCP
[10:06:52] [178/459] SWLC
[10:06:53] [179/459] RTND
[10:06:54] [180/459] PKKT
[10:06:55] [181/459] HSTK
[10:06:56] [182/459] SPTT
[10:06:57] [183/459] IMPM
[10:06:58] [184/459] SCMV
[10:06:58] [185/459] SPCT
[10:06:59] [186/459] JBCA
[10:07:00] [187/459] ATTR
[10:07:01] [188/459] SPMT
[10:07:02] [189/459] LCTM
[10:07:03] [190/459] SCVL
[10:07:04] [191/459] SCVT
[10:07:05] [192/459] KRIC
[10:07:06] [193/459] CTMG
[10:07:07] [194/459] ACNC
[10:07:08] [195/459] DMCK
[10:07:09] [196/459] KMTV
[10:07:09] [197/459] PFCJ
[10:07:10] [198/459] VNMD
[10:07:11] [199/459] VPCZ
[10:07:11] [200/459] SRYR
[10:07:12] [201/459] SYTR
[10:07:13] [202/459] GATR
[10:07:15] [203/459] URTR
[10:07:16] [204/459] MKSM
[10:07:16] [205/459] VSMH
[10:07:17] [206/459] SKRJ
[10:07:18] [207/459] SSJR
[10:07:19] [208/459] SVSM
[10:07:19] [209/459] RUCM
[10:07:20] [210/459] PRKN
[10:07:21] [211/459] RROH
[10:07:22] [212/459] SCTN
[10:07:22] [213/459] RTDM
[10:07:23] [214/459] ASRM
[10:07:24] [215/459] SKMD
[10:07:25] [216/459] SUTD
[10:07:26] [217/459] SADM
[10:07:27] [218/459] WCNR
[10:07:27] [219/459] CNED
[10:07:28] [220/459] MPDB
[10:07:29] [221/459] KTBH
[10:07:30] [222/459] IDRM
[10:07:30] [223/459] PJJT
[10:07:31] [224/459] PFCV
[10:07:32] [225/459] AACT
[10:07:33] [226/459] AAAD
[10:07:34] [227/459] ANES
[10:07:35] [228/459] MNCA
[10:07:35] [229/459] RMGU
[10:07:36] [230/459] DLCN
[10:07:37] [231/459] LJWT
[10:07:38] [232/459] MCBG
[10:07:39] [233/459] MYBG
[10:07:40] [234/459] GCCA
[10:07:41] [235/459] GCGA
[10:07:41] [236/459] ECGN
[10:07:42] [237/459] PRAB
[10:07:43] [238/459] PNMP
[10:07:44] [239/459] GCPT
[10:07:44] [240/459] ROYN
[10:07:45] [241/459] VATM
[10:07:46] [242/459] KSNT
[10:07:47] [243/459] ACTC
[10:07:48] [244/459] PLTD
[10:07:49] [245/459] SKMK
[10:07:49] [246/459] CMTT
[10:07:50] [247/459] SMXP
[10:07:51] [248/459] SCMX
[10:07:52] [249/459] ACXN
[10:07:52] [250/459] ASWT
[10:07:53] [251/459] VVVL
[10:07:54] [252/459] NAGO
[10:07:55] [253/459] SNCN
[10:07:55] [254/459] MCKP
[10:07:56] [255/459] SAMO
[10:07:57] [256/459] JBTV
[10:07:58] [257/459] DCVV
[10:07:59] [258/459] KMSV
[10:08:00] [259/459] KDCN
[10:08:01] [260/459] CNCP
[10:08:01] [261/459] HAMC
[10:08:02] [262/459] CCVZ
[10:08:03] [263/459] NCCK
[10:08:04] [264/459] MCHR
[10:08:05] [265/459] SCHT
[10:08:06] [266/459] ESSH
[10:08:06] [267/459] CUJC
[10:08:07] [268/459] PECP
[10:08:08] [269/459] PMMI
[10:08:09] [270/459] PCCH
[10:08:10] [271/459] PRPM
[10:08:12] [272/459] PVKL
[10:08:13] [273/459] CBSM
[10:08:13] [274/459] PVCZ
[10:08:14] [275/459] PCVV
[10:08:16] [276/459] CTMJ
[10:08:17] [277/459] RCPS
[10:08:17] [278/459] PCIT
[10:08:18] [279/459] FNCH
[10:08:19] [280/459] INZD
[10:08:19] [281/459] INPC
[10:08:20] [282/459] LCZP
[10:08:21] [283/459] SMCB
[10:08:22] [284/459] PTSB
[10:08:23] [285/459] TPSI
[10:08:24] [286/459] KHMJ
[10:08:25] [287/459] RCCJ
[10:08:25] [288/459] NCJA
[10:08:26] [289/459] NCJN
[10:08:27] [290/459] BTDP
[10:08:28] [291/459] PADY
[10:08:29] [292/459] NYBH
[10:08:30] [293/459] MTBR
[10:08:31] [294/459] KRBC
[10:08:32] [295/459] DKTI
[10:08:33] [296/459] ANAN
[10:08:34] [297/459] INBP
[10:08:34] [298/459] PATB
[10:08:36] [299/459] RGNT
[10:08:37] [300/459] CGPM
[10:08:38] [301/459] INTN
[10:08:39] [302/459] MCMP
[10:08:40] [303/459] ASRG
[10:08:41] [304/459] CXJD
[10:08:42] [305/459] SPCP
[10:08:43] [306/459] CSTP
[10:08:44] [307/459] PKVC
[10:08:44] [308/459] ESCP
[10:08:45] [309/459] CAEP
[10:08:46] [310/459] CCSP
[10:08:47] [311/459] KTPC
[10:08:48] [312/459] DACA
[10:08:49] [313/459] NVKY
[10:08:50] [314/459] PTIN
[10:08:51] [315/459] SCIN
[10:08:52] [316/459] MCTY
[10:08:53] [317/459] PCMX
[10:08:54] [318/459] INIC
[10:08:54] [319/459] MMZM
[10:08:55] [320/459] SSLP
[10:08:56] [321/459] DTDT
[10:08:57] [322/459] FFCX
[10:08:58] [323/459] RCMM
[10:08:59] [324/459] KYID
[10:09:00] [325/459] CSCI
[10:09:01] [326/459] FCMC
[10:09:02] [327/459] MMXI
[10:09:03] [328/459] ASTC
[10:09:03] [329/459] CMRA
[10:09:04] [330/459] DICI
[10:09:05] [331/459] KDIN
[10:09:05] [332/459] PRFI
[10:09:06] [333/459] SVFC
[10:09:07] [334/459] UCPL
[10:09:08] [335/459] COOC
[10:09:09] [336/459] SCAL
[10:09:09] [337/459] SVFF
[10:09:11] [338/459] VCMG
[10:09:12] [339/459] UUCT
[10:09:13] [340/459] GCSE
[10:09:13] [341/459] SUSC
[10:09:14] [342/459] MISC
[10:09:15] [343/459] RMBL
[10:09:16] [344/459] CMXN
[10:09:16] [345/459] PVBK
[10:09:17] [346/459] HHCG
[10:09:18] [347/459] SCAG
[10:09:19] [348/459] CNPR
[10:09:19] [349/459] CSER
[10:09:20] [350/459] HLWD
[10:09:22] [351/459] BOLY
[10:09:23] [352/459] SSPG
[10:09:23] [353/459] MUPX
[10:09:24] [354/459] HAMR
[10:09:25] [355/459] SDNC
[10:09:26] [356/459] RTEN
[10:09:27] [357/459] SDTD
[10:09:27] [358/459] KAWS
[10:09:28] [359/459] CMZX
[10:09:29] [360/459] DCDD
[10:09:30] [361/459] ALSN
[10:09:31] [362/459] IMXS
[10:09:32] [363/459] PVFF
[10:09:33] [364/459] PVOO
[10:09:34] [365/459] CFBS
[10:09:34] [366/459] PVER
[10:09:36] [367/459] PPNX
[10:09:37] [368/459] CNRM
[10:09:37] [369/459] PVWW
[10:09:39] [370/459] INMB
[10:09:40] [371/459] CPJR
[10:09:41] [372/459] INRZ
[10:09:42] [373/459] PMSR
[10:09:43] [374/459] GPGM
[10:09:44] [375/459] PGWB
[10:09:45] [376/459] PMBR
[10:09:45] [377/459] GPAM
[10:09:46] [378/459] INBC
[10:09:47] [379/459] PZVK
[10:09:48] [380/459] CPEB
[10:09:49] [381/459] FMLB
[10:09:49] [382/459] INBG
[10:09:50] [383/459] GPBR
[10:09:51] [384/459] PAAS
[10:09:52] [385/459] VTBR
[10:09:53] [386/459] GPMY
[10:09:53] [387/459] GYBU
[10:09:54] [388/459] INBJ
[10:09:55] [389/459] LKTH
[10:09:56] [390/459] NSBR
[10:09:57] [391/459] PDRD
[10:09:57] [392/459] VRBL
[10:09:59] [393/459] VTGB
[10:10:00] [394/459] VTSK
[10:10:00] [395/459] BKDV
[10:10:02] [396/459] SVTB
[10:10:03] [397/459] MLDT
[10:10:03] [398/459] NRBL
[10:10:04] [399/459] SLTR
[10:10:05] [400/459] VNKA
[10:10:06] [401/459] TDCA
[10:10:07] [402/459] INBM
[10:10:08] [403/459] SSNR
[10:10:09] [404/459] BHAC
[10:10:09] [405/459] SDSD
[10:10:10] [406/459] SAMP
[10:10:11] [407/459] RATK
[10:10:12] [408/459] KCBI
[10:10:13] [409/459] URBL
[10:10:13] [410/459] MKBG
[10:10:14] [411/459] ASTB
[10:10:15] [412/459] VBWT
[10:10:16] [413/459] GPSM
[10:10:17] [414/459] ROON
[10:10:17] [415/459] CHTH
[10:10:18] [416/459] SSPA
[10:10:20] [417/459] ANBL
[10:10:21] [418/459] VTBE
[10:10:22] [419/459] SVKT
[10:10:22] [420/459] SVYK
[10:10:23] [421/459] PTBK
[10:10:24] [422/459] RKTB
[10:10:25] [423/459] BALT
[10:10:26] [424/459] STSV
[10:10:27] [425/459] VCCB
[10:10:28] [426/459] SLTB
[10:10:29] [427/459] SBCR
[10:10:30] [428/459] VDCS
[10:10:31] [429/459] MDKI
[10:10:31] [430/459] SMRN
[10:10:32] [431/459] PTBC
[10:10:33] [432/459] RADI
[10:10:34] [433/459] ADCR
[10:10:34] [434/459] SDCS
[10:10:35] [435/459] SRPJ
[10:10:36] [436/459] ARTS
[10:10:37] [437/459] SRHK
[10:10:38] [438/459] SPAY
[10:10:39] [439/459] GPTB
[10:10:40] [440/459] SNNN
[10:10:40] [441/459] BALJ
[10:10:41] [442/459] TRIG
[10:10:42] [443/459] GTYT
[10:10:43] [444/459] ATGN
[10:10:44] [445/459] ANTE
[10:10:45] [446/459] BDCG
[10:10:46] [447/459] VECI
[10:10:46] [448/459] SCPR
[10:10:48] [449/459] RTEA
[10:10:48] [450/459] JSAI
[10:10:49] [451/459] VJTP
[10:10:50] [452/459] GNDS
[10:10:52] [453/459] PAXA
[10:10:52] [454/459] CGGM
[10:10:53] [455/459] ACKZ
[10:10:55] [456/459] EMCC
[10:10:56] [457/459] KLSK
[10:10:56] [458/459] AVCK
[10:10:57] [459/459] JTCK
[10:10:58] 🧹 Deduping shows
[10:10:58] ✅ DONE | Shows=560 | Movies=53
[16:49:16] 🚀 SCRIPT STARTED
[16:49:16] [1/459] NECA
[16:49:17] 🧠 New identity created
[16:49:17] [2/459] BJLC
[16:49:18] [3/459] BASU
[16:49:19] [4/459] RUPI
[16:49:20] [5/459] LCBK
[16:49:21] [6/459] PMAC
[16:49:22] [7/459] AMLC
[16:49:23] [8/459] LICL
[16:49:24] [9/459] UDMM
[16:49:24] [10/459] STBZ
[16:49:25] [11/459] UUBT
[16:49:26] [12/459] SJKC
[16:49:27] [13/459] TUAL
[16:49:28] [14/459] MRSE
[16:49:28] [15/459] RMRK
[16:49:29] [16/459] TTKP
[16:49:30] [17/459] KTKO
[16:49:32] [18/459] SDBK
[16:49:33] [19/459] MCPR
[16:49:33] [20/459] CHTI
[16:49:34] [21/459] GCCP
[16:49:35] [22/459] SRMY
[16:49:36] [23/459] NYST
[16:49:37] [24/459] NYAG
[16:49:37] [25/459] SBMT
[16:49:38] [26/459] INGA
[16:49:40] [27/459] WSIC
[16:49:40] [28/459] SCSS
[16:49:41] [29/459] COPG
[16:49:42] [30/459] RCGR
[16:49:43] [31/459] TCZA
[16:49:44] [32/459] CNLP
[16:49:44] [33/459] CLKN
[16:49:45] [34/459] LHDF
[16:49:46] [35/459] ELKC
[16:49:46] [36/459] VCEM
[16:49:47] [37/459] SSZA
[16:49:48] [38/459] KRMT
[16:49:49] [39/459] LCMV
[16:49:50] [40/459] AYCZ
[16:49:51] [41/459] CUMS
[16:49:51] [42/459] BOCK
[16:49:52] [43/459] PNMR
[16:49:53] [44/459] PJCP
[16:49:54] [45/459] JDDD
[16:49:55] [46/459] STMS
[16:49:56] [47/459] FLMB
[16:49:57] [48/459] PKCM
[16:49:58] [49/459] SPPR
[16:49:59] [50/459] EYLH
[16:50:00] [51/459] RJCC
[16:50:01] [52/459] MMPS
[16:50:01] [53/459] SHMX
[16:50:02] [54/459] CCNL
[16:50:03] [55/459] RCNV
[16:50:04] [56/459] MAAG
[16:50:05] [57/459] LXCM
[16:50:06] [58/459] RCNI
[16:50:06] [59/459] SNNI
[16:50:07] [60/459] LALC
[16:50:08] [61/459] SOCN
[16:50:09] [62/459] JHTP
[16:50:10] [63/459] PITP
[16:50:11] [64/459] CCKW
[16:50:11] [65/459] MCMC
[16:50:12] [66/459] DEES
[16:50:13] [67/459] SABT
[16:50:14] [68/459] VSPP
[16:50:15] [69/459] ABCT
[16:50:15] [70/459] JVTB
[16:50:17] [71/459] VCBD
[16:50:18] [72/459] RMGG
[16:50:19] [73/459] RNMH
[16:50:19] [74/459] SPGL
[16:50:20] [75/459] JTTR
[16:50:21] [76/459] SICS
[16:50:22] [77/459] SRMI
[16:50:22] [78/459] SSIJ
[16:50:23] [79/459] KFMT
[16:50:24] [80/459] VBIT
[16:50:25] [81/459] JKCT
[16:50:26] [82/459] GCGP
[16:50:27] [83/459] GDCS
[16:50:28] [84/459] TRBA
[16:50:28] [85/459] QUST
[16:50:29] [86/459] VSHM
[16:50:30] [87/459] SDCP
[16:50:31] [88/459] SNVS
[16:50:32] [89/459] NYTO
[16:50:33] [90/459] URWC
[16:50:33] [91/459] GTWH
[16:50:34] [92/459] PFCM
[16:50:35] [93/459] KRTA
[16:50:36] [94/459] AXMC
[16:50:37] [95/459] EVMC
[16:50:38] [96/459] HGSM
[16:50:38] [97/459] ACVM
[16:50:39] [98/459] PSKL
[16:50:40] [99/459] RDMP
[16:50:41] [100/459] RHGH
[16:50:41] [101/459] OMCM
[16:50:42] [102/459] DCCP
[16:50:43] [103/459] MCPB
[16:50:44] [104/459] ALCI
[16:50:46] [105/459] BLMX
[16:50:46] [106/459] BTMV
[16:50:47] [107/459] FVPN
[16:50:48] [108/459] CMAR
[16:50:49] [109/459] CEIM
[16:50:49] [110/459] CMVA
[16:50:51] [111/459] CPIV
[16:50:51] [112/459] CNPE
[16:50:52] [113/459] COLV
[16:50:53] [114/459] DNNV
[16:50:55] [115/459] HCAD
[16:50:55] [116/459] TAKA
[16:50:56] [117/459] INVD
[16:50:57] [118/459] IRMM
[16:50:58] [119/459] INSE
[16:50:59] [120/459] MRSW
[16:51:00] [121/459] MCVD
[16:51:01] [122/459] MCSO
[16:51:02] [123/459] PEVM
[16:51:04] [124/459] PVNL
[16:51:05] [125/459] PTCV
[16:51:07] [126/459] PRTC
[16:51:07] [127/459] RCVA
[16:51:08] [128/459] MTBN
[16:51:09] [129/459] LUCP
[16:51:09] [130/459] FMPT
[16:51:10] [131/459] JLSL
[16:51:11] [132/459] SBHA
[16:51:12] [133/459] SHRC
[16:51:13] [134/459] AVPS
[16:51:14] [135/459] STPM
[16:51:14] [136/459] ATRD
[16:51:15] [137/459] VTED
[16:51:16] [138/459] ACAI
[16:51:17] [139/459] SMAE
[16:51:18] [140/459] VMAT
[16:51:18] [141/459] LKCT
[16:51:19] [142/459] JTVK
[16:51:20] [143/459] PRTY
[16:51:21] [144/459] GETT
[16:51:22] [145/459] ESAP
[16:51:23] [146/459] NCPM
[16:51:23] [147/459] PCPA
[16:51:24] [148/459] MMOM
[16:51:25] [149/459] PHUP
[16:51:26] [150/459] CCPI
[16:51:27] [151/459] CNTD
[16:51:28] [152/459] NLJR
[16:51:29] [153/459] SRNG
[16:51:29] [154/459] MHAL
[16:51:31] [155/459] PNSM
[16:51:32] [156/459] DRMY
[16:51:33] [157/459] CCMU
[16:51:34] [158/459] SCMY
[16:51:35] [159/459] PVSY
[16:51:36] [160/459] SDLM
[16:51:36] [161/459] ICCM
[16:51:37] [162/459] PYSU
[16:51:38] [163/459] GATM
[16:51:39] [164/459] WOTM
[16:51:40] [165/459] RKTS
[16:51:41] [166/459] PMTY
[16:51:42] [167/459] LYMS
[16:51:42] [168/459] TGCA
[16:51:43] [169/459] DSTA
[16:51:44] [170/459] CNGE
[16:51:45] [171/459] VSTG
[16:51:46] [172/459] GTCK
[16:51:47] [173/459] TGNT
[16:51:48] [174/459] ASLC
[16:51:48] [175/459] SSST
[16:51:49] [176/459] KBTT
[16:51:50] [177/459] HKCP
[16:51:51] [178/459] SWLC
[16:51:52] [179/459] RTND
[16:51:53] [180/459] PKKT
[16:51:54] [181/459] HSTK
[16:51:54] [182/459] SPTT
[16:51:55] [183/459] IMPM
[16:51:56] [184/459] SCMV
[16:51:57] [185/459] SPCT
[16:51:58] [186/459] JBCA
[16:51:59] [187/459] ATTR
[16:52:00] [188/459] SPMT
[16:52:01] [189/459] LCTM
[16:52:02] [190/459] SCVL
[16:52:03] [191/459] SCVT
[16:52:04] [192/459] KRIC
[16:52:05] [193/459] CTMG
[16:52:06] [194/459] ACNC
[16:52:07] [195/459] DMCK
[16:52:08] [196/459] KMTV
[16:52:09] [197/459] PFCJ
[16:52:10] [198/459] VNMD
[16:52:11] [199/459] VPCZ
[16:52:11] [200/459] SRYR
[16:52:12] [201/459] SYTR
[16:52:13] [202/459] GATR
[16:52:14] [203/459] URTR
[16:52:15] [204/459] MKSM
[16:52:16] [205/459] VSMH
[16:52:17] [206/459] SKRJ
[16:52:17] [207/459] SSJR
[16:52:18] [208/459] SVSM
[16:52:19] [209/459] RUCM
[16:52:20] [210/459] PRKN
[16:52:21] [211/459] RROH
[16:52:21] [212/459] SCTN
[16:52:22] [213/459] RTDM
[16:52:23] [214/459] ASRM
[16:52:24] [215/459] SKMD
[16:52:25] [216/459] SUTD
[16:52:27] [217/459] SADM
[16:52:28] [218/459] WCNR
[16:52:29] [219/459] CNED
[16:52:29] [220/459] MPDB
[16:52:30] [221/459] KTBH
[16:52:31] [222/459] IDRM
[16:52:32] [223/459] PJJT
[16:52:33] [224/459] PFCV
[16:52:33] [225/459] AACT
[16:52:34] [226/459] AAAD
[16:52:35] [227/459] ANES
[16:52:36] [228/459] MNCA
[16:52:37] [229/459] RMGU
[16:52:38] [230/459] DLCN
[16:52:39] [231/459] LJWT
[16:52:40] [232/459] MCBG
[16:52:40] [233/459] MYBG
[16:52:41] [234/459] GCCA
[16:52:42] [235/459] GCGA
[16:52:43] [236/459] ECGN
[16:52:44] [237/459] PRAB
[16:52:44] [238/459] PNMP
[16:52:45] [239/459] GCPT
[16:52:46] [240/459] ROYN
[16:52:47] [241/459] VATM
[16:52:48] [242/459] KSNT
[16:52:49] [243/459] ACTC
[16:52:49] [244/459] PLTD
[16:52:50] [245/459] SKMK
[16:52:51] [246/459] CMTT
[16:52:52] [247/459] SMXP
[16:52:53] [248/459] SCMX
[16:52:54] [249/459] ACXN
[16:52:54] [250/459] ASWT
[16:52:55] [251/459] VVVL
[16:52:56] [252/459] NAGO
[16:52:57] [253/459] SNCN
[16:52:58] [254/459] MCKP
[16:52:59] [255/459] SAMO
[16:53:00] [256/459] JBTV
[16:53:02] [257/459] DCVV
[16:53:03] [258/459] KMSV
[16:53:04] [259/459] KDCN
[16:53:04] [260/459] CNCP
[16:53:06] [261/459] HAMC
[16:53:07] [262/459] CCVZ
[16:53:08] [263/459] NCCK
[16:53:09] [264/459] MCHR
[16:53:10] [265/459] SCHT
[16:53:11] [266/459] ESSH
[16:53:11] [267/459] CUJC
[16:53:12] [268/459] PECP
[16:53:13] [269/459] PMMI
[16:53:14] [270/459] PCCH
[16:53:15] [271/459] PRPM
[16:53:16] [272/459] PVKL
[16:53:17] [273/459] CBSM
[16:53:18] [274/459] PVCZ
[16:53:19] [275/459] PCVV
[16:53:19] [276/459] CTMJ
[16:53:20] [277/459] RCPS
[16:53:21] [278/459] PCIT
[16:53:22] [279/459] FNCH
[16:53:23] [280/459] INZD
[16:53:25] [281/459] INPC
[16:53:25] [282/459] LCZP
[16:53:26] [283/459] SMCB
[16:53:27] [284/459] PTSB
[16:53:29] [285/459] TPSI
[16:53:30] [286/459] KHMJ
[16:53:31] [287/459] RCCJ
[16:53:32] [288/459] NCJA
[16:53:32] [289/459] NCJN
[16:53:33] [290/459] BTDP
[16:53:34] [291/459] PADY
[16:53:35] [292/459] NYBH
[16:53:35] [293/459] MTBR
[16:53:36] [294/459] KRBC
[16:53:37] [295/459] DKTI
[16:53:38] [296/459] ANAN
[16:53:39] [297/459] INBP
[16:53:39] [298/459] PATB
[16:53:40] [299/459] RGNT
[16:53:42] [300/459] CGPM
[16:53:43] [301/459] INTN
[16:53:44] [302/459] MCMP
[16:53:44] [303/459] ASRG
[16:53:45] [304/459] CXJD
[16:53:46] [305/459] SPCP
[16:53:47] [306/459] CSTP
[16:53:48] [307/459] PKVC
[16:53:49] [308/459] ESCP
[16:53:49] [309/459] CAEP
[16:53:50] [310/459] CCSP
[16:53:51] [311/459] KTPC
[16:53:52] [312/459] DACA
[16:53:53] [313/459] NVKY
[16:53:54] [314/459] PTIN
[16:53:55] [315/459] SCIN
[16:53:56] [316/459] MCTY
[16:53:56] [317/459] PCMX
[16:53:57] [318/459] INIC
[16:53:58] [319/459] MMZM
[16:53:59] [320/459] SSLP
[16:54:00] [321/459] DTDT
[16:54:00] [322/459] FFCX
[16:54:01] [323/459] RCMM
[16:54:02] [324/459] KYID
[16:54:03] [325/459] CSCI
[16:54:04] [326/459] FCMC
[16:54:05] [327/459] MMXI
[16:54:06] [328/459] ASTC
[16:54:07] [329/459] CMRA
[16:54:08] [330/459] DICI
[16:54:09] [331/459] KDIN
[16:54:10] [332/459] PRFI
[16:54:11] [333/459] SVFC
[16:54:12] [334/459] UCPL
[16:54:12] [335/459] COOC
[16:54:13] [336/459] SCAL
[16:54:14] [337/459] SVFF
[16:54:15] [338/459] VCMG
[16:54:16] [339/459] UUCT
[16:54:17] [340/459] GCSE
[16:54:18] [341/459] SUSC
[16:54:19] [342/459] MISC
[16:54:20] [343/459] RMBL
[16:54:21] [344/459] CMXN
[16:54:21] [345/459] PVBK
[16:54:22] [346/459] HHCG
[16:54:23] [347/459] SCAG
[16:54:24] [348/459] CNPR
[16:54:24] [349/459] CSER
[16:54:25] [350/459] HLWD
[16:54:26] [351/459] BOLY
[16:54:27] [352/459] SSPG
[16:54:28] [353/459] MUPX
[16:54:28] [354/459] HAMR
[16:54:29] [355/459] SDNC
[16:54:30] [356/459] RTEN
[16:54:32] [357/459] SDTD
[16:54:33] [358/459] KAWS
[16:54:34] [359/459] CMZX
[16:54:35] [360/459] DCDD
[16:54:36] [361/459] ALSN
[16:54:37] [362/459] IMXS
[16:54:38] [363/459] PVFF
[16:54:38] [364/459] PVOO
[16:54:40] [365/459] CFBS
[16:54:41] [366/459] PVER
[16:54:42] [367/459] PPNX
[16:54:43] [368/459] CNRM
[16:54:44] [369/459] PVWW
[16:54:45] [370/459] INMB
[16:54:46] [371/459] CPJR
[16:54:48] [372/459] INRZ
[16:54:49] [373/459] PMSR
[16:54:49] [374/459] GPGM
[16:54:50] [375/459] PGWB
[16:54:51] [376/459] PMBR
[16:54:52] [377/459] GPAM
[16:54:52] [378/459] INBC
[16:54:53] [379/459] PZVK
[16:54:54] [380/459] CPEB
[16:54:55] [381/459] FMLB
[16:54:56] [382/459] INBG
[16:54:58] [383/459] GPBR
[16:54:58] [384/459] PAAS
[16:54:59] [385/459] VTBR
[16:55:00] [386/459] GPMY
[16:55:01] [387/459] GYBU
[16:55:01] [388/459] INBJ
[16:55:02] [389/459] LKTH
[16:55:03] [390/459] NSBR
[16:55:03] [391/459] PDRD
[16:55:04] [392/459] VRBL
[16:55:06] [393/459] VTGB
[16:55:07] [394/459] VTSK
[16:55:08] [395/459] BKDV
[16:55:08] [396/459] SVTB
[16:55:09] [397/459] MLDT
[16:55:10] [398/459] NRBL
[16:55:10] [399/459] SLTR
[16:55:11] [400/459] VNKA
[16:55:12] [401/459] TDCA
[16:55:13] [402/459] INBM
[16:55:14] [403/459] SSNR
[16:55:15] [404/459] BHAC
[16:55:16] [405/459] SDSD
[16:55:16] [406/459] SAMP
[16:55:17] [407/459] RATK
[16:55:18] [408/459] KCBI
[16:55:19] [409/459] URBL
[16:55:20] [410/459] MKBG
[16:55:21] [411/459] ASTB
[16:55:22] [412/459] VBWT
[16:55:23] [413/459] GPSM
[16:55:23] [414/459] ROON
[16:55:24] [415/459] CHTH
[16:55:25] [416/459] SSPA
[16:55:26] [417/459] ANBL
[16:55:26] [418/459] VTBE
[16:55:27] [419/459] SVKT
[16:55:28] [420/459] SVYK
[16:55:29] [421/459] PTBK
[16:55:30] [422/459] RKTB
[16:55:31] [423/459] BALT
[16:55:31] [424/459] STSV
[16:55:32] [425/459] VCCB
[16:55:33] [426/459] SLTB
[16:55:34] [427/459] SBCR
[16:55:35] [428/459] VDCS
[16:55:36] [429/459] MDKI
[16:55:36] [430/459] SMRN
[16:55:37] [431/459] PTBC
[16:55:38] [432/459] RADI
[16:55:39] [433/459] ADCR
[16:55:40] [434/459] SDCS
[16:55:41] [435/459] SRPJ
[16:55:42] [436/459] ARTS
[16:55:43] [437/459] SRHK
[16:55:43] [438/459] SPAY
[16:55:45] [439/459] GPTB
[16:55:46] [440/459] SNNN
[16:55:47] [441/459] BALJ
[16:55:47] [442/459] TRIG
[16:55:48] [443/459] GTYT
[16:55:49] [444/459] ATGN
[16:55:50] [445/459] ANTE
[16:55:51] [446/459] BDCG
[16:55:51] [447/459] VECI
[16:55:52] [448/459] SCPR
[16:55:53] [449/459] RTEA
[16:55:54] [450/459] JSAI
[16:55:55] [451/459] VJTP
[16:55:55] [452/459] GNDS
[16:55:56] [453/459] PAXA
[16:55:57] [454/459] CGGM
[16:55:58] [455/459] ACKZ
[16:55:59] [456/459] EMCC
[16:55:59] [457/459] KLSK
[16:56:00] [458/459] AVCK
[16:56:01] [459/459] JTCK
[16:56:02] 🧹 Deduping shows
[16:56:02] ✅ DONE | Shows=665 | Movies=54
[04:49:34] 🚀 SCRIPT STARTED
[04:49:34] [1/459] NECA
[04:49:34] 🧠 New identity created
[04:49:35] [2/459] BJLC
[04:49:36] [3/459] BASU
[04:49:37] [4/459] RUPI
[04:49:38] [5/459] LCBK
[04:49:39] [6/459] PMAC
[04:49:40] [7/459] AMLC
[04:49:40] [8/459] LICL
[04:49:41] [9/459] UDMM
[04:49:42] [10/459] STBZ
[04:49:43] [11/459] UUBT
[04:49:44] [12/459] SJKC
[04:49:45] [13/459] TUAL
[04:49:46] [14/459] MRSE
[04:49:47] [15/459] RMRK
[04:49:48] [16/459] TTKP
[04:49:48] [17/459] KTKO
[04:49:49] [18/459] SDBK
[04:49:50] [19/459] MCPR
[04:49:51] [20/459] CHTI
[04:49:52] [21/459] GCCP
[04:49:53] [22/459] SRMY
[04:49:55] [23/459] NYST
[04:49:56] [24/459] NYAG
[04:49:56] [25/459] SBMT
[04:49:57] [26/459] INGA
[04:49:58] [27/459] WSIC
[04:49:59] [28/459] SCSS
[04:50:00] [29/459] COPG
[04:50:01] [30/459] RCGR
[04:50:02] [31/459] TCZA
[04:50:03] [32/459] CNLP
[04:50:04] [33/459] CLKN
[04:50:05] [34/459] LHDF
[04:50:06] [35/459] ELKC
[04:50:07] [36/459] VCEM
[04:50:08] [37/459] SSZA
[04:50:10] [38/459] KRMT
[04:50:11] [39/459] LCMV
[04:50:12] [40/459] AYCZ
[04:50:13] [41/459] CUMS
[04:50:14] [42/459] BOCK
[04:50:15] [43/459] PNMR
[04:50:16] [44/459] PJCP
[04:50:17] [45/459] JDDD
[04:50:17] [46/459] STMS
[04:50:19] [47/459] FLMB
[04:50:19] [48/459] PKCM
[04:50:21] [49/459] SPPR
[04:50:21] [50/459] EYLH
[04:50:22] [51/459] RJCC
[04:50:23] [52/459] MMPS
[04:50:24] [53/459] SHMX
[04:50:25] [54/459] CCNL
[04:50:26] [55/459] RCNV
[04:50:27] [56/459] MAAG
[04:50:27] [57/459] LXCM
[04:50:28] [58/459] RCNI
[04:50:29] [59/459] SNNI
[04:50:30] [60/459] LALC
[04:50:31] [61/459] SOCN
[04:50:32] [62/459] JHTP
[04:50:33] [63/459] PITP
[04:50:34] [64/459] CCKW
[04:50:35] [65/459] MCMC
[04:50:36] [66/459] DEES
[04:50:38] [67/459] SABT
[04:50:39] [68/459] VSPP
[04:50:39] [69/459] ABCT
[04:50:40] [70/459] JVTB
[04:50:41] [71/459] VCBD
[04:50:42] [72/459] RMGG
[04:50:43] [73/459] RNMH
[04:50:44] [74/459] SPGL
[04:50:44] [75/459] JTTR
[04:50:45] [76/459] SICS
[04:50:46] [77/459] SRMI
[04:50:47] [78/459] SSIJ
[04:50:48] [79/459] KFMT
[04:50:49] [80/459] VBIT
[04:50:50] [81/459] JKCT
[04:50:51] [82/459] GCGP
[04:50:52] [83/459] GDCS
[04:50:53] [84/459] TRBA
[04:50:53] [85/459] QUST
[04:50:54] [86/459] VSHM
[04:50:55] [87/459] SDCP
[04:50:56] [88/459] SNVS
[04:50:57] [89/459] NYTO
[04:50:58] [90/459] URWC
[04:50:59] [91/459] GTWH
[04:51:01] [92/459] PFCM
[04:51:03] [93/459] KRTA
[04:51:04] [94/459] AXMC
[04:51:05] [95/459] EVMC
[04:51:06] [96/459] HGSM
[04:51:06] [97/459] ACVM
[04:51:07] [98/459] PSKL
[04:51:08] [99/459] RDMP
[04:51:09] [100/459] RHGH
[04:51:11] [101/459] OMCM
[04:51:12] [102/459] DCCP
[04:51:13] [103/459] MCPB
[04:51:13] [104/459] ALCI
[04:51:14] [105/459] BLMX
[04:51:15] [106/459] BTMV
[04:51:16] [107/459] FVPN
[04:51:16] [108/459] CMAR
[04:51:17] [109/459] CEIM
[04:51:18] [110/459] CMVA
[04:51:19] [111/459] CPIV
[04:51:20] [112/459] CNPE
[04:51:21] [113/459] COLV
[04:51:22] [114/459] DNNV
[04:51:23] [115/459] HCAD
[04:51:24] [116/459] TAKA
[04:51:25] [117/459] INVD
[04:51:26] [118/459] IRMM
[04:51:27] [119/459] INSE
[04:51:28] [120/459] MRSW
[04:51:29] [121/459] MCVD
[04:51:30] [122/459] MCSO
[04:51:32] [123/459] PEVM
[04:51:33] [124/459] PVNL
[04:51:34] [125/459] PTCV
[04:51:34] [126/459] PRTC
[04:51:35] [127/459] RCVA
[04:51:36] [128/459] MTBN
[04:51:37] [129/459] LUCP
[04:51:38] [130/459] FMPT
[04:51:39] [131/459] JLSL
[04:51:40] [132/459] SBHA
[04:51:41] [133/459] SHRC
[04:51:42] [134/459] AVPS
[04:51:42] [135/459] STPM
[04:51:43] [136/459] ATRD
[04:51:44] [137/459] VTED
[04:51:45] [138/459] ACAI
[04:51:46] [139/459] SMAE
[04:51:47] [140/459] VMAT
[04:51:48] [141/459] LKCT
[04:51:49] [142/459] JTVK
[04:51:50] [143/459] PRTY
[04:51:51] [144/459] GETT
[04:51:51] [145/459] ESAP
[04:51:52] [146/459] NCPM
[04:51:53] [147/459] PCPA
[04:51:54] [148/459] MMOM
[04:51:55] [149/459] PHUP
[04:51:56] [150/459] CCPI
[04:51:57] [151/459] CNTD
[04:51:59] [152/459] NLJR
[04:51:59] [153/459] SRNG
[04:52:00] [154/459] MHAL
[04:52:01] [155/459] PNSM
[04:52:02] [156/459] DRMY
[04:52:03] [157/459] CCMU
[04:52:04] [158/459] SCMY
[04:52:05] [159/459] PVSY
[04:52:06] [160/459] SDLM
[04:52:07] [161/459] ICCM
[04:52:07] [162/459] PYSU
[04:52:08] [163/459] GATM
[04:52:09] [164/459] WOTM
[04:52:10] [165/459] RKTS
[04:52:12] [166/459] PMTY
[04:52:12] [167/459] LYMS
[04:52:13] [168/459] TGCA
[04:52:14] [169/459] DSTA
[04:52:15] [170/459] CNGE
[04:52:16] [171/459] VSTG
[04:52:17] [172/459] GTCK
[04:52:19] [173/459] TGNT
[04:52:20] [174/459] ASLC
[04:52:21] [175/459] SSST
[04:52:22] [176/459] KBTT
[04:52:23] [177/459] HKCP
[04:52:24] [178/459] SWLC
[04:52:25] [179/459] RTND
[04:52:26] [180/459] PKKT
[04:52:27] [181/459] HSTK
[04:52:28] [182/459] SPTT
[04:52:29] [183/459] IMPM
[04:52:29] [184/459] SCMV
[04:52:31] [185/459] SPCT
[04:52:32] [186/459] JBCA
[04:52:34] [187/459] ATTR
[04:52:34] [188/459] SPMT
[04:52:36] [189/459] LCTM
[04:52:37] [190/459] SCVL
[04:52:37] [191/459] SCVT
[04:52:38] [192/459] KRIC
[04:52:39] [193/459] CTMG
[04:52:40] [194/459] ACNC
[04:52:41] [195/459] DMCK
[04:52:42] [196/459] KMTV
[04:52:43] [197/459] PFCJ
[04:52:45] [198/459] VNMD
[04:52:45] [199/459] VPCZ
[04:52:46] [200/459] SRYR
[04:52:47] [201/459] SYTR
[04:52:48] [202/459] GATR
[04:52:49] [203/459] URTR
[04:52:50] [204/459] MKSM
[04:52:51] [205/459] VSMH
[04:52:52] [206/459] SKRJ
[04:52:53] [207/459] SSJR
[04:52:54] [208/459] SVSM
[04:52:56] [209/459] RUCM
[04:52:57] [210/459] PRKN
[04:52:58] [211/459] RROH
[04:52:59] [212/459] SCTN
[04:53:00] [213/459] RTDM
[04:53:00] [214/459] ASRM
[04:53:01] [215/459] SKMD
[04:53:03] [216/459] SUTD
[04:53:04] [217/459] SADM
[04:53:05] [218/459] WCNR
[04:53:06] [219/459] CNED
[04:53:07] [220/459] MPDB
[04:53:08] [221/459] KTBH
[04:53:09] [222/459] IDRM
[04:53:10] [223/459] PJJT
[04:53:11] [224/459] PFCV
[04:53:12] [225/459] AACT
[04:53:13] [226/459] AAAD
[04:53:14] [227/459] ANES
[04:53:14] [228/459] MNCA
[04:53:15] [229/459] RMGU
[04:53:16] [230/459] DLCN
[04:53:17] [231/459] LJWT
[04:53:18] [232/459] MCBG
[04:53:19] [233/459] MYBG
[04:53:20] [234/459] GCCA
[04:53:20] [235/459] GCGA
[04:53:21] [236/459] ECGN
[04:53:22] [237/459] PRAB
[04:53:23] [238/459] PNMP
[04:53:24] [239/459] GCPT
[04:53:24] [240/459] ROYN
[04:53:25] [241/459] VATM
[04:53:26] [242/459] KSNT
[04:53:27] [243/459] ACTC
[04:53:28] [244/459] PLTD
[04:53:29] [245/459] SKMK
[04:53:30] [246/459] CMTT
[04:53:31] [247/459] SMXP
[04:53:31] [248/459] SCMX
[04:53:33] [249/459] ACXN
[04:53:33] [250/459] ASWT
[04:53:34] [251/459] VVVL
[04:53:35] [252/459] NAGO
[04:53:36] [253/459] SNCN
[04:53:37] [254/459] MCKP
[04:53:37] [255/459] SAMO
[04:53:38] [256/459] JBTV
[04:53:39] [257/459] DCVV
[04:53:40] [258/459] KMSV
[04:53:42] [259/459] KDCN
[04:53:43] [260/459] CNCP
[04:53:44] [261/459] HAMC
[04:53:45] [262/459] CCVZ
[04:53:46] [263/459] NCCK
[04:53:47] [264/459] MCHR
[04:53:48] [265/459] SCHT
[04:53:49] [266/459] ESSH
[04:53:49] [267/459] CUJC
[04:53:50] [268/459] PECP
[04:53:51] [269/459] PMMI
[04:53:52] [270/459] PCCH
[04:53:53] [271/459] PRPM
[04:53:53] [272/459] PVKL
[04:53:54] [273/459] CBSM
[04:53:55] [274/459] PVCZ
[04:53:56] [275/459] PCVV
[04:53:57] [276/459] CTMJ
[04:53:58] [277/459] RCPS
[04:53:59] [278/459] PCIT
[04:54:00] [279/459] FNCH
[04:54:00] [280/459] INZD
[04:54:01] [281/459] INPC
[04:54:02] [282/459] LCZP
[04:54:03] [283/459] SMCB
[04:54:04] [284/459] PTSB
[04:54:05] [285/459] TPSI
[04:54:05] [286/459] KHMJ
[04:54:07] [287/459] RCCJ
[04:54:09] [288/459] NCJA
[04:54:09] [289/459] NCJN
[04:54:10] [290/459] BTDP
[04:54:11] [291/459] PADY
[04:54:12] [292/459] NYBH
[04:54:13] [293/459] MTBR
[04:54:14] [294/459] KRBC
[04:54:15] [295/459] DKTI
[04:54:16] [296/459] ANAN
[04:54:16] [297/459] INBP
[04:54:17] [298/459] PATB
[04:54:18] [299/459] RGNT
[04:54:19] [300/459] CGPM
[04:54:20] [301/459] INTN
[04:54:22] [302/459] MCMP
[04:54:23] [303/459] ASRG
[04:54:24] [304/459] CXJD
[04:54:25] [305/459] SPCP
[04:54:25] [306/459] CSTP
[04:54:26] [307/459] PKVC
[04:54:28] [308/459] ESCP
[04:54:29] [309/459] CAEP
[04:54:31] [310/459] CCSP
[04:54:32] [311/459] KTPC
[04:54:33] [312/459] DACA
[04:54:34] [313/459] NVKY
[04:54:35] [314/459] PTIN
[04:54:36] [315/459] SCIN
[04:54:37] [316/459] MCTY
[04:54:37] [317/459] PCMX
[04:54:38] [318/459] INIC
[04:54:39] [319/459] MMZM
[04:54:40] [320/459] SSLP
[04:54:41] [321/459] DTDT
[04:54:42] [322/459] FFCX
[04:54:43] [323/459] RCMM
[04:54:43] [324/459] KYID
[04:54:44] [325/459] CSCI
[04:54:45] [326/459] FCMC
[04:54:46] [327/459] MMXI
[04:54:48] [328/459] ASTC
[04:54:49] [329/459] CMRA
[04:54:49] [330/459] DICI
[04:54:50] [331/459] KDIN
[04:54:51] [332/459] PRFI
[04:54:52] [333/459] SVFC
[04:54:53] [334/459] UCPL
[04:54:55] [335/459] COOC
[04:54:55] [336/459] SCAL
[04:54:56] [337/459] SVFF
[04:54:57] [338/459] VCMG
[04:54:58] [339/459] UUCT
[04:54:59] [340/459] GCSE
[04:55:00] [341/459] SUSC
[04:55:01] [342/459] MISC
[04:55:02] [343/459] RMBL
[04:55:03] [344/459] CMXN
[04:55:04] [345/459] PVBK
[04:55:05] [346/459] HHCG
[04:55:05] [347/459] SCAG
[04:55:06] [348/459] CNPR
[04:55:07] [349/459] CSER
[04:55:08] [350/459] HLWD
[04:55:09] [351/459] BOLY
[04:55:11] [352/459] SSPG
[04:55:11] [353/459] MUPX
[04:55:12] [354/459] HAMR
[04:55:13] [355/459] SDNC
[04:55:14] [356/459] RTEN
[04:55:15] [357/459] SDTD
[04:55:16] [358/459] KAWS
[04:55:16] [359/459] CMZX
[04:55:17] [360/459] DCDD
[04:55:18] [361/459] ALSN
[04:55:19] [362/459] IMXS
[04:55:20] [363/459] PVFF
[04:55:21] [364/459] PVOO
[04:55:21] [365/459] CFBS
[04:55:22] [366/459] PVER
[04:55:23] [367/459] PPNX
[04:55:24] [368/459] CNRM
[04:55:25] [369/459] PVWW
[04:55:26] [370/459] INMB
[04:55:26] [371/459] CPJR
[04:55:27] [372/459] INRZ
[04:55:28] [373/459] PMSR
[04:55:29] [374/459] GPGM
[04:55:30] [375/459] PGWB
[04:55:31] [376/459] PMBR
[04:55:32] [377/459] GPAM
[04:55:33] [378/459] INBC
[04:55:33] [379/459] PZVK
[04:55:34] [380/459] CPEB
[04:55:35] [381/459] FMLB
[04:55:36] [382/459] INBG
[04:55:37] [383/459] GPBR
[04:55:37] [384/459] PAAS
[04:55:38] [385/459] VTBR
[04:55:39] [386/459] GPMY
[04:55:40] [387/459] GYBU
[04:55:42] [388/459] INBJ
[04:55:43] [389/459] LKTH
[04:55:44] [390/459] NSBR
[04:55:44] [391/459] PDRD
[04:55:46] [392/459] VRBL
[04:55:47] [393/459] VTGB
[04:55:48] [394/459] VTSK
[04:55:49] [395/459] BKDV
[04:55:50] [396/459] SVTB
[04:55:51] [397/459] MLDT
[04:55:52] [398/459] NRBL
[04:55:53] [399/459] SLTR
[04:55:54] [400/459] VNKA
[04:55:55] [401/459] TDCA
[04:55:55] [402/459] INBM
[04:55:56] [403/459] SSNR
[04:55:57] [404/459] BHAC
[04:55:58] [405/459] SDSD
[04:55:59] [406/459] SAMP
[04:56:00] [407/459] RATK
[04:56:01] [408/459] KCBI
[04:56:02] [409/459] URBL
[04:56:03] [410/459] MKBG
[04:56:04] [411/459] ASTB
[04:56:05] [412/459] VBWT
[04:56:06] [413/459] GPSM
[04:56:07] [414/459] ROON
[04:56:07] [415/459] CHTH
[04:56:08] [416/459] SSPA
[04:56:09] [417/459] ANBL
[04:56:10] [418/459] VTBE
[04:56:11] [419/459] SVKT
[04:56:12] [420/459] SVYK
[04:56:13] [421/459] PTBK
[04:56:13] [422/459] RKTB
[04:56:15] [423/459] BALT
[04:56:17] [424/459] STSV
[04:56:18] [425/459] VCCB
[04:56:19] [426/459] SLTB
[04:56:20] [427/459] SBCR
[04:56:21] [428/459] VDCS
[04:56:23] [429/459] MDKI
[04:56:23] [430/459] SMRN
[04:56:24] [431/459] PTBC
[04:56:25] [432/459] RADI
[04:56:26] [433/459] ADCR
[04:56:27] [434/459] SDCS
[04:56:28] [435/459] SRPJ
[04:56:28] [436/459] ARTS
[04:56:29] [437/459] SRHK
[04:56:30] [438/459] SPAY
[04:56:31] [439/459] GPTB
[04:56:32] [440/459] SNNN
[04:56:33] [441/459] BALJ
[04:56:34] [442/459] TRIG
[04:56:35] [443/459] GTYT
[04:56:36] [444/459] ATGN
[04:56:37] [445/459] ANTE
[04:56:38] [446/459] BDCG
[04:56:39] [447/459] VECI
[04:56:40] [448/459] SCPR
[04:56:40] [449/459] RTEA
[04:56:41] [450/459] JSAI
[04:56:42] [451/459] VJTP
[04:56:43] [452/459] GNDS
[04:56:44] [453/459] PAXA
[04:56:45] [454/459] CGGM
[04:56:45] [455/459] ACKZ
[04:56:46] [456/459] EMCC
[04:56:47] [457/459] KLSK
[04:56:48] [458/459] AVCK
[04:56:50] [459/459] JTCK
[04:56:51] 🧹 Deduping shows
[04:56:51] ✅ DONE | Shows=690 | Movies=55
[12:00:10] 🚀 SCRIPT STARTED
[12:00:10] [1/459] NECA
[12:00:10] 🧠 New identity created
[12:00:11] [2/459] BJLC
[12:00:12] [3/459] BASU
[12:00:13] [4/459] RUPI
[12:00:14] [5/459] LCBK
[12:00:14] [6/459] PMAC
[12:00:15] [7/459] AMLC
[12:00:16] [8/459] LICL
[12:00:17] [9/459] UDMM
[12:00:18] [10/459] STBZ
[12:00:19] [11/459] UUBT
[12:00:20] [12/459] SJKC
[12:00:21] [13/459] TUAL
[12:00:22] [14/459] MRSE
[12:00:23] [15/459] RMRK
[12:00:24] [16/459] TTKP
[12:00:25] [17/459] KTKO
[12:00:26] [18/459] SDBK
[12:00:27] [19/459] MCPR
[12:00:29] [20/459] CHTI
[12:00:29] [21/459] GCCP
[12:00:30] [22/459] SRMY
[12:00:31] [23/459] NYST
[12:00:32] [24/459] NYAG
[12:00:33] [25/459] SBMT
[12:00:34] [26/459] INGA
[12:00:35] [27/459] WSIC
[12:00:36] [28/459] SCSS
[12:00:37] [29/459] COPG
[12:00:37] [30/459] RCGR
[12:00:39] [31/459] TCZA
[12:00:40] [32/459] CNLP
[12:00:41] [33/459] CLKN
[12:00:41] [34/459] LHDF
[12:00:42] [35/459] ELKC
[12:00:43] [36/459] VCEM
[12:00:44] [37/459] SSZA
[12:00:45] [38/459] KRMT
[12:00:46] [39/459] LCMV
[12:00:47] [40/459] AYCZ
[12:00:48] [41/459] CUMS
[12:00:48] [42/459] BOCK
[12:00:49] [43/459] PNMR
[12:00:50] [44/459] PJCP
[12:00:51] [45/459] JDDD
[12:00:52] [46/459] STMS
[12:00:53] [47/459] FLMB
[12:00:54] [48/459] PKCM
[12:00:55] [49/459] SPPR
[12:00:56] [50/459] EYLH
[12:00:57] [51/459] RJCC
[12:00:58] [52/459] MMPS
[12:00:58] [53/459] SHMX
[12:00:59] [54/459] CCNL
[12:01:00] [55/459] RCNV
[12:01:01] [56/459] MAAG
[12:01:02] [57/459] LXCM
[12:01:03] [58/459] RCNI
[12:01:04] [59/459] SNNI
[12:01:05] [60/459] LALC
[12:01:06] [61/459] SOCN
[12:01:07] [62/459] JHTP
[12:01:07] [63/459] PITP
[12:01:08] [64/459] CCKW
[12:01:09] [65/459] MCMC
[12:01:10] [66/459] DEES
[12:01:11] [67/459] SABT
[12:01:12] [68/459] VSPP
[12:01:13] [69/459] ABCT
[12:01:14] [70/459] JVTB
[12:01:15] [71/459] VCBD
[12:01:16] [72/459] RMGG
[12:01:17] [73/459] RNMH
[12:01:17] [74/459] SPGL
[12:01:19] [75/459] JTTR
[12:01:20] [76/459] SICS
[12:01:21] [77/459] SRMI
[12:01:21] [78/459] SSIJ
[12:01:22] [79/459] KFMT
[12:01:23] [80/459] VBIT
[12:01:24] [81/459] JKCT
[12:01:24] [82/459] GCGP
[12:01:25] [83/459] GDCS
[12:01:26] [84/459] TRBA
[12:01:27] [85/459] QUST
[12:01:28] [86/459] VSHM
[12:01:29] [87/459] SDCP
[12:01:30] [88/459] SNVS
[12:01:30] [89/459] NYTO
[12:01:31] [90/459] URWC
[12:01:32] [91/459] GTWH
[12:01:33] [92/459] PFCM
[12:01:34] [93/459] KRTA
[12:01:35] [94/459] AXMC
[12:01:36] [95/459] EVMC
[12:01:36] [96/459] HGSM
[12:01:37] [97/459] ACVM
[12:01:38] [98/459] PSKL
[12:01:39] [99/459] RDMP
[12:01:40] [100/459] RHGH
[12:01:40] [101/459] OMCM
[12:01:41] [102/459] DCCP
[12:01:42] [103/459] MCPB
[12:01:43] [104/459] ALCI
[12:01:44] [105/459] BLMX
[12:01:45] [106/459] BTMV
[12:01:47] [107/459] FVPN
[12:01:48] [108/459] CMAR
[12:01:48] [109/459] CEIM
[12:01:49] [110/459] CMVA
[12:01:50] [111/459] CPIV
[12:01:51] [112/459] CNPE
[12:01:52] [113/459] COLV
[12:01:53] [114/459] DNNV
[12:01:53] [115/459] HCAD
[12:01:54] [116/459] TAKA
[12:01:55] [117/459] INVD
[12:01:56] [118/459] IRMM
[12:01:57] [119/459] INSE
[12:01:58] [120/459] MRSW
[12:01:59] [121/459] MCVD
[12:01:59] [122/459] MCSO
[12:02:00] [123/459] PEVM
[12:02:01] [124/459] PVNL
[12:02:02] [125/459] PTCV
[12:02:03] [126/459] PRTC
[12:02:03] [127/459] RCVA
[12:02:04] [128/459] MTBN
[12:02:05] [129/459] LUCP
[12:02:06] [130/459] FMPT
[12:02:07] [131/459] JLSL
[12:02:08] [132/459] SBHA
[12:02:08] [133/459] SHRC
[12:02:09] [134/459] AVPS
[12:02:10] [135/459] STPM
[12:02:11] [136/459] ATRD
[12:02:12] [137/459] VTED
[12:02:12] [138/459] ACAI
[12:02:13] [139/459] SMAE
[12:02:14] [140/459] VMAT
[12:02:15] [141/459] LKCT
[12:02:16] [142/459] JTVK
[12:02:17] [143/459] PRTY
[12:02:18] [144/459] GETT
[12:02:19] [145/459] ESAP
[12:02:20] [146/459] NCPM
[12:02:20] [147/459] PCPA
[12:02:21] [148/459] MMOM
[12:02:22] [149/459] PHUP
[12:02:23] [150/459] CCPI
[12:02:24] [151/459] CNTD
[12:02:25] [152/459] NLJR
[12:02:25] [153/459] SRNG
[12:02:26] [154/459] MHAL
[12:02:27] [155/459] PNSM
[12:02:28] [156/459] DRMY
[12:02:29] [157/459] CCMU
[12:02:30] [158/459] SCMY
[12:02:31] [159/459] PVSY
[12:02:32] [160/459] SDLM
[12:02:33] [161/459] ICCM
[12:02:34] [162/459] PYSU
[12:02:35] [163/459] GATM
[12:02:36] [164/459] WOTM
[12:02:36] [165/459] RKTS
[12:02:37] [166/459] PMTY
[12:02:38] [167/459] LYMS
[12:02:39] [168/459] TGCA
[12:02:40] [169/459] DSTA
[12:02:40] [170/459] CNGE
[12:02:41] [171/459] VSTG
[12:02:42] [172/459] GTCK
[12:02:43] [173/459] TGNT
[12:02:43] [174/459] ASLC
[12:02:44] [175/459] SSST
[12:02:45] [176/459] KBTT
[12:02:46] [177/459] HKCP
[12:02:47] [178/459] SWLC
[12:02:48] [179/459] RTND
[12:02:48] [180/459] PKKT
[12:02:50] [181/459] HSTK
[12:02:51] [182/459] SPTT
[12:02:52] [183/459] IMPM
[12:02:52] [184/459] SCMV
[12:02:53] [185/459] SPCT
[12:02:54] [186/459] JBCA
[12:02:55] [187/459] ATTR
[12:02:56] [188/459] SPMT
[12:02:57] [189/459] LCTM
[12:02:58] [190/459] SCVL
[12:02:59] [191/459] SCVT
[12:03:00] [192/459] KRIC
[12:03:00] [193/459] CTMG
[12:03:01] [194/459] ACNC
[12:03:02] [195/459] DMCK
[12:03:03] [196/459] KMTV
[12:03:05] [197/459] PFCJ
[12:03:06] [198/459] VNMD
[12:03:07] [199/459] VPCZ
[12:03:08] [200/459] SRYR
[12:03:08] [201/459] SYTR
[12:03:09] [202/459] GATR
[12:03:10] [203/459] URTR
[12:03:11] [204/459] MKSM
[12:03:12] [205/459] VSMH
[12:03:13] [206/459] SKRJ
[12:03:13] [207/459] SSJR
[12:03:14] [208/459] SVSM
[12:03:15] [209/459] RUCM
[12:03:16] [210/459] PRKN
[12:03:17] [211/459] RROH
[12:03:18] [212/459] SCTN
[12:03:18] [213/459] RTDM
[12:03:19] [214/459] ASRM
[12:03:20] [215/459] SKMD
[12:03:21] [216/459] SUTD
[12:03:23] [217/459] SADM
[12:03:24] [218/459] WCNR
[12:03:24] [219/459] CNED
[12:03:25] [220/459] MPDB
[12:03:26] [221/459] KTBH
[12:03:27] [222/459] IDRM
[12:03:27] [223/459] PJJT
[12:03:28] [224/459] PFCV
[12:03:29] [225/459] AACT
[12:03:30] [226/459] AAAD
[12:03:31] [227/459] ANES
[12:03:32] [228/459] MNCA
[12:03:32] [229/459] RMGU
[12:03:33] [230/459] DLCN
[12:03:34] [231/459] LJWT
[12:03:35] [232/459] MCBG
[12:03:36] [233/459] MYBG
[12:03:36] [234/459] GCCA
[12:03:37] [235/459] GCGA
[12:03:38] [236/459] ECGN
[12:03:39] [237/459] PRAB
[12:03:40] [238/459] PNMP
[12:03:40] [239/459] GCPT
[12:03:41] [240/459] ROYN
[12:03:42] [241/459] VATM
[12:03:43] [242/459] KSNT
[12:03:44] [243/459] ACTC
[12:03:45] [244/459] PLTD
[12:03:46] [245/459] SKMK
[12:03:46] [246/459] CMTT
[12:03:47] [247/459] SMXP
[12:03:48] [248/459] SCMX
[12:03:49] [249/459] ACXN
[12:03:50] [250/459] ASWT
[12:03:51] [251/459] VVVL
[12:03:51] [252/459] NAGO
[12:03:52] [253/459] SNCN
[12:03:53] [254/459] MCKP
[12:03:54] [255/459] SAMO
[12:03:55] [256/459] JBTV
[12:03:56] [257/459] DCVV
[12:03:57] [258/459] KMSV
[12:03:58] [259/459] KDCN
[12:03:59] [260/459] CNCP
[12:04:00] [261/459] HAMC
[12:04:00] [262/459] CCVZ
[12:04:01] [263/459] NCCK
[12:04:02] [264/459] MCHR
[12:04:04] [265/459] SCHT
[12:04:05] [266/459] ESSH
[12:04:05] [267/459] CUJC
[12:04:06] [268/459] PECP
[12:04:07] [269/459] PMMI
[12:04:08] [270/459] PCCH
[12:04:09] [271/459] PRPM
[12:04:10] [272/459] PVKL
[12:04:11] [273/459] CBSM
[12:04:12] [274/459] PVCZ
[12:04:12] [275/459] PCVV
[12:04:13] [276/459] CTMJ
[12:04:14] [277/459] RCPS
[12:04:15] [278/459] PCIT
[12:04:16] [279/459] FNCH
[12:04:17] [280/459] INZD
[12:04:18] [281/459] INPC
[12:04:19] [282/459] LCZP
[12:04:20] [283/459] SMCB
[12:04:21] [284/459] PTSB
[12:04:22] [285/459] TPSI
[12:04:23] [286/459] KHMJ
[12:04:24] [287/459] RCCJ
[12:04:25] [288/459] NCJA
[12:04:26] [289/459] NCJN
[12:04:27] [290/459] BTDP
[12:04:27] [291/459] PADY
[12:04:28] [292/459] NYBH
[12:04:29] [293/459] MTBR
[12:04:30] [294/459] KRBC
[12:04:31] [295/459] DKTI
[12:04:33] [296/459] ANAN
[12:04:34] [297/459] INBP
[12:04:35] [298/459] PATB
[12:04:36] [299/459] RGNT
[12:04:37] [300/459] CGPM
[12:04:38] [301/459] INTN
[12:04:39] [302/459] MCMP
[12:04:39] [303/459] ASRG
[12:04:40] [304/459] CXJD
[12:04:41] [305/459] SPCP
[12:04:42] [306/459] CSTP
[12:04:43] [307/459] PKVC
[12:04:44] [308/459] ESCP
[12:04:44] [309/459] CAEP
[12:04:45] [310/459] CCSP
[12:04:46] [311/459] KTPC
[12:04:47] [312/459] DACA
[12:04:48] [313/459] NVKY
[12:04:48] [314/459] PTIN
[12:04:49] [315/459] SCIN
[12:04:50] [316/459] MCTY
[12:04:51] [317/459] PCMX
[12:04:51] [318/459] INIC
[12:04:52] [319/459] MMZM
[12:04:53] [320/459] SSLP
[12:04:54] [321/459] DTDT
[12:04:55] [322/459] FFCX
[12:04:56] [323/459] RCMM
[12:04:57] [324/459] KYID
[12:04:58] [325/459] CSCI
[12:04:59] [326/459] FCMC
[12:05:00] [327/459] MMXI
[12:05:00] [328/459] ASTC
[12:05:02] [329/459] CMRA
[12:05:03] [330/459] DICI
[12:05:04] [331/459] KDIN
[12:05:05] [332/459] PRFI
[12:05:06] [333/459] SVFC
[12:05:07] [334/459] UCPL
[12:05:08] [335/459] COOC
[12:05:09] [336/459] SCAL
[12:05:10] [337/459] SVFF
[12:05:11] [338/459] VCMG
[12:05:11] [339/459] UUCT
[12:05:12] [340/459] GCSE
[12:05:13] [341/459] SUSC
[12:05:14] [342/459] MISC
[12:05:15] [343/459] RMBL
[12:05:16] [344/459] CMXN
[12:05:16] [345/459] PVBK
[12:05:17] [346/459] HHCG
[12:05:18] [347/459] SCAG
[12:05:19] [348/459] CNPR
[12:05:20] [349/459] CSER
[12:05:21] [350/459] HLWD
[12:05:22] [351/459] BOLY
[12:05:23] [352/459] SSPG
[12:05:23] [353/459] MUPX
[12:05:24] [354/459] HAMR
[12:05:25] [355/459] SDNC
[12:05:27] [356/459] RTEN
[12:05:28] [357/459] SDTD
[12:05:29] [358/459] KAWS
[12:05:30] [359/459] CMZX
[12:05:31] [360/459] DCDD
[12:05:31] [361/459] ALSN
[12:05:32] [362/459] IMXS
[12:05:33] [363/459] PVFF
[12:05:34] [364/459] PVOO
[12:05:35] [365/459] CFBS
[12:05:35] [366/459] PVER
[12:05:36] [367/459] PPNX
[12:05:37] [368/459] CNRM
[12:05:38] [369/459] PVWW
[12:05:38] [370/459] INMB
[12:05:39] [371/459] CPJR
[12:05:40] [372/459] INRZ
[12:05:41] [373/459] PMSR
[12:05:42] [374/459] GPGM
[12:05:43] [375/459] PGWB
[12:05:44] [376/459] PMBR
[12:05:44] [377/459] GPAM
[12:05:45] [378/459] INBC
[12:05:46] [379/459] PZVK
[12:05:47] [380/459] CPEB
[12:05:47] [381/459] FMLB
[12:05:48] [382/459] INBG
[12:05:49] [383/459] GPBR
[12:05:50] [384/459] PAAS
[12:05:51] [385/459] VTBR
[12:05:52] [386/459] GPMY
[12:05:52] [387/459] GYBU
[12:05:53] [388/459] INBJ
[12:05:54] [389/459] LKTH
[12:05:55] [390/459] NSBR
[12:05:56] [391/459] PDRD
[12:05:57] [392/459] VRBL
[12:05:58] [393/459] VTGB
[12:05:59] [394/459] VTSK
[12:05:59] [395/459] BKDV
[12:06:00] [396/459] SVTB
[12:06:01] [397/459] MLDT
[12:06:02] [398/459] NRBL
[12:06:02] [399/459] SLTR
[12:06:04] [400/459] VNKA
[12:06:04] [401/459] TDCA
[12:06:05] [402/459] INBM
[12:06:06] [403/459] SSNR
[12:06:07] [404/459] BHAC
[12:06:08] [405/459] SDSD
[12:06:08] [406/459] SAMP
[12:06:09] [407/459] RATK
[12:06:10] [408/459] KCBI
[12:06:11] [409/459] URBL
[12:06:12] [410/459] MKBG
[12:06:13] [411/459] ASTB
[12:06:13] [412/459] VBWT
[12:06:14] [413/459] GPSM
[12:06:16] [414/459] ROON
[12:06:16] [415/459] CHTH
[12:06:17] [416/459] SSPA
[12:06:18] [417/459] ANBL
[12:06:19] [418/459] VTBE
[12:06:20] [419/459] SVKT
[12:06:21] [420/459] SVYK
[12:06:22] [421/459] PTBK
[12:06:23] [422/459] RKTB
[12:06:24] [423/459] BALT
[12:06:25] [424/459] STSV
[12:06:26] [425/459] VCCB
[12:06:26] [426/459] SLTB
[12:06:27] [427/459] SBCR
[12:06:28] [428/459] VDCS
[12:06:29] [429/459] MDKI
[12:06:31] [430/459] SMRN
[12:06:31] [431/459] PTBC
[12:06:32] [432/459] RADI
[12:06:33] [433/459] ADCR
[12:06:34] [434/459] SDCS
[12:06:35] [435/459] SRPJ
[12:06:36] [436/459] ARTS
[12:06:37] [437/459] SRHK
[12:06:38] [438/459] SPAY
[12:06:39] [439/459] GPTB
[12:06:40] [440/459] SNNN
[12:06:40] [441/459] BALJ
[12:06:41] [442/459] TRIG
[12:06:42] [443/459] GTYT
[12:06:43] [444/459] ATGN
[12:06:43] [445/459] ANTE
[12:06:44] [446/459] BDCG
[12:06:45] [447/459] VECI
[12:06:46] [448/459] SCPR
[12:06:47] [449/459] RTEA
[12:06:48] [450/459] JSAI
[12:06:49] [451/459] VJTP
[12:06:50] [452/459] GNDS
[12:06:51] [453/459] PAXA
[12:06:51] [454/459] CGGM
[12:06:52] [455/459] ACKZ
[12:06:54] [456/459] EMCC
[12:06:54] [457/459] KLSK
[12:06:55] [458/459] AVCK
[12:06:56] [459/459] JTCK
[12:06:57] 🧹 Deduping shows
[12:06:57] ✅ DONE | Shows=741 | Movies=56
[18:59:08] 🚀 SCRIPT STARTED
[18:59:08] [1/459] NECA
[18:59:08] 🧠 New identity created
[18:59:09] [2/459] BJLC
[18:59:10] [3/459] BASU
[18:59:10] [4/459] RUPI
[18:59:11] [5/459] LCBK
[18:59:12] [6/459] PMAC
[18:59:13] [7/459] AMLC
[18:59:14] [8/459] LICL
[18:59:15] [9/459] UDMM
[18:59:15] [10/459] STBZ
[18:59:16] [11/459] UUBT
[18:59:17] [12/459] SJKC
[18:59:18] [13/459] TUAL
[18:59:19] [14/459] MRSE
[18:59:20] [15/459] RMRK
[18:59:21] [16/459] TTKP
[18:59:22] [17/459] KTKO
[18:59:23] [18/459] SDBK
[18:59:24] [19/459] MCPR
[18:59:25] [20/459] CHTI
[18:59:26] [21/459] GCCP
[18:59:27] [22/459] SRMY
[18:59:28] [23/459] NYST
[18:59:29] [24/459] NYAG
[18:59:30] [25/459] SBMT
[18:59:31] [26/459] INGA
[18:59:32] [27/459] WSIC
[18:59:33] [28/459] SCSS
[18:59:33] [29/459] COPG
[18:59:34] [30/459] RCGR
[18:59:35] [31/459] TCZA
[18:59:36] [32/459] CNLP
[18:59:37] [33/459] CLKN
[18:59:37] [34/459] LHDF
[18:59:39] [35/459] ELKC
[18:59:40] [36/459] VCEM
[18:59:41] [37/459] SSZA
[18:59:41] [38/459] KRMT
[18:59:42] [39/459] LCMV
[18:59:43] [40/459] AYCZ
[18:59:44] [41/459] CUMS
[18:59:45] [42/459] BOCK
[18:59:45] [43/459] PNMR
[18:59:46] [44/459] PJCP
[18:59:47] [45/459] JDDD
[18:59:48] [46/459] STMS
[18:59:49] [47/459] FLMB
[18:59:49] [48/459] PKCM
[18:59:50] [49/459] SPPR
[18:59:51] [50/459] EYLH
[18:59:52] [51/459] RJCC
[18:59:53] [52/459] MMPS
[18:59:54] [53/459] SHMX
[18:59:54] [54/459] CCNL
[18:59:55] [55/459] RCNV
[18:59:56] [56/459] MAAG
[18:59:57] [57/459] LXCM
[18:59:57] [58/459] RCNI
[18:59:59] [59/459] SNNI
[19:00:00] [60/459] LALC
[19:00:01] [61/459] SOCN
[19:00:02] [62/459] JHTP
[19:00:02] [63/459] PITP
[19:00:03] [64/459] CCKW
[19:00:04] [65/459] MCMC
[19:00:05] [66/459] DEES
[19:00:05] [67/459] SABT
[19:00:06] [68/459] VSPP
[19:00:07] [69/459] ABCT
[19:00:08] [70/459] JVTB
[19:00:08] [71/459] VCBD
[19:00:09] [72/459] RMGG
[19:00:10] [73/459] RNMH
[19:00:11] [74/459] SPGL
[19:00:12] [75/459] JTTR
[19:00:13] [76/459] SICS
[19:00:13] [77/459] SRMI
[19:00:14] [78/459] SSIJ
[19:00:15] [79/459] KFMT
[19:00:16] [80/459] VBIT
[19:00:16] [81/459] JKCT
[19:00:17] [82/459] GCGP
[19:00:18] [83/459] GDCS
[19:00:19] [84/459] TRBA
[19:00:20] [85/459] QUST
[19:00:20] [86/459] VSHM
[19:00:21] [87/459] SDCP
[19:00:22] [88/459] SNVS
[19:00:23] [89/459] NYTO
[19:00:24] [90/459] URWC
[19:00:25] [91/459] GTWH
[19:00:25] [92/459] PFCM
[19:00:26] [93/459] KRTA
[19:00:27] [94/459] AXMC
[19:00:28] [95/459] EVMC
[19:00:29] [96/459] HGSM
[19:00:30] [97/459] ACVM
[19:00:31] [98/459] PSKL
[19:00:31] [99/459] RDMP
[19:00:33] [100/459] RHGH
[19:00:33] [101/459] OMCM
[19:00:34] [102/459] DCCP
[19:00:35] [103/459] MCPB
[19:00:36] [104/459] ALCI
[19:00:37] [105/459] BLMX
[19:00:37] [106/459] BTMV
[19:00:39] [107/459] FVPN
[19:00:40] [108/459] CMAR
[19:00:40] [109/459] CEIM
[19:00:41] [110/459] CMVA
[19:00:42] [111/459] CPIV
[19:00:43] [112/459] CNPE
[19:00:44] [113/459] COLV
[19:00:45] [114/459] DNNV
[19:00:46] [115/459] HCAD
[19:00:47] [116/459] TAKA
[19:00:48] [117/459] INVD
[19:00:49] [118/459] IRMM
[19:00:49] [119/459] INSE
[19:00:50] [120/459] MRSW
[19:00:51] [121/459] MCVD
[19:00:52] [122/459] MCSO
[19:00:53] [123/459] PEVM
[19:00:53] [124/459] PVNL
[19:00:55] [125/459] PTCV
[19:00:56] [126/459] PRTC
[19:00:56] [127/459] RCVA
[19:00:57] [128/459] MTBN
[19:00:58] [129/459] LUCP
[19:00:59] [130/459] FMPT
[19:01:00] [131/459] JLSL
[19:01:01] [132/459] SBHA
[19:01:02] [133/459] SHRC
[19:01:03] [134/459] AVPS
[19:01:04] [135/459] STPM
[19:01:05] [136/459] ATRD
[19:01:05] [137/459] VTED
[19:01:06] [138/459] ACAI
[19:01:07] [139/459] SMAE
[19:01:07] [140/459] VMAT
[19:01:08] [141/459] LKCT
[19:01:09] [142/459] JTVK
[19:01:10] [143/459] PRTY
[19:01:11] [144/459] GETT
[19:01:12] [145/459] ESAP
[19:01:12] [146/459] NCPM
[19:01:13] [147/459] PCPA
[19:01:14] [148/459] MMOM
[19:01:15] [149/459] PHUP
[19:01:16] [150/459] CCPI
[19:01:16] [151/459] CNTD
[19:01:17] [152/459] NLJR
[19:01:19] [153/459] SRNG
[19:01:19] [154/459] MHAL
[19:01:20] [155/459] PNSM
[19:01:21] [156/459] DRMY
[19:01:22] [157/459] CCMU
[19:01:23] [158/459] SCMY
[19:01:24] [159/459] PVSY
[19:01:26] [160/459] SDLM
[19:01:26] [161/459] ICCM
[19:01:27] [162/459] PYSU
[19:01:28] [163/459] GATM
[19:01:29] [164/459] WOTM
[19:01:29] [165/459] RKTS
[19:01:30] [166/459] PMTY
[19:01:31] [167/459] LYMS
[19:01:32] [168/459] TGCA
[19:01:33] [169/459] DSTA
[19:01:33] [170/459] CNGE
[19:01:34] [171/459] VSTG
[19:01:35] [172/459] GTCK
[19:01:36] [173/459] TGNT
[19:01:37] [174/459] ASLC
[19:01:38] [175/459] SSST
[19:01:38] [176/459] KBTT
[19:01:39] [177/459] HKCP
[19:01:40] [178/459] SWLC
[19:01:41] [179/459] RTND
[19:01:41] [180/459] PKKT
[19:01:42] [181/459] HSTK
[19:01:43] [182/459] SPTT
[19:01:44] [183/459] IMPM
[19:01:45] [184/459] SCMV
[19:01:46] [185/459] SPCT
[19:01:46] [186/459] JBCA
[19:01:47] [187/459] ATTR
[19:01:48] [188/459] SPMT
[19:01:49] [189/459] LCTM
[19:01:50] [190/459] SCVL
[19:01:50] [191/459] SCVT
[19:01:51] [192/459] KRIC
[19:01:52] [193/459] CTMG
[19:01:53] [194/459] ACNC
[19:01:54] [195/459] DMCK
[19:01:55] [196/459] KMTV
[19:01:56] [197/459] PFCJ
[19:01:56] [198/459] VNMD
[19:01:57] [199/459] VPCZ
[19:01:58] [200/459] SRYR
[19:01:59] [201/459] SYTR
[19:02:00] [202/459] GATR
[19:02:01] [203/459] URTR
[19:02:01] [204/459] MKSM
[19:02:02] [205/459] VSMH
[19:02:03] [206/459] SKRJ
[19:02:04] [207/459] SSJR
[19:02:05] [208/459] SVSM
[19:02:06] [209/459] RUCM
[19:02:07] [210/459] PRKN
[19:02:08] [211/459] RROH
[19:02:08] [212/459] SCTN
[19:02:09] [213/459] RTDM
[19:02:10] [214/459] ASRM
[19:02:11] [215/459] SKMD
[19:02:12] [216/459] SUTD
[19:02:13] [217/459] SADM
[19:02:14] [218/459] WCNR
[19:02:15] [219/459] CNED
[19:02:15] [220/459] MPDB
[19:02:16] [221/459] KTBH
[19:02:17] [222/459] IDRM
[19:02:18] [223/459] PJJT
[19:02:19] [224/459] PFCV
[19:02:20] [225/459] AACT
[19:02:20] [226/459] AAAD
[19:02:21] [227/459] ANES
[19:02:22] [228/459] MNCA
[19:02:23] [229/459] RMGU
[19:02:24] [230/459] DLCN
[19:02:25] [231/459] LJWT
[19:02:26] [232/459] MCBG
[19:02:26] [233/459] MYBG
[19:02:27] [234/459] GCCA
[19:02:29] [235/459] GCGA
[19:02:29] [236/459] ECGN
[19:02:30] [237/459] PRAB
[19:02:31] [238/459] PNMP
[19:02:32] [239/459] GCPT
[19:02:32] [240/459] ROYN
[19:02:33] [241/459] VATM
[19:02:34] [242/459] KSNT
[19:02:35] [243/459] ACTC
[19:02:35] [244/459] PLTD
[19:02:36] [245/459] SKMK
[19:02:37] [246/459] CMTT
[19:02:38] [247/459] SMXP
[19:02:39] [248/459] SCMX
[19:02:39] [249/459] ACXN
[19:02:40] [250/459] ASWT
[19:02:41] [251/459] VVVL
[19:02:42] [252/459] NAGO
[19:02:43] [253/459] SNCN
[19:02:44] [254/459] MCKP
[19:02:44] [255/459] SAMO
[19:02:45] [256/459] JBTV
[19:02:46] [257/459] DCVV
[19:02:47] [258/459] KMSV
[19:02:48] [259/459] KDCN
[19:02:49] [260/459] CNCP
[19:02:50] [261/459] HAMC
[19:02:51] [262/459] CCVZ
[19:02:52] [263/459] NCCK
[19:02:54] [264/459] MCHR
[19:02:55] [265/459] SCHT
[19:02:56] [266/459] ESSH
[19:02:57] [267/459] CUJC
[19:02:58] [268/459] PECP
[19:02:58] [269/459] PMMI
[19:02:59] [270/459] PCCH
[19:03:00] [271/459] PRPM
[19:03:01] [272/459] PVKL
[19:03:02] [273/459] CBSM
[19:03:03] [274/459] PVCZ
[19:03:03] [275/459] PCVV
[19:03:04] [276/459] CTMJ
[19:03:06] [277/459] RCPS
[19:03:06] [278/459] PCIT
[19:03:08] [279/459] FNCH
[19:03:09] [280/459] INZD
[19:03:09] [281/459] INPC
[19:03:10] [282/459] LCZP
[19:03:11] [283/459] SMCB
[19:03:12] [284/459] PTSB
[19:03:12] [285/459] TPSI
[19:03:13] [286/459] KHMJ
[19:03:14] [287/459] RCCJ
[19:03:15] [288/459] NCJA
[19:03:16] [289/459] NCJN
[19:03:16] [290/459] BTDP
[19:03:17] [291/459] PADY
[19:03:18] [292/459] NYBH
[19:03:19] [293/459] MTBR
[19:03:20] [294/459] KRBC
[19:03:20] [295/459] DKTI
[19:03:22] [296/459] ANAN
[19:03:23] [297/459] INBP
[19:03:24] [298/459] PATB
[19:03:24] [299/459] RGNT
[19:03:25] [300/459] CGPM
[19:03:27] [301/459] INTN
[19:03:28] [302/459] MCMP
[19:03:28] [303/459] ASRG
[19:03:29] [304/459] CXJD
[19:03:30] [305/459] SPCP
[19:03:31] [306/459] CSTP
[19:03:32] [307/459] PKVC
[19:03:33] [308/459] ESCP
[19:03:33] [309/459] CAEP
[19:03:34] [310/459] CCSP
[19:03:35] [311/459] KTPC
[19:03:36] [312/459] DACA
[19:03:36] [313/459] NVKY
[19:03:37] [314/459] PTIN
[19:03:38] [315/459] SCIN
[19:03:39] [316/459] MCTY
[19:03:40] [317/459] PCMX
[19:03:40] [318/459] INIC
[19:03:42] [319/459] MMZM
[19:03:42] [320/459] SSLP
[19:03:44] [321/459] DTDT
[19:03:45] [322/459] FFCX
[19:03:46] [323/459] RCMM
[19:03:47] [324/459] KYID
[19:03:48] [325/459] CSCI
[19:03:49] [326/459] FCMC
[19:03:50] [327/459] MMXI
[19:03:51] [328/459] ASTC
[19:03:52] [329/459] CMRA
[19:03:53] [330/459] DICI
[19:03:53] [331/459] KDIN
[19:03:54] [332/459] PRFI
[19:03:55] [333/459] SVFC
[19:03:56] [334/459] UCPL
[19:03:57] [335/459] COOC
[19:03:58] [336/459] SCAL
[19:03:59] [337/459] SVFF
[19:04:00] [338/459] VCMG
[19:04:01] [339/459] UUCT
[19:04:02] [340/459] GCSE
[19:04:02] [341/459] SUSC
[19:04:03] [342/459] MISC
[19:04:04] [343/459] RMBL
[19:04:05] [344/459] CMXN
[19:04:06] [345/459] PVBK
[19:04:07] [346/459] HHCG
[19:04:08] [347/459] SCAG
[19:04:09] [348/459] CNPR
[19:04:10] [349/459] CSER
[19:04:11] [350/459] HLWD
[19:04:12] [351/459] BOLY
[19:04:14] [352/459] SSPG
[19:04:14] [353/459] MUPX
[19:04:15] [354/459] HAMR
[19:04:17] [355/459] SDNC
[19:04:18] [356/459] RTEN
[19:04:19] [357/459] SDTD
[19:04:19] [358/459] KAWS
[19:04:20] [359/459] CMZX
[19:04:21] [360/459] DCDD
[19:04:21] [361/459] ALSN
[19:04:22] [362/459] IMXS
[19:04:23] [363/459] PVFF
[19:04:24] [364/459] PVOO
[19:04:24] [365/459] CFBS
[19:04:26] [366/459] PVER
[19:04:27] [367/459] PPNX
[19:04:28] [368/459] CNRM
[19:04:29] [369/459] PVWW
[19:04:30] [370/459] INMB
[19:04:31] [371/459] CPJR
[19:04:31] [372/459] INRZ
[19:04:32] [373/459] PMSR
[19:04:33] [374/459] GPGM
[19:04:34] [375/459] PGWB
[19:04:34] [376/459] PMBR
[19:04:35] [377/459] GPAM
[19:04:36] [378/459] INBC
[19:04:37] [379/459] PZVK
[19:04:38] [380/459] CPEB
[19:04:39] [381/459] FMLB
[19:04:40] [382/459] INBG
[19:04:40] [383/459] GPBR
[19:04:41] [384/459] PAAS
[19:04:42] [385/459] VTBR
[19:04:43] [386/459] GPMY
[19:04:44] [387/459] GYBU
[19:04:44] [388/459] INBJ
[19:04:45] [389/459] LKTH
[19:04:46] [390/459] NSBR
[19:04:47] [391/459] PDRD
[19:04:48] [392/459] VRBL
[19:04:48] [393/459] VTGB
[19:04:49] [394/459] VTSK
[19:04:50] [395/459] BKDV
[19:04:51] [396/459] SVTB
[19:04:52] [397/459] MLDT
[19:04:52] [398/459] NRBL
[19:04:53] [399/459] SLTR
[19:04:54] [400/459] VNKA
[19:04:55] [401/459] TDCA
[19:04:56] [402/459] INBM
[19:04:56] [403/459] SSNR
[19:04:57] [404/459] BHAC
[19:04:58] [405/459] SDSD
[19:04:59] [406/459] SAMP
[19:04:59] [407/459] RATK
[19:05:00] [408/459] KCBI
[19:05:01] [409/459] URBL
[19:05:02] [410/459] MKBG
[19:05:02] [411/459] ASTB
[19:05:04] [412/459] VBWT
[19:05:05] [413/459] GPSM
[19:05:06] [414/459] ROON
[19:05:06] [415/459] CHTH
[19:05:07] [416/459] SSPA
[19:05:09] [417/459] ANBL
[19:05:09] [418/459] VTBE
[19:05:10] [419/459] SVKT
[19:05:11] [420/459] SVYK
[19:05:12] [421/459] PTBK
[19:05:13] [422/459] RKTB
[19:05:14] [423/459] BALT
[19:05:15] [424/459] STSV
[19:05:16] [425/459] VCCB
[19:05:16] [426/459] SLTB
[19:05:17] [427/459] SBCR
[19:05:18] [428/459] VDCS
[19:05:19] [429/459] MDKI
[19:05:20] [430/459] SMRN
[19:05:21] [431/459] PTBC
[19:05:21] [432/459] RADI
[19:05:22] [433/459] ADCR
[19:05:23] [434/459] SDCS
[19:05:24] [435/459] SRPJ
[19:05:24] [436/459] ARTS
[19:05:25] [437/459] SRHK
[19:05:26] [438/459] SPAY
[19:05:27] [439/459] GPTB
[19:05:27] [440/459] SNNN
[19:05:28] [441/459] BALJ
[19:05:29] [442/459] TRIG
[19:05:30] [443/459] GTYT
[19:05:31] [444/459] ATGN
[19:05:32] [445/459] ANTE
[19:05:33] [446/459] BDCG
[19:05:33] [447/459] VECI
[19:05:34] [448/459] SCPR
[19:05:35] [449/459] RTEA
[19:05:36] [450/459] JSAI
[19:05:37] [451/459] VJTP
[19:05:37] [452/459] GNDS
[19:05:38] [453/459] PAXA
[19:05:39] [454/459] CGGM
[19:05:40] [455/459] ACKZ
[19:05:41] [456/459] EMCC
[19:05:41] [457/459] KLSK
[19:05:43] [458/459] AVCK
[19:05:44] [459/459] JTCK
[19:05:45] 🧹 Deduping shows
[19:05:45] ✅ DONE | Shows=1404 | Movies=60
[21:53:36] 🚀 SCRIPT STARTED
[21:53:36] [1/459] NECA
[21:53:36] 🧠 New identity created
[21:53:37] [2/459] BJLC
[21:53:38] [3/459] BASU
[21:53:38] [4/459] RUPI
[21:53:39] [5/459] LCBK
[21:53:40] [6/459] PMAC
[21:53:41] [7/459] AMLC
[21:53:42] [8/459] LICL
[21:53:44] [9/459] UDMM
[21:53:45] [10/459] STBZ
[21:53:45] [11/459] UUBT
[21:53:46] [12/459] SJKC
[21:53:47] [13/459] TUAL
[21:53:48] [14/459] MRSE
[21:53:49] [15/459] RMRK
[21:53:50] [16/459] TTKP
[21:53:51] [17/459] KTKO
[21:53:52] [18/459] SDBK
[21:53:54] [19/459] MCPR
[21:53:55] [20/459] CHTI
[21:53:56] [21/459] GCCP
[21:53:58] [22/459] SRMY
[21:53:59] [23/459] NYST
[21:54:00] [24/459] NYAG
[21:54:01] [25/459] SBMT
[21:54:01] [26/459] INGA
[21:54:02] [27/459] WSIC
[21:54:03] [28/459] SCSS
[21:54:04] [29/459] COPG
[21:54:05] [30/459] RCGR
[21:54:06] [31/459] TCZA
[21:54:06] [32/459] CNLP
[21:54:07] [33/459] CLKN
[21:54:08] [34/459] LHDF
[21:54:09] [35/459] ELKC
[21:54:10] [36/459] VCEM
[21:54:11] [37/459] SSZA
[21:54:11] [38/459] KRMT
[21:54:13] [39/459] LCMV
[21:54:15] [40/459] AYCZ
[21:54:16] [41/459] CUMS
[21:54:17] [42/459] BOCK
[21:54:18] [43/459] PNMR
[21:54:19] [44/459] PJCP
[21:54:21] [45/459] JDDD
[21:54:21] [46/459] STMS
[21:54:22] [47/459] FLMB
[21:54:23] [48/459] PKCM
[21:54:24] [49/459] SPPR
[21:54:25] [50/459] EYLH
[21:54:26] [51/459] RJCC
[21:54:27] [52/459] MMPS
[21:54:28] [53/459] SHMX
[21:54:29] [54/459] CCNL
[21:54:30] [55/459] RCNV
[21:54:31] [56/459] MAAG
[21:54:33] [57/459] LXCM
[21:54:33] [58/459] RCNI
[21:54:34] [59/459] SNNI
[21:54:35] [60/459] LALC
[21:54:37] [61/459] SOCN
[21:54:38] [62/459] JHTP
[21:54:39] [63/459] PITP
[21:54:40] [64/459] CCKW
[21:54:40] [65/459] MCMC
[21:54:41] [66/459] DEES
[21:54:43] [67/459] SABT
[21:54:44] [68/459] VSPP
[21:54:44] [69/459] ABCT
[21:54:45] [70/459] JVTB
[21:54:46] [71/459] VCBD
[21:54:47] [72/459] RMGG
[21:54:48] [73/459] RNMH
[21:54:49] [74/459] SPGL
[21:54:49] [75/459] JTTR
[21:54:50] [76/459] SICS
[21:54:51] [77/459] SRMI
[21:54:52] [78/459] SSIJ
[21:54:53] [79/459] KFMT
[21:54:54] [80/459] VBIT
[21:54:56] [81/459] JKCT
[21:54:57] [82/459] GCGP
[21:54:57] [83/459] GDCS
[21:54:59] [84/459] TRBA
[21:55:00] [85/459] QUST
[21:55:00] [86/459] VSHM
[21:55:01] [87/459] SDCP
[21:55:02] [88/459] SNVS
[21:55:03] [89/459] NYTO
[21:55:05] [90/459] URWC
[21:55:06] [91/459] GTWH
[21:55:07] [92/459] PFCM
[21:55:08] [93/459] KRTA
[21:55:09] [94/459] AXMC
[21:55:10] [95/459] EVMC
[21:55:12] [96/459] HGSM
[21:55:12] [97/459] ACVM
[21:55:13] [98/459] PSKL
[21:55:14] [99/459] RDMP
[21:55:16] [100/459] RHGH
[21:55:17] [101/459] OMCM
[21:55:17] [102/459] DCCP
[21:55:18] [103/459] MCPB
[21:55:19] [104/459] ALCI
[21:55:20] [105/459] BLMX
[21:55:21] [106/459] BTMV
[21:55:22] [107/459] FVPN
[21:55:23] [108/459] CMAR
[21:55:25] [109/459] CEIM
[21:55:26] [110/459] CMVA
[21:55:26] [111/459] CPIV
[21:55:27] [112/459] CNPE
[21:55:28] [113/459] COLV
[21:55:29] [114/459] DNNV
[21:55:30] [115/459] HCAD
[21:55:31] [116/459] TAKA
[21:55:32] [117/459] INVD
[21:55:33] [118/459] IRMM
[21:55:34] [119/459] INSE
[21:55:35] [120/459] MRSW
[21:55:35] [121/459] MCVD
[21:55:36] [122/459] MCSO
[21:55:37] [123/459] PEVM
[21:55:38] [124/459] PVNL
[21:55:40] [125/459] PTCV
[21:55:41] [126/459] PRTC
[21:55:42] [127/459] RCVA
[21:55:43] [128/459] MTBN
[21:55:44] [129/459] LUCP
[21:55:46] [130/459] FMPT
[21:55:47] [131/459] JLSL
[21:55:48] [132/459] SBHA
[21:55:48] [133/459] SHRC
[21:55:49] [134/459] AVPS
[21:55:50] [135/459] STPM
[21:55:51] [136/459] ATRD
[21:55:52] [137/459] VTED
[21:55:53] [138/459] ACAI
[21:55:54] [139/459] SMAE
[21:55:55] [140/459] VMAT
[21:55:56] [141/459] LKCT
[21:55:57] [142/459] JTVK
[21:55:58] [143/459] PRTY
[21:55:59] [144/459] GETT
[21:56:00] [145/459] ESAP
[21:56:01] [146/459] NCPM
[21:56:02] [147/459] PCPA
[21:56:03] [148/459] MMOM
[21:56:04] [149/459] PHUP
[21:56:04] [150/459] CCPI
[21:56:05] [151/459] CNTD
[21:56:06] [152/459] NLJR
[21:56:07] [153/459] SRNG
[21:56:08] [154/459] MHAL
[21:56:09] [155/459] PNSM
[21:56:10] [156/459] DRMY
[21:56:11] [157/459] CCMU
[21:56:11] [158/459] SCMY
[21:56:12] [159/459] PVSY
[21:56:13] [160/459] SDLM
[21:56:14] [161/459] ICCM
[21:56:15] [162/459] PYSU
[21:56:16] [163/459] GATM
[21:56:16] [164/459] WOTM
[21:56:18] [165/459] RKTS
[21:56:20] [166/459] PMTY
[21:56:20] [167/459] LYMS
[21:56:21] [168/459] TGCA
[21:56:22] [169/459] DSTA
[21:56:22] [170/459] CNGE
[21:56:23] [171/459] VSTG
[21:56:24] [172/459] GTCK
[21:56:25] [173/459] TGNT
[21:56:26] [174/459] ASLC
[21:56:27] [175/459] SSST
[21:56:28] [176/459] KBTT
[21:56:29] [177/459] HKCP
[21:56:31] [178/459] SWLC
[21:56:32] [179/459] RTND
[21:56:33] [180/459] PKKT
[21:56:34] [181/459] HSTK
[21:56:35] [182/459] SPTT
[21:56:36] [183/459] IMPM
[21:56:36] [184/459] SCMV
[21:56:37] [185/459] SPCT
[21:56:38] [186/459] JBCA
[21:56:39] [187/459] ATTR
[21:56:40] [188/459] SPMT
[21:56:41] [189/459] LCTM
[21:56:42] [190/459] SCVL
[21:56:42] [191/459] SCVT
[21:56:43] [192/459] KRIC
[21:56:44] [193/459] CTMG
[21:56:44] [194/459] ACNC
[21:56:46] [195/459] DMCK
[21:56:46] [196/459] KMTV
[21:56:47] [197/459] PFCJ
[21:56:48] [198/459] VNMD
[21:56:49] [199/459] VPCZ
[21:56:50] [200/459] SRYR
[21:56:51] [201/459] SYTR
[21:56:52] [202/459] GATR
[21:56:53] [203/459] URTR
[21:56:54] [204/459] MKSM
[21:56:54] [205/459] VSMH
[21:56:55] [206/459] SKRJ
[21:56:56] [207/459] SSJR
[21:56:57] [208/459] SVSM
[21:56:58] [209/459] RUCM
[21:56:59] [210/459] PRKN
[21:56:59] [211/459] RROH
[21:57:00] [212/459] SCTN
[21:57:01] [213/459] RTDM
[21:57:02] [214/459] ASRM
[21:57:03] [215/459] SKMD
[21:57:04] [216/459] SUTD
[21:57:04] [217/459] SADM
[21:57:05] [218/459] WCNR
[21:57:06] [219/459] CNED
[21:57:07] [220/459] MPDB
[21:57:08] [221/459] KTBH
[21:57:09] [222/459] IDRM
[21:57:10] [223/459] PJJT
[21:57:11] [224/459] PFCV
[21:57:12] [225/459] AACT
[21:57:13] [226/459] AAAD
[21:57:14] [227/459] ANES
[21:57:15] [228/459] MNCA
[21:57:16] [229/459] RMGU
[21:57:17] [230/459] DLCN
[21:57:18] [231/459] LJWT
[21:57:18] [232/459] MCBG
[21:57:19] [233/459] MYBG
[21:57:20] [234/459] GCCA
[21:57:21] [235/459] GCGA
[21:57:22] [236/459] ECGN
[21:57:23] [237/459] PRAB
[21:57:23] [238/459] PNMP
[21:57:25] [239/459] GCPT
[21:57:26] [240/459] ROYN
[21:57:27] [241/459] VATM
[21:57:28] [242/459] KSNT
[21:57:29] [243/459] ACTC
[21:57:29] [244/459] PLTD
[21:57:30] [245/459] SKMK
[21:57:31] [246/459] CMTT
[21:57:32] [247/459] SMXP
[21:57:33] [248/459] SCMX
[21:57:34] [249/459] ACXN
[21:57:35] [250/459] ASWT
[21:57:35] [251/459] VVVL
[21:57:37] [252/459] NAGO
[21:57:38] [253/459] SNCN
[21:57:39] [254/459] MCKP
[21:57:40] [255/459] SAMO
[21:57:41] [256/459] JBTV
[21:57:41] [257/459] DCVV
[21:57:42] [258/459] KMSV
[21:57:43] [259/459] KDCN
[21:57:44] [260/459] CNCP
[21:57:45] [261/459] HAMC
[21:57:46] [262/459] CCVZ
[21:57:47] [263/459] NCCK
[21:57:48] [264/459] MCHR
[21:57:49] [265/459] SCHT
[21:57:49] [266/459] ESSH
[21:57:50] [267/459] CUJC
[21:57:51] [268/459] PECP
[21:57:52] [269/459] PMMI
[21:57:52] [270/459] PCCH
[21:57:53] [271/459] PRPM
[21:57:54] [272/459] PVKL
[21:57:55] [273/459] CBSM
[21:57:56] [274/459] PVCZ
[21:57:57] [275/459] PCVV
[21:57:58] [276/459] CTMJ
[21:57:59] [277/459] RCPS
[21:57:59] [278/459] PCIT
[21:58:00] [279/459] FNCH
[21:58:01] [280/459] INZD
[21:58:02] [281/459] INPC
[21:58:03] [282/459] LCZP
[21:58:04] [283/459] SMCB
[21:58:05] [284/459] PTSB
[21:58:05] [285/459] TPSI
[21:58:06] [286/459] KHMJ
[21:58:07] [287/459] RCCJ
[21:58:09] [288/459] NCJA
[21:58:10] [289/459] NCJN
[21:58:10] [290/459] BTDP
[21:58:11] [291/459] PADY
[21:58:12] [292/459] NYBH
[21:58:13] [293/459] MTBR
[21:58:14] [294/459] KRBC
[21:58:15] [295/459] DKTI
[21:58:16] [296/459] ANAN
[21:58:17] [297/459] INBP
[21:58:17] [298/459] PATB
[21:58:18] [299/459] RGNT
[21:58:19] [300/459] CGPM
[21:58:20] [301/459] INTN
[21:58:21] [302/459] MCMP
[21:58:22] [303/459] ASRG
[21:58:22] [304/459] CXJD
[21:58:24] [305/459] SPCP
[21:58:24] [306/459] CSTP
[21:58:25] [307/459] PKVC
[21:58:26] [308/459] ESCP
[21:58:27] [309/459] CAEP
[21:58:28] [310/459] CCSP
[21:58:29] [311/459] KTPC
[21:58:29] [312/459] DACA
[21:58:30] [313/459] NVKY
[21:58:31] [314/459] PTIN
[21:58:33] [315/459] SCIN
[21:58:34] [316/459] MCTY
[21:58:35] [317/459] PCMX
[21:58:36] [318/459] INIC
[21:58:37] [319/459] MMZM
[21:58:38] [320/459] SSLP
[21:58:38] [321/459] DTDT
[21:58:39] [322/459] FFCX
[21:58:40] [323/459] RCMM
[21:58:41] [324/459] KYID
[21:58:42] [325/459] CSCI
[21:58:43] [326/459] FCMC
[21:58:43] [327/459] MMXI
[21:58:44] [328/459] ASTC
[21:58:45] [329/459] CMRA
[21:58:46] [330/459] DICI
[21:58:47] [331/459] KDIN
[21:58:48] [332/459] PRFI
[21:58:49] [333/459] SVFC
[21:58:49] [334/459] UCPL
[21:58:50] [335/459] COOC
[21:58:51] [336/459] SCAL
[21:58:52] [337/459] SVFF
[21:58:53] [338/459] VCMG
[21:58:54] [339/459] UUCT
[21:58:55] [340/459] GCSE
[21:58:56] [341/459] SUSC
[21:58:57] [342/459] MISC
[21:58:59] [343/459] RMBL
[21:59:00] [344/459] CMXN
[21:59:01] [345/459] PVBK
[21:59:01] [346/459] HHCG
[21:59:02] [347/459] SCAG
[21:59:03] [348/459] CNPR
[21:59:04] [349/459] CSER
[21:59:05] [350/459] HLWD
[21:59:05] [351/459] BOLY
[21:59:07] [352/459] SSPG
[21:59:08] [353/459] MUPX
[21:59:09] [354/459] HAMR
[21:59:09] [355/459] SDNC
[21:59:10] [356/459] RTEN
[21:59:11] [357/459] SDTD
[21:59:12] [358/459] KAWS
[21:59:14] [359/459] CMZX
[21:59:15] [360/459] DCDD
[21:59:17] [361/459] ALSN
[21:59:17] [362/459] IMXS
[21:59:18] [363/459] PVFF
[21:59:19] [364/459] PVOO
[21:59:20] [365/459] CFBS
[21:59:20] [366/459] PVER
[21:59:21] [367/459] PPNX
[21:59:22] [368/459] CNRM
[21:59:23] [369/459] PVWW
[21:59:24] [370/459] INMB
[21:59:25] [371/459] CPJR
[21:59:26] [372/459] INRZ
[21:59:27] [373/459] PMSR
[21:59:28] [374/459] GPGM
[21:59:29] [375/459] PGWB
[21:59:30] [376/459] PMBR
[21:59:31] [377/459] GPAM
[21:59:31] [378/459] INBC
[21:59:32] [379/459] PZVK
[21:59:34] [380/459] CPEB
[21:59:35] [381/459] FMLB
[21:59:36] [382/459] INBG
[21:59:37] [383/459] GPBR
[21:59:38] [384/459] PAAS
[21:59:39] [385/459] VTBR
[21:59:40] [386/459] GPMY
[21:59:41] [387/459] GYBU
[21:59:42] [388/459] INBJ
[21:59:43] [389/459] LKTH
[21:59:44] [390/459] NSBR
[21:59:45] [391/459] PDRD
[21:59:45] [392/459] VRBL
[21:59:46] [393/459] VTGB
[21:59:47] [394/459] VTSK
[21:59:48] [395/459] BKDV
[21:59:49] [396/459] SVTB
[21:59:50] [397/459] MLDT
[21:59:51] [398/459] NRBL
[21:59:52] [399/459] SLTR
[21:59:53] [400/459] VNKA
[21:59:54] [401/459] TDCA
[21:59:55] [402/459] INBM
[21:59:56] [403/459] SSNR
[21:59:56] [404/459] BHAC
[21:59:57] [405/459] SDSD
[21:59:59] [406/459] SAMP
[22:00:00] [407/459] RATK
[22:00:01] [408/459] KCBI
[22:00:02] [409/459] URBL
[22:00:03] [410/459] MKBG
[22:00:04] [411/459] ASTB
[22:00:05] [412/459] VBWT
[22:00:06] [413/459] GPSM
[22:00:07] [414/459] ROON
[22:00:08] [415/459] CHTH
[22:00:09] [416/459] SSPA
[22:00:09] [417/459] ANBL
[22:00:10] [418/459] VTBE
[22:00:11] [419/459] SVKT
[22:00:12] [420/459] SVYK
[22:00:13] [421/459] PTBK
[22:00:14] [422/459] RKTB
[22:00:15] [423/459] BALT
[22:00:16] [424/459] STSV
[22:00:17] [425/459] VCCB
[22:00:18] [426/459] SLTB
[22:00:19] [427/459] SBCR
[22:00:20] [428/459] VDCS
[22:00:21] [429/459] MDKI
[22:00:22] [430/459] SMRN
[22:00:23] [431/459] PTBC
[22:00:24] [432/459] RADI
[22:00:25] [433/459] ADCR
[22:00:25] [434/459] SDCS
[22:00:26] [435/459] SRPJ
[22:00:27] [436/459] ARTS
[22:00:28] [437/459] SRHK
[22:00:29] [438/459] SPAY
[22:00:30] [439/459] GPTB
[22:00:31] [440/459] SNNN
[22:00:32] [441/459] BALJ
[22:00:33] [442/459] TRIG
[22:00:34] [443/459] GTYT
[22:00:35] [444/459] ATGN
[22:00:36] [445/459] ANTE
[22:00:37] [446/459] BDCG
[22:00:37] [447/459] VECI
[22:00:38] [448/459] SCPR
[22:00:39] [449/459] RTEA
[22:00:40] [450/459] JSAI
[22:00:41] [451/459] VJTP
[22:00:41] [452/459] GNDS
[22:00:42] [453/459] PAXA
[22:00:44] [454/459] CGGM
[22:00:45] [455/459] ACKZ
[22:00:46] [456/459] EMCC
[22:00:47] [457/459] KLSK
[22:00:47] [458/459] AVCK
[22:00:48] [459/459] JTCK
[22:00:49] 🧹 Deduping shows
[22:00:49] ✅ DONE | Shows=1992 | Movies=64
[03:49:25] 🚀 SCRIPT STARTED
[03:49:25] [1/459] NECA
[03:49:25] 🧠 New identity created
[03:49:26] [2/459] BJLC
[03:49:27] [3/459] BASU
[03:49:27] [4/459] RUPI
[03:49:28] [5/459] LCBK
[03:49:29] [6/459] PMAC
[03:49:30] [7/459] AMLC
[03:49:31] [8/459] LICL
[03:49:32] [9/459] UDMM
[03:49:33] [10/459] STBZ
[03:49:33] [11/459] UUBT
[03:49:35] [12/459] SJKC
[03:49:36] [13/459] TUAL
[03:49:37] [14/459] MRSE
[03:49:38] [15/459] RMRK
[03:49:38] [16/459] TTKP
[03:49:39] [17/459] KTKO
[03:49:40] [18/459] SDBK
[03:49:41] [19/459] MCPR
[03:49:42] [20/459] CHTI
[03:49:43] [21/459] GCCP
[03:49:44] [22/459] SRMY
[03:49:45] [23/459] NYST
[03:49:46] [24/459] NYAG
[03:49:47] [25/459] SBMT
[03:49:48] [26/459] INGA
[03:49:49] [27/459] WSIC
[03:49:50] [28/459] SCSS
[03:49:51] [29/459] COPG
[03:49:52] [30/459] RCGR
[03:49:53] [31/459] TCZA
[03:49:54] [32/459] CNLP
[03:49:54] [33/459] CLKN
[03:49:55] [34/459] LHDF
[03:49:56] [35/459] ELKC
[03:49:57] [36/459] VCEM
[03:49:58] [37/459] SSZA
[03:49:59] [38/459] KRMT
[03:50:00] [39/459] LCMV
[03:50:01] [40/459] AYCZ
[03:50:01] [41/459] CUMS
[03:50:02] [42/459] BOCK
[03:50:03] [43/459] PNMR
[03:50:04] [44/459] PJCP
[03:50:04] [45/459] JDDD
[03:50:05] [46/459] STMS
[03:50:06] [47/459] FLMB
[03:50:07] [48/459] PKCM
[03:50:08] [49/459] SPPR
[03:50:09] [50/459] EYLH
[03:50:10] [51/459] RJCC
[03:50:11] [52/459] MMPS
[03:50:12] [53/459] SHMX
[03:50:12] [54/459] CCNL
[03:50:13] [55/459] RCNV
[03:50:14] [56/459] MAAG
[03:50:15] [57/459] LXCM
[03:50:16] [58/459] RCNI
[03:50:17] [59/459] SNNI
[03:50:18] [60/459] LALC
[03:50:19] [61/459] SOCN
[03:50:19] [62/459] JHTP
[03:50:20] [63/459] PITP
[03:50:21] [64/459] CCKW
[03:50:22] [65/459] MCMC
[03:50:23] [66/459] DEES
[03:50:24] [67/459] SABT
[03:50:25] [68/459] VSPP
[03:50:26] [69/459] ABCT
[03:50:27] [70/459] JVTB
[03:50:28] [71/459] VCBD
[03:50:28] [72/459] RMGG
[03:50:29] [73/459] RNMH
[03:50:31] [74/459] SPGL
[03:50:31] [75/459] JTTR
[03:50:32] [76/459] SICS
[03:50:33] [77/459] SRMI
[03:50:34] [78/459] SSIJ
[03:50:35] [79/459] KFMT
[03:50:36] [80/459] VBIT
[03:50:37] [81/459] JKCT
[03:50:37] [82/459] GCGP
[03:50:38] [83/459] GDCS
[03:50:39] [84/459] TRBA
[03:50:40] [85/459] QUST
[03:50:41] [86/459] VSHM
[03:50:41] [87/459] SDCP
[03:50:42] [88/459] SNVS
[03:50:43] [89/459] NYTO
[03:50:44] [90/459] URWC
[03:50:45] [91/459] GTWH
[03:50:45] [92/459] PFCM
[03:50:46] [93/459] KRTA
[03:50:47] [94/459] AXMC
[03:50:48] [95/459] EVMC
[03:50:49] [96/459] HGSM
[03:50:49] [97/459] ACVM
[03:50:50] [98/459] PSKL
[03:50:51] [99/459] RDMP
[03:50:52] [100/459] RHGH
[03:50:53] [101/459] OMCM
[03:50:54] [102/459] DCCP
[03:50:55] [103/459] MCPB
[03:50:55] [104/459] ALCI
[03:50:56] [105/459] BLMX
[03:50:57] [106/459] BTMV
[03:50:58] [107/459] FVPN
[03:50:59] [108/459] CMAR
[03:50:59] [109/459] CEIM
[03:51:00] [110/459] CMVA
[03:51:01] [111/459] CPIV
[03:51:02] [112/459] CNPE
[03:51:03] [113/459] COLV
[03:51:04] [114/459] DNNV
[03:51:04] [115/459] HCAD
[03:51:05] [116/459] TAKA
[03:51:06] [117/459] INVD
[03:51:07] [118/459] IRMM
[03:51:08] [119/459] INSE
[03:51:09] [120/459] MRSW
[03:51:09] [121/459] MCVD
[03:51:10] [122/459] MCSO
[03:51:11] [123/459] PEVM
[03:51:12] [124/459] PVNL
[03:51:13] [125/459] PTCV
[03:51:14] [126/459] PRTC
[03:51:15] [127/459] RCVA
[03:51:15] [128/459] MTBN
[03:51:16] [129/459] LUCP
[03:51:17] [130/459] FMPT
[03:51:18] [131/459] JLSL
[03:51:19] [132/459] SBHA
[03:51:20] [133/459] SHRC
[03:51:21] [134/459] AVPS
[03:51:22] [135/459] STPM
[03:51:23] [136/459] ATRD
[03:51:23] [137/459] VTED
[03:51:24] [138/459] ACAI
[03:51:26] [139/459] SMAE
[03:51:27] [140/459] VMAT
[03:51:28] [141/459] LKCT
[03:51:28] [142/459] JTVK
[03:51:29] [143/459] PRTY
[03:51:30] [144/459] GETT
[03:51:31] [145/459] ESAP
[03:51:32] [146/459] NCPM
[03:51:33] [147/459] PCPA
[03:51:34] [148/459] MMOM
[03:51:35] [149/459] PHUP
[03:51:36] [150/459] CCPI
[03:51:37] [151/459] CNTD
[03:51:38] [152/459] NLJR
[03:51:39] [153/459] SRNG
[03:51:40] [154/459] MHAL
[03:51:41] [155/459] PNSM
[03:51:41] [156/459] DRMY
[03:51:42] [157/459] CCMU
[03:51:43] [158/459] SCMY
[03:51:44] [159/459] PVSY
[03:51:45] [160/459] SDLM
[03:51:46] [161/459] ICCM
[03:51:47] [162/459] PYSU
[03:51:47] [163/459] GATM
[03:51:48] [164/459] WOTM
[03:51:49] [165/459] RKTS
[03:51:50] [166/459] PMTY
[03:51:51] [167/459] LYMS
[03:51:51] [168/459] TGCA
[03:51:52] [169/459] DSTA
[03:51:54] [170/459] CNGE
[03:51:55] [171/459] VSTG
[03:51:56] [172/459] GTCK
[03:51:57] [173/459] TGNT
[03:51:58] [174/459] ASLC
[03:51:59] [175/459] SSST
[03:52:00] [176/459] KBTT
[03:52:01] [177/459] HKCP
[03:52:02] [178/459] SWLC
[03:52:03] [179/459] RTND
[03:52:04] [180/459] PKKT
[03:52:04] [181/459] HSTK
[03:52:05] [182/459] SPTT
[03:52:07] [183/459] IMPM
[03:52:08] [184/459] SCMV
[03:52:08] [185/459] SPCT
[03:52:09] [186/459] JBCA
[03:52:10] [187/459] ATTR
[03:52:11] [188/459] SPMT
[03:52:12] [189/459] LCTM
[03:52:13] [190/459] SCVL
[03:52:14] [191/459] SCVT
[03:52:14] [192/459] KRIC
[03:52:15] [193/459] CTMG
[03:52:16] [194/459] ACNC
[03:52:17] [195/459] DMCK
[03:52:18] [196/459] KMTV
[03:52:19] [197/459] PFCJ
[03:52:20] [198/459] VNMD
[03:52:20] [199/459] VPCZ
[03:52:21] [200/459] SRYR
[03:52:22] [201/459] SYTR
[03:52:23] [202/459] GATR
[03:52:24] [203/459] URTR
[03:52:25] [204/459] MKSM
[03:52:26] [205/459] VSMH
[03:52:28] [206/459] SKRJ
[03:52:29] [207/459] SSJR
[03:52:29] [208/459] SVSM
[03:52:30] [209/459] RUCM
[03:52:31] [210/459] PRKN
[03:52:32] [211/459] RROH
[03:52:33] [212/459] SCTN
[03:52:34] [213/459] RTDM
[03:52:35] [214/459] ASRM
[03:52:36] [215/459] SKMD
[03:52:37] [216/459] SUTD
[03:52:37] [217/459] SADM
[03:52:38] [218/459] WCNR
[03:52:39] [219/459] CNED
[03:52:40] [220/459] MPDB
[03:52:41] [221/459] KTBH
[03:52:42] [222/459] IDRM
[03:52:42] [223/459] PJJT
[03:52:43] [224/459] PFCV
[03:52:44] [225/459] AACT
[03:52:45] [226/459] AAAD
[03:52:46] [227/459] ANES
[03:52:47] [228/459] MNCA
[03:52:48] [229/459] RMGU
[03:52:49] [230/459] DLCN
[03:52:50] [231/459] LJWT
[03:52:51] [232/459] MCBG
[03:52:52] [233/459] MYBG
[03:52:53] [234/459] GCCA
[03:52:53] [235/459] GCGA
[03:52:54] [236/459] ECGN
[03:52:55] [237/459] PRAB
[03:52:57] [238/459] PNMP
[03:52:57] [239/459] GCPT
[03:52:58] [240/459] ROYN
[03:52:59] [241/459] VATM
[03:53:00] [242/459] KSNT
[03:53:01] [243/459] ACTC
[03:53:02] [244/459] PLTD
[03:53:03] [245/459] SKMK
[03:53:03] [246/459] CMTT
[03:53:05] [247/459] SMXP
[03:53:06] [248/459] SCMX
[03:53:07] [249/459] ACXN
[03:53:08] [250/459] ASWT
[03:53:09] [251/459] VVVL
[03:53:09] [252/459] NAGO
[03:53:10] [253/459] SNCN
[03:53:11] [254/459] MCKP
[03:53:12] [255/459] SAMO
[03:53:13] [256/459] JBTV
[03:53:14] [257/459] DCVV
[03:53:15] [258/459] KMSV
[03:53:16] [259/459] KDCN
[03:53:16] [260/459] CNCP
[03:53:17] [261/459] HAMC
[03:53:18] [262/459] CCVZ
[03:53:19] [263/459] NCCK
[03:53:20] [264/459] MCHR
[03:53:21] [265/459] SCHT
[03:53:22] [266/459] ESSH
[03:53:23] [267/459] CUJC
[03:53:23] [268/459] PECP
[03:53:24] [269/459] PMMI
[03:53:25] [270/459] PCCH
[03:53:26] [271/459] PRPM
[03:53:27] [272/459] PVKL
[03:53:27] [273/459] CBSM
[03:53:29] [274/459] PVCZ
[03:53:30] [275/459] PCVV
[03:53:31] [276/459] CTMJ
[03:53:31] [277/459] RCPS
[03:53:32] [278/459] PCIT
[03:53:33] [279/459] FNCH
[03:53:34] [280/459] INZD
[03:53:34] [281/459] INPC
[03:53:36] [282/459] LCZP
[03:53:37] [283/459] SMCB
[03:53:38] [284/459] PTSB
[03:53:39] [285/459] TPSI
[03:53:40] [286/459] KHMJ
[03:53:41] [287/459] RCCJ
[03:53:42] [288/459] NCJA
[03:53:42] [289/459] NCJN
[03:53:43] [290/459] BTDP
[03:53:45] [291/459] PADY
[03:53:45] [292/459] NYBH
[03:53:46] [293/459] MTBR
[03:53:47] [294/459] KRBC
[03:53:48] [295/459] DKTI
[03:53:49] [296/459] ANAN
[03:53:50] [297/459] INBP
[03:53:51] [298/459] PATB
[03:53:52] [299/459] RGNT
[03:53:52] [300/459] CGPM
[03:53:53] [301/459] INTN
[03:53:54] [302/459] MCMP
[03:53:55] [303/459] ASRG
[03:53:55] [304/459] CXJD
[03:53:56] [305/459] SPCP
[03:53:57] [306/459] CSTP
[03:53:58] [307/459] PKVC
[03:53:59] [308/459] ESCP
[03:54:00] [309/459] CAEP
[03:54:00] [310/459] CCSP
[03:54:01] [311/459] KTPC
[03:54:02] [312/459] DACA
[03:54:03] [313/459] NVKY
[03:54:04] [314/459] PTIN
[03:54:05] [315/459] SCIN
[03:54:06] [316/459] MCTY
[03:54:06] [317/459] PCMX
[03:54:07] [318/459] INIC
[03:54:08] [319/459] MMZM
[03:54:09] [320/459] SSLP
[03:54:10] [321/459] DTDT
[03:54:11] [322/459] FFCX
[03:54:11] [323/459] RCMM
[03:54:12] [324/459] KYID
[03:54:13] [325/459] CSCI
[03:54:14] [326/459] FCMC
[03:54:14] [327/459] MMXI
[03:54:15] [328/459] ASTC
[03:54:16] [329/459] CMRA
[03:54:17] [330/459] DICI
[03:54:17] [331/459] KDIN
[03:54:19] [332/459] PRFI
[03:54:20] [333/459] SVFC
[03:54:21] [334/459] UCPL
[03:54:22] [335/459] COOC
[03:54:23] [336/459] SCAL
[03:54:24] [337/459] SVFF
[03:54:24] [338/459] VCMG
[03:54:25] [339/459] UUCT
[03:54:27] [340/459] GCSE
[03:54:27] [341/459] SUSC
[03:54:28] [342/459] MISC
[03:54:30] [343/459] RMBL
[03:54:31] [344/459] CMXN
[03:54:31] [345/459] PVBK
[03:54:32] [346/459] HHCG
[03:54:33] [347/459] SCAG
[03:54:34] [348/459] CNPR
[03:54:35] [349/459] CSER
[03:54:36] [350/459] HLWD
[03:54:36] [351/459] BOLY
[03:54:37] [352/459] SSPG
[03:54:38] [353/459] MUPX
[03:54:39] [354/459] HAMR
[03:54:40] [355/459] SDNC
[03:54:41] [356/459] RTEN
[03:54:41] [357/459] SDTD
[03:54:43] [358/459] KAWS
[03:54:44] [359/459] CMZX
[03:54:44] [360/459] DCDD
[03:54:45] [361/459] ALSN
[03:54:46] [362/459] IMXS
[03:54:47] [363/459] PVFF
[03:54:48] [364/459] PVOO
[03:54:49] [365/459] CFBS
[03:54:50] [366/459] PVER
[03:54:51] [367/459] PPNX
[03:54:51] [368/459] CNRM
[03:54:52] [369/459] PVWW
[03:54:53] [370/459] INMB
[03:54:54] [371/459] CPJR
[03:54:55] [372/459] INRZ
[03:54:56] [373/459] PMSR
[03:54:57] [374/459] GPGM
[03:54:57] [375/459] PGWB
[03:54:58] [376/459] PMBR
[03:54:59] [377/459] GPAM
[03:55:00] [378/459] INBC
[03:55:01] [379/459] PZVK
[03:55:01] [380/459] CPEB
[03:55:02] [381/459] FMLB
[03:55:03] [382/459] INBG
[03:55:04] [383/459] GPBR
[03:55:05] [384/459] PAAS
[03:55:06] [385/459] VTBR
[03:55:07] [386/459] GPMY
[03:55:08] [387/459] GYBU
[03:55:09] [388/459] INBJ
[03:55:11] [389/459] LKTH
[03:55:11] [390/459] NSBR
[03:55:12] [391/459] PDRD
[03:55:13] [392/459] VRBL
[03:55:14] [393/459] VTGB
[03:55:15] [394/459] VTSK
[03:55:16] [395/459] BKDV
[03:55:17] [396/459] SVTB
[03:55:18] [397/459] MLDT
[03:55:19] [398/459] NRBL
[03:55:20] [399/459] SLTR
[03:55:21] [400/459] VNKA
[03:55:21] [401/459] TDCA
[03:55:22] [402/459] INBM
[03:55:23] [403/459] SSNR
[03:55:24] [404/459] BHAC
[03:55:25] [405/459] SDSD
[03:55:25] [406/459] SAMP
[03:55:26] [407/459] RATK
[03:55:27] [408/459] KCBI
[03:55:28] [409/459] URBL
[03:55:29] [410/459] MKBG
[03:55:30] [411/459] ASTB
[03:55:30] [412/459] VBWT
[03:55:31] [413/459] GPSM
[03:55:32] [414/459] ROON
[03:55:33] [415/459] CHTH
[03:55:34] [416/459] SSPA
[03:55:35] [417/459] ANBL
[03:55:36] [418/459] VTBE
[03:55:36] [419/459] SVKT
[03:55:37] [420/459] SVYK
[03:55:38] [421/459] PTBK
[03:55:39] [422/459] RKTB
[03:55:40] [423/459] BALT
[03:55:41] [424/459] STSV
[03:55:42] [425/459] VCCB
[03:55:43] [426/459] SLTB
[03:55:44] [427/459] SBCR
[03:55:44] [428/459] VDCS
[03:55:45] [429/459] MDKI
[03:55:46] [430/459] SMRN
[03:55:47] [431/459] PTBC
[03:55:48] [432/459] RADI
[03:55:49] [433/459] ADCR
[03:55:50] [434/459] SDCS
[03:55:51] [435/459] SRPJ
[03:55:52] [436/459] ARTS
[03:55:53] [437/459] SRHK
[03:55:53] [438/459] SPAY
[03:55:54] [439/459] GPTB
[03:55:55] [440/459] SNNN
[03:55:56] [441/459] BALJ
[03:55:57] [442/459] TRIG
[03:55:58] [443/459] GTYT
[03:55:58] [444/459] ATGN
[03:55:59] [445/459] ANTE
[03:56:00] [446/459] BDCG
[03:56:01] [447/459] VECI
[03:56:02] [448/459] SCPR
[03:56:03] [449/459] RTEA
[03:56:04] [450/459] JSAI
[03:56:04] [451/459] VJTP
[03:56:05] [452/459] GNDS
[03:56:07] [453/459] PAXA
[03:56:07] [454/459] CGGM
[03:56:08] [455/459] ACKZ
[03:56:09] [456/459] EMCC
[03:56:10] [457/459] KLSK
[03:56:11] [458/459] AVCK
[03:56:13] [459/459] JTCK
[03:56:13] 🧹 Deduping shows
[03:56:13] ✅ DONE | Shows=2280 | Movies=64
