[10:04:14] 🚀 SCRIPT STARTED
[10:04:14] [1/459] MBDC
[10:04:14] 🧠 New identity created
[10:04:15] [2/459] CHKM
[10:04:16] [3/459] JTKZ
[10:04:17] [4/459] CMCT
[10:04:18] [5/459] ASHO
[10:04:19] [6/459] ECDG
[10:04:21] [7/459] SPAT
[10:04:21] [8/459] HILC
[10:04:22] [9/459] SPPH
[10:04:23] [10/459] SBHN
[10:04:24] [11/459] RRCA
[10:04:25] [12/459] APAA
[10:04:26] [13/459] RAME
[10:04:27] [14/459] TMMS
[10:04:27] [15/459] BATK
[10:04:28] [16/459] LKOP
[10:04:29] [17/459] AMTT
[10:04:30] [18/459] PTGK
[10:04:31] [19/459] ANRS
[10:04:32] [20/459] VWBW
[10:04:32] [21/459] SVFG
[10:04:34] [22/459] STAT
[10:04:35] [23/459] GDCV
[10:04:36] [24/459] VEBI
[10:04:37] [25/459] VDSS
[10:04:38] [26/459] NTHV
[10:04:39] [27/459] AOCH
[10:04:40] [28/459] KASR
[10:04:41] [29/459] AYCS
[10:04:42] [30/459] SHAI
[10:04:43] [31/459] SKPE
[10:04:44] [32/459] SBTA
[10:04:45] [33/459] RTTD
[10:04:46] [34/459] CCJD
[10:04:46] [35/459] RSJJ
[10:04:47] [36/459] RKND
[10:04:48] [37/459] SVTX
[10:04:49] [38/459] BAKM
[10:04:50] [39/459] SVDC
[10:04:50] [40/459] MNCV
[10:04:51] [41/459] SJGC
[10:04:52] [42/459] MTPK
[10:04:53] [43/459] GATP
[10:04:54] [44/459] ABTS
[10:04:55] [45/459] ABDE
[10:04:56] [46/459] RCNM
[10:04:57] [47/459] KTHV
[10:04:58] [48/459] MDGJ
[10:04:59] [49/459] SMLM
[10:05:00] [50/459] JTMA
[10:05:01] [51/459] ACKP
[10:05:02] [52/459] SRTA
[10:05:03] [53/459] STAY
[10:05:03] [54/459] MAVO
[10:05:04] [55/459] APTS
[10:05:05] [56/459] OMEA
[10:05:06] [57/459] TTFD
[10:05:07] [58/459] MJCU
[10:05:08] [59/459] CXTE
[10:05:08] [60/459] CTPX
[10:05:09] [61/459] ASSL
[10:05:10] [62/459] CMVB
[10:05:11] [63/459] VPUR
[10:05:12] [64/459] JJDA
[10:05:13] [65/459] INBL
[10:05:13] [66/459] BIKB
[10:05:14] [67/459] NTBB
[10:05:15] [68/459] GLOB
[10:05:16] [69/459] SNTB
[10:05:17] [70/459] CHGV
[10:05:18] [71/459] SSBZ
[10:05:18] [72/459] PRDB
[10:05:19] [73/459] ISMT
[10:05:20] [74/459] MCSD
[10:05:21] [75/459] JBTT
[10:05:22] [76/459] GEKR
[10:05:23] [77/459] PVUN
[10:05:24] [78/459] NRTB
[10:05:25] [79/459] PRAA
[10:05:25] [80/459] PCBL
[10:05:26] [81/459] PTCM
[10:05:27] [82/459] KHNN
[10:05:28] [83/459] OMJE
[10:05:29] [84/459] STGN
[10:05:30] [85/459] RPMS
[10:05:31] [86/459] NWAD
[10:05:31] [87/459] BLCK
[10:05:32] [88/459] SVAA
[10:05:33] [89/459] URVM
[10:05:34] [90/459] ANTM
[10:05:35] [91/459] VJYM
[10:05:36] [92/459] MAZZ
[10:05:36] [93/459] CSHM
[10:05:38] [94/459] WGMH
[10:05:39] [95/459] SALN
[10:05:39] [96/459] BRTP
[10:05:40] [97/459] SVTA
[10:05:41] [98/459] SBTP
[10:05:42] [99/459] VLSS
[10:05:43] [100/459] SRJA
[10:05:43] [101/459] ANCG
[10:05:44] [102/459] CGGC
[10:05:46] [103/459] CRJA
[10:05:47] [104/459] USCR
[10:05:48] [105/459] MMEF
[10:05:49] [106/459] JCRJ
[10:05:50] [107/459] ADCM
[10:05:51] [108/459] BMYK
[10:05:52] [109/459] KICS
[10:05:52] [110/459] MBBT
[10:05:53] [111/459] MACK
[10:05:54] [112/459] CLDR
[10:05:55] [113/459] JYCR
[10:05:56] [114/459] DCRP
[10:05:57] [115/459] RAHT
[10:05:59] [116/459] CSSM
[10:06:00] [117/459] ATPK
[10:06:01] [118/459] KLRT
[10:06:01] [119/459] SRDD
[10:06:02] [120/459] CKMC
[10:06:03] [121/459] KRVM
[10:06:04] [122/459] AKCP
[10:06:05] [123/459] CNCV
[10:06:05] [124/459] PACT
[10:06:06] [125/459] NATP
[10:06:07] [126/459] PCPK
[10:06:08] [127/459] SMHO
[10:06:10] [128/459] CWTK
[10:06:11] [129/459] RVKZ
[10:06:11] [130/459] ASPD
[10:06:12] [131/459] VTKZ
[10:06:13] [132/459] LCSO
[10:06:14] [133/459] PRDY
[10:06:14] [134/459] RCAP
[10:06:15] [135/459] RGAR
[10:06:16] [136/459] RCAC
[10:06:17] [137/459] PMOD
[10:06:18] [138/459] PVCN
[10:06:19] [139/459] SCRZ
[10:06:20] [140/459] PVPC
[10:06:21] [141/459] STID
[10:06:21] [142/459] NEDD
[10:06:23] [143/459] BNBA
[10:06:23] [144/459] NTCD
[10:06:24] [145/459] OCDE
[10:06:26] [146/459] CCDU
[10:06:27] [147/459] CRXH
[10:06:27] [148/459] VLVT
[10:06:28] [149/459] CICI
[10:06:29] [150/459] SUCB
[10:06:30] [151/459] TCBP
[10:06:31] [152/459] SCCY
[10:06:32] [153/459] LXCY
[10:06:33] [154/459] NCMD
[10:06:34] [155/459] PHCS
[10:06:35] [156/459] DUXR
[10:06:35] [157/459] VNKS
[10:06:36] [158/459] SEDP
[10:06:37] [159/459] SVEN
[10:06:39] [160/459] SRKM
[10:06:40] [161/459] JTLT
[10:06:40] [162/459] SVSS
[10:06:41] [163/459] AMDE
[10:06:42] [164/459] WVRN
[10:06:43] [165/459] ISMG
[10:06:44] [166/459] WVKS
[10:06:44] [167/459] USCG
[10:06:46] [168/459] IOTG
[10:06:47] [169/459] RRJM
[10:06:47] [170/459] EDMP
[10:06:49] [171/459] SCGZ
[10:06:50] [172/459] GMGX
[10:06:51] [173/459] OMTP
[10:06:51] [174/459] MITD
[10:06:52] [175/459] SMMD
[10:06:53] [176/459] STML
[10:06:54] [177/459] MCFS
[10:06:55] [178/459] FPKA
[10:06:55] [179/459] OMLR
[10:06:56] [180/459] KKSC
[10:06:57] [181/459] RVMA
[10:06:58] [182/459] SCLL
[10:06:59] [183/459] SCDK
[10:07:00] [184/459] SXMI
[10:07:01] [185/459] SHDN
[10:07:01] [186/459] PAAD
[10:07:02] [187/459] UUCB
[10:07:04] [188/459] JHOL
[10:07:04] [189/459] SGWT
[10:07:06] [190/459] SRII
[10:07:07] [191/459] SGCK
[10:07:08] [192/459] SVVB
[10:07:08] [193/459] DMHA
[10:07:09] [194/459] PPNL
[10:07:10] [195/459] CPNL
[10:07:11] [196/459] WVLD
[10:07:12] [197/459] PSLV
[10:07:12] [198/459] VTTL
[10:07:13] [199/459] NPAD
[10:07:15] [200/459] PVCS
[10:07:15] [201/459] MCHL
[10:07:16] [202/459] PPLL
[10:07:17] [203/459] MALO
[10:07:18] [204/459] SWBH
[10:07:19] [205/459] PUGB
[10:07:20] [206/459] INBB
[10:07:20] [207/459] INNS
[10:07:21] [208/459] MCPT
[10:07:22] [209/459] SCMI
[10:07:23] [210/459] OCON
[10:07:24] [211/459] SCSM
[10:07:25] [212/459] RJVN
[10:07:26] [213/459] AMDK
[10:07:26] [214/459] ISMR
[10:07:27] [215/459] SMTD
[10:07:28] [216/459] VTDD
[10:07:29] [217/459] PDDZ
[10:07:30] [218/459] PCCK
[10:07:30] [219/459] INAM
[10:07:31] [220/459] FNKT
[10:07:32] [221/459] GDKA
[10:07:33] [222/459] MAYU
[10:07:34] [223/459] TCGU
[10:07:34] [224/459] KDCA
[10:07:35] [225/459] DOMY
[10:07:36] [226/459] PDDD
[10:07:37] [227/459] BJTS
[10:07:37] [228/459] VTCA
[10:07:38] [229/459] SBTM
[10:07:39] [230/459] SEET
[10:07:40] [231/459] SSTJ
[10:07:41] [232/459] SVNT
[10:07:42] [233/459] PPPR
[10:07:42] [234/459] PVYS
[10:07:43] [235/459] IOSE
[10:07:44] [236/459] ACTV
[10:07:45] [237/459] APVE
[10:07:46] [238/459] TCCL
[10:07:47] [239/459] SCMO
[10:07:47] [240/459] SAUM
[10:07:48] [241/459] KCJS
[10:07:49] [242/459] NJCJ
[10:07:50] [243/459] NECF
[10:07:52] [244/459] CCGW
[10:07:52] [245/459] CCMG
[10:07:53] [246/459] NYRG
[10:07:54] [247/459] NCSQ
[10:07:55] [248/459] GRCG
[10:07:55] [249/459] CCBT
[10:07:57] [250/459] ACGA
[10:07:58] [251/459] INAG
[10:07:58] [252/459] FUCG
[10:07:59] [253/459] AICF
[10:08:00] [254/459] GRGA
[10:08:01] [255/459] GDCN
[10:08:02] [256/459] RRCG
[10:08:03] [257/459] SDCH
[10:08:04] [258/459] WVJM
[10:08:05] [259/459] JCCZ
[10:08:06] [260/459] CNCL
[10:08:07] [261/459] TMLV
[10:08:08] [262/459] MEMB
[10:08:08] [263/459] SGTD
[10:08:09] [264/459] CONX
[10:08:10] [265/459] CCMH
[10:08:11] [266/459] ACMC
[10:08:11] [267/459] DTPD
[10:08:13] [268/459] POJA
[10:08:14] [269/459] FNBH
[10:08:14] [270/459] CGCB
[10:08:15] [271/459] RACN
[10:08:16] [272/459] JTSM
[10:08:17] [273/459] SCDN
[10:08:18] [274/459] AACK
[10:08:19] [275/459] RMCE
[10:08:20] [276/459] BSGB
[10:08:21] [277/459] MRCB
[10:08:22] [278/459] SRVR
[10:08:22] [279/459] VTKK
[10:08:23] [280/459] AMST
[10:08:24] [281/459] APCY
[10:08:24] [282/459] LMHO
[10:08:25] [283/459] MTZH
[10:08:26] [284/459] AMZB
[10:08:27] [285/459] SUVT
[10:08:28] [286/459] RCIP
[10:08:28] [287/459] KESR
[10:08:29] [288/459] SNKC
[10:08:30] [289/459] SCED
[10:08:31] [290/459] DVCA
[10:08:32] [291/459] VCDT
[10:08:34] [292/459] RRDI
[10:08:34] [293/459] DFCH
[10:08:35] [294/459] INSC
[10:08:36] [295/459] RGTR
[10:08:37] [296/459] FMOT
[10:08:38] [297/459] SCPM
[10:08:39] [298/459] GCDT
[10:08:40] [299/459] BRKT
[10:08:41] [300/459] DEMP
[10:08:42] [301/459] SRLC
[10:08:43] [302/459] KSTT
[10:08:43] [303/459] SMMT
[10:08:44] [304/459] SILM
[10:08:45] [305/459] JCVM
[10:08:46] [306/459] KCSV
[10:08:47] [307/459] MHLK
[10:08:47] [308/459] SLVL
[10:08:48] [309/459] RJKP
[10:08:49] [310/459] BBPC
[10:08:50] [311/459] MXCB
[10:08:50] [312/459] TCPK
[10:08:51] [313/459] RTBR
[10:08:52] [314/459] GAUT
[10:08:53] [315/459] DVCF
[10:08:54] [316/459] JTSB
[10:08:55] [317/459] SBLS
[10:08:56] [318/459] UDAY
[10:08:57] [319/459] PTNP
[10:08:57] [320/459] DMKT
[10:08:58] [321/459] NTDT
[10:08:59] [322/459] SHDJ
[10:09:00] [323/459] OTNC
[10:09:00] [324/459] RNTW
[10:09:01] [325/459] GCMI
[10:09:02] [326/459] CRCM
[10:09:03] [327/459] NNCZ
[10:09:04] [328/459] OEMO
[10:09:04] [329/459] PVJM
[10:09:05] [330/459] CPJI
[10:09:06] [331/459] RMCJ
[10:09:07] [332/459] CNWJ
[10:09:08] [333/459] EPJM
[10:09:10] [334/459] FNJJ
[10:09:11] [335/459] GCMJ
[10:09:12] [336/459] INPS
[10:09:13] [337/459] BICJ
[10:09:14] [338/459] ISTJ
[10:09:15] [339/459] INJC
[10:09:16] [340/459] GLXJ
[10:09:16] [341/459] INEM
[10:09:17] [342/459] JTMN
[10:09:18] [343/459] FRCJ
[10:09:18] [344/459] DDJP
[10:09:19] [345/459] INJV
[10:09:20] [346/459] GOLC
[10:09:21] [347/459] KOCI
[10:09:21] [348/459] FSTD
[10:09:22] [349/459] PACJ
[10:09:23] [350/459] GMCN
[10:09:24] [351/459] MMDJ
[10:09:24] [352/459] GODH
[10:09:25] [353/459] SKYN
[10:09:26] [354/459] NCTH
[10:09:27] [355/459] SKVZ
[10:09:28] [356/459] SVML
[10:09:29] [357/459] ACVZ
[10:09:29] [358/459] SURA
[10:09:30] [359/459] RTRB
[10:09:31] [360/459] LLCT
[10:09:32] [361/459] ATTS
[10:09:33] [362/459] JYCM
[10:09:33] [363/459] CTKR
[10:09:34] [364/459] LCKR
[10:09:35] [365/459] NYCV
[10:09:36] [366/459] NYOH
[10:09:37] [367/459] NOVX
[10:09:37] [368/459] MRGK
[10:09:38] [369/459] MOON
[10:09:39] [370/459] SBUC
[10:09:40] [371/459] GSVA
[10:09:41] [372/459] VIAK
[10:09:42] [373/459] SMVZ
[10:09:43] [374/459] MATE
[10:09:43] [375/459] RDCN
[10:09:44] [376/459] ASBL
[10:09:45] [377/459] ASVS
[10:09:46] [378/459] ASSR
[10:09:46] [379/459] SSKN
[10:09:47] [380/459] DRPV
[10:09:48] [381/459] MRHT
[10:09:49] [382/459] BSCN
[10:09:50] [383/459] RKNX
[10:09:51] [384/459] MSMC
[10:09:52] [385/459] MSCJ
[10:09:53] [386/459] BTBJ
[10:09:54] [387/459] MJCC
[10:09:54] [388/459] IOMM
[10:09:56] [389/459] ADGR
[10:09:57] [390/459] MYCP
[10:09:58] [391/459] IGCM
[10:09:59] [392/459] PGRK
[10:10:00] [393/459] VPGO
[10:10:01] [394/459] KOMS
[10:10:01] [395/459] URGG
[10:10:02] [396/459] GOST
[10:10:03] [397/459] LACT
[10:10:05] [398/459] BWCM
[10:10:06] [399/459] NCCW
[10:10:07] [400/459] SKYC
[10:10:08] [401/459] CCPM
[10:10:09] [402/459] VCBT
[10:10:10] [403/459] SDKR
[10:10:10] [404/459] CTYB
[10:10:11] [405/459] SHCX
[10:10:12] [406/459] RCUN
[10:10:12] [407/459] CNRA
[10:10:14] [408/459] RFCA
[10:10:15] [409/459] RDCU
[10:10:16] [410/459] SARK
[10:10:16] [411/459] SPPP
[10:10:17] [412/459] ADMB
[10:10:18] [413/459] JYOE
[10:10:19] [414/459] SRMD
[10:10:20] [415/459] RJDH
[10:10:20] [416/459] SSTD
[10:10:21] [417/459] AACV
[10:10:23] [418/459] PPVD
[10:10:23] [419/459] STCP
[10:10:24] [420/459] ANJR
[10:10:25] [421/459] ANLS
[10:10:26] [422/459] BIJO
[10:10:27] [423/459] AVAB
[10:10:28] [424/459] SPMD
[10:10:29] [425/459] SVJL
[10:10:30] [426/459] SDDJ
[10:10:30] [427/459] SLTU
[10:10:31] [428/459] SAKA
[10:10:32] [429/459] PMAM
[10:10:33] [430/459] FNAM
[10:10:34] [431/459] ACAM
[10:10:35] [432/459] SCMM
[10:10:35] [433/459] PMAK
[10:10:36] [434/459] NYSA
[10:10:37] [435/459] FCPA
[10:10:38] [436/459] GDAN
[10:10:39] [437/459] RSCA
[10:10:39] [438/459] DMAN
[10:10:40] [439/459] DZCM
[10:10:41] [440/459] NSGL
[10:10:42] [441/459] CCPP
[10:10:43] [442/459] PSMG
[10:10:44] [443/459] GSER
[10:10:45] [444/459] FCCT
[10:10:45] [445/459] FCTB
[10:10:46] [446/459] LCNK
[10:10:48] [447/459] SKTY
[10:10:48] [448/459] INAA
[10:10:49] [449/459] RCWN
[10:10:50] [450/459] VAIS
[10:10:51] [451/459] CVMN
[10:10:52] [452/459] INTS
[10:10:53] [453/459] FRGS
[10:10:54] [454/459] DTCK
[10:10:55] [455/459] MCMH
[10:10:56] [456/459] ECRR
[10:10:57] [457/459] RLLP
[10:10:57] [458/459] CCSN
[10:10:58] [459/459] CCBA
[10:10:59] 🧹 Deduping shows
[10:10:59] ✅ DONE | Shows=742 | Movies=51
[16:49:20] 🚀 SCRIPT STARTED
[16:49:20] [1/459] MBDC
[16:49:20] 🧠 New identity created
[16:49:21] [2/459] CHKM
[16:49:22] [3/459] JTKZ
[16:49:23] [4/459] CMCT
[16:49:24] [5/459] ASHO
[16:49:25] [6/459] ECDG
[16:49:26] [7/459] SPAT
[16:49:26] [8/459] HILC
[16:49:28] [9/459] SPPH
[16:49:28] [10/459] SBHN
[16:49:29] [11/459] RRCA
[16:49:30] [12/459] APAA
[16:49:31] [13/459] RAME
[16:49:32] [14/459] TMMS
[16:49:33] [15/459] BATK
[16:49:34] [16/459] LKOP
[16:49:35] [17/459] AMTT
[16:49:37] [18/459] PTGK
[16:49:38] [19/459] ANRS
[16:49:38] [20/459] VWBW
[16:49:39] [21/459] SVFG
[16:49:40] [22/459] STAT
[16:49:41] [23/459] GDCV
[16:49:42] [24/459] VEBI
[16:49:43] [25/459] VDSS
[16:49:44] [26/459] NTHV
[16:49:45] [27/459] AOCH
[16:49:46] [28/459] KASR
[16:49:47] [29/459] AYCS
[16:49:48] [30/459] SHAI
[16:49:48] [31/459] SKPE
[16:49:49] [32/459] SBTA
[16:49:51] [33/459] RTTD
[16:49:52] [34/459] CCJD
[16:49:53] [35/459] RSJJ
[16:49:54] [36/459] RKND
[16:49:55] [37/459] SVTX
[16:49:56] [38/459] BAKM
[16:49:57] [39/459] SVDC
[16:49:58] [40/459] MNCV
[16:49:59] [41/459] SJGC
[16:49:59] [42/459] MTPK
[16:50:01] [43/459] GATP
[16:50:02] [44/459] ABTS
[16:50:03] [45/459] ABDE
[16:50:04] [46/459] RCNM
[16:50:05] [47/459] KTHV
[16:50:05] [48/459] MDGJ
[16:50:06] [49/459] SMLM
[16:50:08] [50/459] JTMA
[16:50:09] [51/459] ACKP
[16:50:10] [52/459] SRTA
[16:50:11] [53/459] STAY
[16:50:12] [54/459] MAVO
[16:50:13] [55/459] APTS
[16:50:14] [56/459] OMEA
[16:50:15] [57/459] TTFD
[16:50:16] [58/459] MJCU
[16:50:16] [59/459] CXTE
[16:50:18] [60/459] CTPX
[16:50:18] [61/459] ASSL
[16:50:19] [62/459] CMVB
[16:50:20] [63/459] VPUR
[16:50:21] [64/459] JJDA
[16:50:22] [65/459] INBL
[16:50:22] [66/459] BIKB
[16:50:23] [67/459] NTBB
[16:50:24] [68/459] GLOB
[16:50:25] [69/459] SNTB
[16:50:26] [70/459] CHGV
[16:50:27] [71/459] SSBZ
[16:50:28] [72/459] PRDB
[16:50:29] [73/459] ISMT
[16:50:29] [74/459] MCSD
[16:50:30] [75/459] JBTT
[16:50:31] [76/459] GEKR
[16:50:32] [77/459] PVUN
[16:50:33] [78/459] NRTB
[16:50:34] [79/459] PRAA
[16:50:35] [80/459] PCBL
[16:50:36] [81/459] PTCM
[16:50:37] [82/459] KHNN
[16:50:38] [83/459] OMJE
[16:50:39] [84/459] STGN
[16:50:40] [85/459] RPMS
[16:50:40] [86/459] NWAD
[16:50:42] [87/459] BLCK
[16:50:43] [88/459] SVAA
[16:50:44] [89/459] URVM
[16:50:44] [90/459] ANTM
[16:50:45] [91/459] VJYM
[16:50:46] [92/459] MAZZ
[16:50:47] [93/459] CSHM
[16:50:48] [94/459] WGMH
[16:50:48] [95/459] SALN
[16:50:49] [96/459] BRTP
[16:50:50] [97/459] SVTA
[16:50:51] [98/459] SBTP
[16:50:52] [99/459] VLSS
[16:50:53] [100/459] SRJA
[16:50:54] [101/459] ANCG
[16:50:54] [102/459] CGGC
[16:50:55] [103/459] CRJA
[16:50:56] [104/459] USCR
[16:50:57] [105/459] MMEF
[16:50:58] [106/459] JCRJ
[16:50:59] [107/459] ADCM
[16:51:00] [108/459] BMYK
[16:51:01] [109/459] KICS
[16:51:02] [110/459] MBBT
[16:51:02] [111/459] MACK
[16:51:03] [112/459] CLDR
[16:51:05] [113/459] JYCR
[16:51:06] [114/459] DCRP
[16:51:07] [115/459] RAHT
[16:51:08] [116/459] CSSM
[16:51:09] [117/459] ATPK
[16:51:09] [118/459] KLRT
[16:51:10] [119/459] SRDD
[16:51:11] [120/459] CKMC
[16:51:12] [121/459] KRVM
[16:51:13] [122/459] AKCP
[16:51:14] [123/459] CNCV
[16:51:15] [124/459] PACT
[16:51:16] [125/459] NATP
[16:51:17] [126/459] PCPK
[16:51:18] [127/459] SMHO
[16:51:20] [128/459] CWTK
[16:51:20] [129/459] RVKZ
[16:51:21] [130/459] ASPD
[16:51:22] [131/459] VTKZ
[16:51:23] [132/459] LCSO
[16:51:24] [133/459] PRDY
[16:51:25] [134/459] RCAP
[16:51:26] [135/459] RGAR
[16:51:26] [136/459] RCAC
[16:51:27] [137/459] PMOD
[16:51:28] [138/459] PVCN
[16:51:29] [139/459] SCRZ
[16:51:30] [140/459] PVPC
[16:51:31] [141/459] STID
[16:51:32] [142/459] NEDD
[16:51:33] [143/459] BNBA
[16:51:33] [144/459] NTCD
[16:51:34] [145/459] OCDE
[16:51:35] [146/459] CCDU
[16:51:36] [147/459] CRXH
[16:51:37] [148/459] VLVT
[16:51:37] [149/459] CICI
[16:51:38] [150/459] SUCB
[16:51:39] [151/459] TCBP
[16:51:40] [152/459] SCCY
[16:51:40] [153/459] LXCY
[16:51:41] [154/459] NCMD
[16:51:42] [155/459] PHCS
[16:51:43] [156/459] DUXR
[16:51:44] [157/459] VNKS
[16:51:45] [158/459] SEDP
[16:51:46] [159/459] SVEN
[16:51:47] [160/459] SRKM
[16:51:48] [161/459] JTLT
[16:51:48] [162/459] SVSS
[16:51:49] [163/459] AMDE
[16:51:50] [164/459] WVRN
[16:51:51] [165/459] ISMG
[16:51:52] [166/459] WVKS
[16:51:53] [167/459] USCG
[16:51:54] [168/459] IOTG
[16:51:55] [169/459] RRJM
[16:51:56] [170/459] EDMP
[16:51:57] [171/459] SCGZ
[16:51:58] [172/459] GMGX
[16:51:59] [173/459] OMTP
[16:51:59] [174/459] MITD
[16:52:00] [175/459] SMMD
[16:52:01] [176/459] STML
[16:52:02] [177/459] MCFS
[16:52:03] [178/459] FPKA
[16:52:04] [179/459] OMLR
[16:52:05] [180/459] KKSC
[16:52:06] [181/459] RVMA
[16:52:07] [182/459] SCLL
[16:52:08] [183/459] SCDK
[16:52:09] [184/459] SXMI
[16:52:10] [185/459] SHDN
[16:52:11] [186/459] PAAD
[16:52:12] [187/459] UUCB
[16:52:13] [188/459] JHOL
[16:52:14] [189/459] SGWT
[16:52:15] [190/459] SRII
[16:52:16] [191/459] SGCK
[16:52:17] [192/459] SVVB
[16:52:18] [193/459] DMHA
[16:52:18] [194/459] PPNL
[16:52:19] [195/459] CPNL
[16:52:20] [196/459] WVLD
[16:52:21] [197/459] PSLV
[16:52:22] [198/459] VTTL
[16:52:23] [199/459] NPAD
[16:52:24] [200/459] PVCS
[16:52:25] [201/459] MCHL
[16:52:26] [202/459] PPLL
[16:52:27] [203/459] MALO
[16:52:27] [204/459] SWBH
[16:52:28] [205/459] PUGB
[16:52:29] [206/459] INBB
[16:52:30] [207/459] INNS
[16:52:31] [208/459] MCPT
[16:52:32] [209/459] SCMI
[16:52:32] [210/459] OCON
[16:52:33] [211/459] SCSM
[16:52:34] [212/459] RJVN
[16:52:35] [213/459] AMDK
[16:52:35] [214/459] ISMR
[16:52:37] [215/459] SMTD
[16:52:38] [216/459] VTDD
[16:52:39] [217/459] PDDZ
[16:52:40] [218/459] PCCK
[16:52:40] [219/459] INAM
[16:52:41] [220/459] FNKT
[16:52:42] [221/459] GDKA
[16:52:43] [222/459] MAYU
[16:52:44] [223/459] TCGU
[16:52:45] [224/459] KDCA
[16:52:47] [225/459] DOMY
[16:52:48] [226/459] PDDD
[16:52:48] [227/459] BJTS
[16:52:50] [228/459] VTCA
[16:52:50] [229/459] SBTM
[16:52:51] [230/459] SEET
[16:52:52] [231/459] SSTJ
[16:52:53] [232/459] SVNT
[16:52:54] [233/459] PPPR
[16:52:55] [234/459] PVYS
[16:52:56] [235/459] IOSE
[16:52:56] [236/459] ACTV
[16:52:57] [237/459] APVE
[16:52:58] [238/459] TCCL
[16:52:59] [239/459] SCMO
[16:53:00] [240/459] SAUM
[16:53:01] [241/459] KCJS
[16:53:03] [242/459] NJCJ
[16:53:04] [243/459] NECF
[16:53:05] [244/459] CCGW
[16:53:05] [245/459] CCMG
[16:53:06] [246/459] NYRG
[16:53:07] [247/459] NCSQ
[16:53:08] [248/459] GRCG
[16:53:09] [249/459] CCBT
[16:53:10] [250/459] ACGA
[16:53:10] [251/459] INAG
[16:53:11] [252/459] FUCG
[16:53:12] [253/459] AICF
[16:53:14] [254/459] GRGA
[16:53:15] [255/459] GDCN
[16:53:15] [256/459] RRCG
[16:53:16] [257/459] SDCH
[16:53:17] [258/459] WVJM
[16:53:18] [259/459] JCCZ
[16:53:19] [260/459] CNCL
[16:53:19] [261/459] TMLV
[16:53:20] [262/459] MEMB
[16:53:21] [263/459] SGTD
[16:53:22] [264/459] CONX
[16:53:23] [265/459] CCMH
[16:53:24] [266/459] ACMC
[16:53:25] [267/459] DTPD
[16:53:26] [268/459] POJA
[16:53:27] [269/459] FNBH
[16:53:28] [270/459] CGCB
[16:53:28] [271/459] RACN
[16:53:29] [272/459] JTSM
[16:53:30] [273/459] SCDN
[16:53:31] [274/459] AACK
[16:53:32] [275/459] RMCE
[16:53:33] [276/459] BSGB
[16:53:35] [277/459] MRCB
[16:53:36] [278/459] SRVR
[16:53:36] [279/459] VTKK
[16:53:37] [280/459] AMST
[16:53:38] [281/459] APCY
[16:53:39] [282/459] LMHO
[16:53:40] [283/459] MTZH
[16:53:41] [284/459] AMZB
[16:53:41] [285/459] SUVT
[16:53:42] [286/459] RCIP
[16:53:43] [287/459] KESR
[16:53:44] [288/459] SNKC
[16:53:45] [289/459] SCED
[16:53:46] [290/459] DVCA
[16:53:47] [291/459] VCDT
[16:53:47] [292/459] RRDI
[16:53:48] [293/459] DFCH
[16:53:49] [294/459] INSC
[16:53:50] [295/459] RGTR
[16:53:51] [296/459] FMOT
[16:53:53] [297/459] SCPM
[16:53:53] [298/459] GCDT
[16:53:55] [299/459] BRKT
[16:53:56] [300/459] DEMP
[16:53:57] [301/459] SRLC
[16:53:58] [302/459] KSTT
[16:53:59] [303/459] SMMT
[16:54:00] [304/459] SILM
[16:54:00] [305/459] JCVM
[16:54:01] [306/459] KCSV
[16:54:02] [307/459] MHLK
[16:54:03] [308/459] SLVL
[16:54:03] [309/459] RJKP
[16:54:04] [310/459] BBPC
[16:54:05] [311/459] MXCB
[16:54:07] [312/459] TCPK
[16:54:08] [313/459] RTBR
[16:54:09] [314/459] GAUT
[16:54:10] [315/459] DVCF
[16:54:11] [316/459] JTSB
[16:54:12] [317/459] SBLS
[16:54:13] [318/459] UDAY
[16:54:15] [319/459] PTNP
[16:54:15] [320/459] DMKT
[16:54:16] [321/459] NTDT
[16:54:17] [322/459] SHDJ
[16:54:18] [323/459] OTNC
[16:54:19] [324/459] RNTW
[16:54:20] [325/459] GCMI
[16:54:21] [326/459] CRCM
[16:54:22] [327/459] NNCZ
[16:54:23] [328/459] OEMO
[16:54:23] [329/459] PVJM
[16:54:24] [330/459] CPJI
[16:54:26] [331/459] RMCJ
[16:54:26] [332/459] CNWJ
[16:54:28] [333/459] EPJM
[16:54:29] [334/459] FNJJ
[16:54:30] [335/459] GCMJ
[16:54:30] [336/459] INPS
[16:54:32] [337/459] BICJ
[16:54:33] [338/459] ISTJ
[16:54:34] [339/459] INJC
[16:54:34] [340/459] GLXJ
[16:54:35] [341/459] INEM
[16:54:36] [342/459] JTMN
[16:54:37] [343/459] FRCJ
[16:54:38] [344/459] DDJP
[16:54:39] [345/459] INJV
[16:54:39] [346/459] GOLC
[16:54:40] [347/459] KOCI
[16:54:41] [348/459] FSTD
[16:54:42] [349/459] PACJ
[16:54:43] [350/459] GMCN
[16:54:44] [351/459] MMDJ
[16:54:45] [352/459] GODH
[16:54:46] [353/459] SKYN
[16:54:47] [354/459] NCTH
[16:54:48] [355/459] SKVZ
[16:54:49] [356/459] SVML
[16:54:50] [357/459] ACVZ
[16:54:51] [358/459] SURA
[16:54:52] [359/459] RTRB
[16:54:53] [360/459] LLCT
[16:54:54] [361/459] ATTS
[16:54:55] [362/459] JYCM
[16:54:55] [363/459] CTKR
[16:54:57] [364/459] LCKR
[16:54:58] [365/459] NYCV
[16:54:59] [366/459] NYOH
[16:55:00] [367/459] NOVX
[16:55:00] [368/459] MRGK
[16:55:02] [369/459] MOON
[16:55:03] [370/459] SBUC
[16:55:03] [371/459] GSVA
[16:55:04] [372/459] VIAK
[16:55:06] [373/459] SMVZ
[16:55:07] [374/459] MATE
[16:55:08] [375/459] RDCN
[16:55:09] [376/459] ASBL
[16:55:09] [377/459] ASVS
[16:55:10] [378/459] ASSR
[16:55:11] [379/459] SSKN
[16:55:12] [380/459] DRPV
[16:55:13] [381/459] MRHT
[16:55:14] [382/459] BSCN
[16:55:15] [383/459] RKNX
[16:55:16] [384/459] MSMC
[16:55:17] [385/459] MSCJ
[16:55:18] [386/459] BTBJ
[16:55:19] [387/459] MJCC
[16:55:20] [388/459] IOMM
[16:55:21] [389/459] ADGR
[16:55:22] [390/459] MYCP
[16:55:23] [391/459] IGCM
[16:55:24] [392/459] PGRK
[16:55:25] [393/459] VPGO
[16:55:26] [394/459] KOMS
[16:55:26] [395/459] URGG
[16:55:27] [396/459] GOST
[16:55:28] [397/459] LACT
[16:55:29] [398/459] BWCM
[16:55:30] [399/459] NCCW
[16:55:31] [400/459] SKYC
[16:55:31] [401/459] CCPM
[16:55:32] [402/459] VCBT
[16:55:34] [403/459] SDKR
[16:55:35] [404/459] CTYB
[16:55:35] [405/459] SHCX
[16:55:36] [406/459] RCUN
[16:55:37] [407/459] CNRA
[16:55:38] [408/459] RFCA
[16:55:38] [409/459] RDCU
[16:55:39] [410/459] SARK
[16:55:40] [411/459] SPPP
[16:55:41] [412/459] ADMB
[16:55:42] [413/459] JYOE
[16:55:43] [414/459] SRMD
[16:55:44] [415/459] RJDH
[16:55:45] [416/459] SSTD
[16:55:46] [417/459] AACV
[16:55:47] [418/459] PPVD
[16:55:47] [419/459] STCP
[16:55:48] [420/459] ANJR
[16:55:49] [421/459] ANLS
[16:55:50] [422/459] BIJO
[16:55:51] [423/459] AVAB
[16:55:52] [424/459] SPMD
[16:55:52] [425/459] SVJL
[16:55:53] [426/459] SDDJ
[16:55:54] [427/459] SLTU
[16:55:55] [428/459] SAKA
[16:55:56] [429/459] PMAM
[16:55:57] [430/459] FNAM
[16:55:58] [431/459] ACAM
[16:55:59] [432/459] SCMM
[16:56:00] [433/459] PMAK
[16:56:00] [434/459] NYSA
[16:56:02] [435/459] FCPA
[16:56:02] [436/459] GDAN
[16:56:03] [437/459] RSCA
[16:56:05] [438/459] DMAN
[16:56:06] [439/459] DZCM
[16:56:07] [440/459] NSGL
[16:56:08] [441/459] CCPP
[16:56:09] [442/459] PSMG
[16:56:10] [443/459] GSER
[16:56:11] [444/459] FCCT
[16:56:12] [445/459] FCTB
[16:56:13] [446/459] LCNK
[16:56:14] [447/459] SKTY
[16:56:14] [448/459] INAA
[16:56:15] [449/459] RCWN
[16:56:16] [450/459] VAIS
[16:56:17] [451/459] CVMN
[16:56:18] [452/459] INTS
[16:56:19] [453/459] FRGS
[16:56:20] [454/459] DTCK
[16:56:21] [455/459] MCMH
[16:56:22] [456/459] ECRR
[16:56:23] [457/459] RLLP
[16:56:23] [458/459] CCSN
[16:56:24] [459/459] CCBA
[16:56:25] 🧹 Deduping shows
[16:56:25] ✅ DONE | Shows=832 | Movies=52
