[10:04:19] 🚀 SCRIPT STARTED
[10:04:19] [1/459] FNDB
[10:04:19] 🧠 New identity created
[10:04:20] [2/459] AMBH
[10:04:21] [3/459] PRHN
[10:04:22] [4/459] ACPM
[10:04:23] [5/459] PVFS
[10:04:24] [6/459] AACN
[10:04:24] [7/459] ACAS
[10:04:25] [8/459] CTNR
[10:04:26] [9/459] MMAH
[10:04:27] [10/459] CPMH
[10:04:28] [11/459] IGMH
[10:04:29] [12/459] ABCS
[10:04:29] [13/459] CMMA
[10:04:30] [14/459] GPRH
[10:04:31] [15/459] PNNG
[10:04:33] [16/459] AMCA
[10:04:34] [17/459] ISTN
[10:04:35] [18/459] PIIC
[10:04:35] [19/459] AHMH
[10:04:37] [20/459] ASHN
[10:04:38] [21/459] INHY
[10:04:39] [22/459] SRMO
[10:04:40] [23/459] PIMH
[10:04:41] [24/459] PVTS
[10:04:42] [25/459] MMCA
[10:04:43] [26/459] AKYJ
[10:04:44] [27/459] BRKH
[10:04:45] [28/459] MAHM
[10:04:46] [29/459] CPHY
[10:04:47] [30/459] PVTP
[10:04:48] [31/459] SMMR
[10:04:49] [32/459] PVHM
[10:04:50] [33/459] SNDY
[10:04:50] [34/459] GOKU
[10:04:51] [35/459] ACEV
[10:04:53] [36/459] PVUM
[10:04:54] [37/459] VSWA
[10:04:55] [38/459] IPRS
[10:04:56] [39/459] ASGN
[10:04:56] [40/459] BKMV
[10:04:57] [41/459] PVYH
[10:04:58] [42/459] INKM
[10:04:59] [43/459] ARJU
[10:05:00] [44/459] JJPP
[10:05:01] [45/459] SSRM
[10:05:02] [46/459] HMHD
[10:05:03] [47/459] SNKH
[10:05:03] [48/459] ACHI
[10:05:04] [49/459] MRAA
[10:05:05] [50/459] INMH
[10:05:07] [51/459] ARMH
[10:05:08] [52/459] DVRR
[10:05:09] [53/459] SUDA
[10:05:09] [54/459] MCSS
[10:05:10] [55/459] VRKC
[10:05:12] [56/459] PRCX
[10:05:13] [57/459] ASJY
[10:05:14] [58/459] MTHY
[10:05:15] [59/459] SRCM
[10:05:15] [60/459] TVHY
[10:05:17] [61/459] STHD
[10:05:18] [62/459] CPCL
[10:05:18] [63/459] PSMJ
[10:05:19] [64/459] MRGT
[10:05:20] [65/459] ARYH
[10:05:21] [66/459] VTRB
[10:05:22] [67/459] SCHC
[10:05:22] [68/459] MRRG
[10:05:23] [69/459] SPCB
[10:05:24] [70/459] AMCM
[10:05:24] [71/459] IVNM
[10:05:26] [72/459] TRHY
[10:05:27] [73/459] PTTH
[10:05:28] [74/459] RKMH
[10:05:29] [75/459] PRCS
[10:05:29] [76/459] VAJA
[10:05:30] [77/459] BJNG
[10:05:31] [78/459] SCVM
[10:05:32] [79/459] GNHB
[10:05:32] [80/459] TLUR
[10:05:33] [81/459] UKCC
[10:05:34] [82/459] SRKR
[10:05:35] [83/459] RMKN
[10:05:35] [84/459] SLRT
[10:05:36] [85/459] LKMT
[10:05:37] [86/459] SSRJ
[10:05:38] [87/459] SPHT
[10:05:39] [88/459] ANTT
[10:05:40] [89/459] SRCH
[10:05:40] [90/459] SRCA
[10:05:41] [91/459] ARTH
[10:05:42] [92/459] MCBH
[10:05:43] [93/459] SNIB
[10:05:44] [94/459] SART
[10:05:44] [95/459] SKTA
[10:05:46] [96/459] YAKT
[10:05:47] [97/459] MLCK
[10:05:48] [98/459] ANTS
[10:05:49] [99/459] DGCA
[10:05:50] [100/459] SGMP
[10:05:50] [101/459] ASWN
[10:05:51] [102/459] KFVU
[10:05:53] [103/459] POOR
[10:05:54] [104/459] GKDN
[10:05:55] [105/459] EOSE
[10:05:55] [106/459] GTTT
[10:05:56] [107/459] ARRO
[10:05:57] [108/459] CMMK
[10:05:58] [109/459] MSCN
[10:05:59] [110/459] GDKH
[10:06:00] [111/459] DLMT
[10:06:01] [112/459] PVMF
[10:06:02] [113/459] CPCK
[10:06:03] [114/459] VMHE
[10:06:04] [115/459] PVLC
[10:06:04] [116/459] PCVB
[10:06:05] [117/459] SNYK
[10:06:06] [118/459] KTEK
[10:06:07] [119/459] PCNM
[10:06:07] [120/459] NTTR
[10:06:08] [121/459] CPSK
[10:06:09] [122/459] JMMA
[10:06:10] [123/459] GCFK
[10:06:11] [124/459] MYCA
[10:06:12] [125/459] KSNP
[10:06:12] [126/459] PMCE
[10:06:13] [127/459] SCKI
[10:06:14] [128/459] FSMA
[10:06:15] [129/459] CETA
[10:06:16] [130/459] MCIK
[10:06:17] [131/459] MYCR
[10:06:18] [132/459] EVMP
[10:06:19] [133/459] SSGT
[10:06:19] [134/459] KCTK
[10:06:20] [135/459] ZTKC
[10:06:21] [136/459] MMTA
[10:06:22] [137/459] MAJT
[10:06:23] [138/459] ACPK
[10:06:24] [139/459] JMAX
[10:06:24] [140/459] SETK
[10:06:25] [141/459] CAIS
[10:06:26] [142/459] AGCD
[10:06:27] [143/459] URCL
[10:06:29] [144/459] VTDS
[10:06:29] [145/459] JCNM
[10:06:30] [146/459] KCAM
[10:06:32] [147/459] ADCU
[10:06:33] [148/459] GXYN
[10:06:33] [149/459] SMJG
[10:06:34] [150/459] EYCJ
[10:06:35] [151/459] CCEJ
[10:06:36] [152/459] MARS
[10:06:37] [153/459] CPVJ
[10:06:37] [154/459] INVP
[10:06:38] [155/459] CPOV
[10:06:39] [156/459] VIJK
[10:06:40] [157/459] LAIM
[10:06:41] [158/459] STHV
[10:06:42] [159/459] SVLJ
[10:06:42] [160/459] ATVJ
[10:06:43] [161/459] JTSC
[10:06:44] [162/459] RMTV
[10:06:46] [163/459] MGGG
[10:06:47] [164/459] SWTH
[10:06:48] [165/459] INVJ
[10:06:49] [166/459] PRSV
[10:06:50] [167/459] JATV
[10:06:50] [168/459] RCVD
[10:06:51] [169/459] BDMA
[10:06:52] [170/459] BLJI
[10:06:53] [171/459] SWOT
[10:06:54] [172/459] SWRN
[10:06:55] [173/459] TVRA
[10:06:56] [174/459] VCSV
[10:06:57] [175/459] NVRN
[10:06:57] [176/459] SIKC
[10:06:58] [177/459] VAKR
[10:06:59] [178/459] SYLN
[10:07:00] [179/459] KLJL
[10:07:00] [180/459] LKMY
[10:07:01] [181/459] VSLY
[10:07:02] [182/459] CIKO
[10:07:03] [183/459] GPBG
[10:07:03] [184/459] CECM
[10:07:04] [185/459] SLKB
[10:07:05] [186/459] MTBO
[10:07:06] [187/459] SSHB
[10:07:07] [188/459] VPCS
[10:07:08] [189/459] RCSR
[10:07:09] [190/459] RJRM
[10:07:10] [191/459] KPPB
[10:07:11] [192/459] SEDC
[10:07:12] [193/459] SCAI
[10:07:12] [194/459] RMTR
[10:07:14] [195/459] ASST
[10:07:14] [196/459] GCAK
[10:07:15] [197/459] ANNK
[10:07:16] [198/459] KDDF
[10:07:17] [199/459] NRDP
[10:07:18] [200/459] PLAK
[10:07:19] [201/459] GCMC
[10:07:20] [202/459] ALPY
[10:07:21] [203/459] SICE
[10:07:22] [204/459] SISR
[10:07:23] [205/459] SRPZ
[10:07:24] [206/459] SRSW
[10:07:25] [207/459] SUYA
[10:07:25] [208/459] AMMT
[10:07:26] [209/459] BHCU
[10:07:27] [210/459] KLPA
[10:07:28] [211/459] NVKH
[10:07:28] [212/459] JMRC
[10:07:29] [213/459] KTTT
[10:07:30] [214/459] MAGH
[10:07:31] [215/459] MMMX
[10:07:32] [216/459] SALJ
[10:07:33] [217/459] GTJA
[10:07:34] [218/459] MAHT
[10:07:35] [219/459] SSNN
[10:07:36] [220/459] ARRP
[10:07:37] [221/459] ATNS
[10:07:39] [222/459] SKDT
[10:07:40] [223/459] ACAT
[10:07:40] [224/459] APRC
[10:07:41] [225/459] SWAG
[10:07:42] [226/459] SDPT
[10:07:43] [227/459] STPS
[10:07:43] [228/459] WWCZ
[10:07:44] [229/459] LLCH
[10:07:45] [230/459] MZHA
[10:07:47] [231/459] CRJG
[10:07:48] [232/459] JGTK
[10:07:49] [233/459] KCSR
[10:07:50] [234/459] CHTL
[10:07:51] [235/459] EDSR
[10:07:52] [236/459] CSWO
[10:07:52] [237/459] CPVM
[10:07:53] [238/459] MXBY
[10:07:54] [239/459] FMMA
[10:07:56] [240/459] POVI
[10:07:56] [241/459] MTHB
[10:07:57] [242/459] INRC
[10:07:58] [243/459] PIPP
[10:07:59] [244/459] BMXC
[10:08:00] [245/459] PCMM
[10:08:01] [246/459] PMKM
[10:08:01] [247/459] GATY
[10:08:03] [248/459] IMCM
[10:08:04] [249/459] POPE
[10:08:05] [250/459] MTCR
[10:08:05] [251/459] PVAE
[10:08:06] [252/459] PVMI
[10:08:07] [253/459] CPNM
[10:08:08] [254/459] FMRL
[10:08:09] [255/459] MCIW
[10:08:09] [256/459] MXBO
[10:08:10] [257/459] FMKY
[10:08:11] [258/459] FMDA
[10:08:12] [259/459] THAB
[10:08:12] [260/459] PRCW
[10:08:13] [261/459] PITI
[10:08:14] [262/459] MCFF
[10:08:15] [263/459] PDDV
[10:08:16] [264/459] MCRM
[10:08:17] [265/459] KKMB
[10:08:18] [266/459] INKO
[10:08:18] [267/459] PLXP
[10:08:19] [268/459] MMHA
[10:08:20] [269/459] FMVS
[10:08:21] [270/459] POLM
[10:08:22] [271/459] STER
[10:08:23] [272/459] PVWJ
[10:08:24] [273/459] IMJW
[10:08:24] [274/459] FNAN
[10:08:25] [275/459] CAGL
[10:08:26] [276/459] IPBG
[10:08:27] [277/459] SMFV
[10:08:28] [278/459] MMMR
[10:08:28] [279/459] MMWM
[10:08:29] [280/459] FNCM
[10:08:30] [281/459] MDVA
[10:08:31] [282/459] MMET
[10:08:32] [283/459] MIDO
[10:08:33] [284/459] INNP
[10:08:34] [285/459] MIFU
[10:08:35] [286/459] MMSZ
[10:08:36] [287/459] BMXA
[10:08:36] [288/459] MCAA
[10:08:37] [289/459] SCVP
[10:08:38] [290/459] PLUS
[10:08:39] [291/459] MUCK
[10:08:40] [292/459] MTMA
[10:08:41] [293/459] HPVR
[10:08:42] [294/459] PMPK
[10:08:42] [295/459] MAJB
[10:08:43] [296/459] CTRR
[10:08:44] [297/459] MCTG
[10:08:44] [298/459] MACE
[10:08:45] [299/459] AAAS
[10:08:46] [300/459] CPVV
[10:08:47] [301/459] RCHG
[10:08:49] [302/459] MCNE
[10:08:49] [303/459] EMNC
[10:08:50] [304/459] MCAN
[10:08:51] [305/459] TCDM
[10:08:51] [306/459] IRGT
[10:08:52] [307/459] GCMG
[10:08:53] [308/459] MXSN
[10:08:54] [309/459] MXCK
[10:08:55] [310/459] MCRC
[10:08:55] [311/459] RSMI
[10:08:56] [312/459] WAML
[10:08:57] [313/459] MTSC
[10:08:58] [314/459] FMDR
[10:08:59] [315/459] LEPV
[10:08:59] [316/459] MTGD
[10:09:00] [317/459] IMOB
[10:09:02] [318/459] CLMM
[10:09:03] [319/459] PZCD
[10:09:04] [320/459] GOCS
[10:09:05] [321/459] KCMA
[10:09:06] [322/459] CCMP
[10:09:07] [323/459] MTSU
[10:09:08] [324/459] SNGL
[10:09:09] [325/459] MMMC
[10:09:09] [326/459] MMAA
[10:09:10] [327/459] GCDM
[10:09:11] [328/459] KTMV
[10:09:12] [329/459] AETE
[10:09:13] [330/459] OMCS
[10:09:14] [331/459] GDCD
[10:09:14] [332/459] NYMD
[10:09:15] [333/459] RNCV
[10:09:16] [334/459] KKMT
[10:09:17] [335/459] GDTH
[10:09:18] [336/459] KMMV
[10:09:18] [337/459] NHCG
[10:09:19] [338/459] PJDW
[10:09:20] [339/459] MMCV
[10:09:21] [340/459] FQSA
[10:09:21] [341/459] KURL
[10:09:22] [342/459] NNNX
[10:09:23] [343/459] AMAU
[10:09:25] [344/459] VVVM
[10:09:25] [345/459] VECU
[10:09:26] [346/459] WCVR
[10:09:27] [347/459] MTGG
[10:09:28] [348/459] SGTG
[10:09:29] [349/459] MNTG
[10:09:29] [350/459] JDDG
[10:09:30] [351/459] MBTK
[10:09:31] [352/459] SGCD
[10:09:32] [353/459] MCTC
[10:09:33] [354/459] JTPC
[10:09:33] [355/459] SDKT
[10:09:35] [356/459] KRCC
[10:09:35] [357/459] RMMD
[10:09:36] [358/459] AAME
[10:09:37] [359/459] TMWC
[10:09:38] [360/459] NRWY
[10:09:39] [361/459] CITD
[10:09:40] [362/459] VERD
[10:09:41] [363/459] MKSK
[10:09:41] [364/459] STSM
[10:09:42] [365/459] MJDG
[10:09:43] [366/459] RKPM
[10:09:44] [367/459] SSCE
[10:09:45] [368/459] VMAE
[10:09:46] [369/459] SBRU
[10:09:47] [370/459] AMBC
[10:09:48] [371/459] AMLU
[10:09:48] [372/459] INVZ
[10:09:49] [373/459] LGTV
[10:09:50] [374/459] SVAD
[10:09:51] [375/459] SMSA
[10:09:52] [376/459] SPCZ
[10:09:52] [377/459] GTCX
[10:09:54] [378/459] SCSL
[10:09:55] [379/459] SAHU
[10:09:56] [380/459] NCDA
[10:09:57] [381/459] SCCG
[10:09:58] [382/459] VKTL
[10:09:58] [383/459] PUUJ
[10:10:00] [384/459] STEJ
[10:10:01] [385/459] RJAL
[10:10:01] [386/459] ACJC
[10:10:02] [387/459] VTHC
[10:10:03] [388/459] ARVB
[10:10:04] [389/459] AUBB
[10:10:05] [390/459] GDBR
[10:10:06] [391/459] PVND
[10:10:07] [392/459] BGRJ
[10:10:08] [393/459] RJMM
[10:10:08] [394/459] MCSA
[10:10:09] [395/459] BODA
[10:10:10] [396/459] JAGG
[10:10:11] [397/459] SCGA
[10:10:12] [398/459] LRCM
[10:10:12] [399/459] CPCN
[10:10:13] [400/459] SSTF
[10:10:14] [401/459] SRXP
[10:10:15] [402/459] CNFX
[10:10:16] [403/459] ANDI
[10:10:17] [404/459] SYEW
[10:10:18] [405/459] RCRE
[10:10:18] [406/459] SCRW
[10:10:19] [407/459] MBKR
[10:10:20] [408/459] ASNT
[10:10:21] [409/459] JTMT
[10:10:22] [410/459] SHAY
[10:10:23] [411/459] VRTH
[10:10:24] [412/459] SPTI
[10:10:24] [413/459] DPTD
[10:10:25] [414/459] TGSN
[10:10:26] [415/459] RCWV
[10:10:27] [416/459] OCUR
[10:10:28] [417/459] KSTC
[10:10:28] [418/459] SANI
[10:10:29] [419/459] MLCA
[10:10:30] [420/459] EGCA
[10:10:30] [421/459] SYSN
[10:10:31] [422/459] PKTA
[10:10:33] [423/459] PRCC
[10:10:34] [424/459] KSTR
[10:10:34] [425/459] SNTP
[10:10:35] [426/459] RCHA
[10:10:36] [427/459] SEEA
[10:10:37] [428/459] ALAT
[10:10:38] [429/459] AATV
[10:10:39] [430/459] RJTE
[10:10:40] [431/459] AAPP
[10:10:40] [432/459] PMMH
[10:10:41] [433/459] INRJ
[10:10:42] [434/459] SARB
[10:10:43] [435/459] PCJL
[10:10:43] [436/459] PFJJ
[10:10:44] [437/459] GRDC
[10:10:45] [438/459] BCBA
[10:10:46] [439/459] VIXL
[10:10:47] [440/459] CSTL
[10:10:48] [441/459] MTDK
[10:10:49] [442/459] TDAC
[10:10:49] [443/459] GTDN
[10:10:50] [444/459] TTDE
[10:10:51] [445/459] ASTS
[10:10:52] [446/459] CPNS
[10:10:52] [447/459] PVVW
[10:10:53] [448/459] USEB
[10:10:54] [449/459] DTYN
[10:10:55] [450/459] PVLE
[10:10:55] [451/459] CIPS
[10:10:56] [452/459] PAEG
[10:10:57] [453/459] PTCW
[10:10:58] [454/459] G3SR
[10:10:58] [455/459] PGND
[10:10:59] [456/459] INVM
[10:11:00] [457/459] SPIA
[10:11:01] [458/459] PCSN
[10:11:02] [459/459] PPGV
[10:11:03] 🧹 Deduping shows
[10:11:03] ✅ DONE | Shows=662 | Movies=43
[16:48:30] 🚀 SCRIPT STARTED
[16:48:30] [1/459] FNDB
[16:48:30] 🧠 New identity created
[16:48:31] [2/459] AMBH
[16:48:31] [3/459] PRHN
[16:48:32] [4/459] ACPM
[16:48:33] [5/459] PVFS
[16:48:34] [6/459] AACN
[16:48:35] [7/459] ACAS
[16:48:36] [8/459] CTNR
[16:48:36] [9/459] MMAH
[16:48:37] [10/459] CPMH
[16:48:38] [11/459] IGMH
[16:48:39] [12/459] ABCS
[16:48:40] [13/459] CMMA
[16:48:41] [14/459] GPRH
[16:48:41] [15/459] PNNG
[16:48:43] [16/459] AMCA
[16:48:44] [17/459] ISTN
[16:48:45] [18/459] PIIC
[16:48:46] [19/459] AHMH
[16:48:47] [20/459] ASHN
[16:48:48] [21/459] INHY
[16:48:49] [22/459] SRMO
[16:48:51] [23/459] PIMH
[16:48:52] [24/459] PVTS
[16:48:52] [25/459] MMCA
[16:48:53] [26/459] AKYJ
[16:48:54] [27/459] BRKH
[16:48:55] [28/459] MAHM
[16:48:56] [29/459] CPHY
[16:48:57] [30/459] PVTP
[16:48:58] [31/459] SMMR
[16:48:59] [32/459] PVHM
[16:49:00] [33/459] SNDY
[16:49:01] [34/459] GOKU
[16:49:02] [35/459] ACEV
[16:49:03] [36/459] PVUM
[16:49:04] [37/459] VSWA
[16:49:05] [38/459] IPRS
[16:49:06] [39/459] ASGN
[16:49:06] [40/459] BKMV
[16:49:07] [41/459] PVYH
[16:49:08] [42/459] INKM
[16:49:09] [43/459] ARJU
[16:49:09] [44/459] JJPP
[16:49:10] [45/459] SSRM
[16:49:11] [46/459] HMHD
[16:49:13] [47/459] SNKH
[16:49:14] [48/459] ACHI
[16:49:15] [49/459] MRAA
[16:49:16] [50/459] INMH
[16:49:17] [51/459] ARMH
[16:49:17] [52/459] DVRR
[16:49:19] [53/459] SUDA
[16:49:20] [54/459] MCSS
[16:49:21] [55/459] VRKC
[16:49:22] [56/459] PRCX
[16:49:23] [57/459] ASJY
[16:49:25] [58/459] MTHY
[16:49:26] [59/459] SRCM
[16:49:26] [60/459] TVHY
[16:49:27] [61/459] STHD
[16:49:28] [62/459] CPCL
[16:49:29] [63/459] PSMJ
[16:49:29] [64/459] MRGT
[16:49:30] [65/459] ARYH
[16:49:31] [66/459] VTRB
[16:49:32] [67/459] SCHC
[16:49:34] [68/459] MRRG
[16:49:35] [69/459] SPCB
[16:49:36] [70/459] AMCM
[16:49:37] [71/459] IVNM
[16:49:38] [72/459] TRHY
[16:49:38] [73/459] PTTH
[16:49:39] [74/459] RKMH
[16:49:40] [75/459] PRCS
[16:49:41] [76/459] VAJA
[16:49:42] [77/459] BJNG
[16:49:43] [78/459] SCVM
[16:49:43] [79/459] GNHB
[16:49:44] [80/459] TLUR
[16:49:45] [81/459] UKCC
[16:49:47] [82/459] SRKR
[16:49:48] [83/459] RMKN
[16:49:48] [84/459] SLRT
[16:49:49] [85/459] LKMT
[16:49:50] [86/459] SSRJ
[16:49:51] [87/459] SPHT
[16:49:52] [88/459] ANTT
[16:49:53] [89/459] SRCH
[16:49:54] [90/459] SRCA
[16:49:55] [91/459] ARTH
[16:49:56] [92/459] MCBH
[16:49:58] [93/459] SNIB
[16:49:59] [94/459] SART
[16:49:59] [95/459] SKTA
[16:50:00] [96/459] YAKT
[16:50:01] [97/459] MLCK
[16:50:02] [98/459] ANTS
[16:50:03] [99/459] DGCA
[16:50:04] [100/459] SGMP
[16:50:05] [101/459] ASWN
[16:50:06] [102/459] KFVU
[16:50:06] [103/459] POOR
[16:50:07] [104/459] GKDN
[16:50:08] [105/459] EOSE
[16:50:09] [106/459] GTTT
[16:50:09] [107/459] ARRO
[16:50:11] [108/459] CMMK
[16:50:11] [109/459] MSCN
[16:50:12] [110/459] GDKH
[16:50:13] [111/459] DLMT
[16:50:14] [112/459] PVMF
[16:50:15] [113/459] CPCK
[16:50:16] [114/459] VMHE
[16:50:16] [115/459] PVLC
[16:50:17] [116/459] PCVB
[16:50:18] [117/459] SNYK
[16:50:19] [118/459] KTEK
[16:50:20] [119/459] PCNM
[16:50:20] [120/459] NTTR
[16:50:21] [121/459] CPSK
[16:50:22] [122/459] JMMA
[16:50:23] [123/459] GCFK
[16:50:24] [124/459] MYCA
[16:50:24] [125/459] KSNP
[16:50:25] [126/459] PMCE
[16:50:27] [127/459] SCKI
[16:50:28] [128/459] FSMA
[16:50:28] [129/459] CETA
[16:50:29] [130/459] MCIK
[16:50:30] [131/459] MYCR
[16:50:32] [132/459] EVMP
[16:50:33] [133/459] SSGT
[16:50:34] [134/459] KCTK
[16:50:34] [135/459] ZTKC
[16:50:35] [136/459] MMTA
[16:50:37] [137/459] MAJT
[16:50:38] [138/459] ACPK
[16:50:39] [139/459] JMAX
[16:50:40] [140/459] SETK
[16:50:41] [141/459] CAIS
[16:50:41] [142/459] AGCD
[16:50:42] [143/459] URCL
[16:50:43] [144/459] VTDS
[16:50:44] [145/459] JCNM
[16:50:45] [146/459] KCAM
[16:50:45] [147/459] ADCU
[16:50:46] [148/459] GXYN
[16:50:47] [149/459] SMJG
[16:50:49] [150/459] EYCJ
[16:50:50] [151/459] CCEJ
[16:50:51] [152/459] MARS
[16:50:52] [153/459] CPVJ
[16:50:53] [154/459] INVP
[16:50:54] [155/459] CPOV
[16:50:56] [156/459] VIJK
[16:50:56] [157/459] LAIM
[16:50:57] [158/459] STHV
[16:50:58] [159/459] SVLJ
[16:50:59] [160/459] ATVJ
[16:50:59] [161/459] JTSC
[16:51:00] [162/459] RMTV
[16:51:01] [163/459] MGGG
[16:51:02] [164/459] SWTH
[16:51:03] [165/459] INVJ
[16:51:03] [166/459] PRSV
[16:51:05] [167/459] JATV
[16:51:06] [168/459] RCVD
[16:51:06] [169/459] BDMA
[16:51:07] [170/459] BLJI
[16:51:08] [171/459] SWOT
[16:51:09] [172/459] SWRN
[16:51:10] [173/459] TVRA
[16:51:12] [174/459] VCSV
[16:51:13] [175/459] NVRN
[16:51:14] [176/459] SIKC
[16:51:15] [177/459] VAKR
[16:51:16] [178/459] SYLN
[16:51:17] [179/459] KLJL
[16:51:18] [180/459] LKMY
[16:51:19] [181/459] VSLY
[16:51:20] [182/459] CIKO
[16:51:20] [183/459] GPBG
[16:51:21] [184/459] CECM
[16:51:22] [185/459] SLKB
[16:51:23] [186/459] MTBO
[16:51:24] [187/459] SSHB
[16:51:25] [188/459] VPCS
[16:51:26] [189/459] RCSR
[16:51:27] [190/459] RJRM
[16:51:28] [191/459] KPPB
[16:51:29] [192/459] SEDC
[16:51:30] [193/459] SCAI
[16:51:31] [194/459] RMTR
[16:51:32] [195/459] ASST
[16:51:33] [196/459] GCAK
[16:51:34] [197/459] ANNK
[16:51:34] [198/459] KDDF
[16:51:35] [199/459] NRDP
[16:51:36] [200/459] PLAK
[16:51:38] [201/459] GCMC
[16:51:39] [202/459] ALPY
[16:51:40] [203/459] SICE
[16:51:41] [204/459] SISR
[16:51:42] [205/459] SRPZ
[16:51:43] [206/459] SRSW
[16:51:44] [207/459] SUYA
[16:51:45] [208/459] AMMT
[16:51:46] [209/459] BHCU
[16:51:47] [210/459] KLPA
[16:51:48] [211/459] NVKH
[16:51:49] [212/459] JMRC
[16:51:50] [213/459] KTTT
[16:51:50] [214/459] MAGH
[16:51:51] [215/459] MMMX
[16:51:52] [216/459] SALJ
[16:51:53] [217/459] GTJA
[16:51:54] [218/459] MAHT
[16:51:55] [219/459] SSNN
[16:51:56] [220/459] ARRP
[16:51:56] [221/459] ATNS
[16:51:57] [222/459] SKDT
[16:51:58] [223/459] ACAT
[16:51:59] [224/459] APRC
[16:51:59] [225/459] SWAG
[16:52:00] [226/459] SDPT
[16:52:01] [227/459] STPS
[16:52:02] [228/459] WWCZ
[16:52:03] [229/459] LLCH
[16:52:04] [230/459] MZHA
[16:52:05] [231/459] CRJG
[16:52:06] [232/459] JGTK
[16:52:07] [233/459] KCSR
[16:52:07] [234/459] CHTL
[16:52:08] [235/459] EDSR
[16:52:10] [236/459] CSWO
[16:52:12] [237/459] CPVM
[16:52:13] [238/459] MXBY
[16:52:14] [239/459] FMMA
[16:52:14] [240/459] POVI
[16:52:15] [241/459] MTHB
[16:52:16] [242/459] INRC
[16:52:17] [243/459] PIPP
[16:52:17] [244/459] BMXC
[16:52:18] [245/459] PCMM
[16:52:19] [246/459] PMKM
[16:52:21] [247/459] GATY
[16:52:22] [248/459] IMCM
[16:52:22] [249/459] POPE
[16:52:23] [250/459] MTCR
[16:52:24] [251/459] PVAE
[16:52:25] [252/459] PVMI
[16:52:26] [253/459] CPNM
[16:52:27] [254/459] FMRL
[16:52:28] [255/459] MCIW
[16:52:30] [256/459] MXBO
[16:52:30] [257/459] FMKY
[16:52:31] [258/459] FMDA
[16:52:32] [259/459] THAB
[16:52:33] [260/459] PRCW
[16:52:34] [261/459] PITI
[16:52:35] [262/459] MCFF
[16:52:36] [263/459] PDDV
[16:52:38] [264/459] MCRM
[16:52:38] [265/459] KKMB
[16:52:39] [266/459] INKO
[16:52:40] [267/459] PLXP
[16:52:41] [268/459] MMHA
[16:52:42] [269/459] FMVS
[16:52:43] [270/459] POLM
[16:52:43] [271/459] STER
[16:52:44] [272/459] PVWJ
[16:52:45] [273/459] IMJW
[16:52:46] [274/459] FNAN
[16:52:47] [275/459] CAGL
[16:52:48] [276/459] IPBG
[16:52:49] [277/459] SMFV
[16:52:50] [278/459] MMMR
[16:52:50] [279/459] MMWM
[16:52:51] [280/459] FNCM
[16:52:52] [281/459] MDVA
[16:52:53] [282/459] MMET
[16:52:54] [283/459] MIDO
[16:52:55] [284/459] INNP
[16:52:56] [285/459] MIFU
[16:52:58] [286/459] MMSZ
[16:52:59] [287/459] BMXA
[16:53:00] [288/459] MCAA
[16:53:01] [289/459] SCVP
[16:53:02] [290/459] PLUS
[16:53:03] [291/459] MUCK
[16:53:04] [292/459] MTMA
[16:53:04] [293/459] HPVR
[16:53:05] [294/459] PMPK
[16:53:06] [295/459] MAJB
[16:53:07] [296/459] CTRR
[16:53:09] [297/459] MCTG
[16:53:09] [298/459] MACE
[16:53:10] [299/459] AAAS
[16:53:11] [300/459] CPVV
[16:53:12] [301/459] RCHG
[16:53:13] [302/459] MCNE
[16:53:14] [303/459] EMNC
[16:53:14] [304/459] MCAN
[16:53:16] [305/459] TCDM
[16:53:17] [306/459] IRGT
[16:53:18] [307/459] GCMG
[16:53:19] [308/459] MXSN
[16:53:20] [309/459] MXCK
[16:53:21] [310/459] MCRC
[16:53:22] [311/459] RSMI
[16:53:22] [312/459] WAML
[16:53:23] [313/459] MTSC
[16:53:24] [314/459] FMDR
[16:53:25] [315/459] LEPV
[16:53:26] [316/459] MTGD
[16:53:27] [317/459] IMOB
[16:53:28] [318/459] CLMM
[16:53:29] [319/459] PZCD
[16:53:31] [320/459] GOCS
[16:53:31] [321/459] KCMA
[16:53:32] [322/459] CCMP
[16:53:33] [323/459] MTSU
[16:53:34] [324/459] SNGL
[16:53:34] [325/459] MMMC
[16:53:35] [326/459] MMAA
[16:53:36] [327/459] GCDM
[16:53:37] [328/459] KTMV
[16:53:38] [329/459] AETE
[16:53:39] [330/459] OMCS
[16:53:40] [331/459] GDCD
[16:53:41] [332/459] NYMD
[16:53:41] [333/459] RNCV
[16:53:42] [334/459] KKMT
[16:53:43] [335/459] GDTH
[16:53:44] [336/459] KMMV
[16:53:44] [337/459] NHCG
[16:53:46] [338/459] PJDW
[16:53:47] [339/459] MMCV
[16:53:47] [340/459] FQSA
[16:53:48] [341/459] KURL
[16:53:49] [342/459] NNNX
[16:53:50] [343/459] AMAU
[16:53:51] [344/459] VVVM
[16:53:51] [345/459] VECU
[16:53:52] [346/459] WCVR
[16:53:53] [347/459] MTGG
[16:53:54] [348/459] SGTG
[16:53:55] [349/459] MNTG
[16:53:56] [350/459] JDDG
[16:53:57] [351/459] MBTK
[16:53:58] [352/459] SGCD
[16:53:59] [353/459] MCTC
[16:54:00] [354/459] JTPC
[16:54:01] [355/459] SDKT
[16:54:02] [356/459] KRCC
[16:54:03] [357/459] RMMD
[16:54:04] [358/459] AAME
[16:54:04] [359/459] TMWC
[16:54:05] [360/459] NRWY
[16:54:06] [361/459] CITD
[16:54:07] [362/459] VERD
[16:54:08] [363/459] MKSK
[16:54:08] [364/459] STSM
[16:54:09] [365/459] MJDG
[16:54:10] [366/459] RKPM
[16:54:10] [367/459] SSCE
[16:54:11] [368/459] VMAE
[16:54:12] [369/459] SBRU
[16:54:13] [370/459] AMBC
[16:54:14] [371/459] AMLU
[16:54:15] [372/459] INVZ
[16:54:16] [373/459] LGTV
[16:54:16] [374/459] SVAD
[16:54:17] [375/459] SMSA
[16:54:18] [376/459] SPCZ
[16:54:19] [377/459] GTCX
[16:54:21] [378/459] SCSL
[16:54:22] [379/459] SAHU
[16:54:23] [380/459] NCDA
[16:54:24] [381/459] SCCG
[16:54:25] [382/459] VKTL
[16:54:26] [383/459] PUUJ
[16:54:27] [384/459] STEJ
[16:54:28] [385/459] RJAL
[16:54:29] [386/459] ACJC
[16:54:30] [387/459] VTHC
[16:54:31] [388/459] ARVB
[16:54:33] [389/459] AUBB
[16:54:33] [390/459] GDBR
[16:54:34] [391/459] PVND
[16:54:35] [392/459] BGRJ
[16:54:36] [393/459] RJMM
[16:54:37] [394/459] MCSA
[16:54:38] [395/459] BODA
[16:54:39] [396/459] JAGG
[16:54:39] [397/459] SCGA
[16:54:40] [398/459] LRCM
[16:54:41] [399/459] CPCN
[16:54:42] [400/459] SSTF
[16:54:43] [401/459] SRXP
[16:54:43] [402/459] CNFX
[16:54:44] [403/459] ANDI
[16:54:46] [404/459] SYEW
[16:54:47] [405/459] RCRE
[16:54:47] [406/459] SCRW
[16:54:48] [407/459] MBKR
[16:54:49] [408/459] ASNT
[16:54:50] [409/459] JTMT
[16:54:51] [410/459] SHAY
[16:54:52] [411/459] VRTH
[16:54:53] [412/459] SPTI
[16:54:54] [413/459] DPTD
[16:54:55] [414/459] TGSN
[16:54:55] [415/459] RCWV
[16:54:56] [416/459] OCUR
[16:54:57] [417/459] KSTC
[16:54:58] [418/459] SANI
[16:54:59] [419/459] MLCA
[16:54:59] [420/459] EGCA
[16:55:00] [421/459] SYSN
[16:55:01] [422/459] PKTA
[16:55:02] [423/459] PRCC
[16:55:03] [424/459] KSTR
[16:55:04] [425/459] SNTP
[16:55:05] [426/459] RCHA
[16:55:05] [427/459] SEEA
[16:55:06] [428/459] ALAT
[16:55:07] [429/459] AATV
[16:55:08] [430/459] RJTE
[16:55:09] [431/459] AAPP
[16:55:11] [432/459] PMMH
[16:55:11] [433/459] INRJ
[16:55:12] [434/459] SARB
[16:55:13] [435/459] PCJL
[16:55:14] [436/459] PFJJ
[16:55:14] [437/459] GRDC
[16:55:15] [438/459] BCBA
[16:55:16] [439/459] VIXL
[16:55:17] [440/459] CSTL
[16:55:17] [441/459] MTDK
[16:55:18] [442/459] TDAC
[16:55:19] [443/459] GTDN
[16:55:20] [444/459] TTDE
[16:55:21] [445/459] ASTS
[16:55:21] [446/459] CPNS
[16:55:23] [447/459] PVVW
[16:55:23] [448/459] USEB
[16:55:24] [449/459] DTYN
[16:55:25] [450/459] PVLE
[16:55:26] [451/459] CIPS
[16:55:27] [452/459] PAEG
[16:55:28] [453/459] PTCW
[16:55:29] [454/459] G3SR
[16:55:29] [455/459] PGND
[16:55:30] [456/459] INVM
[16:55:31] [457/459] SPIA
[16:55:32] [458/459] PCSN
[16:55:33] [459/459] PPGV
[16:55:34] 🧹 Deduping shows
[16:55:34] ✅ DONE | Shows=842 | Movies=53
