[10:04:07] 🚀 SCRIPT STARTED
[10:04:07] [1/324] GCTA
[10:04:07] 🧠 New identity created
[10:04:08] [2/324] TOPN
[10:04:09] [3/324] MCUS
[10:04:10] [4/324] SHRL
[10:04:11] [5/324] UPTP
[10:04:12] [6/324] TMMP
[10:04:13] [7/324] DNRP
[10:04:14] [8/324] SRLT
[10:04:15] [9/324] RCNS
[10:04:16] [10/324] DCBH
[10:04:16] [11/324] NAGJ
[10:04:17] [12/324] JVRC
[10:04:18] [13/324] KRJG
[10:04:19] [14/324] SRTJ
[10:04:19] [15/324] CMXM
[10:04:20] [16/324] STMI
[10:04:21] [17/324] SLST
[10:04:22] [18/324] DTCN
[10:04:23] [19/324] STYN
[10:04:23] [20/324] SZVR
[10:04:24] [21/324] SRKO
[10:04:25] [22/324] JTGT
[10:04:26] [23/324] SVFD
[10:04:28] [24/324] SISD
[10:04:29] [25/324] ABDD
[10:04:30] [26/324] DRCA
[10:04:31] [27/324] AVCS
[10:04:32] [28/324] MVKH
[10:04:34] [29/324] ACPR
[10:04:34] [30/324] STIP
[10:04:35] [31/324] MTRA
[10:04:36] [32/324] RMKH
[10:04:37] [33/324] NKRL
[10:04:38] [34/324] PCWN
[10:04:39] [35/324] BLMT
[10:04:40] [36/324] GDPG
[10:04:41] [37/324] SRMX
[10:04:42] [38/324] JACP
[10:04:43] [39/324] CPSH
[10:04:44] [40/324] MCCD
[10:04:44] [41/324] ECGH
[10:04:45] [42/324] MKCK
[10:04:46] [43/324] SRMM
[10:04:47] [44/324] SKYR
[10:04:48] [45/324] PCKC
[10:04:49] [46/324] JCMA
[10:04:50] [47/324] BSMP
[10:04:50] [48/324] VSPA
[10:04:51] [49/324] DJYA
[10:04:52] [50/324] DIMP
[10:04:53] [51/324] FXDR
[10:04:53] [52/324] SSRC
[10:04:54] [53/324] STHP
[10:04:55] [54/324] CPPD
[10:04:56] [55/324] FCLK
[10:04:57] [56/324] SCPP
[10:04:58] [57/324] DCMJ
[10:04:58] [58/324] RCCR
[10:05:00] [59/324] INMT
[10:05:00] [60/324] LXTK
[10:05:01] [61/324] SRYK
[10:05:02] [62/324] SGDK
[10:05:02] [63/324] PPKA
[10:05:03] [64/324] SPKA
[10:05:04] [65/324] CGHH
[10:05:06] [66/324] DCJN
[10:05:07] [67/324] SRKV
[10:05:08] [68/324] SAJC
[10:05:08] [69/324] SUSR
[10:05:09] [70/324] STYG
[10:05:10] [71/324] NTKP
[10:05:11] [72/324] AKTG
[10:05:12] [73/324] CGCM
[10:05:13] [74/324] TULC
[10:05:13] [75/324] NYYZ
[10:05:14] [76/324] NYBW
[10:05:15] [77/324] MACB
[10:05:17] [78/324] SLVT
[10:05:18] [79/324] SANA
[10:05:19] [80/324] ACMR
[10:05:20] [81/324] CPKN
[10:05:21] [82/324] DLGK
[10:05:22] [83/324] CWCK
[10:05:23] [84/324] FDDH
[10:05:24] [85/324] MMMD
[10:05:24] [86/324] CMEH
[10:05:25] [87/324] GGGV
[10:05:26] [88/324] SPJL
[10:05:27] [89/324] RCCD
[10:05:28] [90/324] STTZ
[10:05:29] [91/324] BTCF
[10:05:29] [92/324] TSTZ
[10:05:30] [93/324] IPMM
[10:05:31] [94/324] PMPW
[10:05:31] [95/324] PCMZ
[10:05:32] [96/324] ESEM
[10:05:33] [97/324] PIPO
[10:05:35] [98/324] MATK
[10:05:35] [99/324] PGHM
[10:05:36] [100/324] CTSR
[10:05:37] [101/324] CYKR
[10:05:38] [102/324] MSCM
[10:05:39] [103/324] RFNP
[10:05:39] [104/324] PDCP
[10:05:40] [105/324] NPSE
[10:05:41] [106/324] MKML
[10:05:42] [107/324] FTDP
[10:05:42] [108/324] MMXA
[10:05:43] [109/324] CEPO
[10:05:44] [110/324] CMVP
[10:05:45] [111/324] SGTH
[10:05:46] [112/324] SAYN
[10:05:46] [113/324] URVS
[10:05:47] [114/324] VJTN
[10:05:48] [115/324] BBYK
[10:05:49] [116/324] SHBO
[10:05:49] [117/324] VCMR
[10:05:50] [118/324] MACT
[10:05:51] [119/324] JMNP
[10:05:51] [120/324] VICS
[10:05:52] [121/324] VCDA
[10:05:53] [122/324] GCMM
[10:05:54] [123/324] INVS
[10:05:55] [124/324] SCGM
[10:05:56] [125/324] PCDA
[10:05:56] [126/324] KDCT
[10:05:58] [127/324] JACS
[10:05:58] [128/324] GMMC
[10:05:59] [129/324] AICM
[10:06:00] [130/324] TJCM
[10:06:01] [131/324] RMTI
[10:06:02] [132/324] SHAC
[10:06:02] [133/324] APJC
[10:06:03] [134/324] GCTG
[10:06:04] [135/324] SSMC
[10:06:05] [136/324] THRM
[10:06:06] [137/324] RBCT
[10:06:07] [138/324] DIKT
[10:06:07] [139/324] MIDL
[10:06:08] [140/324] VCSN
[10:06:09] [141/324] SKTG
[10:06:10] [142/324] SMWC
[10:06:11] [143/324] MNKH
[10:06:12] [144/324] PIAT
[10:06:13] [145/324] LTTP
[10:06:14] [146/324] PTPU
[10:06:15] [147/324] ACMG
[10:06:15] [148/324] SHMM
[10:06:16] [149/324] MCMN
[10:06:17] [150/324] GLDC
[10:06:18] [151/324] HOUT
[10:06:19] [152/324] SVRP
[10:06:19] [153/324] PVDN
[10:06:20] [154/324] SCPY
[10:06:21] [155/324] DTPY
[10:06:22] [156/324] GKCS
[10:06:23] [157/324] NCAM
[10:06:24] [158/324] BSRM
[10:06:25] [159/324] RCLC
[10:06:26] [160/324] SKKD
[10:06:27] [161/324] ACHU
[10:06:28] [162/324] RSCF
[10:06:28] [163/324] IMSH
[10:06:29] [164/324] MACX
[10:06:30] [165/324] HMMW
[10:06:31] [166/324] JTCP
[10:06:31] [167/324] SREN
[10:06:32] [168/324] PJRR
[10:06:33] [169/324] INAC
[10:06:34] [170/324] BMCA
[10:06:35] [171/324] SHCB
[10:06:36] [172/324] GABA
[10:06:37] [173/324] SBCT
[10:06:38] [174/324] GCMA
[10:06:39] [175/324] MYTK
[10:06:39] [176/324] INZS
[10:06:40] [177/324] RMIK
[10:06:41] [178/324] NYCH
[10:06:43] [179/324] RAVE
[10:06:44] [180/324] PSXM
[10:06:45] [181/324] MCGP
[10:06:45] [182/324] PDDK
[10:06:46] [183/324] SPCK
[10:06:47] [184/324] MCRL
[10:06:48] [185/324] MHKT
[10:06:49] [186/324] ANRR
[10:06:49] [187/324] SAPK
[10:06:50] [188/324] NCUK
[10:06:51] [189/324] JUGA
[10:06:52] [190/324] DBSC
[10:06:53] [191/324] LALK
[10:06:54] [192/324] GUCK
[10:06:55] [193/324] STSG
[10:06:56] [194/324] PPPZ
[10:06:56] [195/324] CNCY
[10:06:57] [196/324] MTAR
[10:06:58] [197/324] VNKD
[10:06:59] [198/324] KMAJ
[10:07:00] [199/324] ACXK
[10:07:01] [200/324] UTKC
[10:07:01] [201/324] PBLK
[10:07:02] [202/324] ACBX
[10:07:03] [203/324] PTGM
[10:07:04] [204/324] BTDA
[10:07:05] [205/324] PJMB
[10:07:05] [206/324] TPDA
[10:07:06] [207/324] AMOE
[10:07:07] [208/324] PRHT
[10:07:08] [209/324] PRTA
[10:07:09] [210/324] STAM
[10:07:10] [211/324] MSAA
[10:07:10] [212/324] SDLU
[10:07:11] [213/324] RCHH
[10:07:12] [214/324] KANT
[10:07:13] [215/324] FCRT
[10:07:13] [216/324] DNKM
[10:07:15] [217/324] RYCP
[10:07:15] [218/324] MYRP
[10:07:16] [219/324] PPAK
[10:07:17] [220/324] NVPK
[10:07:18] [221/324] PRMC
[10:07:19] [222/324] JBCS
[10:07:20] [223/324] GXCK
[10:07:21] [224/324] USKO
[10:07:22] [225/324] GTEM
[10:07:23] [226/324] SMBU
[10:07:24] [227/324] VETC
[10:07:25] [228/324] LCDA
[10:07:26] [229/324] MTVT
[10:07:27] [230/324] PYCP
[10:07:28] [231/324] PNSC
[10:07:29] [232/324] PPCC
[10:07:31] [233/324] TGRT
[10:07:32] [234/324] JYOT
[10:07:33] [235/324] SRCZ
[10:07:34] [236/324] SJTE
[10:07:34] [237/324] DESC
[10:07:35] [238/324] JHVN
[10:07:36] [239/324] IPSG
[10:07:37] [240/324] IPCM
[10:07:38] [241/324] PDRS
[10:07:38] [242/324] ANCV
[10:07:40] [243/324] CMVV
[10:07:41] [244/324] SHYP
[10:07:42] [245/324] DNCS
[10:07:43] [246/324] GAJK
[10:07:43] [247/324] AKTN
[10:07:44] [248/324] KAYA
[10:07:45] [249/324] SBRC
[10:07:45] [250/324] CHTP
[10:07:46] [251/324] SHRT
[10:07:47] [252/324] BCKU
[10:07:48] [253/324] FCPS
[10:07:49] [254/324] ARDD
[10:07:50] [255/324] CPCM
[10:07:51] [256/324] CGSM
[10:07:51] [257/324] PSMP
[10:07:52] [258/324] SDAL
[10:07:53] [259/324] RTNB
[10:07:55] [260/324] LMCR
[10:07:56] [261/324] CIMA
[10:07:57] [262/324] RNAS
[10:07:58] [263/324] LITH
[10:07:59] [264/324] PBOX
[10:07:59] [265/324] FRTS
[10:08:01] [266/324] RKIC
[10:08:02] [267/324] PTAI
[10:08:03] [268/324] GCIC
[10:08:03] [269/324] FNAS
[10:08:05] [270/324] SCAR
[10:08:06] [271/324] MTCA
[10:08:07] [272/324] SCTS
[10:08:08] [273/324] SYCS
[10:08:09] [274/324] RDMS
[10:08:09] [275/324] KAMP
[10:08:11] [276/324] ERSD
[10:08:12] [277/324] MJMJ
[10:08:12] [278/324] SRCJ
[10:08:13] [279/324] SCXE
[10:08:14] [280/324] SVFR
[10:08:16] [281/324] BHCS
[10:08:17] [282/324] IMCC
[10:08:17] [283/324] PCBO
[10:08:19] [284/324] PRVN
[10:08:20] [285/324] AUPM
[10:08:21] [286/324] INBW
[10:08:21] [287/324] SVCW
[10:08:22] [288/324] RKCF
[10:08:23] [289/324] UVBH
[10:08:24] [290/324] DNCY
[10:08:26] [291/324] ABCN
[10:08:26] [292/324] PRUR
[10:08:27] [293/324] PFMR
[10:08:28] [294/324] RKCN
[10:08:29] [295/324] CFEA
[10:08:30] [296/324] SDBG
[10:08:31] [297/324] SNAR
[10:08:31] [298/324] YISI
[10:08:32] [299/324] JCFF
[10:08:33] [300/324] VTRK
[10:08:34] [301/324] PCLZ
[10:08:35] [302/324] DIMY
[10:08:36] [303/324] BBTS
[10:08:36] [304/324] GATH
[10:08:37] [305/324] GTMN
[10:08:38] [306/324] VTMH
[10:08:39] [307/324] CCKP
[10:08:41] [308/324] GPKA
[10:08:42] [309/324] MHCL
[10:08:43] [310/324] ATCL
[10:08:44] [311/324] SBCK
[10:08:44] [312/324] AMMR
[10:08:45] [313/324] MADC
[10:08:46] [314/324] TMMA
[10:08:47] [315/324] CACC
[10:08:47] [316/324] CHAL
[10:08:48] [317/324] DURG
[10:08:49] [318/324] GMKU
[10:08:50] [319/324] GECA
[10:08:51] [320/324] KYRR
[10:08:52] [321/324] KSDE
[10:08:52] [322/324] LMCI
[10:08:54] [323/324] NKCP
[10:08:54] [324/324] BGTC
[10:08:55] 🧹 Deduping shows
[10:08:55] ✅ DONE | Shows=520 | Movies=38
[16:48:24] 🚀 SCRIPT STARTED
[16:48:24] [1/324] GCTA
[16:48:24] 🧠 New identity created
[16:48:24] [2/324] TOPN
[16:48:25] [3/324] MCUS
[16:48:26] [4/324] SHRL
[16:48:27] [5/324] UPTP
[16:48:28] [6/324] TMMP
[16:48:29] [7/324] DNRP
[16:48:30] [8/324] SRLT
[16:48:31] [9/324] RCNS
[16:48:32] [10/324] DCBH
[16:48:33] [11/324] NAGJ
[16:48:33] [12/324] JVRC
[16:48:34] [13/324] KRJG
[16:48:35] [14/324] SRTJ
[16:48:36] [15/324] CMXM
[16:48:37] [16/324] STMI
[16:48:38] [17/324] SLST
[16:48:39] [18/324] DTCN
[16:48:40] [19/324] STYN
[16:48:41] [20/324] SZVR
[16:48:42] [21/324] SRKO
[16:48:43] [22/324] JTGT
[16:48:44] [23/324] SVFD
[16:48:45] [24/324] SISD
[16:48:46] [25/324] ABDD
[16:48:46] [26/324] DRCA
[16:48:47] [27/324] AVCS
[16:48:48] [28/324] MVKH
[16:48:49] [29/324] ACPR
[16:48:50] [30/324] STIP
[16:48:51] [31/324] MTRA
[16:48:52] [32/324] RMKH
[16:48:52] [33/324] NKRL
[16:48:54] [34/324] PCWN
[16:48:55] [35/324] BLMT
[16:48:56] [36/324] GDPG
[16:48:57] [37/324] SRMX
[16:48:58] [38/324] JACP
[16:48:59] [39/324] CPSH
[16:49:00] [40/324] MCCD
[16:49:01] [41/324] ECGH
[16:49:02] [42/324] MKCK
[16:49:02] [43/324] SRMM
[16:49:03] [44/324] SKYR
[16:49:04] [45/324] PCKC
[16:49:05] [46/324] JCMA
[16:49:06] [47/324] BSMP
[16:49:07] [48/324] VSPA
[16:49:08] [49/324] DJYA
[16:49:09] [50/324] DIMP
[16:49:10] [51/324] FXDR
[16:49:11] [52/324] SSRC
[16:49:11] [53/324] STHP
[16:49:12] [54/324] CPPD
[16:49:13] [55/324] FCLK
[16:49:14] [56/324] SCPP
[16:49:15] [57/324] DCMJ
[16:49:15] [58/324] RCCR
[16:49:16] [59/324] INMT
[16:49:17] [60/324] LXTK
[16:49:18] [61/324] SRYK
[16:49:19] [62/324] SGDK
[16:49:20] [63/324] PPKA
[16:49:20] [64/324] SPKA
[16:49:21] [65/324] CGHH
[16:49:22] [66/324] DCJN
[16:49:23] [67/324] SRKV
[16:49:24] [68/324] SAJC
[16:49:25] [69/324] SUSR
[16:49:26] [70/324] STYG
[16:49:27] [71/324] NTKP
[16:49:28] [72/324] AKTG
[16:49:29] [73/324] CGCM
[16:49:30] [74/324] TULC
[16:49:31] [75/324] NYYZ
[16:49:31] [76/324] NYBW
[16:49:32] [77/324] MACB
[16:49:33] [78/324] SLVT
[16:49:34] [79/324] SANA
[16:49:35] [80/324] ACMR
[16:49:36] [81/324] CPKN
[16:49:37] [82/324] DLGK
[16:49:38] [83/324] CWCK
[16:49:39] [84/324] FDDH
[16:49:40] [85/324] MMMD
[16:49:41] [86/324] CMEH
[16:49:42] [87/324] GGGV
[16:49:43] [88/324] SPJL
[16:49:44] [89/324] RCCD
[16:49:45] [90/324] STTZ
[16:49:46] [91/324] BTCF
[16:49:47] [92/324] TSTZ
[16:49:48] [93/324] IPMM
[16:49:48] [94/324] PMPW
[16:49:49] [95/324] PCMZ
[16:49:51] [96/324] ESEM
[16:49:52] [97/324] PIPO
[16:49:53] [98/324] MATK
[16:49:54] [99/324] PGHM
[16:49:55] [100/324] CTSR
[16:49:56] [101/324] CYKR
[16:49:57] [102/324] MSCM
[16:49:58] [103/324] RFNP
[16:49:59] [104/324] PDCP
[16:49:59] [105/324] NPSE
[16:50:00] [106/324] MKML
[16:50:01] [107/324] FTDP
[16:50:02] [108/324] MMXA
[16:50:03] [109/324] CEPO
[16:50:04] [110/324] CMVP
[16:50:05] [111/324] SGTH
[16:50:06] [112/324] SAYN
[16:50:07] [113/324] URVS
[16:50:08] [114/324] VJTN
[16:50:09] [115/324] BBYK
[16:50:10] [116/324] SHBO
[16:50:11] [117/324] VCMR
[16:50:12] [118/324] MACT
[16:50:13] [119/324] JMNP
[16:50:14] [120/324] VICS
[16:50:15] [121/324] VCDA
[16:50:16] [122/324] GCMM
[16:50:16] [123/324] INVS
[16:50:17] [124/324] SCGM
[16:50:18] [125/324] PCDA
[16:50:19] [126/324] KDCT
[16:50:20] [127/324] JACS
[16:50:21] [128/324] GMMC
[16:50:22] [129/324] AICM
[16:50:23] [130/324] TJCM
[16:50:24] [131/324] RMTI
[16:50:24] [132/324] SHAC
[16:50:25] [133/324] APJC
[16:50:26] [134/324] GCTG
[16:50:27] [135/324] SSMC
[16:50:28] [136/324] THRM
[16:50:29] [137/324] RBCT
[16:50:30] [138/324] DIKT
[16:50:31] [139/324] MIDL
[16:50:32] [140/324] VCSN
[16:50:33] [141/324] SKTG
[16:50:34] [142/324] SMWC
[16:50:34] [143/324] MNKH
[16:50:35] [144/324] PIAT
[16:50:36] [145/324] LTTP
[16:50:37] [146/324] PTPU
[16:50:38] [147/324] ACMG
[16:50:40] [148/324] SHMM
[16:50:40] [149/324] MCMN
[16:50:41] [150/324] GLDC
[16:50:42] [151/324] HOUT
[16:50:43] [152/324] SVRP
[16:50:44] [153/324] PVDN
[16:50:45] [154/324] SCPY
[16:50:46] [155/324] DTPY
[16:50:47] [156/324] GKCS
[16:50:47] [157/324] NCAM
[16:50:48] [158/324] BSRM
[16:50:49] [159/324] RCLC
[16:50:50] [160/324] SKKD
[16:50:51] [161/324] ACHU
[16:50:52] [162/324] RSCF
[16:50:53] [163/324] IMSH
[16:50:54] [164/324] MACX
[16:50:55] [165/324] HMMW
[16:50:56] [166/324] JTCP
[16:50:57] [167/324] SREN
[16:50:58] [168/324] PJRR
[16:50:59] [169/324] INAC
[16:51:00] [170/324] BMCA
[16:51:01] [171/324] SHCB
[16:51:02] [172/324] GABA
[16:51:03] [173/324] SBCT
[16:51:04] [174/324] GCMA
[16:51:04] [175/324] MYTK
[16:51:05] [176/324] INZS
[16:51:06] [177/324] RMIK
[16:51:07] [178/324] NYCH
[16:51:08] [179/324] RAVE
[16:51:09] [180/324] PSXM
[16:51:09] [181/324] MCGP
[16:51:10] [182/324] PDDK
[16:51:11] [183/324] SPCK
[16:51:12] [184/324] MCRL
[16:51:13] [185/324] MHKT
[16:51:14] [186/324] ANRR
[16:51:14] [187/324] SAPK
[16:51:16] [188/324] NCUK
[16:51:17] [189/324] JUGA
[16:51:18] [190/324] DBSC
[16:51:19] [191/324] LALK
[16:51:20] [192/324] GUCK
[16:51:20] [193/324] STSG
[16:51:21] [194/324] PPPZ
[16:51:22] [195/324] CNCY
[16:51:23] [196/324] MTAR
[16:51:24] [197/324] VNKD
[16:51:25] [198/324] KMAJ
[16:51:26] [199/324] ACXK
[16:51:27] [200/324] UTKC
[16:51:28] [201/324] PBLK
[16:51:29] [202/324] ACBX
[16:51:30] [203/324] PTGM
[16:51:31] [204/324] BTDA
[16:51:32] [205/324] PJMB
[16:51:33] [206/324] TPDA
[16:51:33] [207/324] AMOE
[16:51:34] [208/324] PRHT
[16:51:35] [209/324] PRTA
[16:51:36] [210/324] STAM
[16:51:37] [211/324] MSAA
[16:51:38] [212/324] SDLU
[16:51:39] [213/324] RCHH
[16:51:40] [214/324] KANT
[16:51:41] [215/324] FCRT
[16:51:42] [216/324] DNKM
[16:51:43] [217/324] RYCP
[16:51:44] [218/324] MYRP
[16:51:45] [219/324] PPAK
[16:51:46] [220/324] NVPK
[16:51:47] [221/324] PRMC
[16:51:47] [222/324] JBCS
[16:51:48] [223/324] GXCK
[16:51:49] [224/324] USKO
[16:51:50] [225/324] GTEM
[16:51:51] [226/324] SMBU
[16:51:52] [227/324] VETC
[16:51:53] [228/324] LCDA
[16:51:54] [229/324] MTVT
[16:51:55] [230/324] PYCP
[16:51:55] [231/324] PNSC
[16:51:57] [232/324] PPCC
[16:51:57] [233/324] TGRT
[16:51:58] [234/324] JYOT
[16:51:59] [235/324] SRCZ
[16:52:00] [236/324] SJTE
[16:52:01] [237/324] DESC
[16:52:02] [238/324] JHVN
[16:52:03] [239/324] IPSG
[16:52:03] [240/324] IPCM
[16:52:04] [241/324] PDRS
[16:52:05] [242/324] ANCV
[16:52:06] [243/324] CMVV
[16:52:07] [244/324] SHYP
[16:52:08] [245/324] DNCS
[16:52:09] [246/324] GAJK
[16:52:10] [247/324] AKTN
[16:52:12] [248/324] KAYA
[16:52:13] [249/324] SBRC
[16:52:14] [250/324] CHTP
[16:52:14] [251/324] SHRT
[16:52:15] [252/324] BCKU
[16:52:16] [253/324] FCPS
[16:52:17] [254/324] ARDD
[16:52:18] [255/324] CPCM
[16:52:19] [256/324] CGSM
[16:52:20] [257/324] PSMP
[16:52:21] [258/324] SDAL
[16:52:22] [259/324] RTNB
[16:52:23] [260/324] LMCR
[16:52:24] [261/324] CIMA
[16:52:25] [262/324] RNAS
[16:52:25] [263/324] LITH
[16:52:27] [264/324] PBOX
[16:52:28] [265/324] FRTS
[16:52:29] [266/324] RKIC
[16:52:30] [267/324] PTAI
[16:52:31] [268/324] GCIC
[16:52:32] [269/324] FNAS
[16:52:33] [270/324] SCAR
[16:52:34] [271/324] MTCA
[16:52:35] [272/324] SCTS
[16:52:36] [273/324] SYCS
[16:52:37] [274/324] RDMS
[16:52:38] [275/324] KAMP
[16:52:40] [276/324] ERSD
[16:52:40] [277/324] MJMJ
[16:52:41] [278/324] SRCJ
[16:52:42] [279/324] SCXE
[16:52:43] [280/324] SVFR
[16:52:44] [281/324] BHCS
[16:52:45] [282/324] IMCC
[16:52:46] [283/324] PCBO
[16:52:47] [284/324] PRVN
[16:52:48] [285/324] AUPM
[16:52:49] [286/324] INBW
[16:52:50] [287/324] SVCW
[16:52:51] [288/324] RKCF
[16:52:51] [289/324] UVBH
[16:52:52] [290/324] DNCY
[16:52:53] [291/324] ABCN
[16:52:54] [292/324] PRUR
[16:52:55] [293/324] PFMR
[16:52:56] [294/324] RKCN
[16:52:57] [295/324] CFEA
[16:52:58] [296/324] SDBG
[16:52:59] [297/324] SNAR
[16:52:59] [298/324] YISI
[16:53:00] [299/324] JCFF
[16:53:01] [300/324] VTRK
[16:53:02] [301/324] PCLZ
[16:53:03] [302/324] DIMY
[16:53:04] [303/324] BBTS
[16:53:05] [304/324] GATH
[16:53:05] [305/324] GTMN
[16:53:06] [306/324] VTMH
[16:53:07] [307/324] CCKP
[16:53:08] [308/324] GPKA
[16:53:09] [309/324] MHCL
[16:53:10] [310/324] ATCL
[16:53:11] [311/324] SBCK
[16:53:11] [312/324] AMMR
[16:53:12] [313/324] MADC
[16:53:14] [314/324] TMMA
[16:53:14] [315/324] CACC
[16:53:15] [316/324] CHAL
[16:53:16] [317/324] DURG
[16:53:17] [318/324] GMKU
[16:53:18] [319/324] GECA
[16:53:19] [320/324] KYRR
[16:53:20] [321/324] KSDE
[16:53:21] [322/324] LMCI
[16:53:22] [323/324] NKCP
[16:53:23] [324/324] BGTC
[16:53:24] 🧹 Deduping shows
[16:53:24] ✅ DONE | Shows=597 | Movies=43
[04:49:31] 🚀 SCRIPT STARTED
[04:49:31] [1/324] GCTA
[04:49:31] 🧠 New identity created
[04:49:32] [2/324] TOPN
[04:49:33] [3/324] MCUS
[04:49:34] [4/324] SHRL
[04:49:36] [5/324] UPTP
[04:49:36] [6/324] TMMP
[04:49:37] [7/324] DNRP
[04:49:38] [8/324] SRLT
[04:49:39] [9/324] RCNS
[04:49:40] [10/324] DCBH
[04:49:41] [11/324] NAGJ
[04:49:42] [12/324] JVRC
[04:49:43] [13/324] KRJG
[04:49:44] [14/324] SRTJ
[04:49:45] [15/324] CMXM
[04:49:46] [16/324] STMI
[04:49:46] [17/324] SLST
[04:49:48] [18/324] DTCN
[04:49:49] [19/324] STYN
[04:49:49] [20/324] SZVR
[04:49:50] [21/324] SRKO
[04:49:51] [22/324] JTGT
[04:49:52] [23/324] SVFD
[04:49:53] [24/324] SISD
[04:49:54] [25/324] ABDD
[04:49:55] [26/324] DRCA
[04:49:56] [27/324] AVCS
[04:49:56] [28/324] MVKH
[04:49:57] [29/324] ACPR
[04:49:58] [30/324] STIP
[04:49:59] [31/324] MTRA
[04:50:00] [32/324] RMKH
[04:50:01] [33/324] NKRL
[04:50:02] [34/324] PCWN
[04:50:02] [35/324] BLMT
[04:50:03] [36/324] GDPG
[04:50:04] [37/324] SRMX
[04:50:05] [38/324] JACP
[04:50:06] [39/324] CPSH
[04:50:07] [40/324] MCCD
[04:50:09] [41/324] ECGH
[04:50:09] [42/324] MKCK
[04:50:10] [43/324] SRMM
[04:50:11] [44/324] SKYR
[04:50:12] [45/324] PCKC
[04:50:13] [46/324] JCMA
[04:50:14] [47/324] BSMP
[04:50:14] [48/324] VSPA
[04:50:15] [49/324] DJYA
[04:50:16] [50/324] DIMP
[04:50:17] [51/324] FXDR
[04:50:17] [52/324] SSRC
[04:50:18] [53/324] STHP
[04:50:19] [54/324] CPPD
[04:50:20] [55/324] FCLK
[04:50:21] [56/324] SCPP
[04:50:22] [57/324] DCMJ
[04:50:23] [58/324] RCCR
[04:50:24] [59/324] INMT
[04:50:25] [60/324] LXTK
[04:50:25] [61/324] SRYK
[04:50:26] [62/324] SGDK
[04:50:27] [63/324] PPKA
[04:50:28] [64/324] SPKA
[04:50:29] [65/324] CGHH
[04:50:29] [66/324] DCJN
[04:50:31] [67/324] SRKV
[04:50:32] [68/324] SAJC
[04:50:33] [69/324] SUSR
[04:50:34] [70/324] STYG
[04:50:35] [71/324] NTKP
[04:50:35] [72/324] AKTG
[04:50:36] [73/324] CGCM
[04:50:37] [74/324] TULC
[04:50:38] [75/324] NYYZ
[04:50:39] [76/324] NYBW
[04:50:40] [77/324] MACB
[04:50:40] [78/324] SLVT
[04:50:41] [79/324] SANA
[04:50:42] [80/324] ACMR
[04:50:43] [81/324] CPKN
[04:50:44] [82/324] DLGK
[04:50:45] [83/324] CWCK
[04:50:46] [84/324] FDDH
[04:50:46] [85/324] MMMD
[04:50:47] [86/324] CMEH
[04:50:48] [87/324] GGGV
[04:50:49] [88/324] SPJL
[04:50:50] [89/324] RCCD
[04:50:50] [90/324] STTZ
[04:50:51] [91/324] BTCF
[04:50:52] [92/324] TSTZ
[04:50:53] [93/324] IPMM
[04:50:54] [94/324] PMPW
[04:50:55] [95/324] PCMZ
[04:50:55] [96/324] ESEM
[04:50:56] [97/324] PIPO
[04:50:57] [98/324] MATK
[04:50:58] [99/324] PGHM
[04:50:59] [100/324] CTSR
[04:51:00] [101/324] CYKR
[04:51:01] [102/324] MSCM
[04:51:01] [103/324] RFNP
[04:51:02] [104/324] PDCP
[04:51:03] [105/324] NPSE
[04:51:04] [106/324] MKML
[04:51:05] [107/324] FTDP
[04:51:06] [108/324] MMXA
[04:51:07] [109/324] CEPO
[04:51:08] [110/324] CMVP
[04:51:08] [111/324] SGTH
[04:51:09] [112/324] SAYN
[04:51:10] [113/324] URVS
[04:51:11] [114/324] VJTN
[04:51:12] [115/324] BBYK
[04:51:13] [116/324] SHBO
[04:51:13] [117/324] VCMR
[04:51:14] [118/324] MACT
[04:51:15] [119/324] JMNP
[04:51:16] [120/324] VICS
[04:51:17] [121/324] VCDA
[04:51:18] [122/324] GCMM
[04:51:19] [123/324] INVS
[04:51:19] [124/324] SCGM
[04:51:20] [125/324] PCDA
[04:51:21] [126/324] KDCT
[04:51:21] [127/324] JACS
[04:51:23] [128/324] GMMC
[04:51:24] [129/324] AICM
[04:51:25] [130/324] TJCM
[04:51:26] [131/324] RMTI
[04:51:27] [132/324] SHAC
[04:51:28] [133/324] APJC
[04:51:29] [134/324] GCTG
[04:51:29] [135/324] SSMC
[04:51:30] [136/324] THRM
[04:51:31] [137/324] RBCT
[04:51:32] [138/324] DIKT
[04:51:33] [139/324] MIDL
[04:51:34] [140/324] VCSN
[04:51:34] [141/324] SKTG
[04:51:35] [142/324] SMWC
[04:51:37] [143/324] MNKH
[04:51:38] [144/324] PIAT
[04:51:38] [145/324] LTTP
[04:51:40] [146/324] PTPU
[04:51:41] [147/324] ACMG
[04:51:42] [148/324] SHMM
[04:51:42] [149/324] MCMN
[04:51:43] [150/324] GLDC
[04:51:44] [151/324] HOUT
[04:51:45] [152/324] SVRP
[04:51:46] [153/324] PVDN
[04:51:47] [154/324] SCPY
[04:51:48] [155/324] DTPY
[04:51:48] [156/324] GKCS
[04:51:49] [157/324] NCAM
[04:51:50] [158/324] BSRM
[04:51:51] [159/324] RCLC
[04:51:52] [160/324] SKKD
[04:51:52] [161/324] ACHU
[04:51:53] [162/324] RSCF
[04:51:54] [163/324] IMSH
[04:51:55] [164/324] MACX
[04:51:56] [165/324] HMMW
[04:51:56] [166/324] JTCP
[04:51:57] [167/324] SREN
[04:51:58] [168/324] PJRR
[04:51:59] [169/324] INAC
[04:52:00] [170/324] BMCA
[04:52:00] [171/324] SHCB
[04:52:02] [172/324] GABA
[04:52:03] [173/324] SBCT
[04:52:03] [174/324] GCMA
[04:52:04] [175/324] MYTK
[04:52:06] [176/324] INZS
[04:52:07] [177/324] RMIK
[04:52:07] [178/324] NYCH
[04:52:08] [179/324] RAVE
[04:52:09] [180/324] PSXM
[04:52:10] [181/324] MCGP
[04:52:11] [182/324] PDDK
[04:52:11] [183/324] SPCK
[04:52:12] [184/324] MCRL
[04:52:13] [185/324] MHKT
[04:52:14] [186/324] ANRR
[04:52:15] [187/324] SAPK
[04:52:15] [188/324] NCUK
[04:52:16] [189/324] JUGA
[04:52:17] [190/324] DBSC
[04:52:18] [191/324] LALK
[04:52:19] [192/324] GUCK
[04:52:20] [193/324] STSG
[04:52:20] [194/324] PPPZ
[04:52:21] [195/324] CNCY
[04:52:22] [196/324] MTAR
[04:52:23] [197/324] VNKD
[04:52:24] [198/324] KMAJ
[04:52:25] [199/324] ACXK
[04:52:26] [200/324] UTKC
[04:52:26] [201/324] PBLK
[04:52:27] [202/324] ACBX
[04:52:28] [203/324] PTGM
[04:52:29] [204/324] BTDA
[04:52:30] [205/324] PJMB
[04:52:30] [206/324] TPDA
[04:52:31] [207/324] AMOE
[04:52:32] [208/324] PRHT
[04:52:33] [209/324] PRTA
[04:52:33] [210/324] STAM
[04:52:34] [211/324] MSAA
[04:52:35] [212/324] SDLU
[04:52:35] [213/324] RCHH
[04:52:36] [214/324] KANT
[04:52:37] [215/324] FCRT
[04:52:38] [216/324] DNKM
[04:52:38] [217/324] RYCP
[04:52:39] [218/324] MYRP
[04:52:40] [219/324] PPAK
[04:52:41] [220/324] NVPK
[04:52:42] [221/324] PRMC
[04:52:43] [222/324] JBCS
[04:52:44] [223/324] GXCK
[04:52:45] [224/324] USKO
[04:52:46] [225/324] GTEM
[04:52:46] [226/324] SMBU
[04:52:47] [227/324] VETC
[04:52:48] [228/324] LCDA
[04:52:49] [229/324] MTVT
[04:52:50] [230/324] PYCP
[04:52:51] [231/324] PNSC
[04:52:52] [232/324] PPCC
[04:52:52] [233/324] TGRT
[04:52:53] [234/324] JYOT
[04:52:54] [235/324] SRCZ
[04:52:55] [236/324] SJTE
[04:52:56] [237/324] DESC
[04:52:57] [238/324] JHVN
[04:52:58] [239/324] IPSG
[04:52:58] [240/324] IPCM
[04:52:59] [241/324] PDRS
[04:53:00] [242/324] ANCV
[04:53:01] [243/324] CMVV
[04:53:02] [244/324] SHYP
[04:53:02] [245/324] DNCS
[04:53:03] [246/324] GAJK
[04:53:04] [247/324] AKTN
[04:53:05] [248/324] KAYA
[04:53:06] [249/324] SBRC
[04:53:07] [250/324] CHTP
[04:53:07] [251/324] SHRT
[04:53:08] [252/324] BCKU
[04:53:09] [253/324] FCPS
[04:53:10] [254/324] ARDD
[04:53:10] [255/324] CPCM
[04:53:11] [256/324] CGSM
[04:53:12] [257/324] PSMP
[04:53:13] [258/324] SDAL
[04:53:14] [259/324] RTNB
[04:53:15] [260/324] LMCR
[04:53:16] [261/324] CIMA
[04:53:17] [262/324] RNAS
[04:53:18] [263/324] LITH
[04:53:18] [264/324] PBOX
[04:53:19] [265/324] FRTS
[04:53:20] [266/324] RKIC
[04:53:21] [267/324] PTAI
[04:53:22] [268/324] GCIC
[04:53:23] [269/324] FNAS
[04:53:23] [270/324] SCAR
[04:53:24] [271/324] MTCA
[04:53:25] [272/324] SCTS
[04:53:26] [273/324] SYCS
[04:53:27] [274/324] RDMS
[04:53:27] [275/324] KAMP
[04:53:29] [276/324] ERSD
[04:53:30] [277/324] MJMJ
[04:53:30] [278/324] SRCJ
[04:53:31] [279/324] SCXE
[04:53:33] [280/324] SVFR
[04:53:34] [281/324] BHCS
[04:53:35] [282/324] IMCC
[04:53:36] [283/324] PCBO
[04:53:36] [284/324] PRVN
[04:53:37] [285/324] AUPM
[04:53:38] [286/324] INBW
[04:53:39] [287/324] SVCW
[04:53:40] [288/324] RKCF
[04:53:41] [289/324] UVBH
[04:53:42] [290/324] DNCY
[04:53:42] [291/324] ABCN
[04:53:44] [292/324] PRUR
[04:53:45] [293/324] PFMR
[04:53:46] [294/324] RKCN
[04:53:47] [295/324] CFEA
[04:53:48] [296/324] SDBG
[04:53:48] [297/324] SNAR
[04:53:49] [298/324] YISI
[04:53:50] [299/324] JCFF
[04:53:51] [300/324] VTRK
[04:53:52] [301/324] PCLZ
[04:53:53] [302/324] DIMY
[04:53:54] [303/324] BBTS
[04:53:55] [304/324] GATH
[04:53:56] [305/324] GTMN
[04:53:57] [306/324] VTMH
[04:53:58] [307/324] CCKP
[04:53:59] [308/324] GPKA
[04:54:00] [309/324] MHCL
[04:54:01] [310/324] ATCL
[04:54:02] [311/324] SBCK
[04:54:03] [312/324] AMMR
[04:54:03] [313/324] MADC
[04:54:04] [314/324] TMMA
[04:54:05] [315/324] CACC
[04:54:06] [316/324] CHAL
[04:54:07] [317/324] DURG
[04:54:07] [318/324] GMKU
[04:54:08] [319/324] GECA
[04:54:09] [320/324] KYRR
[04:54:10] [321/324] KSDE
[04:54:11] [322/324] LMCI
[04:54:12] [323/324] NKCP
[04:54:13] [324/324] BGTC
[04:54:14] 🧹 Deduping shows
[04:54:14] ✅ DONE | Shows=660 | Movies=43
