[00:39:24] 🚀 BMS DAILY TRACKER STARTED
[00:39:24] [1/296] CDCA
[00:39:24] 🧠 New identity
[00:39:25] [2/296] MNSR
[00:39:26] [3/296] CSSL
[00:39:27] [4/296] BGGM
[00:39:28] [5/296] MANT
[00:39:29] [6/296] SOOY
[00:39:31] [7/296] VPPK
[00:39:32] [8/296] MYHJ
[00:39:33] [9/296] KSCK
[00:39:34] [10/296] KATK
[00:39:35] [11/296] RTRT
[00:39:36] [12/296] SSTT
[00:39:37] [13/296] SSTV
[00:39:38] [14/296] LACM
[00:39:38] [15/296] SGMG
[00:39:39] [16/296] KACX
[00:39:40] [17/296] GVCP
[00:39:41] [18/296] CSNC
[00:39:42] [19/296] SXCB
[00:39:43] [20/296] BAHS
[00:39:44] [21/296] PCBI
[00:39:45] [22/296] PSSM
[00:39:45] [23/296] RCOK
[00:39:46] [24/296] SCPF
[00:39:47] [25/296] SSAS
[00:39:48] [26/296] EVMM
[00:39:49] [27/296] SYCB
[00:39:51] [28/296] GCKI
[00:39:52] [29/296] IAET
[00:39:52] [30/296] DDTD
[00:39:53] [31/296] GMDH
[00:39:54] [32/296] STLE
[00:39:55] [33/296] JTRA
[00:39:56] [34/296] RPPA
[00:39:57] [35/296] ARUT
[00:39:57] [36/296] JTVM
[00:39:58] [37/296] SWRH
[00:39:59] [38/296] DCPC
[00:40:00] [39/296] RAPR
[00:40:01] [40/296] GCRT
[00:40:02] [41/296] ATUN
[00:40:03] [42/296] LTRM
[00:40:03] [43/296] TASR
[00:40:04] [44/296] RLLC
[00:40:06] [45/296] MABI
[00:40:07] [46/296] SVHB
[00:40:07] [47/296] NVTB
[00:40:08] [48/296] KCKG
[00:40:10] [49/296] SSRN
[00:40:11] [50/296] VDDC
[00:40:12] [51/296] GKTK
[00:40:13] [52/296] YFSN
[00:40:13] [53/296] GCSG
[00:40:14] [54/296] ESSM
[00:40:15] [55/296] KRIH
[00:40:16] [56/296] GCDS
[00:40:17] [57/296] CCSH
[00:40:18] [58/296] ACSK
[00:40:19] [59/296] APRK
[00:40:20] [60/296] ADKM
[00:40:21] [61/296] SRDM
[00:40:22] [62/296] RMOG
[00:40:23] [63/296] SJMY
[00:40:24] [64/296] PGGC
[00:40:25] [65/296] INGM
[00:40:26] [66/296] LSCB
[00:40:27] [67/296] STAD
[00:40:28] [68/296] MCCR
[00:40:28] [69/296] ABCC
[00:40:29] [70/296] RKCC
[00:40:30] [71/296] RTCR
[00:40:31] [72/296] GGBC
[00:40:32] [73/296] GCSD
[00:40:33] [74/296] LPTY
[00:40:34] [75/296] MCFD
[00:40:34] [76/296] HENN
[00:40:35] [77/296] SMKU
[00:40:36] [78/296] TNZC
[00:40:37] [79/296] DRCD
[00:40:38] [80/296] DLCD
[00:40:39] [81/296] RCDA
[00:40:39] [82/296] COSM
[00:40:40] [83/296] MCMJ
[00:40:41] [84/296] CSTR
[00:40:43] [85/296] CVDK
[00:40:43] [86/296] INRR
[00:40:44] [87/296] RJRT
[00:40:46] [88/296] IRMR
[00:40:46] [89/296] SRCF
[00:40:47] [90/296] GRCR
[00:40:48] [91/296] SURC
[00:40:49] [92/296] NMNH
[00:40:50] [93/296] SVBL
[00:40:51] [94/296] KACI
[00:40:52] [95/296] TDGO
[00:40:52] [96/296] KTBR
[00:40:54] [97/296] PMAD
[00:40:55] [98/296] CCPN
[00:40:56] [99/296] SBTK
[00:40:57] [100/296] LMDK
[00:40:58] [101/296] PGDA
[00:40:59] [102/296] SRML
[00:40:59] [103/296] EVCK
[00:41:00] [104/296] RTTK
[00:41:01] [105/296] SRTU
[00:41:02] [106/296] VRSA
[00:41:03] [107/296] VARS
[00:41:03] [108/296] DSCZ
[00:41:04] [109/296] GAGA
[00:41:05] [110/296] SARV
[00:41:06] [111/296] SEEG
[00:41:07] [112/296] GLCA
[00:41:08] [113/296] APAS
[00:41:09] [114/296] VCIA
[00:41:10] [115/296] SJTA
[00:41:11] [116/296] SABM
[00:41:12] [117/296] PPAG
[00:41:13] [118/296] RVCA
[00:41:14] [119/296] CCIA
[00:41:15] [120/296] HTAG
[00:41:16] [121/296] SMBI
[00:41:17] [122/296] MCJR
[00:41:17] [123/296] CCJR
[00:41:18] [124/296] SINF
[00:41:19] [125/296] CPLX
[00:41:20] [126/296] KKTJ
[00:41:21] [127/296] GDBW
[00:41:22] [128/296] CSUB
[00:41:23] [129/296] DABA
[00:41:23] [130/296] TITR
[00:41:24] [131/296] NYCR
[00:41:25] [132/296] RTRY
[00:41:26] [133/296] JTJL
[00:41:27] [134/296] SJCP
[00:41:28] [135/296] KCCA
[00:41:29] [136/296] MLPG
[00:41:29] [137/296] VRCK
[00:41:30] [138/296] SRIN
[00:41:31] [139/296] CXMK
[00:41:32] [140/296] SKAD
[00:41:33] [141/296] AVTR
[00:41:34] [142/296] PTAJ
[00:41:34] [143/296] SCNK
[00:41:35] [144/296] STTI
[00:41:36] [145/296] KACR
[00:41:37] [146/296] SSDX
[00:41:38] [147/296] VRTJ
[00:41:38] [148/296] RAJD
[00:41:40] [149/296] SCIP
[00:41:41] [150/296] RJSL
[00:41:41] [151/296] ARRS
[00:41:42] [152/296] ASMS
[00:41:43] [153/296] RDTS
[00:41:45] [154/296] DVMY
[00:41:45] [155/296] RASA
[00:41:47] [156/296] INOM
[00:41:48] [157/296] SPRS
[00:41:49] [158/296] SGCS
[00:41:50] [159/296] SALM
[00:41:51] [160/296] PKHC
[00:41:52] [161/296] RCSV
[00:41:53] [162/296] CPKC
[00:41:55] [163/296] AACD
[00:41:55] [164/296] GGCV
[00:41:56] [165/296] SMKD
[00:41:57] [166/296] NBCH
[00:41:58] [167/296] AMCB
[00:41:59] [168/296] OPCN
[00:42:00] [169/296] DCIN
[00:42:01] [170/296] INGW
[00:42:02] [171/296] PKKW
[00:42:02] [172/296] FNGW
[00:42:03] [173/296] GCGD
[00:42:04] [174/296] MSTW
[00:42:05] [175/296] KCCG
[00:42:05] [176/296] MRSS
[00:42:06] [177/296] CLCF
[00:42:07] [178/296] EETS
[00:42:08] [179/296] AATR
[00:42:09] [180/296] CMMN
[00:42:09] [181/296] SCCJ
[00:42:10] [182/296] CDTK
[00:42:11] [183/296] AICP
[00:42:12] [184/296] FNBP
[00:42:13] [185/296] CBPB
[00:42:14] [186/296] CPAS
[00:42:15] [187/296] MAPM
[00:42:16] [188/296] PASD
[00:42:17] [189/296] JCMN
[00:42:17] [190/296] MALB
[00:42:18] [191/296] SACG
[00:42:19] [192/296] DDRX
[00:42:20] [193/296] DDXB
[00:42:21] [194/296] RAMC
[00:42:21] [195/296] SANC
[00:42:22] [196/296] BCBP
[00:42:23] [197/296] ALPC
[00:42:24] [198/296] RBAC
[00:42:25] [199/296] RAJL
[00:42:26] [200/296] MPDX
[00:42:26] [201/296] MUSC
[00:42:27] [202/296] VKMK
[00:42:28] [203/296] SKCG
[00:42:29] [204/296] ANCN
[00:42:29] [205/296] MMCJ
[00:42:30] [206/296] DCAK
[00:42:31] [207/296] SCKG
[00:42:32] [208/296] LMCK
[00:42:33] [209/296] CKKX
[00:42:34] [210/296] ANKU
[00:42:34] [211/296] CSMD
[00:42:35] [212/296] MKMP
[00:42:37] [213/296] SVBG
[00:42:38] [214/296] ROOP
[00:42:38] [215/296] GDMT
[00:42:39] [216/296] FPPF
[00:42:40] [217/296] SFUU
[00:42:41] [218/296] ANCB
[00:42:42] [219/296] SMMC
[00:42:42] [220/296] UGKT
[00:42:43] [221/296] JVRM
[00:42:44] [222/296] BATG
[00:42:45] [223/296] RATE
[00:42:46] [224/296] SKME
[00:42:46] [225/296] LMTP
[00:42:47] [226/296] TCBD
[00:42:48] [227/296] ESBD
[00:42:49] [228/296] GDCU
[00:42:50] [229/296] SNKT
[00:42:51] [230/296] SRNK
[00:42:52] [231/296] SMED
[00:42:53] [232/296] CSQS
[00:42:54] [233/296] ALCS
[00:42:54] [234/296] KCKN
[00:42:55] [235/296] VCCL
[00:42:56] [236/296] MCDA
[00:42:57] [237/296] SHMI
[00:42:59] [238/296] SKHA
[00:43:00] [239/296] SVFK
[00:43:01] [240/296] INVB
[00:43:01] [241/296] MELD
[00:43:03] [242/296] JTYS
[00:43:04] [243/296] INCM
[00:43:05] [244/296] MCDV
[00:43:06] [245/296] KSGK
[00:43:06] [246/296] ICMG
[00:43:07] [247/296] CSCV
[00:43:08] [248/296] STMD
[00:43:09] [249/296] STTR
[00:43:10] [250/296] INVC
[00:43:10] [251/296] JTBL
[00:43:11] [252/296] SRVV
[00:43:12] [253/296] MAVC
[00:43:13] [254/296] SRPP
[00:43:14] [255/296] JGDM
[00:43:15] [256/296] MBSJ
[00:43:15] [257/296] SSLL
[00:43:16] [258/296] SLKP
[00:43:17] [259/296] NSRV
[00:43:18] [260/296] UTDV
[00:43:18] [261/296] KICM
[00:43:20] [262/296] KCMD
[00:43:21] [263/296] TTPP
[00:43:21] [264/296] KMPV
[00:43:22] [265/296] SKTV
[00:43:23] [266/296] STCV
[00:43:24] [267/296] SRDA
[00:43:25] [268/296] JTSX
[00:43:25] [269/296] STBV
[00:43:26] [270/296] APVZ
[00:43:27] [271/296] GSTV
[00:43:28] [272/296] NMVS
[00:43:29] [273/296] SKRT
[00:43:30] [274/296] RMDV
[00:43:30] [275/296] RATG
[00:43:31] [276/296] SJYV
[00:43:32] [277/296] NDGP
[00:43:33] [278/296] SNDG
[00:43:34] [279/296] INSR
[00:43:35] [280/296] INSO
[00:43:36] [281/296] CCSI
[00:43:36] [282/296] RASM
[00:43:37] [283/296] NEWC
[00:43:38] [284/296] VSHL
[00:43:39] [285/296] BISW
[00:43:40] [286/296] GCNG
[00:43:41] [287/296] CWSC
[00:43:42] [288/296] SKAN
[00:43:42] [289/296] SEHP
[00:43:43] [290/296] CCOA
[00:43:44] [291/296] MCAJ
[00:43:44] [292/296] ACDE
[00:43:45] [293/296] AACM
[00:43:46] [294/296] JJCK
[00:43:47] [295/296] RCMO
[00:43:48] [296/296] GDAW
[00:43:48] ✅ DONE | Shows=0 | Movies=0
