[00:39:31] 🚀 BMS DAILY TRACKER STARTED
[00:39:31] [1/459] NECA
[00:39:31] 🧠 New identity
[00:39:32] [2/459] BJLC
[00:39:33] [3/459] BASU
[00:39:34] [4/459] RUPI
[00:39:35] [5/459] LCBK
[00:39:35] [6/459] PMAC
[00:39:36] [7/459] AMLC
[00:39:37] [8/459] LICL
[00:39:38] [9/459] UDMM
[00:39:39] [10/459] STBZ
[00:39:40] [11/459] UUBT
[00:39:41] [12/459] SJKC
[00:39:42] [13/459] TUAL
[00:39:43] [14/459] MRSE
[00:39:44] [15/459] RMRK
[00:39:44] [16/459] TTKP
[00:39:45] [17/459] KTKO
[00:39:46] [18/459] SDBK
[00:39:47] [19/459] MCPR
[00:39:48] [20/459] CHTI
[00:39:48] [21/459] GCCP
[00:39:50] [22/459] SRMY
[00:39:50] [23/459] NYST
[00:39:51] [24/459] NYAG
[00:39:52] [25/459] SBMT
[00:39:53] [26/459] INGA
[00:39:54] [27/459] WSIC
[00:39:55] [28/459] SCSS
[00:39:56] [29/459] COPG
[00:39:57] [30/459] RCGR
[00:39:57] [31/459] TCZA
[00:39:58] [32/459] CNLP
[00:39:59] [33/459] CLKN
[00:40:00] [34/459] LHDF
[00:40:01] [35/459] ELKC
[00:40:02] [36/459] VCEM
[00:40:02] [37/459] SSZA
[00:40:03] [38/459] KRMT
[00:40:04] [39/459] LCMV
[00:40:06] [40/459] AYCZ
[00:40:06] [41/459] CUMS
[00:40:07] [42/459] BOCK
[00:40:08] [43/459] PNMR
[00:40:09] [44/459] PJCP
[00:40:10] [45/459] JDDD
[00:40:10] [46/459] STMS
[00:40:11] [47/459] FLMB
[00:40:13] [48/459] PKCM
[00:40:14] [49/459] SPPR
[00:40:14] [50/459] EYLH
[00:40:16] [51/459] RJCC
[00:40:17] [52/459] MMPS
[00:40:17] [53/459] SHMX
[00:40:18] [54/459] CCNL
[00:40:19] [55/459] RCNV
[00:40:20] [56/459] MAAG
[00:40:21] [57/459] LXCM
[00:40:21] [58/459] RCNI
[00:40:22] [59/459] SNNI
[00:40:23] [60/459] LALC
[00:40:24] [61/459] SOCN
[00:40:25] [62/459] JHTP
[00:40:26] [63/459] PITP
[00:40:27] [64/459] CCKW
[00:40:28] [65/459] MCMC
[00:40:29] [66/459] DEES
[00:40:31] [67/459] SABT
[00:40:32] [68/459] VSPP
[00:40:33] [69/459] ABCT
[00:40:33] [70/459] JVTB
[00:40:34] [71/459] VCBD
[00:40:35] [72/459] RMGG
[00:40:36] [73/459] RNMH
[00:40:37] [74/459] SPGL
[00:40:38] [75/459] JTTR
[00:40:39] [76/459] SICS
[00:40:40] [77/459] SRMI
[00:40:41] [78/459] SSIJ
[00:40:42] [79/459] KFMT
[00:40:42] [80/459] VBIT
[00:40:43] [81/459] JKCT
[00:40:44] [82/459] GCGP
[00:40:45] [83/459] GDCS
[00:40:46] [84/459] TRBA
[00:40:46] [85/459] QUST
[00:40:47] [86/459] VSHM
[00:40:48] [87/459] SDCP
[00:40:49] [88/459] SNVS
[00:40:50] [89/459] NYTO
[00:40:51] [90/459] URWC
[00:40:51] [91/459] GTWH
[00:40:52] [92/459] PFCM
[00:40:53] [93/459] KRTA
[00:40:54] [94/459] AXMC
[00:40:55] [95/459] EVMC
[00:40:56] [96/459] HGSM
[00:40:58] [97/459] ACVM
[00:40:58] [98/459] PSKL
[00:40:59] [99/459] RDMP
[00:41:00] [100/459] RHGH
[00:41:01] [101/459] OMCM
[00:41:02] [102/459] DCCP
[00:41:02] [103/459] MCPB
[00:41:03] [104/459] ALCI
[00:41:05] [105/459] BLMX
[00:41:06] [106/459] BTMV
[00:41:07] [107/459] FVPN
[00:41:08] [108/459] CMAR
[00:41:09] [109/459] CEIM
[00:41:10] [110/459] CMVA
[00:41:11] [111/459] CPIV
[00:41:12] [112/459] CNPE
[00:41:13] [113/459] COLV
[00:41:14] [114/459] DNNV
[00:41:15] [115/459] HCAD
[00:41:15] [116/459] TAKA
[00:41:16] [117/459] INVD
[00:41:17] [118/459] IRMM
[00:41:18] [119/459] INSE
[00:41:19] [120/459] MRSW
[00:41:20] [121/459] MCVD
[00:41:20] [122/459] MCSO
[00:41:21] [123/459] PEVM
[00:41:22] [124/459] PVNL
[00:41:23] [125/459] PTCV
[00:41:23] [126/459] PRTC
[00:41:24] [127/459] RCVA
[00:41:25] [128/459] MTBN
[00:41:26] [129/459] LUCP
[00:41:27] [130/459] FMPT
[00:41:28] [131/459] JLSL
[00:41:28] [132/459] SBHA
[00:41:29] [133/459] SHRC
[00:41:30] [134/459] AVPS
[00:41:31] [135/459] STPM
[00:41:32] [136/459] ATRD
[00:41:33] [137/459] VTED
[00:41:34] [138/459] ACAI
[00:41:35] [139/459] SMAE
[00:41:36] [140/459] VMAT
[00:41:36] [141/459] LKCT
[00:41:37] [142/459] JTVK
[00:41:38] [143/459] PRTY
[00:41:39] [144/459] GETT
[00:41:40] [145/459] ESAP
[00:41:41] [146/459] NCPM
[00:41:42] [147/459] PCPA
[00:41:43] [148/459] MMOM
[00:41:44] [149/459] PHUP
[00:41:45] [150/459] CCPI
[00:41:45] [151/459] CNTD
[00:41:46] [152/459] NLJR
[00:41:47] [153/459] SRNG
[00:41:48] [154/459] MHAL
[00:41:49] [155/459] PNSM
[00:41:49] [156/459] DRMY
[00:41:51] [157/459] CCMU
[00:41:51] [158/459] SCMY
[00:41:52] [159/459] PVSY
[00:41:53] [160/459] SDLM
[00:41:54] [161/459] ICCM
[00:41:55] [162/459] PYSU
[00:41:56] [163/459] GATM
[00:41:57] [164/459] WOTM
[00:41:57] [165/459] RKTS
[00:41:58] [166/459] PMTY
[00:41:59] [167/459] LYMS
[00:42:00] [168/459] TGCA
[00:42:01] [169/459] DSTA
[00:42:02] [170/459] CNGE
[00:42:03] [171/459] VSTG
[00:42:03] [172/459] GTCK
[00:42:04] [173/459] TGNT
[00:42:05] [174/459] ASLC
[00:42:06] [175/459] SSST
[00:42:07] [176/459] KBTT
[00:42:08] [177/459] HKCP
[00:42:09] [178/459] SWLC
[00:42:10] [179/459] RTND
[00:42:11] [180/459] PKKT
[00:42:12] [181/459] HSTK
[00:42:13] [182/459] SPTT
[00:42:14] [183/459] IMPM
[00:42:15] [184/459] SCMV
[00:42:16] [185/459] SPCT
[00:42:16] [186/459] JBCA
[00:42:17] [187/459] ATTR
[00:42:18] [188/459] SPMT
[00:42:19] [189/459] LCTM
[00:42:20] [190/459] SCVL
[00:42:22] [191/459] SCVT
[00:42:22] [192/459] KRIC
[00:42:23] [193/459] CTMG
[00:42:24] [194/459] ACNC
[00:42:25] [195/459] DMCK
[00:42:26] [196/459] KMTV
[00:42:27] [197/459] PFCJ
[00:42:27] [198/459] VNMD
[00:42:28] [199/459] VPCZ
[00:42:29] [200/459] SRYR
[00:42:30] [201/459] SYTR
[00:42:31] [202/459] GATR
[00:42:32] [203/459] URTR
[00:42:32] [204/459] MKSM
[00:42:33] [205/459] VSMH
[00:42:34] [206/459] SKRJ
[00:42:35] [207/459] SSJR
[00:42:36] [208/459] SVSM
[00:42:37] [209/459] RUCM
[00:42:38] [210/459] PRKN
[00:42:38] [211/459] RROH
[00:42:39] [212/459] SCTN
[00:42:40] [213/459] RTDM
[00:42:41] [214/459] ASRM
[00:42:42] [215/459] SKMD
[00:42:42] [216/459] SUTD
[00:42:43] [217/459] SADM
[00:42:44] [218/459] WCNR
[00:42:45] [219/459] CNED
[00:42:46] [220/459] MPDB
[00:42:46] [221/459] KTBH
[00:42:47] [222/459] IDRM
[00:42:48] [223/459] PJJT
[00:42:48] [224/459] PFCV
[00:42:49] [225/459] AACT
[00:42:50] [226/459] AAAD
[00:42:51] [227/459] ANES
[00:42:52] [228/459] MNCA
[00:42:52] [229/459] RMGU
[00:42:53] [230/459] DLCN
[00:42:54] [231/459] LJWT
[00:42:55] [232/459] MCBG
[00:42:57] [233/459] MYBG
[00:42:58] [234/459] GCCA
[00:42:59] [235/459] GCGA
[00:43:00] [236/459] ECGN
[00:43:00] [237/459] PRAB
[00:43:01] [238/459] PNMP
[00:43:02] [239/459] GCPT
[00:43:03] [240/459] ROYN
[00:43:04] [241/459] VATM
[00:43:05] [242/459] KSNT
[00:43:06] [243/459] ACTC
[00:43:06] [244/459] PLTD
[00:43:07] [245/459] SKMK
[00:43:08] [246/459] CMTT
[00:43:09] [247/459] SMXP
[00:43:10] [248/459] SCMX
[00:43:11] [249/459] ACXN
[00:43:11] [250/459] ASWT
[00:43:12] [251/459] VVVL
[00:43:13] [252/459] NAGO
[00:43:14] [253/459] SNCN
[00:43:15] [254/459] MCKP
[00:43:16] [255/459] SAMO
[00:43:17] [256/459] JBTV
[00:43:18] [257/459] DCVV
[00:43:19] [258/459] KMSV
[00:43:19] [259/459] KDCN
[00:43:20] [260/459] CNCP
[00:43:21] [261/459] HAMC
[00:43:22] [262/459] CCVZ
[00:43:23] [263/459] NCCK
[00:43:24] [264/459] MCHR
[00:43:25] [265/459] SCHT
[00:43:26] [266/459] ESSH
[00:43:27] [267/459] CUJC
[00:43:27] [268/459] PECP
[00:43:28] [269/459] PMMI
[00:43:29] [270/459] PCCH
[00:43:30] [271/459] PRPM
[00:43:31] [272/459] PVKL
[00:43:32] [273/459] CBSM
[00:43:33] [274/459] PVCZ
[00:43:34] [275/459] PCVV
[00:43:35] [276/459] CTMJ
[00:43:35] [277/459] RCPS
[00:43:36] [278/459] PCIT
[00:43:37] [279/459] FNCH
[00:43:38] [280/459] INZD
[00:43:39] [281/459] INPC
[00:43:40] [282/459] LCZP
[00:43:41] [283/459] SMCB
[00:43:42] [284/459] PTSB
[00:43:42] [285/459] TPSI
[00:43:43] [286/459] KHMJ
[00:43:44] [287/459] RCCJ
[00:43:45] [288/459] NCJA
[00:43:46] [289/459] NCJN
[00:43:47] [290/459] BTDP
[00:43:47] [291/459] PADY
[00:43:48] [292/459] NYBH
[00:43:49] [293/459] MTBR
[00:43:50] [294/459] KRBC
[00:43:51] [295/459] DKTI
[00:43:52] [296/459] ANAN
[00:43:53] [297/459] INBP
[00:43:54] [298/459] PATB
[00:43:54] [299/459] RGNT
[00:43:55] [300/459] CGPM
[00:43:56] [301/459] INTN
[00:43:57] [302/459] MCMP
[00:43:57] [303/459] ASRG
[00:43:59] [304/459] CXJD
[00:44:00] [305/459] SPCP
[00:44:00] [306/459] CSTP
[00:44:01] [307/459] PKVC
[00:44:02] [308/459] ESCP
[00:44:03] [309/459] CAEP
[00:44:04] [310/459] CCSP
[00:44:05] [311/459] KTPC
[00:44:06] [312/459] DACA
[00:44:07] [313/459] NVKY
[00:44:08] [314/459] PTIN
[00:44:09] [315/459] SCIN
[00:44:09] [316/459] MCTY
[00:44:10] [317/459] PCMX
[00:44:11] [318/459] INIC
[00:44:12] [319/459] MMZM
[00:44:13] [320/459] SSLP
[00:44:13] [321/459] DTDT
[00:44:15] [322/459] FFCX
[00:44:16] [323/459] RCMM
[00:44:16] [324/459] KYID
[00:44:17] [325/459] CSCI
[00:44:18] [326/459] FCMC
[00:44:19] [327/459] MMXI
[00:44:19] [328/459] ASTC
[00:44:20] [329/459] CMRA
[00:44:22] [330/459] DICI
[00:44:22] [331/459] KDIN
[00:44:23] [332/459] PRFI
[00:44:24] [333/459] SVFC
[00:44:25] [334/459] UCPL
[00:44:26] [335/459] COOC
[00:44:28] [336/459] SCAL
[00:44:29] [337/459] SVFF
[00:44:30] [338/459] VCMG
[00:44:31] [339/459] UUCT
[00:44:32] [340/459] GCSE
[00:44:33] [341/459] SUSC
[00:44:33] [342/459] MISC
[00:44:34] [343/459] RMBL
[00:44:35] [344/459] CMXN
[00:44:37] [345/459] PVBK
[00:44:37] [346/459] HHCG
[00:44:38] [347/459] SCAG
[00:44:39] [348/459] CNPR
[00:44:40] [349/459] CSER
[00:44:40] [350/459] HLWD
[00:44:42] [351/459] BOLY
[00:44:43] [352/459] SSPG
[00:44:44] [353/459] MUPX
[00:44:45] [354/459] HAMR
[00:44:46] [355/459] SDNC
[00:44:46] [356/459] RTEN
[00:44:47] [357/459] SDTD
[00:44:48] [358/459] KAWS
[00:44:49] [359/459] CMZX
[00:44:50] [360/459] DCDD
[00:44:51] [361/459] ALSN
[00:44:53] [362/459] IMXS
[00:44:54] [363/459] PVFF
[00:44:55] [364/459] PVOO
[00:44:56] [365/459] CFBS
[00:44:57] [366/459] PVER
[00:44:57] [367/459] PPNX
[00:44:59] [368/459] CNRM
[00:45:00] [369/459] PVWW
[00:45:02] [370/459] INMB
[00:45:02] [371/459] CPJR
[00:45:03] [372/459] INRZ
[00:45:04] [373/459] PMSR
[00:45:06] [374/459] GPGM
[00:45:07] [375/459] PGWB
[00:45:07] [376/459] PMBR
[00:45:08] [377/459] GPAM
[00:45:09] [378/459] INBC
[00:45:10] [379/459] PZVK
[00:45:12] [380/459] CPEB
[00:45:13] [381/459] FMLB
[00:45:14] [382/459] INBG
[00:45:14] [383/459] GPBR
[00:45:15] [384/459] PAAS
[00:45:16] [385/459] VTBR
[00:45:17] [386/459] GPMY
[00:45:18] [387/459] GYBU
[00:45:19] [388/459] INBJ
[00:45:20] [389/459] LKTH
[00:45:20] [390/459] NSBR
[00:45:21] [391/459] PDRD
[00:45:22] [392/459] VRBL
[00:45:23] [393/459] VTGB
[00:45:24] [394/459] VTSK
[00:45:25] [395/459] BKDV
[00:45:26] [396/459] SVTB
[00:45:27] [397/459] MLDT
[00:45:27] [398/459] NRBL
[00:45:28] [399/459] SLTR
[00:45:29] [400/459] VNKA
[00:45:30] [401/459] TDCA
[00:45:32] [402/459] INBM
[00:45:33] [403/459] SSNR
[00:45:33] [404/459] BHAC
[00:45:34] [405/459] SDSD
[00:45:35] [406/459] SAMP
[00:45:36] [407/459] RATK
[00:45:37] [408/459] KCBI
[00:45:37] [409/459] URBL
[00:45:38] [410/459] MKBG
[00:45:39] [411/459] ASTB
[00:45:40] [412/459] VBWT
[00:45:42] [413/459] GPSM
[00:45:43] [414/459] ROON
[00:45:43] [415/459] CHTH
[00:45:44] [416/459] SSPA
[00:45:45] [417/459] ANBL
[00:45:46] [418/459] VTBE
[00:45:47] [419/459] SVKT
[00:45:48] [420/459] SVYK
[00:45:50] [421/459] PTBK
[00:45:51] [422/459] RKTB
[00:45:51] [423/459] BALT
[00:45:52] [424/459] STSV
[00:45:53] [425/459] VCCB
[00:45:54] [426/459] SLTB
[00:45:55] [427/459] SBCR
[00:45:56] [428/459] VDCS
[00:45:57] [429/459] MDKI
[00:45:58] [430/459] SMRN
[00:45:58] [431/459] PTBC
[00:45:59] [432/459] RADI
[00:46:00] [433/459] ADCR
[00:46:01] [434/459] SDCS
[00:46:02] [435/459] SRPJ
[00:46:03] [436/459] ARTS
[00:46:04] [437/459] SRHK
[00:46:05] [438/459] SPAY
[00:46:06] [439/459] GPTB
[00:46:07] [440/459] SNNN
[00:46:08] [441/459] BALJ
[00:46:09] [442/459] TRIG
[00:46:10] [443/459] GTYT
[00:46:11] [444/459] ATGN
[00:46:12] [445/459] ANTE
[00:46:13] [446/459] BDCG
[00:46:13] [447/459] VECI
[00:46:14] [448/459] SCPR
[00:46:15] [449/459] RTEA
[00:46:16] [450/459] JSAI
[00:46:17] [451/459] VJTP
[00:46:17] [452/459] GNDS
[00:46:18] [453/459] PAXA
[00:46:19] [454/459] CGGM
[00:46:20] [455/459] ACKZ
[00:46:21] [456/459] EMCC
[00:46:22] [457/459] KLSK
[00:46:22] [458/459] AVCK
[00:46:23] [459/459] JTCK
[00:46:24] ✅ DONE | Shows=0 | Movies=0
[01:43:34] 🚀 BMS DAILY TRACKER STARTED
[01:43:34] [1/459] NECA
[01:43:34] 🧠 New identity
[01:43:35] [2/459] BJLC
[01:43:36] [3/459] BASU
[01:43:36] [4/459] RUPI
[01:43:37] [5/459] LCBK
[01:43:38] [6/459] PMAC
[01:43:39] [7/459] AMLC
[01:43:40] [8/459] LICL
[01:43:41] [9/459] UDMM
[01:43:42] [10/459] STBZ
[01:43:44] [11/459] UUBT
[01:43:45] [12/459] SJKC
[01:43:46] [13/459] TUAL
[01:43:47] [14/459] MRSE
[01:43:48] [15/459] RMRK
[01:43:49] [16/459] TTKP
[01:43:51] [17/459] KTKO
[01:43:52] [18/459] SDBK
[01:43:53] [19/459] MCPR
[01:43:55] [20/459] CHTI
[01:43:56] [21/459] GCCP
[01:43:57] [22/459] SRMY
[01:43:58] [23/459] NYST
[01:43:59] [24/459] NYAG
[01:44:00] [25/459] SBMT
[01:44:01] [26/459] INGA
[01:44:02] [27/459] WSIC
[01:44:03] [28/459] SCSS
[01:44:04] [29/459] COPG
[01:44:05] [30/459] RCGR
[01:44:06] [31/459] TCZA
[01:44:07] [32/459] CNLP
[01:44:08] [33/459] CLKN
[01:44:10] [34/459] LHDF
[01:44:10] [35/459] ELKC
[01:44:12] [36/459] VCEM
[01:44:13] [37/459] SSZA
[01:44:14] [38/459] KRMT
[01:44:15] [39/459] LCMV
[01:44:16] [40/459] AYCZ
[01:44:17] [41/459] CUMS
[01:44:18] [42/459] BOCK
[01:44:19] [43/459] PNMR
[01:44:20] [44/459] PJCP
[01:44:21] [45/459] JDDD
[01:44:22] [46/459] STMS
[01:44:24] [47/459] FLMB
[01:44:25] [48/459] PKCM
[01:44:26] [49/459] SPPR
[01:44:27] [50/459] EYLH
[01:44:27] [51/459] RJCC
[01:44:28] [52/459] MMPS
[01:44:29] [53/459] SHMX
[01:44:30] [54/459] CCNL
[01:44:30] [55/459] RCNV
[01:44:31] [56/459] MAAG
[01:44:32] [57/459] LXCM
[01:44:33] [58/459] RCNI
[01:44:34] [59/459] SNNI
[01:44:35] [60/459] LALC
[01:44:36] [61/459] SOCN
[01:44:36] [62/459] JHTP
[01:44:38] [63/459] PITP
[01:44:39] [64/459] CCKW
[01:44:40] [65/459] MCMC
[01:44:41] [66/459] DEES
[01:44:42] [67/459] SABT
[01:44:43] [68/459] VSPP
[01:44:44] [69/459] ABCT
[01:44:45] [70/459] JVTB
[01:44:46] [71/459] VCBD
[01:44:47] [72/459] RMGG
[01:44:48] [73/459] RNMH
[01:44:49] [74/459] SPGL
[01:44:49] [75/459] JTTR
[01:44:50] [76/459] SICS
[01:44:51] [77/459] SRMI
[01:44:52] [78/459] SSIJ
[01:44:53] [79/459] KFMT
[01:44:53] [80/459] VBIT
[01:44:54] [81/459] JKCT
[01:44:55] [82/459] GCGP
[01:44:56] [83/459] GDCS
[01:44:57] [84/459] TRBA
[01:44:58] [85/459] QUST
[01:44:58] [86/459] VSHM
[01:45:00] [87/459] SDCP
[01:45:01] [88/459] SNVS
[01:45:01] [89/459] NYTO
[01:45:02] [90/459] URWC
[01:45:03] [91/459] GTWH
[01:45:04] [92/459] PFCM
[01:45:05] [93/459] KRTA
[01:45:05] [94/459] AXMC
[01:45:06] [95/459] EVMC
[01:45:07] [96/459] HGSM
[01:45:08] [97/459] ACVM
[01:45:09] [98/459] PSKL
[01:45:10] [99/459] RDMP
[01:45:10] [100/459] RHGH
[01:45:11] [101/459] OMCM
[01:45:12] [102/459] DCCP
[01:45:13] [103/459] MCPB
[01:45:14] [104/459] ALCI
[01:45:15] [105/459] BLMX
[01:45:15] [106/459] BTMV
[01:45:16] [107/459] FVPN
[01:45:18] [108/459] CMAR
[01:45:19] [109/459] CEIM
[01:45:20] [110/459] CMVA
[01:45:21] [111/459] CPIV
[01:45:22] [112/459] CNPE
[01:45:22] [113/459] COLV
[01:45:23] [114/459] DNNV
[01:45:24] [115/459] HCAD
[01:45:25] [116/459] TAKA
[01:45:26] [117/459] INVD
[01:45:27] [118/459] IRMM
[01:45:27] [119/459] INSE
[01:45:28] [120/459] MRSW
[01:45:29] [121/459] MCVD
[01:45:31] [122/459] MCSO
[01:45:32] [123/459] PEVM
[01:45:32] [124/459] PVNL
[01:45:33] [125/459] PTCV
[01:45:34] [126/459] PRTC
[01:45:35] [127/459] RCVA
[01:45:36] [128/459] MTBN
[01:45:37] [129/459] LUCP
[01:45:38] [130/459] FMPT
[01:45:39] [131/459] JLSL
[01:45:40] [132/459] SBHA
[01:45:41] [133/459] SHRC
[01:45:42] [134/459] AVPS
[01:45:43] [135/459] STPM
[01:45:44] [136/459] ATRD
[01:45:44] [137/459] VTED
[01:45:45] [138/459] ACAI
[01:45:46] [139/459] SMAE
[01:45:47] [140/459] VMAT
[01:45:48] [141/459] LKCT
[01:45:49] [142/459] JTVK
[01:45:50] [143/459] PRTY
[01:45:51] [144/459] GETT
[01:45:51] [145/459] ESAP
[01:45:52] [146/459] NCPM
[01:45:53] [147/459] PCPA
[01:45:54] [148/459] MMOM
[01:45:55] [149/459] PHUP
[01:45:56] [150/459] CCPI
[01:45:58] [151/459] CNTD
[01:45:58] [152/459] NLJR
[01:45:59] [153/459] SRNG
[01:46:00] [154/459] MHAL
[01:46:01] [155/459] PNSM
[01:46:02] [156/459] DRMY
[01:46:02] [157/459] CCMU
[01:46:03] [158/459] SCMY
[01:46:04] [159/459] PVSY
[01:46:05] [160/459] SDLM
[01:46:06] [161/459] ICCM
[01:46:07] [162/459] PYSU
[01:46:07] [163/459] GATM
[01:46:08] [164/459] WOTM
[01:46:09] [165/459] RKTS
[01:46:10] [166/459] PMTY
[01:46:11] [167/459] LYMS
[01:46:12] [168/459] TGCA
[01:46:13] [169/459] DSTA
[01:46:13] [170/459] CNGE
[01:46:14] [171/459] VSTG
[01:46:16] [172/459] GTCK
[01:46:16] [173/459] TGNT
[01:46:17] [174/459] ASLC
[01:46:18] [175/459] SSST
[01:46:18] [176/459] KBTT
[01:46:20] [177/459] HKCP
[01:46:21] [178/459] SWLC
[01:46:22] [179/459] RTND
[01:46:23] [180/459] PKKT
[01:46:24] [181/459] HSTK
[01:46:25] [182/459] SPTT
[01:46:26] [183/459] IMPM
[01:46:27] [184/459] SCMV
[01:46:27] [185/459] SPCT
[01:46:28] [186/459] JBCA
[01:46:29] [187/459] ATTR
[01:46:30] [188/459] SPMT
[01:46:31] [189/459] LCTM
[01:46:31] [190/459] SCVL
[01:46:33] [191/459] SCVT
[01:46:34] [192/459] KRIC
[01:46:34] [193/459] CTMG
[01:46:35] [194/459] ACNC
[01:46:36] [195/459] DMCK
[01:46:36] [196/459] KMTV
[01:46:37] [197/459] PFCJ
[01:46:38] [198/459] VNMD
[01:46:39] [199/459] VPCZ
[01:46:40] [200/459] SRYR
[01:46:42] [201/459] SYTR
[01:46:42] [202/459] GATR
[01:46:43] [203/459] URTR
[01:46:44] [204/459] MKSM
[01:46:45] [205/459] VSMH
[01:46:46] [206/459] SKRJ
[01:46:47] [207/459] SSJR
[01:46:48] [208/459] SVSM
[01:46:49] [209/459] RUCM
[01:46:50] [210/459] PRKN
[01:46:52] [211/459] RROH
[01:46:53] [212/459] SCTN
[01:46:53] [213/459] RTDM
[01:46:54] [214/459] ASRM
[01:46:56] [215/459] SKMD
[01:46:57] [216/459] SUTD
[01:46:59] [217/459] SADM
[01:47:00] [218/459] WCNR
[01:47:00] [219/459] CNED
[01:47:01] [220/459] MPDB
[01:47:02] [221/459] KTBH
[01:47:04] [222/459] IDRM
[01:47:04] [223/459] PJJT
[01:47:05] [224/459] PFCV
[01:47:06] [225/459] AACT
[01:47:07] [226/459] AAAD
[01:47:08] [227/459] ANES
[01:47:09] [228/459] MNCA
[01:47:10] [229/459] RMGU
[01:47:10] [230/459] DLCN
[01:47:12] [231/459] LJWT
[01:47:12] [232/459] MCBG
[01:47:13] [233/459] MYBG
[01:47:14] [234/459] GCCA
[01:47:15] [235/459] GCGA
[01:47:16] [236/459] ECGN
[01:47:17] [237/459] PRAB
[01:47:18] [238/459] PNMP
[01:47:19] [239/459] GCPT
[01:47:19] [240/459] ROYN
[01:47:20] [241/459] VATM
[01:47:21] [242/459] KSNT
[01:47:22] [243/459] ACTC
[01:47:23] [244/459] PLTD
[01:47:24] [245/459] SKMK
[01:47:25] [246/459] CMTT
[01:47:26] [247/459] SMXP
[01:47:27] [248/459] SCMX
[01:47:28] [249/459] ACXN
[01:47:29] [250/459] ASWT
[01:47:29] [251/459] VVVL
[01:47:30] [252/459] NAGO
[01:47:31] [253/459] SNCN
[01:47:32] [254/459] MCKP
[01:47:33] [255/459] SAMO
[01:47:34] [256/459] JBTV
[01:47:34] [257/459] DCVV
[01:47:36] [258/459] KMSV
[01:47:37] [259/459] KDCN
[01:47:38] [260/459] CNCP
[01:47:38] [261/459] HAMC
[01:47:40] [262/459] CCVZ
[01:47:41] [263/459] NCCK
[01:47:41] [264/459] MCHR
[01:47:42] [265/459] SCHT
[01:47:43] [266/459] ESSH
[01:47:44] [267/459] CUJC
[01:47:44] [268/459] PECP
[01:47:45] [269/459] PMMI
[01:47:47] [270/459] PCCH
[01:47:48] [271/459] PRPM
[01:47:48] [272/459] PVKL
[01:47:49] [273/459] CBSM
[01:47:50] [274/459] PVCZ
[01:47:51] [275/459] PCVV
[01:47:52] [276/459] CTMJ
[01:47:53] [277/459] RCPS
[01:47:53] [278/459] PCIT
[01:47:54] [279/459] FNCH
[01:47:55] [280/459] INZD
[01:47:56] [281/459] INPC
[01:47:57] [282/459] LCZP
[01:47:57] [283/459] SMCB
[01:47:58] [284/459] PTSB
[01:47:59] [285/459] TPSI
[01:48:00] [286/459] KHMJ
[01:48:01] [287/459] RCCJ
[01:48:01] [288/459] NCJA
[01:48:02] [289/459] NCJN
[01:48:03] [290/459] BTDP
[01:48:04] [291/459] PADY
[01:48:05] [292/459] NYBH
[01:48:05] [293/459] MTBR
[01:48:06] [294/459] KRBC
[01:48:07] [295/459] DKTI
[01:48:07] [296/459] ANAN
[01:48:08] [297/459] INBP
[01:48:09] [298/459] PATB
[01:48:11] [299/459] RGNT
[01:48:12] [300/459] CGPM
[01:48:13] [301/459] INTN
[01:48:14] [302/459] MCMP
[01:48:14] [303/459] ASRG
[01:48:15] [304/459] CXJD
[01:48:16] [305/459] SPCP
[01:48:17] [306/459] CSTP
[01:48:18] [307/459] PKVC
[01:48:19] [308/459] ESCP
[01:48:19] [309/459] CAEP
[01:48:21] [310/459] CCSP
[01:48:22] [311/459] KTPC
[01:48:23] [312/459] DACA
[01:48:23] [313/459] NVKY
[01:48:24] [314/459] PTIN
[01:48:25] [315/459] SCIN
[01:48:26] [316/459] MCTY
[01:48:27] [317/459] PCMX
[01:48:27] [318/459] INIC
[01:48:28] [319/459] MMZM
[01:48:29] [320/459] SSLP
[01:48:30] [321/459] DTDT
[01:48:30] [322/459] FFCX
[01:48:31] [323/459] RCMM
[01:48:32] [324/459] KYID
[01:48:33] [325/459] CSCI
[01:48:34] [326/459] FCMC
[01:48:35] [327/459] MMXI
[01:48:35] [328/459] ASTC
[01:48:36] [329/459] CMRA
[01:48:37] [330/459] DICI
[01:48:38] [331/459] KDIN
[01:48:40] [332/459] PRFI
[01:48:41] [333/459] SVFC
[01:48:42] [334/459] UCPL
[01:48:43] [335/459] COOC
[01:48:44] [336/459] SCAL
[01:48:44] [337/459] SVFF
[01:48:45] [338/459] VCMG
[01:48:46] [339/459] UUCT
[01:48:47] [340/459] GCSE
[01:48:48] [341/459] SUSC
[01:48:49] [342/459] MISC
[01:48:50] [343/459] RMBL
[01:48:50] [344/459] CMXN
[01:48:51] [345/459] PVBK
[01:48:52] [346/459] HHCG
[01:48:53] [347/459] SCAG
[01:48:54] [348/459] CNPR
[01:48:54] [349/459] CSER
[01:48:55] [350/459] HLWD
[01:48:56] [351/459] BOLY
[01:48:57] [352/459] SSPG
[01:48:58] [353/459] MUPX
[01:48:58] [354/459] HAMR
[01:48:59] [355/459] SDNC
[01:49:00] [356/459] RTEN
[01:49:01] [357/459] SDTD
[01:49:01] [358/459] KAWS
[01:49:02] [359/459] CMZX
[01:49:03] [360/459] DCDD
[01:49:05] [361/459] ALSN
[01:49:06] [362/459] IMXS
[01:49:06] [363/459] PVFF
[01:49:07] [364/459] PVOO
[01:49:08] [365/459] CFBS
[01:49:10] [366/459] PVER
[01:49:11] [367/459] PPNX
[01:49:11] [368/459] CNRM
[01:49:12] [369/459] PVWW
[01:49:13] [370/459] INMB
[01:49:14] [371/459] CPJR
[01:49:14] [372/459] INRZ
[01:49:15] [373/459] PMSR
[01:49:16] [374/459] GPGM
[01:49:19] [375/459] PGWB
[01:49:20] [376/459] PMBR
[01:49:21] [377/459] GPAM
[01:49:21] [378/459] INBC
[01:49:22] [379/459] PZVK
[01:49:23] [380/459] CPEB
[01:49:24] [381/459] FMLB
[01:49:25] [382/459] INBG
[01:49:25] [383/459] GPBR
[01:49:26] [384/459] PAAS
[01:49:27] [385/459] VTBR
[01:49:28] [386/459] GPMY
[01:49:29] [387/459] GYBU
[01:49:30] [388/459] INBJ
[01:49:31] [389/459] LKTH
[01:49:31] [390/459] NSBR
[01:49:32] [391/459] PDRD
[01:49:33] [392/459] VRBL
[01:49:34] [393/459] VTGB
[01:49:35] [394/459] VTSK
[01:49:36] [395/459] BKDV
[01:49:37] [396/459] SVTB
[01:49:38] [397/459] MLDT
[01:49:38] [398/459] NRBL
[01:49:39] [399/459] SLTR
[01:49:40] [400/459] VNKA
[01:49:41] [401/459] TDCA
[01:49:42] [402/459] INBM
[01:49:43] [403/459] SSNR
[01:49:43] [404/459] BHAC
[01:49:44] [405/459] SDSD
[01:49:45] [406/459] SAMP
[01:49:46] [407/459] RATK
[01:49:47] [408/459] KCBI
[01:49:47] [409/459] URBL
[01:49:49] [410/459] MKBG
[01:49:50] [411/459] ASTB
[01:49:51] [412/459] VBWT
[01:49:51] [413/459] GPSM
[01:49:52] [414/459] ROON
[01:49:53] [415/459] CHTH
[01:49:54] [416/459] SSPA
[01:49:54] [417/459] ANBL
[01:49:55] [418/459] VTBE
[01:49:56] [419/459] SVKT
[01:49:57] [420/459] SVYK
[01:49:58] [421/459] PTBK
[01:49:59] [422/459] RKTB
[01:50:00] [423/459] BALT
[01:50:02] [424/459] STSV
[01:50:03] [425/459] VCCB
[01:50:03] [426/459] SLTB
[01:50:04] [427/459] SBCR
[01:50:05] [428/459] VDCS
[01:50:06] [429/459] MDKI
[01:50:06] [430/459] SMRN
[01:50:07] [431/459] PTBC
[01:50:08] [432/459] RADI
[01:50:09] [433/459] ADCR
[01:50:10] [434/459] SDCS
[01:50:11] [435/459] SRPJ
[01:50:12] [436/459] ARTS
[01:50:13] [437/459] SRHK
[01:50:14] [438/459] SPAY
[01:50:15] [439/459] GPTB
[01:50:16] [440/459] SNNN
[01:50:17] [441/459] BALJ
[01:50:18] [442/459] TRIG
[01:50:18] [443/459] GTYT
[01:50:20] [444/459] ATGN
[01:50:21] [445/459] ANTE
[01:50:22] [446/459] BDCG
[01:50:22] [447/459] VECI
[01:50:23] [448/459] SCPR
[01:50:24] [449/459] RTEA
[01:50:25] [450/459] JSAI
[01:50:25] [451/459] VJTP
[01:50:26] [452/459] GNDS
[01:50:27] [453/459] PAXA
[01:50:28] [454/459] CGGM
[01:50:29] [455/459] ACKZ
[01:50:29] [456/459] EMCC
[01:50:30] [457/459] KLSK
[01:50:31] [458/459] AVCK
[01:50:32] [459/459] JTCK
[01:50:33] ✅ DONE | Shows=0 | Movies=0
[02:41:00] 🚀 BMS DAILY TRACKER STARTED
[02:41:00] [1/459] NECA
[02:41:00] 🧠 New identity
[02:41:01] [2/459] BJLC
[02:41:02] [3/459] BASU
[02:41:03] [4/459] RUPI
[02:41:04] [5/459] LCBK
[02:41:05] [6/459] PMAC
[02:41:06] [7/459] AMLC
[02:41:07] [8/459] LICL
[02:41:07] [9/459] UDMM
[02:41:08] [10/459] STBZ
[02:41:09] [11/459] UUBT
[02:41:11] [12/459] SJKC
[02:41:12] [13/459] TUAL
[02:41:12] [14/459] MRSE
[02:41:14] [15/459] RMRK
[02:41:15] [16/459] TTKP
[02:41:16] [17/459] KTKO
[02:41:17] [18/459] SDBK
[02:41:17] [19/459] MCPR
[02:41:18] [20/459] CHTI
[02:41:19] [21/459] GCCP
[02:41:20] [22/459] SRMY
[02:41:20] [23/459] NYST
[02:41:21] [24/459] NYAG
[02:41:22] [25/459] SBMT
[02:41:23] [26/459] INGA
[02:41:24] [27/459] WSIC
[02:41:24] [28/459] SCSS
[02:41:25] [29/459] COPG
[02:41:26] [30/459] RCGR
[02:41:27] [31/459] TCZA
[02:41:28] [32/459] CNLP
[02:41:28] [33/459] CLKN
[02:41:29] [34/459] LHDF
[02:41:30] [35/459] ELKC
[02:41:31] [36/459] VCEM
[02:41:32] [37/459] SSZA
[02:41:33] [38/459] KRMT
[02:41:33] [39/459] LCMV
[02:41:35] [40/459] AYCZ
[02:41:36] [41/459] CUMS
[02:41:36] [42/459] BOCK
[02:41:37] [43/459] PNMR
[02:41:38] [44/459] PJCP
[02:41:39] [45/459] JDDD
[02:41:39] [46/459] STMS
[02:41:40] [47/459] FLMB
[02:41:41] [48/459] PKCM
[02:41:42] [49/459] SPPR
[02:41:43] [50/459] EYLH
[02:41:44] [51/459] RJCC
[02:41:44] [52/459] MMPS
[02:41:45] [53/459] SHMX
[02:41:46] [54/459] CCNL
[02:41:47] [55/459] RCNV
[02:41:48] [56/459] MAAG
[02:41:49] [57/459] LXCM
[02:41:49] [58/459] RCNI
[02:41:51] [59/459] SNNI
[02:41:52] [60/459] LALC
[02:41:53] [61/459] SOCN
[02:41:54] [62/459] JHTP
[02:41:55] [63/459] PITP
[02:41:56] [64/459] CCKW
[02:41:57] [65/459] MCMC
[02:41:58] [66/459] DEES
[02:41:59] [67/459] SABT
[02:42:00] [68/459] VSPP
[02:42:01] [69/459] ABCT
[02:42:02] [70/459] JVTB
[02:42:03] [71/459] VCBD
[02:42:04] [72/459] RMGG
[02:42:05] [73/459] RNMH
[02:42:06] [74/459] SPGL
[02:42:06] [75/459] JTTR
[02:42:07] [76/459] SICS
[02:42:09] [77/459] SRMI
[02:42:10] [78/459] SSIJ
[02:42:11] [79/459] KFMT
[02:42:12] [80/459] VBIT
[02:42:12] [81/459] JKCT
[02:42:13] [82/459] GCGP
[02:42:14] [83/459] GDCS
[02:42:15] [84/459] TRBA
[02:42:16] [85/459] QUST
[02:42:17] [86/459] VSHM
[02:42:18] [87/459] SDCP
[02:42:19] [88/459] SNVS
[02:42:20] [89/459] NYTO
[02:42:21] [90/459] URWC
[02:42:21] [91/459] GTWH
[02:42:23] [92/459] PFCM
[02:42:24] [93/459] KRTA
[02:42:25] [94/459] AXMC
[02:42:26] [95/459] EVMC
[02:42:27] [96/459] HGSM
[02:42:28] [97/459] ACVM
[02:42:29] [98/459] PSKL
[02:42:30] [99/459] RDMP
[02:42:31] [100/459] RHGH
[02:42:32] [101/459] OMCM
[02:42:33] [102/459] DCCP
[02:42:34] [103/459] MCPB
[02:42:35] [104/459] ALCI
[02:42:36] [105/459] BLMX
[02:42:37] [106/459] BTMV
[02:42:37] [107/459] FVPN
[02:42:38] [108/459] CMAR
[02:42:39] [109/459] CEIM
[02:42:40] [110/459] CMVA
[02:42:41] [111/459] CPIV
[02:42:42] [112/459] CNPE
[02:42:43] [113/459] COLV
[02:42:44] [114/459] DNNV
[02:42:45] [115/459] HCAD
[02:42:45] [116/459] TAKA
[02:42:46] [117/459] INVD
[02:42:47] [118/459] IRMM
[02:42:48] [119/459] INSE
[02:42:48] [120/459] MRSW
[02:42:49] [121/459] MCVD
[02:42:50] [122/459] MCSO
[02:42:51] [123/459] PEVM
[02:42:51] [124/459] PVNL
[02:42:53] [125/459] PTCV
[02:42:54] [126/459] PRTC
[02:42:54] [127/459] RCVA
[02:42:55] [128/459] MTBN
[02:42:56] [129/459] LUCP
[02:42:57] [130/459] FMPT
[02:42:58] [131/459] JLSL
[02:42:59] [132/459] SBHA
[02:43:00] [133/459] SHRC
[02:43:00] [134/459] AVPS
[02:43:01] [135/459] STPM
[02:43:02] [136/459] ATRD
[02:43:02] [137/459] VTED
[02:43:03] [138/459] ACAI
[02:43:04] [139/459] SMAE
[02:43:05] [140/459] VMAT
[02:43:06] [141/459] LKCT
[02:43:07] [142/459] JTVK
[02:43:08] [143/459] PRTY
[02:43:09] [144/459] GETT
[02:43:10] [145/459] ESAP
[02:43:10] [146/459] NCPM
[02:43:11] [147/459] PCPA
[02:43:13] [148/459] MMOM
[02:43:14] [149/459] PHUP
[02:43:14] [150/459] CCPI
[02:43:15] [151/459] CNTD
[02:43:16] [152/459] NLJR
[02:43:17] [153/459] SRNG
[02:43:18] [154/459] MHAL
[02:43:19] [155/459] PNSM
[02:43:19] [156/459] DRMY
[02:43:20] [157/459] CCMU
[02:43:21] [158/459] SCMY
[02:43:22] [159/459] PVSY
[02:43:23] [160/459] SDLM
[02:43:24] [161/459] ICCM
[02:43:24] [162/459] PYSU
[02:43:25] [163/459] GATM
[02:43:26] [164/459] WOTM
[02:43:27] [165/459] RKTS
[02:43:28] [166/459] PMTY
[02:43:29] [167/459] LYMS
[02:43:30] [168/459] TGCA
[02:43:31] [169/459] DSTA
[02:43:32] [170/459] CNGE
[02:43:33] [171/459] VSTG
[02:43:34] [172/459] GTCK
[02:43:35] [173/459] TGNT
[02:43:36] [174/459] ASLC
[02:43:37] [175/459] SSST
[02:43:38] [176/459] KBTT
[02:43:38] [177/459] HKCP
[02:43:39] [178/459] SWLC
[02:43:40] [179/459] RTND
[02:43:41] [180/459] PKKT
[02:43:42] [181/459] HSTK
[02:43:43] [182/459] SPTT
[02:43:44] [183/459] IMPM
[02:43:45] [184/459] SCMV
[02:43:46] [185/459] SPCT
[02:43:47] [186/459] JBCA
[02:43:47] [187/459] ATTR
[02:43:48] [188/459] SPMT
[02:43:50] [189/459] LCTM
[02:43:50] [190/459] SCVL
[02:43:51] [191/459] SCVT
[02:43:52] [192/459] KRIC
[02:43:52] [193/459] CTMG
[02:43:54] [194/459] ACNC
[02:43:55] [195/459] DMCK
[02:43:56] [196/459] KMTV
[02:43:56] [197/459] PFCJ
[02:43:57] [198/459] VNMD
[02:43:58] [199/459] VPCZ
[02:43:59] [200/459] SRYR
[02:44:00] [201/459] SYTR
[02:44:00] [202/459] GATR
[02:44:01] [203/459] URTR
[02:44:02] [204/459] MKSM
[02:44:03] [205/459] VSMH
[02:44:04] [206/459] SKRJ
[02:44:05] [207/459] SSJR
[02:44:05] [208/459] SVSM
[02:44:06] [209/459] RUCM
[02:44:07] [210/459] PRKN
[02:44:09] [211/459] RROH
[02:44:09] [212/459] SCTN
[02:44:10] [213/459] RTDM
[02:44:11] [214/459] ASRM
[02:44:12] [215/459] SKMD
[02:44:12] [216/459] SUTD
[02:44:13] [217/459] SADM
[02:44:14] [218/459] WCNR
[02:44:15] [219/459] CNED
[02:44:16] [220/459] MPDB
[02:44:18] [221/459] KTBH
[02:44:18] [222/459] IDRM
[02:44:19] [223/459] PJJT
[02:44:20] [224/459] PFCV
[02:44:21] [225/459] AACT
[02:44:21] [226/459] AAAD
[02:44:22] [227/459] ANES
[02:44:23] [228/459] MNCA
[02:44:24] [229/459] RMGU
[02:44:25] [230/459] DLCN
[02:44:26] [231/459] LJWT
[02:44:26] [232/459] MCBG
[02:44:27] [233/459] MYBG
[02:44:28] [234/459] GCCA
[02:44:29] [235/459] GCGA
[02:44:30] [236/459] ECGN
[02:44:31] [237/459] PRAB
[02:44:32] [238/459] PNMP
[02:44:32] [239/459] GCPT
[02:44:33] [240/459] ROYN
[02:44:34] [241/459] VATM
[02:44:35] [242/459] KSNT
[02:44:36] [243/459] ACTC
[02:44:37] [244/459] PLTD
[02:44:38] [245/459] SKMK
[02:44:39] [246/459] CMTT
[02:44:40] [247/459] SMXP
[02:44:40] [248/459] SCMX
[02:44:41] [249/459] ACXN
[02:44:42] [250/459] ASWT
[02:44:43] [251/459] VVVL
[02:44:44] [252/459] NAGO
[02:44:45] [253/459] SNCN
[02:44:46] [254/459] MCKP
[02:44:46] [255/459] SAMO
[02:44:47] [256/459] JBTV
[02:44:48] [257/459] DCVV
[02:44:49] [258/459] KMSV
[02:44:50] [259/459] KDCN
[02:44:50] [260/459] CNCP
[02:44:51] [261/459] HAMC
[02:44:52] [262/459] CCVZ
[02:44:53] [263/459] NCCK
[02:44:54] [264/459] MCHR
[02:44:54] [265/459] SCHT
[02:44:56] [266/459] ESSH
[02:44:57] [267/459] CUJC
[02:44:58] [268/459] PECP
[02:44:59] [269/459] PMMI
[02:44:59] [270/459] PCCH
[02:45:00] [271/459] PRPM
[02:45:01] [272/459] PVKL
[02:45:02] [273/459] CBSM
[02:45:03] [274/459] PVCZ
[02:45:04] [275/459] PCVV
[02:45:05] [276/459] CTMJ
[02:45:06] [277/459] RCPS
[02:45:07] [278/459] PCIT
[02:45:08] [279/459] FNCH
[02:45:09] [280/459] INZD
[02:45:10] [281/459] INPC
[02:45:11] [282/459] LCZP
[02:45:12] [283/459] SMCB
[02:45:13] [284/459] PTSB
[02:45:14] [285/459] TPSI
[02:45:15] [286/459] KHMJ
[02:45:16] [287/459] RCCJ
[02:45:17] [288/459] NCJA
[02:45:18] [289/459] NCJN
[02:45:18] [290/459] BTDP
[02:45:19] [291/459] PADY
[02:45:20] [292/459] NYBH
[02:45:21] [293/459] MTBR
[02:45:22] [294/459] KRBC
[02:45:23] [295/459] DKTI
[02:45:23] [296/459] ANAN
[02:45:24] [297/459] INBP
[02:45:25] [298/459] PATB
[02:45:26] [299/459] RGNT
[02:45:27] [300/459] CGPM
[02:45:28] [301/459] INTN
[02:45:28] [302/459] MCMP
[02:45:29] [303/459] ASRG
[02:45:31] [304/459] CXJD
[02:45:32] [305/459] SPCP
[02:45:33] [306/459] CSTP
[02:45:34] [307/459] PKVC
[02:45:35] [308/459] ESCP
[02:45:36] [309/459] CAEP
[02:45:37] [310/459] CCSP
[02:45:38] [311/459] KTPC
[02:45:39] [312/459] DACA
[02:45:40] [313/459] NVKY
[02:45:41] [314/459] PTIN
[02:45:41] [315/459] SCIN
[02:45:43] [316/459] MCTY
[02:45:44] [317/459] PCMX
[02:45:45] [318/459] INIC
[02:45:46] [319/459] MMZM
[02:45:47] [320/459] SSLP
[02:45:49] [321/459] DTDT
[02:45:50] [322/459] FFCX
[02:45:50] [323/459] RCMM
[02:45:51] [324/459] KYID
[02:45:52] [325/459] CSCI
[02:45:53] [326/459] FCMC
[02:45:53] [327/459] MMXI
[02:45:54] [328/459] ASTC
[02:45:55] [329/459] CMRA
[02:45:56] [330/459] DICI
[02:45:57] [331/459] KDIN
[02:45:58] [332/459] PRFI
[02:45:58] [333/459] SVFC
[02:45:59] [334/459] UCPL
[02:46:00] [335/459] COOC
[02:46:01] [336/459] SCAL
[02:46:02] [337/459] SVFF
[02:46:04] [338/459] VCMG
[02:46:05] [339/459] UUCT
[02:46:06] [340/459] GCSE
[02:46:07] [341/459] SUSC
[02:46:09] [342/459] MISC
[02:46:09] [343/459] RMBL
[02:46:10] [344/459] CMXN
[02:46:11] [345/459] PVBK
[02:46:12] [346/459] HHCG
[02:46:13] [347/459] SCAG
[02:46:14] [348/459] CNPR
[02:46:14] [349/459] CSER
[02:46:15] [350/459] HLWD
[02:46:17] [351/459] BOLY
[02:46:18] [352/459] SSPG
[02:46:18] [353/459] MUPX
[02:46:19] [354/459] HAMR
[02:46:20] [355/459] SDNC
[02:46:21] [356/459] RTEN
[02:46:22] [357/459] SDTD
[02:46:23] [358/459] KAWS
[02:46:24] [359/459] CMZX
[02:46:25] [360/459] DCDD
[02:46:25] [361/459] ALSN
[02:46:26] [362/459] IMXS
[02:46:28] [363/459] PVFF
[02:46:29] [364/459] PVOO
[02:46:30] [365/459] CFBS
[02:46:30] [366/459] PVER
[02:46:32] [367/459] PPNX
[02:46:32] [368/459] CNRM
[02:46:33] [369/459] PVWW
[02:46:34] [370/459] INMB
[02:46:35] [371/459] CPJR
[02:46:36] [372/459] INRZ
[02:46:37] [373/459] PMSR
[02:46:37] [374/459] GPGM
[02:46:38] [375/459] PGWB
[02:46:39] [376/459] PMBR
[02:46:40] [377/459] GPAM
[02:46:41] [378/459] INBC
[02:46:41] [379/459] PZVK
[02:46:42] [380/459] CPEB
[02:46:43] [381/459] FMLB
[02:46:44] [382/459] INBG
[02:46:45] [383/459] GPBR
[02:46:46] [384/459] PAAS
[02:46:46] [385/459] VTBR
[02:46:47] [386/459] GPMY
[02:46:48] [387/459] GYBU
[02:46:49] [388/459] INBJ
[02:46:50] [389/459] LKTH
[02:46:51] [390/459] NSBR
[02:46:52] [391/459] PDRD
[02:46:53] [392/459] VRBL
[02:46:54] [393/459] VTGB
[02:46:55] [394/459] VTSK
[02:46:55] [395/459] BKDV
[02:46:57] [396/459] SVTB
[02:46:58] [397/459] MLDT
[02:46:58] [398/459] NRBL
[02:46:59] [399/459] SLTR
[02:47:00] [400/459] VNKA
[02:47:01] [401/459] TDCA
[02:47:01] [402/459] INBM
[02:47:02] [403/459] SSNR
[02:47:03] [404/459] BHAC
[02:47:04] [405/459] SDSD
[02:47:05] [406/459] SAMP
[02:47:05] [407/459] RATK
[02:47:07] [408/459] KCBI
[02:47:08] [409/459] URBL
[02:47:09] [410/459] MKBG
[02:47:10] [411/459] ASTB
[02:47:11] [412/459] VBWT
[02:47:11] [413/459] GPSM
[02:47:12] [414/459] ROON
[02:47:13] [415/459] CHTH
[02:47:14] [416/459] SSPA
[02:47:15] [417/459] ANBL
[02:47:15] [418/459] VTBE
[02:47:16] [419/459] SVKT
[02:47:17] [420/459] SVYK
[02:47:18] [421/459] PTBK
[02:47:19] [422/459] RKTB
[02:47:20] [423/459] BALT
[02:47:21] [424/459] STSV
[02:47:22] [425/459] VCCB
[02:47:22] [426/459] SLTB
[02:47:23] [427/459] SBCR
[02:47:24] [428/459] VDCS
[02:47:25] [429/459] MDKI
[02:47:25] [430/459] SMRN
[02:47:26] [431/459] PTBC
[02:47:27] [432/459] RADI
[02:47:29] [433/459] ADCR
[02:47:29] [434/459] SDCS
[02:47:30] [435/459] SRPJ
[02:47:31] [436/459] ARTS
[02:47:33] [437/459] SRHK
[02:47:33] [438/459] SPAY
[02:47:34] [439/459] GPTB
[02:47:35] [440/459] SNNN
[02:47:36] [441/459] BALJ
[02:47:37] [442/459] TRIG
[02:47:37] [443/459] GTYT
[02:47:38] [444/459] ATGN
[02:47:39] [445/459] ANTE
[02:47:40] [446/459] BDCG
[02:47:41] [447/459] VECI
[02:47:42] [448/459] SCPR
[02:47:43] [449/459] RTEA
[02:47:43] [450/459] JSAI
[02:47:44] [451/459] VJTP
[02:47:45] [452/459] GNDS
[02:47:46] [453/459] PAXA
[02:47:47] [454/459] CGGM
[02:47:48] [455/459] ACKZ
[02:47:49] [456/459] EMCC
[02:47:50] [457/459] KLSK
[02:47:50] [458/459] AVCK
[02:47:51] [459/459] JTCK
[02:47:52] ✅ DONE | Shows=0 | Movies=0
[03:42:20] 🚀 BMS DAILY TRACKER STARTED
[03:42:20] [1/459] NECA
[03:42:20] 🧠 New identity
[03:42:21] [2/459] BJLC
[03:42:22] [3/459] BASU
[03:42:22] [4/459] RUPI
[03:42:23] [5/459] LCBK
[03:42:24] [6/459] PMAC
[03:42:25] [7/459] AMLC
[03:42:26] [8/459] LICL
[03:42:27] [9/459] UDMM
[03:42:28] [10/459] STBZ
[03:42:28] [11/459] UUBT
[03:42:30] [12/459] SJKC
[03:42:31] [13/459] TUAL
[03:42:32] [14/459] MRSE
[03:42:33] [15/459] RMRK
[03:42:34] [16/459] TTKP
[03:42:35] [17/459] KTKO
[03:42:35] [18/459] SDBK
[03:42:36] [19/459] MCPR
[03:42:37] [20/459] CHTI
[03:42:38] [21/459] GCCP
[03:42:39] [22/459] SRMY
[03:42:40] [23/459] NYST
[03:42:41] [24/459] NYAG
[03:42:42] [25/459] SBMT
[03:42:43] [26/459] INGA
[03:42:44] [27/459] WSIC
[03:42:45] [28/459] SCSS
[03:42:45] [29/459] COPG
[03:42:46] [30/459] RCGR
[03:42:47] [31/459] TCZA
[03:42:48] [32/459] CNLP
[03:42:49] [33/459] CLKN
[03:42:50] [34/459] LHDF
[03:42:51] [35/459] ELKC
[03:42:52] [36/459] VCEM
[03:42:52] [37/459] SSZA
[03:42:53] [38/459] KRMT
[03:42:54] [39/459] LCMV
[03:42:55] [40/459] AYCZ
[03:42:56] [41/459] CUMS
[03:42:57] [42/459] BOCK
[03:42:58] [43/459] PNMR
[03:42:59] [44/459] PJCP
[03:43:00] [45/459] JDDD
[03:43:00] [46/459] STMS
[03:43:02] [47/459] FLMB
[03:43:03] [48/459] PKCM
[03:43:03] [49/459] SPPR
[03:43:04] [50/459] EYLH
[03:43:05] [51/459] RJCC
[03:43:05] [52/459] MMPS
[03:43:06] [53/459] SHMX
[03:43:08] [54/459] CCNL
[03:43:08] [55/459] RCNV
[03:43:09] [56/459] MAAG
[03:43:10] [57/459] LXCM
[03:43:11] [58/459] RCNI
[03:43:12] [59/459] SNNI
[03:43:14] [60/459] LALC
[03:43:15] [61/459] SOCN
[03:43:15] [62/459] JHTP
[03:43:16] [63/459] PITP
[03:43:17] [64/459] CCKW
[03:43:18] [65/459] MCMC
[03:43:19] [66/459] DEES
[03:43:20] [67/459] SABT
[03:43:21] [68/459] VSPP
[03:43:22] [69/459] ABCT
[03:43:23] [70/459] JVTB
[03:43:24] [71/459] VCBD
[03:43:25] [72/459] RMGG
[03:43:26] [73/459] RNMH
[03:43:26] [74/459] SPGL
[03:43:27] [75/459] JTTR
[03:43:28] [76/459] SICS
[03:43:30] [77/459] SRMI
[03:43:30] [78/459] SSIJ
[03:43:31] [79/459] KFMT
[03:43:32] [80/459] VBIT
[03:43:33] [81/459] JKCT
[03:43:34] [82/459] GCGP
[03:43:36] [83/459] GDCS
[03:43:36] [84/459] TRBA
[03:43:37] [85/459] QUST
[03:43:38] [86/459] VSHM
[03:43:39] [87/459] SDCP
[03:43:39] [88/459] SNVS
[03:43:40] [89/459] NYTO
[03:43:41] [90/459] URWC
[03:43:42] [91/459] GTWH
[03:43:43] [92/459] PFCM
[03:43:43] [93/459] KRTA
[03:43:44] [94/459] AXMC
[03:43:45] [95/459] EVMC
[03:43:46] [96/459] HGSM
[03:43:47] [97/459] ACVM
[03:43:49] [98/459] PSKL
[03:43:49] [99/459] RDMP
[03:43:51] [100/459] RHGH
[03:43:51] [101/459] OMCM
[03:43:53] [102/459] DCCP
[03:43:53] [103/459] MCPB
[03:43:54] [104/459] ALCI
[03:43:55] [105/459] BLMX
[03:43:56] [106/459] BTMV
[03:43:56] [107/459] FVPN
[03:43:57] [108/459] CMAR
[03:43:58] [109/459] CEIM
[03:43:59] [110/459] CMVA
[03:44:00] [111/459] CPIV
[03:44:00] [112/459] CNPE
[03:44:01] [113/459] COLV
[03:44:02] [114/459] DNNV
[03:44:03] [115/459] HCAD
[03:44:04] [116/459] TAKA
[03:44:04] [117/459] INVD
[03:44:05] [118/459] IRMM
[03:44:06] [119/459] INSE
[03:44:07] [120/459] MRSW
[03:44:07] [121/459] MCVD
[03:44:08] [122/459] MCSO
[03:44:09] [123/459] PEVM
[03:44:10] [124/459] PVNL
[03:44:11] [125/459] PTCV
[03:44:12] [126/459] PRTC
[03:44:13] [127/459] RCVA
[03:44:14] [128/459] MTBN
[03:44:15] [129/459] LUCP
[03:44:16] [130/459] FMPT
[03:44:17] [131/459] JLSL
[03:44:18] [132/459] SBHA
[03:44:18] [133/459] SHRC
[03:44:19] [134/459] AVPS
[03:44:20] [135/459] STPM
[03:44:21] [136/459] ATRD
[03:44:22] [137/459] VTED
[03:44:23] [138/459] ACAI
[03:44:23] [139/459] SMAE
[03:44:24] [140/459] VMAT
[03:44:25] [141/459] LKCT
[03:44:26] [142/459] JTVK
[03:44:27] [143/459] PRTY
[03:44:27] [144/459] GETT
[03:44:28] [145/459] ESAP
[03:44:29] [146/459] NCPM
[03:44:30] [147/459] PCPA
[03:44:31] [148/459] MMOM
[03:44:32] [149/459] PHUP
[03:44:33] [150/459] CCPI
[03:44:34] [151/459] CNTD
[03:44:35] [152/459] NLJR
[03:44:36] [153/459] SRNG
[03:44:37] [154/459] MHAL
[03:44:38] [155/459] PNSM
[03:44:39] [156/459] DRMY
[03:44:40] [157/459] CCMU
[03:44:41] [158/459] SCMY
[03:44:42] [159/459] PVSY
[03:44:43] [160/459] SDLM
[03:44:43] [161/459] ICCM
[03:44:45] [162/459] PYSU
[03:44:46] [163/459] GATM
[03:44:47] [164/459] WOTM
[03:44:48] [165/459] RKTS
[03:44:49] [166/459] PMTY
[03:44:50] [167/459] LYMS
[03:44:51] [168/459] TGCA
[03:44:51] [169/459] DSTA
[03:44:52] [170/459] CNGE
[03:44:53] [171/459] VSTG
[03:44:55] [172/459] GTCK
[03:44:56] [173/459] TGNT
[03:44:56] [174/459] ASLC
[03:44:57] [175/459] SSST
[03:44:58] [176/459] KBTT
[03:44:59] [177/459] HKCP
[03:45:00] [178/459] SWLC
[03:45:01] [179/459] RTND
[03:45:02] [180/459] PKKT
[03:45:02] [181/459] HSTK
[03:45:03] [182/459] SPTT
[03:45:04] [183/459] IMPM
[03:45:05] [184/459] SCMV
[03:45:05] [185/459] SPCT
[03:45:06] [186/459] JBCA
[03:45:08] [187/459] ATTR
[03:45:09] [188/459] SPMT
[03:45:10] [189/459] LCTM
[03:45:11] [190/459] SCVL
[03:45:12] [191/459] SCVT
[03:45:12] [192/459] KRIC
[03:45:13] [193/459] CTMG
[03:45:14] [194/459] ACNC
[03:45:15] [195/459] DMCK
[03:45:16] [196/459] KMTV
[03:45:17] [197/459] PFCJ
[03:45:18] [198/459] VNMD
[03:45:19] [199/459] VPCZ
[03:45:20] [200/459] SRYR
[03:45:20] [201/459] SYTR
[03:45:21] [202/459] GATR
[03:45:22] [203/459] URTR
[03:45:23] [204/459] MKSM
[03:45:24] [205/459] VSMH
[03:45:25] [206/459] SKRJ
[03:45:26] [207/459] SSJR
[03:45:27] [208/459] SVSM
[03:45:28] [209/459] RUCM
[03:45:29] [210/459] PRKN
[03:45:30] [211/459] RROH
[03:45:30] [212/459] SCTN
[03:45:31] [213/459] RTDM
[03:45:32] [214/459] ASRM
[03:45:33] [215/459] SKMD
[03:45:34] [216/459] SUTD
[03:45:35] [217/459] SADM
[03:45:35] [218/459] WCNR
[03:45:36] [219/459] CNED
[03:45:37] [220/459] MPDB
[03:45:38] [221/459] KTBH
[03:45:39] [222/459] IDRM
[03:45:40] [223/459] PJJT
[03:45:41] [224/459] PFCV
[03:45:41] [225/459] AACT
[03:45:42] [226/459] AAAD
[03:45:43] [227/459] ANES
[03:45:44] [228/459] MNCA
[03:45:45] [229/459] RMGU
[03:45:46] [230/459] DLCN
[03:45:46] [231/459] LJWT
[03:45:47] [232/459] MCBG
[03:45:48] [233/459] MYBG
[03:45:49] [234/459] GCCA
[03:45:49] [235/459] GCGA
[03:45:50] [236/459] ECGN
[03:45:51] [237/459] PRAB
[03:45:52] [238/459] PNMP
[03:45:53] [239/459] GCPT
[03:45:54] [240/459] ROYN
[03:45:54] [241/459] VATM
[03:45:55] [242/459] KSNT
[03:45:56] [243/459] ACTC
[03:45:57] [244/459] PLTD
[03:45:58] [245/459] SKMK
[03:45:59] [246/459] CMTT
[03:46:00] [247/459] SMXP
[03:46:00] [248/459] SCMX
[03:46:01] [249/459] ACXN
[03:46:02] [250/459] ASWT
[03:46:03] [251/459] VVVL
[03:46:03] [252/459] NAGO
[03:46:04] [253/459] SNCN
[03:46:05] [254/459] MCKP
[03:46:06] [255/459] SAMO
[03:46:06] [256/459] JBTV
[03:46:08] [257/459] DCVV
[03:46:09] [258/459] KMSV
[03:46:10] [259/459] KDCN
[03:46:11] [260/459] CNCP
[03:46:12] [261/459] HAMC
[03:46:13] [262/459] CCVZ
[03:46:14] [263/459] NCCK
[03:46:15] [264/459] MCHR
[03:46:16] [265/459] SCHT
[03:46:17] [266/459] ESSH
[03:46:18] [267/459] CUJC
[03:46:18] [268/459] PECP
[03:46:19] [269/459] PMMI
[03:46:20] [270/459] PCCH
[03:46:21] [271/459] PRPM
[03:46:22] [272/459] PVKL
[03:46:22] [273/459] CBSM
[03:46:23] [274/459] PVCZ
[03:46:24] [275/459] PCVV
[03:46:25] [276/459] CTMJ
[03:46:26] [277/459] RCPS
[03:46:27] [278/459] PCIT
[03:46:27] [279/459] FNCH
[03:46:28] [280/459] INZD
[03:46:29] [281/459] INPC
[03:46:30] [282/459] LCZP
[03:46:30] [283/459] SMCB
[03:46:31] [284/459] PTSB
[03:46:32] [285/459] TPSI
[03:46:33] [286/459] KHMJ
[03:46:34] [287/459] RCCJ
[03:46:35] [288/459] NCJA
[03:46:37] [289/459] NCJN
[03:46:38] [290/459] BTDP
[03:46:38] [291/459] PADY
[03:46:39] [292/459] NYBH
[03:46:40] [293/459] MTBR
[03:46:41] [294/459] KRBC
[03:46:42] [295/459] DKTI
[03:46:43] [296/459] ANAN
[03:46:44] [297/459] INBP
[03:46:45] [298/459] PATB
[03:46:45] [299/459] RGNT
[03:46:46] [300/459] CGPM
[03:46:47] [301/459] INTN
[03:46:48] [302/459] MCMP
[03:46:49] [303/459] ASRG
[03:46:50] [304/459] CXJD
[03:46:50] [305/459] SPCP
[03:46:51] [306/459] CSTP
[03:46:52] [307/459] PKVC
[03:46:53] [308/459] ESCP
[03:46:54] [309/459] CAEP
[03:46:55] [310/459] CCSP
[03:46:56] [311/459] KTPC
[03:46:57] [312/459] DACA
[03:46:58] [313/459] NVKY
[03:46:58] [314/459] PTIN
[03:46:59] [315/459] SCIN
[03:47:00] [316/459] MCTY
[03:47:01] [317/459] PCMX
[03:47:02] [318/459] INIC
[03:47:02] [319/459] MMZM
[03:47:03] [320/459] SSLP
[03:47:04] [321/459] DTDT
[03:47:05] [322/459] FFCX
[03:47:06] [323/459] RCMM
[03:47:07] [324/459] KYID
[03:47:08] [325/459] CSCI
[03:47:09] [326/459] FCMC
[03:47:09] [327/459] MMXI
[03:47:11] [328/459] ASTC
[03:47:12] [329/459] CMRA
[03:47:13] [330/459] DICI
[03:47:14] [331/459] KDIN
[03:47:15] [332/459] PRFI
[03:47:16] [333/459] SVFC
[03:47:16] [334/459] UCPL
[03:47:17] [335/459] COOC
[03:47:18] [336/459] SCAL
[03:47:19] [337/459] SVFF
[03:47:20] [338/459] VCMG
[03:47:21] [339/459] UUCT
[03:47:22] [340/459] GCSE
[03:47:23] [341/459] SUSC
[03:47:23] [342/459] MISC
[03:47:24] [343/459] RMBL
[03:47:25] [344/459] CMXN
[03:47:26] [345/459] PVBK
[03:47:27] [346/459] HHCG
[03:47:28] [347/459] SCAG
[03:47:28] [348/459] CNPR
[03:47:29] [349/459] CSER
[03:47:30] [350/459] HLWD
[03:47:31] [351/459] BOLY
[03:47:31] [352/459] SSPG
[03:47:32] [353/459] MUPX
[03:47:33] [354/459] HAMR
[03:47:34] [355/459] SDNC
[03:47:35] [356/459] RTEN
[03:47:36] [357/459] SDTD
[03:47:37] [358/459] KAWS
[03:47:38] [359/459] CMZX
[03:47:39] [360/459] DCDD
[03:47:40] [361/459] ALSN
[03:47:41] [362/459] IMXS
[03:47:41] [363/459] PVFF
[03:47:42] [364/459] PVOO
[03:47:43] [365/459] CFBS
[03:47:44] [366/459] PVER
[03:47:45] [367/459] PPNX
[03:47:46] [368/459] CNRM
[03:47:46] [369/459] PVWW
[03:47:48] [370/459] INMB
[03:47:49] [371/459] CPJR
[03:47:50] [372/459] INRZ
[03:47:51] [373/459] PMSR
[03:47:52] [374/459] GPGM
[03:47:53] [375/459] PGWB
[03:47:54] [376/459] PMBR
[03:47:55] [377/459] GPAM
[03:47:56] [378/459] INBC
[03:47:57] [379/459] PZVK
[03:47:58] [380/459] CPEB
[03:47:59] [381/459] FMLB
[03:48:00] [382/459] INBG
[03:48:01] [383/459] GPBR
[03:48:01] [384/459] PAAS
[03:48:02] [385/459] VTBR
[03:48:03] [386/459] GPMY
[03:48:04] [387/459] GYBU
[03:48:05] [388/459] INBJ
[03:48:06] [389/459] LKTH
[03:48:06] [390/459] NSBR
[03:48:07] [391/459] PDRD
[03:48:08] [392/459] VRBL
[03:48:09] [393/459] VTGB
[03:48:10] [394/459] VTSK
[03:48:11] [395/459] BKDV
[03:48:12] [396/459] SVTB
[03:48:13] [397/459] MLDT
[03:48:14] [398/459] NRBL
[03:48:15] [399/459] SLTR
[03:48:15] [400/459] VNKA
[03:48:16] [401/459] TDCA
[03:48:17] [402/459] INBM
[03:48:19] [403/459] SSNR
[03:48:19] [404/459] BHAC
[03:48:20] [405/459] SDSD
[03:48:21] [406/459] SAMP
[03:48:23] [407/459] RATK
[03:48:24] [408/459] KCBI
[03:48:25] [409/459] URBL
[03:48:26] [410/459] MKBG
[03:48:26] [411/459] ASTB
[03:48:27] [412/459] VBWT
[03:48:28] [413/459] GPSM
[03:48:29] [414/459] ROON
[03:48:30] [415/459] CHTH
[03:48:31] [416/459] SSPA
[03:48:32] [417/459] ANBL
[03:48:33] [418/459] VTBE
[03:48:34] [419/459] SVKT
[03:48:35] [420/459] SVYK
[03:48:36] [421/459] PTBK
[03:48:37] [422/459] RKTB
[03:48:38] [423/459] BALT
[03:48:38] [424/459] STSV
[03:48:39] [425/459] VCCB
[03:48:40] [426/459] SLTB
[03:48:41] [427/459] SBCR
[03:48:41] [428/459] VDCS
[03:48:42] [429/459] MDKI
[03:48:43] [430/459] SMRN
[03:48:44] [431/459] PTBC
[03:48:44] [432/459] RADI
[03:48:45] [433/459] ADCR
[03:48:46] [434/459] SDCS
[03:48:47] [435/459] SRPJ
[03:48:48] [436/459] ARTS
[03:48:49] [437/459] SRHK
[03:48:50] [438/459] SPAY
[03:48:51] [439/459] GPTB
[03:48:51] [440/459] SNNN
[03:48:52] [441/459] BALJ
[03:48:53] [442/459] TRIG
[03:48:54] [443/459] GTYT
[03:48:54] [444/459] ATGN
[03:48:56] [445/459] ANTE
[03:48:56] [446/459] BDCG
[03:48:57] [447/459] VECI
[03:48:58] [448/459] SCPR
[03:48:59] [449/459] RTEA
[03:49:00] [450/459] JSAI
[03:49:01] [451/459] VJTP
[03:49:01] [452/459] GNDS
[03:49:02] [453/459] PAXA
[03:49:03] [454/459] CGGM
[03:49:04] [455/459] ACKZ
[03:49:05] [456/459] EMCC
[03:49:06] [457/459] KLSK
[03:49:07] [458/459] AVCK
[03:49:08] [459/459] JTCK
[03:49:09] ✅ DONE | Shows=10 | Movies=3
[04:41:59] 🚀 BMS DAILY TRACKER STARTED
[04:41:59] [1/459] NECA
[04:41:59] 🧠 New identity
[04:42:00] [2/459] BJLC
[04:42:00] [3/459] BASU
[04:42:01] [4/459] RUPI
[04:42:02] [5/459] LCBK
[04:42:03] [6/459] PMAC
[04:42:04] [7/459] AMLC
[04:42:04] [8/459] LICL
[04:42:05] [9/459] UDMM
[04:42:06] [10/459] STBZ
[04:42:07] [11/459] UUBT
[04:42:09] [12/459] SJKC
[04:42:10] [13/459] TUAL
[04:42:11] [14/459] MRSE
[04:42:11] [15/459] RMRK
[04:42:12] [16/459] TTKP
[04:42:13] [17/459] KTKO
[04:42:15] [18/459] SDBK
[04:42:16] [19/459] MCPR
[04:42:16] [20/459] CHTI
[04:42:17] [21/459] GCCP
[04:42:18] [22/459] SRMY
[04:42:19] [23/459] NYST
[04:42:20] [24/459] NYAG
[04:42:21] [25/459] SBMT
[04:42:22] [26/459] INGA
[04:42:23] [27/459] WSIC
[04:42:24] [28/459] SCSS
[04:42:24] [29/459] COPG
[04:42:25] [30/459] RCGR
[04:42:26] [31/459] TCZA
[04:42:27] [32/459] CNLP
[04:42:27] [33/459] CLKN
[04:42:28] [34/459] LHDF
[04:42:29] [35/459] ELKC
[04:42:30] [36/459] VCEM
[04:42:31] [37/459] SSZA
[04:42:32] [38/459] KRMT
[04:42:33] [39/459] LCMV
[04:42:34] [40/459] AYCZ
[04:42:34] [41/459] CUMS
[04:42:35] [42/459] BOCK
[04:42:36] [43/459] PNMR
[04:42:37] [44/459] PJCP
[04:42:38] [45/459] JDDD
[04:42:39] [46/459] STMS
[04:42:40] [47/459] FLMB
[04:42:41] [48/459] PKCM
[04:42:42] [49/459] SPPR
[04:42:43] [50/459] EYLH
[04:42:44] [51/459] RJCC
[04:42:45] [52/459] MMPS
[04:42:46] [53/459] SHMX
[04:42:46] [54/459] CCNL
[04:42:47] [55/459] RCNV
[04:42:48] [56/459] MAAG
[04:42:49] [57/459] LXCM
[04:42:50] [58/459] RCNI
[04:42:50] [59/459] SNNI
[04:42:51] [60/459] LALC
[04:42:52] [61/459] SOCN
[04:42:53] [62/459] JHTP
[04:42:54] [63/459] PITP
[04:42:55] [64/459] CCKW
[04:42:56] [65/459] MCMC
[04:42:56] [66/459] DEES
[04:42:57] [67/459] SABT
[04:42:58] [68/459] VSPP
[04:42:58] [69/459] ABCT
[04:42:59] [70/459] JVTB
[04:43:00] [71/459] VCBD
[04:43:01] [72/459] RMGG
[04:43:01] [73/459] RNMH
[04:43:02] [74/459] SPGL
[04:43:03] [75/459] JTTR
[04:43:04] [76/459] SICS
[04:43:04] [77/459] SRMI
[04:43:05] [78/459] SSIJ
[04:43:06] [79/459] KFMT
[04:43:07] [80/459] VBIT
[04:43:07] [81/459] JKCT
[04:43:08] [82/459] GCGP
[04:43:09] [83/459] GDCS
[04:43:10] [84/459] TRBA
[04:43:11] [85/459] QUST
[04:43:13] [86/459] VSHM
[04:43:13] [87/459] SDCP
[04:43:14] [88/459] SNVS
[04:43:15] [89/459] NYTO
[04:43:16] [90/459] URWC
[04:43:17] [91/459] GTWH
[04:43:17] [92/459] PFCM
[04:43:18] [93/459] KRTA
[04:43:19] [94/459] AXMC
[04:43:20] [95/459] EVMC
[04:43:22] [96/459] HGSM
[04:43:22] [97/459] ACVM
[04:43:23] [98/459] PSKL
[04:43:24] [99/459] RDMP
[04:43:26] [100/459] RHGH
[04:43:28] [101/459] OMCM
[04:43:28] [102/459] DCCP
[04:43:29] [103/459] MCPB
[04:43:30] [104/459] ALCI
[04:43:31] [105/459] BLMX
[04:43:31] [106/459] BTMV
[04:43:32] [107/459] FVPN
[04:43:33] [108/459] CMAR
[04:43:34] [109/459] CEIM
[04:43:35] [110/459] CMVA
[04:43:36] [111/459] CPIV
[04:43:36] [112/459] CNPE
[04:43:37] [113/459] COLV
[04:43:38] [114/459] DNNV
[04:43:39] [115/459] HCAD
[04:43:39] [116/459] TAKA
[04:43:40] [117/459] INVD
[04:43:41] [118/459] IRMM
[04:43:42] [119/459] INSE
[04:43:44] [120/459] MRSW
[04:43:44] [121/459] MCVD
[04:43:45] [122/459] MCSO
[04:43:46] [123/459] PEVM
[04:43:47] [124/459] PVNL
[04:43:47] [125/459] PTCV
[04:43:48] [126/459] PRTC
[04:43:49] [127/459] RCVA
[04:43:50] [128/459] MTBN
[04:43:51] [129/459] LUCP
[04:43:51] [130/459] FMPT
[04:43:52] [131/459] JLSL
[04:43:53] [132/459] SBHA
[04:43:54] [133/459] SHRC
[04:43:55] [134/459] AVPS
[04:43:56] [135/459] STPM
[04:43:57] [136/459] ATRD
[04:43:57] [137/459] VTED
[04:43:58] [138/459] ACAI
[04:43:59] [139/459] SMAE
[04:44:00] [140/459] VMAT
[04:44:01] [141/459] LKCT
[04:44:02] [142/459] JTVK
[04:44:03] [143/459] PRTY
[04:44:04] [144/459] GETT
[04:44:05] [145/459] ESAP
[04:44:05] [146/459] NCPM
[04:44:06] [147/459] PCPA
[04:44:08] [148/459] MMOM
[04:44:09] [149/459] PHUP
[04:44:10] [150/459] CCPI
[04:44:10] [151/459] CNTD
[04:44:11] [152/459] NLJR
[04:44:12] [153/459] SRNG
[04:44:13] [154/459] MHAL
[04:44:13] [155/459] PNSM
[04:44:14] [156/459] DRMY
[04:44:15] [157/459] CCMU
[04:44:16] [158/459] SCMY
[04:44:17] [159/459] PVSY
[04:44:18] [160/459] SDLM
[04:44:19] [161/459] ICCM
[04:44:20] [162/459] PYSU
[04:44:20] [163/459] GATM
[04:44:21] [164/459] WOTM
[04:44:22] [165/459] RKTS
[04:44:24] [166/459] PMTY
[04:44:25] [167/459] LYMS
[04:44:25] [168/459] TGCA
[04:44:26] [169/459] DSTA
[04:44:27] [170/459] CNGE
[04:44:28] [171/459] VSTG
[04:44:29] [172/459] GTCK
[04:44:29] [173/459] TGNT
[04:44:31] [174/459] ASLC
[04:44:32] [175/459] SSST
[04:44:33] [176/459] KBTT
[04:44:34] [177/459] HKCP
[04:44:35] [178/459] SWLC
[04:44:35] [179/459] RTND
[04:44:36] [180/459] PKKT
[04:44:37] [181/459] HSTK
[04:44:38] [182/459] SPTT
[04:44:39] [183/459] IMPM
[04:44:40] [184/459] SCMV
[04:44:40] [185/459] SPCT
[04:44:41] [186/459] JBCA
[04:44:42] [187/459] ATTR
[04:44:43] [188/459] SPMT
[04:44:43] [189/459] LCTM
[04:44:44] [190/459] SCVL
[04:44:45] [191/459] SCVT
[04:44:46] [192/459] KRIC
[04:44:47] [193/459] CTMG
[04:44:48] [194/459] ACNC
[04:44:49] [195/459] DMCK
[04:44:50] [196/459] KMTV
[04:44:50] [197/459] PFCJ
[04:44:51] [198/459] VNMD
[04:44:52] [199/459] VPCZ
[04:44:53] [200/459] SRYR
[04:44:54] [201/459] SYTR
[04:44:55] [202/459] GATR
[04:44:56] [203/459] URTR
[04:44:57] [204/459] MKSM
[04:44:58] [205/459] VSMH
[04:44:59] [206/459] SKRJ
[04:45:00] [207/459] SSJR
[04:45:01] [208/459] SVSM
[04:45:02] [209/459] RUCM
[04:45:03] [210/459] PRKN
[04:45:04] [211/459] RROH
[04:45:04] [212/459] SCTN
[04:45:05] [213/459] RTDM
[04:45:06] [214/459] ASRM
[04:45:07] [215/459] SKMD
[04:45:08] [216/459] SUTD
[04:45:09] [217/459] SADM
[04:45:09] [218/459] WCNR
[04:45:10] [219/459] CNED
[04:45:11] [220/459] MPDB
[04:45:12] [221/459] KTBH
[04:45:13] [222/459] IDRM
[04:45:13] [223/459] PJJT
[04:45:14] [224/459] PFCV
[04:45:15] [225/459] AACT
[04:45:16] [226/459] AAAD
[04:45:18] [227/459] ANES
[04:45:18] [228/459] MNCA
[04:45:19] [229/459] RMGU
[04:45:20] [230/459] DLCN
[04:45:21] [231/459] LJWT
[04:45:21] [232/459] MCBG
[04:45:22] [233/459] MYBG
[04:45:23] [234/459] GCCA
[04:45:24] [235/459] GCGA
[04:45:24] [236/459] ECGN
[04:45:25] [237/459] PRAB
[04:45:26] [238/459] PNMP
[04:45:27] [239/459] GCPT
[04:45:28] [240/459] ROYN
[04:45:28] [241/459] VATM
[04:45:29] [242/459] KSNT
[04:45:30] [243/459] ACTC
[04:45:31] [244/459] PLTD
[04:45:32] [245/459] SKMK
[04:45:33] [246/459] CMTT
[04:45:34] [247/459] SMXP
[04:45:35] [248/459] SCMX
[04:45:36] [249/459] ACXN
[04:45:37] [250/459] ASWT
[04:45:38] [251/459] VVVL
[04:45:39] [252/459] NAGO
[04:45:40] [253/459] SNCN
[04:45:41] [254/459] MCKP
[04:45:41] [255/459] SAMO
[04:45:42] [256/459] JBTV
[04:45:43] [257/459] DCVV
[04:45:44] [258/459] KMSV
[04:45:45] [259/459] KDCN
[04:45:45] [260/459] CNCP
[04:45:46] [261/459] HAMC
[04:45:48] [262/459] CCVZ
[04:45:49] [263/459] NCCK
[04:45:50] [264/459] MCHR
[04:45:51] [265/459] SCHT
[04:45:53] [266/459] ESSH
[04:45:54] [267/459] CUJC
[04:45:55] [268/459] PECP
[04:45:56] [269/459] PMMI
[04:45:57] [270/459] PCCH
[04:45:57] [271/459] PRPM
[04:45:58] [272/459] PVKL
[04:45:59] [273/459] CBSM
[04:46:00] [274/459] PVCZ
[04:46:01] [275/459] PCVV
[04:46:02] [276/459] CTMJ
[04:46:02] [277/459] RCPS
[04:46:03] [278/459] PCIT
[04:46:04] [279/459] FNCH
[04:46:06] [280/459] INZD
[04:46:07] [281/459] INPC
[04:46:08] [282/459] LCZP
[04:46:09] [283/459] SMCB
[04:46:09] [284/459] PTSB
[04:46:11] [285/459] TPSI
[04:46:11] [286/459] KHMJ
[04:46:12] [287/459] RCCJ
[04:46:13] [288/459] NCJA
[04:46:14] [289/459] NCJN
[04:46:15] [290/459] BTDP
[04:46:16] [291/459] PADY
[04:46:17] [292/459] NYBH
[04:46:17] [293/459] MTBR
[04:46:19] [294/459] KRBC
[04:46:20] [295/459] DKTI
[04:46:21] [296/459] ANAN
[04:46:21] [297/459] INBP
[04:46:22] [298/459] PATB
[04:46:23] [299/459] RGNT
[04:46:24] [300/459] CGPM
[04:46:24] [301/459] INTN
[04:46:25] [302/459] MCMP
[04:46:26] [303/459] ASRG
[04:46:27] [304/459] CXJD
[04:46:28] [305/459] SPCP
[04:46:29] [306/459] CSTP
[04:46:30] [307/459] PKVC
[04:46:30] [308/459] ESCP
[04:46:31] [309/459] CAEP
[04:46:32] [310/459] CCSP
[04:46:33] [311/459] KTPC
[04:46:34] [312/459] DACA
[04:46:36] [313/459] NVKY
[04:46:36] [314/459] PTIN
[04:46:37] [315/459] SCIN
[04:46:39] [316/459] MCTY
[04:46:40] [317/459] PCMX
[04:46:40] [318/459] INIC
[04:46:41] [319/459] MMZM
[04:46:42] [320/459] SSLP
[04:46:44] [321/459] DTDT
[04:46:45] [322/459] FFCX
[04:46:46] [323/459] RCMM
[04:46:46] [324/459] KYID
[04:46:47] [325/459] CSCI
[04:46:48] [326/459] FCMC
[04:46:49] [327/459] MMXI
[04:46:50] [328/459] ASTC
[04:46:50] [329/459] CMRA
[04:46:51] [330/459] DICI
[04:46:52] [331/459] KDIN
[04:46:53] [332/459] PRFI
[04:46:54] [333/459] SVFC
[04:46:55] [334/459] UCPL
[04:46:56] [335/459] COOC
[04:46:56] [336/459] SCAL
[04:46:57] [337/459] SVFF
[04:46:58] [338/459] VCMG
[04:46:59] [339/459] UUCT
[04:47:00] [340/459] GCSE
[04:47:01] [341/459] SUSC
[04:47:02] [342/459] MISC
[04:47:03] [343/459] RMBL
[04:47:03] [344/459] CMXN
[04:47:04] [345/459] PVBK
[04:47:06] [346/459] HHCG
[04:47:06] [347/459] SCAG
[04:47:07] [348/459] CNPR
[04:47:08] [349/459] CSER
[04:47:10] [350/459] HLWD
[04:47:11] [351/459] BOLY
[04:47:11] [352/459] SSPG
[04:47:13] [353/459] MUPX
[04:47:14] [354/459] HAMR
[04:47:15] [355/459] SDNC
[04:47:15] [356/459] RTEN
[04:47:17] [357/459] SDTD
[04:47:18] [358/459] KAWS
[04:47:19] [359/459] CMZX
[04:47:20] [360/459] DCDD
[04:47:21] [361/459] ALSN
[04:47:21] [362/459] IMXS
[04:47:22] [363/459] PVFF
[04:47:23] [364/459] PVOO
[04:47:24] [365/459] CFBS
[04:47:25] [366/459] PVER
[04:47:26] [367/459] PPNX
[04:47:26] [368/459] CNRM
[04:47:27] [369/459] PVWW
[04:47:28] [370/459] INMB
[04:47:29] [371/459] CPJR
[04:47:30] [372/459] INRZ
[04:47:31] [373/459] PMSR
[04:47:32] [374/459] GPGM
[04:47:34] [375/459] PGWB
[04:47:35] [376/459] PMBR
[04:47:36] [377/459] GPAM
[04:47:37] [378/459] INBC
[04:47:37] [379/459] PZVK
[04:47:38] [380/459] CPEB
[04:47:39] [381/459] FMLB
[04:47:41] [382/459] INBG
[04:47:42] [383/459] GPBR
[04:47:43] [384/459] PAAS
[04:47:43] [385/459] VTBR
[04:47:44] [386/459] GPMY
[04:47:45] [387/459] GYBU
[04:47:46] [388/459] INBJ
[04:47:47] [389/459] LKTH
[04:47:49] [390/459] NSBR
[04:47:49] [391/459] PDRD
[04:47:50] [392/459] VRBL
[04:47:51] [393/459] VTGB
[04:47:52] [394/459] VTSK
[04:47:53] [395/459] BKDV
[04:47:53] [396/459] SVTB
[04:47:54] [397/459] MLDT
[04:47:55] [398/459] NRBL
[04:47:56] [399/459] SLTR
[04:47:57] [400/459] VNKA
[04:47:57] [401/459] TDCA
[04:47:58] [402/459] INBM
[04:47:59] [403/459] SSNR
[04:48:00] [404/459] BHAC
[04:48:01] [405/459] SDSD
[04:48:01] [406/459] SAMP
[04:48:02] [407/459] RATK
[04:48:03] [408/459] KCBI
[04:48:04] [409/459] URBL
[04:48:05] [410/459] MKBG
[04:48:06] [411/459] ASTB
[04:48:06] [412/459] VBWT
[04:48:07] [413/459] GPSM
[04:48:08] [414/459] ROON
[04:48:09] [415/459] CHTH
[04:48:10] [416/459] SSPA
[04:48:10] [417/459] ANBL
[04:48:11] [418/459] VTBE
[04:48:12] [419/459] SVKT
[04:48:13] [420/459] SVYK
[04:48:14] [421/459] PTBK
[04:48:14] [422/459] RKTB
[04:48:15] [423/459] BALT
[04:48:16] [424/459] STSV
[04:48:17] [425/459] VCCB
[04:48:18] [426/459] SLTB
[04:48:19] [427/459] SBCR
[04:48:20] [428/459] VDCS
[04:48:20] [429/459] MDKI
[04:48:21] [430/459] SMRN
[04:48:22] [431/459] PTBC
[04:48:23] [432/459] RADI
[04:48:23] [433/459] ADCR
[04:48:24] [434/459] SDCS
[04:48:25] [435/459] SRPJ
[04:48:26] [436/459] ARTS
[04:48:27] [437/459] SRHK
[04:48:28] [438/459] SPAY
[04:48:28] [439/459] GPTB
[04:48:29] [440/459] SNNN
[04:48:30] [441/459] BALJ
[04:48:31] [442/459] TRIG
[04:48:32] [443/459] GTYT
[04:48:32] [444/459] ATGN
[04:48:33] [445/459] ANTE
[04:48:34] [446/459] BDCG
[04:48:36] [447/459] VECI
[04:48:36] [448/459] SCPR
[04:48:37] [449/459] RTEA
[04:48:38] [450/459] JSAI
[04:48:40] [451/459] VJTP
[04:48:41] [452/459] GNDS
[04:48:42] [453/459] PAXA
[04:48:43] [454/459] CGGM
[04:48:45] [455/459] ACKZ
[04:48:45] [456/459] EMCC
[04:48:46] [457/459] KLSK
[04:48:47] [458/459] AVCK
[04:48:48] [459/459] JTCK
[04:48:49] ✅ DONE | Shows=25 | Movies=8
