[00:40:00] 🚀 BMS DAILY TRACKER STARTED
[00:40:00] [1/324] GCTA
[00:40:00] 🧠 New identity
[00:40:01] [2/324] TOPN
[00:40:02] [3/324] MCUS
[00:40:03] [4/324] SHRL
[00:40:04] [5/324] UPTP
[00:40:05] [6/324] TMMP
[00:40:06] [7/324] DNRP
[00:40:06] [8/324] SRLT
[00:40:08] [9/324] RCNS
[00:40:08] [10/324] DCBH
[00:40:09] [11/324] NAGJ
[00:40:10] [12/324] JVRC
[00:40:11] [13/324] KRJG
[00:40:12] [14/324] SRTJ
[00:40:12] [15/324] CMXM
[00:40:13] [16/324] STMI
[00:40:14] [17/324] SLST
[00:40:15] [18/324] DTCN
[00:40:16] [19/324] STYN
[00:40:16] [20/324] SZVR
[00:40:17] [21/324] SRKO
[00:40:18] [22/324] JTGT
[00:40:19] [23/324] SVFD
[00:40:20] [24/324] SISD
[00:40:21] [25/324] ABDD
[00:40:22] [26/324] DRCA
[00:40:22] [27/324] AVCS
[00:40:23] [28/324] MVKH
[00:40:24] [29/324] ACPR
[00:40:25] [30/324] STIP
[00:40:26] [31/324] MTRA
[00:40:27] [32/324] RMKH
[00:40:28] [33/324] NKRL
[00:40:28] [34/324] PCWN
[00:40:29] [35/324] BLMT
[00:40:30] [36/324] GDPG
[00:40:31] [37/324] SRMX
[00:40:32] [38/324] JACP
[00:40:33] [39/324] CPSH
[00:40:33] [40/324] MCCD
[00:40:34] [41/324] ECGH
[00:40:35] [42/324] MKCK
[00:40:36] [43/324] SRMM
[00:40:38] [44/324] SKYR
[00:40:39] [45/324] PCKC
[00:40:40] [46/324] JCMA
[00:40:40] [47/324] BSMP
[00:40:41] [48/324] VSPA
[00:40:43] [49/324] DJYA
[00:40:44] [50/324] DIMP
[00:40:45] [51/324] FXDR
[00:40:47] [52/324] SSRC
[00:40:48] [53/324] STHP
[00:40:49] [54/324] CPPD
[00:40:49] [55/324] FCLK
[00:40:50] [56/324] SCPP
[00:40:51] [57/324] DCMJ
[00:40:52] [58/324] RCCR
[00:40:53] [59/324] INMT
[00:40:53] [60/324] LXTK
[00:40:54] [61/324] SRYK
[00:40:55] [62/324] SGDK
[00:40:56] [63/324] PPKA
[00:40:57] [64/324] SPKA
[00:40:58] [65/324] CGHH
[00:40:59] [66/324] DCJN
[00:40:59] [67/324] SRKV
[00:41:00] [68/324] SAJC
[00:41:02] [69/324] SUSR
[00:41:03] [70/324] STYG
[00:41:04] [71/324] NTKP
[00:41:04] [72/324] AKTG
[00:41:05] [73/324] CGCM
[00:41:06] [74/324] TULC
[00:41:07] [75/324] NYYZ
[00:41:08] [76/324] NYBW
[00:41:09] [77/324] MACB
[00:41:10] [78/324] SLVT
[00:41:10] [79/324] SANA
[00:41:11] [80/324] ACMR
[00:41:12] [81/324] CPKN
[00:41:13] [82/324] DLGK
[00:41:14] [83/324] CWCK
[00:41:15] [84/324] FDDH
[00:41:15] [85/324] MMMD
[00:41:17] [86/324] CMEH
[00:41:18] [87/324] GGGV
[00:41:18] [88/324] SPJL
[00:41:19] [89/324] RCCD
[00:41:20] [90/324] STTZ
[00:41:20] [91/324] BTCF
[00:41:21] [92/324] TSTZ
[00:41:22] [93/324] IPMM
[00:41:23] [94/324] PMPW
[00:41:23] [95/324] PCMZ
[00:41:24] [96/324] ESEM
[00:41:25] [97/324] PIPO
[00:41:26] [98/324] MATK
[00:41:27] [99/324] PGHM
[00:41:28] [100/324] CTSR
[00:41:28] [101/324] CYKR
[00:41:29] [102/324] MSCM
[00:41:30] [103/324] RFNP
[00:41:31] [104/324] PDCP
[00:41:32] [105/324] NPSE
[00:41:33] [106/324] MKML
[00:41:34] [107/324] FTDP
[00:41:35] [108/324] MMXA
[00:41:35] [109/324] CEPO
[00:41:36] [110/324] CMVP
[00:41:37] [111/324] SGTH
[00:41:38] [112/324] SAYN
[00:41:39] [113/324] URVS
[00:41:40] [114/324] VJTN
[00:41:41] [115/324] BBYK
[00:41:42] [116/324] SHBO
[00:41:42] [117/324] VCMR
[00:41:43] [118/324] MACT
[00:41:45] [119/324] JMNP
[00:41:45] [120/324] VICS
[00:41:46] [121/324] VCDA
[00:41:47] [122/324] GCMM
[00:41:48] [123/324] INVS
[00:41:49] [124/324] SCGM
[00:41:50] [125/324] PCDA
[00:41:50] [126/324] KDCT
[00:41:51] [127/324] JACS
[00:41:52] [128/324] GMMC
[00:41:53] [129/324] AICM
[00:41:54] [130/324] TJCM
[00:41:54] [131/324] RMTI
[00:41:55] [132/324] SHAC
[00:41:56] [133/324] APJC
[00:41:57] [134/324] GCTG
[00:41:58] [135/324] SSMC
[00:41:58] [136/324] THRM
[00:41:59] [137/324] RBCT
[00:42:00] [138/324] DIKT
[00:42:01] [139/324] MIDL
[00:42:02] [140/324] VCSN
[00:42:03] [141/324] SKTG
[00:42:04] [142/324] SMWC
[00:42:04] [143/324] MNKH
[00:42:06] [144/324] PIAT
[00:42:07] [145/324] LTTP
[00:42:08] [146/324] PTPU
[00:42:09] [147/324] ACMG
[00:42:10] [148/324] SHMM
[00:42:10] [149/324] MCMN
[00:42:11] [150/324] GLDC
[00:42:12] [151/324] HOUT
[00:42:13] [152/324] SVRP
[00:42:14] [153/324] PVDN
[00:42:15] [154/324] SCPY
[00:42:16] [155/324] DTPY
[00:42:17] [156/324] GKCS
[00:42:18] [157/324] NCAM
[00:42:19] [158/324] BSRM
[00:42:20] [159/324] RCLC
[00:42:21] [160/324] SKKD
[00:42:22] [161/324] ACHU
[00:42:24] [162/324] RSCF
[00:42:24] [163/324] IMSH
[00:42:25] [164/324] MACX
[00:42:26] [165/324] HMMW
[00:42:27] [166/324] JTCP
[00:42:28] [167/324] SREN
[00:42:28] [168/324] PJRR
[00:42:29] [169/324] INAC
[00:42:30] [170/324] BMCA
[00:42:31] [171/324] SHCB
[00:42:32] [172/324] GABA
[00:42:33] [173/324] SBCT
[00:42:33] [174/324] GCMA
[00:42:34] [175/324] MYTK
[00:42:35] [176/324] INZS
[00:42:36] [177/324] RMIK
[00:42:37] [178/324] NYCH
[00:42:37] [179/324] RAVE
[00:42:38] [180/324] PSXM
[00:42:39] [181/324] MCGP
[00:42:40] [182/324] PDDK
[00:42:41] [183/324] SPCK
[00:42:42] [184/324] MCRL
[00:42:42] [185/324] MHKT
[00:42:43] [186/324] ANRR
[00:42:44] [187/324] SAPK
[00:42:45] [188/324] NCUK
[00:42:46] [189/324] JUGA
[00:42:47] [190/324] DBSC
[00:42:48] [191/324] LALK
[00:42:49] [192/324] GUCK
[00:42:49] [193/324] STSG
[00:42:50] [194/324] PPPZ
[00:42:51] [195/324] CNCY
[00:42:52] [196/324] MTAR
[00:42:53] [197/324] VNKD
[00:42:54] [198/324] KMAJ
[00:42:54] [199/324] ACXK
[00:42:55] [200/324] UTKC
[00:42:56] [201/324] PBLK
[00:42:57] [202/324] ACBX
[00:42:57] [203/324] PTGM
[00:42:58] [204/324] BTDA
[00:42:59] [205/324] PJMB
[00:43:00] [206/324] TPDA
[00:43:01] [207/324] AMOE
[00:43:02] [208/324] PRHT
[00:43:03] [209/324] PRTA
[00:43:03] [210/324] STAM
[00:43:04] [211/324] MSAA
[00:43:05] [212/324] SDLU
[00:43:06] [213/324] RCHH
[00:43:07] [214/324] KANT
[00:43:07] [215/324] FCRT
[00:43:08] [216/324] DNKM
[00:43:09] [217/324] RYCP
[00:43:10] [218/324] MYRP
[00:43:11] [219/324] PPAK
[00:43:12] [220/324] NVPK
[00:43:13] [221/324] PRMC
[00:43:14] [222/324] JBCS
[00:43:14] [223/324] GXCK
[00:43:16] [224/324] USKO
[00:43:17] [225/324] GTEM
[00:43:18] [226/324] SMBU
[00:43:19] [227/324] VETC
[00:43:20] [228/324] LCDA
[00:43:21] [229/324] MTVT
[00:43:22] [230/324] PYCP
[00:43:23] [231/324] PNSC
[00:43:24] [232/324] PPCC
[00:43:25] [233/324] TGRT
[00:43:26] [234/324] JYOT
[00:43:27] [235/324] SRCZ
[00:43:28] [236/324] SJTE
[00:43:28] [237/324] DESC
[00:43:29] [238/324] JHVN
[00:43:30] [239/324] IPSG
[00:43:30] [240/324] IPCM
[00:43:31] [241/324] PDRS
[00:43:32] [242/324] ANCV
[00:43:33] [243/324] CMVV
[00:43:34] [244/324] SHYP
[00:43:35] [245/324] DNCS
[00:43:36] [246/324] GAJK
[00:43:37] [247/324] AKTN
[00:43:38] [248/324] KAYA
[00:43:39] [249/324] SBRC
[00:43:40] [250/324] CHTP
[00:43:40] [251/324] SHRT
[00:43:42] [252/324] BCKU
[00:43:43] [253/324] FCPS
[00:43:43] [254/324] ARDD
[00:43:44] [255/324] CPCM
[00:43:46] [256/324] CGSM
[00:43:47] [257/324] PSMP
[00:43:48] [258/324] SDAL
[00:43:48] [259/324] RTNB
[00:43:50] [260/324] LMCR
[00:43:50] [261/324] CIMA
[00:43:51] [262/324] RNAS
[00:43:52] [263/324] LITH
[00:43:54] [264/324] PBOX
[00:43:54] [265/324] FRTS
[00:43:55] [266/324] RKIC
[00:43:56] [267/324] PTAI
[00:43:58] [268/324] GCIC
[00:43:59] [269/324] FNAS
[00:43:59] [270/324] SCAR
[00:44:00] [271/324] MTCA
[00:44:01] [272/324] SCTS
[00:44:02] [273/324] SYCS
[00:44:03] [274/324] RDMS
[00:44:04] [275/324] KAMP
[00:44:04] [276/324] ERSD
[00:44:05] [277/324] MJMJ
[00:44:07] [278/324] SRCJ
[00:44:07] [279/324] SCXE
[00:44:08] [280/324] SVFR
[00:44:09] [281/324] BHCS
[00:44:10] [282/324] IMCC
[00:44:11] [283/324] PCBO
[00:44:12] [284/324] PRVN
[00:44:13] [285/324] AUPM
[00:44:14] [286/324] INBW
[00:44:15] [287/324] SVCW
[00:44:16] [288/324] RKCF
[00:44:17] [289/324] UVBH
[00:44:18] [290/324] DNCY
[00:44:19] [291/324] ABCN
[00:44:19] [292/324] PRUR
[00:44:20] [293/324] PFMR
[00:44:21] [294/324] RKCN
[00:44:22] [295/324] CFEA
[00:44:23] [296/324] SDBG
[00:44:24] [297/324] SNAR
[00:44:24] [298/324] YISI
[00:44:25] [299/324] JCFF
[00:44:26] [300/324] VTRK
[00:44:27] [301/324] PCLZ
[00:44:28] [302/324] DIMY
[00:44:29] [303/324] BBTS
[00:44:30] [304/324] GATH
[00:44:31] [305/324] GTMN
[00:44:32] [306/324] VTMH
[00:44:32] [307/324] CCKP
[00:44:33] [308/324] GPKA
[00:44:34] [309/324] MHCL
[00:44:35] [310/324] ATCL
[00:44:36] [311/324] SBCK
[00:44:37] [312/324] AMMR
[00:44:38] [313/324] MADC
[00:44:38] [314/324] TMMA
[00:44:39] [315/324] CACC
[00:44:40] [316/324] CHAL
[00:44:41] [317/324] DURG
[00:44:42] [318/324] GMKU
[00:44:42] [319/324] GECA
[00:44:43] [320/324] KYRR
[00:44:44] [321/324] KSDE
[00:44:45] [322/324] LMCI
[00:44:46] [323/324] NKCP
[00:44:46] [324/324] BGTC
[00:44:48] ✅ DONE | Shows=0 | Movies=0
[01:43:31] 🚀 BMS DAILY TRACKER STARTED
[01:43:31] [1/324] GCTA
[01:43:31] 🧠 New identity
[01:43:32] [2/324] TOPN
[01:43:32] [3/324] MCUS
[01:43:33] [4/324] SHRL
[01:43:34] [5/324] UPTP
[01:43:35] [6/324] TMMP
[01:43:36] [7/324] DNRP
[01:43:37] [8/324] SRLT
[01:43:38] [9/324] RCNS
[01:43:38] [10/324] DCBH
[01:43:39] [11/324] NAGJ
[01:43:40] [12/324] JVRC
[01:43:41] [13/324] KRJG
[01:43:42] [14/324] SRTJ
[01:43:43] [15/324] CMXM
[01:43:44] [16/324] STMI
[01:43:44] [17/324] SLST
[01:43:45] [18/324] DTCN
[01:43:46] [19/324] STYN
[01:43:47] [20/324] SZVR
[01:43:48] [21/324] SRKO
[01:43:49] [22/324] JTGT
[01:43:50] [23/324] SVFD
[01:43:51] [24/324] SISD
[01:43:51] [25/324] ABDD
[01:43:52] [26/324] DRCA
[01:43:53] [27/324] AVCS
[01:43:54] [28/324] MVKH
[01:43:55] [29/324] ACPR
[01:43:55] [30/324] STIP
[01:43:57] [31/324] MTRA
[01:43:58] [32/324] RMKH
[01:43:59] [33/324] NKRL
[01:44:00] [34/324] PCWN
[01:44:00] [35/324] BLMT
[01:44:01] [36/324] GDPG
[01:44:02] [37/324] SRMX
[01:44:03] [38/324] JACP
[01:44:04] [39/324] CPSH
[01:44:05] [40/324] MCCD
[01:44:06] [41/324] ECGH
[01:44:07] [42/324] MKCK
[01:44:08] [43/324] SRMM
[01:44:09] [44/324] SKYR
[01:44:10] [45/324] PCKC
[01:44:12] [46/324] JCMA
[01:44:13] [47/324] BSMP
[01:44:14] [48/324] VSPA
[01:44:14] [49/324] DJYA
[01:44:15] [50/324] DIMP
[01:44:17] [51/324] FXDR
[01:44:18] [52/324] SSRC
[01:44:18] [53/324] STHP
[01:44:19] [54/324] CPPD
[01:44:20] [55/324] FCLK
[01:44:21] [56/324] SCPP
[01:44:22] [57/324] DCMJ
[01:44:23] [58/324] RCCR
[01:44:23] [59/324] INMT
[01:44:24] [60/324] LXTK
[01:44:25] [61/324] SRYK
[01:44:26] [62/324] SGDK
[01:44:27] [63/324] PPKA
[01:44:28] [64/324] SPKA
[01:44:28] [65/324] CGHH
[01:44:29] [66/324] DCJN
[01:44:30] [67/324] SRKV
[01:44:31] [68/324] SAJC
[01:44:32] [69/324] SUSR
[01:44:33] [70/324] STYG
[01:44:33] [71/324] NTKP
[01:44:34] [72/324] AKTG
[01:44:35] [73/324] CGCM
[01:44:36] [74/324] TULC
[01:44:37] [75/324] NYYZ
[01:44:38] [76/324] NYBW
[01:44:38] [77/324] MACB
[01:44:39] [78/324] SLVT
[01:44:40] [79/324] SANA
[01:44:41] [80/324] ACMR
[01:44:42] [81/324] CPKN
[01:44:42] [82/324] DLGK
[01:44:43] [83/324] CWCK
[01:44:45] [84/324] FDDH
[01:44:46] [85/324] MMMD
[01:44:46] [86/324] CMEH
[01:44:47] [87/324] GGGV
[01:44:48] [88/324] SPJL
[01:44:49] [89/324] RCCD
[01:44:50] [90/324] STTZ
[01:44:50] [91/324] BTCF
[01:44:51] [92/324] TSTZ
[01:44:52] [93/324] IPMM
[01:44:53] [94/324] PMPW
[01:44:54] [95/324] PCMZ
[01:44:55] [96/324] ESEM
[01:44:56] [97/324] PIPO
[01:44:57] [98/324] MATK
[01:44:58] [99/324] PGHM
[01:44:58] [100/324] CTSR
[01:44:59] [101/324] CYKR
[01:45:00] [102/324] MSCM
[01:45:01] [103/324] RFNP
[01:45:02] [104/324] PDCP
[01:45:03] [105/324] NPSE
[01:45:04] [106/324] MKML
[01:45:04] [107/324] FTDP
[01:45:05] [108/324] MMXA
[01:45:06] [109/324] CEPO
[01:45:07] [110/324] CMVP
[01:45:08] [111/324] SGTH
[01:45:09] [112/324] SAYN
[01:45:10] [113/324] URVS
[01:45:11] [114/324] VJTN
[01:45:12] [115/324] BBYK
[01:45:13] [116/324] SHBO
[01:45:13] [117/324] VCMR
[01:45:14] [118/324] MACT
[01:45:15] [119/324] JMNP
[01:45:16] [120/324] VICS
[01:45:17] [121/324] VCDA
[01:45:18] [122/324] GCMM
[01:45:18] [123/324] INVS
[01:45:19] [124/324] SCGM
[01:45:20] [125/324] PCDA
[01:45:21] [126/324] KDCT
[01:45:22] [127/324] JACS
[01:45:22] [128/324] GMMC
[01:45:23] [129/324] AICM
[01:45:24] [130/324] TJCM
[01:45:25] [131/324] RMTI
[01:45:26] [132/324] SHAC
[01:45:27] [133/324] APJC
[01:45:27] [134/324] GCTG
[01:45:28] [135/324] SSMC
[01:45:29] [136/324] THRM
[01:45:30] [137/324] RBCT
[01:45:31] [138/324] DIKT
[01:45:31] [139/324] MIDL
[01:45:32] [140/324] VCSN
[01:45:34] [141/324] SKTG
[01:45:35] [142/324] SMWC
[01:45:36] [143/324] MNKH
[01:45:36] [144/324] PIAT
[01:45:37] [145/324] LTTP
[01:45:38] [146/324] PTPU
[01:45:39] [147/324] ACMG
[01:45:40] [148/324] SHMM
[01:45:41] [149/324] MCMN
[01:45:42] [150/324] GLDC
[01:45:43] [151/324] HOUT
[01:45:44] [152/324] SVRP
[01:45:45] [153/324] PVDN
[01:45:45] [154/324] SCPY
[01:45:46] [155/324] DTPY
[01:45:47] [156/324] GKCS
[01:45:48] [157/324] NCAM
[01:45:49] [158/324] BSRM
[01:45:49] [159/324] RCLC
[01:45:50] [160/324] SKKD
[01:45:51] [161/324] ACHU
[01:45:51] [162/324] RSCF
[01:45:52] [163/324] IMSH
[01:45:54] [164/324] MACX
[01:45:55] [165/324] HMMW
[01:45:56] [166/324] JTCP
[01:45:57] [167/324] SREN
[01:45:58] [168/324] PJRR
[01:45:58] [169/324] INAC
[01:45:59] [170/324] BMCA
[01:46:00] [171/324] SHCB
[01:46:01] [172/324] GABA
[01:46:02] [173/324] SBCT
[01:46:03] [174/324] GCMA
[01:46:04] [175/324] MYTK
[01:46:05] [176/324] INZS
[01:46:05] [177/324] RMIK
[01:46:06] [178/324] NYCH
[01:46:07] [179/324] RAVE
[01:46:08] [180/324] PSXM
[01:46:09] [181/324] MCGP
[01:46:09] [182/324] PDDK
[01:46:10] [183/324] SPCK
[01:46:11] [184/324] MCRL
[01:46:12] [185/324] MHKT
[01:46:13] [186/324] ANRR
[01:46:14] [187/324] SAPK
[01:46:15] [188/324] NCUK
[01:46:16] [189/324] JUGA
[01:46:17] [190/324] DBSC
[01:46:18] [191/324] LALK
[01:46:18] [192/324] GUCK
[01:46:19] [193/324] STSG
[01:46:20] [194/324] PPPZ
[01:46:21] [195/324] CNCY
[01:46:22] [196/324] MTAR
[01:46:22] [197/324] VNKD
[01:46:23] [198/324] KMAJ
[01:46:25] [199/324] ACXK
[01:46:26] [200/324] UTKC
[01:46:27] [201/324] PBLK
[01:46:28] [202/324] ACBX
[01:46:29] [203/324] PTGM
[01:46:30] [204/324] BTDA
[01:46:30] [205/324] PJMB
[01:46:31] [206/324] TPDA
[01:46:32] [207/324] AMOE
[01:46:33] [208/324] PRHT
[01:46:33] [209/324] PRTA
[01:46:34] [210/324] STAM
[01:46:35] [211/324] MSAA
[01:46:36] [212/324] SDLU
[01:46:37] [213/324] RCHH
[01:46:37] [214/324] KANT
[01:46:38] [215/324] FCRT
[01:46:39] [216/324] DNKM
[01:46:40] [217/324] RYCP
[01:46:41] [218/324] MYRP
[01:46:42] [219/324] PPAK
[01:46:43] [220/324] NVPK
[01:46:44] [221/324] PRMC
[01:46:44] [222/324] JBCS
[01:46:45] [223/324] GXCK
[01:46:46] [224/324] USKO
[01:46:47] [225/324] GTEM
[01:46:48] [226/324] SMBU
[01:46:49] [227/324] VETC
[01:46:50] [228/324] LCDA
[01:46:51] [229/324] MTVT
[01:46:52] [230/324] PYCP
[01:46:53] [231/324] PNSC
[01:46:54] [232/324] PPCC
[01:46:55] [233/324] TGRT
[01:46:55] [234/324] JYOT
[01:46:57] [235/324] SRCZ
[01:46:58] [236/324] SJTE
[01:46:58] [237/324] DESC
[01:46:59] [238/324] JHVN
[01:47:00] [239/324] IPSG
[01:47:01] [240/324] IPCM
[01:47:02] [241/324] PDRS
[01:47:03] [242/324] ANCV
[01:47:04] [243/324] CMVV
[01:47:04] [244/324] SHYP
[01:47:05] [245/324] DNCS
[01:47:06] [246/324] GAJK
[01:47:07] [247/324] AKTN
[01:47:08] [248/324] KAYA
[01:47:09] [249/324] SBRC
[01:47:10] [250/324] CHTP
[01:47:11] [251/324] SHRT
[01:47:11] [252/324] BCKU
[01:47:12] [253/324] FCPS
[01:47:13] [254/324] ARDD
[01:47:14] [255/324] CPCM
[01:47:15] [256/324] CGSM
[01:47:15] [257/324] PSMP
[01:47:16] [258/324] SDAL
[01:47:18] [259/324] RTNB
[01:47:18] [260/324] LMCR
[01:47:19] [261/324] CIMA
[01:47:20] [262/324] RNAS
[01:47:21] [263/324] LITH
[01:47:22] [264/324] PBOX
[01:47:22] [265/324] FRTS
[01:47:23] [266/324] RKIC
[01:47:24] [267/324] PTAI
[01:47:25] [268/324] GCIC
[01:47:26] [269/324] FNAS
[01:47:26] [270/324] SCAR
[01:47:27] [271/324] MTCA
[01:47:28] [272/324] SCTS
[01:47:29] [273/324] SYCS
[01:47:30] [274/324] RDMS
[01:47:31] [275/324] KAMP
[01:47:32] [276/324] ERSD
[01:47:32] [277/324] MJMJ
[01:47:33] [278/324] SRCJ
[01:47:34] [279/324] SCXE
[01:47:35] [280/324] SVFR
[01:47:36] [281/324] BHCS
[01:47:37] [282/324] IMCC
[01:47:38] [283/324] PCBO
[01:47:38] [284/324] PRVN
[01:47:39] [285/324] AUPM
[01:47:40] [286/324] INBW
[01:47:41] [287/324] SVCW
[01:47:42] [288/324] RKCF
[01:47:43] [289/324] UVBH
[01:47:43] [290/324] DNCY
[01:47:44] [291/324] ABCN
[01:47:45] [292/324] PRUR
[01:47:46] [293/324] PFMR
[01:47:47] [294/324] RKCN
[01:47:48] [295/324] CFEA
[01:47:49] [296/324] SDBG
[01:47:50] [297/324] SNAR
[01:47:51] [298/324] YISI
[01:47:51] [299/324] JCFF
[01:47:52] [300/324] VTRK
[01:47:53] [301/324] PCLZ
[01:47:54] [302/324] DIMY
[01:47:55] [303/324] BBTS
[01:47:55] [304/324] GATH
[01:47:56] [305/324] GTMN
[01:47:57] [306/324] VTMH
[01:47:58] [307/324] CCKP
[01:47:59] [308/324] GPKA
[01:48:00] [309/324] MHCL
[01:48:01] [310/324] ATCL
[01:48:02] [311/324] SBCK
[01:48:02] [312/324] AMMR
[01:48:03] [313/324] MADC
[01:48:04] [314/324] TMMA
[01:48:05] [315/324] CACC
[01:48:06] [316/324] CHAL
[01:48:07] [317/324] DURG
[01:48:08] [318/324] GMKU
[01:48:09] [319/324] GECA
[01:48:10] [320/324] KYRR
[01:48:10] [321/324] KSDE
[01:48:12] [322/324] LMCI
[01:48:13] [323/324] NKCP
[01:48:14] [324/324] BGTC
[01:48:14] ✅ DONE | Shows=0 | Movies=0
[02:40:56] 🚀 BMS DAILY TRACKER STARTED
[02:40:56] [1/324] GCTA
[02:40:56] 🧠 New identity
[02:40:57] [2/324] TOPN
[02:40:58] [3/324] MCUS
[02:41:00] [4/324] SHRL
[02:41:01] [5/324] UPTP
[02:41:02] [6/324] TMMP
[02:41:03] [7/324] DNRP
[02:41:05] [8/324] SRLT
[02:41:06] [9/324] RCNS
[02:41:07] [10/324] DCBH
[02:41:07] [11/324] NAGJ
[02:41:08] [12/324] JVRC
[02:41:09] [13/324] KRJG
[02:41:11] [14/324] SRTJ
[02:41:11] [15/324] CMXM
[02:41:12] [16/324] STMI
[02:41:14] [17/324] SLST
[02:41:15] [18/324] DTCN
[02:41:16] [19/324] STYN
[02:41:17] [20/324] SZVR
[02:41:17] [21/324] SRKO
[02:41:18] [22/324] JTGT
[02:41:19] [23/324] SVFD
[02:41:20] [24/324] SISD
[02:41:21] [25/324] ABDD
[02:41:22] [26/324] DRCA
[02:41:23] [27/324] AVCS
[02:41:24] [28/324] MVKH
[02:41:25] [29/324] ACPR
[02:41:26] [30/324] STIP
[02:41:26] [31/324] MTRA
[02:41:27] [32/324] RMKH
[02:41:28] [33/324] NKRL
[02:41:29] [34/324] PCWN
[02:41:30] [35/324] BLMT
[02:41:31] [36/324] GDPG
[02:41:32] [37/324] SRMX
[02:41:33] [38/324] JACP
[02:41:34] [39/324] CPSH
[02:41:35] [40/324] MCCD
[02:41:36] [41/324] ECGH
[02:41:37] [42/324] MKCK
[02:41:38] [43/324] SRMM
[02:41:39] [44/324] SKYR
[02:41:40] [45/324] PCKC
[02:41:41] [46/324] JCMA
[02:41:42] [47/324] BSMP
[02:41:43] [48/324] VSPA
[02:41:43] [49/324] DJYA
[02:41:44] [50/324] DIMP
[02:41:45] [51/324] FXDR
[02:41:46] [52/324] SSRC
[02:41:47] [53/324] STHP
[02:41:48] [54/324] CPPD
[02:41:49] [55/324] FCLK
[02:41:50] [56/324] SCPP
[02:41:51] [57/324] DCMJ
[02:41:51] [58/324] RCCR
[02:41:52] [59/324] INMT
[02:41:53] [60/324] LXTK
[02:41:54] [61/324] SRYK
[02:41:54] [62/324] SGDK
[02:41:55] [63/324] PPKA
[02:41:56] [64/324] SPKA
[02:41:57] [65/324] CGHH
[02:41:58] [66/324] DCJN
[02:41:59] [67/324] SRKV
[02:42:00] [68/324] SAJC
[02:42:01] [69/324] SUSR
[02:42:02] [70/324] STYG
[02:42:03] [71/324] NTKP
[02:42:04] [72/324] AKTG
[02:42:04] [73/324] CGCM
[02:42:05] [74/324] TULC
[02:42:06] [75/324] NYYZ
[02:42:07] [76/324] NYBW
[02:42:08] [77/324] MACB
[02:42:09] [78/324] SLVT
[02:42:10] [79/324] SANA
[02:42:10] [80/324] ACMR
[02:42:11] [81/324] CPKN
[02:42:12] [82/324] DLGK
[02:42:13] [83/324] CWCK
[02:42:14] [84/324] FDDH
[02:42:15] [85/324] MMMD
[02:42:15] [86/324] CMEH
[02:42:16] [87/324] GGGV
[02:42:17] [88/324] SPJL
[02:42:18] [89/324] RCCD
[02:42:19] [90/324] STTZ
[02:42:20] [91/324] BTCF
[02:42:21] [92/324] TSTZ
[02:42:22] [93/324] IPMM
[02:42:23] [94/324] PMPW
[02:42:24] [95/324] PCMZ
[02:42:24] [96/324] ESEM
[02:42:26] [97/324] PIPO
[02:42:27] [98/324] MATK
[02:42:28] [99/324] PGHM
[02:42:29] [100/324] CTSR
[02:42:29] [101/324] CYKR
[02:42:30] [102/324] MSCM
[02:42:32] [103/324] RFNP
[02:42:33] [104/324] PDCP
[02:42:34] [105/324] NPSE
[02:42:36] [106/324] MKML
[02:42:37] [107/324] FTDP
[02:42:38] [108/324] MMXA
[02:42:39] [109/324] CEPO
[02:42:40] [110/324] CMVP
[02:42:42] [111/324] SGTH
[02:42:42] [112/324] SAYN
[02:42:43] [113/324] URVS
[02:42:44] [114/324] VJTN
[02:42:45] [115/324] BBYK
[02:42:46] [116/324] SHBO
[02:42:47] [117/324] VCMR
[02:42:48] [118/324] MACT
[02:42:48] [119/324] JMNP
[02:42:49] [120/324] VICS
[02:42:50] [121/324] VCDA
[02:42:51] [122/324] GCMM
[02:42:52] [123/324] INVS
[02:42:52] [124/324] SCGM
[02:42:53] [125/324] PCDA
[02:42:54] [126/324] KDCT
[02:42:55] [127/324] JACS
[02:42:56] [128/324] GMMC
[02:42:57] [129/324] AICM
[02:42:58] [130/324] TJCM
[02:42:58] [131/324] RMTI
[02:42:59] [132/324] SHAC
[02:43:01] [133/324] APJC
[02:43:01] [134/324] GCTG
[02:43:02] [135/324] SSMC
[02:43:03] [136/324] THRM
[02:43:05] [137/324] RBCT
[02:43:06] [138/324] DIKT
[02:43:06] [139/324] MIDL
[02:43:07] [140/324] VCSN
[02:43:08] [141/324] SKTG
[02:43:09] [142/324] SMWC
[02:43:11] [143/324] MNKH
[02:43:12] [144/324] PIAT
[02:43:13] [145/324] LTTP
[02:43:14] [146/324] PTPU
[02:43:15] [147/324] ACMG
[02:43:16] [148/324] SHMM
[02:43:16] [149/324] MCMN
[02:43:17] [150/324] GLDC
[02:43:18] [151/324] HOUT
[02:43:19] [152/324] SVRP
[02:43:19] [153/324] PVDN
[02:43:20] [154/324] SCPY
[02:43:21] [155/324] DTPY
[02:43:23] [156/324] GKCS
[02:43:24] [157/324] NCAM
[02:43:25] [158/324] BSRM
[02:43:26] [159/324] RCLC
[02:43:27] [160/324] SKKD
[02:43:28] [161/324] ACHU
[02:43:29] [162/324] RSCF
[02:43:30] [163/324] IMSH
[02:43:30] [164/324] MACX
[02:43:31] [165/324] HMMW
[02:43:32] [166/324] JTCP
[02:43:33] [167/324] SREN
[02:43:34] [168/324] PJRR
[02:43:35] [169/324] INAC
[02:43:36] [170/324] BMCA
[02:43:37] [171/324] SHCB
[02:43:39] [172/324] GABA
[02:43:40] [173/324] SBCT
[02:43:40] [174/324] GCMA
[02:43:42] [175/324] MYTK
[02:43:42] [176/324] INZS
[02:43:43] [177/324] RMIK
[02:43:44] [178/324] NYCH
[02:43:45] [179/324] RAVE
[02:43:46] [180/324] PSXM
[02:43:46] [181/324] MCGP
[02:43:47] [182/324] PDDK
[02:43:48] [183/324] SPCK
[02:43:49] [184/324] MCRL
[02:43:49] [185/324] MHKT
[02:43:50] [186/324] ANRR
[02:43:51] [187/324] SAPK
[02:43:52] [188/324] NCUK
[02:43:53] [189/324] JUGA
[02:43:53] [190/324] DBSC
[02:43:54] [191/324] LALK
[02:43:55] [192/324] GUCK
[02:43:56] [193/324] STSG
[02:43:57] [194/324] PPPZ
[02:43:58] [195/324] CNCY
[02:43:59] [196/324] MTAR
[02:44:00] [197/324] VNKD
[02:44:00] [198/324] KMAJ
[02:44:01] [199/324] ACXK
[02:44:02] [200/324] UTKC
[02:44:03] [201/324] PBLK
[02:44:04] [202/324] ACBX
[02:44:05] [203/324] PTGM
[02:44:06] [204/324] BTDA
[02:44:07] [205/324] PJMB
[02:44:08] [206/324] TPDA
[02:44:08] [207/324] AMOE
[02:44:09] [208/324] PRHT
[02:44:10] [209/324] PRTA
[02:44:11] [210/324] STAM
[02:44:12] [211/324] MSAA
[02:44:13] [212/324] SDLU
[02:44:13] [213/324] RCHH
[02:44:14] [214/324] KANT
[02:44:15] [215/324] FCRT
[02:44:17] [216/324] DNKM
[02:44:18] [217/324] RYCP
[02:44:20] [218/324] MYRP
[02:44:21] [219/324] PPAK
[02:44:21] [220/324] NVPK
[02:44:22] [221/324] PRMC
[02:44:23] [222/324] JBCS
[02:44:24] [223/324] GXCK
[02:44:25] [224/324] USKO
[02:44:26] [225/324] GTEM
[02:44:27] [226/324] SMBU
[02:44:27] [227/324] VETC
[02:44:28] [228/324] LCDA
[02:44:29] [229/324] MTVT
[02:44:30] [230/324] PYCP
[02:44:31] [231/324] PNSC
[02:44:31] [232/324] PPCC
[02:44:32] [233/324] TGRT
[02:44:33] [234/324] JYOT
[02:44:34] [235/324] SRCZ
[02:44:35] [236/324] SJTE
[02:44:36] [237/324] DESC
[02:44:38] [238/324] JHVN
[02:44:39] [239/324] IPSG
[02:44:39] [240/324] IPCM
[02:44:40] [241/324] PDRS
[02:44:41] [242/324] ANCV
[02:44:42] [243/324] CMVV
[02:44:43] [244/324] SHYP
[02:44:44] [245/324] DNCS
[02:44:44] [246/324] GAJK
[02:44:45] [247/324] AKTN
[02:44:46] [248/324] KAYA
[02:44:47] [249/324] SBRC
[02:44:48] [250/324] CHTP
[02:44:50] [251/324] SHRT
[02:44:51] [252/324] BCKU
[02:44:52] [253/324] FCPS
[02:44:53] [254/324] ARDD
[02:44:54] [255/324] CPCM
[02:44:55] [256/324] CGSM
[02:44:56] [257/324] PSMP
[02:44:57] [258/324] SDAL
[02:44:58] [259/324] RTNB
[02:44:59] [260/324] LMCR
[02:45:00] [261/324] CIMA
[02:45:00] [262/324] RNAS
[02:45:01] [263/324] LITH
[02:45:02] [264/324] PBOX
[02:45:03] [265/324] FRTS
[02:45:04] [266/324] RKIC
[02:45:05] [267/324] PTAI
[02:45:06] [268/324] GCIC
[02:45:07] [269/324] FNAS
[02:45:07] [270/324] SCAR
[02:45:08] [271/324] MTCA
[02:45:09] [272/324] SCTS
[02:45:10] [273/324] SYCS
[02:45:11] [274/324] RDMS
[02:45:12] [275/324] KAMP
[02:45:13] [276/324] ERSD
[02:45:14] [277/324] MJMJ
[02:45:14] [278/324] SRCJ
[02:45:15] [279/324] SCXE
[02:45:16] [280/324] SVFR
[02:45:17] [281/324] BHCS
[02:45:18] [282/324] IMCC
[02:45:18] [283/324] PCBO
[02:45:19] [284/324] PRVN
[02:45:20] [285/324] AUPM
[02:45:21] [286/324] INBW
[02:45:22] [287/324] SVCW
[02:45:22] [288/324] RKCF
[02:45:23] [289/324] UVBH
[02:45:24] [290/324] DNCY
[02:45:25] [291/324] ABCN
[02:45:26] [292/324] PRUR
[02:45:28] [293/324] PFMR
[02:45:29] [294/324] RKCN
[02:45:29] [295/324] CFEA
[02:45:30] [296/324] SDBG
[02:45:31] [297/324] SNAR
[02:45:32] [298/324] YISI
[02:45:33] [299/324] JCFF
[02:45:34] [300/324] VTRK
[02:45:34] [301/324] PCLZ
[02:45:35] [302/324] DIMY
[02:45:36] [303/324] BBTS
[02:45:37] [304/324] GATH
[02:45:37] [305/324] GTMN
[02:45:38] [306/324] VTMH
[02:45:40] [307/324] CCKP
[02:45:41] [308/324] GPKA
[02:45:42] [309/324] MHCL
[02:45:43] [310/324] ATCL
[02:45:44] [311/324] SBCK
[02:45:45] [312/324] AMMR
[02:45:46] [313/324] MADC
[02:45:46] [314/324] TMMA
[02:45:47] [315/324] CACC
[02:45:48] [316/324] CHAL
[02:45:49] [317/324] DURG
[02:45:49] [318/324] GMKU
[02:45:50] [319/324] GECA
[02:45:51] [320/324] KYRR
[02:45:52] [321/324] KSDE
[02:45:53] [322/324] LMCI
[02:45:54] [323/324] NKCP
[02:45:55] [324/324] BGTC
[02:45:56] ✅ DONE | Shows=0 | Movies=0
