[00:39:28] 🚀 BMS DAILY TRACKER STARTED
[00:39:28] [1/459] FNDB
[00:39:28] 🧠 New identity
[00:39:29] [2/459] AMBH
[00:39:31] [3/459] PRHN
[00:39:32] [4/459] ACPM
[00:39:33] [5/459] PVFS
[00:39:34] [6/459] AACN
[00:39:35] [7/459] ACAS
[00:39:37] [8/459] CTNR
[00:39:37] [9/459] MMAH
[00:39:38] [10/459] CPMH
[00:39:39] [11/459] IGMH
[00:39:40] [12/459] ABCS
[00:39:41] [13/459] CMMA
[00:39:42] [14/459] GPRH
[00:39:43] [15/459] PNNG
[00:39:44] [16/459] AMCA
[00:39:45] [17/459] ISTN
[00:39:46] [18/459] PIIC
[00:39:47] [19/459] AHMH
[00:39:47] [20/459] ASHN
[00:39:49] [21/459] INHY
[00:39:50] [22/459] SRMO
[00:39:51] [23/459] PIMH
[00:39:51] [24/459] PVTS
[00:39:52] [25/459] MMCA
[00:39:53] [26/459] AKYJ
[00:39:54] [27/459] BRKH
[00:39:55] [28/459] MAHM
[00:39:56] [29/459] CPHY
[00:39:57] [30/459] PVTP
[00:39:58] [31/459] SMMR
[00:39:59] [32/459] PVHM
[00:40:00] [33/459] SNDY
[00:40:00] [34/459] GOKU
[00:40:01] [35/459] ACEV
[00:40:02] [36/459] PVUM
[00:40:03] [37/459] VSWA
[00:40:03] [38/459] IPRS
[00:40:04] [39/459] ASGN
[00:40:05] [40/459] BKMV
[00:40:06] [41/459] PVYH
[00:40:07] [42/459] INKM
[00:40:08] [43/459] ARJU
[00:40:08] [44/459] JJPP
[00:40:09] [45/459] SSRM
[00:40:11] [46/459] HMHD
[00:40:12] [47/459] SNKH
[00:40:13] [48/459] ACHI
[00:40:14] [49/459] MRAA
[00:40:14] [50/459] INMH
[00:40:15] [51/459] ARMH
[00:40:16] [52/459] DVRR
[00:40:18] [53/459] SUDA
[00:40:18] [54/459] MCSS
[00:40:19] [55/459] VRKC
[00:40:20] [56/459] PRCX
[00:40:21] [57/459] ASJY
[00:40:22] [58/459] MTHY
[00:40:23] [59/459] SRCM
[00:40:25] [60/459] TVHY
[00:40:25] [61/459] STHD
[00:40:26] [62/459] CPCL
[00:40:27] [63/459] PSMJ
[00:40:28] [64/459] MRGT
[00:40:29] [65/459] ARYH
[00:40:30] [66/459] VTRB
[00:40:30] [67/459] SCHC
[00:40:31] [68/459] MRRG
[00:40:32] [69/459] SPCB
[00:40:34] [70/459] AMCM
[00:40:35] [71/459] IVNM
[00:40:35] [72/459] TRHY
[00:40:36] [73/459] PTTH
[00:40:37] [74/459] RKMH
[00:40:38] [75/459] PRCS
[00:40:39] [76/459] VAJA
[00:40:40] [77/459] BJNG
[00:40:41] [78/459] SCVM
[00:40:42] [79/459] GNHB
[00:40:43] [80/459] TLUR
[00:40:44] [81/459] UKCC
[00:40:44] [82/459] SRKR
[00:40:46] [83/459] RMKN
[00:40:47] [84/459] SLRT
[00:40:48] [85/459] LKMT
[00:40:49] [86/459] SSRJ
[00:40:51] [87/459] SPHT
[00:40:51] [88/459] ANTT
[00:40:52] [89/459] SRCH
[00:40:53] [90/459] SRCA
[00:40:54] [91/459] ARTH
[00:40:55] [92/459] MCBH
[00:40:56] [93/459] SNIB
[00:40:56] [94/459] SART
[00:40:57] [95/459] SKTA
[00:40:58] [96/459] YAKT
[00:40:59] [97/459] MLCK
[00:40:59] [98/459] ANTS
[00:41:01] [99/459] DGCA
[00:41:02] [100/459] SGMP
[00:41:02] [101/459] ASWN
[00:41:04] [102/459] KFVU
[00:41:04] [103/459] POOR
[00:41:05] [104/459] GKDN
[00:41:06] [105/459] EOSE
[00:41:07] [106/459] GTTT
[00:41:08] [107/459] ARRO
[00:41:09] [108/459] CMMK
[00:41:09] [109/459] MSCN
[00:41:10] [110/459] GDKH
[00:41:11] [111/459] DLMT
[00:41:12] [112/459] PVMF
[00:41:13] [113/459] CPCK
[00:41:14] [114/459] VMHE
[00:41:15] [115/459] PVLC
[00:41:16] [116/459] PCVB
[00:41:16] [117/459] SNYK
[00:41:18] [118/459] KTEK
[00:41:19] [119/459] PCNM
[00:41:20] [120/459] NTTR
[00:41:20] [121/459] CPSK
[00:41:21] [122/459] JMMA
[00:41:22] [123/459] GCFK
[00:41:23] [124/459] MYCA
[00:41:24] [125/459] KSNP
[00:41:25] [126/459] PMCE
[00:41:26] [127/459] SCKI
[00:41:27] [128/459] FSMA
[00:41:28] [129/459] CETA
[00:41:29] [130/459] MCIK
[00:41:30] [131/459] MYCR
[00:41:30] [132/459] EVMP
[00:41:31] [133/459] SSGT
[00:41:32] [134/459] KCTK
[00:41:33] [135/459] ZTKC
[00:41:33] [136/459] MMTA
[00:41:34] [137/459] MAJT
[00:41:35] [138/459] ACPK
[00:41:36] [139/459] JMAX
[00:41:37] [140/459] SETK
[00:41:37] [141/459] CAIS
[00:41:38] [142/459] AGCD
[00:41:39] [143/459] URCL
[00:41:40] [144/459] VTDS
[00:41:42] [145/459] JCNM
[00:41:43] [146/459] KCAM
[00:41:43] [147/459] ADCU
[00:41:44] [148/459] GXYN
[00:41:46] [149/459] SMJG
[00:41:47] [150/459] EYCJ
[00:41:48] [151/459] CCEJ
[00:41:48] [152/459] MARS
[00:41:49] [153/459] CPVJ
[00:41:51] [154/459] INVP
[00:41:52] [155/459] CPOV
[00:41:52] [156/459] VIJK
[00:41:53] [157/459] LAIM
[00:41:54] [158/459] STHV
[00:41:55] [159/459] SVLJ
[00:41:56] [160/459] ATVJ
[00:41:57] [161/459] JTSC
[00:41:58] [162/459] RMTV
[00:41:58] [163/459] MGGG
[00:41:59] [164/459] SWTH
[00:42:00] [165/459] INVJ
[00:42:01] [166/459] PRSV
[00:42:02] [167/459] JATV
[00:42:03] [168/459] RCVD
[00:42:03] [169/459] BDMA
[00:42:04] [170/459] BLJI
[00:42:05] [171/459] SWOT
[00:42:06] [172/459] SWRN
[00:42:07] [173/459] TVRA
[00:42:08] [174/459] VCSV
[00:42:08] [175/459] NVRN
[00:42:09] [176/459] SIKC
[00:42:10] [177/459] VAKR
[00:42:11] [178/459] SYLN
[00:42:12] [179/459] KLJL
[00:42:12] [180/459] LKMY
[00:42:14] [181/459] VSLY
[00:42:16] [182/459] CIKO
[00:42:16] [183/459] GPBG
[00:42:17] [184/459] CECM
[00:42:18] [185/459] SLKB
[00:42:18] [186/459] MTBO
[00:42:19] [187/459] SSHB
[00:42:20] [188/459] VPCS
[00:42:21] [189/459] RCSR
[00:42:22] [190/459] RJRM
[00:42:22] [191/459] KPPB
[00:42:23] [192/459] SEDC
[00:42:24] [193/459] SCAI
[00:42:26] [194/459] RMTR
[00:42:27] [195/459] ASST
[00:42:28] [196/459] GCAK
[00:42:30] [197/459] ANNK
[00:42:30] [198/459] KDDF
[00:42:31] [199/459] NRDP
[00:42:32] [200/459] PLAK
[00:42:33] [201/459] GCMC
[00:42:34] [202/459] ALPY
[00:42:34] [203/459] SICE
[00:42:35] [204/459] SISR
[00:42:36] [205/459] SRPZ
[00:42:36] [206/459] SRSW
[00:42:37] [207/459] SUYA
[00:42:38] [208/459] AMMT
[00:42:39] [209/459] BHCU
[00:42:40] [210/459] KLPA
[00:42:41] [211/459] NVKH
[00:42:41] [212/459] JMRC
[00:42:42] [213/459] KTTT
[00:42:43] [214/459] MAGH
[00:42:43] [215/459] MMMX
[00:42:44] [216/459] SALJ
[00:42:45] [217/459] GTJA
[00:42:46] [218/459] MAHT
[00:42:47] [219/459] SSNN
[00:42:48] [220/459] ARRP
[00:42:49] [221/459] ATNS
[00:42:50] [222/459] SKDT
[00:42:51] [223/459] ACAT
[00:42:51] [224/459] APRC
[00:42:52] [225/459] SWAG
[00:42:53] [226/459] SDPT
[00:42:54] [227/459] STPS
[00:42:55] [228/459] WWCZ
[00:42:56] [229/459] LLCH
[00:42:57] [230/459] MZHA
[00:42:58] [231/459] CRJG
[00:43:00] [232/459] JGTK
[00:43:00] [233/459] KCSR
[00:43:01] [234/459] CHTL
[00:43:02] [235/459] EDSR
[00:43:04] [236/459] CSWO
[00:43:05] [237/459] CPVM
[00:43:06] [238/459] MXBY
[00:43:07] [239/459] FMMA
[00:43:07] [240/459] POVI
[00:43:08] [241/459] MTHB
[00:43:09] [242/459] INRC
[00:43:10] [243/459] PIPP
[00:43:11] [244/459] BMXC
[00:43:12] [245/459] PCMM
[00:43:13] [246/459] PMKM
[00:43:13] [247/459] GATY
[00:43:14] [248/459] IMCM
[00:43:15] [249/459] POPE
[00:43:16] [250/459] MTCR
[00:43:17] [251/459] PVAE
[00:43:18] [252/459] PVMI
[00:43:19] [253/459] CPNM
[00:43:20] [254/459] FMRL
[00:43:21] [255/459] MCIW
[00:43:21] [256/459] MXBO
[00:43:23] [257/459] FMKY
[00:43:25] [258/459] FMDA
[00:43:26] [259/459] THAB
[00:43:26] [260/459] PRCW
[00:43:27] [261/459] PITI
[00:43:28] [262/459] MCFF
[00:43:29] [263/459] PDDV
[00:43:30] [264/459] MCRM
[00:43:31] [265/459] KKMB
[00:43:31] [266/459] INKO
[00:43:32] [267/459] PLXP
[00:43:33] [268/459] MMHA
[00:43:34] [269/459] FMVS
[00:43:34] [270/459] POLM
[00:43:35] [271/459] STER
[00:43:36] [272/459] PVWJ
[00:43:37] [273/459] IMJW
[00:43:38] [274/459] FNAN
[00:43:39] [275/459] CAGL
[00:43:39] [276/459] IPBG
[00:43:40] [277/459] SMFV
[00:43:41] [278/459] MMMR
[00:43:42] [279/459] MMWM
[00:43:43] [280/459] FNCM
[00:43:44] [281/459] MDVA
[00:43:44] [282/459] MMET
[00:43:45] [283/459] MIDO
[00:43:46] [284/459] INNP
[00:43:47] [285/459] MIFU
[00:43:48] [286/459] MMSZ
[00:43:49] [287/459] BMXA
[00:43:49] [288/459] MCAA
[00:43:50] [289/459] SCVP
[00:43:51] [290/459] PLUS
[00:43:52] [291/459] MUCK
[00:43:53] [292/459] MTMA
[00:43:53] [293/459] HPVR
[00:43:54] [294/459] PMPK
[00:43:55] [295/459] MAJB
[00:43:56] [296/459] CTRR
[00:43:58] [297/459] MCTG
[00:43:58] [298/459] MACE
[00:43:59] [299/459] AAAS
[00:44:00] [300/459] CPVV
[00:44:01] [301/459] RCHG
[00:44:01] [302/459] MCNE
[00:44:02] [303/459] EMNC
[00:44:03] [304/459] MCAN
[00:44:04] [305/459] TCDM
[00:44:05] [306/459] IRGT
[00:44:06] [307/459] GCMG
[00:44:07] [308/459] MXSN
[00:44:08] [309/459] MXCK
[00:44:08] [310/459] MCRC
[00:44:09] [311/459] RSMI
[00:44:10] [312/459] WAML
[00:44:11] [313/459] MTSC
[00:44:12] [314/459] FMDR
[00:44:13] [315/459] LEPV
[00:44:14] [316/459] MTGD
[00:44:14] [317/459] IMOB
[00:44:15] [318/459] CLMM
[00:44:16] [319/459] PZCD
[00:44:17] [320/459] GOCS
[00:44:18] [321/459] KCMA
[00:44:19] [322/459] CCMP
[00:44:19] [323/459] MTSU
[00:44:20] [324/459] SNGL
[00:44:21] [325/459] MMMC
[00:44:22] [326/459] MMAA
[00:44:23] [327/459] GCDM
[00:44:25] [328/459] KTMV
[00:44:26] [329/459] AETE
[00:44:26] [330/459] OMCS
[00:44:27] [331/459] GDCD
[00:44:28] [332/459] NYMD
[00:44:29] [333/459] RNCV
[00:44:29] [334/459] KKMT
[00:44:30] [335/459] GDTH
[00:44:31] [336/459] KMMV
[00:44:32] [337/459] NHCG
[00:44:34] [338/459] PJDW
[00:44:35] [339/459] MMCV
[00:44:35] [340/459] FQSA
[00:44:36] [341/459] KURL
[00:44:37] [342/459] NNNX
[00:44:38] [343/459] AMAU
[00:44:39] [344/459] VVVM
[00:44:40] [345/459] VECU
[00:44:41] [346/459] WCVR
[00:44:41] [347/459] MTGG
[00:44:42] [348/459] SGTG
[00:44:43] [349/459] MNTG
[00:44:44] [350/459] JDDG
[00:44:45] [351/459] MBTK
[00:44:46] [352/459] SGCD
[00:44:47] [353/459] MCTC
[00:44:48] [354/459] JTPC
[00:44:49] [355/459] SDKT
[00:44:50] [356/459] KRCC
[00:44:51] [357/459] RMMD
[00:44:51] [358/459] AAME
[00:44:52] [359/459] TMWC
[00:44:53] [360/459] NRWY
[00:44:54] [361/459] CITD
[00:44:54] [362/459] VERD
[00:44:55] [363/459] MKSK
[00:44:56] [364/459] STSM
[00:44:57] [365/459] MJDG
[00:44:57] [366/459] RKPM
[00:44:59] [367/459] SSCE
[00:45:00] [368/459] VMAE
[00:45:00] [369/459] SBRU
[00:45:01] [370/459] AMBC
[00:45:02] [371/459] AMLU
[00:45:03] [372/459] INVZ
[00:45:03] [373/459] LGTV
[00:45:04] [374/459] SVAD
[00:45:05] [375/459] SMSA
[00:45:06] [376/459] SPCZ
[00:45:07] [377/459] GTCX
[00:45:08] [378/459] SCSL
[00:45:08] [379/459] SAHU
[00:45:09] [380/459] NCDA
[00:45:10] [381/459] SCCG
[00:45:11] [382/459] VKTL
[00:45:12] [383/459] PUUJ
[00:45:13] [384/459] STEJ
[00:45:14] [385/459] RJAL
[00:45:15] [386/459] ACJC
[00:45:15] [387/459] VTHC
[00:45:16] [388/459] ARVB
[00:45:17] [389/459] AUBB
[00:45:18] [390/459] GDBR
[00:45:18] [391/459] PVND
[00:45:19] [392/459] BGRJ
[00:45:20] [393/459] RJMM
[00:45:21] [394/459] MCSA
[00:45:22] [395/459] BODA
[00:45:23] [396/459] JAGG
[00:45:24] [397/459] SCGA
[00:45:24] [398/459] LRCM
[00:45:25] [399/459] CPCN
[00:45:26] [400/459] SSTF
[00:45:27] [401/459] SRXP
[00:45:28] [402/459] CNFX
[00:45:29] [403/459] ANDI
[00:45:31] [404/459] SYEW
[00:45:31] [405/459] RCRE
[00:45:32] [406/459] SCRW
[00:45:33] [407/459] MBKR
[00:45:35] [408/459] ASNT
[00:45:36] [409/459] JTMT
[00:45:37] [410/459] SHAY
[00:45:37] [411/459] VRTH
[00:45:38] [412/459] SPTI
[00:45:39] [413/459] DPTD
[00:45:40] [414/459] TGSN
[00:45:41] [415/459] RCWV
[00:45:42] [416/459] OCUR
[00:45:43] [417/459] KSTC
[00:45:43] [418/459] SANI
[00:45:44] [419/459] MLCA
[00:45:45] [420/459] EGCA
[00:45:46] [421/459] SYSN
[00:45:47] [422/459] PKTA
[00:45:48] [423/459] PRCC
[00:45:48] [424/459] KSTR
[00:45:49] [425/459] SNTP
[00:45:50] [426/459] RCHA
[00:45:51] [427/459] SEEA
[00:45:52] [428/459] ALAT
[00:45:52] [429/459] AATV
[00:45:53] [430/459] RJTE
[00:45:54] [431/459] AAPP
[00:45:55] [432/459] PMMH
[00:45:55] [433/459] INRJ
[00:45:56] [434/459] SARB
[00:45:57] [435/459] PCJL
[00:45:58] [436/459] PFJJ
[00:45:59] [437/459] GRDC
[00:46:00] [438/459] BCBA
[00:46:01] [439/459] VIXL
[00:46:02] [440/459] CSTL
[00:46:03] [441/459] MTDK
[00:46:04] [442/459] TDAC
[00:46:05] [443/459] GTDN
[00:46:06] [444/459] TTDE
[00:46:07] [445/459] ASTS
[00:46:07] [446/459] CPNS
[00:46:09] [447/459] PVVW
[00:46:10] [448/459] USEB
[00:46:11] [449/459] DTYN
[00:46:12] [450/459] PVLE
[00:46:13] [451/459] CIPS
[00:46:13] [452/459] PAEG
[00:46:14] [453/459] PTCW
[00:46:15] [454/459] G3SR
[00:46:17] [455/459] PGND
[00:46:17] [456/459] INVM
[00:46:18] [457/459] SPIA
[00:46:19] [458/459] PCSN
[00:46:20] [459/459] PPGV
[00:46:20] ✅ DONE | Shows=3 | Movies=1
[01:43:30] 🚀 BMS DAILY TRACKER STARTED
[01:43:30] [1/459] FNDB
[01:43:30] 🧠 New identity
[01:43:31] [2/459] AMBH
[01:43:32] [3/459] PRHN
[01:43:32] [4/459] ACPM
[01:43:33] [5/459] PVFS
[01:43:34] [6/459] AACN
[01:43:35] [7/459] ACAS
[01:43:36] [8/459] CTNR
[01:43:37] [9/459] MMAH
[01:43:38] [10/459] CPMH
[01:43:39] [11/459] IGMH
[01:43:40] [12/459] ABCS
[01:43:40] [13/459] CMMA
[01:43:41] [14/459] GPRH
[01:43:42] [15/459] PNNG
[01:43:43] [16/459] AMCA
[01:43:44] [17/459] ISTN
[01:43:45] [18/459] PIIC
[01:43:46] [19/459] AHMH
[01:43:46] [20/459] ASHN
[01:43:47] [21/459] INHY
[01:43:48] [22/459] SRMO
[01:43:49] [23/459] PIMH
[01:43:50] [24/459] PVTS
[01:43:52] [25/459] MMCA
[01:43:52] [26/459] AKYJ
[01:43:53] [27/459] BRKH
[01:43:54] [28/459] MAHM
[01:43:55] [29/459] CPHY
[01:43:57] [30/459] PVTP
[01:43:58] [31/459] SMMR
[01:43:59] [32/459] PVHM
[01:44:00] [33/459] SNDY
[01:44:01] [34/459] GOKU
[01:44:02] [35/459] ACEV
[01:44:03] [36/459] PVUM
[01:44:04] [37/459] VSWA
[01:44:05] [38/459] IPRS
[01:44:06] [39/459] ASGN
[01:44:07] [40/459] BKMV
[01:44:07] [41/459] PVYH
[01:44:09] [42/459] INKM
[01:44:10] [43/459] ARJU
[01:44:11] [44/459] JJPP
[01:44:12] [45/459] SSRM
[01:44:12] [46/459] HMHD
[01:44:14] [47/459] SNKH
[01:44:14] [48/459] ACHI
[01:44:15] [49/459] MRAA
[01:44:16] [50/459] INMH
[01:44:17] [51/459] ARMH
[01:44:18] [52/459] DVRR
[01:44:19] [53/459] SUDA
[01:44:20] [54/459] MCSS
[01:44:20] [55/459] VRKC
[01:44:21] [56/459] PRCX
[01:44:22] [57/459] ASJY
[01:44:23] [58/459] MTHY
[01:44:25] [59/459] SRCM
[01:44:25] [60/459] TVHY
[01:44:26] [61/459] STHD
[01:44:27] [62/459] CPCL
[01:44:28] [63/459] PSMJ
[01:44:28] [64/459] MRGT
[01:44:29] [65/459] ARYH
[01:44:30] [66/459] VTRB
[01:44:31] [67/459] SCHC
[01:44:32] [68/459] MRRG
[01:44:32] [69/459] SPCB
[01:44:33] [70/459] AMCM
[01:44:34] [71/459] IVNM
[01:44:35] [72/459] TRHY
[01:44:36] [73/459] PTTH
[01:44:37] [74/459] RKMH
[01:44:38] [75/459] PRCS
[01:44:38] [76/459] VAJA
[01:44:39] [77/459] BJNG
[01:44:40] [78/459] SCVM
[01:44:41] [79/459] GNHB
[01:44:42] [80/459] TLUR
[01:44:43] [81/459] UKCC
[01:44:43] [82/459] SRKR
[01:44:44] [83/459] RMKN
[01:44:45] [84/459] SLRT
[01:44:46] [85/459] LKMT
[01:44:47] [86/459] SSRJ
[01:44:48] [87/459] SPHT
[01:44:49] [88/459] ANTT
[01:44:49] [89/459] SRCH
[01:44:50] [90/459] SRCA
[01:44:51] [91/459] ARTH
[01:44:52] [92/459] MCBH
[01:44:53] [93/459] SNIB
[01:44:54] [94/459] SART
[01:44:55] [95/459] SKTA
[01:44:57] [96/459] YAKT
[01:44:58] [97/459] MLCK
[01:44:58] [98/459] ANTS
[01:44:59] [99/459] DGCA
[01:45:00] [100/459] SGMP
[01:45:02] [101/459] ASWN
[01:45:03] [102/459] KFVU
[01:45:04] [103/459] POOR
[01:45:06] [104/459] GKDN
[01:45:06] [105/459] EOSE
[01:45:07] [106/459] GTTT
[01:45:08] [107/459] ARRO
[01:45:09] [108/459] CMMK
[01:45:10] [109/459] MSCN
[01:45:11] [110/459] GDKH
[01:45:11] [111/459] DLMT
[01:45:12] [112/459] PVMF
[01:45:13] [113/459] CPCK
[01:45:14] [114/459] VMHE
[01:45:15] [115/459] PVLC
[01:45:15] [116/459] PCVB
[01:45:16] [117/459] SNYK
[01:45:17] [118/459] KTEK
[01:45:18] [119/459] PCNM
[01:45:19] [120/459] NTTR
[01:45:20] [121/459] CPSK
[01:45:20] [122/459] JMMA
[01:45:22] [123/459] GCFK
[01:45:23] [124/459] MYCA
[01:45:25] [125/459] KSNP
[01:45:26] [126/459] PMCE
[01:45:27] [127/459] SCKI
[01:45:27] [128/459] FSMA
[01:45:28] [129/459] CETA
[01:45:29] [130/459] MCIK
[01:45:29] [131/459] MYCR
[01:45:30] [132/459] EVMP
[01:45:31] [133/459] SSGT
[01:45:32] [134/459] KCTK
[01:45:33] [135/459] ZTKC
[01:45:33] [136/459] MMTA
[01:45:34] [137/459] MAJT
[01:45:35] [138/459] ACPK
[01:45:36] [139/459] JMAX
[01:45:37] [140/459] SETK
[01:45:38] [141/459] CAIS
[01:45:39] [142/459] AGCD
[01:45:40] [143/459] URCL
[01:45:40] [144/459] VTDS
[01:45:41] [145/459] JCNM
[01:45:42] [146/459] KCAM
[01:45:43] [147/459] ADCU
[01:45:43] [148/459] GXYN
[01:45:44] [149/459] SMJG
[01:45:45] [150/459] EYCJ
[01:45:46] [151/459] CCEJ
[01:45:47] [152/459] MARS
[01:45:48] [153/459] CPVJ
[01:45:50] [154/459] INVP
[01:45:51] [155/459] CPOV
[01:45:52] [156/459] VIJK
[01:45:53] [157/459] LAIM
[01:45:54] [158/459] STHV
[01:45:54] [159/459] SVLJ
[01:45:55] [160/459] ATVJ
[01:45:56] [161/459] JTSC
[01:45:57] [162/459] RMTV
[01:45:58] [163/459] MGGG
[01:45:59] [164/459] SWTH
[01:45:59] [165/459] INVJ
[01:46:00] [166/459] PRSV
[01:46:01] [167/459] JATV
[01:46:02] [168/459] RCVD
[01:46:03] [169/459] BDMA
[01:46:04] [170/459] BLJI
[01:46:05] [171/459] SWOT
[01:46:06] [172/459] SWRN
[01:46:07] [173/459] TVRA
[01:46:08] [174/459] VCSV
[01:46:09] [175/459] NVRN
[01:46:10] [176/459] SIKC
[01:46:11] [177/459] VAKR
[01:46:12] [178/459] SYLN
[01:46:13] [179/459] KLJL
[01:46:13] [180/459] LKMY
[01:46:14] [181/459] VSLY
[01:46:15] [182/459] CIKO
[01:46:16] [183/459] GPBG
[01:46:17] [184/459] CECM
[01:46:17] [185/459] SLKB
[01:46:19] [186/459] MTBO
[01:46:20] [187/459] SSHB
[01:46:21] [188/459] VPCS
[01:46:22] [189/459] RCSR
[01:46:23] [190/459] RJRM
[01:46:24] [191/459] KPPB
[01:46:25] [192/459] SEDC
[01:46:26] [193/459] SCAI
[01:46:26] [194/459] RMTR
[01:46:27] [195/459] ASST
[01:46:28] [196/459] GCAK
[01:46:29] [197/459] ANNK
[01:46:30] [198/459] KDDF
[01:46:30] [199/459] NRDP
[01:46:31] [200/459] PLAK
[01:46:32] [201/459] GCMC
[01:46:33] [202/459] ALPY
[01:46:34] [203/459] SICE
[01:46:35] [204/459] SISR
[01:46:35] [205/459] SRPZ
[01:46:36] [206/459] SRSW
[01:46:37] [207/459] SUYA
[01:46:38] [208/459] AMMT
[01:46:39] [209/459] BHCU
[01:46:39] [210/459] KLPA
[01:46:40] [211/459] NVKH
[01:46:41] [212/459] JMRC
[01:46:42] [213/459] KTTT
[01:46:43] [214/459] MAGH
[01:46:44] [215/459] MMMX
[01:46:45] [216/459] SALJ
[01:46:46] [217/459] GTJA
[01:46:47] [218/459] MAHT
[01:46:48] [219/459] SSNN
[01:46:49] [220/459] ARRP
[01:46:50] [221/459] ATNS
[01:46:51] [222/459] SKDT
[01:46:51] [223/459] ACAT
[01:46:52] [224/459] APRC
[01:46:53] [225/459] SWAG
[01:46:54] [226/459] SDPT
[01:46:55] [227/459] STPS
[01:46:56] [228/459] WWCZ
[01:46:56] [229/459] LLCH
[01:46:57] [230/459] MZHA
[01:46:58] [231/459] CRJG
[01:46:59] [232/459] JGTK
[01:47:00] [233/459] KCSR
[01:47:01] [234/459] CHTL
[01:47:02] [235/459] EDSR
[01:47:03] [236/459] CSWO
[01:47:04] [237/459] CPVM
[01:47:05] [238/459] MXBY
[01:47:06] [239/459] FMMA
[01:47:06] [240/459] POVI
[01:47:07] [241/459] MTHB
[01:47:08] [242/459] INRC
[01:47:09] [243/459] PIPP
[01:47:10] [244/459] BMXC
[01:47:11] [245/459] PCMM
[01:47:11] [246/459] PMKM
[01:47:12] [247/459] GATY
[01:47:14] [248/459] IMCM
[01:47:15] [249/459] POPE
[01:47:15] [250/459] MTCR
[01:47:17] [251/459] PVAE
[01:47:18] [252/459] PVMI
[01:47:19] [253/459] CPNM
[01:47:20] [254/459] FMRL
[01:47:20] [255/459] MCIW
[01:47:21] [256/459] MXBO
[01:47:22] [257/459] FMKY
[01:47:23] [258/459] FMDA
[01:47:24] [259/459] THAB
[01:47:25] [260/459] PRCW
[01:47:26] [261/459] PITI
[01:47:27] [262/459] MCFF
[01:47:28] [263/459] PDDV
[01:47:29] [264/459] MCRM
[01:47:30] [265/459] KKMB
[01:47:31] [266/459] INKO
[01:47:32] [267/459] PLXP
[01:47:33] [268/459] MMHA
[01:47:34] [269/459] FMVS
[01:47:35] [270/459] POLM
[01:47:36] [271/459] STER
[01:47:37] [272/459] PVWJ
[01:47:38] [273/459] IMJW
[01:47:39] [274/459] FNAN
[01:47:40] [275/459] CAGL
[01:47:41] [276/459] IPBG
[01:47:42] [277/459] SMFV
[01:47:42] [278/459] MMMR
[01:47:43] [279/459] MMWM
[01:47:44] [280/459] FNCM
[01:47:45] [281/459] MDVA
[01:47:46] [282/459] MMET
[01:47:47] [283/459] MIDO
[01:47:48] [284/459] INNP
[01:47:49] [285/459] MIFU
[01:47:50] [286/459] MMSZ
[01:47:51] [287/459] BMXA
[01:47:51] [288/459] MCAA
[01:47:52] [289/459] SCVP
[01:47:53] [290/459] PLUS
[01:47:54] [291/459] MUCK
[01:47:55] [292/459] MTMA
[01:47:55] [293/459] HPVR
[01:47:56] [294/459] PMPK
[01:47:57] [295/459] MAJB
[01:47:58] [296/459] CTRR
[01:47:59] [297/459] MCTG
[01:48:00] [298/459] MACE
[01:48:00] [299/459] AAAS
[01:48:01] [300/459] CPVV
[01:48:02] [301/459] RCHG
[01:48:03] [302/459] MCNE
[01:48:03] [303/459] EMNC
[01:48:04] [304/459] MCAN
[01:48:05] [305/459] TCDM
[01:48:06] [306/459] IRGT
[01:48:07] [307/459] GCMG
[01:48:07] [308/459] MXSN
[01:48:08] [309/459] MXCK
[01:48:09] [310/459] MCRC
[01:48:10] [311/459] RSMI
[01:48:11] [312/459] WAML
[01:48:11] [313/459] MTSC
[01:48:12] [314/459] FMDR
[01:48:13] [315/459] LEPV
[01:48:14] [316/459] MTGD
[01:48:14] [317/459] IMOB
[01:48:15] [318/459] CLMM
[01:48:16] [319/459] PZCD
[01:48:17] [320/459] GOCS
[01:48:18] [321/459] KCMA
[01:48:18] [322/459] CCMP
[01:48:20] [323/459] MTSU
[01:48:20] [324/459] SNGL
[01:48:21] [325/459] MMMC
[01:48:22] [326/459] MMAA
[01:48:23] [327/459] GCDM
[01:48:24] [328/459] KTMV
[01:48:24] [329/459] AETE
[01:48:25] [330/459] OMCS
[01:48:26] [331/459] GDCD
[01:48:27] [332/459] NYMD
[01:48:28] [333/459] RNCV
[01:48:29] [334/459] KKMT
[01:48:29] [335/459] GDTH
[01:48:30] [336/459] KMMV
[01:48:31] [337/459] NHCG
[01:48:33] [338/459] PJDW
[01:48:34] [339/459] MMCV
[01:48:34] [340/459] FQSA
[01:48:35] [341/459] KURL
[01:48:36] [342/459] NNNX
[01:48:37] [343/459] AMAU
[01:48:38] [344/459] VVVM
[01:48:38] [345/459] VECU
[01:48:39] [346/459] WCVR
[01:48:40] [347/459] MTGG
[01:48:41] [348/459] SGTG
[01:48:42] [349/459] MNTG
[01:48:43] [350/459] JDDG
[01:48:44] [351/459] MBTK
[01:48:44] [352/459] SGCD
[01:48:46] [353/459] MCTC
[01:48:47] [354/459] JTPC
[01:48:48] [355/459] SDKT
[01:48:48] [356/459] KRCC
[01:48:50] [357/459] RMMD
[01:48:51] [358/459] AAME
[01:48:51] [359/459] TMWC
[01:48:52] [360/459] NRWY
[01:48:53] [361/459] CITD
[01:48:54] [362/459] VERD
[01:48:55] [363/459] MKSK
[01:48:55] [364/459] STSM
[01:48:56] [365/459] MJDG
[01:48:57] [366/459] RKPM
[01:48:58] [367/459] SSCE
[01:48:58] [368/459] VMAE
[01:48:59] [369/459] SBRU
[01:49:00] [370/459] AMBC
[01:49:01] [371/459] AMLU
[01:49:02] [372/459] INVZ
[01:49:03] [373/459] LGTV
[01:49:04] [374/459] SVAD
[01:49:05] [375/459] SMSA
[01:49:05] [376/459] SPCZ
[01:49:06] [377/459] GTCX
[01:49:07] [378/459] SCSL
[01:49:08] [379/459] SAHU
[01:49:09] [380/459] NCDA
[01:49:09] [381/459] SCCG
[01:49:10] [382/459] VKTL
[01:49:11] [383/459] PUUJ
[01:49:12] [384/459] STEJ
[01:49:13] [385/459] RJAL
[01:49:14] [386/459] ACJC
[01:49:15] [387/459] VTHC
[01:49:16] [388/459] ARVB
[01:49:16] [389/459] AUBB
[01:49:17] [390/459] GDBR
[01:49:18] [391/459] PVND
[01:49:19] [392/459] BGRJ
[01:49:20] [393/459] RJMM
[01:49:20] [394/459] MCSA
[01:49:21] [395/459] BODA
[01:49:22] [396/459] JAGG
[01:49:23] [397/459] SCGA
[01:49:24] [398/459] LRCM
[01:49:25] [399/459] CPCN
[01:49:26] [400/459] SSTF
[01:49:27] [401/459] SRXP
[01:49:28] [402/459] CNFX
[01:49:29] [403/459] ANDI
[01:49:30] [404/459] SYEW
[01:49:31] [405/459] RCRE
[01:49:32] [406/459] SCRW
[01:49:33] [407/459] MBKR
[01:49:34] [408/459] ASNT
[01:49:34] [409/459] JTMT
[01:49:35] [410/459] SHAY
[01:49:36] [411/459] VRTH
[01:49:37] [412/459] SPTI
[01:49:38] [413/459] DPTD
[01:49:39] [414/459] TGSN
[01:49:40] [415/459] RCWV
[01:49:41] [416/459] OCUR
[01:49:42] [417/459] KSTC
[01:49:42] [418/459] SANI
[01:49:43] [419/459] MLCA
[01:49:44] [420/459] EGCA
[01:49:45] [421/459] SYSN
[01:49:46] [422/459] PKTA
[01:49:47] [423/459] PRCC
[01:49:48] [424/459] KSTR
[01:49:49] [425/459] SNTP
[01:49:49] [426/459] RCHA
[01:49:50] [427/459] SEEA
[01:49:51] [428/459] ALAT
[01:49:52] [429/459] AATV
[01:49:52] [430/459] RJTE
[01:49:53] [431/459] AAPP
[01:49:55] [432/459] PMMH
[01:49:56] [433/459] INRJ
[01:49:57] [434/459] SARB
[01:49:57] [435/459] PCJL
[01:49:58] [436/459] PFJJ
[01:49:59] [437/459] GRDC
[01:50:00] [438/459] BCBA
[01:50:01] [439/459] VIXL
[01:50:03] [440/459] CSTL
[01:50:03] [441/459] MTDK
[01:50:04] [442/459] TDAC
[01:50:05] [443/459] GTDN
[01:50:06] [444/459] TTDE
[01:50:06] [445/459] ASTS
[01:50:07] [446/459] CPNS
[01:50:08] [447/459] PVVW
[01:50:09] [448/459] USEB
[01:50:10] [449/459] DTYN
[01:50:11] [450/459] PVLE
[01:50:12] [451/459] CIPS
[01:50:13] [452/459] PAEG
[01:50:13] [453/459] PTCW
[01:50:14] [454/459] G3SR
[01:50:15] [455/459] PGND
[01:50:16] [456/459] INVM
[01:50:17] [457/459] SPIA
[01:50:18] [458/459] PCSN
[01:50:19] [459/459] PPGV
[01:50:20] ✅ DONE | Shows=3 | Movies=1
[02:40:45] 🚀 BMS DAILY TRACKER STARTED
[02:40:45] [1/459] FNDB
[02:40:45] 🧠 New identity
[02:40:46] [2/459] AMBH
[02:40:47] [3/459] PRHN
[02:40:48] [4/459] ACPM
[02:40:49] [5/459] PVFS
[02:40:50] [6/459] AACN
[02:40:51] [7/459] ACAS
[02:40:52] [8/459] CTNR
[02:40:52] [9/459] MMAH
[02:40:53] [10/459] CPMH
[02:40:54] [11/459] IGMH
[02:40:55] [12/459] ABCS
[02:40:56] [13/459] CMMA
[02:40:57] [14/459] GPRH
[02:40:58] [15/459] PNNG
[02:40:58] [16/459] AMCA
[02:40:59] [17/459] ISTN
[02:41:00] [18/459] PIIC
[02:41:01] [19/459] AHMH
[02:41:01] [20/459] ASHN
[02:41:02] [21/459] INHY
[02:41:03] [22/459] SRMO
[02:41:04] [23/459] PIMH
[02:41:05] [24/459] PVTS
[02:41:06] [25/459] MMCA
[02:41:07] [26/459] AKYJ
[02:41:08] [27/459] BRKH
[02:41:09] [28/459] MAHM
[02:41:09] [29/459] CPHY
[02:41:10] [30/459] PVTP
[02:41:11] [31/459] SMMR
[02:41:12] [32/459] PVHM
[02:41:13] [33/459] SNDY
[02:41:14] [34/459] GOKU
[02:41:15] [35/459] ACEV
[02:41:15] [36/459] PVUM
[02:41:16] [37/459] VSWA
[02:41:17] [38/459] IPRS
[02:41:18] [39/459] ASGN
[02:41:19] [40/459] BKMV
[02:41:21] [41/459] PVYH
[02:41:22] [42/459] INKM
[02:41:22] [43/459] ARJU
[02:41:23] [44/459] JJPP
[02:41:24] [45/459] SSRM
[02:41:25] [46/459] HMHD
[02:41:25] [47/459] SNKH
[02:41:26] [48/459] ACHI
[02:41:27] [49/459] MRAA
[02:41:28] [50/459] INMH
[02:41:28] [51/459] ARMH
[02:41:29] [52/459] DVRR
[02:41:30] [53/459] SUDA
[02:41:31] [54/459] MCSS
[02:41:31] [55/459] VRKC
[02:41:32] [56/459] PRCX
[02:41:33] [57/459] ASJY
[02:41:34] [58/459] MTHY
[02:41:34] [59/459] SRCM
[02:41:35] [60/459] TVHY
[02:41:36] [61/459] STHD
[02:41:37] [62/459] CPCL
[02:41:39] [63/459] PSMJ
[02:41:40] [64/459] MRGT
[02:41:40] [65/459] ARYH
[02:41:42] [66/459] VTRB
[02:41:43] [67/459] SCHC
[02:41:43] [68/459] MRRG
[02:41:44] [69/459] SPCB
[02:41:45] [70/459] AMCM
[02:41:47] [71/459] IVNM
[02:41:48] [72/459] TRHY
[02:41:48] [73/459] PTTH
[02:41:49] [74/459] RKMH
[02:41:50] [75/459] PRCS
[02:41:51] [76/459] VAJA
[02:41:52] [77/459] BJNG
[02:41:53] [78/459] SCVM
[02:41:54] [79/459] GNHB
[02:41:54] [80/459] TLUR
[02:41:55] [81/459] UKCC
[02:41:56] [82/459] SRKR
[02:41:57] [83/459] RMKN
[02:41:58] [84/459] SLRT
[02:41:59] [85/459] LKMT
[02:41:59] [86/459] SSRJ
[02:42:01] [87/459] SPHT
[02:42:02] [88/459] ANTT
[02:42:03] [89/459] SRCH
[02:42:04] [90/459] SRCA
[02:42:04] [91/459] ARTH
[02:42:05] [92/459] MCBH
[02:42:06] [93/459] SNIB
[02:42:07] [94/459] SART
[02:42:08] [95/459] SKTA
[02:42:09] [96/459] YAKT
[02:42:09] [97/459] MLCK
[02:42:10] [98/459] ANTS
[02:42:11] [99/459] DGCA
[02:42:12] [100/459] SGMP
[02:42:12] [101/459] ASWN
[02:42:13] [102/459] KFVU
[02:42:14] [103/459] POOR
[02:42:15] [104/459] GKDN
[02:42:16] [105/459] EOSE
[02:42:17] [106/459] GTTT
[02:42:18] [107/459] ARRO
[02:42:18] [108/459] CMMK
[02:42:19] [109/459] MSCN
[02:42:20] [110/459] GDKH
[02:42:22] [111/459] DLMT
[02:42:23] [112/459] PVMF
[02:42:23] [113/459] CPCK
[02:42:24] [114/459] VMHE
[02:42:25] [115/459] PVLC
[02:42:26] [116/459] PCVB
[02:42:26] [117/459] SNYK
[02:42:27] [118/459] KTEK
[02:42:28] [119/459] PCNM
[02:42:29] [120/459] NTTR
[02:42:30] [121/459] CPSK
[02:42:31] [122/459] JMMA
[02:42:31] [123/459] GCFK
[02:42:32] [124/459] MYCA
[02:42:33] [125/459] KSNP
[02:42:34] [126/459] PMCE
[02:42:35] [127/459] SCKI
[02:42:35] [128/459] FSMA
[02:42:36] [129/459] CETA
[02:42:37] [130/459] MCIK
[02:42:38] [131/459] MYCR
[02:42:39] [132/459] EVMP
[02:42:40] [133/459] SSGT
[02:42:40] [134/459] KCTK
[02:42:41] [135/459] ZTKC
[02:42:42] [136/459] MMTA
[02:42:43] [137/459] MAJT
[02:42:44] [138/459] ACPK
[02:42:45] [139/459] JMAX
[02:42:46] [140/459] SETK
[02:42:46] [141/459] CAIS
[02:42:47] [142/459] AGCD
[02:42:48] [143/459] URCL
[02:42:49] [144/459] VTDS
[02:42:50] [145/459] JCNM
[02:42:50] [146/459] KCAM
[02:42:51] [147/459] ADCU
[02:42:52] [148/459] GXYN
[02:42:53] [149/459] SMJG
[02:42:54] [150/459] EYCJ
[02:42:55] [151/459] CCEJ
[02:42:56] [152/459] MARS
[02:42:57] [153/459] CPVJ
[02:42:58] [154/459] INVP
[02:42:58] [155/459] CPOV
[02:42:59] [156/459] VIJK
[02:43:01] [157/459] LAIM
[02:43:02] [158/459] STHV
[02:43:02] [159/459] SVLJ
[02:43:03] [160/459] ATVJ
[02:43:04] [161/459] JTSC
[02:43:05] [162/459] RMTV
[02:43:06] [163/459] MGGG
[02:43:06] [164/459] SWTH
[02:43:07] [165/459] INVJ
[02:43:08] [166/459] PRSV
[02:43:09] [167/459] JATV
[02:43:10] [168/459] RCVD
[02:43:11] [169/459] BDMA
[02:43:12] [170/459] BLJI
[02:43:13] [171/459] SWOT
[02:43:13] [172/459] SWRN
[02:43:15] [173/459] TVRA
[02:43:16] [174/459] VCSV
[02:43:17] [175/459] NVRN
[02:43:18] [176/459] SIKC
[02:43:19] [177/459] VAKR
[02:43:20] [178/459] SYLN
[02:43:21] [179/459] KLJL
[02:43:22] [180/459] LKMY
[02:43:23] [181/459] VSLY
[02:43:24] [182/459] CIKO
[02:43:25] [183/459] GPBG
[02:43:26] [184/459] CECM
[02:43:26] [185/459] SLKB
[02:43:27] [186/459] MTBO
[02:43:28] [187/459] SSHB
[02:43:29] [188/459] VPCS
[02:43:30] [189/459] RCSR
[02:43:30] [190/459] RJRM
[02:43:31] [191/459] KPPB
[02:43:32] [192/459] SEDC
[02:43:33] [193/459] SCAI
[02:43:34] [194/459] RMTR
[02:43:35] [195/459] ASST
[02:43:36] [196/459] GCAK
[02:43:36] [197/459] ANNK
[02:43:37] [198/459] KDDF
[02:43:38] [199/459] NRDP
[02:43:39] [200/459] PLAK
[02:43:39] [201/459] GCMC
[02:43:41] [202/459] ALPY
[02:43:42] [203/459] SICE
[02:43:43] [204/459] SISR
[02:43:44] [205/459] SRPZ
[02:43:45] [206/459] SRSW
[02:43:45] [207/459] SUYA
[02:43:47] [208/459] AMMT
[02:43:48] [209/459] BHCU
[02:43:49] [210/459] KLPA
[02:43:50] [211/459] NVKH
[02:43:51] [212/459] JMRC
[02:43:51] [213/459] KTTT
[02:43:52] [214/459] MAGH
[02:43:53] [215/459] MMMX
[02:43:54] [216/459] SALJ
[02:43:55] [217/459] GTJA
[02:43:56] [218/459] MAHT
[02:43:57] [219/459] SSNN
[02:43:57] [220/459] ARRP
[02:43:59] [221/459] ATNS
[02:44:00] [222/459] SKDT
[02:44:00] [223/459] ACAT
[02:44:01] [224/459] APRC
[02:44:02] [225/459] SWAG
[02:44:03] [226/459] SDPT
[02:44:04] [227/459] STPS
[02:44:04] [228/459] WWCZ
[02:44:05] [229/459] LLCH
[02:44:07] [230/459] MZHA
[02:44:08] [231/459] CRJG
[02:44:09] [232/459] JGTK
[02:44:09] [233/459] KCSR
[02:44:10] [234/459] CHTL
[02:44:11] [235/459] EDSR
[02:44:12] [236/459] CSWO
[02:44:13] [237/459] CPVM
[02:44:14] [238/459] MXBY
[02:44:15] [239/459] FMMA
[02:44:16] [240/459] POVI
[02:44:17] [241/459] MTHB
[02:44:18] [242/459] INRC
[02:44:19] [243/459] PIPP
[02:44:19] [244/459] BMXC
[02:44:20] [245/459] PCMM
[02:44:21] [246/459] PMKM
[02:44:22] [247/459] GATY
[02:44:23] [248/459] IMCM
[02:44:24] [249/459] POPE
[02:44:25] [250/459] MTCR
[02:44:27] [251/459] PVAE
[02:44:28] [252/459] PVMI
[02:44:28] [253/459] CPNM
[02:44:29] [254/459] FMRL
[02:44:31] [255/459] MCIW
[02:44:31] [256/459] MXBO
[02:44:33] [257/459] FMKY
[02:44:34] [258/459] FMDA
[02:44:35] [259/459] THAB
[02:44:36] [260/459] PRCW
[02:44:36] [261/459] PITI
[02:44:38] [262/459] MCFF
[02:44:38] [263/459] PDDV
[02:44:40] [264/459] MCRM
[02:44:41] [265/459] KKMB
[02:44:42] [266/459] INKO
[02:44:42] [267/459] PLXP
[02:44:43] [268/459] MMHA
[02:44:44] [269/459] FMVS
[02:44:45] [270/459] POLM
[02:44:46] [271/459] STER
[02:44:47] [272/459] PVWJ
[02:44:48] [273/459] IMJW
[02:44:48] [274/459] FNAN
[02:44:49] [275/459] CAGL
[02:44:50] [276/459] IPBG
[02:44:52] [277/459] SMFV
[02:44:52] [278/459] MMMR
[02:44:53] [279/459] MMWM
[02:44:54] [280/459] FNCM
[02:44:55] [281/459] MDVA
[02:44:55] [282/459] MMET
[02:44:57] [283/459] MIDO
[02:44:58] [284/459] INNP
[02:44:59] [285/459] MIFU
[02:44:59] [286/459] MMSZ
[02:45:00] [287/459] BMXA
[02:45:01] [288/459] MCAA
[02:45:02] [289/459] SCVP
[02:45:03] [290/459] PLUS
[02:45:03] [291/459] MUCK
[02:45:04] [292/459] MTMA
[02:45:05] [293/459] HPVR
[02:45:06] [294/459] PMPK
[02:45:07] [295/459] MAJB
[02:45:07] [296/459] CTRR
[02:45:08] [297/459] MCTG
[02:45:09] [298/459] MACE
[02:45:10] [299/459] AAAS
[02:45:11] [300/459] CPVV
[02:45:12] [301/459] RCHG
[02:45:12] [302/459] MCNE
[02:45:13] [303/459] EMNC
[02:45:15] [304/459] MCAN
[02:45:16] [305/459] TCDM
[02:45:17] [306/459] IRGT
[02:45:18] [307/459] GCMG
[02:45:19] [308/459] MXSN
[02:45:20] [309/459] MXCK
[02:45:21] [310/459] MCRC
[02:45:21] [311/459] RSMI
[02:45:22] [312/459] WAML
[02:45:23] [313/459] MTSC
[02:45:23] [314/459] FMDR
[02:45:24] [315/459] LEPV
[02:45:25] [316/459] MTGD
[02:45:26] [317/459] IMOB
[02:45:27] [318/459] CLMM
[02:45:28] [319/459] PZCD
[02:45:29] [320/459] GOCS
[02:45:30] [321/459] KCMA
[02:45:31] [322/459] CCMP
[02:45:32] [323/459] MTSU
[02:45:33] [324/459] SNGL
[02:45:34] [325/459] MMMC
[02:45:35] [326/459] MMAA
[02:45:36] [327/459] GCDM
[02:45:36] [328/459] KTMV
[02:45:38] [329/459] AETE
[02:45:38] [330/459] OMCS
[02:45:39] [331/459] GDCD
[02:45:40] [332/459] NYMD
[02:45:41] [333/459] RNCV
[02:45:42] [334/459] KKMT
[02:45:42] [335/459] GDTH
[02:45:43] [336/459] KMMV
[02:45:44] [337/459] NHCG
[02:45:45] [338/459] PJDW
[02:45:46] [339/459] MMCV
[02:45:46] [340/459] FQSA
[02:45:47] [341/459] KURL
[02:45:48] [342/459] NNNX
[02:45:49] [343/459] AMAU
[02:45:49] [344/459] VVVM
[02:45:50] [345/459] VECU
[02:45:52] [346/459] WCVR
[02:45:53] [347/459] MTGG
[02:45:55] [348/459] SGTG
[02:45:55] [349/459] MNTG
[02:45:56] [350/459] JDDG
[02:45:57] [351/459] MBTK
[02:45:58] [352/459] SGCD
[02:45:59] [353/459] MCTC
[02:45:59] [354/459] JTPC
[02:46:00] [355/459] SDKT
[02:46:01] [356/459] KRCC
[02:46:02] [357/459] RMMD
[02:46:03] [358/459] AAME
[02:46:03] [359/459] TMWC
[02:46:04] [360/459] NRWY
[02:46:05] [361/459] CITD
[02:46:06] [362/459] VERD
[02:46:08] [363/459] MKSK
[02:46:09] [364/459] STSM
[02:46:09] [365/459] MJDG
[02:46:11] [366/459] RKPM
[02:46:12] [367/459] SSCE
[02:46:12] [368/459] VMAE
[02:46:13] [369/459] SBRU
[02:46:14] [370/459] AMBC
[02:46:15] [371/459] AMLU
[02:46:16] [372/459] INVZ
[02:46:16] [373/459] LGTV
[02:46:17] [374/459] SVAD
[02:46:18] [375/459] SMSA
[02:46:19] [376/459] SPCZ
[02:46:20] [377/459] GTCX
[02:46:21] [378/459] SCSL
[02:46:22] [379/459] SAHU
[02:46:23] [380/459] NCDA
[02:46:24] [381/459] SCCG
[02:46:25] [382/459] VKTL
[02:46:26] [383/459] PUUJ
[02:46:27] [384/459] STEJ
[02:46:28] [385/459] RJAL
[02:46:28] [386/459] ACJC
[02:46:29] [387/459] VTHC
[02:46:30] [388/459] ARVB
[02:46:31] [389/459] AUBB
[02:46:32] [390/459] GDBR
[02:46:33] [391/459] PVND
[02:46:34] [392/459] BGRJ
[02:46:35] [393/459] RJMM
[02:46:35] [394/459] MCSA
[02:46:36] [395/459] BODA
[02:46:37] [396/459] JAGG
[02:46:38] [397/459] SCGA
[02:46:39] [398/459] LRCM
[02:46:40] [399/459] CPCN
[02:46:41] [400/459] SSTF
[02:46:42] [401/459] SRXP
[02:46:43] [402/459] CNFX
[02:46:44] [403/459] ANDI
[02:46:45] [404/459] SYEW
[02:46:45] [405/459] RCRE
[02:46:46] [406/459] SCRW
[02:46:47] [407/459] MBKR
[02:46:48] [408/459] ASNT
[02:46:49] [409/459] JTMT
[02:46:50] [410/459] SHAY
[02:46:51] [411/459] VRTH
[02:46:51] [412/459] SPTI
[02:46:52] [413/459] DPTD
[02:46:53] [414/459] TGSN
[02:46:54] [415/459] RCWV
[02:46:55] [416/459] OCUR
[02:46:56] [417/459] KSTC
[02:46:57] [418/459] SANI
[02:46:58] [419/459] MLCA
[02:46:59] [420/459] EGCA
[02:47:00] [421/459] SYSN
[02:47:01] [422/459] PKTA
[02:47:02] [423/459] PRCC
[02:47:03] [424/459] KSTR
[02:47:03] [425/459] SNTP
[02:47:04] [426/459] RCHA
[02:47:05] [427/459] SEEA
[02:47:06] [428/459] ALAT
[02:47:07] [429/459] AATV
[02:47:08] [430/459] RJTE
[02:47:10] [431/459] AAPP
[02:47:10] [432/459] PMMH
[02:47:11] [433/459] INRJ
[02:47:12] [434/459] SARB
[02:47:13] [435/459] PCJL
[02:47:14] [436/459] PFJJ
[02:47:14] [437/459] GRDC
[02:47:15] [438/459] BCBA
[02:47:16] [439/459] VIXL
[02:47:17] [440/459] CSTL
[02:47:18] [441/459] MTDK
[02:47:19] [442/459] TDAC
[02:47:20] [443/459] GTDN
[02:47:21] [444/459] TTDE
[02:47:22] [445/459] ASTS
[02:47:22] [446/459] CPNS
[02:47:23] [447/459] PVVW
[02:47:24] [448/459] USEB
[02:47:25] [449/459] DTYN
[02:47:26] [450/459] PVLE
[02:47:27] [451/459] CIPS
[02:47:28] [452/459] PAEG
[02:47:29] [453/459] PTCW
[02:47:30] [454/459] G3SR
[02:47:31] [455/459] PGND
[02:47:31] [456/459] INVM
[02:47:32] [457/459] SPIA
[02:47:33] [458/459] PCSN
[02:47:34] [459/459] PPGV
[02:47:35] ✅ DONE | Shows=3 | Movies=1
[03:42:07] 🚀 BMS DAILY TRACKER STARTED
[03:42:07] [1/459] FNDB
[03:42:07] 🧠 New identity
[03:42:08] [2/459] AMBH
[03:42:09] [3/459] PRHN
[03:42:10] [4/459] ACPM
[03:42:11] [5/459] PVFS
[03:42:12] [6/459] AACN
[03:42:13] [7/459] ACAS
[03:42:14] [8/459] CTNR
[03:42:14] [9/459] MMAH
[03:42:15] [10/459] CPMH
[03:42:16] [11/459] IGMH
[03:42:17] [12/459] ABCS
[03:42:18] [13/459] CMMA
[03:42:19] [14/459] GPRH
[03:42:19] [15/459] PNNG
[03:42:20] [16/459] AMCA
[03:42:21] [17/459] ISTN
[03:42:22] [18/459] PIIC
[03:42:23] [19/459] AHMH
[03:42:24] [20/459] ASHN
[03:42:25] [21/459] INHY
[03:42:26] [22/459] SRMO
[03:42:26] [23/459] PIMH
[03:42:27] [24/459] PVTS
[03:42:28] [25/459] MMCA
[03:42:29] [26/459] AKYJ
[03:42:31] [27/459] BRKH
[03:42:31] [28/459] MAHM
[03:42:33] [29/459] CPHY
[03:42:34] [30/459] PVTP
[03:42:35] [31/459] SMMR
[03:42:35] [32/459] PVHM
[03:42:36] [33/459] SNDY
[03:42:37] [34/459] GOKU
[03:42:38] [35/459] ACEV
[03:42:39] [36/459] PVUM
[03:42:41] [37/459] VSWA
[03:42:41] [38/459] IPRS
[03:42:42] [39/459] ASGN
[03:42:43] [40/459] BKMV
[03:42:44] [41/459] PVYH
[03:42:45] [42/459] INKM
[03:42:46] [43/459] ARJU
[03:42:47] [44/459] JJPP
[03:42:48] [45/459] SSRM
[03:42:49] [46/459] HMHD
[03:42:50] [47/459] SNKH
[03:42:51] [48/459] ACHI
[03:42:51] [49/459] MRAA
[03:42:52] [50/459] INMH
[03:42:53] [51/459] ARMH
[03:42:53] [52/459] DVRR
[03:42:54] [53/459] SUDA
[03:42:55] [54/459] MCSS
[03:42:56] [55/459] VRKC
[03:42:57] [56/459] PRCX
[03:42:57] [57/459] ASJY
[03:42:58] [58/459] MTHY
[03:42:59] [59/459] SRCM
[03:43:00] [60/459] TVHY
[03:43:01] [61/459] STHD
[03:43:02] [62/459] CPCL
[03:43:02] [63/459] PSMJ
[03:43:03] [64/459] MRGT
[03:43:04] [65/459] ARYH
[03:43:05] [66/459] VTRB
[03:43:06] [67/459] SCHC
[03:43:07] [68/459] MRRG
[03:43:08] [69/459] SPCB
[03:43:08] [70/459] AMCM
[03:43:09] [71/459] IVNM
[03:43:10] [72/459] TRHY
[03:43:11] [73/459] PTTH
[03:43:12] [74/459] RKMH
[03:43:13] [75/459] PRCS
[03:43:13] [76/459] VAJA
[03:43:14] [77/459] BJNG
[03:43:15] [78/459] SCVM
[03:43:16] [79/459] GNHB
[03:43:17] [80/459] TLUR
[03:43:18] [81/459] UKCC
[03:43:19] [82/459] SRKR
[03:43:20] [83/459] RMKN
[03:43:21] [84/459] SLRT
[03:43:23] [85/459] LKMT
[03:43:23] [86/459] SSRJ
[03:43:24] [87/459] SPHT
[03:43:25] [88/459] ANTT
[03:43:26] [89/459] SRCH
[03:43:27] [90/459] SRCA
[03:43:28] [91/459] ARTH
[03:43:28] [92/459] MCBH
[03:43:30] [93/459] SNIB
[03:43:31] [94/459] SART
[03:43:32] [95/459] SKTA
[03:43:34] [96/459] YAKT
[03:43:35] [97/459] MLCK
[03:43:36] [98/459] ANTS
[03:43:36] [99/459] DGCA
[03:43:38] [100/459] SGMP
[03:43:39] [101/459] ASWN
[03:43:39] [102/459] KFVU
[03:43:40] [103/459] POOR
[03:43:41] [104/459] GKDN
[03:43:42] [105/459] EOSE
[03:43:43] [106/459] GTTT
[03:43:44] [107/459] ARRO
[03:43:44] [108/459] CMMK
[03:43:45] [109/459] MSCN
[03:43:46] [110/459] GDKH
[03:43:47] [111/459] DLMT
[03:43:48] [112/459] PVMF
[03:43:49] [113/459] CPCK
[03:43:50] [114/459] VMHE
[03:43:51] [115/459] PVLC
[03:43:52] [116/459] PCVB
[03:43:53] [117/459] SNYK
[03:43:53] [118/459] KTEK
[03:43:54] [119/459] PCNM
[03:43:55] [120/459] NTTR
[03:43:56] [121/459] CPSK
[03:43:57] [122/459] JMMA
[03:43:59] [123/459] GCFK
[03:43:59] [124/459] MYCA
[03:44:00] [125/459] KSNP
[03:44:02] [126/459] PMCE
[03:44:02] [127/459] SCKI
[03:44:03] [128/459] FSMA
[03:44:04] [129/459] CETA
[03:44:05] [130/459] MCIK
[03:44:06] [131/459] MYCR
[03:44:07] [132/459] EVMP
[03:44:08] [133/459] SSGT
[03:44:09] [134/459] KCTK
[03:44:10] [135/459] ZTKC
[03:44:11] [136/459] MMTA
[03:44:11] [137/459] MAJT
[03:44:12] [138/459] ACPK
[03:44:13] [139/459] JMAX
[03:44:14] [140/459] SETK
[03:44:15] [141/459] CAIS
[03:44:15] [142/459] AGCD
[03:44:16] [143/459] URCL
[03:44:18] [144/459] VTDS
[03:44:19] [145/459] JCNM
[03:44:19] [146/459] KCAM
[03:44:20] [147/459] ADCU
[03:44:21] [148/459] GXYN
[03:44:22] [149/459] SMJG
[03:44:22] [150/459] EYCJ
[03:44:24] [151/459] CCEJ
[03:44:25] [152/459] MARS
[03:44:25] [153/459] CPVJ
[03:44:26] [154/459] INVP
[03:44:27] [155/459] CPOV
[03:44:28] [156/459] VIJK
[03:44:28] [157/459] LAIM
[03:44:29] [158/459] STHV
[03:44:30] [159/459] SVLJ
[03:44:31] [160/459] ATVJ
[03:44:32] [161/459] JTSC
[03:44:33] [162/459] RMTV
[03:44:33] [163/459] MGGG
[03:44:34] [164/459] SWTH
[03:44:35] [165/459] INVJ
[03:44:36] [166/459] PRSV
[03:44:37] [167/459] JATV
[03:44:37] [168/459] RCVD
[03:44:38] [169/459] BDMA
[03:44:39] [170/459] BLJI
[03:44:40] [171/459] SWOT
[03:44:41] [172/459] SWRN
[03:44:42] [173/459] TVRA
[03:44:42] [174/459] VCSV
[03:44:43] [175/459] NVRN
[03:44:44] [176/459] SIKC
[03:44:45] [177/459] VAKR
[03:44:46] [178/459] SYLN
[03:44:47] [179/459] KLJL
[03:44:47] [180/459] LKMY
[03:44:48] [181/459] VSLY
[03:44:49] [182/459] CIKO
[03:44:50] [183/459] GPBG
[03:44:51] [184/459] CECM
[03:44:52] [185/459] SLKB
[03:44:53] [186/459] MTBO
[03:44:53] [187/459] SSHB
[03:44:54] [188/459] VPCS
[03:44:55] [189/459] RCSR
[03:44:56] [190/459] RJRM
[03:44:57] [191/459] KPPB
[03:44:58] [192/459] SEDC
[03:44:59] [193/459] SCAI
[03:45:00] [194/459] RMTR
[03:45:01] [195/459] ASST
[03:45:02] [196/459] GCAK
[03:45:03] [197/459] ANNK
[03:45:04] [198/459] KDDF
[03:45:05] [199/459] NRDP
[03:45:05] [200/459] PLAK
[03:45:06] [201/459] GCMC
[03:45:08] [202/459] ALPY
[03:45:09] [203/459] SICE
[03:45:10] [204/459] SISR
[03:45:10] [205/459] SRPZ
[03:45:12] [206/459] SRSW
[03:45:13] [207/459] SUYA
[03:45:14] [208/459] AMMT
[03:45:14] [209/459] BHCU
[03:45:15] [210/459] KLPA
[03:45:16] [211/459] NVKH
[03:45:17] [212/459] JMRC
[03:45:18] [213/459] KTTT
[03:45:19] [214/459] MAGH
[03:45:20] [215/459] MMMX
[03:45:21] [216/459] SALJ
[03:45:21] [217/459] GTJA
[03:45:22] [218/459] MAHT
[03:45:23] [219/459] SSNN
[03:45:24] [220/459] ARRP
[03:45:25] [221/459] ATNS
[03:45:26] [222/459] SKDT
[03:45:27] [223/459] ACAT
[03:45:28] [224/459] APRC
[03:45:29] [225/459] SWAG
[03:45:30] [226/459] SDPT
[03:45:31] [227/459] STPS
[03:45:31] [228/459] WWCZ
[03:45:32] [229/459] LLCH
[03:45:33] [230/459] MZHA
[03:45:35] [231/459] CRJG
[03:45:35] [232/459] JGTK
[03:45:37] [233/459] KCSR
[03:45:38] [234/459] CHTL
[03:45:39] [235/459] EDSR
[03:45:39] [236/459] CSWO
[03:45:40] [237/459] CPVM
[03:45:41] [238/459] MXBY
[03:45:42] [239/459] FMMA
[03:45:42] [240/459] POVI
[03:45:43] [241/459] MTHB
[03:45:44] [242/459] INRC
[03:45:45] [243/459] PIPP
[03:45:46] [244/459] BMXC
[03:45:46] [245/459] PCMM
[03:45:47] [246/459] PMKM
[03:45:48] [247/459] GATY
[03:45:49] [248/459] IMCM
[03:45:50] [249/459] POPE
[03:45:50] [250/459] MTCR
[03:45:51] [251/459] PVAE
[03:45:52] [252/459] PVMI
[03:45:53] [253/459] CPNM
[03:45:54] [254/459] FMRL
[03:45:54] [255/459] MCIW
[03:45:56] [256/459] MXBO
[03:45:56] [257/459] FMKY
[03:45:57] [258/459] FMDA
[03:45:59] [259/459] THAB
[03:46:00] [260/459] PRCW
[03:46:01] [261/459] PITI
[03:46:01] [262/459] MCFF
[03:46:02] [263/459] PDDV
[03:46:03] [264/459] MCRM
[03:46:04] [265/459] KKMB
[03:46:05] [266/459] INKO
[03:46:06] [267/459] PLXP
[03:46:06] [268/459] MMHA
[03:46:08] [269/459] FMVS
[03:46:08] [270/459] POLM
[03:46:09] [271/459] STER
[03:46:10] [272/459] PVWJ
[03:46:11] [273/459] IMJW
[03:46:12] [274/459] FNAN
[03:46:12] [275/459] CAGL
[03:46:13] [276/459] IPBG
[03:46:14] [277/459] SMFV
[03:46:16] [278/459] MMMR
[03:46:16] [279/459] MMWM
[03:46:17] [280/459] FNCM
[03:46:18] [281/459] MDVA
[03:46:19] [282/459] MMET
[03:46:20] [283/459] MIDO
[03:46:20] [284/459] INNP
[03:46:21] [285/459] MIFU
[03:46:22] [286/459] MMSZ
[03:46:24] [287/459] BMXA
[03:46:25] [288/459] MCAA
[03:46:26] [289/459] SCVP
[03:46:27] [290/459] PLUS
[03:46:27] [291/459] MUCK
[03:46:28] [292/459] MTMA
[03:46:29] [293/459] HPVR
[03:46:30] [294/459] PMPK
[03:46:31] [295/459] MAJB
[03:46:32] [296/459] CTRR
[03:46:33] [297/459] MCTG
[03:46:34] [298/459] MACE
[03:46:36] [299/459] AAAS
[03:46:36] [300/459] CPVV
[03:46:37] [301/459] RCHG
[03:46:38] [302/459] MCNE
[03:46:39] [303/459] EMNC
[03:46:39] [304/459] MCAN
[03:46:40] [305/459] TCDM
[03:46:41] [306/459] IRGT
[03:46:42] [307/459] GCMG
[03:46:43] [308/459] MXSN
[03:46:43] [309/459] MXCK
[03:46:44] [310/459] MCRC
[03:46:45] [311/459] RSMI
[03:46:46] [312/459] WAML
[03:46:47] [313/459] MTSC
[03:46:47] [314/459] FMDR
[03:46:48] [315/459] LEPV
[03:46:49] [316/459] MTGD
[03:46:50] [317/459] IMOB
[03:46:51] [318/459] CLMM
[03:46:51] [319/459] PZCD
[03:46:52] [320/459] GOCS
[03:46:53] [321/459] KCMA
[03:46:54] [322/459] CCMP
[03:46:55] [323/459] MTSU
[03:46:56] [324/459] SNGL
[03:46:56] [325/459] MMMC
[03:46:57] [326/459] MMAA
[03:46:58] [327/459] GCDM
[03:46:59] [328/459] KTMV
[03:47:00] [329/459] AETE
[03:47:00] [330/459] OMCS
[03:47:01] [331/459] GDCD
[03:47:02] [332/459] NYMD
[03:47:03] [333/459] RNCV
[03:47:04] [334/459] KKMT
[03:47:05] [335/459] GDTH
[03:47:05] [336/459] KMMV
[03:47:06] [337/459] NHCG
[03:47:07] [338/459] PJDW
[03:47:08] [339/459] MMCV
[03:47:09] [340/459] FQSA
[03:47:10] [341/459] KURL
[03:47:10] [342/459] NNNX
[03:47:11] [343/459] AMAU
[03:47:12] [344/459] VVVM
[03:47:13] [345/459] VECU
[03:47:13] [346/459] WCVR
[03:47:14] [347/459] MTGG
[03:47:15] [348/459] SGTG
[03:47:16] [349/459] MNTG
[03:47:16] [350/459] JDDG
[03:47:17] [351/459] MBTK
[03:47:18] [352/459] SGCD
[03:47:19] [353/459] MCTC
[03:47:20] [354/459] JTPC
[03:47:21] [355/459] SDKT
[03:47:22] [356/459] KRCC
[03:47:23] [357/459] RMMD
[03:47:24] [358/459] AAME
[03:47:25] [359/459] TMWC
[03:47:25] [360/459] NRWY
[03:47:26] [361/459] CITD
[03:47:28] [362/459] VERD
[03:47:28] [363/459] MKSK
[03:47:30] [364/459] STSM
[03:47:31] [365/459] MJDG
[03:47:31] [366/459] RKPM
[03:47:32] [367/459] SSCE
[03:47:33] [368/459] VMAE
[03:47:34] [369/459] SBRU
[03:47:35] [370/459] AMBC
[03:47:36] [371/459] AMLU
[03:47:36] [372/459] INVZ
[03:47:37] [373/459] LGTV
[03:47:38] [374/459] SVAD
[03:47:39] [375/459] SMSA
[03:47:39] [376/459] SPCZ
[03:47:40] [377/459] GTCX
[03:47:41] [378/459] SCSL
[03:47:42] [379/459] SAHU
[03:47:43] [380/459] NCDA
[03:47:43] [381/459] SCCG
[03:47:45] [382/459] VKTL
[03:47:46] [383/459] PUUJ
[03:47:46] [384/459] STEJ
[03:47:47] [385/459] RJAL
[03:47:48] [386/459] ACJC
[03:47:49] [387/459] VTHC
[03:47:50] [388/459] ARVB
[03:47:51] [389/459] AUBB
[03:47:52] [390/459] GDBR
[03:47:53] [391/459] PVND
[03:47:54] [392/459] BGRJ
[03:47:55] [393/459] RJMM
[03:47:56] [394/459] MCSA
[03:47:57] [395/459] BODA
[03:47:58] [396/459] JAGG
[03:47:59] [397/459] SCGA
[03:47:59] [398/459] LRCM
[03:48:01] [399/459] CPCN
[03:48:02] [400/459] SSTF
[03:48:03] [401/459] SRXP
[03:48:03] [402/459] CNFX
[03:48:04] [403/459] ANDI
[03:48:05] [404/459] SYEW
[03:48:06] [405/459] RCRE
[03:48:07] [406/459] SCRW
[03:48:08] [407/459] MBKR
[03:48:08] [408/459] ASNT
[03:48:09] [409/459] JTMT
[03:48:10] [410/459] SHAY
[03:48:11] [411/459] VRTH
[03:48:12] [412/459] SPTI
[03:48:13] [413/459] DPTD
[03:48:14] [414/459] TGSN
[03:48:14] [415/459] RCWV
[03:48:15] [416/459] OCUR
[03:48:16] [417/459] KSTC
[03:48:17] [418/459] SANI
[03:48:18] [419/459] MLCA
[03:48:19] [420/459] EGCA
[03:48:20] [421/459] SYSN
[03:48:21] [422/459] PKTA
[03:48:22] [423/459] PRCC
[03:48:22] [424/459] KSTR
[03:48:23] [425/459] SNTP
[03:48:24] [426/459] RCHA
[03:48:25] [427/459] SEEA
[03:48:26] [428/459] ALAT
[03:48:27] [429/459] AATV
[03:48:27] [430/459] RJTE
[03:48:28] [431/459] AAPP
[03:48:29] [432/459] PMMH
[03:48:30] [433/459] INRJ
[03:48:31] [434/459] SARB
[03:48:32] [435/459] PCJL
[03:48:33] [436/459] PFJJ
[03:48:34] [437/459] GRDC
[03:48:35] [438/459] BCBA
[03:48:37] [439/459] VIXL
[03:48:38] [440/459] CSTL
[03:48:39] [441/459] MTDK
[03:48:41] [442/459] TDAC
[03:48:41] [443/459] GTDN
[03:48:42] [444/459] TTDE
[03:48:43] [445/459] ASTS
[03:48:44] [446/459] CPNS
[03:48:44] [447/459] PVVW
[03:48:45] [448/459] USEB
[03:48:46] [449/459] DTYN
[03:48:47] [450/459] PVLE
[03:48:48] [451/459] CIPS
[03:48:49] [452/459] PAEG
[03:48:49] [453/459] PTCW
[03:48:50] [454/459] G3SR
[03:48:51] [455/459] PGND
[03:48:52] [456/459] INVM
[03:48:53] [457/459] SPIA
[03:48:54] [458/459] PCSN
[03:48:55] [459/459] PPGV
[03:48:56] ✅ DONE | Shows=10 | Movies=5
[04:42:01] 🚀 BMS DAILY TRACKER STARTED
[04:42:01] [1/459] FNDB
[04:42:01] 🧠 New identity
[04:42:01] [2/459] AMBH
[04:42:02] [3/459] PRHN
[04:42:04] [4/459] ACPM
[04:42:05] [5/459] PVFS
[04:42:06] [6/459] AACN
[04:42:07] [7/459] ACAS
[04:42:08] [8/459] CTNR
[04:42:09] [9/459] MMAH
[04:42:09] [10/459] CPMH
[04:42:10] [11/459] IGMH
[04:42:11] [12/459] ABCS
[04:42:12] [13/459] CMMA
[04:42:13] [14/459] GPRH
[04:42:14] [15/459] PNNG
[04:42:15] [16/459] AMCA
[04:42:16] [17/459] ISTN
[04:42:17] [18/459] PIIC
[04:42:18] [19/459] AHMH
[04:42:19] [20/459] ASHN
[04:42:20] [21/459] INHY
[04:42:20] [22/459] SRMO
[04:42:21] [23/459] PIMH
[04:42:22] [24/459] PVTS
[04:42:23] [25/459] MMCA
[04:42:24] [26/459] AKYJ
[04:42:25] [27/459] BRKH
[04:42:26] [28/459] MAHM
[04:42:26] [29/459] CPHY
[04:42:28] [30/459] PVTP
[04:42:29] [31/459] SMMR
[04:42:31] [32/459] PVHM
[04:42:32] [33/459] SNDY
[04:42:33] [34/459] GOKU
[04:42:33] [35/459] ACEV
[04:42:34] [36/459] PVUM
[04:42:35] [37/459] VSWA
[04:42:36] [38/459] IPRS
[04:42:37] [39/459] ASGN
[04:42:37] [40/459] BKMV
[04:42:38] [41/459] PVYH
[04:42:39] [42/459] INKM
[04:42:40] [43/459] ARJU
[04:42:41] [44/459] JJPP
[04:42:42] [45/459] SSRM
[04:42:42] [46/459] HMHD
[04:42:43] [47/459] SNKH
[04:42:44] [48/459] ACHI
[04:42:45] [49/459] MRAA
[04:42:45] [50/459] INMH
[04:42:46] [51/459] ARMH
[04:42:47] [52/459] DVRR
[04:42:48] [53/459] SUDA
[04:42:49] [54/459] MCSS
[04:42:49] [55/459] VRKC
[04:42:50] [56/459] PRCX
[04:42:51] [57/459] ASJY
[04:42:53] [58/459] MTHY
[04:42:54] [59/459] SRCM
[04:42:55] [60/459] TVHY
[04:42:55] [61/459] STHD
[04:42:56] [62/459] CPCL
[04:42:57] [63/459] PSMJ
[04:42:58] [64/459] MRGT
[04:42:59] [65/459] ARYH
[04:43:00] [66/459] VTRB
[04:43:01] [67/459] SCHC
[04:43:02] [68/459] MRRG
[04:43:03] [69/459] SPCB
[04:43:04] [70/459] AMCM
[04:43:04] [71/459] IVNM
[04:43:05] [72/459] TRHY
[04:43:06] [73/459] PTTH
[04:43:07] [74/459] RKMH
[04:43:08] [75/459] PRCS
[04:43:08] [76/459] VAJA
[04:43:09] [77/459] BJNG
[04:43:10] [78/459] SCVM
[04:43:10] [79/459] GNHB
[04:43:11] [80/459] TLUR
[04:43:12] [81/459] UKCC
[04:43:13] [82/459] SRKR
[04:43:14] [83/459] RMKN
[04:43:14] [84/459] SLRT
[04:43:15] [85/459] LKMT
[04:43:16] [86/459] SSRJ
[04:43:16] [87/459] SPHT
[04:43:18] [88/459] ANTT
[04:43:19] [89/459] SRCH
[04:43:20] [90/459] SRCA
[04:43:22] [91/459] ARTH
[04:43:22] [92/459] MCBH
[04:43:23] [93/459] SNIB
[04:43:24] [94/459] SART
[04:43:25] [95/459] SKTA
[04:43:26] [96/459] YAKT
[04:43:27] [97/459] MLCK
[04:43:28] [98/459] ANTS
[04:43:29] [99/459] DGCA
[04:43:29] [100/459] SGMP
[04:43:30] [101/459] ASWN
[04:43:31] [102/459] KFVU
[04:43:32] [103/459] POOR
[04:43:32] [104/459] GKDN
[04:43:33] [105/459] EOSE
[04:43:34] [106/459] GTTT
[04:43:35] [107/459] ARRO
[04:43:36] [108/459] CMMK
[04:43:36] [109/459] MSCN
[04:43:37] [110/459] GDKH
[04:43:38] [111/459] DLMT
[04:43:39] [112/459] PVMF
[04:43:40] [113/459] CPCK
[04:43:41] [114/459] VMHE
[04:43:42] [115/459] PVLC
[04:43:42] [116/459] PCVB
[04:43:43] [117/459] SNYK
[04:43:44] [118/459] KTEK
[04:43:45] [119/459] PCNM
[04:43:46] [120/459] NTTR
[04:43:47] [121/459] CPSK
[04:43:48] [122/459] JMMA
[04:43:50] [123/459] GCFK
[04:43:50] [124/459] MYCA
[04:43:51] [125/459] KSNP
[04:43:52] [126/459] PMCE
[04:43:53] [127/459] SCKI
[04:43:54] [128/459] FSMA
[04:43:55] [129/459] CETA
[04:43:56] [130/459] MCIK
[04:43:57] [131/459] MYCR
[04:43:58] [132/459] EVMP
[04:43:59] [133/459] SSGT
[04:44:00] [134/459] KCTK
[04:44:01] [135/459] ZTKC
[04:44:01] [136/459] MMTA
[04:44:02] [137/459] MAJT
[04:44:03] [138/459] ACPK
[04:44:04] [139/459] JMAX
[04:44:04] [140/459] SETK
[04:44:05] [141/459] CAIS
[04:44:06] [142/459] AGCD
[04:44:07] [143/459] URCL
[04:44:08] [144/459] VTDS
[04:44:08] [145/459] JCNM
[04:44:09] [146/459] KCAM
[04:44:10] [147/459] ADCU
[04:44:11] [148/459] GXYN
[04:44:12] [149/459] SMJG
[04:44:13] [150/459] EYCJ
[04:44:14] [151/459] CCEJ
[04:44:14] [152/459] MARS
[04:44:15] [153/459] CPVJ
[04:44:16] [154/459] INVP
[04:44:17] [155/459] CPOV
[04:44:18] [156/459] VIJK
[04:44:19] [157/459] LAIM
[04:44:20] [158/459] STHV
[04:44:21] [159/459] SVLJ
[04:44:22] [160/459] ATVJ
[04:44:23] [161/459] JTSC
[04:44:24] [162/459] RMTV
[04:44:25] [163/459] MGGG
[04:44:26] [164/459] SWTH
[04:44:26] [165/459] INVJ
[04:44:27] [166/459] PRSV
[04:44:28] [167/459] JATV
[04:44:29] [168/459] RCVD
[04:44:30] [169/459] BDMA
[04:44:31] [170/459] BLJI
[04:44:32] [171/459] SWOT
[04:44:33] [172/459] SWRN
[04:44:34] [173/459] TVRA
[04:44:35] [174/459] VCSV
[04:44:35] [175/459] NVRN
[04:44:36] [176/459] SIKC
[04:44:38] [177/459] VAKR
[04:44:39] [178/459] SYLN
[04:44:40] [179/459] KLJL
[04:44:41] [180/459] LKMY
[04:44:41] [181/459] VSLY
[04:44:42] [182/459] CIKO
[04:44:43] [183/459] GPBG
[04:44:44] [184/459] CECM
[04:44:45] [185/459] SLKB
[04:44:46] [186/459] MTBO
[04:44:47] [187/459] SSHB
[04:44:48] [188/459] VPCS
[04:44:49] [189/459] RCSR
[04:44:50] [190/459] RJRM
[04:44:51] [191/459] KPPB
[04:44:52] [192/459] SEDC
[04:44:53] [193/459] SCAI
[04:44:54] [194/459] RMTR
[04:44:55] [195/459] ASST
[04:44:56] [196/459] GCAK
[04:44:56] [197/459] ANNK
[04:44:57] [198/459] KDDF
[04:44:58] [199/459] NRDP
[04:44:59] [200/459] PLAK
[04:45:00] [201/459] GCMC
[04:45:01] [202/459] ALPY
[04:45:02] [203/459] SICE
[04:45:03] [204/459] SISR
[04:45:04] [205/459] SRPZ
[04:45:05] [206/459] SRSW
[04:45:05] [207/459] SUYA
[04:45:07] [208/459] AMMT
[04:45:08] [209/459] BHCU
[04:45:09] [210/459] KLPA
[04:45:09] [211/459] NVKH
[04:45:10] [212/459] JMRC
[04:45:12] [213/459] KTTT
[04:45:13] [214/459] MAGH
[04:45:14] [215/459] MMMX
[04:45:15] [216/459] SALJ
[04:45:16] [217/459] GTJA
[04:45:17] [218/459] MAHT
[04:45:18] [219/459] SSNN
[04:45:20] [220/459] ARRP
[04:45:20] [221/459] ATNS
[04:45:21] [222/459] SKDT
[04:45:22] [223/459] ACAT
[04:45:23] [224/459] APRC
[04:45:24] [225/459] SWAG
[04:45:24] [226/459] SDPT
[04:45:25] [227/459] STPS
[04:45:26] [228/459] WWCZ
[04:45:27] [229/459] LLCH
[04:45:28] [230/459] MZHA
[04:45:29] [231/459] CRJG
[04:45:30] [232/459] JGTK
[04:45:31] [233/459] KCSR
[04:45:31] [234/459] CHTL
[04:45:32] [235/459] EDSR
[04:45:33] [236/459] CSWO
[04:45:34] [237/459] CPVM
[04:45:35] [238/459] MXBY
[04:45:36] [239/459] FMMA
[04:45:37] [240/459] POVI
[04:45:38] [241/459] MTHB
[04:45:39] [242/459] INRC
[04:45:40] [243/459] PIPP
[04:45:41] [244/459] BMXC
[04:45:41] [245/459] PCMM
[04:45:42] [246/459] PMKM
[04:45:43] [247/459] GATY
[04:45:44] [248/459] IMCM
[04:45:45] [249/459] POPE
[04:45:46] [250/459] MTCR
[04:45:47] [251/459] PVAE
[04:45:48] [252/459] PVMI
[04:45:49] [253/459] CPNM
[04:45:50] [254/459] FMRL
[04:45:50] [255/459] MCIW
[04:45:52] [256/459] MXBO
[04:45:53] [257/459] FMKY
[04:45:53] [258/459] FMDA
[04:45:55] [259/459] THAB
[04:45:56] [260/459] PRCW
[04:45:56] [261/459] PITI
[04:45:57] [262/459] MCFF
[04:45:58] [263/459] PDDV
[04:45:59] [264/459] MCRM
[04:46:00] [265/459] KKMB
[04:46:01] [266/459] INKO
[04:46:02] [267/459] PLXP
[04:46:03] [268/459] MMHA
[04:46:04] [269/459] FMVS
[04:46:05] [270/459] POLM
[04:46:06] [271/459] STER
[04:46:07] [272/459] PVWJ
[04:46:07] [273/459] IMJW
[04:46:08] [274/459] FNAN
[04:46:09] [275/459] CAGL
[04:46:10] [276/459] IPBG
[04:46:11] [277/459] SMFV
[04:46:12] [278/459] MMMR
[04:46:13] [279/459] MMWM
[04:46:13] [280/459] FNCM
[04:46:15] [281/459] MDVA
[04:46:16] [282/459] MMET
[04:46:16] [283/459] MIDO
[04:46:17] [284/459] INNP
[04:46:18] [285/459] MIFU
[04:46:19] [286/459] MMSZ
[04:46:20] [287/459] BMXA
[04:46:21] [288/459] MCAA
[04:46:21] [289/459] SCVP
[04:46:22] [290/459] PLUS
[04:46:23] [291/459] MUCK
[04:46:24] [292/459] MTMA
[04:46:25] [293/459] HPVR
[04:46:26] [294/459] PMPK
[04:46:27] [295/459] MAJB
[04:46:28] [296/459] CTRR
[04:46:28] [297/459] MCTG
[04:46:29] [298/459] MACE
[04:46:31] [299/459] AAAS
[04:46:32] [300/459] CPVV
[04:46:33] [301/459] RCHG
[04:46:34] [302/459] MCNE
[04:46:35] [303/459] EMNC
[04:46:36] [304/459] MCAN
[04:46:37] [305/459] TCDM
[04:46:38] [306/459] IRGT
[04:46:38] [307/459] GCMG
[04:46:39] [308/459] MXSN
[04:46:40] [309/459] MXCK
[04:46:41] [310/459] MCRC
[04:46:42] [311/459] RSMI
[04:46:43] [312/459] WAML
[04:46:43] [313/459] MTSC
[04:46:44] [314/459] FMDR
[04:46:45] [315/459] LEPV
[04:46:46] [316/459] MTGD
[04:46:47] [317/459] IMOB
[04:46:47] [318/459] CLMM
[04:46:48] [319/459] PZCD
[04:46:49] [320/459] GOCS
[04:46:50] [321/459] KCMA
[04:46:51] [322/459] CCMP
[04:46:51] [323/459] MTSU
[04:46:52] [324/459] SNGL
[04:46:53] [325/459] MMMC
[04:46:54] [326/459] MMAA
[04:46:55] [327/459] GCDM
[04:46:55] [328/459] KTMV
[04:46:56] [329/459] AETE
[04:46:58] [330/459] OMCS
[04:46:59] [331/459] GDCD
[04:47:00] [332/459] NYMD
[04:47:00] [333/459] RNCV
[04:47:01] [334/459] KKMT
[04:47:02] [335/459] GDTH
[04:47:03] [336/459] KMMV
[04:47:04] [337/459] NHCG
[04:47:04] [338/459] PJDW
[04:47:05] [339/459] MMCV
[04:47:06] [340/459] FQSA
[04:47:07] [341/459] KURL
[04:47:07] [342/459] NNNX
[04:47:08] [343/459] AMAU
[04:47:09] [344/459] VVVM
[04:47:10] [345/459] VECU
[04:47:11] [346/459] WCVR
[04:47:12] [347/459] MTGG
[04:47:12] [348/459] SGTG
[04:47:13] [349/459] MNTG
[04:47:14] [350/459] JDDG
[04:47:15] [351/459] MBTK
[04:47:16] [352/459] SGCD
[04:47:16] [353/459] MCTC
[04:47:17] [354/459] JTPC
[04:47:18] [355/459] SDKT
[04:47:19] [356/459] KRCC
[04:47:20] [357/459] RMMD
[04:47:21] [358/459] AAME
[04:47:22] [359/459] TMWC
[04:47:22] [360/459] NRWY
[04:47:23] [361/459] CITD
[04:47:24] [362/459] VERD
[04:47:25] [363/459] MKSK
[04:47:26] [364/459] STSM
[04:47:26] [365/459] MJDG
[04:47:28] [366/459] RKPM
[04:47:29] [367/459] SSCE
[04:47:30] [368/459] VMAE
[04:47:30] [369/459] SBRU
[04:47:31] [370/459] AMBC
[04:47:32] [371/459] AMLU
[04:47:33] [372/459] INVZ
[04:47:34] [373/459] LGTV
[04:47:35] [374/459] SVAD
[04:47:36] [375/459] SMSA
[04:47:36] [376/459] SPCZ
[04:47:37] [377/459] GTCX
[04:47:38] [378/459] SCSL
[04:47:39] [379/459] SAHU
[04:47:41] [380/459] NCDA
[04:47:41] [381/459] SCCG
[04:47:43] [382/459] VKTL
[04:47:44] [383/459] PUUJ
[04:47:45] [384/459] STEJ
[04:47:46] [385/459] RJAL
[04:47:47] [386/459] ACJC
[04:47:48] [387/459] VTHC
[04:47:49] [388/459] ARVB
[04:47:50] [389/459] AUBB
[04:47:50] [390/459] GDBR
[04:47:51] [391/459] PVND
[04:47:52] [392/459] BGRJ
[04:47:53] [393/459] RJMM
[04:47:54] [394/459] MCSA
[04:47:54] [395/459] BODA
[04:47:55] [396/459] JAGG
[04:47:57] [397/459] SCGA
[04:47:58] [398/459] LRCM
[04:47:58] [399/459] CPCN
[04:47:59] [400/459] SSTF
[04:48:00] [401/459] SRXP
[04:48:01] [402/459] CNFX
[04:48:03] [403/459] ANDI
[04:48:04] [404/459] SYEW
[04:48:04] [405/459] RCRE
[04:48:05] [406/459] SCRW
[04:48:06] [407/459] MBKR
[04:48:07] [408/459] ASNT
[04:48:08] [409/459] JTMT
[04:48:09] [410/459] SHAY
[04:48:10] [411/459] VRTH
[04:48:12] [412/459] SPTI
[04:48:13] [413/459] DPTD
[04:48:13] [414/459] TGSN
[04:48:14] [415/459] RCWV
[04:48:15] [416/459] OCUR
[04:48:16] [417/459] KSTC
[04:48:17] [418/459] SANI
[04:48:18] [419/459] MLCA
[04:48:19] [420/459] EGCA
[04:48:20] [421/459] SYSN
[04:48:21] [422/459] PKTA
[04:48:22] [423/459] PRCC
[04:48:23] [424/459] KSTR
[04:48:24] [425/459] SNTP
[04:48:25] [426/459] RCHA
[04:48:26] [427/459] SEEA
[04:48:27] [428/459] ALAT
[04:48:28] [429/459] AATV
[04:48:29] [430/459] RJTE
[04:48:30] [431/459] AAPP
[04:48:31] [432/459] PMMH
[04:48:32] [433/459] INRJ
[04:48:33] [434/459] SARB
[04:48:33] [435/459] PCJL
[04:48:34] [436/459] PFJJ
[04:48:35] [437/459] GRDC
[04:48:36] [438/459] BCBA
[04:48:37] [439/459] VIXL
[04:48:37] [440/459] CSTL
[04:48:39] [441/459] MTDK
[04:48:41] [442/459] TDAC
[04:48:43] [443/459] GTDN
[04:48:43] [444/459] TTDE
[04:48:44] [445/459] ASTS
[04:48:45] [446/459] CPNS
[04:48:46] [447/459] PVVW
[04:48:47] [448/459] USEB
[04:48:47] [449/459] DTYN
[04:48:48] [450/459] PVLE
[04:48:50] [451/459] CIPS
[04:48:51] [452/459] PAEG
[04:48:52] [453/459] PTCW
[04:48:52] [454/459] G3SR
[04:48:53] [455/459] PGND
[04:48:54] [456/459] INVM
[04:48:55] [457/459] SPIA
[04:48:56] [458/459] PCSN
[04:48:57] [459/459] PPGV
[04:48:58] ✅ DONE | Shows=34 | Movies=8
[06:32:26] 🚀 BMS DAILY TRACKER STARTED
[06:32:26] [1/459] FNDB
[06:32:26] 🧠 New identity
[06:32:28] [2/459] AMBH
[06:32:28] [3/459] PRHN
[06:32:29] [4/459] ACPM
[06:32:31] [5/459] PVFS
[06:32:32] [6/459] AACN
[06:32:33] [7/459] ACAS
[06:32:34] [8/459] CTNR
[06:32:35] [9/459] MMAH
[06:32:37] [10/459] CPMH
[06:32:38] [11/459] IGMH
[06:32:39] [12/459] ABCS
[06:32:39] [13/459] CMMA
[06:32:40] [14/459] GPRH
[06:32:41] [15/459] PNNG
[06:32:42] [16/459] AMCA
[06:32:43] [17/459] ISTN
[06:32:44] [18/459] PIIC
[06:32:44] [19/459] AHMH
[06:32:45] [20/459] ASHN
[06:32:47] [21/459] INHY
[06:32:48] [22/459] SRMO
[06:32:48] [23/459] PIMH
[06:32:50] [24/459] PVTS
[06:32:51] [25/459] MMCA
[06:32:52] [26/459] AKYJ
[06:32:53] [27/459] BRKH
[06:32:53] [28/459] MAHM
[06:32:54] [29/459] CPHY
[06:32:55] [30/459] PVTP
[06:32:56] [31/459] SMMR
[06:32:57] [32/459] PVHM
[06:32:58] [33/459] SNDY
[06:32:59] [34/459] GOKU
[06:33:00] [35/459] ACEV
[06:33:01] [36/459] PVUM
[06:33:02] [37/459] VSWA
[06:33:03] [38/459] IPRS
[06:33:05] [39/459] ASGN
[06:33:05] [40/459] BKMV
[06:33:06] [41/459] PVYH
[06:33:07] [42/459] INKM
[06:33:09] [43/459] ARJU
[06:33:10] [44/459] JJPP
[06:33:11] [45/459] SSRM
[06:33:12] [46/459] HMHD
[06:33:13] [47/459] SNKH
[06:33:13] [48/459] ACHI
[06:33:14] [49/459] MRAA
[06:33:15] [50/459] INMH
[06:33:16] [51/459] ARMH
[06:33:17] [52/459] DVRR
[06:33:17] [53/459] SUDA
[06:33:19] [54/459] MCSS
[06:33:20] [55/459] VRKC
[06:33:20] [56/459] PRCX
[06:33:21] [57/459] ASJY
[06:33:22] [58/459] MTHY
[06:33:23] [59/459] SRCM
[06:33:24] [60/459] TVHY
[06:33:25] [61/459] STHD
[06:33:26] [62/459] CPCL
[06:33:27] [63/459] PSMJ
[06:33:28] [64/459] MRGT
[06:33:29] [65/459] ARYH
[06:33:29] [66/459] VTRB
[06:33:30] [67/459] SCHC
[06:33:31] [68/459] MRRG
[06:33:31] [69/459] SPCB
[06:33:32] [70/459] AMCM
[06:33:33] [71/459] IVNM
[06:33:34] [72/459] TRHY
[06:33:35] [73/459] PTTH
[06:33:36] [74/459] RKMH
[06:33:37] [75/459] PRCS
[06:33:37] [76/459] VAJA
[06:33:38] [77/459] BJNG
[06:33:39] [78/459] SCVM
[06:33:40] [79/459] GNHB
[06:33:41] [80/459] TLUR
[06:33:42] [81/459] UKCC
[06:33:42] [82/459] SRKR
[06:33:43] [83/459] RMKN
[06:33:44] [84/459] SLRT
[06:33:45] [85/459] LKMT
[06:33:46] [86/459] SSRJ
[06:33:47] [87/459] SPHT
[06:33:47] [88/459] ANTT
[06:33:48] [89/459] SRCH
[06:33:49] [90/459] SRCA
[06:33:50] [91/459] ARTH
[06:33:51] [92/459] MCBH
[06:33:51] [93/459] SNIB
[06:33:53] [94/459] SART
[06:33:53] [95/459] SKTA
[06:33:55] [96/459] YAKT
[06:33:56] [97/459] MLCK
[06:33:57] [98/459] ANTS
[06:33:58] [99/459] DGCA
[06:33:59] [100/459] SGMP
[06:34:00] [101/459] ASWN
[06:34:01] [102/459] KFVU
[06:34:02] [103/459] POOR
[06:34:03] [104/459] GKDN
[06:34:03] [105/459] EOSE
[06:34:04] [106/459] GTTT
[06:34:06] [107/459] ARRO
[06:34:06] [108/459] CMMK
[06:34:07] [109/459] MSCN
[06:34:08] [110/459] GDKH
[06:34:09] [111/459] DLMT
[06:34:09] [112/459] PVMF
[06:34:10] [113/459] CPCK
[06:34:11] [114/459] VMHE
[06:34:12] [115/459] PVLC
[06:34:13] [116/459] PCVB
[06:34:14] [117/459] SNYK
[06:34:15] [118/459] KTEK
[06:34:16] [119/459] PCNM
[06:34:17] [120/459] NTTR
[06:34:17] [121/459] CPSK
[06:34:18] [122/459] JMMA
[06:34:19] [123/459] GCFK
[06:34:20] [124/459] MYCA
[06:34:21] [125/459] KSNP
[06:34:22] [126/459] PMCE
[06:34:23] [127/459] SCKI
[06:34:25] [128/459] FSMA
[06:34:25] [129/459] CETA
[06:34:26] [130/459] MCIK
[06:34:27] [131/459] MYCR
[06:34:28] [132/459] EVMP
[06:34:29] [133/459] SSGT
[06:34:29] [134/459] KCTK
[06:34:30] [135/459] ZTKC
[06:34:31] [136/459] MMTA
[06:34:32] [137/459] MAJT
[06:34:32] [138/459] ACPK
[06:34:33] [139/459] JMAX
[06:34:34] [140/459] SETK
[06:34:35] [141/459] CAIS
[06:34:35] [142/459] AGCD
[06:34:36] [143/459] URCL
[06:34:37] [144/459] VTDS
[06:34:39] [145/459] JCNM
[06:34:40] [146/459] KCAM
[06:34:41] [147/459] ADCU
[06:34:42] [148/459] GXYN
[06:34:43] [149/459] SMJG
[06:34:43] [150/459] EYCJ
[06:34:44] [151/459] CCEJ
[06:34:45] [152/459] MARS
[06:34:47] [153/459] CPVJ
[06:34:49] [154/459] INVP
[06:34:50] [155/459] CPOV
[06:34:50] [156/459] VIJK
[06:34:51] [157/459] LAIM
[06:34:52] [158/459] STHV
[06:34:53] [159/459] SVLJ
[06:34:54] [160/459] ATVJ
[06:34:54] [161/459] JTSC
[06:34:55] [162/459] RMTV
[06:34:56] [163/459] MGGG
[06:34:57] [164/459] SWTH
[06:34:58] [165/459] INVJ
[06:34:58] [166/459] PRSV
[06:34:59] [167/459] JATV
[06:35:00] [168/459] RCVD
[06:35:01] [169/459] BDMA
[06:35:01] [170/459] BLJI
[06:35:02] [171/459] SWOT
[06:35:03] [172/459] SWRN
[06:35:04] [173/459] TVRA
[06:35:05] [174/459] VCSV
[06:35:06] [175/459] NVRN
[06:35:07] [176/459] SIKC
[06:35:08] [177/459] VAKR
[06:35:09] [178/459] SYLN
[06:35:10] [179/459] KLJL
[06:35:11] [180/459] LKMY
[06:35:12] [181/459] VSLY
[06:35:13] [182/459] CIKO
[06:35:13] [183/459] GPBG
[06:35:14] [184/459] CECM
[06:35:15] [185/459] SLKB
[06:35:16] [186/459] MTBO
[06:35:17] [187/459] SSHB
[06:35:18] [188/459] VPCS
[06:35:18] [189/459] RCSR
[06:35:19] [190/459] RJRM
[06:35:20] [191/459] KPPB
[06:35:22] [192/459] SEDC
[06:35:23] [193/459] SCAI
[06:35:24] [194/459] RMTR
[06:35:24] [195/459] ASST
[06:35:25] [196/459] GCAK
[06:35:26] [197/459] ANNK
[06:35:27] [198/459] KDDF
[06:35:27] [199/459] NRDP
[06:35:29] [200/459] PLAK
[06:35:30] [201/459] GCMC
[06:35:30] [202/459] ALPY
[06:35:31] [203/459] SICE
[06:35:32] [204/459] SISR
[06:35:33] [205/459] SRPZ
[06:35:34] [206/459] SRSW
[06:35:35] [207/459] SUYA
[06:35:36] [208/459] AMMT
[06:35:36] [209/459] BHCU
[06:35:38] [210/459] KLPA
[06:35:38] [211/459] NVKH
[06:35:39] [212/459] JMRC
[06:35:40] [213/459] KTTT
[06:35:41] [214/459] MAGH
[06:35:43] [215/459] MMMX
[06:35:43] [216/459] SALJ
[06:35:44] [217/459] GTJA
[06:35:45] [218/459] MAHT
[06:35:46] [219/459] SSNN
[06:35:47] [220/459] ARRP
[06:35:48] [221/459] ATNS
[06:35:49] [222/459] SKDT
[06:35:50] [223/459] ACAT
[06:35:50] [224/459] APRC
[06:35:51] [225/459] SWAG
[06:35:53] [226/459] SDPT
[06:35:54] [227/459] STPS
[06:35:54] [228/459] WWCZ
[06:35:55] [229/459] LLCH
[06:35:56] [230/459] MZHA
[06:35:57] [231/459] CRJG
[06:35:58] [232/459] JGTK
[06:35:59] [233/459] KCSR
[06:36:00] [234/459] CHTL
[06:36:00] [235/459] EDSR
[06:36:01] [236/459] CSWO
[06:36:02] [237/459] CPVM
[06:36:03] [238/459] MXBY
[06:36:04] [239/459] FMMA
[06:36:05] [240/459] POVI
[06:36:06] [241/459] MTHB
[06:36:06] [242/459] INRC
[06:36:07] [243/459] PIPP
[06:36:08] [244/459] BMXC
[06:36:09] [245/459] PCMM
[06:36:10] [246/459] PMKM
[06:36:11] [247/459] GATY
[06:36:11] [248/459] IMCM
[06:36:12] [249/459] POPE
[06:36:13] [250/459] MTCR
[06:36:14] [251/459] PVAE
[06:36:15] [252/459] PVMI
[06:36:15] [253/459] CPNM
[06:36:16] [254/459] FMRL
[06:36:17] [255/459] MCIW
[06:36:18] [256/459] MXBO
[06:36:18] [257/459] FMKY
[06:36:20] [258/459] FMDA
[06:36:21] [259/459] THAB
[06:36:21] [260/459] PRCW
[06:36:22] [261/459] PITI
[06:36:23] [262/459] MCFF
[06:36:24] [263/459] PDDV
[06:36:25] [264/459] MCRM
[06:36:26] [265/459] KKMB
[06:36:26] [266/459] INKO
[06:36:27] [267/459] PLXP
[06:36:28] [268/459] MMHA
[06:36:29] [269/459] FMVS
[06:36:31] [270/459] POLM
[06:36:32] [271/459] STER
[06:36:33] [272/459] PVWJ
[06:36:34] [273/459] IMJW
[06:36:35] [274/459] FNAN
[06:36:36] [275/459] CAGL
[06:36:37] [276/459] IPBG
[06:36:38] [277/459] SMFV
[06:36:39] [278/459] MMMR
[06:36:40] [279/459] MMWM
[06:36:41] [280/459] FNCM
[06:36:41] [281/459] MDVA
[06:36:42] [282/459] MMET
[06:36:43] [283/459] MIDO
[06:36:44] [284/459] INNP
[06:36:45] [285/459] MIFU
[06:36:46] [286/459] MMSZ
[06:36:47] [287/459] BMXA
[06:36:48] [288/459] MCAA
[06:36:48] [289/459] SCVP
[06:36:49] [290/459] PLUS
[06:36:50] [291/459] MUCK
[06:36:51] [292/459] MTMA
[06:36:52] [293/459] HPVR
[06:36:53] [294/459] PMPK
[06:36:53] [295/459] MAJB
[06:36:54] [296/459] CTRR
[06:36:55] [297/459] MCTG
[06:36:56] [298/459] MACE
[06:36:57] [299/459] AAAS
[06:36:58] [300/459] CPVV
[06:36:59] [301/459] RCHG
[06:37:00] [302/459] MCNE
[06:37:01] [303/459] EMNC
[06:37:02] [304/459] MCAN
[06:37:03] [305/459] TCDM
[06:37:03] [306/459] IRGT
[06:37:04] [307/459] GCMG
[06:37:06] [308/459] MXSN
[06:37:07] [309/459] MXCK
[06:37:08] [310/459] MCRC
[06:37:08] [311/459] RSMI
[06:37:09] [312/459] WAML
[06:37:10] [313/459] MTSC
[06:37:11] [314/459] FMDR
[06:37:12] [315/459] LEPV
[06:37:13] [316/459] MTGD
[06:37:14] [317/459] IMOB
[06:37:15] [318/459] CLMM
[06:37:16] [319/459] PZCD
[06:37:17] [320/459] GOCS
[06:37:18] [321/459] KCMA
[06:37:20] [322/459] CCMP
[06:37:20] [323/459] MTSU
[06:37:21] [324/459] SNGL
[06:37:22] [325/459] MMMC
[06:37:23] [326/459] MMAA
[06:37:24] [327/459] GCDM
[06:37:24] [328/459] KTMV
[06:37:26] [329/459] AETE
[06:37:27] [330/459] OMCS
[06:37:28] [331/459] GDCD
[06:37:29] [332/459] NYMD
[06:37:30] [333/459] RNCV
[06:37:31] [334/459] KKMT
[06:37:31] [335/459] GDTH
[06:37:32] [336/459] KMMV
[06:37:33] [337/459] NHCG
[06:37:34] [338/459] PJDW
[06:37:35] [339/459] MMCV
[06:37:35] [340/459] FQSA
[06:37:36] [341/459] KURL
[06:37:37] [342/459] NNNX
[06:37:38] [343/459] AMAU
[06:37:38] [344/459] VVVM
[06:37:39] [345/459] VECU
[06:37:40] [346/459] WCVR
[06:37:41] [347/459] MTGG
[06:37:42] [348/459] SGTG
[06:37:44] [349/459] MNTG
[06:37:44] [350/459] JDDG
[06:37:46] [351/459] MBTK
[06:37:47] [352/459] SGCD
[06:37:48] [353/459] MCTC
[06:37:49] [354/459] JTPC
[06:37:50] [355/459] SDKT
[06:37:51] [356/459] KRCC
[06:37:52] [357/459] RMMD
[06:37:53] [358/459] AAME
[06:37:54] [359/459] TMWC
[06:37:55] [360/459] NRWY
[06:37:55] [361/459] CITD
[06:37:56] [362/459] VERD
[06:37:57] [363/459] MKSK
[06:37:59] [364/459] STSM
[06:37:59] [365/459] MJDG
[06:38:00] [366/459] RKPM
[06:38:01] [367/459] SSCE
[06:38:02] [368/459] VMAE
[06:38:03] [369/459] SBRU
[06:38:03] [370/459] AMBC
[06:38:05] [371/459] AMLU
[06:38:06] [372/459] INVZ
[06:38:07] [373/459] LGTV
[06:38:07] [374/459] SVAD
[06:38:09] [375/459] SMSA
[06:38:10] [376/459] SPCZ
[06:38:11] [377/459] GTCX
[06:38:12] [378/459] SCSL
[06:38:13] [379/459] SAHU
[06:38:13] [380/459] NCDA
[06:38:14] [381/459] SCCG
[06:38:15] [382/459] VKTL
[06:38:16] [383/459] PUUJ
[06:38:17] [384/459] STEJ
[06:38:18] [385/459] RJAL
[06:38:18] [386/459] ACJC
[06:38:19] [387/459] VTHC
[06:38:20] [388/459] ARVB
[06:38:21] [389/459] AUBB
[06:38:21] [390/459] GDBR
[06:38:22] [391/459] PVND
[06:38:23] [392/459] BGRJ
[06:38:24] [393/459] RJMM
[06:38:25] [394/459] MCSA
[06:38:26] [395/459] BODA
[06:38:27] [396/459] JAGG
[06:38:28] [397/459] SCGA
[06:38:28] [398/459] LRCM
[06:38:29] [399/459] CPCN
[06:38:31] [400/459] SSTF
[06:38:32] [401/459] SRXP
[06:38:33] [402/459] CNFX
[06:38:33] [403/459] ANDI
[06:38:35] [404/459] SYEW
[06:38:36] [405/459] RCRE
[06:38:37] [406/459] SCRW
[06:38:38] [407/459] MBKR
[06:38:38] [408/459] ASNT
[06:38:39] [409/459] JTMT
[06:38:40] [410/459] SHAY
[06:38:41] [411/459] VRTH
[06:38:42] [412/459] SPTI
[06:38:42] [413/459] DPTD
[06:38:44] [414/459] TGSN
[06:38:45] [415/459] RCWV
[06:38:45] [416/459] OCUR
[06:38:46] [417/459] KSTC
[06:38:47] [418/459] SANI
[06:38:48] [419/459] MLCA
[06:38:49] [420/459] EGCA
[06:38:51] [421/459] SYSN
[06:38:52] [422/459] PKTA
[06:38:52] [423/459] PRCC
[06:38:53] [424/459] KSTR
[06:38:54] [425/459] SNTP
[06:38:55] [426/459] RCHA
[06:38:56] [427/459] SEEA
[06:38:56] [428/459] ALAT
[06:38:57] [429/459] AATV
[06:38:58] [430/459] RJTE
[06:38:59] [431/459] AAPP
[06:39:00] [432/459] PMMH
[06:39:01] [433/459] INRJ
[06:39:02] [434/459] SARB
[06:39:02] [435/459] PCJL
[06:39:03] [436/459] PFJJ
[06:39:05] [437/459] GRDC
[06:39:06] [438/459] BCBA
[06:39:06] [439/459] VIXL
[06:39:07] [440/459] CSTL
[06:39:09] [441/459] MTDK
[06:39:09] [442/459] TDAC
[06:39:10] [443/459] GTDN
[06:39:11] [444/459] TTDE
[06:39:12] [445/459] ASTS
[06:39:13] [446/459] CPNS
[06:39:14] [447/459] PVVW
[06:39:14] [448/459] USEB
[06:39:15] [449/459] DTYN
[06:39:16] [450/459] PVLE
[06:39:17] [451/459] CIPS
[06:39:18] [452/459] PAEG
[06:39:19] [453/459] PTCW
[06:39:19] [454/459] G3SR
[06:39:20] [455/459] PGND
[06:39:21] [456/459] INVM
[06:39:22] [457/459] SPIA
[06:39:24] [458/459] PCSN
[06:39:24] [459/459] PPGV
[06:39:25] ✅ DONE | Shows=294 | Movies=28
[08:55:32] 🚀 BMS DAILY TRACKER STARTED
[08:55:32] [1/459] FNDB
[08:55:32] 🧠 New identity
[08:55:33] [2/459] AMBH
[08:55:35] [3/459] PRHN
[08:55:36] [4/459] ACPM
[08:55:37] [5/459] PVFS
[08:55:38] [6/459] AACN
[08:55:38] [7/459] ACAS
[08:55:39] [8/459] CTNR
[08:55:40] [9/459] MMAH
[08:55:41] [10/459] CPMH
[08:55:42] [11/459] IGMH
[08:55:44] [12/459] ABCS
[08:55:44] [13/459] CMMA
[08:55:45] [14/459] GPRH
[08:55:46] [15/459] PNNG
[08:55:47] [16/459] AMCA
[08:55:48] [17/459] ISTN
[08:55:48] [18/459] PIIC
[08:55:49] [19/459] AHMH
[08:55:50] [20/459] ASHN
[08:55:51] [21/459] INHY
[08:55:52] [22/459] SRMO
[08:55:53] [23/459] PIMH
[08:55:54] [24/459] PVTS
[08:55:55] [25/459] MMCA
[08:55:56] [26/459] AKYJ
[08:55:57] [27/459] BRKH
[08:55:58] [28/459] MAHM
[08:55:59] [29/459] CPHY
[08:56:00] [30/459] PVTP
[08:56:01] [31/459] SMMR
[08:56:01] [32/459] PVHM
[08:56:02] [33/459] SNDY
[08:56:03] [34/459] GOKU
[08:56:04] [35/459] ACEV
[08:56:05] [36/459] PVUM
[08:56:06] [37/459] VSWA
[08:56:06] [38/459] IPRS
[08:56:07] [39/459] ASGN
[08:56:09] [40/459] BKMV
[08:56:10] [41/459] PVYH
[08:56:11] [42/459] INKM
[08:56:12] [43/459] ARJU
[08:56:13] [44/459] JJPP
[08:56:14] [45/459] SSRM
[08:56:15] [46/459] HMHD
[08:56:16] [47/459] SNKH
[08:56:16] [48/459] ACHI
[08:56:17] [49/459] MRAA
[08:56:18] [50/459] INMH
[08:56:19] [51/459] ARMH
[08:56:20] [52/459] DVRR
[08:56:20] [53/459] SUDA
[08:56:21] [54/459] MCSS
[08:56:22] [55/459] VRKC
[08:56:23] [56/459] PRCX
[08:56:24] [57/459] ASJY
[08:56:25] [58/459] MTHY
[08:56:25] [59/459] SRCM
[08:56:26] [60/459] TVHY
[08:56:27] [61/459] STHD
[08:56:28] [62/459] CPCL
[08:56:29] [63/459] PSMJ
[08:56:30] [64/459] MRGT
[08:56:30] [65/459] ARYH
[08:56:32] [66/459] VTRB
[08:56:33] [67/459] SCHC
[08:56:33] [68/459] MRRG
[08:56:34] [69/459] SPCB
[08:56:35] [70/459] AMCM
[08:56:36] [71/459] IVNM
[08:56:37] [72/459] TRHY
[08:56:38] [73/459] PTTH
[08:56:39] [74/459] RKMH
[08:56:39] [75/459] PRCS
[08:56:40] [76/459] VAJA
[08:56:41] [77/459] BJNG
[08:56:43] [78/459] SCVM
[08:56:43] [79/459] GNHB
[08:56:45] [80/459] TLUR
[08:56:45] [81/459] UKCC
[08:56:46] [82/459] SRKR
[08:56:47] [83/459] RMKN
[08:56:48] [84/459] SLRT
[08:56:49] [85/459] LKMT
[08:56:49] [86/459] SSRJ
[08:56:50] [87/459] SPHT
[08:56:51] [88/459] ANTT
[08:56:52] [89/459] SRCH
[08:56:53] [90/459] SRCA
[08:56:53] [91/459] ARTH
[08:56:54] [92/459] MCBH
[08:56:55] [93/459] SNIB
[08:56:56] [94/459] SART
[08:56:57] [95/459] SKTA
[08:56:58] [96/459] YAKT
[08:56:59] [97/459] MLCK
[08:56:59] [98/459] ANTS
[08:57:00] [99/459] DGCA
[08:57:01] [100/459] SGMP
[08:57:02] [101/459] ASWN
[08:57:03] [102/459] KFVU
[08:57:03] [103/459] POOR
[08:57:04] [104/459] GKDN
[08:57:05] [105/459] EOSE
[08:57:06] [106/459] GTTT
[08:57:06] [107/459] ARRO
[08:57:07] [108/459] CMMK
[08:57:08] [109/459] MSCN
[08:57:09] [110/459] GDKH
[08:57:10] [111/459] DLMT
[08:57:11] [112/459] PVMF
[08:57:12] [113/459] CPCK
[08:57:12] [114/459] VMHE
[08:57:14] [115/459] PVLC
[08:57:15] [116/459] PCVB
[08:57:16] [117/459] SNYK
[08:57:16] [118/459] KTEK
[08:57:17] [119/459] PCNM
[08:57:18] [120/459] NTTR
[08:57:19] [121/459] CPSK
[08:57:20] [122/459] JMMA
[08:57:21] [123/459] GCFK
[08:57:22] [124/459] MYCA
[08:57:22] [125/459] KSNP
[08:57:23] [126/459] PMCE
[08:57:24] [127/459] SCKI
[08:57:25] [128/459] FSMA
[08:57:26] [129/459] CETA
[08:57:27] [130/459] MCIK
[08:57:27] [131/459] MYCR
[08:57:28] [132/459] EVMP
[08:57:29] [133/459] SSGT
[08:57:29] [134/459] KCTK
[08:57:30] [135/459] ZTKC
[08:57:31] [136/459] MMTA
[08:57:32] [137/459] MAJT
[08:57:33] [138/459] ACPK
[08:57:33] [139/459] JMAX
[08:57:34] [140/459] SETK
[08:57:35] [141/459] CAIS
[08:57:36] [142/459] AGCD
[08:57:37] [143/459] URCL
[08:57:37] [144/459] VTDS
[08:57:38] [145/459] JCNM
[08:57:39] [146/459] KCAM
[08:57:40] [147/459] ADCU
[08:57:41] [148/459] GXYN
[08:57:41] [149/459] SMJG
[08:57:43] [150/459] EYCJ
[08:57:44] [151/459] CCEJ
[08:57:44] [152/459] MARS
[08:57:45] [153/459] CPVJ
[08:57:46] [154/459] INVP
[08:57:47] [155/459] CPOV
[08:57:48] [156/459] VIJK
[08:57:49] [157/459] LAIM
[08:57:49] [158/459] STHV
[08:57:50] [159/459] SVLJ
[08:57:52] [160/459] ATVJ
[08:57:52] [161/459] JTSC
[08:57:53] [162/459] RMTV
[08:57:54] [163/459] MGGG
[08:57:55] [164/459] SWTH
[08:57:56] [165/459] INVJ
[08:57:56] [166/459] PRSV
[08:57:57] [167/459] JATV
[08:57:58] [168/459] RCVD
[08:57:59] [169/459] BDMA
[08:58:00] [170/459] BLJI
[08:58:00] [171/459] SWOT
[08:58:01] [172/459] SWRN
[08:58:02] [173/459] TVRA
[08:58:03] [174/459] VCSV
[08:58:03] [175/459] NVRN
[08:58:04] [176/459] SIKC
[08:58:06] [177/459] VAKR
[08:58:07] [178/459] SYLN
[08:58:08] [179/459] KLJL
[08:58:09] [180/459] LKMY
[08:58:09] [181/459] VSLY
[08:58:10] [182/459] CIKO
[08:58:11] [183/459] GPBG
[08:58:12] [184/459] CECM
[08:58:13] [185/459] SLKB
[08:58:14] [186/459] MTBO
[08:58:14] [187/459] SSHB
[08:58:16] [188/459] VPCS
[08:58:16] [189/459] RCSR
[08:58:17] [190/459] RJRM
[08:58:18] [191/459] KPPB
[08:58:19] [192/459] SEDC
[08:58:20] [193/459] SCAI
[08:58:21] [194/459] RMTR
[08:58:21] [195/459] ASST
[08:58:22] [196/459] GCAK
[08:58:23] [197/459] ANNK
[08:58:24] [198/459] KDDF
[08:58:25] [199/459] NRDP
[08:58:26] [200/459] PLAK
[08:58:27] [201/459] GCMC
[08:58:27] [202/459] ALPY
[08:58:28] [203/459] SICE
[08:58:29] [204/459] SISR
[08:58:30] [205/459] SRPZ
[08:58:31] [206/459] SRSW
[08:58:31] [207/459] SUYA
[08:58:32] [208/459] AMMT
[08:58:33] [209/459] BHCU
[08:58:34] [210/459] KLPA
[08:58:35] [211/459] NVKH
[08:58:36] [212/459] JMRC
[08:58:37] [213/459] KTTT
[08:58:38] [214/459] MAGH
[08:58:39] [215/459] MMMX
[08:58:40] [216/459] SALJ
[08:58:41] [217/459] GTJA
[08:58:42] [218/459] MAHT
[08:58:43] [219/459] SSNN
[08:58:43] [220/459] ARRP
[08:58:44] [221/459] ATNS
[08:58:45] [222/459] SKDT
[08:58:46] [223/459] ACAT
[08:58:47] [224/459] APRC
[08:58:47] [225/459] SWAG
[08:58:48] [226/459] SDPT
[08:58:49] [227/459] STPS
[08:58:50] [228/459] WWCZ
[08:58:51] [229/459] LLCH
[08:58:52] [230/459] MZHA
[08:58:54] [231/459] CRJG
[08:58:54] [232/459] JGTK
[08:58:56] [233/459] KCSR
[08:58:56] [234/459] CHTL
[08:58:57] [235/459] EDSR
[08:58:58] [236/459] CSWO
[08:59:00] [237/459] CPVM
[08:59:01] [238/459] MXBY
[08:59:02] [239/459] FMMA
[08:59:02] [240/459] POVI
[08:59:03] [241/459] MTHB
[08:59:04] [242/459] INRC
[08:59:05] [243/459] PIPP
[08:59:06] [244/459] BMXC
[08:59:06] [245/459] PCMM
[08:59:07] [246/459] PMKM
[08:59:08] [247/459] GATY
[08:59:09] [248/459] IMCM
[08:59:10] [249/459] POPE
[08:59:11] [250/459] MTCR
[08:59:12] [251/459] PVAE
[08:59:13] [252/459] PVMI
[08:59:14] [253/459] CPNM
[08:59:15] [254/459] FMRL
[08:59:15] [255/459] MCIW
[08:59:16] [256/459] MXBO
[08:59:17] [257/459] FMKY
[08:59:18] [258/459] FMDA
[08:59:19] [259/459] THAB
[08:59:19] [260/459] PRCW
[08:59:20] [261/459] PITI
[08:59:21] [262/459] MCFF
[08:59:22] [263/459] PDDV
[08:59:23] [264/459] MCRM
[08:59:24] [265/459] KKMB
[08:59:25] [266/459] INKO
[08:59:26] [267/459] PLXP
[08:59:26] [268/459] MMHA
[08:59:27] [269/459] FMVS
[08:59:28] [270/459] POLM
[08:59:29] [271/459] STER
[08:59:29] [272/459] PVWJ
[08:59:30] [273/459] IMJW
[08:59:31] [274/459] FNAN
[08:59:32] [275/459] CAGL
[08:59:34] [276/459] IPBG
[08:59:35] [277/459] SMFV
[08:59:35] [278/459] MMMR
[08:59:36] [279/459] MMWM
[08:59:37] [280/459] FNCM
[08:59:38] [281/459] MDVA
[08:59:39] [282/459] MMET
[08:59:40] [283/459] MIDO
[08:59:41] [284/459] INNP
[08:59:41] [285/459] MIFU
[08:59:42] [286/459] MMSZ
[08:59:43] [287/459] BMXA
[08:59:44] [288/459] MCAA
[08:59:45] [289/459] SCVP
[08:59:46] [290/459] PLUS
[08:59:47] [291/459] MUCK
[08:59:48] [292/459] MTMA
[08:59:48] [293/459] HPVR
[08:59:49] [294/459] PMPK
[08:59:50] [295/459] MAJB
[08:59:51] [296/459] CTRR
[08:59:52] [297/459] MCTG
[08:59:53] [298/459] MACE
[08:59:53] [299/459] AAAS
[08:59:54] [300/459] CPVV
[08:59:55] [301/459] RCHG
[08:59:56] [302/459] MCNE
[08:59:57] [303/459] EMNC
[08:59:58] [304/459] MCAN
[08:59:59] [305/459] TCDM
[08:59:59] [306/459] IRGT
[09:00:00] [307/459] GCMG
[09:00:01] [308/459] MXSN
[09:00:01] [309/459] MXCK
[09:00:02] [310/459] MCRC
[09:00:03] [311/459] RSMI
[09:00:04] [312/459] WAML
[09:00:04] [313/459] MTSC
[09:00:05] [314/459] FMDR
[09:00:07] [315/459] LEPV
[09:00:08] [316/459] MTGD
[09:00:08] [317/459] IMOB
[09:00:09] [318/459] CLMM
[09:00:10] [319/459] PZCD
[09:00:11] [320/459] GOCS
[09:00:12] [321/459] KCMA
[09:00:13] [322/459] CCMP
[09:00:14] [323/459] MTSU
[09:00:15] [324/459] SNGL
[09:00:15] [325/459] MMMC
[09:00:16] [326/459] MMAA
[09:00:17] [327/459] GCDM
[09:00:18] [328/459] KTMV
[09:00:19] [329/459] AETE
[09:00:21] [330/459] OMCS
[09:00:21] [331/459] GDCD
[09:00:22] [332/459] NYMD
[09:00:23] [333/459] RNCV
[09:00:24] [334/459] KKMT
[09:00:25] [335/459] GDTH
[09:00:25] [336/459] KMMV
[09:00:26] [337/459] NHCG
[09:00:27] [338/459] PJDW
[09:00:28] [339/459] MMCV
[09:00:29] [340/459] FQSA
[09:00:29] [341/459] KURL
[09:00:30] [342/459] NNNX
[09:00:31] [343/459] AMAU
[09:00:32] [344/459] VVVM
[09:00:34] [345/459] VECU
[09:00:35] [346/459] WCVR
[09:00:36] [347/459] MTGG
[09:00:37] [348/459] SGTG
[09:00:37] [349/459] MNTG
[09:00:38] [350/459] JDDG
[09:00:39] [351/459] MBTK
[09:00:40] [352/459] SGCD
[09:00:41] [353/459] MCTC
[09:00:42] [354/459] JTPC
[09:00:44] [355/459] SDKT
[09:00:45] [356/459] KRCC
[09:00:46] [357/459] RMMD
[09:00:47] [358/459] AAME
[09:00:48] [359/459] TMWC
[09:00:49] [360/459] NRWY
[09:00:49] [361/459] CITD
[09:00:50] [362/459] VERD
[09:00:51] [363/459] MKSK
[09:00:52] [364/459] STSM
[09:00:53] [365/459] MJDG
[09:00:53] [366/459] RKPM
[09:00:54] [367/459] SSCE
[09:00:55] [368/459] VMAE
[09:00:56] [369/459] SBRU
[09:00:57] [370/459] AMBC
[09:00:58] [371/459] AMLU
[09:00:58] [372/459] INVZ
[09:01:00] [373/459] LGTV
[09:01:00] [374/459] SVAD
[09:01:01] [375/459] SMSA
[09:01:02] [376/459] SPCZ
[09:01:03] [377/459] GTCX
[09:01:04] [378/459] SCSL
[09:01:04] [379/459] SAHU
[09:01:05] [380/459] NCDA
[09:01:06] [381/459] SCCG
[09:01:07] [382/459] VKTL
[09:01:08] [383/459] PUUJ
[09:01:09] [384/459] STEJ
[09:01:10] [385/459] RJAL
[09:01:11] [386/459] ACJC
[09:01:12] [387/459] VTHC
[09:01:13] [388/459] ARVB
[09:01:14] [389/459] AUBB
[09:01:15] [390/459] GDBR
[09:01:16] [391/459] PVND
[09:01:18] [392/459] BGRJ
[09:01:19] [393/459] RJMM
[09:01:19] [394/459] MCSA
[09:01:20] [395/459] BODA
[09:01:21] [396/459] JAGG
[09:01:22] [397/459] SCGA
[09:01:23] [398/459] LRCM
[09:01:24] [399/459] CPCN
[09:01:25] [400/459] SSTF
[09:01:26] [401/459] SRXP
[09:01:26] [402/459] CNFX
[09:01:27] [403/459] ANDI
[09:01:28] [404/459] SYEW
[09:01:29] [405/459] RCRE
[09:01:30] [406/459] SCRW
[09:01:31] [407/459] MBKR
[09:01:32] [408/459] ASNT
[09:01:32] [409/459] JTMT
[09:01:33] [410/459] SHAY
[09:01:34] [411/459] VRTH
[09:01:35] [412/459] SPTI
[09:01:36] [413/459] DPTD
[09:01:37] [414/459] TGSN
[09:01:38] [415/459] RCWV
[09:01:39] [416/459] OCUR
[09:01:40] [417/459] KSTC
[09:01:41] [418/459] SANI
[09:01:42] [419/459] MLCA
[09:01:43] [420/459] EGCA
[09:01:44] [421/459] SYSN
[09:01:45] [422/459] PKTA
[09:01:46] [423/459] PRCC
[09:01:47] [424/459] KSTR
[09:01:48] [425/459] SNTP
[09:01:48] [426/459] RCHA
[09:01:49] [427/459] SEEA
[09:01:50] [428/459] ALAT
[09:01:51] [429/459] AATV
[09:01:52] [430/459] RJTE
[09:01:53] [431/459] AAPP
[09:01:54] [432/459] PMMH
[09:01:54] [433/459] INRJ
[09:01:55] [434/459] SARB
[09:01:56] [435/459] PCJL
[09:01:57] [436/459] PFJJ
[09:01:57] [437/459] GRDC
[09:01:58] [438/459] BCBA
[09:01:59] [439/459] VIXL
[09:02:00] [440/459] CSTL
[09:02:01] [441/459] MTDK
[09:02:01] [442/459] TDAC
[09:02:02] [443/459] GTDN
[09:02:03] [444/459] TTDE
[09:02:04] [445/459] ASTS
[09:02:04] [446/459] CPNS
[09:02:05] [447/459] PVVW
[09:02:06] [448/459] USEB
[09:02:08] [449/459] DTYN
[09:02:09] [450/459] PVLE
[09:02:09] [451/459] CIPS
[09:02:10] [452/459] PAEG
[09:02:11] [453/459] PTCW
[09:02:12] [454/459] G3SR
[09:02:12] [455/459] PGND
[09:02:14] [456/459] INVM
[09:02:14] [457/459] SPIA
[09:02:15] [458/459] PCSN
[09:02:16] [459/459] PPGV
[09:02:17] ✅ DONE | Shows=1170 | Movies=67
