[00:39:26] 🚀 BMS DAILY TRACKER STARTED
[00:39:26] [1/459] MBDC
[00:39:26] 🧠 New identity
[00:39:28] [2/459] CHKM
[00:39:28] [3/459] JTKZ
[00:39:30] [4/459] CMCT
[00:39:31] [5/459] ASHO
[00:39:32] [6/459] ECDG
[00:39:32] [7/459] SPAT
[00:39:33] [8/459] HILC
[00:39:34] [9/459] SPPH
[00:39:35] [10/459] SBHN
[00:39:36] [11/459] RRCA
[00:39:37] [12/459] APAA
[00:39:37] [13/459] RAME
[00:39:39] [14/459] TMMS
[00:39:40] [15/459] BATK
[00:39:41] [16/459] LKOP
[00:39:42] [17/459] AMTT
[00:39:43] [18/459] PTGK
[00:39:44] [19/459] ANRS
[00:39:45] [20/459] VWBW
[00:39:47] [21/459] SVFG
[00:39:48] [22/459] STAT
[00:39:49] [23/459] GDCV
[00:39:51] [24/459] VEBI
[00:39:52] [25/459] VDSS
[00:39:53] [26/459] NTHV
[00:39:54] [27/459] AOCH
[00:39:55] [28/459] KASR
[00:39:55] [29/459] AYCS
[00:39:56] [30/459] SHAI
[00:39:58] [31/459] SKPE
[00:39:59] [32/459] SBTA
[00:40:00] [33/459] RTTD
[00:40:01] [34/459] CCJD
[00:40:02] [35/459] RSJJ
[00:40:03] [36/459] RKND
[00:40:04] [37/459] SVTX
[00:40:04] [38/459] BAKM
[00:40:05] [39/459] SVDC
[00:40:06] [40/459] MNCV
[00:40:07] [41/459] SJGC
[00:40:08] [42/459] MTPK
[00:40:08] [43/459] GATP
[00:40:09] [44/459] ABTS
[00:40:10] [45/459] ABDE
[00:40:11] [46/459] RCNM
[00:40:12] [47/459] KTHV
[00:40:13] [48/459] MDGJ
[00:40:14] [49/459] SMLM
[00:40:14] [50/459] JTMA
[00:40:15] [51/459] ACKP
[00:40:16] [52/459] SRTA
[00:40:17] [53/459] STAY
[00:40:18] [54/459] MAVO
[00:40:19] [55/459] APTS
[00:40:20] [56/459] OMEA
[00:40:20] [57/459] TTFD
[00:40:21] [58/459] MJCU
[00:40:22] [59/459] CXTE
[00:40:23] [60/459] CTPX
[00:40:24] [61/459] ASSL
[00:40:25] [62/459] CMVB
[00:40:25] [63/459] VPUR
[00:40:26] [64/459] JJDA
[00:40:27] [65/459] INBL
[00:40:28] [66/459] BIKB
[00:40:29] [67/459] NTBB
[00:40:30] [68/459] GLOB
[00:40:31] [69/459] SNTB
[00:40:33] [70/459] CHGV
[00:40:33] [71/459] SSBZ
[00:40:34] [72/459] PRDB
[00:40:35] [73/459] ISMT
[00:40:36] [74/459] MCSD
[00:40:37] [75/459] JBTT
[00:40:38] [76/459] GEKR
[00:40:39] [77/459] PVUN
[00:40:39] [78/459] NRTB
[00:40:40] [79/459] PRAA
[00:40:41] [80/459] PCBL
[00:40:42] [81/459] PTCM
[00:40:43] [82/459] KHNN
[00:40:44] [83/459] OMJE
[00:40:45] [84/459] STGN
[00:40:45] [85/459] RPMS
[00:40:46] [86/459] NWAD
[00:40:47] [87/459] BLCK
[00:40:47] [88/459] SVAA
[00:40:48] [89/459] URVM
[00:40:49] [90/459] ANTM
[00:40:50] [91/459] VJYM
[00:40:51] [92/459] MAZZ
[00:40:52] [93/459] CSHM
[00:40:52] [94/459] WGMH
[00:40:53] [95/459] SALN
[00:40:54] [96/459] BRTP
[00:40:55] [97/459] SVTA
[00:40:56] [98/459] SBTP
[00:40:56] [99/459] VLSS
[00:40:57] [100/459] SRJA
[00:40:58] [101/459] ANCG
[00:40:59] [102/459] CGGC
[00:41:00] [103/459] CRJA
[00:41:01] [104/459] USCR
[00:41:02] [105/459] MMEF
[00:41:03] [106/459] JCRJ
[00:41:04] [107/459] ADCM
[00:41:04] [108/459] BMYK
[00:41:05] [109/459] KICS
[00:41:06] [110/459] MBBT
[00:41:07] [111/459] MACK
[00:41:08] [112/459] CLDR
[00:41:09] [113/459] JYCR
[00:41:10] [114/459] DCRP
[00:41:11] [115/459] RAHT
[00:41:12] [116/459] CSSM
[00:41:13] [117/459] ATPK
[00:41:14] [118/459] KLRT
[00:41:15] [119/459] SRDD
[00:41:16] [120/459] CKMC
[00:41:17] [121/459] KRVM
[00:41:17] [122/459] AKCP
[00:41:18] [123/459] CNCV
[00:41:20] [124/459] PACT
[00:41:21] [125/459] NATP
[00:41:22] [126/459] PCPK
[00:41:23] [127/459] SMHO
[00:41:23] [128/459] CWTK
[00:41:24] [129/459] RVKZ
[00:41:25] [130/459] ASPD
[00:41:26] [131/459] VTKZ
[00:41:26] [132/459] LCSO
[00:41:27] [133/459] PRDY
[00:41:29] [134/459] RCAP
[00:41:30] [135/459] RGAR
[00:41:30] [136/459] RCAC
[00:41:31] [137/459] PMOD
[00:41:32] [138/459] PVCN
[00:41:33] [139/459] SCRZ
[00:41:34] [140/459] PVPC
[00:41:34] [141/459] STID
[00:41:36] [142/459] NEDD
[00:41:37] [143/459] BNBA
[00:41:38] [144/459] NTCD
[00:41:38] [145/459] OCDE
[00:41:39] [146/459] CCDU
[00:41:40] [147/459] CRXH
[00:41:41] [148/459] VLVT
[00:41:42] [149/459] CICI
[00:41:42] [150/459] SUCB
[00:41:43] [151/459] TCBP
[00:41:44] [152/459] SCCY
[00:41:45] [153/459] LXCY
[00:41:46] [154/459] NCMD
[00:41:46] [155/459] PHCS
[00:41:47] [156/459] DUXR
[00:41:49] [157/459] VNKS
[00:41:49] [158/459] SEDP
[00:41:50] [159/459] SVEN
[00:41:52] [160/459] SRKM
[00:41:52] [161/459] JTLT
[00:41:53] [162/459] SVSS
[00:41:54] [163/459] AMDE
[00:41:55] [164/459] WVRN
[00:41:56] [165/459] ISMG
[00:41:57] [166/459] WVKS
[00:41:58] [167/459] USCG
[00:41:59] [168/459] IOTG
[00:42:00] [169/459] RRJM
[00:42:01] [170/459] EDMP
[00:42:01] [171/459] SCGZ
[00:42:02] [172/459] GMGX
[00:42:03] [173/459] OMTP
[00:42:04] [174/459] MITD
[00:42:05] [175/459] SMMD
[00:42:06] [176/459] STML
[00:42:07] [177/459] MCFS
[00:42:08] [178/459] FPKA
[00:42:08] [179/459] OMLR
[00:42:09] [180/459] KKSC
[00:42:10] [181/459] RVMA
[00:42:11] [182/459] SCLL
[00:42:12] [183/459] SCDK
[00:42:12] [184/459] SXMI
[00:42:13] [185/459] SHDN
[00:42:14] [186/459] PAAD
[00:42:15] [187/459] UUCB
[00:42:15] [188/459] JHOL
[00:42:16] [189/459] SGWT
[00:42:18] [190/459] SRII
[00:42:19] [191/459] SGCK
[00:42:19] [192/459] SVVB
[00:42:20] [193/459] DMHA
[00:42:22] [194/459] PPNL
[00:42:23] [195/459] CPNL
[00:42:23] [196/459] WVLD
[00:42:24] [197/459] PSLV
[00:42:25] [198/459] VTTL
[00:42:25] [199/459] NPAD
[00:42:26] [200/459] PVCS
[00:42:27] [201/459] MCHL
[00:42:28] [202/459] PPLL
[00:42:29] [203/459] MALO
[00:42:30] [204/459] SWBH
[00:42:31] [205/459] PUGB
[00:42:31] [206/459] INBB
[00:42:32] [207/459] INNS
[00:42:33] [208/459] MCPT
[00:42:34] [209/459] SCMI
[00:42:35] [210/459] OCON
[00:42:36] [211/459] SCSM
[00:42:37] [212/459] RJVN
[00:42:38] [213/459] AMDK
[00:42:39] [214/459] ISMR
[00:42:40] [215/459] SMTD
[00:42:41] [216/459] VTDD
[00:42:42] [217/459] PDDZ
[00:42:42] [218/459] PCCK
[00:42:43] [219/459] INAM
[00:42:44] [220/459] FNKT
[00:42:45] [221/459] GDKA
[00:42:46] [222/459] MAYU
[00:42:47] [223/459] TCGU
[00:42:48] [224/459] KDCA
[00:42:48] [225/459] DOMY
[00:42:49] [226/459] PDDD
[00:42:50] [227/459] BJTS
[00:42:51] [228/459] VTCA
[00:42:52] [229/459] SBTM
[00:42:53] [230/459] SEET
[00:42:54] [231/459] SSTJ
[00:42:55] [232/459] SVNT
[00:42:55] [233/459] PPPR
[00:42:56] [234/459] PVYS
[00:42:57] [235/459] IOSE
[00:42:58] [236/459] ACTV
[00:42:59] [237/459] APVE
[00:43:00] [238/459] TCCL
[00:43:00] [239/459] SCMO
[00:43:01] [240/459] SAUM
[00:43:02] [241/459] KCJS
[00:43:03] [242/459] NJCJ
[00:43:04] [243/459] NECF
[00:43:05] [244/459] CCGW
[00:43:06] [245/459] CCMG
[00:43:07] [246/459] NYRG
[00:43:08] [247/459] NCSQ
[00:43:08] [248/459] GRCG
[00:43:09] [249/459] CCBT
[00:43:10] [250/459] ACGA
[00:43:11] [251/459] INAG
[00:43:12] [252/459] FUCG
[00:43:12] [253/459] AICF
[00:43:13] [254/459] GRGA
[00:43:14] [255/459] GDCN
[00:43:15] [256/459] RRCG
[00:43:16] [257/459] SDCH
[00:43:17] [258/459] WVJM
[00:43:19] [259/459] JCCZ
[00:43:20] [260/459] CNCL
[00:43:20] [261/459] TMLV
[00:43:21] [262/459] MEMB
[00:43:22] [263/459] SGTD
[00:43:23] [264/459] CONX
[00:43:24] [265/459] CCMH
[00:43:25] [266/459] ACMC
[00:43:26] [267/459] DTPD
[00:43:27] [268/459] POJA
[00:43:28] [269/459] FNBH
[00:43:29] [270/459] CGCB
[00:43:29] [271/459] RACN
[00:43:30] [272/459] JTSM
[00:43:31] [273/459] SCDN
[00:43:32] [274/459] AACK
[00:43:32] [275/459] RMCE
[00:43:33] [276/459] BSGB
[00:43:34] [277/459] MRCB
[00:43:35] [278/459] SRVR
[00:43:36] [279/459] VTKK
[00:43:36] [280/459] AMST
[00:43:37] [281/459] APCY
[00:43:38] [282/459] LMHO
[00:43:39] [283/459] MTZH
[00:43:40] [284/459] AMZB
[00:43:40] [285/459] SUVT
[00:43:41] [286/459] RCIP
[00:43:42] [287/459] KESR
[00:43:43] [288/459] SNKC
[00:43:44] [289/459] SCED
[00:43:45] [290/459] DVCA
[00:43:46] [291/459] VCDT
[00:43:47] [292/459] RRDI
[00:43:47] [293/459] DFCH
[00:43:48] [294/459] INSC
[00:43:49] [295/459] RGTR
[00:43:50] [296/459] FMOT
[00:43:50] [297/459] SCPM
[00:43:51] [298/459] GCDT
[00:43:52] [299/459] BRKT
[00:43:53] [300/459] DEMP
[00:43:54] [301/459] SRLC
[00:43:55] [302/459] KSTT
[00:43:55] [303/459] SMMT
[00:43:56] [304/459] SILM
[00:43:57] [305/459] JCVM
[00:43:58] [306/459] KCSV
[00:43:59] [307/459] MHLK
[00:44:00] [308/459] SLVL
[00:44:01] [309/459] RJKP
[00:44:01] [310/459] BBPC
[00:44:02] [311/459] MXCB
[00:44:03] [312/459] TCPK
[00:44:05] [313/459] RTBR
[00:44:06] [314/459] GAUT
[00:44:07] [315/459] DVCF
[00:44:08] [316/459] JTSB
[00:44:09] [317/459] SBLS
[00:44:09] [318/459] UDAY
[00:44:10] [319/459] PTNP
[00:44:12] [320/459] DMKT
[00:44:13] [321/459] NTDT
[00:44:14] [322/459] SHDJ
[00:44:15] [323/459] OTNC
[00:44:16] [324/459] RNTW
[00:44:17] [325/459] GCMI
[00:44:17] [326/459] CRCM
[00:44:18] [327/459] NNCZ
[00:44:19] [328/459] OEMO
[00:44:19] [329/459] PVJM
[00:44:20] [330/459] CPJI
[00:44:21] [331/459] RMCJ
[00:44:22] [332/459] CNWJ
[00:44:23] [333/459] EPJM
[00:44:25] [334/459] FNJJ
[00:44:26] [335/459] GCMJ
[00:44:26] [336/459] INPS
[00:44:27] [337/459] BICJ
[00:44:28] [338/459] ISTJ
[00:44:29] [339/459] INJC
[00:44:30] [340/459] GLXJ
[00:44:31] [341/459] INEM
[00:44:32] [342/459] JTMN
[00:44:33] [343/459] FRCJ
[00:44:33] [344/459] DDJP
[00:44:34] [345/459] INJV
[00:44:35] [346/459] GOLC
[00:44:36] [347/459] KOCI
[00:44:37] [348/459] FSTD
[00:44:37] [349/459] PACJ
[00:44:38] [350/459] GMCN
[00:44:39] [351/459] MMDJ
[00:44:40] [352/459] GODH
[00:44:41] [353/459] SKYN
[00:44:42] [354/459] NCTH
[00:44:42] [355/459] SKVZ
[00:44:43] [356/459] SVML
[00:44:44] [357/459] ACVZ
[00:44:45] [358/459] SURA
[00:44:46] [359/459] RTRB
[00:44:47] [360/459] LLCT
[00:44:48] [361/459] ATTS
[00:44:49] [362/459] JYCM
[00:44:50] [363/459] CTKR
[00:44:51] [364/459] LCKR
[00:44:52] [365/459] NYCV
[00:44:53] [366/459] NYOH
[00:44:54] [367/459] NOVX
[00:44:55] [368/459] MRGK
[00:44:56] [369/459] MOON
[00:44:57] [370/459] SBUC
[00:44:57] [371/459] GSVA
[00:44:58] [372/459] VIAK
[00:44:59] [373/459] SMVZ
[00:45:00] [374/459] MATE
[00:45:00] [375/459] RDCN
[00:45:01] [376/459] ASBL
[00:45:02] [377/459] ASVS
[00:45:03] [378/459] ASSR
[00:45:03] [379/459] SSKN
[00:45:04] [380/459] DRPV
[00:45:05] [381/459] MRHT
[00:45:06] [382/459] BSCN
[00:45:07] [383/459] RKNX
[00:45:07] [384/459] MSMC
[00:45:08] [385/459] MSCJ
[00:45:09] [386/459] BTBJ
[00:45:10] [387/459] MJCC
[00:45:11] [388/459] IOMM
[00:45:12] [389/459] ADGR
[00:45:13] [390/459] MYCP
[00:45:13] [391/459] IGCM
[00:45:14] [392/459] PGRK
[00:45:15] [393/459] VPGO
[00:45:16] [394/459] KOMS
[00:45:16] [395/459] URGG
[00:45:17] [396/459] GOST
[00:45:18] [397/459] LACT
[00:45:19] [398/459] BWCM
[00:45:20] [399/459] NCCW
[00:45:22] [400/459] SKYC
[00:45:23] [401/459] CCPM
[00:45:23] [402/459] VCBT
[00:45:24] [403/459] SDKR
[00:45:25] [404/459] CTYB
[00:45:26] [405/459] SHCX
[00:45:27] [406/459] RCUN
[00:45:28] [407/459] CNRA
[00:45:29] [408/459] RFCA
[00:45:30] [409/459] RDCU
[00:45:30] [410/459] SARK
[00:45:31] [411/459] SPPP
[00:45:32] [412/459] ADMB
[00:45:34] [413/459] JYOE
[00:45:35] [414/459] SRMD
[00:45:36] [415/459] RJDH
[00:45:37] [416/459] SSTD
[00:45:38] [417/459] AACV
[00:45:39] [418/459] PPVD
[00:45:40] [419/459] STCP
[00:45:41] [420/459] ANJR
[00:45:42] [421/459] ANLS
[00:45:43] [422/459] BIJO
[00:45:44] [423/459] AVAB
[00:45:44] [424/459] SPMD
[00:45:45] [425/459] SVJL
[00:45:46] [426/459] SDDJ
[00:45:47] [427/459] SLTU
[00:45:48] [428/459] SAKA
[00:45:49] [429/459] PMAM
[00:45:49] [430/459] FNAM
[00:45:50] [431/459] ACAM
[00:45:52] [432/459] SCMM
[00:45:53] [433/459] PMAK
[00:45:54] [434/459] NYSA
[00:45:55] [435/459] FCPA
[00:45:56] [436/459] GDAN
[00:45:57] [437/459] RSCA
[00:45:57] [438/459] DMAN
[00:45:58] [439/459] DZCM
[00:45:59] [440/459] NSGL
[00:46:00] [441/459] CCPP
[00:46:01] [442/459] PSMG
[00:46:01] [443/459] GSER
[00:46:02] [444/459] FCCT
[00:46:03] [445/459] FCTB
[00:46:04] [446/459] LCNK
[00:46:04] [447/459] SKTY
[00:46:05] [448/459] INAA
[00:46:06] [449/459] RCWN
[00:46:07] [450/459] VAIS
[00:46:08] [451/459] CVMN
[00:46:09] [452/459] INTS
[00:46:09] [453/459] FRGS
[00:46:10] [454/459] DTCK
[00:46:11] [455/459] MCMH
[00:46:13] [456/459] ECRR
[00:46:13] [457/459] RLLP
[00:46:14] [458/459] CCSN
[00:46:15] [459/459] CCBA
[00:46:16] ✅ DONE | Shows=0 | Movies=0
