[02:39:20] 🚀 SCRIPT STARTED
[02:39:20] [1/445] TGMR
[02:39:20] 🧠 New identity created
[02:39:21] [2/445] CXKR
[02:39:22] [3/445] SROP
[02:39:23] [4/445] GTSV
[02:39:24] [5/445] SNTY
[02:39:24] [6/445] SMYY
[02:39:25] [7/445] CNCS
[02:39:27] [8/445] CSTM
[02:39:28] [9/445] NUCD
[02:39:29] [10/445] SHCZ
[02:39:30] [11/445] NJCT
[02:39:31] [12/445] COPC
[02:39:32] [13/445] STVV
[02:39:33] [14/445] SKRN
[02:39:34] [15/445] APPZ
[02:39:34] [16/445] YMGN
[02:39:35] [17/445] SVTU
[02:39:36] [18/445] GTAD
[02:39:37] [19/445] PSUS
[02:39:38] [20/445] SMCD
[02:39:39] [21/445] CMCM
[02:39:40] [22/445] SYCT
[02:39:40] [23/445] STLY
[02:39:41] [24/445] CMHU
[02:39:42] [25/445] CMSA
[02:39:43] [26/445] CLCU
[02:39:43] [27/445] PPNT
[02:39:44] [28/445] JTAB
[02:39:45] [29/445] BUUC
[02:39:46] [30/445] BSVK
[02:39:47] [31/445] VVVQ
[02:39:47] [32/445] TKMU
[02:39:48] [33/445] ESYL
[02:39:49] [34/445] ACHP
[02:39:50] [35/445] BTKD
[02:39:51] [36/445] DESA
[02:39:52] [37/445] GBCT
[02:39:52] [38/445] BLLD
[02:39:53] [39/445] SKNT
[02:39:54] [40/445] SSTE
[02:39:55] [41/445] VJMR
[02:39:56] [42/445] NTPU
[02:39:57] [43/445] RDKN
[02:39:58] [44/445] ADGC
[02:39:59] [45/445] VRBP
[02:40:00] [46/445] NMNA
[02:40:01] [47/445] CMMX
[02:40:02] [48/445] PTKO
[02:40:03] [49/445] RBML
[02:40:04] [50/445] SAIC
[02:40:05] [51/445] SVTJ
[02:40:06] [52/445] MRTE
[02:40:07] [53/445] RBTP
[02:40:07] [54/445] NLPS
[02:40:08] [55/445] GTNA
[02:40:10] [56/445] DGGC
[02:40:10] [57/445] SMCR
[02:40:11] [58/445] SCGD
[02:40:12] [59/445] SRRJ
[02:40:13] [60/445] CNRY
[02:40:14] [61/445] KTDI
[02:40:15] [62/445] SNJL
[02:40:16] [63/445] RKMD
[02:40:16] [64/445] SMDC
[02:40:18] [65/445] TADG
[02:40:19] [66/445] MCGS
[02:40:20] [67/445] PETK
[02:40:21] [68/445] CHAG
[02:40:22] [69/445] KSTL
[02:40:23] [70/445] AADS
[02:40:24] [71/445] NTHZ
[02:40:24] [72/445] HCKI
[02:40:25] [73/445] SSEF
[02:40:26] [74/445] MCGX
[02:40:27] [75/445] ERRA
[02:40:28] [76/445] SDTW
[02:40:30] [77/445] RMPK
[02:40:30] [78/445] PTHK
[02:40:32] [79/445] PXCS
[02:40:34] [80/445] SVLU
[02:40:35] [81/445] STAH
[02:40:35] [82/445] JRGF
[02:40:37] [83/445] CDOK
[02:40:38] [84/445] CMSG
[02:40:40] [85/445] APTD
[02:40:41] [86/445] KMPG
[02:40:42] [87/445] MUTJ
[02:40:43] [88/445] VCCI
[02:40:44] [89/445] URBE
[02:40:45] [90/445] TCTS
[02:40:46] [91/445] STSN
[02:40:46] [92/445] AKCH
[02:40:47] [93/445] APSC
[02:40:48] [94/445] VLTB
[02:40:49] [95/445] SANU
[02:40:50] [96/445] AXAM
[02:40:51] [97/445] MGMG
[02:40:51] [98/445] HTBY
[02:40:52] [99/445] MMZS
[02:40:54] [100/445] SUDR
[02:40:55] [101/445] CCAD
[02:40:56] [102/445] SKKC
[02:40:57] [103/445] RMCD
[02:40:58] [104/445] SBCQ
[02:40:59] [105/445] DCCT
[02:41:01] [106/445] VTKP
[02:41:02] [107/445] MLAM
[02:41:03] [108/445] SAVT
[02:41:03] [109/445] GEPL
[02:41:04] [110/445] AMCD
[02:41:05] [111/445] CCXR
[02:41:06] [112/445] GRNG
[02:41:07] [113/445] EBCA
[02:41:08] [114/445] CNVG
[02:41:09] [115/445] MWSS
[02:41:10] [116/445] VBOR
[02:41:10] [117/445] NEEB
[02:41:12] [118/445] SUTH
[02:41:13] [119/445] ANDB
[02:41:14] [120/445] MMXS
[02:41:15] [121/445] CNPD
[02:41:15] [122/445] SDCE
[02:41:16] [123/445] DHCB
[02:41:17] [124/445] ODEN
[02:41:18] [125/445] TNTC
[02:41:19] [126/445] VBKM
[02:41:19] [127/445] RZYM
[02:41:20] [128/445] JEMC
[02:41:21] [129/445] CMAU
[02:41:22] [130/445] SIVP
[02:41:23] [131/445] ATAG
[02:41:23] [132/445] CHTM
[02:41:24] [133/445] AAEE
[02:41:25] [134/445] IWPM
[02:41:26] [135/445] KCMW
[02:41:26] [136/445] MCTD
[02:41:27] [137/445] SPWR
[02:41:28] [138/445] SDPO
[02:41:29] [139/445] PCSK
[02:41:30] [140/445] ACHV
[02:41:31] [141/445] SVLA
[02:41:31] [142/445] PICT
[02:41:32] [143/445] BXDR
[02:41:34] [144/445] SPWA
[02:41:35] [145/445] MCKO
[02:41:35] [146/445] RTHK
[02:41:36] [147/445] CCMF
[02:41:37] [148/445] MRGB
[02:41:38] [149/445] CPLC
[02:41:39] [150/445] RACD
[02:41:40] [151/445] ATKT
[02:41:40] [152/445] SARN
[02:41:41] [153/445] KKUI
[02:41:42] [154/445] RGCM
[02:41:43] [155/445] BRVP
[02:41:45] [156/445] HRSR
[02:41:46] [157/445] GKGM
[02:41:46] [158/445] TTCD
[02:41:47] [159/445] PTTI
[02:41:48] [160/445] MPTT
[02:41:49] [161/445] CVTT
[02:41:50] [162/445] PCXD
[02:41:51] [163/445] GCDC
[02:41:52] [164/445] CCCF
[02:41:53] [165/445] MRAD
[02:41:53] [166/445] CPLK
[02:41:54] [167/445] SATB
[02:41:56] [168/445] SNVG
[02:41:57] [169/445] JMBA
[02:41:58] [170/445] TEJA
[02:41:58] [171/445] STYO
[02:41:59] [172/445] JTBP
[02:42:00] [173/445] KRGD
[02:42:01] [174/445] SLJJ
[02:42:02] [175/445] SPTJ
[02:42:02] [176/445] SWJG
[02:42:03] [177/445] LKRT
[02:42:04] [178/445] KCKA
[02:42:05] [179/445] SNCR
[02:42:05] [180/445] SMKL
[02:42:06] [181/445] GCFA
[02:42:07] [182/445] DDCK
[02:42:08] [183/445] NCHJ
[02:42:09] [184/445] RDMA
[02:42:09] [185/445] SVSV
[02:42:10] [186/445] SCJG
[02:42:11] [187/445] VKLP
[02:42:12] [188/445] NWCC
[02:42:13] [189/445] VKNS
[02:42:13] [190/445] SDDP
[02:42:14] [191/445] ACSI
[02:42:15] [192/445] SATG
[02:42:16] [193/445] SCMW
[02:42:17] [194/445] LKTK
[02:42:18] [195/445] VCKV
[02:42:19] [196/445] KKPE
[02:42:21] [197/445] KIGH
[02:42:22] [198/445] SRPM
[02:42:22] [199/445] SCAH
[02:42:23] [200/445] MUTA
[02:42:24] [201/445] SEPU
[02:42:25] [202/445] INOA
[02:42:26] [203/445] BASK
[02:42:27] [204/445] NECB
[02:42:27] [205/445] GTTG
[02:42:28] [206/445] ASSA
[02:42:29] [207/445] ANCL
[02:42:30] [208/445] GCTI
[02:42:31] [209/445] RCTS
[02:42:32] [210/445] ACNL
[02:42:33] [211/445] MYCT
[02:42:33] [212/445] NMHT
[02:42:34] [213/445] MDIT
[02:42:35] [214/445] LATG
[02:42:36] [215/445] SMTY
[02:42:37] [216/445] CVCT
[02:42:37] [217/445] RAMB
[02:42:38] [218/445] TGMS
[02:42:39] [219/445] BHEL
[02:42:40] [220/445] SHCT
[02:42:41] [221/445] SVCT
[02:42:42] [222/445] MRIY
[02:42:43] [223/445] SARO
[02:42:44] [224/445] STCT
[02:42:44] [225/445] JKKC
[02:42:46] [226/445] PLTT
[02:42:47] [227/445] SRNT
[02:42:48] [228/445] YAST
[02:42:49] [229/445] PERL
[02:42:50] [230/445] CICM
[02:42:50] [231/445] MMTR
[02:42:51] [232/445] ABTK
[02:42:53] [233/445] ATYY
[02:42:53] [234/445] ASTK
[02:42:54] [235/445] VVCK
[02:42:55] [236/445] ATKY
[02:42:56] [237/445] GWEK
[02:42:57] [238/445] SVFH
[02:42:58] [239/445] SLTA
[02:42:59] [240/445] AASH
[02:43:00] [241/445] ACXB
[02:43:00] [242/445] SMTX
[02:43:01] [243/445] AZDH
[02:43:02] [244/445] CMMH
[02:43:03] [245/445] SCSZ
[02:43:04] [246/445] SCKP
[02:43:04] [247/445] NXTM
[02:43:06] [248/445] NWCS
[02:43:07] [249/445] CXMH
[02:43:08] [250/445] PCMA
[02:43:09] [251/445] SGCM
[02:43:10] [252/445] SDTU
[02:43:10] [253/445] MMVI
[02:43:11] [254/445] JKCM
[02:43:12] [255/445] VCMM
[02:43:14] [256/445] SYEE
[02:43:15] [257/445] VASD
[02:43:16] [258/445] BDRB
[02:43:17] [259/445] LASM
[02:43:18] [260/445] DCRL
[02:43:19] [261/445] DVPM
[02:43:20] [262/445] SBMJ
[02:43:21] [263/445] CBMU
[02:43:21] [264/445] IUBS
[02:43:22] [265/445] INAP
[02:43:23] [266/445] SRRC
[02:43:24] [267/445] SAGR
[02:43:25] [268/445] CPMJ
[02:43:26] [269/445] ATJL
[02:43:27] [270/445] NNTD
[02:43:28] [271/445] JHCJ
[02:43:28] [272/445] CMMP
[02:43:29] [273/445] RSDR
[02:43:30] [274/445] AMTI
[02:43:31] [275/445] NYSG
[02:43:32] [276/445] AVSG
[02:43:33] [277/445] SYTP
[02:43:34] [278/445] LARC
[02:43:35] [279/445] RJTP
[02:43:36] [280/445] LAKC
[02:43:37] [281/445] MCXE
[02:43:38] [282/445] CCZC
[02:43:39] [283/445] AVCH
[02:43:39] [284/445] CMBE
[02:43:40] [285/445] MRRC
[02:43:41] [286/445] PCPY
[02:43:42] [287/445] SRMH
[02:43:42] [288/445] SVGS
[02:43:43] [289/445] PCSE
[02:43:44] [290/445] SVFT
[02:43:46] [291/445] TNZP
[02:43:47] [292/445] ICTP
[02:43:48] [293/445] ACTZ
[02:43:48] [294/445] GTUR
[02:43:49] [295/445] MAFC
[02:43:50] [296/445] MINL
[02:43:51] [297/445] MRCL
[02:43:53] [298/445] RCRP
[02:43:54] [299/445] RFFG
[02:43:54] [300/445] RMAS
[02:43:56] [301/445] INVR
[02:43:57] [302/445] RMAR
[02:43:58] [303/445] CNIS
[02:43:58] [304/445] RHRJ
[02:43:59] [305/445] INXR
[02:44:00] [306/445] VALT
[02:44:01] [307/445] LCSH
[02:44:02] [308/445] CMVS
[02:44:03] [309/445] CNMS
[02:44:04] [310/445] ROOG
[02:44:05] [311/445] ISRM
[02:44:06] [312/445] RCRM
[02:44:07] [313/445] ACJA
[02:44:07] [314/445] RCVS
[02:44:08] [315/445] CPUS
[02:44:09] [316/445] TGCS
[02:44:10] [317/445] RKCJ
[02:44:11] [318/445] MKSB
[02:44:11] [319/445] TCSJ
[02:44:12] [320/445] RMGP
[02:44:14] [321/445] CLLP
[02:44:15] [322/445] RCMV
[02:44:16] [323/445] CCKS
[02:44:17] [324/445] RSRP
[02:44:18] [325/445] APLP
[02:44:19] [326/445] CNVS
[02:44:20] [327/445] RMVY
[02:44:21] [328/445] PGBD
[02:44:22] [329/445] KLMS
[02:44:22] [330/445] RUST
[02:44:23] [331/445] MASM
[02:44:24] [332/445] BACS
[02:44:25] [333/445] BWST
[02:44:26] [334/445] RRFH
[02:44:27] [335/445] SJTM
[02:44:28] [336/445] BEMR
[02:44:28] [337/445] MCGR
[02:44:29] [338/445] SDSK
[02:44:30] [339/445] VBOL
[02:44:31] [340/445] RMGM
[02:44:32] [341/445] NOPL
[02:44:32] [342/445] MKJK
[02:44:33] [343/445] CVRN
[02:44:34] [344/445] MMEN
[02:44:35] [345/445] AMNG
[02:44:36] [346/445] INTM
[02:44:37] [347/445] SLCZ
[02:44:37] [348/445] AMJN
[02:44:39] [349/445] ACJN
[02:44:41] [350/445] AMKN
[02:44:41] [351/445] BTCN
[02:44:42] [352/445] AMBT
[02:44:43] [353/445] PACN
[02:44:44] [354/445] LCNS
[02:44:45] [355/445] PPKC
[02:44:46] [356/445] JYYN
[02:44:46] [357/445] JTNR
[02:44:48] [358/445] GTEE
[02:44:49] [359/445] SRNM
[02:44:50] [360/445] SDTC
[02:44:51] [361/445] VPCA
[02:44:52] [362/445] VLRA
[02:44:53] [363/445] SHKR
[02:44:54] [364/445] SBKD
[02:44:55] [365/445] SAAD
[02:44:56] [366/445] JTGN
[02:44:57] [367/445] SLAM
[02:44:58] [368/445] VTPM
[02:44:59] [369/445] ANPT
[02:45:00] [370/445] PUNB
[02:45:00] [371/445] CPKT
[02:45:01] [372/445] CNWE
[02:45:02] [373/445] ECPP
[02:45:03] [374/445] CPAR
[02:45:04] [375/445] ESBW
[02:45:05] [376/445] PKPU
[02:45:05] [377/445] CPRP
[02:45:06] [378/445] RAHU
[02:45:07] [379/445] RHMN
[02:45:08] [380/445] FMJP
[02:45:09] [381/445] CTMP
[02:45:10] [382/445] INPN
[02:45:10] [383/445] STTG
[02:45:11] [384/445] CTRD
[02:45:12] [385/445] PUVB
[02:45:13] [386/445] ESVP
[02:45:14] [387/445] CPFT
[02:45:16] [388/445] LCPC
[02:45:17] [389/445] VBCT
[02:45:17] [390/445] FSCW
[02:45:18] [391/445] VCMP
[02:45:19] [392/445] ASHC
[02:45:20] [393/445] VLCX
[02:45:21] [394/445] SHEV
[02:45:21] [395/445] APCO
[02:45:22] [396/445] SILC
[02:45:23] [397/445] SNMR
[02:45:25] [398/445] KYBO
[02:45:25] [399/445] SATK
[02:45:26] [400/445] SSCS
[02:45:27] [401/445] CLSB
[02:45:28] [402/445] KMJR
[02:45:29] [403/445] FSCK
[02:45:29] [404/445] NNKA
[02:45:30] [405/445] CLMK
[02:45:31] [406/445] DMPZ
[02:45:32] [407/445] INQM
[02:45:33] [408/445] CAML
[02:45:34] [409/445] INRK
[02:45:34] [410/445] IMKN
[02:45:35] [411/445] SVNR
[02:45:37] [412/445] INSL
[02:45:38] [413/445] MSMA
[02:45:38] [414/445] MCKK
[02:45:39] [415/445] FCHP
[02:45:40] [416/445] SFCR
[02:45:41] [417/445] NACK
[02:45:42] [418/445] PVAK
[02:45:43] [419/445] INER
[02:45:44] [420/445] RDBK
[02:45:45] [421/445] SVFN
[02:45:45] [422/445] IFRM
[02:45:46] [423/445] ATCK
[02:45:47] [424/445] ASKO
[02:45:48] [425/445] STKT
[02:45:49] [426/445] SVFB
[02:45:50] [427/445] INKS
[02:45:51] [428/445] PCRA
[02:45:51] [429/445] ATJA
[02:45:52] [430/445] IMJN
[02:45:53] [431/445] INHD
[02:45:55] [432/445] BARA
[02:45:56] [433/445] MCSL
[02:45:57] [434/445] RTOY
[02:45:58] [435/445] MENO
[02:45:59] [436/445] PUDM
[02:45:59] [437/445] PRCN
[02:46:00] [438/445] JMJR
[02:46:01] [439/445] SSGK
[02:46:02] [440/445] SSRL
[02:46:04] [441/445] JYKL
[02:46:04] [442/445] ACNB
[02:46:05] [443/445] SONP
[02:46:06] [444/445] EMCI
[02:46:06] [445/445] MRJH
[02:46:07] 🧹 Deduping shows
[02:46:07] ✅ DONE | Shows=1880 | Movies=70
[04:41:02] 🚀 SCRIPT STARTED
[04:41:02] [1/445] TGMR
[04:41:02] 🧠 New identity created
[04:41:03] [2/445] CXKR
[04:41:04] [3/445] SROP
[04:41:05] [4/445] GTSV
[04:41:05] [5/445] SNTY
[04:41:06] [6/445] SMYY
[04:41:07] [7/445] CNCS
[04:41:08] [8/445] CSTM
[04:41:09] [9/445] NUCD
[04:41:10] [10/445] SHCZ
[04:41:10] [11/445] NJCT
[04:41:11] [12/445] COPC
[04:41:12] [13/445] STVV
[04:41:13] [14/445] SKRN
[04:41:15] [15/445] APPZ
[04:41:15] [16/445] YMGN
[04:41:16] [17/445] SVTU
[04:41:17] [18/445] GTAD
[04:41:19] [19/445] PSUS
[04:41:19] [20/445] SMCD
[04:41:20] [21/445] CMCM
[04:41:21] [22/445] SYCT
[04:41:22] [23/445] STLY
[04:41:23] [24/445] CMHU
[04:41:23] [25/445] CMSA
[04:41:24] [26/445] CLCU
[04:41:25] [27/445] PPNT
[04:41:26] [28/445] JTAB
[04:41:27] [29/445] BUUC
[04:41:27] [30/445] BSVK
[04:41:28] [31/445] VVVQ
[04:41:29] [32/445] TKMU
[04:41:30] [33/445] ESYL
[04:41:31] [34/445] ACHP
[04:41:32] [35/445] BTKD
[04:41:33] [36/445] DESA
[04:41:34] [37/445] GBCT
[04:41:35] [38/445] BLLD
[04:41:36] [39/445] SKNT
[04:41:37] [40/445] SSTE
[04:41:38] [41/445] VJMR
[04:41:39] [42/445] NTPU
[04:41:40] [43/445] RDKN
[04:41:41] [44/445] ADGC
[04:41:42] [45/445] VRBP
[04:41:43] [46/445] NMNA
[04:41:44] [47/445] CMMX
[04:41:45] [48/445] PTKO
[04:41:46] [49/445] RBML
[04:41:48] [50/445] SAIC
[04:41:49] [51/445] SVTJ
[04:41:50] [52/445] MRTE
[04:41:51] [53/445] RBTP
[04:41:53] [54/445] NLPS
[04:41:53] [55/445] GTNA
[04:41:54] [56/445] DGGC
[04:41:55] [57/445] SMCR
[04:41:56] [58/445] SCGD
[04:41:57] [59/445] SRRJ
[04:41:57] [60/445] CNRY
[04:41:58] [61/445] KTDI
[04:41:59] [62/445] SNJL
[04:42:00] [63/445] RKMD
[04:42:01] [64/445] SMDC
[04:42:02] [65/445] TADG
[04:42:03] [66/445] MCGS
[04:42:04] [67/445] PETK
[04:42:05] [68/445] CHAG
[04:42:07] [69/445] KSTL
[04:42:08] [70/445] AADS
[04:42:08] [71/445] NTHZ
[04:42:09] [72/445] HCKI
[04:42:10] [73/445] SSEF
[04:42:11] [74/445] MCGX
[04:42:12] [75/445] ERRA
[04:42:13] [76/445] SDTW
[04:42:14] [77/445] RMPK
[04:42:15] [78/445] PTHK
[04:42:17] [79/445] PXCS
[04:42:18] [80/445] SVLU
[04:42:19] [81/445] STAH
[04:42:20] [82/445] JRGF
[04:42:21] [83/445] CDOK
[04:42:23] [84/445] CMSG
[04:42:24] [85/445] APTD
[04:42:25] [86/445] KMPG
[04:42:26] [87/445] MUTJ
[04:42:26] [88/445] VCCI
[04:42:27] [89/445] URBE
[04:42:29] [90/445] TCTS
[04:42:30] [91/445] STSN
[04:42:31] [92/445] AKCH
[04:42:32] [93/445] APSC
[04:42:32] [94/445] VLTB
[04:42:33] [95/445] SANU
[04:42:34] [96/445] AXAM
[04:42:35] [97/445] MGMG
[04:42:36] [98/445] HTBY
[04:42:37] [99/445] MMZS
[04:42:37] [100/445] SUDR
[04:42:38] [101/445] CCAD
[04:42:39] [102/445] SKKC
[04:42:40] [103/445] RMCD
[04:42:41] [104/445] SBCQ
[04:42:42] [105/445] DCCT
[04:42:43] [106/445] VTKP
[04:42:44] [107/445] MLAM
[04:42:45] [108/445] SAVT
[04:42:46] [109/445] GEPL
[04:42:47] [110/445] AMCD
[04:42:48] [111/445] CCXR
[04:42:48] [112/445] GRNG
[04:42:49] [113/445] EBCA
[04:42:50] [114/445] CNVG
[04:42:51] [115/445] MWSS
[04:42:52] [116/445] VBOR
[04:42:53] [117/445] NEEB
[04:42:54] [118/445] SUTH
[04:42:55] [119/445] ANDB
[04:42:56] [120/445] MMXS
[04:42:57] [121/445] CNPD
[04:42:58] [122/445] SDCE
[04:42:59] [123/445] DHCB
[04:43:00] [124/445] ODEN
[04:43:02] [125/445] TNTC
[04:43:03] [126/445] VBKM
[04:43:04] [127/445] RZYM
[04:43:05] [128/445] JEMC
[04:43:06] [129/445] CMAU
[04:43:07] [130/445] SIVP
[04:43:07] [131/445] ATAG
[04:43:08] [132/445] CHTM
[04:43:09] [133/445] AAEE
[04:43:10] [134/445] IWPM
[04:43:11] [135/445] KCMW
[04:43:12] [136/445] MCTD
[04:43:13] [137/445] SPWR
[04:43:14] [138/445] SDPO
[04:43:15] [139/445] PCSK
[04:43:16] [140/445] ACHV
[04:43:16] [141/445] SVLA
[04:43:17] [142/445] PICT
[04:43:18] [143/445] BXDR
[04:43:19] [144/445] SPWA
[04:43:20] [145/445] MCKO
[04:43:21] [146/445] RTHK
[04:43:22] [147/445] CCMF
[04:43:23] [148/445] MRGB
[04:43:24] [149/445] CPLC
[04:43:25] [150/445] RACD
[04:43:25] [151/445] ATKT
[04:43:26] [152/445] SARN
[04:43:27] [153/445] KKUI
[04:43:28] [154/445] RGCM
[04:43:29] [155/445] BRVP
[04:43:29] [156/445] HRSR
[04:43:30] [157/445] GKGM
[04:43:31] [158/445] TTCD
[04:43:32] [159/445] PTTI
[04:43:33] [160/445] MPTT
[04:43:34] [161/445] CVTT
[04:43:35] [162/445] PCXD
[04:43:36] [163/445] GCDC
[04:43:37] [164/445] CCCF
[04:43:37] [165/445] MRAD
[04:43:39] [166/445] CPLK
[04:43:40] [167/445] SATB
[04:43:41] [168/445] SNVG
[04:43:41] [169/445] JMBA
[04:43:42] [170/445] TEJA
[04:43:43] [171/445] STYO
[04:43:45] [172/445] JTBP
[04:43:46] [173/445] KRGD
[04:43:47] [174/445] SLJJ
[04:43:48] [175/445] SPTJ
[04:43:49] [176/445] SWJG
[04:43:50] [177/445] LKRT
[04:43:52] [178/445] KCKA
[04:43:52] [179/445] SNCR
[04:43:53] [180/445] SMKL
[04:43:54] [181/445] GCFA
[04:43:55] [182/445] DDCK
[04:43:56] [183/445] NCHJ
[04:43:57] [184/445] RDMA
[04:43:58] [185/445] SVSV
[04:43:58] [186/445] SCJG
[04:43:59] [187/445] VKLP
[04:44:00] [188/445] NWCC
[04:44:01] [189/445] VKNS
[04:44:02] [190/445] SDDP
[04:44:03] [191/445] ACSI
[04:44:03] [192/445] SATG
[04:44:04] [193/445] SCMW
[04:44:05] [194/445] LKTK
[04:44:06] [195/445] VCKV
[04:44:06] [196/445] KKPE
[04:44:07] [197/445] KIGH
[04:44:08] [198/445] SRPM
[04:44:09] [199/445] SCAH
[04:44:10] [200/445] MUTA
[04:44:11] [201/445] SEPU
[04:44:12] [202/445] INOA
[04:44:13] [203/445] BASK
[04:44:13] [204/445] NECB
[04:44:15] [205/445] GTTG
[04:44:16] [206/445] ASSA
[04:44:17] [207/445] ANCL
[04:44:18] [208/445] GCTI
[04:44:19] [209/445] RCTS
[04:44:19] [210/445] ACNL
[04:44:21] [211/445] MYCT
[04:44:22] [212/445] NMHT
[04:44:23] [213/445] MDIT
[04:44:23] [214/445] LATG
[04:44:25] [215/445] SMTY
[04:44:26] [216/445] CVCT
[04:44:26] [217/445] RAMB
[04:44:27] [218/445] TGMS
[04:44:29] [219/445] BHEL
[04:44:30] [220/445] SHCT
[04:44:30] [221/445] SVCT
[04:44:32] [222/445] MRIY
[04:44:32] [223/445] SARO
[04:44:33] [224/445] STCT
[04:44:34] [225/445] JKKC
[04:44:35] [226/445] PLTT
[04:44:36] [227/445] SRNT
[04:44:37] [228/445] YAST
[04:44:38] [229/445] PERL
[04:44:38] [230/445] CICM
[04:44:39] [231/445] MMTR
[04:44:40] [232/445] ABTK
[04:44:41] [233/445] ATYY
[04:44:41] [234/445] ASTK
[04:44:42] [235/445] VVCK
[04:44:44] [236/445] ATKY
[04:44:45] [237/445] GWEK
[04:44:46] [238/445] SVFH
[04:44:48] [239/445] SLTA
[04:44:49] [240/445] AASH
[04:44:49] [241/445] ACXB
[04:44:50] [242/445] SMTX
[04:44:51] [243/445] AZDH
[04:44:52] [244/445] CMMH
[04:44:52] [245/445] SCSZ
[04:44:53] [246/445] SCKP
[04:44:54] [247/445] NXTM
[04:44:55] [248/445] NWCS
[04:44:56] [249/445] CXMH
[04:44:57] [250/445] PCMA
[04:44:58] [251/445] SGCM
[04:44:59] [252/445] SDTU
[04:45:00] [253/445] MMVI
[04:45:01] [254/445] JKCM
[04:45:01] [255/445] VCMM
[04:45:02] [256/445] SYEE
[04:45:03] [257/445] VASD
[04:45:04] [258/445] BDRB
[04:45:05] [259/445] LASM
[04:45:05] [260/445] DCRL
[04:45:07] [261/445] DVPM
[04:45:08] [262/445] SBMJ
[04:45:09] [263/445] CBMU
[04:45:10] [264/445] IUBS
[04:45:11] [265/445] INAP
[04:45:12] [266/445] SRRC
[04:45:13] [267/445] SAGR
[04:45:14] [268/445] CPMJ
[04:45:15] [269/445] ATJL
[04:45:17] [270/445] NNTD
[04:45:17] [271/445] JHCJ
[04:45:19] [272/445] CMMP
[04:45:20] [273/445] RSDR
[04:45:20] [274/445] AMTI
[04:45:21] [275/445] NYSG
[04:45:22] [276/445] AVSG
[04:45:23] [277/445] SYTP
[04:45:24] [278/445] LARC
[04:45:25] [279/445] RJTP
[04:45:26] [280/445] LAKC
[04:45:27] [281/445] MCXE
[04:45:27] [282/445] CCZC
[04:45:28] [283/445] AVCH
[04:45:29] [284/445] CMBE
[04:45:30] [285/445] MRRC
[04:45:31] [286/445] PCPY
[04:45:32] [287/445] SRMH
[04:45:33] [288/445] SVGS
[04:45:34] [289/445] PCSE
[04:45:35] [290/445] SVFT
[04:45:35] [291/445] TNZP
[04:45:36] [292/445] ICTP
[04:45:37] [293/445] ACTZ
[04:45:38] [294/445] GTUR
[04:45:39] [295/445] MAFC
[04:45:40] [296/445] MINL
[04:45:41] [297/445] MRCL
[04:45:42] [298/445] RCRP
[04:45:42] [299/445] RFFG
[04:45:43] [300/445] RMAS
[04:45:44] [301/445] INVR
[04:45:45] [302/445] RMAR
[04:45:45] [303/445] CNIS
[04:45:46] [304/445] RHRJ
[04:45:47] [305/445] INXR
[04:45:48] [306/445] VALT
[04:45:49] [307/445] LCSH
[04:45:50] [308/445] CMVS
[04:45:51] [309/445] CNMS
[04:45:52] [310/445] ROOG
[04:45:54] [311/445] ISRM
[04:45:55] [312/445] RCRM
[04:45:55] [313/445] ACJA
[04:45:56] [314/445] RCVS
[04:45:57] [315/445] CPUS
[04:45:58] [316/445] TGCS
[04:45:59] [317/445] RKCJ
[04:45:59] [318/445] MKSB
[04:46:00] [319/445] TCSJ
[04:46:01] [320/445] RMGP
[04:46:02] [321/445] CLLP
[04:46:03] [322/445] RCMV
[04:46:04] [323/445] CCKS
[04:46:05] [324/445] RSRP
[04:46:05] [325/445] APLP
[04:46:06] [326/445] CNVS
[04:46:08] [327/445] RMVY
[04:46:09] [328/445] PGBD
[04:46:10] [329/445] KLMS
[04:46:11] [330/445] RUST
[04:46:12] [331/445] MASM
[04:46:13] [332/445] BACS
[04:46:14] [333/445] BWST
[04:46:14] [334/445] RRFH
[04:46:15] [335/445] SJTM
[04:46:17] [336/445] BEMR
[04:46:18] [337/445] MCGR
[04:46:18] [338/445] SDSK
[04:46:19] [339/445] VBOL
[04:46:20] [340/445] RMGM
[04:46:22] [341/445] NOPL
[04:46:22] [342/445] MKJK
[04:46:23] [343/445] CVRN
[04:46:24] [344/445] MMEN
[04:46:25] [345/445] AMNG
[04:46:26] [346/445] INTM
[04:46:27] [347/445] SLCZ
[04:46:28] [348/445] AMJN
[04:46:29] [349/445] ACJN
[04:46:29] [350/445] AMKN
[04:46:30] [351/445] BTCN
[04:46:31] [352/445] AMBT
[04:46:32] [353/445] PACN
[04:46:33] [354/445] LCNS
[04:46:34] [355/445] PPKC
[04:46:36] [356/445] JYYN
[04:46:37] [357/445] JTNR
[04:46:38] [358/445] GTEE
[04:46:38] [359/445] SRNM
[04:46:40] [360/445] SDTC
[04:46:40] [361/445] VPCA
[04:46:41] [362/445] VLRA
[04:46:42] [363/445] SHKR
[04:46:43] [364/445] SBKD
[04:46:44] [365/445] SAAD
[04:46:45] [366/445] JTGN
[04:46:46] [367/445] SLAM
[04:46:47] [368/445] VTPM
[04:46:48] [369/445] ANPT
[04:46:49] [370/445] PUNB
[04:46:49] [371/445] CPKT
[04:46:51] [372/445] CNWE
[04:46:52] [373/445] ECPP
[04:46:53] [374/445] CPAR
[04:46:54] [375/445] ESBW
[04:46:55] [376/445] PKPU
[04:46:56] [377/445] CPRP
[04:46:57] [378/445] RAHU
[04:46:57] [379/445] RHMN
[04:46:58] [380/445] FMJP
[04:46:59] [381/445] CTMP
[04:47:00] [382/445] INPN
[04:47:01] [383/445] STTG
[04:47:02] [384/445] CTRD
[04:47:03] [385/445] PUVB
[04:47:04] [386/445] ESVP
[04:47:05] [387/445] CPFT
[04:47:06] [388/445] LCPC
[04:47:07] [389/445] VBCT
[04:47:07] [390/445] FSCW
[04:47:08] [391/445] VCMP
[04:47:09] [392/445] ASHC
[04:47:10] [393/445] VLCX
[04:47:11] [394/445] SHEV
[04:47:12] [395/445] APCO
[04:47:12] [396/445] SILC
[04:47:14] [397/445] SNMR
[04:47:15] [398/445] KYBO
[04:47:15] [399/445] SATK
[04:47:16] [400/445] SSCS
[04:47:17] [401/445] CLSB
[04:47:18] [402/445] KMJR
[04:47:19] [403/445] FSCK
[04:47:19] [404/445] NNKA
[04:47:20] [405/445] CLMK
[04:47:21] [406/445] DMPZ
[04:47:22] [407/445] INQM
[04:47:23] [408/445] CAML
[04:47:23] [409/445] INRK
[04:47:24] [410/445] IMKN
[04:47:25] [411/445] SVNR
[04:47:26] [412/445] INSL
[04:47:27] [413/445] MSMA
[04:47:28] [414/445] MCKK
[04:47:28] [415/445] FCHP
[04:47:29] [416/445] SFCR
[04:47:31] [417/445] NACK
[04:47:32] [418/445] PVAK
[04:47:33] [419/445] INER
[04:47:33] [420/445] RDBK
[04:47:34] [421/445] SVFN
[04:47:35] [422/445] IFRM
[04:47:36] [423/445] ATCK
[04:47:36] [424/445] ASKO
[04:47:37] [425/445] STKT
[04:47:38] [426/445] SVFB
[04:47:39] [427/445] INKS
[04:47:40] [428/445] PCRA
[04:47:41] [429/445] ATJA
[04:47:42] [430/445] IMJN
[04:47:43] [431/445] INHD
[04:47:44] [432/445] BARA
[04:47:44] [433/445] MCSL
[04:47:45] [434/445] RTOY
[04:47:46] [435/445] MENO
[04:47:46] [436/445] PUDM
[04:47:47] [437/445] PRCN
[04:47:49] [438/445] JMJR
[04:47:50] [439/445] SSGK
[04:47:50] [440/445] SSRL
[04:47:51] [441/445] JYKL
[04:47:53] [442/445] ACNB
[04:47:54] [443/445] SONP
[04:47:55] [444/445] EMCI
[04:47:56] [445/445] MRJH
[04:47:57] 🧹 Deduping shows
[04:47:57] ✅ DONE | Shows=1900 | Movies=70
[08:24:07] 🚀 SCRIPT STARTED
[08:24:07] [1/445] TGMR
[08:24:07] 🧠 New identity created
[08:24:08] [2/445] CXKR
[08:24:08] [3/445] SROP
[08:24:09] [4/445] GTSV
[08:24:10] [5/445] SNTY
[08:24:11] [6/445] SMYY
[08:24:12] [7/445] CNCS
[08:24:13] [8/445] CSTM
[08:24:14] [9/445] NUCD
[08:24:14] [10/445] SHCZ
[08:24:15] [11/445] NJCT
[08:24:16] [12/445] COPC
[08:24:17] [13/445] STVV
[08:24:18] [14/445] SKRN
[08:24:18] [15/445] APPZ
[08:24:19] [16/445] YMGN
[08:24:20] [17/445] SVTU
[08:24:21] [18/445] GTAD
[08:24:22] [19/445] PSUS
[08:24:23] [20/445] SMCD
[08:24:24] [21/445] CMCM
[08:24:25] [22/445] SYCT
[08:24:25] [23/445] STLY
[08:24:26] [24/445] CMHU
[08:24:27] [25/445] CMSA
[08:24:28] [26/445] CLCU
[08:24:29] [27/445] PPNT
[08:24:30] [28/445] JTAB
[08:24:31] [29/445] BUUC
[08:24:31] [30/445] BSVK
[08:24:32] [31/445] VVVQ
[08:24:33] [32/445] TKMU
[08:24:34] [33/445] ESYL
[08:24:35] [34/445] ACHP
[08:24:36] [35/445] BTKD
[08:24:36] [36/445] DESA
[08:24:37] [37/445] GBCT
[08:24:39] [38/445] BLLD
[08:24:40] [39/445] SKNT
[08:24:41] [40/445] SSTE
[08:24:42] [41/445] VJMR
[08:24:43] [42/445] NTPU
[08:24:44] [43/445] RDKN
[08:24:44] [44/445] ADGC
[08:24:45] [45/445] VRBP
[08:24:46] [46/445] NMNA
[08:24:47] [47/445] CMMX
[08:24:47] [48/445] PTKO
[08:24:48] [49/445] RBML
[08:24:49] [50/445] SAIC
[08:24:50] [51/445] SVTJ
[08:24:51] [52/445] MRTE
[08:24:51] [53/445] RBTP
[08:24:52] [54/445] NLPS
[08:24:53] [55/445] GTNA
[08:24:54] [56/445] DGGC
[08:24:55] [57/445] SMCR
[08:24:56] [58/445] SCGD
[08:24:57] [59/445] SRRJ
[08:24:57] [60/445] CNRY
[08:24:58] [61/445] KTDI
[08:24:59] [62/445] SNJL
[08:25:00] [63/445] RKMD
[08:25:00] [64/445] SMDC
[08:25:01] [65/445] TADG
[08:25:02] [66/445] MCGS
[08:25:03] [67/445] PETK
[08:25:05] [68/445] CHAG
[08:25:06] [69/445] KSTL
[08:25:07] [70/445] AADS
[08:25:07] [71/445] NTHZ
[08:25:09] [72/445] HCKI
[08:25:10] [73/445] SSEF
[08:25:11] [74/445] MCGX
[08:25:11] [75/445] ERRA
[08:25:12] [76/445] SDTW
[08:25:13] [77/445] RMPK
[08:25:14] [78/445] PTHK
[08:25:15] [79/445] PXCS
[08:25:15] [80/445] SVLU
[08:25:16] [81/445] STAH
[08:25:17] [82/445] JRGF
[08:25:17] [83/445] CDOK
[08:25:18] [84/445] CMSG
[08:25:19] [85/445] APTD
[08:25:20] [86/445] KMPG
[08:25:21] [87/445] MUTJ
[08:25:22] [88/445] VCCI
[08:25:23] [89/445] URBE
[08:25:23] [90/445] TCTS
[08:25:24] [91/445] STSN
[08:25:25] [92/445] AKCH
[08:25:26] [93/445] APSC
[08:25:28] [94/445] VLTB
[08:25:29] [95/445] SANU
[08:25:29] [96/445] AXAM
[08:25:31] [97/445] MGMG
[08:25:32] [98/445] HTBY
[08:25:33] [99/445] MMZS
[08:25:33] [100/445] SUDR
[08:25:34] [101/445] CCAD
[08:25:35] [102/445] SKKC
[08:25:36] [103/445] RMCD
[08:25:36] [104/445] SBCQ
[08:25:38] [105/445] DCCT
[08:25:39] [106/445] VTKP
[08:25:40] [107/445] MLAM
[08:25:41] [108/445] SAVT
[08:25:42] [109/445] GEPL
[08:25:43] [110/445] AMCD
[08:25:45] [111/445] CCXR
[08:25:46] [112/445] GRNG
[08:25:46] [113/445] EBCA
[08:25:47] [114/445] CNVG
[08:25:48] [115/445] MWSS
[08:25:49] [116/445] VBOR
[08:25:49] [117/445] NEEB
[08:25:50] [118/445] SUTH
[08:25:51] [119/445] ANDB
[08:25:52] [120/445] MMXS
[08:25:52] [121/445] CNPD
[08:25:53] [122/445] SDCE
[08:25:54] [123/445] DHCB
[08:25:56] [124/445] ODEN
[08:25:57] [125/445] TNTC
[08:25:58] [126/445] VBKM
[08:25:59] [127/445] RZYM
[08:25:59] [128/445] JEMC
[08:26:00] [129/445] CMAU
[08:26:02] [130/445] SIVP
[08:26:03] [131/445] ATAG
[08:26:03] [132/445] CHTM
[08:26:04] [133/445] AAEE
[08:26:05] [134/445] IWPM
[08:26:06] [135/445] KCMW
[08:26:07] [136/445] MCTD
[08:26:08] [137/445] SPWR
[08:26:09] [138/445] SDPO
[08:26:09] [139/445] PCSK
[08:26:10] [140/445] ACHV
[08:26:11] [141/445] SVLA
[08:26:12] [142/445] PICT
[08:26:13] [143/445] BXDR
[08:26:14] [144/445] SPWA
[08:26:14] [145/445] MCKO
[08:26:15] [146/445] RTHK
[08:26:16] [147/445] CCMF
[08:26:17] [148/445] MRGB
[08:26:19] [149/445] CPLC
[08:26:19] [150/445] RACD
[08:26:21] [151/445] ATKT
[08:26:22] [152/445] SARN
[08:26:22] [153/445] KKUI
[08:26:23] [154/445] RGCM
[08:26:24] [155/445] BRVP
[08:26:25] [156/445] HRSR
[08:26:25] [157/445] GKGM
[08:26:26] [158/445] TTCD
[08:26:27] [159/445] PTTI
[08:26:28] [160/445] MPTT
[08:26:28] [161/445] CVTT
[08:26:30] [162/445] PCXD
[08:26:31] [163/445] GCDC
[08:26:32] [164/445] CCCF
[08:26:33] [165/445] MRAD
[08:26:34] [166/445] CPLK
[08:26:34] [167/445] SATB
[08:26:35] [168/445] SNVG
[08:26:37] [169/445] JMBA
[08:26:38] [170/445] TEJA
[08:26:39] [171/445] STYO
[08:26:39] [172/445] JTBP
[08:26:40] [173/445] KRGD
[08:26:41] [174/445] SLJJ
[08:26:42] [175/445] SPTJ
[08:26:43] [176/445] SWJG
[08:26:44] [177/445] LKRT
[08:26:44] [178/445] KCKA
[08:26:45] [179/445] SNCR
[08:26:46] [180/445] SMKL
[08:26:47] [181/445] GCFA
[08:26:48] [182/445] DDCK
[08:26:49] [183/445] NCHJ
[08:26:50] [184/445] RDMA
[08:26:51] [185/445] SVSV
[08:26:51] [186/445] SCJG
[08:26:52] [187/445] VKLP
[08:26:53] [188/445] NWCC
[08:26:54] [189/445] VKNS
[08:26:55] [190/445] SDDP
[08:26:55] [191/445] ACSI
[08:26:56] [192/445] SATG
[08:26:57] [193/445] SCMW
[08:26:58] [194/445] LKTK
[08:26:59] [195/445] VCKV
[08:26:59] [196/445] KKPE
[08:27:00] [197/445] KIGH
[08:27:01] [198/445] SRPM
[08:27:02] [199/445] SCAH
[08:27:03] [200/445] MUTA
[08:27:03] [201/445] SEPU
[08:27:04] [202/445] INOA
[08:27:05] [203/445] BASK
[08:27:06] [204/445] NECB
[08:27:07] [205/445] GTTG
[08:27:08] [206/445] ASSA
[08:27:09] [207/445] ANCL
[08:27:10] [208/445] GCTI
[08:27:10] [209/445] RCTS
[08:27:11] [210/445] ACNL
[08:27:12] [211/445] MYCT
[08:27:13] [212/445] NMHT
[08:27:14] [213/445] MDIT
[08:27:15] [214/445] LATG
[08:27:16] [215/445] SMTY
[08:27:17] [216/445] CVCT
[08:27:18] [217/445] RAMB
[08:27:18] [218/445] TGMS
[08:27:19] [219/445] BHEL
[08:27:20] [220/445] SHCT
[08:27:21] [221/445] SVCT
[08:27:22] [222/445] MRIY
[08:27:22] [223/445] SARO
[08:27:23] [224/445] STCT
[08:27:24] [225/445] JKKC
[08:27:25] [226/445] PLTT
[08:27:26] [227/445] SRNT
[08:27:27] [228/445] YAST
[08:27:27] [229/445] PERL
[08:27:28] [230/445] CICM
[08:27:29] [231/445] MMTR
[08:27:30] [232/445] ABTK
[08:27:31] [233/445] ATYY
[08:27:31] [234/445] ASTK
[08:27:32] [235/445] VVCK
[08:27:33] [236/445] ATKY
[08:27:34] [237/445] GWEK
[08:27:35] [238/445] SVFH
[08:27:35] [239/445] SLTA
[08:27:36] [240/445] AASH
[08:27:37] [241/445] ACXB
[08:27:38] [242/445] SMTX
[08:27:39] [243/445] AZDH
[08:27:40] [244/445] CMMH
[08:27:40] [245/445] SCSZ
[08:27:41] [246/445] SCKP
[08:27:42] [247/445] NXTM
[08:27:43] [248/445] NWCS
[08:27:44] [249/445] CXMH
[08:27:45] [250/445] PCMA
[08:27:46] [251/445] SGCM
[08:27:46] [252/445] SDTU
[08:27:47] [253/445] MMVI
[08:27:48] [254/445] JKCM
[08:27:48] [255/445] VCMM
[08:27:49] [256/445] SYEE
[08:27:50] [257/445] VASD
[08:27:51] [258/445] BDRB
[08:27:51] [259/445] LASM
[08:27:52] [260/445] DCRL
[08:27:53] [261/445] DVPM
[08:27:54] [262/445] SBMJ
[08:27:56] [263/445] CBMU
[08:27:57] [264/445] IUBS
[08:27:58] [265/445] INAP
[08:27:58] [266/445] SRRC
[08:27:59] [267/445] SAGR
[08:28:00] [268/445] CPMJ
[08:28:01] [269/445] ATJL
[08:28:02] [270/445] NNTD
[08:28:03] [271/445] JHCJ
[08:28:05] [272/445] CMMP
[08:28:06] [273/445] RSDR
[08:28:06] [274/445] AMTI
[08:28:07] [275/445] NYSG
[08:28:08] [276/445] AVSG
[08:28:09] [277/445] SYTP
[08:28:10] [278/445] LARC
[08:28:11] [279/445] RJTP
[08:28:11] [280/445] LAKC
[08:28:12] [281/445] MCXE
[08:28:13] [282/445] CCZC
[08:28:14] [283/445] AVCH
[08:28:15] [284/445] CMBE
[08:28:16] [285/445] MRRC
[08:28:16] [286/445] PCPY
[08:28:17] [287/445] SRMH
[08:28:19] [288/445] SVGS
[08:28:19] [289/445] PCSE
[08:28:20] [290/445] SVFT
[08:28:21] [291/445] TNZP
[08:28:22] [292/445] ICTP
[08:28:23] [293/445] ACTZ
[08:28:24] [294/445] GTUR
[08:28:26] [295/445] MAFC
[08:28:27] [296/445] MINL
[08:28:29] [297/445] MRCL
[08:28:30] [298/445] RCRP
[08:28:30] [299/445] RFFG
[08:28:31] [300/445] RMAS
[08:28:32] [301/445] INVR
[08:28:33] [302/445] RMAR
[08:28:34] [303/445] CNIS
[08:28:35] [304/445] RHRJ
[08:28:36] [305/445] INXR
[08:28:36] [306/445] VALT
[08:28:37] [307/445] LCSH
[08:28:38] [308/445] CMVS
[08:28:38] [309/445] CNMS
[08:28:39] [310/445] ROOG
[08:28:40] [311/445] ISRM
[08:28:41] [312/445] RCRM
[08:28:42] [313/445] ACJA
[08:28:43] [314/445] RCVS
[08:28:44] [315/445] CPUS
[08:28:45] [316/445] TGCS
[08:28:46] [317/445] RKCJ
[08:28:46] [318/445] MKSB
[08:28:47] [319/445] TCSJ
[08:28:48] [320/445] RMGP
[08:28:48] [321/445] CLLP
[08:28:49] [322/445] RCMV
[08:28:51] [323/445] CCKS
[08:28:52] [324/445] RSRP
[08:28:53] [325/445] APLP
[08:28:54] [326/445] CNVS
[08:28:55] [327/445] RMVY
[08:28:56] [328/445] PGBD
[08:28:57] [329/445] KLMS
[08:28:58] [330/445] RUST
[08:28:58] [331/445] MASM
[08:28:59] [332/445] BACS
[08:29:00] [333/445] BWST
[08:29:01] [334/445] RRFH
[08:29:02] [335/445] SJTM
[08:29:04] [336/445] BEMR
[08:29:05] [337/445] MCGR
[08:29:05] [338/445] SDSK
[08:29:06] [339/445] VBOL
[08:29:07] [340/445] RMGM
[08:29:08] [341/445] NOPL
[08:29:09] [342/445] MKJK
[08:29:09] [343/445] CVRN
[08:29:10] [344/445] MMEN
[08:29:11] [345/445] AMNG
[08:29:12] [346/445] INTM
[08:29:13] [347/445] SLCZ
[08:29:14] [348/445] AMJN
[08:29:15] [349/445] ACJN
[08:29:15] [350/445] AMKN
[08:29:16] [351/445] BTCN
[08:29:17] [352/445] AMBT
[08:29:18] [353/445] PACN
[08:29:19] [354/445] LCNS
[08:29:20] [355/445] PPKC
[08:29:21] [356/445] JYYN
[08:29:22] [357/445] JTNR
[08:29:23] [358/445] GTEE
[08:29:23] [359/445] SRNM
[08:29:25] [360/445] SDTC
[08:29:26] [361/445] VPCA
[08:29:27] [362/445] VLRA
[08:29:29] [363/445] SHKR
[08:29:30] [364/445] SBKD
[08:29:32] [365/445] SAAD
[08:29:33] [366/445] JTGN
[08:29:34] [367/445] SLAM
[08:29:35] [368/445] VTPM
[08:29:35] [369/445] ANPT
[08:29:36] [370/445] PUNB
[08:29:37] [371/445] CPKT
[08:29:38] [372/445] CNWE
[08:29:39] [373/445] ECPP
[08:29:39] [374/445] CPAR
[08:29:41] [375/445] ESBW
[08:29:42] [376/445] PKPU
[08:29:43] [377/445] CPRP
[08:29:44] [378/445] RAHU
[08:29:45] [379/445] RHMN
[08:29:45] [380/445] FMJP
[08:29:46] [381/445] CTMP
[08:29:47] [382/445] INPN
[08:29:48] [383/445] STTG
[08:29:49] [384/445] CTRD
[08:29:50] [385/445] PUVB
[08:29:51] [386/445] ESVP
[08:29:52] [387/445] CPFT
[08:29:53] [388/445] LCPC
[08:29:54] [389/445] VBCT
[08:29:55] [390/445] FSCW
[08:29:56] [391/445] VCMP
[08:29:57] [392/445] ASHC
[08:29:58] [393/445] VLCX
[08:29:59] [394/445] SHEV
[08:29:59] [395/445] APCO
[08:30:00] [396/445] SILC
[08:30:01] [397/445] SNMR
[08:30:02] [398/445] KYBO
[08:30:03] [399/445] SATK
[08:30:04] [400/445] SSCS
[08:30:05] [401/445] CLSB
[08:30:06] [402/445] KMJR
[08:30:07] [403/445] FSCK
[08:30:07] [404/445] NNKA
[08:30:08] [405/445] CLMK
[08:30:09] [406/445] DMPZ
[08:30:10] [407/445] INQM
[08:30:11] [408/445] CAML
[08:30:12] [409/445] INRK
[08:30:13] [410/445] IMKN
[08:30:14] [411/445] SVNR
[08:30:15] [412/445] INSL
[08:30:15] [413/445] MSMA
[08:30:16] [414/445] MCKK
[08:30:17] [415/445] FCHP
[08:30:18] [416/445] SFCR
[08:30:19] [417/445] NACK
[08:30:19] [418/445] PVAK
[08:30:20] [419/445] INER
[08:30:21] [420/445] RDBK
[08:30:22] [421/445] SVFN
[08:30:23] [422/445] IFRM
[08:30:24] [423/445] ATCK
[08:30:24] [424/445] ASKO
[08:30:25] [425/445] STKT
[08:30:26] [426/445] SVFB
[08:30:27] [427/445] INKS
[08:30:27] [428/445] PCRA
[08:30:28] [429/445] ATJA
[08:30:29] [430/445] IMJN
[08:30:30] [431/445] INHD
[08:30:31] [432/445] BARA
[08:30:31] [433/445] MCSL
[08:30:32] [434/445] RTOY
[08:30:33] [435/445] MENO
[08:30:34] [436/445] PUDM
[08:30:35] [437/445] PRCN
[08:30:36] [438/445] JMJR
[08:30:37] [439/445] SSGK
[08:30:37] [440/445] SSRL
[08:30:38] [441/445] JYKL
[08:30:39] [442/445] ACNB
[08:30:40] [443/445] SONP
[08:30:41] [444/445] EMCI
[08:30:42] [445/445] MRJH
[08:30:43] 🧹 Deduping shows
[08:30:43] ✅ DONE | Shows=1900 | Movies=70
