[02:39:27] 🚀 SCRIPT STARTED
[02:39:27] [1/459] NECA
[02:39:27] 🧠 New identity created
[02:39:28] [2/459] BJLC
[02:39:29] [3/459] BASU
[02:39:30] [4/459] RUPI
[02:39:31] [5/459] LCBK
[02:39:32] [6/459] PMAC
[02:39:32] [7/459] AMLC
[02:39:33] [8/459] LICL
[02:39:34] [9/459] UDMM
[02:39:36] [10/459] STBZ
[02:39:38] [11/459] UUBT
[02:39:39] [12/459] SJKC
[02:39:40] [13/459] TUAL
[02:39:40] [14/459] MRSE
[02:39:41] [15/459] RMRK
[02:39:42] [16/459] TTKP
[02:39:43] [17/459] KTKO
[02:39:44] [18/459] SDBK
[02:39:45] [19/459] MCPR
[02:39:46] [20/459] CHTI
[02:39:46] [21/459] GCCP
[02:39:47] [22/459] SRMY
[02:39:48] [23/459] NYST
[02:39:49] [24/459] NYAG
[02:39:49] [25/459] SBMT
[02:39:50] [26/459] INGA
[02:39:51] [27/459] WSIC
[02:39:52] [28/459] SCSS
[02:39:53] [29/459] COPG
[02:39:54] [30/459] RCGR
[02:39:55] [31/459] TCZA
[02:39:56] [32/459] CNLP
[02:39:57] [33/459] CLKN
[02:39:58] [34/459] LHDF
[02:39:59] [35/459] ELKC
[02:39:59] [36/459] VCEM
[02:40:00] [37/459] SSZA
[02:40:01] [38/459] KRMT
[02:40:02] [39/459] LCMV
[02:40:03] [40/459] AYCZ
[02:40:03] [41/459] CUMS
[02:40:05] [42/459] BOCK
[02:40:06] [43/459] PNMR
[02:40:07] [44/459] PJCP
[02:40:08] [45/459] JDDD
[02:40:09] [46/459] STMS
[02:40:10] [47/459] FLMB
[02:40:10] [48/459] PKCM
[02:40:11] [49/459] SPPR
[02:40:12] [50/459] EYLH
[02:40:13] [51/459] RJCC
[02:40:13] [52/459] MMPS
[02:40:14] [53/459] SHMX
[02:40:15] [54/459] CCNL
[02:40:16] [55/459] RCNV
[02:40:17] [56/459] MAAG
[02:40:19] [57/459] LXCM
[02:40:20] [58/459] RCNI
[02:40:21] [59/459] SNNI
[02:40:22] [60/459] LALC
[02:40:22] [61/459] SOCN
[02:40:23] [62/459] JHTP
[02:40:24] [63/459] PITP
[02:40:25] [64/459] CCKW
[02:40:26] [65/459] MCMC
[02:40:27] [66/459] DEES
[02:40:27] [67/459] SABT
[02:40:28] [68/459] VSPP
[02:40:29] [69/459] ABCT
[02:40:30] [70/459] JVTB
[02:40:30] [71/459] VCBD
[02:40:31] [72/459] RMGG
[02:40:32] [73/459] RNMH
[02:40:33] [74/459] SPGL
[02:40:34] [75/459] JTTR
[02:40:35] [76/459] SICS
[02:40:36] [77/459] SRMI
[02:40:37] [78/459] SSIJ
[02:40:37] [79/459] KFMT
[02:40:38] [80/459] VBIT
[02:40:39] [81/459] JKCT
[02:40:40] [82/459] GCGP
[02:40:41] [83/459] GDCS
[02:40:42] [84/459] TRBA
[02:40:42] [85/459] QUST
[02:40:43] [86/459] VSHM
[02:40:45] [87/459] SDCP
[02:40:46] [88/459] SNVS
[02:40:47] [89/459] NYTO
[02:40:48] [90/459] URWC
[02:40:48] [91/459] GTWH
[02:40:49] [92/459] PFCM
[02:40:50] [93/459] KRTA
[02:40:51] [94/459] AXMC
[02:40:52] [95/459] EVMC
[02:40:53] [96/459] HGSM
[02:40:54] [97/459] ACVM
[02:40:54] [98/459] PSKL
[02:40:55] [99/459] RDMP
[02:40:56] [100/459] RHGH
[02:40:57] [101/459] OMCM
[02:40:58] [102/459] DCCP
[02:40:59] [103/459] MCPB
[02:41:00] [104/459] ALCI
[02:41:01] [105/459] BLMX
[02:41:02] [106/459] BTMV
[02:41:03] [107/459] FVPN
[02:41:04] [108/459] CMAR
[02:41:04] [109/459] CEIM
[02:41:05] [110/459] CMVA
[02:41:06] [111/459] CPIV
[02:41:07] [112/459] CNPE
[02:41:08] [113/459] COLV
[02:41:09] [114/459] DNNV
[02:41:09] [115/459] HCAD
[02:41:10] [116/459] TAKA
[02:41:11] [117/459] INVD
[02:41:12] [118/459] IRMM
[02:41:13] [119/459] INSE
[02:41:14] [120/459] MRSW
[02:41:14] [121/459] MCVD
[02:41:15] [122/459] MCSO
[02:41:16] [123/459] PEVM
[02:41:17] [124/459] PVNL
[02:41:18] [125/459] PTCV
[02:41:18] [126/459] PRTC
[02:41:19] [127/459] RCVA
[02:41:20] [128/459] MTBN
[02:41:21] [129/459] LUCP
[02:41:22] [130/459] FMPT
[02:41:23] [131/459] JLSL
[02:41:24] [132/459] SBHA
[02:41:24] [133/459] SHRC
[02:41:25] [134/459] AVPS
[02:41:26] [135/459] STPM
[02:41:27] [136/459] ATRD
[02:41:28] [137/459] VTED
[02:41:29] [138/459] ACAI
[02:41:29] [139/459] SMAE
[02:41:30] [140/459] VMAT
[02:41:31] [141/459] LKCT
[02:41:32] [142/459] JTVK
[02:41:33] [143/459] PRTY
[02:41:34] [144/459] GETT
[02:41:34] [145/459] ESAP
[02:41:35] [146/459] NCPM
[02:41:36] [147/459] PCPA
[02:41:37] [148/459] MMOM
[02:41:38] [149/459] PHUP
[02:41:38] [150/459] CCPI
[02:41:39] [151/459] CNTD
[02:41:40] [152/459] NLJR
[02:41:42] [153/459] SRNG
[02:41:42] [154/459] MHAL
[02:41:43] [155/459] PNSM
[02:41:44] [156/459] DRMY
[02:41:45] [157/459] CCMU
[02:41:46] [158/459] SCMY
[02:41:48] [159/459] PVSY
[02:41:49] [160/459] SDLM
[02:41:49] [161/459] ICCM
[02:41:51] [162/459] PYSU
[02:41:52] [163/459] GATM
[02:41:53] [164/459] WOTM
[02:41:54] [165/459] RKTS
[02:41:55] [166/459] PMTY
[02:41:55] [167/459] LYMS
[02:41:56] [168/459] TGCA
[02:41:57] [169/459] DSTA
[02:41:58] [170/459] CNGE
[02:41:59] [171/459] VSTG
[02:42:00] [172/459] GTCK
[02:42:00] [173/459] TGNT
[02:42:01] [174/459] ASLC
[02:42:02] [175/459] SSST
[02:42:03] [176/459] KBTT
[02:42:03] [177/459] HKCP
[02:42:04] [178/459] SWLC
[02:42:05] [179/459] RTND
[02:42:06] [180/459] PKKT
[02:42:07] [181/459] HSTK
[02:42:07] [182/459] SPTT
[02:42:08] [183/459] IMPM
[02:42:09] [184/459] SCMV
[02:42:10] [185/459] SPCT
[02:42:11] [186/459] JBCA
[02:42:12] [187/459] ATTR
[02:42:12] [188/459] SPMT
[02:42:13] [189/459] LCTM
[02:42:15] [190/459] SCVL
[02:42:16] [191/459] SCVT
[02:42:16] [192/459] KRIC
[02:42:17] [193/459] CTMG
[02:42:18] [194/459] ACNC
[02:42:19] [195/459] DMCK
[02:42:20] [196/459] KMTV
[02:42:21] [197/459] PFCJ
[02:42:22] [198/459] VNMD
[02:42:23] [199/459] VPCZ
[02:42:24] [200/459] SRYR
[02:42:25] [201/459] SYTR
[02:42:25] [202/459] GATR
[02:42:26] [203/459] URTR
[02:42:27] [204/459] MKSM
[02:42:28] [205/459] VSMH
[02:42:29] [206/459] SKRJ
[02:42:30] [207/459] SSJR
[02:42:31] [208/459] SVSM
[02:42:31] [209/459] RUCM
[02:42:32] [210/459] PRKN
[02:42:33] [211/459] RROH
[02:42:34] [212/459] SCTN
[02:42:34] [213/459] RTDM
[02:42:36] [214/459] ASRM
[02:42:37] [215/459] SKMD
[02:42:38] [216/459] SUTD
[02:42:39] [217/459] SADM
[02:42:39] [218/459] WCNR
[02:42:40] [219/459] CNED
[02:42:41] [220/459] MPDB
[02:42:42] [221/459] KTBH
[02:42:42] [222/459] IDRM
[02:42:43] [223/459] PJJT
[02:42:45] [224/459] PFCV
[02:42:46] [225/459] AACT
[02:42:47] [226/459] AAAD
[02:42:48] [227/459] ANES
[02:42:49] [228/459] MNCA
[02:42:49] [229/459] RMGU
[02:42:50] [230/459] DLCN
[02:42:51] [231/459] LJWT
[02:42:52] [232/459] MCBG
[02:42:53] [233/459] MYBG
[02:42:53] [234/459] GCCA
[02:42:54] [235/459] GCGA
[02:42:55] [236/459] ECGN
[02:42:56] [237/459] PRAB
[02:42:56] [238/459] PNMP
[02:42:57] [239/459] GCPT
[02:42:58] [240/459] ROYN
[02:42:59] [241/459] VATM
[02:43:00] [242/459] KSNT
[02:43:01] [243/459] ACTC
[02:43:02] [244/459] PLTD
[02:43:03] [245/459] SKMK
[02:43:03] [246/459] CMTT
[02:43:04] [247/459] SMXP
[02:43:05] [248/459] SCMX
[02:43:06] [249/459] ACXN
[02:43:07] [250/459] ASWT
[02:43:07] [251/459] VVVL
[02:43:08] [252/459] NAGO
[02:43:09] [253/459] SNCN
[02:43:10] [254/459] MCKP
[02:43:10] [255/459] SAMO
[02:43:11] [256/459] JBTV
[02:43:13] [257/459] DCVV
[02:43:14] [258/459] KMSV
[02:43:15] [259/459] KDCN
[02:43:16] [260/459] CNCP
[02:43:17] [261/459] HAMC
[02:43:18] [262/459] CCVZ
[02:43:18] [263/459] NCCK
[02:43:19] [264/459] MCHR
[02:43:20] [265/459] SCHT
[02:43:21] [266/459] ESSH
[02:43:21] [267/459] CUJC
[02:43:22] [268/459] PECP
[02:43:24] [269/459] PMMI
[02:43:25] [270/459] PCCH
[02:43:27] [271/459] PRPM
[02:43:28] [272/459] PVKL
[02:43:29] [273/459] CBSM
[02:43:30] [274/459] PVCZ
[02:43:31] [275/459] PCVV
[02:43:32] [276/459] CTMJ
[02:43:33] [277/459] RCPS
[02:43:34] [278/459] PCIT
[02:43:35] [279/459] FNCH
[02:43:36] [280/459] INZD
[02:43:37] [281/459] INPC
[02:43:38] [282/459] LCZP
[02:43:39] [283/459] SMCB
[02:43:41] [284/459] PTSB
[02:43:42] [285/459] TPSI
[02:43:44] [286/459] KHMJ
[02:43:45] [287/459] RCCJ
[02:43:46] [288/459] NCJA
[02:43:47] [289/459] NCJN
[02:43:48] [290/459] BTDP
[02:43:48] [291/459] PADY
[02:43:49] [292/459] NYBH
[02:43:50] [293/459] MTBR
[02:43:51] [294/459] KRBC
[02:43:52] [295/459] DKTI
[02:43:53] [296/459] ANAN
[02:43:54] [297/459] INBP
[02:43:56] [298/459] PATB
[02:43:56] [299/459] RGNT
[02:43:58] [300/459] CGPM
[02:43:59] [301/459] INTN
[02:44:00] [302/459] MCMP
[02:44:01] [303/459] ASRG
[02:44:01] [304/459] CXJD
[02:44:02] [305/459] SPCP
[02:44:04] [306/459] CSTP
[02:44:05] [307/459] PKVC
[02:44:06] [308/459] ESCP
[02:44:07] [309/459] CAEP
[02:44:07] [310/459] CCSP
[02:44:08] [311/459] KTPC
[02:44:09] [312/459] DACA
[02:44:10] [313/459] NVKY
[02:44:11] [314/459] PTIN
[02:44:12] [315/459] SCIN
[02:44:12] [316/459] MCTY
[02:44:13] [317/459] PCMX
[02:44:14] [318/459] INIC
[02:44:15] [319/459] MMZM
[02:44:16] [320/459] SSLP
[02:44:17] [321/459] DTDT
[02:44:18] [322/459] FFCX
[02:44:19] [323/459] RCMM
[02:44:21] [324/459] KYID
[02:44:22] [325/459] CSCI
[02:44:23] [326/459] FCMC
[02:44:24] [327/459] MMXI
[02:44:25] [328/459] ASTC
[02:44:26] [329/459] CMRA
[02:44:26] [330/459] DICI
[02:44:27] [331/459] KDIN
[02:44:28] [332/459] PRFI
[02:44:29] [333/459] SVFC
[02:44:30] [334/459] UCPL
[02:44:31] [335/459] COOC
[02:44:32] [336/459] SCAL
[02:44:32] [337/459] SVFF
[02:44:33] [338/459] VCMG
[02:44:34] [339/459] UUCT
[02:44:35] [340/459] GCSE
[02:44:36] [341/459] SUSC
[02:44:36] [342/459] MISC
[02:44:38] [343/459] RMBL
[02:44:39] [344/459] CMXN
[02:44:39] [345/459] PVBK
[02:44:40] [346/459] HHCG
[02:44:41] [347/459] SCAG
[02:44:42] [348/459] CNPR
[02:44:43] [349/459] CSER
[02:44:43] [350/459] HLWD
[02:44:44] [351/459] BOLY
[02:44:45] [352/459] SSPG
[02:44:47] [353/459] MUPX
[02:44:48] [354/459] HAMR
[02:44:49] [355/459] SDNC
[02:44:49] [356/459] RTEN
[02:44:50] [357/459] SDTD
[02:44:51] [358/459] KAWS
[02:44:52] [359/459] CMZX
[02:44:53] [360/459] DCDD
[02:44:54] [361/459] ALSN
[02:44:55] [362/459] IMXS
[02:44:56] [363/459] PVFF
[02:44:57] [364/459] PVOO
[02:44:59] [365/459] CFBS
[02:44:59] [366/459] PVER
[02:45:00] [367/459] PPNX
[02:45:01] [368/459] CNRM
[02:45:03] [369/459] PVWW
[02:45:04] [370/459] INMB
[02:45:05] [371/459] CPJR
[02:45:05] [372/459] INRZ
[02:45:06] [373/459] PMSR
[02:45:07] [374/459] GPGM
[02:45:08] [375/459] PGWB
[02:45:09] [376/459] PMBR
[02:45:10] [377/459] GPAM
[02:45:11] [378/459] INBC
[02:45:11] [379/459] PZVK
[02:45:12] [380/459] CPEB
[02:45:13] [381/459] FMLB
[02:45:14] [382/459] INBG
[02:45:15] [383/459] GPBR
[02:45:15] [384/459] PAAS
[02:45:16] [385/459] VTBR
[02:45:17] [386/459] GPMY
[02:45:18] [387/459] GYBU
[02:45:19] [388/459] INBJ
[02:45:20] [389/459] LKTH
[02:45:21] [390/459] NSBR
[02:45:22] [391/459] PDRD
[02:45:23] [392/459] VRBL
[02:45:24] [393/459] VTGB
[02:45:25] [394/459] VTSK
[02:45:26] [395/459] BKDV
[02:45:26] [396/459] SVTB
[02:45:27] [397/459] MLDT
[02:45:28] [398/459] NRBL
[02:45:29] [399/459] SLTR
[02:45:30] [400/459] VNKA
[02:45:31] [401/459] TDCA
[02:45:32] [402/459] INBM
[02:45:32] [403/459] SSNR
[02:45:33] [404/459] BHAC
[02:45:34] [405/459] SDSD
[02:45:35] [406/459] SAMP
[02:45:36] [407/459] RATK
[02:45:38] [408/459] KCBI
[02:45:39] [409/459] URBL
[02:45:39] [410/459] MKBG
[02:45:40] [411/459] ASTB
[02:45:41] [412/459] VBWT
[02:45:41] [413/459] GPSM
[02:45:42] [414/459] ROON
[02:45:44] [415/459] CHTH
[02:45:45] [416/459] SSPA
[02:45:46] [417/459] ANBL
[02:45:47] [418/459] VTBE
[02:45:47] [419/459] SVKT
[02:45:48] [420/459] SVYK
[02:45:49] [421/459] PTBK
[02:45:50] [422/459] RKTB
[02:45:51] [423/459] BALT
[02:45:52] [424/459] STSV
[02:45:53] [425/459] VCCB
[02:45:54] [426/459] SLTB
[02:45:55] [427/459] SBCR
[02:45:56] [428/459] VDCS
[02:45:57] [429/459] MDKI
[02:45:58] [430/459] SMRN
[02:45:59] [431/459] PTBC
[02:46:00] [432/459] RADI
[02:46:01] [433/459] ADCR
[02:46:02] [434/459] SDCS
[02:46:03] [435/459] SRPJ
[02:46:04] [436/459] ARTS
[02:46:05] [437/459] SRHK
[02:46:06] [438/459] SPAY
[02:46:07] [439/459] GPTB
[02:46:07] [440/459] SNNN
[02:46:08] [441/459] BALJ
[02:46:09] [442/459] TRIG
[02:46:10] [443/459] GTYT
[02:46:11] [444/459] ATGN
[02:46:11] [445/459] ANTE
[02:46:12] [446/459] BDCG
[02:46:13] [447/459] VECI
[02:46:14] [448/459] SCPR
[02:46:15] [449/459] RTEA
[02:46:15] [450/459] JSAI
[02:46:16] [451/459] VJTP
[02:46:17] [452/459] GNDS
[02:46:18] [453/459] PAXA
[02:46:19] [454/459] CGGM
[02:46:19] [455/459] ACKZ
[02:46:20] [456/459] EMCC
[02:46:21] [457/459] KLSK
[02:46:22] [458/459] AVCK
[02:46:23] [459/459] JTCK
[02:46:24] 🧹 Deduping shows
[02:46:24] ✅ DONE | Shows=2612 | Movies=69
[04:40:55] 🚀 SCRIPT STARTED
[04:40:55] [1/459] NECA
[04:40:55] 🧠 New identity created
[04:40:56] [2/459] BJLC
[04:40:57] [3/459] BASU
[04:40:58] [4/459] RUPI
[04:40:59] [5/459] LCBK
[04:41:00] [6/459] PMAC
[04:41:01] [7/459] AMLC
[04:41:01] [8/459] LICL
[04:41:03] [9/459] UDMM
[04:41:04] [10/459] STBZ
[04:41:05] [11/459] UUBT
[04:41:06] [12/459] SJKC
[04:41:07] [13/459] TUAL
[04:41:08] [14/459] MRSE
[04:41:09] [15/459] RMRK
[04:41:10] [16/459] TTKP
[04:41:11] [17/459] KTKO
[04:41:12] [18/459] SDBK
[04:41:13] [19/459] MCPR
[04:41:14] [20/459] CHTI
[04:41:15] [21/459] GCCP
[04:41:16] [22/459] SRMY
[04:41:16] [23/459] NYST
[04:41:17] [24/459] NYAG
[04:41:18] [25/459] SBMT
[04:41:19] [26/459] INGA
[04:41:20] [27/459] WSIC
[04:41:21] [28/459] SCSS
[04:41:22] [29/459] COPG
[04:41:23] [30/459] RCGR
[04:41:24] [31/459] TCZA
[04:41:25] [32/459] CNLP
[04:41:26] [33/459] CLKN
[04:41:28] [34/459] LHDF
[04:41:28] [35/459] ELKC
[04:41:29] [36/459] VCEM
[04:41:30] [37/459] SSZA
[04:41:32] [38/459] KRMT
[04:41:33] [39/459] LCMV
[04:41:34] [40/459] AYCZ
[04:41:35] [41/459] CUMS
[04:41:36] [42/459] BOCK
[04:41:37] [43/459] PNMR
[04:41:38] [44/459] PJCP
[04:41:38] [45/459] JDDD
[04:41:39] [46/459] STMS
[04:41:40] [47/459] FLMB
[04:41:41] [48/459] PKCM
[04:41:42] [49/459] SPPR
[04:41:42] [50/459] EYLH
[04:41:43] [51/459] RJCC
[04:41:44] [52/459] MMPS
[04:41:45] [53/459] SHMX
[04:41:46] [54/459] CCNL
[04:41:47] [55/459] RCNV
[04:41:48] [56/459] MAAG
[04:41:49] [57/459] LXCM
[04:41:50] [58/459] RCNI
[04:41:51] [59/459] SNNI
[04:41:52] [60/459] LALC
[04:41:53] [61/459] SOCN
[04:41:55] [62/459] JHTP
[04:41:56] [63/459] PITP
[04:41:57] [64/459] CCKW
[04:41:58] [65/459] MCMC
[04:41:59] [66/459] DEES
[04:41:59] [67/459] SABT
[04:42:01] [68/459] VSPP
[04:42:02] [69/459] ABCT
[04:42:03] [70/459] JVTB
[04:42:04] [71/459] VCBD
[04:42:05] [72/459] RMGG
[04:42:05] [73/459] RNMH
[04:42:06] [74/459] SPGL
[04:42:07] [75/459] JTTR
[04:42:08] [76/459] SICS
[04:42:08] [77/459] SRMI
[04:42:09] [78/459] SSIJ
[04:42:11] [79/459] KFMT
[04:42:12] [80/459] VBIT
[04:42:13] [81/459] JKCT
[04:42:13] [82/459] GCGP
[04:42:14] [83/459] GDCS
[04:42:15] [84/459] TRBA
[04:42:16] [85/459] QUST
[04:42:17] [86/459] VSHM
[04:42:17] [87/459] SDCP
[04:42:18] [88/459] SNVS
[04:42:19] [89/459] NYTO
[04:42:20] [90/459] URWC
[04:42:21] [91/459] GTWH
[04:42:22] [92/459] PFCM
[04:42:23] [93/459] KRTA
[04:42:24] [94/459] AXMC
[04:42:25] [95/459] EVMC
[04:42:26] [96/459] HGSM
[04:42:27] [97/459] ACVM
[04:42:27] [98/459] PSKL
[04:42:28] [99/459] RDMP
[04:42:29] [100/459] RHGH
[04:42:30] [101/459] OMCM
[04:42:31] [102/459] DCCP
[04:42:32] [103/459] MCPB
[04:42:32] [104/459] ALCI
[04:42:33] [105/459] BLMX
[04:42:34] [106/459] BTMV
[04:42:35] [107/459] FVPN
[04:42:36] [108/459] CMAR
[04:42:37] [109/459] CEIM
[04:42:37] [110/459] CMVA
[04:42:38] [111/459] CPIV
[04:42:39] [112/459] CNPE
[04:42:40] [113/459] COLV
[04:42:41] [114/459] DNNV
[04:42:42] [115/459] HCAD
[04:42:43] [116/459] TAKA
[04:42:44] [117/459] INVD
[04:42:45] [118/459] IRMM
[04:42:46] [119/459] INSE
[04:42:47] [120/459] MRSW
[04:42:47] [121/459] MCVD
[04:42:48] [122/459] MCSO
[04:42:49] [123/459] PEVM
[04:42:50] [124/459] PVNL
[04:42:51] [125/459] PTCV
[04:42:51] [126/459] PRTC
[04:42:52] [127/459] RCVA
[04:42:53] [128/459] MTBN
[04:42:54] [129/459] LUCP
[04:42:55] [130/459] FMPT
[04:42:56] [131/459] JLSL
[04:42:57] [132/459] SBHA
[04:42:57] [133/459] SHRC
[04:42:58] [134/459] AVPS
[04:42:59] [135/459] STPM
[04:43:01] [136/459] ATRD
[04:43:02] [137/459] VTED
[04:43:03] [138/459] ACAI
[04:43:03] [139/459] SMAE
[04:43:05] [140/459] VMAT
[04:43:06] [141/459] LKCT
[04:43:07] [142/459] JTVK
[04:43:08] [143/459] PRTY
[04:43:09] [144/459] GETT
[04:43:10] [145/459] ESAP
[04:43:11] [146/459] NCPM
[04:43:11] [147/459] PCPA
[04:43:12] [148/459] MMOM
[04:43:13] [149/459] PHUP
[04:43:14] [150/459] CCPI
[04:43:15] [151/459] CNTD
[04:43:16] [152/459] NLJR
[04:43:17] [153/459] SRNG
[04:43:18] [154/459] MHAL
[04:43:18] [155/459] PNSM
[04:43:19] [156/459] DRMY
[04:43:20] [157/459] CCMU
[04:43:21] [158/459] SCMY
[04:43:22] [159/459] PVSY
[04:43:23] [160/459] SDLM
[04:43:24] [161/459] ICCM
[04:43:25] [162/459] PYSU
[04:43:25] [163/459] GATM
[04:43:26] [164/459] WOTM
[04:43:27] [165/459] RKTS
[04:43:28] [166/459] PMTY
[04:43:29] [167/459] LYMS
[04:43:29] [168/459] TGCA
[04:43:30] [169/459] DSTA
[04:43:31] [170/459] CNGE
[04:43:32] [171/459] VSTG
[04:43:32] [172/459] GTCK
[04:43:33] [173/459] TGNT
[04:43:34] [174/459] ASLC
[04:43:35] [175/459] SSST
[04:43:36] [176/459] KBTT
[04:43:36] [177/459] HKCP
[04:43:37] [178/459] SWLC
[04:43:38] [179/459] RTND
[04:43:39] [180/459] PKKT
[04:43:40] [181/459] HSTK
[04:43:41] [182/459] SPTT
[04:43:42] [183/459] IMPM
[04:43:43] [184/459] SCMV
[04:43:44] [185/459] SPCT
[04:43:44] [186/459] JBCA
[04:43:45] [187/459] ATTR
[04:43:46] [188/459] SPMT
[04:43:47] [189/459] LCTM
[04:43:47] [190/459] SCVL
[04:43:48] [191/459] SCVT
[04:43:50] [192/459] KRIC
[04:43:51] [193/459] CTMG
[04:43:51] [194/459] ACNC
[04:43:52] [195/459] DMCK
[04:43:53] [196/459] KMTV
[04:43:54] [197/459] PFCJ
[04:43:55] [198/459] VNMD
[04:43:55] [199/459] VPCZ
[04:43:56] [200/459] SRYR
[04:43:57] [201/459] SYTR
[04:43:58] [202/459] GATR
[04:43:59] [203/459] URTR
[04:43:59] [204/459] MKSM
[04:44:00] [205/459] VSMH
[04:44:02] [206/459] SKRJ
[04:44:04] [207/459] SSJR
[04:44:05] [208/459] SVSM
[04:44:05] [209/459] RUCM
[04:44:06] [210/459] PRKN
[04:44:07] [211/459] RROH
[04:44:08] [212/459] SCTN
[04:44:09] [213/459] RTDM
[04:44:09] [214/459] ASRM
[04:44:10] [215/459] SKMD
[04:44:11] [216/459] SUTD
[04:44:12] [217/459] SADM
[04:44:13] [218/459] WCNR
[04:44:14] [219/459] CNED
[04:44:15] [220/459] MPDB
[04:44:16] [221/459] KTBH
[04:44:16] [222/459] IDRM
[04:44:17] [223/459] PJJT
[04:44:18] [224/459] PFCV
[04:44:19] [225/459] AACT
[04:44:20] [226/459] AAAD
[04:44:21] [227/459] ANES
[04:44:21] [228/459] MNCA
[04:44:22] [229/459] RMGU
[04:44:23] [230/459] DLCN
[04:44:24] [231/459] LJWT
[04:44:25] [232/459] MCBG
[04:44:25] [233/459] MYBG
[04:44:26] [234/459] GCCA
[04:44:28] [235/459] GCGA
[04:44:29] [236/459] ECGN
[04:44:30] [237/459] PRAB
[04:44:30] [238/459] PNMP
[04:44:31] [239/459] GCPT
[04:44:32] [240/459] ROYN
[04:44:33] [241/459] VATM
[04:44:35] [242/459] KSNT
[04:44:36] [243/459] ACTC
[04:44:37] [244/459] PLTD
[04:44:37] [245/459] SKMK
[04:44:38] [246/459] CMTT
[04:44:40] [247/459] SMXP
[04:44:41] [248/459] SCMX
[04:44:42] [249/459] ACXN
[04:44:43] [250/459] ASWT
[04:44:44] [251/459] VVVL
[04:44:45] [252/459] NAGO
[04:44:46] [253/459] SNCN
[04:44:47] [254/459] MCKP
[04:44:48] [255/459] SAMO
[04:44:48] [256/459] JBTV
[04:44:49] [257/459] DCVV
[04:44:50] [258/459] KMSV
[04:44:51] [259/459] KDCN
[04:44:52] [260/459] CNCP
[04:44:53] [261/459] HAMC
[04:44:54] [262/459] CCVZ
[04:44:56] [263/459] NCCK
[04:44:57] [264/459] MCHR
[04:44:58] [265/459] SCHT
[04:44:59] [266/459] ESSH
[04:45:00] [267/459] CUJC
[04:45:02] [268/459] PECP
[04:45:03] [269/459] PMMI
[04:45:04] [270/459] PCCH
[04:45:05] [271/459] PRPM
[04:45:06] [272/459] PVKL
[04:45:07] [273/459] CBSM
[04:45:08] [274/459] PVCZ
[04:45:09] [275/459] PCVV
[04:45:10] [276/459] CTMJ
[04:45:11] [277/459] RCPS
[04:45:11] [278/459] PCIT
[04:45:12] [279/459] FNCH
[04:45:13] [280/459] INZD
[04:45:14] [281/459] INPC
[04:45:15] [282/459] LCZP
[04:45:16] [283/459] SMCB
[04:45:17] [284/459] PTSB
[04:45:17] [285/459] TPSI
[04:45:18] [286/459] KHMJ
[04:45:19] [287/459] RCCJ
[04:45:20] [288/459] NCJA
[04:45:21] [289/459] NCJN
[04:45:22] [290/459] BTDP
[04:45:22] [291/459] PADY
[04:45:23] [292/459] NYBH
[04:45:24] [293/459] MTBR
[04:45:24] [294/459] KRBC
[04:45:25] [295/459] DKTI
[04:45:26] [296/459] ANAN
[04:45:27] [297/459] INBP
[04:45:28] [298/459] PATB
[04:45:29] [299/459] RGNT
[04:45:30] [300/459] CGPM
[04:45:30] [301/459] INTN
[04:45:31] [302/459] MCMP
[04:45:32] [303/459] ASRG
[04:45:32] [304/459] CXJD
[04:45:33] [305/459] SPCP
[04:45:34] [306/459] CSTP
[04:45:35] [307/459] PKVC
[04:45:36] [308/459] ESCP
[04:45:37] [309/459] CAEP
[04:45:37] [310/459] CCSP
[04:45:39] [311/459] KTPC
[04:45:40] [312/459] DACA
[04:45:41] [313/459] NVKY
[04:45:42] [314/459] PTIN
[04:45:42] [315/459] SCIN
[04:45:43] [316/459] MCTY
[04:45:44] [317/459] PCMX
[04:45:45] [318/459] INIC
[04:45:47] [319/459] MMZM
[04:45:48] [320/459] SSLP
[04:45:49] [321/459] DTDT
[04:45:50] [322/459] FFCX
[04:45:51] [323/459] RCMM
[04:45:52] [324/459] KYID
[04:45:53] [325/459] CSCI
[04:45:55] [326/459] FCMC
[04:45:57] [327/459] MMXI
[04:45:58] [328/459] ASTC
[04:45:58] [329/459] CMRA
[04:45:59] [330/459] DICI
[04:46:00] [331/459] KDIN
[04:46:01] [332/459] PRFI
[04:46:02] [333/459] SVFC
[04:46:02] [334/459] UCPL
[04:46:03] [335/459] COOC
[04:46:04] [336/459] SCAL
[04:46:05] [337/459] SVFF
[04:46:05] [338/459] VCMG
[04:46:06] [339/459] UUCT
[04:46:08] [340/459] GCSE
[04:46:09] [341/459] SUSC
[04:46:10] [342/459] MISC
[04:46:11] [343/459] RMBL
[04:46:11] [344/459] CMXN
[04:46:12] [345/459] PVBK
[04:46:13] [346/459] HHCG
[04:46:14] [347/459] SCAG
[04:46:15] [348/459] CNPR
[04:46:16] [349/459] CSER
[04:46:17] [350/459] HLWD
[04:46:17] [351/459] BOLY
[04:46:18] [352/459] SSPG
[04:46:20] [353/459] MUPX
[04:46:21] [354/459] HAMR
[04:46:23] [355/459] SDNC
[04:46:23] [356/459] RTEN
[04:46:24] [357/459] SDTD
[04:46:26] [358/459] KAWS
[04:46:27] [359/459] CMZX
[04:46:27] [360/459] DCDD
[04:46:28] [361/459] ALSN
[04:46:29] [362/459] IMXS
[04:46:30] [363/459] PVFF
[04:46:31] [364/459] PVOO
[04:46:32] [365/459] CFBS
[04:46:33] [366/459] PVER
[04:46:34] [367/459] PPNX
[04:46:35] [368/459] CNRM
[04:46:36] [369/459] PVWW
[04:46:37] [370/459] INMB
[04:46:38] [371/459] CPJR
[04:46:39] [372/459] INRZ
[04:46:39] [373/459] PMSR
[04:46:41] [374/459] GPGM
[04:46:42] [375/459] PGWB
[04:46:44] [376/459] PMBR
[04:46:45] [377/459] GPAM
[04:46:45] [378/459] INBC
[04:46:46] [379/459] PZVK
[04:46:47] [380/459] CPEB
[04:46:48] [381/459] FMLB
[04:46:49] [382/459] INBG
[04:46:50] [383/459] GPBR
[04:46:50] [384/459] PAAS
[04:46:51] [385/459] VTBR
[04:46:52] [386/459] GPMY
[04:46:53] [387/459] GYBU
[04:46:54] [388/459] INBJ
[04:46:55] [389/459] LKTH
[04:46:55] [390/459] NSBR
[04:46:56] [391/459] PDRD
[04:46:57] [392/459] VRBL
[04:46:58] [393/459] VTGB
[04:46:59] [394/459] VTSK
[04:46:59] [395/459] BKDV
[04:47:00] [396/459] SVTB
[04:47:01] [397/459] MLDT
[04:47:02] [398/459] NRBL
[04:47:03] [399/459] SLTR
[04:47:04] [400/459] VNKA
[04:47:05] [401/459] TDCA
[04:47:06] [402/459] INBM
[04:47:06] [403/459] SSNR
[04:47:07] [404/459] BHAC
[04:47:08] [405/459] SDSD
[04:47:09] [406/459] SAMP
[04:47:10] [407/459] RATK
[04:47:10] [408/459] KCBI
[04:47:11] [409/459] URBL
[04:47:12] [410/459] MKBG
[04:47:13] [411/459] ASTB
[04:47:15] [412/459] VBWT
[04:47:16] [413/459] GPSM
[04:47:17] [414/459] ROON
[04:47:18] [415/459] CHTH
[04:47:19] [416/459] SSPA
[04:47:19] [417/459] ANBL
[04:47:20] [418/459] VTBE
[04:47:21] [419/459] SVKT
[04:47:22] [420/459] SVYK
[04:47:22] [421/459] PTBK
[04:47:23] [422/459] RKTB
[04:47:24] [423/459] BALT
[04:47:25] [424/459] STSV
[04:47:26] [425/459] VCCB
[04:47:26] [426/459] SLTB
[04:47:27] [427/459] SBCR
[04:47:28] [428/459] VDCS
[04:47:29] [429/459] MDKI
[04:47:30] [430/459] SMRN
[04:47:30] [431/459] PTBC
[04:47:31] [432/459] RADI
[04:47:32] [433/459] ADCR
[04:47:33] [434/459] SDCS
[04:47:34] [435/459] SRPJ
[04:47:35] [436/459] ARTS
[04:47:36] [437/459] SRHK
[04:47:37] [438/459] SPAY
[04:47:38] [439/459] GPTB
[04:47:38] [440/459] SNNN
[04:47:39] [441/459] BALJ
[04:47:40] [442/459] TRIG
[04:47:41] [443/459] GTYT
[04:47:42] [444/459] ATGN
[04:47:43] [445/459] ANTE
[04:47:44] [446/459] BDCG
[04:47:44] [447/459] VECI
[04:47:46] [448/459] SCPR
[04:47:47] [449/459] RTEA
[04:47:48] [450/459] JSAI
[04:47:49] [451/459] VJTP
[04:47:50] [452/459] GNDS
[04:47:50] [453/459] PAXA
[04:47:51] [454/459] CGGM
[04:47:52] [455/459] ACKZ
[04:47:53] [456/459] EMCC
[04:47:55] [457/459] KLSK
[04:47:56] [458/459] AVCK
[04:47:56] [459/459] JTCK
[04:47:57] 🧹 Deduping shows
[04:47:57] ✅ DONE | Shows=2675 | Movies=69
