[02:39:21] 🚀 SCRIPT STARTED
[02:39:21] [1/459] MBDC
[02:39:21] 🧠 New identity created
[02:39:22] [2/459] CHKM
[02:39:23] [3/459] JTKZ
[02:39:24] [4/459] CMCT
[02:39:25] [5/459] ASHO
[02:39:26] [6/459] ECDG
[02:39:26] [7/459] SPAT
[02:39:27] [8/459] HILC
[02:39:28] [9/459] SPPH
[02:39:29] [10/459] SBHN
[02:39:30] [11/459] RRCA
[02:39:31] [12/459] APAA
[02:39:32] [13/459] RAME
[02:39:32] [14/459] TMMS
[02:39:33] [15/459] BATK
[02:39:34] [16/459] LKOP
[02:39:35] [17/459] AMTT
[02:39:36] [18/459] PTGK
[02:39:37] [19/459] ANRS
[02:39:38] [20/459] VWBW
[02:39:38] [21/459] SVFG
[02:39:39] [22/459] STAT
[02:39:40] [23/459] GDCV
[02:39:41] [24/459] VEBI
[02:39:42] [25/459] VDSS
[02:39:43] [26/459] NTHV
[02:39:43] [27/459] AOCH
[02:39:44] [28/459] KASR
[02:39:45] [29/459] AYCS
[02:39:46] [30/459] SHAI
[02:39:47] [31/459] SKPE
[02:39:48] [32/459] SBTA
[02:39:49] [33/459] RTTD
[02:39:50] [34/459] CCJD
[02:39:51] [35/459] RSJJ
[02:39:52] [36/459] RKND
[02:39:53] [37/459] SVTX
[02:39:54] [38/459] BAKM
[02:39:55] [39/459] SVDC
[02:39:56] [40/459] MNCV
[02:39:56] [41/459] SJGC
[02:39:57] [42/459] MTPK
[02:39:58] [43/459] GATP
[02:39:59] [44/459] ABTS
[02:40:00] [45/459] ABDE
[02:40:00] [46/459] RCNM
[02:40:01] [47/459] KTHV
[02:40:02] [48/459] MDGJ
[02:40:03] [49/459] SMLM
[02:40:04] [50/459] JTMA
[02:40:05] [51/459] ACKP
[02:40:06] [52/459] SRTA
[02:40:07] [53/459] STAY
[02:40:08] [54/459] MAVO
[02:40:09] [55/459] APTS
[02:40:10] [56/459] OMEA
[02:40:10] [57/459] TTFD
[02:40:11] [58/459] MJCU
[02:40:12] [59/459] CXTE
[02:40:13] [60/459] CTPX
[02:40:14] [61/459] ASSL
[02:40:15] [62/459] CMVB
[02:40:16] [63/459] VPUR
[02:40:17] [64/459] JJDA
[02:40:17] [65/459] INBL
[02:40:18] [66/459] BIKB
[02:40:19] [67/459] NTBB
[02:40:20] [68/459] GLOB
[02:40:21] [69/459] SNTB
[02:40:22] [70/459] CHGV
[02:40:23] [71/459] SSBZ
[02:40:24] [72/459] PRDB
[02:40:24] [73/459] ISMT
[02:40:25] [74/459] MCSD
[02:40:27] [75/459] JBTT
[02:40:28] [76/459] GEKR
[02:40:28] [77/459] PVUN
[02:40:30] [78/459] NRTB
[02:40:31] [79/459] PRAA
[02:40:32] [80/459] PCBL
[02:40:32] [81/459] PTCM
[02:40:33] [82/459] KHNN
[02:40:34] [83/459] OMJE
[02:40:36] [84/459] STGN
[02:40:36] [85/459] RPMS
[02:40:37] [86/459] NWAD
[02:40:38] [87/459] BLCK
[02:40:40] [88/459] SVAA
[02:40:40] [89/459] URVM
[02:40:42] [90/459] ANTM
[02:40:43] [91/459] VJYM
[02:40:44] [92/459] MAZZ
[02:40:45] [93/459] CSHM
[02:40:45] [94/459] WGMH
[02:40:46] [95/459] SALN
[02:40:47] [96/459] BRTP
[02:40:48] [97/459] SVTA
[02:40:49] [98/459] SBTP
[02:40:50] [99/459] VLSS
[02:40:51] [100/459] SRJA
[02:40:51] [101/459] ANCG
[02:40:52] [102/459] CGGC
[02:40:53] [103/459] CRJA
[02:40:54] [104/459] USCR
[02:40:55] [105/459] MMEF
[02:40:56] [106/459] JCRJ
[02:40:58] [107/459] ADCM
[02:40:59] [108/459] BMYK
[02:41:00] [109/459] KICS
[02:41:00] [110/459] MBBT
[02:41:01] [111/459] MACK
[02:41:02] [112/459] CLDR
[02:41:03] [113/459] JYCR
[02:41:04] [114/459] DCRP
[02:41:04] [115/459] RAHT
[02:41:05] [116/459] CSSM
[02:41:06] [117/459] ATPK
[02:41:07] [118/459] KLRT
[02:41:08] [119/459] SRDD
[02:41:09] [120/459] CKMC
[02:41:11] [121/459] KRVM
[02:41:11] [122/459] AKCP
[02:41:13] [123/459] CNCV
[02:41:14] [124/459] PACT
[02:41:15] [125/459] NATP
[02:41:15] [126/459] PCPK
[02:41:16] [127/459] SMHO
[02:41:17] [128/459] CWTK
[02:41:18] [129/459] RVKZ
[02:41:19] [130/459] ASPD
[02:41:19] [131/459] VTKZ
[02:41:20] [132/459] LCSO
[02:41:21] [133/459] PRDY
[02:41:22] [134/459] RCAP
[02:41:23] [135/459] RGAR
[02:41:24] [136/459] RCAC
[02:41:24] [137/459] PMOD
[02:41:25] [138/459] PVCN
[02:41:26] [139/459] SCRZ
[02:41:27] [140/459] PVPC
[02:41:28] [141/459] STID
[02:41:29] [142/459] NEDD
[02:41:31] [143/459] BNBA
[02:41:32] [144/459] NTCD
[02:41:32] [145/459] OCDE
[02:41:33] [146/459] CCDU
[02:41:34] [147/459] CRXH
[02:41:35] [148/459] VLVT
[02:41:36] [149/459] CICI
[02:41:37] [150/459] SUCB
[02:41:38] [151/459] TCBP
[02:41:39] [152/459] SCCY
[02:41:40] [153/459] LXCY
[02:41:41] [154/459] NCMD
[02:41:42] [155/459] PHCS
[02:41:43] [156/459] DUXR
[02:41:43] [157/459] VNKS
[02:41:44] [158/459] SEDP
[02:41:45] [159/459] SVEN
[02:41:46] [160/459] SRKM
[02:41:47] [161/459] JTLT
[02:41:47] [162/459] SVSS
[02:41:48] [163/459] AMDE
[02:41:49] [164/459] WVRN
[02:41:50] [165/459] ISMG
[02:41:51] [166/459] WVKS
[02:41:52] [167/459] USCG
[02:41:53] [168/459] IOTG
[02:41:54] [169/459] RRJM
[02:41:55] [170/459] EDMP
[02:41:55] [171/459] SCGZ
[02:41:56] [172/459] GMGX
[02:41:57] [173/459] OMTP
[02:41:58] [174/459] MITD
[02:41:59] [175/459] SMMD
[02:42:00] [176/459] STML
[02:42:01] [177/459] MCFS
[02:42:02] [178/459] FPKA
[02:42:02] [179/459] OMLR
[02:42:04] [180/459] KKSC
[02:42:05] [181/459] RVMA
[02:42:05] [182/459] SCLL
[02:42:06] [183/459] SCDK
[02:42:07] [184/459] SXMI
[02:42:08] [185/459] SHDN
[02:42:09] [186/459] PAAD
[02:42:09] [187/459] UUCB
[02:42:10] [188/459] JHOL
[02:42:12] [189/459] SGWT
[02:42:13] [190/459] SRII
[02:42:14] [191/459] SGCK
[02:42:14] [192/459] SVVB
[02:42:16] [193/459] DMHA
[02:42:17] [194/459] PPNL
[02:42:18] [195/459] CPNL
[02:42:19] [196/459] WVLD
[02:42:20] [197/459] PSLV
[02:42:21] [198/459] VTTL
[02:42:22] [199/459] NPAD
[02:42:22] [200/459] PVCS
[02:42:23] [201/459] MCHL
[02:42:25] [202/459] PPLL
[02:42:26] [203/459] MALO
[02:42:27] [204/459] SWBH
[02:42:27] [205/459] PUGB
[02:42:28] [206/459] INBB
[02:42:29] [207/459] INNS
[02:42:30] [208/459] MCPT
[02:42:31] [209/459] SCMI
[02:42:31] [210/459] OCON
[02:42:32] [211/459] SCSM
[02:42:33] [212/459] RJVN
[02:42:34] [213/459] AMDK
[02:42:36] [214/459] ISMR
[02:42:37] [215/459] SMTD
[02:42:38] [216/459] VTDD
[02:42:39] [217/459] PDDZ
[02:42:39] [218/459] PCCK
[02:42:40] [219/459] INAM
[02:42:41] [220/459] FNKT
[02:42:42] [221/459] GDKA
[02:42:42] [222/459] MAYU
[02:42:43] [223/459] TCGU
[02:42:44] [224/459] KDCA
[02:42:45] [225/459] DOMY
[02:42:45] [226/459] PDDD
[02:42:46] [227/459] BJTS
[02:42:47] [228/459] VTCA
[02:42:48] [229/459] SBTM
[02:42:49] [230/459] SEET
[02:42:50] [231/459] SSTJ
[02:42:50] [232/459] SVNT
[02:42:51] [233/459] PPPR
[02:42:52] [234/459] PVYS
[02:42:53] [235/459] IOSE
[02:42:54] [236/459] ACTV
[02:42:54] [237/459] APVE
[02:42:56] [238/459] TCCL
[02:42:58] [239/459] SCMO
[02:42:58] [240/459] SAUM
[02:42:59] [241/459] KCJS
[02:43:00] [242/459] NJCJ
[02:43:01] [243/459] NECF
[02:43:02] [244/459] CCGW
[02:43:03] [245/459] CCMG
[02:43:04] [246/459] NYRG
[02:43:05] [247/459] NCSQ
[02:43:06] [248/459] GRCG
[02:43:07] [249/459] CCBT
[02:43:08] [250/459] ACGA
[02:43:08] [251/459] INAG
[02:43:09] [252/459] FUCG
[02:43:10] [253/459] AICF
[02:43:11] [254/459] GRGA
[02:43:12] [255/459] GDCN
[02:43:13] [256/459] RRCG
[02:43:14] [257/459] SDCH
[02:43:15] [258/459] WVJM
[02:43:16] [259/459] JCCZ
[02:43:17] [260/459] CNCL
[02:43:17] [261/459] TMLV
[02:43:19] [262/459] MEMB
[02:43:20] [263/459] SGTD
[02:43:21] [264/459] CONX
[02:43:22] [265/459] CCMH
[02:43:23] [266/459] ACMC
[02:43:25] [267/459] DTPD
[02:43:25] [268/459] POJA
[02:43:26] [269/459] FNBH
[02:43:27] [270/459] CGCB
[02:43:28] [271/459] RACN
[02:43:29] [272/459] JTSM
[02:43:29] [273/459] SCDN
[02:43:30] [274/459] AACK
[02:43:32] [275/459] RMCE
[02:43:34] [276/459] BSGB
[02:43:35] [277/459] MRCB
[02:43:35] [278/459] SRVR
[02:43:36] [279/459] VTKK
[02:43:37] [280/459] AMST
[02:43:38] [281/459] APCY
[02:43:39] [282/459] LMHO
[02:43:41] [283/459] MTZH
[02:43:42] [284/459] AMZB
[02:43:42] [285/459] SUVT
[02:43:44] [286/459] RCIP
[02:43:45] [287/459] KESR
[02:43:46] [288/459] SNKC
[02:43:47] [289/459] SCED
[02:43:47] [290/459] DVCA
[02:43:48] [291/459] VCDT
[02:43:49] [292/459] RRDI
[02:43:50] [293/459] DFCH
[02:43:51] [294/459] INSC
[02:43:52] [295/459] RGTR
[02:43:53] [296/459] FMOT
[02:43:53] [297/459] SCPM
[02:43:55] [298/459] GCDT
[02:43:56] [299/459] BRKT
[02:43:57] [300/459] DEMP
[02:43:57] [301/459] SRLC
[02:43:58] [302/459] KSTT
[02:43:59] [303/459] SMMT
[02:44:00] [304/459] SILM
[02:44:00] [305/459] JCVM
[02:44:01] [306/459] KCSV
[02:44:02] [307/459] MHLK
[02:44:03] [308/459] SLVL
[02:44:04] [309/459] RJKP
[02:44:04] [310/459] BBPC
[02:44:05] [311/459] MXCB
[02:44:06] [312/459] TCPK
[02:44:07] [313/459] RTBR
[02:44:07] [314/459] GAUT
[02:44:08] [315/459] DVCF
[02:44:09] [316/459] JTSB
[02:44:11] [317/459] SBLS
[02:44:12] [318/459] UDAY
[02:44:13] [319/459] PTNP
[02:44:14] [320/459] DMKT
[02:44:15] [321/459] NTDT
[02:44:16] [322/459] SHDJ
[02:44:17] [323/459] OTNC
[02:44:18] [324/459] RNTW
[02:44:20] [325/459] GCMI
[02:44:20] [326/459] CRCM
[02:44:21] [327/459] NNCZ
[02:44:22] [328/459] OEMO
[02:44:23] [329/459] PVJM
[02:44:23] [330/459] CPJI
[02:44:24] [331/459] RMCJ
[02:44:25] [332/459] CNWJ
[02:44:26] [333/459] EPJM
[02:44:27] [334/459] FNJJ
[02:44:28] [335/459] GCMJ
[02:44:30] [336/459] INPS
[02:44:32] [337/459] BICJ
[02:44:33] [338/459] ISTJ
[02:44:35] [339/459] INJC
[02:44:36] [340/459] GLXJ
[02:44:37] [341/459] INEM
[02:44:38] [342/459] JTMN
[02:44:39] [343/459] FRCJ
[02:44:40] [344/459] DDJP
[02:44:41] [345/459] INJV
[02:44:42] [346/459] GOLC
[02:44:43] [347/459] KOCI
[02:44:44] [348/459] FSTD
[02:44:45] [349/459] PACJ
[02:44:45] [350/459] GMCN
[02:44:46] [351/459] MMDJ
[02:44:47] [352/459] GODH
[02:44:48] [353/459] SKYN
[02:44:49] [354/459] NCTH
[02:44:49] [355/459] SKVZ
[02:44:50] [356/459] SVML
[02:44:51] [357/459] ACVZ
[02:44:52] [358/459] SURA
[02:44:54] [359/459] RTRB
[02:44:54] [360/459] LLCT
[02:44:55] [361/459] ATTS
[02:44:56] [362/459] JYCM
[02:44:57] [363/459] CTKR
[02:44:59] [364/459] LCKR
[02:45:00] [365/459] NYCV
[02:45:00] [366/459] NYOH
[02:45:01] [367/459] NOVX
[02:45:02] [368/459] MRGK
[02:45:03] [369/459] MOON
[02:45:04] [370/459] SBUC
[02:45:04] [371/459] GSVA
[02:45:05] [372/459] VIAK
[02:45:06] [373/459] SMVZ
[02:45:07] [374/459] MATE
[02:45:08] [375/459] RDCN
[02:45:08] [376/459] ASBL
[02:45:09] [377/459] ASVS
[02:45:10] [378/459] ASSR
[02:45:11] [379/459] SSKN
[02:45:12] [380/459] DRPV
[02:45:12] [381/459] MRHT
[02:45:13] [382/459] BSCN
[02:45:14] [383/459] RKNX
[02:45:15] [384/459] MSMC
[02:45:16] [385/459] MSCJ
[02:45:17] [386/459] BTBJ
[02:45:18] [387/459] MJCC
[02:45:19] [388/459] IOMM
[02:45:19] [389/459] ADGR
[02:45:20] [390/459] MYCP
[02:45:21] [391/459] IGCM
[02:45:22] [392/459] PGRK
[02:45:23] [393/459] VPGO
[02:45:24] [394/459] KOMS
[02:45:25] [395/459] URGG
[02:45:26] [396/459] GOST
[02:45:27] [397/459] LACT
[02:45:27] [398/459] BWCM
[02:45:28] [399/459] NCCW
[02:45:29] [400/459] SKYC
[02:45:31] [401/459] CCPM
[02:45:32] [402/459] VCBT
[02:45:33] [403/459] SDKR
[02:45:34] [404/459] CTYB
[02:45:35] [405/459] SHCX
[02:45:36] [406/459] RCUN
[02:45:37] [407/459] CNRA
[02:45:38] [408/459] RFCA
[02:45:39] [409/459] RDCU
[02:45:40] [410/459] SARK
[02:45:41] [411/459] SPPP
[02:45:42] [412/459] ADMB
[02:45:43] [413/459] JYOE
[02:45:44] [414/459] SRMD
[02:45:45] [415/459] RJDH
[02:45:46] [416/459] SSTD
[02:45:47] [417/459] AACV
[02:45:48] [418/459] PPVD
[02:45:48] [419/459] STCP
[02:45:49] [420/459] ANJR
[02:45:50] [421/459] ANLS
[02:45:51] [422/459] BIJO
[02:45:52] [423/459] AVAB
[02:45:53] [424/459] SPMD
[02:45:54] [425/459] SVJL
[02:45:55] [426/459] SDDJ
[02:45:55] [427/459] SLTU
[02:45:56] [428/459] SAKA
[02:45:57] [429/459] PMAM
[02:45:58] [430/459] FNAM
[02:45:58] [431/459] ACAM
[02:45:59] [432/459] SCMM
[02:46:00] [433/459] PMAK
[02:46:01] [434/459] NYSA
[02:46:02] [435/459] FCPA
[02:46:03] [436/459] GDAN
[02:46:04] [437/459] RSCA
[02:46:04] [438/459] DMAN
[02:46:05] [439/459] DZCM
[02:46:06] [440/459] NSGL
[02:46:06] [441/459] CCPP
[02:46:07] [442/459] PSMG
[02:46:08] [443/459] GSER
[02:46:09] [444/459] FCCT
[02:46:10] [445/459] FCTB
[02:46:11] [446/459] LCNK
[02:46:12] [447/459] SKTY
[02:46:12] [448/459] INAA
[02:46:13] [449/459] RCWN
[02:46:14] [450/459] VAIS
[02:46:15] [451/459] CVMN
[02:46:16] [452/459] INTS
[02:46:17] [453/459] FRGS
[02:46:18] [454/459] DTCK
[02:46:19] [455/459] MCMH
[02:46:20] [456/459] ECRR
[02:46:21] [457/459] RLLP
[02:46:22] [458/459] CCSN
[02:46:23] [459/459] CCBA
[02:46:23] 🧹 Deduping shows
[02:46:23] ✅ DONE | Shows=1921 | Movies=67
[04:40:55] 🚀 SCRIPT STARTED
[04:40:55] [1/459] MBDC
[04:40:55] 🧠 New identity created
[04:40:56] [2/459] CHKM
[04:40:56] [3/459] JTKZ
[04:40:57] [4/459] CMCT
[04:40:58] [5/459] ASHO
[04:40:59] [6/459] ECDG
[04:41:00] [7/459] SPAT
[04:41:01] [8/459] HILC
[04:41:02] [9/459] SPPH
[04:41:02] [10/459] SBHN
[04:41:03] [11/459] RRCA
[04:41:04] [12/459] APAA
[04:41:05] [13/459] RAME
[04:41:06] [14/459] TMMS
[04:41:07] [15/459] BATK
[04:41:08] [16/459] LKOP
[04:41:08] [17/459] AMTT
[04:41:09] [18/459] PTGK
[04:41:10] [19/459] ANRS
[04:41:11] [20/459] VWBW
[04:41:12] [21/459] SVFG
[04:41:12] [22/459] STAT
[04:41:13] [23/459] GDCV
[04:41:14] [24/459] VEBI
[04:41:15] [25/459] VDSS
[04:41:16] [26/459] NTHV
[04:41:17] [27/459] AOCH
[04:41:18] [28/459] KASR
[04:41:19] [29/459] AYCS
[04:41:20] [30/459] SHAI
[04:41:21] [31/459] SKPE
[04:41:21] [32/459] SBTA
[04:41:22] [33/459] RTTD
[04:41:23] [34/459] CCJD
[04:41:24] [35/459] RSJJ
[04:41:25] [36/459] RKND
[04:41:26] [37/459] SVTX
[04:41:27] [38/459] BAKM
[04:41:28] [39/459] SVDC
[04:41:29] [40/459] MNCV
[04:41:29] [41/459] SJGC
[04:41:30] [42/459] MTPK
[04:41:31] [43/459] GATP
[04:41:32] [44/459] ABTS
[04:41:33] [45/459] ABDE
[04:41:34] [46/459] RCNM
[04:41:34] [47/459] KTHV
[04:41:35] [48/459] MDGJ
[04:41:36] [49/459] SMLM
[04:41:37] [50/459] JTMA
[04:41:38] [51/459] ACKP
[04:41:39] [52/459] SRTA
[04:41:39] [53/459] STAY
[04:41:41] [54/459] MAVO
[04:41:42] [55/459] APTS
[04:41:43] [56/459] OMEA
[04:41:45] [57/459] TTFD
[04:41:45] [58/459] MJCU
[04:41:46] [59/459] CXTE
[04:41:47] [60/459] CTPX
[04:41:48] [61/459] ASSL
[04:41:49] [62/459] CMVB
[04:41:50] [63/459] VPUR
[04:41:50] [64/459] JJDA
[04:41:51] [65/459] INBL
[04:41:52] [66/459] BIKB
[04:41:53] [67/459] NTBB
[04:41:54] [68/459] GLOB
[04:41:56] [69/459] SNTB
[04:41:56] [70/459] CHGV
[04:41:57] [71/459] SSBZ
[04:41:58] [72/459] PRDB
[04:41:59] [73/459] ISMT
[04:42:00] [74/459] MCSD
[04:42:01] [75/459] JBTT
[04:42:01] [76/459] GEKR
[04:42:02] [77/459] PVUN
[04:42:04] [78/459] NRTB
[04:42:05] [79/459] PRAA
[04:42:05] [80/459] PCBL
[04:42:06] [81/459] PTCM
[04:42:07] [82/459] KHNN
[04:42:08] [83/459] OMJE
[04:42:09] [84/459] STGN
[04:42:09] [85/459] RPMS
[04:42:10] [86/459] NWAD
[04:42:12] [87/459] BLCK
[04:42:13] [88/459] SVAA
[04:42:14] [89/459] URVM
[04:42:15] [90/459] ANTM
[04:42:17] [91/459] VJYM
[04:42:18] [92/459] MAZZ
[04:42:19] [93/459] CSHM
[04:42:19] [94/459] WGMH
[04:42:20] [95/459] SALN
[04:42:21] [96/459] BRTP
[04:42:23] [97/459] SVTA
[04:42:24] [98/459] SBTP
[04:42:25] [99/459] VLSS
[04:42:26] [100/459] SRJA
[04:42:27] [101/459] ANCG
[04:42:28] [102/459] CGGC
[04:42:29] [103/459] CRJA
[04:42:29] [104/459] USCR
[04:42:30] [105/459] MMEF
[04:42:31] [106/459] JCRJ
[04:42:31] [107/459] ADCM
[04:42:32] [108/459] BMYK
[04:42:33] [109/459] KICS
[04:42:34] [110/459] MBBT
[04:42:36] [111/459] MACK
[04:42:37] [112/459] CLDR
[04:42:38] [113/459] JYCR
[04:42:38] [114/459] DCRP
[04:42:39] [115/459] RAHT
[04:42:40] [116/459] CSSM
[04:42:41] [117/459] ATPK
[04:42:42] [118/459] KLRT
[04:42:43] [119/459] SRDD
[04:42:45] [120/459] CKMC
[04:42:46] [121/459] KRVM
[04:42:47] [122/459] AKCP
[04:42:47] [123/459] CNCV
[04:42:48] [124/459] PACT
[04:42:49] [125/459] NATP
[04:42:49] [126/459] PCPK
[04:42:50] [127/459] SMHO
[04:42:51] [128/459] CWTK
[04:42:52] [129/459] RVKZ
[04:42:53] [130/459] ASPD
[04:42:53] [131/459] VTKZ
[04:42:54] [132/459] LCSO
[04:42:55] [133/459] PRDY
[04:42:56] [134/459] RCAP
[04:42:56] [135/459] RGAR
[04:42:57] [136/459] RCAC
[04:42:58] [137/459] PMOD
[04:42:59] [138/459] PVCN
[04:43:00] [139/459] SCRZ
[04:43:01] [140/459] PVPC
[04:43:02] [141/459] STID
[04:43:03] [142/459] NEDD
[04:43:04] [143/459] BNBA
[04:43:04] [144/459] NTCD
[04:43:05] [145/459] OCDE
[04:43:06] [146/459] CCDU
[04:43:07] [147/459] CRXH
[04:43:07] [148/459] VLVT
[04:43:08] [149/459] CICI
[04:43:09] [150/459] SUCB
[04:43:10] [151/459] TCBP
[04:43:11] [152/459] SCCY
[04:43:12] [153/459] LXCY
[04:43:12] [154/459] NCMD
[04:43:13] [155/459] PHCS
[04:43:14] [156/459] DUXR
[04:43:15] [157/459] VNKS
[04:43:16] [158/459] SEDP
[04:43:17] [159/459] SVEN
[04:43:18] [160/459] SRKM
[04:43:18] [161/459] JTLT
[04:43:19] [162/459] SVSS
[04:43:21] [163/459] AMDE
[04:43:23] [164/459] WVRN
[04:43:24] [165/459] ISMG
[04:43:25] [166/459] WVKS
[04:43:25] [167/459] USCG
[04:43:26] [168/459] IOTG
[04:43:28] [169/459] RRJM
[04:43:29] [170/459] EDMP
[04:43:30] [171/459] SCGZ
[04:43:32] [172/459] GMGX
[04:43:32] [173/459] OMTP
[04:43:33] [174/459] MITD
[04:43:34] [175/459] SMMD
[04:43:35] [176/459] STML
[04:43:36] [177/459] MCFS
[04:43:37] [178/459] FPKA
[04:43:37] [179/459] OMLR
[04:43:38] [180/459] KKSC
[04:43:39] [181/459] RVMA
[04:43:40] [182/459] SCLL
[04:43:41] [183/459] SCDK
[04:43:41] [184/459] SXMI
[04:43:42] [185/459] SHDN
[04:43:43] [186/459] PAAD
[04:43:44] [187/459] UUCB
[04:43:45] [188/459] JHOL
[04:43:46] [189/459] SGWT
[04:43:47] [190/459] SRII
[04:43:48] [191/459] SGCK
[04:43:49] [192/459] SVVB
[04:43:50] [193/459] DMHA
[04:43:51] [194/459] PPNL
[04:43:52] [195/459] CPNL
[04:43:53] [196/459] WVLD
[04:43:55] [197/459] PSLV
[04:43:56] [198/459] VTTL
[04:43:57] [199/459] NPAD
[04:43:59] [200/459] PVCS
[04:44:00] [201/459] MCHL
[04:44:01] [202/459] PPLL
[04:44:01] [203/459] MALO
[04:44:02] [204/459] SWBH
[04:44:03] [205/459] PUGB
[04:44:04] [206/459] INBB
[04:44:05] [207/459] INNS
[04:44:06] [208/459] MCPT
[04:44:07] [209/459] SCMI
[04:44:08] [210/459] OCON
[04:44:09] [211/459] SCSM
[04:44:10] [212/459] RJVN
[04:44:10] [213/459] AMDK
[04:44:11] [214/459] ISMR
[04:44:12] [215/459] SMTD
[04:44:13] [216/459] VTDD
[04:44:14] [217/459] PDDZ
[04:44:15] [218/459] PCCK
[04:44:16] [219/459] INAM
[04:44:17] [220/459] FNKT
[04:44:18] [221/459] GDKA
[04:44:19] [222/459] MAYU
[04:44:20] [223/459] TCGU
[04:44:21] [224/459] KDCA
[04:44:21] [225/459] DOMY
[04:44:22] [226/459] PDDD
[04:44:23] [227/459] BJTS
[04:44:24] [228/459] VTCA
[04:44:25] [229/459] SBTM
[04:44:26] [230/459] SEET
[04:44:26] [231/459] SSTJ
[04:44:27] [232/459] SVNT
[04:44:28] [233/459] PPPR
[04:44:29] [234/459] PVYS
[04:44:30] [235/459] IOSE
[04:44:30] [236/459] ACTV
[04:44:31] [237/459] APVE
[04:44:32] [238/459] TCCL
[04:44:32] [239/459] SCMO
[04:44:33] [240/459] SAUM
[04:44:34] [241/459] KCJS
[04:44:36] [242/459] NJCJ
[04:44:37] [243/459] NECF
[04:44:38] [244/459] CCGW
[04:44:38] [245/459] CCMG
[04:44:40] [246/459] NYRG
[04:44:41] [247/459] NCSQ
[04:44:42] [248/459] GRCG
[04:44:43] [249/459] CCBT
[04:44:44] [250/459] ACGA
[04:44:44] [251/459] INAG
[04:44:45] [252/459] FUCG
[04:44:46] [253/459] AICF
[04:44:47] [254/459] GRGA
[04:44:48] [255/459] GDCN
[04:44:49] [256/459] RRCG
[04:44:49] [257/459] SDCH
[04:44:50] [258/459] WVJM
[04:44:51] [259/459] JCCZ
[04:44:52] [260/459] CNCL
[04:44:53] [261/459] TMLV
[04:44:54] [262/459] MEMB
[04:44:55] [263/459] SGTD
[04:44:56] [264/459] CONX
[04:44:57] [265/459] CCMH
[04:44:58] [266/459] ACMC
[04:44:59] [267/459] DTPD
[04:45:00] [268/459] POJA
[04:45:01] [269/459] FNBH
[04:45:02] [270/459] CGCB
[04:45:03] [271/459] RACN
[04:45:03] [272/459] JTSM
[04:45:04] [273/459] SCDN
[04:45:05] [274/459] AACK
[04:45:06] [275/459] RMCE
[04:45:08] [276/459] BSGB
[04:45:09] [277/459] MRCB
[04:45:09] [278/459] SRVR
[04:45:10] [279/459] VTKK
[04:45:11] [280/459] AMST
[04:45:12] [281/459] APCY
[04:45:14] [282/459] LMHO
[04:45:15] [283/459] MTZH
[04:45:15] [284/459] AMZB
[04:45:16] [285/459] SUVT
[04:45:17] [286/459] RCIP
[04:45:18] [287/459] KESR
[04:45:19] [288/459] SNKC
[04:45:20] [289/459] SCED
[04:45:21] [290/459] DVCA
[04:45:23] [291/459] VCDT
[04:45:24] [292/459] RRDI
[04:45:25] [293/459] DFCH
[04:45:26] [294/459] INSC
[04:45:27] [295/459] RGTR
[04:45:27] [296/459] FMOT
[04:45:28] [297/459] SCPM
[04:45:29] [298/459] GCDT
[04:45:30] [299/459] BRKT
[04:45:32] [300/459] DEMP
[04:45:33] [301/459] SRLC
[04:45:34] [302/459] KSTT
[04:45:34] [303/459] SMMT
[04:45:35] [304/459] SILM
[04:45:36] [305/459] JCVM
[04:45:37] [306/459] KCSV
[04:45:37] [307/459] MHLK
[04:45:38] [308/459] SLVL
[04:45:39] [309/459] RJKP
[04:45:40] [310/459] BBPC
[04:45:41] [311/459] MXCB
[04:45:42] [312/459] TCPK
[04:45:42] [313/459] RTBR
[04:45:43] [314/459] GAUT
[04:45:44] [315/459] DVCF
[04:45:45] [316/459] JTSB
[04:45:46] [317/459] SBLS
[04:45:46] [318/459] UDAY
[04:45:47] [319/459] PTNP
[04:45:48] [320/459] DMKT
[04:45:49] [321/459] NTDT
[04:45:50] [322/459] SHDJ
[04:45:50] [323/459] OTNC
[04:45:51] [324/459] RNTW
[04:45:52] [325/459] GCMI
[04:45:53] [326/459] CRCM
[04:45:54] [327/459] NNCZ
[04:45:55] [328/459] OEMO
[04:45:56] [329/459] PVJM
[04:45:57] [330/459] CPJI
[04:45:57] [331/459] RMCJ
[04:45:58] [332/459] CNWJ
[04:45:59] [333/459] EPJM
[04:46:00] [334/459] FNJJ
[04:46:01] [335/459] GCMJ
[04:46:01] [336/459] INPS
[04:46:02] [337/459] BICJ
[04:46:03] [338/459] ISTJ
[04:46:04] [339/459] INJC
[04:46:05] [340/459] GLXJ
[04:46:06] [341/459] INEM
[04:46:07] [342/459] JTMN
[04:46:07] [343/459] FRCJ
[04:46:08] [344/459] DDJP
[04:46:09] [345/459] INJV
[04:46:10] [346/459] GOLC
[04:46:11] [347/459] KOCI
[04:46:12] [348/459] FSTD
[04:46:13] [349/459] PACJ
[04:46:13] [350/459] GMCN
[04:46:14] [351/459] MMDJ
[04:46:15] [352/459] GODH
[04:46:16] [353/459] SKYN
[04:46:17] [354/459] NCTH
[04:46:18] [355/459] SKVZ
[04:46:19] [356/459] SVML
[04:46:19] [357/459] ACVZ
[04:46:20] [358/459] SURA
[04:46:21] [359/459] RTRB
[04:46:21] [360/459] LLCT
[04:46:22] [361/459] ATTS
[04:46:23] [362/459] JYCM
[04:46:24] [363/459] CTKR
[04:46:25] [364/459] LCKR
[04:46:25] [365/459] NYCV
[04:46:26] [366/459] NYOH
[04:46:27] [367/459] NOVX
[04:46:28] [368/459] MRGK
[04:46:30] [369/459] MOON
[04:46:31] [370/459] SBUC
[04:46:33] [371/459] GSVA
[04:46:33] [372/459] VIAK
[04:46:34] [373/459] SMVZ
[04:46:35] [374/459] MATE
[04:46:37] [375/459] RDCN
[04:46:38] [376/459] ASBL
[04:46:39] [377/459] ASVS
[04:46:39] [378/459] ASSR
[04:46:40] [379/459] SSKN
[04:46:41] [380/459] DRPV
[04:46:42] [381/459] MRHT
[04:46:43] [382/459] BSCN
[04:46:43] [383/459] RKNX
[04:46:44] [384/459] MSMC
[04:46:45] [385/459] MSCJ
[04:46:46] [386/459] BTBJ
[04:46:46] [387/459] MJCC
[04:46:47] [388/459] IOMM
[04:46:48] [389/459] ADGR
[04:46:50] [390/459] MYCP
[04:46:50] [391/459] IGCM
[04:46:51] [392/459] PGRK
[04:46:52] [393/459] VPGO
[04:46:53] [394/459] KOMS
[04:46:54] [395/459] URGG
[04:46:55] [396/459] GOST
[04:46:55] [397/459] LACT
[04:46:56] [398/459] BWCM
[04:46:57] [399/459] NCCW
[04:46:58] [400/459] SKYC
[04:46:59] [401/459] CCPM
[04:46:59] [402/459] VCBT
[04:47:00] [403/459] SDKR
[04:47:01] [404/459] CTYB
[04:47:02] [405/459] SHCX
[04:47:03] [406/459] RCUN
[04:47:03] [407/459] CNRA
[04:47:04] [408/459] RFCA
[04:47:06] [409/459] RDCU
[04:47:07] [410/459] SARK
[04:47:07] [411/459] SPPP
[04:47:08] [412/459] ADMB
[04:47:09] [413/459] JYOE
[04:47:10] [414/459] SRMD
[04:47:10] [415/459] RJDH
[04:47:11] [416/459] SSTD
[04:47:12] [417/459] AACV
[04:47:13] [418/459] PPVD
[04:47:14] [419/459] STCP
[04:47:14] [420/459] ANJR
[04:47:15] [421/459] ANLS
[04:47:16] [422/459] BIJO
[04:47:17] [423/459] AVAB
[04:47:18] [424/459] SPMD
[04:47:18] [425/459] SVJL
[04:47:20] [426/459] SDDJ
[04:47:21] [427/459] SLTU
[04:47:22] [428/459] SAKA
[04:47:23] [429/459] PMAM
[04:47:24] [430/459] FNAM
[04:47:25] [431/459] ACAM
[04:47:25] [432/459] SCMM
[04:47:26] [433/459] PMAK
[04:47:27] [434/459] NYSA
[04:47:28] [435/459] FCPA
[04:47:29] [436/459] GDAN
[04:47:29] [437/459] RSCA
[04:47:31] [438/459] DMAN
[04:47:32] [439/459] DZCM
[04:47:33] [440/459] NSGL
[04:47:34] [441/459] CCPP
[04:47:35] [442/459] PSMG
[04:47:36] [443/459] GSER
[04:47:38] [444/459] FCCT
[04:47:39] [445/459] FCTB
[04:47:40] [446/459] LCNK
[04:47:40] [447/459] SKTY
[04:47:41] [448/459] INAA
[04:47:43] [449/459] RCWN
[04:47:44] [450/459] VAIS
[04:47:45] [451/459] CVMN
[04:47:45] [452/459] INTS
[04:47:46] [453/459] FRGS
[04:47:47] [454/459] DTCK
[04:47:48] [455/459] MCMH
[04:47:49] [456/459] ECRR
[04:47:49] [457/459] RLLP
[04:47:50] [458/459] CCSN
[04:47:51] [459/459] CCBA
[04:47:52] 🧹 Deduping shows
[04:47:52] ✅ DONE | Shows=1948 | Movies=67
[08:24:12] 🚀 SCRIPT STARTED
[08:24:12] [1/459] MBDC
[08:24:12] 🧠 New identity created
[08:24:13] [2/459] CHKM
[08:24:14] [3/459] JTKZ
[08:24:14] [4/459] CMCT
[08:24:15] [5/459] ASHO
[08:24:16] [6/459] ECDG
[08:24:17] [7/459] SPAT
[08:24:18] [8/459] HILC
[08:24:20] [9/459] SPPH
[08:24:20] [10/459] SBHN
[08:24:21] [11/459] RRCA
[08:24:22] [12/459] APAA
[08:24:24] [13/459] RAME
[08:24:25] [14/459] TMMS
[08:24:26] [15/459] BATK
[08:24:26] [16/459] LKOP
[08:24:27] [17/459] AMTT
[08:24:28] [18/459] PTGK
[08:24:30] [19/459] ANRS
[08:24:30] [20/459] VWBW
[08:24:31] [21/459] SVFG
[08:24:32] [22/459] STAT
[08:24:33] [23/459] GDCV
[08:24:34] [24/459] VEBI
[08:24:35] [25/459] VDSS
[08:24:35] [26/459] NTHV
[08:24:36] [27/459] AOCH
[08:24:37] [28/459] KASR
[08:24:38] [29/459] AYCS
[08:24:39] [30/459] SHAI
[08:24:40] [31/459] SKPE
[08:24:41] [32/459] SBTA
[08:24:42] [33/459] RTTD
[08:24:43] [34/459] CCJD
[08:24:44] [35/459] RSJJ
[08:24:45] [36/459] RKND
[08:24:46] [37/459] SVTX
[08:24:47] [38/459] BAKM
[08:24:48] [39/459] SVDC
[08:24:48] [40/459] MNCV
[08:24:49] [41/459] SJGC
[08:24:50] [42/459] MTPK
[08:24:52] [43/459] GATP
[08:24:53] [44/459] ABTS
[08:24:53] [45/459] ABDE
[08:24:54] [46/459] RCNM
[08:24:55] [47/459] KTHV
[08:24:56] [48/459] MDGJ
[08:24:57] [49/459] SMLM
[08:24:58] [50/459] JTMA
[08:24:59] [51/459] ACKP
[08:25:01] [52/459] SRTA
[08:25:01] [53/459] STAY
[08:25:03] [54/459] MAVO
[08:25:03] [55/459] APTS
[08:25:05] [56/459] OMEA
[08:25:06] [57/459] TTFD
[08:25:07] [58/459] MJCU
[08:25:08] [59/459] CXTE
[08:25:08] [60/459] CTPX
[08:25:09] [61/459] ASSL
[08:25:10] [62/459] CMVB
[08:25:11] [63/459] VPUR
[08:25:12] [64/459] JJDA
[08:25:13] [65/459] INBL
[08:25:14] [66/459] BIKB
[08:25:14] [67/459] NTBB
[08:25:15] [68/459] GLOB
[08:25:16] [69/459] SNTB
[08:25:17] [70/459] CHGV
[08:25:18] [71/459] SSBZ
[08:25:19] [72/459] PRDB
[08:25:20] [73/459] ISMT
[08:25:21] [74/459] MCSD
[08:25:22] [75/459] JBTT
[08:25:23] [76/459] GEKR
[08:25:24] [77/459] PVUN
[08:25:25] [78/459] NRTB
[08:25:26] [79/459] PRAA
[08:25:27] [80/459] PCBL
[08:25:28] [81/459] PTCM
[08:25:29] [82/459] KHNN
[08:25:30] [83/459] OMJE
[08:25:30] [84/459] STGN
[08:25:31] [85/459] RPMS
[08:25:32] [86/459] NWAD
[08:25:33] [87/459] BLCK
[08:25:33] [88/459] SVAA
[08:25:35] [89/459] URVM
[08:25:36] [90/459] ANTM
[08:25:37] [91/459] VJYM
[08:25:38] [92/459] MAZZ
[08:25:39] [93/459] CSHM
[08:25:39] [94/459] WGMH
[08:25:40] [95/459] SALN
[08:25:41] [96/459] BRTP
[08:25:42] [97/459] SVTA
[08:25:43] [98/459] SBTP
[08:25:44] [99/459] VLSS
[08:25:44] [100/459] SRJA
[08:25:46] [101/459] ANCG
[08:25:47] [102/459] CGGC
[08:25:48] [103/459] CRJA
[08:25:49] [104/459] USCR
[08:25:50] [105/459] MMEF
[08:25:50] [106/459] JCRJ
[08:25:51] [107/459] ADCM
[08:25:52] [108/459] BMYK
[08:25:54] [109/459] KICS
[08:25:55] [110/459] MBBT
[08:25:56] [111/459] MACK
[08:25:56] [112/459] CLDR
[08:25:58] [113/459] JYCR
[08:25:59] [114/459] DCRP
[08:26:00] [115/459] RAHT
[08:26:01] [116/459] CSSM
[08:26:02] [117/459] ATPK
[08:26:03] [118/459] KLRT
[08:26:04] [119/459] SRDD
[08:26:06] [120/459] CKMC
[08:26:06] [121/459] KRVM
[08:26:07] [122/459] AKCP
[08:26:08] [123/459] CNCV
[08:26:09] [124/459] PACT
[08:26:11] [125/459] NATP
[08:26:11] [126/459] PCPK
[08:26:12] [127/459] SMHO
[08:26:13] [128/459] CWTK
[08:26:14] [129/459] RVKZ
[08:26:15] [130/459] ASPD
[08:26:16] [131/459] VTKZ
[08:26:17] [132/459] LCSO
[08:26:19] [133/459] PRDY
[08:26:20] [134/459] RCAP
[08:26:21] [135/459] RGAR
[08:26:21] [136/459] RCAC
[08:26:22] [137/459] PMOD
[08:26:23] [138/459] PVCN
[08:26:24] [139/459] SCRZ
[08:26:25] [140/459] PVPC
[08:26:25] [141/459] STID
[08:26:26] [142/459] NEDD
[08:26:27] [143/459] BNBA
[08:26:28] [144/459] NTCD
[08:26:28] [145/459] OCDE
[08:26:29] [146/459] CCDU
[08:26:30] [147/459] CRXH
[08:26:31] [148/459] VLVT
[08:26:32] [149/459] CICI
[08:26:33] [150/459] SUCB
[08:26:33] [151/459] TCBP
[08:26:34] [152/459] SCCY
[08:26:35] [153/459] LXCY
[08:26:36] [154/459] NCMD
[08:26:36] [155/459] PHCS
[08:26:37] [156/459] DUXR
[08:26:38] [157/459] VNKS
[08:26:39] [158/459] SEDP
[08:26:40] [159/459] SVEN
[08:26:40] [160/459] SRKM
[08:26:41] [161/459] JTLT
[08:26:42] [162/459] SVSS
[08:26:43] [163/459] AMDE
[08:26:44] [164/459] WVRN
[08:26:45] [165/459] ISMG
[08:26:45] [166/459] WVKS
[08:26:46] [167/459] USCG
[08:26:47] [168/459] IOTG
[08:26:48] [169/459] RRJM
[08:26:48] [170/459] EDMP
[08:26:49] [171/459] SCGZ
[08:26:50] [172/459] GMGX
[08:26:51] [173/459] OMTP
[08:26:52] [174/459] MITD
[08:26:53] [175/459] SMMD
[08:26:53] [176/459] STML
[08:26:54] [177/459] MCFS
[08:26:55] [178/459] FPKA
[08:26:56] [179/459] OMLR
[08:26:57] [180/459] KKSC
[08:26:58] [181/459] RVMA
[08:26:58] [182/459] SCLL
[08:26:59] [183/459] SCDK
[08:27:00] [184/459] SXMI
[08:27:01] [185/459] SHDN
[08:27:01] [186/459] PAAD
[08:27:02] [187/459] UUCB
[08:27:03] [188/459] JHOL
[08:27:04] [189/459] SGWT
[08:27:05] [190/459] SRII
[08:27:05] [191/459] SGCK
[08:27:06] [192/459] SVVB
[08:27:07] [193/459] DMHA
[08:27:08] [194/459] PPNL
[08:27:08] [195/459] CPNL
[08:27:09] [196/459] WVLD
[08:27:10] [197/459] PSLV
[08:27:11] [198/459] VTTL
[08:27:12] [199/459] NPAD
[08:27:12] [200/459] PVCS
[08:27:13] [201/459] MCHL
[08:27:14] [202/459] PPLL
[08:27:15] [203/459] MALO
[08:27:15] [204/459] SWBH
[08:27:16] [205/459] PUGB
[08:27:17] [206/459] INBB
[08:27:18] [207/459] INNS
[08:27:19] [208/459] MCPT
[08:27:20] [209/459] SCMI
[08:27:21] [210/459] OCON
[08:27:22] [211/459] SCSM
[08:27:23] [212/459] RJVN
[08:27:24] [213/459] AMDK
[08:27:25] [214/459] ISMR
[08:27:25] [215/459] SMTD
[08:27:26] [216/459] VTDD
[08:27:27] [217/459] PDDZ
[08:27:28] [218/459] PCCK
[08:27:28] [219/459] INAM
[08:27:29] [220/459] FNKT
[08:27:30] [221/459] GDKA
[08:27:31] [222/459] MAYU
[08:27:32] [223/459] TCGU
[08:27:32] [224/459] KDCA
[08:27:33] [225/459] DOMY
[08:27:34] [226/459] PDDD
[08:27:35] [227/459] BJTS
[08:27:35] [228/459] VTCA
[08:27:36] [229/459] SBTM
[08:27:37] [230/459] SEET
[08:27:38] [231/459] SSTJ
[08:27:39] [232/459] SVNT
[08:27:40] [233/459] PPPR
[08:27:41] [234/459] PVYS
[08:27:42] [235/459] IOSE
[08:27:43] [236/459] ACTV
[08:27:44] [237/459] APVE
[08:27:45] [238/459] TCCL
[08:27:45] [239/459] SCMO
[08:27:46] [240/459] SAUM
[08:27:47] [241/459] KCJS
[08:27:48] [242/459] NJCJ
[08:27:49] [243/459] NECF
[08:27:50] [244/459] CCGW
[08:27:50] [245/459] CCMG
[08:27:51] [246/459] NYRG
[08:27:52] [247/459] NCSQ
[08:27:53] [248/459] GRCG
[08:27:54] [249/459] CCBT
[08:27:55] [250/459] ACGA
[08:27:56] [251/459] INAG
[08:27:57] [252/459] FUCG
[08:27:58] [253/459] AICF
[08:27:59] [254/459] GRGA
[08:27:59] [255/459] GDCN
[08:28:01] [256/459] RRCG
[08:28:02] [257/459] SDCH
[08:28:04] [258/459] WVJM
[08:28:05] [259/459] JCCZ
[08:28:05] [260/459] CNCL
[08:28:06] [261/459] TMLV
[08:28:07] [262/459] MEMB
[08:28:09] [263/459] SGTD
[08:28:10] [264/459] CONX
[08:28:11] [265/459] CCMH
[08:28:11] [266/459] ACMC
[08:28:12] [267/459] DTPD
[08:28:13] [268/459] POJA
[08:28:14] [269/459] FNBH
[08:28:15] [270/459] CGCB
[08:28:16] [271/459] RACN
[08:28:17] [272/459] JTSM
[08:28:17] [273/459] SCDN
[08:28:18] [274/459] AACK
[08:28:19] [275/459] RMCE
[08:28:20] [276/459] BSGB
[08:28:21] [277/459] MRCB
[08:28:22] [278/459] SRVR
[08:28:22] [279/459] VTKK
[08:28:23] [280/459] AMST
[08:28:24] [281/459] APCY
[08:28:25] [282/459] LMHO
[08:28:26] [283/459] MTZH
[08:28:27] [284/459] AMZB
[08:28:28] [285/459] SUVT
[08:28:28] [286/459] RCIP
[08:28:29] [287/459] KESR
[08:28:30] [288/459] SNKC
[08:28:31] [289/459] SCED
[08:28:32] [290/459] DVCA
[08:28:32] [291/459] VCDT
[08:28:33] [292/459] RRDI
[08:28:35] [293/459] DFCH
[08:28:36] [294/459] INSC
[08:28:37] [295/459] RGTR
[08:28:38] [296/459] FMOT
[08:28:39] [297/459] SCPM
[08:28:39] [298/459] GCDT
[08:28:40] [299/459] BRKT
[08:28:41] [300/459] DEMP
[08:28:42] [301/459] SRLC
[08:28:43] [302/459] KSTT
[08:28:44] [303/459] SMMT
[08:28:45] [304/459] SILM
[08:28:46] [305/459] JCVM
[08:28:47] [306/459] KCSV
[08:28:48] [307/459] MHLK
[08:28:49] [308/459] SLVL
[08:28:50] [309/459] RJKP
[08:28:50] [310/459] BBPC
[08:28:51] [311/459] MXCB
[08:28:52] [312/459] TCPK
[08:28:54] [313/459] RTBR
[08:28:55] [314/459] GAUT
[08:28:56] [315/459] DVCF
[08:28:57] [316/459] JTSB
[08:28:58] [317/459] SBLS
[08:28:59] [318/459] UDAY
[08:29:00] [319/459] PTNP
[08:29:01] [320/459] DMKT
[08:29:02] [321/459] NTDT
[08:29:03] [322/459] SHDJ
[08:29:03] [323/459] OTNC
[08:29:04] [324/459] RNTW
[08:29:05] [325/459] GCMI
[08:29:06] [326/459] CRCM
[08:29:07] [327/459] NNCZ
[08:29:08] [328/459] OEMO
[08:29:08] [329/459] PVJM
[08:29:09] [330/459] CPJI
[08:29:10] [331/459] RMCJ
[08:29:11] [332/459] CNWJ
[08:29:12] [333/459] EPJM
[08:29:14] [334/459] FNJJ
[08:29:15] [335/459] GCMJ
[08:29:15] [336/459] INPS
[08:29:16] [337/459] BICJ
[08:29:17] [338/459] ISTJ
[08:29:18] [339/459] INJC
[08:29:20] [340/459] GLXJ
[08:29:22] [341/459] INEM
[08:29:22] [342/459] JTMN
[08:29:23] [343/459] FRCJ
[08:29:24] [344/459] DDJP
[08:29:25] [345/459] INJV
[08:29:26] [346/459] GOLC
[08:29:27] [347/459] KOCI
[08:29:28] [348/459] FSTD
[08:29:29] [349/459] PACJ
[08:29:29] [350/459] GMCN
[08:29:30] [351/459] MMDJ
[08:29:31] [352/459] GODH
[08:29:32] [353/459] SKYN
[08:29:33] [354/459] NCTH
[08:29:34] [355/459] SKVZ
[08:29:35] [356/459] SVML
[08:29:35] [357/459] ACVZ
[08:29:36] [358/459] SURA
[08:29:37] [359/459] RTRB
[08:29:38] [360/459] LLCT
[08:29:38] [361/459] ATTS
[08:29:39] [362/459] JYCM
[08:29:40] [363/459] CTKR
[08:29:41] [364/459] LCKR
[08:29:42] [365/459] NYCV
[08:29:43] [366/459] NYOH
[08:29:44] [367/459] NOVX
[08:29:44] [368/459] MRGK
[08:29:45] [369/459] MOON
[08:29:46] [370/459] SBUC
[08:29:47] [371/459] GSVA
[08:29:47] [372/459] VIAK
[08:29:49] [373/459] SMVZ
[08:29:50] [374/459] MATE
[08:29:51] [375/459] RDCN
[08:29:51] [376/459] ASBL
[08:29:52] [377/459] ASVS
[08:29:53] [378/459] ASSR
[08:29:54] [379/459] SSKN
[08:29:55] [380/459] DRPV
[08:29:56] [381/459] MRHT
[08:29:56] [382/459] BSCN
[08:29:57] [383/459] RKNX
[08:29:58] [384/459] MSMC
[08:29:59] [385/459] MSCJ
[08:30:00] [386/459] BTBJ
[08:30:01] [387/459] MJCC
[08:30:02] [388/459] IOMM
[08:30:04] [389/459] ADGR
[08:30:04] [390/459] MYCP
[08:30:05] [391/459] IGCM
[08:30:06] [392/459] PGRK
[08:30:07] [393/459] VPGO
[08:30:08] [394/459] KOMS
[08:30:09] [395/459] URGG
[08:30:11] [396/459] GOST
[08:30:11] [397/459] LACT
[08:30:13] [398/459] BWCM
[08:30:14] [399/459] NCCW
[08:30:14] [400/459] SKYC
[08:30:15] [401/459] CCPM
[08:30:16] [402/459] VCBT
[08:30:17] [403/459] SDKR
[08:30:18] [404/459] CTYB
[08:30:19] [405/459] SHCX
[08:30:20] [406/459] RCUN
[08:30:21] [407/459] CNRA
[08:30:22] [408/459] RFCA
[08:30:22] [409/459] RDCU
[08:30:23] [410/459] SARK
[08:30:24] [411/459] SPPP
[08:30:25] [412/459] ADMB
[08:30:26] [413/459] JYOE
[08:30:27] [414/459] SRMD
[08:30:27] [415/459] RJDH
[08:30:28] [416/459] SSTD
[08:30:29] [417/459] AACV
[08:30:30] [418/459] PPVD
[08:30:31] [419/459] STCP
[08:30:32] [420/459] ANJR
[08:30:34] [421/459] ANLS
[08:30:35] [422/459] BIJO
[08:30:35] [423/459] AVAB
[08:30:36] [424/459] SPMD
[08:30:37] [425/459] SVJL
[08:30:39] [426/459] SDDJ
[08:30:40] [427/459] SLTU
[08:30:41] [428/459] SAKA
[08:30:42] [429/459] PMAM
[08:30:43] [430/459] FNAM
[08:30:44] [431/459] ACAM
[08:30:45] [432/459] SCMM
[08:30:46] [433/459] PMAK
[08:30:47] [434/459] NYSA
[08:30:48] [435/459] FCPA
[08:30:49] [436/459] GDAN
[08:30:51] [437/459] RSCA
[08:30:52] [438/459] DMAN
[08:30:54] [439/459] DZCM
[08:30:55] [440/459] NSGL
[08:30:55] [441/459] CCPP
[08:30:56] [442/459] PSMG
[08:30:57] [443/459] GSER
[08:30:58] [444/459] FCCT
[08:30:59] [445/459] FCTB
[08:31:00] [446/459] LCNK
[08:31:00] [447/459] SKTY
[08:31:01] [448/459] INAA
[08:31:02] [449/459] RCWN
[08:31:04] [450/459] VAIS
[08:31:05] [451/459] CVMN
[08:31:05] [452/459] INTS
[08:31:06] [453/459] FRGS
[08:31:07] [454/459] DTCK
[08:31:08] [455/459] MCMH
[08:31:09] [456/459] ECRR
[08:31:10] [457/459] RLLP
[08:31:10] [458/459] CCSN
[08:31:11] [459/459] CCBA
[08:31:13] 🧹 Deduping shows
[08:31:13] ✅ DONE | Shows=1952 | Movies=67
[09:27:05] 🚀 SCRIPT STARTED
[09:27:05] [1/459] MBDC
[09:27:05] 🧠 New identity created
[09:27:06] [2/459] CHKM
[09:27:07] [3/459] JTKZ
[09:27:08] [4/459] CMCT
[09:27:09] [5/459] ASHO
[09:27:09] [6/459] ECDG
[09:27:10] [7/459] SPAT
[09:27:11] [8/459] HILC
[09:27:12] [9/459] SPPH
[09:27:13] [10/459] SBHN
[09:27:14] [11/459] RRCA
[09:27:14] [12/459] APAA
[09:27:15] [13/459] RAME
[09:27:16] [14/459] TMMS
[09:27:17] [15/459] BATK
[09:27:18] [16/459] LKOP
[09:27:19] [17/459] AMTT
[09:27:19] [18/459] PTGK
[09:27:20] [19/459] ANRS
[09:27:21] [20/459] VWBW
[09:27:22] [21/459] SVFG
[09:27:23] [22/459] STAT
[09:27:23] [23/459] GDCV
[09:27:24] [24/459] VEBI
[09:27:25] [25/459] VDSS
[09:27:26] [26/459] NTHV
[09:27:27] [27/459] AOCH
[09:27:28] [28/459] KASR
[09:27:29] [29/459] AYCS
[09:27:30] [30/459] SHAI
[09:27:31] [31/459] SKPE
[09:27:32] [32/459] SBTA
[09:27:34] [33/459] RTTD
[09:27:34] [34/459] CCJD
[09:27:35] [35/459] RSJJ
[09:27:36] [36/459] RKND
[09:27:37] [37/459] SVTX
[09:27:37] [38/459] BAKM
[09:27:38] [39/459] SVDC
[09:27:39] [40/459] MNCV
[09:27:40] [41/459] SJGC
[09:27:41] [42/459] MTPK
[09:27:42] [43/459] GATP
[09:27:43] [44/459] ABTS
[09:27:43] [45/459] ABDE
[09:27:44] [46/459] RCNM
[09:27:45] [47/459] KTHV
[09:27:46] [48/459] MDGJ
[09:27:47] [49/459] SMLM
[09:27:48] [50/459] JTMA
[09:27:49] [51/459] ACKP
[09:27:50] [52/459] SRTA
[09:27:50] [53/459] STAY
[09:27:51] [54/459] MAVO
[09:27:52] [55/459] APTS
[09:27:53] [56/459] OMEA
[09:27:55] [57/459] TTFD
[09:27:55] [58/459] MJCU
[09:27:56] [59/459] CXTE
[09:27:57] [60/459] CTPX
[09:27:58] [61/459] ASSL
[09:28:00] [62/459] CMVB
[09:28:01] [63/459] VPUR
[09:28:02] [64/459] JJDA
[09:28:02] [65/459] INBL
[09:28:03] [66/459] BIKB
[09:28:04] [67/459] NTBB
[09:28:05] [68/459] GLOB
[09:28:06] [69/459] SNTB
[09:28:06] [70/459] CHGV
[09:28:07] [71/459] SSBZ
[09:28:08] [72/459] PRDB
[09:28:09] [73/459] ISMT
[09:28:10] [74/459] MCSD
[09:28:11] [75/459] JBTT
[09:28:12] [76/459] GEKR
[09:28:13] [77/459] PVUN
[09:28:13] [78/459] NRTB
[09:28:14] [79/459] PRAA
[09:28:15] [80/459] PCBL
[09:28:16] [81/459] PTCM
[09:28:17] [82/459] KHNN
[09:28:17] [83/459] OMJE
[09:28:18] [84/459] STGN
[09:28:19] [85/459] RPMS
[09:28:20] [86/459] NWAD
[09:28:21] [87/459] BLCK
[09:28:22] [88/459] SVAA
[09:28:23] [89/459] URVM
[09:28:24] [90/459] ANTM
[09:28:26] [91/459] VJYM
[09:28:27] [92/459] MAZZ
[09:28:28] [93/459] CSHM
[09:28:28] [94/459] WGMH
[09:28:29] [95/459] SALN
[09:28:30] [96/459] BRTP
[09:28:31] [97/459] SVTA
[09:28:32] [98/459] SBTP
[09:28:33] [99/459] VLSS
[09:28:34] [100/459] SRJA
[09:28:34] [101/459] ANCG
[09:28:35] [102/459] CGGC
[09:28:36] [103/459] CRJA
[09:28:38] [104/459] USCR
[09:28:39] [105/459] MMEF
[09:28:40] [106/459] JCRJ
[09:28:40] [107/459] ADCM
[09:28:41] [108/459] BMYK
[09:28:42] [109/459] KICS
[09:28:43] [110/459] MBBT
[09:28:43] [111/459] MACK
[09:28:44] [112/459] CLDR
[09:28:45] [113/459] JYCR
[09:28:46] [114/459] DCRP
[09:28:46] [115/459] RAHT
[09:28:47] [116/459] CSSM
[09:28:48] [117/459] ATPK
[09:28:49] [118/459] KLRT
[09:28:50] [119/459] SRDD
[09:28:51] [120/459] CKMC
[09:28:52] [121/459] KRVM
[09:28:52] [122/459] AKCP
[09:28:53] [123/459] CNCV
[09:28:55] [124/459] PACT
[09:28:55] [125/459] NATP
[09:28:56] [126/459] PCPK
[09:28:57] [127/459] SMHO
[09:28:58] [128/459] CWTK
[09:28:59] [129/459] RVKZ
[09:29:00] [130/459] ASPD
[09:29:01] [131/459] VTKZ
[09:29:02] [132/459] LCSO
[09:29:02] [133/459] PRDY
[09:29:03] [134/459] RCAP
[09:29:04] [135/459] RGAR
[09:29:05] [136/459] RCAC
[09:29:06] [137/459] PMOD
[09:29:07] [138/459] PVCN
[09:29:07] [139/459] SCRZ
[09:29:08] [140/459] PVPC
[09:29:09] [141/459] STID
[09:29:10] [142/459] NEDD
[09:29:11] [143/459] BNBA
[09:29:12] [144/459] NTCD
[09:29:13] [145/459] OCDE
[09:29:13] [146/459] CCDU
[09:29:15] [147/459] CRXH
[09:29:16] [148/459] VLVT
[09:29:17] [149/459] CICI
[09:29:18] [150/459] SUCB
[09:29:19] [151/459] TCBP
[09:29:20] [152/459] SCCY
[09:29:21] [153/459] LXCY
[09:29:23] [154/459] NCMD
[09:29:23] [155/459] PHCS
[09:29:24] [156/459] DUXR
[09:29:25] [157/459] VNKS
[09:29:26] [158/459] SEDP
[09:29:27] [159/459] SVEN
[09:29:27] [160/459] SRKM
[09:29:28] [161/459] JTLT
[09:29:29] [162/459] SVSS
[09:29:30] [163/459] AMDE
[09:29:31] [164/459] WVRN
[09:29:33] [165/459] ISMG
[09:29:33] [166/459] WVKS
[09:29:34] [167/459] USCG
[09:29:35] [168/459] IOTG
[09:29:37] [169/459] RRJM
[09:29:38] [170/459] EDMP
[09:29:39] [171/459] SCGZ
[09:29:39] [172/459] GMGX
[09:29:41] [173/459] OMTP
[09:29:41] [174/459] MITD
[09:29:42] [175/459] SMMD
[09:29:43] [176/459] STML
[09:29:43] [177/459] MCFS
[09:29:44] [178/459] FPKA
[09:29:45] [179/459] OMLR
[09:29:46] [180/459] KKSC
[09:29:47] [181/459] RVMA
[09:29:48] [182/459] SCLL
[09:29:49] [183/459] SCDK
[09:29:50] [184/459] SXMI
[09:29:51] [185/459] SHDN
[09:29:51] [186/459] PAAD
[09:29:52] [187/459] UUCB
[09:29:53] [188/459] JHOL
[09:29:55] [189/459] SGWT
[09:29:56] [190/459] SRII
[09:29:57] [191/459] SGCK
[09:29:57] [192/459] SVVB
[09:29:58] [193/459] DMHA
[09:29:59] [194/459] PPNL
[09:30:00] [195/459] CPNL
[09:30:01] [196/459] WVLD
[09:30:02] [197/459] PSLV
[09:30:02] [198/459] VTTL
[09:30:03] [199/459] NPAD
[09:30:04] [200/459] PVCS
[09:30:05] [201/459] MCHL
[09:30:06] [202/459] PPLL
[09:30:07] [203/459] MALO
[09:30:07] [204/459] SWBH
[09:30:08] [205/459] PUGB
[09:30:09] [206/459] INBB
[09:30:10] [207/459] INNS
[09:30:10] [208/459] MCPT
[09:30:11] [209/459] SCMI
[09:30:12] [210/459] OCON
[09:30:13] [211/459] SCSM
[09:30:14] [212/459] RJVN
[09:30:14] [213/459] AMDK
[09:30:15] [214/459] ISMR
[09:30:16] [215/459] SMTD
[09:30:17] [216/459] VTDD
[09:30:18] [217/459] PDDZ
[09:30:18] [218/459] PCCK
[09:30:19] [219/459] INAM
[09:30:20] [220/459] FNKT
[09:30:21] [221/459] GDKA
[09:30:22] [222/459] MAYU
[09:30:23] [223/459] TCGU
[09:30:24] [224/459] KDCA
[09:30:25] [225/459] DOMY
[09:30:26] [226/459] PDDD
[09:30:26] [227/459] BJTS
[09:30:28] [228/459] VTCA
[09:30:29] [229/459] SBTM
[09:30:29] [230/459] SEET
[09:30:30] [231/459] SSTJ
[09:30:31] [232/459] SVNT
[09:30:32] [233/459] PPPR
[09:30:33] [234/459] PVYS
[09:30:34] [235/459] IOSE
[09:30:35] [236/459] ACTV
[09:30:36] [237/459] APVE
[09:30:37] [238/459] TCCL
[09:30:38] [239/459] SCMO
[09:30:39] [240/459] SAUM
[09:30:40] [241/459] KCJS
[09:30:40] [242/459] NJCJ
[09:30:41] [243/459] NECF
[09:30:42] [244/459] CCGW
[09:30:43] [245/459] CCMG
[09:30:44] [246/459] NYRG
[09:30:44] [247/459] NCSQ
[09:30:45] [248/459] GRCG
[09:30:46] [249/459] CCBT
[09:30:47] [250/459] ACGA
[09:30:48] [251/459] INAG
[09:30:49] [252/459] FUCG
[09:30:50] [253/459] AICF
[09:30:50] [254/459] GRGA
[09:30:52] [255/459] GDCN
[09:30:52] [256/459] RRCG
[09:30:53] [257/459] SDCH
[09:30:54] [258/459] WVJM
[09:30:56] [259/459] JCCZ
[09:30:57] [260/459] CNCL
[09:30:58] [261/459] TMLV
[09:30:59] [262/459] MEMB
[09:31:01] [263/459] SGTD
[09:31:01] [264/459] CONX
[09:31:02] [265/459] CCMH
[09:31:03] [266/459] ACMC
[09:31:04] [267/459] DTPD
[09:31:05] [268/459] POJA
[09:31:05] [269/459] FNBH
[09:31:07] [270/459] CGCB
[09:31:08] [271/459] RACN
[09:31:08] [272/459] JTSM
[09:31:09] [273/459] SCDN
[09:31:10] [274/459] AACK
[09:31:11] [275/459] RMCE
[09:31:12] [276/459] BSGB
[09:31:13] [277/459] MRCB
[09:31:14] [278/459] SRVR
[09:31:14] [279/459] VTKK
[09:31:15] [280/459] AMST
[09:31:16] [281/459] APCY
[09:31:17] [282/459] LMHO
[09:31:18] [283/459] MTZH
[09:31:18] [284/459] AMZB
[09:31:19] [285/459] SUVT
[09:31:20] [286/459] RCIP
[09:31:22] [287/459] KESR
[09:31:24] [288/459] SNKC
[09:31:25] [289/459] SCED
[09:31:26] [290/459] DVCA
[09:31:27] [291/459] VCDT
[09:31:28] [292/459] RRDI
[09:31:29] [293/459] DFCH
[09:31:30] [294/459] INSC
[09:31:31] [295/459] RGTR
[09:31:32] [296/459] FMOT
[09:31:33] [297/459] SCPM
[09:31:34] [298/459] GCDT
[09:31:34] [299/459] BRKT
[09:31:35] [300/459] DEMP
[09:31:36] [301/459] SRLC
[09:31:37] [302/459] KSTT
[09:31:38] [303/459] SMMT
[09:31:39] [304/459] SILM
[09:31:39] [305/459] JCVM
[09:31:40] [306/459] KCSV
[09:31:42] [307/459] MHLK
[09:31:43] [308/459] SLVL
[09:31:43] [309/459] RJKP
[09:31:44] [310/459] BBPC
[09:31:45] [311/459] MXCB
[09:31:46] [312/459] TCPK
[09:31:47] [313/459] RTBR
[09:31:47] [314/459] GAUT
[09:31:48] [315/459] DVCF
[09:31:49] [316/459] JTSB
[09:31:51] [317/459] SBLS
[09:31:52] [318/459] UDAY
[09:31:53] [319/459] PTNP
[09:31:53] [320/459] DMKT
[09:31:54] [321/459] NTDT
[09:31:55] [322/459] SHDJ
[09:31:56] [323/459] OTNC
[09:31:58] [324/459] RNTW
[09:32:00] [325/459] GCMI
[09:32:00] [326/459] CRCM
[09:32:01] [327/459] NNCZ
[09:32:02] [328/459] OEMO
[09:32:03] [329/459] PVJM
[09:32:03] [330/459] CPJI
[09:32:04] [331/459] RMCJ
[09:32:05] [332/459] CNWJ
[09:32:06] [333/459] EPJM
[09:32:07] [334/459] FNJJ
[09:32:07] [335/459] GCMJ
[09:32:09] [336/459] INPS
[09:32:10] [337/459] BICJ
[09:32:11] [338/459] ISTJ
[09:32:11] [339/459] INJC
[09:32:12] [340/459] GLXJ
[09:32:13] [341/459] INEM
[09:32:14] [342/459] JTMN
[09:32:15] [343/459] FRCJ
[09:32:16] [344/459] DDJP
[09:32:17] [345/459] INJV
[09:32:17] [346/459] GOLC
[09:32:18] [347/459] KOCI
[09:32:19] [348/459] FSTD
[09:32:19] [349/459] PACJ
[09:32:20] [350/459] GMCN
[09:32:21] [351/459] MMDJ
[09:32:22] [352/459] GODH
[09:32:23] [353/459] SKYN
[09:32:24] [354/459] NCTH
[09:32:25] [355/459] SKVZ
[09:32:25] [356/459] SVML
[09:32:26] [357/459] ACVZ
[09:32:27] [358/459] SURA
[09:32:28] [359/459] RTRB
[09:32:29] [360/459] LLCT
[09:32:29] [361/459] ATTS
[09:32:30] [362/459] JYCM
[09:32:31] [363/459] CTKR
[09:32:32] [364/459] LCKR
[09:32:33] [365/459] NYCV
[09:32:34] [366/459] NYOH
[09:32:35] [367/459] NOVX
[09:32:35] [368/459] MRGK
[09:32:36] [369/459] MOON
[09:32:37] [370/459] SBUC
[09:32:38] [371/459] GSVA
[09:32:39] [372/459] VIAK
[09:32:40] [373/459] SMVZ
[09:32:41] [374/459] MATE
[09:32:43] [375/459] RDCN
[09:32:44] [376/459] ASBL
[09:32:45] [377/459] ASVS
[09:32:46] [378/459] ASSR
[09:32:46] [379/459] SSKN
[09:32:47] [380/459] DRPV
[09:32:48] [381/459] MRHT
[09:32:49] [382/459] BSCN
[09:32:49] [383/459] RKNX
[09:32:50] [384/459] MSMC
[09:32:51] [385/459] MSCJ
[09:32:52] [386/459] BTBJ
[09:32:53] [387/459] MJCC
[09:32:54] [388/459] IOMM
[09:32:55] [389/459] ADGR
[09:32:55] [390/459] MYCP
[09:32:56] [391/459] IGCM
[09:32:57] [392/459] PGRK
[09:32:58] [393/459] VPGO
[09:32:59] [394/459] KOMS
[09:33:00] [395/459] URGG
[09:33:00] [396/459] GOST
[09:33:01] [397/459] LACT
[09:33:03] [398/459] BWCM
[09:33:03] [399/459] NCCW
[09:33:04] [400/459] SKYC
[09:33:05] [401/459] CCPM
[09:33:06] [402/459] VCBT
[09:33:06] [403/459] SDKR
[09:33:07] [404/459] CTYB
[09:33:08] [405/459] SHCX
[09:33:09] [406/459] RCUN
[09:33:09] [407/459] CNRA
[09:33:10] [408/459] RFCA
[09:33:11] [409/459] RDCU
[09:33:12] [410/459] SARK
[09:33:13] [411/459] SPPP
[09:33:14] [412/459] ADMB
[09:33:14] [413/459] JYOE
[09:33:15] [414/459] SRMD
[09:33:16] [415/459] RJDH
[09:33:17] [416/459] SSTD
[09:33:18] [417/459] AACV
[09:33:19] [418/459] PPVD
[09:33:19] [419/459] STCP
[09:33:20] [420/459] ANJR
[09:33:21] [421/459] ANLS
[09:33:22] [422/459] BIJO
[09:33:23] [423/459] AVAB
[09:33:23] [424/459] SPMD
[09:33:24] [425/459] SVJL
[09:33:25] [426/459] SDDJ
[09:33:26] [427/459] SLTU
[09:33:27] [428/459] SAKA
[09:33:28] [429/459] PMAM
[09:33:29] [430/459] FNAM
[09:33:30] [431/459] ACAM
[09:33:30] [432/459] SCMM
[09:33:31] [433/459] PMAK
[09:33:33] [434/459] NYSA
[09:33:34] [435/459] FCPA
[09:33:34] [436/459] GDAN
[09:33:35] [437/459] RSCA
[09:33:36] [438/459] DMAN
[09:33:37] [439/459] DZCM
[09:33:38] [440/459] NSGL
[09:33:38] [441/459] CCPP
[09:33:39] [442/459] PSMG
[09:33:40] [443/459] GSER
[09:33:41] [444/459] FCCT
[09:33:42] [445/459] FCTB
[09:33:43] [446/459] LCNK
[09:33:43] [447/459] SKTY
[09:33:44] [448/459] INAA
[09:33:45] [449/459] RCWN
[09:33:46] [450/459] VAIS
[09:33:47] [451/459] CVMN
[09:33:48] [452/459] INTS
[09:33:48] [453/459] FRGS
[09:33:49] [454/459] DTCK
[09:33:50] [455/459] MCMH
[09:33:51] [456/459] ECRR
[09:33:51] [457/459] RLLP
[09:33:52] [458/459] CCSN
[09:33:53] [459/459] CCBA
[09:33:54] 🧹 Deduping shows
[09:33:54] ✅ DONE | Shows=1964 | Movies=67
