[02:39:29] 🚀 SCRIPT STARTED
[02:39:29] [1/459] FNDB
[02:39:29] 🧠 New identity created
[02:39:30] [2/459] AMBH
[02:39:31] [3/459] PRHN
[02:39:32] [4/459] ACPM
[02:39:33] [5/459] PVFS
[02:39:34] [6/459] AACN
[02:39:35] [7/459] ACAS
[02:39:36] [8/459] CTNR
[02:39:37] [9/459] MMAH
[02:39:37] [10/459] CPMH
[02:39:38] [11/459] IGMH
[02:39:39] [12/459] ABCS
[02:39:40] [13/459] CMMA
[02:39:41] [14/459] GPRH
[02:39:42] [15/459] PNNG
[02:39:43] [16/459] AMCA
[02:39:44] [17/459] ISTN
[02:39:44] [18/459] PIIC
[02:39:45] [19/459] AHMH
[02:39:46] [20/459] ASHN
[02:39:47] [21/459] INHY
[02:39:48] [22/459] SRMO
[02:39:50] [23/459] PIMH
[02:39:51] [24/459] PVTS
[02:39:52] [25/459] MMCA
[02:39:53] [26/459] AKYJ
[02:39:54] [27/459] BRKH
[02:39:55] [28/459] MAHM
[02:39:56] [29/459] CPHY
[02:39:56] [30/459] PVTP
[02:39:57] [31/459] SMMR
[02:39:58] [32/459] PVHM
[02:39:59] [33/459] SNDY
[02:40:00] [34/459] GOKU
[02:40:01] [35/459] ACEV
[02:40:02] [36/459] PVUM
[02:40:04] [37/459] VSWA
[02:40:05] [38/459] IPRS
[02:40:05] [39/459] ASGN
[02:40:07] [40/459] BKMV
[02:40:09] [41/459] PVYH
[02:40:09] [42/459] INKM
[02:40:10] [43/459] ARJU
[02:40:11] [44/459] JJPP
[02:40:12] [45/459] SSRM
[02:40:13] [46/459] HMHD
[02:40:14] [47/459] SNKH
[02:40:15] [48/459] ACHI
[02:40:16] [49/459] MRAA
[02:40:17] [50/459] INMH
[02:40:18] [51/459] ARMH
[02:40:18] [52/459] DVRR
[02:40:19] [53/459] SUDA
[02:40:20] [54/459] MCSS
[02:40:21] [55/459] VRKC
[02:40:22] [56/459] PRCX
[02:40:23] [57/459] ASJY
[02:40:24] [58/459] MTHY
[02:40:25] [59/459] SRCM
[02:40:25] [60/459] TVHY
[02:40:26] [61/459] STHD
[02:40:28] [62/459] CPCL
[02:40:29] [63/459] PSMJ
[02:40:29] [64/459] MRGT
[02:40:30] [65/459] ARYH
[02:40:31] [66/459] VTRB
[02:40:33] [67/459] SCHC
[02:40:34] [68/459] MRRG
[02:40:35] [69/459] SPCB
[02:40:36] [70/459] AMCM
[02:40:37] [71/459] IVNM
[02:40:38] [72/459] TRHY
[02:40:39] [73/459] PTTH
[02:40:40] [74/459] RKMH
[02:40:41] [75/459] PRCS
[02:40:42] [76/459] VAJA
[02:40:43] [77/459] BJNG
[02:40:44] [78/459] SCVM
[02:40:45] [79/459] GNHB
[02:40:46] [80/459] TLUR
[02:40:47] [81/459] UKCC
[02:40:47] [82/459] SRKR
[02:40:48] [83/459] RMKN
[02:40:49] [84/459] SLRT
[02:40:50] [85/459] LKMT
[02:40:51] [86/459] SSRJ
[02:40:52] [87/459] SPHT
[02:40:53] [88/459] ANTT
[02:40:53] [89/459] SRCH
[02:40:54] [90/459] SRCA
[02:40:55] [91/459] ARTH
[02:40:56] [92/459] MCBH
[02:40:57] [93/459] SNIB
[02:40:58] [94/459] SART
[02:40:58] [95/459] SKTA
[02:40:59] [96/459] YAKT
[02:41:00] [97/459] MLCK
[02:41:01] [98/459] ANTS
[02:41:02] [99/459] DGCA
[02:41:03] [100/459] SGMP
[02:41:04] [101/459] ASWN
[02:41:05] [102/459] KFVU
[02:41:06] [103/459] POOR
[02:41:06] [104/459] GKDN
[02:41:07] [105/459] EOSE
[02:41:08] [106/459] GTTT
[02:41:09] [107/459] ARRO
[02:41:10] [108/459] CMMK
[02:41:11] [109/459] MSCN
[02:41:11] [110/459] GDKH
[02:41:12] [111/459] DLMT
[02:41:13] [112/459] PVMF
[02:41:14] [113/459] CPCK
[02:41:15] [114/459] VMHE
[02:41:16] [115/459] PVLC
[02:41:17] [116/459] PCVB
[02:41:18] [117/459] SNYK
[02:41:20] [118/459] KTEK
[02:41:20] [119/459] PCNM
[02:41:21] [120/459] NTTR
[02:41:23] [121/459] CPSK
[02:41:24] [122/459] JMMA
[02:41:25] [123/459] GCFK
[02:41:26] [124/459] MYCA
[02:41:27] [125/459] KSNP
[02:41:27] [126/459] PMCE
[02:41:28] [127/459] SCKI
[02:41:29] [128/459] FSMA
[02:41:30] [129/459] CETA
[02:41:31] [130/459] MCIK
[02:41:32] [131/459] MYCR
[02:41:32] [132/459] EVMP
[02:41:33] [133/459] SSGT
[02:41:34] [134/459] KCTK
[02:41:35] [135/459] ZTKC
[02:41:36] [136/459] MMTA
[02:41:37] [137/459] MAJT
[02:41:37] [138/459] ACPK
[02:41:38] [139/459] JMAX
[02:41:39] [140/459] SETK
[02:41:40] [141/459] CAIS
[02:41:41] [142/459] AGCD
[02:41:42] [143/459] URCL
[02:41:43] [144/459] VTDS
[02:41:43] [145/459] JCNM
[02:41:44] [146/459] KCAM
[02:41:45] [147/459] ADCU
[02:41:46] [148/459] GXYN
[02:41:47] [149/459] SMJG
[02:41:48] [150/459] EYCJ
[02:41:49] [151/459] CCEJ
[02:41:49] [152/459] MARS
[02:41:50] [153/459] CPVJ
[02:41:51] [154/459] INVP
[02:41:52] [155/459] CPOV
[02:41:53] [156/459] VIJK
[02:41:54] [157/459] LAIM
[02:41:55] [158/459] STHV
[02:41:56] [159/459] SVLJ
[02:41:57] [160/459] ATVJ
[02:41:58] [161/459] JTSC
[02:41:58] [162/459] RMTV
[02:41:59] [163/459] MGGG
[02:42:00] [164/459] SWTH
[02:42:01] [165/459] INVJ
[02:42:02] [166/459] PRSV
[02:42:03] [167/459] JATV
[02:42:03] [168/459] RCVD
[02:42:04] [169/459] BDMA
[02:42:05] [170/459] BLJI
[02:42:06] [171/459] SWOT
[02:42:07] [172/459] SWRN
[02:42:08] [173/459] TVRA
[02:42:09] [174/459] VCSV
[02:42:10] [175/459] NVRN
[02:42:11] [176/459] SIKC
[02:42:12] [177/459] VAKR
[02:42:13] [178/459] SYLN
[02:42:14] [179/459] KLJL
[02:42:15] [180/459] LKMY
[02:42:15] [181/459] VSLY
[02:42:16] [182/459] CIKO
[02:42:17] [183/459] GPBG
[02:42:18] [184/459] CECM
[02:42:19] [185/459] SLKB
[02:42:20] [186/459] MTBO
[02:42:21] [187/459] SSHB
[02:42:22] [188/459] VPCS
[02:42:23] [189/459] RCSR
[02:42:24] [190/459] RJRM
[02:42:25] [191/459] KPPB
[02:42:26] [192/459] SEDC
[02:42:27] [193/459] SCAI
[02:42:28] [194/459] RMTR
[02:42:29] [195/459] ASST
[02:42:30] [196/459] GCAK
[02:42:31] [197/459] ANNK
[02:42:32] [198/459] KDDF
[02:42:33] [199/459] NRDP
[02:42:33] [200/459] PLAK
[02:42:34] [201/459] GCMC
[02:42:36] [202/459] ALPY
[02:42:38] [203/459] SICE
[02:42:39] [204/459] SISR
[02:42:39] [205/459] SRPZ
[02:42:40] [206/459] SRSW
[02:42:41] [207/459] SUYA
[02:42:42] [208/459] AMMT
[02:42:43] [209/459] BHCU
[02:42:44] [210/459] KLPA
[02:42:45] [211/459] NVKH
[02:42:46] [212/459] JMRC
[02:42:47] [213/459] KTTT
[02:42:47] [214/459] MAGH
[02:42:48] [215/459] MMMX
[02:42:49] [216/459] SALJ
[02:42:50] [217/459] GTJA
[02:42:51] [218/459] MAHT
[02:42:52] [219/459] SSNN
[02:42:52] [220/459] ARRP
[02:42:53] [221/459] ATNS
[02:42:54] [222/459] SKDT
[02:42:55] [223/459] ACAT
[02:42:56] [224/459] APRC
[02:42:57] [225/459] SWAG
[02:42:58] [226/459] SDPT
[02:43:00] [227/459] STPS
[02:43:01] [228/459] WWCZ
[02:43:03] [229/459] LLCH
[02:43:04] [230/459] MZHA
[02:43:04] [231/459] CRJG
[02:43:06] [232/459] JGTK
[02:43:07] [233/459] KCSR
[02:43:08] [234/459] CHTL
[02:43:09] [235/459] EDSR
[02:43:10] [236/459] CSWO
[02:43:11] [237/459] CPVM
[02:43:11] [238/459] MXBY
[02:43:12] [239/459] FMMA
[02:43:13] [240/459] POVI
[02:43:14] [241/459] MTHB
[02:43:15] [242/459] INRC
[02:43:16] [243/459] PIPP
[02:43:16] [244/459] BMXC
[02:43:17] [245/459] PCMM
[02:43:18] [246/459] PMKM
[02:43:19] [247/459] GATY
[02:43:19] [248/459] IMCM
[02:43:20] [249/459] POPE
[02:43:21] [250/459] MTCR
[02:43:22] [251/459] PVAE
[02:43:23] [252/459] PVMI
[02:43:23] [253/459] CPNM
[02:43:24] [254/459] FMRL
[02:43:25] [255/459] MCIW
[02:43:26] [256/459] MXBO
[02:43:27] [257/459] FMKY
[02:43:29] [258/459] FMDA
[02:43:30] [259/459] THAB
[02:43:31] [260/459] PRCW
[02:43:31] [261/459] PITI
[02:43:32] [262/459] MCFF
[02:43:33] [263/459] PDDV
[02:43:34] [264/459] MCRM
[02:43:35] [265/459] KKMB
[02:43:36] [266/459] INKO
[02:43:37] [267/459] PLXP
[02:43:38] [268/459] MMHA
[02:43:38] [269/459] FMVS
[02:43:39] [270/459] POLM
[02:43:40] [271/459] STER
[02:43:41] [272/459] PVWJ
[02:43:41] [273/459] IMJW
[02:43:42] [274/459] FNAN
[02:43:43] [275/459] CAGL
[02:43:44] [276/459] IPBG
[02:43:45] [277/459] SMFV
[02:43:46] [278/459] MMMR
[02:43:47] [279/459] MMWM
[02:43:49] [280/459] FNCM
[02:43:49] [281/459] MDVA
[02:43:50] [282/459] MMET
[02:43:52] [283/459] MIDO
[02:43:53] [284/459] INNP
[02:43:54] [285/459] MIFU
[02:43:54] [286/459] MMSZ
[02:43:55] [287/459] BMXA
[02:43:56] [288/459] MCAA
[02:43:57] [289/459] SCVP
[02:43:58] [290/459] PLUS
[02:43:59] [291/459] MUCK
[02:44:00] [292/459] MTMA
[02:44:01] [293/459] HPVR
[02:44:02] [294/459] PMPK
[02:44:03] [295/459] MAJB
[02:44:03] [296/459] CTRR
[02:44:04] [297/459] MCTG
[02:44:05] [298/459] MACE
[02:44:06] [299/459] AAAS
[02:44:08] [300/459] CPVV
[02:44:09] [301/459] RCHG
[02:44:09] [302/459] MCNE
[02:44:10] [303/459] EMNC
[02:44:11] [304/459] MCAN
[02:44:12] [305/459] TCDM
[02:44:13] [306/459] IRGT
[02:44:14] [307/459] GCMG
[02:44:15] [308/459] MXSN
[02:44:16] [309/459] MXCK
[02:44:17] [310/459] MCRC
[02:44:18] [311/459] RSMI
[02:44:19] [312/459] WAML
[02:44:20] [313/459] MTSC
[02:44:21] [314/459] FMDR
[02:44:21] [315/459] LEPV
[02:44:22] [316/459] MTGD
[02:44:23] [317/459] IMOB
[02:44:24] [318/459] CLMM
[02:44:25] [319/459] PZCD
[02:44:25] [320/459] GOCS
[02:44:27] [321/459] KCMA
[02:44:28] [322/459] CCMP
[02:44:30] [323/459] MTSU
[02:44:31] [324/459] SNGL
[02:44:31] [325/459] MMMC
[02:44:32] [326/459] MMAA
[02:44:33] [327/459] GCDM
[02:44:34] [328/459] KTMV
[02:44:35] [329/459] AETE
[02:44:35] [330/459] OMCS
[02:44:36] [331/459] GDCD
[02:44:37] [332/459] NYMD
[02:44:38] [333/459] RNCV
[02:44:39] [334/459] KKMT
[02:44:40] [335/459] GDTH
[02:44:41] [336/459] KMMV
[02:44:41] [337/459] NHCG
[02:44:42] [338/459] PJDW
[02:44:43] [339/459] MMCV
[02:44:44] [340/459] FQSA
[02:44:45] [341/459] KURL
[02:44:45] [342/459] NNNX
[02:44:46] [343/459] AMAU
[02:44:47] [344/459] VVVM
[02:44:48] [345/459] VECU
[02:44:49] [346/459] WCVR
[02:44:50] [347/459] MTGG
[02:44:51] [348/459] SGTG
[02:44:51] [349/459] MNTG
[02:44:52] [350/459] JDDG
[02:44:53] [351/459] MBTK
[02:44:54] [352/459] SGCD
[02:44:55] [353/459] MCTC
[02:44:56] [354/459] JTPC
[02:44:57] [355/459] SDKT
[02:44:57] [356/459] KRCC
[02:44:58] [357/459] RMMD
[02:45:00] [358/459] AAME
[02:45:01] [359/459] TMWC
[02:45:02] [360/459] NRWY
[02:45:02] [361/459] CITD
[02:45:04] [362/459] VERD
[02:45:05] [363/459] MKSK
[02:45:05] [364/459] STSM
[02:45:06] [365/459] MJDG
[02:45:07] [366/459] RKPM
[02:45:08] [367/459] SSCE
[02:45:09] [368/459] VMAE
[02:45:10] [369/459] SBRU
[02:45:10] [370/459] AMBC
[02:45:11] [371/459] AMLU
[02:45:12] [372/459] INVZ
[02:45:14] [373/459] LGTV
[02:45:15] [374/459] SVAD
[02:45:16] [375/459] SMSA
[02:45:17] [376/459] SPCZ
[02:45:17] [377/459] GTCX
[02:45:18] [378/459] SCSL
[02:45:20] [379/459] SAHU
[02:45:21] [380/459] NCDA
[02:45:22] [381/459] SCCG
[02:45:23] [382/459] VKTL
[02:45:24] [383/459] PUUJ
[02:45:24] [384/459] STEJ
[02:45:25] [385/459] RJAL
[02:45:26] [386/459] ACJC
[02:45:27] [387/459] VTHC
[02:45:28] [388/459] ARVB
[02:45:28] [389/459] AUBB
[02:45:29] [390/459] GDBR
[02:45:30] [391/459] PVND
[02:45:31] [392/459] BGRJ
[02:45:32] [393/459] RJMM
[02:45:33] [394/459] MCSA
[02:45:34] [395/459] BODA
[02:45:35] [396/459] JAGG
[02:45:36] [397/459] SCGA
[02:45:38] [398/459] LRCM
[02:45:39] [399/459] CPCN
[02:45:40] [400/459] SSTF
[02:45:41] [401/459] SRXP
[02:45:42] [402/459] CNFX
[02:45:42] [403/459] ANDI
[02:45:43] [404/459] SYEW
[02:45:44] [405/459] RCRE
[02:45:45] [406/459] SCRW
[02:45:46] [407/459] MBKR
[02:45:46] [408/459] ASNT
[02:45:47] [409/459] JTMT
[02:45:48] [410/459] SHAY
[02:45:49] [411/459] VRTH
[02:45:50] [412/459] SPTI
[02:45:51] [413/459] DPTD
[02:45:52] [414/459] TGSN
[02:45:53] [415/459] RCWV
[02:45:54] [416/459] OCUR
[02:45:54] [417/459] KSTC
[02:45:55] [418/459] SANI
[02:45:56] [419/459] MLCA
[02:45:57] [420/459] EGCA
[02:45:59] [421/459] SYSN
[02:46:00] [422/459] PKTA
[02:46:01] [423/459] PRCC
[02:46:02] [424/459] KSTR
[02:46:03] [425/459] SNTP
[02:46:03] [426/459] RCHA
[02:46:04] [427/459] SEEA
[02:46:05] [428/459] ALAT
[02:46:06] [429/459] AATV
[02:46:07] [430/459] RJTE
[02:46:08] [431/459] AAPP
[02:46:09] [432/459] PMMH
[02:46:10] [433/459] INRJ
[02:46:11] [434/459] SARB
[02:46:12] [435/459] PCJL
[02:46:13] [436/459] PFJJ
[02:46:13] [437/459] GRDC
[02:46:14] [438/459] BCBA
[02:46:15] [439/459] VIXL
[02:46:16] [440/459] CSTL
[02:46:16] [441/459] MTDK
[02:46:17] [442/459] TDAC
[02:46:18] [443/459] GTDN
[02:46:19] [444/459] TTDE
[02:46:20] [445/459] ASTS
[02:46:21] [446/459] CPNS
[02:46:21] [447/459] PVVW
[02:46:22] [448/459] USEB
[02:46:23] [449/459] DTYN
[02:46:24] [450/459] PVLE
[02:46:24] [451/459] CIPS
[02:46:25] [452/459] PAEG
[02:46:26] [453/459] PTCW
[02:46:27] [454/459] G3SR
[02:46:28] [455/459] PGND
[02:46:29] [456/459] INVM
[02:46:30] [457/459] SPIA
[02:46:30] [458/459] PCSN
[02:46:31] [459/459] PPGV
[02:46:32] 🧹 Deduping shows
[02:46:32] ✅ DONE | Shows=3556 | Movies=78
