[02:39:17] 🚀 SCRIPT STARTED
[02:39:17] [1/296] CDCA
[02:39:17] 🧠 New identity created
[02:39:17] [2/296] MNSR
[02:39:18] [3/296] CSSL
[02:39:20] [4/296] BGGM
[02:39:21] [5/296] MANT
[02:39:22] [6/296] SOOY
[02:39:23] [7/296] VPPK
[02:39:24] [8/296] MYHJ
[02:39:24] [9/296] KSCK
[02:39:25] [10/296] KATK
[02:39:26] [11/296] RTRT
[02:39:27] [12/296] SSTT
[02:39:28] [13/296] SSTV
[02:39:29] [14/296] LACM
[02:39:30] [15/296] SGMG
[02:39:31] [16/296] KACX
[02:39:31] [17/296] GVCP
[02:39:32] [18/296] CSNC
[02:39:34] [19/296] SXCB
[02:39:35] [20/296] BAHS
[02:39:36] [21/296] PCBI
[02:39:37] [22/296] PSSM
[02:39:38] [23/296] RCOK
[02:39:38] [24/296] SCPF
[02:39:40] [25/296] SSAS
[02:39:41] [26/296] EVMM
[02:39:42] [27/296] SYCB
[02:39:43] [28/296] GCKI
[02:39:43] [29/296] IAET
[02:39:44] [30/296] DDTD
[02:39:45] [31/296] GMDH
[02:39:46] [32/296] STLE
[02:39:46] [33/296] JTRA
[02:39:47] [34/296] RPPA
[02:39:48] [35/296] ARUT
[02:39:49] [36/296] JTVM
[02:39:50] [37/296] SWRH
[02:39:50] [38/296] DCPC
[02:39:51] [39/296] RAPR
[02:39:52] [40/296] GCRT
[02:39:53] [41/296] ATUN
[02:39:54] [42/296] LTRM
[02:39:54] [43/296] TASR
[02:39:55] [44/296] RLLC
[02:39:56] [45/296] MABI
[02:39:57] [46/296] SVHB
[02:39:58] [47/296] NVTB
[02:40:00] [48/296] KCKG
[02:40:01] [49/296] SSRN
[02:40:01] [50/296] VDDC
[02:40:02] [51/296] GKTK
[02:40:03] [52/296] YFSN
[02:40:04] [53/296] GCSG
[02:40:05] [54/296] ESSM
[02:40:06] [55/296] KRIH
[02:40:07] [56/296] GCDS
[02:40:07] [57/296] CCSH
[02:40:08] [58/296] ACSK
[02:40:09] [59/296] APRK
[02:40:10] [60/296] ADKM
[02:40:11] [61/296] SRDM
[02:40:11] [62/296] RMOG
[02:40:12] [63/296] SJMY
[02:40:13] [64/296] PGGC
[02:40:14] [65/296] INGM
[02:40:15] [66/296] LSCB
[02:40:16] [67/296] STAD
[02:40:16] [68/296] MCCR
[02:40:18] [69/296] ABCC
[02:40:19] [70/296] RKCC
[02:40:20] [71/296] RTCR
[02:40:21] [72/296] GGBC
[02:40:22] [73/296] GCSD
[02:40:23] [74/296] LPTY
[02:40:24] [75/296] MCFD
[02:40:25] [76/296] HENN
[02:40:25] [77/296] SMKU
[02:40:27] [78/296] TNZC
[02:40:28] [79/296] DRCD
[02:40:29] [80/296] DLCD
[02:40:29] [81/296] RCDA
[02:40:30] [82/296] COSM
[02:40:31] [83/296] MCMJ
[02:40:32] [84/296] CSTR
[02:40:33] [85/296] CVDK
[02:40:33] [86/296] INRR
[02:40:34] [87/296] RJRT
[02:40:35] [88/296] IRMR
[02:40:36] [89/296] SRCF
[02:40:38] [90/296] GRCR
[02:40:38] [91/296] SURC
[02:40:39] [92/296] NMNH
[02:40:40] [93/296] SVBL
[02:40:41] [94/296] KACI
[02:40:41] [95/296] TDGO
[02:40:43] [96/296] KTBR
[02:40:44] [97/296] PMAD
[02:40:44] [98/296] CCPN
[02:40:45] [99/296] SBTK
[02:40:46] [100/296] LMDK
[02:40:47] [101/296] PGDA
[02:40:48] [102/296] SRML
[02:40:48] [103/296] EVCK
[02:40:49] [104/296] RTTK
[02:40:50] [105/296] SRTU
[02:40:51] [106/296] VRSA
[02:40:52] [107/296] VARS
[02:40:52] [108/296] DSCZ
[02:40:54] [109/296] GAGA
[02:40:55] [110/296] SARV
[02:40:55] [111/296] SEEG
[02:40:56] [112/296] GLCA
[02:40:57] [113/296] APAS
[02:40:58] [114/296] VCIA
[02:40:59] [115/296] SJTA
[02:40:59] [116/296] SABM
[02:41:00] [117/296] PPAG
[02:41:01] [118/296] RVCA
[02:41:02] [119/296] CCIA
[02:41:03] [120/296] HTAG
[02:41:04] [121/296] SMBI
[02:41:04] [122/296] MCJR
[02:41:05] [123/296] CCJR
[02:41:07] [124/296] SINF
[02:41:08] [125/296] CPLX
[02:41:09] [126/296] KKTJ
[02:41:10] [127/296] GDBW
[02:41:11] [128/296] CSUB
[02:41:12] [129/296] DABA
[02:41:12] [130/296] TITR
[02:41:13] [131/296] NYCR
[02:41:14] [132/296] RTRY
[02:41:15] [133/296] JTJL
[02:41:15] [134/296] SJCP
[02:41:16] [135/296] KCCA
[02:41:17] [136/296] MLPG
[02:41:18] [137/296] VRCK
[02:41:18] [138/296] SRIN
[02:41:19] [139/296] CXMK
[02:41:21] [140/296] SKAD
[02:41:22] [141/296] AVTR
[02:41:23] [142/296] PTAJ
[02:41:23] [143/296] SCNK
[02:41:24] [144/296] STTI
[02:41:25] [145/296] KACR
[02:41:26] [146/296] SSDX
[02:41:27] [147/296] VRTJ
[02:41:28] [148/296] RAJD
[02:41:29] [149/296] SCIP
[02:41:29] [150/296] RJSL
[02:41:30] [151/296] ARRS
[02:41:31] [152/296] ASMS
[02:41:32] [153/296] RDTS
[02:41:33] [154/296] DVMY
[02:41:34] [155/296] RASA
[02:41:35] [156/296] INOM
[02:41:35] [157/296] SPRS
[02:41:36] [158/296] SGCS
[02:41:37] [159/296] SALM
[02:41:38] [160/296] PKHC
[02:41:39] [161/296] RCSV
[02:41:40] [162/296] CPKC
[02:41:40] [163/296] AACD
[02:41:41] [164/296] GGCV
[02:41:42] [165/296] SMKD
[02:41:43] [166/296] NBCH
[02:41:44] [167/296] AMCB
[02:41:45] [168/296] OPCN
[02:41:45] [169/296] DCIN
[02:41:46] [170/296] INGW
[02:41:48] [171/296] PKKW
[02:41:49] [172/296] FNGW
[02:41:49] [173/296] GCGD
[02:41:50] [174/296] MSTW
[02:41:51] [175/296] KCCG
[02:41:52] [176/296] MRSS
[02:41:53] [177/296] CLCF
[02:41:53] [178/296] EETS
[02:41:54] [179/296] AATR
[02:41:55] [180/296] CMMN
[02:41:56] [181/296] SCCJ
[02:41:57] [182/296] CDTK
[02:41:57] [183/296] AICP
[02:41:59] [184/296] FNBP
[02:42:00] [185/296] CBPB
[02:42:00] [186/296] CPAS
[02:42:02] [187/296] MAPM
[02:42:03] [188/296] PASD
[02:42:04] [189/296] JCMN
[02:42:05] [190/296] MALB
[02:42:06] [191/296] SACG
[02:42:07] [192/296] DDRX
[02:42:08] [193/296] DDXB
[02:42:08] [194/296] RAMC
[02:42:09] [195/296] SANC
[02:42:10] [196/296] BCBP
[02:42:11] [197/296] ALPC
[02:42:12] [198/296] RBAC
[02:42:12] [199/296] RAJL
[02:42:13] [200/296] MPDX
[02:42:14] [201/296] MUSC
[02:42:15] [202/296] VKMK
[02:42:16] [203/296] SKCG
[02:42:16] [204/296] ANCN
[02:42:17] [205/296] MMCJ
[02:42:18] [206/296] DCAK
[02:42:19] [207/296] SCKG
[02:42:20] [208/296] LMCK
[02:42:21] [209/296] CKKX
[02:42:22] [210/296] ANKU
[02:42:23] [211/296] CSMD
[02:42:24] [212/296] MKMP
[02:42:25] [213/296] SVBG
[02:42:26] [214/296] ROOP
[02:42:26] [215/296] GDMT
[02:42:27] [216/296] FPPF
[02:42:28] [217/296] SFUU
[02:42:29] [218/296] ANCB
[02:42:30] [219/296] SMMC
[02:42:31] [220/296] UGKT
[02:42:32] [221/296] JVRM
[02:42:33] [222/296] BATG
[02:42:33] [223/296] RATE
[02:42:34] [224/296] SKME
[02:42:35] [225/296] LMTP
[02:42:36] [226/296] TCBD
[02:42:37] [227/296] ESBD
[02:42:37] [228/296] GDCU
[02:42:38] [229/296] SNKT
[02:42:39] [230/296] SRNK
[02:42:40] [231/296] SMED
[02:42:41] [232/296] CSQS
[02:42:41] [233/296] ALCS
[02:42:42] [234/296] KCKN
[02:42:43] [235/296] VCCL
[02:42:44] [236/296] MCDA
[02:42:45] [237/296] SHMI
[02:42:46] [238/296] SKHA
[02:42:47] [239/296] SVFK
[02:42:48] [240/296] INVB
[02:42:48] [241/296] MELD
[02:42:49] [242/296] JTYS
[02:42:50] [243/296] INCM
[02:42:51] [244/296] MCDV
[02:42:51] [245/296] KSGK
[02:42:53] [246/296] ICMG
[02:42:54] [247/296] CSCV
[02:42:54] [248/296] STMD
[02:42:55] [249/296] STTR
[02:42:56] [250/296] INVC
[02:42:57] [251/296] JTBL
[02:42:58] [252/296] SRVV
[02:42:59] [253/296] MAVC
[02:43:01] [254/296] SRPP
[02:43:02] [255/296] JGDM
[02:43:03] [256/296] MBSJ
[02:43:04] [257/296] SSLL
[02:43:04] [258/296] SLKP
[02:43:06] [259/296] NSRV
[02:43:06] [260/296] UTDV
[02:43:08] [261/296] KICM
[02:43:09] [262/296] KCMD
[02:43:09] [263/296] TTPP
[02:43:10] [264/296] KMPV
[02:43:12] [265/296] SKTV
[02:43:13] [266/296] STCV
[02:43:14] [267/296] SRDA
[02:43:15] [268/296] JTSX
[02:43:16] [269/296] STBV
[02:43:17] [270/296] APVZ
[02:43:18] [271/296] GSTV
[02:43:18] [272/296] NMVS
[02:43:19] [273/296] SKRT
[02:43:20] [274/296] RMDV
[02:43:21] [275/296] RATG
[02:43:22] [276/296] SJYV
[02:43:23] [277/296] NDGP
[02:43:24] [278/296] SNDG
[02:43:25] [279/296] INSR
[02:43:26] [280/296] INSO
[02:43:27] [281/296] CCSI
[02:43:27] [282/296] RASM
[02:43:28] [283/296] NEWC
[02:43:29] [284/296] VSHL
[02:43:30] [285/296] BISW
[02:43:31] [286/296] GCNG
[02:43:32] [287/296] CWSC
[02:43:32] [288/296] SKAN
[02:43:33] [289/296] SEHP
[02:43:35] [290/296] CCOA
[02:43:35] [291/296] MCAJ
[02:43:36] [292/296] ACDE
[02:43:37] [293/296] AACM
[02:43:38] [294/296] JJCK
[02:43:39] [295/296] RCMO
[02:43:40] [296/296] GDAW
[02:43:40] 🧹 Deduping shows
[02:43:40] ✅ DONE | Shows=1100 | Movies=46
[04:40:53] 🚀 SCRIPT STARTED
[04:40:53] [1/296] CDCA
[04:40:53] 🧠 New identity created
[04:40:54] [2/296] MNSR
[04:40:55] [3/296] CSSL
[04:40:55] [4/296] BGGM
[04:40:56] [5/296] MANT
[04:40:57] [6/296] SOOY
[04:40:58] [7/296] VPPK
[04:40:59] [8/296] MYHJ
[04:40:59] [9/296] KSCK
[04:41:00] [10/296] KATK
[04:41:01] [11/296] RTRT
[04:41:03] [12/296] SSTT
[04:41:04] [13/296] SSTV
[04:41:06] [14/296] LACM
[04:41:07] [15/296] SGMG
[04:41:08] [16/296] KACX
[04:41:08] [17/296] GVCP
[04:41:09] [18/296] CSNC
[04:41:11] [19/296] SXCB
[04:41:13] [20/296] BAHS
[04:41:14] [21/296] PCBI
[04:41:15] [22/296] PSSM
[04:41:15] [23/296] RCOK
[04:41:16] [24/296] SCPF
[04:41:17] [25/296] SSAS
[04:41:18] [26/296] EVMM
[04:41:19] [27/296] SYCB
[04:41:20] [28/296] GCKI
[04:41:20] [29/296] IAET
[04:41:21] [30/296] DDTD
[04:41:22] [31/296] GMDH
[04:41:24] [32/296] STLE
[04:41:25] [33/296] JTRA
[04:41:25] [34/296] RPPA
[04:41:26] [35/296] ARUT
[04:41:27] [36/296] JTVM
[04:41:28] [37/296] SWRH
[04:41:29] [38/296] DCPC
[04:41:30] [39/296] RAPR
[04:41:32] [40/296] GCRT
[04:41:32] [41/296] ATUN
[04:41:33] [42/296] LTRM
[04:41:34] [43/296] TASR
[04:41:35] [44/296] RLLC
[04:41:36] [45/296] MABI
[04:41:36] [46/296] SVHB
[04:41:37] [47/296] NVTB
[04:41:38] [48/296] KCKG
[04:41:39] [49/296] SSRN
[04:41:40] [50/296] VDDC
[04:41:41] [51/296] GKTK
[04:41:42] [52/296] YFSN
[04:41:43] [53/296] GCSG
[04:41:44] [54/296] ESSM
[04:41:45] [55/296] KRIH
[04:41:45] [56/296] GCDS
[04:41:47] [57/296] CCSH
[04:41:47] [58/296] ACSK
[04:41:48] [59/296] APRK
[04:41:49] [60/296] ADKM
[04:41:51] [61/296] SRDM
[04:41:52] [62/296] RMOG
[04:41:54] [63/296] SJMY
[04:41:55] [64/296] PGGC
[04:41:56] [65/296] INGM
[04:41:57] [66/296] LSCB
[04:41:58] [67/296] STAD
[04:41:59] [68/296] MCCR
[04:42:00] [69/296] ABCC
[04:42:01] [70/296] RKCC
[04:42:02] [71/296] RTCR
[04:42:03] [72/296] GGBC
[04:42:03] [73/296] GCSD
[04:42:04] [74/296] LPTY
[04:42:05] [75/296] MCFD
[04:42:06] [76/296] HENN
[04:42:07] [77/296] SMKU
[04:42:07] [78/296] TNZC
[04:42:08] [79/296] DRCD
[04:42:09] [80/296] DLCD
[04:42:10] [81/296] RCDA
[04:42:11] [82/296] COSM
[04:42:12] [83/296] MCMJ
[04:42:13] [84/296] CSTR
[04:42:14] [85/296] CVDK
[04:42:14] [86/296] INRR
[04:42:15] [87/296] RJRT
[04:42:16] [88/296] IRMR
[04:42:17] [89/296] SRCF
[04:42:18] [90/296] GRCR
[04:42:18] [91/296] SURC
[04:42:19] [92/296] NMNH
[04:42:20] [93/296] SVBL
[04:42:21] [94/296] KACI
[04:42:22] [95/296] TDGO
[04:42:23] [96/296] KTBR
[04:42:24] [97/296] PMAD
[04:42:25] [98/296] CCPN
[04:42:27] [99/296] SBTK
[04:42:27] [100/296] LMDK
[04:42:28] [101/296] PGDA
[04:42:29] [102/296] SRML
[04:42:30] [103/296] EVCK
[04:42:31] [104/296] RTTK
[04:42:32] [105/296] SRTU
[04:42:33] [106/296] VRSA
[04:42:33] [107/296] VARS
[04:42:34] [108/296] DSCZ
[04:42:35] [109/296] GAGA
[04:42:36] [110/296] SARV
[04:42:36] [111/296] SEEG
[04:42:37] [112/296] GLCA
[04:42:38] [113/296] APAS
[04:42:39] [114/296] VCIA
[04:42:40] [115/296] SJTA
[04:42:42] [116/296] SABM
[04:42:42] [117/296] PPAG
[04:42:43] [118/296] RVCA
[04:42:44] [119/296] CCIA
[04:42:45] [120/296] HTAG
[04:42:46] [121/296] SMBI
[04:42:47] [122/296] MCJR
[04:42:48] [123/296] CCJR
[04:42:49] [124/296] SINF
[04:42:50] [125/296] CPLX
[04:42:51] [126/296] KKTJ
[04:42:52] [127/296] GDBW
[04:42:53] [128/296] CSUB
[04:42:54] [129/296] DABA
[04:42:56] [130/296] TITR
[04:42:57] [131/296] NYCR
[04:42:58] [132/296] RTRY
[04:42:59] [133/296] JTJL
[04:43:00] [134/296] SJCP
[04:43:00] [135/296] KCCA
[04:43:02] [136/296] MLPG
[04:43:03] [137/296] VRCK
[04:43:04] [138/296] SRIN
[04:43:05] [139/296] CXMK
[04:43:05] [140/296] SKAD
[04:43:06] [141/296] AVTR
[04:43:07] [142/296] PTAJ
[04:43:08] [143/296] SCNK
[04:43:08] [144/296] STTI
[04:43:09] [145/296] KACR
[04:43:10] [146/296] SSDX
[04:43:10] [147/296] VRTJ
[04:43:11] [148/296] RAJD
[04:43:12] [149/296] SCIP
[04:43:13] [150/296] RJSL
[04:43:14] [151/296] ARRS
[04:43:15] [152/296] ASMS
[04:43:16] [153/296] RDTS
[04:43:16] [154/296] DVMY
[04:43:17] [155/296] RASA
[04:43:18] [156/296] INOM
[04:43:19] [157/296] SPRS
[04:43:20] [158/296] SGCS
[04:43:21] [159/296] SALM
[04:43:22] [160/296] PKHC
[04:43:24] [161/296] RCSV
[04:43:24] [162/296] CPKC
[04:43:25] [163/296] AACD
[04:43:26] [164/296] GGCV
[04:43:27] [165/296] SMKD
[04:43:27] [166/296] NBCH
[04:43:28] [167/296] AMCB
[04:43:29] [168/296] OPCN
[04:43:31] [169/296] DCIN
[04:43:32] [170/296] INGW
[04:43:33] [171/296] PKKW
[04:43:35] [172/296] FNGW
[04:43:35] [173/296] GCGD
[04:43:37] [174/296] MSTW
[04:43:38] [175/296] KCCG
[04:43:39] [176/296] MRSS
[04:43:40] [177/296] CLCF
[04:43:41] [178/296] EETS
[04:43:42] [179/296] AATR
[04:43:43] [180/296] CMMN
[04:43:43] [181/296] SCCJ
[04:43:44] [182/296] CDTK
[04:43:45] [183/296] AICP
[04:43:46] [184/296] FNBP
[04:43:47] [185/296] CBPB
[04:43:47] [186/296] CPAS
[04:43:48] [187/296] MAPM
[04:43:49] [188/296] PASD
[04:43:50] [189/296] JCMN
[04:43:51] [190/296] MALB
[04:43:52] [191/296] SACG
[04:43:52] [192/296] DDRX
[04:43:53] [193/296] DDXB
[04:43:54] [194/296] RAMC
[04:43:55] [195/296] SANC
[04:43:56] [196/296] BCBP
[04:43:57] [197/296] ALPC
[04:43:58] [198/296] RBAC
[04:43:59] [199/296] RAJL
[04:44:01] [200/296] MPDX
[04:44:02] [201/296] MUSC
[04:44:03] [202/296] VKMK
[04:44:04] [203/296] SKCG
[04:44:05] [204/296] ANCN
[04:44:06] [205/296] MMCJ
[04:44:07] [206/296] DCAK
[04:44:08] [207/296] SCKG
[04:44:09] [208/296] LMCK
[04:44:10] [209/296] CKKX
[04:44:11] [210/296] ANKU
[04:44:12] [211/296] CSMD
[04:44:13] [212/296] MKMP
[04:44:14] [213/296] SVBG
[04:44:14] [214/296] ROOP
[04:44:15] [215/296] GDMT
[04:44:16] [216/296] FPPF
[04:44:17] [217/296] SFUU
[04:44:18] [218/296] ANCB
[04:44:18] [219/296] SMMC
[04:44:19] [220/296] UGKT
[04:44:20] [221/296] JVRM
[04:44:20] [222/296] BATG
[04:44:21] [223/296] RATE
[04:44:22] [224/296] SKME
[04:44:23] [225/296] LMTP
[04:44:24] [226/296] TCBD
[04:44:25] [227/296] ESBD
[04:44:25] [228/296] GDCU
[04:44:26] [229/296] SNKT
[04:44:27] [230/296] SRNK
[04:44:28] [231/296] SMED
[04:44:28] [232/296] CSQS
[04:44:29] [233/296] ALCS
[04:44:30] [234/296] KCKN
[04:44:30] [235/296] VCCL
[04:44:31] [236/296] MCDA
[04:44:32] [237/296] SHMI
[04:44:33] [238/296] SKHA
[04:44:34] [239/296] SVFK
[04:44:35] [240/296] INVB
[04:44:35] [241/296] MELD
[04:44:36] [242/296] JTYS
[04:44:37] [243/296] INCM
[04:44:38] [244/296] MCDV
[04:44:39] [245/296] KSGK
[04:44:40] [246/296] ICMG
[04:44:41] [247/296] CSCV
[04:44:41] [248/296] STMD
[04:44:42] [249/296] STTR
[04:44:43] [250/296] INVC
[04:44:44] [251/296] JTBL
[04:44:45] [252/296] SRVV
[04:44:46] [253/296] MAVC
[04:44:47] [254/296] SRPP
[04:44:47] [255/296] JGDM
[04:44:48] [256/296] MBSJ
[04:44:49] [257/296] SSLL
[04:44:51] [258/296] SLKP
[04:44:52] [259/296] NSRV
[04:44:53] [260/296] UTDV
[04:44:54] [261/296] KICM
[04:44:55] [262/296] KCMD
[04:44:56] [263/296] TTPP
[04:44:57] [264/296] KMPV
[04:44:57] [265/296] SKTV
[04:44:58] [266/296] STCV
[04:44:59] [267/296] SRDA
[04:45:00] [268/296] JTSX
[04:45:00] [269/296] STBV
[04:45:01] [270/296] APVZ
[04:45:02] [271/296] GSTV
[04:45:03] [272/296] NMVS
[04:45:03] [273/296] SKRT
[04:45:04] [274/296] RMDV
[04:45:05] [275/296] RATG
[04:45:06] [276/296] SJYV
[04:45:07] [277/296] NDGP
[04:45:08] [278/296] SNDG
[04:45:09] [279/296] INSR
[04:45:10] [280/296] INSO
[04:45:11] [281/296] CCSI
[04:45:12] [282/296] RASM
[04:45:13] [283/296] NEWC
[04:45:14] [284/296] VSHL
[04:45:15] [285/296] BISW
[04:45:16] [286/296] GCNG
[04:45:16] [287/296] CWSC
[04:45:17] [288/296] SKAN
[04:45:18] [289/296] SEHP
[04:45:19] [290/296] CCOA
[04:45:20] [291/296] MCAJ
[04:45:20] [292/296] ACDE
[04:45:21] [293/296] AACM
[04:45:22] [294/296] JJCK
[04:45:24] [295/296] RCMO
[04:45:24] [296/296] GDAW
[04:45:25] 🧹 Deduping shows
[04:45:25] ✅ DONE | Shows=1096 | Movies=46
[08:24:07] 🚀 SCRIPT STARTED
[08:24:07] [1/296] CDCA
[08:24:07] 🧠 New identity created
[08:24:08] [2/296] MNSR
[08:24:09] [3/296] CSSL
[08:24:10] [4/296] BGGM
[08:24:11] [5/296] MANT
[08:24:12] [6/296] SOOY
[08:24:13] [7/296] VPPK
[08:24:14] [8/296] MYHJ
[08:24:15] [9/296] KSCK
[08:24:16] [10/296] KATK
[08:24:17] [11/296] RTRT
[08:24:18] [12/296] SSTT
[08:24:19] [13/296] SSTV
[08:24:20] [14/296] LACM
[08:24:21] [15/296] SGMG
[08:24:22] [16/296] KACX
[08:24:23] [17/296] GVCP
[08:24:23] [18/296] CSNC
[08:24:24] [19/296] SXCB
[08:24:25] [20/296] BAHS
[08:24:26] [21/296] PCBI
[08:24:27] [22/296] PSSM
[08:24:28] [23/296] RCOK
[08:24:29] [24/296] SCPF
[08:24:30] [25/296] SSAS
[08:24:31] [26/296] EVMM
[08:24:32] [27/296] SYCB
[08:24:32] [28/296] GCKI
[08:24:33] [29/296] IAET
[08:24:35] [30/296] DDTD
[08:24:35] [31/296] GMDH
[08:24:36] [32/296] STLE
[08:24:37] [33/296] JTRA
[08:24:38] [34/296] RPPA
[08:24:39] [35/296] ARUT
[08:24:40] [36/296] JTVM
[08:24:41] [37/296] SWRH
[08:24:42] [38/296] DCPC
[08:24:42] [39/296] RAPR
[08:24:43] [40/296] GCRT
[08:24:44] [41/296] ATUN
[08:24:45] [42/296] LTRM
[08:24:46] [43/296] TASR
[08:24:47] [44/296] RLLC
[08:24:47] [45/296] MABI
[08:24:48] [46/296] SVHB
[08:24:49] [47/296] NVTB
[08:24:50] [48/296] KCKG
[08:24:51] [49/296] SSRN
[08:24:52] [50/296] VDDC
[08:24:53] [51/296] GKTK
[08:24:54] [52/296] YFSN
[08:24:55] [53/296] GCSG
[08:24:56] [54/296] ESSM
[08:24:57] [55/296] KRIH
[08:24:57] [56/296] GCDS
[08:24:58] [57/296] CCSH
[08:24:59] [58/296] ACSK
[08:25:01] [59/296] APRK
[08:25:02] [60/296] ADKM
[08:25:03] [61/296] SRDM
[08:25:03] [62/296] RMOG
[08:25:04] [63/296] SJMY
[08:25:05] [64/296] PGGC
[08:25:06] [65/296] INGM
[08:25:07] [66/296] LSCB
[08:25:08] [67/296] STAD
[08:25:09] [68/296] MCCR
[08:25:10] [69/296] ABCC
[08:25:11] [70/296] RKCC
[08:25:11] [71/296] RTCR
[08:25:12] [72/296] GGBC
[08:25:13] [73/296] GCSD
[08:25:15] [74/296] LPTY
[08:25:16] [75/296] MCFD
[08:25:17] [76/296] HENN
[08:25:17] [77/296] SMKU
[08:25:18] [78/296] TNZC
[08:25:19] [79/296] DRCD
[08:25:20] [80/296] DLCD
[08:25:21] [81/296] RCDA
[08:25:22] [82/296] COSM
[08:25:23] [83/296] MCMJ
[08:25:23] [84/296] CSTR
[08:25:24] [85/296] CVDK
[08:25:25] [86/296] INRR
[08:25:26] [87/296] RJRT
[08:25:27] [88/296] IRMR
[08:25:28] [89/296] SRCF
[08:25:29] [90/296] GRCR
[08:25:30] [91/296] SURC
[08:25:30] [92/296] NMNH
[08:25:31] [93/296] SVBL
[08:25:32] [94/296] KACI
[08:25:33] [95/296] TDGO
[08:25:34] [96/296] KTBR
[08:25:34] [97/296] PMAD
[08:25:35] [98/296] CCPN
[08:25:37] [99/296] SBTK
[08:25:39] [100/296] LMDK
[08:25:40] [101/296] PGDA
[08:25:41] [102/296] SRML
[08:25:42] [103/296] EVCK
[08:25:43] [104/296] RTTK
[08:25:44] [105/296] SRTU
[08:25:46] [106/296] VRSA
[08:25:47] [107/296] VARS
[08:25:49] [108/296] DSCZ
[08:25:49] [109/296] GAGA
[08:25:50] [110/296] SARV
[08:25:51] [111/296] SEEG
[08:25:52] [112/296] GLCA
[08:25:53] [113/296] APAS
[08:25:54] [114/296] VCIA
[08:25:55] [115/296] SJTA
[08:25:56] [116/296] SABM
[08:25:57] [117/296] PPAG
[08:25:58] [118/296] RVCA
[08:25:59] [119/296] CCIA
[08:26:00] [120/296] HTAG
[08:26:01] [121/296] SMBI
[08:26:02] [122/296] MCJR
[08:26:02] [123/296] CCJR
[08:26:03] [124/296] SINF
[08:26:04] [125/296] CPLX
[08:26:05] [126/296] KKTJ
[08:26:06] [127/296] GDBW
[08:26:06] [128/296] CSUB
[08:26:07] [129/296] DABA
[08:26:08] [130/296] TITR
[08:26:09] [131/296] NYCR
[08:26:10] [132/296] RTRY
[08:26:11] [133/296] JTJL
[08:26:11] [134/296] SJCP
[08:26:12] [135/296] KCCA
[08:26:13] [136/296] MLPG
[08:26:14] [137/296] VRCK
[08:26:15] [138/296] SRIN
[08:26:16] [139/296] CXMK
[08:26:17] [140/296] SKAD
[08:26:18] [141/296] AVTR
[08:26:18] [142/296] PTAJ
[08:26:19] [143/296] SCNK
[08:26:20] [144/296] STTI
[08:26:21] [145/296] KACR
[08:26:22] [146/296] SSDX
[08:26:23] [147/296] VRTJ
[08:26:24] [148/296] RAJD
[08:26:25] [149/296] SCIP
[08:26:25] [150/296] RJSL
[08:26:26] [151/296] ARRS
[08:26:27] [152/296] ASMS
[08:26:28] [153/296] RDTS
[08:26:29] [154/296] DVMY
[08:26:30] [155/296] RASA
[08:26:31] [156/296] INOM
[08:26:32] [157/296] SPRS
[08:26:33] [158/296] SGCS
[08:26:35] [159/296] SALM
[08:26:35] [160/296] PKHC
[08:26:36] [161/296] RCSV
[08:26:37] [162/296] CPKC
[08:26:38] [163/296] AACD
[08:26:39] [164/296] GGCV
[08:26:40] [165/296] SMKD
[08:26:41] [166/296] NBCH
[08:26:42] [167/296] AMCB
[08:26:43] [168/296] OPCN
[08:26:43] [169/296] DCIN
[08:26:44] [170/296] INGW
[08:26:45] [171/296] PKKW
[08:26:46] [172/296] FNGW
[08:26:47] [173/296] GCGD
[08:26:48] [174/296] MSTW
[08:26:49] [175/296] KCCG
[08:26:50] [176/296] MRSS
[08:26:51] [177/296] CLCF
[08:26:52] [178/296] EETS
[08:26:53] [179/296] AATR
[08:26:54] [180/296] CMMN
[08:26:54] [181/296] SCCJ
[08:26:55] [182/296] CDTK
[08:26:56] [183/296] AICP
[08:26:57] [184/296] FNBP
[08:26:58] [185/296] CBPB
[08:27:00] [186/296] CPAS
[08:27:00] [187/296] MAPM
[08:27:01] [188/296] PASD
[08:27:03] [189/296] JCMN
[08:27:04] [190/296] MALB
[08:27:05] [191/296] SACG
[08:27:06] [192/296] DDRX
[08:27:07] [193/296] DDXB
[08:27:08] [194/296] RAMC
[08:27:09] [195/296] SANC
[08:27:11] [196/296] BCBP
[08:27:13] [197/296] ALPC
[08:27:13] [198/296] RBAC
[08:27:14] [199/296] RAJL
[08:27:15] [200/296] MPDX
[08:27:16] [201/296] MUSC
[08:27:17] [202/296] VKMK
[08:27:17] [203/296] SKCG
[08:27:19] [204/296] ANCN
[08:27:20] [205/296] MMCJ
[08:27:21] [206/296] DCAK
[08:27:23] [207/296] SCKG
[08:27:24] [208/296] LMCK
[08:27:25] [209/296] CKKX
[08:27:25] [210/296] ANKU
[08:27:26] [211/296] CSMD
[08:27:27] [212/296] MKMP
[08:27:29] [213/296] SVBG
[08:27:29] [214/296] ROOP
[08:27:30] [215/296] GDMT
[08:27:31] [216/296] FPPF
[08:27:32] [217/296] SFUU
[08:27:33] [218/296] ANCB
[08:27:35] [219/296] SMMC
[08:27:36] [220/296] UGKT
[08:27:37] [221/296] JVRM
[08:27:38] [222/296] BATG
[08:27:38] [223/296] RATE
[08:27:39] [224/296] SKME
[08:27:40] [225/296] LMTP
[08:27:41] [226/296] TCBD
[08:27:43] [227/296] ESBD
[08:27:44] [228/296] GDCU
[08:27:44] [229/296] SNKT
[08:27:45] [230/296] SRNK
[08:27:46] [231/296] SMED
[08:27:47] [232/296] CSQS
[08:27:48] [233/296] ALCS
[08:27:49] [234/296] KCKN
[08:27:50] [235/296] VCCL
[08:27:51] [236/296] MCDA
[08:27:52] [237/296] SHMI
[08:27:53] [238/296] SKHA
[08:27:54] [239/296] SVFK
[08:27:55] [240/296] INVB
[08:27:56] [241/296] MELD
[08:27:57] [242/296] JTYS
[08:27:58] [243/296] INCM
[08:27:58] [244/296] MCDV
[08:27:59] [245/296] KSGK
[08:28:00] [246/296] ICMG
[08:28:01] [247/296] CSCV
[08:28:02] [248/296] STMD
[08:28:04] [249/296] STTR
[08:28:05] [250/296] INVC
[08:28:05] [251/296] JTBL
[08:28:06] [252/296] SRVV
[08:28:07] [253/296] MAVC
[08:28:09] [254/296] SRPP
[08:28:10] [255/296] JGDM
[08:28:11] [256/296] MBSJ
[08:28:12] [257/296] SSLL
[08:28:12] [258/296] SLKP
[08:28:13] [259/296] NSRV
[08:28:15] [260/296] UTDV
[08:28:16] [261/296] KICM
[08:28:17] [262/296] KCMD
[08:28:18] [263/296] TTPP
[08:28:19] [264/296] KMPV
[08:28:20] [265/296] SKTV
[08:28:21] [266/296] STCV
[08:28:22] [267/296] SRDA
[08:28:23] [268/296] JTSX
[08:28:24] [269/296] STBV
[08:28:26] [270/296] APVZ
[08:28:26] [271/296] GSTV
[08:28:27] [272/296] NMVS
[08:28:28] [273/296] SKRT
[08:28:29] [274/296] RMDV
[08:28:30] [275/296] RATG
[08:28:31] [276/296] SJYV
[08:28:32] [277/296] NDGP
[08:28:33] [278/296] SNDG
[08:28:34] [279/296] INSR
[08:28:34] [280/296] INSO
[08:28:36] [281/296] CCSI
[08:28:37] [282/296] RASM
[08:28:38] [283/296] NEWC
[08:28:39] [284/296] VSHL
[08:28:40] [285/296] BISW
[08:28:41] [286/296] GCNG
[08:28:42] [287/296] CWSC
[08:28:43] [288/296] SKAN
[08:28:43] [289/296] SEHP
[08:28:44] [290/296] CCOA
[08:28:45] [291/296] MCAJ
[08:28:46] [292/296] ACDE
[08:28:47] [293/296] AACM
[08:28:48] [294/296] JJCK
[08:28:49] [295/296] RCMO
[08:28:49] [296/296] GDAW
[08:28:50] 🧹 Deduping shows
[08:28:50] ✅ DONE | Shows=1096 | Movies=46
[09:27:05] 🚀 SCRIPT STARTED
[09:27:05] [1/296] CDCA
[09:27:05] 🧠 New identity created
[09:27:06] [2/296] MNSR
[09:27:07] [3/296] CSSL
[09:27:08] [4/296] BGGM
[09:27:09] [5/296] MANT
[09:27:10] [6/296] SOOY
[09:27:11] [7/296] VPPK
[09:27:12] [8/296] MYHJ
[09:27:13] [9/296] KSCK
[09:27:14] [10/296] KATK
[09:27:15] [11/296] RTRT
[09:27:16] [12/296] SSTT
[09:27:17] [13/296] SSTV
[09:27:18] [14/296] LACM
[09:27:20] [15/296] SGMG
[09:27:20] [16/296] KACX
[09:27:21] [17/296] GVCP
[09:27:22] [18/296] CSNC
[09:27:23] [19/296] SXCB
[09:27:24] [20/296] BAHS
[09:27:25] [21/296] PCBI
[09:27:26] [22/296] PSSM
[09:27:27] [23/296] RCOK
[09:27:28] [24/296] SCPF
[09:27:29] [25/296] SSAS
[09:27:29] [26/296] EVMM
[09:27:30] [27/296] SYCB
[09:27:31] [28/296] GCKI
[09:27:32] [29/296] IAET
[09:27:33] [30/296] DDTD
[09:27:34] [31/296] GMDH
[09:27:34] [32/296] STLE
[09:27:35] [33/296] JTRA
[09:27:36] [34/296] RPPA
[09:27:37] [35/296] ARUT
[09:27:38] [36/296] JTVM
[09:27:39] [37/296] SWRH
[09:27:39] [38/296] DCPC
[09:27:41] [39/296] RAPR
[09:27:42] [40/296] GCRT
[09:27:42] [41/296] ATUN
[09:27:43] [42/296] LTRM
[09:27:44] [43/296] TASR
[09:27:46] [44/296] RLLC
[09:27:47] [45/296] MABI
[09:27:48] [46/296] SVHB
[09:27:49] [47/296] NVTB
[09:27:50] [48/296] KCKG
[09:27:51] [49/296] SSRN
[09:27:52] [50/296] VDDC
[09:27:53] [51/296] GKTK
[09:27:54] [52/296] YFSN
[09:27:55] [53/296] GCSG
[09:27:55] [54/296] ESSM
[09:27:56] [55/296] KRIH
[09:27:57] [56/296] GCDS
[09:27:58] [57/296] CCSH
[09:27:59] [58/296] ACSK
[09:28:00] [59/296] APRK
[09:28:01] [60/296] ADKM
[09:28:02] [61/296] SRDM
[09:28:03] [62/296] RMOG
[09:28:03] [63/296] SJMY
[09:28:04] [64/296] PGGC
[09:28:05] [65/296] INGM
[09:28:06] [66/296] LSCB
[09:28:07] [67/296] STAD
[09:28:08] [68/296] MCCR
[09:28:08] [69/296] ABCC
[09:28:09] [70/296] RKCC
[09:28:10] [71/296] RTCR
[09:28:11] [72/296] GGBC
[09:28:12] [73/296] GCSD
[09:28:12] [74/296] LPTY
[09:28:13] [75/296] MCFD
[09:28:14] [76/296] HENN
[09:28:15] [77/296] SMKU
[09:28:16] [78/296] TNZC
[09:28:16] [79/296] DRCD
[09:28:17] [80/296] DLCD
[09:28:18] [81/296] RCDA
[09:28:20] [82/296] COSM
[09:28:21] [83/296] MCMJ
[09:28:22] [84/296] CSTR
[09:28:22] [85/296] CVDK
[09:28:23] [86/296] INRR
[09:28:24] [87/296] RJRT
[09:28:25] [88/296] IRMR
[09:28:26] [89/296] SRCF
[09:28:27] [90/296] GRCR
[09:28:28] [91/296] SURC
[09:28:29] [92/296] NMNH
[09:28:30] [93/296] SVBL
[09:28:31] [94/296] KACI
[09:28:32] [95/296] TDGO
[09:28:33] [96/296] KTBR
[09:28:34] [97/296] PMAD
[09:28:36] [98/296] CCPN
[09:28:37] [99/296] SBTK
[09:28:38] [100/296] LMDK
[09:28:39] [101/296] PGDA
[09:28:39] [102/296] SRML
[09:28:40] [103/296] EVCK
[09:28:41] [104/296] RTTK
[09:28:43] [105/296] SRTU
[09:28:43] [106/296] VRSA
[09:28:44] [107/296] VARS
[09:28:46] [108/296] DSCZ
[09:28:46] [109/296] GAGA
[09:28:47] [110/296] SARV
[09:28:48] [111/296] SEEG
[09:28:49] [112/296] GLCA
[09:28:50] [113/296] APAS
[09:28:51] [114/296] VCIA
[09:28:52] [115/296] SJTA
[09:28:52] [116/296] SABM
[09:28:53] [117/296] PPAG
[09:28:54] [118/296] RVCA
[09:28:55] [119/296] CCIA
[09:28:56] [120/296] HTAG
[09:28:57] [121/296] SMBI
[09:28:57] [122/296] MCJR
[09:28:58] [123/296] CCJR
[09:28:59] [124/296] SINF
[09:29:00] [125/296] CPLX
[09:29:00] [126/296] KKTJ
[09:29:01] [127/296] GDBW
[09:29:02] [128/296] CSUB
[09:29:04] [129/296] DABA
[09:29:04] [130/296] TITR
[09:29:05] [131/296] NYCR
[09:29:06] [132/296] RTRY
[09:29:07] [133/296] JTJL
[09:29:08] [134/296] SJCP
[09:29:08] [135/296] KCCA
[09:29:09] [136/296] MLPG
[09:29:11] [137/296] VRCK
[09:29:12] [138/296] SRIN
[09:29:12] [139/296] CXMK
[09:29:13] [140/296] SKAD
[09:29:14] [141/296] AVTR
[09:29:15] [142/296] PTAJ
[09:29:17] [143/296] SCNK
[09:29:18] [144/296] STTI
[09:29:19] [145/296] KACR
[09:29:20] [146/296] SSDX
[09:29:21] [147/296] VRTJ
[09:29:22] [148/296] RAJD
[09:29:22] [149/296] SCIP
[09:29:23] [150/296] RJSL
[09:29:24] [151/296] ARRS
[09:29:25] [152/296] ASMS
[09:29:26] [153/296] RDTS
[09:29:26] [154/296] DVMY
[09:29:28] [155/296] RASA
[09:29:29] [156/296] INOM
[09:29:29] [157/296] SPRS
[09:29:30] [158/296] SGCS
[09:29:31] [159/296] SALM
[09:29:32] [160/296] PKHC
[09:29:33] [161/296] RCSV
[09:29:33] [162/296] CPKC
[09:29:34] [163/296] AACD
[09:29:35] [164/296] GGCV
[09:29:36] [165/296] SMKD
[09:29:37] [166/296] NBCH
[09:29:37] [167/296] AMCB
[09:29:39] [168/296] OPCN
[09:29:40] [169/296] DCIN
[09:29:42] [170/296] INGW
[09:29:44] [171/296] PKKW
[09:29:44] [172/296] FNGW
[09:29:46] [173/296] GCGD
[09:29:46] [174/296] MSTW
[09:29:47] [175/296] KCCG
[09:29:48] [176/296] MRSS
[09:29:49] [177/296] CLCF
[09:29:50] [178/296] EETS
[09:29:51] [179/296] AATR
[09:29:52] [180/296] CMMN
[09:29:53] [181/296] SCCJ
[09:29:54] [182/296] CDTK
[09:29:55] [183/296] AICP
[09:29:56] [184/296] FNBP
[09:29:57] [185/296] CBPB
[09:29:57] [186/296] CPAS
[09:29:58] [187/296] MAPM
[09:29:59] [188/296] PASD
[09:30:00] [189/296] JCMN
[09:30:01] [190/296] MALB
[09:30:02] [191/296] SACG
[09:30:02] [192/296] DDRX
[09:30:03] [193/296] DDXB
[09:30:04] [194/296] RAMC
[09:30:05] [195/296] SANC
[09:30:05] [196/296] BCBP
[09:30:06] [197/296] ALPC
[09:30:07] [198/296] RBAC
[09:30:08] [199/296] RAJL
[09:30:09] [200/296] MPDX
[09:30:10] [201/296] MUSC
[09:30:11] [202/296] VKMK
[09:30:12] [203/296] SKCG
[09:30:13] [204/296] ANCN
[09:30:14] [205/296] MMCJ
[09:30:15] [206/296] DCAK
[09:30:15] [207/296] SCKG
[09:30:16] [208/296] LMCK
[09:30:17] [209/296] CKKX
[09:30:18] [210/296] ANKU
[09:30:19] [211/296] CSMD
[09:30:20] [212/296] MKMP
[09:30:21] [213/296] SVBG
[09:30:22] [214/296] ROOP
[09:30:22] [215/296] GDMT
[09:30:23] [216/296] FPPF
[09:30:25] [217/296] SFUU
[09:30:26] [218/296] ANCB
[09:30:26] [219/296] SMMC
[09:30:27] [220/296] UGKT
[09:30:28] [221/296] JVRM
[09:30:29] [222/296] BATG
[09:30:30] [223/296] RATE
[09:30:31] [224/296] SKME
[09:30:32] [225/296] LMTP
[09:30:32] [226/296] TCBD
[09:30:33] [227/296] ESBD
[09:30:34] [228/296] GDCU
[09:30:35] [229/296] SNKT
[09:30:36] [230/296] SRNK
[09:30:37] [231/296] SMED
[09:30:38] [232/296] CSQS
[09:30:39] [233/296] ALCS
[09:30:40] [234/296] KCKN
[09:30:41] [235/296] VCCL
[09:30:42] [236/296] MCDA
[09:30:43] [237/296] SHMI
[09:30:43] [238/296] SKHA
[09:30:44] [239/296] SVFK
[09:30:45] [240/296] INVB
[09:30:46] [241/296] MELD
[09:30:47] [242/296] JTYS
[09:30:48] [243/296] INCM
[09:30:48] [244/296] MCDV
[09:30:49] [245/296] KSGK
[09:30:50] [246/296] ICMG
[09:30:51] [247/296] CSCV
[09:30:53] [248/296] STMD
[09:30:54] [249/296] STTR
[09:30:54] [250/296] INVC
[09:30:55] [251/296] JTBL
[09:30:56] [252/296] SRVV
[09:30:57] [253/296] MAVC
[09:30:58] [254/296] SRPP
[09:30:58] [255/296] JGDM
[09:30:59] [256/296] MBSJ
[09:31:00] [257/296] SSLL
[09:31:01] [258/296] SLKP
[09:31:02] [259/296] NSRV
[09:31:02] [260/296] UTDV
[09:31:03] [261/296] KICM
[09:31:04] [262/296] KCMD
[09:31:05] [263/296] TTPP
[09:31:06] [264/296] KMPV
[09:31:06] [265/296] SKTV
[09:31:07] [266/296] STCV
[09:31:08] [267/296] SRDA
[09:31:09] [268/296] JTSX
[09:31:10] [269/296] STBV
[09:31:10] [270/296] APVZ
[09:31:11] [271/296] GSTV
[09:31:12] [272/296] NMVS
[09:31:13] [273/296] SKRT
[09:31:14] [274/296] RMDV
[09:31:15] [275/296] RATG
[09:31:16] [276/296] SJYV
[09:31:17] [277/296] NDGP
[09:31:18] [278/296] SNDG
[09:31:18] [279/296] INSR
[09:31:19] [280/296] INSO
[09:31:20] [281/296] CCSI
[09:31:21] [282/296] RASM
[09:31:22] [283/296] NEWC
[09:31:22] [284/296] VSHL
[09:31:23] [285/296] BISW
[09:31:24] [286/296] GCNG
[09:31:25] [287/296] CWSC
[09:31:26] [288/296] SKAN
[09:31:26] [289/296] SEHP
[09:31:27] [290/296] CCOA
[09:31:28] [291/296] MCAJ
[09:31:30] [292/296] ACDE
[09:31:30] [293/296] AACM
[09:31:31] [294/296] JJCK
[09:31:32] [295/296] RCMO
[09:31:33] [296/296] GDAW
[09:31:34] 🧹 Deduping shows
[09:31:34] ✅ DONE | Shows=1098 | Movies=47
[10:43:19] 🚀 SCRIPT STARTED
[10:43:19] [1/296] CDCA
[10:43:19] 🧠 New identity created
[10:43:20] [2/296] MNSR
[10:43:21] [3/296] CSSL
[10:43:22] [4/296] BGGM
[10:43:23] [5/296] MANT
[10:43:24] [6/296] SOOY
[10:43:25] [7/296] VPPK
[10:43:26] [8/296] MYHJ
[10:43:28] [9/296] KSCK
[10:43:29] [10/296] KATK
[10:43:30] [11/296] RTRT
[10:43:31] [12/296] SSTT
[10:43:31] [13/296] SSTV
[10:43:32] [14/296] LACM
[10:43:33] [15/296] SGMG
[10:43:34] [16/296] KACX
[10:43:35] [17/296] GVCP
[10:43:36] [18/296] CSNC
[10:43:37] [19/296] SXCB
[10:43:38] [20/296] BAHS
[10:43:38] [21/296] PCBI
[10:43:39] [22/296] PSSM
[10:43:40] [23/296] RCOK
[10:43:41] [24/296] SCPF
[10:43:42] [25/296] SSAS
[10:43:43] [26/296] EVMM
[10:43:44] [27/296] SYCB
[10:43:44] [28/296] GCKI
[10:43:45] [29/296] IAET
[10:43:46] [30/296] DDTD
[10:43:47] [31/296] GMDH
[10:43:48] [32/296] STLE
[10:43:48] [33/296] JTRA
[10:43:49] [34/296] RPPA
[10:43:50] [35/296] ARUT
[10:43:51] [36/296] JTVM
[10:43:52] [37/296] SWRH
[10:43:53] [38/296] DCPC
[10:43:53] [39/296] RAPR
[10:43:54] [40/296] GCRT
[10:43:55] [41/296] ATUN
[10:43:56] [42/296] LTRM
[10:43:57] [43/296] TASR
[10:43:58] [44/296] RLLC
[10:43:59] [45/296] MABI
[10:44:00] [46/296] SVHB
[10:44:00] [47/296] NVTB
[10:44:01] [48/296] KCKG
[10:44:02] [49/296] SSRN
[10:44:03] [50/296] VDDC
[10:44:04] [51/296] GKTK
[10:44:05] [52/296] YFSN
[10:44:05] [53/296] GCSG
[10:44:06] [54/296] ESSM
[10:44:07] [55/296] KRIH
[10:44:08] [56/296] GCDS
[10:44:09] [57/296] CCSH
[10:44:09] [58/296] ACSK
[10:44:10] [59/296] APRK
[10:44:11] [60/296] ADKM
[10:44:12] [61/296] SRDM
[10:44:13] [62/296] RMOG
[10:44:13] [63/296] SJMY
[10:44:14] [64/296] PGGC
[10:44:16] [65/296] INGM
[10:44:17] [66/296] LSCB
[10:44:18] [67/296] STAD
[10:44:18] [68/296] MCCR
[10:44:19] [69/296] ABCC
[10:44:20] [70/296] RKCC
[10:44:21] [71/296] RTCR
[10:44:22] [72/296] GGBC
[10:44:22] [73/296] GCSD
[10:44:23] [74/296] LPTY
[10:44:24] [75/296] MCFD
[10:44:25] [76/296] HENN
[10:44:26] [77/296] SMKU
[10:44:27] [78/296] TNZC
[10:44:28] [79/296] DRCD
[10:44:29] [80/296] DLCD
[10:44:29] [81/296] RCDA
[10:44:30] [82/296] COSM
[10:44:31] [83/296] MCMJ
[10:44:32] [84/296] CSTR
[10:44:33] [85/296] CVDK
[10:44:34] [86/296] INRR
[10:44:34] [87/296] RJRT
[10:44:35] [88/296] IRMR
[10:44:36] [89/296] SRCF
[10:44:37] [90/296] GRCR
[10:44:38] [91/296] SURC
[10:44:39] [92/296] NMNH
[10:44:40] [93/296] SVBL
[10:44:42] [94/296] KACI
[10:44:43] [95/296] TDGO
[10:44:44] [96/296] KTBR
[10:44:45] [97/296] PMAD
[10:44:46] [98/296] CCPN
[10:44:46] [99/296] SBTK
[10:44:47] [100/296] LMDK
[10:44:48] [101/296] PGDA
[10:44:50] [102/296] SRML
[10:44:51] [103/296] EVCK
[10:44:52] [104/296] RTTK
[10:44:52] [105/296] SRTU
[10:44:53] [106/296] VRSA
[10:44:54] [107/296] VARS
[10:44:55] [108/296] DSCZ
[10:44:56] [109/296] GAGA
[10:44:57] [110/296] SARV
[10:44:58] [111/296] SEEG
[10:44:59] [112/296] GLCA
[10:45:00] [113/296] APAS
[10:45:01] [114/296] VCIA
[10:45:01] [115/296] SJTA
[10:45:03] [116/296] SABM
[10:45:04] [117/296] PPAG
[10:45:05] [118/296] RVCA
[10:45:06] [119/296] CCIA
[10:45:07] [120/296] HTAG
[10:45:07] [121/296] SMBI
[10:45:08] [122/296] MCJR
[10:45:09] [123/296] CCJR
[10:45:10] [124/296] SINF
[10:45:11] [125/296] CPLX
[10:45:11] [126/296] KKTJ
[10:45:12] [127/296] GDBW
[10:45:13] [128/296] CSUB
[10:45:14] [129/296] DABA
[10:45:15] [130/296] TITR
[10:45:15] [131/296] NYCR
[10:45:16] [132/296] RTRY
[10:45:17] [133/296] JTJL
[10:45:18] [134/296] SJCP
[10:45:19] [135/296] KCCA
[10:45:20] [136/296] MLPG
[10:45:20] [137/296] VRCK
[10:45:21] [138/296] SRIN
[10:45:22] [139/296] CXMK
[10:45:23] [140/296] SKAD
[10:45:24] [141/296] AVTR
[10:45:24] [142/296] PTAJ
[10:45:25] [143/296] SCNK
[10:45:26] [144/296] STTI
[10:45:27] [145/296] KACR
[10:45:28] [146/296] SSDX
[10:45:29] [147/296] VRTJ
[10:45:29] [148/296] RAJD
[10:45:31] [149/296] SCIP
[10:45:32] [150/296] RJSL
[10:45:32] [151/296] ARRS
[10:45:33] [152/296] ASMS
[10:45:34] [153/296] RDTS
[10:45:35] [154/296] DVMY
[10:45:36] [155/296] RASA
[10:45:37] [156/296] INOM
[10:45:38] [157/296] SPRS
[10:45:39] [158/296] SGCS
[10:45:40] [159/296] SALM
[10:45:41] [160/296] PKHC
[10:45:41] [161/296] RCSV
[10:45:42] [162/296] CPKC
[10:45:43] [163/296] AACD
[10:45:44] [164/296] GGCV
[10:45:44] [165/296] SMKD
[10:45:45] [166/296] NBCH
[10:45:46] [167/296] AMCB
[10:45:47] [168/296] OPCN
[10:45:48] [169/296] DCIN
[10:45:48] [170/296] INGW
[10:45:50] [171/296] PKKW
[10:45:51] [172/296] FNGW
[10:45:52] [173/296] GCGD
[10:45:53] [174/296] MSTW
[10:45:54] [175/296] KCCG
[10:45:54] [176/296] MRSS
[10:45:55] [177/296] CLCF
[10:45:56] [178/296] EETS
[10:45:57] [179/296] AATR
[10:45:58] [180/296] CMMN
[10:45:59] [181/296] SCCJ
[10:46:00] [182/296] CDTK
[10:46:01] [183/296] AICP
[10:46:02] [184/296] FNBP
[10:46:03] [185/296] CBPB
[10:46:04] [186/296] CPAS
[10:46:06] [187/296] MAPM
[10:46:06] [188/296] PASD
[10:46:07] [189/296] JCMN
[10:46:09] [190/296] MALB
[10:46:09] [191/296] SACG
[10:46:10] [192/296] DDRX
[10:46:11] [193/296] DDXB
[10:46:12] [194/296] RAMC
[10:46:13] [195/296] SANC
[10:46:14] [196/296] BCBP
[10:46:15] [197/296] ALPC
[10:46:16] [198/296] RBAC
[10:46:17] [199/296] RAJL
[10:46:18] [200/296] MPDX
[10:46:19] [201/296] MUSC
[10:46:19] [202/296] VKMK
[10:46:20] [203/296] SKCG
[10:46:21] [204/296] ANCN
[10:46:22] [205/296] MMCJ
[10:46:23] [206/296] DCAK
[10:46:24] [207/296] SCKG
[10:46:25] [208/296] LMCK
[10:46:25] [209/296] CKKX
[10:46:26] [210/296] ANKU
[10:46:27] [211/296] CSMD
[10:46:28] [212/296] MKMP
[10:46:29] [213/296] SVBG
[10:46:30] [214/296] ROOP
[10:46:30] [215/296] GDMT
[10:46:31] [216/296] FPPF
[10:46:32] [217/296] SFUU
[10:46:33] [218/296] ANCB
[10:46:34] [219/296] SMMC
[10:46:35] [220/296] UGKT
[10:46:35] [221/296] JVRM
[10:46:36] [222/296] BATG
[10:46:37] [223/296] RATE
[10:46:38] [224/296] SKME
[10:46:39] [225/296] LMTP
[10:46:40] [226/296] TCBD
[10:46:41] [227/296] ESBD
[10:46:42] [228/296] GDCU
[10:46:42] [229/296] SNKT
[10:46:44] [230/296] SRNK
[10:46:45] [231/296] SMED
[10:46:45] [232/296] CSQS
[10:46:46] [233/296] ALCS
[10:46:47] [234/296] KCKN
[10:46:48] [235/296] VCCL
[10:46:48] [236/296] MCDA
[10:46:50] [237/296] SHMI
[10:46:51] [238/296] SKHA
[10:46:52] [239/296] SVFK
[10:46:53] [240/296] INVB
[10:46:54] [241/296] MELD
[10:46:54] [242/296] JTYS
[10:46:55] [243/296] INCM
[10:46:56] [244/296] MCDV
[10:46:57] [245/296] KSGK
[10:46:58] [246/296] ICMG
[10:46:59] [247/296] CSCV
[10:46:59] [248/296] STMD
[10:47:00] [249/296] STTR
[10:47:01] [250/296] INVC
[10:47:02] [251/296] JTBL
[10:47:04] [252/296] SRVV
[10:47:05] [253/296] MAVC
[10:47:06] [254/296] SRPP
[10:47:06] [255/296] JGDM
[10:47:08] [256/296] MBSJ
[10:47:09] [257/296] SSLL
[10:47:10] [258/296] SLKP
[10:47:11] [259/296] NSRV
[10:47:11] [260/296] UTDV
[10:47:12] [261/296] KICM
[10:47:13] [262/296] KCMD
[10:47:14] [263/296] TTPP
[10:47:15] [264/296] KMPV
[10:47:15] [265/296] SKTV
[10:47:16] [266/296] STCV
[10:47:17] [267/296] SRDA
[10:47:18] [268/296] JTSX
[10:47:18] [269/296] STBV
[10:47:19] [270/296] APVZ
[10:47:20] [271/296] GSTV
[10:47:21] [272/296] NMVS
[10:47:22] [273/296] SKRT
[10:47:23] [274/296] RMDV
[10:47:23] [275/296] RATG
[10:47:24] [276/296] SJYV
[10:47:25] [277/296] NDGP
[10:47:26] [278/296] SNDG
[10:47:27] [279/296] INSR
[10:47:27] [280/296] INSO
[10:47:28] [281/296] CCSI
[10:47:29] [282/296] RASM
[10:47:30] [283/296] NEWC
[10:47:31] [284/296] VSHL
[10:47:32] [285/296] BISW
[10:47:32] [286/296] GCNG
[10:47:33] [287/296] CWSC
[10:47:35] [288/296] SKAN
[10:47:35] [289/296] SEHP
[10:47:37] [290/296] CCOA
[10:47:38] [291/296] MCAJ
[10:47:39] [292/296] ACDE
[10:47:40] [293/296] AACM
[10:47:41] [294/296] JJCK
[10:47:42] [295/296] RCMO
[10:47:43] [296/296] GDAW
[10:47:44] 🧹 Deduping shows
[10:47:44] ✅ DONE | Shows=1135 | Movies=48
