[02:39:21] 🚀 SCRIPT STARTED
[02:39:21] [1/324] GCTA
[02:39:21] 🧠 New identity created
[02:39:23] [2/324] TOPN
[02:39:24] [3/324] MCUS
[02:39:25] [4/324] SHRL
[02:39:26] [5/324] UPTP
[02:39:27] [6/324] TMMP
[02:39:28] [7/324] DNRP
[02:39:29] [8/324] SRLT
[02:39:30] [9/324] RCNS
[02:39:31] [10/324] DCBH
[02:39:32] [11/324] NAGJ
[02:39:33] [12/324] JVRC
[02:39:34] [13/324] KRJG
[02:39:35] [14/324] SRTJ
[02:39:35] [15/324] CMXM
[02:39:36] [16/324] STMI
[02:39:37] [17/324] SLST
[02:39:38] [18/324] DTCN
[02:39:39] [19/324] STYN
[02:39:40] [20/324] SZVR
[02:39:41] [21/324] SRKO
[02:39:42] [22/324] JTGT
[02:39:43] [23/324] SVFD
[02:39:44] [24/324] SISD
[02:39:45] [25/324] ABDD
[02:39:45] [26/324] DRCA
[02:39:47] [27/324] AVCS
[02:39:48] [28/324] MVKH
[02:39:49] [29/324] ACPR
[02:39:50] [30/324] STIP
[02:39:51] [31/324] MTRA
[02:39:53] [32/324] RMKH
[02:39:54] [33/324] NKRL
[02:39:55] [34/324] PCWN
[02:39:55] [35/324] BLMT
[02:39:57] [36/324] GDPG
[02:39:58] [37/324] SRMX
[02:40:00] [38/324] JACP
[02:40:01] [39/324] CPSH
[02:40:02] [40/324] MCCD
[02:40:03] [41/324] ECGH
[02:40:04] [42/324] MKCK
[02:40:04] [43/324] SRMM
[02:40:05] [44/324] SKYR
[02:40:07] [45/324] PCKC
[02:40:07] [46/324] JCMA
[02:40:08] [47/324] BSMP
[02:40:09] [48/324] VSPA
[02:40:10] [49/324] DJYA
[02:40:11] [50/324] DIMP
[02:40:12] [51/324] FXDR
[02:40:13] [52/324] SSRC
[02:40:14] [53/324] STHP
[02:40:14] [54/324] CPPD
[02:40:16] [55/324] FCLK
[02:40:17] [56/324] SCPP
[02:40:18] [57/324] DCMJ
[02:40:19] [58/324] RCCR
[02:40:20] [59/324] INMT
[02:40:21] [60/324] LXTK
[02:40:22] [61/324] SRYK
[02:40:22] [62/324] SGDK
[02:40:23] [63/324] PPKA
[02:40:24] [64/324] SPKA
[02:40:26] [65/324] CGHH
[02:40:27] [66/324] DCJN
[02:40:28] [67/324] SRKV
[02:40:29] [68/324] SAJC
[02:40:30] [69/324] SUSR
[02:40:31] [70/324] STYG
[02:40:31] [71/324] NTKP
[02:40:32] [72/324] AKTG
[02:40:33] [73/324] CGCM
[02:40:34] [74/324] TULC
[02:40:35] [75/324] NYYZ
[02:40:36] [76/324] NYBW
[02:40:37] [77/324] MACB
[02:40:38] [78/324] SLVT
[02:40:39] [79/324] SANA
[02:40:40] [80/324] ACMR
[02:40:41] [81/324] CPKN
[02:40:42] [82/324] DLGK
[02:40:43] [83/324] CWCK
[02:40:44] [84/324] FDDH
[02:40:44] [85/324] MMMD
[02:40:45] [86/324] CMEH
[02:40:46] [87/324] GGGV
[02:40:47] [88/324] SPJL
[02:40:49] [89/324] RCCD
[02:40:50] [90/324] STTZ
[02:40:50] [91/324] BTCF
[02:40:51] [92/324] TSTZ
[02:40:52] [93/324] IPMM
[02:40:53] [94/324] PMPW
[02:40:54] [95/324] PCMZ
[02:40:55] [96/324] ESEM
[02:40:56] [97/324] PIPO
[02:40:56] [98/324] MATK
[02:40:57] [99/324] PGHM
[02:40:58] [100/324] CTSR
[02:40:59] [101/324] CYKR
[02:41:00] [102/324] MSCM
[02:41:01] [103/324] RFNP
[02:41:02] [104/324] PDCP
[02:41:03] [105/324] NPSE
[02:41:03] [106/324] MKML
[02:41:04] [107/324] FTDP
[02:41:05] [108/324] MMXA
[02:41:06] [109/324] CEPO
[02:41:07] [110/324] CMVP
[02:41:09] [111/324] SGTH
[02:41:10] [112/324] SAYN
[02:41:10] [113/324] URVS
[02:41:11] [114/324] VJTN
[02:41:12] [115/324] BBYK
[02:41:13] [116/324] SHBO
[02:41:14] [117/324] VCMR
[02:41:15] [118/324] MACT
[02:41:16] [119/324] JMNP
[02:41:17] [120/324] VICS
[02:41:18] [121/324] VCDA
[02:41:19] [122/324] GCMM
[02:41:19] [123/324] INVS
[02:41:20] [124/324] SCGM
[02:41:21] [125/324] PCDA
[02:41:22] [126/324] KDCT
[02:41:23] [127/324] JACS
[02:41:23] [128/324] GMMC
[02:41:24] [129/324] AICM
[02:41:25] [130/324] TJCM
[02:41:26] [131/324] RMTI
[02:41:27] [132/324] SHAC
[02:41:28] [133/324] APJC
[02:41:28] [134/324] GCTG
[02:41:29] [135/324] SSMC
[02:41:31] [136/324] THRM
[02:41:32] [137/324] RBCT
[02:41:33] [138/324] DIKT
[02:41:35] [139/324] MIDL
[02:41:35] [140/324] VCSN
[02:41:36] [141/324] SKTG
[02:41:37] [142/324] SMWC
[02:41:38] [143/324] MNKH
[02:41:39] [144/324] PIAT
[02:41:41] [145/324] LTTP
[02:41:42] [146/324] PTPU
[02:41:43] [147/324] ACMG
[02:41:43] [148/324] SHMM
[02:41:44] [149/324] MCMN
[02:41:45] [150/324] GLDC
[02:41:46] [151/324] HOUT
[02:41:47] [152/324] SVRP
[02:41:48] [153/324] PVDN
[02:41:49] [154/324] SCPY
[02:41:49] [155/324] DTPY
[02:41:51] [156/324] GKCS
[02:41:52] [157/324] NCAM
[02:41:53] [158/324] BSRM
[02:41:54] [159/324] RCLC
[02:41:54] [160/324] SKKD
[02:41:55] [161/324] ACHU
[02:41:56] [162/324] RSCF
[02:41:58] [163/324] IMSH
[02:41:59] [164/324] MACX
[02:42:01] [165/324] HMMW
[02:42:01] [166/324] JTCP
[02:42:02] [167/324] SREN
[02:42:03] [168/324] PJRR
[02:42:04] [169/324] INAC
[02:42:04] [170/324] BMCA
[02:42:05] [171/324] SHCB
[02:42:06] [172/324] GABA
[02:42:07] [173/324] SBCT
[02:42:08] [174/324] GCMA
[02:42:09] [175/324] MYTK
[02:42:10] [176/324] INZS
[02:42:11] [177/324] RMIK
[02:42:11] [178/324] NYCH
[02:42:12] [179/324] RAVE
[02:42:13] [180/324] PSXM
[02:42:14] [181/324] MCGP
[02:42:15] [182/324] PDDK
[02:42:16] [183/324] SPCK
[02:42:16] [184/324] MCRL
[02:42:17] [185/324] MHKT
[02:42:18] [186/324] ANRR
[02:42:19] [187/324] SAPK
[02:42:20] [188/324] NCUK
[02:42:21] [189/324] JUGA
[02:42:22] [190/324] DBSC
[02:42:23] [191/324] LALK
[02:42:23] [192/324] GUCK
[02:42:24] [193/324] STSG
[02:42:25] [194/324] PPPZ
[02:42:26] [195/324] CNCY
[02:42:27] [196/324] MTAR
[02:42:27] [197/324] VNKD
[02:42:28] [198/324] KMAJ
[02:42:29] [199/324] ACXK
[02:42:30] [200/324] UTKC
[02:42:31] [201/324] PBLK
[02:42:32] [202/324] ACBX
[02:42:32] [203/324] PTGM
[02:42:33] [204/324] BTDA
[02:42:34] [205/324] PJMB
[02:42:35] [206/324] TPDA
[02:42:36] [207/324] AMOE
[02:42:36] [208/324] PRHT
[02:42:37] [209/324] PRTA
[02:42:38] [210/324] STAM
[02:42:39] [211/324] MSAA
[02:42:40] [212/324] SDLU
[02:42:41] [213/324] RCHH
[02:42:42] [214/324] KANT
[02:42:43] [215/324] FCRT
[02:42:44] [216/324] DNKM
[02:42:45] [217/324] RYCP
[02:42:46] [218/324] MYRP
[02:42:47] [219/324] PPAK
[02:42:48] [220/324] NVPK
[02:42:49] [221/324] PRMC
[02:42:50] [222/324] JBCS
[02:42:50] [223/324] GXCK
[02:42:52] [224/324] USKO
[02:42:53] [225/324] GTEM
[02:42:54] [226/324] SMBU
[02:42:54] [227/324] VETC
[02:42:56] [228/324] LCDA
[02:42:58] [229/324] MTVT
[02:42:59] [230/324] PYCP
[02:43:00] [231/324] PNSC
[02:43:00] [232/324] PPCC
[02:43:01] [233/324] TGRT
[02:43:02] [234/324] JYOT
[02:43:03] [235/324] SRCZ
[02:43:04] [236/324] SJTE
[02:43:05] [237/324] DESC
[02:43:06] [238/324] JHVN
[02:43:07] [239/324] IPSG
[02:43:08] [240/324] IPCM
[02:43:09] [241/324] PDRS
[02:43:11] [242/324] ANCV
[02:43:12] [243/324] CMVV
[02:43:13] [244/324] SHYP
[02:43:14] [245/324] DNCS
[02:43:15] [246/324] GAJK
[02:43:16] [247/324] AKTN
[02:43:17] [248/324] KAYA
[02:43:18] [249/324] SBRC
[02:43:19] [250/324] CHTP
[02:43:20] [251/324] SHRT
[02:43:21] [252/324] BCKU
[02:43:22] [253/324] FCPS
[02:43:22] [254/324] ARDD
[02:43:24] [255/324] CPCM
[02:43:25] [256/324] CGSM
[02:43:26] [257/324] PSMP
[02:43:27] [258/324] SDAL
[02:43:28] [259/324] RTNB
[02:43:29] [260/324] LMCR
[02:43:31] [261/324] CIMA
[02:43:32] [262/324] RNAS
[02:43:32] [263/324] LITH
[02:43:33] [264/324] PBOX
[02:43:34] [265/324] FRTS
[02:43:35] [266/324] RKIC
[02:43:36] [267/324] PTAI
[02:43:37] [268/324] GCIC
[02:43:38] [269/324] FNAS
[02:43:39] [270/324] SCAR
[02:43:40] [271/324] MTCA
[02:43:40] [272/324] SCTS
[02:43:41] [273/324] SYCS
[02:43:42] [274/324] RDMS
[02:43:43] [275/324] KAMP
[02:43:44] [276/324] ERSD
[02:43:45] [277/324] MJMJ
[02:43:45] [278/324] SRCJ
[02:43:46] [279/324] SCXE
[02:43:48] [280/324] SVFR
[02:43:50] [281/324] BHCS
[02:43:51] [282/324] IMCC
[02:43:52] [283/324] PCBO
[02:43:54] [284/324] PRVN
[02:43:55] [285/324] AUPM
[02:43:56] [286/324] INBW
[02:43:57] [287/324] SVCW
[02:43:57] [288/324] RKCF
[02:43:58] [289/324] UVBH
[02:43:59] [290/324] DNCY
[02:44:00] [291/324] ABCN
[02:44:01] [292/324] PRUR
[02:44:02] [293/324] PFMR
[02:44:04] [294/324] RKCN
[02:44:05] [295/324] CFEA
[02:44:05] [296/324] SDBG
[02:44:06] [297/324] SNAR
[02:44:07] [298/324] YISI
[02:44:08] [299/324] JCFF
[02:44:09] [300/324] VTRK
[02:44:10] [301/324] PCLZ
[02:44:11] [302/324] DIMY
[02:44:12] [303/324] BBTS
[02:44:13] [304/324] GATH
[02:44:14] [305/324] GTMN
[02:44:16] [306/324] VTMH
[02:44:16] [307/324] CCKP
[02:44:17] [308/324] GPKA
[02:44:19] [309/324] MHCL
[02:44:20] [310/324] ATCL
[02:44:21] [311/324] SBCK
[02:44:21] [312/324] AMMR
[02:44:22] [313/324] MADC
[02:44:23] [314/324] TMMA
[02:44:24] [315/324] CACC
[02:44:25] [316/324] CHAL
[02:44:26] [317/324] DURG
[02:44:27] [318/324] GMKU
[02:44:28] [319/324] GECA
[02:44:29] [320/324] KYRR
[02:44:30] [321/324] KSDE
[02:44:31] [322/324] LMCI
[02:44:32] [323/324] NKCP
[02:44:33] [324/324] BGTC
[02:44:33] 🧹 Deduping shows
[02:44:33] ✅ DONE | Shows=1427 | Movies=62
[04:40:55] 🚀 SCRIPT STARTED
[04:40:55] [1/324] GCTA
[04:40:55] 🧠 New identity created
[04:40:56] [2/324] TOPN
[04:40:57] [3/324] MCUS
[04:40:58] [4/324] SHRL
[04:40:58] [5/324] UPTP
[04:40:59] [6/324] TMMP
[04:41:00] [7/324] DNRP
[04:41:01] [8/324] SRLT
[04:41:03] [9/324] RCNS
[04:41:04] [10/324] DCBH
[04:41:05] [11/324] NAGJ
[04:41:06] [12/324] JVRC
[04:41:06] [13/324] KRJG
[04:41:07] [14/324] SRTJ
[04:41:08] [15/324] CMXM
[04:41:09] [16/324] STMI
[04:41:10] [17/324] SLST
[04:41:11] [18/324] DTCN
[04:41:11] [19/324] STYN
[04:41:12] [20/324] SZVR
[04:41:13] [21/324] SRKO
[04:41:14] [22/324] JTGT
[04:41:15] [23/324] SVFD
[04:41:16] [24/324] SISD
[04:41:17] [25/324] ABDD
[04:41:18] [26/324] DRCA
[04:41:19] [27/324] AVCS
[04:41:20] [28/324] MVKH
[04:41:21] [29/324] ACPR
[04:41:22] [30/324] STIP
[04:41:23] [31/324] MTRA
[04:41:24] [32/324] RMKH
[04:41:24] [33/324] NKRL
[04:41:25] [34/324] PCWN
[04:41:26] [35/324] BLMT
[04:41:27] [36/324] GDPG
[04:41:28] [37/324] SRMX
[04:41:29] [38/324] JACP
[04:41:29] [39/324] CPSH
[04:41:30] [40/324] MCCD
[04:41:31] [41/324] ECGH
[04:41:32] [42/324] MKCK
[04:41:33] [43/324] SRMM
[04:41:33] [44/324] SKYR
[04:41:34] [45/324] PCKC
[04:41:35] [46/324] JCMA
[04:41:36] [47/324] BSMP
[04:41:37] [48/324] VSPA
[04:41:38] [49/324] DJYA
[04:41:38] [50/324] DIMP
[04:41:39] [51/324] FXDR
[04:41:40] [52/324] SSRC
[04:41:41] [53/324] STHP
[04:41:41] [54/324] CPPD
[04:41:42] [55/324] FCLK
[04:41:43] [56/324] SCPP
[04:41:44] [57/324] DCMJ
[04:41:45] [58/324] RCCR
[04:41:45] [59/324] INMT
[04:41:46] [60/324] LXTK
[04:41:47] [61/324] SRYK
[04:41:48] [62/324] SGDK
[04:41:48] [63/324] PPKA
[04:41:50] [64/324] SPKA
[04:41:51] [65/324] CGHH
[04:41:52] [66/324] DCJN
[04:41:53] [67/324] SRKV
[04:41:53] [68/324] SAJC
[04:41:54] [69/324] SUSR
[04:41:55] [70/324] STYG
[04:41:56] [71/324] NTKP
[04:41:57] [72/324] AKTG
[04:41:58] [73/324] CGCM
[04:41:59] [74/324] TULC
[04:41:59] [75/324] NYYZ
[04:42:00] [76/324] NYBW
[04:42:01] [77/324] MACB
[04:42:02] [78/324] SLVT
[04:42:03] [79/324] SANA
[04:42:04] [80/324] ACMR
[04:42:05] [81/324] CPKN
[04:42:06] [82/324] DLGK
[04:42:07] [83/324] CWCK
[04:42:08] [84/324] FDDH
[04:42:09] [85/324] MMMD
[04:42:10] [86/324] CMEH
[04:42:11] [87/324] GGGV
[04:42:12] [88/324] SPJL
[04:42:13] [89/324] RCCD
[04:42:13] [90/324] STTZ
[04:42:14] [91/324] BTCF
[04:42:15] [92/324] TSTZ
[04:42:16] [93/324] IPMM
[04:42:17] [94/324] PMPW
[04:42:18] [95/324] PCMZ
[04:42:19] [96/324] ESEM
[04:42:20] [97/324] PIPO
[04:42:21] [98/324] MATK
[04:42:22] [99/324] PGHM
[04:42:23] [100/324] CTSR
[04:42:24] [101/324] CYKR
[04:42:25] [102/324] MSCM
[04:42:25] [103/324] RFNP
[04:42:26] [104/324] PDCP
[04:42:27] [105/324] NPSE
[04:42:28] [106/324] MKML
[04:42:30] [107/324] FTDP
[04:42:30] [108/324] MMXA
[04:42:31] [109/324] CEPO
[04:42:32] [110/324] CMVP
[04:42:33] [111/324] SGTH
[04:42:34] [112/324] SAYN
[04:42:35] [113/324] URVS
[04:42:36] [114/324] VJTN
[04:42:36] [115/324] BBYK
[04:42:37] [116/324] SHBO
[04:42:38] [117/324] VCMR
[04:42:39] [118/324] MACT
[04:42:40] [119/324] JMNP
[04:42:40] [120/324] VICS
[04:42:41] [121/324] VCDA
[04:42:42] [122/324] GCMM
[04:42:43] [123/324] INVS
[04:42:44] [124/324] SCGM
[04:42:45] [125/324] PCDA
[04:42:46] [126/324] KDCT
[04:42:46] [127/324] JACS
[04:42:47] [128/324] GMMC
[04:42:48] [129/324] AICM
[04:42:49] [130/324] TJCM
[04:42:50] [131/324] RMTI
[04:42:51] [132/324] SHAC
[04:42:52] [133/324] APJC
[04:42:53] [134/324] GCTG
[04:42:53] [135/324] SSMC
[04:42:54] [136/324] THRM
[04:42:55] [137/324] RBCT
[04:42:56] [138/324] DIKT
[04:42:57] [139/324] MIDL
[04:42:57] [140/324] VCSN
[04:42:58] [141/324] SKTG
[04:42:59] [142/324] SMWC
[04:43:00] [143/324] MNKH
[04:43:01] [144/324] PIAT
[04:43:02] [145/324] LTTP
[04:43:02] [146/324] PTPU
[04:43:03] [147/324] ACMG
[04:43:04] [148/324] SHMM
[04:43:05] [149/324] MCMN
[04:43:06] [150/324] GLDC
[04:43:07] [151/324] HOUT
[04:43:08] [152/324] SVRP
[04:43:08] [153/324] PVDN
[04:43:09] [154/324] SCPY
[04:43:10] [155/324] DTPY
[04:43:11] [156/324] GKCS
[04:43:12] [157/324] NCAM
[04:43:13] [158/324] BSRM
[04:43:15] [159/324] RCLC
[04:43:16] [160/324] SKKD
[04:43:17] [161/324] ACHU
[04:43:18] [162/324] RSCF
[04:43:18] [163/324] IMSH
[04:43:19] [164/324] MACX
[04:43:20] [165/324] HMMW
[04:43:21] [166/324] JTCP
[04:43:22] [167/324] SREN
[04:43:23] [168/324] PJRR
[04:43:24] [169/324] INAC
[04:43:25] [170/324] BMCA
[04:43:26] [171/324] SHCB
[04:43:26] [172/324] GABA
[04:43:27] [173/324] SBCT
[04:43:28] [174/324] GCMA
[04:43:30] [175/324] MYTK
[04:43:30] [176/324] INZS
[04:43:32] [177/324] RMIK
[04:43:33] [178/324] NYCH
[04:43:34] [179/324] RAVE
[04:43:35] [180/324] PSXM
[04:43:35] [181/324] MCGP
[04:43:36] [182/324] PDDK
[04:43:37] [183/324] SPCK
[04:43:39] [184/324] MCRL
[04:43:40] [185/324] MHKT
[04:43:41] [186/324] ANRR
[04:43:41] [187/324] SAPK
[04:43:42] [188/324] NCUK
[04:43:43] [189/324] JUGA
[04:43:44] [190/324] DBSC
[04:43:46] [191/324] LALK
[04:43:46] [192/324] GUCK
[04:43:47] [193/324] STSG
[04:43:48] [194/324] PPPZ
[04:43:48] [195/324] CNCY
[04:43:49] [196/324] MTAR
[04:43:50] [197/324] VNKD
[04:43:51] [198/324] KMAJ
[04:43:52] [199/324] ACXK
[04:43:52] [200/324] UTKC
[04:43:53] [201/324] PBLK
[04:43:54] [202/324] ACBX
[04:43:55] [203/324] PTGM
[04:43:56] [204/324] BTDA
[04:43:56] [205/324] PJMB
[04:43:57] [206/324] TPDA
[04:43:58] [207/324] AMOE
[04:43:59] [208/324] PRHT
[04:44:00] [209/324] PRTA
[04:44:01] [210/324] STAM
[04:44:02] [211/324] MSAA
[04:44:02] [212/324] SDLU
[04:44:03] [213/324] RCHH
[04:44:04] [214/324] KANT
[04:44:05] [215/324] FCRT
[04:44:06] [216/324] DNKM
[04:44:07] [217/324] RYCP
[04:44:08] [218/324] MYRP
[04:44:09] [219/324] PPAK
[04:44:10] [220/324] NVPK
[04:44:11] [221/324] PRMC
[04:44:11] [222/324] JBCS
[04:44:12] [223/324] GXCK
[04:44:13] [224/324] USKO
[04:44:14] [225/324] GTEM
[04:44:15] [226/324] SMBU
[04:44:16] [227/324] VETC
[04:44:17] [228/324] LCDA
[04:44:18] [229/324] MTVT
[04:44:18] [230/324] PYCP
[04:44:19] [231/324] PNSC
[04:44:20] [232/324] PPCC
[04:44:21] [233/324] TGRT
[04:44:22] [234/324] JYOT
[04:44:23] [235/324] SRCZ
[04:44:24] [236/324] SJTE
[04:44:25] [237/324] DESC
[04:44:26] [238/324] JHVN
[04:44:27] [239/324] IPSG
[04:44:28] [240/324] IPCM
[04:44:29] [241/324] PDRS
[04:44:30] [242/324] ANCV
[04:44:31] [243/324] CMVV
[04:44:32] [244/324] SHYP
[04:44:33] [245/324] DNCS
[04:44:34] [246/324] GAJK
[04:44:34] [247/324] AKTN
[04:44:35] [248/324] KAYA
[04:44:36] [249/324] SBRC
[04:44:36] [250/324] CHTP
[04:44:37] [251/324] SHRT
[04:44:39] [252/324] BCKU
[04:44:40] [253/324] FCPS
[04:44:41] [254/324] ARDD
[04:44:42] [255/324] CPCM
[04:44:42] [256/324] CGSM
[04:44:43] [257/324] PSMP
[04:44:44] [258/324] SDAL
[04:44:45] [259/324] RTNB
[04:44:47] [260/324] LMCR
[04:44:47] [261/324] CIMA
[04:44:49] [262/324] RNAS
[04:44:50] [263/324] LITH
[04:44:51] [264/324] PBOX
[04:44:52] [265/324] FRTS
[04:44:53] [266/324] RKIC
[04:44:54] [267/324] PTAI
[04:44:54] [268/324] GCIC
[04:44:55] [269/324] FNAS
[04:44:56] [270/324] SCAR
[04:44:57] [271/324] MTCA
[04:44:58] [272/324] SCTS
[04:44:59] [273/324] SYCS
[04:45:00] [274/324] RDMS
[04:45:00] [275/324] KAMP
[04:45:01] [276/324] ERSD
[04:45:02] [277/324] MJMJ
[04:45:03] [278/324] SRCJ
[04:45:04] [279/324] SCXE
[04:45:05] [280/324] SVFR
[04:45:05] [281/324] BHCS
[04:45:07] [282/324] IMCC
[04:45:07] [283/324] PCBO
[04:45:08] [284/324] PRVN
[04:45:09] [285/324] AUPM
[04:45:10] [286/324] INBW
[04:45:11] [287/324] SVCW
[04:45:12] [288/324] RKCF
[04:45:12] [289/324] UVBH
[04:45:13] [290/324] DNCY
[04:45:14] [291/324] ABCN
[04:45:15] [292/324] PRUR
[04:45:16] [293/324] PFMR
[04:45:17] [294/324] RKCN
[04:45:17] [295/324] CFEA
[04:45:18] [296/324] SDBG
[04:45:19] [297/324] SNAR
[04:45:19] [298/324] YISI
[04:45:20] [299/324] JCFF
[04:45:21] [300/324] VTRK
[04:45:22] [301/324] PCLZ
[04:45:23] [302/324] DIMY
[04:45:24] [303/324] BBTS
[04:45:24] [304/324] GATH
[04:45:26] [305/324] GTMN
[04:45:28] [306/324] VTMH
[04:45:29] [307/324] CCKP
[04:45:30] [308/324] GPKA
[04:45:30] [309/324] MHCL
[04:45:31] [310/324] ATCL
[04:45:32] [311/324] SBCK
[04:45:33] [312/324] AMMR
[04:45:35] [313/324] MADC
[04:45:37] [314/324] TMMA
[04:45:37] [315/324] CACC
[04:45:38] [316/324] CHAL
[04:45:39] [317/324] DURG
[04:45:40] [318/324] GMKU
[04:45:41] [319/324] GECA
[04:45:41] [320/324] KYRR
[04:45:42] [321/324] KSDE
[04:45:43] [322/324] LMCI
[04:45:44] [323/324] NKCP
[04:45:45] [324/324] BGTC
[04:45:46] 🧹 Deduping shows
[04:45:46] ✅ DONE | Shows=1427 | Movies=62
[08:24:04] 🚀 SCRIPT STARTED
[08:24:04] [1/324] GCTA
[08:24:04] 🧠 New identity created
[08:24:05] [2/324] TOPN
[08:24:05] [3/324] MCUS
[08:24:06] [4/324] SHRL
[08:24:07] [5/324] UPTP
[08:24:08] [6/324] TMMP
[08:24:09] [7/324] DNRP
[08:24:09] [8/324] SRLT
[08:24:10] [9/324] RCNS
[08:24:11] [10/324] DCBH
[08:24:12] [11/324] NAGJ
[08:24:13] [12/324] JVRC
[08:24:14] [13/324] KRJG
[08:24:15] [14/324] SRTJ
[08:24:15] [15/324] CMXM
[08:24:16] [16/324] STMI
[08:24:17] [17/324] SLST
[08:24:18] [18/324] DTCN
[08:24:18] [19/324] STYN
[08:24:19] [20/324] SZVR
[08:24:20] [21/324] SRKO
[08:24:21] [22/324] JTGT
[08:24:23] [23/324] SVFD
[08:24:23] [24/324] SISD
[08:24:24] [25/324] ABDD
[08:24:25] [26/324] DRCA
[08:24:26] [27/324] AVCS
[08:24:27] [28/324] MVKH
[08:24:28] [29/324] ACPR
[08:24:29] [30/324] STIP
[08:24:29] [31/324] MTRA
[08:24:30] [32/324] RMKH
[08:24:31] [33/324] NKRL
[08:24:32] [34/324] PCWN
[08:24:33] [35/324] BLMT
[08:24:34] [36/324] GDPG
[08:24:34] [37/324] SRMX
[08:24:35] [38/324] JACP
[08:24:36] [39/324] CPSH
[08:24:37] [40/324] MCCD
[08:24:38] [41/324] ECGH
[08:24:39] [42/324] MKCK
[08:24:40] [43/324] SRMM
[08:24:41] [44/324] SKYR
[08:24:42] [45/324] PCKC
[08:24:43] [46/324] JCMA
[08:24:44] [47/324] BSMP
[08:24:44] [48/324] VSPA
[08:24:45] [49/324] DJYA
[08:24:46] [50/324] DIMP
[08:24:47] [51/324] FXDR
[08:24:48] [52/324] SSRC
[08:24:48] [53/324] STHP
[08:24:49] [54/324] CPPD
[08:24:50] [55/324] FCLK
[08:24:51] [56/324] SCPP
[08:24:52] [57/324] DCMJ
[08:24:53] [58/324] RCCR
[08:24:54] [59/324] INMT
[08:24:55] [60/324] LXTK
[08:24:56] [61/324] SRYK
[08:24:56] [62/324] SGDK
[08:24:58] [63/324] PPKA
[08:24:59] [64/324] SPKA
[08:25:00] [65/324] CGHH
[08:25:02] [66/324] DCJN
[08:25:03] [67/324] SRKV
[08:25:04] [68/324] SAJC
[08:25:04] [69/324] SUSR
[08:25:05] [70/324] STYG
[08:25:07] [71/324] NTKP
[08:25:08] [72/324] AKTG
[08:25:09] [73/324] CGCM
[08:25:10] [74/324] TULC
[08:25:10] [75/324] NYYZ
[08:25:11] [76/324] NYBW
[08:25:12] [77/324] MACB
[08:25:13] [78/324] SLVT
[08:25:14] [79/324] SANA
[08:25:15] [80/324] ACMR
[08:25:16] [81/324] CPKN
[08:25:16] [82/324] DLGK
[08:25:17] [83/324] CWCK
[08:25:18] [84/324] FDDH
[08:25:19] [85/324] MMMD
[08:25:20] [86/324] CMEH
[08:25:20] [87/324] GGGV
[08:25:22] [88/324] SPJL
[08:25:22] [89/324] RCCD
[08:25:23] [90/324] STTZ
[08:25:24] [91/324] BTCF
[08:25:25] [92/324] TSTZ
[08:25:26] [93/324] IPMM
[08:25:27] [94/324] PMPW
[08:25:27] [95/324] PCMZ
[08:25:28] [96/324] ESEM
[08:25:29] [97/324] PIPO
[08:25:30] [98/324] MATK
[08:25:31] [99/324] PGHM
[08:25:31] [100/324] CTSR
[08:25:32] [101/324] CYKR
[08:25:33] [102/324] MSCM
[08:25:34] [103/324] RFNP
[08:25:35] [104/324] PDCP
[08:25:36] [105/324] NPSE
[08:25:37] [106/324] MKML
[08:25:38] [107/324] FTDP
[08:25:39] [108/324] MMXA
[08:25:40] [109/324] CEPO
[08:25:40] [110/324] CMVP
[08:25:42] [111/324] SGTH
[08:25:43] [112/324] SAYN
[08:25:43] [113/324] URVS
[08:25:44] [114/324] VJTN
[08:25:45] [115/324] BBYK
[08:25:46] [116/324] SHBO
[08:25:47] [117/324] VCMR
[08:25:48] [118/324] MACT
[08:25:48] [119/324] JMNP
[08:25:49] [120/324] VICS
[08:25:50] [121/324] VCDA
[08:25:51] [122/324] GCMM
[08:25:52] [123/324] INVS
[08:25:53] [124/324] SCGM
[08:25:54] [125/324] PCDA
[08:25:55] [126/324] KDCT
[08:25:55] [127/324] JACS
[08:25:56] [128/324] GMMC
[08:25:57] [129/324] AICM
[08:25:58] [130/324] TJCM
[08:25:59] [131/324] RMTI
[08:26:00] [132/324] SHAC
[08:26:01] [133/324] APJC
[08:26:02] [134/324] GCTG
[08:26:03] [135/324] SSMC
[08:26:04] [136/324] THRM
[08:26:05] [137/324] RBCT
[08:26:06] [138/324] DIKT
[08:26:07] [139/324] MIDL
[08:26:08] [140/324] VCSN
[08:26:09] [141/324] SKTG
[08:26:09] [142/324] SMWC
[08:26:10] [143/324] MNKH
[08:26:11] [144/324] PIAT
[08:26:12] [145/324] LTTP
[08:26:13] [146/324] PTPU
[08:26:14] [147/324] ACMG
[08:26:15] [148/324] SHMM
[08:26:16] [149/324] MCMN
[08:26:16] [150/324] GLDC
[08:26:17] [151/324] HOUT
[08:26:18] [152/324] SVRP
[08:26:19] [153/324] PVDN
[08:26:19] [154/324] SCPY
[08:26:20] [155/324] DTPY
[08:26:21] [156/324] GKCS
[08:26:22] [157/324] NCAM
[08:26:22] [158/324] BSRM
[08:26:23] [159/324] RCLC
[08:26:24] [160/324] SKKD
[08:26:25] [161/324] ACHU
[08:26:26] [162/324] RSCF
[08:26:27] [163/324] IMSH
[08:26:28] [164/324] MACX
[08:26:28] [165/324] HMMW
[08:26:29] [166/324] JTCP
[08:26:30] [167/324] SREN
[08:26:31] [168/324] PJRR
[08:26:33] [169/324] INAC
[08:26:34] [170/324] BMCA
[08:26:35] [171/324] SHCB
[08:26:36] [172/324] GABA
[08:26:36] [173/324] SBCT
[08:26:37] [174/324] GCMA
[08:26:38] [175/324] MYTK
[08:26:39] [176/324] INZS
[08:26:40] [177/324] RMIK
[08:26:41] [178/324] NYCH
[08:26:41] [179/324] RAVE
[08:26:43] [180/324] PSXM
[08:26:44] [181/324] MCGP
[08:26:45] [182/324] PDDK
[08:26:47] [183/324] SPCK
[08:26:48] [184/324] MCRL
[08:26:49] [185/324] MHKT
[08:26:50] [186/324] ANRR
[08:26:51] [187/324] SAPK
[08:26:51] [188/324] NCUK
[08:26:52] [189/324] JUGA
[08:26:53] [190/324] DBSC
[08:26:54] [191/324] LALK
[08:26:55] [192/324] GUCK
[08:26:55] [193/324] STSG
[08:26:57] [194/324] PPPZ
[08:26:58] [195/324] CNCY
[08:26:58] [196/324] MTAR
[08:26:59] [197/324] VNKD
[08:27:00] [198/324] KMAJ
[08:27:01] [199/324] ACXK
[08:27:02] [200/324] UTKC
[08:27:03] [201/324] PBLK
[08:27:03] [202/324] ACBX
[08:27:04] [203/324] PTGM
[08:27:06] [204/324] BTDA
[08:27:07] [205/324] PJMB
[08:27:08] [206/324] TPDA
[08:27:08] [207/324] AMOE
[08:27:09] [208/324] PRHT
[08:27:10] [209/324] PRTA
[08:27:11] [210/324] STAM
[08:27:12] [211/324] MSAA
[08:27:12] [212/324] SDLU
[08:27:13] [213/324] RCHH
[08:27:14] [214/324] KANT
[08:27:15] [215/324] FCRT
[08:27:16] [216/324] DNKM
[08:27:16] [217/324] RYCP
[08:27:17] [218/324] MYRP
[08:27:18] [219/324] PPAK
[08:27:19] [220/324] NVPK
[08:27:20] [221/324] PRMC
[08:27:21] [222/324] JBCS
[08:27:22] [223/324] GXCK
[08:27:23] [224/324] USKO
[08:27:25] [225/324] GTEM
[08:27:26] [226/324] SMBU
[08:27:27] [227/324] VETC
[08:27:27] [228/324] LCDA
[08:27:28] [229/324] MTVT
[08:27:29] [230/324] PYCP
[08:27:30] [231/324] PNSC
[08:27:30] [232/324] PPCC
[08:27:31] [233/324] TGRT
[08:27:32] [234/324] JYOT
[08:27:33] [235/324] SRCZ
[08:27:34] [236/324] SJTE
[08:27:35] [237/324] DESC
[08:27:35] [238/324] JHVN
[08:27:36] [239/324] IPSG
[08:27:37] [240/324] IPCM
[08:27:38] [241/324] PDRS
[08:27:39] [242/324] ANCV
[08:27:40] [243/324] CMVV
[08:27:41] [244/324] SHYP
[08:27:41] [245/324] DNCS
[08:27:42] [246/324] GAJK
[08:27:43] [247/324] AKTN
[08:27:43] [248/324] KAYA
[08:27:44] [249/324] SBRC
[08:27:46] [250/324] CHTP
[08:27:47] [251/324] SHRT
[08:27:48] [252/324] BCKU
[08:27:49] [253/324] FCPS
[08:27:50] [254/324] ARDD
[08:27:51] [255/324] CPCM
[08:27:51] [256/324] CGSM
[08:27:52] [257/324] PSMP
[08:27:53] [258/324] SDAL
[08:27:54] [259/324] RTNB
[08:27:55] [260/324] LMCR
[08:27:56] [261/324] CIMA
[08:27:57] [262/324] RNAS
[08:27:58] [263/324] LITH
[08:27:59] [264/324] PBOX
[08:27:59] [265/324] FRTS
[08:28:01] [266/324] RKIC
[08:28:02] [267/324] PTAI
[08:28:03] [268/324] GCIC
[08:28:03] [269/324] FNAS
[08:28:04] [270/324] SCAR
[08:28:05] [271/324] MTCA
[08:28:06] [272/324] SCTS
[08:28:06] [273/324] SYCS
[08:28:07] [274/324] RDMS
[08:28:08] [275/324] KAMP
[08:28:09] [276/324] ERSD
[08:28:10] [277/324] MJMJ
[08:28:10] [278/324] SRCJ
[08:28:11] [279/324] SCXE
[08:28:12] [280/324] SVFR
[08:28:13] [281/324] BHCS
[08:28:14] [282/324] IMCC
[08:28:15] [283/324] PCBO
[08:28:15] [284/324] PRVN
[08:28:17] [285/324] AUPM
[08:28:18] [286/324] INBW
[08:28:19] [287/324] SVCW
[08:28:20] [288/324] RKCF
[08:28:20] [289/324] UVBH
[08:28:21] [290/324] DNCY
[08:28:22] [291/324] ABCN
[08:28:23] [292/324] PRUR
[08:28:24] [293/324] PFMR
[08:28:25] [294/324] RKCN
[08:28:25] [295/324] CFEA
[08:28:26] [296/324] SDBG
[08:28:28] [297/324] SNAR
[08:28:29] [298/324] YISI
[08:28:29] [299/324] JCFF
[08:28:30] [300/324] VTRK
[08:28:31] [301/324] PCLZ
[08:28:32] [302/324] DIMY
[08:28:33] [303/324] BBTS
[08:28:34] [304/324] GATH
[08:28:35] [305/324] GTMN
[08:28:35] [306/324] VTMH
[08:28:36] [307/324] CCKP
[08:28:37] [308/324] GPKA
[08:28:38] [309/324] MHCL
[08:28:39] [310/324] ATCL
[08:28:40] [311/324] SBCK
[08:28:40] [312/324] AMMR
[08:28:41] [313/324] MADC
[08:28:42] [314/324] TMMA
[08:28:43] [315/324] CACC
[08:28:45] [316/324] CHAL
[08:28:45] [317/324] DURG
[08:28:46] [318/324] GMKU
[08:28:47] [319/324] GECA
[08:28:48] [320/324] KYRR
[08:28:48] [321/324] KSDE
[08:28:50] [322/324] LMCI
[08:28:51] [323/324] NKCP
[08:28:51] [324/324] BGTC
[08:28:52] 🧹 Deduping shows
[08:28:52] ✅ DONE | Shows=1427 | Movies=62
[09:27:05] 🚀 SCRIPT STARTED
[09:27:05] [1/324] GCTA
[09:27:05] 🧠 New identity created
[09:27:06] [2/324] TOPN
[09:27:06] [3/324] MCUS
[09:27:07] [4/324] SHRL
[09:27:08] [5/324] UPTP
[09:27:09] [6/324] TMMP
[09:27:10] [7/324] DNRP
[09:27:10] [8/324] SRLT
[09:27:11] [9/324] RCNS
[09:27:12] [10/324] DCBH
[09:27:13] [11/324] NAGJ
[09:27:14] [12/324] JVRC
[09:27:15] [13/324] KRJG
[09:27:15] [14/324] SRTJ
[09:27:16] [15/324] CMXM
[09:27:17] [16/324] STMI
[09:27:18] [17/324] SLST
[09:27:19] [18/324] DTCN
[09:27:21] [19/324] STYN
[09:27:22] [20/324] SZVR
[09:27:23] [21/324] SRKO
[09:27:24] [22/324] JTGT
[09:27:25] [23/324] SVFD
[09:27:26] [24/324] SISD
[09:27:27] [25/324] ABDD
[09:27:28] [26/324] DRCA
[09:27:29] [27/324] AVCS
[09:27:30] [28/324] MVKH
[09:27:31] [29/324] ACPR
[09:27:31] [30/324] STIP
[09:27:32] [31/324] MTRA
[09:27:33] [32/324] RMKH
[09:27:34] [33/324] NKRL
[09:27:34] [34/324] PCWN
[09:27:35] [35/324] BLMT
[09:27:36] [36/324] GDPG
[09:27:37] [37/324] SRMX
[09:27:39] [38/324] JACP
[09:27:40] [39/324] CPSH
[09:27:41] [40/324] MCCD
[09:27:42] [41/324] ECGH
[09:27:43] [42/324] MKCK
[09:27:44] [43/324] SRMM
[09:27:45] [44/324] SKYR
[09:27:46] [45/324] PCKC
[09:27:47] [46/324] JCMA
[09:27:48] [47/324] BSMP
[09:27:49] [48/324] VSPA
[09:27:50] [49/324] DJYA
[09:27:51] [50/324] DIMP
[09:27:52] [51/324] FXDR
[09:27:53] [52/324] SSRC
[09:27:53] [53/324] STHP
[09:27:55] [54/324] CPPD
[09:27:56] [55/324] FCLK
[09:27:58] [56/324] SCPP
[09:27:59] [57/324] DCMJ
[09:28:00] [58/324] RCCR
[09:28:01] [59/324] INMT
[09:28:02] [60/324] LXTK
[09:28:03] [61/324] SRYK
[09:28:04] [62/324] SGDK
[09:28:05] [63/324] PPKA
[09:28:07] [64/324] SPKA
[09:28:08] [65/324] CGHH
[09:28:08] [66/324] DCJN
[09:28:09] [67/324] SRKV
[09:28:10] [68/324] SAJC
[09:28:11] [69/324] SUSR
[09:28:12] [70/324] STYG
[09:28:13] [71/324] NTKP
[09:28:13] [72/324] AKTG
[09:28:14] [73/324] CGCM
[09:28:15] [74/324] TULC
[09:28:16] [75/324] NYYZ
[09:28:17] [76/324] NYBW
[09:28:18] [77/324] MACB
[09:28:18] [78/324] SLVT
[09:28:19] [79/324] SANA
[09:28:20] [80/324] ACMR
[09:28:21] [81/324] CPKN
[09:28:22] [82/324] DLGK
[09:28:22] [83/324] CWCK
[09:28:23] [84/324] FDDH
[09:28:24] [85/324] MMMD
[09:28:25] [86/324] CMEH
[09:28:26] [87/324] GGGV
[09:28:26] [88/324] SPJL
[09:28:27] [89/324] RCCD
[09:28:29] [90/324] STTZ
[09:28:30] [91/324] BTCF
[09:28:31] [92/324] TSTZ
[09:28:32] [93/324] IPMM
[09:28:33] [94/324] PMPW
[09:28:34] [95/324] PCMZ
[09:28:34] [96/324] ESEM
[09:28:35] [97/324] PIPO
[09:28:36] [98/324] MATK
[09:28:37] [99/324] PGHM
[09:28:38] [100/324] CTSR
[09:28:39] [101/324] CYKR
[09:28:40] [102/324] MSCM
[09:28:41] [103/324] RFNP
[09:28:41] [104/324] PDCP
[09:28:42] [105/324] NPSE
[09:28:43] [106/324] MKML
[09:28:44] [107/324] FTDP
[09:28:45] [108/324] MMXA
[09:28:45] [109/324] CEPO
[09:28:46] [110/324] CMVP
[09:28:47] [111/324] SGTH
[09:28:48] [112/324] SAYN
[09:28:49] [113/324] URVS
[09:28:50] [114/324] VJTN
[09:28:50] [115/324] BBYK
[09:28:51] [116/324] SHBO
[09:28:52] [117/324] VCMR
[09:28:53] [118/324] MACT
[09:28:54] [119/324] JMNP
[09:28:55] [120/324] VICS
[09:28:55] [121/324] VCDA
[09:28:56] [122/324] GCMM
[09:28:57] [123/324] INVS
[09:28:58] [124/324] SCGM
[09:28:59] [125/324] PCDA
[09:29:00] [126/324] KDCT
[09:29:02] [127/324] JACS
[09:29:03] [128/324] GMMC
[09:29:03] [129/324] AICM
[09:29:04] [130/324] TJCM
[09:29:05] [131/324] RMTI
[09:29:06] [132/324] SHAC
[09:29:07] [133/324] APJC
[09:29:08] [134/324] GCTG
[09:29:09] [135/324] SSMC
[09:29:09] [136/324] THRM
[09:29:10] [137/324] RBCT
[09:29:11] [138/324] DIKT
[09:29:13] [139/324] MIDL
[09:29:13] [140/324] VCSN
[09:29:14] [141/324] SKTG
[09:29:15] [142/324] SMWC
[09:29:16] [143/324] MNKH
[09:29:17] [144/324] PIAT
[09:29:18] [145/324] LTTP
[09:29:19] [146/324] PTPU
[09:29:19] [147/324] ACMG
[09:29:20] [148/324] SHMM
[09:29:21] [149/324] MCMN
[09:29:22] [150/324] GLDC
[09:29:23] [151/324] HOUT
[09:29:23] [152/324] SVRP
[09:29:24] [153/324] PVDN
[09:29:25] [154/324] SCPY
[09:29:26] [155/324] DTPY
[09:29:27] [156/324] GKCS
[09:29:28] [157/324] NCAM
[09:29:29] [158/324] BSRM
[09:29:30] [159/324] RCLC
[09:29:30] [160/324] SKKD
[09:29:31] [161/324] ACHU
[09:29:32] [162/324] RSCF
[09:29:33] [163/324] IMSH
[09:29:34] [164/324] MACX
[09:29:34] [165/324] HMMW
[09:29:35] [166/324] JTCP
[09:29:36] [167/324] SREN
[09:29:37] [168/324] PJRR
[09:29:38] [169/324] INAC
[09:29:38] [170/324] BMCA
[09:29:39] [171/324] SHCB
[09:29:40] [172/324] GABA
[09:29:41] [173/324] SBCT
[09:29:42] [174/324] GCMA
[09:29:43] [175/324] MYTK
[09:29:44] [176/324] INZS
[09:29:44] [177/324] RMIK
[09:29:45] [178/324] NYCH
[09:29:46] [179/324] RAVE
[09:29:47] [180/324] PSXM
[09:29:48] [181/324] MCGP
[09:29:49] [182/324] PDDK
[09:29:50] [183/324] SPCK
[09:29:50] [184/324] MCRL
[09:29:51] [185/324] MHKT
[09:29:52] [186/324] ANRR
[09:29:53] [187/324] SAPK
[09:29:54] [188/324] NCUK
[09:29:55] [189/324] JUGA
[09:29:57] [190/324] DBSC
[09:29:58] [191/324] LALK
[09:29:59] [192/324] GUCK
[09:29:59] [193/324] STSG
[09:30:00] [194/324] PPPZ
[09:30:01] [195/324] CNCY
[09:30:02] [196/324] MTAR
[09:30:03] [197/324] VNKD
[09:30:04] [198/324] KMAJ
[09:30:05] [199/324] ACXK
[09:30:06] [200/324] UTKC
[09:30:07] [201/324] PBLK
[09:30:08] [202/324] ACBX
[09:30:09] [203/324] PTGM
[09:30:09] [204/324] BTDA
[09:30:10] [205/324] PJMB
[09:30:11] [206/324] TPDA
[09:30:12] [207/324] AMOE
[09:30:13] [208/324] PRHT
[09:30:14] [209/324] PRTA
[09:30:15] [210/324] STAM
[09:30:15] [211/324] MSAA
[09:30:16] [212/324] SDLU
[09:30:17] [213/324] RCHH
[09:30:17] [214/324] KANT
[09:30:18] [215/324] FCRT
[09:30:20] [216/324] DNKM
[09:30:22] [217/324] RYCP
[09:30:22] [218/324] MYRP
[09:30:23] [219/324] PPAK
[09:30:24] [220/324] NVPK
[09:30:25] [221/324] PRMC
[09:30:26] [222/324] JBCS
[09:30:27] [223/324] GXCK
[09:30:29] [224/324] USKO
[09:30:29] [225/324] GTEM
[09:30:30] [226/324] SMBU
[09:30:31] [227/324] VETC
[09:30:32] [228/324] LCDA
[09:30:33] [229/324] MTVT
[09:30:34] [230/324] PYCP
[09:30:35] [231/324] PNSC
[09:30:36] [232/324] PPCC
[09:30:37] [233/324] TGRT
[09:30:38] [234/324] JYOT
[09:30:39] [235/324] SRCZ
[09:30:40] [236/324] SJTE
[09:30:41] [237/324] DESC
[09:30:43] [238/324] JHVN
[09:30:44] [239/324] IPSG
[09:30:45] [240/324] IPCM
[09:30:46] [241/324] PDRS
[09:30:47] [242/324] ANCV
[09:30:49] [243/324] CMVV
[09:30:50] [244/324] SHYP
[09:30:51] [245/324] DNCS
[09:30:52] [246/324] GAJK
[09:30:52] [247/324] AKTN
[09:30:53] [248/324] KAYA
[09:30:54] [249/324] SBRC
[09:30:55] [250/324] CHTP
[09:30:55] [251/324] SHRT
[09:30:56] [252/324] BCKU
[09:30:58] [253/324] FCPS
[09:30:59] [254/324] ARDD
[09:31:00] [255/324] CPCM
[09:31:00] [256/324] CGSM
[09:31:01] [257/324] PSMP
[09:31:02] [258/324] SDAL
[09:31:03] [259/324] RTNB
[09:31:04] [260/324] LMCR
[09:31:05] [261/324] CIMA
[09:31:06] [262/324] RNAS
[09:31:06] [263/324] LITH
[09:31:07] [264/324] PBOX
[09:31:08] [265/324] FRTS
[09:31:09] [266/324] RKIC
[09:31:10] [267/324] PTAI
[09:31:11] [268/324] GCIC
[09:31:12] [269/324] FNAS
[09:31:13] [270/324] SCAR
[09:31:13] [271/324] MTCA
[09:31:14] [272/324] SCTS
[09:31:15] [273/324] SYCS
[09:31:16] [274/324] RDMS
[09:31:16] [275/324] KAMP
[09:31:17] [276/324] ERSD
[09:31:19] [277/324] MJMJ
[09:31:20] [278/324] SRCJ
[09:31:21] [279/324] SCXE
[09:31:22] [280/324] SVFR
[09:31:22] [281/324] BHCS
[09:31:23] [282/324] IMCC
[09:31:24] [283/324] PCBO
[09:31:25] [284/324] PRVN
[09:31:26] [285/324] AUPM
[09:31:27] [286/324] INBW
[09:31:28] [287/324] SVCW
[09:31:29] [288/324] RKCF
[09:31:30] [289/324] UVBH
[09:31:31] [290/324] DNCY
[09:31:32] [291/324] ABCN
[09:31:33] [292/324] PRUR
[09:31:33] [293/324] PFMR
[09:31:35] [294/324] RKCN
[09:31:36] [295/324] CFEA
[09:31:37] [296/324] SDBG
[09:31:38] [297/324] SNAR
[09:31:38] [298/324] YISI
[09:31:39] [299/324] JCFF
[09:31:40] [300/324] VTRK
[09:31:41] [301/324] PCLZ
[09:31:41] [302/324] DIMY
[09:31:42] [303/324] BBTS
[09:31:43] [304/324] GATH
[09:31:44] [305/324] GTMN
[09:31:45] [306/324] VTMH
[09:31:46] [307/324] CCKP
[09:31:47] [308/324] GPKA
[09:31:48] [309/324] MHCL
[09:31:48] [310/324] ATCL
[09:31:49] [311/324] SBCK
[09:31:50] [312/324] AMMR
[09:31:51] [313/324] MADC
[09:31:52] [314/324] TMMA
[09:31:54] [315/324] CACC
[09:31:55] [316/324] CHAL
[09:31:55] [317/324] DURG
[09:31:56] [318/324] GMKU
[09:31:57] [319/324] GECA
[09:31:58] [320/324] KYRR
[09:31:58] [321/324] KSDE
[09:31:59] [322/324] LMCI
[09:32:00] [323/324] NKCP
[09:32:01] [324/324] BGTC
[09:32:02] 🧹 Deduping shows
[09:32:02] ✅ DONE | Shows=1455 | Movies=61
