[02:41:08] 🚀 SCRIPT STARTED
[02:41:08] [1/445] TGMR
[02:41:08] 🧠 New identity created
[02:41:10] [2/445] CXKR
[02:41:11] [3/445] SROP
[02:41:12] [4/445] GTSV
[02:41:13] [5/445] SNTY
[02:41:14] [6/445] SMYY
[02:41:15] [7/445] CNCS
[02:41:15] [8/445] CSTM
[02:41:16] [9/445] NUCD
[02:41:17] [10/445] SHCZ
[02:41:18] [11/445] NJCT
[02:41:19] [12/445] COPC
[02:41:20] [13/445] STVV
[02:41:21] [14/445] SKRN
[02:41:21] [15/445] APPZ
[02:41:22] [16/445] YMGN
[02:41:23] [17/445] SVTU
[02:41:24] [18/445] GTAD
[02:41:26] [19/445] PSUS
[02:41:27] [20/445] SMCD
[02:41:27] [21/445] CMCM
[02:41:28] [22/445] SYCT
[02:41:29] [23/445] STLY
[02:41:30] [24/445] CMHU
[02:41:31] [25/445] CMSA
[02:41:32] [26/445] CLCU
[02:41:33] [27/445] PPNT
[02:41:34] [28/445] JTAB
[02:41:35] [29/445] BUUC
[02:41:36] [30/445] BSVK
[02:41:38] [31/445] VVVQ
[02:41:39] [32/445] TKMU
[02:41:40] [33/445] ESYL
[02:41:40] [34/445] ACHP
[02:41:42] [35/445] BTKD
[02:41:43] [36/445] DESA
[02:41:44] [37/445] GBCT
[02:41:45] [38/445] BLLD
[02:41:46] [39/445] SKNT
[02:41:47] [40/445] SSTE
[02:41:47] [41/445] VJMR
[02:41:48] [42/445] NTPU
[02:41:49] [43/445] RDKN
[02:41:50] [44/445] ADGC
[02:41:51] [45/445] VRBP
[02:41:52] [46/445] NMNA
[02:41:53] [47/445] CMMX
[02:41:54] [48/445] PTKO
[02:41:55] [49/445] RBML
[02:41:56] [50/445] SAIC
[02:41:57] [51/445] SVTJ
[02:41:57] [52/445] MRTE
[02:41:58] [53/445] RBTP
[02:41:59] [54/445] NLPS
[02:42:00] [55/445] GTNA
[02:42:01] [56/445] DGGC
[02:42:02] [57/445] SMCR
[02:42:03] [58/445] SCGD
[02:42:05] [59/445] SRRJ
[02:42:06] [60/445] CNRY
[02:42:07] [61/445] KTDI
[02:42:09] [62/445] SNJL
[02:42:09] [63/445] RKMD
[02:42:10] [64/445] SMDC
[02:42:11] [65/445] TADG
[02:42:12] [66/445] MCGS
[02:42:13] [67/445] PETK
[02:42:14] [68/445] CHAG
[02:42:14] [69/445] KSTL
[02:42:15] [70/445] AADS
[02:42:16] [71/445] NTHZ
[02:42:17] [72/445] HCKI
[02:42:18] [73/445] SSEF
[02:42:19] [74/445] MCGX
[02:42:20] [75/445] ERRA
[02:42:21] [76/445] SDTW
[02:42:22] [77/445] RMPK
[02:42:22] [78/445] PTHK
[02:42:23] [79/445] PXCS
[02:42:24] [80/445] SVLU
[02:42:25] [81/445] STAH
[02:42:26] [82/445] JRGF
[02:42:26] [83/445] CDOK
[02:42:27] [84/445] CMSG
[02:42:28] [85/445] APTD
[02:42:29] [86/445] KMPG
[02:42:30] [87/445] MUTJ
[02:42:31] [88/445] VCCI
[02:42:32] [89/445] URBE
[02:42:32] [90/445] TCTS
[02:42:33] [91/445] STSN
[02:42:34] [92/445] AKCH
[02:42:35] [93/445] APSC
[02:42:36] [94/445] VLTB
[02:42:37] [95/445] SANU
[02:42:37] [96/445] AXAM
[02:42:38] [97/445] MGMG
[02:42:39] [98/445] HTBY
[02:42:40] [99/445] MMZS
[02:42:41] [100/445] SUDR
[02:42:42] [101/445] CCAD
[02:42:43] [102/445] SKKC
[02:42:44] [103/445] RMCD
[02:42:44] [104/445] SBCQ
[02:42:45] [105/445] DCCT
[02:42:46] [106/445] VTKP
[02:42:47] [107/445] MLAM
[02:42:48] [108/445] SAVT
[02:42:49] [109/445] GEPL
[02:42:50] [110/445] AMCD
[02:42:51] [111/445] CCXR
[02:42:52] [112/445] GRNG
[02:42:53] [113/445] EBCA
[02:42:54] [114/445] CNVG
[02:42:55] [115/445] MWSS
[02:42:56] [116/445] VBOR
[02:42:57] [117/445] NEEB
[02:42:58] [118/445] SUTH
[02:42:59] [119/445] ANDB
[02:43:01] [120/445] MMXS
[02:43:02] [121/445] CNPD
[02:43:02] [122/445] SDCE
[02:43:03] [123/445] DHCB
[02:43:04] [124/445] ODEN
[02:43:05] [125/445] TNTC
[02:43:06] [126/445] VBKM
[02:43:06] [127/445] RZYM
[02:43:07] [128/445] JEMC
[02:43:09] [129/445] CMAU
[02:43:10] [130/445] SIVP
[02:43:11] [131/445] ATAG
[02:43:11] [132/445] CHTM
[02:43:12] [133/445] AAEE
[02:43:13] [134/445] IWPM
[02:43:13] [135/445] KCMW
[02:43:14] [136/445] MCTD
[02:43:15] [137/445] SPWR
[02:43:16] [138/445] SDPO
[02:43:17] [139/445] PCSK
[02:43:17] [140/445] ACHV
[02:43:18] [141/445] SVLA
[02:43:19] [142/445] PICT
[02:43:20] [143/445] BXDR
[02:43:21] [144/445] SPWA
[02:43:21] [145/445] MCKO
[02:43:22] [146/445] RTHK
[02:43:23] [147/445] CCMF
[02:43:24] [148/445] MRGB
[02:43:25] [149/445] CPLC
[02:43:26] [150/445] RACD
[02:43:27] [151/445] ATKT
[02:43:28] [152/445] SARN
[02:43:29] [153/445] KKUI
[02:43:30] [154/445] RGCM
[02:43:30] [155/445] BRVP
[02:43:31] [156/445] HRSR
[02:43:32] [157/445] GKGM
[02:43:33] [158/445] TTCD
[02:43:34] [159/445] PTTI
[02:43:35] [160/445] MPTT
[02:43:35] [161/445] CVTT
[02:43:36] [162/445] PCXD
[02:43:37] [163/445] GCDC
[02:43:38] [164/445] CCCF
[02:43:38] [165/445] MRAD
[02:43:40] [166/445] CPLK
[02:43:41] [167/445] SATB
[02:43:41] [168/445] SNVG
[02:43:42] [169/445] JMBA
[02:43:43] [170/445] TEJA
[02:43:45] [171/445] STYO
[02:43:46] [172/445] JTBP
[02:43:46] [173/445] KRGD
[02:43:47] [174/445] SLJJ
[02:43:48] [175/445] SPTJ
[02:43:49] [176/445] SWJG
[02:43:50] [177/445] LKRT
[02:43:51] [178/445] KCKA
[02:43:52] [179/445] SNCR
[02:43:52] [180/445] SMKL
[02:43:53] [181/445] GCFA
[02:43:54] [182/445] DDCK
[02:43:55] [183/445] NCHJ
[02:43:56] [184/445] RDMA
[02:43:57] [185/445] SVSV
[02:43:58] [186/445] SCJG
[02:43:58] [187/445] VKLP
[02:44:00] [188/445] NWCC
[02:44:01] [189/445] VKNS
[02:44:02] [190/445] SDDP
[02:44:03] [191/445] ACSI
[02:44:04] [192/445] SATG
[02:44:05] [193/445] SCMW
[02:44:06] [194/445] LKTK
[02:44:06] [195/445] VCKV
[02:44:07] [196/445] KKPE
[02:44:08] [197/445] KIGH
[02:44:09] [198/445] SRPM
[02:44:10] [199/445] SCAH
[02:44:10] [200/445] MUTA
[02:44:11] [201/445] SEPU
[02:44:12] [202/445] INOA
[02:44:13] [203/445] BASK
[02:44:14] [204/445] NECB
[02:44:15] [205/445] GTTG
[02:44:16] [206/445] ASSA
[02:44:17] [207/445] ANCL
[02:44:17] [208/445] GCTI
[02:44:18] [209/445] RCTS
[02:44:19] [210/445] ACNL
[02:44:20] [211/445] MYCT
[02:44:21] [212/445] NMHT
[02:44:22] [213/445] MDIT
[02:44:23] [214/445] LATG
[02:44:24] [215/445] SMTY
[02:44:24] [216/445] CVCT
[02:44:25] [217/445] RAMB
[02:44:26] [218/445] TGMS
[02:44:27] [219/445] BHEL
[02:44:28] [220/445] SHCT
[02:44:29] [221/445] SVCT
[02:44:30] [222/445] MRIY
[02:44:30] [223/445] SARO
[02:44:31] [224/445] STCT
[02:44:32] [225/445] JKKC
[02:44:33] [226/445] PLTT
[02:44:33] [227/445] SRNT
[02:44:34] [228/445] YAST
[02:44:35] [229/445] PERL
[02:44:36] [230/445] CICM
[02:44:36] [231/445] MMTR
[02:44:37] [232/445] ABTK
[02:44:38] [233/445] ATYY
[02:44:39] [234/445] ASTK
[02:44:39] [235/445] VVCK
[02:44:40] [236/445] ATKY
[02:44:41] [237/445] GWEK
[02:44:42] [238/445] SVFH
[02:44:43] [239/445] SLTA
[02:44:44] [240/445] AASH
[02:44:45] [241/445] ACXB
[02:44:46] [242/445] SMTX
[02:44:47] [243/445] AZDH
[02:44:48] [244/445] CMMH
[02:44:49] [245/445] SCSZ
[02:44:50] [246/445] SCKP
[02:44:51] [247/445] NXTM
[02:44:51] [248/445] NWCS
[02:44:53] [249/445] CXMH
[02:44:55] [250/445] PCMA
[02:44:56] [251/445] SGCM
[02:44:57] [252/445] SDTU
[02:44:58] [253/445] MMVI
[02:44:59] [254/445] JKCM
[02:45:00] [255/445] VCMM
[02:45:01] [256/445] SYEE
[02:45:02] [257/445] VASD
[02:45:02] [258/445] BDRB
[02:45:03] [259/445] LASM
[02:45:04] [260/445] DCRL
[02:45:05] [261/445] DVPM
[02:45:06] [262/445] SBMJ
[02:45:07] [263/445] CBMU
[02:45:08] [264/445] IUBS
[02:45:08] [265/445] INAP
[02:45:09] [266/445] SRRC
[02:45:10] [267/445] SAGR
[02:45:11] [268/445] CPMJ
[02:45:12] [269/445] ATJL
[02:45:12] [270/445] NNTD
[02:45:13] [271/445] JHCJ
[02:45:14] [272/445] CMMP
[02:45:15] [273/445] RSDR
[02:45:16] [274/445] AMTI
[02:45:17] [275/445] NYSG
[02:45:17] [276/445] AVSG
[02:45:18] [277/445] SYTP
[02:45:19] [278/445] LARC
[02:45:20] [279/445] RJTP
[02:45:21] [280/445] LAKC
[02:45:22] [281/445] MCXE
[02:45:23] [282/445] CCZC
[02:45:24] [283/445] AVCH
[02:45:24] [284/445] CMBE
[02:45:25] [285/445] MRRC
[02:45:26] [286/445] PCPY
[02:45:27] [287/445] SRMH
[02:45:28] [288/445] SVGS
[02:45:29] [289/445] PCSE
[02:45:30] [290/445] SVFT
[02:45:31] [291/445] TNZP
[02:45:31] [292/445] ICTP
[02:45:32] [293/445] ACTZ
[02:45:33] [294/445] GTUR
[02:45:34] [295/445] MAFC
[02:45:35] [296/445] MINL
[02:45:36] [297/445] MRCL
[02:45:36] [298/445] RCRP
[02:45:37] [299/445] RFFG
[02:45:38] [300/445] RMAS
[02:45:39] [301/445] INVR
[02:45:40] [302/445] RMAR
[02:45:41] [303/445] CNIS
[02:45:42] [304/445] RHRJ
[02:45:43] [305/445] INXR
[02:45:43] [306/445] VALT
[02:45:44] [307/445] LCSH
[02:45:46] [308/445] CMVS
[02:45:47] [309/445] CNMS
[02:45:47] [310/445] ROOG
[02:45:48] [311/445] ISRM
[02:45:49] [312/445] RCRM
[02:45:50] [313/445] ACJA
[02:45:50] [314/445] RCVS
[02:45:51] [315/445] CPUS
[02:45:52] [316/445] TGCS
[02:45:53] [317/445] RKCJ
[02:45:54] [318/445] MKSB
[02:45:55] [319/445] TCSJ
[02:45:57] [320/445] RMGP
[02:45:58] [321/445] CLLP
[02:45:59] [322/445] RCMV
[02:46:00] [323/445] CCKS
[02:46:01] [324/445] RSRP
[02:46:02] [325/445] APLP
[02:46:03] [326/445] CNVS
[02:46:04] [327/445] RMVY
[02:46:04] [328/445] PGBD
[02:46:05] [329/445] KLMS
[02:46:06] [330/445] RUST
[02:46:07] [331/445] MASM
[02:46:07] [332/445] BACS
[02:46:08] [333/445] BWST
[02:46:09] [334/445] RRFH
[02:46:10] [335/445] SJTM
[02:46:11] [336/445] BEMR
[02:46:12] [337/445] MCGR
[02:46:13] [338/445] SDSK
[02:46:14] [339/445] VBOL
[02:46:15] [340/445] RMGM
[02:46:16] [341/445] NOPL
[02:46:17] [342/445] MKJK
[02:46:17] [343/445] CVRN
[02:46:18] [344/445] MMEN
[02:46:20] [345/445] AMNG
[02:46:20] [346/445] INTM
[02:46:21] [347/445] SLCZ
[02:46:22] [348/445] AMJN
[02:46:23] [349/445] ACJN
[02:46:25] [350/445] AMKN
[02:46:26] [351/445] BTCN
[02:46:26] [352/445] AMBT
[02:46:27] [353/445] PACN
[02:46:28] [354/445] LCNS
[02:46:29] [355/445] PPKC
[02:46:30] [356/445] JYYN
[02:46:31] [357/445] JTNR
[02:46:31] [358/445] GTEE
[02:46:32] [359/445] SRNM
[02:46:33] [360/445] SDTC
[02:46:34] [361/445] VPCA
[02:46:35] [362/445] VLRA
[02:46:36] [363/445] SHKR
[02:46:37] [364/445] SBKD
[02:46:38] [365/445] SAAD
[02:46:39] [366/445] JTGN
[02:46:40] [367/445] SLAM
[02:46:41] [368/445] VTPM
[02:46:42] [369/445] ANPT
[02:46:43] [370/445] PUNB
[02:46:44] [371/445] CPKT
[02:46:45] [372/445] CNWE
[02:46:46] [373/445] ECPP
[02:46:46] [374/445] CPAR
[02:46:47] [375/445] ESBW
[02:46:48] [376/445] PKPU
[02:46:49] [377/445] CPRP
[02:46:50] [378/445] RAHU
[02:46:50] [379/445] RHMN
[02:46:51] [380/445] FMJP
[02:46:52] [381/445] CTMP
[02:46:53] [382/445] INPN
[02:46:54] [383/445] STTG
[02:46:55] [384/445] CTRD
[02:46:56] [385/445] PUVB
[02:46:56] [386/445] ESVP
[02:46:57] [387/445] CPFT
[02:46:58] [388/445] LCPC
[02:46:59] [389/445] VBCT
[02:47:00] [390/445] FSCW
[02:47:01] [391/445] VCMP
[02:47:01] [392/445] ASHC
[02:47:02] [393/445] VLCX
[02:47:03] [394/445] SHEV
[02:47:04] [395/445] APCO
[02:47:05] [396/445] SILC
[02:47:05] [397/445] SNMR
[02:47:06] [398/445] KYBO
[02:47:07] [399/445] SATK
[02:47:08] [400/445] SSCS
[02:47:09] [401/445] CLSB
[02:47:10] [402/445] KMJR
[02:47:10] [403/445] FSCK
[02:47:11] [404/445] NNKA
[02:47:12] [405/445] CLMK
[02:47:13] [406/445] DMPZ
[02:47:13] [407/445] INQM
[02:47:14] [408/445] CAML
[02:47:15] [409/445] INRK
[02:47:16] [410/445] IMKN
[02:47:17] [411/445] SVNR
[02:47:17] [412/445] INSL
[02:47:18] [413/445] MSMA
[02:47:19] [414/445] MCKK
[02:47:20] [415/445] FCHP
[02:47:20] [416/445] SFCR
[02:47:21] [417/445] NACK
[02:47:22] [418/445] PVAK
[02:47:23] [419/445] INER
[02:47:24] [420/445] RDBK
[02:47:24] [421/445] SVFN
[02:47:25] [422/445] IFRM
[02:47:26] [423/445] ATCK
[02:47:27] [424/445] ASKO
[02:47:28] [425/445] STKT
[02:47:29] [426/445] SVFB
[02:47:30] [427/445] INKS
[02:47:31] [428/445] PCRA
[02:47:31] [429/445] ATJA
[02:47:32] [430/445] IMJN
[02:47:33] [431/445] INHD
[02:47:34] [432/445] BARA
[02:47:35] [433/445] MCSL
[02:47:36] [434/445] RTOY
[02:47:37] [435/445] MENO
[02:47:38] [436/445] PUDM
[02:47:38] [437/445] PRCN
[02:47:39] [438/445] JMJR
[02:47:41] [439/445] SSGK
[02:47:42] [440/445] SSRL
[02:47:43] [441/445] JYKL
[02:47:43] [442/445] ACNB
[02:47:44] [443/445] SONP
[02:47:45] [444/445] EMCI
[02:47:46] [445/445] MRJH
[02:47:47] 🧹 Deduping shows
[02:47:47] ✅ DONE | Shows=3130 | Movies=79
[04:42:01] 🚀 SCRIPT STARTED
[04:42:01] [1/445] TGMR
[04:42:01] 🧠 New identity created
[04:42:02] [2/445] CXKR
[04:42:03] [3/445] SROP
[04:42:03] [4/445] GTSV
[04:42:04] [5/445] SNTY
[04:42:05] [6/445] SMYY
[04:42:06] [7/445] CNCS
[04:42:07] [8/445] CSTM
[04:42:07] [9/445] NUCD
[04:42:08] [10/445] SHCZ
[04:42:09] [11/445] NJCT
[04:42:11] [12/445] COPC
[04:42:12] [13/445] STVV
[04:42:13] [14/445] SKRN
[04:42:13] [15/445] APPZ
[04:42:14] [16/445] YMGN
[04:42:15] [17/445] SVTU
[04:42:16] [18/445] GTAD
[04:42:17] [19/445] PSUS
[04:42:18] [20/445] SMCD
[04:42:18] [21/445] CMCM
[04:42:19] [22/445] SYCT
[04:42:20] [23/445] STLY
[04:42:21] [24/445] CMHU
[04:42:22] [25/445] CMSA
[04:42:23] [26/445] CLCU
[04:42:24] [27/445] PPNT
[04:42:25] [28/445] JTAB
[04:42:26] [29/445] BUUC
[04:42:27] [30/445] BSVK
[04:42:28] [31/445] VVVQ
[04:42:29] [32/445] TKMU
[04:42:29] [33/445] ESYL
[04:42:30] [34/445] ACHP
[04:42:31] [35/445] BTKD
[04:42:32] [36/445] DESA
[04:42:33] [37/445] GBCT
[04:42:34] [38/445] BLLD
[04:42:35] [39/445] SKNT
[04:42:36] [40/445] SSTE
[04:42:37] [41/445] VJMR
[04:42:37] [42/445] NTPU
[04:42:38] [43/445] RDKN
[04:42:39] [44/445] ADGC
[04:42:40] [45/445] VRBP
[04:42:41] [46/445] NMNA
[04:42:42] [47/445] CMMX
[04:42:43] [48/445] PTKO
[04:42:44] [49/445] RBML
[04:42:44] [50/445] SAIC
[04:42:45] [51/445] SVTJ
[04:42:46] [52/445] MRTE
[04:42:47] [53/445] RBTP
[04:42:48] [54/445] NLPS
[04:42:49] [55/445] GTNA
[04:42:50] [56/445] DGGC
[04:42:50] [57/445] SMCR
[04:42:51] [58/445] SCGD
[04:42:52] [59/445] SRRJ
[04:42:53] [60/445] CNRY
[04:42:54] [61/445] KTDI
[04:42:55] [62/445] SNJL
[04:42:56] [63/445] RKMD
[04:42:56] [64/445] SMDC
[04:42:57] [65/445] TADG
[04:42:58] [66/445] MCGS
[04:42:59] [67/445] PETK
[04:43:00] [68/445] CHAG
[04:43:01] [69/445] KSTL
[04:43:02] [70/445] AADS
[04:43:03] [71/445] NTHZ
[04:43:04] [72/445] HCKI
[04:43:05] [73/445] SSEF
[04:43:06] [74/445] MCGX
[04:43:07] [75/445] ERRA
[04:43:08] [76/445] SDTW
[04:43:09] [77/445] RMPK
[04:43:10] [78/445] PTHK
[04:43:11] [79/445] PXCS
[04:43:12] [80/445] SVLU
[04:43:12] [81/445] STAH
[04:43:14] [82/445] JRGF
[04:43:15] [83/445] CDOK
[04:43:16] [84/445] CMSG
[04:43:16] [85/445] APTD
[04:43:18] [86/445] KMPG
[04:43:19] [87/445] MUTJ
[04:43:20] [88/445] VCCI
[04:43:20] [89/445] URBE
[04:43:21] [90/445] TCTS
[04:43:22] [91/445] STSN
[04:43:23] [92/445] AKCH
[04:43:24] [93/445] APSC
[04:43:25] [94/445] VLTB
[04:43:26] [95/445] SANU
[04:43:27] [96/445] AXAM
[04:43:28] [97/445] MGMG
[04:43:28] [98/445] HTBY
[04:43:29] [99/445] MMZS
[04:43:30] [100/445] SUDR
[04:43:31] [101/445] CCAD
[04:43:32] [102/445] SKKC
[04:43:33] [103/445] RMCD
[04:43:34] [104/445] SBCQ
[04:43:34] [105/445] DCCT
[04:43:35] [106/445] VTKP
[04:43:37] [107/445] MLAM
[04:43:38] [108/445] SAVT
[04:43:39] [109/445] GEPL
[04:43:39] [110/445] AMCD
[04:43:40] [111/445] CCXR
[04:43:41] [112/445] GRNG
[04:43:42] [113/445] EBCA
[04:43:42] [114/445] CNVG
[04:43:43] [115/445] MWSS
[04:43:44] [116/445] VBOR
[04:43:45] [117/445] NEEB
[04:43:46] [118/445] SUTH
[04:43:46] [119/445] ANDB
[04:43:47] [120/445] MMXS
[04:43:48] [121/445] CNPD
[04:43:49] [122/445] SDCE
[04:43:50] [123/445] DHCB
[04:43:51] [124/445] ODEN
[04:43:51] [125/445] TNTC
[04:43:52] [126/445] VBKM
[04:43:53] [127/445] RZYM
[04:43:54] [128/445] JEMC
[04:43:54] [129/445] CMAU
[04:43:55] [130/445] SIVP
[04:43:56] [131/445] ATAG
[04:43:57] [132/445] CHTM
[04:43:58] [133/445] AAEE
[04:43:59] [134/445] IWPM
[04:44:00] [135/445] KCMW
[04:44:01] [136/445] MCTD
[04:44:02] [137/445] SPWR
[04:44:03] [138/445] SDPO
[04:44:04] [139/445] PCSK
[04:44:05] [140/445] ACHV
[04:44:05] [141/445] SVLA
[04:44:06] [142/445] PICT
[04:44:07] [143/445] BXDR
[04:44:08] [144/445] SPWA
[04:44:10] [145/445] MCKO
[04:44:11] [146/445] RTHK
[04:44:12] [147/445] CCMF
[04:44:12] [148/445] MRGB
[04:44:13] [149/445] CPLC
[04:44:14] [150/445] RACD
[04:44:15] [151/445] ATKT
[04:44:16] [152/445] SARN
[04:44:17] [153/445] KKUI
[04:44:18] [154/445] RGCM
[04:44:19] [155/445] BRVP
[04:44:20] [156/445] HRSR
[04:44:21] [157/445] GKGM
[04:44:22] [158/445] TTCD
[04:44:22] [159/445] PTTI
[04:44:23] [160/445] MPTT
[04:44:25] [161/445] CVTT
[04:44:25] [162/445] PCXD
[04:44:26] [163/445] GCDC
[04:44:27] [164/445] CCCF
[04:44:28] [165/445] MRAD
[04:44:29] [166/445] CPLK
[04:44:30] [167/445] SATB
[04:44:31] [168/445] SNVG
[04:44:32] [169/445] JMBA
[04:44:33] [170/445] TEJA
[04:44:34] [171/445] STYO
[04:44:34] [172/445] JTBP
[04:44:35] [173/445] KRGD
[04:44:36] [174/445] SLJJ
[04:44:37] [175/445] SPTJ
[04:44:37] [176/445] SWJG
[04:44:38] [177/445] LKRT
[04:44:39] [178/445] KCKA
[04:44:40] [179/445] SNCR
[04:44:41] [180/445] SMKL
[04:44:42] [181/445] GCFA
[04:44:42] [182/445] DDCK
[04:44:43] [183/445] NCHJ
[04:44:44] [184/445] RDMA
[04:44:46] [185/445] SVSV
[04:44:48] [186/445] SCJG
[04:44:49] [187/445] VKLP
[04:44:50] [188/445] NWCC
[04:44:51] [189/445] VKNS
[04:44:52] [190/445] SDDP
[04:44:52] [191/445] ACSI
[04:44:53] [192/445] SATG
[04:44:54] [193/445] SCMW
[04:44:55] [194/445] LKTK
[04:44:56] [195/445] VCKV
[04:44:57] [196/445] KKPE
[04:44:57] [197/445] KIGH
[04:44:58] [198/445] SRPM
[04:44:59] [199/445] SCAH
[04:45:00] [200/445] MUTA
[04:45:01] [201/445] SEPU
[04:45:02] [202/445] INOA
[04:45:02] [203/445] BASK
[04:45:04] [204/445] NECB
[04:45:05] [205/445] GTTG
[04:45:06] [206/445] ASSA
[04:45:07] [207/445] ANCL
[04:45:08] [208/445] GCTI
[04:45:09] [209/445] RCTS
[04:45:10] [210/445] ACNL
[04:45:11] [211/445] MYCT
[04:45:13] [212/445] NMHT
[04:45:14] [213/445] MDIT
[04:45:14] [214/445] LATG
[04:45:15] [215/445] SMTY
[04:45:16] [216/445] CVCT
[04:45:17] [217/445] RAMB
[04:45:18] [218/445] TGMS
[04:45:19] [219/445] BHEL
[04:45:19] [220/445] SHCT
[04:45:20] [221/445] SVCT
[04:45:21] [222/445] MRIY
[04:45:22] [223/445] SARO
[04:45:23] [224/445] STCT
[04:45:24] [225/445] JKKC
[04:45:25] [226/445] PLTT
[04:45:25] [227/445] SRNT
[04:45:27] [228/445] YAST
[04:45:28] [229/445] PERL
[04:45:29] [230/445] CICM
[04:45:30] [231/445] MMTR
[04:45:31] [232/445] ABTK
[04:45:32] [233/445] ATYY
[04:45:33] [234/445] ASTK
[04:45:34] [235/445] VVCK
[04:45:34] [236/445] ATKY
[04:45:35] [237/445] GWEK
[04:45:36] [238/445] SVFH
[04:45:37] [239/445] SLTA
[04:45:38] [240/445] AASH
[04:45:38] [241/445] ACXB
[04:45:39] [242/445] SMTX
[04:45:40] [243/445] AZDH
[04:45:41] [244/445] CMMH
[04:45:41] [245/445] SCSZ
[04:45:42] [246/445] SCKP
[04:45:44] [247/445] NXTM
[04:45:45] [248/445] NWCS
[04:45:46] [249/445] CXMH
[04:45:46] [250/445] PCMA
[04:45:47] [251/445] SGCM
[04:45:48] [252/445] SDTU
[04:45:49] [253/445] MMVI
[04:45:50] [254/445] JKCM
[04:45:51] [255/445] VCMM
[04:45:52] [256/445] SYEE
[04:45:52] [257/445] VASD
[04:45:53] [258/445] BDRB
[04:45:54] [259/445] LASM
[04:45:55] [260/445] DCRL
[04:45:56] [261/445] DVPM
[04:45:57] [262/445] SBMJ
[04:45:58] [263/445] CBMU
[04:45:58] [264/445] IUBS
[04:45:59] [265/445] INAP
[04:46:00] [266/445] SRRC
[04:46:01] [267/445] SAGR
[04:46:02] [268/445] CPMJ
[04:46:03] [269/445] ATJL
[04:46:04] [270/445] NNTD
[04:46:05] [271/445] JHCJ
[04:46:06] [272/445] CMMP
[04:46:06] [273/445] RSDR
[04:46:07] [274/445] AMTI
[04:46:08] [275/445] NYSG
[04:46:08] [276/445] AVSG
[04:46:09] [277/445] SYTP
[04:46:10] [278/445] LARC
[04:46:11] [279/445] RJTP
[04:46:12] [280/445] LAKC
[04:46:14] [281/445] MCXE
[04:46:15] [282/445] CCZC
[04:46:15] [283/445] AVCH
[04:46:16] [284/445] CMBE
[04:46:17] [285/445] MRRC
[04:46:18] [286/445] PCPY
[04:46:18] [287/445] SRMH
[04:46:19] [288/445] SVGS
[04:46:20] [289/445] PCSE
[04:46:21] [290/445] SVFT
[04:46:23] [291/445] TNZP
[04:46:24] [292/445] ICTP
[04:46:25] [293/445] ACTZ
[04:46:27] [294/445] GTUR
[04:46:29] [295/445] MAFC
[04:46:30] [296/445] MINL
[04:46:30] [297/445] MRCL
[04:46:31] [298/445] RCRP
[04:46:32] [299/445] RFFG
[04:46:34] [300/445] RMAS
[04:46:35] [301/445] INVR
[04:46:35] [302/445] RMAR
[04:46:36] [303/445] CNIS
[04:46:37] [304/445] RHRJ
[04:46:38] [305/445] INXR
[04:46:39] [306/445] VALT
[04:46:40] [307/445] LCSH
[04:46:41] [308/445] CMVS
[04:46:42] [309/445] CNMS
[04:46:43] [310/445] ROOG
[04:46:44] [311/445] ISRM
[04:46:46] [312/445] RCRM
[04:46:46] [313/445] ACJA
[04:46:47] [314/445] RCVS
[04:46:48] [315/445] CPUS
[04:46:49] [316/445] TGCS
[04:46:50] [317/445] RKCJ
[04:46:50] [318/445] MKSB
[04:46:51] [319/445] TCSJ
[04:46:52] [320/445] RMGP
[04:46:53] [321/445] CLLP
[04:46:54] [322/445] RCMV
[04:46:55] [323/445] CCKS
[04:46:56] [324/445] RSRP
[04:46:56] [325/445] APLP
[04:46:57] [326/445] CNVS
[04:46:59] [327/445] RMVY
[04:47:00] [328/445] PGBD
[04:47:01] [329/445] KLMS
[04:47:02] [330/445] RUST
[04:47:03] [331/445] MASM
[04:47:04] [332/445] BACS
[04:47:04] [333/445] BWST
[04:47:05] [334/445] RRFH
[04:47:06] [335/445] SJTM
[04:47:07] [336/445] BEMR
[04:47:08] [337/445] MCGR
[04:47:08] [338/445] SDSK
[04:47:09] [339/445] VBOL
[04:47:10] [340/445] RMGM
[04:47:12] [341/445] NOPL
[04:47:13] [342/445] MKJK
[04:47:13] [343/445] CVRN
[04:47:14] [344/445] MMEN
[04:47:15] [345/445] AMNG
[04:47:16] [346/445] INTM
[04:47:17] [347/445] SLCZ
[04:47:17] [348/445] AMJN
[04:47:18] [349/445] ACJN
[04:47:19] [350/445] AMKN
[04:47:20] [351/445] BTCN
[04:47:21] [352/445] AMBT
[04:47:21] [353/445] PACN
[04:47:22] [354/445] LCNS
[04:47:23] [355/445] PPKC
[04:47:24] [356/445] JYYN
[04:47:25] [357/445] JTNR
[04:47:26] [358/445] GTEE
[04:47:26] [359/445] SRNM
[04:47:27] [360/445] SDTC
[04:47:28] [361/445] VPCA
[04:47:29] [362/445] VLRA
[04:47:30] [363/445] SHKR
[04:47:31] [364/445] SBKD
[04:47:32] [365/445] SAAD
[04:47:32] [366/445] JTGN
[04:47:33] [367/445] SLAM
[04:47:34] [368/445] VTPM
[04:47:36] [369/445] ANPT
[04:47:37] [370/445] PUNB
[04:47:37] [371/445] CPKT
[04:47:38] [372/445] CNWE
[04:47:39] [373/445] ECPP
[04:47:40] [374/445] CPAR
[04:47:41] [375/445] ESBW
[04:47:42] [376/445] PKPU
[04:47:42] [377/445] CPRP
[04:47:43] [378/445] RAHU
[04:47:44] [379/445] RHMN
[04:47:45] [380/445] FMJP
[04:47:46] [381/445] CTMP
[04:47:47] [382/445] INPN
[04:47:48] [383/445] STTG
[04:47:49] [384/445] CTRD
[04:47:50] [385/445] PUVB
[04:47:52] [386/445] ESVP
[04:47:52] [387/445] CPFT
[04:47:54] [388/445] LCPC
[04:47:55] [389/445] VBCT
[04:47:56] [390/445] FSCW
[04:47:57] [391/445] VCMP
[04:47:57] [392/445] ASHC
[04:47:58] [393/445] VLCX
[04:47:59] [394/445] SHEV
[04:48:00] [395/445] APCO
[04:48:01] [396/445] SILC
[04:48:02] [397/445] SNMR
[04:48:03] [398/445] KYBO
[04:48:04] [399/445] SATK
[04:48:05] [400/445] SSCS
[04:48:05] [401/445] CLSB
[04:48:06] [402/445] KMJR
[04:48:07] [403/445] FSCK
[04:48:08] [404/445] NNKA
[04:48:10] [405/445] CLMK
[04:48:11] [406/445] DMPZ
[04:48:11] [407/445] INQM
[04:48:12] [408/445] CAML
[04:48:13] [409/445] INRK
[04:48:14] [410/445] IMKN
[04:48:15] [411/445] SVNR
[04:48:16] [412/445] INSL
[04:48:16] [413/445] MSMA
[04:48:18] [414/445] MCKK
[04:48:19] [415/445] FCHP
[04:48:19] [416/445] SFCR
[04:48:20] [417/445] NACK
[04:48:21] [418/445] PVAK
[04:48:22] [419/445] INER
[04:48:23] [420/445] RDBK
[04:48:24] [421/445] SVFN
[04:48:25] [422/445] IFRM
[04:48:26] [423/445] ATCK
[04:48:27] [424/445] ASKO
[04:48:28] [425/445] STKT
[04:48:28] [426/445] SVFB
[04:48:29] [427/445] INKS
[04:48:31] [428/445] PCRA
[04:48:32] [429/445] ATJA
[04:48:33] [430/445] IMJN
[04:48:35] [431/445] INHD
[04:48:36] [432/445] BARA
[04:48:37] [433/445] MCSL
[04:48:37] [434/445] RTOY
[04:48:38] [435/445] MENO
[04:48:39] [436/445] PUDM
[04:48:39] [437/445] PRCN
[04:48:40] [438/445] JMJR
[04:48:41] [439/445] SSGK
[04:48:42] [440/445] SSRL
[04:48:43] [441/445] JYKL
[04:48:44] [442/445] ACNB
[04:48:45] [443/445] SONP
[04:48:45] [444/445] EMCI
[04:48:46] [445/445] MRJH
[04:48:47] 🧹 Deduping shows
[04:48:47] ✅ DONE | Shows=3122 | Movies=79
[07:58:23] 🚀 SCRIPT STARTED
[07:58:23] [1/445] TGMR
[07:58:23] 🧠 New identity created
[07:58:23] [2/445] CXKR
[07:58:25] [3/445] SROP
[07:58:26] [4/445] GTSV
[07:58:27] [5/445] SNTY
[07:58:27] [6/445] SMYY
[07:58:28] [7/445] CNCS
[07:58:29] [8/445] CSTM
[07:58:30] [9/445] NUCD
[07:58:31] [10/445] SHCZ
[07:58:32] [11/445] NJCT
[07:58:33] [12/445] COPC
[07:58:34] [13/445] STVV
[07:58:35] [14/445] SKRN
[07:58:35] [15/445] APPZ
[07:58:36] [16/445] YMGN
[07:58:37] [17/445] SVTU
[07:58:39] [18/445] GTAD
[07:58:39] [19/445] PSUS
[07:58:40] [20/445] SMCD
[07:58:41] [21/445] CMCM
[07:58:42] [22/445] SYCT
[07:58:43] [23/445] STLY
[07:58:44] [24/445] CMHU
[07:58:44] [25/445] CMSA
[07:58:45] [26/445] CLCU
[07:58:46] [27/445] PPNT
[07:58:48] [28/445] JTAB
[07:58:48] [29/445] BUUC
[07:58:49] [30/445] BSVK
[07:58:50] [31/445] VVVQ
[07:58:51] [32/445] TKMU
[07:58:52] [33/445] ESYL
[07:58:53] [34/445] ACHP
[07:58:54] [35/445] BTKD
[07:58:55] [36/445] DESA
[07:58:56] [37/445] GBCT
[07:58:57] [38/445] BLLD
[07:58:58] [39/445] SKNT
[07:58:59] [40/445] SSTE
[07:59:00] [41/445] VJMR
[07:59:00] [42/445] NTPU
[07:59:01] [43/445] RDKN
[07:59:02] [44/445] ADGC
[07:59:03] [45/445] VRBP
[07:59:04] [46/445] NMNA
[07:59:05] [47/445] CMMX
[07:59:06] [48/445] PTKO
[07:59:06] [49/445] RBML
[07:59:07] [50/445] SAIC
[07:59:08] [51/445] SVTJ
[07:59:09] [52/445] MRTE
[07:59:10] [53/445] RBTP
[07:59:10] [54/445] NLPS
[07:59:11] [55/445] GTNA
[07:59:12] [56/445] DGGC
[07:59:13] [57/445] SMCR
[07:59:14] [58/445] SCGD
[07:59:15] [59/445] SRRJ
[07:59:16] [60/445] CNRY
[07:59:17] [61/445] KTDI
[07:59:17] [62/445] SNJL
[07:59:18] [63/445] RKMD
[07:59:20] [64/445] SMDC
[07:59:20] [65/445] TADG
[07:59:21] [66/445] MCGS
[07:59:22] [67/445] PETK
[07:59:24] [68/445] CHAG
[07:59:25] [69/445] KSTL
[07:59:26] [70/445] AADS
[07:59:27] [71/445] NTHZ
[07:59:28] [72/445] HCKI
[07:59:29] [73/445] SSEF
[07:59:30] [74/445] MCGX
[07:59:31] [75/445] ERRA
[07:59:32] [76/445] SDTW
[07:59:33] [77/445] RMPK
[07:59:33] [78/445] PTHK
[07:59:34] [79/445] PXCS
[07:59:35] [80/445] SVLU
[07:59:36] [81/445] STAH
[07:59:37] [82/445] JRGF
[07:59:38] [83/445] CDOK
[07:59:38] [84/445] CMSG
[07:59:39] [85/445] APTD
[07:59:40] [86/445] KMPG
[07:59:41] [87/445] MUTJ
[07:59:42] [88/445] VCCI
[07:59:43] [89/445] URBE
[07:59:44] [90/445] TCTS
[07:59:45] [91/445] STSN
[07:59:45] [92/445] AKCH
[07:59:46] [93/445] APSC
[07:59:47] [94/445] VLTB
[07:59:48] [95/445] SANU
[07:59:49] [96/445] AXAM
[07:59:50] [97/445] MGMG
[07:59:51] [98/445] HTBY
[07:59:52] [99/445] MMZS
[07:59:53] [100/445] SUDR
[07:59:54] [101/445] CCAD
[07:59:55] [102/445] SKKC
[07:59:56] [103/445] RMCD
[07:59:57] [104/445] SBCQ
[07:59:57] [105/445] DCCT
[07:59:59] [106/445] VTKP
[08:00:00] [107/445] MLAM
[08:00:01] [108/445] SAVT
[08:00:02] [109/445] GEPL
[08:00:03] [110/445] AMCD
[08:00:03] [111/445] CCXR
[08:00:04] [112/445] GRNG
[08:00:05] [113/445] EBCA
[08:00:07] [114/445] CNVG
[08:00:08] [115/445] MWSS
[08:00:09] [116/445] VBOR
[08:00:10] [117/445] NEEB
[08:00:11] [118/445] SUTH
[08:00:12] [119/445] ANDB
[08:00:13] [120/445] MMXS
[08:00:14] [121/445] CNPD
[08:00:14] [122/445] SDCE
[08:00:15] [123/445] DHCB
[08:00:16] [124/445] ODEN
[08:00:17] [125/445] TNTC
[08:00:18] [126/445] VBKM
[08:00:19] [127/445] RZYM
[08:00:20] [128/445] JEMC
[08:00:21] [129/445] CMAU
[08:00:22] [130/445] SIVP
[08:00:24] [131/445] ATAG
[08:00:24] [132/445] CHTM
[08:00:25] [133/445] AAEE
[08:00:26] [134/445] IWPM
[08:00:27] [135/445] KCMW
[08:00:28] [136/445] MCTD
[08:00:28] [137/445] SPWR
[08:00:29] [138/445] SDPO
[08:00:30] [139/445] PCSK
[08:00:32] [140/445] ACHV
[08:00:32] [141/445] SVLA
[08:00:34] [142/445] PICT
[08:00:35] [143/445] BXDR
[08:00:36] [144/445] SPWA
[08:00:37] [145/445] MCKO
[08:00:38] [146/445] RTHK
[08:00:39] [147/445] CCMF
[08:00:40] [148/445] MRGB
[08:00:40] [149/445] CPLC
[08:00:41] [150/445] RACD
[08:00:43] [151/445] ATKT
[08:00:44] [152/445] SARN
[08:00:45] [153/445] KKUI
[08:00:46] [154/445] RGCM
[08:00:46] [155/445] BRVP
[08:00:47] [156/445] HRSR
[08:00:48] [157/445] GKGM
[08:00:49] [158/445] TTCD
[08:00:50] [159/445] PTTI
[08:00:50] [160/445] MPTT
[08:00:51] [161/445] CVTT
[08:00:52] [162/445] PCXD
[08:00:53] [163/445] GCDC
[08:00:53] [164/445] CCCF
[08:00:54] [165/445] MRAD
[08:00:56] [166/445] CPLK
[08:00:56] [167/445] SATB
[08:00:57] [168/445] SNVG
[08:00:58] [169/445] JMBA
[08:00:59] [170/445] TEJA
[08:01:00] [171/445] STYO
[08:01:01] [172/445] JTBP
[08:01:02] [173/445] KRGD
[08:01:02] [174/445] SLJJ
[08:01:03] [175/445] SPTJ
[08:01:04] [176/445] SWJG
[08:01:05] [177/445] LKRT
[08:01:05] [178/445] KCKA
[08:01:06] [179/445] SNCR
[08:01:07] [180/445] SMKL
[08:01:08] [181/445] GCFA
[08:01:09] [182/445] DDCK
[08:01:10] [183/445] NCHJ
[08:01:10] [184/445] RDMA
[08:01:11] [185/445] SVSV
[08:01:12] [186/445] SCJG
[08:01:13] [187/445] VKLP
[08:01:14] [188/445] NWCC
[08:01:14] [189/445] VKNS
[08:01:16] [190/445] SDDP
[08:01:17] [191/445] ACSI
[08:01:17] [192/445] SATG
[08:01:18] [193/445] SCMW
[08:01:19] [194/445] LKTK
[08:01:20] [195/445] VCKV
[08:01:21] [196/445] KKPE
[08:01:22] [197/445] KIGH
[08:01:22] [198/445] SRPM
[08:01:23] [199/445] SCAH
[08:01:24] [200/445] MUTA
[08:01:25] [201/445] SEPU
[08:01:25] [202/445] INOA
[08:01:26] [203/445] BASK
[08:01:27] [204/445] NECB
[08:01:28] [205/445] GTTG
[08:01:29] [206/445] ASSA
[08:01:30] [207/445] ANCL
[08:01:30] [208/445] GCTI
[08:01:31] [209/445] RCTS
[08:01:32] [210/445] ACNL
[08:01:33] [211/445] MYCT
[08:01:34] [212/445] NMHT
[08:01:35] [213/445] MDIT
[08:01:35] [214/445] LATG
[08:01:36] [215/445] SMTY
[08:01:37] [216/445] CVCT
[08:01:38] [217/445] RAMB
[08:01:39] [218/445] TGMS
[08:01:39] [219/445] BHEL
[08:01:40] [220/445] SHCT
[08:01:41] [221/445] SVCT
[08:01:43] [222/445] MRIY
[08:01:44] [223/445] SARO
[08:01:44] [224/445] STCT
[08:01:45] [225/445] JKKC
[08:01:47] [226/445] PLTT
[08:01:48] [227/445] SRNT
[08:01:48] [228/445] YAST
[08:01:49] [229/445] PERL
[08:01:50] [230/445] CICM
[08:01:51] [231/445] MMTR
[08:01:51] [232/445] ABTK
[08:01:53] [233/445] ATYY
[08:01:54] [234/445] ASTK
[08:01:55] [235/445] VVCK
[08:01:56] [236/445] ATKY
[08:01:56] [237/445] GWEK
[08:01:57] [238/445] SVFH
[08:01:58] [239/445] SLTA
[08:01:59] [240/445] AASH
[08:02:00] [241/445] ACXB
[08:02:00] [242/445] SMTX
[08:02:01] [243/445] AZDH
[08:02:02] [244/445] CMMH
[08:02:03] [245/445] SCSZ
[08:02:04] [246/445] SCKP
[08:02:04] [247/445] NXTM
[08:02:05] [248/445] NWCS
[08:02:06] [249/445] CXMH
[08:02:07] [250/445] PCMA
[08:02:08] [251/445] SGCM
[08:02:08] [252/445] SDTU
[08:02:10] [253/445] MMVI
[08:02:11] [254/445] JKCM
[08:02:11] [255/445] VCMM
[08:02:12] [256/445] SYEE
[08:02:13] [257/445] VASD
[08:02:14] [258/445] BDRB
[08:02:15] [259/445] LASM
[08:02:16] [260/445] DCRL
[08:02:17] [261/445] DVPM
[08:02:17] [262/445] SBMJ
[08:02:18] [263/445] CBMU
[08:02:19] [264/445] IUBS
[08:02:20] [265/445] INAP
[08:02:21] [266/445] SRRC
[08:02:22] [267/445] SAGR
[08:02:23] [268/445] CPMJ
[08:02:24] [269/445] ATJL
[08:02:25] [270/445] NNTD
[08:02:26] [271/445] JHCJ
[08:02:27] [272/445] CMMP
[08:02:28] [273/445] RSDR
[08:02:29] [274/445] AMTI
[08:02:29] [275/445] NYSG
[08:02:30] [276/445] AVSG
[08:02:31] [277/445] SYTP
[08:02:32] [278/445] LARC
[08:02:33] [279/445] RJTP
[08:02:33] [280/445] LAKC
[08:02:34] [281/445] MCXE
[08:02:35] [282/445] CCZC
[08:02:36] [283/445] AVCH
[08:02:37] [284/445] CMBE
[08:02:38] [285/445] MRRC
[08:02:39] [286/445] PCPY
[08:02:40] [287/445] SRMH
[08:02:40] [288/445] SVGS
[08:02:41] [289/445] PCSE
[08:02:42] [290/445] SVFT
[08:02:43] [291/445] TNZP
[08:02:44] [292/445] ICTP
[08:02:44] [293/445] ACTZ
[08:02:45] [294/445] GTUR
[08:02:46] [295/445] MAFC
[08:02:47] [296/445] MINL
[08:02:48] [297/445] MRCL
[08:02:49] [298/445] RCRP
[08:02:50] [299/445] RFFG
[08:02:51] [300/445] RMAS
[08:02:52] [301/445] INVR
[08:02:52] [302/445] RMAR
[08:02:53] [303/445] CNIS
[08:02:54] [304/445] RHRJ
[08:02:56] [305/445] INXR
[08:02:56] [306/445] VALT
[08:02:57] [307/445] LCSH
[08:02:58] [308/445] CMVS
[08:02:59] [309/445] CNMS
[08:03:00] [310/445] ROOG
[08:03:01] [311/445] ISRM
[08:03:02] [312/445] RCRM
[08:03:02] [313/445] ACJA
[08:03:03] [314/445] RCVS
[08:03:04] [315/445] CPUS
[08:03:05] [316/445] TGCS
[08:03:06] [317/445] RKCJ
[08:03:06] [318/445] MKSB
[08:03:07] [319/445] TCSJ
[08:03:08] [320/445] RMGP
[08:03:09] [321/445] CLLP
[08:03:10] [322/445] RCMV
[08:03:10] [323/445] CCKS
[08:03:11] [324/445] RSRP
[08:03:12] [325/445] APLP
[08:03:13] [326/445] CNVS
[08:03:14] [327/445] RMVY
[08:03:15] [328/445] PGBD
[08:03:16] [329/445] KLMS
[08:03:16] [330/445] RUST
[08:03:17] [331/445] MASM
[08:03:18] [332/445] BACS
[08:03:19] [333/445] BWST
[08:03:20] [334/445] RRFH
[08:03:21] [335/445] SJTM
[08:03:22] [336/445] BEMR
[08:03:23] [337/445] MCGR
[08:03:24] [338/445] SDSK
[08:03:24] [339/445] VBOL
[08:03:25] [340/445] RMGM
[08:03:26] [341/445] NOPL
[08:03:27] [342/445] MKJK
[08:03:27] [343/445] CVRN
[08:03:28] [344/445] MMEN
[08:03:29] [345/445] AMNG
[08:03:30] [346/445] INTM
[08:03:31] [347/445] SLCZ
[08:03:32] [348/445] AMJN
[08:03:32] [349/445] ACJN
[08:03:33] [350/445] AMKN
[08:03:34] [351/445] BTCN
[08:03:35] [352/445] AMBT
[08:03:36] [353/445] PACN
[08:03:37] [354/445] LCNS
[08:03:39] [355/445] PPKC
[08:03:39] [356/445] JYYN
[08:03:40] [357/445] JTNR
[08:03:41] [358/445] GTEE
[08:03:42] [359/445] SRNM
[08:03:43] [360/445] SDTC
[08:03:44] [361/445] VPCA
[08:03:45] [362/445] VLRA
[08:03:46] [363/445] SHKR
[08:03:47] [364/445] SBKD
[08:03:47] [365/445] SAAD
[08:03:48] [366/445] JTGN
[08:03:49] [367/445] SLAM
[08:03:50] [368/445] VTPM
[08:03:51] [369/445] ANPT
[08:03:51] [370/445] PUNB
[08:03:52] [371/445] CPKT
[08:03:53] [372/445] CNWE
[08:03:54] [373/445] ECPP
[08:03:55] [374/445] CPAR
[08:03:55] [375/445] ESBW
[08:03:56] [376/445] PKPU
[08:03:57] [377/445] CPRP
[08:03:58] [378/445] RAHU
[08:03:59] [379/445] RHMN
[08:04:00] [380/445] FMJP
[08:04:01] [381/445] CTMP
[08:04:02] [382/445] INPN
[08:04:03] [383/445] STTG
[08:04:04] [384/445] CTRD
[08:04:04] [385/445] PUVB
[08:04:05] [386/445] ESVP
[08:04:06] [387/445] CPFT
[08:04:07] [388/445] LCPC
[08:04:07] [389/445] VBCT
[08:04:08] [390/445] FSCW
[08:04:10] [391/445] VCMP
[08:04:11] [392/445] ASHC
[08:04:12] [393/445] VLCX
[08:04:13] [394/445] SHEV
[08:04:14] [395/445] APCO
[08:04:15] [396/445] SILC
[08:04:16] [397/445] SNMR
[08:04:17] [398/445] KYBO
[08:04:18] [399/445] SATK
[08:04:18] [400/445] SSCS
[08:04:19] [401/445] CLSB
[08:04:20] [402/445] KMJR
[08:04:21] [403/445] FSCK
[08:04:23] [404/445] NNKA
[08:04:25] [405/445] CLMK
[08:04:26] [406/445] DMPZ
[08:04:26] [407/445] INQM
[08:04:27] [408/445] CAML
[08:04:28] [409/445] INRK
[08:04:29] [410/445] IMKN
[08:04:29] [411/445] SVNR
[08:04:30] [412/445] INSL
[08:04:31] [413/445] MSMA
[08:04:32] [414/445] MCKK
[08:04:33] [415/445] FCHP
[08:04:34] [416/445] SFCR
[08:04:34] [417/445] NACK
[08:04:35] [418/445] PVAK
[08:04:36] [419/445] INER
[08:04:37] [420/445] RDBK
[08:04:38] [421/445] SVFN
[08:04:39] [422/445] IFRM
[08:04:39] [423/445] ATCK
[08:04:40] [424/445] ASKO
[08:04:41] [425/445] STKT
[08:04:42] [426/445] SVFB
[08:04:43] [427/445] INKS
[08:04:43] [428/445] PCRA
[08:04:44] [429/445] ATJA
[08:04:45] [430/445] IMJN
[08:04:45] [431/445] INHD
[08:04:46] [432/445] BARA
[08:04:47] [433/445] MCSL
[08:04:48] [434/445] RTOY
[08:04:49] [435/445] MENO
[08:04:50] [436/445] PUDM
[08:04:51] [437/445] PRCN
[08:04:52] [438/445] JMJR
[08:04:53] [439/445] SSGK
[08:04:54] [440/445] SSRL
[08:04:55] [441/445] JYKL
[08:04:56] [442/445] ACNB
[08:04:57] [443/445] SONP
[08:04:58] [444/445] EMCI
[08:04:59] [445/445] MRJH
[08:05:00] 🧹 Deduping shows
[08:05:00] ✅ DONE | Shows=3122 | Movies=79
