[02:41:03] 🚀 SCRIPT STARTED
[02:41:03] [1/459] MBDC
[02:41:03] 🧠 New identity created
[02:41:04] [2/459] CHKM
[02:41:05] [3/459] JTKZ
[02:41:06] [4/459] CMCT
[02:41:07] [5/459] ASHO
[02:41:08] [6/459] ECDG
[02:41:08] [7/459] SPAT
[02:41:09] [8/459] HILC
[02:41:11] [9/459] SPPH
[02:41:12] [10/459] SBHN
[02:41:14] [11/459] RRCA
[02:41:14] [12/459] APAA
[02:41:15] [13/459] RAME
[02:41:16] [14/459] TMMS
[02:41:17] [15/459] BATK
[02:41:18] [16/459] LKOP
[02:41:19] [17/459] AMTT
[02:41:20] [18/459] PTGK
[02:41:21] [19/459] ANRS
[02:41:22] [20/459] VWBW
[02:41:23] [21/459] SVFG
[02:41:24] [22/459] STAT
[02:41:25] [23/459] GDCV
[02:41:26] [24/459] VEBI
[02:41:27] [25/459] VDSS
[02:41:28] [26/459] NTHV
[02:41:29] [27/459] AOCH
[02:41:30] [28/459] KASR
[02:41:31] [29/459] AYCS
[02:41:31] [30/459] SHAI
[02:41:32] [31/459] SKPE
[02:41:34] [32/459] SBTA
[02:41:34] [33/459] RTTD
[02:41:35] [34/459] CCJD
[02:41:36] [35/459] RSJJ
[02:41:37] [36/459] RKND
[02:41:38] [37/459] SVTX
[02:41:39] [38/459] BAKM
[02:41:40] [39/459] SVDC
[02:41:41] [40/459] MNCV
[02:41:42] [41/459] SJGC
[02:41:42] [42/459] MTPK
[02:41:43] [43/459] GATP
[02:41:45] [44/459] ABTS
[02:41:45] [45/459] ABDE
[02:41:46] [46/459] RCNM
[02:41:47] [47/459] KTHV
[02:41:48] [48/459] MDGJ
[02:41:49] [49/459] SMLM
[02:41:50] [50/459] JTMA
[02:41:52] [51/459] ACKP
[02:41:54] [52/459] SRTA
[02:41:55] [53/459] STAY
[02:41:56] [54/459] MAVO
[02:41:56] [55/459] APTS
[02:41:57] [56/459] OMEA
[02:41:58] [57/459] TTFD
[02:41:59] [58/459] MJCU
[02:42:01] [59/459] CXTE
[02:42:02] [60/459] CTPX
[02:42:03] [61/459] ASSL
[02:42:04] [62/459] CMVB
[02:42:05] [63/459] VPUR
[02:42:06] [64/459] JJDA
[02:42:07] [65/459] INBL
[02:42:08] [66/459] BIKB
[02:42:09] [67/459] NTBB
[02:42:10] [68/459] GLOB
[02:42:11] [69/459] SNTB
[02:42:12] [70/459] CHGV
[02:42:13] [71/459] SSBZ
[02:42:15] [72/459] PRDB
[02:42:16] [73/459] ISMT
[02:42:17] [74/459] MCSD
[02:42:17] [75/459] JBTT
[02:42:18] [76/459] GEKR
[02:42:19] [77/459] PVUN
[02:42:21] [78/459] NRTB
[02:42:22] [79/459] PRAA
[02:42:23] [80/459] PCBL
[02:42:24] [81/459] PTCM
[02:42:25] [82/459] KHNN
[02:42:25] [83/459] OMJE
[02:42:26] [84/459] STGN
[02:42:27] [85/459] RPMS
[02:42:28] [86/459] NWAD
[02:42:29] [87/459] BLCK
[02:42:30] [88/459] SVAA
[02:42:31] [89/459] URVM
[02:42:32] [90/459] ANTM
[02:42:33] [91/459] VJYM
[02:42:34] [92/459] MAZZ
[02:42:35] [93/459] CSHM
[02:42:36] [94/459] WGMH
[02:42:36] [95/459] SALN
[02:42:37] [96/459] BRTP
[02:42:38] [97/459] SVTA
[02:42:39] [98/459] SBTP
[02:42:40] [99/459] VLSS
[02:42:41] [100/459] SRJA
[02:42:42] [101/459] ANCG
[02:42:43] [102/459] CGGC
[02:42:43] [103/459] CRJA
[02:42:44] [104/459] USCR
[02:42:45] [105/459] MMEF
[02:42:46] [106/459] JCRJ
[02:42:46] [107/459] ADCM
[02:42:47] [108/459] BMYK
[02:42:48] [109/459] KICS
[02:42:50] [110/459] MBBT
[02:42:51] [111/459] MACK
[02:42:52] [112/459] CLDR
[02:42:53] [113/459] JYCR
[02:42:54] [114/459] DCRP
[02:42:54] [115/459] RAHT
[02:42:55] [116/459] CSSM
[02:42:56] [117/459] ATPK
[02:42:57] [118/459] KLRT
[02:42:57] [119/459] SRDD
[02:42:58] [120/459] CKMC
[02:42:59] [121/459] KRVM
[02:43:00] [122/459] AKCP
[02:43:01] [123/459] CNCV
[02:43:02] [124/459] PACT
[02:43:02] [125/459] NATP
[02:43:03] [126/459] PCPK
[02:43:04] [127/459] SMHO
[02:43:05] [128/459] CWTK
[02:43:06] [129/459] RVKZ
[02:43:07] [130/459] ASPD
[02:43:08] [131/459] VTKZ
[02:43:08] [132/459] LCSO
[02:43:09] [133/459] PRDY
[02:43:10] [134/459] RCAP
[02:43:11] [135/459] RGAR
[02:43:12] [136/459] RCAC
[02:43:13] [137/459] PMOD
[02:43:13] [138/459] PVCN
[02:43:14] [139/459] SCRZ
[02:43:15] [140/459] PVPC
[02:43:16] [141/459] STID
[02:43:17] [142/459] NEDD
[02:43:18] [143/459] BNBA
[02:43:19] [144/459] NTCD
[02:43:19] [145/459] OCDE
[02:43:20] [146/459] CCDU
[02:43:22] [147/459] CRXH
[02:43:24] [148/459] VLVT
[02:43:24] [149/459] CICI
[02:43:25] [150/459] SUCB
[02:43:26] [151/459] TCBP
[02:43:28] [152/459] SCCY
[02:43:29] [153/459] LXCY
[02:43:30] [154/459] NCMD
[02:43:30] [155/459] PHCS
[02:43:31] [156/459] DUXR
[02:43:32] [157/459] VNKS
[02:43:33] [158/459] SEDP
[02:43:34] [159/459] SVEN
[02:43:35] [160/459] SRKM
[02:43:36] [161/459] JTLT
[02:43:37] [162/459] SVSS
[02:43:38] [163/459] AMDE
[02:43:39] [164/459] WVRN
[02:43:40] [165/459] ISMG
[02:43:41] [166/459] WVKS
[02:43:42] [167/459] USCG
[02:43:42] [168/459] IOTG
[02:43:43] [169/459] RRJM
[02:43:44] [170/459] EDMP
[02:43:46] [171/459] SCGZ
[02:43:46] [172/459] GMGX
[02:43:47] [173/459] OMTP
[02:43:48] [174/459] MITD
[02:43:49] [175/459] SMMD
[02:43:50] [176/459] STML
[02:43:50] [177/459] MCFS
[02:43:51] [178/459] FPKA
[02:43:53] [179/459] OMLR
[02:43:54] [180/459] KKSC
[02:43:55] [181/459] RVMA
[02:43:55] [182/459] SCLL
[02:43:56] [183/459] SCDK
[02:43:57] [184/459] SXMI
[02:43:59] [185/459] SHDN
[02:44:00] [186/459] PAAD
[02:44:00] [187/459] UUCB
[02:44:01] [188/459] JHOL
[02:44:02] [189/459] SGWT
[02:44:03] [190/459] SRII
[02:44:03] [191/459] SGCK
[02:44:04] [192/459] SVVB
[02:44:05] [193/459] DMHA
[02:44:07] [194/459] PPNL
[02:44:08] [195/459] CPNL
[02:44:09] [196/459] WVLD
[02:44:10] [197/459] PSLV
[02:44:11] [198/459] VTTL
[02:44:12] [199/459] NPAD
[02:44:13] [200/459] PVCS
[02:44:14] [201/459] MCHL
[02:44:15] [202/459] PPLL
[02:44:16] [203/459] MALO
[02:44:17] [204/459] SWBH
[02:44:17] [205/459] PUGB
[02:44:19] [206/459] INBB
[02:44:20] [207/459] INNS
[02:44:21] [208/459] MCPT
[02:44:22] [209/459] SCMI
[02:44:23] [210/459] OCON
[02:44:24] [211/459] SCSM
[02:44:25] [212/459] RJVN
[02:44:26] [213/459] AMDK
[02:44:27] [214/459] ISMR
[02:44:28] [215/459] SMTD
[02:44:28] [216/459] VTDD
[02:44:29] [217/459] PDDZ
[02:44:31] [218/459] PCCK
[02:44:32] [219/459] INAM
[02:44:32] [220/459] FNKT
[02:44:33] [221/459] GDKA
[02:44:34] [222/459] MAYU
[02:44:35] [223/459] TCGU
[02:44:36] [224/459] KDCA
[02:44:38] [225/459] DOMY
[02:44:39] [226/459] PDDD
[02:44:40] [227/459] BJTS
[02:44:40] [228/459] VTCA
[02:44:41] [229/459] SBTM
[02:44:42] [230/459] SEET
[02:44:43] [231/459] SSTJ
[02:44:43] [232/459] SVNT
[02:44:44] [233/459] PPPR
[02:44:46] [234/459] PVYS
[02:44:47] [235/459] IOSE
[02:44:48] [236/459] ACTV
[02:44:50] [237/459] APVE
[02:44:50] [238/459] TCCL
[02:44:51] [239/459] SCMO
[02:44:53] [240/459] SAUM
[02:44:53] [241/459] KCJS
[02:44:54] [242/459] NJCJ
[02:44:55] [243/459] NECF
[02:44:56] [244/459] CCGW
[02:44:57] [245/459] CCMG
[02:44:58] [246/459] NYRG
[02:44:59] [247/459] NCSQ
[02:45:00] [248/459] GRCG
[02:45:01] [249/459] CCBT
[02:45:02] [250/459] ACGA
[02:45:02] [251/459] INAG
[02:45:03] [252/459] FUCG
[02:45:05] [253/459] AICF
[02:45:06] [254/459] GRGA
[02:45:07] [255/459] GDCN
[02:45:07] [256/459] RRCG
[02:45:08] [257/459] SDCH
[02:45:09] [258/459] WVJM
[02:45:10] [259/459] JCCZ
[02:45:11] [260/459] CNCL
[02:45:12] [261/459] TMLV
[02:45:12] [262/459] MEMB
[02:45:13] [263/459] SGTD
[02:45:14] [264/459] CONX
[02:45:15] [265/459] CCMH
[02:45:16] [266/459] ACMC
[02:45:17] [267/459] DTPD
[02:45:18] [268/459] POJA
[02:45:19] [269/459] FNBH
[02:45:20] [270/459] CGCB
[02:45:21] [271/459] RACN
[02:45:22] [272/459] JTSM
[02:45:24] [273/459] SCDN
[02:45:25] [274/459] AACK
[02:45:26] [275/459] RMCE
[02:45:26] [276/459] BSGB
[02:45:27] [277/459] MRCB
[02:45:28] [278/459] SRVR
[02:45:29] [279/459] VTKK
[02:45:30] [280/459] AMST
[02:45:31] [281/459] APCY
[02:45:32] [282/459] LMHO
[02:45:34] [283/459] MTZH
[02:45:35] [284/459] AMZB
[02:45:36] [285/459] SUVT
[02:45:37] [286/459] RCIP
[02:45:38] [287/459] KESR
[02:45:39] [288/459] SNKC
[02:45:39] [289/459] SCED
[02:45:40] [290/459] DVCA
[02:45:41] [291/459] VCDT
[02:45:42] [292/459] RRDI
[02:45:43] [293/459] DFCH
[02:45:44] [294/459] INSC
[02:45:45] [295/459] RGTR
[02:45:46] [296/459] FMOT
[02:45:47] [297/459] SCPM
[02:45:47] [298/459] GCDT
[02:45:48] [299/459] BRKT
[02:45:49] [300/459] DEMP
[02:45:50] [301/459] SRLC
[02:45:51] [302/459] KSTT
[02:45:52] [303/459] SMMT
[02:45:52] [304/459] SILM
[02:45:54] [305/459] JCVM
[02:45:55] [306/459] KCSV
[02:45:55] [307/459] MHLK
[02:45:56] [308/459] SLVL
[02:45:58] [309/459] RJKP
[02:46:00] [310/459] BBPC
[02:46:00] [311/459] MXCB
[02:46:01] [312/459] TCPK
[02:46:02] [313/459] RTBR
[02:46:03] [314/459] GAUT
[02:46:04] [315/459] DVCF
[02:46:04] [316/459] JTSB
[02:46:05] [317/459] SBLS
[02:46:06] [318/459] UDAY
[02:46:07] [319/459] PTNP
[02:46:08] [320/459] DMKT
[02:46:09] [321/459] NTDT
[02:46:09] [322/459] SHDJ
[02:46:10] [323/459] OTNC
[02:46:11] [324/459] RNTW
[02:46:12] [325/459] GCMI
[02:46:13] [326/459] CRCM
[02:46:14] [327/459] NNCZ
[02:46:15] [328/459] OEMO
[02:46:16] [329/459] PVJM
[02:46:18] [330/459] CPJI
[02:46:18] [331/459] RMCJ
[02:46:19] [332/459] CNWJ
[02:46:21] [333/459] EPJM
[02:46:22] [334/459] FNJJ
[02:46:23] [335/459] GCMJ
[02:46:24] [336/459] INPS
[02:46:25] [337/459] BICJ
[02:46:26] [338/459] ISTJ
[02:46:26] [339/459] INJC
[02:46:27] [340/459] GLXJ
[02:46:28] [341/459] INEM
[02:46:29] [342/459] JTMN
[02:46:30] [343/459] FRCJ
[02:46:31] [344/459] DDJP
[02:46:31] [345/459] INJV
[02:46:32] [346/459] GOLC
[02:46:33] [347/459] KOCI
[02:46:34] [348/459] FSTD
[02:46:34] [349/459] PACJ
[02:46:35] [350/459] GMCN
[02:46:36] [351/459] MMDJ
[02:46:37] [352/459] GODH
[02:46:37] [353/459] SKYN
[02:46:38] [354/459] NCTH
[02:46:39] [355/459] SKVZ
[02:46:40] [356/459] SVML
[02:46:41] [357/459] ACVZ
[02:46:42] [358/459] SURA
[02:46:43] [359/459] RTRB
[02:46:43] [360/459] LLCT
[02:46:44] [361/459] ATTS
[02:46:45] [362/459] JYCM
[02:46:46] [363/459] CTKR
[02:46:47] [364/459] LCKR
[02:46:47] [365/459] NYCV
[02:46:48] [366/459] NYOH
[02:46:49] [367/459] NOVX
[02:46:50] [368/459] MRGK
[02:46:51] [369/459] MOON
[02:46:52] [370/459] SBUC
[02:46:53] [371/459] GSVA
[02:46:54] [372/459] VIAK
[02:46:54] [373/459] SMVZ
[02:46:55] [374/459] MATE
[02:46:56] [375/459] RDCN
[02:46:57] [376/459] ASBL
[02:46:58] [377/459] ASVS
[02:46:59] [378/459] ASSR
[02:47:00] [379/459] SSKN
[02:47:01] [380/459] DRPV
[02:47:01] [381/459] MRHT
[02:47:02] [382/459] BSCN
[02:47:03] [383/459] RKNX
[02:47:04] [384/459] MSMC
[02:47:05] [385/459] MSCJ
[02:47:06] [386/459] BTBJ
[02:47:07] [387/459] MJCC
[02:47:07] [388/459] IOMM
[02:47:08] [389/459] ADGR
[02:47:09] [390/459] MYCP
[02:47:10] [391/459] IGCM
[02:47:11] [392/459] PGRK
[02:47:12] [393/459] VPGO
[02:47:13] [394/459] KOMS
[02:47:13] [395/459] URGG
[02:47:14] [396/459] GOST
[02:47:15] [397/459] LACT
[02:47:16] [398/459] BWCM
[02:47:16] [399/459] NCCW
[02:47:17] [400/459] SKYC
[02:47:18] [401/459] CCPM
[02:47:19] [402/459] VCBT
[02:47:20] [403/459] SDKR
[02:47:21] [404/459] CTYB
[02:47:22] [405/459] SHCX
[02:47:23] [406/459] RCUN
[02:47:24] [407/459] CNRA
[02:47:25] [408/459] RFCA
[02:47:27] [409/459] RDCU
[02:47:28] [410/459] SARK
[02:47:28] [411/459] SPPP
[02:47:29] [412/459] ADMB
[02:47:31] [413/459] JYOE
[02:47:32] [414/459] SRMD
[02:47:33] [415/459] RJDH
[02:47:34] [416/459] SSTD
[02:47:34] [417/459] AACV
[02:47:35] [418/459] PPVD
[02:47:37] [419/459] STCP
[02:47:38] [420/459] ANJR
[02:47:39] [421/459] ANLS
[02:47:39] [422/459] BIJO
[02:47:40] [423/459] AVAB
[02:47:41] [424/459] SPMD
[02:47:42] [425/459] SVJL
[02:47:43] [426/459] SDDJ
[02:47:43] [427/459] SLTU
[02:47:44] [428/459] SAKA
[02:47:45] [429/459] PMAM
[02:47:45] [430/459] FNAM
[02:47:47] [431/459] ACAM
[02:47:48] [432/459] SCMM
[02:47:50] [433/459] PMAK
[02:47:51] [434/459] NYSA
[02:47:52] [435/459] FCPA
[02:47:53] [436/459] GDAN
[02:47:54] [437/459] RSCA
[02:47:55] [438/459] DMAN
[02:47:56] [439/459] DZCM
[02:47:56] [440/459] NSGL
[02:47:57] [441/459] CCPP
[02:47:58] [442/459] PSMG
[02:47:59] [443/459] GSER
[02:48:00] [444/459] FCCT
[02:48:01] [445/459] FCTB
[02:48:02] [446/459] LCNK
[02:48:02] [447/459] SKTY
[02:48:04] [448/459] INAA
[02:48:05] [449/459] RCWN
[02:48:06] [450/459] VAIS
[02:48:07] [451/459] CVMN
[02:48:08] [452/459] INTS
[02:48:08] [453/459] FRGS
[02:48:09] [454/459] DTCK
[02:48:10] [455/459] MCMH
[02:48:11] [456/459] ECRR
[02:48:11] [457/459] RLLP
[02:48:12] [458/459] CCSN
[02:48:13] [459/459] CCBA
[02:48:14] 🧹 Deduping shows
[02:48:14] ✅ DONE | Shows=3083 | Movies=74
[04:41:55] 🚀 SCRIPT STARTED
[04:41:55] [1/459] MBDC
[04:41:55] 🧠 New identity created
[04:41:57] [2/459] CHKM
[04:41:58] [3/459] JTKZ
[04:41:59] [4/459] CMCT
[04:42:00] [5/459] ASHO
[04:42:01] [6/459] ECDG
[04:42:02] [7/459] SPAT
[04:42:02] [8/459] HILC
[04:42:03] [9/459] SPPH
[04:42:04] [10/459] SBHN
[04:42:06] [11/459] RRCA
[04:42:07] [12/459] APAA
[04:42:08] [13/459] RAME
[04:42:08] [14/459] TMMS
[04:42:09] [15/459] BATK
[04:42:10] [16/459] LKOP
[04:42:11] [17/459] AMTT
[04:42:12] [18/459] PTGK
[04:42:13] [19/459] ANRS
[04:42:14] [20/459] VWBW
[04:42:15] [21/459] SVFG
[04:42:16] [22/459] STAT
[04:42:16] [23/459] GDCV
[04:42:17] [24/459] VEBI
[04:42:18] [25/459] VDSS
[04:42:19] [26/459] NTHV
[04:42:19] [27/459] AOCH
[04:42:20] [28/459] KASR
[04:42:21] [29/459] AYCS
[04:42:22] [30/459] SHAI
[04:42:22] [31/459] SKPE
[04:42:23] [32/459] SBTA
[04:42:24] [33/459] RTTD
[04:42:25] [34/459] CCJD
[04:42:26] [35/459] RSJJ
[04:42:27] [36/459] RKND
[04:42:28] [37/459] SVTX
[04:42:28] [38/459] BAKM
[04:42:29] [39/459] SVDC
[04:42:30] [40/459] MNCV
[04:42:31] [41/459] SJGC
[04:42:32] [42/459] MTPK
[04:42:33] [43/459] GATP
[04:42:34] [44/459] ABTS
[04:42:35] [45/459] ABDE
[04:42:36] [46/459] RCNM
[04:42:37] [47/459] KTHV
[04:42:38] [48/459] MDGJ
[04:42:39] [49/459] SMLM
[04:42:39] [50/459] JTMA
[04:42:40] [51/459] ACKP
[04:42:41] [52/459] SRTA
[04:42:42] [53/459] STAY
[04:42:43] [54/459] MAVO
[04:42:44] [55/459] APTS
[04:42:45] [56/459] OMEA
[04:42:45] [57/459] TTFD
[04:42:47] [58/459] MJCU
[04:42:48] [59/459] CXTE
[04:42:49] [60/459] CTPX
[04:42:50] [61/459] ASSL
[04:42:50] [62/459] CMVB
[04:42:52] [63/459] VPUR
[04:42:53] [64/459] JJDA
[04:42:54] [65/459] INBL
[04:42:55] [66/459] BIKB
[04:42:56] [67/459] NTBB
[04:42:57] [68/459] GLOB
[04:42:58] [69/459] SNTB
[04:43:00] [70/459] CHGV
[04:43:00] [71/459] SSBZ
[04:43:01] [72/459] PRDB
[04:43:02] [73/459] ISMT
[04:43:04] [74/459] MCSD
[04:43:05] [75/459] JBTT
[04:43:05] [76/459] GEKR
[04:43:06] [77/459] PVUN
[04:43:07] [78/459] NRTB
[04:43:08] [79/459] PRAA
[04:43:08] [80/459] PCBL
[04:43:09] [81/459] PTCM
[04:43:10] [82/459] KHNN
[04:43:11] [83/459] OMJE
[04:43:12] [84/459] STGN
[04:43:13] [85/459] RPMS
[04:43:14] [86/459] NWAD
[04:43:15] [87/459] BLCK
[04:43:15] [88/459] SVAA
[04:43:16] [89/459] URVM
[04:43:17] [90/459] ANTM
[04:43:18] [91/459] VJYM
[04:43:20] [92/459] MAZZ
[04:43:20] [93/459] CSHM
[04:43:21] [94/459] WGMH
[04:43:22] [95/459] SALN
[04:43:22] [96/459] BRTP
[04:43:23] [97/459] SVTA
[04:43:24] [98/459] SBTP
[04:43:25] [99/459] VLSS
[04:43:26] [100/459] SRJA
[04:43:27] [101/459] ANCG
[04:43:27] [102/459] CGGC
[04:43:28] [103/459] CRJA
[04:43:29] [104/459] USCR
[04:43:30] [105/459] MMEF
[04:43:31] [106/459] JCRJ
[04:43:32] [107/459] ADCM
[04:43:32] [108/459] BMYK
[04:43:33] [109/459] KICS
[04:43:34] [110/459] MBBT
[04:43:35] [111/459] MACK
[04:43:36] [112/459] CLDR
[04:43:37] [113/459] JYCR
[04:43:38] [114/459] DCRP
[04:43:40] [115/459] RAHT
[04:43:40] [116/459] CSSM
[04:43:41] [117/459] ATPK
[04:43:42] [118/459] KLRT
[04:43:43] [119/459] SRDD
[04:43:44] [120/459] CKMC
[04:43:45] [121/459] KRVM
[04:43:45] [122/459] AKCP
[04:43:46] [123/459] CNCV
[04:43:47] [124/459] PACT
[04:43:48] [125/459] NATP
[04:43:49] [126/459] PCPK
[04:43:50] [127/459] SMHO
[04:43:51] [128/459] CWTK
[04:43:52] [129/459] RVKZ
[04:43:54] [130/459] ASPD
[04:43:55] [131/459] VTKZ
[04:43:56] [132/459] LCSO
[04:43:56] [133/459] PRDY
[04:43:57] [134/459] RCAP
[04:43:58] [135/459] RGAR
[04:43:59] [136/459] RCAC
[04:44:00] [137/459] PMOD
[04:44:01] [138/459] PVCN
[04:44:02] [139/459] SCRZ
[04:44:02] [140/459] PVPC
[04:44:03] [141/459] STID
[04:44:04] [142/459] NEDD
[04:44:05] [143/459] BNBA
[04:44:06] [144/459] NTCD
[04:44:06] [145/459] OCDE
[04:44:07] [146/459] CCDU
[04:44:08] [147/459] CRXH
[04:44:09] [148/459] VLVT
[04:44:09] [149/459] CICI
[04:44:10] [150/459] SUCB
[04:44:11] [151/459] TCBP
[04:44:12] [152/459] SCCY
[04:44:13] [153/459] LXCY
[04:44:14] [154/459] NCMD
[04:44:14] [155/459] PHCS
[04:44:15] [156/459] DUXR
[04:44:16] [157/459] VNKS
[04:44:17] [158/459] SEDP
[04:44:18] [159/459] SVEN
[04:44:19] [160/459] SRKM
[04:44:19] [161/459] JTLT
[04:44:20] [162/459] SVSS
[04:44:21] [163/459] AMDE
[04:44:22] [164/459] WVRN
[04:44:23] [165/459] ISMG
[04:44:24] [166/459] WVKS
[04:44:25] [167/459] USCG
[04:44:26] [168/459] IOTG
[04:44:27] [169/459] RRJM
[04:44:28] [170/459] EDMP
[04:44:29] [171/459] SCGZ
[04:44:30] [172/459] GMGX
[04:44:31] [173/459] OMTP
[04:44:32] [174/459] MITD
[04:44:32] [175/459] SMMD
[04:44:33] [176/459] STML
[04:44:34] [177/459] MCFS
[04:44:35] [178/459] FPKA
[04:44:36] [179/459] OMLR
[04:44:37] [180/459] KKSC
[04:44:37] [181/459] RVMA
[04:44:38] [182/459] SCLL
[04:44:39] [183/459] SCDK
[04:44:39] [184/459] SXMI
[04:44:40] [185/459] SHDN
[04:44:41] [186/459] PAAD
[04:44:42] [187/459] UUCB
[04:44:43] [188/459] JHOL
[04:44:43] [189/459] SGWT
[04:44:44] [190/459] SRII
[04:44:45] [191/459] SGCK
[04:44:46] [192/459] SVVB
[04:44:47] [193/459] DMHA
[04:44:47] [194/459] PPNL
[04:44:48] [195/459] CPNL
[04:44:49] [196/459] WVLD
[04:44:50] [197/459] PSLV
[04:44:50] [198/459] VTTL
[04:44:51] [199/459] NPAD
[04:44:52] [200/459] PVCS
[04:44:53] [201/459] MCHL
[04:44:54] [202/459] PPLL
[04:44:54] [203/459] MALO
[04:44:55] [204/459] SWBH
[04:44:56] [205/459] PUGB
[04:44:57] [206/459] INBB
[04:44:57] [207/459] INNS
[04:44:58] [208/459] MCPT
[04:44:59] [209/459] SCMI
[04:45:00] [210/459] OCON
[04:45:01] [211/459] SCSM
[04:45:02] [212/459] RJVN
[04:45:03] [213/459] AMDK
[04:45:04] [214/459] ISMR
[04:45:05] [215/459] SMTD
[04:45:06] [216/459] VTDD
[04:45:07] [217/459] PDDZ
[04:45:08] [218/459] PCCK
[04:45:09] [219/459] INAM
[04:45:10] [220/459] FNKT
[04:45:10] [221/459] GDKA
[04:45:11] [222/459] MAYU
[04:45:12] [223/459] TCGU
[04:45:13] [224/459] KDCA
[04:45:14] [225/459] DOMY
[04:45:15] [226/459] PDDD
[04:45:15] [227/459] BJTS
[04:45:16] [228/459] VTCA
[04:45:17] [229/459] SBTM
[04:45:18] [230/459] SEET
[04:45:19] [231/459] SSTJ
[04:45:19] [232/459] SVNT
[04:45:20] [233/459] PPPR
[04:45:21] [234/459] PVYS
[04:45:22] [235/459] IOSE
[04:45:22] [236/459] ACTV
[04:45:24] [237/459] APVE
[04:45:24] [238/459] TCCL
[04:45:25] [239/459] SCMO
[04:45:26] [240/459] SAUM
[04:45:27] [241/459] KCJS
[04:45:28] [242/459] NJCJ
[04:45:29] [243/459] NECF
[04:45:29] [244/459] CCGW
[04:45:30] [245/459] CCMG
[04:45:31] [246/459] NYRG
[04:45:32] [247/459] NCSQ
[04:45:33] [248/459] GRCG
[04:45:34] [249/459] CCBT
[04:45:35] [250/459] ACGA
[04:45:36] [251/459] INAG
[04:45:36] [252/459] FUCG
[04:45:37] [253/459] AICF
[04:45:38] [254/459] GRGA
[04:45:39] [255/459] GDCN
[04:45:40] [256/459] RRCG
[04:45:41] [257/459] SDCH
[04:45:42] [258/459] WVJM
[04:45:44] [259/459] JCCZ
[04:45:44] [260/459] CNCL
[04:45:45] [261/459] TMLV
[04:45:46] [262/459] MEMB
[04:45:47] [263/459] SGTD
[04:45:48] [264/459] CONX
[04:45:49] [265/459] CCMH
[04:45:49] [266/459] ACMC
[04:45:50] [267/459] DTPD
[04:45:51] [268/459] POJA
[04:45:52] [269/459] FNBH
[04:45:53] [270/459] CGCB
[04:45:54] [271/459] RACN
[04:45:54] [272/459] JTSM
[04:45:55] [273/459] SCDN
[04:45:56] [274/459] AACK
[04:45:57] [275/459] RMCE
[04:45:58] [276/459] BSGB
[04:45:59] [277/459] MRCB
[04:45:59] [278/459] SRVR
[04:46:00] [279/459] VTKK
[04:46:01] [280/459] AMST
[04:46:02] [281/459] APCY
[04:46:04] [282/459] LMHO
[04:46:05] [283/459] MTZH
[04:46:05] [284/459] AMZB
[04:46:06] [285/459] SUVT
[04:46:07] [286/459] RCIP
[04:46:08] [287/459] KESR
[04:46:08] [288/459] SNKC
[04:46:09] [289/459] SCED
[04:46:10] [290/459] DVCA
[04:46:11] [291/459] VCDT
[04:46:12] [292/459] RRDI
[04:46:14] [293/459] DFCH
[04:46:15] [294/459] INSC
[04:46:16] [295/459] RGTR
[04:46:17] [296/459] FMOT
[04:46:18] [297/459] SCPM
[04:46:19] [298/459] GCDT
[04:46:20] [299/459] BRKT
[04:46:21] [300/459] DEMP
[04:46:22] [301/459] SRLC
[04:46:22] [302/459] KSTT
[04:46:24] [303/459] SMMT
[04:46:25] [304/459] SILM
[04:46:26] [305/459] JCVM
[04:46:26] [306/459] KCSV
[04:46:27] [307/459] MHLK
[04:46:28] [308/459] SLVL
[04:46:29] [309/459] RJKP
[04:46:29] [310/459] BBPC
[04:46:30] [311/459] MXCB
[04:46:31] [312/459] TCPK
[04:46:32] [313/459] RTBR
[04:46:33] [314/459] GAUT
[04:46:34] [315/459] DVCF
[04:46:34] [316/459] JTSB
[04:46:35] [317/459] SBLS
[04:46:36] [318/459] UDAY
[04:46:37] [319/459] PTNP
[04:46:38] [320/459] DMKT
[04:46:39] [321/459] NTDT
[04:46:40] [322/459] SHDJ
[04:46:41] [323/459] OTNC
[04:46:43] [324/459] RNTW
[04:46:43] [325/459] GCMI
[04:46:44] [326/459] CRCM
[04:46:45] [327/459] NNCZ
[04:46:46] [328/459] OEMO
[04:46:47] [329/459] PVJM
[04:46:48] [330/459] CPJI
[04:46:48] [331/459] RMCJ
[04:46:49] [332/459] CNWJ
[04:46:50] [333/459] EPJM
[04:46:51] [334/459] FNJJ
[04:46:51] [335/459] GCMJ
[04:46:52] [336/459] INPS
[04:46:53] [337/459] BICJ
[04:46:54] [338/459] ISTJ
[04:46:55] [339/459] INJC
[04:46:56] [340/459] GLXJ
[04:46:57] [341/459] INEM
[04:46:58] [342/459] JTMN
[04:46:59] [343/459] FRCJ
[04:47:00] [344/459] DDJP
[04:47:01] [345/459] INJV
[04:47:01] [346/459] GOLC
[04:47:02] [347/459] KOCI
[04:47:03] [348/459] FSTD
[04:47:04] [349/459] PACJ
[04:47:05] [350/459] GMCN
[04:47:06] [351/459] MMDJ
[04:47:07] [352/459] GODH
[04:47:08] [353/459] SKYN
[04:47:09] [354/459] NCTH
[04:47:10] [355/459] SKVZ
[04:47:10] [356/459] SVML
[04:47:11] [357/459] ACVZ
[04:47:12] [358/459] SURA
[04:47:13] [359/459] RTRB
[04:47:14] [360/459] LLCT
[04:47:14] [361/459] ATTS
[04:47:15] [362/459] JYCM
[04:47:16] [363/459] CTKR
[04:47:17] [364/459] LCKR
[04:47:18] [365/459] NYCV
[04:47:19] [366/459] NYOH
[04:47:19] [367/459] NOVX
[04:47:20] [368/459] MRGK
[04:47:21] [369/459] MOON
[04:47:22] [370/459] SBUC
[04:47:23] [371/459] GSVA
[04:47:24] [372/459] VIAK
[04:47:25] [373/459] SMVZ
[04:47:25] [374/459] MATE
[04:47:26] [375/459] RDCN
[04:47:27] [376/459] ASBL
[04:47:28] [377/459] ASVS
[04:47:29] [378/459] ASSR
[04:47:29] [379/459] SSKN
[04:47:30] [380/459] DRPV
[04:47:31] [381/459] MRHT
[04:47:33] [382/459] BSCN
[04:47:34] [383/459] RKNX
[04:47:34] [384/459] MSMC
[04:47:35] [385/459] MSCJ
[04:47:36] [386/459] BTBJ
[04:47:37] [387/459] MJCC
[04:47:38] [388/459] IOMM
[04:47:39] [389/459] ADGR
[04:47:40] [390/459] MYCP
[04:47:41] [391/459] IGCM
[04:47:42] [392/459] PGRK
[04:47:42] [393/459] VPGO
[04:47:43] [394/459] KOMS
[04:47:44] [395/459] URGG
[04:47:44] [396/459] GOST
[04:47:45] [397/459] LACT
[04:47:46] [398/459] BWCM
[04:47:47] [399/459] NCCW
[04:47:48] [400/459] SKYC
[04:47:49] [401/459] CCPM
[04:47:50] [402/459] VCBT
[04:47:51] [403/459] SDKR
[04:47:51] [404/459] CTYB
[04:47:52] [405/459] SHCX
[04:47:53] [406/459] RCUN
[04:47:54] [407/459] CNRA
[04:47:55] [408/459] RFCA
[04:47:56] [409/459] RDCU
[04:47:57] [410/459] SARK
[04:47:58] [411/459] SPPP
[04:47:59] [412/459] ADMB
[04:47:59] [413/459] JYOE
[04:48:00] [414/459] SRMD
[04:48:01] [415/459] RJDH
[04:48:02] [416/459] SSTD
[04:48:03] [417/459] AACV
[04:48:04] [418/459] PPVD
[04:48:05] [419/459] STCP
[04:48:06] [420/459] ANJR
[04:48:07] [421/459] ANLS
[04:48:07] [422/459] BIJO
[04:48:08] [423/459] AVAB
[04:48:09] [424/459] SPMD
[04:48:10] [425/459] SVJL
[04:48:11] [426/459] SDDJ
[04:48:12] [427/459] SLTU
[04:48:13] [428/459] SAKA
[04:48:14] [429/459] PMAM
[04:48:15] [430/459] FNAM
[04:48:15] [431/459] ACAM
[04:48:16] [432/459] SCMM
[04:48:17] [433/459] PMAK
[04:48:18] [434/459] NYSA
[04:48:19] [435/459] FCPA
[04:48:19] [436/459] GDAN
[04:48:20] [437/459] RSCA
[04:48:21] [438/459] DMAN
[04:48:22] [439/459] DZCM
[04:48:22] [440/459] NSGL
[04:48:23] [441/459] CCPP
[04:48:24] [442/459] PSMG
[04:48:25] [443/459] GSER
[04:48:25] [444/459] FCCT
[04:48:26] [445/459] FCTB
[04:48:27] [446/459] LCNK
[04:48:28] [447/459] SKTY
[04:48:29] [448/459] INAA
[04:48:30] [449/459] RCWN
[04:48:31] [450/459] VAIS
[04:48:32] [451/459] CVMN
[04:48:33] [452/459] INTS
[04:48:34] [453/459] FRGS
[04:48:35] [454/459] DTCK
[04:48:36] [455/459] MCMH
[04:48:37] [456/459] ECRR
[04:48:37] [457/459] RLLP
[04:48:38] [458/459] CCSN
[04:48:39] [459/459] CCBA
[04:48:40] 🧹 Deduping shows
[04:48:40] ✅ DONE | Shows=3083 | Movies=74
