[02:41:12] 🚀 SCRIPT STARTED
[02:41:12] [1/459] FNDB
[02:41:12] 🧠 New identity created
[02:41:14] [2/459] AMBH
[02:41:15] [3/459] PRHN
[02:41:16] [4/459] ACPM
[02:41:17] [5/459] PVFS
[02:41:18] [6/459] AACN
[02:41:19] [7/459] ACAS
[02:41:20] [8/459] CTNR
[02:41:21] [9/459] MMAH
[02:41:23] [10/459] CPMH
[02:41:24] [11/459] IGMH
[02:41:25] [12/459] ABCS
[02:41:26] [13/459] CMMA
[02:41:27] [14/459] GPRH
[02:41:29] [15/459] PNNG
[02:41:29] [16/459] AMCA
[02:41:31] [17/459] ISTN
[02:41:32] [18/459] PIIC
[02:41:33] [19/459] AHMH
[02:41:34] [20/459] ASHN
[02:41:35] [21/459] INHY
[02:41:36] [22/459] SRMO
[02:41:37] [23/459] PIMH
[02:41:38] [24/459] PVTS
[02:41:39] [25/459] MMCA
[02:41:40] [26/459] AKYJ
[02:41:40] [27/459] BRKH
[02:41:42] [28/459] MAHM
[02:41:43] [29/459] CPHY
[02:41:44] [30/459] PVTP
[02:41:44] [31/459] SMMR
[02:41:45] [32/459] PVHM
[02:41:46] [33/459] SNDY
[02:41:47] [34/459] GOKU
[02:41:48] [35/459] ACEV
[02:41:49] [36/459] PVUM
[02:41:49] [37/459] VSWA
[02:41:50] [38/459] IPRS
[02:41:51] [39/459] ASGN
[02:41:52] [40/459] BKMV
[02:41:53] [41/459] PVYH
[02:41:54] [42/459] INKM
[02:41:55] [43/459] ARJU
[02:41:57] [44/459] JJPP
[02:41:58] [45/459] SSRM
[02:41:59] [46/459] HMHD
[02:41:59] [47/459] SNKH
[02:42:00] [48/459] ACHI
[02:42:02] [49/459] MRAA
[02:42:03] [50/459] INMH
[02:42:04] [51/459] ARMH
[02:42:05] [52/459] DVRR
[02:42:05] [53/459] SUDA
[02:42:06] [54/459] MCSS
[02:42:07] [55/459] VRKC
[02:42:08] [56/459] PRCX
[02:42:09] [57/459] ASJY
[02:42:10] [58/459] MTHY
[02:42:11] [59/459] SRCM
[02:42:12] [60/459] TVHY
[02:42:13] [61/459] STHD
[02:42:13] [62/459] CPCL
[02:42:15] [63/459] PSMJ
[02:42:16] [64/459] MRGT
[02:42:18] [65/459] ARYH
[02:42:19] [66/459] VTRB
[02:42:19] [67/459] SCHC
[02:42:20] [68/459] MRRG
[02:42:21] [69/459] SPCB
[02:42:22] [70/459] AMCM
[02:42:23] [71/459] IVNM
[02:42:24] [72/459] TRHY
[02:42:25] [73/459] PTTH
[02:42:26] [74/459] RKMH
[02:42:27] [75/459] PRCS
[02:42:28] [76/459] VAJA
[02:42:28] [77/459] BJNG
[02:42:29] [78/459] SCVM
[02:42:30] [79/459] GNHB
[02:42:31] [80/459] TLUR
[02:42:32] [81/459] UKCC
[02:42:32] [82/459] SRKR
[02:42:33] [83/459] RMKN
[02:42:34] [84/459] SLRT
[02:42:35] [85/459] LKMT
[02:42:35] [86/459] SSRJ
[02:42:36] [87/459] SPHT
[02:42:37] [88/459] ANTT
[02:42:38] [89/459] SRCH
[02:42:39] [90/459] SRCA
[02:42:40] [91/459] ARTH
[02:42:40] [92/459] MCBH
[02:42:41] [93/459] SNIB
[02:42:42] [94/459] SART
[02:42:44] [95/459] SKTA
[02:42:44] [96/459] YAKT
[02:42:45] [97/459] MLCK
[02:42:46] [98/459] ANTS
[02:42:48] [99/459] DGCA
[02:42:49] [100/459] SGMP
[02:42:50] [101/459] ASWN
[02:42:51] [102/459] KFVU
[02:42:52] [103/459] POOR
[02:42:54] [104/459] GKDN
[02:42:54] [105/459] EOSE
[02:42:55] [106/459] GTTT
[02:42:56] [107/459] ARRO
[02:42:57] [108/459] CMMK
[02:42:58] [109/459] MSCN
[02:42:59] [110/459] GDKH
[02:43:00] [111/459] DLMT
[02:43:01] [112/459] PVMF
[02:43:02] [113/459] CPCK
[02:43:03] [114/459] VMHE
[02:43:04] [115/459] PVLC
[02:43:05] [116/459] PCVB
[02:43:05] [117/459] SNYK
[02:43:06] [118/459] KTEK
[02:43:07] [119/459] PCNM
[02:43:08] [120/459] NTTR
[02:43:09] [121/459] CPSK
[02:43:10] [122/459] JMMA
[02:43:11] [123/459] GCFK
[02:43:11] [124/459] MYCA
[02:43:12] [125/459] KSNP
[02:43:13] [126/459] PMCE
[02:43:14] [127/459] SCKI
[02:43:15] [128/459] FSMA
[02:43:16] [129/459] CETA
[02:43:17] [130/459] MCIK
[02:43:18] [131/459] MYCR
[02:43:18] [132/459] EVMP
[02:43:19] [133/459] SSGT
[02:43:20] [134/459] KCTK
[02:43:21] [135/459] ZTKC
[02:43:22] [136/459] MMTA
[02:43:23] [137/459] MAJT
[02:43:23] [138/459] ACPK
[02:43:24] [139/459] JMAX
[02:43:25] [140/459] SETK
[02:43:26] [141/459] CAIS
[02:43:26] [142/459] AGCD
[02:43:27] [143/459] URCL
[02:43:28] [144/459] VTDS
[02:43:29] [145/459] JCNM
[02:43:30] [146/459] KCAM
[02:43:31] [147/459] ADCU
[02:43:31] [148/459] GXYN
[02:43:32] [149/459] SMJG
[02:43:33] [150/459] EYCJ
[02:43:34] [151/459] CCEJ
[02:43:35] [152/459] MARS
[02:43:36] [153/459] CPVJ
[02:43:37] [154/459] INVP
[02:43:37] [155/459] CPOV
[02:43:38] [156/459] VIJK
[02:43:40] [157/459] LAIM
[02:43:41] [158/459] STHV
[02:43:42] [159/459] SVLJ
[02:43:43] [160/459] ATVJ
[02:43:43] [161/459] JTSC
[02:43:44] [162/459] RMTV
[02:43:45] [163/459] MGGG
[02:43:46] [164/459] SWTH
[02:43:47] [165/459] INVJ
[02:43:48] [166/459] PRSV
[02:43:49] [167/459] JATV
[02:43:50] [168/459] RCVD
[02:43:51] [169/459] BDMA
[02:43:52] [170/459] BLJI
[02:43:52] [171/459] SWOT
[02:43:54] [172/459] SWRN
[02:43:55] [173/459] TVRA
[02:43:56] [174/459] VCSV
[02:43:56] [175/459] NVRN
[02:43:57] [176/459] SIKC
[02:43:58] [177/459] VAKR
[02:44:00] [178/459] SYLN
[02:44:01] [179/459] KLJL
[02:44:02] [180/459] LKMY
[02:44:03] [181/459] VSLY
[02:44:04] [182/459] CIKO
[02:44:05] [183/459] GPBG
[02:44:06] [184/459] CECM
[02:44:07] [185/459] SLKB
[02:44:08] [186/459] MTBO
[02:44:09] [187/459] SSHB
[02:44:10] [188/459] VPCS
[02:44:12] [189/459] RCSR
[02:44:12] [190/459] RJRM
[02:44:13] [191/459] KPPB
[02:44:14] [192/459] SEDC
[02:44:15] [193/459] SCAI
[02:44:16] [194/459] RMTR
[02:44:17] [195/459] ASST
[02:44:18] [196/459] GCAK
[02:44:19] [197/459] ANNK
[02:44:20] [198/459] KDDF
[02:44:20] [199/459] NRDP
[02:44:21] [200/459] PLAK
[02:44:22] [201/459] GCMC
[02:44:23] [202/459] ALPY
[02:44:24] [203/459] SICE
[02:44:24] [204/459] SISR
[02:44:26] [205/459] SRPZ
[02:44:27] [206/459] SRSW
[02:44:28] [207/459] SUYA
[02:44:30] [208/459] AMMT
[02:44:31] [209/459] BHCU
[02:44:33] [210/459] KLPA
[02:44:34] [211/459] NVKH
[02:44:35] [212/459] JMRC
[02:44:35] [213/459] KTTT
[02:44:36] [214/459] MAGH
[02:44:37] [215/459] MMMX
[02:44:38] [216/459] SALJ
[02:44:39] [217/459] GTJA
[02:44:39] [218/459] MAHT
[02:44:40] [219/459] SSNN
[02:44:41] [220/459] ARRP
[02:44:42] [221/459] ATNS
[02:44:43] [222/459] SKDT
[02:44:44] [223/459] ACAT
[02:44:45] [224/459] APRC
[02:44:46] [225/459] SWAG
[02:44:46] [226/459] SDPT
[02:44:47] [227/459] STPS
[02:44:48] [228/459] WWCZ
[02:44:49] [229/459] LLCH
[02:44:49] [230/459] MZHA
[02:44:50] [231/459] CRJG
[02:44:52] [232/459] JGTK
[02:44:53] [233/459] KCSR
[02:44:54] [234/459] CHTL
[02:44:55] [235/459] EDSR
[02:44:55] [236/459] CSWO
[02:44:56] [237/459] CPVM
[02:44:57] [238/459] MXBY
[02:44:58] [239/459] FMMA
[02:44:59] [240/459] POVI
[02:44:59] [241/459] MTHB
[02:45:00] [242/459] INRC
[02:45:01] [243/459] PIPP
[02:45:02] [244/459] BMXC
[02:45:03] [245/459] PCMM
[02:45:04] [246/459] PMKM
[02:45:05] [247/459] GATY
[02:45:06] [248/459] IMCM
[02:45:07] [249/459] POPE
[02:45:08] [250/459] MTCR
[02:45:09] [251/459] PVAE
[02:45:10] [252/459] PVMI
[02:45:11] [253/459] CPNM
[02:45:12] [254/459] FMRL
[02:45:12] [255/459] MCIW
[02:45:13] [256/459] MXBO
[02:45:14] [257/459] FMKY
[02:45:15] [258/459] FMDA
[02:45:16] [259/459] THAB
[02:45:17] [260/459] PRCW
[02:45:17] [261/459] PITI
[02:45:18] [262/459] MCFF
[02:45:19] [263/459] PDDV
[02:45:20] [264/459] MCRM
[02:45:21] [265/459] KKMB
[02:45:22] [266/459] INKO
[02:45:23] [267/459] PLXP
[02:45:24] [268/459] MMHA
[02:45:25] [269/459] FMVS
[02:45:26] [270/459] POLM
[02:45:27] [271/459] STER
[02:45:28] [272/459] PVWJ
[02:45:28] [273/459] IMJW
[02:45:29] [274/459] FNAN
[02:45:31] [275/459] CAGL
[02:45:32] [276/459] IPBG
[02:45:33] [277/459] SMFV
[02:45:34] [278/459] MMMR
[02:45:35] [279/459] MMWM
[02:45:36] [280/459] FNCM
[02:45:36] [281/459] MDVA
[02:45:37] [282/459] MMET
[02:45:38] [283/459] MIDO
[02:45:39] [284/459] INNP
[02:45:41] [285/459] MIFU
[02:45:42] [286/459] MMSZ
[02:45:43] [287/459] BMXA
[02:45:44] [288/459] MCAA
[02:45:45] [289/459] SCVP
[02:45:46] [290/459] PLUS
[02:45:47] [291/459] MUCK
[02:45:48] [292/459] MTMA
[02:45:48] [293/459] HPVR
[02:45:49] [294/459] PMPK
[02:45:50] [295/459] MAJB
[02:45:51] [296/459] CTRR
[02:45:52] [297/459] MCTG
[02:45:52] [298/459] MACE
[02:45:53] [299/459] AAAS
[02:45:54] [300/459] CPVV
[02:45:55] [301/459] RCHG
[02:45:56] [302/459] MCNE
[02:45:56] [303/459] EMNC
[02:45:57] [304/459] MCAN
[02:45:59] [305/459] TCDM
[02:46:00] [306/459] IRGT
[02:46:01] [307/459] GCMG
[02:46:01] [308/459] MXSN
[02:46:02] [309/459] MXCK
[02:46:03] [310/459] MCRC
[02:46:04] [311/459] RSMI
[02:46:05] [312/459] WAML
[02:46:06] [313/459] MTSC
[02:46:06] [314/459] FMDR
[02:46:07] [315/459] LEPV
[02:46:08] [316/459] MTGD
[02:46:09] [317/459] IMOB
[02:46:09] [318/459] CLMM
[02:46:10] [319/459] PZCD
[02:46:11] [320/459] GOCS
[02:46:12] [321/459] KCMA
[02:46:12] [322/459] CCMP
[02:46:13] [323/459] MTSU
[02:46:14] [324/459] SNGL
[02:46:15] [325/459] MMMC
[02:46:16] [326/459] MMAA
[02:46:18] [327/459] GCDM
[02:46:19] [328/459] KTMV
[02:46:20] [329/459] AETE
[02:46:21] [330/459] OMCS
[02:46:21] [331/459] GDCD
[02:46:22] [332/459] NYMD
[02:46:23] [333/459] RNCV
[02:46:24] [334/459] KKMT
[02:46:25] [335/459] GDTH
[02:46:26] [336/459] KMMV
[02:46:27] [337/459] NHCG
[02:46:28] [338/459] PJDW
[02:46:29] [339/459] MMCV
[02:46:31] [340/459] FQSA
[02:46:32] [341/459] KURL
[02:46:32] [342/459] NNNX
[02:46:33] [343/459] AMAU
[02:46:34] [344/459] VVVM
[02:46:36] [345/459] VECU
[02:46:37] [346/459] WCVR
[02:46:38] [347/459] MTGG
[02:46:39] [348/459] SGTG
[02:46:39] [349/459] MNTG
[02:46:40] [350/459] JDDG
[02:46:41] [351/459] MBTK
[02:46:42] [352/459] SGCD
[02:46:43] [353/459] MCTC
[02:46:43] [354/459] JTPC
[02:46:44] [355/459] SDKT
[02:46:45] [356/459] KRCC
[02:46:46] [357/459] RMMD
[02:46:47] [358/459] AAME
[02:46:48] [359/459] TMWC
[02:46:49] [360/459] NRWY
[02:46:50] [361/459] CITD
[02:46:51] [362/459] VERD
[02:46:52] [363/459] MKSK
[02:46:53] [364/459] STSM
[02:46:54] [365/459] MJDG
[02:46:55] [366/459] RKPM
[02:46:56] [367/459] SSCE
[02:46:58] [368/459] VMAE
[02:46:58] [369/459] SBRU
[02:47:00] [370/459] AMBC
[02:47:01] [371/459] AMLU
[02:47:02] [372/459] INVZ
[02:47:03] [373/459] LGTV
[02:47:03] [374/459] SVAD
[02:47:04] [375/459] SMSA
[02:47:05] [376/459] SPCZ
[02:47:06] [377/459] GTCX
[02:47:07] [378/459] SCSL
[02:47:07] [379/459] SAHU
[02:47:08] [380/459] NCDA
[02:47:09] [381/459] SCCG
[02:47:10] [382/459] VKTL
[02:47:12] [383/459] PUUJ
[02:47:12] [384/459] STEJ
[02:47:13] [385/459] RJAL
[02:47:14] [386/459] ACJC
[02:47:15] [387/459] VTHC
[02:47:15] [388/459] ARVB
[02:47:16] [389/459] AUBB
[02:47:17] [390/459] GDBR
[02:47:18] [391/459] PVND
[02:47:19] [392/459] BGRJ
[02:47:20] [393/459] RJMM
[02:47:20] [394/459] MCSA
[02:47:21] [395/459] BODA
[02:47:22] [396/459] JAGG
[02:47:23] [397/459] SCGA
[02:47:24] [398/459] LRCM
[02:47:25] [399/459] CPCN
[02:47:26] [400/459] SSTF
[02:47:27] [401/459] SRXP
[02:47:28] [402/459] CNFX
[02:47:29] [403/459] ANDI
[02:47:30] [404/459] SYEW
[02:47:31] [405/459] RCRE
[02:47:32] [406/459] SCRW
[02:47:32] [407/459] MBKR
[02:47:33] [408/459] ASNT
[02:47:34] [409/459] JTMT
[02:47:35] [410/459] SHAY
[02:47:36] [411/459] VRTH
[02:47:37] [412/459] SPTI
[02:47:39] [413/459] DPTD
[02:47:39] [414/459] TGSN
[02:47:40] [415/459] RCWV
[02:47:41] [416/459] OCUR
[02:47:43] [417/459] KSTC
[02:47:44] [418/459] SANI
[02:47:44] [419/459] MLCA
[02:47:45] [420/459] EGCA
[02:47:46] [421/459] SYSN
[02:47:47] [422/459] PKTA
[02:47:48] [423/459] PRCC
[02:47:49] [424/459] KSTR
[02:47:49] [425/459] SNTP
[02:47:50] [426/459] RCHA
[02:47:51] [427/459] SEEA
[02:47:52] [428/459] ALAT
[02:47:53] [429/459] AATV
[02:47:54] [430/459] RJTE
[02:47:55] [431/459] AAPP
[02:47:56] [432/459] PMMH
[02:47:57] [433/459] INRJ
[02:47:58] [434/459] SARB
[02:47:59] [435/459] PCJL
[02:48:00] [436/459] PFJJ
[02:48:00] [437/459] GRDC
[02:48:01] [438/459] BCBA
[02:48:02] [439/459] VIXL
[02:48:03] [440/459] CSTL
[02:48:04] [441/459] MTDK
[02:48:05] [442/459] TDAC
[02:48:06] [443/459] GTDN
[02:48:06] [444/459] TTDE
[02:48:08] [445/459] ASTS
[02:48:09] [446/459] CPNS
[02:48:09] [447/459] PVVW
[02:48:10] [448/459] USEB
[02:48:11] [449/459] DTYN
[02:48:12] [450/459] PVLE
[02:48:13] [451/459] CIPS
[02:48:14] [452/459] PAEG
[02:48:15] [453/459] PTCW
[02:48:17] [454/459] G3SR
[02:48:17] [455/459] PGND
[02:48:18] [456/459] INVM
[02:48:19] [457/459] SPIA
[02:48:20] [458/459] PCSN
[02:48:21] [459/459] PPGV
[02:48:23] 🧹 Deduping shows
[02:48:23] ✅ DONE | Shows=4836 | Movies=79
