[02:41:03] 🚀 SCRIPT STARTED
[02:41:03] [1/296] CDCA
[02:41:03] 🧠 New identity created
[02:41:04] [2/296] MNSR
[02:41:05] [3/296] CSSL
[02:41:06] [4/296] BGGM
[02:41:07] [5/296] MANT
[02:41:08] [6/296] SOOY
[02:41:09] [7/296] VPPK
[02:41:09] [8/296] MYHJ
[02:41:11] [9/296] KSCK
[02:41:12] [10/296] KATK
[02:41:13] [11/296] RTRT
[02:41:14] [12/296] SSTT
[02:41:14] [13/296] SSTV
[02:41:15] [14/296] LACM
[02:41:16] [15/296] SGMG
[02:41:17] [16/296] KACX
[02:41:19] [17/296] GVCP
[02:41:20] [18/296] CSNC
[02:41:20] [19/296] SXCB
[02:41:21] [20/296] BAHS
[02:41:22] [21/296] PCBI
[02:41:23] [22/296] PSSM
[02:41:24] [23/296] RCOK
[02:41:25] [24/296] SCPF
[02:41:26] [25/296] SSAS
[02:41:27] [26/296] EVMM
[02:41:28] [27/296] SYCB
[02:41:29] [28/296] GCKI
[02:41:30] [29/296] IAET
[02:41:30] [30/296] DDTD
[02:41:31] [31/296] GMDH
[02:41:32] [32/296] STLE
[02:41:34] [33/296] JTRA
[02:41:34] [34/296] RPPA
[02:41:35] [35/296] ARUT
[02:41:37] [36/296] JTVM
[02:41:38] [37/296] SWRH
[02:41:39] [38/296] DCPC
[02:41:40] [39/296] RAPR
[02:41:41] [40/296] GCRT
[02:41:41] [41/296] ATUN
[02:41:42] [42/296] LTRM
[02:41:44] [43/296] TASR
[02:41:45] [44/296] RLLC
[02:41:46] [45/296] MABI
[02:41:47] [46/296] SVHB
[02:41:47] [47/296] NVTB
[02:41:48] [48/296] KCKG
[02:41:49] [49/296] SSRN
[02:41:50] [50/296] VDDC
[02:41:51] [51/296] GKTK
[02:41:52] [52/296] YFSN
[02:41:53] [53/296] GCSG
[02:41:54] [54/296] ESSM
[02:41:55] [55/296] KRIH
[02:41:56] [56/296] GCDS
[02:41:56] [57/296] CCSH
[02:41:57] [58/296] ACSK
[02:41:58] [59/296] APRK
[02:41:59] [60/296] ADKM
[02:41:59] [61/296] SRDM
[02:42:00] [62/296] RMOG
[02:42:01] [63/296] SJMY
[02:42:02] [64/296] PGGC
[02:42:02] [65/296] INGM
[02:42:03] [66/296] LSCB
[02:42:04] [67/296] STAD
[02:42:05] [68/296] MCCR
[02:42:06] [69/296] ABCC
[02:42:08] [70/296] RKCC
[02:42:09] [71/296] RTCR
[02:42:09] [72/296] GGBC
[02:42:10] [73/296] GCSD
[02:42:11] [74/296] LPTY
[02:42:12] [75/296] MCFD
[02:42:13] [76/296] HENN
[02:42:14] [77/296] SMKU
[02:42:16] [78/296] TNZC
[02:42:17] [79/296] DRCD
[02:42:18] [80/296] DLCD
[02:42:19] [81/296] RCDA
[02:42:19] [82/296] COSM
[02:42:20] [83/296] MCMJ
[02:42:21] [84/296] CSTR
[02:42:22] [85/296] CVDK
[02:42:23] [86/296] INRR
[02:42:24] [87/296] RJRT
[02:42:24] [88/296] IRMR
[02:42:25] [89/296] SRCF
[02:42:26] [90/296] GRCR
[02:42:27] [91/296] SURC
[02:42:28] [92/296] NMNH
[02:42:29] [93/296] SVBL
[02:42:31] [94/296] KACI
[02:42:31] [95/296] TDGO
[02:42:32] [96/296] KTBR
[02:42:33] [97/296] PMAD
[02:42:35] [98/296] CCPN
[02:42:36] [99/296] SBTK
[02:42:36] [100/296] LMDK
[02:42:37] [101/296] PGDA
[02:42:38] [102/296] SRML
[02:42:39] [103/296] EVCK
[02:42:40] [104/296] RTTK
[02:42:42] [105/296] SRTU
[02:42:43] [106/296] VRSA
[02:42:44] [107/296] VARS
[02:42:45] [108/296] DSCZ
[02:42:47] [109/296] GAGA
[02:42:48] [110/296] SARV
[02:42:49] [111/296] SEEG
[02:42:50] [112/296] GLCA
[02:42:50] [113/296] APAS
[02:42:51] [114/296] VCIA
[02:42:52] [115/296] SJTA
[02:42:53] [116/296] SABM
[02:42:54] [117/296] PPAG
[02:42:55] [118/296] RVCA
[02:42:56] [119/296] CCIA
[02:42:57] [120/296] HTAG
[02:42:57] [121/296] SMBI
[02:42:58] [122/296] MCJR
[02:42:59] [123/296] CCJR
[02:43:00] [124/296] SINF
[02:43:01] [125/296] CPLX
[02:43:02] [126/296] KKTJ
[02:43:03] [127/296] GDBW
[02:43:04] [128/296] CSUB
[02:43:04] [129/296] DABA
[02:43:05] [130/296] TITR
[02:43:06] [131/296] NYCR
[02:43:07] [132/296] RTRY
[02:43:07] [133/296] JTJL
[02:43:08] [134/296] SJCP
[02:43:09] [135/296] KCCA
[02:43:10] [136/296] MLPG
[02:43:11] [137/296] VRCK
[02:43:12] [138/296] SRIN
[02:43:13] [139/296] CXMK
[02:43:14] [140/296] SKAD
[02:43:15] [141/296] AVTR
[02:43:15] [142/296] PTAJ
[02:43:16] [143/296] SCNK
[02:43:18] [144/296] STTI
[02:43:18] [145/296] KACR
[02:43:19] [146/296] SSDX
[02:43:20] [147/296] VRTJ
[02:43:21] [148/296] RAJD
[02:43:22] [149/296] SCIP
[02:43:22] [150/296] RJSL
[02:43:23] [151/296] ARRS
[02:43:24] [152/296] ASMS
[02:43:25] [153/296] RDTS
[02:43:27] [154/296] DVMY
[02:43:29] [155/296] RASA
[02:43:30] [156/296] INOM
[02:43:31] [157/296] SPRS
[02:43:32] [158/296] SGCS
[02:43:33] [159/296] SALM
[02:43:33] [160/296] PKHC
[02:43:34] [161/296] RCSV
[02:43:35] [162/296] CPKC
[02:43:37] [163/296] AACD
[02:43:38] [164/296] GGCV
[02:43:39] [165/296] SMKD
[02:43:40] [166/296] NBCH
[02:43:41] [167/296] AMCB
[02:43:42] [168/296] OPCN
[02:43:43] [169/296] DCIN
[02:43:43] [170/296] INGW
[02:43:44] [171/296] PKKW
[02:43:45] [172/296] FNGW
[02:43:46] [173/296] GCGD
[02:43:47] [174/296] MSTW
[02:43:48] [175/296] KCCG
[02:43:49] [176/296] MRSS
[02:43:50] [177/296] CLCF
[02:43:50] [178/296] EETS
[02:43:51] [179/296] AATR
[02:43:52] [180/296] CMMN
[02:43:54] [181/296] SCCJ
[02:43:55] [182/296] CDTK
[02:43:56] [183/296] AICP
[02:43:57] [184/296] FNBP
[02:43:58] [185/296] CBPB
[02:43:59] [186/296] CPAS
[02:44:00] [187/296] MAPM
[02:44:01] [188/296] PASD
[02:44:01] [189/296] JCMN
[02:44:02] [190/296] MALB
[02:44:03] [191/296] SACG
[02:44:04] [192/296] DDRX
[02:44:05] [193/296] DDXB
[02:44:06] [194/296] RAMC
[02:44:06] [195/296] SANC
[02:44:07] [196/296] BCBP
[02:44:09] [197/296] ALPC
[02:44:10] [198/296] RBAC
[02:44:10] [199/296] RAJL
[02:44:11] [200/296] MPDX
[02:44:12] [201/296] MUSC
[02:44:13] [202/296] VKMK
[02:44:14] [203/296] SKCG
[02:44:15] [204/296] ANCN
[02:44:15] [205/296] MMCJ
[02:44:16] [206/296] DCAK
[02:44:17] [207/296] SCKG
[02:44:18] [208/296] LMCK
[02:44:19] [209/296] CKKX
[02:44:20] [210/296] ANKU
[02:44:21] [211/296] CSMD
[02:44:21] [212/296] MKMP
[02:44:22] [213/296] SVBG
[02:44:24] [214/296] ROOP
[02:44:25] [215/296] GDMT
[02:44:25] [216/296] FPPF
[02:44:26] [217/296] SFUU
[02:44:27] [218/296] ANCB
[02:44:28] [219/296] SMMC
[02:44:28] [220/296] UGKT
[02:44:29] [221/296] JVRM
[02:44:30] [222/296] BATG
[02:44:31] [223/296] RATE
[02:44:32] [224/296] SKME
[02:44:33] [225/296] LMTP
[02:44:34] [226/296] TCBD
[02:44:34] [227/296] ESBD
[02:44:35] [228/296] GDCU
[02:44:36] [229/296] SNKT
[02:44:37] [230/296] SRNK
[02:44:38] [231/296] SMED
[02:44:39] [232/296] CSQS
[02:44:40] [233/296] ALCS
[02:44:41] [234/296] KCKN
[02:44:42] [235/296] VCCL
[02:44:43] [236/296] MCDA
[02:44:44] [237/296] SHMI
[02:44:44] [238/296] SKHA
[02:44:45] [239/296] SVFK
[02:44:46] [240/296] INVB
[02:44:47] [241/296] MELD
[02:44:48] [242/296] JTYS
[02:44:49] [243/296] INCM
[02:44:49] [244/296] MCDV
[02:44:50] [245/296] KSGK
[02:44:52] [246/296] ICMG
[02:44:53] [247/296] CSCV
[02:44:54] [248/296] STMD
[02:44:55] [249/296] STTR
[02:44:55] [250/296] INVC
[02:44:56] [251/296] JTBL
[02:44:57] [252/296] SRVV
[02:44:58] [253/296] MAVC
[02:44:59] [254/296] SRPP
[02:45:00] [255/296] JGDM
[02:45:00] [256/296] MBSJ
[02:45:01] [257/296] SSLL
[02:45:02] [258/296] SLKP
[02:45:03] [259/296] NSRV
[02:45:04] [260/296] UTDV
[02:45:04] [261/296] KICM
[02:45:05] [262/296] KCMD
[02:45:06] [263/296] TTPP
[02:45:07] [264/296] KMPV
[02:45:08] [265/296] SKTV
[02:45:09] [266/296] STCV
[02:45:10] [267/296] SRDA
[02:45:11] [268/296] JTSX
[02:45:12] [269/296] STBV
[02:45:13] [270/296] APVZ
[02:45:14] [271/296] GSTV
[02:45:15] [272/296] NMVS
[02:45:16] [273/296] SKRT
[02:45:17] [274/296] RMDV
[02:45:18] [275/296] RATG
[02:45:19] [276/296] SJYV
[02:45:20] [277/296] NDGP
[02:45:22] [278/296] SNDG
[02:45:22] [279/296] INSR
[02:45:23] [280/296] INSO
[02:45:25] [281/296] CCSI
[02:45:27] [282/296] RASM
[02:45:28] [283/296] NEWC
[02:45:29] [284/296] VSHL
[02:45:29] [285/296] BISW
[02:45:30] [286/296] GCNG
[02:45:32] [287/296] CWSC
[02:45:33] [288/296] SKAN
[02:45:34] [289/296] SEHP
[02:45:35] [290/296] CCOA
[02:45:36] [291/296] MCAJ
[02:45:37] [292/296] ACDE
[02:45:37] [293/296] AACM
[02:45:38] [294/296] JJCK
[02:45:40] [295/296] RCMO
[02:45:40] [296/296] GDAW
[02:45:41] 🧹 Deduping shows
[02:45:41] ✅ DONE | Shows=1855 | Movies=55
[04:41:56] 🚀 SCRIPT STARTED
[04:41:56] [1/296] CDCA
[04:41:56] 🧠 New identity created
[04:41:57] [2/296] MNSR
[04:41:58] [3/296] CSSL
[04:41:59] [4/296] BGGM
[04:42:00] [5/296] MANT
[04:42:01] [6/296] SOOY
[04:42:01] [7/296] VPPK
[04:42:02] [8/296] MYHJ
[04:42:03] [9/296] KSCK
[04:42:05] [10/296] KATK
[04:42:05] [11/296] RTRT
[04:42:06] [12/296] SSTT
[04:42:07] [13/296] SSTV
[04:42:08] [14/296] LACM
[04:42:09] [15/296] SGMG
[04:42:10] [16/296] KACX
[04:42:10] [17/296] GVCP
[04:42:11] [18/296] CSNC
[04:42:12] [19/296] SXCB
[04:42:13] [20/296] BAHS
[04:42:14] [21/296] PCBI
[04:42:16] [22/296] PSSM
[04:42:17] [23/296] RCOK
[04:42:18] [24/296] SCPF
[04:42:19] [25/296] SSAS
[04:42:19] [26/296] EVMM
[04:42:20] [27/296] SYCB
[04:42:21] [28/296] GCKI
[04:42:22] [29/296] IAET
[04:42:23] [30/296] DDTD
[04:42:24] [31/296] GMDH
[04:42:25] [32/296] STLE
[04:42:25] [33/296] JTRA
[04:42:26] [34/296] RPPA
[04:42:27] [35/296] ARUT
[04:42:28] [36/296] JTVM
[04:42:29] [37/296] SWRH
[04:42:30] [38/296] DCPC
[04:42:31] [39/296] RAPR
[04:42:32] [40/296] GCRT
[04:42:32] [41/296] ATUN
[04:42:33] [42/296] LTRM
[04:42:34] [43/296] TASR
[04:42:35] [44/296] RLLC
[04:42:36] [45/296] MABI
[04:42:37] [46/296] SVHB
[04:42:38] [47/296] NVTB
[04:42:38] [48/296] KCKG
[04:42:39] [49/296] SSRN
[04:42:40] [50/296] VDDC
[04:42:41] [51/296] GKTK
[04:42:42] [52/296] YFSN
[04:42:42] [53/296] GCSG
[04:42:43] [54/296] ESSM
[04:42:45] [55/296] KRIH
[04:42:45] [56/296] GCDS
[04:42:46] [57/296] CCSH
[04:42:47] [58/296] ACSK
[04:42:49] [59/296] APRK
[04:42:49] [60/296] ADKM
[04:42:50] [61/296] SRDM
[04:42:51] [62/296] RMOG
[04:42:52] [63/296] SJMY
[04:42:53] [64/296] PGGC
[04:42:54] [65/296] INGM
[04:42:54] [66/296] LSCB
[04:42:55] [67/296] STAD
[04:42:56] [68/296] MCCR
[04:42:58] [69/296] ABCC
[04:42:59] [70/296] RKCC
[04:43:00] [71/296] RTCR
[04:43:01] [72/296] GGBC
[04:43:02] [73/296] GCSD
[04:43:02] [74/296] LPTY
[04:43:03] [75/296] MCFD
[04:43:04] [76/296] HENN
[04:43:05] [77/296] SMKU
[04:43:06] [78/296] TNZC
[04:43:07] [79/296] DRCD
[04:43:07] [80/296] DLCD
[04:43:08] [81/296] RCDA
[04:43:09] [82/296] COSM
[04:43:10] [83/296] MCMJ
[04:43:11] [84/296] CSTR
[04:43:12] [85/296] CVDK
[04:43:13] [86/296] INRR
[04:43:14] [87/296] RJRT
[04:43:14] [88/296] IRMR
[04:43:15] [89/296] SRCF
[04:43:16] [90/296] GRCR
[04:43:17] [91/296] SURC
[04:43:17] [92/296] NMNH
[04:43:18] [93/296] SVBL
[04:43:19] [94/296] KACI
[04:43:20] [95/296] TDGO
[04:43:21] [96/296] KTBR
[04:43:22] [97/296] PMAD
[04:43:23] [98/296] CCPN
[04:43:24] [99/296] SBTK
[04:43:25] [100/296] LMDK
[04:43:26] [101/296] PGDA
[04:43:26] [102/296] SRML
[04:43:27] [103/296] EVCK
[04:43:28] [104/296] RTTK
[04:43:29] [105/296] SRTU
[04:43:30] [106/296] VRSA
[04:43:30] [107/296] VARS
[04:43:31] [108/296] DSCZ
[04:43:32] [109/296] GAGA
[04:43:34] [110/296] SARV
[04:43:34] [111/296] SEEG
[04:43:35] [112/296] GLCA
[04:43:36] [113/296] APAS
[04:43:37] [114/296] VCIA
[04:43:37] [115/296] SJTA
[04:43:39] [116/296] SABM
[04:43:40] [117/296] PPAG
[04:43:40] [118/296] RVCA
[04:43:41] [119/296] CCIA
[04:43:42] [120/296] HTAG
[04:43:43] [121/296] SMBI
[04:43:44] [122/296] MCJR
[04:43:44] [123/296] CCJR
[04:43:45] [124/296] SINF
[04:43:46] [125/296] CPLX
[04:43:47] [126/296] KKTJ
[04:43:48] [127/296] GDBW
[04:43:49] [128/296] CSUB
[04:43:50] [129/296] DABA
[04:43:52] [130/296] TITR
[04:43:54] [131/296] NYCR
[04:43:54] [132/296] RTRY
[04:43:56] [133/296] JTJL
[04:43:56] [134/296] SJCP
[04:43:57] [135/296] KCCA
[04:43:59] [136/296] MLPG
[04:43:59] [137/296] VRCK
[04:44:00] [138/296] SRIN
[04:44:01] [139/296] CXMK
[04:44:02] [140/296] SKAD
[04:44:03] [141/296] AVTR
[04:44:04] [142/296] PTAJ
[04:44:04] [143/296] SCNK
[04:44:05] [144/296] STTI
[04:44:06] [145/296] KACR
[04:44:07] [146/296] SSDX
[04:44:08] [147/296] VRTJ
[04:44:09] [148/296] RAJD
[04:44:10] [149/296] SCIP
[04:44:10] [150/296] RJSL
[04:44:11] [151/296] ARRS
[04:44:12] [152/296] ASMS
[04:44:13] [153/296] RDTS
[04:44:13] [154/296] DVMY
[04:44:14] [155/296] RASA
[04:44:15] [156/296] INOM
[04:44:16] [157/296] SPRS
[04:44:17] [158/296] SGCS
[04:44:18] [159/296] SALM
[04:44:19] [160/296] PKHC
[04:44:21] [161/296] RCSV
[04:44:21] [162/296] CPKC
[04:44:22] [163/296] AACD
[04:44:23] [164/296] GGCV
[04:44:24] [165/296] SMKD
[04:44:25] [166/296] NBCH
[04:44:25] [167/296] AMCB
[04:44:26] [168/296] OPCN
[04:44:27] [169/296] DCIN
[04:44:28] [170/296] INGW
[04:44:29] [171/296] PKKW
[04:44:30] [172/296] FNGW
[04:44:30] [173/296] GCGD
[04:44:31] [174/296] MSTW
[04:44:32] [175/296] KCCG
[04:44:33] [176/296] MRSS
[04:44:34] [177/296] CLCF
[04:44:35] [178/296] EETS
[04:44:36] [179/296] AATR
[04:44:37] [180/296] CMMN
[04:44:37] [181/296] SCCJ
[04:44:38] [182/296] CDTK
[04:44:39] [183/296] AICP
[04:44:40] [184/296] FNBP
[04:44:41] [185/296] CBPB
[04:44:42] [186/296] CPAS
[04:44:43] [187/296] MAPM
[04:44:44] [188/296] PASD
[04:44:45] [189/296] JCMN
[04:44:46] [190/296] MALB
[04:44:47] [191/296] SACG
[04:44:47] [192/296] DDRX
[04:44:48] [193/296] DDXB
[04:44:49] [194/296] RAMC
[04:44:50] [195/296] SANC
[04:44:51] [196/296] BCBP
[04:44:52] [197/296] ALPC
[04:44:53] [198/296] RBAC
[04:44:53] [199/296] RAJL
[04:44:55] [200/296] MPDX
[04:44:57] [201/296] MUSC
[04:44:58] [202/296] VKMK
[04:44:58] [203/296] SKCG
[04:45:00] [204/296] ANCN
[04:45:01] [205/296] MMCJ
[04:45:01] [206/296] DCAK
[04:45:02] [207/296] SCKG
[04:45:03] [208/296] LMCK
[04:45:04] [209/296] CKKX
[04:45:04] [210/296] ANKU
[04:45:05] [211/296] CSMD
[04:45:06] [212/296] MKMP
[04:45:07] [213/296] SVBG
[04:45:08] [214/296] ROOP
[04:45:09] [215/296] GDMT
[04:45:09] [216/296] FPPF
[04:45:10] [217/296] SFUU
[04:45:11] [218/296] ANCB
[04:45:12] [219/296] SMMC
[04:45:12] [220/296] UGKT
[04:45:13] [221/296] JVRM
[04:45:14] [222/296] BATG
[04:45:15] [223/296] RATE
[04:45:15] [224/296] SKME
[04:45:16] [225/296] LMTP
[04:45:17] [226/296] TCBD
[04:45:18] [227/296] ESBD
[04:45:19] [228/296] GDCU
[04:45:20] [229/296] SNKT
[04:45:21] [230/296] SRNK
[04:45:22] [231/296] SMED
[04:45:23] [232/296] CSQS
[04:45:24] [233/296] ALCS
[04:45:25] [234/296] KCKN
[04:45:26] [235/296] VCCL
[04:45:26] [236/296] MCDA
[04:45:27] [237/296] SHMI
[04:45:28] [238/296] SKHA
[04:45:29] [239/296] SVFK
[04:45:31] [240/296] INVB
[04:45:31] [241/296] MELD
[04:45:32] [242/296] JTYS
[04:45:33] [243/296] INCM
[04:45:34] [244/296] MCDV
[04:45:34] [245/296] KSGK
[04:45:35] [246/296] ICMG
[04:45:36] [247/296] CSCV
[04:45:37] [248/296] STMD
[04:45:38] [249/296] STTR
[04:45:38] [250/296] INVC
[04:45:39] [251/296] JTBL
[04:45:40] [252/296] SRVV
[04:45:41] [253/296] MAVC
[04:45:42] [254/296] SRPP
[04:45:43] [255/296] JGDM
[04:45:44] [256/296] MBSJ
[04:45:45] [257/296] SSLL
[04:45:46] [258/296] SLKP
[04:45:47] [259/296] NSRV
[04:45:47] [260/296] UTDV
[04:45:48] [261/296] KICM
[04:45:49] [262/296] KCMD
[04:45:50] [263/296] TTPP
[04:45:50] [264/296] KMPV
[04:45:51] [265/296] SKTV
[04:45:52] [266/296] STCV
[04:45:53] [267/296] SRDA
[04:45:54] [268/296] JTSX
[04:45:54] [269/296] STBV
[04:45:55] [270/296] APVZ
[04:45:56] [271/296] GSTV
[04:45:57] [272/296] NMVS
[04:45:58] [273/296] SKRT
[04:45:58] [274/296] RMDV
[04:45:59] [275/296] RATG
[04:46:00] [276/296] SJYV
[04:46:01] [277/296] NDGP
[04:46:03] [278/296] SNDG
[04:46:03] [279/296] INSR
[04:46:04] [280/296] INSO
[04:46:05] [281/296] CCSI
[04:46:06] [282/296] RASM
[04:46:07] [283/296] NEWC
[04:46:08] [284/296] VSHL
[04:46:09] [285/296] BISW
[04:46:10] [286/296] GCNG
[04:46:11] [287/296] CWSC
[04:46:12] [288/296] SKAN
[04:46:13] [289/296] SEHP
[04:46:13] [290/296] CCOA
[04:46:14] [291/296] MCAJ
[04:46:15] [292/296] ACDE
[04:46:15] [293/296] AACM
[04:46:16] [294/296] JJCK
[04:46:17] [295/296] RCMO
[04:46:18] [296/296] GDAW
[04:46:19] 🧹 Deduping shows
[04:46:19] ✅ DONE | Shows=1855 | Movies=55
