[02:40:59] 🚀 SCRIPT STARTED
[02:40:59] [1/324] GCTA
[02:40:59] 🧠 New identity created
[02:41:01] [2/324] TOPN
[02:41:01] [3/324] MCUS
[02:41:02] [4/324] SHRL
[02:41:03] [5/324] UPTP
[02:41:04] [6/324] TMMP
[02:41:05] [7/324] DNRP
[02:41:06] [8/324] SRLT
[02:41:06] [9/324] RCNS
[02:41:08] [10/324] DCBH
[02:41:08] [11/324] NAGJ
[02:41:10] [12/324] JVRC
[02:41:10] [13/324] KRJG
[02:41:12] [14/324] SRTJ
[02:41:12] [15/324] CMXM
[02:41:13] [16/324] STMI
[02:41:14] [17/324] SLST
[02:41:15] [18/324] DTCN
[02:41:16] [19/324] STYN
[02:41:16] [20/324] SZVR
[02:41:17] [21/324] SRKO
[02:41:18] [22/324] JTGT
[02:41:20] [23/324] SVFD
[02:41:21] [24/324] SISD
[02:41:22] [25/324] ABDD
[02:41:22] [26/324] DRCA
[02:41:23] [27/324] AVCS
[02:41:24] [28/324] MVKH
[02:41:25] [29/324] ACPR
[02:41:26] [30/324] STIP
[02:41:27] [31/324] MTRA
[02:41:28] [32/324] RMKH
[02:41:28] [33/324] NKRL
[02:41:29] [34/324] PCWN
[02:41:30] [35/324] BLMT
[02:41:31] [36/324] GDPG
[02:41:32] [37/324] SRMX
[02:41:32] [38/324] JACP
[02:41:33] [39/324] CPSH
[02:41:34] [40/324] MCCD
[02:41:35] [41/324] ECGH
[02:41:36] [42/324] MKCK
[02:41:37] [43/324] SRMM
[02:41:38] [44/324] SKYR
[02:41:38] [45/324] PCKC
[02:41:39] [46/324] JCMA
[02:41:40] [47/324] BSMP
[02:41:41] [48/324] VSPA
[02:41:41] [49/324] DJYA
[02:41:42] [50/324] DIMP
[02:41:43] [51/324] FXDR
[02:41:44] [52/324] SSRC
[02:41:45] [53/324] STHP
[02:41:46] [54/324] CPPD
[02:41:46] [55/324] FCLK
[02:41:47] [56/324] SCPP
[02:41:48] [57/324] DCMJ
[02:41:49] [58/324] RCCR
[02:41:50] [59/324] INMT
[02:41:50] [60/324] LXTK
[02:41:51] [61/324] SRYK
[02:41:52] [62/324] SGDK
[02:41:54] [63/324] PPKA
[02:41:54] [64/324] SPKA
[02:41:55] [65/324] CGHH
[02:41:56] [66/324] DCJN
[02:41:57] [67/324] SRKV
[02:41:58] [68/324] SAJC
[02:41:59] [69/324] SUSR
[02:42:00] [70/324] STYG
[02:42:01] [71/324] NTKP
[02:42:02] [72/324] AKTG
[02:42:03] [73/324] CGCM
[02:42:03] [74/324] TULC
[02:42:04] [75/324] NYYZ
[02:42:05] [76/324] NYBW
[02:42:06] [77/324] MACB
[02:42:07] [78/324] SLVT
[02:42:08] [79/324] SANA
[02:42:09] [80/324] ACMR
[02:42:10] [81/324] CPKN
[02:42:11] [82/324] DLGK
[02:42:12] [83/324] CWCK
[02:42:13] [84/324] FDDH
[02:42:14] [85/324] MMMD
[02:42:15] [86/324] CMEH
[02:42:16] [87/324] GGGV
[02:42:17] [88/324] SPJL
[02:42:18] [89/324] RCCD
[02:42:18] [90/324] STTZ
[02:42:19] [91/324] BTCF
[02:42:20] [92/324] TSTZ
[02:42:21] [93/324] IPMM
[02:42:22] [94/324] PMPW
[02:42:23] [95/324] PCMZ
[02:42:23] [96/324] ESEM
[02:42:24] [97/324] PIPO
[02:42:26] [98/324] MATK
[02:42:27] [99/324] PGHM
[02:42:28] [100/324] CTSR
[02:42:29] [101/324] CYKR
[02:42:29] [102/324] MSCM
[02:42:30] [103/324] RFNP
[02:42:31] [104/324] PDCP
[02:42:32] [105/324] NPSE
[02:42:33] [106/324] MKML
[02:42:34] [107/324] FTDP
[02:42:35] [108/324] MMXA
[02:42:36] [109/324] CEPO
[02:42:38] [110/324] CMVP
[02:42:38] [111/324] SGTH
[02:42:39] [112/324] SAYN
[02:42:40] [113/324] URVS
[02:42:41] [114/324] VJTN
[02:42:42] [115/324] BBYK
[02:42:43] [116/324] SHBO
[02:42:43] [117/324] VCMR
[02:42:44] [118/324] MACT
[02:42:45] [119/324] JMNP
[02:42:46] [120/324] VICS
[02:42:47] [121/324] VCDA
[02:42:48] [122/324] GCMM
[02:42:49] [123/324] INVS
[02:42:51] [124/324] SCGM
[02:42:51] [125/324] PCDA
[02:42:52] [126/324] KDCT
[02:42:53] [127/324] JACS
[02:42:54] [128/324] GMMC
[02:42:54] [129/324] AICM
[02:42:55] [130/324] TJCM
[02:42:56] [131/324] RMTI
[02:42:57] [132/324] SHAC
[02:42:58] [133/324] APJC
[02:42:59] [134/324] GCTG
[02:42:59] [135/324] SSMC
[02:43:00] [136/324] THRM
[02:43:01] [137/324] RBCT
[02:43:02] [138/324] DIKT
[02:43:03] [139/324] MIDL
[02:43:05] [140/324] VCSN
[02:43:06] [141/324] SKTG
[02:43:06] [142/324] SMWC
[02:43:07] [143/324] MNKH
[02:43:08] [144/324] PIAT
[02:43:08] [145/324] LTTP
[02:43:09] [146/324] PTPU
[02:43:10] [147/324] ACMG
[02:43:11] [148/324] SHMM
[02:43:12] [149/324] MCMN
[02:43:13] [150/324] GLDC
[02:43:14] [151/324] HOUT
[02:43:15] [152/324] SVRP
[02:43:16] [153/324] PVDN
[02:43:17] [154/324] SCPY
[02:43:18] [155/324] DTPY
[02:43:18] [156/324] GKCS
[02:43:19] [157/324] NCAM
[02:43:20] [158/324] BSRM
[02:43:21] [159/324] RCLC
[02:43:22] [160/324] SKKD
[02:43:23] [161/324] ACHU
[02:43:24] [162/324] RSCF
[02:43:25] [163/324] IMSH
[02:43:26] [164/324] MACX
[02:43:27] [165/324] HMMW
[02:43:28] [166/324] JTCP
[02:43:28] [167/324] SREN
[02:43:29] [168/324] PJRR
[02:43:30] [169/324] INAC
[02:43:31] [170/324] BMCA
[02:43:32] [171/324] SHCB
[02:43:33] [172/324] GABA
[02:43:34] [173/324] SBCT
[02:43:35] [174/324] GCMA
[02:43:36] [175/324] MYTK
[02:43:36] [176/324] INZS
[02:43:38] [177/324] RMIK
[02:43:39] [178/324] NYCH
[02:43:40] [179/324] RAVE
[02:43:40] [180/324] PSXM
[02:43:41] [181/324] MCGP
[02:43:42] [182/324] PDDK
[02:43:43] [183/324] SPCK
[02:43:43] [184/324] MCRL
[02:43:44] [185/324] MHKT
[02:43:45] [186/324] ANRR
[02:43:46] [187/324] SAPK
[02:43:47] [188/324] NCUK
[02:43:47] [189/324] JUGA
[02:43:48] [190/324] DBSC
[02:43:49] [191/324] LALK
[02:43:50] [192/324] GUCK
[02:43:51] [193/324] STSG
[02:43:52] [194/324] PPPZ
[02:43:52] [195/324] CNCY
[02:43:53] [196/324] MTAR
[02:43:54] [197/324] VNKD
[02:43:55] [198/324] KMAJ
[02:43:56] [199/324] ACXK
[02:43:57] [200/324] UTKC
[02:43:58] [201/324] PBLK
[02:43:59] [202/324] ACBX
[02:44:00] [203/324] PTGM
[02:44:01] [204/324] BTDA
[02:44:02] [205/324] PJMB
[02:44:02] [206/324] TPDA
[02:44:03] [207/324] AMOE
[02:44:04] [208/324] PRHT
[02:44:05] [209/324] PRTA
[02:44:05] [210/324] STAM
[02:44:06] [211/324] MSAA
[02:44:07] [212/324] SDLU
[02:44:08] [213/324] RCHH
[02:44:09] [214/324] KANT
[02:44:10] [215/324] FCRT
[02:44:11] [216/324] DNKM
[02:44:12] [217/324] RYCP
[02:44:13] [218/324] MYRP
[02:44:13] [219/324] PPAK
[02:44:14] [220/324] NVPK
[02:44:15] [221/324] PRMC
[02:44:16] [222/324] JBCS
[02:44:17] [223/324] GXCK
[02:44:18] [224/324] USKO
[02:44:19] [225/324] GTEM
[02:44:20] [226/324] SMBU
[02:44:21] [227/324] VETC
[02:44:22] [228/324] LCDA
[02:44:23] [229/324] MTVT
[02:44:23] [230/324] PYCP
[02:44:25] [231/324] PNSC
[02:44:26] [232/324] PPCC
[02:44:27] [233/324] TGRT
[02:44:27] [234/324] JYOT
[02:44:28] [235/324] SRCZ
[02:44:29] [236/324] SJTE
[02:44:30] [237/324] DESC
[02:44:31] [238/324] JHVN
[02:44:32] [239/324] IPSG
[02:44:32] [240/324] IPCM
[02:44:33] [241/324] PDRS
[02:44:34] [242/324] ANCV
[02:44:35] [243/324] CMVV
[02:44:36] [244/324] SHYP
[02:44:37] [245/324] DNCS
[02:44:38] [246/324] GAJK
[02:44:38] [247/324] AKTN
[02:44:39] [248/324] KAYA
[02:44:40] [249/324] SBRC
[02:44:41] [250/324] CHTP
[02:44:42] [251/324] SHRT
[02:44:43] [252/324] BCKU
[02:44:44] [253/324] FCPS
[02:44:44] [254/324] ARDD
[02:44:45] [255/324] CPCM
[02:44:46] [256/324] CGSM
[02:44:47] [257/324] PSMP
[02:44:47] [258/324] SDAL
[02:44:48] [259/324] RTNB
[02:44:49] [260/324] LMCR
[02:44:50] [261/324] CIMA
[02:44:51] [262/324] RNAS
[02:44:52] [263/324] LITH
[02:44:53] [264/324] PBOX
[02:44:53] [265/324] FRTS
[02:44:54] [266/324] RKIC
[02:44:55] [267/324] PTAI
[02:44:56] [268/324] GCIC
[02:44:57] [269/324] FNAS
[02:44:57] [270/324] SCAR
[02:44:58] [271/324] MTCA
[02:44:59] [272/324] SCTS
[02:45:00] [273/324] SYCS
[02:45:01] [274/324] RDMS
[02:45:01] [275/324] KAMP
[02:45:02] [276/324] ERSD
[02:45:03] [277/324] MJMJ
[02:45:04] [278/324] SRCJ
[02:45:05] [279/324] SCXE
[02:45:06] [280/324] SVFR
[02:45:06] [281/324] BHCS
[02:45:08] [282/324] IMCC
[02:45:09] [283/324] PCBO
[02:45:10] [284/324] PRVN
[02:45:10] [285/324] AUPM
[02:45:11] [286/324] INBW
[02:45:12] [287/324] SVCW
[02:45:13] [288/324] RKCF
[02:45:14] [289/324] UVBH
[02:45:15] [290/324] DNCY
[02:45:15] [291/324] ABCN
[02:45:16] [292/324] PRUR
[02:45:18] [293/324] PFMR
[02:45:19] [294/324] RKCN
[02:45:20] [295/324] CFEA
[02:45:21] [296/324] SDBG
[02:45:22] [297/324] SNAR
[02:45:23] [298/324] YISI
[02:45:24] [299/324] JCFF
[02:45:25] [300/324] VTRK
[02:45:26] [301/324] PCLZ
[02:45:26] [302/324] DIMY
[02:45:27] [303/324] BBTS
[02:45:28] [304/324] GATH
[02:45:30] [305/324] GTMN
[02:45:31] [306/324] VTMH
[02:45:31] [307/324] CCKP
[02:45:32] [308/324] GPKA
[02:45:33] [309/324] MHCL
[02:45:34] [310/324] ATCL
[02:45:35] [311/324] SBCK
[02:45:36] [312/324] AMMR
[02:45:36] [313/324] MADC
[02:45:37] [314/324] TMMA
[02:45:38] [315/324] CACC
[02:45:39] [316/324] CHAL
[02:45:40] [317/324] DURG
[02:45:41] [318/324] GMKU
[02:45:41] [319/324] GECA
[02:45:42] [320/324] KYRR
[02:45:43] [321/324] KSDE
[02:45:44] [322/324] LMCI
[02:45:45] [323/324] NKCP
[02:45:46] [324/324] BGTC
[02:45:46] 🧹 Deduping shows
[02:45:47] ✅ DONE | Shows=2212 | Movies=70
[04:41:56] 🚀 SCRIPT STARTED
[04:41:56] [1/324] GCTA
[04:41:56] 🧠 New identity created
[04:41:57] [2/324] TOPN
[04:41:58] [3/324] MCUS
[04:42:00] [4/324] SHRL
[04:42:01] [5/324] UPTP
[04:42:02] [6/324] TMMP
[04:42:03] [7/324] DNRP
[04:42:03] [8/324] SRLT
[04:42:04] [9/324] RCNS
[04:42:05] [10/324] DCBH
[04:42:06] [11/324] NAGJ
[04:42:07] [12/324] JVRC
[04:42:08] [13/324] KRJG
[04:42:09] [14/324] SRTJ
[04:42:10] [15/324] CMXM
[04:42:11] [16/324] STMI
[04:42:12] [17/324] SLST
[04:42:13] [18/324] DTCN
[04:42:15] [19/324] STYN
[04:42:15] [20/324] SZVR
[04:42:16] [21/324] SRKO
[04:42:17] [22/324] JTGT
[04:42:19] [23/324] SVFD
[04:42:20] [24/324] SISD
[04:42:21] [25/324] ABDD
[04:42:22] [26/324] DRCA
[04:42:23] [27/324] AVCS
[04:42:24] [28/324] MVKH
[04:42:24] [29/324] ACPR
[04:42:25] [30/324] STIP
[04:42:26] [31/324] MTRA
[04:42:27] [32/324] RMKH
[04:42:28] [33/324] NKRL
[04:42:29] [34/324] PCWN
[04:42:30] [35/324] BLMT
[04:42:31] [36/324] GDPG
[04:42:32] [37/324] SRMX
[04:42:33] [38/324] JACP
[04:42:34] [39/324] CPSH
[04:42:35] [40/324] MCCD
[04:42:36] [41/324] ECGH
[04:42:37] [42/324] MKCK
[04:42:38] [43/324] SRMM
[04:42:39] [44/324] SKYR
[04:42:40] [45/324] PCKC
[04:42:41] [46/324] JCMA
[04:42:42] [47/324] BSMP
[04:42:43] [48/324] VSPA
[04:42:44] [49/324] DJYA
[04:42:45] [50/324] DIMP
[04:42:46] [51/324] FXDR
[04:42:47] [52/324] SSRC
[04:42:47] [53/324] STHP
[04:42:48] [54/324] CPPD
[04:42:49] [55/324] FCLK
[04:42:50] [56/324] SCPP
[04:42:51] [57/324] DCMJ
[04:42:52] [58/324] RCCR
[04:42:52] [59/324] INMT
[04:42:53] [60/324] LXTK
[04:42:54] [61/324] SRYK
[04:42:55] [62/324] SGDK
[04:42:56] [63/324] PPKA
[04:42:57] [64/324] SPKA
[04:42:58] [65/324] CGHH
[04:42:59] [66/324] DCJN
[04:43:00] [67/324] SRKV
[04:43:01] [68/324] SAJC
[04:43:01] [69/324] SUSR
[04:43:02] [70/324] STYG
[04:43:03] [71/324] NTKP
[04:43:04] [72/324] AKTG
[04:43:05] [73/324] CGCM
[04:43:05] [74/324] TULC
[04:43:06] [75/324] NYYZ
[04:43:07] [76/324] NYBW
[04:43:08] [77/324] MACB
[04:43:09] [78/324] SLVT
[04:43:10] [79/324] SANA
[04:43:12] [80/324] ACMR
[04:43:13] [81/324] CPKN
[04:43:14] [82/324] DLGK
[04:43:15] [83/324] CWCK
[04:43:16] [84/324] FDDH
[04:43:17] [85/324] MMMD
[04:43:18] [86/324] CMEH
[04:43:18] [87/324] GGGV
[04:43:19] [88/324] SPJL
[04:43:20] [89/324] RCCD
[04:43:21] [90/324] STTZ
[04:43:22] [91/324] BTCF
[04:43:23] [92/324] TSTZ
[04:43:24] [93/324] IPMM
[04:43:25] [94/324] PMPW
[04:43:26] [95/324] PCMZ
[04:43:27] [96/324] ESEM
[04:43:28] [97/324] PIPO
[04:43:28] [98/324] MATK
[04:43:29] [99/324] PGHM
[04:43:30] [100/324] CTSR
[04:43:31] [101/324] CYKR
[04:43:32] [102/324] MSCM
[04:43:33] [103/324] RFNP
[04:43:34] [104/324] PDCP
[04:43:35] [105/324] NPSE
[04:43:35] [106/324] MKML
[04:43:36] [107/324] FTDP
[04:43:37] [108/324] MMXA
[04:43:38] [109/324] CEPO
[04:43:39] [110/324] CMVP
[04:43:40] [111/324] SGTH
[04:43:41] [112/324] SAYN
[04:43:41] [113/324] URVS
[04:43:42] [114/324] VJTN
[04:43:43] [115/324] BBYK
[04:43:44] [116/324] SHBO
[04:43:46] [117/324] VCMR
[04:43:47] [118/324] MACT
[04:43:47] [119/324] JMNP
[04:43:48] [120/324] VICS
[04:43:50] [121/324] VCDA
[04:43:51] [122/324] GCMM
[04:43:52] [123/324] INVS
[04:43:52] [124/324] SCGM
[04:43:53] [125/324] PCDA
[04:43:55] [126/324] KDCT
[04:43:56] [127/324] JACS
[04:43:57] [128/324] GMMC
[04:43:58] [129/324] AICM
[04:43:59] [130/324] TJCM
[04:44:00] [131/324] RMTI
[04:44:01] [132/324] SHAC
[04:44:01] [133/324] APJC
[04:44:02] [134/324] GCTG
[04:44:03] [135/324] SSMC
[04:44:04] [136/324] THRM
[04:44:05] [137/324] RBCT
[04:44:06] [138/324] DIKT
[04:44:07] [139/324] MIDL
[04:44:08] [140/324] VCSN
[04:44:08] [141/324] SKTG
[04:44:09] [142/324] SMWC
[04:44:10] [143/324] MNKH
[04:44:11] [144/324] PIAT
[04:44:12] [145/324] LTTP
[04:44:13] [146/324] PTPU
[04:44:14] [147/324] ACMG
[04:44:15] [148/324] SHMM
[04:44:16] [149/324] MCMN
[04:44:17] [150/324] GLDC
[04:44:18] [151/324] HOUT
[04:44:18] [152/324] SVRP
[04:44:19] [153/324] PVDN
[04:44:20] [154/324] SCPY
[04:44:21] [155/324] DTPY
[04:44:22] [156/324] GKCS
[04:44:23] [157/324] NCAM
[04:44:24] [158/324] BSRM
[04:44:25] [159/324] RCLC
[04:44:26] [160/324] SKKD
[04:44:27] [161/324] ACHU
[04:44:28] [162/324] RSCF
[04:44:28] [163/324] IMSH
[04:44:29] [164/324] MACX
[04:44:30] [165/324] HMMW
[04:44:31] [166/324] JTCP
[04:44:32] [167/324] SREN
[04:44:33] [168/324] PJRR
[04:44:34] [169/324] INAC
[04:44:35] [170/324] BMCA
[04:44:35] [171/324] SHCB
[04:44:36] [172/324] GABA
[04:44:37] [173/324] SBCT
[04:44:38] [174/324] GCMA
[04:44:39] [175/324] MYTK
[04:44:40] [176/324] INZS
[04:44:40] [177/324] RMIK
[04:44:41] [178/324] NYCH
[04:44:42] [179/324] RAVE
[04:44:43] [180/324] PSXM
[04:44:44] [181/324] MCGP
[04:44:45] [182/324] PDDK
[04:44:46] [183/324] SPCK
[04:44:47] [184/324] MCRL
[04:44:48] [185/324] MHKT
[04:44:50] [186/324] ANRR
[04:44:50] [187/324] SAPK
[04:44:51] [188/324] NCUK
[04:44:52] [189/324] JUGA
[04:44:53] [190/324] DBSC
[04:44:53] [191/324] LALK
[04:44:54] [192/324] GUCK
[04:44:55] [193/324] STSG
[04:44:56] [194/324] PPPZ
[04:44:57] [195/324] CNCY
[04:44:58] [196/324] MTAR
[04:44:58] [197/324] VNKD
[04:45:00] [198/324] KMAJ
[04:45:01] [199/324] ACXK
[04:45:02] [200/324] UTKC
[04:45:02] [201/324] PBLK
[04:45:03] [202/324] ACBX
[04:45:04] [203/324] PTGM
[04:45:05] [204/324] BTDA
[04:45:06] [205/324] PJMB
[04:45:06] [206/324] TPDA
[04:45:07] [207/324] AMOE
[04:45:08] [208/324] PRHT
[04:45:10] [209/324] PRTA
[04:45:11] [210/324] STAM
[04:45:12] [211/324] MSAA
[04:45:13] [212/324] SDLU
[04:45:13] [213/324] RCHH
[04:45:14] [214/324] KANT
[04:45:15] [215/324] FCRT
[04:45:16] [216/324] DNKM
[04:45:17] [217/324] RYCP
[04:45:18] [218/324] MYRP
[04:45:19] [219/324] PPAK
[04:45:19] [220/324] NVPK
[04:45:21] [221/324] PRMC
[04:45:22] [222/324] JBCS
[04:45:23] [223/324] GXCK
[04:45:24] [224/324] USKO
[04:45:25] [225/324] GTEM
[04:45:26] [226/324] SMBU
[04:45:26] [227/324] VETC
[04:45:27] [228/324] LCDA
[04:45:28] [229/324] MTVT
[04:45:29] [230/324] PYCP
[04:45:30] [231/324] PNSC
[04:45:31] [232/324] PPCC
[04:45:32] [233/324] TGRT
[04:45:33] [234/324] JYOT
[04:45:33] [235/324] SRCZ
[04:45:34] [236/324] SJTE
[04:45:35] [237/324] DESC
[04:45:36] [238/324] JHVN
[04:45:37] [239/324] IPSG
[04:45:38] [240/324] IPCM
[04:45:39] [241/324] PDRS
[04:45:40] [242/324] ANCV
[04:45:41] [243/324] CMVV
[04:45:42] [244/324] SHYP
[04:45:43] [245/324] DNCS
[04:45:44] [246/324] GAJK
[04:45:44] [247/324] AKTN
[04:45:46] [248/324] KAYA
[04:45:47] [249/324] SBRC
[04:45:48] [250/324] CHTP
[04:45:49] [251/324] SHRT
[04:45:49] [252/324] BCKU
[04:45:51] [253/324] FCPS
[04:45:52] [254/324] ARDD
[04:45:53] [255/324] CPCM
[04:45:54] [256/324] CGSM
[04:45:55] [257/324] PSMP
[04:45:56] [258/324] SDAL
[04:45:57] [259/324] RTNB
[04:45:58] [260/324] LMCR
[04:45:59] [261/324] CIMA
[04:46:00] [262/324] RNAS
[04:46:01] [263/324] LITH
[04:46:02] [264/324] PBOX
[04:46:03] [265/324] FRTS
[04:46:04] [266/324] RKIC
[04:46:04] [267/324] PTAI
[04:46:05] [268/324] GCIC
[04:46:06] [269/324] FNAS
[04:46:07] [270/324] SCAR
[04:46:08] [271/324] MTCA
[04:46:09] [272/324] SCTS
[04:46:10] [273/324] SYCS
[04:46:10] [274/324] RDMS
[04:46:11] [275/324] KAMP
[04:46:12] [276/324] ERSD
[04:46:13] [277/324] MJMJ
[04:46:14] [278/324] SRCJ
[04:46:15] [279/324] SCXE
[04:46:16] [280/324] SVFR
[04:46:17] [281/324] BHCS
[04:46:18] [282/324] IMCC
[04:46:19] [283/324] PCBO
[04:46:20] [284/324] PRVN
[04:46:22] [285/324] AUPM
[04:46:23] [286/324] INBW
[04:46:24] [287/324] SVCW
[04:46:25] [288/324] RKCF
[04:46:25] [289/324] UVBH
[04:46:26] [290/324] DNCY
[04:46:27] [291/324] ABCN
[04:46:28] [292/324] PRUR
[04:46:29] [293/324] PFMR
[04:46:30] [294/324] RKCN
[04:46:31] [295/324] CFEA
[04:46:32] [296/324] SDBG
[04:46:33] [297/324] SNAR
[04:46:34] [298/324] YISI
[04:46:35] [299/324] JCFF
[04:46:36] [300/324] VTRK
[04:46:36] [301/324] PCLZ
[04:46:37] [302/324] DIMY
[04:46:39] [303/324] BBTS
[04:46:40] [304/324] GATH
[04:46:41] [305/324] GTMN
[04:46:41] [306/324] VTMH
[04:46:42] [307/324] CCKP
[04:46:43] [308/324] GPKA
[04:46:44] [309/324] MHCL
[04:46:46] [310/324] ATCL
[04:46:47] [311/324] SBCK
[04:46:48] [312/324] AMMR
[04:46:48] [313/324] MADC
[04:46:49] [314/324] TMMA
[04:46:51] [315/324] CACC
[04:46:52] [316/324] CHAL
[04:46:52] [317/324] DURG
[04:46:53] [318/324] GMKU
[04:46:55] [319/324] GECA
[04:46:56] [320/324] KYRR
[04:46:57] [321/324] KSDE
[04:46:58] [322/324] LMCI
[04:46:59] [323/324] NKCP
[04:47:00] [324/324] BGTC
[04:47:00] 🧹 Deduping shows
[04:47:00] ✅ DONE | Shows=2211 | Movies=70
[07:58:18] 🚀 SCRIPT STARTED
[07:58:18] [1/324] GCTA
[07:58:18] 🧠 New identity created
[07:58:19] [2/324] TOPN
[07:58:20] [3/324] MCUS
[07:58:21] [4/324] SHRL
[07:58:22] [5/324] UPTP
[07:58:23] [6/324] TMMP
[07:58:23] [7/324] DNRP
[07:58:24] [8/324] SRLT
[07:58:25] [9/324] RCNS
[07:58:26] [10/324] DCBH
[07:58:28] [11/324] NAGJ
[07:58:28] [12/324] JVRC
[07:58:29] [13/324] KRJG
[07:58:30] [14/324] SRTJ
[07:58:31] [15/324] CMXM
[07:58:32] [16/324] STMI
[07:58:33] [17/324] SLST
[07:58:34] [18/324] DTCN
[07:58:35] [19/324] STYN
[07:58:35] [20/324] SZVR
[07:58:36] [21/324] SRKO
[07:58:37] [22/324] JTGT
[07:58:39] [23/324] SVFD
[07:58:39] [24/324] SISD
[07:58:40] [25/324] ABDD
[07:58:41] [26/324] DRCA
[07:58:42] [27/324] AVCS
[07:58:43] [28/324] MVKH
[07:58:44] [29/324] ACPR
[07:58:44] [30/324] STIP
[07:58:45] [31/324] MTRA
[07:58:46] [32/324] RMKH
[07:58:47] [33/324] NKRL
[07:58:48] [34/324] PCWN
[07:58:49] [35/324] BLMT
[07:58:50] [36/324] GDPG
[07:58:51] [37/324] SRMX
[07:58:52] [38/324] JACP
[07:58:53] [39/324] CPSH
[07:58:54] [40/324] MCCD
[07:58:55] [41/324] ECGH
[07:58:56] [42/324] MKCK
[07:58:57] [43/324] SRMM
[07:58:58] [44/324] SKYR
[07:58:59] [45/324] PCKC
[07:59:00] [46/324] JCMA
[07:59:01] [47/324] BSMP
[07:59:01] [48/324] VSPA
[07:59:03] [49/324] DJYA
[07:59:04] [50/324] DIMP
[07:59:05] [51/324] FXDR
[07:59:05] [52/324] SSRC
[07:59:06] [53/324] STHP
[07:59:08] [54/324] CPPD
[07:59:09] [55/324] FCLK
[07:59:10] [56/324] SCPP
[07:59:10] [57/324] DCMJ
[07:59:11] [58/324] RCCR
[07:59:12] [59/324] INMT
[07:59:13] [60/324] LXTK
[07:59:14] [61/324] SRYK
[07:59:15] [62/324] SGDK
[07:59:16] [63/324] PPKA
[07:59:17] [64/324] SPKA
[07:59:18] [65/324] CGHH
[07:59:19] [66/324] DCJN
[07:59:19] [67/324] SRKV
[07:59:21] [68/324] SAJC
[07:59:21] [69/324] SUSR
[07:59:22] [70/324] STYG
[07:59:23] [71/324] NTKP
[07:59:24] [72/324] AKTG
[07:59:25] [73/324] CGCM
[07:59:26] [74/324] TULC
[07:59:27] [75/324] NYYZ
[07:59:28] [76/324] NYBW
[07:59:29] [77/324] MACB
[07:59:31] [78/324] SLVT
[07:59:32] [79/324] SANA
[07:59:32] [80/324] ACMR
[07:59:33] [81/324] CPKN
[07:59:34] [82/324] DLGK
[07:59:35] [83/324] CWCK
[07:59:36] [84/324] FDDH
[07:59:36] [85/324] MMMD
[07:59:37] [86/324] CMEH
[07:59:39] [87/324] GGGV
[07:59:40] [88/324] SPJL
[07:59:40] [89/324] RCCD
[07:59:41] [90/324] STTZ
[07:59:42] [91/324] BTCF
[07:59:43] [92/324] TSTZ
[07:59:44] [93/324] IPMM
[07:59:45] [94/324] PMPW
[07:59:46] [95/324] PCMZ
[07:59:47] [96/324] ESEM
[07:59:48] [97/324] PIPO
[07:59:49] [98/324] MATK
[07:59:50] [99/324] PGHM
[07:59:51] [100/324] CTSR
[07:59:51] [101/324] CYKR
[07:59:52] [102/324] MSCM
[07:59:53] [103/324] RFNP
[07:59:54] [104/324] PDCP
[07:59:55] [105/324] NPSE
[07:59:56] [106/324] MKML
[07:59:56] [107/324] FTDP
[07:59:57] [108/324] MMXA
[07:59:58] [109/324] CEPO
[07:59:59] [110/324] CMVP
[08:00:00] [111/324] SGTH
[08:00:00] [112/324] SAYN
[08:00:01] [113/324] URVS
[08:00:02] [114/324] VJTN
[08:00:03] [115/324] BBYK
[08:00:04] [116/324] SHBO
[08:00:05] [117/324] VCMR
[08:00:06] [118/324] MACT
[08:00:06] [119/324] JMNP
[08:00:07] [120/324] VICS
[08:00:08] [121/324] VCDA
[08:00:09] [122/324] GCMM
[08:00:10] [123/324] INVS
[08:00:10] [124/324] SCGM
[08:00:11] [125/324] PCDA
[08:00:12] [126/324] KDCT
[08:00:13] [127/324] JACS
[08:00:14] [128/324] GMMC
[08:00:15] [129/324] AICM
[08:00:16] [130/324] TJCM
[08:00:17] [131/324] RMTI
[08:00:18] [132/324] SHAC
[08:00:19] [133/324] APJC
[08:00:20] [134/324] GCTG
[08:00:21] [135/324] SSMC
[08:00:21] [136/324] THRM
[08:00:22] [137/324] RBCT
[08:00:24] [138/324] DIKT
[08:00:25] [139/324] MIDL
[08:00:25] [140/324] VCSN
[08:00:26] [141/324] SKTG
[08:00:27] [142/324] SMWC
[08:00:28] [143/324] MNKH
[08:00:29] [144/324] PIAT
[08:00:29] [145/324] LTTP
[08:00:30] [146/324] PTPU
[08:00:31] [147/324] ACMG
[08:00:32] [148/324] SHMM
[08:00:32] [149/324] MCMN
[08:00:33] [150/324] GLDC
[08:00:34] [151/324] HOUT
[08:00:35] [152/324] SVRP
[08:00:36] [153/324] PVDN
[08:00:36] [154/324] SCPY
[08:00:37] [155/324] DTPY
[08:00:38] [156/324] GKCS
[08:00:39] [157/324] NCAM
[08:00:40] [158/324] BSRM
[08:00:40] [159/324] RCLC
[08:00:42] [160/324] SKKD
[08:00:43] [161/324] ACHU
[08:00:43] [162/324] RSCF
[08:00:44] [163/324] IMSH
[08:00:45] [164/324] MACX
[08:00:46] [165/324] HMMW
[08:00:47] [166/324] JTCP
[08:00:48] [167/324] SREN
[08:00:48] [168/324] PJRR
[08:00:49] [169/324] INAC
[08:00:50] [170/324] BMCA
[08:00:51] [171/324] SHCB
[08:00:52] [172/324] GABA
[08:00:53] [173/324] SBCT
[08:00:53] [174/324] GCMA
[08:00:54] [175/324] MYTK
[08:00:55] [176/324] INZS
[08:00:57] [177/324] RMIK
[08:00:57] [178/324] NYCH
[08:00:58] [179/324] RAVE
[08:00:59] [180/324] PSXM
[08:01:00] [181/324] MCGP
[08:01:01] [182/324] PDDK
[08:01:02] [183/324] SPCK
[08:01:03] [184/324] MCRL
[08:01:04] [185/324] MHKT
[08:01:05] [186/324] ANRR
[08:01:06] [187/324] SAPK
[08:01:07] [188/324] NCUK
[08:01:09] [189/324] JUGA
[08:01:10] [190/324] DBSC
[08:01:11] [191/324] LALK
[08:01:11] [192/324] GUCK
[08:01:12] [193/324] STSG
[08:01:13] [194/324] PPPZ
[08:01:14] [195/324] CNCY
[08:01:15] [196/324] MTAR
[08:01:15] [197/324] VNKD
[08:01:16] [198/324] KMAJ
[08:01:17] [199/324] ACXK
[08:01:18] [200/324] UTKC
[08:01:18] [201/324] PBLK
[08:01:19] [202/324] ACBX
[08:01:20] [203/324] PTGM
[08:01:21] [204/324] BTDA
[08:01:22] [205/324] PJMB
[08:01:23] [206/324] TPDA
[08:01:24] [207/324] AMOE
[08:01:24] [208/324] PRHT
[08:01:25] [209/324] PRTA
[08:01:26] [210/324] STAM
[08:01:27] [211/324] MSAA
[08:01:28] [212/324] SDLU
[08:01:29] [213/324] RCHH
[08:01:30] [214/324] KANT
[08:01:31] [215/324] FCRT
[08:01:32] [216/324] DNKM
[08:01:33] [217/324] RYCP
[08:01:33] [218/324] MYRP
[08:01:34] [219/324] PPAK
[08:01:35] [220/324] NVPK
[08:01:36] [221/324] PRMC
[08:01:37] [222/324] JBCS
[08:01:37] [223/324] GXCK
[08:01:38] [224/324] USKO
[08:01:39] [225/324] GTEM
[08:01:40] [226/324] SMBU
[08:01:40] [227/324] VETC
[08:01:41] [228/324] LCDA
[08:01:42] [229/324] MTVT
[08:01:43] [230/324] PYCP
[08:01:44] [231/324] PNSC
[08:01:45] [232/324] PPCC
[08:01:46] [233/324] TGRT
[08:01:47] [234/324] JYOT
[08:01:48] [235/324] SRCZ
[08:01:49] [236/324] SJTE
[08:01:49] [237/324] DESC
[08:01:51] [238/324] JHVN
[08:01:52] [239/324] IPSG
[08:01:53] [240/324] IPCM
[08:01:54] [241/324] PDRS
[08:01:55] [242/324] ANCV
[08:01:55] [243/324] CMVV
[08:01:56] [244/324] SHYP
[08:01:57] [245/324] DNCS
[08:01:59] [246/324] GAJK
[08:01:59] [247/324] AKTN
[08:02:00] [248/324] KAYA
[08:02:01] [249/324] SBRC
[08:02:02] [250/324] CHTP
[08:02:03] [251/324] SHRT
[08:02:04] [252/324] BCKU
[08:02:05] [253/324] FCPS
[08:02:06] [254/324] ARDD
[08:02:06] [255/324] CPCM
[08:02:07] [256/324] CGSM
[08:02:08] [257/324] PSMP
[08:02:09] [258/324] SDAL
[08:02:10] [259/324] RTNB
[08:02:10] [260/324] LMCR
[08:02:11] [261/324] CIMA
[08:02:12] [262/324] RNAS
[08:02:13] [263/324] LITH
[08:02:14] [264/324] PBOX
[08:02:15] [265/324] FRTS
[08:02:16] [266/324] RKIC
[08:02:17] [267/324] PTAI
[08:02:18] [268/324] GCIC
[08:02:19] [269/324] FNAS
[08:02:19] [270/324] SCAR
[08:02:20] [271/324] MTCA
[08:02:21] [272/324] SCTS
[08:02:22] [273/324] SYCS
[08:02:23] [274/324] RDMS
[08:02:23] [275/324] KAMP
[08:02:24] [276/324] ERSD
[08:02:25] [277/324] MJMJ
[08:02:26] [278/324] SRCJ
[08:02:27] [279/324] SCXE
[08:02:28] [280/324] SVFR
[08:02:29] [281/324] BHCS
[08:02:30] [282/324] IMCC
[08:02:31] [283/324] PCBO
[08:02:32] [284/324] PRVN
[08:02:32] [285/324] AUPM
[08:02:34] [286/324] INBW
[08:02:35] [287/324] SVCW
[08:02:35] [288/324] RKCF
[08:02:36] [289/324] UVBH
[08:02:37] [290/324] DNCY
[08:02:38] [291/324] ABCN
[08:02:39] [292/324] PRUR
[08:02:40] [293/324] PFMR
[08:02:41] [294/324] RKCN
[08:02:42] [295/324] CFEA
[08:02:43] [296/324] SDBG
[08:02:43] [297/324] SNAR
[08:02:44] [298/324] YISI
[08:02:45] [299/324] JCFF
[08:02:46] [300/324] VTRK
[08:02:46] [301/324] PCLZ
[08:02:48] [302/324] DIMY
[08:02:49] [303/324] BBTS
[08:02:50] [304/324] GATH
[08:02:52] [305/324] GTMN
[08:02:52] [306/324] VTMH
[08:02:53] [307/324] CCKP
[08:02:54] [308/324] GPKA
[08:02:55] [309/324] MHCL
[08:02:56] [310/324] ATCL
[08:02:57] [311/324] SBCK
[08:02:58] [312/324] AMMR
[08:02:59] [313/324] MADC
[08:03:00] [314/324] TMMA
[08:03:01] [315/324] CACC
[08:03:02] [316/324] CHAL
[08:03:02] [317/324] DURG
[08:03:03] [318/324] GMKU
[08:03:04] [319/324] GECA
[08:03:05] [320/324] KYRR
[08:03:06] [321/324] KSDE
[08:03:06] [322/324] LMCI
[08:03:07] [323/324] NKCP
[08:03:08] [324/324] BGTC
[08:03:09] 🧹 Deduping shows
[08:03:09] ✅ DONE | Shows=2212 | Movies=70
