[00:42:38] 🚀 BMS DAILY TRACKER STARTED
[00:42:38] [1/445] TGMR
[00:42:38] 🧠 New identity
[00:42:39] [2/445] CXKR
[00:42:40] [3/445] SROP
[00:42:41] [4/445] GTSV
[00:42:42] [5/445] SNTY
[00:42:43] [6/445] SMYY
[00:42:44] [7/445] CNCS
[00:42:45] [8/445] CSTM
[00:42:46] [9/445] NUCD
[00:42:47] [10/445] SHCZ
[00:42:48] [11/445] NJCT
[00:42:49] [12/445] COPC
[00:42:50] [13/445] STVV
[00:42:51] [14/445] SKRN
[00:42:52] [15/445] APPZ
[00:42:52] [16/445] YMGN
[00:42:53] [17/445] SVTU
[00:42:54] [18/445] GTAD
[00:42:55] [19/445] PSUS
[00:42:56] [20/445] SMCD
[00:42:57] [21/445] CMCM
[00:42:58] [22/445] SYCT
[00:42:59] [23/445] STLY
[00:42:59] [24/445] CMHU
[00:43:00] [25/445] CMSA
[00:43:01] [26/445] CLCU
[00:43:02] [27/445] PPNT
[00:43:03] [28/445] JTAB
[00:43:04] [29/445] BUUC
[00:43:05] [30/445] BSVK
[00:43:06] [31/445] VVVQ
[00:43:06] [32/445] TKMU
[00:43:07] [33/445] ESYL
[00:43:08] [34/445] ACHP
[00:43:09] [35/445] BTKD
[00:43:10] [36/445] DESA
[00:43:11] [37/445] GBCT
[00:43:12] [38/445] BLLD
[00:43:13] [39/445] SKNT
[00:43:14] [40/445] SSTE
[00:43:14] [41/445] VJMR
[00:43:15] [42/445] NTPU
[00:43:16] [43/445] RDKN
[00:43:17] [44/445] ADGC
[00:43:18] [45/445] VRBP
[00:43:18] [46/445] NMNA
[00:43:19] [47/445] CMMX
[00:43:20] [48/445] PTKO
[00:43:21] [49/445] RBML
[00:43:22] [50/445] SAIC
[00:43:23] [51/445] SVTJ
[00:43:24] [52/445] MRTE
[00:43:25] [53/445] RBTP
[00:43:26] [54/445] NLPS
[00:43:28] [55/445] GTNA
[00:43:29] [56/445] DGGC
[00:43:30] [57/445] SMCR
[00:43:30] [58/445] SCGD
[00:43:31] [59/445] SRRJ
[00:43:32] [60/445] CNRY
[00:43:33] [61/445] KTDI
[00:43:34] [62/445] SNJL
[00:43:34] [63/445] RKMD
[00:43:35] [64/445] SMDC
[00:43:36] [65/445] TADG
[00:43:37] [66/445] MCGS
[00:43:39] [67/445] PETK
[00:43:40] [68/445] CHAG
[00:43:40] [69/445] KSTL
[00:43:41] [70/445] AADS
[00:43:42] [71/445] NTHZ
[00:43:43] [72/445] HCKI
[00:43:44] [73/445] SSEF
[00:43:45] [74/445] MCGX
[00:43:45] [75/445] ERRA
[00:43:46] [76/445] SDTW
[00:43:47] [77/445] RMPK
[00:43:48] [78/445] PTHK
[00:43:49] [79/445] PXCS
[00:43:50] [80/445] SVLU
[00:43:51] [81/445] STAH
[00:43:51] [82/445] JRGF
[00:43:52] [83/445] CDOK
[00:43:53] [84/445] CMSG
[00:43:54] [85/445] APTD
[00:43:54] [86/445] KMPG
[00:43:55] [87/445] MUTJ
[00:43:56] [88/445] VCCI
[00:43:57] [89/445] URBE
[00:43:58] [90/445] TCTS
[00:43:58] [91/445] STSN
[00:43:59] [92/445] AKCH
[00:44:00] [93/445] APSC
[00:44:01] [94/445] VLTB
[00:44:02] [95/445] SANU
[00:44:03] [96/445] AXAM
[00:44:04] [97/445] MGMG
[00:44:05] [98/445] HTBY
[00:44:06] [99/445] MMZS
[00:44:07] [100/445] SUDR
[00:44:08] [101/445] CCAD
[00:44:09] [102/445] SKKC
[00:44:09] [103/445] RMCD
[00:44:10] [104/445] SBCQ
[00:44:11] [105/445] DCCT
[00:44:12] [106/445] VTKP
[00:44:13] [107/445] MLAM
[00:44:13] [108/445] SAVT
[00:44:14] [109/445] GEPL
[00:44:15] [110/445] AMCD
[00:44:16] [111/445] CCXR
[00:44:17] [112/445] GRNG
[00:44:17] [113/445] EBCA
[00:44:18] [114/445] CNVG
[00:44:19] [115/445] MWSS
[00:44:20] [116/445] VBOR
[00:44:21] [117/445] NEEB
[00:44:21] [118/445] SUTH
[00:44:22] [119/445] ANDB
[00:44:23] [120/445] MMXS
[00:44:24] [121/445] CNPD
[00:44:25] [122/445] SDCE
[00:44:26] [123/445] DHCB
[00:44:27] [124/445] ODEN
[00:44:28] [125/445] TNTC
[00:44:29] [126/445] VBKM
[00:44:30] [127/445] RZYM
[00:44:31] [128/445] JEMC
[00:44:32] [129/445] CMAU
[00:44:33] [130/445] SIVP
[00:44:33] [131/445] ATAG
[00:44:34] [132/445] CHTM
[00:44:36] [133/445] AAEE
[00:44:36] [134/445] IWPM
[00:44:37] [135/445] KCMW
[00:44:38] [136/445] MCTD
[00:44:39] [137/445] SPWR
[00:44:39] [138/445] SDPO
[00:44:40] [139/445] PCSK
[00:44:41] [140/445] ACHV
[00:44:42] [141/445] SVLA
[00:44:43] [142/445] PICT
[00:44:44] [143/445] BXDR
[00:44:45] [144/445] SPWA
[00:44:46] [145/445] MCKO
[00:44:47] [146/445] RTHK
[00:44:47] [147/445] CCMF
[00:44:48] [148/445] MRGB
[00:44:49] [149/445] CPLC
[00:44:50] [150/445] RACD
[00:44:51] [151/445] ATKT
[00:44:52] [152/445] SARN
[00:44:53] [153/445] KKUI
[00:44:53] [154/445] RGCM
[00:44:55] [155/445] BRVP
[00:44:55] [156/445] HRSR
[00:44:56] [157/445] GKGM
[00:44:57] [158/445] TTCD
[00:44:58] [159/445] PTTI
[00:44:59] [160/445] MPTT
[00:45:00] [161/445] CVTT
[00:45:01] [162/445] PCXD
[00:45:02] [163/445] GCDC
[00:45:02] [164/445] CCCF
[00:45:03] [165/445] MRAD
[00:45:05] [166/445] CPLK
[00:45:05] [167/445] SATB
[00:45:06] [168/445] SNVG
[00:45:07] [169/445] JMBA
[00:45:08] [170/445] TEJA
[00:45:09] [171/445] STYO
[00:45:10] [172/445] JTBP
[00:45:11] [173/445] KRGD
[00:45:12] [174/445] SLJJ
[00:45:13] [175/445] SPTJ
[00:45:14] [176/445] SWJG
[00:45:14] [177/445] LKRT
[00:45:15] [178/445] KCKA
[00:45:16] [179/445] SNCR
[00:45:17] [180/445] SMKL
[00:45:18] [181/445] GCFA
[00:45:19] [182/445] DDCK
[00:45:20] [183/445] NCHJ
[00:45:21] [184/445] RDMA
[00:45:21] [185/445] SVSV
[00:45:22] [186/445] SCJG
[00:45:23] [187/445] VKLP
[00:45:24] [188/445] NWCC
[00:45:25] [189/445] VKNS
[00:45:26] [190/445] SDDP
[00:45:26] [191/445] ACSI
[00:45:28] [192/445] SATG
[00:45:29] [193/445] SCMW
[00:45:30] [194/445] LKTK
[00:45:31] [195/445] VCKV
[00:45:32] [196/445] KKPE
[00:45:33] [197/445] KIGH
[00:45:34] [198/445] SRPM
[00:45:35] [199/445] SCAH
[00:45:36] [200/445] MUTA
[00:45:36] [201/445] SEPU
[00:45:37] [202/445] INOA
[00:45:38] [203/445] BASK
[00:45:39] [204/445] NECB
[00:45:40] [205/445] GTTG
[00:45:40] [206/445] ASSA
[00:45:41] [207/445] ANCL
[00:45:42] [208/445] GCTI
[00:45:43] [209/445] RCTS
[00:45:44] [210/445] ACNL
[00:45:45] [211/445] MYCT
[00:45:45] [212/445] NMHT
[00:45:46] [213/445] MDIT
[00:45:47] [214/445] LATG
[00:45:48] [215/445] SMTY
[00:45:48] [216/445] CVCT
[00:45:50] [217/445] RAMB
[00:45:51] [218/445] TGMS
[00:45:51] [219/445] BHEL
[00:45:52] [220/445] SHCT
[00:45:53] [221/445] SVCT
[00:45:54] [222/445] MRIY
[00:45:55] [223/445] SARO
[00:45:56] [224/445] STCT
[00:45:56] [225/445] JKKC
[00:45:57] [226/445] PLTT
[00:45:58] [227/445] SRNT
[00:45:59] [228/445] YAST
[00:46:00] [229/445] PERL
[00:46:01] [230/445] CICM
[00:46:02] [231/445] MMTR
[00:46:02] [232/445] ABTK
[00:46:03] [233/445] ATYY
[00:46:04] [234/445] ASTK
[00:46:04] [235/445] VVCK
[00:46:05] [236/445] ATKY
[00:46:06] [237/445] GWEK
[00:46:07] [238/445] SVFH
[00:46:07] [239/445] SLTA
[00:46:08] [240/445] AASH
[00:46:09] [241/445] ACXB
[00:46:10] [242/445] SMTX
[00:46:11] [243/445] AZDH
[00:46:12] [244/445] CMMH
[00:46:13] [245/445] SCSZ
[00:46:13] [246/445] SCKP
[00:46:14] [247/445] NXTM
[00:46:15] [248/445] NWCS
[00:46:16] [249/445] CXMH
[00:46:17] [250/445] PCMA
[00:46:18] [251/445] SGCM
[00:46:18] [252/445] SDTU
[00:46:19] [253/445] MMVI
[00:46:21] [254/445] JKCM
[00:46:21] [255/445] VCMM
[00:46:22] [256/445] SYEE
[00:46:23] [257/445] VASD
[00:46:24] [258/445] BDRB
[00:46:25] [259/445] LASM
[00:46:26] [260/445] DCRL
[00:46:26] [261/445] DVPM
[00:46:27] [262/445] SBMJ
[00:46:28] [263/445] CBMU
[00:46:29] [264/445] IUBS
[00:46:30] [265/445] INAP
[00:46:31] [266/445] SRRC
[00:46:32] [267/445] SAGR
[00:46:33] [268/445] CPMJ
[00:46:34] [269/445] ATJL
[00:46:35] [270/445] NNTD
[00:46:36] [271/445] JHCJ
[00:46:37] [272/445] CMMP
[00:46:37] [273/445] RSDR
[00:46:38] [274/445] AMTI
[00:46:39] [275/445] NYSG
[00:46:40] [276/445] AVSG
[00:46:41] [277/445] SYTP
[00:46:42] [278/445] LARC
[00:46:42] [279/445] RJTP
[00:46:43] [280/445] LAKC
[00:46:44] [281/445] MCXE
[00:46:45] [282/445] CCZC
[00:46:46] [283/445] AVCH
[00:46:47] [284/445] CMBE
[00:46:48] [285/445] MRRC
[00:46:48] [286/445] PCPY
[00:46:49] [287/445] SRMH
[00:46:50] [288/445] SVGS
[00:46:51] [289/445] PCSE
[00:46:52] [290/445] SVFT
[00:46:52] [291/445] TNZP
[00:46:53] [292/445] ICTP
[00:46:55] [293/445] ACTZ
[00:46:56] [294/445] GTUR
[00:46:57] [295/445] MAFC
[00:46:57] [296/445] MINL
[00:46:58] [297/445] MRCL
[00:46:59] [298/445] RCRP
[00:47:00] [299/445] RFFG
[00:47:01] [300/445] RMAS
[00:47:01] [301/445] INVR
[00:47:02] [302/445] RMAR
[00:47:03] [303/445] CNIS
[00:47:04] [304/445] RHRJ
[00:47:05] [305/445] INXR
[00:47:06] [306/445] VALT
[00:47:07] [307/445] LCSH
[00:47:08] [308/445] CMVS
[00:47:09] [309/445] CNMS
[00:47:10] [310/445] ROOG
[00:47:11] [311/445] ISRM
[00:47:11] [312/445] RCRM
[00:47:12] [313/445] ACJA
[00:47:13] [314/445] RCVS
[00:47:14] [315/445] CPUS
[00:47:15] [316/445] TGCS
[00:47:16] [317/445] RKCJ
[00:47:17] [318/445] MKSB
[00:47:18] [319/445] TCSJ
[00:47:18] [320/445] RMGP
[00:47:19] [321/445] CLLP
[00:47:20] [322/445] RCMV
[00:47:21] [323/445] CCKS
[00:47:22] [324/445] RSRP
[00:47:23] [325/445] APLP
[00:47:24] [326/445] CNVS
[00:47:25] [327/445] RMVY
[00:47:25] [328/445] PGBD
[00:47:26] [329/445] KLMS
[00:47:27] [330/445] RUST
[00:47:28] [331/445] MASM
[00:47:29] [332/445] BACS
[00:47:30] [333/445] BWST
[00:47:30] [334/445] RRFH
[00:47:31] [335/445] SJTM
[00:47:32] [336/445] BEMR
[00:47:33] [337/445] MCGR
[00:47:35] [338/445] SDSK
[00:47:35] [339/445] VBOL
[00:47:36] [340/445] RMGM
[00:47:37] [341/445] NOPL
[00:47:38] [342/445] MKJK
[00:47:39] [343/445] CVRN
[00:47:40] [344/445] MMEN
[00:47:41] [345/445] AMNG
[00:47:41] [346/445] INTM
[00:47:42] [347/445] SLCZ
[00:47:43] [348/445] AMJN
[00:47:44] [349/445] ACJN
[00:47:45] [350/445] AMKN
[00:47:46] [351/445] BTCN
[00:47:46] [352/445] AMBT
[00:47:47] [353/445] PACN
[00:47:48] [354/445] LCNS
[00:47:49] [355/445] PPKC
[00:47:50] [356/445] JYYN
[00:47:51] [357/445] JTNR
[00:47:52] [358/445] GTEE
[00:47:53] [359/445] SRNM
[00:47:54] [360/445] SDTC
[00:47:55] [361/445] VPCA
[00:47:56] [362/445] VLRA
[00:47:57] [363/445] SHKR
[00:47:58] [364/445] SBKD
[00:47:59] [365/445] SAAD
[00:48:00] [366/445] JTGN
[00:48:00] [367/445] SLAM
[00:48:01] [368/445] VTPM
[00:48:02] [369/445] ANPT
[00:48:04] [370/445] PUNB
[00:48:04] [371/445] CPKT
[00:48:05] [372/445] CNWE
[00:48:06] [373/445] ECPP
[00:48:07] [374/445] CPAR
[00:48:08] [375/445] ESBW
[00:48:09] [376/445] PKPU
[00:48:10] [377/445] CPRP
[00:48:11] [378/445] RAHU
[00:48:11] [379/445] RHMN
[00:48:12] [380/445] FMJP
[00:48:13] [381/445] CTMP
[00:48:14] [382/445] INPN
[00:48:14] [383/445] STTG
[00:48:15] [384/445] CTRD
[00:48:16] [385/445] PUVB
[00:48:17] [386/445] ESVP
[00:48:18] [387/445] CPFT
[00:48:19] [388/445] LCPC
[00:48:20] [389/445] VBCT
[00:48:21] [390/445] FSCW
[00:48:22] [391/445] VCMP
[00:48:23] [392/445] ASHC
[00:48:24] [393/445] VLCX
[00:48:24] [394/445] SHEV
[00:48:25] [395/445] APCO
[00:48:26] [396/445] SILC
[00:48:27] [397/445] SNMR
[00:48:28] [398/445] KYBO
[00:48:29] [399/445] SATK
[00:48:30] [400/445] SSCS
[00:48:31] [401/445] CLSB
[00:48:31] [402/445] KMJR
[00:48:32] [403/445] FSCK
[00:48:34] [404/445] NNKA
[00:48:35] [405/445] CLMK
[00:48:36] [406/445] DMPZ
[00:48:36] [407/445] INQM
[00:48:37] [408/445] CAML
[00:48:38] [409/445] INRK
[00:48:39] [410/445] IMKN
[00:48:41] [411/445] SVNR
[00:48:41] [412/445] INSL
[00:48:42] [413/445] MSMA
[00:48:43] [414/445] MCKK
[00:48:44] [415/445] FCHP
[00:48:45] [416/445] SFCR
[00:48:45] [417/445] NACK
[00:48:46] [418/445] PVAK
[00:48:48] [419/445] INER
[00:48:48] [420/445] RDBK
[00:48:49] [421/445] SVFN
[00:48:50] [422/445] IFRM
[00:48:51] [423/445] ATCK
[00:48:52] [424/445] ASKO
[00:48:52] [425/445] STKT
[00:48:53] [426/445] SVFB
[00:48:54] [427/445] INKS
[00:48:54] [428/445] PCRA
[00:48:55] [429/445] ATJA
[00:48:56] [430/445] IMJN
[00:48:57] [431/445] INHD
[00:48:57] [432/445] BARA
[00:48:58] [433/445] MCSL
[00:48:59] [434/445] RTOY
[00:49:00] [435/445] MENO
[00:49:01] [436/445] PUDM
[00:49:02] [437/445] PRCN
[00:49:02] [438/445] JMJR
[00:49:03] [439/445] SSGK
[00:49:04] [440/445] SSRL
[00:49:06] [441/445] JYKL
[00:49:07] [442/445] ACNB
[00:49:08] [443/445] SONP
[00:49:09] [444/445] EMCI
[00:49:10] [445/445] MRJH
[00:49:11] ✅ DONE | Shows=0 | Movies=0
[01:43:42] 🚀 BMS DAILY TRACKER STARTED
[01:43:42] [1/445] TGMR
[01:43:42] 🧠 New identity
[01:43:43] [2/445] CXKR
[01:43:44] [3/445] SROP
[01:43:45] [4/445] GTSV
[01:43:45] [5/445] SNTY
[01:43:46] [6/445] SMYY
[01:43:47] [7/445] CNCS
[01:43:48] [8/445] CSTM
[01:43:49] [9/445] NUCD
[01:43:50] [10/445] SHCZ
[01:43:51] [11/445] NJCT
[01:43:52] [12/445] COPC
[01:43:53] [13/445] STVV
[01:43:54] [14/445] SKRN
[01:43:55] [15/445] APPZ
[01:43:55] [16/445] YMGN
[01:43:56] [17/445] SVTU
[01:43:57] [18/445] GTAD
[01:43:58] [19/445] PSUS
[01:43:59] [20/445] SMCD
[01:44:00] [21/445] CMCM
[01:44:01] [22/445] SYCT
[01:44:02] [23/445] STLY
[01:44:04] [24/445] CMHU
[01:44:05] [25/445] CMSA
[01:44:06] [26/445] CLCU
[01:44:06] [27/445] PPNT
[01:44:07] [28/445] JTAB
[01:44:08] [29/445] BUUC
[01:44:09] [30/445] BSVK
[01:44:10] [31/445] VVVQ
[01:44:11] [32/445] TKMU
[01:44:12] [33/445] ESYL
[01:44:13] [34/445] ACHP
[01:44:14] [35/445] BTKD
[01:44:16] [36/445] DESA
[01:44:17] [37/445] GBCT
[01:44:18] [38/445] BLLD
[01:44:19] [39/445] SKNT
[01:44:20] [40/445] SSTE
[01:44:21] [41/445] VJMR
[01:44:22] [42/445] NTPU
[01:44:23] [43/445] RDKN
[01:44:24] [44/445] ADGC
[01:44:25] [45/445] VRBP
[01:44:25] [46/445] NMNA
[01:44:26] [47/445] CMMX
[01:44:27] [48/445] PTKO
[01:44:28] [49/445] RBML
[01:44:29] [50/445] SAIC
[01:44:30] [51/445] SVTJ
[01:44:31] [52/445] MRTE
[01:44:32] [53/445] RBTP
[01:44:33] [54/445] NLPS
[01:44:34] [55/445] GTNA
[01:44:35] [56/445] DGGC
[01:44:36] [57/445] SMCR
[01:44:37] [58/445] SCGD
[01:44:38] [59/445] SRRJ
[01:44:38] [60/445] CNRY
[01:44:39] [61/445] KTDI
[01:44:40] [62/445] SNJL
[01:44:41] [63/445] RKMD
[01:44:42] [64/445] SMDC
[01:44:43] [65/445] TADG
[01:44:44] [66/445] MCGS
[01:44:45] [67/445] PETK
[01:44:46] [68/445] CHAG
[01:44:47] [69/445] KSTL
[01:44:48] [70/445] AADS
[01:44:49] [71/445] NTHZ
[01:44:50] [72/445] HCKI
[01:44:51] [73/445] SSEF
[01:44:52] [74/445] MCGX
[01:44:53] [75/445] ERRA
[01:44:53] [76/445] SDTW
[01:44:54] [77/445] RMPK
[01:44:56] [78/445] PTHK
[01:44:57] [79/445] PXCS
[01:44:58] [80/445] SVLU
[01:44:59] [81/445] STAH
[01:45:00] [82/445] JRGF
[01:45:00] [83/445] CDOK
[01:45:01] [84/445] CMSG
[01:45:03] [85/445] APTD
[01:45:03] [86/445] KMPG
[01:45:04] [87/445] MUTJ
[01:45:05] [88/445] VCCI
[01:45:06] [89/445] URBE
[01:45:07] [90/445] TCTS
[01:45:09] [91/445] STSN
[01:45:09] [92/445] AKCH
[01:45:10] [93/445] APSC
[01:45:11] [94/445] VLTB
[01:45:12] [95/445] SANU
[01:45:13] [96/445] AXAM
[01:45:14] [97/445] MGMG
[01:45:14] [98/445] HTBY
[01:45:15] [99/445] MMZS
[01:45:17] [100/445] SUDR
[01:45:18] [101/445] CCAD
[01:45:19] [102/445] SKKC
[01:45:20] [103/445] RMCD
[01:45:20] [104/445] SBCQ
[01:45:21] [105/445] DCCT
[01:45:22] [106/445] VTKP
[01:45:23] [107/445] MLAM
[01:45:24] [108/445] SAVT
[01:45:25] [109/445] GEPL
[01:45:25] [110/445] AMCD
[01:45:26] [111/445] CCXR
[01:45:27] [112/445] GRNG
[01:45:28] [113/445] EBCA
[01:45:29] [114/445] CNVG
[01:45:30] [115/445] MWSS
[01:45:31] [116/445] VBOR
[01:45:31] [117/445] NEEB
[01:45:32] [118/445] SUTH
[01:45:33] [119/445] ANDB
[01:45:34] [120/445] MMXS
[01:45:35] [121/445] CNPD
[01:45:36] [122/445] SDCE
[01:45:37] [123/445] DHCB
[01:45:38] [124/445] ODEN
[01:45:39] [125/445] TNTC
[01:45:40] [126/445] VBKM
[01:45:40] [127/445] RZYM
[01:45:41] [128/445] JEMC
[01:45:42] [129/445] CMAU
[01:45:43] [130/445] SIVP
[01:45:44] [131/445] ATAG
[01:45:45] [132/445] CHTM
[01:45:45] [133/445] AAEE
[01:45:46] [134/445] IWPM
[01:45:47] [135/445] KCMW
[01:45:48] [136/445] MCTD
[01:45:49] [137/445] SPWR
[01:45:49] [138/445] SDPO
[01:45:51] [139/445] PCSK
[01:45:52] [140/445] ACHV
[01:45:54] [141/445] SVLA
[01:45:55] [142/445] PICT
[01:45:56] [143/445] BXDR
[01:45:58] [144/445] SPWA
[01:45:59] [145/445] MCKO
[01:46:00] [146/445] RTHK
[01:46:01] [147/445] CCMF
[01:46:01] [148/445] MRGB
[01:46:02] [149/445] CPLC
[01:46:03] [150/445] RACD
[01:46:04] [151/445] ATKT
[01:46:06] [152/445] SARN
[01:46:07] [153/445] KKUI
[01:46:08] [154/445] RGCM
[01:46:09] [155/445] BRVP
[01:46:10] [156/445] HRSR
[01:46:10] [157/445] GKGM
[01:46:11] [158/445] TTCD
[01:46:12] [159/445] PTTI
[01:46:13] [160/445] MPTT
[01:46:13] [161/445] CVTT
[01:46:14] [162/445] PCXD
[01:46:15] [163/445] GCDC
[01:46:16] [164/445] CCCF
[01:46:17] [165/445] MRAD
[01:46:18] [166/445] CPLK
[01:46:18] [167/445] SATB
[01:46:19] [168/445] SNVG
[01:46:20] [169/445] JMBA
[01:46:21] [170/445] TEJA
[01:46:22] [171/445] STYO
[01:46:23] [172/445] JTBP
[01:46:23] [173/445] KRGD
[01:46:25] [174/445] SLJJ
[01:46:26] [175/445] SPTJ
[01:46:27] [176/445] SWJG
[01:46:28] [177/445] LKRT
[01:46:28] [178/445] KCKA
[01:46:29] [179/445] SNCR
[01:46:30] [180/445] SMKL
[01:46:32] [181/445] GCFA
[01:46:33] [182/445] DDCK
[01:46:34] [183/445] NCHJ
[01:46:35] [184/445] RDMA
[01:46:35] [185/445] SVSV
[01:46:36] [186/445] SCJG
[01:46:37] [187/445] VKLP
[01:46:38] [188/445] NWCC
[01:46:39] [189/445] VKNS
[01:46:40] [190/445] SDDP
[01:46:41] [191/445] ACSI
[01:46:41] [192/445] SATG
[01:46:42] [193/445] SCMW
[01:46:43] [194/445] LKTK
[01:46:45] [195/445] VCKV
[01:46:46] [196/445] KKPE
[01:46:46] [197/445] KIGH
[01:46:47] [198/445] SRPM
[01:46:48] [199/445] SCAH
[01:46:49] [200/445] MUTA
[01:46:50] [201/445] SEPU
[01:46:51] [202/445] INOA
[01:46:52] [203/445] BASK
[01:46:53] [204/445] NECB
[01:46:53] [205/445] GTTG
[01:46:54] [206/445] ASSA
[01:46:56] [207/445] ANCL
[01:46:57] [208/445] GCTI
[01:46:58] [209/445] RCTS
[01:46:59] [210/445] ACNL
[01:47:00] [211/445] MYCT
[01:47:01] [212/445] NMHT
[01:47:01] [213/445] MDIT
[01:47:03] [214/445] LATG
[01:47:04] [215/445] SMTY
[01:47:05] [216/445] CVCT
[01:47:05] [217/445] RAMB
[01:47:07] [218/445] TGMS
[01:47:08] [219/445] BHEL
[01:47:08] [220/445] SHCT
[01:47:09] [221/445] SVCT
[01:47:10] [222/445] MRIY
[01:47:11] [223/445] SARO
[01:47:12] [224/445] STCT
[01:47:13] [225/445] JKKC
[01:47:14] [226/445] PLTT
[01:47:15] [227/445] SRNT
[01:47:15] [228/445] YAST
[01:47:16] [229/445] PERL
[01:47:18] [230/445] CICM
[01:47:19] [231/445] MMTR
[01:47:20] [232/445] ABTK
[01:47:21] [233/445] ATYY
[01:47:21] [234/445] ASTK
[01:47:22] [235/445] VVCK
[01:47:23] [236/445] ATKY
[01:47:24] [237/445] GWEK
[01:47:25] [238/445] SVFH
[01:47:26] [239/445] SLTA
[01:47:27] [240/445] AASH
[01:47:29] [241/445] ACXB
[01:47:30] [242/445] SMTX
[01:47:30] [243/445] AZDH
[01:47:31] [244/445] CMMH
[01:47:32] [245/445] SCSZ
[01:47:33] [246/445] SCKP
[01:47:34] [247/445] NXTM
[01:47:34] [248/445] NWCS
[01:47:35] [249/445] CXMH
[01:47:36] [250/445] PCMA
[01:47:37] [251/445] SGCM
[01:47:38] [252/445] SDTU
[01:47:39] [253/445] MMVI
[01:47:39] [254/445] JKCM
[01:47:40] [255/445] VCMM
[01:47:41] [256/445] SYEE
[01:47:42] [257/445] VASD
[01:47:43] [258/445] BDRB
[01:47:44] [259/445] LASM
[01:47:45] [260/445] DCRL
[01:47:46] [261/445] DVPM
[01:47:47] [262/445] SBMJ
[01:47:48] [263/445] CBMU
[01:47:49] [264/445] IUBS
[01:47:50] [265/445] INAP
[01:47:51] [266/445] SRRC
[01:47:52] [267/445] SAGR
[01:47:54] [268/445] CPMJ
[01:47:54] [269/445] ATJL
[01:47:55] [270/445] NNTD
[01:47:56] [271/445] JHCJ
[01:47:57] [272/445] CMMP
[01:47:58] [273/445] RSDR
[01:47:58] [274/445] AMTI
[01:47:59] [275/445] NYSG
[01:48:00] [276/445] AVSG
[01:48:01] [277/445] SYTP
[01:48:02] [278/445] LARC
[01:48:03] [279/445] RJTP
[01:48:04] [280/445] LAKC
[01:48:05] [281/445] MCXE
[01:48:06] [282/445] CCZC
[01:48:07] [283/445] AVCH
[01:48:08] [284/445] CMBE
[01:48:09] [285/445] MRRC
[01:48:10] [286/445] PCPY
[01:48:11] [287/445] SRMH
[01:48:11] [288/445] SVGS
[01:48:12] [289/445] PCSE
[01:48:13] [290/445] SVFT
[01:48:14] [291/445] TNZP
[01:48:15] [292/445] ICTP
[01:48:16] [293/445] ACTZ
[01:48:18] [294/445] GTUR
[01:48:19] [295/445] MAFC
[01:48:20] [296/445] MINL
[01:48:21] [297/445] MRCL
[01:48:22] [298/445] RCRP
[01:48:23] [299/445] RFFG
[01:48:24] [300/445] RMAS
[01:48:25] [301/445] INVR
[01:48:25] [302/445] RMAR
[01:48:26] [303/445] CNIS
[01:48:27] [304/445] RHRJ
[01:48:28] [305/445] INXR
[01:48:29] [306/445] VALT
[01:48:30] [307/445] LCSH
[01:48:31] [308/445] CMVS
[01:48:32] [309/445] CNMS
[01:48:33] [310/445] ROOG
[01:48:34] [311/445] ISRM
[01:48:35] [312/445] RCRM
[01:48:35] [313/445] ACJA
[01:48:36] [314/445] RCVS
[01:48:37] [315/445] CPUS
[01:48:39] [316/445] TGCS
[01:48:39] [317/445] RKCJ
[01:48:40] [318/445] MKSB
[01:48:41] [319/445] TCSJ
[01:48:42] [320/445] RMGP
[01:48:42] [321/445] CLLP
[01:48:43] [322/445] RCMV
[01:48:44] [323/445] CCKS
[01:48:45] [324/445] RSRP
[01:48:46] [325/445] APLP
[01:48:47] [326/445] CNVS
[01:48:48] [327/445] RMVY
[01:48:49] [328/445] PGBD
[01:48:49] [329/445] KLMS
[01:48:50] [330/445] RUST
[01:48:51] [331/445] MASM
[01:48:52] [332/445] BACS
[01:48:53] [333/445] BWST
[01:48:54] [334/445] RRFH
[01:48:55] [335/445] SJTM
[01:48:56] [336/445] BEMR
[01:48:57] [337/445] MCGR
[01:48:58] [338/445] SDSK
[01:48:59] [339/445] VBOL
[01:49:00] [340/445] RMGM
[01:49:01] [341/445] NOPL
[01:49:02] [342/445] MKJK
[01:49:03] [343/445] CVRN
[01:49:03] [344/445] MMEN
[01:49:04] [345/445] AMNG
[01:49:05] [346/445] INTM
[01:49:06] [347/445] SLCZ
[01:49:07] [348/445] AMJN
[01:49:08] [349/445] ACJN
[01:49:08] [350/445] AMKN
[01:49:09] [351/445] BTCN
[01:49:10] [352/445] AMBT
[01:49:11] [353/445] PACN
[01:49:11] [354/445] LCNS
[01:49:12] [355/445] PPKC
[01:49:13] [356/445] JYYN
[01:49:14] [357/445] JTNR
[01:49:14] [358/445] GTEE
[01:49:15] [359/445] SRNM
[01:49:16] [360/445] SDTC
[01:49:17] [361/445] VPCA
[01:49:18] [362/445] VLRA
[01:49:18] [363/445] SHKR
[01:49:19] [364/445] SBKD
[01:49:20] [365/445] SAAD
[01:49:21] [366/445] JTGN
[01:49:22] [367/445] SLAM
[01:49:23] [368/445] VTPM
[01:49:24] [369/445] ANPT
[01:49:26] [370/445] PUNB
[01:49:27] [371/445] CPKT
[01:49:27] [372/445] CNWE
[01:49:28] [373/445] ECPP
[01:49:29] [374/445] CPAR
[01:49:30] [375/445] ESBW
[01:49:32] [376/445] PKPU
[01:49:33] [377/445] CPRP
[01:49:33] [378/445] RAHU
[01:49:34] [379/445] RHMN
[01:49:35] [380/445] FMJP
[01:49:36] [381/445] CTMP
[01:49:37] [382/445] INPN
[01:49:37] [383/445] STTG
[01:49:38] [384/445] CTRD
[01:49:39] [385/445] PUVB
[01:49:40] [386/445] ESVP
[01:49:41] [387/445] CPFT
[01:49:42] [388/445] LCPC
[01:49:42] [389/445] VBCT
[01:49:43] [390/445] FSCW
[01:49:44] [391/445] VCMP
[01:49:45] [392/445] ASHC
[01:49:46] [393/445] VLCX
[01:49:47] [394/445] SHEV
[01:49:48] [395/445] APCO
[01:49:49] [396/445] SILC
[01:49:50] [397/445] SNMR
[01:49:51] [398/445] KYBO
[01:49:52] [399/445] SATK
[01:49:52] [400/445] SSCS
[01:49:53] [401/445] CLSB
[01:49:54] [402/445] KMJR
[01:49:55] [403/445] FSCK
[01:49:55] [404/445] NNKA
[01:49:56] [405/445] CLMK
[01:49:57] [406/445] DMPZ
[01:49:58] [407/445] INQM
[01:49:59] [408/445] CAML
[01:50:00] [409/445] INRK
[01:50:01] [410/445] IMKN
[01:50:03] [411/445] SVNR
[01:50:03] [412/445] INSL
[01:50:04] [413/445] MSMA
[01:50:05] [414/445] MCKK
[01:50:06] [415/445] FCHP
[01:50:07] [416/445] SFCR
[01:50:08] [417/445] NACK
[01:50:08] [418/445] PVAK
[01:50:09] [419/445] INER
[01:50:11] [420/445] RDBK
[01:50:11] [421/445] SVFN
[01:50:12] [422/445] IFRM
[01:50:13] [423/445] ATCK
[01:50:14] [424/445] ASKO
[01:50:14] [425/445] STKT
[01:50:15] [426/445] SVFB
[01:50:16] [427/445] INKS
[01:50:17] [428/445] PCRA
[01:50:18] [429/445] ATJA
[01:50:18] [430/445] IMJN
[01:50:19] [431/445] INHD
[01:50:20] [432/445] BARA
[01:50:21] [433/445] MCSL
[01:50:21] [434/445] RTOY
[01:50:22] [435/445] MENO
[01:50:23] [436/445] PUDM
[01:50:24] [437/445] PRCN
[01:50:24] [438/445] JMJR
[01:50:25] [439/445] SSGK
[01:50:26] [440/445] SSRL
[01:50:27] [441/445] JYKL
[01:50:28] [442/445] ACNB
[01:50:29] [443/445] SONP
[01:50:29] [444/445] EMCI
[01:50:30] [445/445] MRJH
[01:50:31] ✅ DONE | Shows=0 | Movies=0
