[00:42:39] 🚀 BMS DAILY TRACKER STARTED
[00:42:39] [1/459] NECA
[00:42:39] 🧠 New identity
[00:42:40] [2/459] BJLC
[00:42:41] [3/459] BASU
[00:42:43] [4/459] RUPI
[00:42:43] [5/459] LCBK
[00:42:44] [6/459] PMAC
[00:42:45] [7/459] AMLC
[00:42:46] [8/459] LICL
[00:42:46] [9/459] UDMM
[00:42:47] [10/459] STBZ
[00:42:48] [11/459] UUBT
[00:42:49] [12/459] SJKC
[00:42:50] [13/459] TUAL
[00:42:51] [14/459] MRSE
[00:42:52] [15/459] RMRK
[00:42:53] [16/459] TTKP
[00:42:54] [17/459] KTKO
[00:42:54] [18/459] SDBK
[00:42:55] [19/459] MCPR
[00:42:56] [20/459] CHTI
[00:42:57] [21/459] GCCP
[00:42:58] [22/459] SRMY
[00:42:59] [23/459] NYST
[00:43:00] [24/459] NYAG
[00:43:01] [25/459] SBMT
[00:43:02] [26/459] INGA
[00:43:03] [27/459] WSIC
[00:43:05] [28/459] SCSS
[00:43:06] [29/459] COPG
[00:43:07] [30/459] RCGR
[00:43:08] [31/459] TCZA
[00:43:08] [32/459] CNLP
[00:43:09] [33/459] CLKN
[00:43:10] [34/459] LHDF
[00:43:10] [35/459] ELKC
[00:43:11] [36/459] VCEM
[00:43:12] [37/459] SSZA
[00:43:13] [38/459] KRMT
[00:43:13] [39/459] LCMV
[00:43:14] [40/459] AYCZ
[00:43:15] [41/459] CUMS
[00:43:16] [42/459] BOCK
[00:43:18] [43/459] PNMR
[00:43:19] [44/459] PJCP
[00:43:20] [45/459] JDDD
[00:43:21] [46/459] STMS
[00:43:22] [47/459] FLMB
[00:43:23] [48/459] PKCM
[00:43:24] [49/459] SPPR
[00:43:25] [50/459] EYLH
[00:43:26] [51/459] RJCC
[00:43:27] [52/459] MMPS
[00:43:28] [53/459] SHMX
[00:43:29] [54/459] CCNL
[00:43:30] [55/459] RCNV
[00:43:30] [56/459] MAAG
[00:43:31] [57/459] LXCM
[00:43:32] [58/459] RCNI
[00:43:33] [59/459] SNNI
[00:43:33] [60/459] LALC
[00:43:34] [61/459] SOCN
[00:43:35] [62/459] JHTP
[00:43:36] [63/459] PITP
[00:43:37] [64/459] CCKW
[00:43:39] [65/459] MCMC
[00:43:40] [66/459] DEES
[00:43:40] [67/459] SABT
[00:43:42] [68/459] VSPP
[00:43:43] [69/459] ABCT
[00:43:44] [70/459] JVTB
[00:43:44] [71/459] VCBD
[00:43:45] [72/459] RMGG
[00:43:46] [73/459] RNMH
[00:43:47] [74/459] SPGL
[00:43:48] [75/459] JTTR
[00:43:48] [76/459] SICS
[00:43:49] [77/459] SRMI
[00:43:50] [78/459] SSIJ
[00:43:51] [79/459] KFMT
[00:43:52] [80/459] VBIT
[00:43:53] [81/459] JKCT
[00:43:54] [82/459] GCGP
[00:43:55] [83/459] GDCS
[00:43:56] [84/459] TRBA
[00:43:57] [85/459] QUST
[00:43:58] [86/459] VSHM
[00:43:59] [87/459] SDCP
[00:44:00] [88/459] SNVS
[00:44:00] [89/459] NYTO
[00:44:02] [90/459] URWC
[00:44:03] [91/459] GTWH
[00:44:03] [92/459] PFCM
[00:44:04] [93/459] KRTA
[00:44:06] [94/459] AXMC
[00:44:06] [95/459] EVMC
[00:44:07] [96/459] HGSM
[00:44:08] [97/459] ACVM
[00:44:09] [98/459] PSKL
[00:44:10] [99/459] RDMP
[00:44:10] [100/459] RHGH
[00:44:12] [101/459] OMCM
[00:44:12] [102/459] DCCP
[00:44:13] [103/459] MCPB
[00:44:14] [104/459] ALCI
[00:44:15] [105/459] BLMX
[00:44:15] [106/459] BTMV
[00:44:16] [107/459] FVPN
[00:44:18] [108/459] CMAR
[00:44:18] [109/459] CEIM
[00:44:19] [110/459] CMVA
[00:44:20] [111/459] CPIV
[00:44:21] [112/459] CNPE
[00:44:22] [113/459] COLV
[00:44:23] [114/459] DNNV
[00:44:24] [115/459] HCAD
[00:44:26] [116/459] TAKA
[00:44:27] [117/459] INVD
[00:44:28] [118/459] IRMM
[00:44:30] [119/459] INSE
[00:44:31] [120/459] MRSW
[00:44:32] [121/459] MCVD
[00:44:33] [122/459] MCSO
[00:44:34] [123/459] PEVM
[00:44:34] [124/459] PVNL
[00:44:35] [125/459] PTCV
[00:44:36] [126/459] PRTC
[00:44:37] [127/459] RCVA
[00:44:38] [128/459] MTBN
[00:44:39] [129/459] LUCP
[00:44:40] [130/459] FMPT
[00:44:40] [131/459] JLSL
[00:44:41] [132/459] SBHA
[00:44:42] [133/459] SHRC
[00:44:43] [134/459] AVPS
[00:44:43] [135/459] STPM
[00:44:45] [136/459] ATRD
[00:44:46] [137/459] VTED
[00:44:46] [138/459] ACAI
[00:44:47] [139/459] SMAE
[00:44:48] [140/459] VMAT
[00:44:49] [141/459] LKCT
[00:44:50] [142/459] JTVK
[00:44:50] [143/459] PRTY
[00:44:51] [144/459] GETT
[00:44:52] [145/459] ESAP
[00:44:53] [146/459] NCPM
[00:44:53] [147/459] PCPA
[00:44:54] [148/459] MMOM
[00:44:55] [149/459] PHUP
[00:44:56] [150/459] CCPI
[00:44:57] [151/459] CNTD
[00:44:57] [152/459] NLJR
[00:44:58] [153/459] SRNG
[00:44:59] [154/459] MHAL
[00:45:00] [155/459] PNSM
[00:45:01] [156/459] DRMY
[00:45:02] [157/459] CCMU
[00:45:02] [158/459] SCMY
[00:45:03] [159/459] PVSY
[00:45:04] [160/459] SDLM
[00:45:05] [161/459] ICCM
[00:45:06] [162/459] PYSU
[00:45:07] [163/459] GATM
[00:45:08] [164/459] WOTM
[00:45:09] [165/459] RKTS
[00:45:09] [166/459] PMTY
[00:45:11] [167/459] LYMS
[00:45:12] [168/459] TGCA
[00:45:12] [169/459] DSTA
[00:45:13] [170/459] CNGE
[00:45:14] [171/459] VSTG
[00:45:15] [172/459] GTCK
[00:45:15] [173/459] TGNT
[00:45:16] [174/459] ASLC
[00:45:17] [175/459] SSST
[00:45:18] [176/459] KBTT
[00:45:20] [177/459] HKCP
[00:45:20] [178/459] SWLC
[00:45:21] [179/459] RTND
[00:45:22] [180/459] PKKT
[00:45:22] [181/459] HSTK
[00:45:23] [182/459] SPTT
[00:45:25] [183/459] IMPM
[00:45:27] [184/459] SCMV
[00:45:28] [185/459] SPCT
[00:45:28] [186/459] JBCA
[00:45:29] [187/459] ATTR
[00:45:30] [188/459] SPMT
[00:45:31] [189/459] LCTM
[00:45:32] [190/459] SCVL
[00:45:33] [191/459] SCVT
[00:45:34] [192/459] KRIC
[00:45:35] [193/459] CTMG
[00:45:36] [194/459] ACNC
[00:45:36] [195/459] DMCK
[00:45:37] [196/459] KMTV
[00:45:38] [197/459] PFCJ
[00:45:39] [198/459] VNMD
[00:45:40] [199/459] VPCZ
[00:45:41] [200/459] SRYR
[00:45:42] [201/459] SYTR
[00:45:43] [202/459] GATR
[00:45:44] [203/459] URTR
[00:45:44] [204/459] MKSM
[00:45:45] [205/459] VSMH
[00:45:46] [206/459] SKRJ
[00:45:47] [207/459] SSJR
[00:45:48] [208/459] SVSM
[00:45:49] [209/459] RUCM
[00:45:50] [210/459] PRKN
[00:45:51] [211/459] RROH
[00:45:52] [212/459] SCTN
[00:45:52] [213/459] RTDM
[00:45:53] [214/459] ASRM
[00:45:55] [215/459] SKMD
[00:45:56] [216/459] SUTD
[00:45:57] [217/459] SADM
[00:45:58] [218/459] WCNR
[00:45:59] [219/459] CNED
[00:46:00] [220/459] MPDB
[00:46:01] [221/459] KTBH
[00:46:01] [222/459] IDRM
[00:46:02] [223/459] PJJT
[00:46:03] [224/459] PFCV
[00:46:04] [225/459] AACT
[00:46:04] [226/459] AAAD
[00:46:05] [227/459] ANES
[00:46:06] [228/459] MNCA
[00:46:06] [229/459] RMGU
[00:46:07] [230/459] DLCN
[00:46:08] [231/459] LJWT
[00:46:09] [232/459] MCBG
[00:46:10] [233/459] MYBG
[00:46:11] [234/459] GCCA
[00:46:12] [235/459] GCGA
[00:46:13] [236/459] ECGN
[00:46:13] [237/459] PRAB
[00:46:14] [238/459] PNMP
[00:46:15] [239/459] GCPT
[00:46:16] [240/459] ROYN
[00:46:17] [241/459] VATM
[00:46:18] [242/459] KSNT
[00:46:19] [243/459] ACTC
[00:46:19] [244/459] PLTD
[00:46:20] [245/459] SKMK
[00:46:21] [246/459] CMTT
[00:46:22] [247/459] SMXP
[00:46:23] [248/459] SCMX
[00:46:24] [249/459] ACXN
[00:46:24] [250/459] ASWT
[00:46:25] [251/459] VVVL
[00:46:26] [252/459] NAGO
[00:46:27] [253/459] SNCN
[00:46:28] [254/459] MCKP
[00:46:29] [255/459] SAMO
[00:46:30] [256/459] JBTV
[00:46:31] [257/459] DCVV
[00:46:32] [258/459] KMSV
[00:46:33] [259/459] KDCN
[00:46:34] [260/459] CNCP
[00:46:34] [261/459] HAMC
[00:46:35] [262/459] CCVZ
[00:46:36] [263/459] NCCK
[00:46:37] [264/459] MCHR
[00:46:38] [265/459] SCHT
[00:46:39] [266/459] ESSH
[00:46:40] [267/459] CUJC
[00:46:41] [268/459] PECP
[00:46:42] [269/459] PMMI
[00:46:43] [270/459] PCCH
[00:46:44] [271/459] PRPM
[00:46:45] [272/459] PVKL
[00:46:46] [273/459] CBSM
[00:46:46] [274/459] PVCZ
[00:46:47] [275/459] PCVV
[00:46:49] [276/459] CTMJ
[00:46:49] [277/459] RCPS
[00:46:50] [278/459] PCIT
[00:46:51] [279/459] FNCH
[00:46:53] [280/459] INZD
[00:46:53] [281/459] INPC
[00:46:54] [282/459] LCZP
[00:46:55] [283/459] SMCB
[00:46:56] [284/459] PTSB
[00:46:57] [285/459] TPSI
[00:46:58] [286/459] KHMJ
[00:46:58] [287/459] RCCJ
[00:46:59] [288/459] NCJA
[00:47:00] [289/459] NCJN
[00:47:01] [290/459] BTDP
[00:47:01] [291/459] PADY
[00:47:02] [292/459] NYBH
[00:47:03] [293/459] MTBR
[00:47:04] [294/459] KRBC
[00:47:05] [295/459] DKTI
[00:47:05] [296/459] ANAN
[00:47:06] [297/459] INBP
[00:47:07] [298/459] PATB
[00:47:08] [299/459] RGNT
[00:47:09] [300/459] CGPM
[00:47:09] [301/459] INTN
[00:47:10] [302/459] MCMP
[00:47:11] [303/459] ASRG
[00:47:12] [304/459] CXJD
[00:47:13] [305/459] SPCP
[00:47:14] [306/459] CSTP
[00:47:15] [307/459] PKVC
[00:47:16] [308/459] ESCP
[00:47:16] [309/459] CAEP
[00:47:17] [310/459] CCSP
[00:47:18] [311/459] KTPC
[00:47:19] [312/459] DACA
[00:47:19] [313/459] NVKY
[00:47:20] [314/459] PTIN
[00:47:21] [315/459] SCIN
[00:47:22] [316/459] MCTY
[00:47:23] [317/459] PCMX
[00:47:24] [318/459] INIC
[00:47:26] [319/459] MMZM
[00:47:27] [320/459] SSLP
[00:47:28] [321/459] DTDT
[00:47:29] [322/459] FFCX
[00:47:30] [323/459] RCMM
[00:47:31] [324/459] KYID
[00:47:31] [325/459] CSCI
[00:47:32] [326/459] FCMC
[00:47:33] [327/459] MMXI
[00:47:34] [328/459] ASTC
[00:47:34] [329/459] CMRA
[00:47:35] [330/459] DICI
[00:47:36] [331/459] KDIN
[00:47:37] [332/459] PRFI
[00:47:38] [333/459] SVFC
[00:47:39] [334/459] UCPL
[00:47:40] [335/459] COOC
[00:47:41] [336/459] SCAL
[00:47:42] [337/459] SVFF
[00:47:43] [338/459] VCMG
[00:47:44] [339/459] UUCT
[00:47:45] [340/459] GCSE
[00:47:46] [341/459] SUSC
[00:47:47] [342/459] MISC
[00:47:48] [343/459] RMBL
[00:47:49] [344/459] CMXN
[00:47:50] [345/459] PVBK
[00:47:50] [346/459] HHCG
[00:47:51] [347/459] SCAG
[00:47:52] [348/459] CNPR
[00:47:53] [349/459] CSER
[00:47:55] [350/459] HLWD
[00:47:56] [351/459] BOLY
[00:47:57] [352/459] SSPG
[00:47:57] [353/459] MUPX
[00:47:59] [354/459] HAMR
[00:48:00] [355/459] SDNC
[00:48:00] [356/459] RTEN
[00:48:01] [357/459] SDTD
[00:48:02] [358/459] KAWS
[00:48:04] [359/459] CMZX
[00:48:05] [360/459] DCDD
[00:48:06] [361/459] ALSN
[00:48:07] [362/459] IMXS
[00:48:07] [363/459] PVFF
[00:48:08] [364/459] PVOO
[00:48:09] [365/459] CFBS
[00:48:10] [366/459] PVER
[00:48:11] [367/459] PPNX
[00:48:11] [368/459] CNRM
[00:48:12] [369/459] PVWW
[00:48:13] [370/459] INMB
[00:48:13] [371/459] CPJR
[00:48:14] [372/459] INRZ
[00:48:15] [373/459] PMSR
[00:48:16] [374/459] GPGM
[00:48:17] [375/459] PGWB
[00:48:17] [376/459] PMBR
[00:48:18] [377/459] GPAM
[00:48:19] [378/459] INBC
[00:48:20] [379/459] PZVK
[00:48:21] [380/459] CPEB
[00:48:22] [381/459] FMLB
[00:48:23] [382/459] INBG
[00:48:24] [383/459] GPBR
[00:48:25] [384/459] PAAS
[00:48:26] [385/459] VTBR
[00:48:27] [386/459] GPMY
[00:48:27] [387/459] GYBU
[00:48:28] [388/459] INBJ
[00:48:29] [389/459] LKTH
[00:48:30] [390/459] NSBR
[00:48:31] [391/459] PDRD
[00:48:32] [392/459] VRBL
[00:48:32] [393/459] VTGB
[00:48:33] [394/459] VTSK
[00:48:34] [395/459] BKDV
[00:48:35] [396/459] SVTB
[00:48:36] [397/459] MLDT
[00:48:36] [398/459] NRBL
[00:48:37] [399/459] SLTR
[00:48:38] [400/459] VNKA
[00:48:40] [401/459] TDCA
[00:48:40] [402/459] INBM
[00:48:41] [403/459] SSNR
[00:48:42] [404/459] BHAC
[00:48:43] [405/459] SDSD
[00:48:44] [406/459] SAMP
[00:48:45] [407/459] RATK
[00:48:45] [408/459] KCBI
[00:48:46] [409/459] URBL
[00:48:47] [410/459] MKBG
[00:48:48] [411/459] ASTB
[00:48:49] [412/459] VBWT
[00:48:50] [413/459] GPSM
[00:48:50] [414/459] ROON
[00:48:51] [415/459] CHTH
[00:48:52] [416/459] SSPA
[00:48:53] [417/459] ANBL
[00:48:54] [418/459] VTBE
[00:48:55] [419/459] SVKT
[00:48:55] [420/459] SVYK
[00:48:57] [421/459] PTBK
[00:48:58] [422/459] RKTB
[00:48:59] [423/459] BALT
[00:48:59] [424/459] STSV
[00:49:00] [425/459] VCCB
[00:49:01] [426/459] SLTB
[00:49:02] [427/459] SBCR
[00:49:03] [428/459] VDCS
[00:49:04] [429/459] MDKI
[00:49:05] [430/459] SMRN
[00:49:05] [431/459] PTBC
[00:49:06] [432/459] RADI
[00:49:07] [433/459] ADCR
[00:49:08] [434/459] SDCS
[00:49:09] [435/459] SRPJ
[00:49:09] [436/459] ARTS
[00:49:10] [437/459] SRHK
[00:49:11] [438/459] SPAY
[00:49:12] [439/459] GPTB
[00:49:13] [440/459] SNNN
[00:49:14] [441/459] BALJ
[00:49:15] [442/459] TRIG
[00:49:16] [443/459] GTYT
[00:49:17] [444/459] ATGN
[00:49:18] [445/459] ANTE
[00:49:19] [446/459] BDCG
[00:49:20] [447/459] VECI
[00:49:21] [448/459] SCPR
[00:49:21] [449/459] RTEA
[00:49:22] [450/459] JSAI
[00:49:23] [451/459] VJTP
[00:49:24] [452/459] GNDS
[00:49:24] [453/459] PAXA
[00:49:25] [454/459] CGGM
[00:49:26] [455/459] ACKZ
[00:49:27] [456/459] EMCC
[00:49:28] [457/459] KLSK
[00:49:29] [458/459] AVCK
[00:49:30] [459/459] JTCK
[00:49:31] ✅ DONE | Shows=0 | Movies=0
