[00:42:35] 🚀 BMS DAILY TRACKER STARTED
[00:42:35] [1/296] CDCA
[00:42:35] 🧠 New identity
[00:42:36] [2/296] MNSR
[00:42:37] [3/296] CSSL
[00:42:38] [4/296] BGGM
[00:42:39] [5/296] MANT
[00:42:40] [6/296] SOOY
[00:42:40] [7/296] VPPK
[00:42:41] [8/296] MYHJ
[00:42:42] [9/296] KSCK
[00:42:43] [10/296] KATK
[00:42:44] [11/296] RTRT
[00:42:45] [12/296] SSTT
[00:42:46] [13/296] SSTV
[00:42:46] [14/296] LACM
[00:42:47] [15/296] SGMG
[00:42:48] [16/296] KACX
[00:42:49] [17/296] GVCP
[00:42:50] [18/296] CSNC
[00:42:51] [19/296] SXCB
[00:42:51] [20/296] BAHS
[00:42:52] [21/296] PCBI
[00:42:53] [22/296] PSSM
[00:42:55] [23/296] RCOK
[00:42:56] [24/296] SCPF
[00:42:57] [25/296] SSAS
[00:42:57] [26/296] EVMM
[00:42:58] [27/296] SYCB
[00:42:59] [28/296] GCKI
[00:42:59] [29/296] IAET
[00:43:00] [30/296] DDTD
[00:43:01] [31/296] GMDH
[00:43:02] [32/296] STLE
[00:43:02] [33/296] JTRA
[00:43:03] [34/296] RPPA
[00:43:04] [35/296] ARUT
[00:43:05] [36/296] JTVM
[00:43:07] [37/296] SWRH
[00:43:08] [38/296] DCPC
[00:43:09] [39/296] RAPR
[00:43:10] [40/296] GCRT
[00:43:11] [41/296] ATUN
[00:43:13] [42/296] LTRM
[00:43:13] [43/296] TASR
[00:43:14] [44/296] RLLC
[00:43:15] [45/296] MABI
[00:43:16] [46/296] SVHB
[00:43:16] [47/296] NVTB
[00:43:17] [48/296] KCKG
[00:43:18] [49/296] SSRN
[00:43:18] [50/296] VDDC
[00:43:20] [51/296] GKTK
[00:43:20] [52/296] YFSN
[00:43:22] [53/296] GCSG
[00:43:23] [54/296] ESSM
[00:43:24] [55/296] KRIH
[00:43:25] [56/296] GCDS
[00:43:25] [57/296] CCSH
[00:43:26] [58/296] ACSK
[00:43:27] [59/296] APRK
[00:43:28] [60/296] ADKM
[00:43:29] [61/296] SRDM
[00:43:30] [62/296] RMOG
[00:43:30] [63/296] SJMY
[00:43:31] [64/296] PGGC
[00:43:32] [65/296] INGM
[00:43:33] [66/296] LSCB
[00:43:33] [67/296] STAD
[00:43:34] [68/296] MCCR
[00:43:35] [69/296] ABCC
[00:43:36] [70/296] RKCC
[00:43:37] [71/296] RTCR
[00:43:38] [72/296] GGBC
[00:43:40] [73/296] GCSD
[00:43:41] [74/296] LPTY
[00:43:42] [75/296] MCFD
[00:43:43] [76/296] HENN
[00:43:44] [77/296] SMKU
[00:43:45] [78/296] TNZC
[00:43:45] [79/296] DRCD
[00:43:46] [80/296] DLCD
[00:43:47] [81/296] RCDA
[00:43:48] [82/296] COSM
[00:43:49] [83/296] MCMJ
[00:43:50] [84/296] CSTR
[00:43:51] [85/296] CVDK
[00:43:52] [86/296] INRR
[00:43:52] [87/296] RJRT
[00:43:53] [88/296] IRMR
[00:43:54] [89/296] SRCF
[00:43:55] [90/296] GRCR
[00:43:56] [91/296] SURC
[00:43:57] [92/296] NMNH
[00:43:57] [93/296] SVBL
[00:43:58] [94/296] KACI
[00:43:59] [95/296] TDGO
[00:44:00] [96/296] KTBR
[00:44:01] [97/296] PMAD
[00:44:02] [98/296] CCPN
[00:44:02] [99/296] SBTK
[00:44:03] [100/296] LMDK
[00:44:04] [101/296] PGDA
[00:44:05] [102/296] SRML
[00:44:06] [103/296] EVCK
[00:44:07] [104/296] RTTK
[00:44:07] [105/296] SRTU
[00:44:08] [106/296] VRSA
[00:44:09] [107/296] VARS
[00:44:10] [108/296] DSCZ
[00:44:10] [109/296] GAGA
[00:44:11] [110/296] SARV
[00:44:12] [111/296] SEEG
[00:44:13] [112/296] GLCA
[00:44:14] [113/296] APAS
[00:44:14] [114/296] VCIA
[00:44:15] [115/296] SJTA
[00:44:16] [116/296] SABM
[00:44:17] [117/296] PPAG
[00:44:18] [118/296] RVCA
[00:44:18] [119/296] CCIA
[00:44:19] [120/296] HTAG
[00:44:20] [121/296] SMBI
[00:44:20] [122/296] MCJR
[00:44:21] [123/296] CCJR
[00:44:22] [124/296] SINF
[00:44:23] [125/296] CPLX
[00:44:24] [126/296] KKTJ
[00:44:25] [127/296] GDBW
[00:44:26] [128/296] CSUB
[00:44:27] [129/296] DABA
[00:44:28] [130/296] TITR
[00:44:29] [131/296] NYCR
[00:44:30] [132/296] RTRY
[00:44:31] [133/296] JTJL
[00:44:32] [134/296] SJCP
[00:44:33] [135/296] KCCA
[00:44:34] [136/296] MLPG
[00:44:34] [137/296] VRCK
[00:44:35] [138/296] SRIN
[00:44:37] [139/296] CXMK
[00:44:38] [140/296] SKAD
[00:44:39] [141/296] AVTR
[00:44:40] [142/296] PTAJ
[00:44:40] [143/296] SCNK
[00:44:42] [144/296] STTI
[00:44:44] [145/296] KACR
[00:44:45] [146/296] SSDX
[00:44:46] [147/296] VRTJ
[00:44:48] [148/296] RAJD
[00:44:49] [149/296] SCIP
[00:44:50] [150/296] RJSL
[00:44:50] [151/296] ARRS
[00:44:51] [152/296] ASMS
[00:44:52] [153/296] RDTS
[00:44:53] [154/296] DVMY
[00:44:54] [155/296] RASA
[00:44:55] [156/296] INOM
[00:44:56] [157/296] SPRS
[00:44:57] [158/296] SGCS
[00:44:57] [159/296] SALM
[00:44:58] [160/296] PKHC
[00:45:00] [161/296] RCSV
[00:45:01] [162/296] CPKC
[00:45:02] [163/296] AACD
[00:45:03] [164/296] GGCV
[00:45:03] [165/296] SMKD
[00:45:05] [166/296] NBCH
[00:45:06] [167/296] AMCB
[00:45:07] [168/296] OPCN
[00:45:07] [169/296] DCIN
[00:45:08] [170/296] INGW
[00:45:09] [171/296] PKKW
[00:45:10] [172/296] FNGW
[00:45:11] [173/296] GCGD
[00:45:11] [174/296] MSTW
[00:45:12] [175/296] KCCG
[00:45:13] [176/296] MRSS
[00:45:14] [177/296] CLCF
[00:45:15] [178/296] EETS
[00:45:15] [179/296] AATR
[00:45:16] [180/296] CMMN
[00:45:17] [181/296] SCCJ
[00:45:18] [182/296] CDTK
[00:45:19] [183/296] AICP
[00:45:20] [184/296] FNBP
[00:45:20] [185/296] CBPB
[00:45:22] [186/296] CPAS
[00:45:23] [187/296] MAPM
[00:45:24] [188/296] PASD
[00:45:25] [189/296] JCMN
[00:45:25] [190/296] MALB
[00:45:27] [191/296] SACG
[00:45:28] [192/296] DDRX
[00:45:29] [193/296] DDXB
[00:45:30] [194/296] RAMC
[00:45:31] [195/296] SANC
[00:45:32] [196/296] BCBP
[00:45:33] [197/296] ALPC
[00:45:33] [198/296] RBAC
[00:45:34] [199/296] RAJL
[00:45:35] [200/296] MPDX
[00:45:36] [201/296] MUSC
[00:45:37] [202/296] VKMK
[00:45:38] [203/296] SKCG
[00:45:38] [204/296] ANCN
[00:45:39] [205/296] MMCJ
[00:45:40] [206/296] DCAK
[00:45:42] [207/296] SCKG
[00:45:43] [208/296] LMCK
[00:45:44] [209/296] CKKX
[00:45:44] [210/296] ANKU
[00:45:45] [211/296] CSMD
[00:45:47] [212/296] MKMP
[00:45:48] [213/296] SVBG
[00:45:49] [214/296] ROOP
[00:45:49] [215/296] GDMT
[00:45:50] [216/296] FPPF
[00:45:51] [217/296] SFUU
[00:45:52] [218/296] ANCB
[00:45:53] [219/296] SMMC
[00:45:53] [220/296] UGKT
[00:45:54] [221/296] JVRM
[00:45:56] [222/296] BATG
[00:45:57] [223/296] RATE
[00:45:58] [224/296] SKME
[00:45:59] [225/296] LMTP
[00:45:59] [226/296] TCBD
[00:46:00] [227/296] ESBD
[00:46:02] [228/296] GDCU
[00:46:03] [229/296] SNKT
[00:46:04] [230/296] SRNK
[00:46:05] [231/296] SMED
[00:46:06] [232/296] CSQS
[00:46:07] [233/296] ALCS
[00:46:08] [234/296] KCKN
[00:46:08] [235/296] VCCL
[00:46:09] [236/296] MCDA
[00:46:11] [237/296] SHMI
[00:46:12] [238/296] SKHA
[00:46:13] [239/296] SVFK
[00:46:13] [240/296] INVB
[00:46:14] [241/296] MELD
[00:46:15] [242/296] JTYS
[00:46:17] [243/296] INCM
[00:46:18] [244/296] MCDV
[00:46:18] [245/296] KSGK
[00:46:19] [246/296] ICMG
[00:46:20] [247/296] CSCV
[00:46:21] [248/296] STMD
[00:46:22] [249/296] STTR
[00:46:23] [250/296] INVC
[00:46:24] [251/296] JTBL
[00:46:25] [252/296] SRVV
[00:46:25] [253/296] MAVC
[00:46:26] [254/296] SRPP
[00:46:27] [255/296] JGDM
[00:46:28] [256/296] MBSJ
[00:46:29] [257/296] SSLL
[00:46:30] [258/296] SLKP
[00:46:30] [259/296] NSRV
[00:46:31] [260/296] UTDV
[00:46:32] [261/296] KICM
[00:46:33] [262/296] KCMD
[00:46:34] [263/296] TTPP
[00:46:35] [264/296] KMPV
[00:46:36] [265/296] SKTV
[00:46:36] [266/296] STCV
[00:46:37] [267/296] SRDA
[00:46:38] [268/296] JTSX
[00:46:39] [269/296] STBV
[00:46:40] [270/296] APVZ
[00:46:41] [271/296] GSTV
[00:46:42] [272/296] NMVS
[00:46:43] [273/296] SKRT
[00:46:44] [274/296] RMDV
[00:46:45] [275/296] RATG
[00:46:46] [276/296] SJYV
[00:46:47] [277/296] NDGP
[00:46:47] [278/296] SNDG
[00:46:48] [279/296] INSR
[00:46:49] [280/296] INSO
[00:46:51] [281/296] CCSI
[00:46:51] [282/296] RASM
[00:46:52] [283/296] NEWC
[00:46:53] [284/296] VSHL
[00:46:54] [285/296] BISW
[00:46:55] [286/296] GCNG
[00:46:56] [287/296] CWSC
[00:46:56] [288/296] SKAN
[00:46:58] [289/296] SEHP
[00:46:59] [290/296] CCOA
[00:47:00] [291/296] MCAJ
[00:47:01] [292/296] ACDE
[00:47:01] [293/296] AACM
[00:47:02] [294/296] JJCK
[00:47:03] [295/296] RCMO
[00:47:04] [296/296] GDAW
[00:47:05] ✅ DONE | Shows=0 | Movies=0
[01:43:45] 🚀 BMS DAILY TRACKER STARTED
[01:43:45] [1/296] CDCA
[01:43:45] 🧠 New identity
[01:43:46] [2/296] MNSR
[01:43:47] [3/296] CSSL
[01:43:48] [4/296] BGGM
[01:43:48] [5/296] MANT
[01:43:49] [6/296] SOOY
[01:43:50] [7/296] VPPK
[01:43:52] [8/296] MYHJ
[01:43:52] [9/296] KSCK
[01:43:53] [10/296] KATK
[01:43:54] [11/296] RTRT
[01:43:55] [12/296] SSTT
[01:43:57] [13/296] SSTV
[01:43:58] [14/296] LACM
[01:43:59] [15/296] SGMG
[01:44:01] [16/296] KACX
[01:44:02] [17/296] GVCP
[01:44:03] [18/296] CSNC
[01:44:03] [19/296] SXCB
[01:44:04] [20/296] BAHS
[01:44:05] [21/296] PCBI
[01:44:06] [22/296] PSSM
[01:44:07] [23/296] RCOK
[01:44:08] [24/296] SCPF
[01:44:09] [25/296] SSAS
[01:44:10] [26/296] EVMM
[01:44:11] [27/296] SYCB
[01:44:12] [28/296] GCKI
[01:44:12] [29/296] IAET
[01:44:13] [30/296] DDTD
[01:44:14] [31/296] GMDH
[01:44:15] [32/296] STLE
[01:44:16] [33/296] JTRA
[01:44:17] [34/296] RPPA
[01:44:18] [35/296] ARUT
[01:44:19] [36/296] JTVM
[01:44:21] [37/296] SWRH
[01:44:22] [38/296] DCPC
[01:44:22] [39/296] RAPR
[01:44:23] [40/296] GCRT
[01:44:24] [41/296] ATUN
[01:44:26] [42/296] LTRM
[01:44:27] [43/296] TASR
[01:44:28] [44/296] RLLC
[01:44:29] [45/296] MABI
[01:44:29] [46/296] SVHB
[01:44:30] [47/296] NVTB
[01:44:31] [48/296] KCKG
[01:44:32] [49/296] SSRN
[01:44:33] [50/296] VDDC
[01:44:33] [51/296] GKTK
[01:44:34] [52/296] YFSN
[01:44:35] [53/296] GCSG
[01:44:37] [54/296] ESSM
[01:44:38] [55/296] KRIH
[01:44:39] [56/296] GCDS
[01:44:40] [57/296] CCSH
[01:44:41] [58/296] ACSK
[01:44:42] [59/296] APRK
[01:44:43] [60/296] ADKM
[01:44:44] [61/296] SRDM
[01:44:45] [62/296] RMOG
[01:44:46] [63/296] SJMY
[01:44:47] [64/296] PGGC
[01:44:48] [65/296] INGM
[01:44:49] [66/296] LSCB
[01:44:50] [67/296] STAD
[01:44:50] [68/296] MCCR
[01:44:51] [69/296] ABCC
[01:44:52] [70/296] RKCC
[01:44:53] [71/296] RTCR
[01:44:54] [72/296] GGBC
[01:44:55] [73/296] GCSD
[01:44:56] [74/296] LPTY
[01:44:57] [75/296] MCFD
[01:44:57] [76/296] HENN
[01:44:58] [77/296] SMKU
[01:44:59] [78/296] TNZC
[01:45:00] [79/296] DRCD
[01:45:01] [80/296] DLCD
[01:45:02] [81/296] RCDA
[01:45:03] [82/296] COSM
[01:45:04] [83/296] MCMJ
[01:45:04] [84/296] CSTR
[01:45:05] [85/296] CVDK
[01:45:07] [86/296] INRR
[01:45:09] [87/296] RJRT
[01:45:10] [88/296] IRMR
[01:45:11] [89/296] SRCF
[01:45:11] [90/296] GRCR
[01:45:12] [91/296] SURC
[01:45:13] [92/296] NMNH
[01:45:14] [93/296] SVBL
[01:45:15] [94/296] KACI
[01:45:16] [95/296] TDGO
[01:45:16] [96/296] KTBR
[01:45:18] [97/296] PMAD
[01:45:18] [98/296] CCPN
[01:45:19] [99/296] SBTK
[01:45:20] [100/296] LMDK
[01:45:21] [101/296] PGDA
[01:45:22] [102/296] SRML
[01:45:23] [103/296] EVCK
[01:45:24] [104/296] RTTK
[01:45:25] [105/296] SRTU
[01:45:25] [106/296] VRSA
[01:45:26] [107/296] VARS
[01:45:27] [108/296] DSCZ
[01:45:28] [109/296] GAGA
[01:45:29] [110/296] SARV
[01:45:30] [111/296] SEEG
[01:45:31] [112/296] GLCA
[01:45:32] [113/296] APAS
[01:45:32] [114/296] VCIA
[01:45:33] [115/296] SJTA
[01:45:34] [116/296] SABM
[01:45:35] [117/296] PPAG
[01:45:36] [118/296] RVCA
[01:45:37] [119/296] CCIA
[01:45:38] [120/296] HTAG
[01:45:39] [121/296] SMBI
[01:45:40] [122/296] MCJR
[01:45:41] [123/296] CCJR
[01:45:42] [124/296] SINF
[01:45:43] [125/296] CPLX
[01:45:44] [126/296] KKTJ
[01:45:44] [127/296] GDBW
[01:45:46] [128/296] CSUB
[01:45:47] [129/296] DABA
[01:45:48] [130/296] TITR
[01:45:49] [131/296] NYCR
[01:45:50] [132/296] RTRY
[01:45:51] [133/296] JTJL
[01:45:52] [134/296] SJCP
[01:45:53] [135/296] KCCA
[01:45:54] [136/296] MLPG
[01:45:55] [137/296] VRCK
[01:45:56] [138/296] SRIN
[01:45:56] [139/296] CXMK
[01:45:57] [140/296] SKAD
[01:45:58] [141/296] AVTR
[01:45:59] [142/296] PTAJ
[01:46:00] [143/296] SCNK
[01:46:01] [144/296] STTI
[01:46:02] [145/296] KACR
[01:46:02] [146/296] SSDX
[01:46:03] [147/296] VRTJ
[01:46:05] [148/296] RAJD
[01:46:06] [149/296] SCIP
[01:46:07] [150/296] RJSL
[01:46:09] [151/296] ARRS
[01:46:09] [152/296] ASMS
[01:46:10] [153/296] RDTS
[01:46:12] [154/296] DVMY
[01:46:13] [155/296] RASA
[01:46:14] [156/296] INOM
[01:46:15] [157/296] SPRS
[01:46:16] [158/296] SGCS
[01:46:16] [159/296] SALM
[01:46:17] [160/296] PKHC
[01:46:18] [161/296] RCSV
[01:46:19] [162/296] CPKC
[01:46:20] [163/296] AACD
[01:46:20] [164/296] GGCV
[01:46:21] [165/296] SMKD
[01:46:22] [166/296] NBCH
[01:46:23] [167/296] AMCB
[01:46:24] [168/296] OPCN
[01:46:25] [169/296] DCIN
[01:46:26] [170/296] INGW
[01:46:26] [171/296] PKKW
[01:46:27] [172/296] FNGW
[01:46:29] [173/296] GCGD
[01:46:30] [174/296] MSTW
[01:46:31] [175/296] KCCG
[01:46:32] [176/296] MRSS
[01:46:33] [177/296] CLCF
[01:46:34] [178/296] EETS
[01:46:35] [179/296] AATR
[01:46:36] [180/296] CMMN
[01:46:37] [181/296] SCCJ
[01:46:37] [182/296] CDTK
[01:46:38] [183/296] AICP
[01:46:39] [184/296] FNBP
[01:46:40] [185/296] CBPB
[01:46:41] [186/296] CPAS
[01:46:42] [187/296] MAPM
[01:46:43] [188/296] PASD
[01:46:44] [189/296] JCMN
[01:46:45] [190/296] MALB
[01:46:46] [191/296] SACG
[01:46:47] [192/296] DDRX
[01:46:47] [193/296] DDXB
[01:46:48] [194/296] RAMC
[01:46:49] [195/296] SANC
[01:46:50] [196/296] BCBP
[01:46:51] [197/296] ALPC
[01:46:52] [198/296] RBAC
[01:46:53] [199/296] RAJL
[01:46:54] [200/296] MPDX
[01:46:55] [201/296] MUSC
[01:46:56] [202/296] VKMK
[01:46:56] [203/296] SKCG
[01:46:57] [204/296] ANCN
[01:46:58] [205/296] MMCJ
[01:47:00] [206/296] DCAK
[01:47:01] [207/296] SCKG
[01:47:02] [208/296] LMCK
[01:47:03] [209/296] CKKX
[01:47:03] [210/296] ANKU
[01:47:04] [211/296] CSMD
[01:47:05] [212/296] MKMP
[01:47:06] [213/296] SVBG
[01:47:06] [214/296] ROOP
[01:47:08] [215/296] GDMT
[01:47:09] [216/296] FPPF
[01:47:09] [217/296] SFUU
[01:47:10] [218/296] ANCB
[01:47:11] [219/296] SMMC
[01:47:12] [220/296] UGKT
[01:47:13] [221/296] JVRM
[01:47:14] [222/296] BATG
[01:47:15] [223/296] RATE
[01:47:16] [224/296] SKME
[01:47:17] [225/296] LMTP
[01:47:18] [226/296] TCBD
[01:47:19] [227/296] ESBD
[01:47:19] [228/296] GDCU
[01:47:20] [229/296] SNKT
[01:47:21] [230/296] SRNK
[01:47:22] [231/296] SMED
[01:47:23] [232/296] CSQS
[01:47:24] [233/296] ALCS
[01:47:25] [234/296] KCKN
[01:47:26] [235/296] VCCL
[01:47:28] [236/296] MCDA
[01:47:28] [237/296] SHMI
[01:47:30] [238/296] SKHA
[01:47:31] [239/296] SVFK
[01:47:32] [240/296] INVB
[01:47:33] [241/296] MELD
[01:47:33] [242/296] JTYS
[01:47:34] [243/296] INCM
[01:47:35] [244/296] MCDV
[01:47:36] [245/296] KSGK
[01:47:37] [246/296] ICMG
[01:47:38] [247/296] CSCV
[01:47:38] [248/296] STMD
[01:47:39] [249/296] STTR
[01:47:40] [250/296] INVC
[01:47:42] [251/296] JTBL
[01:47:43] [252/296] SRVV
[01:47:44] [253/296] MAVC
[01:47:45] [254/296] SRPP
[01:47:45] [255/296] JGDM
[01:47:46] [256/296] MBSJ
[01:47:47] [257/296] SSLL
[01:47:48] [258/296] SLKP
[01:47:49] [259/296] NSRV
[01:47:49] [260/296] UTDV
[01:47:50] [261/296] KICM
[01:47:51] [262/296] KCMD
[01:47:52] [263/296] TTPP
[01:47:53] [264/296] KMPV
[01:47:54] [265/296] SKTV
[01:47:54] [266/296] STCV
[01:47:55] [267/296] SRDA
[01:47:56] [268/296] JTSX
[01:47:57] [269/296] STBV
[01:47:58] [270/296] APVZ
[01:47:58] [271/296] GSTV
[01:47:59] [272/296] NMVS
[01:48:00] [273/296] SKRT
[01:48:01] [274/296] RMDV
[01:48:03] [275/296] RATG
[01:48:04] [276/296] SJYV
[01:48:05] [277/296] NDGP
[01:48:06] [278/296] SNDG
[01:48:06] [279/296] INSR
[01:48:07] [280/296] INSO
[01:48:08] [281/296] CCSI
[01:48:10] [282/296] RASM
[01:48:11] [283/296] NEWC
[01:48:12] [284/296] VSHL
[01:48:13] [285/296] BISW
[01:48:14] [286/296] GCNG
[01:48:15] [287/296] CWSC
[01:48:16] [288/296] SKAN
[01:48:16] [289/296] SEHP
[01:48:17] [290/296] CCOA
[01:48:18] [291/296] MCAJ
[01:48:19] [292/296] ACDE
[01:48:20] [293/296] AACM
[01:48:20] [294/296] JJCK
[01:48:21] [295/296] RCMO
[01:48:22] [296/296] GDAW
[01:48:24] ✅ DONE | Shows=0 | Movies=0
[02:42:28] 🚀 BMS DAILY TRACKER STARTED
[02:42:28] [1/296] CDCA
[02:42:28] 🧠 New identity
[02:42:29] [2/296] MNSR
[02:42:30] [3/296] CSSL
[02:42:31] [4/296] BGGM
[02:42:32] [5/296] MANT
[02:42:33] [6/296] SOOY
[02:42:34] [7/296] VPPK
[02:42:35] [8/296] MYHJ
[02:42:36] [9/296] KSCK
[02:42:37] [10/296] KATK
[02:42:38] [11/296] RTRT
[02:42:38] [12/296] SSTT
[02:42:40] [13/296] SSTV
[02:42:41] [14/296] LACM
[02:42:42] [15/296] SGMG
[02:42:42] [16/296] KACX
[02:42:43] [17/296] GVCP
[02:42:44] [18/296] CSNC
[02:42:45] [19/296] SXCB
[02:42:46] [20/296] BAHS
[02:42:47] [21/296] PCBI
[02:42:48] [22/296] PSSM
[02:42:48] [23/296] RCOK
[02:42:49] [24/296] SCPF
[02:42:50] [25/296] SSAS
[02:42:51] [26/296] EVMM
[02:42:52] [27/296] SYCB
[02:42:52] [28/296] GCKI
[02:42:54] [29/296] IAET
[02:42:55] [30/296] DDTD
[02:42:56] [31/296] GMDH
[02:42:57] [32/296] STLE
[02:42:58] [33/296] JTRA
[02:42:59] [34/296] RPPA
[02:42:59] [35/296] ARUT
[02:43:00] [36/296] JTVM
[02:43:02] [37/296] SWRH
[02:43:02] [38/296] DCPC
[02:43:03] [39/296] RAPR
[02:43:04] [40/296] GCRT
[02:43:05] [41/296] ATUN
[02:43:06] [42/296] LTRM
[02:43:07] [43/296] TASR
[02:43:07] [44/296] RLLC
[02:43:08] [45/296] MABI
[02:43:09] [46/296] SVHB
[02:43:10] [47/296] NVTB
[02:43:11] [48/296] KCKG
[02:43:12] [49/296] SSRN
[02:43:12] [50/296] VDDC
[02:43:13] [51/296] GKTK
[02:43:14] [52/296] YFSN
[02:43:15] [53/296] GCSG
[02:43:16] [54/296] ESSM
[02:43:16] [55/296] KRIH
[02:43:17] [56/296] GCDS
[02:43:18] [57/296] CCSH
[02:43:19] [58/296] ACSK
[02:43:20] [59/296] APRK
[02:43:20] [60/296] ADKM
[02:43:21] [61/296] SRDM
[02:43:22] [62/296] RMOG
[02:43:23] [63/296] SJMY
[02:43:24] [64/296] PGGC
[02:43:25] [65/296] INGM
[02:43:25] [66/296] LSCB
[02:43:26] [67/296] STAD
[02:43:27] [68/296] MCCR
[02:43:29] [69/296] ABCC
[02:43:30] [70/296] RKCC
[02:43:30] [71/296] RTCR
[02:43:32] [72/296] GGBC
[02:43:33] [73/296] GCSD
[02:43:34] [74/296] LPTY
[02:43:35] [75/296] MCFD
[02:43:36] [76/296] HENN
[02:43:37] [77/296] SMKU
[02:43:38] [78/296] TNZC
[02:43:38] [79/296] DRCD
[02:43:39] [80/296] DLCD
[02:43:40] [81/296] RCDA
[02:43:41] [82/296] COSM
[02:43:42] [83/296] MCMJ
[02:43:43] [84/296] CSTR
[02:43:44] [85/296] CVDK
[02:43:44] [86/296] INRR
[02:43:45] [87/296] RJRT
[02:43:47] [88/296] IRMR
[02:43:48] [89/296] SRCF
[02:43:49] [90/296] GRCR
[02:43:50] [91/296] SURC
[02:43:51] [92/296] NMNH
[02:43:52] [93/296] SVBL
[02:43:53] [94/296] KACI
[02:43:54] [95/296] TDGO
[02:43:55] [96/296] KTBR
[02:43:56] [97/296] PMAD
[02:43:56] [98/296] CCPN
[02:43:57] [99/296] SBTK
[02:43:58] [100/296] LMDK
[02:44:00] [101/296] PGDA
[02:44:00] [102/296] SRML
[02:44:01] [103/296] EVCK
[02:44:02] [104/296] RTTK
[02:44:03] [105/296] SRTU
[02:44:03] [106/296] VRSA
[02:44:04] [107/296] VARS
[02:44:05] [108/296] DSCZ
[02:44:06] [109/296] GAGA
[02:44:07] [110/296] SARV
[02:44:07] [111/296] SEEG
[02:44:08] [112/296] GLCA
[02:44:10] [113/296] APAS
[02:44:10] [114/296] VCIA
[02:44:11] [115/296] SJTA
[02:44:12] [116/296] SABM
[02:44:13] [117/296] PPAG
[02:44:15] [118/296] RVCA
[02:44:16] [119/296] CCIA
[02:44:16] [120/296] HTAG
[02:44:17] [121/296] SMBI
[02:44:18] [122/296] MCJR
[02:44:19] [123/296] CCJR
[02:44:20] [124/296] SINF
[02:44:21] [125/296] CPLX
[02:44:22] [126/296] KKTJ
[02:44:23] [127/296] GDBW
[02:44:24] [128/296] CSUB
[02:44:24] [129/296] DABA
[02:44:25] [130/296] TITR
[02:44:26] [131/296] NYCR
[02:44:27] [132/296] RTRY
[02:44:28] [133/296] JTJL
[02:44:29] [134/296] SJCP
[02:44:29] [135/296] KCCA
[02:44:30] [136/296] MLPG
[02:44:31] [137/296] VRCK
[02:44:33] [138/296] SRIN
[02:44:33] [139/296] CXMK
[02:44:34] [140/296] SKAD
[02:44:35] [141/296] AVTR
[02:44:37] [142/296] PTAJ
[02:44:38] [143/296] SCNK
[02:44:38] [144/296] STTI
[02:44:39] [145/296] KACR
[02:44:40] [146/296] SSDX
[02:44:41] [147/296] VRTJ
[02:44:42] [148/296] RAJD
[02:44:43] [149/296] SCIP
[02:44:44] [150/296] RJSL
[02:44:44] [151/296] ARRS
[02:44:46] [152/296] ASMS
[02:44:47] [153/296] RDTS
[02:44:48] [154/296] DVMY
[02:44:48] [155/296] RASA
[02:44:49] [156/296] INOM
[02:44:51] [157/296] SPRS
[02:44:51] [158/296] SGCS
[02:44:52] [159/296] SALM
[02:44:53] [160/296] PKHC
[02:44:54] [161/296] RCSV
[02:44:55] [162/296] CPKC
[02:44:56] [163/296] AACD
[02:44:57] [164/296] GGCV
[02:44:58] [165/296] SMKD
[02:44:58] [166/296] NBCH
[02:44:59] [167/296] AMCB
[02:45:00] [168/296] OPCN
[02:45:01] [169/296] DCIN
[02:45:02] [170/296] INGW
[02:45:03] [171/296] PKKW
[02:45:03] [172/296] FNGW
[02:45:04] [173/296] GCGD
[02:45:05] [174/296] MSTW
[02:45:06] [175/296] KCCG
[02:45:07] [176/296] MRSS
[02:45:07] [177/296] CLCF
[02:45:08] [178/296] EETS
[02:45:09] [179/296] AATR
[02:45:10] [180/296] CMMN
[02:45:11] [181/296] SCCJ
[02:45:12] [182/296] CDTK
[02:45:14] [183/296] AICP
[02:45:14] [184/296] FNBP
[02:45:15] [185/296] CBPB
[02:45:16] [186/296] CPAS
[02:45:17] [187/296] MAPM
[02:45:18] [188/296] PASD
[02:45:19] [189/296] JCMN
[02:45:19] [190/296] MALB
[02:45:20] [191/296] SACG
[02:45:21] [192/296] DDRX
[02:45:22] [193/296] DDXB
[02:45:23] [194/296] RAMC
[02:45:24] [195/296] SANC
[02:45:25] [196/296] BCBP
[02:45:26] [197/296] ALPC
[02:45:27] [198/296] RBAC
[02:45:27] [199/296] RAJL
[02:45:29] [200/296] MPDX
[02:45:30] [201/296] MUSC
[02:45:31] [202/296] VKMK
[02:45:32] [203/296] SKCG
[02:45:33] [204/296] ANCN
[02:45:34] [205/296] MMCJ
[02:45:35] [206/296] DCAK
[02:45:36] [207/296] SCKG
[02:45:37] [208/296] LMCK
[02:45:38] [209/296] CKKX
[02:45:39] [210/296] ANKU
[02:45:39] [211/296] CSMD
[02:45:40] [212/296] MKMP
[02:45:42] [213/296] SVBG
[02:45:42] [214/296] ROOP
[02:45:43] [215/296] GDMT
[02:45:44] [216/296] FPPF
[02:45:45] [217/296] SFUU
[02:45:46] [218/296] ANCB
[02:45:46] [219/296] SMMC
[02:45:47] [220/296] UGKT
[02:45:48] [221/296] JVRM
[02:45:49] [222/296] BATG
[02:45:50] [223/296] RATE
[02:45:50] [224/296] SKME
[02:45:51] [225/296] LMTP
[02:45:52] [226/296] TCBD
[02:45:53] [227/296] ESBD
[02:45:53] [228/296] GDCU
[02:45:54] [229/296] SNKT
[02:45:55] [230/296] SRNK
[02:45:56] [231/296] SMED
[02:45:57] [232/296] CSQS
[02:45:58] [233/296] ALCS
[02:45:59] [234/296] KCKN
[02:45:59] [235/296] VCCL
[02:46:01] [236/296] MCDA
[02:46:02] [237/296] SHMI
[02:46:03] [238/296] SKHA
[02:46:04] [239/296] SVFK
[02:46:04] [240/296] INVB
[02:46:06] [241/296] MELD
[02:46:07] [242/296] JTYS
[02:46:08] [243/296] INCM
[02:46:09] [244/296] MCDV
[02:46:09] [245/296] KSGK
[02:46:10] [246/296] ICMG
[02:46:11] [247/296] CSCV
[02:46:12] [248/296] STMD
[02:46:13] [249/296] STTR
[02:46:14] [250/296] INVC
[02:46:14] [251/296] JTBL
[02:46:16] [252/296] SRVV
[02:46:17] [253/296] MAVC
[02:46:17] [254/296] SRPP
[02:46:18] [255/296] JGDM
[02:46:19] [256/296] MBSJ
[02:46:20] [257/296] SSLL
[02:46:21] [258/296] SLKP
[02:46:21] [259/296] NSRV
[02:46:22] [260/296] UTDV
[02:46:23] [261/296] KICM
[02:46:24] [262/296] KCMD
[02:46:25] [263/296] TTPP
[02:46:26] [264/296] KMPV
[02:46:27] [265/296] SKTV
[02:46:28] [266/296] STCV
[02:46:29] [267/296] SRDA
[02:46:30] [268/296] JTSX
[02:46:31] [269/296] STBV
[02:46:32] [270/296] APVZ
[02:46:33] [271/296] GSTV
[02:46:34] [272/296] NMVS
[02:46:35] [273/296] SKRT
[02:46:36] [274/296] RMDV
[02:46:36] [275/296] RATG
[02:46:37] [276/296] SJYV
[02:46:38] [277/296] NDGP
[02:46:39] [278/296] SNDG
[02:46:40] [279/296] INSR
[02:46:41] [280/296] INSO
[02:46:41] [281/296] CCSI
[02:46:42] [282/296] RASM
[02:46:43] [283/296] NEWC
[02:46:44] [284/296] VSHL
[02:46:45] [285/296] BISW
[02:46:45] [286/296] GCNG
[02:46:46] [287/296] CWSC
[02:46:47] [288/296] SKAN
[02:46:48] [289/296] SEHP
[02:46:49] [290/296] CCOA
[02:46:50] [291/296] MCAJ
[02:46:50] [292/296] ACDE
[02:46:51] [293/296] AACM
[02:46:52] [294/296] JJCK
[02:46:54] [295/296] RCMO
[02:46:55] [296/296] GDAW
[02:46:56] ✅ DONE | Shows=0 | Movies=0
[03:42:42] 🚀 BMS DAILY TRACKER STARTED
[03:42:42] [1/296] CDCA
[03:42:42] 🧠 New identity
[03:42:43] [2/296] MNSR
[03:42:44] [3/296] CSSL
[03:42:45] [4/296] BGGM
[03:42:46] [5/296] MANT
[03:42:47] [6/296] SOOY
[03:42:48] [7/296] VPPK
[03:42:48] [8/296] MYHJ
[03:42:49] [9/296] KSCK
[03:42:50] [10/296] KATK
[03:42:51] [11/296] RTRT
[03:42:52] [12/296] SSTT
[03:42:53] [13/296] SSTV
[03:42:54] [14/296] LACM
[03:42:54] [15/296] SGMG
[03:42:55] [16/296] KACX
[03:42:56] [17/296] GVCP
[03:42:57] [18/296] CSNC
[03:42:58] [19/296] SXCB
[03:43:00] [20/296] BAHS
[03:43:02] [21/296] PCBI
[03:43:04] [22/296] PSSM
[03:43:04] [23/296] RCOK
[03:43:05] [24/296] SCPF
[03:43:06] [25/296] SSAS
[03:43:07] [26/296] EVMM
[03:43:08] [27/296] SYCB
[03:43:09] [28/296] GCKI
[03:43:10] [29/296] IAET
[03:43:11] [30/296] DDTD
[03:43:12] [31/296] GMDH
[03:43:12] [32/296] STLE
[03:43:14] [33/296] JTRA
[03:43:15] [34/296] RPPA
[03:43:16] [35/296] ARUT
[03:43:17] [36/296] JTVM
[03:43:18] [37/296] SWRH
[03:43:19] [38/296] DCPC
[03:43:19] [39/296] RAPR
[03:43:20] [40/296] GCRT
[03:43:21] [41/296] ATUN
[03:43:22] [42/296] LTRM
[03:43:23] [43/296] TASR
[03:43:24] [44/296] RLLC
[03:43:25] [45/296] MABI
[03:43:26] [46/296] SVHB
[03:43:27] [47/296] NVTB
[03:43:27] [48/296] KCKG
[03:43:28] [49/296] SSRN
[03:43:29] [50/296] VDDC
[03:43:30] [51/296] GKTK
[03:43:32] [52/296] YFSN
[03:43:34] [53/296] GCSG
[03:43:35] [54/296] ESSM
[03:43:35] [55/296] KRIH
[03:43:36] [56/296] GCDS
[03:43:37] [57/296] CCSH
[03:43:38] [58/296] ACSK
[03:43:39] [59/296] APRK
[03:43:40] [60/296] ADKM
[03:43:41] [61/296] SRDM
[03:43:42] [62/296] RMOG
[03:43:43] [63/296] SJMY
[03:43:44] [64/296] PGGC
[03:43:45] [65/296] INGM
[03:43:46] [66/296] LSCB
[03:43:47] [67/296] STAD
[03:43:47] [68/296] MCCR
[03:43:48] [69/296] ABCC
[03:43:49] [70/296] RKCC
[03:43:50] [71/296] RTCR
[03:43:51] [72/296] GGBC
[03:43:52] [73/296] GCSD
[03:43:53] [74/296] LPTY
[03:43:54] [75/296] MCFD
[03:43:55] [76/296] HENN
[03:43:56] [77/296] SMKU
[03:43:57] [78/296] TNZC
[03:43:58] [79/296] DRCD
[03:43:59] [80/296] DLCD
[03:43:59] [81/296] RCDA
[03:44:00] [82/296] COSM
[03:44:01] [83/296] MCMJ
[03:44:02] [84/296] CSTR
[03:44:03] [85/296] CVDK
[03:44:04] [86/296] INRR
[03:44:05] [87/296] RJRT
[03:44:06] [88/296] IRMR
[03:44:06] [89/296] SRCF
[03:44:07] [90/296] GRCR
[03:44:08] [91/296] SURC
[03:44:09] [92/296] NMNH
[03:44:10] [93/296] SVBL
[03:44:11] [94/296] KACI
[03:44:12] [95/296] TDGO
[03:44:12] [96/296] KTBR
[03:44:13] [97/296] PMAD
[03:44:15] [98/296] CCPN
[03:44:16] [99/296] SBTK
[03:44:17] [100/296] LMDK
[03:44:18] [101/296] PGDA
[03:44:19] [102/296] SRML
[03:44:20] [103/296] EVCK
[03:44:21] [104/296] RTTK
[03:44:22] [105/296] SRTU
[03:44:23] [106/296] VRSA
[03:44:25] [107/296] VARS
[03:44:27] [108/296] DSCZ
[03:44:28] [109/296] GAGA
[03:44:29] [110/296] SARV
[03:44:30] [111/296] SEEG
[03:44:31] [112/296] GLCA
[03:44:31] [113/296] APAS
[03:44:32] [114/296] VCIA
[03:44:33] [115/296] SJTA
[03:44:34] [116/296] SABM
[03:44:35] [117/296] PPAG
[03:44:36] [118/296] RVCA
[03:44:36] [119/296] CCIA
[03:44:37] [120/296] HTAG
[03:44:39] [121/296] SMBI
[03:44:40] [122/296] MCJR
[03:44:40] [123/296] CCJR
[03:44:41] [124/296] SINF
[03:44:42] [125/296] CPLX
[03:44:43] [126/296] KKTJ
[03:44:45] [127/296] GDBW
[03:44:45] [128/296] CSUB
[03:44:46] [129/296] DABA
[03:44:47] [130/296] TITR
[03:44:48] [131/296] NYCR
[03:44:49] [132/296] RTRY
[03:44:49] [133/296] JTJL
[03:44:50] [134/296] SJCP
[03:44:51] [135/296] KCCA
[03:44:52] [136/296] MLPG
[03:44:54] [137/296] VRCK
[03:44:55] [138/296] SRIN
[03:44:56] [139/296] CXMK
[03:44:56] [140/296] SKAD
[03:44:57] [141/296] AVTR
[03:44:58] [142/296] PTAJ
[03:44:59] [143/296] SCNK
[03:45:00] [144/296] STTI
[03:45:00] [145/296] KACR
[03:45:01] [146/296] SSDX
[03:45:03] [147/296] VRTJ
[03:45:04] [148/296] RAJD
[03:45:05] [149/296] SCIP
[03:45:06] [150/296] RJSL
[03:45:07] [151/296] ARRS
[03:45:08] [152/296] ASMS
[03:45:09] [153/296] RDTS
[03:45:09] [154/296] DVMY
[03:45:11] [155/296] RASA
[03:45:12] [156/296] INOM
[03:45:13] [157/296] SPRS
[03:45:14] [158/296] SGCS
[03:45:15] [159/296] SALM
[03:45:16] [160/296] PKHC
[03:45:17] [161/296] RCSV
[03:45:18] [162/296] CPKC
[03:45:19] [163/296] AACD
[03:45:20] [164/296] GGCV
[03:45:21] [165/296] SMKD
[03:45:22] [166/296] NBCH
[03:45:23] [167/296] AMCB
[03:45:24] [168/296] OPCN
[03:45:25] [169/296] DCIN
[03:45:26] [170/296] INGW
[03:45:27] [171/296] PKKW
[03:45:27] [172/296] FNGW
[03:45:28] [173/296] GCGD
[03:45:29] [174/296] MSTW
[03:45:30] [175/296] KCCG
[03:45:31] [176/296] MRSS
[03:45:32] [177/296] CLCF
[03:45:33] [178/296] EETS
[03:45:34] [179/296] AATR
[03:45:35] [180/296] CMMN
[03:45:36] [181/296] SCCJ
[03:45:37] [182/296] CDTK
[03:45:38] [183/296] AICP
[03:45:39] [184/296] FNBP
[03:45:40] [185/296] CBPB
[03:45:41] [186/296] CPAS
[03:45:42] [187/296] MAPM
[03:45:43] [188/296] PASD
[03:45:43] [189/296] JCMN
[03:45:44] [190/296] MALB
[03:45:45] [191/296] SACG
[03:45:46] [192/296] DDRX
[03:45:47] [193/296] DDXB
[03:45:48] [194/296] RAMC
[03:45:48] [195/296] SANC
[03:45:49] [196/296] BCBP
[03:45:50] [197/296] ALPC
[03:45:51] [198/296] RBAC
[03:45:52] [199/296] RAJL
[03:45:53] [200/296] MPDX
[03:45:54] [201/296] MUSC
[03:45:54] [202/296] VKMK
[03:45:55] [203/296] SKCG
[03:45:56] [204/296] ANCN
[03:45:57] [205/296] MMCJ
[03:45:58] [206/296] DCAK
[03:45:58] [207/296] SCKG
[03:45:59] [208/296] LMCK
[03:46:00] [209/296] CKKX
[03:46:01] [210/296] ANKU
[03:46:02] [211/296] CSMD
[03:46:03] [212/296] MKMP
[03:46:04] [213/296] SVBG
[03:46:05] [214/296] ROOP
[03:46:06] [215/296] GDMT
[03:46:07] [216/296] FPPF
[03:46:08] [217/296] SFUU
[03:46:09] [218/296] ANCB
[03:46:10] [219/296] SMMC
[03:46:10] [220/296] UGKT
[03:46:11] [221/296] JVRM
[03:46:12] [222/296] BATG
[03:46:13] [223/296] RATE
[03:46:14] [224/296] SKME
[03:46:15] [225/296] LMTP
[03:46:16] [226/296] TCBD
[03:46:17] [227/296] ESBD
[03:46:18] [228/296] GDCU
[03:46:18] [229/296] SNKT
[03:46:19] [230/296] SRNK
[03:46:20] [231/296] SMED
[03:46:21] [232/296] CSQS
[03:46:22] [233/296] ALCS
[03:46:23] [234/296] KCKN
[03:46:24] [235/296] VCCL
[03:46:25] [236/296] MCDA
[03:46:25] [237/296] SHMI
[03:46:26] [238/296] SKHA
[03:46:27] [239/296] SVFK
[03:46:28] [240/296] INVB
[03:46:29] [241/296] MELD
[03:46:30] [242/296] JTYS
[03:46:31] [243/296] INCM
[03:46:32] [244/296] MCDV
[03:46:33] [245/296] KSGK
[03:46:34] [246/296] ICMG
[03:46:34] [247/296] CSCV
[03:46:35] [248/296] STMD
[03:46:36] [249/296] STTR
[03:46:37] [250/296] INVC
[03:46:38] [251/296] JTBL
[03:46:39] [252/296] SRVV
[03:46:40] [253/296] MAVC
[03:46:41] [254/296] SRPP
[03:46:42] [255/296] JGDM
[03:46:42] [256/296] MBSJ
[03:46:43] [257/296] SSLL
[03:46:44] [258/296] SLKP
[03:46:45] [259/296] NSRV
[03:46:46] [260/296] UTDV
[03:46:47] [261/296] KICM
[03:46:47] [262/296] KCMD
[03:46:48] [263/296] TTPP
[03:46:49] [264/296] KMPV
[03:46:50] [265/296] SKTV
[03:46:51] [266/296] STCV
[03:46:51] [267/296] SRDA
[03:46:53] [268/296] JTSX
[03:46:54] [269/296] STBV
[03:46:55] [270/296] APVZ
[03:46:56] [271/296] GSTV
[03:46:56] [272/296] NMVS
[03:46:58] [273/296] SKRT
[03:46:59] [274/296] RMDV
[03:47:00] [275/296] RATG
[03:47:01] [276/296] SJYV
[03:47:02] [277/296] NDGP
[03:47:03] [278/296] SNDG
[03:47:04] [279/296] INSR
[03:47:05] [280/296] INSO
[03:47:06] [281/296] CCSI
[03:47:07] [282/296] RASM
[03:47:07] [283/296] NEWC
[03:47:08] [284/296] VSHL
[03:47:09] [285/296] BISW
[03:47:10] [286/296] GCNG
[03:47:11] [287/296] CWSC
[03:47:12] [288/296] SKAN
[03:47:13] [289/296] SEHP
[03:47:14] [290/296] CCOA
[03:47:14] [291/296] MCAJ
[03:47:15] [292/296] ACDE
[03:47:16] [293/296] AACM
[03:47:17] [294/296] JJCK
[03:47:17] [295/296] RCMO
[03:47:18] [296/296] GDAW
[03:47:19] ✅ DONE | Shows=0 | Movies=0
[04:42:11] 🚀 BMS DAILY TRACKER STARTED
[04:42:11] [1/296] CDCA
[04:42:11] 🧠 New identity
[04:42:11] [2/296] MNSR
[04:42:12] [3/296] CSSL
[04:42:14] [4/296] BGGM
[04:42:15] [5/296] MANT
[04:42:15] [6/296] SOOY
[04:42:16] [7/296] VPPK
[04:42:17] [8/296] MYHJ
[04:42:18] [9/296] KSCK
[04:42:19] [10/296] KATK
[04:42:20] [11/296] RTRT
[04:42:20] [12/296] SSTT
[04:42:21] [13/296] SSTV
[04:42:22] [14/296] LACM
[04:42:23] [15/296] SGMG
[04:42:24] [16/296] KACX
[04:42:25] [17/296] GVCP
[04:42:26] [18/296] CSNC
[04:42:27] [19/296] SXCB
[04:42:27] [20/296] BAHS
[04:42:28] [21/296] PCBI
[04:42:29] [22/296] PSSM
[04:42:31] [23/296] RCOK
[04:42:31] [24/296] SCPF
[04:42:32] [25/296] SSAS
[04:42:34] [26/296] EVMM
[04:42:35] [27/296] SYCB
[04:42:35] [28/296] GCKI
[04:42:36] [29/296] IAET
[04:42:37] [30/296] DDTD
[04:42:38] [31/296] GMDH
[04:42:39] [32/296] STLE
[04:42:40] [33/296] JTRA
[04:42:41] [34/296] RPPA
[04:42:42] [35/296] ARUT
[04:42:43] [36/296] JTVM
[04:42:44] [37/296] SWRH
[04:42:44] [38/296] DCPC
[04:42:45] [39/296] RAPR
[04:42:46] [40/296] GCRT
[04:42:48] [41/296] ATUN
[04:42:49] [42/296] LTRM
[04:42:50] [43/296] TASR
[04:42:51] [44/296] RLLC
[04:42:51] [45/296] MABI
[04:42:52] [46/296] SVHB
[04:42:53] [47/296] NVTB
[04:42:54] [48/296] KCKG
[04:42:55] [49/296] SSRN
[04:42:56] [50/296] VDDC
[04:42:57] [51/296] GKTK
[04:42:58] [52/296] YFSN
[04:42:58] [53/296] GCSG
[04:42:59] [54/296] ESSM
[04:43:00] [55/296] KRIH
[04:43:01] [56/296] GCDS
[04:43:02] [57/296] CCSH
[04:43:03] [58/296] ACSK
[04:43:04] [59/296] APRK
[04:43:05] [60/296] ADKM
[04:43:05] [61/296] SRDM
[04:43:06] [62/296] RMOG
[04:43:07] [63/296] SJMY
[04:43:08] [64/296] PGGC
[04:43:09] [65/296] INGM
[04:43:10] [66/296] LSCB
[04:43:11] [67/296] STAD
[04:43:12] [68/296] MCCR
[04:43:13] [69/296] ABCC
[04:43:13] [70/296] RKCC
[04:43:15] [71/296] RTCR
[04:43:17] [72/296] GGBC
[04:43:18] [73/296] GCSD
[04:43:18] [74/296] LPTY
[04:43:19] [75/296] MCFD
[04:43:20] [76/296] HENN
[04:43:22] [77/296] SMKU
[04:43:22] [78/296] TNZC
[04:43:23] [79/296] DRCD
[04:43:24] [80/296] DLCD
[04:43:26] [81/296] RCDA
[04:43:26] [82/296] COSM
[04:43:27] [83/296] MCMJ
[04:43:28] [84/296] CSTR
[04:43:30] [85/296] CVDK
[04:43:30] [86/296] INRR
[04:43:31] [87/296] RJRT
[04:43:32] [88/296] IRMR
[04:43:33] [89/296] SRCF
[04:43:34] [90/296] GRCR
[04:43:35] [91/296] SURC
[04:43:36] [92/296] NMNH
[04:43:37] [93/296] SVBL
[04:43:38] [94/296] KACI
[04:43:39] [95/296] TDGO
[04:43:39] [96/296] KTBR
[04:43:40] [97/296] PMAD
[04:43:42] [98/296] CCPN
[04:43:43] [99/296] SBTK
[04:43:45] [100/296] LMDK
[04:43:45] [101/296] PGDA
[04:43:47] [102/296] SRML
[04:43:48] [103/296] EVCK
[04:43:49] [104/296] RTTK
[04:43:50] [105/296] SRTU
[04:43:51] [106/296] VRSA
[04:43:51] [107/296] VARS
[04:43:52] [108/296] DSCZ
[04:43:53] [109/296] GAGA
[04:43:54] [110/296] SARV
[04:43:55] [111/296] SEEG
[04:43:56] [112/296] GLCA
[04:43:56] [113/296] APAS
[04:43:57] [114/296] VCIA
[04:43:58] [115/296] SJTA
[04:43:59] [116/296] SABM
[04:44:00] [117/296] PPAG
[04:44:01] [118/296] RVCA
[04:44:02] [119/296] CCIA
[04:44:03] [120/296] HTAG
[04:44:04] [121/296] SMBI
[04:44:04] [122/296] MCJR
[04:44:05] [123/296] CCJR
[04:44:06] [124/296] SINF
[04:44:07] [125/296] CPLX
[04:44:08] [126/296] KKTJ
[04:44:09] [127/296] GDBW
[04:44:10] [128/296] CSUB
[04:44:11] [129/296] DABA
[04:44:12] [130/296] TITR
[04:44:13] [131/296] NYCR
[04:44:14] [132/296] RTRY
[04:44:15] [133/296] JTJL
[04:44:16] [134/296] SJCP
[04:44:17] [135/296] KCCA
[04:44:18] [136/296] MLPG
[04:44:19] [137/296] VRCK
[04:44:20] [138/296] SRIN
[04:44:21] [139/296] CXMK
[04:44:21] [140/296] SKAD
[04:44:22] [141/296] AVTR
[04:44:23] [142/296] PTAJ
[04:44:25] [143/296] SCNK
[04:44:26] [144/296] STTI
[04:44:27] [145/296] KACR
[04:44:28] [146/296] SSDX
[04:44:29] [147/296] VRTJ
[04:44:30] [148/296] RAJD
[04:44:30] [149/296] SCIP
[04:44:31] [150/296] RJSL
[04:44:32] [151/296] ARRS
[04:44:33] [152/296] ASMS
[04:44:34] [153/296] RDTS
[04:44:34] [154/296] DVMY
[04:44:35] [155/296] RASA
[04:44:36] [156/296] INOM
[04:44:38] [157/296] SPRS
[04:44:38] [158/296] SGCS
[04:44:39] [159/296] SALM
[04:44:40] [160/296] PKHC
[04:44:41] [161/296] RCSV
[04:44:42] [162/296] CPKC
[04:44:43] [163/296] AACD
[04:44:43] [164/296] GGCV
[04:44:44] [165/296] SMKD
[04:44:45] [166/296] NBCH
[04:44:46] [167/296] AMCB
[04:44:47] [168/296] OPCN
[04:44:48] [169/296] DCIN
[04:44:49] [170/296] INGW
[04:44:50] [171/296] PKKW
[04:44:51] [172/296] FNGW
[04:44:52] [173/296] GCGD
[04:44:53] [174/296] MSTW
[04:44:54] [175/296] KCCG
[04:44:55] [176/296] MRSS
[04:44:55] [177/296] CLCF
[04:44:56] [178/296] EETS
[04:44:57] [179/296] AATR
[04:44:58] [180/296] CMMN
[04:44:58] [181/296] SCCJ
[04:44:59] [182/296] CDTK
[04:45:01] [183/296] AICP
[04:45:01] [184/296] FNBP
[04:45:02] [185/296] CBPB
[04:45:03] [186/296] CPAS
[04:45:04] [187/296] MAPM
[04:45:05] [188/296] PASD
[04:45:06] [189/296] JCMN
[04:45:07] [190/296] MALB
[04:45:08] [191/296] SACG
[04:45:09] [192/296] DDRX
[04:45:10] [193/296] DDXB
[04:45:11] [194/296] RAMC
[04:45:12] [195/296] SANC
[04:45:13] [196/296] BCBP
[04:45:14] [197/296] ALPC
[04:45:15] [198/296] RBAC
[04:45:16] [199/296] RAJL
[04:45:17] [200/296] MPDX
[04:45:18] [201/296] MUSC
[04:45:19] [202/296] VKMK
[04:45:20] [203/296] SKCG
[04:45:21] [204/296] ANCN
[04:45:22] [205/296] MMCJ
[04:45:24] [206/296] DCAK
[04:45:25] [207/296] SCKG
[04:45:25] [208/296] LMCK
[04:45:26] [209/296] CKKX
[04:45:27] [210/296] ANKU
[04:45:28] [211/296] CSMD
[04:45:29] [212/296] MKMP
[04:45:30] [213/296] SVBG
[04:45:31] [214/296] ROOP
[04:45:32] [215/296] GDMT
[04:45:33] [216/296] FPPF
[04:45:34] [217/296] SFUU
[04:45:35] [218/296] ANCB
[04:45:36] [219/296] SMMC
[04:45:37] [220/296] UGKT
[04:45:38] [221/296] JVRM
[04:45:40] [222/296] BATG
[04:45:40] [223/296] RATE
[04:45:41] [224/296] SKME
[04:45:42] [225/296] LMTP
[04:45:42] [226/296] TCBD
[04:45:43] [227/296] ESBD
[04:45:44] [228/296] GDCU
[04:45:45] [229/296] SNKT
[04:45:46] [230/296] SRNK
[04:45:47] [231/296] SMED
[04:45:47] [232/296] CSQS
[04:45:48] [233/296] ALCS
[04:45:49] [234/296] KCKN
[04:45:50] [235/296] VCCL
[04:45:51] [236/296] MCDA
[04:45:52] [237/296] SHMI
[04:45:53] [238/296] SKHA
[04:45:54] [239/296] SVFK
[04:45:55] [240/296] INVB
[04:45:56] [241/296] MELD
[04:45:56] [242/296] JTYS
[04:45:57] [243/296] INCM
[04:45:59] [244/296] MCDV
[04:45:59] [245/296] KSGK
[04:46:00] [246/296] ICMG
[04:46:01] [247/296] CSCV
[04:46:02] [248/296] STMD
[04:46:03] [249/296] STTR
[04:46:04] [250/296] INVC
[04:46:05] [251/296] JTBL
[04:46:06] [252/296] SRVV
[04:46:07] [253/296] MAVC
[04:46:07] [254/296] SRPP
[04:46:08] [255/296] JGDM
[04:46:09] [256/296] MBSJ
[04:46:10] [257/296] SSLL
[04:46:11] [258/296] SLKP
[04:46:12] [259/296] NSRV
[04:46:12] [260/296] UTDV
[04:46:14] [261/296] KICM
[04:46:15] [262/296] KCMD
[04:46:16] [263/296] TTPP
[04:46:17] [264/296] KMPV
[04:46:18] [265/296] SKTV
[04:46:19] [266/296] STCV
[04:46:20] [267/296] SRDA
[04:46:21] [268/296] JTSX
[04:46:22] [269/296] STBV
[04:46:23] [270/296] APVZ
[04:46:24] [271/296] GSTV
[04:46:25] [272/296] NMVS
[04:46:27] [273/296] SKRT
[04:46:28] [274/296] RMDV
[04:46:28] [275/296] RATG
[04:46:29] [276/296] SJYV
[04:46:30] [277/296] NDGP
[04:46:31] [278/296] SNDG
[04:46:32] [279/296] INSR
[04:46:32] [280/296] INSO
[04:46:33] [281/296] CCSI
[04:46:34] [282/296] RASM
[04:46:35] [283/296] NEWC
[04:46:36] [284/296] VSHL
[04:46:37] [285/296] BISW
[04:46:38] [286/296] GCNG
[04:46:38] [287/296] CWSC
[04:46:39] [288/296] SKAN
[04:46:40] [289/296] SEHP
[04:46:41] [290/296] CCOA
[04:46:43] [291/296] MCAJ
[04:46:44] [292/296] ACDE
[04:46:44] [293/296] AACM
[04:46:45] [294/296] JJCK
[04:46:46] [295/296] RCMO
[04:46:47] [296/296] GDAW
[04:46:48] ✅ DONE | Shows=2 | Movies=1
