[00:42:42] 🚀 BMS DAILY TRACKER STARTED
[00:42:42] [1/459] MBDC
[00:42:42] 🧠 New identity
[00:42:43] [2/459] CHKM
[00:42:44] [3/459] JTKZ
[00:42:45] [4/459] CMCT
[00:42:46] [5/459] ASHO
[00:42:47] [6/459] ECDG
[00:42:48] [7/459] SPAT
[00:42:48] [8/459] HILC
[00:42:49] [9/459] SPPH
[00:42:50] [10/459] SBHN
[00:42:51] [11/459] RRCA
[00:42:52] [12/459] APAA
[00:42:53] [13/459] RAME
[00:42:54] [14/459] TMMS
[00:42:55] [15/459] BATK
[00:42:56] [16/459] LKOP
[00:42:57] [17/459] AMTT
[00:42:58] [18/459] PTGK
[00:42:59] [19/459] ANRS
[00:42:59] [20/459] VWBW
[00:43:00] [21/459] SVFG
[00:43:01] [22/459] STAT
[00:43:02] [23/459] GDCV
[00:43:03] [24/459] VEBI
[00:43:04] [25/459] VDSS
[00:43:04] [26/459] NTHV
[00:43:06] [27/459] AOCH
[00:43:07] [28/459] KASR
[00:43:08] [29/459] AYCS
[00:43:09] [30/459] SHAI
[00:43:10] [31/459] SKPE
[00:43:11] [32/459] SBTA
[00:43:12] [33/459] RTTD
[00:43:13] [34/459] CCJD
[00:43:14] [35/459] RSJJ
[00:43:15] [36/459] RKND
[00:43:16] [37/459] SVTX
[00:43:17] [38/459] BAKM
[00:43:17] [39/459] SVDC
[00:43:18] [40/459] MNCV
[00:43:19] [41/459] SJGC
[00:43:20] [42/459] MTPK
[00:43:22] [43/459] GATP
[00:43:22] [44/459] ABTS
[00:43:23] [45/459] ABDE
[00:43:24] [46/459] RCNM
[00:43:25] [47/459] KTHV
[00:43:26] [48/459] MDGJ
[00:43:27] [49/459] SMLM
[00:43:28] [50/459] JTMA
[00:43:28] [51/459] ACKP
[00:43:29] [52/459] SRTA
[00:43:30] [53/459] STAY
[00:43:31] [54/459] MAVO
[00:43:32] [55/459] APTS
[00:43:34] [56/459] OMEA
[00:43:35] [57/459] TTFD
[00:43:36] [58/459] MJCU
[00:43:36] [59/459] CXTE
[00:43:37] [60/459] CTPX
[00:43:38] [61/459] ASSL
[00:43:39] [62/459] CMVB
[00:43:40] [63/459] VPUR
[00:43:41] [64/459] JJDA
[00:43:41] [65/459] INBL
[00:43:43] [66/459] BIKB
[00:43:44] [67/459] NTBB
[00:43:44] [68/459] GLOB
[00:43:45] [69/459] SNTB
[00:43:46] [70/459] CHGV
[00:43:48] [71/459] SSBZ
[00:43:48] [72/459] PRDB
[00:43:50] [73/459] ISMT
[00:43:50] [74/459] MCSD
[00:43:51] [75/459] JBTT
[00:43:52] [76/459] GEKR
[00:43:54] [77/459] PVUN
[00:43:54] [78/459] NRTB
[00:43:55] [79/459] PRAA
[00:43:57] [80/459] PCBL
[00:43:58] [81/459] PTCM
[00:43:59] [82/459] KHNN
[00:44:00] [83/459] OMJE
[00:44:00] [84/459] STGN
[00:44:01] [85/459] RPMS
[00:44:02] [86/459] NWAD
[00:44:03] [87/459] BLCK
[00:44:04] [88/459] SVAA
[00:44:05] [89/459] URVM
[00:44:06] [90/459] ANTM
[00:44:06] [91/459] VJYM
[00:44:07] [92/459] MAZZ
[00:44:08] [93/459] CSHM
[00:44:09] [94/459] WGMH
[00:44:10] [95/459] SALN
[00:44:11] [96/459] BRTP
[00:44:11] [97/459] SVTA
[00:44:12] [98/459] SBTP
[00:44:13] [99/459] VLSS
[00:44:14] [100/459] SRJA
[00:44:15] [101/459] ANCG
[00:44:16] [102/459] CGGC
[00:44:17] [103/459] CRJA
[00:44:18] [104/459] USCR
[00:44:19] [105/459] MMEF
[00:44:20] [106/459] JCRJ
[00:44:20] [107/459] ADCM
[00:44:21] [108/459] BMYK
[00:44:22] [109/459] KICS
[00:44:23] [110/459] MBBT
[00:44:25] [111/459] MACK
[00:44:26] [112/459] CLDR
[00:44:26] [113/459] JYCR
[00:44:27] [114/459] DCRP
[00:44:28] [115/459] RAHT
[00:44:30] [116/459] CSSM
[00:44:31] [117/459] ATPK
[00:44:32] [118/459] KLRT
[00:44:33] [119/459] SRDD
[00:44:33] [120/459] CKMC
[00:44:34] [121/459] KRVM
[00:44:35] [122/459] AKCP
[00:44:36] [123/459] CNCV
[00:44:37] [124/459] PACT
[00:44:38] [125/459] NATP
[00:44:38] [126/459] PCPK
[00:44:39] [127/459] SMHO
[00:44:40] [128/459] CWTK
[00:44:41] [129/459] RVKZ
[00:44:42] [130/459] ASPD
[00:44:42] [131/459] VTKZ
[00:44:43] [132/459] LCSO
[00:44:44] [133/459] PRDY
[00:44:45] [134/459] RCAP
[00:44:46] [135/459] RGAR
[00:44:47] [136/459] RCAC
[00:44:48] [137/459] PMOD
[00:44:49] [138/459] PVCN
[00:44:49] [139/459] SCRZ
[00:44:50] [140/459] PVPC
[00:44:51] [141/459] STID
[00:44:52] [142/459] NEDD
[00:44:54] [143/459] BNBA
[00:44:55] [144/459] NTCD
[00:44:55] [145/459] OCDE
[00:44:56] [146/459] CCDU
[00:44:57] [147/459] CRXH
[00:44:58] [148/459] VLVT
[00:45:00] [149/459] CICI
[00:45:00] [150/459] SUCB
[00:45:01] [151/459] TCBP
[00:45:03] [152/459] SCCY
[00:45:03] [153/459] LXCY
[00:45:04] [154/459] NCMD
[00:45:05] [155/459] PHCS
[00:45:06] [156/459] DUXR
[00:45:07] [157/459] VNKS
[00:45:07] [158/459] SEDP
[00:45:08] [159/459] SVEN
[00:45:09] [160/459] SRKM
[00:45:10] [161/459] JTLT
[00:45:12] [162/459] SVSS
[00:45:13] [163/459] AMDE
[00:45:13] [164/459] WVRN
[00:45:14] [165/459] ISMG
[00:45:15] [166/459] WVKS
[00:45:16] [167/459] USCG
[00:45:17] [168/459] IOTG
[00:45:18] [169/459] RRJM
[00:45:19] [170/459] EDMP
[00:45:19] [171/459] SCGZ
[00:45:20] [172/459] GMGX
[00:45:22] [173/459] OMTP
[00:45:23] [174/459] MITD
[00:45:24] [175/459] SMMD
[00:45:24] [176/459] STML
[00:45:26] [177/459] MCFS
[00:45:27] [178/459] FPKA
[00:45:28] [179/459] OMLR
[00:45:29] [180/459] KKSC
[00:45:30] [181/459] RVMA
[00:45:31] [182/459] SCLL
[00:45:32] [183/459] SCDK
[00:45:34] [184/459] SXMI
[00:45:34] [185/459] SHDN
[00:45:35] [186/459] PAAD
[00:45:36] [187/459] UUCB
[00:45:37] [188/459] JHOL
[00:45:38] [189/459] SGWT
[00:45:39] [190/459] SRII
[00:45:40] [191/459] SGCK
[00:45:41] [192/459] SVVB
[00:45:42] [193/459] DMHA
[00:45:43] [194/459] PPNL
[00:45:44] [195/459] CPNL
[00:45:45] [196/459] WVLD
[00:45:46] [197/459] PSLV
[00:45:47] [198/459] VTTL
[00:45:47] [199/459] NPAD
[00:45:48] [200/459] PVCS
[00:45:49] [201/459] MCHL
[00:45:50] [202/459] PPLL
[00:45:51] [203/459] MALO
[00:45:51] [204/459] SWBH
[00:45:52] [205/459] PUGB
[00:45:53] [206/459] INBB
[00:45:54] [207/459] INNS
[00:45:55] [208/459] MCPT
[00:45:56] [209/459] SCMI
[00:45:57] [210/459] OCON
[00:45:58] [211/459] SCSM
[00:45:59] [212/459] RJVN
[00:46:00] [213/459] AMDK
[00:46:02] [214/459] ISMR
[00:46:03] [215/459] SMTD
[00:46:03] [216/459] VTDD
[00:46:04] [217/459] PDDZ
[00:46:05] [218/459] PCCK
[00:46:06] [219/459] INAM
[00:46:07] [220/459] FNKT
[00:46:08] [221/459] GDKA
[00:46:09] [222/459] MAYU
[00:46:10] [223/459] TCGU
[00:46:10] [224/459] KDCA
[00:46:11] [225/459] DOMY
[00:46:12] [226/459] PDDD
[00:46:13] [227/459] BJTS
[00:46:14] [228/459] VTCA
[00:46:14] [229/459] SBTM
[00:46:15] [230/459] SEET
[00:46:16] [231/459] SSTJ
[00:46:17] [232/459] SVNT
[00:46:18] [233/459] PPPR
[00:46:19] [234/459] PVYS
[00:46:19] [235/459] IOSE
[00:46:20] [236/459] ACTV
[00:46:21] [237/459] APVE
[00:46:22] [238/459] TCCL
[00:46:23] [239/459] SCMO
[00:46:24] [240/459] SAUM
[00:46:25] [241/459] KCJS
[00:46:25] [242/459] NJCJ
[00:46:26] [243/459] NECF
[00:46:27] [244/459] CCGW
[00:46:28] [245/459] CCMG
[00:46:29] [246/459] NYRG
[00:46:30] [247/459] NCSQ
[00:46:31] [248/459] GRCG
[00:46:32] [249/459] CCBT
[00:46:32] [250/459] ACGA
[00:46:33] [251/459] INAG
[00:46:34] [252/459] FUCG
[00:46:35] [253/459] AICF
[00:46:36] [254/459] GRGA
[00:46:37] [255/459] GDCN
[00:46:38] [256/459] RRCG
[00:46:38] [257/459] SDCH
[00:46:39] [258/459] WVJM
[00:46:40] [259/459] JCCZ
[00:46:42] [260/459] CNCL
[00:46:43] [261/459] TMLV
[00:46:44] [262/459] MEMB
[00:46:45] [263/459] SGTD
[00:46:45] [264/459] CONX
[00:46:46] [265/459] CCMH
[00:46:47] [266/459] ACMC
[00:46:48] [267/459] DTPD
[00:46:49] [268/459] POJA
[00:46:50] [269/459] FNBH
[00:46:50] [270/459] CGCB
[00:46:51] [271/459] RACN
[00:46:52] [272/459] JTSM
[00:46:53] [273/459] SCDN
[00:46:54] [274/459] AACK
[00:46:55] [275/459] RMCE
[00:46:56] [276/459] BSGB
[00:46:57] [277/459] MRCB
[00:46:57] [278/459] SRVR
[00:46:58] [279/459] VTKK
[00:46:59] [280/459] AMST
[00:47:00] [281/459] APCY
[00:47:01] [282/459] LMHO
[00:47:02] [283/459] MTZH
[00:47:03] [284/459] AMZB
[00:47:04] [285/459] SUVT
[00:47:05] [286/459] RCIP
[00:47:06] [287/459] KESR
[00:47:07] [288/459] SNKC
[00:47:07] [289/459] SCED
[00:47:08] [290/459] DVCA
[00:47:09] [291/459] VCDT
[00:47:11] [292/459] RRDI
[00:47:12] [293/459] DFCH
[00:47:13] [294/459] INSC
[00:47:14] [295/459] RGTR
[00:47:15] [296/459] FMOT
[00:47:16] [297/459] SCPM
[00:47:17] [298/459] GCDT
[00:47:17] [299/459] BRKT
[00:47:18] [300/459] DEMP
[00:47:19] [301/459] SRLC
[00:47:20] [302/459] KSTT
[00:47:22] [303/459] SMMT
[00:47:23] [304/459] SILM
[00:47:24] [305/459] JCVM
[00:47:25] [306/459] KCSV
[00:47:26] [307/459] MHLK
[00:47:27] [308/459] SLVL
[00:47:28] [309/459] RJKP
[00:47:29] [310/459] BBPC
[00:47:30] [311/459] MXCB
[00:47:31] [312/459] TCPK
[00:47:32] [313/459] RTBR
[00:47:33] [314/459] GAUT
[00:47:33] [315/459] DVCF
[00:47:34] [316/459] JTSB
[00:47:35] [317/459] SBLS
[00:47:36] [318/459] UDAY
[00:47:37] [319/459] PTNP
[00:47:38] [320/459] DMKT
[00:47:38] [321/459] NTDT
[00:47:40] [322/459] SHDJ
[00:47:41] [323/459] OTNC
[00:47:42] [324/459] RNTW
[00:47:44] [325/459] GCMI
[00:47:44] [326/459] CRCM
[00:47:45] [327/459] NNCZ
[00:47:46] [328/459] OEMO
[00:47:47] [329/459] PVJM
[00:47:48] [330/459] CPJI
[00:47:48] [331/459] RMCJ
[00:47:49] [332/459] CNWJ
[00:47:50] [333/459] EPJM
[00:47:51] [334/459] FNJJ
[00:47:51] [335/459] GCMJ
[00:47:52] [336/459] INPS
[00:47:53] [337/459] BICJ
[00:47:54] [338/459] ISTJ
[00:47:55] [339/459] INJC
[00:47:56] [340/459] GLXJ
[00:47:57] [341/459] INEM
[00:47:58] [342/459] JTMN
[00:48:00] [343/459] FRCJ
[00:48:01] [344/459] DDJP
[00:48:02] [345/459] INJV
[00:48:03] [346/459] GOLC
[00:48:04] [347/459] KOCI
[00:48:05] [348/459] FSTD
[00:48:06] [349/459] PACJ
[00:48:07] [350/459] GMCN
[00:48:08] [351/459] MMDJ
[00:48:09] [352/459] GODH
[00:48:09] [353/459] SKYN
[00:48:10] [354/459] NCTH
[00:48:11] [355/459] SKVZ
[00:48:12] [356/459] SVML
[00:48:13] [357/459] ACVZ
[00:48:14] [358/459] SURA
[00:48:16] [359/459] RTRB
[00:48:17] [360/459] LLCT
[00:48:18] [361/459] ATTS
[00:48:19] [362/459] JYCM
[00:48:19] [363/459] CTKR
[00:48:20] [364/459] LCKR
[00:48:21] [365/459] NYCV
[00:48:22] [366/459] NYOH
[00:48:23] [367/459] NOVX
[00:48:23] [368/459] MRGK
[00:48:24] [369/459] MOON
[00:48:25] [370/459] SBUC
[00:48:26] [371/459] GSVA
[00:48:27] [372/459] VIAK
[00:48:28] [373/459] SMVZ
[00:48:29] [374/459] MATE
[00:48:30] [375/459] RDCN
[00:48:30] [376/459] ASBL
[00:48:31] [377/459] ASVS
[00:48:32] [378/459] ASSR
[00:48:33] [379/459] SSKN
[00:48:34] [380/459] DRPV
[00:48:35] [381/459] MRHT
[00:48:36] [382/459] BSCN
[00:48:37] [383/459] RKNX
[00:48:38] [384/459] MSMC
[00:48:39] [385/459] MSCJ
[00:48:40] [386/459] BTBJ
[00:48:40] [387/459] MJCC
[00:48:41] [388/459] IOMM
[00:48:42] [389/459] ADGR
[00:48:43] [390/459] MYCP
[00:48:44] [391/459] IGCM
[00:48:44] [392/459] PGRK
[00:48:45] [393/459] VPGO
[00:48:47] [394/459] KOMS
[00:48:47] [395/459] URGG
[00:48:48] [396/459] GOST
[00:48:49] [397/459] LACT
[00:48:50] [398/459] BWCM
[00:48:51] [399/459] NCCW
[00:48:52] [400/459] SKYC
[00:48:53] [401/459] CCPM
[00:48:54] [402/459] VCBT
[00:48:55] [403/459] SDKR
[00:48:56] [404/459] CTYB
[00:48:57] [405/459] SHCX
[00:48:57] [406/459] RCUN
[00:48:58] [407/459] CNRA
[00:49:00] [408/459] RFCA
[00:49:01] [409/459] RDCU
[00:49:01] [410/459] SARK
[00:49:02] [411/459] SPPP
[00:49:04] [412/459] ADMB
[00:49:04] [413/459] JYOE
[00:49:05] [414/459] SRMD
[00:49:07] [415/459] RJDH
[00:49:07] [416/459] SSTD
[00:49:08] [417/459] AACV
[00:49:09] [418/459] PPVD
[00:49:10] [419/459] STCP
[00:49:11] [420/459] ANJR
[00:49:12] [421/459] ANLS
[00:49:13] [422/459] BIJO
[00:49:13] [423/459] AVAB
[00:49:14] [424/459] SPMD
[00:49:15] [425/459] SVJL
[00:49:16] [426/459] SDDJ
[00:49:17] [427/459] SLTU
[00:49:18] [428/459] SAKA
[00:49:19] [429/459] PMAM
[00:49:20] [430/459] FNAM
[00:49:21] [431/459] ACAM
[00:49:21] [432/459] SCMM
[00:49:23] [433/459] PMAK
[00:49:24] [434/459] NYSA
[00:49:25] [435/459] FCPA
[00:49:26] [436/459] GDAN
[00:49:27] [437/459] RSCA
[00:49:28] [438/459] DMAN
[00:49:29] [439/459] DZCM
[00:49:30] [440/459] NSGL
[00:49:31] [441/459] CCPP
[00:49:32] [442/459] PSMG
[00:49:33] [443/459] GSER
[00:49:33] [444/459] FCCT
[00:49:34] [445/459] FCTB
[00:49:35] [446/459] LCNK
[00:49:36] [447/459] SKTY
[00:49:37] [448/459] INAA
[00:49:38] [449/459] RCWN
[00:49:39] [450/459] VAIS
[00:49:40] [451/459] CVMN
[00:49:41] [452/459] INTS
[00:49:41] [453/459] FRGS
[00:49:42] [454/459] DTCK
[00:49:43] [455/459] MCMH
[00:49:44] [456/459] ECRR
[00:49:45] [457/459] RLLP
[00:49:46] [458/459] CCSN
[00:49:47] [459/459] CCBA
[00:49:48] ✅ DONE | Shows=0 | Movies=0
[01:43:47] 🚀 BMS DAILY TRACKER STARTED
[01:43:47] [1/459] MBDC
[01:43:47] 🧠 New identity
[01:43:48] [2/459] CHKM
[01:43:49] [3/459] JTKZ
[01:43:51] [4/459] CMCT
[01:43:51] [5/459] ASHO
[01:43:52] [6/459] ECDG
[01:43:53] [7/459] SPAT
[01:43:54] [8/459] HILC
[01:43:55] [9/459] SPPH
[01:43:56] [10/459] SBHN
[01:43:57] [11/459] RRCA
[01:43:58] [12/459] APAA
[01:43:59] [13/459] RAME
[01:44:00] [14/459] TMMS
[01:44:02] [15/459] BATK
[01:44:02] [16/459] LKOP
[01:44:03] [17/459] AMTT
[01:44:04] [18/459] PTGK
[01:44:05] [19/459] ANRS
[01:44:06] [20/459] VWBW
[01:44:07] [21/459] SVFG
[01:44:08] [22/459] STAT
[01:44:08] [23/459] GDCV
[01:44:09] [24/459] VEBI
[01:44:10] [25/459] VDSS
[01:44:11] [26/459] NTHV
[01:44:12] [27/459] AOCH
[01:44:13] [28/459] KASR
[01:44:13] [29/459] AYCS
[01:44:14] [30/459] SHAI
[01:44:15] [31/459] SKPE
[01:44:16] [32/459] SBTA
[01:44:17] [33/459] RTTD
[01:44:17] [34/459] CCJD
[01:44:18] [35/459] RSJJ
[01:44:19] [36/459] RKND
[01:44:21] [37/459] SVTX
[01:44:22] [38/459] BAKM
[01:44:24] [39/459] SVDC
[01:44:24] [40/459] MNCV
[01:44:25] [41/459] SJGC
[01:44:27] [42/459] MTPK
[01:44:27] [43/459] GATP
[01:44:28] [44/459] ABTS
[01:44:29] [45/459] ABDE
[01:44:30] [46/459] RCNM
[01:44:31] [47/459] KTHV
[01:44:32] [48/459] MDGJ
[01:44:33] [49/459] SMLM
[01:44:34] [50/459] JTMA
[01:44:34] [51/459] ACKP
[01:44:35] [52/459] SRTA
[01:44:36] [53/459] STAY
[01:44:37] [54/459] MAVO
[01:44:38] [55/459] APTS
[01:44:39] [56/459] OMEA
[01:44:39] [57/459] TTFD
[01:44:41] [58/459] MJCU
[01:44:42] [59/459] CXTE
[01:44:42] [60/459] CTPX
[01:44:44] [61/459] ASSL
[01:44:45] [62/459] CMVB
[01:44:45] [63/459] VPUR
[01:44:46] [64/459] JJDA
[01:44:47] [65/459] INBL
[01:44:48] [66/459] BIKB
[01:44:48] [67/459] NTBB
[01:44:49] [68/459] GLOB
[01:44:50] [69/459] SNTB
[01:44:51] [70/459] CHGV
[01:44:52] [71/459] SSBZ
[01:44:53] [72/459] PRDB
[01:44:54] [73/459] ISMT
[01:44:55] [74/459] MCSD
[01:44:56] [75/459] JBTT
[01:44:57] [76/459] GEKR
[01:44:57] [77/459] PVUN
[01:44:58] [78/459] NRTB
[01:44:59] [79/459] PRAA
[01:45:00] [80/459] PCBL
[01:45:01] [81/459] PTCM
[01:45:02] [82/459] KHNN
[01:45:03] [83/459] OMJE
[01:45:03] [84/459] STGN
[01:45:04] [85/459] RPMS
[01:45:05] [86/459] NWAD
[01:45:07] [87/459] BLCK
[01:45:07] [88/459] SVAA
[01:45:08] [89/459] URVM
[01:45:09] [90/459] ANTM
[01:45:11] [91/459] VJYM
[01:45:12] [92/459] MAZZ
[01:45:12] [93/459] CSHM
[01:45:13] [94/459] WGMH
[01:45:14] [95/459] SALN
[01:45:15] [96/459] BRTP
[01:45:15] [97/459] SVTA
[01:45:16] [98/459] SBTP
[01:45:17] [99/459] VLSS
[01:45:18] [100/459] SRJA
[01:45:19] [101/459] ANCG
[01:45:20] [102/459] CGGC
[01:45:21] [103/459] CRJA
[01:45:22] [104/459] USCR
[01:45:23] [105/459] MMEF
[01:45:24] [106/459] JCRJ
[01:45:25] [107/459] ADCM
[01:45:26] [108/459] BMYK
[01:45:26] [109/459] KICS
[01:45:28] [110/459] MBBT
[01:45:29] [111/459] MACK
[01:45:30] [112/459] CLDR
[01:45:30] [113/459] JYCR
[01:45:31] [114/459] DCRP
[01:45:33] [115/459] RAHT
[01:45:34] [116/459] CSSM
[01:45:34] [117/459] ATPK
[01:45:35] [118/459] KLRT
[01:45:36] [119/459] SRDD
[01:45:37] [120/459] CKMC
[01:45:38] [121/459] KRVM
[01:45:39] [122/459] AKCP
[01:45:40] [123/459] CNCV
[01:45:41] [124/459] PACT
[01:45:42] [125/459] NATP
[01:45:42] [126/459] PCPK
[01:45:43] [127/459] SMHO
[01:45:44] [128/459] CWTK
[01:45:45] [129/459] RVKZ
[01:45:46] [130/459] ASPD
[01:45:46] [131/459] VTKZ
[01:45:47] [132/459] LCSO
[01:45:48] [133/459] PRDY
[01:45:49] [134/459] RCAP
[01:45:50] [135/459] RGAR
[01:45:51] [136/459] RCAC
[01:45:52] [137/459] PMOD
[01:45:52] [138/459] PVCN
[01:45:53] [139/459] SCRZ
[01:45:54] [140/459] PVPC
[01:45:56] [141/459] STID
[01:45:57] [142/459] NEDD
[01:45:57] [143/459] BNBA
[01:45:58] [144/459] NTCD
[01:45:59] [145/459] OCDE
[01:46:00] [146/459] CCDU
[01:46:01] [147/459] CRXH
[01:46:01] [148/459] VLVT
[01:46:02] [149/459] CICI
[01:46:03] [150/459] SUCB
[01:46:04] [151/459] TCBP
[01:46:05] [152/459] SCCY
[01:46:06] [153/459] LXCY
[01:46:07] [154/459] NCMD
[01:46:08] [155/459] PHCS
[01:46:09] [156/459] DUXR
[01:46:10] [157/459] VNKS
[01:46:11] [158/459] SEDP
[01:46:12] [159/459] SVEN
[01:46:13] [160/459] SRKM
[01:46:14] [161/459] JTLT
[01:46:14] [162/459] SVSS
[01:46:15] [163/459] AMDE
[01:46:16] [164/459] WVRN
[01:46:17] [165/459] ISMG
[01:46:19] [166/459] WVKS
[01:46:20] [167/459] USCG
[01:46:20] [168/459] IOTG
[01:46:21] [169/459] RRJM
[01:46:22] [170/459] EDMP
[01:46:23] [171/459] SCGZ
[01:46:24] [172/459] GMGX
[01:46:25] [173/459] OMTP
[01:46:26] [174/459] MITD
[01:46:27] [175/459] SMMD
[01:46:27] [176/459] STML
[01:46:28] [177/459] MCFS
[01:46:29] [178/459] FPKA
[01:46:30] [179/459] OMLR
[01:46:30] [180/459] KKSC
[01:46:31] [181/459] RVMA
[01:46:32] [182/459] SCLL
[01:46:33] [183/459] SCDK
[01:46:34] [184/459] SXMI
[01:46:35] [185/459] SHDN
[01:46:36] [186/459] PAAD
[01:46:37] [187/459] UUCB
[01:46:38] [188/459] JHOL
[01:46:38] [189/459] SGWT
[01:46:40] [190/459] SRII
[01:46:41] [191/459] SGCK
[01:46:42] [192/459] SVVB
[01:46:43] [193/459] DMHA
[01:46:43] [194/459] PPNL
[01:46:44] [195/459] CPNL
[01:46:45] [196/459] WVLD
[01:46:46] [197/459] PSLV
[01:46:47] [198/459] VTTL
[01:46:48] [199/459] NPAD
[01:46:48] [200/459] PVCS
[01:46:49] [201/459] MCHL
[01:46:51] [202/459] PPLL
[01:46:52] [203/459] MALO
[01:46:52] [204/459] SWBH
[01:46:53] [205/459] PUGB
[01:46:54] [206/459] INBB
[01:46:55] [207/459] INNS
[01:46:56] [208/459] MCPT
[01:46:57] [209/459] SCMI
[01:46:58] [210/459] OCON
[01:46:59] [211/459] SCSM
[01:47:00] [212/459] RJVN
[01:47:00] [213/459] AMDK
[01:47:01] [214/459] ISMR
[01:47:02] [215/459] SMTD
[01:47:04] [216/459] VTDD
[01:47:04] [217/459] PDDZ
[01:47:05] [218/459] PCCK
[01:47:07] [219/459] INAM
[01:47:07] [220/459] FNKT
[01:47:08] [221/459] GDKA
[01:47:09] [222/459] MAYU
[01:47:10] [223/459] TCGU
[01:47:11] [224/459] KDCA
[01:47:12] [225/459] DOMY
[01:47:12] [226/459] PDDD
[01:47:14] [227/459] BJTS
[01:47:14] [228/459] VTCA
[01:47:15] [229/459] SBTM
[01:47:16] [230/459] SEET
[01:47:17] [231/459] SSTJ
[01:47:17] [232/459] SVNT
[01:47:19] [233/459] PPPR
[01:47:20] [234/459] PVYS
[01:47:21] [235/459] IOSE
[01:47:21] [236/459] ACTV
[01:47:22] [237/459] APVE
[01:47:23] [238/459] TCCL
[01:47:24] [239/459] SCMO
[01:47:25] [240/459] SAUM
[01:47:26] [241/459] KCJS
[01:47:27] [242/459] NJCJ
[01:47:28] [243/459] NECF
[01:47:29] [244/459] CCGW
[01:47:30] [245/459] CCMG
[01:47:31] [246/459] NYRG
[01:47:31] [247/459] NCSQ
[01:47:32] [248/459] GRCG
[01:47:33] [249/459] CCBT
[01:47:34] [250/459] ACGA
[01:47:34] [251/459] INAG
[01:47:35] [252/459] FUCG
[01:47:36] [253/459] AICF
[01:47:37] [254/459] GRGA
[01:47:38] [255/459] GDCN
[01:47:39] [256/459] RRCG
[01:47:39] [257/459] SDCH
[01:47:41] [258/459] WVJM
[01:47:41] [259/459] JCCZ
[01:47:42] [260/459] CNCL
[01:47:43] [261/459] TMLV
[01:47:44] [262/459] MEMB
[01:47:45] [263/459] SGTD
[01:47:46] [264/459] CONX
[01:47:46] [265/459] CCMH
[01:47:47] [266/459] ACMC
[01:47:48] [267/459] DTPD
[01:47:49] [268/459] POJA
[01:47:50] [269/459] FNBH
[01:47:52] [270/459] CGCB
[01:47:53] [271/459] RACN
[01:47:54] [272/459] JTSM
[01:47:54] [273/459] SCDN
[01:47:55] [274/459] AACK
[01:47:57] [275/459] RMCE
[01:47:58] [276/459] BSGB
[01:47:59] [277/459] MRCB
[01:47:59] [278/459] SRVR
[01:48:00] [279/459] VTKK
[01:48:01] [280/459] AMST
[01:48:02] [281/459] APCY
[01:48:02] [282/459] LMHO
[01:48:03] [283/459] MTZH
[01:48:04] [284/459] AMZB
[01:48:05] [285/459] SUVT
[01:48:06] [286/459] RCIP
[01:48:07] [287/459] KESR
[01:48:08] [288/459] SNKC
[01:48:10] [289/459] SCED
[01:48:11] [290/459] DVCA
[01:48:12] [291/459] VCDT
[01:48:13] [292/459] RRDI
[01:48:13] [293/459] DFCH
[01:48:14] [294/459] INSC
[01:48:15] [295/459] RGTR
[01:48:16] [296/459] FMOT
[01:48:17] [297/459] SCPM
[01:48:17] [298/459] GCDT
[01:48:19] [299/459] BRKT
[01:48:20] [300/459] DEMP
[01:48:20] [301/459] SRLC
[01:48:22] [302/459] KSTT
[01:48:23] [303/459] SMMT
[01:48:24] [304/459] SILM
[01:48:25] [305/459] JCVM
[01:48:26] [306/459] KCSV
[01:48:27] [307/459] MHLK
[01:48:28] [308/459] SLVL
[01:48:28] [309/459] RJKP
[01:48:29] [310/459] BBPC
[01:48:30] [311/459] MXCB
[01:48:31] [312/459] TCPK
[01:48:32] [313/459] RTBR
[01:48:33] [314/459] GAUT
[01:48:34] [315/459] DVCF
[01:48:35] [316/459] JTSB
[01:48:36] [317/459] SBLS
[01:48:37] [318/459] UDAY
[01:48:38] [319/459] PTNP
[01:48:39] [320/459] DMKT
[01:48:40] [321/459] NTDT
[01:48:41] [322/459] SHDJ
[01:48:42] [323/459] OTNC
[01:48:42] [324/459] RNTW
[01:48:43] [325/459] GCMI
[01:48:44] [326/459] CRCM
[01:48:45] [327/459] NNCZ
[01:48:46] [328/459] OEMO
[01:48:46] [329/459] PVJM
[01:48:48] [330/459] CPJI
[01:48:49] [331/459] RMCJ
[01:48:50] [332/459] CNWJ
[01:48:50] [333/459] EPJM
[01:48:51] [334/459] FNJJ
[01:48:52] [335/459] GCMJ
[01:48:53] [336/459] INPS
[01:48:54] [337/459] BICJ
[01:48:54] [338/459] ISTJ
[01:48:55] [339/459] INJC
[01:48:56] [340/459] GLXJ
[01:48:57] [341/459] INEM
[01:48:58] [342/459] JTMN
[01:48:59] [343/459] FRCJ
[01:49:00] [344/459] DDJP
[01:49:00] [345/459] INJV
[01:49:01] [346/459] GOLC
[01:49:02] [347/459] KOCI
[01:49:03] [348/459] FSTD
[01:49:04] [349/459] PACJ
[01:49:05] [350/459] GMCN
[01:49:05] [351/459] MMDJ
[01:49:06] [352/459] GODH
[01:49:08] [353/459] SKYN
[01:49:09] [354/459] NCTH
[01:49:10] [355/459] SKVZ
[01:49:11] [356/459] SVML
[01:49:11] [357/459] ACVZ
[01:49:12] [358/459] SURA
[01:49:13] [359/459] RTRB
[01:49:15] [360/459] LLCT
[01:49:15] [361/459] ATTS
[01:49:16] [362/459] JYCM
[01:49:17] [363/459] CTKR
[01:49:18] [364/459] LCKR
[01:49:19] [365/459] NYCV
[01:49:20] [366/459] NYOH
[01:49:20] [367/459] NOVX
[01:49:21] [368/459] MRGK
[01:49:22] [369/459] MOON
[01:49:23] [370/459] SBUC
[01:49:23] [371/459] GSVA
[01:49:24] [372/459] VIAK
[01:49:25] [373/459] SMVZ
[01:49:26] [374/459] MATE
[01:49:27] [375/459] RDCN
[01:49:27] [376/459] ASBL
[01:49:29] [377/459] ASVS
[01:49:30] [378/459] ASSR
[01:49:31] [379/459] SSKN
[01:49:32] [380/459] DRPV
[01:49:33] [381/459] MRHT
[01:49:34] [382/459] BSCN
[01:49:34] [383/459] RKNX
[01:49:35] [384/459] MSMC
[01:49:36] [385/459] MSCJ
[01:49:37] [386/459] BTBJ
[01:49:38] [387/459] MJCC
[01:49:39] [388/459] IOMM
[01:49:39] [389/459] ADGR
[01:49:40] [390/459] MYCP
[01:49:41] [391/459] IGCM
[01:49:42] [392/459] PGRK
[01:49:43] [393/459] VPGO
[01:49:43] [394/459] KOMS
[01:49:44] [395/459] URGG
[01:49:45] [396/459] GOST
[01:49:46] [397/459] LACT
[01:49:47] [398/459] BWCM
[01:49:47] [399/459] NCCW
[01:49:49] [400/459] SKYC
[01:49:50] [401/459] CCPM
[01:49:51] [402/459] VCBT
[01:49:52] [403/459] SDKR
[01:49:53] [404/459] CTYB
[01:49:53] [405/459] SHCX
[01:49:54] [406/459] RCUN
[01:49:55] [407/459] CNRA
[01:49:57] [408/459] RFCA
[01:49:57] [409/459] RDCU
[01:49:58] [410/459] SARK
[01:49:59] [411/459] SPPP
[01:50:01] [412/459] ADMB
[01:50:02] [413/459] JYOE
[01:50:02] [414/459] SRMD
[01:50:04] [415/459] RJDH
[01:50:05] [416/459] SSTD
[01:50:07] [417/459] AACV
[01:50:07] [418/459] PPVD
[01:50:08] [419/459] STCP
[01:50:09] [420/459] ANJR
[01:50:10] [421/459] ANLS
[01:50:11] [422/459] BIJO
[01:50:11] [423/459] AVAB
[01:50:12] [424/459] SPMD
[01:50:13] [425/459] SVJL
[01:50:14] [426/459] SDDJ
[01:50:15] [427/459] SLTU
[01:50:16] [428/459] SAKA
[01:50:17] [429/459] PMAM
[01:50:17] [430/459] FNAM
[01:50:18] [431/459] ACAM
[01:50:19] [432/459] SCMM
[01:50:21] [433/459] PMAK
[01:50:22] [434/459] NYSA
[01:50:23] [435/459] FCPA
[01:50:24] [436/459] GDAN
[01:50:25] [437/459] RSCA
[01:50:25] [438/459] DMAN
[01:50:26] [439/459] DZCM
[01:50:27] [440/459] NSGL
[01:50:28] [441/459] CCPP
[01:50:29] [442/459] PSMG
[01:50:30] [443/459] GSER
[01:50:31] [444/459] FCCT
[01:50:32] [445/459] FCTB
[01:50:33] [446/459] LCNK
[01:50:33] [447/459] SKTY
[01:50:34] [448/459] INAA
[01:50:36] [449/459] RCWN
[01:50:37] [450/459] VAIS
[01:50:38] [451/459] CVMN
[01:50:39] [452/459] INTS
[01:50:39] [453/459] FRGS
[01:50:40] [454/459] DTCK
[01:50:41] [455/459] MCMH
[01:50:42] [456/459] ECRR
[01:50:43] [457/459] RLLP
[01:50:44] [458/459] CCSN
[01:50:45] [459/459] CCBA
[01:50:47] ✅ DONE | Shows=0 | Movies=0
[02:42:34] 🚀 BMS DAILY TRACKER STARTED
[02:42:34] [1/459] MBDC
[02:42:34] 🧠 New identity
[02:42:35] [2/459] CHKM
[02:42:36] [3/459] JTKZ
[02:42:37] [4/459] CMCT
[02:42:38] [5/459] ASHO
[02:42:39] [6/459] ECDG
[02:42:40] [7/459] SPAT
[02:42:41] [8/459] HILC
[02:42:41] [9/459] SPPH
[02:42:42] [10/459] SBHN
[02:42:43] [11/459] RRCA
[02:42:44] [12/459] APAA
[02:42:46] [13/459] RAME
[02:42:46] [14/459] TMMS
[02:42:47] [15/459] BATK
[02:42:48] [16/459] LKOP
[02:42:49] [17/459] AMTT
[02:42:50] [18/459] PTGK
[02:42:51] [19/459] ANRS
[02:42:52] [20/459] VWBW
[02:42:53] [21/459] SVFG
[02:42:54] [22/459] STAT
[02:42:55] [23/459] GDCV
[02:42:56] [24/459] VEBI
[02:42:57] [25/459] VDSS
[02:42:58] [26/459] NTHV
[02:42:59] [27/459] AOCH
[02:43:00] [28/459] KASR
[02:43:00] [29/459] AYCS
[02:43:01] [30/459] SHAI
[02:43:02] [31/459] SKPE
[02:43:03] [32/459] SBTA
[02:43:04] [33/459] RTTD
[02:43:05] [34/459] CCJD
[02:43:06] [35/459] RSJJ
[02:43:07] [36/459] RKND
[02:43:08] [37/459] SVTX
[02:43:09] [38/459] BAKM
[02:43:09] [39/459] SVDC
[02:43:10] [40/459] MNCV
[02:43:11] [41/459] SJGC
[02:43:12] [42/459] MTPK
[02:43:13] [43/459] GATP
[02:43:13] [44/459] ABTS
[02:43:14] [45/459] ABDE
[02:43:15] [46/459] RCNM
[02:43:16] [47/459] KTHV
[02:43:17] [48/459] MDGJ
[02:43:18] [49/459] SMLM
[02:43:18] [50/459] JTMA
[02:43:19] [51/459] ACKP
[02:43:20] [52/459] SRTA
[02:43:21] [53/459] STAY
[02:43:22] [54/459] MAVO
[02:43:23] [55/459] APTS
[02:43:24] [56/459] OMEA
[02:43:25] [57/459] TTFD
[02:43:26] [58/459] MJCU
[02:43:26] [59/459] CXTE
[02:43:27] [60/459] CTPX
[02:43:28] [61/459] ASSL
[02:43:29] [62/459] CMVB
[02:43:30] [63/459] VPUR
[02:43:31] [64/459] JJDA
[02:43:31] [65/459] INBL
[02:43:32] [66/459] BIKB
[02:43:33] [67/459] NTBB
[02:43:35] [68/459] GLOB
[02:43:36] [69/459] SNTB
[02:43:37] [70/459] CHGV
[02:43:38] [71/459] SSBZ
[02:43:39] [72/459] PRDB
[02:43:41] [73/459] ISMT
[02:43:42] [74/459] MCSD
[02:43:43] [75/459] JBTT
[02:43:44] [76/459] GEKR
[02:43:45] [77/459] PVUN
[02:43:46] [78/459] NRTB
[02:43:46] [79/459] PRAA
[02:43:47] [80/459] PCBL
[02:43:48] [81/459] PTCM
[02:43:49] [82/459] KHNN
[02:43:50] [83/459] OMJE
[02:43:50] [84/459] STGN
[02:43:51] [85/459] RPMS
[02:43:52] [86/459] NWAD
[02:43:53] [87/459] BLCK
[02:43:54] [88/459] SVAA
[02:43:54] [89/459] URVM
[02:43:55] [90/459] ANTM
[02:43:56] [91/459] VJYM
[02:43:57] [92/459] MAZZ
[02:43:58] [93/459] CSHM
[02:43:59] [94/459] WGMH
[02:44:00] [95/459] SALN
[02:44:01] [96/459] BRTP
[02:44:01] [97/459] SVTA
[02:44:02] [98/459] SBTP
[02:44:03] [99/459] VLSS
[02:44:04] [100/459] SRJA
[02:44:05] [101/459] ANCG
[02:44:06] [102/459] CGGC
[02:44:06] [103/459] CRJA
[02:44:07] [104/459] USCR
[02:44:08] [105/459] MMEF
[02:44:09] [106/459] JCRJ
[02:44:09] [107/459] ADCM
[02:44:10] [108/459] BMYK
[02:44:11] [109/459] KICS
[02:44:12] [110/459] MBBT
[02:44:13] [111/459] MACK
[02:44:14] [112/459] CLDR
[02:44:15] [113/459] JYCR
[02:44:15] [114/459] DCRP
[02:44:16] [115/459] RAHT
[02:44:17] [116/459] CSSM
[02:44:18] [117/459] ATPK
[02:44:19] [118/459] KLRT
[02:44:19] [119/459] SRDD
[02:44:20] [120/459] CKMC
[02:44:21] [121/459] KRVM
[02:44:22] [122/459] AKCP
[02:44:23] [123/459] CNCV
[02:44:24] [124/459] PACT
[02:44:24] [125/459] NATP
[02:44:25] [126/459] PCPK
[02:44:26] [127/459] SMHO
[02:44:27] [128/459] CWTK
[02:44:28] [129/459] RVKZ
[02:44:29] [130/459] ASPD
[02:44:29] [131/459] VTKZ
[02:44:30] [132/459] LCSO
[02:44:31] [133/459] PRDY
[02:44:32] [134/459] RCAP
[02:44:33] [135/459] RGAR
[02:44:34] [136/459] RCAC
[02:44:34] [137/459] PMOD
[02:44:35] [138/459] PVCN
[02:44:36] [139/459] SCRZ
[02:44:37] [140/459] PVPC
[02:44:38] [141/459] STID
[02:44:38] [142/459] NEDD
[02:44:39] [143/459] BNBA
[02:44:40] [144/459] NTCD
[02:44:41] [145/459] OCDE
[02:44:42] [146/459] CCDU
[02:44:43] [147/459] CRXH
[02:44:43] [148/459] VLVT
[02:44:44] [149/459] CICI
[02:44:45] [150/459] SUCB
[02:44:46] [151/459] TCBP
[02:44:48] [152/459] SCCY
[02:44:48] [153/459] LXCY
[02:44:49] [154/459] NCMD
[02:44:50] [155/459] PHCS
[02:44:50] [156/459] DUXR
[02:44:51] [157/459] VNKS
[02:44:52] [158/459] SEDP
[02:44:53] [159/459] SVEN
[02:44:53] [160/459] SRKM
[02:44:55] [161/459] JTLT
[02:44:56] [162/459] SVSS
[02:44:56] [163/459] AMDE
[02:44:57] [164/459] WVRN
[02:44:58] [165/459] ISMG
[02:44:59] [166/459] WVKS
[02:45:00] [167/459] USCG
[02:45:01] [168/459] IOTG
[02:45:02] [169/459] RRJM
[02:45:04] [170/459] EDMP
[02:45:05] [171/459] SCGZ
[02:45:06] [172/459] GMGX
[02:45:06] [173/459] OMTP
[02:45:07] [174/459] MITD
[02:45:08] [175/459] SMMD
[02:45:09] [176/459] STML
[02:45:10] [177/459] MCFS
[02:45:11] [178/459] FPKA
[02:45:12] [179/459] OMLR
[02:45:13] [180/459] KKSC
[02:45:13] [181/459] RVMA
[02:45:14] [182/459] SCLL
[02:45:15] [183/459] SCDK
[02:45:16] [184/459] SXMI
[02:45:17] [185/459] SHDN
[02:45:18] [186/459] PAAD
[02:45:18] [187/459] UUCB
[02:45:19] [188/459] JHOL
[02:45:20] [189/459] SGWT
[02:45:21] [190/459] SRII
[02:45:22] [191/459] SGCK
[02:45:23] [192/459] SVVB
[02:45:23] [193/459] DMHA
[02:45:24] [194/459] PPNL
[02:45:25] [195/459] CPNL
[02:45:27] [196/459] WVLD
[02:45:27] [197/459] PSLV
[02:45:28] [198/459] VTTL
[02:45:29] [199/459] NPAD
[02:45:30] [200/459] PVCS
[02:45:31] [201/459] MCHL
[02:45:32] [202/459] PPLL
[02:45:32] [203/459] MALO
[02:45:33] [204/459] SWBH
[02:45:34] [205/459] PUGB
[02:45:35] [206/459] INBB
[02:45:35] [207/459] INNS
[02:45:36] [208/459] MCPT
[02:45:37] [209/459] SCMI
[02:45:38] [210/459] OCON
[02:45:39] [211/459] SCSM
[02:45:40] [212/459] RJVN
[02:45:41] [213/459] AMDK
[02:45:42] [214/459] ISMR
[02:45:43] [215/459] SMTD
[02:45:44] [216/459] VTDD
[02:45:45] [217/459] PDDZ
[02:45:46] [218/459] PCCK
[02:45:47] [219/459] INAM
[02:45:48] [220/459] FNKT
[02:45:49] [221/459] GDKA
[02:45:50] [222/459] MAYU
[02:45:51] [223/459] TCGU
[02:45:51] [224/459] KDCA
[02:45:52] [225/459] DOMY
[02:45:53] [226/459] PDDD
[02:45:54] [227/459] BJTS
[02:45:54] [228/459] VTCA
[02:45:55] [229/459] SBTM
[02:45:56] [230/459] SEET
[02:45:57] [231/459] SSTJ
[02:45:58] [232/459] SVNT
[02:46:00] [233/459] PPPR
[02:46:01] [234/459] PVYS
[02:46:02] [235/459] IOSE
[02:46:04] [236/459] ACTV
[02:46:05] [237/459] APVE
[02:46:05] [238/459] TCCL
[02:46:06] [239/459] SCMO
[02:46:07] [240/459] SAUM
[02:46:08] [241/459] KCJS
[02:46:08] [242/459] NJCJ
[02:46:09] [243/459] NECF
[02:46:10] [244/459] CCGW
[02:46:11] [245/459] CCMG
[02:46:12] [246/459] NYRG
[02:46:13] [247/459] NCSQ
[02:46:14] [248/459] GRCG
[02:46:15] [249/459] CCBT
[02:46:15] [250/459] ACGA
[02:46:16] [251/459] INAG
[02:46:17] [252/459] FUCG
[02:46:18] [253/459] AICF
[02:46:19] [254/459] GRGA
[02:46:19] [255/459] GDCN
[02:46:20] [256/459] RRCG
[02:46:21] [257/459] SDCH
[02:46:21] [258/459] WVJM
[02:46:22] [259/459] JCCZ
[02:46:23] [260/459] CNCL
[02:46:24] [261/459] TMLV
[02:46:25] [262/459] MEMB
[02:46:26] [263/459] SGTD
[02:46:26] [264/459] CONX
[02:46:27] [265/459] CCMH
[02:46:29] [266/459] ACMC
[02:46:30] [267/459] DTPD
[02:46:31] [268/459] POJA
[02:46:32] [269/459] FNBH
[02:46:33] [270/459] CGCB
[02:46:33] [271/459] RACN
[02:46:34] [272/459] JTSM
[02:46:36] [273/459] SCDN
[02:46:37] [274/459] AACK
[02:46:38] [275/459] RMCE
[02:46:38] [276/459] BSGB
[02:46:39] [277/459] MRCB
[02:46:41] [278/459] SRVR
[02:46:42] [279/459] VTKK
[02:46:42] [280/459] AMST
[02:46:43] [281/459] APCY
[02:46:44] [282/459] LMHO
[02:46:46] [283/459] MTZH
[02:46:47] [284/459] AMZB
[02:46:47] [285/459] SUVT
[02:46:48] [286/459] RCIP
[02:46:49] [287/459] KESR
[02:46:50] [288/459] SNKC
[02:46:51] [289/459] SCED
[02:46:52] [290/459] DVCA
[02:46:53] [291/459] VCDT
[02:46:53] [292/459] RRDI
[02:46:54] [293/459] DFCH
[02:46:55] [294/459] INSC
[02:46:56] [295/459] RGTR
[02:46:57] [296/459] FMOT
[02:46:57] [297/459] SCPM
[02:46:58] [298/459] GCDT
[02:46:59] [299/459] BRKT
[02:47:00] [300/459] DEMP
[02:47:01] [301/459] SRLC
[02:47:02] [302/459] KSTT
[02:47:04] [303/459] SMMT
[02:47:05] [304/459] SILM
[02:47:06] [305/459] JCVM
[02:47:07] [306/459] KCSV
[02:47:07] [307/459] MHLK
[02:47:08] [308/459] SLVL
[02:47:10] [309/459] RJKP
[02:47:11] [310/459] BBPC
[02:47:12] [311/459] MXCB
[02:47:13] [312/459] TCPK
[02:47:14] [313/459] RTBR
[02:47:15] [314/459] GAUT
[02:47:16] [315/459] DVCF
[02:47:17] [316/459] JTSB
[02:47:18] [317/459] SBLS
[02:47:19] [318/459] UDAY
[02:47:20] [319/459] PTNP
[02:47:20] [320/459] DMKT
[02:47:21] [321/459] NTDT
[02:47:23] [322/459] SHDJ
[02:47:23] [323/459] OTNC
[02:47:24] [324/459] RNTW
[02:47:25] [325/459] GCMI
[02:47:26] [326/459] CRCM
[02:47:27] [327/459] NNCZ
[02:47:28] [328/459] OEMO
[02:47:29] [329/459] PVJM
[02:47:30] [330/459] CPJI
[02:47:31] [331/459] RMCJ
[02:47:32] [332/459] CNWJ
[02:47:33] [333/459] EPJM
[02:47:34] [334/459] FNJJ
[02:47:35] [335/459] GCMJ
[02:47:36] [336/459] INPS
[02:47:37] [337/459] BICJ
[02:47:38] [338/459] ISTJ
[02:47:39] [339/459] INJC
[02:47:40] [340/459] GLXJ
[02:47:41] [341/459] INEM
[02:47:42] [342/459] JTMN
[02:47:43] [343/459] FRCJ
[02:47:43] [344/459] DDJP
[02:47:44] [345/459] INJV
[02:47:45] [346/459] GOLC
[02:47:46] [347/459] KOCI
[02:47:47] [348/459] FSTD
[02:47:47] [349/459] PACJ
[02:47:49] [350/459] GMCN
[02:47:50] [351/459] MMDJ
[02:47:51] [352/459] GODH
[02:47:52] [353/459] SKYN
[02:47:53] [354/459] NCTH
[02:47:54] [355/459] SKVZ
[02:47:55] [356/459] SVML
[02:47:56] [357/459] ACVZ
[02:47:57] [358/459] SURA
[02:47:58] [359/459] RTRB
[02:47:58] [360/459] LLCT
[02:47:59] [361/459] ATTS
[02:48:00] [362/459] JYCM
[02:48:01] [363/459] CTKR
[02:48:02] [364/459] LCKR
[02:48:03] [365/459] NYCV
[02:48:04] [366/459] NYOH
[02:48:04] [367/459] NOVX
[02:48:05] [368/459] MRGK
[02:48:07] [369/459] MOON
[02:48:08] [370/459] SBUC
[02:48:09] [371/459] GSVA
[02:48:09] [372/459] VIAK
[02:48:11] [373/459] SMVZ
[02:48:12] [374/459] MATE
[02:48:13] [375/459] RDCN
[02:48:15] [376/459] ASBL
[02:48:16] [377/459] ASVS
[02:48:17] [378/459] ASSR
[02:48:18] [379/459] SSKN
[02:48:19] [380/459] DRPV
[02:48:20] [381/459] MRHT
[02:48:21] [382/459] BSCN
[02:48:21] [383/459] RKNX
[02:48:22] [384/459] MSMC
[02:48:23] [385/459] MSCJ
[02:48:24] [386/459] BTBJ
[02:48:25] [387/459] MJCC
[02:48:26] [388/459] IOMM
[02:48:27] [389/459] ADGR
[02:48:28] [390/459] MYCP
[02:48:29] [391/459] IGCM
[02:48:29] [392/459] PGRK
[02:48:30] [393/459] VPGO
[02:48:31] [394/459] KOMS
[02:48:32] [395/459] URGG
[02:48:33] [396/459] GOST
[02:48:34] [397/459] LACT
[02:48:35] [398/459] BWCM
[02:48:36] [399/459] NCCW
[02:48:37] [400/459] SKYC
[02:48:38] [401/459] CCPM
[02:48:39] [402/459] VCBT
[02:48:41] [403/459] SDKR
[02:48:42] [404/459] CTYB
[02:48:43] [405/459] SHCX
[02:48:43] [406/459] RCUN
[02:48:44] [407/459] CNRA
[02:48:45] [408/459] RFCA
[02:48:46] [409/459] RDCU
[02:48:47] [410/459] SARK
[02:48:48] [411/459] SPPP
[02:48:50] [412/459] ADMB
[02:48:51] [413/459] JYOE
[02:48:52] [414/459] SRMD
[02:48:52] [415/459] RJDH
[02:48:54] [416/459] SSTD
[02:48:55] [417/459] AACV
[02:48:56] [418/459] PPVD
[02:48:57] [419/459] STCP
[02:48:58] [420/459] ANJR
[02:48:59] [421/459] ANLS
[02:49:00] [422/459] BIJO
[02:49:01] [423/459] AVAB
[02:49:02] [424/459] SPMD
[02:49:03] [425/459] SVJL
[02:49:04] [426/459] SDDJ
[02:49:05] [427/459] SLTU
[02:49:05] [428/459] SAKA
[02:49:06] [429/459] PMAM
[02:49:07] [430/459] FNAM
[02:49:08] [431/459] ACAM
[02:49:09] [432/459] SCMM
[02:49:11] [433/459] PMAK
[02:49:12] [434/459] NYSA
[02:49:13] [435/459] FCPA
[02:49:14] [436/459] GDAN
[02:49:15] [437/459] RSCA
[02:49:16] [438/459] DMAN
[02:49:18] [439/459] DZCM
[02:49:19] [440/459] NSGL
[02:49:19] [441/459] CCPP
[02:49:20] [442/459] PSMG
[02:49:21] [443/459] GSER
[02:49:22] [444/459] FCCT
[02:49:23] [445/459] FCTB
[02:49:23] [446/459] LCNK
[02:49:24] [447/459] SKTY
[02:49:25] [448/459] INAA
[02:49:26] [449/459] RCWN
[02:49:28] [450/459] VAIS
[02:49:28] [451/459] CVMN
[02:49:29] [452/459] INTS
[02:49:31] [453/459] FRGS
[02:49:32] [454/459] DTCK
[02:49:33] [455/459] MCMH
[02:49:34] [456/459] ECRR
[02:49:35] [457/459] RLLP
[02:49:36] [458/459] CCSN
[02:49:37] [459/459] CCBA
[02:49:38] ✅ DONE | Shows=0 | Movies=0
