[00:42:44] 🚀 BMS DAILY TRACKER STARTED
[00:42:44] [1/459] FNDB
[00:42:44] 🧠 New identity
[00:42:45] [2/459] AMBH
[00:42:46] [3/459] PRHN
[00:42:47] [4/459] ACPM
[00:42:47] [5/459] PVFS
[00:42:48] [6/459] AACN
[00:42:49] [7/459] ACAS
[00:42:50] [8/459] CTNR
[00:42:51] [9/459] MMAH
[00:42:52] [10/459] CPMH
[00:42:53] [11/459] IGMH
[00:42:54] [12/459] ABCS
[00:42:55] [13/459] CMMA
[00:42:56] [14/459] GPRH
[00:42:56] [15/459] PNNG
[00:42:57] [16/459] AMCA
[00:42:58] [17/459] ISTN
[00:42:59] [18/459] PIIC
[00:42:59] [19/459] AHMH
[00:43:00] [20/459] ASHN
[00:43:01] [21/459] INHY
[00:43:02] [22/459] SRMO
[00:43:03] [23/459] PIMH
[00:43:04] [24/459] PVTS
[00:43:04] [25/459] MMCA
[00:43:05] [26/459] AKYJ
[00:43:06] [27/459] BRKH
[00:43:07] [28/459] MAHM
[00:43:08] [29/459] CPHY
[00:43:09] [30/459] PVTP
[00:43:10] [31/459] SMMR
[00:43:10] [32/459] PVHM
[00:43:11] [33/459] SNDY
[00:43:12] [34/459] GOKU
[00:43:13] [35/459] ACEV
[00:43:14] [36/459] PVUM
[00:43:15] [37/459] VSWA
[00:43:16] [38/459] IPRS
[00:43:17] [39/459] ASGN
[00:43:18] [40/459] BKMV
[00:43:19] [41/459] PVYH
[00:43:20] [42/459] INKM
[00:43:21] [43/459] ARJU
[00:43:22] [44/459] JJPP
[00:43:22] [45/459] SSRM
[00:43:23] [46/459] HMHD
[00:43:24] [47/459] SNKH
[00:43:25] [48/459] ACHI
[00:43:26] [49/459] MRAA
[00:43:27] [50/459] INMH
[00:43:28] [51/459] ARMH
[00:43:29] [52/459] DVRR
[00:43:29] [53/459] SUDA
[00:43:31] [54/459] MCSS
[00:43:32] [55/459] VRKC
[00:43:33] [56/459] PRCX
[00:43:34] [57/459] ASJY
[00:43:35] [58/459] MTHY
[00:43:36] [59/459] SRCM
[00:43:37] [60/459] TVHY
[00:43:38] [61/459] STHD
[00:43:39] [62/459] CPCL
[00:43:40] [63/459] PSMJ
[00:43:41] [64/459] MRGT
[00:43:42] [65/459] ARYH
[00:43:43] [66/459] VTRB
[00:43:44] [67/459] SCHC
[00:43:45] [68/459] MRRG
[00:43:45] [69/459] SPCB
[00:43:46] [70/459] AMCM
[00:43:47] [71/459] IVNM
[00:43:48] [72/459] TRHY
[00:43:49] [73/459] PTTH
[00:43:50] [74/459] RKMH
[00:43:52] [75/459] PRCS
[00:43:53] [76/459] VAJA
[00:43:54] [77/459] BJNG
[00:43:54] [78/459] SCVM
[00:43:55] [79/459] GNHB
[00:43:56] [80/459] TLUR
[00:43:57] [81/459] UKCC
[00:43:58] [82/459] SRKR
[00:43:58] [83/459] RMKN
[00:44:00] [84/459] SLRT
[00:44:01] [85/459] LKMT
[00:44:02] [86/459] SSRJ
[00:44:03] [87/459] SPHT
[00:44:03] [88/459] ANTT
[00:44:04] [89/459] SRCH
[00:44:05] [90/459] SRCA
[00:44:05] [91/459] ARTH
[00:44:06] [92/459] MCBH
[00:44:07] [93/459] SNIB
[00:44:09] [94/459] SART
[00:44:10] [95/459] SKTA
[00:44:11] [96/459] YAKT
[00:44:11] [97/459] MLCK
[00:44:13] [98/459] ANTS
[00:44:14] [99/459] DGCA
[00:44:15] [100/459] SGMP
[00:44:16] [101/459] ASWN
[00:44:17] [102/459] KFVU
[00:44:18] [103/459] POOR
[00:44:19] [104/459] GKDN
[00:44:20] [105/459] EOSE
[00:44:21] [106/459] GTTT
[00:44:22] [107/459] ARRO
[00:44:22] [108/459] CMMK
[00:44:23] [109/459] MSCN
[00:44:24] [110/459] GDKH
[00:44:26] [111/459] DLMT
[00:44:26] [112/459] PVMF
[00:44:27] [113/459] CPCK
[00:44:28] [114/459] VMHE
[00:44:29] [115/459] PVLC
[00:44:29] [116/459] PCVB
[00:44:30] [117/459] SNYK
[00:44:31] [118/459] KTEK
[00:44:33] [119/459] PCNM
[00:44:34] [120/459] NTTR
[00:44:35] [121/459] CPSK
[00:44:36] [122/459] JMMA
[00:44:37] [123/459] GCFK
[00:44:37] [124/459] MYCA
[00:44:38] [125/459] KSNP
[00:44:39] [126/459] PMCE
[00:44:40] [127/459] SCKI
[00:44:40] [128/459] FSMA
[00:44:42] [129/459] CETA
[00:44:43] [130/459] MCIK
[00:44:44] [131/459] MYCR
[00:44:45] [132/459] EVMP
[00:44:46] [133/459] SSGT
[00:44:47] [134/459] KCTK
[00:44:48] [135/459] ZTKC
[00:44:49] [136/459] MMTA
[00:44:50] [137/459] MAJT
[00:44:51] [138/459] ACPK
[00:44:52] [139/459] JMAX
[00:44:53] [140/459] SETK
[00:44:53] [141/459] CAIS
[00:44:54] [142/459] AGCD
[00:44:55] [143/459] URCL
[00:44:56] [144/459] VTDS
[00:44:57] [145/459] JCNM
[00:44:58] [146/459] KCAM
[00:44:58] [147/459] ADCU
[00:44:59] [148/459] GXYN
[00:45:00] [149/459] SMJG
[00:45:01] [150/459] EYCJ
[00:45:02] [151/459] CCEJ
[00:45:02] [152/459] MARS
[00:45:03] [153/459] CPVJ
[00:45:04] [154/459] INVP
[00:45:05] [155/459] CPOV
[00:45:06] [156/459] VIJK
[00:45:07] [157/459] LAIM
[00:45:07] [158/459] STHV
[00:45:08] [159/459] SVLJ
[00:45:09] [160/459] ATVJ
[00:45:10] [161/459] JTSC
[00:45:10] [162/459] RMTV
[00:45:11] [163/459] MGGG
[00:45:12] [164/459] SWTH
[00:45:13] [165/459] INVJ
[00:45:14] [166/459] PRSV
[00:45:15] [167/459] JATV
[00:45:15] [168/459] RCVD
[00:45:16] [169/459] BDMA
[00:45:17] [170/459] BLJI
[00:45:18] [171/459] SWOT
[00:45:19] [172/459] SWRN
[00:45:20] [173/459] TVRA
[00:45:21] [174/459] VCSV
[00:45:22] [175/459] NVRN
[00:45:23] [176/459] SIKC
[00:45:24] [177/459] VAKR
[00:45:25] [178/459] SYLN
[00:45:26] [179/459] KLJL
[00:45:28] [180/459] LKMY
[00:45:28] [181/459] VSLY
[00:45:29] [182/459] CIKO
[00:45:30] [183/459] GPBG
[00:45:31] [184/459] CECM
[00:45:32] [185/459] SLKB
[00:45:32] [186/459] MTBO
[00:45:33] [187/459] SSHB
[00:45:34] [188/459] VPCS
[00:45:36] [189/459] RCSR
[00:45:36] [190/459] RJRM
[00:45:37] [191/459] KPPB
[00:45:38] [192/459] SEDC
[00:45:39] [193/459] SCAI
[00:45:40] [194/459] RMTR
[00:45:41] [195/459] ASST
[00:45:42] [196/459] GCAK
[00:45:43] [197/459] ANNK
[00:45:44] [198/459] KDDF
[00:45:45] [199/459] NRDP
[00:45:46] [200/459] PLAK
[00:45:46] [201/459] GCMC
[00:45:47] [202/459] ALPY
[00:45:48] [203/459] SICE
[00:45:49] [204/459] SISR
[00:45:50] [205/459] SRPZ
[00:45:51] [206/459] SRSW
[00:45:51] [207/459] SUYA
[00:45:52] [208/459] AMMT
[00:45:53] [209/459] BHCU
[00:45:54] [210/459] KLPA
[00:45:55] [211/459] NVKH
[00:45:56] [212/459] JMRC
[00:45:56] [213/459] KTTT
[00:45:57] [214/459] MAGH
[00:45:58] [215/459] MMMX
[00:45:59] [216/459] SALJ
[00:46:00] [217/459] GTJA
[00:46:01] [218/459] MAHT
[00:46:02] [219/459] SSNN
[00:46:02] [220/459] ARRP
[00:46:03] [221/459] ATNS
[00:46:04] [222/459] SKDT
[00:46:05] [223/459] ACAT
[00:46:06] [224/459] APRC
[00:46:07] [225/459] SWAG
[00:46:08] [226/459] SDPT
[00:46:08] [227/459] STPS
[00:46:09] [228/459] WWCZ
[00:46:10] [229/459] LLCH
[00:46:11] [230/459] MZHA
[00:46:13] [231/459] CRJG
[00:46:14] [232/459] JGTK
[00:46:15] [233/459] KCSR
[00:46:16] [234/459] CHTL
[00:46:17] [235/459] EDSR
[00:46:17] [236/459] CSWO
[00:46:18] [237/459] CPVM
[00:46:19] [238/459] MXBY
[00:46:20] [239/459] FMMA
[00:46:21] [240/459] POVI
[00:46:22] [241/459] MTHB
[00:46:23] [242/459] INRC
[00:46:24] [243/459] PIPP
[00:46:24] [244/459] BMXC
[00:46:25] [245/459] PCMM
[00:46:27] [246/459] PMKM
[00:46:28] [247/459] GATY
[00:46:28] [248/459] IMCM
[00:46:29] [249/459] POPE
[00:46:30] [250/459] MTCR
[00:46:32] [251/459] PVAE
[00:46:32] [252/459] PVMI
[00:46:33] [253/459] CPNM
[00:46:34] [254/459] FMRL
[00:46:35] [255/459] MCIW
[00:46:36] [256/459] MXBO
[00:46:36] [257/459] FMKY
[00:46:37] [258/459] FMDA
[00:46:38] [259/459] THAB
[00:46:39] [260/459] PRCW
[00:46:39] [261/459] PITI
[00:46:40] [262/459] MCFF
[00:46:41] [263/459] PDDV
[00:46:42] [264/459] MCRM
[00:46:42] [265/459] KKMB
[00:46:43] [266/459] INKO
[00:46:44] [267/459] PLXP
[00:46:45] [268/459] MMHA
[00:46:46] [269/459] FMVS
[00:46:47] [270/459] POLM
[00:46:47] [271/459] STER
[00:46:48] [272/459] PVWJ
[00:46:49] [273/459] IMJW
[00:46:50] [274/459] FNAN
[00:46:51] [275/459] CAGL
[00:46:52] [276/459] IPBG
[00:46:52] [277/459] SMFV
[00:46:53] [278/459] MMMR
[00:46:54] [279/459] MMWM
[00:46:55] [280/459] FNCM
[00:46:55] [281/459] MDVA
[00:46:56] [282/459] MMET
[00:46:57] [283/459] MIDO
[00:46:58] [284/459] INNP
[00:46:59] [285/459] MIFU
[00:47:00] [286/459] MMSZ
[00:47:01] [287/459] BMXA
[00:47:02] [288/459] MCAA
[00:47:03] [289/459] SCVP
[00:47:04] [290/459] PLUS
[00:47:05] [291/459] MUCK
[00:47:06] [292/459] MTMA
[00:47:07] [293/459] HPVR
[00:47:07] [294/459] PMPK
[00:47:08] [295/459] MAJB
[00:47:09] [296/459] CTRR
[00:47:10] [297/459] MCTG
[00:47:11] [298/459] MACE
[00:47:12] [299/459] AAAS
[00:47:12] [300/459] CPVV
[00:47:13] [301/459] RCHG
[00:47:14] [302/459] MCNE
[00:47:15] [303/459] EMNC
[00:47:16] [304/459] MCAN
[00:47:17] [305/459] TCDM
[00:47:17] [306/459] IRGT
[00:47:18] [307/459] GCMG
[00:47:19] [308/459] MXSN
[00:47:20] [309/459] MXCK
[00:47:21] [310/459] MCRC
[00:47:22] [311/459] RSMI
[00:47:23] [312/459] WAML
[00:47:24] [313/459] MTSC
[00:47:25] [314/459] FMDR
[00:47:26] [315/459] LEPV
[00:47:27] [316/459] MTGD
[00:47:27] [317/459] IMOB
[00:47:28] [318/459] CLMM
[00:47:29] [319/459] PZCD
[00:47:30] [320/459] GOCS
[00:47:31] [321/459] KCMA
[00:47:32] [322/459] CCMP
[00:47:34] [323/459] MTSU
[00:47:35] [324/459] SNGL
[00:47:35] [325/459] MMMC
[00:47:36] [326/459] MMAA
[00:47:37] [327/459] GCDM
[00:47:38] [328/459] KTMV
[00:47:38] [329/459] AETE
[00:47:39] [330/459] OMCS
[00:47:40] [331/459] GDCD
[00:47:41] [332/459] NYMD
[00:47:42] [333/459] RNCV
[00:47:43] [334/459] KKMT
[00:47:44] [335/459] GDTH
[00:47:44] [336/459] KMMV
[00:47:45] [337/459] NHCG
[00:47:46] [338/459] PJDW
[00:47:47] [339/459] MMCV
[00:47:48] [340/459] FQSA
[00:47:49] [341/459] KURL
[00:47:50] [342/459] NNNX
[00:47:50] [343/459] AMAU
[00:47:51] [344/459] VVVM
[00:47:52] [345/459] VECU
[00:47:53] [346/459] WCVR
[00:47:53] [347/459] MTGG
[00:47:54] [348/459] SGTG
[00:47:55] [349/459] MNTG
[00:47:56] [350/459] JDDG
[00:47:58] [351/459] MBTK
[00:47:59] [352/459] SGCD
[00:48:00] [353/459] MCTC
[00:48:01] [354/459] JTPC
[00:48:02] [355/459] SDKT
[00:48:02] [356/459] KRCC
[00:48:04] [357/459] RMMD
[00:48:04] [358/459] AAME
[00:48:06] [359/459] TMWC
[00:48:07] [360/459] NRWY
[00:48:07] [361/459] CITD
[00:48:08] [362/459] VERD
[00:48:10] [363/459] MKSK
[00:48:11] [364/459] STSM
[00:48:12] [365/459] MJDG
[00:48:13] [366/459] RKPM
[00:48:13] [367/459] SSCE
[00:48:14] [368/459] VMAE
[00:48:15] [369/459] SBRU
[00:48:16] [370/459] AMBC
[00:48:18] [371/459] AMLU
[00:48:18] [372/459] INVZ
[00:48:19] [373/459] LGTV
[00:48:20] [374/459] SVAD
[00:48:21] [375/459] SMSA
[00:48:22] [376/459] SPCZ
[00:48:23] [377/459] GTCX
[00:48:24] [378/459] SCSL
[00:48:25] [379/459] SAHU
[00:48:26] [380/459] NCDA
[00:48:28] [381/459] SCCG
[00:48:28] [382/459] VKTL
[00:48:29] [383/459] PUUJ
[00:48:30] [384/459] STEJ
[00:48:31] [385/459] RJAL
[00:48:33] [386/459] ACJC
[00:48:34] [387/459] VTHC
[00:48:34] [388/459] ARVB
[00:48:35] [389/459] AUBB
[00:48:36] [390/459] GDBR
[00:48:37] [391/459] PVND
[00:48:38] [392/459] BGRJ
[00:48:38] [393/459] RJMM
[00:48:39] [394/459] MCSA
[00:48:40] [395/459] BODA
[00:48:41] [396/459] JAGG
[00:48:42] [397/459] SCGA
[00:48:43] [398/459] LRCM
[00:48:43] [399/459] CPCN
[00:48:44] [400/459] SSTF
[00:48:45] [401/459] SRXP
[00:48:46] [402/459] CNFX
[00:48:47] [403/459] ANDI
[00:48:48] [404/459] SYEW
[00:48:49] [405/459] RCRE
[00:48:50] [406/459] SCRW
[00:48:50] [407/459] MBKR
[00:48:51] [408/459] ASNT
[00:48:53] [409/459] JTMT
[00:48:54] [410/459] SHAY
[00:48:54] [411/459] VRTH
[00:48:55] [412/459] SPTI
[00:48:56] [413/459] DPTD
[00:48:57] [414/459] TGSN
[00:48:58] [415/459] RCWV
[00:48:59] [416/459] OCUR
[00:48:59] [417/459] KSTC
[00:49:00] [418/459] SANI
[00:49:01] [419/459] MLCA
[00:49:02] [420/459] EGCA
[00:49:03] [421/459] SYSN
[00:49:04] [422/459] PKTA
[00:49:05] [423/459] PRCC
[00:49:05] [424/459] KSTR
[00:49:06] [425/459] SNTP
[00:49:07] [426/459] RCHA
[00:49:08] [427/459] SEEA
[00:49:09] [428/459] ALAT
[00:49:09] [429/459] AATV
[00:49:10] [430/459] RJTE
[00:49:11] [431/459] AAPP
[00:49:12] [432/459] PMMH
[00:49:13] [433/459] INRJ
[00:49:13] [434/459] SARB
[00:49:14] [435/459] PCJL
[00:49:15] [436/459] PFJJ
[00:49:16] [437/459] GRDC
[00:49:17] [438/459] BCBA
[00:49:17] [439/459] VIXL
[00:49:18] [440/459] CSTL
[00:49:19] [441/459] MTDK
[00:49:20] [442/459] TDAC
[00:49:21] [443/459] GTDN
[00:49:22] [444/459] TTDE
[00:49:23] [445/459] ASTS
[00:49:24] [446/459] CPNS
[00:49:24] [447/459] PVVW
[00:49:25] [448/459] USEB
[00:49:26] [449/459] DTYN
[00:49:27] [450/459] PVLE
[00:49:28] [451/459] CIPS
[00:49:29] [452/459] PAEG
[00:49:30] [453/459] PTCW
[00:49:31] [454/459] G3SR
[00:49:32] [455/459] PGND
[00:49:33] [456/459] INVM
[00:49:34] [457/459] SPIA
[00:49:34] [458/459] PCSN
[00:49:35] [459/459] PPGV
[00:49:36] ✅ DONE | Shows=2 | Movies=1
[01:43:55] 🚀 BMS DAILY TRACKER STARTED
[01:43:55] [1/459] FNDB
[01:43:55] 🧠 New identity
[01:43:56] [2/459] AMBH
[01:43:58] [3/459] PRHN
[01:43:59] [4/459] ACPM
[01:44:00] [5/459] PVFS
[01:44:01] [6/459] AACN
[01:44:02] [7/459] ACAS
[01:44:02] [8/459] CTNR
[01:44:03] [9/459] MMAH
[01:44:04] [10/459] CPMH
[01:44:05] [11/459] IGMH
[01:44:06] [12/459] ABCS
[01:44:07] [13/459] CMMA
[01:44:08] [14/459] GPRH
[01:44:08] [15/459] PNNG
[01:44:09] [16/459] AMCA
[01:44:10] [17/459] ISTN
[01:44:11] [18/459] PIIC
[01:44:12] [19/459] AHMH
[01:44:13] [20/459] ASHN
[01:44:14] [21/459] INHY
[01:44:15] [22/459] SRMO
[01:44:16] [23/459] PIMH
[01:44:17] [24/459] PVTS
[01:44:18] [25/459] MMCA
[01:44:19] [26/459] AKYJ
[01:44:20] [27/459] BRKH
[01:44:21] [28/459] MAHM
[01:44:22] [29/459] CPHY
[01:44:23] [30/459] PVTP
[01:44:24] [31/459] SMMR
[01:44:25] [32/459] PVHM
[01:44:26] [33/459] SNDY
[01:44:27] [34/459] GOKU
[01:44:28] [35/459] ACEV
[01:44:29] [36/459] PVUM
[01:44:30] [37/459] VSWA
[01:44:31] [38/459] IPRS
[01:44:32] [39/459] ASGN
[01:44:32] [40/459] BKMV
[01:44:33] [41/459] PVYH
[01:44:34] [42/459] INKM
[01:44:35] [43/459] ARJU
[01:44:36] [44/459] JJPP
[01:44:37] [45/459] SSRM
[01:44:38] [46/459] HMHD
[01:44:38] [47/459] SNKH
[01:44:39] [48/459] ACHI
[01:44:40] [49/459] MRAA
[01:44:41] [50/459] INMH
[01:44:42] [51/459] ARMH
[01:44:43] [52/459] DVRR
[01:44:44] [53/459] SUDA
[01:44:45] [54/459] MCSS
[01:44:45] [55/459] VRKC
[01:44:46] [56/459] PRCX
[01:44:47] [57/459] ASJY
[01:44:48] [58/459] MTHY
[01:44:50] [59/459] SRCM
[01:44:51] [60/459] TVHY
[01:44:52] [61/459] STHD
[01:44:53] [62/459] CPCL
[01:44:54] [63/459] PSMJ
[01:44:55] [64/459] MRGT
[01:44:56] [65/459] ARYH
[01:44:57] [66/459] VTRB
[01:44:57] [67/459] SCHC
[01:44:58] [68/459] MRRG
[01:44:59] [69/459] SPCB
[01:45:00] [70/459] AMCM
[01:45:00] [71/459] IVNM
[01:45:02] [72/459] TRHY
[01:45:02] [73/459] PTTH
[01:45:03] [74/459] RKMH
[01:45:05] [75/459] PRCS
[01:45:06] [76/459] VAJA
[01:45:07] [77/459] BJNG
[01:45:07] [78/459] SCVM
[01:45:09] [79/459] GNHB
[01:45:10] [80/459] TLUR
[01:45:11] [81/459] UKCC
[01:45:12] [82/459] SRKR
[01:45:13] [83/459] RMKN
[01:45:14] [84/459] SLRT
[01:45:15] [85/459] LKMT
[01:45:16] [86/459] SSRJ
[01:45:17] [87/459] SPHT
[01:45:18] [88/459] ANTT
[01:45:19] [89/459] SRCH
[01:45:19] [90/459] SRCA
[01:45:20] [91/459] ARTH
[01:45:21] [92/459] MCBH
[01:45:22] [93/459] SNIB
[01:45:23] [94/459] SART
[01:45:23] [95/459] SKTA
[01:45:24] [96/459] YAKT
[01:45:25] [97/459] MLCK
[01:45:26] [98/459] ANTS
[01:45:27] [99/459] DGCA
[01:45:28] [100/459] SGMP
[01:45:30] [101/459] ASWN
[01:45:30] [102/459] KFVU
[01:45:31] [103/459] POOR
[01:45:32] [104/459] GKDN
[01:45:33] [105/459] EOSE
[01:45:34] [106/459] GTTT
[01:45:35] [107/459] ARRO
[01:45:35] [108/459] CMMK
[01:45:36] [109/459] MSCN
[01:45:37] [110/459] GDKH
[01:45:38] [111/459] DLMT
[01:45:39] [112/459] PVMF
[01:45:40] [113/459] CPCK
[01:45:41] [114/459] VMHE
[01:45:42] [115/459] PVLC
[01:45:43] [116/459] PCVB
[01:45:44] [117/459] SNYK
[01:45:45] [118/459] KTEK
[01:45:46] [119/459] PCNM
[01:45:47] [120/459] NTTR
[01:45:48] [121/459] CPSK
[01:45:49] [122/459] JMMA
[01:45:50] [123/459] GCFK
[01:45:51] [124/459] MYCA
[01:45:51] [125/459] KSNP
[01:45:52] [126/459] PMCE
[01:45:53] [127/459] SCKI
[01:45:54] [128/459] FSMA
[01:45:55] [129/459] CETA
[01:45:57] [130/459] MCIK
[01:45:58] [131/459] MYCR
[01:45:58] [132/459] EVMP
[01:45:59] [133/459] SSGT
[01:46:00] [134/459] KCTK
[01:46:01] [135/459] ZTKC
[01:46:03] [136/459] MMTA
[01:46:04] [137/459] MAJT
[01:46:04] [138/459] ACPK
[01:46:05] [139/459] JMAX
[01:46:06] [140/459] SETK
[01:46:07] [141/459] CAIS
[01:46:08] [142/459] AGCD
[01:46:08] [143/459] URCL
[01:46:09] [144/459] VTDS
[01:46:10] [145/459] JCNM
[01:46:11] [146/459] KCAM
[01:46:12] [147/459] ADCU
[01:46:13] [148/459] GXYN
[01:46:13] [149/459] SMJG
[01:46:14] [150/459] EYCJ
[01:46:15] [151/459] CCEJ
[01:46:16] [152/459] MARS
[01:46:17] [153/459] CPVJ
[01:46:18] [154/459] INVP
[01:46:19] [155/459] CPOV
[01:46:19] [156/459] VIJK
[01:46:20] [157/459] LAIM
[01:46:21] [158/459] STHV
[01:46:22] [159/459] SVLJ
[01:46:22] [160/459] ATVJ
[01:46:23] [161/459] JTSC
[01:46:24] [162/459] RMTV
[01:46:25] [163/459] MGGG
[01:46:25] [164/459] SWTH
[01:46:27] [165/459] INVJ
[01:46:28] [166/459] PRSV
[01:46:30] [167/459] JATV
[01:46:30] [168/459] RCVD
[01:46:31] [169/459] BDMA
[01:46:32] [170/459] BLJI
[01:46:33] [171/459] SWOT
[01:46:34] [172/459] SWRN
[01:46:34] [173/459] TVRA
[01:46:35] [174/459] VCSV
[01:46:36] [175/459] NVRN
[01:46:37] [176/459] SIKC
[01:46:38] [177/459] VAKR
[01:46:39] [178/459] SYLN
[01:46:39] [179/459] KLJL
[01:46:40] [180/459] LKMY
[01:46:41] [181/459] VSLY
[01:46:42] [182/459] CIKO
[01:46:43] [183/459] GPBG
[01:46:44] [184/459] CECM
[01:46:45] [185/459] SLKB
[01:46:46] [186/459] MTBO
[01:46:46] [187/459] SSHB
[01:46:47] [188/459] VPCS
[01:46:48] [189/459] RCSR
[01:46:49] [190/459] RJRM
[01:46:50] [191/459] KPPB
[01:46:51] [192/459] SEDC
[01:46:52] [193/459] SCAI
[01:46:53] [194/459] RMTR
[01:46:54] [195/459] ASST
[01:46:55] [196/459] GCAK
[01:46:55] [197/459] ANNK
[01:46:56] [198/459] KDDF
[01:46:57] [199/459] NRDP
[01:46:58] [200/459] PLAK
[01:46:59] [201/459] GCMC
[01:47:00] [202/459] ALPY
[01:47:02] [203/459] SICE
[01:47:03] [204/459] SISR
[01:47:04] [205/459] SRPZ
[01:47:05] [206/459] SRSW
[01:47:05] [207/459] SUYA
[01:47:06] [208/459] AMMT
[01:47:07] [209/459] BHCU
[01:47:08] [210/459] KLPA
[01:47:09] [211/459] NVKH
[01:47:10] [212/459] JMRC
[01:47:11] [213/459] KTTT
[01:47:12] [214/459] MAGH
[01:47:13] [215/459] MMMX
[01:47:14] [216/459] SALJ
[01:47:16] [217/459] GTJA
[01:47:16] [218/459] MAHT
[01:47:17] [219/459] SSNN
[01:47:18] [220/459] ARRP
[01:47:19] [221/459] ATNS
[01:47:20] [222/459] SKDT
[01:47:21] [223/459] ACAT
[01:47:22] [224/459] APRC
[01:47:23] [225/459] SWAG
[01:47:24] [226/459] SDPT
[01:47:25] [227/459] STPS
[01:47:26] [228/459] WWCZ
[01:47:27] [229/459] LLCH
[01:47:28] [230/459] MZHA
[01:47:30] [231/459] CRJG
[01:47:31] [232/459] JGTK
[01:47:32] [233/459] KCSR
[01:47:32] [234/459] CHTL
[01:47:33] [235/459] EDSR
[01:47:34] [236/459] CSWO
[01:47:35] [237/459] CPVM
[01:47:36] [238/459] MXBY
[01:47:37] [239/459] FMMA
[01:47:38] [240/459] POVI
[01:47:39] [241/459] MTHB
[01:47:40] [242/459] INRC
[01:47:41] [243/459] PIPP
[01:47:42] [244/459] BMXC
[01:47:42] [245/459] PCMM
[01:47:44] [246/459] PMKM
[01:47:45] [247/459] GATY
[01:47:46] [248/459] IMCM
[01:47:47] [249/459] POPE
[01:47:48] [250/459] MTCR
[01:47:49] [251/459] PVAE
[01:47:50] [252/459] PVMI
[01:47:50] [253/459] CPNM
[01:47:51] [254/459] FMRL
[01:47:52] [255/459] MCIW
[01:47:53] [256/459] MXBO
[01:47:54] [257/459] FMKY
[01:47:55] [258/459] FMDA
[01:47:55] [259/459] THAB
[01:47:56] [260/459] PRCW
[01:47:57] [261/459] PITI
[01:47:58] [262/459] MCFF
[01:48:00] [263/459] PDDV
[01:48:01] [264/459] MCRM
[01:48:02] [265/459] KKMB
[01:48:03] [266/459] INKO
[01:48:05] [267/459] PLXP
[01:48:06] [268/459] MMHA
[01:48:07] [269/459] FMVS
[01:48:08] [270/459] POLM
[01:48:08] [271/459] STER
[01:48:09] [272/459] PVWJ
[01:48:10] [273/459] IMJW
[01:48:11] [274/459] FNAN
[01:48:12] [275/459] CAGL
[01:48:13] [276/459] IPBG
[01:48:14] [277/459] SMFV
[01:48:15] [278/459] MMMR
[01:48:16] [279/459] MMWM
[01:48:17] [280/459] FNCM
[01:48:19] [281/459] MDVA
[01:48:20] [282/459] MMET
[01:48:21] [283/459] MIDO
[01:48:22] [284/459] INNP
[01:48:23] [285/459] MIFU
[01:48:24] [286/459] MMSZ
[01:48:25] [287/459] BMXA
[01:48:26] [288/459] MCAA
[01:48:26] [289/459] SCVP
[01:48:27] [290/459] PLUS
[01:48:28] [291/459] MUCK
[01:48:29] [292/459] MTMA
[01:48:30] [293/459] HPVR
[01:48:30] [294/459] PMPK
[01:48:31] [295/459] MAJB
[01:48:33] [296/459] CTRR
[01:48:34] [297/459] MCTG
[01:48:35] [298/459] MACE
[01:48:36] [299/459] AAAS
[01:48:36] [300/459] CPVV
[01:48:37] [301/459] RCHG
[01:48:38] [302/459] MCNE
[01:48:39] [303/459] EMNC
[01:48:40] [304/459] MCAN
[01:48:41] [305/459] TCDM
[01:48:42] [306/459] IRGT
[01:48:42] [307/459] GCMG
[01:48:43] [308/459] MXSN
[01:48:44] [309/459] MXCK
[01:48:45] [310/459] MCRC
[01:48:45] [311/459] RSMI
[01:48:46] [312/459] WAML
[01:48:47] [313/459] MTSC
[01:48:48] [314/459] FMDR
[01:48:49] [315/459] LEPV
[01:48:49] [316/459] MTGD
[01:48:50] [317/459] IMOB
[01:48:51] [318/459] CLMM
[01:48:53] [319/459] PZCD
[01:48:54] [320/459] GOCS
[01:48:55] [321/459] KCMA
[01:48:56] [322/459] CCMP
[01:48:56] [323/459] MTSU
[01:48:57] [324/459] SNGL
[01:48:59] [325/459] MMMC
[01:49:00] [326/459] MMAA
[01:49:00] [327/459] GCDM
[01:49:01] [328/459] KTMV
[01:49:03] [329/459] AETE
[01:49:04] [330/459] OMCS
[01:49:04] [331/459] GDCD
[01:49:05] [332/459] NYMD
[01:49:06] [333/459] RNCV
[01:49:07] [334/459] KKMT
[01:49:07] [335/459] GDTH
[01:49:08] [336/459] KMMV
[01:49:09] [337/459] NHCG
[01:49:10] [338/459] PJDW
[01:49:12] [339/459] MMCV
[01:49:13] [340/459] FQSA
[01:49:14] [341/459] KURL
[01:49:15] [342/459] NNNX
[01:49:16] [343/459] AMAU
[01:49:17] [344/459] VVVM
[01:49:18] [345/459] VECU
[01:49:19] [346/459] WCVR
[01:49:20] [347/459] MTGG
[01:49:21] [348/459] SGTG
[01:49:22] [349/459] MNTG
[01:49:23] [350/459] JDDG
[01:49:23] [351/459] MBTK
[01:49:24] [352/459] SGCD
[01:49:25] [353/459] MCTC
[01:49:27] [354/459] JTPC
[01:49:28] [355/459] SDKT
[01:49:29] [356/459] KRCC
[01:49:30] [357/459] RMMD
[01:49:30] [358/459] AAME
[01:49:31] [359/459] TMWC
[01:49:32] [360/459] NRWY
[01:49:33] [361/459] CITD
[01:49:34] [362/459] VERD
[01:49:35] [363/459] MKSK
[01:49:36] [364/459] STSM
[01:49:37] [365/459] MJDG
[01:49:38] [366/459] RKPM
[01:49:39] [367/459] SSCE
[01:49:39] [368/459] VMAE
[01:49:40] [369/459] SBRU
[01:49:41] [370/459] AMBC
[01:49:42] [371/459] AMLU
[01:49:43] [372/459] INVZ
[01:49:44] [373/459] LGTV
[01:49:46] [374/459] SVAD
[01:49:46] [375/459] SMSA
[01:49:47] [376/459] SPCZ
[01:49:48] [377/459] GTCX
[01:49:49] [378/459] SCSL
[01:49:50] [379/459] SAHU
[01:49:50] [380/459] NCDA
[01:49:51] [381/459] SCCG
[01:49:52] [382/459] VKTL
[01:49:53] [383/459] PUUJ
[01:49:55] [384/459] STEJ
[01:49:56] [385/459] RJAL
[01:49:56] [386/459] ACJC
[01:49:57] [387/459] VTHC
[01:49:58] [388/459] ARVB
[01:49:59] [389/459] AUBB
[01:50:00] [390/459] GDBR
[01:50:01] [391/459] PVND
[01:50:02] [392/459] BGRJ
[01:50:02] [393/459] RJMM
[01:50:03] [394/459] MCSA
[01:50:04] [395/459] BODA
[01:50:05] [396/459] JAGG
[01:50:06] [397/459] SCGA
[01:50:07] [398/459] LRCM
[01:50:08] [399/459] CPCN
[01:50:08] [400/459] SSTF
[01:50:09] [401/459] SRXP
[01:50:10] [402/459] CNFX
[01:50:11] [403/459] ANDI
[01:50:11] [404/459] SYEW
[01:50:12] [405/459] RCRE
[01:50:13] [406/459] SCRW
[01:50:14] [407/459] MBKR
[01:50:15] [408/459] ASNT
[01:50:16] [409/459] JTMT
[01:50:17] [410/459] SHAY
[01:50:18] [411/459] VRTH
[01:50:19] [412/459] SPTI
[01:50:20] [413/459] DPTD
[01:50:20] [414/459] TGSN
[01:50:21] [415/459] RCWV
[01:50:22] [416/459] OCUR
[01:50:23] [417/459] KSTC
[01:50:24] [418/459] SANI
[01:50:25] [419/459] MLCA
[01:50:26] [420/459] EGCA
[01:50:26] [421/459] SYSN
[01:50:27] [422/459] PKTA
[01:50:28] [423/459] PRCC
[01:50:29] [424/459] KSTR
[01:50:30] [425/459] SNTP
[01:50:31] [426/459] RCHA
[01:50:31] [427/459] SEEA
[01:50:32] [428/459] ALAT
[01:50:33] [429/459] AATV
[01:50:34] [430/459] RJTE
[01:50:35] [431/459] AAPP
[01:50:36] [432/459] PMMH
[01:50:36] [433/459] INRJ
[01:50:37] [434/459] SARB
[01:50:38] [435/459] PCJL
[01:50:39] [436/459] PFJJ
[01:50:41] [437/459] GRDC
[01:50:42] [438/459] BCBA
[01:50:42] [439/459] VIXL
[01:50:43] [440/459] CSTL
[01:50:44] [441/459] MTDK
[01:50:45] [442/459] TDAC
[01:50:46] [443/459] GTDN
[01:50:47] [444/459] TTDE
[01:50:47] [445/459] ASTS
[01:50:48] [446/459] CPNS
[01:50:49] [447/459] PVVW
[01:50:50] [448/459] USEB
[01:50:51] [449/459] DTYN
[01:50:52] [450/459] PVLE
[01:50:53] [451/459] CIPS
[01:50:54] [452/459] PAEG
[01:50:56] [453/459] PTCW
[01:50:57] [454/459] G3SR
[01:50:58] [455/459] PGND
[01:50:59] [456/459] INVM
[01:50:59] [457/459] SPIA
[01:51:00] [458/459] PCSN
[01:51:01] [459/459] PPGV
[01:51:02] ✅ DONE | Shows=2 | Movies=1
[02:42:28] 🚀 BMS DAILY TRACKER STARTED
[02:42:28] [1/459] FNDB
[02:42:28] 🧠 New identity
[02:42:29] [2/459] AMBH
[02:42:29] [3/459] PRHN
[02:42:30] [4/459] ACPM
[02:42:31] [5/459] PVFS
[02:42:32] [6/459] AACN
[02:42:34] [7/459] ACAS
[02:42:34] [8/459] CTNR
[02:42:35] [9/459] MMAH
[02:42:36] [10/459] CPMH
[02:42:37] [11/459] IGMH
[02:42:38] [12/459] ABCS
[02:42:39] [13/459] CMMA
[02:42:40] [14/459] GPRH
[02:42:41] [15/459] PNNG
[02:42:42] [16/459] AMCA
[02:42:43] [17/459] ISTN
[02:42:44] [18/459] PIIC
[02:42:44] [19/459] AHMH
[02:42:46] [20/459] ASHN
[02:42:47] [21/459] INHY
[02:42:47] [22/459] SRMO
[02:42:48] [23/459] PIMH
[02:42:49] [24/459] PVTS
[02:42:50] [25/459] MMCA
[02:42:51] [26/459] AKYJ
[02:42:52] [27/459] BRKH
[02:42:53] [28/459] MAHM
[02:42:54] [29/459] CPHY
[02:42:54] [30/459] PVTP
[02:42:55] [31/459] SMMR
[02:42:57] [32/459] PVHM
[02:42:57] [33/459] SNDY
[02:42:58] [34/459] GOKU
[02:42:59] [35/459] ACEV
[02:43:00] [36/459] PVUM
[02:43:01] [37/459] VSWA
[02:43:02] [38/459] IPRS
[02:43:03] [39/459] ASGN
[02:43:04] [40/459] BKMV
[02:43:05] [41/459] PVYH
[02:43:06] [42/459] INKM
[02:43:06] [43/459] ARJU
[02:43:07] [44/459] JJPP
[02:43:08] [45/459] SSRM
[02:43:09] [46/459] HMHD
[02:43:10] [47/459] SNKH
[02:43:11] [48/459] ACHI
[02:43:11] [49/459] MRAA
[02:43:12] [50/459] INMH
[02:43:13] [51/459] ARMH
[02:43:13] [52/459] DVRR
[02:43:14] [53/459] SUDA
[02:43:15] [54/459] MCSS
[02:43:16] [55/459] VRKC
[02:43:17] [56/459] PRCX
[02:43:18] [57/459] ASJY
[02:43:18] [58/459] MTHY
[02:43:19] [59/459] SRCM
[02:43:20] [60/459] TVHY
[02:43:21] [61/459] STHD
[02:43:22] [62/459] CPCL
[02:43:22] [63/459] PSMJ
[02:43:24] [64/459] MRGT
[02:43:25] [65/459] ARYH
[02:43:26] [66/459] VTRB
[02:43:27] [67/459] SCHC
[02:43:28] [68/459] MRRG
[02:43:29] [69/459] SPCB
[02:43:29] [70/459] AMCM
[02:43:30] [71/459] IVNM
[02:43:31] [72/459] TRHY
[02:43:32] [73/459] PTTH
[02:43:32] [74/459] RKMH
[02:43:33] [75/459] PRCS
[02:43:34] [76/459] VAJA
[02:43:35] [77/459] BJNG
[02:43:36] [78/459] SCVM
[02:43:37] [79/459] GNHB
[02:43:38] [80/459] TLUR
[02:43:40] [81/459] UKCC
[02:43:41] [82/459] SRKR
[02:43:41] [83/459] RMKN
[02:43:42] [84/459] SLRT
[02:43:43] [85/459] LKMT
[02:43:44] [86/459] SSRJ
[02:43:45] [87/459] SPHT
[02:43:46] [88/459] ANTT
[02:43:47] [89/459] SRCH
[02:43:47] [90/459] SRCA
[02:43:48] [91/459] ARTH
[02:43:49] [92/459] MCBH
[02:43:50] [93/459] SNIB
[02:43:51] [94/459] SART
[02:43:52] [95/459] SKTA
[02:43:53] [96/459] YAKT
[02:43:54] [97/459] MLCK
[02:43:55] [98/459] ANTS
[02:43:56] [99/459] DGCA
[02:43:56] [100/459] SGMP
[02:43:58] [101/459] ASWN
[02:43:59] [102/459] KFVU
[02:44:00] [103/459] POOR
[02:44:01] [104/459] GKDN
[02:44:02] [105/459] EOSE
[02:44:03] [106/459] GTTT
[02:44:04] [107/459] ARRO
[02:44:05] [108/459] CMMK
[02:44:06] [109/459] MSCN
[02:44:07] [110/459] GDKH
[02:44:08] [111/459] DLMT
[02:44:09] [112/459] PVMF
[02:44:09] [113/459] CPCK
[02:44:10] [114/459] VMHE
[02:44:11] [115/459] PVLC
[02:44:12] [116/459] PCVB
[02:44:13] [117/459] SNYK
[02:44:14] [118/459] KTEK
[02:44:15] [119/459] PCNM
[02:44:15] [120/459] NTTR
[02:44:16] [121/459] CPSK
[02:44:17] [122/459] JMMA
[02:44:18] [123/459] GCFK
[02:44:20] [124/459] MYCA
[02:44:21] [125/459] KSNP
[02:44:21] [126/459] PMCE
[02:44:22] [127/459] SCKI
[02:44:23] [128/459] FSMA
[02:44:23] [129/459] CETA
[02:44:24] [130/459] MCIK
[02:44:25] [131/459] MYCR
[02:44:27] [132/459] EVMP
[02:44:27] [133/459] SSGT
[02:44:28] [134/459] KCTK
[02:44:30] [135/459] ZTKC
[02:44:31] [136/459] MMTA
[02:44:32] [137/459] MAJT
[02:44:33] [138/459] ACPK
[02:44:33] [139/459] JMAX
[02:44:34] [140/459] SETK
[02:44:35] [141/459] CAIS
[02:44:36] [142/459] AGCD
[02:44:37] [143/459] URCL
[02:44:37] [144/459] VTDS
[02:44:38] [145/459] JCNM
[02:44:39] [146/459] KCAM
[02:44:40] [147/459] ADCU
[02:44:41] [148/459] GXYN
[02:44:42] [149/459] SMJG
[02:44:43] [150/459] EYCJ
[02:44:45] [151/459] CCEJ
[02:44:46] [152/459] MARS
[02:44:47] [153/459] CPVJ
[02:44:48] [154/459] INVP
[02:44:49] [155/459] CPOV
[02:44:49] [156/459] VIJK
[02:44:50] [157/459] LAIM
[02:44:51] [158/459] STHV
[02:44:53] [159/459] SVLJ
[02:44:53] [160/459] ATVJ
[02:44:54] [161/459] JTSC
[02:44:55] [162/459] RMTV
[02:44:56] [163/459] MGGG
[02:44:57] [164/459] SWTH
[02:44:58] [165/459] INVJ
[02:44:59] [166/459] PRSV
[02:45:00] [167/459] JATV
[02:45:01] [168/459] RCVD
[02:45:01] [169/459] BDMA
[02:45:02] [170/459] BLJI
[02:45:03] [171/459] SWOT
[02:45:04] [172/459] SWRN
[02:45:05] [173/459] TVRA
[02:45:06] [174/459] VCSV
[02:45:07] [175/459] NVRN
[02:45:08] [176/459] SIKC
[02:45:08] [177/459] VAKR
[02:45:09] [178/459] SYLN
[02:45:10] [179/459] KLJL
[02:45:11] [180/459] LKMY
[02:45:11] [181/459] VSLY
[02:45:12] [182/459] CIKO
[02:45:13] [183/459] GPBG
[02:45:14] [184/459] CECM
[02:45:16] [185/459] SLKB
[02:45:16] [186/459] MTBO
[02:45:17] [187/459] SSHB
[02:45:18] [188/459] VPCS
[02:45:19] [189/459] RCSR
[02:45:20] [190/459] RJRM
[02:45:21] [191/459] KPPB
[02:45:22] [192/459] SEDC
[02:45:23] [193/459] SCAI
[02:45:24] [194/459] RMTR
[02:45:26] [195/459] ASST
[02:45:26] [196/459] GCAK
[02:45:27] [197/459] ANNK
[02:45:28] [198/459] KDDF
[02:45:29] [199/459] NRDP
[02:45:29] [200/459] PLAK
[02:45:31] [201/459] GCMC
[02:45:32] [202/459] ALPY
[02:45:33] [203/459] SICE
[02:45:33] [204/459] SISR
[02:45:34] [205/459] SRPZ
[02:45:35] [206/459] SRSW
[02:45:36] [207/459] SUYA
[02:45:37] [208/459] AMMT
[02:45:38] [209/459] BHCU
[02:45:38] [210/459] KLPA
[02:45:39] [211/459] NVKH
[02:45:40] [212/459] JMRC
[02:45:41] [213/459] KTTT
[02:45:42] [214/459] MAGH
[02:45:43] [215/459] MMMX
[02:45:43] [216/459] SALJ
[02:45:44] [217/459] GTJA
[02:45:46] [218/459] MAHT
[02:45:46] [219/459] SSNN
[02:45:47] [220/459] ARRP
[02:45:48] [221/459] ATNS
[02:45:49] [222/459] SKDT
[02:45:50] [223/459] ACAT
[02:45:50] [224/459] APRC
[02:45:51] [225/459] SWAG
[02:45:52] [226/459] SDPT
[02:45:54] [227/459] STPS
[02:45:55] [228/459] WWCZ
[02:45:55] [229/459] LLCH
[02:45:56] [230/459] MZHA
[02:45:57] [231/459] CRJG
[02:45:58] [232/459] JGTK
[02:45:59] [233/459] KCSR
[02:46:00] [234/459] CHTL
[02:46:00] [235/459] EDSR
[02:46:01] [236/459] CSWO
[02:46:02] [237/459] CPVM
[02:46:03] [238/459] MXBY
[02:46:04] [239/459] FMMA
[02:46:05] [240/459] POVI
[02:46:06] [241/459] MTHB
[02:46:07] [242/459] INRC
[02:46:08] [243/459] PIPP
[02:46:09] [244/459] BMXC
[02:46:09] [245/459] PCMM
[02:46:10] [246/459] PMKM
[02:46:11] [247/459] GATY
[02:46:12] [248/459] IMCM
[02:46:13] [249/459] POPE
[02:46:14] [250/459] MTCR
[02:46:15] [251/459] PVAE
[02:46:16] [252/459] PVMI
[02:46:17] [253/459] CPNM
[02:46:18] [254/459] FMRL
[02:46:19] [255/459] MCIW
[02:46:20] [256/459] MXBO
[02:46:21] [257/459] FMKY
[02:46:21] [258/459] FMDA
[02:46:22] [259/459] THAB
[02:46:23] [260/459] PRCW
[02:46:24] [261/459] PITI
[02:46:25] [262/459] MCFF
[02:46:26] [263/459] PDDV
[02:46:27] [264/459] MCRM
[02:46:28] [265/459] KKMB
[02:46:30] [266/459] INKO
[02:46:30] [267/459] PLXP
[02:46:31] [268/459] MMHA
[02:46:32] [269/459] FMVS
[02:46:32] [270/459] POLM
[02:46:33] [271/459] STER
[02:46:34] [272/459] PVWJ
[02:46:35] [273/459] IMJW
[02:46:36] [274/459] FNAN
[02:46:36] [275/459] CAGL
[02:46:37] [276/459] IPBG
[02:46:38] [277/459] SMFV
[02:46:39] [278/459] MMMR
[02:46:39] [279/459] MMWM
[02:46:41] [280/459] FNCM
[02:46:42] [281/459] MDVA
[02:46:42] [282/459] MMET
[02:46:43] [283/459] MIDO
[02:46:44] [284/459] INNP
[02:46:45] [285/459] MIFU
[02:46:46] [286/459] MMSZ
[02:46:47] [287/459] BMXA
[02:46:47] [288/459] MCAA
[02:46:49] [289/459] SCVP
[02:46:50] [290/459] PLUS
[02:46:51] [291/459] MUCK
[02:46:51] [292/459] MTMA
[02:46:53] [293/459] HPVR
[02:46:53] [294/459] PMPK
[02:46:54] [295/459] MAJB
[02:46:55] [296/459] CTRR
[02:46:56] [297/459] MCTG
[02:46:57] [298/459] MACE
[02:46:58] [299/459] AAAS
[02:46:59] [300/459] CPVV
[02:47:00] [301/459] RCHG
[02:47:00] [302/459] MCNE
[02:47:01] [303/459] EMNC
[02:47:02] [304/459] MCAN
[02:47:03] [305/459] TCDM
[02:47:04] [306/459] IRGT
[02:47:05] [307/459] GCMG
[02:47:06] [308/459] MXSN
[02:47:07] [309/459] MXCK
[02:47:08] [310/459] MCRC
[02:47:09] [311/459] RSMI
[02:47:09] [312/459] WAML
[02:47:10] [313/459] MTSC
[02:47:12] [314/459] FMDR
[02:47:13] [315/459] LEPV
[02:47:13] [316/459] MTGD
[02:47:14] [317/459] IMOB
[02:47:15] [318/459] CLMM
[02:47:16] [319/459] PZCD
[02:47:17] [320/459] GOCS
[02:47:18] [321/459] KCMA
[02:47:19] [322/459] CCMP
[02:47:19] [323/459] MTSU
[02:47:20] [324/459] SNGL
[02:47:21] [325/459] MMMC
[02:47:23] [326/459] MMAA
[02:47:23] [327/459] GCDM
[02:47:24] [328/459] KTMV
[02:47:25] [329/459] AETE
[02:47:26] [330/459] OMCS
[02:47:27] [331/459] GDCD
[02:47:28] [332/459] NYMD
[02:47:28] [333/459] RNCV
[02:47:29] [334/459] KKMT
[02:47:30] [335/459] GDTH
[02:47:31] [336/459] KMMV
[02:47:31] [337/459] NHCG
[02:47:32] [338/459] PJDW
[02:47:33] [339/459] MMCV
[02:47:34] [340/459] FQSA
[02:47:35] [341/459] KURL
[02:47:35] [342/459] NNNX
[02:47:36] [343/459] AMAU
[02:47:37] [344/459] VVVM
[02:47:37] [345/459] VECU
[02:47:38] [346/459] WCVR
[02:47:39] [347/459] MTGG
[02:47:40] [348/459] SGTG
[02:47:41] [349/459] MNTG
[02:47:42] [350/459] JDDG
[02:47:42] [351/459] MBTK
[02:47:43] [352/459] SGCD
[02:47:44] [353/459] MCTC
[02:47:44] [354/459] JTPC
[02:47:45] [355/459] SDKT
[02:47:46] [356/459] KRCC
[02:47:47] [357/459] RMMD
[02:47:48] [358/459] AAME
[02:47:48] [359/459] TMWC
[02:47:49] [360/459] NRWY
[02:47:50] [361/459] CITD
[02:47:51] [362/459] VERD
[02:47:52] [363/459] MKSK
[02:47:53] [364/459] STSM
[02:47:54] [365/459] MJDG
[02:47:54] [366/459] RKPM
[02:47:56] [367/459] SSCE
[02:47:57] [368/459] VMAE
[02:47:57] [369/459] SBRU
[02:47:58] [370/459] AMBC
[02:47:59] [371/459] AMLU
[02:48:00] [372/459] INVZ
[02:48:00] [373/459] LGTV
[02:48:01] [374/459] SVAD
[02:48:02] [375/459] SMSA
[02:48:03] [376/459] SPCZ
[02:48:03] [377/459] GTCX
[02:48:04] [378/459] SCSL
[02:48:05] [379/459] SAHU
[02:48:06] [380/459] NCDA
[02:48:07] [381/459] SCCG
[02:48:07] [382/459] VKTL
[02:48:08] [383/459] PUUJ
[02:48:09] [384/459] STEJ
[02:48:10] [385/459] RJAL
[02:48:11] [386/459] ACJC
[02:48:12] [387/459] VTHC
[02:48:13] [388/459] ARVB
[02:48:14] [389/459] AUBB
[02:48:15] [390/459] GDBR
[02:48:15] [391/459] PVND
[02:48:17] [392/459] BGRJ
[02:48:18] [393/459] RJMM
[02:48:19] [394/459] MCSA
[02:48:20] [395/459] BODA
[02:48:21] [396/459] JAGG
[02:48:22] [397/459] SCGA
[02:48:24] [398/459] LRCM
[02:48:25] [399/459] CPCN
[02:48:26] [400/459] SSTF
[02:48:27] [401/459] SRXP
[02:48:28] [402/459] CNFX
[02:48:28] [403/459] ANDI
[02:48:29] [404/459] SYEW
[02:48:30] [405/459] RCRE
[02:48:30] [406/459] SCRW
[02:48:31] [407/459] MBKR
[02:48:32] [408/459] ASNT
[02:48:33] [409/459] JTMT
[02:48:34] [410/459] SHAY
[02:48:35] [411/459] VRTH
[02:48:36] [412/459] SPTI
[02:48:37] [413/459] DPTD
[02:48:37] [414/459] TGSN
[02:48:38] [415/459] RCWV
[02:48:39] [416/459] OCUR
[02:48:40] [417/459] KSTC
[02:48:41] [418/459] SANI
[02:48:41] [419/459] MLCA
[02:48:42] [420/459] EGCA
[02:48:43] [421/459] SYSN
[02:48:44] [422/459] PKTA
[02:48:46] [423/459] PRCC
[02:48:46] [424/459] KSTR
[02:48:47] [425/459] SNTP
[02:48:48] [426/459] RCHA
[02:48:49] [427/459] SEEA
[02:48:49] [428/459] ALAT
[02:48:50] [429/459] AATV
[02:48:51] [430/459] RJTE
[02:48:52] [431/459] AAPP
[02:48:53] [432/459] PMMH
[02:48:54] [433/459] INRJ
[02:48:55] [434/459] SARB
[02:48:56] [435/459] PCJL
[02:48:58] [436/459] PFJJ
[02:48:58] [437/459] GRDC
[02:49:00] [438/459] BCBA
[02:49:01] [439/459] VIXL
[02:49:02] [440/459] CSTL
[02:49:03] [441/459] MTDK
[02:49:03] [442/459] TDAC
[02:49:04] [443/459] GTDN
[02:49:05] [444/459] TTDE
[02:49:06] [445/459] ASTS
[02:49:07] [446/459] CPNS
[02:49:08] [447/459] PVVW
[02:49:09] [448/459] USEB
[02:49:09] [449/459] DTYN
[02:49:10] [450/459] PVLE
[02:49:11] [451/459] CIPS
[02:49:12] [452/459] PAEG
[02:49:13] [453/459] PTCW
[02:49:14] [454/459] G3SR
[02:49:15] [455/459] PGND
[02:49:16] [456/459] INVM
[02:49:17] [457/459] SPIA
[02:49:18] [458/459] PCSN
[02:49:19] [459/459] PPGV
[02:49:19] ✅ DONE | Shows=2 | Movies=1
[03:42:44] 🚀 BMS DAILY TRACKER STARTED
[03:42:44] [1/459] FNDB
[03:42:44] 🧠 New identity
[03:42:45] [2/459] AMBH
[03:42:46] [3/459] PRHN
[03:42:47] [4/459] ACPM
[03:42:48] [5/459] PVFS
[03:42:49] [6/459] AACN
[03:42:50] [7/459] ACAS
[03:42:51] [8/459] CTNR
[03:42:52] [9/459] MMAH
[03:42:53] [10/459] CPMH
[03:42:53] [11/459] IGMH
[03:42:54] [12/459] ABCS
[03:42:55] [13/459] CMMA
[03:42:56] [14/459] GPRH
[03:42:58] [15/459] PNNG
[03:42:58] [16/459] AMCA
[03:42:59] [17/459] ISTN
[03:43:00] [18/459] PIIC
[03:43:01] [19/459] AHMH
[03:43:02] [20/459] ASHN
[03:43:03] [21/459] INHY
[03:43:05] [22/459] SRMO
[03:43:06] [23/459] PIMH
[03:43:06] [24/459] PVTS
[03:43:07] [25/459] MMCA
[03:43:08] [26/459] AKYJ
[03:43:10] [27/459] BRKH
[03:43:11] [28/459] MAHM
[03:43:12] [29/459] CPHY
[03:43:12] [30/459] PVTP
[03:43:13] [31/459] SMMR
[03:43:14] [32/459] PVHM
[03:43:15] [33/459] SNDY
[03:43:16] [34/459] GOKU
[03:43:17] [35/459] ACEV
[03:43:18] [36/459] PVUM
[03:43:19] [37/459] VSWA
[03:43:20] [38/459] IPRS
[03:43:21] [39/459] ASGN
[03:43:22] [40/459] BKMV
[03:43:22] [41/459] PVYH
[03:43:23] [42/459] INKM
[03:43:24] [43/459] ARJU
[03:43:26] [44/459] JJPP
[03:43:27] [45/459] SSRM
[03:43:28] [46/459] HMHD
[03:43:29] [47/459] SNKH
[03:43:29] [48/459] ACHI
[03:43:30] [49/459] MRAA
[03:43:31] [50/459] INMH
[03:43:32] [51/459] ARMH
[03:43:33] [52/459] DVRR
[03:43:34] [53/459] SUDA
[03:43:35] [54/459] MCSS
[03:43:36] [55/459] VRKC
[03:43:38] [56/459] PRCX
[03:43:38] [57/459] ASJY
[03:43:39] [58/459] MTHY
[03:43:40] [59/459] SRCM
[03:43:41] [60/459] TVHY
[03:43:42] [61/459] STHD
[03:43:43] [62/459] CPCL
[03:43:44] [63/459] PSMJ
[03:43:45] [64/459] MRGT
[03:43:46] [65/459] ARYH
[03:43:47] [66/459] VTRB
[03:43:47] [67/459] SCHC
[03:43:48] [68/459] MRRG
[03:43:49] [69/459] SPCB
[03:43:50] [70/459] AMCM
[03:43:51] [71/459] IVNM
[03:43:52] [72/459] TRHY
[03:43:53] [73/459] PTTH
[03:43:53] [74/459] RKMH
[03:43:54] [75/459] PRCS
[03:43:55] [76/459] VAJA
[03:43:56] [77/459] BJNG
[03:43:57] [78/459] SCVM
[03:43:57] [79/459] GNHB
[03:43:58] [80/459] TLUR
[03:43:59] [81/459] UKCC
[03:44:00] [82/459] SRKR
[03:44:02] [83/459] RMKN
[03:44:03] [84/459] SLRT
[03:44:03] [85/459] LKMT
[03:44:04] [86/459] SSRJ
[03:44:05] [87/459] SPHT
[03:44:06] [88/459] ANTT
[03:44:06] [89/459] SRCH
[03:44:07] [90/459] SRCA
[03:44:08] [91/459] ARTH
[03:44:09] [92/459] MCBH
[03:44:10] [93/459] SNIB
[03:44:11] [94/459] SART
[03:44:11] [95/459] SKTA
[03:44:12] [96/459] YAKT
[03:44:13] [97/459] MLCK
[03:44:14] [98/459] ANTS
[03:44:15] [99/459] DGCA
[03:44:16] [100/459] SGMP
[03:44:17] [101/459] ASWN
[03:44:17] [102/459] KFVU
[03:44:18] [103/459] POOR
[03:44:19] [104/459] GKDN
[03:44:20] [105/459] EOSE
[03:44:21] [106/459] GTTT
[03:44:21] [107/459] ARRO
[03:44:22] [108/459] CMMK
[03:44:23] [109/459] MSCN
[03:44:24] [110/459] GDKH
[03:44:24] [111/459] DLMT
[03:44:25] [112/459] PVMF
[03:44:26] [113/459] CPCK
[03:44:27] [114/459] VMHE
[03:44:28] [115/459] PVLC
[03:44:29] [116/459] PCVB
[03:44:30] [117/459] SNYK
[03:44:31] [118/459] KTEK
[03:44:31] [119/459] PCNM
[03:44:32] [120/459] NTTR
[03:44:33] [121/459] CPSK
[03:44:34] [122/459] JMMA
[03:44:35] [123/459] GCFK
[03:44:36] [124/459] MYCA
[03:44:37] [125/459] KSNP
[03:44:37] [126/459] PMCE
[03:44:38] [127/459] SCKI
[03:44:39] [128/459] FSMA
[03:44:40] [129/459] CETA
[03:44:42] [130/459] MCIK
[03:44:42] [131/459] MYCR
[03:44:43] [132/459] EVMP
[03:44:44] [133/459] SSGT
[03:44:45] [134/459] KCTK
[03:44:46] [135/459] ZTKC
[03:44:46] [136/459] MMTA
[03:44:47] [137/459] MAJT
[03:44:48] [138/459] ACPK
[03:44:49] [139/459] JMAX
[03:44:50] [140/459] SETK
[03:44:51] [141/459] CAIS
[03:44:52] [142/459] AGCD
[03:44:52] [143/459] URCL
[03:44:53] [144/459] VTDS
[03:44:54] [145/459] JCNM
[03:44:55] [146/459] KCAM
[03:44:56] [147/459] ADCU
[03:44:56] [148/459] GXYN
[03:44:57] [149/459] SMJG
[03:44:58] [150/459] EYCJ
[03:44:59] [151/459] CCEJ
[03:45:00] [152/459] MARS
[03:45:01] [153/459] CPVJ
[03:45:02] [154/459] INVP
[03:45:02] [155/459] CPOV
[03:45:03] [156/459] VIJK
[03:45:04] [157/459] LAIM
[03:45:05] [158/459] STHV
[03:45:06] [159/459] SVLJ
[03:45:07] [160/459] ATVJ
[03:45:07] [161/459] JTSC
[03:45:08] [162/459] RMTV
[03:45:09] [163/459] MGGG
[03:45:10] [164/459] SWTH
[03:45:11] [165/459] INVJ
[03:45:12] [166/459] PRSV
[03:45:13] [167/459] JATV
[03:45:15] [168/459] RCVD
[03:45:15] [169/459] BDMA
[03:45:16] [170/459] BLJI
[03:45:17] [171/459] SWOT
[03:45:18] [172/459] SWRN
[03:45:19] [173/459] TVRA
[03:45:20] [174/459] VCSV
[03:45:21] [175/459] NVRN
[03:45:23] [176/459] SIKC
[03:45:23] [177/459] VAKR
[03:45:24] [178/459] SYLN
[03:45:25] [179/459] KLJL
[03:45:26] [180/459] LKMY
[03:45:27] [181/459] VSLY
[03:45:28] [182/459] CIKO
[03:45:29] [183/459] GPBG
[03:45:30] [184/459] CECM
[03:45:31] [185/459] SLKB
[03:45:32] [186/459] MTBO
[03:45:33] [187/459] SSHB
[03:45:34] [188/459] VPCS
[03:45:34] [189/459] RCSR
[03:45:35] [190/459] RJRM
[03:45:36] [191/459] KPPB
[03:45:38] [192/459] SEDC
[03:45:38] [193/459] SCAI
[03:45:40] [194/459] RMTR
[03:45:41] [195/459] ASST
[03:45:42] [196/459] GCAK
[03:45:43] [197/459] ANNK
[03:45:43] [198/459] KDDF
[03:45:44] [199/459] NRDP
[03:45:45] [200/459] PLAK
[03:45:46] [201/459] GCMC
[03:45:47] [202/459] ALPY
[03:45:48] [203/459] SICE
[03:45:49] [204/459] SISR
[03:45:50] [205/459] SRPZ
[03:45:51] [206/459] SRSW
[03:45:52] [207/459] SUYA
[03:45:52] [208/459] AMMT
[03:45:53] [209/459] BHCU
[03:45:54] [210/459] KLPA
[03:45:56] [211/459] NVKH
[03:45:56] [212/459] JMRC
[03:45:57] [213/459] KTTT
[03:45:58] [214/459] MAGH
[03:45:59] [215/459] MMMX
[03:45:59] [216/459] SALJ
[03:46:00] [217/459] GTJA
[03:46:01] [218/459] MAHT
[03:46:02] [219/459] SSNN
[03:46:03] [220/459] ARRP
[03:46:03] [221/459] ATNS
[03:46:04] [222/459] SKDT
[03:46:05] [223/459] ACAT
[03:46:06] [224/459] APRC
[03:46:07] [225/459] SWAG
[03:46:08] [226/459] SDPT
[03:46:09] [227/459] STPS
[03:46:10] [228/459] WWCZ
[03:46:11] [229/459] LLCH
[03:46:12] [230/459] MZHA
[03:46:13] [231/459] CRJG
[03:46:14] [232/459] JGTK
[03:46:14] [233/459] KCSR
[03:46:15] [234/459] CHTL
[03:46:16] [235/459] EDSR
[03:46:16] [236/459] CSWO
[03:46:17] [237/459] CPVM
[03:46:18] [238/459] MXBY
[03:46:19] [239/459] FMMA
[03:46:21] [240/459] POVI
[03:46:21] [241/459] MTHB
[03:46:22] [242/459] INRC
[03:46:24] [243/459] PIPP
[03:46:25] [244/459] BMXC
[03:46:26] [245/459] PCMM
[03:46:27] [246/459] PMKM
[03:46:28] [247/459] GATY
[03:46:28] [248/459] IMCM
[03:46:29] [249/459] POPE
[03:46:30] [250/459] MTCR
[03:46:31] [251/459] PVAE
[03:46:32] [252/459] PVMI
[03:46:33] [253/459] CPNM
[03:46:34] [254/459] FMRL
[03:46:36] [255/459] MCIW
[03:46:36] [256/459] MXBO
[03:46:37] [257/459] FMKY
[03:46:38] [258/459] FMDA
[03:46:39] [259/459] THAB
[03:46:39] [260/459] PRCW
[03:46:40] [261/459] PITI
[03:46:41] [262/459] MCFF
[03:46:42] [263/459] PDDV
[03:46:43] [264/459] MCRM
[03:46:44] [265/459] KKMB
[03:46:44] [266/459] INKO
[03:46:45] [267/459] PLXP
[03:46:46] [268/459] MMHA
[03:46:47] [269/459] FMVS
[03:46:48] [270/459] POLM
[03:46:49] [271/459] STER
[03:46:50] [272/459] PVWJ
[03:46:52] [273/459] IMJW
[03:46:52] [274/459] FNAN
[03:46:53] [275/459] CAGL
[03:46:54] [276/459] IPBG
[03:46:54] [277/459] SMFV
[03:46:55] [278/459] MMMR
[03:46:56] [279/459] MMWM
[03:46:57] [280/459] FNCM
[03:46:58] [281/459] MDVA
[03:46:59] [282/459] MMET
[03:47:00] [283/459] MIDO
[03:47:01] [284/459] INNP
[03:47:02] [285/459] MIFU
[03:47:03] [286/459] MMSZ
[03:47:03] [287/459] BMXA
[03:47:04] [288/459] MCAA
[03:47:06] [289/459] SCVP
[03:47:07] [290/459] PLUS
[03:47:07] [291/459] MUCK
[03:47:08] [292/459] MTMA
[03:47:09] [293/459] HPVR
[03:47:10] [294/459] PMPK
[03:47:11] [295/459] MAJB
[03:47:12] [296/459] CTRR
[03:47:14] [297/459] MCTG
[03:47:14] [298/459] MACE
[03:47:15] [299/459] AAAS
[03:47:16] [300/459] CPVV
[03:47:17] [301/459] RCHG
[03:47:18] [302/459] MCNE
[03:47:19] [303/459] EMNC
[03:47:19] [304/459] MCAN
[03:47:21] [305/459] TCDM
[03:47:22] [306/459] IRGT
[03:47:23] [307/459] GCMG
[03:47:24] [308/459] MXSN
[03:47:24] [309/459] MXCK
[03:47:25] [310/459] MCRC
[03:47:26] [311/459] RSMI
[03:47:27] [312/459] WAML
[03:47:28] [313/459] MTSC
[03:47:29] [314/459] FMDR
[03:47:30] [315/459] LEPV
[03:47:31] [316/459] MTGD
[03:47:32] [317/459] IMOB
[03:47:33] [318/459] CLMM
[03:47:34] [319/459] PZCD
[03:47:35] [320/459] GOCS
[03:47:36] [321/459] KCMA
[03:47:36] [322/459] CCMP
[03:47:37] [323/459] MTSU
[03:47:38] [324/459] SNGL
[03:47:39] [325/459] MMMC
[03:47:40] [326/459] MMAA
[03:47:40] [327/459] GCDM
[03:47:41] [328/459] KTMV
[03:47:42] [329/459] AETE
[03:47:43] [330/459] OMCS
[03:47:44] [331/459] GDCD
[03:47:44] [332/459] NYMD
[03:47:45] [333/459] RNCV
[03:47:46] [334/459] KKMT
[03:47:47] [335/459] GDTH
[03:47:48] [336/459] KMMV
[03:47:49] [337/459] NHCG
[03:47:50] [338/459] PJDW
[03:47:51] [339/459] MMCV
[03:47:52] [340/459] FQSA
[03:47:53] [341/459] KURL
[03:47:54] [342/459] NNNX
[03:47:55] [343/459] AMAU
[03:47:56] [344/459] VVVM
[03:47:57] [345/459] VECU
[03:47:57] [346/459] WCVR
[03:47:58] [347/459] MTGG
[03:47:59] [348/459] SGTG
[03:48:00] [349/459] MNTG
[03:48:01] [350/459] JDDG
[03:48:01] [351/459] MBTK
[03:48:02] [352/459] SGCD
[03:48:03] [353/459] MCTC
[03:48:04] [354/459] JTPC
[03:48:04] [355/459] SDKT
[03:48:05] [356/459] KRCC
[03:48:06] [357/459] RMMD
[03:48:08] [358/459] AAME
[03:48:09] [359/459] TMWC
[03:48:10] [360/459] NRWY
[03:48:10] [361/459] CITD
[03:48:12] [362/459] VERD
[03:48:13] [363/459] MKSK
[03:48:14] [364/459] STSM
[03:48:15] [365/459] MJDG
[03:48:16] [366/459] RKPM
[03:48:17] [367/459] SSCE
[03:48:18] [368/459] VMAE
[03:48:18] [369/459] SBRU
[03:48:19] [370/459] AMBC
[03:48:20] [371/459] AMLU
[03:48:21] [372/459] INVZ
[03:48:22] [373/459] LGTV
[03:48:23] [374/459] SVAD
[03:48:24] [375/459] SMSA
[03:48:25] [376/459] SPCZ
[03:48:26] [377/459] GTCX
[03:48:26] [378/459] SCSL
[03:48:27] [379/459] SAHU
[03:48:28] [380/459] NCDA
[03:48:29] [381/459] SCCG
[03:48:30] [382/459] VKTL
[03:48:30] [383/459] PUUJ
[03:48:31] [384/459] STEJ
[03:48:32] [385/459] RJAL
[03:48:33] [386/459] ACJC
[03:48:33] [387/459] VTHC
[03:48:34] [388/459] ARVB
[03:48:35] [389/459] AUBB
[03:48:36] [390/459] GDBR
[03:48:37] [391/459] PVND
[03:48:38] [392/459] BGRJ
[03:48:39] [393/459] RJMM
[03:48:39] [394/459] MCSA
[03:48:40] [395/459] BODA
[03:48:41] [396/459] JAGG
[03:48:42] [397/459] SCGA
[03:48:43] [398/459] LRCM
[03:48:44] [399/459] CPCN
[03:48:44] [400/459] SSTF
[03:48:45] [401/459] SRXP
[03:48:46] [402/459] CNFX
[03:48:47] [403/459] ANDI
[03:48:48] [404/459] SYEW
[03:48:49] [405/459] RCRE
[03:48:49] [406/459] SCRW
[03:48:50] [407/459] MBKR
[03:48:51] [408/459] ASNT
[03:48:52] [409/459] JTMT
[03:48:53] [410/459] SHAY
[03:48:53] [411/459] VRTH
[03:48:54] [412/459] SPTI
[03:48:55] [413/459] DPTD
[03:48:56] [414/459] TGSN
[03:48:57] [415/459] RCWV
[03:48:58] [416/459] OCUR
[03:48:59] [417/459] KSTC
[03:48:59] [418/459] SANI
[03:49:00] [419/459] MLCA
[03:49:01] [420/459] EGCA
[03:49:02] [421/459] SYSN
[03:49:03] [422/459] PKTA
[03:49:04] [423/459] PRCC
[03:49:05] [424/459] KSTR
[03:49:06] [425/459] SNTP
[03:49:07] [426/459] RCHA
[03:49:08] [427/459] SEEA
[03:49:08] [428/459] ALAT
[03:49:09] [429/459] AATV
[03:49:10] [430/459] RJTE
[03:49:11] [431/459] AAPP
[03:49:12] [432/459] PMMH
[03:49:13] [433/459] INRJ
[03:49:14] [434/459] SARB
[03:49:15] [435/459] PCJL
[03:49:15] [436/459] PFJJ
[03:49:16] [437/459] GRDC
[03:49:17] [438/459] BCBA
[03:49:18] [439/459] VIXL
[03:49:19] [440/459] CSTL
[03:49:19] [441/459] MTDK
[03:49:20] [442/459] TDAC
[03:49:21] [443/459] GTDN
[03:49:22] [444/459] TTDE
[03:49:23] [445/459] ASTS
[03:49:23] [446/459] CPNS
[03:49:24] [447/459] PVVW
[03:49:25] [448/459] USEB
[03:49:26] [449/459] DTYN
[03:49:27] [450/459] PVLE
[03:49:28] [451/459] CIPS
[03:49:28] [452/459] PAEG
[03:49:29] [453/459] PTCW
[03:49:30] [454/459] G3SR
[03:49:32] [455/459] PGND
[03:49:32] [456/459] INVM
[03:49:33] [457/459] SPIA
[03:49:34] [458/459] PCSN
[03:49:35] [459/459] PPGV
[03:49:36] ✅ DONE | Shows=9 | Movies=5
