[00:42:34] 🚀 BMS DAILY TRACKER STARTED
[00:42:34] [1/324] GCTA
[00:42:34] 🧠 New identity
[00:42:35] [2/324] TOPN
[00:42:36] [3/324] MCUS
[00:42:37] [4/324] SHRL
[00:42:37] [5/324] UPTP
[00:42:38] [6/324] TMMP
[00:42:39] [7/324] DNRP
[00:42:40] [8/324] SRLT
[00:42:41] [9/324] RCNS
[00:42:42] [10/324] DCBH
[00:42:43] [11/324] NAGJ
[00:42:43] [12/324] JVRC
[00:42:44] [13/324] KRJG
[00:42:45] [14/324] SRTJ
[00:42:46] [15/324] CMXM
[00:42:47] [16/324] STMI
[00:42:48] [17/324] SLST
[00:42:49] [18/324] DTCN
[00:42:49] [19/324] STYN
[00:42:50] [20/324] SZVR
[00:42:51] [21/324] SRKO
[00:42:52] [22/324] JTGT
[00:42:53] [23/324] SVFD
[00:42:54] [24/324] SISD
[00:42:54] [25/324] ABDD
[00:42:55] [26/324] DRCA
[00:42:56] [27/324] AVCS
[00:42:58] [28/324] MVKH
[00:42:59] [29/324] ACPR
[00:43:00] [30/324] STIP
[00:43:01] [31/324] MTRA
[00:43:02] [32/324] RMKH
[00:43:02] [33/324] NKRL
[00:43:03] [34/324] PCWN
[00:43:04] [35/324] BLMT
[00:43:05] [36/324] GDPG
[00:43:06] [37/324] SRMX
[00:43:07] [38/324] JACP
[00:43:08] [39/324] CPSH
[00:43:09] [40/324] MCCD
[00:43:09] [41/324] ECGH
[00:43:10] [42/324] MKCK
[00:43:11] [43/324] SRMM
[00:43:12] [44/324] SKYR
[00:43:12] [45/324] PCKC
[00:43:13] [46/324] JCMA
[00:43:15] [47/324] BSMP
[00:43:15] [48/324] VSPA
[00:43:16] [49/324] DJYA
[00:43:17] [50/324] DIMP
[00:43:18] [51/324] FXDR
[00:43:19] [52/324] SSRC
[00:43:20] [53/324] STHP
[00:43:20] [54/324] CPPD
[00:43:21] [55/324] FCLK
[00:43:22] [56/324] SCPP
[00:43:23] [57/324] DCMJ
[00:43:24] [58/324] RCCR
[00:43:25] [59/324] INMT
[00:43:26] [60/324] LXTK
[00:43:27] [61/324] SRYK
[00:43:28] [62/324] SGDK
[00:43:28] [63/324] PPKA
[00:43:29] [64/324] SPKA
[00:43:31] [65/324] CGHH
[00:43:31] [66/324] DCJN
[00:43:32] [67/324] SRKV
[00:43:33] [68/324] SAJC
[00:43:34] [69/324] SUSR
[00:43:35] [70/324] STYG
[00:43:36] [71/324] NTKP
[00:43:37] [72/324] AKTG
[00:43:38] [73/324] CGCM
[00:43:38] [74/324] TULC
[00:43:39] [75/324] NYYZ
[00:43:40] [76/324] NYBW
[00:43:42] [77/324] MACB
[00:43:43] [78/324] SLVT
[00:43:44] [79/324] SANA
[00:43:45] [80/324] ACMR
[00:43:46] [81/324] CPKN
[00:43:47] [82/324] DLGK
[00:43:48] [83/324] CWCK
[00:43:49] [84/324] FDDH
[00:43:50] [85/324] MMMD
[00:43:51] [86/324] CMEH
[00:43:52] [87/324] GGGV
[00:43:52] [88/324] SPJL
[00:43:53] [89/324] RCCD
[00:43:54] [90/324] STTZ
[00:43:55] [91/324] BTCF
[00:43:56] [92/324] TSTZ
[00:43:56] [93/324] IPMM
[00:43:57] [94/324] PMPW
[00:43:58] [95/324] PCMZ
[00:43:59] [96/324] ESEM
[00:43:59] [97/324] PIPO
[00:44:00] [98/324] MATK
[00:44:01] [99/324] PGHM
[00:44:02] [100/324] CTSR
[00:44:03] [101/324] CYKR
[00:44:04] [102/324] MSCM
[00:44:05] [103/324] RFNP
[00:44:06] [104/324] PDCP
[00:44:07] [105/324] NPSE
[00:44:07] [106/324] MKML
[00:44:08] [107/324] FTDP
[00:44:09] [108/324] MMXA
[00:44:10] [109/324] CEPO
[00:44:11] [110/324] CMVP
[00:44:12] [111/324] SGTH
[00:44:13] [112/324] SAYN
[00:44:13] [113/324] URVS
[00:44:14] [114/324] VJTN
[00:44:15] [115/324] BBYK
[00:44:16] [116/324] SHBO
[00:44:17] [117/324] VCMR
[00:44:17] [118/324] MACT
[00:44:18] [119/324] JMNP
[00:44:19] [120/324] VICS
[00:44:20] [121/324] VCDA
[00:44:21] [122/324] GCMM
[00:44:22] [123/324] INVS
[00:44:23] [124/324] SCGM
[00:44:23] [125/324] PCDA
[00:44:24] [126/324] KDCT
[00:44:25] [127/324] JACS
[00:44:27] [128/324] GMMC
[00:44:28] [129/324] AICM
[00:44:29] [130/324] TJCM
[00:44:30] [131/324] RMTI
[00:44:30] [132/324] SHAC
[00:44:31] [133/324] APJC
[00:44:32] [134/324] GCTG
[00:44:33] [135/324] SSMC
[00:44:34] [136/324] THRM
[00:44:35] [137/324] RBCT
[00:44:36] [138/324] DIKT
[00:44:36] [139/324] MIDL
[00:44:37] [140/324] VCSN
[00:44:39] [141/324] SKTG
[00:44:40] [142/324] SMWC
[00:44:41] [143/324] MNKH
[00:44:42] [144/324] PIAT
[00:44:43] [145/324] LTTP
[00:44:44] [146/324] PTPU
[00:44:45] [147/324] ACMG
[00:44:46] [148/324] SHMM
[00:44:46] [149/324] MCMN
[00:44:47] [150/324] GLDC
[00:44:48] [151/324] HOUT
[00:44:49] [152/324] SVRP
[00:44:50] [153/324] PVDN
[00:44:50] [154/324] SCPY
[00:44:51] [155/324] DTPY
[00:44:52] [156/324] GKCS
[00:44:53] [157/324] NCAM
[00:44:53] [158/324] BSRM
[00:44:54] [159/324] RCLC
[00:44:55] [160/324] SKKD
[00:44:56] [161/324] ACHU
[00:44:56] [162/324] RSCF
[00:44:57] [163/324] IMSH
[00:44:58] [164/324] MACX
[00:44:59] [165/324] HMMW
[00:44:59] [166/324] JTCP
[00:45:00] [167/324] SREN
[00:45:01] [168/324] PJRR
[00:45:03] [169/324] INAC
[00:45:04] [170/324] BMCA
[00:45:04] [171/324] SHCB
[00:45:05] [172/324] GABA
[00:45:06] [173/324] SBCT
[00:45:07] [174/324] GCMA
[00:45:08] [175/324] MYTK
[00:45:10] [176/324] INZS
[00:45:11] [177/324] RMIK
[00:45:12] [178/324] NYCH
[00:45:13] [179/324] RAVE
[00:45:13] [180/324] PSXM
[00:45:14] [181/324] MCGP
[00:45:16] [182/324] PDDK
[00:45:17] [183/324] SPCK
[00:45:17] [184/324] MCRL
[00:45:18] [185/324] MHKT
[00:45:19] [186/324] ANRR
[00:45:20] [187/324] SAPK
[00:45:22] [188/324] NCUK
[00:45:22] [189/324] JUGA
[00:45:23] [190/324] DBSC
[00:45:24] [191/324] LALK
[00:45:25] [192/324] GUCK
[00:45:26] [193/324] STSG
[00:45:27] [194/324] PPPZ
[00:45:27] [195/324] CNCY
[00:45:28] [196/324] MTAR
[00:45:29] [197/324] VNKD
[00:45:30] [198/324] KMAJ
[00:45:31] [199/324] ACXK
[00:45:31] [200/324] UTKC
[00:45:32] [201/324] PBLK
[00:45:33] [202/324] ACBX
[00:45:34] [203/324] PTGM
[00:45:35] [204/324] BTDA
[00:45:35] [205/324] PJMB
[00:45:36] [206/324] TPDA
[00:45:37] [207/324] AMOE
[00:45:38] [208/324] PRHT
[00:45:39] [209/324] PRTA
[00:45:40] [210/324] STAM
[00:45:40] [211/324] MSAA
[00:45:41] [212/324] SDLU
[00:45:42] [213/324] RCHH
[00:45:43] [214/324] KANT
[00:45:45] [215/324] FCRT
[00:45:46] [216/324] DNKM
[00:45:46] [217/324] RYCP
[00:45:47] [218/324] MYRP
[00:45:48] [219/324] PPAK
[00:45:49] [220/324] NVPK
[00:45:50] [221/324] PRMC
[00:45:51] [222/324] JBCS
[00:45:52] [223/324] GXCK
[00:45:53] [224/324] USKO
[00:45:54] [225/324] GTEM
[00:45:54] [226/324] SMBU
[00:45:55] [227/324] VETC
[00:45:56] [228/324] LCDA
[00:45:57] [229/324] MTVT
[00:45:58] [230/324] PYCP
[00:45:58] [231/324] PNSC
[00:45:59] [232/324] PPCC
[00:46:00] [233/324] TGRT
[00:46:01] [234/324] JYOT
[00:46:02] [235/324] SRCZ
[00:46:03] [236/324] SJTE
[00:46:04] [237/324] DESC
[00:46:05] [238/324] JHVN
[00:46:05] [239/324] IPSG
[00:46:06] [240/324] IPCM
[00:46:07] [241/324] PDRS
[00:46:09] [242/324] ANCV
[00:46:10] [243/324] CMVV
[00:46:11] [244/324] SHYP
[00:46:11] [245/324] DNCS
[00:46:13] [246/324] GAJK
[00:46:14] [247/324] AKTN
[00:46:14] [248/324] KAYA
[00:46:15] [249/324] SBRC
[00:46:16] [250/324] CHTP
[00:46:17] [251/324] SHRT
[00:46:17] [252/324] BCKU
[00:46:18] [253/324] FCPS
[00:46:20] [254/324] ARDD
[00:46:21] [255/324] CPCM
[00:46:22] [256/324] CGSM
[00:46:22] [257/324] PSMP
[00:46:23] [258/324] SDAL
[00:46:24] [259/324] RTNB
[00:46:25] [260/324] LMCR
[00:46:26] [261/324] CIMA
[00:46:28] [262/324] RNAS
[00:46:29] [263/324] LITH
[00:46:30] [264/324] PBOX
[00:46:31] [265/324] FRTS
[00:46:32] [266/324] RKIC
[00:46:33] [267/324] PTAI
[00:46:33] [268/324] GCIC
[00:46:34] [269/324] FNAS
[00:46:35] [270/324] SCAR
[00:46:36] [271/324] MTCA
[00:46:37] [272/324] SCTS
[00:46:37] [273/324] SYCS
[00:46:38] [274/324] RDMS
[00:46:39] [275/324] KAMP
[00:46:41] [276/324] ERSD
[00:46:43] [277/324] MJMJ
[00:46:44] [278/324] SRCJ
[00:46:44] [279/324] SCXE
[00:46:46] [280/324] SVFR
[00:46:46] [281/324] BHCS
[00:46:47] [282/324] IMCC
[00:46:48] [283/324] PCBO
[00:46:49] [284/324] PRVN
[00:46:50] [285/324] AUPM
[00:46:52] [286/324] INBW
[00:46:53] [287/324] SVCW
[00:46:54] [288/324] RKCF
[00:46:55] [289/324] UVBH
[00:46:56] [290/324] DNCY
[00:46:57] [291/324] ABCN
[00:46:57] [292/324] PRUR
[00:46:58] [293/324] PFMR
[00:46:59] [294/324] RKCN
[00:47:00] [295/324] CFEA
[00:47:02] [296/324] SDBG
[00:47:02] [297/324] SNAR
[00:47:03] [298/324] YISI
[00:47:04] [299/324] JCFF
[00:47:06] [300/324] VTRK
[00:47:07] [301/324] PCLZ
[00:47:07] [302/324] DIMY
[00:47:08] [303/324] BBTS
[00:47:10] [304/324] GATH
[00:47:12] [305/324] GTMN
[00:47:13] [306/324] VTMH
[00:47:14] [307/324] CCKP
[00:47:15] [308/324] GPKA
[00:47:16] [309/324] MHCL
[00:47:16] [310/324] ATCL
[00:47:17] [311/324] SBCK
[00:47:18] [312/324] AMMR
[00:47:18] [313/324] MADC
[00:47:19] [314/324] TMMA
[00:47:20] [315/324] CACC
[00:47:21] [316/324] CHAL
[00:47:22] [317/324] DURG
[00:47:23] [318/324] GMKU
[00:47:24] [319/324] GECA
[00:47:25] [320/324] KYRR
[00:47:26] [321/324] KSDE
[00:47:27] [322/324] LMCI
[00:47:28] [323/324] NKCP
[00:47:29] [324/324] BGTC
[00:47:31] ✅ DONE | Shows=0 | Movies=0
