[16:12:16] 🚀 SCRIPT STARTED
[16:12:16] [1/445] TGMR
[16:12:16] 🧠 New identity created
[16:12:17] [2/445] CXKR
[16:12:18] [3/445] SROP
[16:12:18] [4/445] GTSV
[16:12:19] [5/445] SNTY
[16:12:20] [6/445] SMYY
[16:12:21] [7/445] CNCS
[16:12:22] [8/445] CSTM
[16:12:23] [9/445] NUCD
[16:12:24] [10/445] SHCZ
[16:12:25] [11/445] NJCT
[16:12:26] [12/445] COPC
[16:12:27] [13/445] STVV
[16:12:28] [14/445] SKRN
[16:12:29] [15/445] APPZ
[16:12:30] [16/445] YMGN
[16:12:30] [17/445] SVTU
[16:12:31] [18/445] GTAD
[16:12:32] [19/445] PSUS
[16:12:33] [20/445] SMCD
[16:12:35] [21/445] CMCM
[16:12:35] [22/445] SYCT
[16:12:36] [23/445] STLY
[16:12:37] [24/445] CMHU
[16:12:38] [25/445] CMSA
[16:12:39] [26/445] CLCU
[16:12:39] [27/445] PPNT
[16:12:40] [28/445] JTAB
[16:12:41] [29/445] BUUC
[16:12:42] [30/445] BSVK
[16:12:43] [31/445] VVVQ
[16:12:44] [32/445] TKMU
[16:12:45] [33/445] ESYL
[16:12:45] [34/445] ACHP
[16:12:46] [35/445] BTKD
[16:12:47] [36/445] DESA
[16:12:48] [37/445] GBCT
[16:12:49] [38/445] BLLD
[16:12:50] [39/445] SKNT
[16:12:51] [40/445] SSTE
[16:12:51] [41/445] VJMR
[16:12:52] [42/445] NTPU
[16:12:53] [43/445] RDKN
[16:12:53] [44/445] ADGC
[16:12:54] [45/445] VRBP
[16:12:55] [46/445] NMNA
[16:12:56] [47/445] CMMX
[16:12:57] [48/445] PTKO
[16:12:58] [49/445] RBML
[16:12:59] [50/445] SAIC
[16:12:59] [51/445] SVTJ
[16:13:00] [52/445] MRTE
[16:13:01] [53/445] RBTP
[16:13:02] [54/445] NLPS
[16:13:03] [55/445] GTNA
[16:13:04] [56/445] DGGC
[16:13:06] [57/445] SMCR
[16:13:07] [58/445] SCGD
[16:13:08] [59/445] SRRJ
[16:13:09] [60/445] CNRY
[16:13:10] [61/445] KTDI
[16:13:11] [62/445] SNJL
[16:13:12] [63/445] RKMD
[16:13:13] [64/445] SMDC
[16:13:13] [65/445] TADG
[16:13:14] [66/445] MCGS
[16:13:15] [67/445] PETK
[16:13:16] [68/445] CHAG
[16:13:17] [69/445] KSTL
[16:13:18] [70/445] AADS
[16:13:19] [71/445] NTHZ
[16:13:20] [72/445] HCKI
[16:13:21] [73/445] SSEF
[16:13:21] [74/445] MCGX
[16:13:22] [75/445] ERRA
[16:13:23] [76/445] SDTW
[16:13:24] [77/445] RMPK
[16:13:25] [78/445] PTHK
[16:13:25] [79/445] PXCS
[16:13:26] [80/445] SVLU
[16:13:28] [81/445] STAH
[16:13:28] [82/445] JRGF
[16:13:29] [83/445] CDOK
[16:13:30] [84/445] CMSG
[16:13:31] [85/445] APTD
[16:13:32] [86/445] KMPG
[16:13:33] [87/445] MUTJ
[16:13:34] [88/445] VCCI
[16:13:34] [89/445] URBE
[16:13:35] [90/445] TCTS
[16:13:36] [91/445] STSN
[16:13:36] [92/445] AKCH
[16:13:37] [93/445] APSC
[16:13:38] [94/445] VLTB
[16:13:38] [95/445] SANU
[16:13:39] [96/445] AXAM
[16:13:40] [97/445] MGMG
[16:13:41] [98/445] HTBY
[16:13:42] [99/445] MMZS
[16:13:43] [100/445] SUDR
[16:13:44] [101/445] CCAD
[16:13:45] [102/445] SKKC
[16:13:45] [103/445] RMCD
[16:13:46] [104/445] SBCQ
[16:13:47] [105/445] DCCT
[16:13:48] [106/445] VTKP
[16:13:49] [107/445] MLAM
[16:13:50] [108/445] SAVT
[16:13:51] [109/445] GEPL
[16:13:52] [110/445] AMCD
[16:13:53] [111/445] CCXR
[16:13:53] [112/445] GRNG
[16:13:54] [113/445] EBCA
[16:13:55] [114/445] CNVG
[16:13:56] [115/445] MWSS
[16:13:57] [116/445] VBOR
[16:13:57] [117/445] NEEB
[16:13:58] [118/445] SUTH
[16:13:59] [119/445] ANDB
[16:14:00] [120/445] MMXS
[16:14:01] [121/445] CNPD
[16:14:02] [122/445] SDCE
[16:14:03] [123/445] DHCB
[16:14:04] [124/445] ODEN
[16:14:05] [125/445] TNTC
[16:14:06] [126/445] VBKM
[16:14:06] [127/445] RZYM
[16:14:08] [128/445] JEMC
[16:14:09] [129/445] CMAU
[16:14:10] [130/445] SIVP
[16:14:11] [131/445] ATAG
[16:14:12] [132/445] CHTM
[16:14:13] [133/445] AAEE
[16:14:14] [134/445] IWPM
[16:14:15] [135/445] KCMW
[16:14:15] [136/445] MCTD
[16:14:16] [137/445] SPWR
[16:14:17] [138/445] SDPO
[16:14:18] [139/445] PCSK
[16:14:19] [140/445] ACHV
[16:14:19] [141/445] SVLA
[16:14:20] [142/445] PICT
[16:14:21] [143/445] BXDR
[16:14:22] [144/445] SPWA
[16:14:23] [145/445] MCKO
[16:14:23] [146/445] RTHK
[16:14:24] [147/445] CCMF
[16:14:25] [148/445] MRGB
[16:14:25] [149/445] CPLC
[16:14:26] [150/445] RACD
[16:14:27] [151/445] ATKT
[16:14:28] [152/445] SARN
[16:14:29] [153/445] KKUI
[16:14:29] [154/445] RGCM
[16:14:30] [155/445] BRVP
[16:14:31] [156/445] HRSR
[16:14:32] [157/445] GKGM
[16:14:34] [158/445] TTCD
[16:14:34] [159/445] PTTI
[16:14:35] [160/445] MPTT
[16:14:36] [161/445] CVTT
[16:14:37] [162/445] PCXD
[16:14:38] [163/445] GCDC
[16:14:39] [164/445] CCCF
[16:14:40] [165/445] MRAD
[16:14:41] [166/445] CPLK
[16:14:42] [167/445] SATB
[16:14:43] [168/445] SNVG
[16:14:43] [169/445] JMBA
[16:14:44] [170/445] TEJA
[16:14:45] [171/445] STYO
[16:14:46] [172/445] JTBP
[16:14:47] [173/445] KRGD
[16:14:47] [174/445] SLJJ
[16:14:48] [175/445] SPTJ
[16:14:49] [176/445] SWJG
[16:14:49] [177/445] LKRT
[16:14:50] [178/445] KCKA
[16:14:51] [179/445] SNCR
[16:14:52] [180/445] SMKL
[16:14:53] [181/445] GCFA
[16:14:53] [182/445] DDCK
[16:14:54] [183/445] NCHJ
[16:14:55] [184/445] RDMA
[16:14:56] [185/445] SVSV
[16:14:57] [186/445] SCJG
[16:14:58] [187/445] VKLP
[16:14:59] [188/445] NWCC
[16:14:59] [189/445] VKNS
[16:15:00] [190/445] SDDP
[16:15:01] [191/445] ACSI
[16:15:02] [192/445] SATG
[16:15:03] [193/445] SCMW
[16:15:03] [194/445] LKTK
[16:15:04] [195/445] VCKV
[16:15:05] [196/445] KKPE
[16:15:06] [197/445] KIGH
[16:15:06] [198/445] SRPM
[16:15:07] [199/445] SCAH
[16:15:08] [200/445] MUTA
[16:15:09] [201/445] SEPU
[16:15:10] [202/445] INOA
[16:15:11] [203/445] BASK
[16:15:12] [204/445] NECB
[16:15:13] [205/445] GTTG
[16:15:14] [206/445] ASSA
[16:15:15] [207/445] ANCL
[16:15:15] [208/445] GCTI
[16:15:16] [209/445] RCTS
[16:15:17] [210/445] ACNL
[16:15:18] [211/445] MYCT
[16:15:19] [212/445] NMHT
[16:15:19] [213/445] MDIT
[16:15:21] [214/445] LATG
[16:15:22] [215/445] SMTY
[16:15:23] [216/445] CVCT
[16:15:23] [217/445] RAMB
[16:15:24] [218/445] TGMS
[16:15:25] [219/445] BHEL
[16:15:26] [220/445] SHCT
[16:15:26] [221/445] SVCT
[16:15:27] [222/445] MRIY
[16:15:28] [223/445] SARO
[16:15:29] [224/445] STCT
[16:15:30] [225/445] JKKC
[16:15:31] [226/445] PLTT
[16:15:31] [227/445] SRNT
[16:15:32] [228/445] YAST
[16:15:34] [229/445] PERL
[16:15:35] [230/445] CICM
[16:15:36] [231/445] MMTR
[16:15:36] [232/445] ABTK
[16:15:37] [233/445] ATYY
[16:15:38] [234/445] ASTK
[16:15:39] [235/445] VVCK
[16:15:39] [236/445] ATKY
[16:15:40] [237/445] GWEK
[16:15:41] [238/445] SVFH
[16:15:42] [239/445] SLTA
[16:15:42] [240/445] AASH
[16:15:43] [241/445] ACXB
[16:15:44] [242/445] SMTX
[16:15:45] [243/445] AZDH
[16:15:46] [244/445] CMMH
[16:15:47] [245/445] SCSZ
[16:15:48] [246/445] SCKP
[16:15:49] [247/445] NXTM
[16:15:50] [248/445] NWCS
[16:15:50] [249/445] CXMH
[16:15:51] [250/445] PCMA
[16:15:52] [251/445] SGCM
[16:15:53] [252/445] SDTU
[16:15:54] [253/445] MMVI
[16:15:55] [254/445] JKCM
[16:15:56] [255/445] VCMM
[16:15:56] [256/445] SYEE
[16:15:57] [257/445] VASD
[16:15:58] [258/445] BDRB
[16:15:59] [259/445] LASM
[16:16:00] [260/445] DCRL
[16:16:01] [261/445] DVPM
[16:16:02] [262/445] SBMJ
[16:16:03] [263/445] CBMU
[16:16:04] [264/445] IUBS
[16:16:04] [265/445] INAP
[16:16:05] [266/445] SRRC
[16:16:06] [267/445] SAGR
[16:16:07] [268/445] CPMJ
[16:16:08] [269/445] ATJL
[16:16:09] [270/445] NNTD
[16:16:10] [271/445] JHCJ
[16:16:10] [272/445] CMMP
[16:16:11] [273/445] RSDR
[16:16:12] [274/445] AMTI
[16:16:13] [275/445] NYSG
[16:16:13] [276/445] AVSG
[16:16:14] [277/445] SYTP
[16:16:15] [278/445] LARC
[16:16:16] [279/445] RJTP
[16:16:17] [280/445] LAKC
[16:16:17] [281/445] MCXE
[16:16:18] [282/445] CCZC
[16:16:19] [283/445] AVCH
[16:16:20] [284/445] CMBE
[16:16:21] [285/445] MRRC
[16:16:21] [286/445] PCPY
[16:16:22] [287/445] SRMH
[16:16:23] [288/445] SVGS
[16:16:24] [289/445] PCSE
[16:16:25] [290/445] SVFT
[16:16:26] [291/445] TNZP
[16:16:26] [292/445] ICTP
[16:16:27] [293/445] ACTZ
[16:16:28] [294/445] GTUR
[16:16:29] [295/445] MAFC
[16:16:30] [296/445] MINL
[16:16:31] [297/445] MRCL
[16:16:32] [298/445] RCRP
[16:16:33] [299/445] RFFG
[16:16:33] [300/445] RMAS
[16:16:34] [301/445] INVR
[16:16:35] [302/445] RMAR
[16:16:36] [303/445] CNIS
[16:16:37] [304/445] RHRJ
[16:16:38] [305/445] INXR
[16:16:38] [306/445] VALT
[16:16:39] [307/445] LCSH
[16:16:40] [308/445] CMVS
[16:16:41] [309/445] CNMS
[16:16:41] [310/445] ROOG
[16:16:42] [311/445] ISRM
[16:16:43] [312/445] RCRM
[16:16:44] [313/445] ACJA
[16:16:45] [314/445] RCVS
[16:16:46] [315/445] CPUS
[16:16:47] [316/445] TGCS
[16:16:48] [317/445] RKCJ
[16:16:49] [318/445] MKSB
[16:16:50] [319/445] TCSJ
[16:16:50] [320/445] RMGP
[16:16:51] [321/445] CLLP
[16:16:52] [322/445] RCMV
[16:16:53] [323/445] CCKS
[16:16:54] [324/445] RSRP
[16:16:54] [325/445] APLP
[16:16:56] [326/445] CNVS
[16:16:56] [327/445] RMVY
[16:16:57] [328/445] PGBD
[16:16:58] [329/445] KLMS
[16:16:58] [330/445] RUST
[16:16:59] [331/445] MASM
[16:17:00] [332/445] BACS
[16:17:01] [333/445] BWST
[16:17:02] [334/445] RRFH
[16:17:02] [335/445] SJTM
[16:17:03] [336/445] BEMR
[16:17:04] [337/445] MCGR
[16:17:05] [338/445] SDSK
[16:17:06] [339/445] VBOL
[16:17:07] [340/445] RMGM
[16:17:08] [341/445] NOPL
[16:17:08] [342/445] MKJK
[16:17:10] [343/445] CVRN
[16:17:11] [344/445] MMEN
[16:17:12] [345/445] AMNG
[16:17:13] [346/445] INTM
[16:17:13] [347/445] SLCZ
[16:17:14] [348/445] AMJN
[16:17:15] [349/445] ACJN
[16:17:16] [350/445] AMKN
[16:17:17] [351/445] BTCN
[16:17:18] [352/445] AMBT
[16:17:18] [353/445] PACN
[16:17:19] [354/445] LCNS
[16:17:20] [355/445] PPKC
[16:17:21] [356/445] JYYN
[16:17:22] [357/445] JTNR
[16:17:22] [358/445] GTEE
[16:17:23] [359/445] SRNM
[16:17:24] [360/445] SDTC
[16:17:25] [361/445] VPCA
[16:17:26] [362/445] VLRA
[16:17:29] [363/445] SHKR
[16:17:29] [364/445] SBKD
[16:17:30] [365/445] SAAD
[16:17:31] [366/445] JTGN
[16:17:32] [367/445] SLAM
[16:17:33] [368/445] VTPM
[16:17:34] [369/445] ANPT
[16:17:35] [370/445] PUNB
[16:17:36] [371/445] CPKT
[16:17:37] [372/445] CNWE
[16:17:38] [373/445] ECPP
[16:17:39] [374/445] CPAR
[16:17:40] [375/445] ESBW
[16:17:41] [376/445] PKPU
[16:17:41] [377/445] CPRP
[16:17:42] [378/445] RAHU
[16:17:43] [379/445] RHMN
[16:17:44] [380/445] FMJP
[16:17:44] [381/445] CTMP
[16:17:45] [382/445] INPN
[16:17:46] [383/445] STTG
[16:17:47] [384/445] CTRD
[16:17:47] [385/445] PUVB
[16:17:49] [386/445] ESVP
[16:17:50] [387/445] CPFT
[16:17:50] [388/445] LCPC
[16:17:51] [389/445] VBCT
[16:17:52] [390/445] FSCW
[16:17:53] [391/445] VCMP
[16:17:54] [392/445] ASHC
[16:17:54] [393/445] VLCX
[16:17:55] [394/445] SHEV
[16:17:57] [395/445] APCO
[16:17:57] [396/445] SILC
[16:17:58] [397/445] SNMR
[16:17:59] [398/445] KYBO
[16:18:00] [399/445] SATK
[16:18:01] [400/445] SSCS
[16:18:02] [401/445] CLSB
[16:18:03] [402/445] KMJR
[16:18:04] [403/445] FSCK
[16:18:04] [404/445] NNKA
[16:18:05] [405/445] CLMK
[16:18:06] [406/445] DMPZ
[16:18:06] [407/445] INQM
[16:18:07] [408/445] CAML
[16:18:08] [409/445] INRK
[16:18:09] [410/445] IMKN
[16:18:10] [411/445] SVNR
[16:18:11] [412/445] INSL
[16:18:11] [413/445] MSMA
[16:18:12] [414/445] MCKK
[16:18:13] [415/445] FCHP
[16:18:15] [416/445] SFCR
[16:18:16] [417/445] NACK
[16:18:17] [418/445] PVAK
[16:18:18] [419/445] INER
[16:18:18] [420/445] RDBK
[16:18:20] [421/445] SVFN
[16:18:21] [422/445] IFRM
[16:18:22] [423/445] ATCK
[16:18:22] [424/445] ASKO
[16:18:23] [425/445] STKT
[16:18:24] [426/445] SVFB
[16:18:25] [427/445] INKS
[16:18:25] [428/445] PCRA
[16:18:26] [429/445] ATJA
[16:18:27] [430/445] IMJN
[16:18:28] [431/445] INHD
[16:18:29] [432/445] BARA
[16:18:31] [433/445] MCSL
[16:18:31] [434/445] RTOY
[16:18:32] [435/445] MENO
[16:18:33] [436/445] PUDM
[16:18:34] [437/445] PRCN
[16:18:35] [438/445] JMJR
[16:18:35] [439/445] SSGK
[16:18:36] [440/445] SSRL
[16:18:37] [441/445] JYKL
[16:18:39] [442/445] ACNB
[16:18:39] [443/445] SONP
[16:18:40] [444/445] EMCI
[16:18:41] [445/445] MRJH
[16:18:42] 🧹 Deduping shows
[16:18:42] ✅ DONE | Shows=849 | Movies=48
[22:24:10] 🚀 SCRIPT STARTED
[22:24:10] [1/445] TGMR
[22:24:10] 🧠 New identity created
[22:24:11] [2/445] CXKR
[22:24:12] [3/445] SROP
[22:24:13] [4/445] GTSV
[22:24:14] [5/445] SNTY
[22:24:14] [6/445] SMYY
[22:24:15] [7/445] CNCS
[22:24:16] [8/445] CSTM
[22:24:17] [9/445] NUCD
[22:24:18] [10/445] SHCZ
[22:24:19] [11/445] NJCT
[22:24:20] [12/445] COPC
[22:24:21] [13/445] STVV
[22:24:22] [14/445] SKRN
[22:24:23] [15/445] APPZ
[22:24:24] [16/445] YMGN
[22:24:25] [17/445] SVTU
[22:24:26] [18/445] GTAD
[22:24:27] [19/445] PSUS
[22:24:27] [20/445] SMCD
[22:24:28] [21/445] CMCM
[22:24:29] [22/445] SYCT
[22:24:30] [23/445] STLY
[22:24:31] [24/445] CMHU
[22:24:32] [25/445] CMSA
[22:24:33] [26/445] CLCU
[22:24:34] [27/445] PPNT
[22:24:35] [28/445] JTAB
[22:24:35] [29/445] BUUC
[22:24:37] [30/445] BSVK
[22:24:38] [31/445] VVVQ
[22:24:39] [32/445] TKMU
[22:24:39] [33/445] ESYL
[22:24:40] [34/445] ACHP
[22:24:42] [35/445] BTKD
[22:24:43] [36/445] DESA
[22:24:45] [37/445] GBCT
[22:24:46] [38/445] BLLD
[22:24:46] [39/445] SKNT
[22:24:47] [40/445] SSTE
[22:24:48] [41/445] VJMR
[22:24:49] [42/445] NTPU
[22:24:50] [43/445] RDKN
[22:24:51] [44/445] ADGC
[22:24:52] [45/445] VRBP
[22:24:53] [46/445] NMNA
[22:24:54] [47/445] CMMX
[22:24:55] [48/445] PTKO
[22:24:56] [49/445] RBML
[22:24:56] [50/445] SAIC
[22:24:57] [51/445] SVTJ
[22:24:58] [52/445] MRTE
[22:24:59] [53/445] RBTP
[22:25:00] [54/445] NLPS
[22:25:01] [55/445] GTNA
[22:25:01] [56/445] DGGC
[22:25:03] [57/445] SMCR
[22:25:04] [58/445] SCGD
[22:25:05] [59/445] SRRJ
[22:25:06] [60/445] CNRY
[22:25:07] [61/445] KTDI
[22:25:08] [62/445] SNJL
[22:25:08] [63/445] RKMD
[22:25:09] [64/445] SMDC
[22:25:10] [65/445] TADG
[22:25:11] [66/445] MCGS
[22:25:12] [67/445] PETK
[22:25:13] [68/445] CHAG
[22:25:14] [69/445] KSTL
[22:25:15] [70/445] AADS
[22:25:16] [71/445] NTHZ
[22:25:17] [72/445] HCKI
[22:25:18] [73/445] SSEF
[22:25:19] [74/445] MCGX
[22:25:20] [75/445] ERRA
[22:25:21] [76/445] SDTW
[22:25:22] [77/445] RMPK
[22:25:22] [78/445] PTHK
[22:25:23] [79/445] PXCS
[22:25:25] [80/445] SVLU
[22:25:25] [81/445] STAH
[22:25:26] [82/445] JRGF
[22:25:27] [83/445] CDOK
[22:25:28] [84/445] CMSG
[22:25:29] [85/445] APTD
[22:25:30] [86/445] KMPG
[22:25:31] [87/445] MUTJ
[22:25:32] [88/445] VCCI
[22:25:33] [89/445] URBE
[22:25:33] [90/445] TCTS
[22:25:34] [91/445] STSN
[22:25:35] [92/445] AKCH
[22:25:36] [93/445] APSC
[22:25:37] [94/445] VLTB
[22:25:38] [95/445] SANU
[22:25:39] [96/445] AXAM
[22:25:40] [97/445] MGMG
[22:25:41] [98/445] HTBY
[22:25:42] [99/445] MMZS
[22:25:43] [100/445] SUDR
[22:25:44] [101/445] CCAD
[22:25:45] [102/445] SKKC
[22:25:46] [103/445] RMCD
[22:25:46] [104/445] SBCQ
[22:25:47] [105/445] DCCT
[22:25:48] [106/445] VTKP
[22:25:49] [107/445] MLAM
[22:25:50] [108/445] SAVT
[22:25:51] [109/445] GEPL
[22:25:52] [110/445] AMCD
[22:25:53] [111/445] CCXR
[22:25:53] [112/445] GRNG
[22:25:54] [113/445] EBCA
[22:25:55] [114/445] CNVG
[22:25:56] [115/445] MWSS
[22:25:57] [116/445] VBOR
[22:25:58] [117/445] NEEB
[22:25:59] [118/445] SUTH
[22:26:00] [119/445] ANDB
[22:26:01] [120/445] MMXS
[22:26:02] [121/445] CNPD
[22:26:03] [122/445] SDCE
[22:26:04] [123/445] DHCB
[22:26:05] [124/445] ODEN
[22:26:06] [125/445] TNTC
[22:26:07] [126/445] VBKM
[22:26:08] [127/445] RZYM
[22:26:09] [128/445] JEMC
[22:26:09] [129/445] CMAU
[22:26:10] [130/445] SIVP
[22:26:11] [131/445] ATAG
[22:26:12] [132/445] CHTM
[22:26:13] [133/445] AAEE
[22:26:14] [134/445] IWPM
[22:26:14] [135/445] KCMW
[22:26:15] [136/445] MCTD
[22:26:16] [137/445] SPWR
[22:26:17] [138/445] SDPO
[22:26:18] [139/445] PCSK
[22:26:18] [140/445] ACHV
[22:26:19] [141/445] SVLA
[22:26:20] [142/445] PICT
[22:26:21] [143/445] BXDR
[22:26:22] [144/445] SPWA
[22:26:23] [145/445] MCKO
[22:26:23] [146/445] RTHK
[22:26:24] [147/445] CCMF
[22:26:25] [148/445] MRGB
[22:26:26] [149/445] CPLC
[22:26:27] [150/445] RACD
[22:26:28] [151/445] ATKT
[22:26:29] [152/445] SARN
[22:26:29] [153/445] KKUI
[22:26:30] [154/445] RGCM
[22:26:31] [155/445] BRVP
[22:26:32] [156/445] HRSR
[22:26:32] [157/445] GKGM
[22:26:33] [158/445] TTCD
[22:26:35] [159/445] PTTI
[22:26:36] [160/445] MPTT
[22:26:36] [161/445] CVTT
[22:26:37] [162/445] PCXD
[22:26:38] [163/445] GCDC
[22:26:39] [164/445] CCCF
[22:26:39] [165/445] MRAD
[22:26:40] [166/445] CPLK
[22:26:41] [167/445] SATB
[22:26:41] [168/445] SNVG
[22:26:42] [169/445] JMBA
[22:26:43] [170/445] TEJA
[22:26:44] [171/445] STYO
[22:26:45] [172/445] JTBP
[22:26:46] [173/445] KRGD
[22:26:48] [174/445] SLJJ
[22:26:48] [175/445] SPTJ
[22:26:49] [176/445] SWJG
[22:26:50] [177/445] LKRT
[22:26:51] [178/445] KCKA
[22:26:52] [179/445] SNCR
[22:26:53] [180/445] SMKL
[22:26:54] [181/445] GCFA
[22:26:54] [182/445] DDCK
[22:26:55] [183/445] NCHJ
[22:26:56] [184/445] RDMA
[22:26:57] [185/445] SVSV
[22:26:58] [186/445] SCJG
[22:26:59] [187/445] VKLP
[22:26:59] [188/445] NWCC
[22:27:00] [189/445] VKNS
[22:27:01] [190/445] SDDP
[22:27:02] [191/445] ACSI
[22:27:03] [192/445] SATG
[22:27:04] [193/445] SCMW
[22:27:05] [194/445] LKTK
[22:27:06] [195/445] VCKV
[22:27:07] [196/445] KKPE
[22:27:08] [197/445] KIGH
[22:27:08] [198/445] SRPM
[22:27:09] [199/445] SCAH
[22:27:10] [200/445] MUTA
[22:27:11] [201/445] SEPU
[22:27:12] [202/445] INOA
[22:27:12] [203/445] BASK
[22:27:13] [204/445] NECB
[22:27:14] [205/445] GTTG
[22:27:15] [206/445] ASSA
[22:27:16] [207/445] ANCL
[22:27:17] [208/445] GCTI
[22:27:17] [209/445] RCTS
[22:27:18] [210/445] ACNL
[22:27:19] [211/445] MYCT
[22:27:20] [212/445] NMHT
[22:27:21] [213/445] MDIT
[22:27:23] [214/445] LATG
[22:27:24] [215/445] SMTY
[22:27:25] [216/445] CVCT
[22:27:26] [217/445] RAMB
[22:27:26] [218/445] TGMS
[22:27:27] [219/445] BHEL
[22:27:28] [220/445] SHCT
[22:27:29] [221/445] SVCT
[22:27:30] [222/445] MRIY
[22:27:31] [223/445] SARO
[22:27:31] [224/445] STCT
[22:27:33] [225/445] JKKC
[22:27:33] [226/445] PLTT
[22:27:34] [227/445] SRNT
[22:27:35] [228/445] YAST
[22:27:36] [229/445] PERL
[22:27:37] [230/445] CICM
[22:27:38] [231/445] MMTR
[22:27:39] [232/445] ABTK
[22:27:39] [233/445] ATYY
[22:27:40] [234/445] ASTK
[22:27:41] [235/445] VVCK
[22:27:42] [236/445] ATKY
[22:27:43] [237/445] GWEK
[22:27:43] [238/445] SVFH
[22:27:44] [239/445] SLTA
[22:27:45] [240/445] AASH
[22:27:46] [241/445] ACXB
[22:27:47] [242/445] SMTX
[22:27:48] [243/445] AZDH
[22:27:49] [244/445] CMMH
[22:27:49] [245/445] SCSZ
[22:27:50] [246/445] SCKP
[22:27:51] [247/445] NXTM
[22:27:52] [248/445] NWCS
[22:27:53] [249/445] CXMH
[22:27:54] [250/445] PCMA
[22:27:54] [251/445] SGCM
[22:27:55] [252/445] SDTU
[22:27:56] [253/445] MMVI
[22:27:57] [254/445] JKCM
[22:27:58] [255/445] VCMM
[22:27:59] [256/445] SYEE
[22:28:00] [257/445] VASD
[22:28:00] [258/445] BDRB
[22:28:01] [259/445] LASM
[22:28:02] [260/445] DCRL
[22:28:03] [261/445] DVPM
[22:28:04] [262/445] SBMJ
[22:28:04] [263/445] CBMU
[22:28:05] [264/445] IUBS
[22:28:06] [265/445] INAP
[22:28:06] [266/445] SRRC
[22:28:07] [267/445] SAGR
[22:28:08] [268/445] CPMJ
[22:28:09] [269/445] ATJL
[22:28:10] [270/445] NNTD
[22:28:11] [271/445] JHCJ
[22:28:12] [272/445] CMMP
[22:28:13] [273/445] RSDR
[22:28:13] [274/445] AMTI
[22:28:14] [275/445] NYSG
[22:28:15] [276/445] AVSG
[22:28:16] [277/445] SYTP
[22:28:17] [278/445] LARC
[22:28:18] [279/445] RJTP
[22:28:19] [280/445] LAKC
[22:28:20] [281/445] MCXE
[22:28:21] [282/445] CCZC
[22:28:21] [283/445] AVCH
[22:28:22] [284/445] CMBE
[22:28:23] [285/445] MRRC
[22:28:24] [286/445] PCPY
[22:28:25] [287/445] SRMH
[22:28:26] [288/445] SVGS
[22:28:26] [289/445] PCSE
[22:28:27] [290/445] SVFT
[22:28:28] [291/445] TNZP
[22:28:29] [292/445] ICTP
[22:28:30] [293/445] ACTZ
[22:28:30] [294/445] GTUR
[22:28:31] [295/445] MAFC
[22:28:32] [296/445] MINL
[22:28:33] [297/445] MRCL
[22:28:34] [298/445] RCRP
[22:28:35] [299/445] RFFG
[22:28:36] [300/445] RMAS
[22:28:36] [301/445] INVR
[22:28:37] [302/445] RMAR
[22:28:38] [303/445] CNIS
[22:28:39] [304/445] RHRJ
[22:28:40] [305/445] INXR
[22:28:41] [306/445] VALT
[22:28:42] [307/445] LCSH
[22:28:43] [308/445] CMVS
[22:28:44] [309/445] CNMS
[22:28:45] [310/445] ROOG
[22:28:45] [311/445] ISRM
[22:28:46] [312/445] RCRM
[22:28:47] [313/445] ACJA
[22:28:48] [314/445] RCVS
[22:28:50] [315/445] CPUS
[22:28:51] [316/445] TGCS
[22:28:51] [317/445] RKCJ
[22:28:52] [318/445] MKSB
[22:28:53] [319/445] TCSJ
[22:28:54] [320/445] RMGP
[22:28:55] [321/445] CLLP
[22:28:56] [322/445] RCMV
[22:28:57] [323/445] CCKS
[22:28:58] [324/445] RSRP
[22:28:59] [325/445] APLP
[22:28:59] [326/445] CNVS
[22:29:00] [327/445] RMVY
[22:29:01] [328/445] PGBD
[22:29:02] [329/445] KLMS
[22:29:02] [330/445] RUST
[22:29:03] [331/445] MASM
[22:29:04] [332/445] BACS
[22:29:06] [333/445] BWST
[22:29:06] [334/445] RRFH
[22:29:07] [335/445] SJTM
[22:29:08] [336/445] BEMR
[22:29:08] [337/445] MCGR
[22:29:09] [338/445] SDSK
[22:29:10] [339/445] VBOL
[22:29:11] [340/445] RMGM
[22:29:12] [341/445] NOPL
[22:29:13] [342/445] MKJK
[22:29:14] [343/445] CVRN
[22:29:15] [344/445] MMEN
[22:29:16] [345/445] AMNG
[22:29:17] [346/445] INTM
[22:29:18] [347/445] SLCZ
[22:29:19] [348/445] AMJN
[22:29:20] [349/445] ACJN
[22:29:20] [350/445] AMKN
[22:29:21] [351/445] BTCN
[22:29:22] [352/445] AMBT
[22:29:23] [353/445] PACN
[22:29:24] [354/445] LCNS
[22:29:25] [355/445] PPKC
[22:29:26] [356/445] JYYN
[22:29:27] [357/445] JTNR
[22:29:28] [358/445] GTEE
[22:29:29] [359/445] SRNM
[22:29:30] [360/445] SDTC
[22:29:31] [361/445] VPCA
[22:29:32] [362/445] VLRA
[22:29:33] [363/445] SHKR
[22:29:34] [364/445] SBKD
[22:29:35] [365/445] SAAD
[22:29:35] [366/445] JTGN
[22:29:36] [367/445] SLAM
[22:29:38] [368/445] VTPM
[22:29:38] [369/445] ANPT
[22:29:39] [370/445] PUNB
[22:29:41] [371/445] CPKT
[22:29:42] [372/445] CNWE
[22:29:43] [373/445] ECPP
[22:29:43] [374/445] CPAR
[22:29:44] [375/445] ESBW
[22:29:46] [376/445] PKPU
[22:29:47] [377/445] CPRP
[22:29:48] [378/445] RAHU
[22:29:49] [379/445] RHMN
[22:29:51] [380/445] FMJP
[22:29:51] [381/445] CTMP
[22:29:52] [382/445] INPN
[22:29:53] [383/445] STTG
[22:29:54] [384/445] CTRD
[22:29:55] [385/445] PUVB
[22:29:55] [386/445] ESVP
[22:29:56] [387/445] CPFT
[22:29:57] [388/445] LCPC
[22:29:58] [389/445] VBCT
[22:29:59] [390/445] FSCW
[22:30:00] [391/445] VCMP
[22:30:00] [392/445] ASHC
[22:30:01] [393/445] VLCX
[22:30:02] [394/445] SHEV
[22:30:03] [395/445] APCO
[22:30:04] [396/445] SILC
[22:30:05] [397/445] SNMR
[22:30:06] [398/445] KYBO
[22:30:07] [399/445] SATK
[22:30:08] [400/445] SSCS
[22:30:08] [401/445] CLSB
[22:30:09] [402/445] KMJR
[22:30:11] [403/445] FSCK
[22:30:11] [404/445] NNKA
[22:30:12] [405/445] CLMK
[22:30:13] [406/445] DMPZ
[22:30:14] [407/445] INQM
[22:30:15] [408/445] CAML
[22:30:16] [409/445] INRK
[22:30:17] [410/445] IMKN
[22:30:18] [411/445] SVNR
[22:30:18] [412/445] INSL
[22:30:19] [413/445] MSMA
[22:30:20] [414/445] MCKK
[22:30:22] [415/445] FCHP
[22:30:23] [416/445] SFCR
[22:30:23] [417/445] NACK
[22:30:24] [418/445] PVAK
[22:30:25] [419/445] INER
[22:30:26] [420/445] RDBK
[22:30:26] [421/445] SVFN
[22:30:27] [422/445] IFRM
[22:30:28] [423/445] ATCK
[22:30:29] [424/445] ASKO
[22:30:30] [425/445] STKT
[22:30:31] [426/445] SVFB
[22:30:32] [427/445] INKS
[22:30:33] [428/445] PCRA
[22:30:34] [429/445] ATJA
[22:30:35] [430/445] IMJN
[22:30:36] [431/445] INHD
[22:30:37] [432/445] BARA
[22:30:37] [433/445] MCSL
[22:30:38] [434/445] RTOY
[22:30:39] [435/445] MENO
[22:30:40] [436/445] PUDM
[22:30:41] [437/445] PRCN
[22:30:42] [438/445] JMJR
[22:30:43] [439/445] SSGK
[22:30:43] [440/445] SSRL
[22:30:44] [441/445] JYKL
[22:30:45] [442/445] ACNB
[22:30:46] [443/445] SONP
[22:30:47] [444/445] EMCI
[22:30:48] [445/445] MRJH
[22:30:49] 🧹 Deduping shows
[22:30:49] ✅ DONE | Shows=921 | Movies=54
[02:48:43] 🚀 SCRIPT STARTED
[02:48:43] [1/445] TGMR
[02:48:43] 🧠 New identity created
[02:48:44] [2/445] CXKR
[02:48:45] [3/445] SROP
[02:48:46] [4/445] GTSV
[02:48:47] [5/445] SNTY
[02:48:48] [6/445] SMYY
[02:48:49] [7/445] CNCS
[02:48:50] [8/445] CSTM
[02:48:51] [9/445] NUCD
[02:48:52] [10/445] SHCZ
[02:48:53] [11/445] NJCT
[02:48:54] [12/445] COPC
[02:48:55] [13/445] STVV
[02:48:56] [14/445] SKRN
[02:48:57] [15/445] APPZ
[02:48:58] [16/445] YMGN
[02:48:59] [17/445] SVTU
[02:49:00] [18/445] GTAD
[02:49:00] [19/445] PSUS
[02:49:01] [20/445] SMCD
[02:49:02] [21/445] CMCM
[02:49:03] [22/445] SYCT
[02:49:04] [23/445] STLY
[02:49:05] [24/445] CMHU
[02:49:06] [25/445] CMSA
[02:49:07] [26/445] CLCU
[02:49:08] [27/445] PPNT
[02:49:09] [28/445] JTAB
[02:49:10] [29/445] BUUC
[02:49:11] [30/445] BSVK
[02:49:12] [31/445] VVVQ
[02:49:13] [32/445] TKMU
[02:49:14] [33/445] ESYL
[02:49:15] [34/445] ACHP
[02:49:15] [35/445] BTKD
[02:49:16] [36/445] DESA
[02:49:17] [37/445] GBCT
[02:49:18] [38/445] BLLD
[02:49:19] [39/445] SKNT
[02:49:20] [40/445] SSTE
[02:49:20] [41/445] VJMR
[02:49:21] [42/445] NTPU
[02:49:22] [43/445] RDKN
[02:49:23] [44/445] ADGC
[02:49:24] [45/445] VRBP
[02:49:25] [46/445] NMNA
[02:49:26] [47/445] CMMX
[02:49:27] [48/445] PTKO
[02:49:28] [49/445] RBML
[02:49:28] [50/445] SAIC
[02:49:29] [51/445] SVTJ
[02:49:31] [52/445] MRTE
[02:49:31] [53/445] RBTP
[02:49:32] [54/445] NLPS
[02:49:33] [55/445] GTNA
[02:49:34] [56/445] DGGC
[02:49:35] [57/445] SMCR
[02:49:36] [58/445] SCGD
[02:49:36] [59/445] SRRJ
[02:49:37] [60/445] CNRY
[02:49:38] [61/445] KTDI
[02:49:39] [62/445] SNJL
[02:49:40] [63/445] RKMD
[02:49:41] [64/445] SMDC
[02:49:42] [65/445] TADG
[02:49:43] [66/445] MCGS
[02:49:44] [67/445] PETK
[02:49:45] [68/445] CHAG
[02:49:47] [69/445] KSTL
[02:49:48] [70/445] AADS
[02:49:48] [71/445] NTHZ
[02:49:49] [72/445] HCKI
[02:49:50] [73/445] SSEF
[02:49:51] [74/445] MCGX
[02:49:52] [75/445] ERRA
[02:49:53] [76/445] SDTW
[02:49:54] [77/445] RMPK
[02:49:55] [78/445] PTHK
[02:49:56] [79/445] PXCS
[02:49:57] [80/445] SVLU
[02:49:57] [81/445] STAH
[02:49:58] [82/445] JRGF
[02:49:59] [83/445] CDOK
[02:50:00] [84/445] CMSG
[02:50:02] [85/445] APTD
[02:50:03] [86/445] KMPG
[02:50:04] [87/445] MUTJ
[02:50:05] [88/445] VCCI
[02:50:05] [89/445] URBE
[02:50:06] [90/445] TCTS
[02:50:07] [91/445] STSN
[02:50:08] [92/445] AKCH
[02:50:09] [93/445] APSC
[02:50:10] [94/445] VLTB
[02:50:11] [95/445] SANU
[02:50:12] [96/445] AXAM
[02:50:12] [97/445] MGMG
[02:50:13] [98/445] HTBY
[02:50:14] [99/445] MMZS
[02:50:15] [100/445] SUDR
[02:50:16] [101/445] CCAD
[02:50:17] [102/445] SKKC
[02:50:17] [103/445] RMCD
[02:50:18] [104/445] SBCQ
[02:50:20] [105/445] DCCT
[02:50:21] [106/445] VTKP
[02:50:21] [107/445] MLAM
[02:50:22] [108/445] SAVT
[02:50:23] [109/445] GEPL
[02:50:25] [110/445] AMCD
[02:50:25] [111/445] CCXR
[02:50:26] [112/445] GRNG
[02:50:28] [113/445] EBCA
[02:50:29] [114/445] CNVG
[02:50:30] [115/445] MWSS
[02:50:31] [116/445] VBOR
[02:50:32] [117/445] NEEB
[02:50:33] [118/445] SUTH
[02:50:33] [119/445] ANDB
[02:50:34] [120/445] MMXS
[02:50:35] [121/445] CNPD
[02:50:36] [122/445] SDCE
[02:50:36] [123/445] DHCB
[02:50:37] [124/445] ODEN
[02:50:38] [125/445] TNTC
[02:50:39] [126/445] VBKM
[02:50:40] [127/445] RZYM
[02:50:41] [128/445] JEMC
[02:50:43] [129/445] CMAU
[02:50:44] [130/445] SIVP
[02:50:44] [131/445] ATAG
[02:50:46] [132/445] CHTM
[02:50:48] [133/445] AAEE
[02:50:48] [134/445] IWPM
[02:50:49] [135/445] KCMW
[02:50:50] [136/445] MCTD
[02:50:51] [137/445] SPWR
[02:50:52] [138/445] SDPO
[02:50:52] [139/445] PCSK
[02:50:53] [140/445] ACHV
[02:50:54] [141/445] SVLA
[02:50:55] [142/445] PICT
[02:50:57] [143/445] BXDR
[02:50:57] [144/445] SPWA
[02:50:58] [145/445] MCKO
[02:50:59] [146/445] RTHK
[02:51:00] [147/445] CCMF
[02:51:01] [148/445] MRGB
[02:51:02] [149/445] CPLC
[02:51:03] [150/445] RACD
[02:51:04] [151/445] ATKT
[02:51:05] [152/445] SARN
[02:51:06] [153/445] KKUI
[02:51:07] [154/445] RGCM
[02:51:07] [155/445] BRVP
[02:51:08] [156/445] HRSR
[02:51:10] [157/445] GKGM
[02:51:11] [158/445] TTCD
[02:51:12] [159/445] PTTI
[02:51:14] [160/445] MPTT
[02:51:14] [161/445] CVTT
[02:51:15] [162/445] PCXD
[02:51:16] [163/445] GCDC
[02:51:17] [164/445] CCCF
[02:51:18] [165/445] MRAD
[02:51:18] [166/445] CPLK
[02:51:20] [167/445] SATB
[02:51:21] [168/445] SNVG
[02:51:22] [169/445] JMBA
[02:51:24] [170/445] TEJA
[02:51:25] [171/445] STYO
[02:51:26] [172/445] JTBP
[02:51:26] [173/445] KRGD
[02:51:28] [174/445] SLJJ
[02:51:29] [175/445] SPTJ
[02:51:30] [176/445] SWJG
[02:51:31] [177/445] LKRT
[02:51:32] [178/445] KCKA
[02:51:32] [179/445] SNCR
[02:51:33] [180/445] SMKL
[02:51:34] [181/445] GCFA
[02:51:35] [182/445] DDCK
[02:51:36] [183/445] NCHJ
[02:51:37] [184/445] RDMA
[02:51:37] [185/445] SVSV
[02:51:38] [186/445] SCJG
[02:51:39] [187/445] VKLP
[02:51:40] [188/445] NWCC
[02:51:41] [189/445] VKNS
[02:51:42] [190/445] SDDP
[02:51:43] [191/445] ACSI
[02:51:43] [192/445] SATG
[02:51:44] [193/445] SCMW
[02:51:45] [194/445] LKTK
[02:51:46] [195/445] VCKV
[02:51:47] [196/445] KKPE
[02:51:48] [197/445] KIGH
[02:51:49] [198/445] SRPM
[02:51:50] [199/445] SCAH
[02:51:50] [200/445] MUTA
[02:51:51] [201/445] SEPU
[02:51:52] [202/445] INOA
[02:51:54] [203/445] BASK
[02:51:55] [204/445] NECB
[02:51:56] [205/445] GTTG
[02:51:56] [206/445] ASSA
[02:51:57] [207/445] ANCL
[02:51:58] [208/445] GCTI
[02:51:59] [209/445] RCTS
[02:52:01] [210/445] ACNL
[02:52:02] [211/445] MYCT
[02:52:03] [212/445] NMHT
[02:52:04] [213/445] MDIT
[02:52:04] [214/445] LATG
[02:52:06] [215/445] SMTY
[02:52:07] [216/445] CVCT
[02:52:08] [217/445] RAMB
[02:52:09] [218/445] TGMS
[02:52:09] [219/445] BHEL
[02:52:10] [220/445] SHCT
[02:52:11] [221/445] SVCT
[02:52:12] [222/445] MRIY
[02:52:13] [223/445] SARO
[02:52:14] [224/445] STCT
[02:52:15] [225/445] JKKC
[02:52:16] [226/445] PLTT
[02:52:17] [227/445] SRNT
[02:52:18] [228/445] YAST
[02:52:19] [229/445] PERL
[02:52:21] [230/445] CICM
[02:52:22] [231/445] MMTR
[02:52:22] [232/445] ABTK
[02:52:23] [233/445] ATYY
[02:52:24] [234/445] ASTK
[02:52:25] [235/445] VVCK
[02:52:27] [236/445] ATKY
[02:52:27] [237/445] GWEK
[02:52:28] [238/445] SVFH
[02:52:29] [239/445] SLTA
[02:52:30] [240/445] AASH
[02:52:32] [241/445] ACXB
[02:52:32] [242/445] SMTX
[02:52:33] [243/445] AZDH
[02:52:34] [244/445] CMMH
[02:52:35] [245/445] SCSZ
[02:52:36] [246/445] SCKP
[02:52:37] [247/445] NXTM
[02:52:38] [248/445] NWCS
[02:52:39] [249/445] CXMH
[02:52:40] [250/445] PCMA
[02:52:41] [251/445] SGCM
[02:52:42] [252/445] SDTU
[02:52:43] [253/445] MMVI
[02:52:44] [254/445] JKCM
[02:52:45] [255/445] VCMM
[02:52:46] [256/445] SYEE
[02:52:47] [257/445] VASD
[02:52:48] [258/445] BDRB
[02:52:49] [259/445] LASM
[02:52:50] [260/445] DCRL
[02:52:50] [261/445] DVPM
[02:52:51] [262/445] SBMJ
[02:52:52] [263/445] CBMU
[02:52:53] [264/445] IUBS
[02:52:54] [265/445] INAP
[02:52:55] [266/445] SRRC
[02:52:56] [267/445] SAGR
[02:52:57] [268/445] CPMJ
[02:52:58] [269/445] ATJL
[02:52:59] [270/445] NNTD
[02:53:00] [271/445] JHCJ
[02:53:01] [272/445] CMMP
[02:53:02] [273/445] RSDR
[02:53:02] [274/445] AMTI
[02:53:03] [275/445] NYSG
[02:53:05] [276/445] AVSG
[02:53:06] [277/445] SYTP
[02:53:07] [278/445] LARC
[02:53:08] [279/445] RJTP
[02:53:09] [280/445] LAKC
[02:53:09] [281/445] MCXE
[02:53:10] [282/445] CCZC
[02:53:11] [283/445] AVCH
[02:53:12] [284/445] CMBE
[02:53:13] [285/445] MRRC
[02:53:14] [286/445] PCPY
[02:53:15] [287/445] SRMH
[02:53:16] [288/445] SVGS
[02:53:17] [289/445] PCSE
[02:53:18] [290/445] SVFT
[02:53:18] [291/445] TNZP
[02:53:19] [292/445] ICTP
[02:53:20] [293/445] ACTZ
[02:53:21] [294/445] GTUR
[02:53:21] [295/445] MAFC
[02:53:22] [296/445] MINL
[02:53:23] [297/445] MRCL
[02:53:24] [298/445] RCRP
[02:53:24] [299/445] RFFG
[02:53:25] [300/445] RMAS
[02:53:26] [301/445] INVR
[02:53:27] [302/445] RMAR
[02:53:28] [303/445] CNIS
[02:53:29] [304/445] RHRJ
[02:53:29] [305/445] INXR
[02:53:30] [306/445] VALT
[02:53:31] [307/445] LCSH
[02:53:32] [308/445] CMVS
[02:53:33] [309/445] CNMS
[02:53:34] [310/445] ROOG
[02:53:35] [311/445] ISRM
[02:53:36] [312/445] RCRM
[02:53:37] [313/445] ACJA
[02:53:38] [314/445] RCVS
[02:53:38] [315/445] CPUS
[02:53:40] [316/445] TGCS
[02:53:41] [317/445] RKCJ
[02:53:43] [318/445] MKSB
[02:53:44] [319/445] TCSJ
[02:53:44] [320/445] RMGP
[02:53:46] [321/445] CLLP
[02:53:47] [322/445] RCMV
[02:53:48] [323/445] CCKS
[02:53:49] [324/445] RSRP
[02:53:50] [325/445] APLP
[02:53:50] [326/445] CNVS
[02:53:51] [327/445] RMVY
[02:53:52] [328/445] PGBD
[02:53:53] [329/445] KLMS
[02:53:54] [330/445] RUST
[02:53:55] [331/445] MASM
[02:53:56] [332/445] BACS
[02:53:56] [333/445] BWST
[02:53:57] [334/445] RRFH
[02:53:59] [335/445] SJTM
[02:54:00] [336/445] BEMR
[02:54:01] [337/445] MCGR
[02:54:03] [338/445] SDSK
[02:54:04] [339/445] VBOL
[02:54:05] [340/445] RMGM
[02:54:05] [341/445] NOPL
[02:54:06] [342/445] MKJK
[02:54:07] [343/445] CVRN
[02:54:08] [344/445] MMEN
[02:54:08] [345/445] AMNG
[02:54:09] [346/445] INTM
[02:54:10] [347/445] SLCZ
[02:54:11] [348/445] AMJN
[02:54:12] [349/445] ACJN
[02:54:13] [350/445] AMKN
[02:54:14] [351/445] BTCN
[02:54:15] [352/445] AMBT
[02:54:16] [353/445] PACN
[02:54:17] [354/445] LCNS
[02:54:18] [355/445] PPKC
[02:54:20] [356/445] JYYN
[02:54:21] [357/445] JTNR
[02:54:22] [358/445] GTEE
[02:54:23] [359/445] SRNM
[02:54:23] [360/445] SDTC
[02:54:24] [361/445] VPCA
[02:54:25] [362/445] VLRA
[02:54:26] [363/445] SHKR
[02:54:27] [364/445] SBKD
[02:54:28] [365/445] SAAD
[02:54:29] [366/445] JTGN
[02:54:30] [367/445] SLAM
[02:54:31] [368/445] VTPM
[02:54:32] [369/445] ANPT
[02:54:33] [370/445] PUNB
[02:54:33] [371/445] CPKT
[02:54:34] [372/445] CNWE
[02:54:35] [373/445] ECPP
[02:54:36] [374/445] CPAR
[02:54:37] [375/445] ESBW
[02:54:38] [376/445] PKPU
[02:54:39] [377/445] CPRP
[02:54:40] [378/445] RAHU
[02:54:41] [379/445] RHMN
[02:54:42] [380/445] FMJP
[02:54:42] [381/445] CTMP
[02:54:43] [382/445] INPN
[02:54:45] [383/445] STTG
[02:54:46] [384/445] CTRD
[02:54:47] [385/445] PUVB
[02:54:48] [386/445] ESVP
[02:54:49] [387/445] CPFT
[02:54:50] [388/445] LCPC
[02:54:51] [389/445] VBCT
[02:54:51] [390/445] FSCW
[02:54:52] [391/445] VCMP
[02:54:53] [392/445] ASHC
[02:54:54] [393/445] VLCX
[02:54:55] [394/445] SHEV
[02:54:56] [395/445] APCO
[02:54:57] [396/445] SILC
[02:54:59] [397/445] SNMR
[02:55:00] [398/445] KYBO
[02:55:01] [399/445] SATK
[02:55:02] [400/445] SSCS
[02:55:03] [401/445] CLSB
[02:55:04] [402/445] KMJR
[02:55:04] [403/445] FSCK
[02:55:05] [404/445] NNKA
[02:55:06] [405/445] CLMK
[02:55:07] [406/445] DMPZ
[02:55:08] [407/445] INQM
[02:55:09] [408/445] CAML
[02:55:09] [409/445] INRK
[02:55:10] [410/445] IMKN
[02:55:11] [411/445] SVNR
[02:55:12] [412/445] INSL
[02:55:14] [413/445] MSMA
[02:55:15] [414/445] MCKK
[02:55:16] [415/445] FCHP
[02:55:17] [416/445] SFCR
[02:55:17] [417/445] NACK
[02:55:18] [418/445] PVAK
[02:55:19] [419/445] INER
[02:55:20] [420/445] RDBK
[02:55:21] [421/445] SVFN
[02:55:22] [422/445] IFRM
[02:55:23] [423/445] ATCK
[02:55:24] [424/445] ASKO
[02:55:24] [425/445] STKT
[02:55:25] [426/445] SVFB
[02:55:26] [427/445] INKS
[02:55:27] [428/445] PCRA
[02:55:28] [429/445] ATJA
[02:55:29] [430/445] IMJN
[02:55:30] [431/445] INHD
[02:55:30] [432/445] BARA
[02:55:31] [433/445] MCSL
[02:55:32] [434/445] RTOY
[02:55:33] [435/445] MENO
[02:55:34] [436/445] PUDM
[02:55:35] [437/445] PRCN
[02:55:36] [438/445] JMJR
[02:55:37] [439/445] SSGK
[02:55:38] [440/445] SSRL
[02:55:38] [441/445] JYKL
[02:55:39] [442/445] ACNB
[02:55:41] [443/445] SONP
[02:55:42] [444/445] EMCI
[02:55:43] [445/445] MRJH
[02:55:44] 🧹 Deduping shows
[02:55:44] ✅ DONE | Shows=947 | Movies=55
