[16:12:14] 🚀 SCRIPT STARTED
[16:12:14] [1/459] NECA
[16:12:14] 🧠 New identity created
[16:12:15] [2/459] BJLC
[16:12:16] [3/459] BASU
[16:12:17] [4/459] RUPI
[16:12:17] [5/459] LCBK
[16:12:18] [6/459] PMAC
[16:12:19] [7/459] AMLC
[16:12:20] [8/459] LICL
[16:12:21] [9/459] UDMM
[16:12:21] [10/459] STBZ
[16:12:23] [11/459] UUBT
[16:12:24] [12/459] SJKC
[16:12:24] [13/459] TUAL
[16:12:25] [14/459] MRSE
[16:12:26] [15/459] RMRK
[16:12:27] [16/459] TTKP
[16:12:28] [17/459] KTKO
[16:12:29] [18/459] SDBK
[16:12:30] [19/459] MCPR
[16:12:31] [20/459] CHTI
[16:12:32] [21/459] GCCP
[16:12:33] [22/459] SRMY
[16:12:34] [23/459] NYST
[16:12:35] [24/459] NYAG
[16:12:36] [25/459] SBMT
[16:12:37] [26/459] INGA
[16:12:38] [27/459] WSIC
[16:12:39] [28/459] SCSS
[16:12:39] [29/459] COPG
[16:12:40] [30/459] RCGR
[16:12:41] [31/459] TCZA
[16:12:42] [32/459] CNLP
[16:12:43] [33/459] CLKN
[16:12:43] [34/459] LHDF
[16:12:44] [35/459] ELKC
[16:12:45] [36/459] VCEM
[16:12:46] [37/459] SSZA
[16:12:47] [38/459] KRMT
[16:12:48] [39/459] LCMV
[16:12:49] [40/459] AYCZ
[16:12:50] [41/459] CUMS
[16:12:51] [42/459] BOCK
[16:12:52] [43/459] PNMR
[16:12:52] [44/459] PJCP
[16:12:53] [45/459] JDDD
[16:12:54] [46/459] STMS
[16:12:55] [47/459] FLMB
[16:12:55] [48/459] PKCM
[16:12:56] [49/459] SPPR
[16:12:58] [50/459] EYLH
[16:12:59] [51/459] RJCC
[16:13:00] [52/459] MMPS
[16:13:01] [53/459] SHMX
[16:13:01] [54/459] CCNL
[16:13:02] [55/459] RCNV
[16:13:03] [56/459] MAAG
[16:13:04] [57/459] LXCM
[16:13:05] [58/459] RCNI
[16:13:06] [59/459] SNNI
[16:13:06] [60/459] LALC
[16:13:07] [61/459] SOCN
[16:13:08] [62/459] JHTP
[16:13:09] [63/459] PITP
[16:13:10] [64/459] CCKW
[16:13:11] [65/459] MCMC
[16:13:12] [66/459] DEES
[16:13:12] [67/459] SABT
[16:13:13] [68/459] VSPP
[16:13:14] [69/459] ABCT
[16:13:15] [70/459] JVTB
[16:13:15] [71/459] VCBD
[16:13:16] [72/459] RMGG
[16:13:17] [73/459] RNMH
[16:13:18] [74/459] SPGL
[16:13:19] [75/459] JTTR
[16:13:20] [76/459] SICS
[16:13:21] [77/459] SRMI
[16:13:22] [78/459] SSIJ
[16:13:23] [79/459] KFMT
[16:13:24] [80/459] VBIT
[16:13:25] [81/459] JKCT
[16:13:25] [82/459] GCGP
[16:13:26] [83/459] GDCS
[16:13:27] [84/459] TRBA
[16:13:28] [85/459] QUST
[16:13:29] [86/459] VSHM
[16:13:29] [87/459] SDCP
[16:13:30] [88/459] SNVS
[16:13:31] [89/459] NYTO
[16:13:32] [90/459] URWC
[16:13:33] [91/459] GTWH
[16:13:34] [92/459] PFCM
[16:13:34] [93/459] KRTA
[16:13:35] [94/459] AXMC
[16:13:36] [95/459] EVMC
[16:13:37] [96/459] HGSM
[16:13:38] [97/459] ACVM
[16:13:39] [98/459] PSKL
[16:13:40] [99/459] RDMP
[16:13:41] [100/459] RHGH
[16:13:42] [101/459] OMCM
[16:13:42] [102/459] DCCP
[16:13:44] [103/459] MCPB
[16:13:45] [104/459] ALCI
[16:13:45] [105/459] BLMX
[16:13:46] [106/459] BTMV
[16:13:47] [107/459] FVPN
[16:13:48] [108/459] CMAR
[16:13:49] [109/459] CEIM
[16:13:50] [110/459] CMVA
[16:13:51] [111/459] CPIV
[16:13:51] [112/459] CNPE
[16:13:52] [113/459] COLV
[16:13:53] [114/459] DNNV
[16:13:54] [115/459] HCAD
[16:13:54] [116/459] TAKA
[16:13:55] [117/459] INVD
[16:13:56] [118/459] IRMM
[16:13:57] [119/459] INSE
[16:13:58] [120/459] MRSW
[16:13:58] [121/459] MCVD
[16:13:59] [122/459] MCSO
[16:14:00] [123/459] PEVM
[16:14:02] [124/459] PVNL
[16:14:03] [125/459] PTCV
[16:14:03] [126/459] PRTC
[16:14:04] [127/459] RCVA
[16:14:05] [128/459] MTBN
[16:14:06] [129/459] LUCP
[16:14:06] [130/459] FMPT
[16:14:08] [131/459] JLSL
[16:14:09] [132/459] SBHA
[16:14:09] [133/459] SHRC
[16:14:10] [134/459] AVPS
[16:14:11] [135/459] STPM
[16:14:12] [136/459] ATRD
[16:14:13] [137/459] VTED
[16:14:14] [138/459] ACAI
[16:14:14] [139/459] SMAE
[16:14:15] [140/459] VMAT
[16:14:16] [141/459] LKCT
[16:14:17] [142/459] JTVK
[16:14:18] [143/459] PRTY
[16:14:19] [144/459] GETT
[16:14:20] [145/459] ESAP
[16:14:22] [146/459] NCPM
[16:14:23] [147/459] PCPA
[16:14:24] [148/459] MMOM
[16:14:25] [149/459] PHUP
[16:14:26] [150/459] CCPI
[16:14:27] [151/459] CNTD
[16:14:28] [152/459] NLJR
[16:14:29] [153/459] SRNG
[16:14:30] [154/459] MHAL
[16:14:31] [155/459] PNSM
[16:14:32] [156/459] DRMY
[16:14:33] [157/459] CCMU
[16:14:35] [158/459] SCMY
[16:14:36] [159/459] PVSY
[16:14:36] [160/459] SDLM
[16:14:37] [161/459] ICCM
[16:14:38] [162/459] PYSU
[16:14:39] [163/459] GATM
[16:14:39] [164/459] WOTM
[16:14:40] [165/459] RKTS
[16:14:42] [166/459] PMTY
[16:14:42] [167/459] LYMS
[16:14:43] [168/459] TGCA
[16:14:44] [169/459] DSTA
[16:14:45] [170/459] CNGE
[16:14:46] [171/459] VSTG
[16:14:47] [172/459] GTCK
[16:14:47] [173/459] TGNT
[16:14:48] [174/459] ASLC
[16:14:49] [175/459] SSST
[16:14:50] [176/459] KBTT
[16:14:51] [177/459] HKCP
[16:14:52] [178/459] SWLC
[16:14:52] [179/459] RTND
[16:14:53] [180/459] PKKT
[16:14:54] [181/459] HSTK
[16:14:55] [182/459] SPTT
[16:14:56] [183/459] IMPM
[16:14:57] [184/459] SCMV
[16:14:57] [185/459] SPCT
[16:14:58] [186/459] JBCA
[16:14:59] [187/459] ATTR
[16:15:00] [188/459] SPMT
[16:15:01] [189/459] LCTM
[16:15:01] [190/459] SCVL
[16:15:02] [191/459] SCVT
[16:15:03] [192/459] KRIC
[16:15:04] [193/459] CTMG
[16:15:05] [194/459] ACNC
[16:15:06] [195/459] DMCK
[16:15:07] [196/459] KMTV
[16:15:08] [197/459] PFCJ
[16:15:09] [198/459] VNMD
[16:15:10] [199/459] VPCZ
[16:15:11] [200/459] SRYR
[16:15:11] [201/459] SYTR
[16:15:12] [202/459] GATR
[16:15:13] [203/459] URTR
[16:15:14] [204/459] MKSM
[16:15:15] [205/459] VSMH
[16:15:16] [206/459] SKRJ
[16:15:17] [207/459] SSJR
[16:15:18] [208/459] SVSM
[16:15:19] [209/459] RUCM
[16:15:20] [210/459] PRKN
[16:15:21] [211/459] RROH
[16:15:21] [212/459] SCTN
[16:15:22] [213/459] RTDM
[16:15:23] [214/459] ASRM
[16:15:24] [215/459] SKMD
[16:15:25] [216/459] SUTD
[16:15:26] [217/459] SADM
[16:15:27] [218/459] WCNR
[16:15:29] [219/459] CNED
[16:15:30] [220/459] MPDB
[16:15:31] [221/459] KTBH
[16:15:32] [222/459] IDRM
[16:15:33] [223/459] PJJT
[16:15:34] [224/459] PFCV
[16:15:35] [225/459] AACT
[16:15:36] [226/459] AAAD
[16:15:36] [227/459] ANES
[16:15:37] [228/459] MNCA
[16:15:38] [229/459] RMGU
[16:15:39] [230/459] DLCN
[16:15:40] [231/459] LJWT
[16:15:40] [232/459] MCBG
[16:15:41] [233/459] MYBG
[16:15:42] [234/459] GCCA
[16:15:43] [235/459] GCGA
[16:15:43] [236/459] ECGN
[16:15:44] [237/459] PRAB
[16:15:45] [238/459] PNMP
[16:15:46] [239/459] GCPT
[16:15:49] [240/459] ROYN
[16:15:50] [241/459] VATM
[16:15:51] [242/459] KSNT
[16:15:51] [243/459] ACTC
[16:15:52] [244/459] PLTD
[16:15:53] [245/459] SKMK
[16:15:54] [246/459] CMTT
[16:15:55] [247/459] SMXP
[16:15:56] [248/459] SCMX
[16:15:57] [249/459] ACXN
[16:15:58] [250/459] ASWT
[16:15:59] [251/459] VVVL
[16:16:00] [252/459] NAGO
[16:16:01] [253/459] SNCN
[16:16:01] [254/459] MCKP
[16:16:02] [255/459] SAMO
[16:16:03] [256/459] JBTV
[16:16:05] [257/459] DCVV
[16:16:06] [258/459] KMSV
[16:16:07] [259/459] KDCN
[16:16:07] [260/459] CNCP
[16:16:08] [261/459] HAMC
[16:16:09] [262/459] CCVZ
[16:16:10] [263/459] NCCK
[16:16:11] [264/459] MCHR
[16:16:12] [265/459] SCHT
[16:16:13] [266/459] ESSH
[16:16:13] [267/459] CUJC
[16:16:14] [268/459] PECP
[16:16:15] [269/459] PMMI
[16:16:16] [270/459] PCCH
[16:16:17] [271/459] PRPM
[16:16:17] [272/459] PVKL
[16:16:18] [273/459] CBSM
[16:16:19] [274/459] PVCZ
[16:16:20] [275/459] PCVV
[16:16:20] [276/459] CTMJ
[16:16:21] [277/459] RCPS
[16:16:22] [278/459] PCIT
[16:16:23] [279/459] FNCH
[16:16:24] [280/459] INZD
[16:16:25] [281/459] INPC
[16:16:26] [282/459] LCZP
[16:16:27] [283/459] SMCB
[16:16:27] [284/459] PTSB
[16:16:28] [285/459] TPSI
[16:16:29] [286/459] KHMJ
[16:16:30] [287/459] RCCJ
[16:16:31] [288/459] NCJA
[16:16:33] [289/459] NCJN
[16:16:34] [290/459] BTDP
[16:16:34] [291/459] PADY
[16:16:35] [292/459] NYBH
[16:16:36] [293/459] MTBR
[16:16:37] [294/459] KRBC
[16:16:38] [295/459] DKTI
[16:16:38] [296/459] ANAN
[16:16:39] [297/459] INBP
[16:16:40] [298/459] PATB
[16:16:41] [299/459] RGNT
[16:16:42] [300/459] CGPM
[16:16:44] [301/459] INTN
[16:16:45] [302/459] MCMP
[16:16:45] [303/459] ASRG
[16:16:46] [304/459] CXJD
[16:16:47] [305/459] SPCP
[16:16:48] [306/459] CSTP
[16:16:48] [307/459] PKVC
[16:16:49] [308/459] ESCP
[16:16:50] [309/459] CAEP
[16:16:52] [310/459] CCSP
[16:16:52] [311/459] KTPC
[16:16:54] [312/459] DACA
[16:16:55] [313/459] NVKY
[16:16:55] [314/459] PTIN
[16:16:56] [315/459] SCIN
[16:16:57] [316/459] MCTY
[16:16:58] [317/459] PCMX
[16:16:59] [318/459] INIC
[16:17:00] [319/459] MMZM
[16:17:01] [320/459] SSLP
[16:17:02] [321/459] DTDT
[16:17:03] [322/459] FFCX
[16:17:05] [323/459] RCMM
[16:17:06] [324/459] KYID
[16:17:07] [325/459] CSCI
[16:17:08] [326/459] FCMC
[16:17:09] [327/459] MMXI
[16:17:10] [328/459] ASTC
[16:17:10] [329/459] CMRA
[16:17:11] [330/459] DICI
[16:17:12] [331/459] KDIN
[16:17:13] [332/459] PRFI
[16:17:14] [333/459] SVFC
[16:17:15] [334/459] UCPL
[16:17:16] [335/459] COOC
[16:17:17] [336/459] SCAL
[16:17:18] [337/459] SVFF
[16:17:19] [338/459] VCMG
[16:17:21] [339/459] UUCT
[16:17:21] [340/459] GCSE
[16:17:22] [341/459] SUSC
[16:17:23] [342/459] MISC
[16:17:24] [343/459] RMBL
[16:17:25] [344/459] CMXN
[16:17:25] [345/459] PVBK
[16:17:26] [346/459] HHCG
[16:17:27] [347/459] SCAG
[16:17:28] [348/459] CNPR
[16:17:29] [349/459] CSER
[16:17:30] [350/459] HLWD
[16:17:31] [351/459] BOLY
[16:17:32] [352/459] SSPG
[16:17:32] [353/459] MUPX
[16:17:34] [354/459] HAMR
[16:17:34] [355/459] SDNC
[16:17:35] [356/459] RTEN
[16:17:36] [357/459] SDTD
[16:17:37] [358/459] KAWS
[16:17:38] [359/459] CMZX
[16:17:39] [360/459] DCDD
[16:17:39] [361/459] ALSN
[16:17:40] [362/459] IMXS
[16:17:41] [363/459] PVFF
[16:17:42] [364/459] PVOO
[16:17:43] [365/459] CFBS
[16:17:44] [366/459] PVER
[16:17:45] [367/459] PPNX
[16:17:46] [368/459] CNRM
[16:17:46] [369/459] PVWW
[16:17:47] [370/459] INMB
[16:17:48] [371/459] CPJR
[16:17:49] [372/459] INRZ
[16:17:49] [373/459] PMSR
[16:17:50] [374/459] GPGM
[16:17:51] [375/459] PGWB
[16:17:52] [376/459] PMBR
[16:17:53] [377/459] GPAM
[16:17:53] [378/459] INBC
[16:17:54] [379/459] PZVK
[16:17:55] [380/459] CPEB
[16:17:56] [381/459] FMLB
[16:17:57] [382/459] INBG
[16:17:57] [383/459] GPBR
[16:17:58] [384/459] PAAS
[16:17:59] [385/459] VTBR
[16:18:00] [386/459] GPMY
[16:18:01] [387/459] GYBU
[16:18:01] [388/459] INBJ
[16:18:02] [389/459] LKTH
[16:18:03] [390/459] NSBR
[16:18:04] [391/459] PDRD
[16:18:05] [392/459] VRBL
[16:18:06] [393/459] VTGB
[16:18:07] [394/459] VTSK
[16:18:08] [395/459] BKDV
[16:18:09] [396/459] SVTB
[16:18:10] [397/459] MLDT
[16:18:10] [398/459] NRBL
[16:18:11] [399/459] SLTR
[16:18:12] [400/459] VNKA
[16:18:13] [401/459] TDCA
[16:18:14] [402/459] INBM
[16:18:15] [403/459] SSNR
[16:18:16] [404/459] BHAC
[16:18:16] [405/459] SDSD
[16:18:17] [406/459] SAMP
[16:18:18] [407/459] RATK
[16:18:19] [408/459] KCBI
[16:18:20] [409/459] URBL
[16:18:21] [410/459] MKBG
[16:18:22] [411/459] ASTB
[16:18:22] [412/459] VBWT
[16:18:23] [413/459] GPSM
[16:18:24] [414/459] ROON
[16:18:25] [415/459] CHTH
[16:18:26] [416/459] SSPA
[16:18:27] [417/459] ANBL
[16:18:28] [418/459] VTBE
[16:18:28] [419/459] SVKT
[16:18:29] [420/459] SVYK
[16:18:31] [421/459] PTBK
[16:18:32] [422/459] RKTB
[16:18:32] [423/459] BALT
[16:18:33] [424/459] STSV
[16:18:34] [425/459] VCCB
[16:18:35] [426/459] SLTB
[16:18:36] [427/459] SBCR
[16:18:36] [428/459] VDCS
[16:18:37] [429/459] MDKI
[16:18:38] [430/459] SMRN
[16:18:40] [431/459] PTBC
[16:18:40] [432/459] RADI
[16:18:41] [433/459] ADCR
[16:18:42] [434/459] SDCS
[16:18:43] [435/459] SRPJ
[16:18:44] [436/459] ARTS
[16:18:45] [437/459] SRHK
[16:18:46] [438/459] SPAY
[16:18:47] [439/459] GPTB
[16:18:47] [440/459] SNNN
[16:18:48] [441/459] BALJ
[16:18:49] [442/459] TRIG
[16:18:51] [443/459] GTYT
[16:18:51] [444/459] ATGN
[16:18:52] [445/459] ANTE
[16:18:53] [446/459] BDCG
[16:18:54] [447/459] VECI
[16:18:55] [448/459] SCPR
[16:18:55] [449/459] RTEA
[16:18:56] [450/459] JSAI
[16:18:57] [451/459] VJTP
[16:18:58] [452/459] GNDS
[16:18:59] [453/459] PAXA
[16:19:00] [454/459] CGGM
[16:19:01] [455/459] ACKZ
[16:19:02] [456/459] EMCC
[16:19:02] [457/459] KLSK
[16:19:03] [458/459] AVCK
[16:19:04] [459/459] JTCK
[16:19:04] 🧹 Deduping shows
[16:19:04] ✅ DONE | Shows=824 | Movies=40
[22:24:12] 🚀 SCRIPT STARTED
[22:24:12] [1/459] NECA
[22:24:12] 🧠 New identity created
[22:24:13] [2/459] BJLC
[22:24:14] [3/459] BASU
[22:24:16] [4/459] RUPI
[22:24:16] [5/459] LCBK
[22:24:17] [6/459] PMAC
[22:24:18] [7/459] AMLC
[22:24:20] [8/459] LICL
[22:24:22] [9/459] UDMM
[22:24:22] [10/459] STBZ
[22:24:23] [11/459] UUBT
[22:24:24] [12/459] SJKC
[22:24:25] [13/459] TUAL
[22:24:26] [14/459] MRSE
[22:24:27] [15/459] RMRK
[22:24:27] [16/459] TTKP
[22:24:28] [17/459] KTKO
[22:24:30] [18/459] SDBK
[22:24:31] [19/459] MCPR
[22:24:32] [20/459] CHTI
[22:24:34] [21/459] GCCP
[22:24:35] [22/459] SRMY
[22:24:36] [23/459] NYST
[22:24:37] [24/459] NYAG
[22:24:38] [25/459] SBMT
[22:24:38] [26/459] INGA
[22:24:39] [27/459] WSIC
[22:24:40] [28/459] SCSS
[22:24:41] [29/459] COPG
[22:24:42] [30/459] RCGR
[22:24:43] [31/459] TCZA
[22:24:44] [32/459] CNLP
[22:24:45] [33/459] CLKN
[22:24:45] [34/459] LHDF
[22:24:46] [35/459] ELKC
[22:24:47] [36/459] VCEM
[22:24:48] [37/459] SSZA
[22:24:48] [38/459] KRMT
[22:24:49] [39/459] LCMV
[22:24:51] [40/459] AYCZ
[22:24:52] [41/459] CUMS
[22:24:53] [42/459] BOCK
[22:24:54] [43/459] PNMR
[22:24:54] [44/459] PJCP
[22:24:55] [45/459] JDDD
[22:24:56] [46/459] STMS
[22:24:58] [47/459] FLMB
[22:24:58] [48/459] PKCM
[22:24:59] [49/459] SPPR
[22:25:00] [50/459] EYLH
[22:25:01] [51/459] RJCC
[22:25:02] [52/459] MMPS
[22:25:03] [53/459] SHMX
[22:25:04] [54/459] CCNL
[22:25:06] [55/459] RCNV
[22:25:06] [56/459] MAAG
[22:25:07] [57/459] LXCM
[22:25:08] [58/459] RCNI
[22:25:09] [59/459] SNNI
[22:25:10] [60/459] LALC
[22:25:11] [61/459] SOCN
[22:25:12] [62/459] JHTP
[22:25:13] [63/459] PITP
[22:25:14] [64/459] CCKW
[22:25:15] [65/459] MCMC
[22:25:16] [66/459] DEES
[22:25:16] [67/459] SABT
[22:25:17] [68/459] VSPP
[22:25:18] [69/459] ABCT
[22:25:19] [70/459] JVTB
[22:25:19] [71/459] VCBD
[22:25:20] [72/459] RMGG
[22:25:21] [73/459] RNMH
[22:25:22] [74/459] SPGL
[22:25:23] [75/459] JTTR
[22:25:24] [76/459] SICS
[22:25:25] [77/459] SRMI
[22:25:26] [78/459] SSIJ
[22:25:27] [79/459] KFMT
[22:25:27] [80/459] VBIT
[22:25:28] [81/459] JKCT
[22:25:29] [82/459] GCGP
[22:25:30] [83/459] GDCS
[22:25:31] [84/459] TRBA
[22:25:32] [85/459] QUST
[22:25:33] [86/459] VSHM
[22:25:34] [87/459] SDCP
[22:25:35] [88/459] SNVS
[22:25:36] [89/459] NYTO
[22:25:37] [90/459] URWC
[22:25:38] [91/459] GTWH
[22:25:39] [92/459] PFCM
[22:25:40] [93/459] KRTA
[22:25:42] [94/459] AXMC
[22:25:43] [95/459] EVMC
[22:25:44] [96/459] HGSM
[22:25:45] [97/459] ACVM
[22:25:46] [98/459] PSKL
[22:25:47] [99/459] RDMP
[22:25:47] [100/459] RHGH
[22:25:48] [101/459] OMCM
[22:25:49] [102/459] DCCP
[22:25:50] [103/459] MCPB
[22:25:51] [104/459] ALCI
[22:25:52] [105/459] BLMX
[22:25:52] [106/459] BTMV
[22:25:54] [107/459] FVPN
[22:25:55] [108/459] CMAR
[22:25:57] [109/459] CEIM
[22:25:58] [110/459] CMVA
[22:25:58] [111/459] CPIV
[22:25:59] [112/459] CNPE
[22:26:00] [113/459] COLV
[22:26:01] [114/459] DNNV
[22:26:02] [115/459] HCAD
[22:26:02] [116/459] TAKA
[22:26:03] [117/459] INVD
[22:26:04] [118/459] IRMM
[22:26:05] [119/459] INSE
[22:26:06] [120/459] MRSW
[22:26:07] [121/459] MCVD
[22:26:08] [122/459] MCSO
[22:26:10] [123/459] PEVM
[22:26:11] [124/459] PVNL
[22:26:12] [125/459] PTCV
[22:26:13] [126/459] PRTC
[22:26:14] [127/459] RCVA
[22:26:14] [128/459] MTBN
[22:26:15] [129/459] LUCP
[22:26:16] [130/459] FMPT
[22:26:16] [131/459] JLSL
[22:26:17] [132/459] SBHA
[22:26:18] [133/459] SHRC
[22:26:19] [134/459] AVPS
[22:26:20] [135/459] STPM
[22:26:20] [136/459] ATRD
[22:26:21] [137/459] VTED
[22:26:23] [138/459] ACAI
[22:26:24] [139/459] SMAE
[22:26:25] [140/459] VMAT
[22:26:26] [141/459] LKCT
[22:26:27] [142/459] JTVK
[22:26:27] [143/459] PRTY
[22:26:28] [144/459] GETT
[22:26:29] [145/459] ESAP
[22:26:30] [146/459] NCPM
[22:26:31] [147/459] PCPA
[22:26:32] [148/459] MMOM
[22:26:32] [149/459] PHUP
[22:26:33] [150/459] CCPI
[22:26:34] [151/459] CNTD
[22:26:35] [152/459] NLJR
[22:26:36] [153/459] SRNG
[22:26:37] [154/459] MHAL
[22:26:37] [155/459] PNSM
[22:26:38] [156/459] DRMY
[22:26:39] [157/459] CCMU
[22:26:40] [158/459] SCMY
[22:26:40] [159/459] PVSY
[22:26:41] [160/459] SDLM
[22:26:42] [161/459] ICCM
[22:26:43] [162/459] PYSU
[22:26:43] [163/459] GATM
[22:26:44] [164/459] WOTM
[22:26:45] [165/459] RKTS
[22:26:46] [166/459] PMTY
[22:26:47] [167/459] LYMS
[22:26:47] [168/459] TGCA
[22:26:49] [169/459] DSTA
[22:26:50] [170/459] CNGE
[22:26:50] [171/459] VSTG
[22:26:51] [172/459] GTCK
[22:26:52] [173/459] TGNT
[22:26:53] [174/459] ASLC
[22:26:54] [175/459] SSST
[22:26:55] [176/459] KBTT
[22:26:56] [177/459] HKCP
[22:26:56] [178/459] SWLC
[22:26:57] [179/459] RTND
[22:26:58] [180/459] PKKT
[22:26:59] [181/459] HSTK
[22:27:00] [182/459] SPTT
[22:27:00] [183/459] IMPM
[22:27:01] [184/459] SCMV
[22:27:02] [185/459] SPCT
[22:27:03] [186/459] JBCA
[22:27:04] [187/459] ATTR
[22:27:05] [188/459] SPMT
[22:27:06] [189/459] LCTM
[22:27:07] [190/459] SCVL
[22:27:08] [191/459] SCVT
[22:27:08] [192/459] KRIC
[22:27:09] [193/459] CTMG
[22:27:10] [194/459] ACNC
[22:27:11] [195/459] DMCK
[22:27:12] [196/459] KMTV
[22:27:13] [197/459] PFCJ
[22:27:14] [198/459] VNMD
[22:27:14] [199/459] VPCZ
[22:27:15] [200/459] SRYR
[22:27:16] [201/459] SYTR
[22:27:17] [202/459] GATR
[22:27:18] [203/459] URTR
[22:27:18] [204/459] MKSM
[22:27:19] [205/459] VSMH
[22:27:20] [206/459] SKRJ
[22:27:21] [207/459] SSJR
[22:27:21] [208/459] SVSM
[22:27:22] [209/459] RUCM
[22:27:23] [210/459] PRKN
[22:27:24] [211/459] RROH
[22:27:25] [212/459] SCTN
[22:27:26] [213/459] RTDM
[22:27:27] [214/459] ASRM
[22:27:28] [215/459] SKMD
[22:27:29] [216/459] SUTD
[22:27:30] [217/459] SADM
[22:27:31] [218/459] WCNR
[22:27:32] [219/459] CNED
[22:27:33] [220/459] MPDB
[22:27:33] [221/459] KTBH
[22:27:34] [222/459] IDRM
[22:27:35] [223/459] PJJT
[22:27:36] [224/459] PFCV
[22:27:37] [225/459] AACT
[22:27:37] [226/459] AAAD
[22:27:38] [227/459] ANES
[22:27:39] [228/459] MNCA
[22:27:40] [229/459] RMGU
[22:27:41] [230/459] DLCN
[22:27:42] [231/459] LJWT
[22:27:42] [232/459] MCBG
[22:27:43] [233/459] MYBG
[22:27:44] [234/459] GCCA
[22:27:46] [235/459] GCGA
[22:27:46] [236/459] ECGN
[22:27:47] [237/459] PRAB
[22:27:48] [238/459] PNMP
[22:27:49] [239/459] GCPT
[22:27:50] [240/459] ROYN
[22:27:51] [241/459] VATM
[22:27:52] [242/459] KSNT
[22:27:52] [243/459] ACTC
[22:27:53] [244/459] PLTD
[22:27:54] [245/459] SKMK
[22:27:55] [246/459] CMTT
[22:27:56] [247/459] SMXP
[22:27:57] [248/459] SCMX
[22:27:58] [249/459] ACXN
[22:27:58] [250/459] ASWT
[22:27:59] [251/459] VVVL
[22:28:00] [252/459] NAGO
[22:28:01] [253/459] SNCN
[22:28:02] [254/459] MCKP
[22:28:03] [255/459] SAMO
[22:28:04] [256/459] JBTV
[22:28:05] [257/459] DCVV
[22:28:06] [258/459] KMSV
[22:28:07] [259/459] KDCN
[22:28:08] [260/459] CNCP
[22:28:09] [261/459] HAMC
[22:28:10] [262/459] CCVZ
[22:28:11] [263/459] NCCK
[22:28:12] [264/459] MCHR
[22:28:14] [265/459] SCHT
[22:28:14] [266/459] ESSH
[22:28:15] [267/459] CUJC
[22:28:16] [268/459] PECP
[22:28:17] [269/459] PMMI
[22:28:18] [270/459] PCCH
[22:28:19] [271/459] PRPM
[22:28:19] [272/459] PVKL
[22:28:20] [273/459] CBSM
[22:28:21] [274/459] PVCZ
[22:28:22] [275/459] PCVV
[22:28:23] [276/459] CTMJ
[22:28:23] [277/459] RCPS
[22:28:24] [278/459] PCIT
[22:28:25] [279/459] FNCH
[22:28:26] [280/459] INZD
[22:28:28] [281/459] INPC
[22:28:28] [282/459] LCZP
[22:28:30] [283/459] SMCB
[22:28:30] [284/459] PTSB
[22:28:31] [285/459] TPSI
[22:28:32] [286/459] KHMJ
[22:28:33] [287/459] RCCJ
[22:28:34] [288/459] NCJA
[22:28:35] [289/459] NCJN
[22:28:35] [290/459] BTDP
[22:28:36] [291/459] PADY
[22:28:38] [292/459] NYBH
[22:28:39] [293/459] MTBR
[22:28:40] [294/459] KRBC
[22:28:41] [295/459] DKTI
[22:28:42] [296/459] ANAN
[22:28:42] [297/459] INBP
[22:28:43] [298/459] PATB
[22:28:44] [299/459] RGNT
[22:28:45] [300/459] CGPM
[22:28:46] [301/459] INTN
[22:28:47] [302/459] MCMP
[22:28:48] [303/459] ASRG
[22:28:48] [304/459] CXJD
[22:28:49] [305/459] SPCP
[22:28:50] [306/459] CSTP
[22:28:52] [307/459] PKVC
[22:28:53] [308/459] ESCP
[22:28:54] [309/459] CAEP
[22:28:54] [310/459] CCSP
[22:28:55] [311/459] KTPC
[22:28:57] [312/459] DACA
[22:28:57] [313/459] NVKY
[22:28:58] [314/459] PTIN
[22:28:59] [315/459] SCIN
[22:29:00] [316/459] MCTY
[22:29:01] [317/459] PCMX
[22:29:02] [318/459] INIC
[22:29:02] [319/459] MMZM
[22:29:03] [320/459] SSLP
[22:29:04] [321/459] DTDT
[22:29:05] [322/459] FFCX
[22:29:06] [323/459] RCMM
[22:29:06] [324/459] KYID
[22:29:07] [325/459] CSCI
[22:29:09] [326/459] FCMC
[22:29:10] [327/459] MMXI
[22:29:11] [328/459] ASTC
[22:29:12] [329/459] CMRA
[22:29:13] [330/459] DICI
[22:29:14] [331/459] KDIN
[22:29:14] [332/459] PRFI
[22:29:15] [333/459] SVFC
[22:29:16] [334/459] UCPL
[22:29:17] [335/459] COOC
[22:29:18] [336/459] SCAL
[22:29:18] [337/459] SVFF
[22:29:19] [338/459] VCMG
[22:29:20] [339/459] UUCT
[22:29:21] [340/459] GCSE
[22:29:22] [341/459] SUSC
[22:29:22] [342/459] MISC
[22:29:23] [343/459] RMBL
[22:29:24] [344/459] CMXN
[22:29:24] [345/459] PVBK
[22:29:25] [346/459] HHCG
[22:29:26] [347/459] SCAG
[22:29:27] [348/459] CNPR
[22:29:28] [349/459] CSER
[22:29:29] [350/459] HLWD
[22:29:30] [351/459] BOLY
[22:29:31] [352/459] SSPG
[22:29:32] [353/459] MUPX
[22:29:33] [354/459] HAMR
[22:29:34] [355/459] SDNC
[22:29:35] [356/459] RTEN
[22:29:36] [357/459] SDTD
[22:29:37] [358/459] KAWS
[22:29:38] [359/459] CMZX
[22:29:39] [360/459] DCDD
[22:29:39] [361/459] ALSN
[22:29:40] [362/459] IMXS
[22:29:41] [363/459] PVFF
[22:29:42] [364/459] PVOO
[22:29:43] [365/459] CFBS
[22:29:44] [366/459] PVER
[22:29:45] [367/459] PPNX
[22:29:45] [368/459] CNRM
[22:29:46] [369/459] PVWW
[22:29:47] [370/459] INMB
[22:29:49] [371/459] CPJR
[22:29:49] [372/459] INRZ
[22:29:50] [373/459] PMSR
[22:29:51] [374/459] GPGM
[22:29:52] [375/459] PGWB
[22:29:53] [376/459] PMBR
[22:29:55] [377/459] GPAM
[22:29:56] [378/459] INBC
[22:29:56] [379/459] PZVK
[22:29:57] [380/459] CPEB
[22:29:58] [381/459] FMLB
[22:29:59] [382/459] INBG
[22:30:00] [383/459] GPBR
[22:30:00] [384/459] PAAS
[22:30:01] [385/459] VTBR
[22:30:02] [386/459] GPMY
[22:30:03] [387/459] GYBU
[22:30:04] [388/459] INBJ
[22:30:05] [389/459] LKTH
[22:30:06] [390/459] NSBR
[22:30:07] [391/459] PDRD
[22:30:07] [392/459] VRBL
[22:30:08] [393/459] VTGB
[22:30:09] [394/459] VTSK
[22:30:10] [395/459] BKDV
[22:30:11] [396/459] SVTB
[22:30:12] [397/459] MLDT
[22:30:12] [398/459] NRBL
[22:30:13] [399/459] SLTR
[22:30:14] [400/459] VNKA
[22:30:15] [401/459] TDCA
[22:30:16] [402/459] INBM
[22:30:16] [403/459] SSNR
[22:30:17] [404/459] BHAC
[22:30:19] [405/459] SDSD
[22:30:20] [406/459] SAMP
[22:30:20] [407/459] RATK
[22:30:21] [408/459] KCBI
[22:30:22] [409/459] URBL
[22:30:23] [410/459] MKBG
[22:30:24] [411/459] ASTB
[22:30:25] [412/459] VBWT
[22:30:26] [413/459] GPSM
[22:30:27] [414/459] ROON
[22:30:27] [415/459] CHTH
[22:30:28] [416/459] SSPA
[22:30:29] [417/459] ANBL
[22:30:30] [418/459] VTBE
[22:30:31] [419/459] SVKT
[22:30:32] [420/459] SVYK
[22:30:32] [421/459] PTBK
[22:30:33] [422/459] RKTB
[22:30:34] [423/459] BALT
[22:30:35] [424/459] STSV
[22:30:36] [425/459] VCCB
[22:30:37] [426/459] SLTB
[22:30:38] [427/459] SBCR
[22:30:39] [428/459] VDCS
[22:30:39] [429/459] MDKI
[22:30:40] [430/459] SMRN
[22:30:41] [431/459] PTBC
[22:30:43] [432/459] RADI
[22:30:44] [433/459] ADCR
[22:30:45] [434/459] SDCS
[22:30:46] [435/459] SRPJ
[22:30:47] [436/459] ARTS
[22:30:49] [437/459] SRHK
[22:30:49] [438/459] SPAY
[22:30:50] [439/459] GPTB
[22:30:51] [440/459] SNNN
[22:30:52] [441/459] BALJ
[22:30:53] [442/459] TRIG
[22:30:54] [443/459] GTYT
[22:30:55] [444/459] ATGN
[22:30:56] [445/459] ANTE
[22:30:57] [446/459] BDCG
[22:30:57] [447/459] VECI
[22:30:58] [448/459] SCPR
[22:31:00] [449/459] RTEA
[22:31:00] [450/459] JSAI
[22:31:01] [451/459] VJTP
[22:31:03] [452/459] GNDS
[22:31:04] [453/459] PAXA
[22:31:05] [454/459] CGGM
[22:31:05] [455/459] ACKZ
[22:31:06] [456/459] EMCC
[22:31:07] [457/459] KLSK
[22:31:08] [458/459] AVCK
[22:31:09] [459/459] JTCK
[22:31:09] 🧹 Deduping shows
[22:31:09] ✅ DONE | Shows=930 | Movies=53
[02:48:12] 🚀 SCRIPT STARTED
[02:48:12] [1/459] NECA
[02:48:12] 🧠 New identity created
[02:48:13] [2/459] BJLC
[02:48:15] [3/459] BASU
[02:48:15] [4/459] RUPI
[02:48:16] [5/459] LCBK
[02:48:17] [6/459] PMAC
[02:48:19] [7/459] AMLC
[02:48:20] [8/459] LICL
[02:48:21] [9/459] UDMM
[02:48:22] [10/459] STBZ
[02:48:23] [11/459] UUBT
[02:48:24] [12/459] SJKC
[02:48:24] [13/459] TUAL
[02:48:25] [14/459] MRSE
[02:48:26] [15/459] RMRK
[02:48:27] [16/459] TTKP
[02:48:28] [17/459] KTKO
[02:48:29] [18/459] SDBK
[02:48:30] [19/459] MCPR
[02:48:31] [20/459] CHTI
[02:48:31] [21/459] GCCP
[02:48:32] [22/459] SRMY
[02:48:33] [23/459] NYST
[02:48:34] [24/459] NYAG
[02:48:35] [25/459] SBMT
[02:48:36] [26/459] INGA
[02:48:37] [27/459] WSIC
[02:48:38] [28/459] SCSS
[02:48:39] [29/459] COPG
[02:48:39] [30/459] RCGR
[02:48:41] [31/459] TCZA
[02:48:42] [32/459] CNLP
[02:48:42] [33/459] CLKN
[02:48:43] [34/459] LHDF
[02:48:44] [35/459] ELKC
[02:48:45] [36/459] VCEM
[02:48:46] [37/459] SSZA
[02:48:47] [38/459] KRMT
[02:48:48] [39/459] LCMV
[02:48:49] [40/459] AYCZ
[02:48:50] [41/459] CUMS
[02:48:51] [42/459] BOCK
[02:48:52] [43/459] PNMR
[02:48:53] [44/459] PJCP
[02:48:54] [45/459] JDDD
[02:48:55] [46/459] STMS
[02:48:56] [47/459] FLMB
[02:48:57] [48/459] PKCM
[02:48:58] [49/459] SPPR
[02:49:00] [50/459] EYLH
[02:49:01] [51/459] RJCC
[02:49:02] [52/459] MMPS
[02:49:04] [53/459] SHMX
[02:49:05] [54/459] CCNL
[02:49:06] [55/459] RCNV
[02:49:07] [56/459] MAAG
[02:49:08] [57/459] LXCM
[02:49:08] [58/459] RCNI
[02:49:09] [59/459] SNNI
[02:49:11] [60/459] LALC
[02:49:12] [61/459] SOCN
[02:49:13] [62/459] JHTP
[02:49:14] [63/459] PITP
[02:49:14] [64/459] CCKW
[02:49:15] [65/459] MCMC
[02:49:16] [66/459] DEES
[02:49:17] [67/459] SABT
[02:49:19] [68/459] VSPP
[02:49:20] [69/459] ABCT
[02:49:20] [70/459] JVTB
[02:49:21] [71/459] VCBD
[02:49:22] [72/459] RMGG
[02:49:23] [73/459] RNMH
[02:49:24] [74/459] SPGL
[02:49:25] [75/459] JTTR
[02:49:26] [76/459] SICS
[02:49:26] [77/459] SRMI
[02:49:27] [78/459] SSIJ
[02:49:28] [79/459] KFMT
[02:49:29] [80/459] VBIT
[02:49:30] [81/459] JKCT
[02:49:32] [82/459] GCGP
[02:49:33] [83/459] GDCS
[02:49:34] [84/459] TRBA
[02:49:35] [85/459] QUST
[02:49:36] [86/459] VSHM
[02:49:37] [87/459] SDCP
[02:49:38] [88/459] SNVS
[02:49:39] [89/459] NYTO
[02:49:40] [90/459] URWC
[02:49:40] [91/459] GTWH
[02:49:41] [92/459] PFCM
[02:49:42] [93/459] KRTA
[02:49:43] [94/459] AXMC
[02:49:44] [95/459] EVMC
[02:49:45] [96/459] HGSM
[02:49:46] [97/459] ACVM
[02:49:47] [98/459] PSKL
[02:49:47] [99/459] RDMP
[02:49:48] [100/459] RHGH
[02:49:49] [101/459] OMCM
[02:49:50] [102/459] DCCP
[02:49:51] [103/459] MCPB
[02:49:52] [104/459] ALCI
[02:49:53] [105/459] BLMX
[02:49:54] [106/459] BTMV
[02:49:54] [107/459] FVPN
[02:49:55] [108/459] CMAR
[02:49:56] [109/459] CEIM
[02:49:57] [110/459] CMVA
[02:49:58] [111/459] CPIV
[02:49:58] [112/459] CNPE
[02:50:00] [113/459] COLV
[02:50:01] [114/459] DNNV
[02:50:03] [115/459] HCAD
[02:50:04] [116/459] TAKA
[02:50:05] [117/459] INVD
[02:50:06] [118/459] IRMM
[02:50:07] [119/459] INSE
[02:50:08] [120/459] MRSW
[02:50:09] [121/459] MCVD
[02:50:10] [122/459] MCSO
[02:50:11] [123/459] PEVM
[02:50:12] [124/459] PVNL
[02:50:13] [125/459] PTCV
[02:50:15] [126/459] PRTC
[02:50:16] [127/459] RCVA
[02:50:16] [128/459] MTBN
[02:50:17] [129/459] LUCP
[02:50:18] [130/459] FMPT
[02:50:19] [131/459] JLSL
[02:50:20] [132/459] SBHA
[02:50:20] [133/459] SHRC
[02:50:21] [134/459] AVPS
[02:50:22] [135/459] STPM
[02:50:23] [136/459] ATRD
[02:50:24] [137/459] VTED
[02:50:25] [138/459] ACAI
[02:50:25] [139/459] SMAE
[02:50:26] [140/459] VMAT
[02:50:27] [141/459] LKCT
[02:50:28] [142/459] JTVK
[02:50:29] [143/459] PRTY
[02:50:29] [144/459] GETT
[02:50:30] [145/459] ESAP
[02:50:31] [146/459] NCPM
[02:50:32] [147/459] PCPA
[02:50:33] [148/459] MMOM
[02:50:34] [149/459] PHUP
[02:50:35] [150/459] CCPI
[02:50:37] [151/459] CNTD
[02:50:37] [152/459] NLJR
[02:50:39] [153/459] SRNG
[02:50:40] [154/459] MHAL
[02:50:41] [155/459] PNSM
[02:50:43] [156/459] DRMY
[02:50:43] [157/459] CCMU
[02:50:44] [158/459] SCMY
[02:50:45] [159/459] PVSY
[02:50:46] [160/459] SDLM
[02:50:47] [161/459] ICCM
[02:50:48] [162/459] PYSU
[02:50:49] [163/459] GATM
[02:50:50] [164/459] WOTM
[02:50:51] [165/459] RKTS
[02:50:51] [166/459] PMTY
[02:50:52] [167/459] LYMS
[02:50:53] [168/459] TGCA
[02:50:54] [169/459] DSTA
[02:50:54] [170/459] CNGE
[02:50:55] [171/459] VSTG
[02:50:56] [172/459] GTCK
[02:50:57] [173/459] TGNT
[02:50:58] [174/459] ASLC
[02:50:59] [175/459] SSST
[02:51:00] [176/459] KBTT
[02:51:01] [177/459] HKCP
[02:51:02] [178/459] SWLC
[02:51:03] [179/459] RTND
[02:51:04] [180/459] PKKT
[02:51:05] [181/459] HSTK
[02:51:06] [182/459] SPTT
[02:51:07] [183/459] IMPM
[02:51:08] [184/459] SCMV
[02:51:10] [185/459] SPCT
[02:51:11] [186/459] JBCA
[02:51:12] [187/459] ATTR
[02:51:13] [188/459] SPMT
[02:51:14] [189/459] LCTM
[02:51:14] [190/459] SCVL
[02:51:15] [191/459] SCVT
[02:51:16] [192/459] KRIC
[02:51:17] [193/459] CTMG
[02:51:18] [194/459] ACNC
[02:51:19] [195/459] DMCK
[02:51:20] [196/459] KMTV
[02:51:21] [197/459] PFCJ
[02:51:22] [198/459] VNMD
[02:51:23] [199/459] VPCZ
[02:51:24] [200/459] SRYR
[02:51:25] [201/459] SYTR
[02:51:27] [202/459] GATR
[02:51:27] [203/459] URTR
[02:51:28] [204/459] MKSM
[02:51:29] [205/459] VSMH
[02:51:30] [206/459] SKRJ
[02:51:31] [207/459] SSJR
[02:51:32] [208/459] SVSM
[02:51:34] [209/459] RUCM
[02:51:35] [210/459] PRKN
[02:51:36] [211/459] RROH
[02:51:37] [212/459] SCTN
[02:51:38] [213/459] RTDM
[02:51:38] [214/459] ASRM
[02:51:39] [215/459] SKMD
[02:51:40] [216/459] SUTD
[02:51:42] [217/459] SADM
[02:51:42] [218/459] WCNR
[02:51:43] [219/459] CNED
[02:51:45] [220/459] MPDB
[02:51:47] [221/459] KTBH
[02:51:48] [222/459] IDRM
[02:51:49] [223/459] PJJT
[02:51:50] [224/459] PFCV
[02:51:51] [225/459] AACT
[02:51:52] [226/459] AAAD
[02:51:53] [227/459] ANES
[02:51:55] [228/459] MNCA
[02:51:55] [229/459] RMGU
[02:51:56] [230/459] DLCN
[02:51:57] [231/459] LJWT
[02:51:58] [232/459] MCBG
[02:51:59] [233/459] MYBG
[02:52:00] [234/459] GCCA
[02:52:00] [235/459] GCGA
[02:52:01] [236/459] ECGN
[02:52:02] [237/459] PRAB
[02:52:03] [238/459] PNMP
[02:52:04] [239/459] GCPT
[02:52:05] [240/459] ROYN
[02:52:06] [241/459] VATM
[02:52:07] [242/459] KSNT
[02:52:08] [243/459] ACTC
[02:52:09] [244/459] PLTD
[02:52:10] [245/459] SKMK
[02:52:11] [246/459] CMTT
[02:52:12] [247/459] SMXP
[02:52:13] [248/459] SCMX
[02:52:14] [249/459] ACXN
[02:52:15] [250/459] ASWT
[02:52:15] [251/459] VVVL
[02:52:16] [252/459] NAGO
[02:52:17] [253/459] SNCN
[02:52:18] [254/459] MCKP
[02:52:19] [255/459] SAMO
[02:52:20] [256/459] JBTV
[02:52:21] [257/459] DCVV
[02:52:22] [258/459] KMSV
[02:52:22] [259/459] KDCN
[02:52:23] [260/459] CNCP
[02:52:24] [261/459] HAMC
[02:52:25] [262/459] CCVZ
[02:52:26] [263/459] NCCK
[02:52:26] [264/459] MCHR
[02:52:28] [265/459] SCHT
[02:52:29] [266/459] ESSH
[02:52:30] [267/459] CUJC
[02:52:32] [268/459] PECP
[02:52:33] [269/459] PMMI
[02:52:33] [270/459] PCCH
[02:52:34] [271/459] PRPM
[02:52:35] [272/459] PVKL
[02:52:36] [273/459] CBSM
[02:52:37] [274/459] PVCZ
[02:52:38] [275/459] PCVV
[02:52:40] [276/459] CTMJ
[02:52:41] [277/459] RCPS
[02:52:43] [278/459] PCIT
[02:52:44] [279/459] FNCH
[02:52:46] [280/459] INZD
[02:52:47] [281/459] INPC
[02:52:48] [282/459] LCZP
[02:52:48] [283/459] SMCB
[02:52:49] [284/459] PTSB
[02:52:50] [285/459] TPSI
[02:52:51] [286/459] KHMJ
[02:52:52] [287/459] RCCJ
[02:52:53] [288/459] NCJA
[02:52:54] [289/459] NCJN
[02:52:54] [290/459] BTDP
[02:52:56] [291/459] PADY
[02:52:57] [292/459] NYBH
[02:52:58] [293/459] MTBR
[02:52:58] [294/459] KRBC
[02:52:59] [295/459] DKTI
[02:53:00] [296/459] ANAN
[02:53:02] [297/459] INBP
[02:53:03] [298/459] PATB
[02:53:04] [299/459] RGNT
[02:53:05] [300/459] CGPM
[02:53:05] [301/459] INTN
[02:53:07] [302/459] MCMP
[02:53:08] [303/459] ASRG
[02:53:09] [304/459] CXJD
[02:53:10] [305/459] SPCP
[02:53:11] [306/459] CSTP
[02:53:12] [307/459] PKVC
[02:53:13] [308/459] ESCP
[02:53:15] [309/459] CAEP
[02:53:16] [310/459] CCSP
[02:53:16] [311/459] KTPC
[02:53:18] [312/459] DACA
[02:53:19] [313/459] NVKY
[02:53:20] [314/459] PTIN
[02:53:20] [315/459] SCIN
[02:53:21] [316/459] MCTY
[02:53:22] [317/459] PCMX
[02:53:23] [318/459] INIC
[02:53:24] [319/459] MMZM
[02:53:25] [320/459] SSLP
[02:53:26] [321/459] DTDT
[02:53:27] [322/459] FFCX
[02:53:28] [323/459] RCMM
[02:53:29] [324/459] KYID
[02:53:30] [325/459] CSCI
[02:53:31] [326/459] FCMC
[02:53:32] [327/459] MMXI
[02:53:32] [328/459] ASTC
[02:53:33] [329/459] CMRA
[02:53:34] [330/459] DICI
[02:53:35] [331/459] KDIN
[02:53:36] [332/459] PRFI
[02:53:37] [333/459] SVFC
[02:53:38] [334/459] UCPL
[02:53:39] [335/459] COOC
[02:53:40] [336/459] SCAL
[02:53:41] [337/459] SVFF
[02:53:42] [338/459] VCMG
[02:53:43] [339/459] UUCT
[02:53:44] [340/459] GCSE
[02:53:44] [341/459] SUSC
[02:53:45] [342/459] MISC
[02:53:46] [343/459] RMBL
[02:53:47] [344/459] CMXN
[02:53:48] [345/459] PVBK
[02:53:49] [346/459] HHCG
[02:53:50] [347/459] SCAG
[02:53:52] [348/459] CNPR
[02:53:52] [349/459] CSER
[02:53:53] [350/459] HLWD
[02:53:54] [351/459] BOLY
[02:53:55] [352/459] SSPG
[02:53:56] [353/459] MUPX
[02:53:57] [354/459] HAMR
[02:53:58] [355/459] SDNC
[02:53:59] [356/459] RTEN
[02:53:59] [357/459] SDTD
[02:54:00] [358/459] KAWS
[02:54:01] [359/459] CMZX
[02:54:02] [360/459] DCDD
[02:54:03] [361/459] ALSN
[02:54:04] [362/459] IMXS
[02:54:05] [363/459] PVFF
[02:54:06] [364/459] PVOO
[02:54:07] [365/459] CFBS
[02:54:08] [366/459] PVER
[02:54:09] [367/459] PPNX
[02:54:10] [368/459] CNRM
[02:54:11] [369/459] PVWW
[02:54:12] [370/459] INMB
[02:54:12] [371/459] CPJR
[02:54:13] [372/459] INRZ
[02:54:14] [373/459] PMSR
[02:54:15] [374/459] GPGM
[02:54:16] [375/459] PGWB
[02:54:17] [376/459] PMBR
[02:54:18] [377/459] GPAM
[02:54:19] [378/459] INBC
[02:54:19] [379/459] PZVK
[02:54:20] [380/459] CPEB
[02:54:22] [381/459] FMLB
[02:54:24] [382/459] INBG
[02:54:25] [383/459] GPBR
[02:54:25] [384/459] PAAS
[02:54:26] [385/459] VTBR
[02:54:27] [386/459] GPMY
[02:54:29] [387/459] GYBU
[02:54:29] [388/459] INBJ
[02:54:30] [389/459] LKTH
[02:54:31] [390/459] NSBR
[02:54:32] [391/459] PDRD
[02:54:33] [392/459] VRBL
[02:54:33] [393/459] VTGB
[02:54:34] [394/459] VTSK
[02:54:35] [395/459] BKDV
[02:54:36] [396/459] SVTB
[02:54:37] [397/459] MLDT
[02:54:38] [398/459] NRBL
[02:54:39] [399/459] SLTR
[02:54:40] [400/459] VNKA
[02:54:40] [401/459] TDCA
[02:54:41] [402/459] INBM
[02:54:42] [403/459] SSNR
[02:54:43] [404/459] BHAC
[02:54:44] [405/459] SDSD
[02:54:46] [406/459] SAMP
[02:54:47] [407/459] RATK
[02:54:47] [408/459] KCBI
[02:54:48] [409/459] URBL
[02:54:49] [410/459] MKBG
[02:54:50] [411/459] ASTB
[02:54:51] [412/459] VBWT
[02:54:51] [413/459] GPSM
[02:54:52] [414/459] ROON
[02:54:53] [415/459] CHTH
[02:54:54] [416/459] SSPA
[02:54:55] [417/459] ANBL
[02:54:56] [418/459] VTBE
[02:54:56] [419/459] SVKT
[02:54:57] [420/459] SVYK
[02:54:58] [421/459] PTBK
[02:54:59] [422/459] RKTB
[02:55:00] [423/459] BALT
[02:55:00] [424/459] STSV
[02:55:01] [425/459] VCCB
[02:55:02] [426/459] SLTB
[02:55:03] [427/459] SBCR
[02:55:04] [428/459] VDCS
[02:55:05] [429/459] MDKI
[02:55:06] [430/459] SMRN
[02:55:07] [431/459] PTBC
[02:55:08] [432/459] RADI
[02:55:09] [433/459] ADCR
[02:55:10] [434/459] SDCS
[02:55:10] [435/459] SRPJ
[02:55:11] [436/459] ARTS
[02:55:13] [437/459] SRHK
[02:55:14] [438/459] SPAY
[02:55:15] [439/459] GPTB
[02:55:16] [440/459] SNNN
[02:55:17] [441/459] BALJ
[02:55:18] [442/459] TRIG
[02:55:19] [443/459] GTYT
[02:55:20] [444/459] ATGN
[02:55:21] [445/459] ANTE
[02:55:21] [446/459] BDCG
[02:55:22] [447/459] VECI
[02:55:23] [448/459] SCPR
[02:55:24] [449/459] RTEA
[02:55:24] [450/459] JSAI
[02:55:25] [451/459] VJTP
[02:55:26] [452/459] GNDS
[02:55:27] [453/459] PAXA
[02:55:27] [454/459] CGGM
[02:55:28] [455/459] ACKZ
[02:55:29] [456/459] EMCC
[02:55:30] [457/459] KLSK
[02:55:31] [458/459] AVCK
[02:55:33] [459/459] JTCK
[02:55:33] 🧹 Deduping shows
[02:55:33] ✅ DONE | Shows=940 | Movies=53
[08:56:10] 🚀 SCRIPT STARTED
[08:56:10] [1/459] NECA
[08:56:10] 🧠 New identity created
[08:56:11] [2/459] BJLC
[08:56:11] [3/459] BASU
[08:56:12] [4/459] RUPI
[08:56:13] [5/459] LCBK
[08:56:14] [6/459] PMAC
[08:56:15] [7/459] AMLC
[08:56:16] [8/459] LICL
[08:56:17] [9/459] UDMM
[08:56:17] [10/459] STBZ
[08:56:18] [11/459] UUBT
[08:56:19] [12/459] SJKC
[08:56:20] [13/459] TUAL
[08:56:21] [14/459] MRSE
[08:56:22] [15/459] RMRK
[08:56:22] [16/459] TTKP
[08:56:23] [17/459] KTKO
[08:56:25] [18/459] SDBK
[08:56:26] [19/459] MCPR
[08:56:27] [20/459] CHTI
[08:56:27] [21/459] GCCP
[08:56:28] [22/459] SRMY
[08:56:29] [23/459] NYST
[08:56:29] [24/459] NYAG
[08:56:30] [25/459] SBMT
[08:56:32] [26/459] INGA
[08:56:33] [27/459] WSIC
[08:56:33] [28/459] SCSS
[08:56:34] [29/459] COPG
[08:56:35] [30/459] RCGR
[08:56:36] [31/459] TCZA
[08:56:37] [32/459] CNLP
[08:56:38] [33/459] CLKN
[08:56:38] [34/459] LHDF
[08:56:39] [35/459] ELKC
[08:56:40] [36/459] VCEM
[08:56:41] [37/459] SSZA
[08:56:42] [38/459] KRMT
[08:56:43] [39/459] LCMV
[08:56:44] [40/459] AYCZ
[08:56:45] [41/459] CUMS
[08:56:46] [42/459] BOCK
[08:56:48] [43/459] PNMR
[08:56:49] [44/459] PJCP
[08:56:49] [45/459] JDDD
[08:56:51] [46/459] STMS
[08:56:52] [47/459] FLMB
[08:56:52] [48/459] PKCM
[08:56:53] [49/459] SPPR
[08:56:54] [50/459] EYLH
[08:56:55] [51/459] RJCC
[08:56:56] [52/459] MMPS
[08:56:57] [53/459] SHMX
[08:56:57] [54/459] CCNL
[08:56:58] [55/459] RCNV
[08:56:59] [56/459] MAAG
[08:57:00] [57/459] LXCM
[08:57:00] [58/459] RCNI
[08:57:01] [59/459] SNNI
[08:57:02] [60/459] LALC
[08:57:03] [61/459] SOCN
[08:57:04] [62/459] JHTP
[08:57:05] [63/459] PITP
[08:57:05] [64/459] CCKW
[08:57:06] [65/459] MCMC
[08:57:07] [66/459] DEES
[08:57:08] [67/459] SABT
[08:57:09] [68/459] VSPP
[08:57:09] [69/459] ABCT
[08:57:11] [70/459] JVTB
[08:57:12] [71/459] VCBD
[08:57:13] [72/459] RMGG
[08:57:14] [73/459] RNMH
[08:57:14] [74/459] SPGL
[08:57:15] [75/459] JTTR
[08:57:16] [76/459] SICS
[08:57:17] [77/459] SRMI
[08:57:18] [78/459] SSIJ
[08:57:19] [79/459] KFMT
[08:57:20] [80/459] VBIT
[08:57:21] [81/459] JKCT
[08:57:22] [82/459] GCGP
[08:57:22] [83/459] GDCS
[08:57:23] [84/459] TRBA
[08:57:24] [85/459] QUST
[08:57:25] [86/459] VSHM
[08:57:25] [87/459] SDCP
[08:57:26] [88/459] SNVS
[08:57:27] [89/459] NYTO
[08:57:28] [90/459] URWC
[08:57:29] [91/459] GTWH
[08:57:30] [92/459] PFCM
[08:57:30] [93/459] KRTA
[08:57:31] [94/459] AXMC
[08:57:32] [95/459] EVMC
[08:57:33] [96/459] HGSM
[08:57:34] [97/459] ACVM
[08:57:34] [98/459] PSKL
[08:57:35] [99/459] RDMP
[08:57:36] [100/459] RHGH
[08:57:38] [101/459] OMCM
[08:57:39] [102/459] DCCP
[08:57:40] [103/459] MCPB
[08:57:40] [104/459] ALCI
[08:57:41] [105/459] BLMX
[08:57:42] [106/459] BTMV
[08:57:43] [107/459] FVPN
[08:57:43] [108/459] CMAR
[08:57:44] [109/459] CEIM
[08:57:45] [110/459] CMVA
[08:57:46] [111/459] CPIV
[08:57:48] [112/459] CNPE
[08:57:48] [113/459] COLV
[08:57:49] [114/459] DNNV
[08:57:51] [115/459] HCAD
[08:57:51] [116/459] TAKA
[08:57:52] [117/459] INVD
[08:57:53] [118/459] IRMM
[08:57:54] [119/459] INSE
[08:57:55] [120/459] MRSW
[08:57:56] [121/459] MCVD
[08:57:56] [122/459] MCSO
[08:57:57] [123/459] PEVM
[08:57:59] [124/459] PVNL
[08:58:00] [125/459] PTCV
[08:58:00] [126/459] PRTC
[08:58:01] [127/459] RCVA
[08:58:03] [128/459] MTBN
[08:58:03] [129/459] LUCP
[08:58:04] [130/459] FMPT
[08:58:05] [131/459] JLSL
[08:58:06] [132/459] SBHA
[08:58:07] [133/459] SHRC
[08:58:07] [134/459] AVPS
[08:58:08] [135/459] STPM
[08:58:10] [136/459] ATRD
[08:58:10] [137/459] VTED
[08:58:12] [138/459] ACAI
[08:58:13] [139/459] SMAE
[08:58:13] [140/459] VMAT
[08:58:15] [141/459] LKCT
[08:58:16] [142/459] JTVK
[08:58:17] [143/459] PRTY
[08:58:17] [144/459] GETT
[08:58:18] [145/459] ESAP
[08:58:19] [146/459] NCPM
[08:58:20] [147/459] PCPA
[08:58:21] [148/459] MMOM
[08:58:22] [149/459] PHUP
[08:58:22] [150/459] CCPI
[08:58:24] [151/459] CNTD
[08:58:25] [152/459] NLJR
[08:58:25] [153/459] SRNG
[08:58:26] [154/459] MHAL
[08:58:27] [155/459] PNSM
[08:58:28] [156/459] DRMY
[08:58:29] [157/459] CCMU
[08:58:29] [158/459] SCMY
[08:58:30] [159/459] PVSY
[08:58:31] [160/459] SDLM
[08:58:32] [161/459] ICCM
[08:58:33] [162/459] PYSU
[08:58:34] [163/459] GATM
[08:58:35] [164/459] WOTM
[08:58:36] [165/459] RKTS
[08:58:37] [166/459] PMTY
[08:58:37] [167/459] LYMS
[08:58:38] [168/459] TGCA
[08:58:39] [169/459] DSTA
[08:58:41] [170/459] CNGE
[08:58:41] [171/459] VSTG
[08:58:42] [172/459] GTCK
[08:58:43] [173/459] TGNT
[08:58:44] [174/459] ASLC
[08:58:45] [175/459] SSST
[08:58:46] [176/459] KBTT
[08:58:47] [177/459] HKCP
[08:58:48] [178/459] SWLC
[08:58:49] [179/459] RTND
[08:58:50] [180/459] PKKT
[08:58:51] [181/459] HSTK
[08:58:52] [182/459] SPTT
[08:58:53] [183/459] IMPM
[08:58:54] [184/459] SCMV
[08:58:55] [185/459] SPCT
[08:58:56] [186/459] JBCA
[08:58:57] [187/459] ATTR
[08:58:58] [188/459] SPMT
[08:58:59] [189/459] LCTM
[08:59:00] [190/459] SCVL
[08:59:01] [191/459] SCVT
[08:59:01] [192/459] KRIC
[08:59:02] [193/459] CTMG
[08:59:03] [194/459] ACNC
[08:59:04] [195/459] DMCK
[08:59:05] [196/459] KMTV
[08:59:05] [197/459] PFCJ
[08:59:06] [198/459] VNMD
[08:59:07] [199/459] VPCZ
[08:59:08] [200/459] SRYR
[08:59:08] [201/459] SYTR
[08:59:09] [202/459] GATR
[08:59:10] [203/459] URTR
[08:59:11] [204/459] MKSM
[08:59:12] [205/459] VSMH
[08:59:12] [206/459] SKRJ
[08:59:13] [207/459] SSJR
[08:59:14] [208/459] SVSM
[08:59:16] [209/459] RUCM
[08:59:17] [210/459] PRKN
[08:59:18] [211/459] RROH
[08:59:19] [212/459] SCTN
[08:59:20] [213/459] RTDM
[08:59:20] [214/459] ASRM
[08:59:21] [215/459] SKMD
[08:59:22] [216/459] SUTD
[08:59:23] [217/459] SADM
[08:59:24] [218/459] WCNR
[08:59:24] [219/459] CNED
[08:59:25] [220/459] MPDB
[08:59:26] [221/459] KTBH
[08:59:27] [222/459] IDRM
[08:59:27] [223/459] PJJT
[08:59:28] [224/459] PFCV
[08:59:29] [225/459] AACT
[08:59:30] [226/459] AAAD
[08:59:30] [227/459] ANES
[08:59:31] [228/459] MNCA
[08:59:32] [229/459] RMGU
[08:59:33] [230/459] DLCN
[08:59:34] [231/459] LJWT
[08:59:35] [232/459] MCBG
[08:59:36] [233/459] MYBG
[08:59:37] [234/459] GCCA
[08:59:38] [235/459] GCGA
[08:59:39] [236/459] ECGN
[08:59:39] [237/459] PRAB
[08:59:40] [238/459] PNMP
[08:59:41] [239/459] GCPT
[08:59:42] [240/459] ROYN
[08:59:43] [241/459] VATM
[08:59:44] [242/459] KSNT
[08:59:45] [243/459] ACTC
[08:59:46] [244/459] PLTD
[08:59:47] [245/459] SKMK
[08:59:48] [246/459] CMTT
[08:59:48] [247/459] SMXP
[08:59:50] [248/459] SCMX
[08:59:51] [249/459] ACXN
[08:59:51] [250/459] ASWT
[08:59:52] [251/459] VVVL
[08:59:53] [252/459] NAGO
[08:59:54] [253/459] SNCN
[08:59:54] [254/459] MCKP
[08:59:55] [255/459] SAMO
[08:59:56] [256/459] JBTV
[08:59:56] [257/459] DCVV
[08:59:57] [258/459] KMSV
[08:59:58] [259/459] KDCN
[08:59:59] [260/459] CNCP
[09:00:00] [261/459] HAMC
[09:00:00] [262/459] CCVZ
[09:00:02] [263/459] NCCK
[09:00:02] [264/459] MCHR
[09:00:04] [265/459] SCHT
[09:00:05] [266/459] ESSH
[09:00:06] [267/459] CUJC
[09:00:07] [268/459] PECP
[09:00:08] [269/459] PMMI
[09:00:09] [270/459] PCCH
[09:00:11] [271/459] PRPM
[09:00:11] [272/459] PVKL
[09:00:12] [273/459] CBSM
[09:00:13] [274/459] PVCZ
[09:00:14] [275/459] PCVV
[09:00:15] [276/459] CTMJ
[09:00:16] [277/459] RCPS
[09:00:16] [278/459] PCIT
[09:00:17] [279/459] FNCH
[09:00:18] [280/459] INZD
[09:00:19] [281/459] INPC
[09:00:20] [282/459] LCZP
[09:00:20] [283/459] SMCB
[09:00:21] [284/459] PTSB
[09:00:22] [285/459] TPSI
[09:00:23] [286/459] KHMJ
[09:00:24] [287/459] RCCJ
[09:00:25] [288/459] NCJA
[09:00:26] [289/459] NCJN
[09:00:26] [290/459] BTDP
[09:00:27] [291/459] PADY
[09:00:28] [292/459] NYBH
[09:00:29] [293/459] MTBR
[09:00:30] [294/459] KRBC
[09:00:31] [295/459] DKTI
[09:00:31] [296/459] ANAN
[09:00:33] [297/459] INBP
[09:00:34] [298/459] PATB
[09:00:34] [299/459] RGNT
[09:00:35] [300/459] CGPM
[09:00:36] [301/459] INTN
[09:00:37] [302/459] MCMP
[09:00:38] [303/459] ASRG
[09:00:39] [304/459] CXJD
[09:00:40] [305/459] SPCP
[09:00:41] [306/459] CSTP
[09:00:41] [307/459] PKVC
[09:00:42] [308/459] ESCP
[09:00:43] [309/459] CAEP
[09:00:44] [310/459] CCSP
[09:00:45] [311/459] KTPC
[09:00:46] [312/459] DACA
[09:00:46] [313/459] NVKY
[09:00:47] [314/459] PTIN
[09:00:48] [315/459] SCIN
[09:00:48] [316/459] MCTY
[09:00:49] [317/459] PCMX
[09:00:50] [318/459] INIC
[09:00:51] [319/459] MMZM
[09:00:52] [320/459] SSLP
[09:00:53] [321/459] DTDT
[09:00:53] [322/459] FFCX
[09:00:54] [323/459] RCMM
[09:00:55] [324/459] KYID
[09:00:56] [325/459] CSCI
[09:00:57] [326/459] FCMC
[09:00:58] [327/459] MMXI
[09:00:59] [328/459] ASTC
[09:01:00] [329/459] CMRA
[09:01:00] [330/459] DICI
[09:01:01] [331/459] KDIN
[09:01:02] [332/459] PRFI
[09:01:03] [333/459] SVFC
[09:01:05] [334/459] UCPL
[09:01:05] [335/459] COOC
[09:01:06] [336/459] SCAL
[09:01:07] [337/459] SVFF
[09:01:08] [338/459] VCMG
[09:01:09] [339/459] UUCT
[09:01:10] [340/459] GCSE
[09:01:11] [341/459] SUSC
[09:01:12] [342/459] MISC
[09:01:13] [343/459] RMBL
[09:01:14] [344/459] CMXN
[09:01:15] [345/459] PVBK
[09:01:16] [346/459] HHCG
[09:01:16] [347/459] SCAG
[09:01:17] [348/459] CNPR
[09:01:18] [349/459] CSER
[09:01:19] [350/459] HLWD
[09:01:20] [351/459] BOLY
[09:01:21] [352/459] SSPG
[09:01:22] [353/459] MUPX
[09:01:23] [354/459] HAMR
[09:01:23] [355/459] SDNC
[09:01:24] [356/459] RTEN
[09:01:25] [357/459] SDTD
[09:01:26] [358/459] KAWS
[09:01:28] [359/459] CMZX
[09:01:29] [360/459] DCDD
[09:01:29] [361/459] ALSN
[09:01:30] [362/459] IMXS
[09:01:31] [363/459] PVFF
[09:01:32] [364/459] PVOO
[09:01:33] [365/459] CFBS
[09:01:33] [366/459] PVER
[09:01:34] [367/459] PPNX
[09:01:35] [368/459] CNRM
[09:01:36] [369/459] PVWW
[09:01:36] [370/459] INMB
[09:01:37] [371/459] CPJR
[09:01:38] [372/459] INRZ
[09:01:39] [373/459] PMSR
[09:01:40] [374/459] GPGM
[09:01:40] [375/459] PGWB
[09:01:41] [376/459] PMBR
[09:01:42] [377/459] GPAM
[09:01:43] [378/459] INBC
[09:01:44] [379/459] PZVK
[09:01:45] [380/459] CPEB
[09:01:46] [381/459] FMLB
[09:01:47] [382/459] INBG
[09:01:48] [383/459] GPBR
[09:01:48] [384/459] PAAS
[09:01:49] [385/459] VTBR
[09:01:51] [386/459] GPMY
[09:01:51] [387/459] GYBU
[09:01:52] [388/459] INBJ
[09:01:53] [389/459] LKTH
[09:01:54] [390/459] NSBR
[09:01:55] [391/459] PDRD
[09:01:55] [392/459] VRBL
[09:01:56] [393/459] VTGB
[09:01:57] [394/459] VTSK
[09:01:58] [395/459] BKDV
[09:01:59] [396/459] SVTB
[09:01:59] [397/459] MLDT
[09:02:00] [398/459] NRBL
[09:02:01] [399/459] SLTR
[09:02:02] [400/459] VNKA
[09:02:02] [401/459] TDCA
[09:02:03] [402/459] INBM
[09:02:04] [403/459] SSNR
[09:02:05] [404/459] BHAC
[09:02:06] [405/459] SDSD
[09:02:07] [406/459] SAMP
[09:02:08] [407/459] RATK
[09:02:08] [408/459] KCBI
[09:02:09] [409/459] URBL
[09:02:10] [410/459] MKBG
[09:02:10] [411/459] ASTB
[09:02:11] [412/459] VBWT
[09:02:12] [413/459] GPSM
[09:02:13] [414/459] ROON
[09:02:13] [415/459] CHTH
[09:02:14] [416/459] SSPA
[09:02:15] [417/459] ANBL
[09:02:16] [418/459] VTBE
[09:02:17] [419/459] SVKT
[09:02:18] [420/459] SVYK
[09:02:18] [421/459] PTBK
[09:02:19] [422/459] RKTB
[09:02:20] [423/459] BALT
[09:02:21] [424/459] STSV
[09:02:22] [425/459] VCCB
[09:02:23] [426/459] SLTB
[09:02:24] [427/459] SBCR
[09:02:24] [428/459] VDCS
[09:02:25] [429/459] MDKI
[09:02:27] [430/459] SMRN
[09:02:27] [431/459] PTBC
[09:02:28] [432/459] RADI
[09:02:29] [433/459] ADCR
[09:02:30] [434/459] SDCS
[09:02:31] [435/459] SRPJ
[09:02:32] [436/459] ARTS
[09:02:33] [437/459] SRHK
[09:02:35] [438/459] SPAY
[09:02:36] [439/459] GPTB
[09:02:37] [440/459] SNNN
[09:02:38] [441/459] BALJ
[09:02:39] [442/459] TRIG
[09:02:40] [443/459] GTYT
[09:02:40] [444/459] ATGN
[09:02:41] [445/459] ANTE
[09:02:42] [446/459] BDCG
[09:02:43] [447/459] VECI
[09:02:44] [448/459] SCPR
[09:02:45] [449/459] RTEA
[09:02:45] [450/459] JSAI
[09:02:46] [451/459] VJTP
[09:02:47] [452/459] GNDS
[09:02:48] [453/459] PAXA
[09:02:49] [454/459] CGGM
[09:02:50] [455/459] ACKZ
[09:02:51] [456/459] EMCC
[09:02:51] [457/459] KLSK
[09:02:52] [458/459] AVCK
[09:02:53] [459/459] JTCK
[09:02:54] 🧹 Deduping shows
[09:02:54] ✅ DONE | Shows=947 | Movies=54
