[16:12:13] 🚀 SCRIPT STARTED
[16:12:13] [1/459] MBDC
[16:12:13] 🧠 New identity created
[16:12:14] [2/459] CHKM
[16:12:15] [3/459] JTKZ
[16:12:16] [4/459] CMCT
[16:12:17] [5/459] ASHO
[16:12:18] [6/459] ECDG
[16:12:19] [7/459] SPAT
[16:12:20] [8/459] HILC
[16:12:21] [9/459] SPPH
[16:12:22] [10/459] SBHN
[16:12:23] [11/459] RRCA
[16:12:24] [12/459] APAA
[16:12:25] [13/459] RAME
[16:12:26] [14/459] TMMS
[16:12:27] [15/459] BATK
[16:12:28] [16/459] LKOP
[16:12:28] [17/459] AMTT
[16:12:29] [18/459] PTGK
[16:12:30] [19/459] ANRS
[16:12:32] [20/459] VWBW
[16:12:33] [21/459] SVFG
[16:12:33] [22/459] STAT
[16:12:34] [23/459] GDCV
[16:12:35] [24/459] VEBI
[16:12:36] [25/459] VDSS
[16:12:37] [26/459] NTHV
[16:12:38] [27/459] AOCH
[16:12:39] [28/459] KASR
[16:12:39] [29/459] AYCS
[16:12:40] [30/459] SHAI
[16:12:41] [31/459] SKPE
[16:12:43] [32/459] SBTA
[16:12:44] [33/459] RTTD
[16:12:45] [34/459] CCJD
[16:12:46] [35/459] RSJJ
[16:12:47] [36/459] RKND
[16:12:48] [37/459] SVTX
[16:12:48] [38/459] BAKM
[16:12:49] [39/459] SVDC
[16:12:50] [40/459] MNCV
[16:12:51] [41/459] SJGC
[16:12:52] [42/459] MTPK
[16:12:52] [43/459] GATP
[16:12:53] [44/459] ABTS
[16:12:54] [45/459] ABDE
[16:12:55] [46/459] RCNM
[16:12:57] [47/459] KTHV
[16:12:58] [48/459] MDGJ
[16:12:59] [49/459] SMLM
[16:12:59] [50/459] JTMA
[16:13:00] [51/459] ACKP
[16:13:01] [52/459] SRTA
[16:13:02] [53/459] STAY
[16:13:03] [54/459] MAVO
[16:13:04] [55/459] APTS
[16:13:05] [56/459] OMEA
[16:13:06] [57/459] TTFD
[16:13:07] [58/459] MJCU
[16:13:08] [59/459] CXTE
[16:13:09] [60/459] CTPX
[16:13:10] [61/459] ASSL
[16:13:11] [62/459] CMVB
[16:13:13] [63/459] VPUR
[16:13:14] [64/459] JJDA
[16:13:14] [65/459] INBL
[16:13:15] [66/459] BIKB
[16:13:16] [67/459] NTBB
[16:13:17] [68/459] GLOB
[16:13:17] [69/459] SNTB
[16:13:18] [70/459] CHGV
[16:13:19] [71/459] SSBZ
[16:13:20] [72/459] PRDB
[16:13:20] [73/459] ISMT
[16:13:21] [74/459] MCSD
[16:13:22] [75/459] JBTT
[16:13:23] [76/459] GEKR
[16:13:24] [77/459] PVUN
[16:13:25] [78/459] NRTB
[16:13:26] [79/459] PRAA
[16:13:27] [80/459] PCBL
[16:13:28] [81/459] PTCM
[16:13:29] [82/459] KHNN
[16:13:29] [83/459] OMJE
[16:13:30] [84/459] STGN
[16:13:31] [85/459] RPMS
[16:13:32] [86/459] NWAD
[16:13:33] [87/459] BLCK
[16:13:34] [88/459] SVAA
[16:13:35] [89/459] URVM
[16:13:37] [90/459] ANTM
[16:13:37] [91/459] VJYM
[16:13:38] [92/459] MAZZ
[16:13:39] [93/459] CSHM
[16:13:40] [94/459] WGMH
[16:13:41] [95/459] SALN
[16:13:41] [96/459] BRTP
[16:13:42] [97/459] SVTA
[16:13:43] [98/459] SBTP
[16:13:45] [99/459] VLSS
[16:13:46] [100/459] SRJA
[16:13:47] [101/459] ANCG
[16:13:48] [102/459] CGGC
[16:13:49] [103/459] CRJA
[16:13:49] [104/459] USCR
[16:13:50] [105/459] MMEF
[16:13:52] [106/459] JCRJ
[16:13:53] [107/459] ADCM
[16:13:54] [108/459] BMYK
[16:13:54] [109/459] KICS
[16:13:55] [110/459] MBBT
[16:13:56] [111/459] MACK
[16:13:58] [112/459] CLDR
[16:13:59] [113/459] JYCR
[16:13:59] [114/459] DCRP
[16:14:00] [115/459] RAHT
[16:14:02] [116/459] CSSM
[16:14:03] [117/459] ATPK
[16:14:04] [118/459] KLRT
[16:14:05] [119/459] SRDD
[16:14:06] [120/459] CKMC
[16:14:08] [121/459] KRVM
[16:14:09] [122/459] AKCP
[16:14:09] [123/459] CNCV
[16:14:10] [124/459] PACT
[16:14:11] [125/459] NATP
[16:14:12] [126/459] PCPK
[16:14:13] [127/459] SMHO
[16:14:14] [128/459] CWTK
[16:14:15] [129/459] RVKZ
[16:14:15] [130/459] ASPD
[16:14:16] [131/459] VTKZ
[16:14:17] [132/459] LCSO
[16:14:18] [133/459] PRDY
[16:14:19] [134/459] RCAP
[16:14:20] [135/459] RGAR
[16:14:21] [136/459] RCAC
[16:14:22] [137/459] PMOD
[16:14:23] [138/459] PVCN
[16:14:24] [139/459] SCRZ
[16:14:25] [140/459] PVPC
[16:14:25] [141/459] STID
[16:14:26] [142/459] NEDD
[16:14:28] [143/459] BNBA
[16:14:29] [144/459] NTCD
[16:14:29] [145/459] OCDE
[16:14:30] [146/459] CCDU
[16:14:31] [147/459] CRXH
[16:14:32] [148/459] VLVT
[16:14:33] [149/459] CICI
[16:14:35] [150/459] SUCB
[16:14:36] [151/459] TCBP
[16:14:37] [152/459] SCCY
[16:14:38] [153/459] LXCY
[16:14:38] [154/459] NCMD
[16:14:39] [155/459] PHCS
[16:14:40] [156/459] DUXR
[16:14:41] [157/459] VNKS
[16:14:43] [158/459] SEDP
[16:14:43] [159/459] SVEN
[16:14:44] [160/459] SRKM
[16:14:45] [161/459] JTLT
[16:14:46] [162/459] SVSS
[16:14:47] [163/459] AMDE
[16:14:48] [164/459] WVRN
[16:14:49] [165/459] ISMG
[16:14:50] [166/459] WVKS
[16:14:51] [167/459] USCG
[16:14:53] [168/459] IOTG
[16:14:53] [169/459] RRJM
[16:14:55] [170/459] EDMP
[16:14:56] [171/459] SCGZ
[16:14:56] [172/459] GMGX
[16:14:57] [173/459] OMTP
[16:14:58] [174/459] MITD
[16:14:59] [175/459] SMMD
[16:15:00] [176/459] STML
[16:15:01] [177/459] MCFS
[16:15:02] [178/459] FPKA
[16:15:04] [179/459] OMLR
[16:15:04] [180/459] KKSC
[16:15:05] [181/459] RVMA
[16:15:07] [182/459] SCLL
[16:15:08] [183/459] SCDK
[16:15:09] [184/459] SXMI
[16:15:09] [185/459] SHDN
[16:15:10] [186/459] PAAD
[16:15:11] [187/459] UUCB
[16:15:11] [188/459] JHOL
[16:15:12] [189/459] SGWT
[16:15:13] [190/459] SRII
[16:15:15] [191/459] SGCK
[16:15:16] [192/459] SVVB
[16:15:17] [193/459] DMHA
[16:15:18] [194/459] PPNL
[16:15:18] [195/459] CPNL
[16:15:19] [196/459] WVLD
[16:15:21] [197/459] PSLV
[16:15:21] [198/459] VTTL
[16:15:22] [199/459] NPAD
[16:15:23] [200/459] PVCS
[16:15:24] [201/459] MCHL
[16:15:25] [202/459] PPLL
[16:15:26] [203/459] MALO
[16:15:27] [204/459] SWBH
[16:15:28] [205/459] PUGB
[16:15:29] [206/459] INBB
[16:15:30] [207/459] INNS
[16:15:30] [208/459] MCPT
[16:15:31] [209/459] SCMI
[16:15:32] [210/459] OCON
[16:15:33] [211/459] SCSM
[16:15:34] [212/459] RJVN
[16:15:34] [213/459] AMDK
[16:15:35] [214/459] ISMR
[16:15:37] [215/459] SMTD
[16:15:38] [216/459] VTDD
[16:15:39] [217/459] PDDZ
[16:15:40] [218/459] PCCK
[16:15:41] [219/459] INAM
[16:15:42] [220/459] FNKT
[16:15:43] [221/459] GDKA
[16:15:44] [222/459] MAYU
[16:15:45] [223/459] TCGU
[16:15:46] [224/459] KDCA
[16:15:47] [225/459] DOMY
[16:15:47] [226/459] PDDD
[16:15:48] [227/459] BJTS
[16:15:49] [228/459] VTCA
[16:15:50] [229/459] SBTM
[16:15:52] [230/459] SEET
[16:15:53] [231/459] SSTJ
[16:15:53] [232/459] SVNT
[16:15:54] [233/459] PPPR
[16:15:55] [234/459] PVYS
[16:15:56] [235/459] IOSE
[16:15:58] [236/459] ACTV
[16:15:59] [237/459] APVE
[16:15:59] [238/459] TCCL
[16:16:01] [239/459] SCMO
[16:16:02] [240/459] SAUM
[16:16:03] [241/459] KCJS
[16:16:04] [242/459] NJCJ
[16:16:06] [243/459] NECF
[16:16:06] [244/459] CCGW
[16:16:07] [245/459] CCMG
[16:16:08] [246/459] NYRG
[16:16:09] [247/459] NCSQ
[16:16:09] [248/459] GRCG
[16:16:10] [249/459] CCBT
[16:16:11] [250/459] ACGA
[16:16:13] [251/459] INAG
[16:16:13] [252/459] FUCG
[16:16:14] [253/459] AICF
[16:16:15] [254/459] GRGA
[16:16:16] [255/459] GDCN
[16:16:16] [256/459] RRCG
[16:16:17] [257/459] SDCH
[16:16:18] [258/459] WVJM
[16:16:19] [259/459] JCCZ
[16:16:20] [260/459] CNCL
[16:16:21] [261/459] TMLV
[16:16:21] [262/459] MEMB
[16:16:22] [263/459] SGTD
[16:16:23] [264/459] CONX
[16:16:24] [265/459] CCMH
[16:16:25] [266/459] ACMC
[16:16:26] [267/459] DTPD
[16:16:27] [268/459] POJA
[16:16:27] [269/459] FNBH
[16:16:28] [270/459] CGCB
[16:16:29] [271/459] RACN
[16:16:30] [272/459] JTSM
[16:16:31] [273/459] SCDN
[16:16:32] [274/459] AACK
[16:16:34] [275/459] RMCE
[16:16:35] [276/459] BSGB
[16:16:36] [277/459] MRCB
[16:16:36] [278/459] SRVR
[16:16:37] [279/459] VTKK
[16:16:38] [280/459] AMST
[16:16:40] [281/459] APCY
[16:16:41] [282/459] LMHO
[16:16:42] [283/459] MTZH
[16:16:43] [284/459] AMZB
[16:16:44] [285/459] SUVT
[16:16:45] [286/459] RCIP
[16:16:45] [287/459] KESR
[16:16:46] [288/459] SNKC
[16:16:47] [289/459] SCED
[16:16:47] [290/459] DVCA
[16:16:48] [291/459] VCDT
[16:16:49] [292/459] RRDI
[16:16:50] [293/459] DFCH
[16:16:51] [294/459] INSC
[16:16:52] [295/459] RGTR
[16:16:53] [296/459] FMOT
[16:16:54] [297/459] SCPM
[16:16:56] [298/459] GCDT
[16:16:57] [299/459] BRKT
[16:16:58] [300/459] DEMP
[16:16:59] [301/459] SRLC
[16:16:59] [302/459] KSTT
[16:17:00] [303/459] SMMT
[16:17:01] [304/459] SILM
[16:17:02] [305/459] JCVM
[16:17:03] [306/459] KCSV
[16:17:04] [307/459] MHLK
[16:17:04] [308/459] SLVL
[16:17:06] [309/459] RJKP
[16:17:07] [310/459] BBPC
[16:17:07] [311/459] MXCB
[16:17:08] [312/459] TCPK
[16:17:09] [313/459] RTBR
[16:17:10] [314/459] GAUT
[16:17:10] [315/459] DVCF
[16:17:11] [316/459] JTSB
[16:17:12] [317/459] SBLS
[16:17:14] [318/459] UDAY
[16:17:14] [319/459] PTNP
[16:17:15] [320/459] DMKT
[16:17:16] [321/459] NTDT
[16:17:17] [322/459] SHDJ
[16:17:18] [323/459] OTNC
[16:17:19] [324/459] RNTW
[16:17:20] [325/459] GCMI
[16:17:21] [326/459] CRCM
[16:17:21] [327/459] NNCZ
[16:17:22] [328/459] OEMO
[16:17:23] [329/459] PVJM
[16:17:24] [330/459] CPJI
[16:17:25] [331/459] RMCJ
[16:17:26] [332/459] CNWJ
[16:17:26] [333/459] EPJM
[16:17:28] [334/459] FNJJ
[16:17:29] [335/459] GCMJ
[16:17:30] [336/459] INPS
[16:17:31] [337/459] BICJ
[16:17:31] [338/459] ISTJ
[16:17:32] [339/459] INJC
[16:17:33] [340/459] GLXJ
[16:17:34] [341/459] INEM
[16:17:34] [342/459] JTMN
[16:17:35] [343/459] FRCJ
[16:17:36] [344/459] DDJP
[16:17:37] [345/459] INJV
[16:17:37] [346/459] GOLC
[16:17:38] [347/459] KOCI
[16:17:39] [348/459] FSTD
[16:17:40] [349/459] PACJ
[16:17:41] [350/459] GMCN
[16:17:42] [351/459] MMDJ
[16:17:42] [352/459] GODH
[16:17:43] [353/459] SKYN
[16:17:44] [354/459] NCTH
[16:17:45] [355/459] SKVZ
[16:17:46] [356/459] SVML
[16:17:46] [357/459] ACVZ
[16:17:47] [358/459] SURA
[16:17:48] [359/459] RTRB
[16:17:49] [360/459] LLCT
[16:17:50] [361/459] ATTS
[16:17:51] [362/459] JYCM
[16:17:52] [363/459] CTKR
[16:17:53] [364/459] LCKR
[16:17:53] [365/459] NYCV
[16:17:54] [366/459] NYOH
[16:17:56] [367/459] NOVX
[16:17:57] [368/459] MRGK
[16:17:57] [369/459] MOON
[16:17:58] [370/459] SBUC
[16:17:59] [371/459] GSVA
[16:18:00] [372/459] VIAK
[16:18:01] [373/459] SMVZ
[16:18:02] [374/459] MATE
[16:18:03] [375/459] RDCN
[16:18:04] [376/459] ASBL
[16:18:05] [377/459] ASVS
[16:18:06] [378/459] ASSR
[16:18:06] [379/459] SSKN
[16:18:07] [380/459] DRPV
[16:18:08] [381/459] MRHT
[16:18:09] [382/459] BSCN
[16:18:10] [383/459] RKNX
[16:18:10] [384/459] MSMC
[16:18:11] [385/459] MSCJ
[16:18:12] [386/459] BTBJ
[16:18:13] [387/459] MJCC
[16:18:14] [388/459] IOMM
[16:18:15] [389/459] ADGR
[16:18:15] [390/459] MYCP
[16:18:16] [391/459] IGCM
[16:18:17] [392/459] PGRK
[16:18:18] [393/459] VPGO
[16:18:19] [394/459] KOMS
[16:18:19] [395/459] URGG
[16:18:20] [396/459] GOST
[16:18:21] [397/459] LACT
[16:18:23] [398/459] BWCM
[16:18:24] [399/459] NCCW
[16:18:24] [400/459] SKYC
[16:18:25] [401/459] CCPM
[16:18:26] [402/459] VCBT
[16:18:27] [403/459] SDKR
[16:18:27] [404/459] CTYB
[16:18:28] [405/459] SHCX
[16:18:29] [406/459] RCUN
[16:18:30] [407/459] CNRA
[16:18:31] [408/459] RFCA
[16:18:31] [409/459] RDCU
[16:18:32] [410/459] SARK
[16:18:33] [411/459] SPPP
[16:18:34] [412/459] ADMB
[16:18:35] [413/459] JYOE
[16:18:36] [414/459] SRMD
[16:18:37] [415/459] RJDH
[16:18:38] [416/459] SSTD
[16:18:38] [417/459] AACV
[16:18:39] [418/459] PPVD
[16:18:40] [419/459] STCP
[16:18:41] [420/459] ANJR
[16:18:42] [421/459] ANLS
[16:18:42] [422/459] BIJO
[16:18:43] [423/459] AVAB
[16:18:44] [424/459] SPMD
[16:18:45] [425/459] SVJL
[16:18:46] [426/459] SDDJ
[16:18:48] [427/459] SLTU
[16:18:49] [428/459] SAKA
[16:18:49] [429/459] PMAM
[16:18:50] [430/459] FNAM
[16:18:51] [431/459] ACAM
[16:18:52] [432/459] SCMM
[16:18:53] [433/459] PMAK
[16:18:54] [434/459] NYSA
[16:18:55] [435/459] FCPA
[16:18:56] [436/459] GDAN
[16:18:57] [437/459] RSCA
[16:18:58] [438/459] DMAN
[16:18:59] [439/459] DZCM
[16:19:00] [440/459] NSGL
[16:19:00] [441/459] CCPP
[16:19:01] [442/459] PSMG
[16:19:02] [443/459] GSER
[16:19:03] [444/459] FCCT
[16:19:03] [445/459] FCTB
[16:19:05] [446/459] LCNK
[16:19:06] [447/459] SKTY
[16:19:07] [448/459] INAA
[16:19:08] [449/459] RCWN
[16:19:08] [450/459] VAIS
[16:19:09] [451/459] CVMN
[16:19:10] [452/459] INTS
[16:19:11] [453/459] FRGS
[16:19:12] [454/459] DTCK
[16:19:12] [455/459] MCMH
[16:19:13] [456/459] ECRR
[16:19:14] [457/459] RLLP
[16:19:15] [458/459] CCSN
[16:19:16] [459/459] CCBA
[16:19:16] 🧹 Deduping shows
[16:19:16] ✅ DONE | Shows=939 | Movies=51
[22:24:09] 🚀 SCRIPT STARTED
[22:24:09] [1/459] MBDC
[22:24:09] 🧠 New identity created
[22:24:10] [2/459] CHKM
[22:24:11] [3/459] JTKZ
[22:24:12] [4/459] CMCT
[22:24:13] [5/459] ASHO
[22:24:14] [6/459] ECDG
[22:24:15] [7/459] SPAT
[22:24:16] [8/459] HILC
[22:24:17] [9/459] SPPH
[22:24:18] [10/459] SBHN
[22:24:19] [11/459] RRCA
[22:24:20] [12/459] APAA
[22:24:20] [13/459] RAME
[22:24:21] [14/459] TMMS
[22:24:22] [15/459] BATK
[22:24:24] [16/459] LKOP
[22:24:24] [17/459] AMTT
[22:24:25] [18/459] PTGK
[22:24:26] [19/459] ANRS
[22:24:28] [20/459] VWBW
[22:24:28] [21/459] SVFG
[22:24:29] [22/459] STAT
[22:24:30] [23/459] GDCV
[22:24:31] [24/459] VEBI
[22:24:32] [25/459] VDSS
[22:24:33] [26/459] NTHV
[22:24:34] [27/459] AOCH
[22:24:35] [28/459] KASR
[22:24:36] [29/459] AYCS
[22:24:37] [30/459] SHAI
[22:24:37] [31/459] SKPE
[22:24:38] [32/459] SBTA
[22:24:39] [33/459] RTTD
[22:24:40] [34/459] CCJD
[22:24:41] [35/459] RSJJ
[22:24:42] [36/459] RKND
[22:24:43] [37/459] SVTX
[22:24:44] [38/459] BAKM
[22:24:45] [39/459] SVDC
[22:24:46] [40/459] MNCV
[22:24:47] [41/459] SJGC
[22:24:47] [42/459] MTPK
[22:24:48] [43/459] GATP
[22:24:49] [44/459] ABTS
[22:24:50] [45/459] ABDE
[22:24:51] [46/459] RCNM
[22:24:52] [47/459] KTHV
[22:24:53] [48/459] MDGJ
[22:24:54] [49/459] SMLM
[22:24:55] [50/459] JTMA
[22:24:56] [51/459] ACKP
[22:24:56] [52/459] SRTA
[22:24:57] [53/459] STAY
[22:24:59] [54/459] MAVO
[22:25:00] [55/459] APTS
[22:25:01] [56/459] OMEA
[22:25:02] [57/459] TTFD
[22:25:03] [58/459] MJCU
[22:25:03] [59/459] CXTE
[22:25:04] [60/459] CTPX
[22:25:05] [61/459] ASSL
[22:25:06] [62/459] CMVB
[22:25:07] [63/459] VPUR
[22:25:07] [64/459] JJDA
[22:25:08] [65/459] INBL
[22:25:09] [66/459] BIKB
[22:25:10] [67/459] NTBB
[22:25:11] [68/459] GLOB
[22:25:12] [69/459] SNTB
[22:25:13] [70/459] CHGV
[22:25:14] [71/459] SSBZ
[22:25:15] [72/459] PRDB
[22:25:15] [73/459] ISMT
[22:25:16] [74/459] MCSD
[22:25:17] [75/459] JBTT
[22:25:18] [76/459] GEKR
[22:25:19] [77/459] PVUN
[22:25:20] [78/459] NRTB
[22:25:21] [79/459] PRAA
[22:25:22] [80/459] PCBL
[22:25:23] [81/459] PTCM
[22:25:24] [82/459] KHNN
[22:25:24] [83/459] OMJE
[22:25:25] [84/459] STGN
[22:25:26] [85/459] RPMS
[22:25:27] [86/459] NWAD
[22:25:28] [87/459] BLCK
[22:25:29] [88/459] SVAA
[22:25:30] [89/459] URVM
[22:25:31] [90/459] ANTM
[22:25:32] [91/459] VJYM
[22:25:33] [92/459] MAZZ
[22:25:33] [93/459] CSHM
[22:25:34] [94/459] WGMH
[22:25:35] [95/459] SALN
[22:25:36] [96/459] BRTP
[22:25:37] [97/459] SVTA
[22:25:37] [98/459] SBTP
[22:25:38] [99/459] VLSS
[22:25:39] [100/459] SRJA
[22:25:40] [101/459] ANCG
[22:25:41] [102/459] CGGC
[22:25:41] [103/459] CRJA
[22:25:42] [104/459] USCR
[22:25:44] [105/459] MMEF
[22:25:44] [106/459] JCRJ
[22:25:46] [107/459] ADCM
[22:25:47] [108/459] BMYK
[22:25:48] [109/459] KICS
[22:25:49] [110/459] MBBT
[22:25:50] [111/459] MACK
[22:25:51] [112/459] CLDR
[22:25:51] [113/459] JYCR
[22:25:52] [114/459] DCRP
[22:25:53] [115/459] RAHT
[22:25:54] [116/459] CSSM
[22:25:55] [117/459] ATPK
[22:25:55] [118/459] KLRT
[22:25:56] [119/459] SRDD
[22:25:57] [120/459] CKMC
[22:25:58] [121/459] KRVM
[22:25:59] [122/459] AKCP
[22:26:00] [123/459] CNCV
[22:26:01] [124/459] PACT
[22:26:02] [125/459] NATP
[22:26:02] [126/459] PCPK
[22:26:03] [127/459] SMHO
[22:26:04] [128/459] CWTK
[22:26:05] [129/459] RVKZ
[22:26:06] [130/459] ASPD
[22:26:06] [131/459] VTKZ
[22:26:07] [132/459] LCSO
[22:26:08] [133/459] PRDY
[22:26:09] [134/459] RCAP
[22:26:10] [135/459] RGAR
[22:26:11] [136/459] RCAC
[22:26:12] [137/459] PMOD
[22:26:13] [138/459] PVCN
[22:26:13] [139/459] SCRZ
[22:26:14] [140/459] PVPC
[22:26:16] [141/459] STID
[22:26:17] [142/459] NEDD
[22:26:17] [143/459] BNBA
[22:26:18] [144/459] NTCD
[22:26:19] [145/459] OCDE
[22:26:20] [146/459] CCDU
[22:26:21] [147/459] CRXH
[22:26:21] [148/459] VLVT
[22:26:22] [149/459] CICI
[22:26:23] [150/459] SUCB
[22:26:25] [151/459] TCBP
[22:26:25] [152/459] SCCY
[22:26:26] [153/459] LXCY
[22:26:27] [154/459] NCMD
[22:26:28] [155/459] PHCS
[22:26:29] [156/459] DUXR
[22:26:29] [157/459] VNKS
[22:26:30] [158/459] SEDP
[22:26:31] [159/459] SVEN
[22:26:32] [160/459] SRKM
[22:26:33] [161/459] JTLT
[22:26:34] [162/459] SVSS
[22:26:35] [163/459] AMDE
[22:26:36] [164/459] WVRN
[22:26:37] [165/459] ISMG
[22:26:38] [166/459] WVKS
[22:26:39] [167/459] USCG
[22:26:40] [168/459] IOTG
[22:26:41] [169/459] RRJM
[22:26:42] [170/459] EDMP
[22:26:42] [171/459] SCGZ
[22:26:43] [172/459] GMGX
[22:26:44] [173/459] OMTP
[22:26:45] [174/459] MITD
[22:26:46] [175/459] SMMD
[22:26:47] [176/459] STML
[22:26:48] [177/459] MCFS
[22:26:48] [178/459] FPKA
[22:26:49] [179/459] OMLR
[22:26:50] [180/459] KKSC
[22:26:51] [181/459] RVMA
[22:26:52] [182/459] SCLL
[22:26:53] [183/459] SCDK
[22:26:53] [184/459] SXMI
[22:26:54] [185/459] SHDN
[22:26:55] [186/459] PAAD
[22:26:56] [187/459] UUCB
[22:26:57] [188/459] JHOL
[22:26:58] [189/459] SGWT
[22:26:59] [190/459] SRII
[22:26:59] [191/459] SGCK
[22:27:00] [192/459] SVVB
[22:27:02] [193/459] DMHA
[22:27:03] [194/459] PPNL
[22:27:04] [195/459] CPNL
[22:27:04] [196/459] WVLD
[22:27:05] [197/459] PSLV
[22:27:06] [198/459] VTTL
[22:27:07] [199/459] NPAD
[22:27:08] [200/459] PVCS
[22:27:09] [201/459] MCHL
[22:27:10] [202/459] PPLL
[22:27:11] [203/459] MALO
[22:27:12] [204/459] SWBH
[22:27:13] [205/459] PUGB
[22:27:14] [206/459] INBB
[22:27:16] [207/459] INNS
[22:27:17] [208/459] MCPT
[22:27:18] [209/459] SCMI
[22:27:19] [210/459] OCON
[22:27:19] [211/459] SCSM
[22:27:20] [212/459] RJVN
[22:27:21] [213/459] AMDK
[22:27:22] [214/459] ISMR
[22:27:23] [215/459] SMTD
[22:27:24] [216/459] VTDD
[22:27:25] [217/459] PDDZ
[22:27:26] [218/459] PCCK
[22:27:27] [219/459] INAM
[22:27:28] [220/459] FNKT
[22:27:29] [221/459] GDKA
[22:27:30] [222/459] MAYU
[22:27:31] [223/459] TCGU
[22:27:32] [224/459] KDCA
[22:27:33] [225/459] DOMY
[22:27:34] [226/459] PDDD
[22:27:34] [227/459] BJTS
[22:27:35] [228/459] VTCA
[22:27:36] [229/459] SBTM
[22:27:37] [230/459] SEET
[22:27:38] [231/459] SSTJ
[22:27:39] [232/459] SVNT
[22:27:39] [233/459] PPPR
[22:27:40] [234/459] PVYS
[22:27:41] [235/459] IOSE
[22:27:42] [236/459] ACTV
[22:27:43] [237/459] APVE
[22:27:44] [238/459] TCCL
[22:27:44] [239/459] SCMO
[22:27:45] [240/459] SAUM
[22:27:46] [241/459] KCJS
[22:27:47] [242/459] NJCJ
[22:27:48] [243/459] NECF
[22:27:49] [244/459] CCGW
[22:27:49] [245/459] CCMG
[22:27:51] [246/459] NYRG
[22:27:52] [247/459] NCSQ
[22:27:53] [248/459] GRCG
[22:27:54] [249/459] CCBT
[22:27:55] [250/459] ACGA
[22:27:55] [251/459] INAG
[22:27:56] [252/459] FUCG
[22:27:57] [253/459] AICF
[22:27:58] [254/459] GRGA
[22:27:58] [255/459] GDCN
[22:27:59] [256/459] RRCG
[22:28:00] [257/459] SDCH
[22:28:01] [258/459] WVJM
[22:28:02] [259/459] JCCZ
[22:28:03] [260/459] CNCL
[22:28:04] [261/459] TMLV
[22:28:05] [262/459] MEMB
[22:28:05] [263/459] SGTD
[22:28:06] [264/459] CONX
[22:28:07] [265/459] CCMH
[22:28:08] [266/459] ACMC
[22:28:09] [267/459] DTPD
[22:28:09] [268/459] POJA
[22:28:10] [269/459] FNBH
[22:28:11] [270/459] CGCB
[22:28:12] [271/459] RACN
[22:28:13] [272/459] JTSM
[22:28:14] [273/459] SCDN
[22:28:14] [274/459] AACK
[22:28:15] [275/459] RMCE
[22:28:16] [276/459] BSGB
[22:28:18] [277/459] MRCB
[22:28:19] [278/459] SRVR
[22:28:19] [279/459] VTKK
[22:28:20] [280/459] AMST
[22:28:22] [281/459] APCY
[22:28:23] [282/459] LMHO
[22:28:23] [283/459] MTZH
[22:28:24] [284/459] AMZB
[22:28:25] [285/459] SUVT
[22:28:26] [286/459] RCIP
[22:28:27] [287/459] KESR
[22:28:28] [288/459] SNKC
[22:28:29] [289/459] SCED
[22:28:30] [290/459] DVCA
[22:28:32] [291/459] VCDT
[22:28:32] [292/459] RRDI
[22:28:33] [293/459] DFCH
[22:28:34] [294/459] INSC
[22:28:35] [295/459] RGTR
[22:28:36] [296/459] FMOT
[22:28:37] [297/459] SCPM
[22:28:38] [298/459] GCDT
[22:28:39] [299/459] BRKT
[22:28:40] [300/459] DEMP
[22:28:41] [301/459] SRLC
[22:28:41] [302/459] KSTT
[22:28:42] [303/459] SMMT
[22:28:43] [304/459] SILM
[22:28:44] [305/459] JCVM
[22:28:45] [306/459] KCSV
[22:28:45] [307/459] MHLK
[22:28:46] [308/459] SLVL
[22:28:47] [309/459] RJKP
[22:28:48] [310/459] BBPC
[22:28:48] [311/459] MXCB
[22:28:49] [312/459] TCPK
[22:28:50] [313/459] RTBR
[22:28:50] [314/459] GAUT
[22:28:51] [315/459] DVCF
[22:28:52] [316/459] JTSB
[22:28:53] [317/459] SBLS
[22:28:54] [318/459] UDAY
[22:28:55] [319/459] PTNP
[22:28:55] [320/459] DMKT
[22:28:56] [321/459] NTDT
[22:28:57] [322/459] SHDJ
[22:28:58] [323/459] OTNC
[22:28:59] [324/459] RNTW
[22:29:01] [325/459] GCMI
[22:29:02] [326/459] CRCM
[22:29:02] [327/459] NNCZ
[22:29:03] [328/459] OEMO
[22:29:05] [329/459] PVJM
[22:29:05] [330/459] CPJI
[22:29:06] [331/459] RMCJ
[22:29:07] [332/459] CNWJ
[22:29:08] [333/459] EPJM
[22:29:09] [334/459] FNJJ
[22:29:09] [335/459] GCMJ
[22:29:10] [336/459] INPS
[22:29:11] [337/459] BICJ
[22:29:12] [338/459] ISTJ
[22:29:13] [339/459] INJC
[22:29:14] [340/459] GLXJ
[22:29:15] [341/459] INEM
[22:29:16] [342/459] JTMN
[22:29:17] [343/459] FRCJ
[22:29:18] [344/459] DDJP
[22:29:19] [345/459] INJV
[22:29:20] [346/459] GOLC
[22:29:20] [347/459] KOCI
[22:29:21] [348/459] FSTD
[22:29:22] [349/459] PACJ
[22:29:22] [350/459] GMCN
[22:29:23] [351/459] MMDJ
[22:29:24] [352/459] GODH
[22:29:25] [353/459] SKYN
[22:29:26] [354/459] NCTH
[22:29:27] [355/459] SKVZ
[22:29:27] [356/459] SVML
[22:29:28] [357/459] ACVZ
[22:29:29] [358/459] SURA
[22:29:30] [359/459] RTRB
[22:29:31] [360/459] LLCT
[22:29:32] [361/459] ATTS
[22:29:33] [362/459] JYCM
[22:29:33] [363/459] CTKR
[22:29:34] [364/459] LCKR
[22:29:35] [365/459] NYCV
[22:29:36] [366/459] NYOH
[22:29:37] [367/459] NOVX
[22:29:38] [368/459] MRGK
[22:29:39] [369/459] MOON
[22:29:39] [370/459] SBUC
[22:29:40] [371/459] GSVA
[22:29:41] [372/459] VIAK
[22:29:41] [373/459] SMVZ
[22:29:42] [374/459] MATE
[22:29:44] [375/459] RDCN
[22:29:45] [376/459] ASBL
[22:29:46] [377/459] ASVS
[22:29:47] [378/459] ASSR
[22:29:48] [379/459] SSKN
[22:29:48] [380/459] DRPV
[22:29:49] [381/459] MRHT
[22:29:51] [382/459] BSCN
[22:29:51] [383/459] RKNX
[22:29:52] [384/459] MSMC
[22:29:53] [385/459] MSCJ
[22:29:54] [386/459] BTBJ
[22:29:55] [387/459] MJCC
[22:29:56] [388/459] IOMM
[22:29:57] [389/459] ADGR
[22:29:58] [390/459] MYCP
[22:29:58] [391/459] IGCM
[22:30:00] [392/459] PGRK
[22:30:01] [393/459] VPGO
[22:30:02] [394/459] KOMS
[22:30:03] [395/459] URGG
[22:30:04] [396/459] GOST
[22:30:04] [397/459] LACT
[22:30:05] [398/459] BWCM
[22:30:06] [399/459] NCCW
[22:30:07] [400/459] SKYC
[22:30:08] [401/459] CCPM
[22:30:09] [402/459] VCBT
[22:30:10] [403/459] SDKR
[22:30:10] [404/459] CTYB
[22:30:11] [405/459] SHCX
[22:30:12] [406/459] RCUN
[22:30:13] [407/459] CNRA
[22:30:14] [408/459] RFCA
[22:30:15] [409/459] RDCU
[22:30:16] [410/459] SARK
[22:30:16] [411/459] SPPP
[22:30:17] [412/459] ADMB
[22:30:18] [413/459] JYOE
[22:30:19] [414/459] SRMD
[22:30:20] [415/459] RJDH
[22:30:21] [416/459] SSTD
[22:30:22] [417/459] AACV
[22:30:23] [418/459] PPVD
[22:30:23] [419/459] STCP
[22:30:24] [420/459] ANJR
[22:30:25] [421/459] ANLS
[22:30:26] [422/459] BIJO
[22:30:27] [423/459] AVAB
[22:30:28] [424/459] SPMD
[22:30:29] [425/459] SVJL
[22:30:30] [426/459] SDDJ
[22:30:31] [427/459] SLTU
[22:30:32] [428/459] SAKA
[22:30:33] [429/459] PMAM
[22:30:34] [430/459] FNAM
[22:30:35] [431/459] ACAM
[22:30:36] [432/459] SCMM
[22:30:37] [433/459] PMAK
[22:30:38] [434/459] NYSA
[22:30:39] [435/459] FCPA
[22:30:40] [436/459] GDAN
[22:30:41] [437/459] RSCA
[22:30:42] [438/459] DMAN
[22:30:43] [439/459] DZCM
[22:30:44] [440/459] NSGL
[22:30:44] [441/459] CCPP
[22:30:45] [442/459] PSMG
[22:30:46] [443/459] GSER
[22:30:47] [444/459] FCCT
[22:30:48] [445/459] FCTB
[22:30:48] [446/459] LCNK
[22:30:49] [447/459] SKTY
[22:30:50] [448/459] INAA
[22:30:51] [449/459] RCWN
[22:30:52] [450/459] VAIS
[22:30:53] [451/459] CVMN
[22:30:54] [452/459] INTS
[22:30:55] [453/459] FRGS
[22:30:56] [454/459] DTCK
[22:30:57] [455/459] MCMH
[22:30:58] [456/459] ECRR
[22:30:58] [457/459] RLLP
[22:30:59] [458/459] CCSN
[22:31:00] [459/459] CCBA
[22:31:01] 🧹 Deduping shows
[22:31:01] ✅ DONE | Shows=966 | Movies=53
