[16:12:12] 🚀 SCRIPT STARTED
[16:12:12] [1/296] CDCA
[16:12:12] 🧠 New identity created
[16:12:13] [2/296] MNSR
[16:12:13] [3/296] CSSL
[16:12:14] [4/296] BGGM
[16:12:15] [5/296] MANT
[16:12:16] [6/296] SOOY
[16:12:17] [7/296] VPPK
[16:12:18] [8/296] MYHJ
[16:12:18] [9/296] KSCK
[16:12:19] [10/296] KATK
[16:12:20] [11/296] RTRT
[16:12:21] [12/296] SSTT
[16:12:22] [13/296] SSTV
[16:12:23] [14/296] LACM
[16:12:24] [15/296] SGMG
[16:12:25] [16/296] KACX
[16:12:25] [17/296] GVCP
[16:12:26] [18/296] CSNC
[16:12:27] [19/296] SXCB
[16:12:28] [20/296] BAHS
[16:12:29] [21/296] PCBI
[16:12:30] [22/296] PSSM
[16:12:31] [23/296] RCOK
[16:12:32] [24/296] SCPF
[16:12:32] [25/296] SSAS
[16:12:33] [26/296] EVMM
[16:12:34] [27/296] SYCB
[16:12:35] [28/296] GCKI
[16:12:36] [29/296] IAET
[16:12:37] [30/296] DDTD
[16:12:38] [31/296] GMDH
[16:12:39] [32/296] STLE
[16:12:40] [33/296] JTRA
[16:12:41] [34/296] RPPA
[16:12:41] [35/296] ARUT
[16:12:42] [36/296] JTVM
[16:12:43] [37/296] SWRH
[16:12:44] [38/296] DCPC
[16:12:45] [39/296] RAPR
[16:12:45] [40/296] GCRT
[16:12:46] [41/296] ATUN
[16:12:47] [42/296] LTRM
[16:12:48] [43/296] TASR
[16:12:49] [44/296] RLLC
[16:12:50] [45/296] MABI
[16:12:50] [46/296] SVHB
[16:12:51] [47/296] NVTB
[16:12:52] [48/296] KCKG
[16:12:53] [49/296] SSRN
[16:12:54] [50/296] VDDC
[16:12:55] [51/296] GKTK
[16:12:55] [52/296] YFSN
[16:12:56] [53/296] GCSG
[16:12:57] [54/296] ESSM
[16:12:58] [55/296] KRIH
[16:12:59] [56/296] GCDS
[16:12:59] [57/296] CCSH
[16:13:00] [58/296] ACSK
[16:13:01] [59/296] APRK
[16:13:02] [60/296] ADKM
[16:13:03] [61/296] SRDM
[16:13:04] [62/296] RMOG
[16:13:05] [63/296] SJMY
[16:13:06] [64/296] PGGC
[16:13:07] [65/296] INGM
[16:13:08] [66/296] LSCB
[16:13:08] [67/296] STAD
[16:13:09] [68/296] MCCR
[16:13:10] [69/296] ABCC
[16:13:11] [70/296] RKCC
[16:13:12] [71/296] RTCR
[16:13:12] [72/296] GGBC
[16:13:13] [73/296] GCSD
[16:13:14] [74/296] LPTY
[16:13:15] [75/296] MCFD
[16:13:17] [76/296] HENN
[16:13:18] [77/296] SMKU
[16:13:19] [78/296] TNZC
[16:13:20] [79/296] DRCD
[16:13:21] [80/296] DLCD
[16:13:22] [81/296] RCDA
[16:13:23] [82/296] COSM
[16:13:24] [83/296] MCMJ
[16:13:25] [84/296] CSTR
[16:13:26] [85/296] CVDK
[16:13:26] [86/296] INRR
[16:13:27] [87/296] RJRT
[16:13:28] [88/296] IRMR
[16:13:29] [89/296] SRCF
[16:13:30] [90/296] GRCR
[16:13:32] [91/296] SURC
[16:13:33] [92/296] NMNH
[16:13:34] [93/296] SVBL
[16:13:35] [94/296] KACI
[16:13:36] [95/296] TDGO
[16:13:37] [96/296] KTBR
[16:13:39] [97/296] PMAD
[16:13:40] [98/296] CCPN
[16:13:41] [99/296] SBTK
[16:13:42] [100/296] LMDK
[16:13:42] [101/296] PGDA
[16:13:43] [102/296] SRML
[16:13:44] [103/296] EVCK
[16:13:45] [104/296] RTTK
[16:13:45] [105/296] SRTU
[16:13:46] [106/296] VRSA
[16:13:47] [107/296] VARS
[16:13:48] [108/296] DSCZ
[16:13:48] [109/296] GAGA
[16:13:49] [110/296] SARV
[16:13:50] [111/296] SEEG
[16:13:51] [112/296] GLCA
[16:13:51] [113/296] APAS
[16:13:52] [114/296] VCIA
[16:13:53] [115/296] SJTA
[16:13:54] [116/296] SABM
[16:13:55] [117/296] PPAG
[16:13:56] [118/296] RVCA
[16:13:57] [119/296] CCIA
[16:13:58] [120/296] HTAG
[16:13:58] [121/296] SMBI
[16:13:59] [122/296] MCJR
[16:14:00] [123/296] CCJR
[16:14:01] [124/296] SINF
[16:14:02] [125/296] CPLX
[16:14:02] [126/296] KKTJ
[16:14:03] [127/296] GDBW
[16:14:04] [128/296] CSUB
[16:14:05] [129/296] DABA
[16:14:05] [130/296] TITR
[16:14:06] [131/296] NYCR
[16:14:07] [132/296] RTRY
[16:14:08] [133/296] JTJL
[16:14:09] [134/296] SJCP
[16:14:09] [135/296] KCCA
[16:14:10] [136/296] MLPG
[16:14:11] [137/296] VRCK
[16:14:12] [138/296] SRIN
[16:14:13] [139/296] CXMK
[16:14:13] [140/296] SKAD
[16:14:14] [141/296] AVTR
[16:14:15] [142/296] PTAJ
[16:14:16] [143/296] SCNK
[16:14:16] [144/296] STTI
[16:14:17] [145/296] KACR
[16:14:18] [146/296] SSDX
[16:14:19] [147/296] VRTJ
[16:14:21] [148/296] RAJD
[16:14:22] [149/296] SCIP
[16:14:22] [150/296] RJSL
[16:14:23] [151/296] ARRS
[16:14:24] [152/296] ASMS
[16:14:25] [153/296] RDTS
[16:14:25] [154/296] DVMY
[16:14:26] [155/296] RASA
[16:14:27] [156/296] INOM
[16:14:28] [157/296] SPRS
[16:14:29] [158/296] SGCS
[16:14:30] [159/296] SALM
[16:14:31] [160/296] PKHC
[16:14:32] [161/296] RCSV
[16:14:33] [162/296] CPKC
[16:14:33] [163/296] AACD
[16:14:34] [164/296] GGCV
[16:14:36] [165/296] SMKD
[16:14:37] [166/296] NBCH
[16:14:38] [167/296] AMCB
[16:14:39] [168/296] OPCN
[16:14:39] [169/296] DCIN
[16:14:40] [170/296] INGW
[16:14:41] [171/296] PKKW
[16:14:42] [172/296] FNGW
[16:14:43] [173/296] GCGD
[16:14:43] [174/296] MSTW
[16:14:44] [175/296] KCCG
[16:14:45] [176/296] MRSS
[16:14:46] [177/296] CLCF
[16:14:47] [178/296] EETS
[16:14:48] [179/296] AATR
[16:14:49] [180/296] CMMN
[16:14:50] [181/296] SCCJ
[16:14:51] [182/296] CDTK
[16:14:52] [183/296] AICP
[16:14:52] [184/296] FNBP
[16:14:54] [185/296] CBPB
[16:14:55] [186/296] CPAS
[16:14:56] [187/296] MAPM
[16:14:57] [188/296] PASD
[16:14:58] [189/296] JCMN
[16:14:59] [190/296] MALB
[16:14:59] [191/296] SACG
[16:15:00] [192/296] DDRX
[16:15:02] [193/296] DDXB
[16:15:03] [194/296] RAMC
[16:15:04] [195/296] SANC
[16:15:04] [196/296] BCBP
[16:15:05] [197/296] ALPC
[16:15:06] [198/296] RBAC
[16:15:07] [199/296] RAJL
[16:15:08] [200/296] MPDX
[16:15:09] [201/296] MUSC
[16:15:09] [202/296] VKMK
[16:15:10] [203/296] SKCG
[16:15:11] [204/296] ANCN
[16:15:12] [205/296] MMCJ
[16:15:13] [206/296] DCAK
[16:15:13] [207/296] SCKG
[16:15:14] [208/296] LMCK
[16:15:15] [209/296] CKKX
[16:15:16] [210/296] ANKU
[16:15:17] [211/296] CSMD
[16:15:17] [212/296] MKMP
[16:15:18] [213/296] SVBG
[16:15:19] [214/296] ROOP
[16:15:20] [215/296] GDMT
[16:15:21] [216/296] FPPF
[16:15:21] [217/296] SFUU
[16:15:22] [218/296] ANCB
[16:15:23] [219/296] SMMC
[16:15:24] [220/296] UGKT
[16:15:25] [221/296] JVRM
[16:15:26] [222/296] BATG
[16:15:27] [223/296] RATE
[16:15:27] [224/296] SKME
[16:15:28] [225/296] LMTP
[16:15:29] [226/296] TCBD
[16:15:30] [227/296] ESBD
[16:15:30] [228/296] GDCU
[16:15:31] [229/296] SNKT
[16:15:32] [230/296] SRNK
[16:15:33] [231/296] SMED
[16:15:34] [232/296] CSQS
[16:15:35] [233/296] ALCS
[16:15:36] [234/296] KCKN
[16:15:37] [235/296] VCCL
[16:15:38] [236/296] MCDA
[16:15:38] [237/296] SHMI
[16:15:39] [238/296] SKHA
[16:15:40] [239/296] SVFK
[16:15:41] [240/296] INVB
[16:15:42] [241/296] MELD
[16:15:43] [242/296] JTYS
[16:15:44] [243/296] INCM
[16:15:45] [244/296] MCDV
[16:15:46] [245/296] KSGK
[16:15:46] [246/296] ICMG
[16:15:47] [247/296] CSCV
[16:15:48] [248/296] STMD
[16:15:49] [249/296] STTR
[16:15:50] [250/296] INVC
[16:15:50] [251/296] JTBL
[16:15:51] [252/296] SRVV
[16:15:52] [253/296] MAVC
[16:15:53] [254/296] SRPP
[16:15:54] [255/296] JGDM
[16:15:55] [256/296] MBSJ
[16:15:56] [257/296] SSLL
[16:15:56] [258/296] SLKP
[16:15:57] [259/296] NSRV
[16:15:58] [260/296] UTDV
[16:16:00] [261/296] KICM
[16:16:00] [262/296] KCMD
[16:16:01] [263/296] TTPP
[16:16:02] [264/296] KMPV
[16:16:03] [265/296] SKTV
[16:16:04] [266/296] STCV
[16:16:04] [267/296] SRDA
[16:16:05] [268/296] JTSX
[16:16:06] [269/296] STBV
[16:16:07] [270/296] APVZ
[16:16:08] [271/296] GSTV
[16:16:08] [272/296] NMVS
[16:16:09] [273/296] SKRT
[16:16:10] [274/296] RMDV
[16:16:10] [275/296] RATG
[16:16:11] [276/296] SJYV
[16:16:12] [277/296] NDGP
[16:16:13] [278/296] SNDG
[16:16:14] [279/296] INSR
[16:16:15] [280/296] INSO
[16:16:15] [281/296] CCSI
[16:16:16] [282/296] RASM
[16:16:17] [283/296] NEWC
[16:16:18] [284/296] VSHL
[16:16:19] [285/296] BISW
[16:16:20] [286/296] GCNG
[16:16:21] [287/296] CWSC
[16:16:21] [288/296] SKAN
[16:16:23] [289/296] SEHP
[16:16:24] [290/296] CCOA
[16:16:24] [291/296] MCAJ
[16:16:25] [292/296] ACDE
[16:16:26] [293/296] AACM
[16:16:27] [294/296] JJCK
[16:16:27] [295/296] RCMO
[16:16:28] [296/296] GDAW
[16:16:30] 🧹 Deduping shows
[16:16:30] ✅ DONE | Shows=485 | Movies=34
[22:24:13] 🚀 SCRIPT STARTED
[22:24:13] [1/296] CDCA
[22:24:13] 🧠 New identity created
[22:24:14] [2/296] MNSR
[22:24:15] [3/296] CSSL
[22:24:16] [4/296] BGGM
[22:24:17] [5/296] MANT
[22:24:18] [6/296] SOOY
[22:24:20] [7/296] VPPK
[22:24:21] [8/296] MYHJ
[22:24:22] [9/296] KSCK
[22:24:22] [10/296] KATK
[22:24:23] [11/296] RTRT
[22:24:24] [12/296] SSTT
[22:24:25] [13/296] SSTV
[22:24:26] [14/296] LACM
[22:24:26] [15/296] SGMG
[22:24:27] [16/296] KACX
[22:24:28] [17/296] GVCP
[22:24:29] [18/296] CSNC
[22:24:30] [19/296] SXCB
[22:24:31] [20/296] BAHS
[22:24:32] [21/296] PCBI
[22:24:33] [22/296] PSSM
[22:24:34] [23/296] RCOK
[22:24:35] [24/296] SCPF
[22:24:36] [25/296] SSAS
[22:24:37] [26/296] EVMM
[22:24:38] [27/296] SYCB
[22:24:39] [28/296] GCKI
[22:24:40] [29/296] IAET
[22:24:41] [30/296] DDTD
[22:24:42] [31/296] GMDH
[22:24:43] [32/296] STLE
[22:24:44] [33/296] JTRA
[22:24:45] [34/296] RPPA
[22:24:46] [35/296] ARUT
[22:24:47] [36/296] JTVM
[22:24:48] [37/296] SWRH
[22:24:49] [38/296] DCPC
[22:24:49] [39/296] RAPR
[22:24:50] [40/296] GCRT
[22:24:51] [41/296] ATUN
[22:24:52] [42/296] LTRM
[22:24:53] [43/296] TASR
[22:24:53] [44/296] RLLC
[22:24:54] [45/296] MABI
[22:24:55] [46/296] SVHB
[22:24:56] [47/296] NVTB
[22:24:56] [48/296] KCKG
[22:24:57] [49/296] SSRN
[22:24:58] [50/296] VDDC
[22:24:59] [51/296] GKTK
[22:25:00] [52/296] YFSN
[22:25:01] [53/296] GCSG
[22:25:02] [54/296] ESSM
[22:25:03] [55/296] KRIH
[22:25:04] [56/296] GCDS
[22:25:05] [57/296] CCSH
[22:25:06] [58/296] ACSK
[22:25:07] [59/296] APRK
[22:25:08] [60/296] ADKM
[22:25:09] [61/296] SRDM
[22:25:11] [62/296] RMOG
[22:25:12] [63/296] SJMY
[22:25:12] [64/296] PGGC
[22:25:13] [65/296] INGM
[22:25:14] [66/296] LSCB
[22:25:15] [67/296] STAD
[22:25:16] [68/296] MCCR
[22:25:17] [69/296] ABCC
[22:25:18] [70/296] RKCC
[22:25:19] [71/296] RTCR
[22:25:20] [72/296] GGBC
[22:25:21] [73/296] GCSD
[22:25:21] [74/296] LPTY
[22:25:22] [75/296] MCFD
[22:25:23] [76/296] HENN
[22:25:24] [77/296] SMKU
[22:25:25] [78/296] TNZC
[22:25:26] [79/296] DRCD
[22:25:26] [80/296] DLCD
[22:25:27] [81/296] RCDA
[22:25:28] [82/296] COSM
[22:25:29] [83/296] MCMJ
[22:25:31] [84/296] CSTR
[22:25:32] [85/296] CVDK
[22:25:33] [86/296] INRR
[22:25:34] [87/296] RJRT
[22:25:35] [88/296] IRMR
[22:25:36] [89/296] SRCF
[22:25:37] [90/296] GRCR
[22:25:38] [91/296] SURC
[22:25:38] [92/296] NMNH
[22:25:39] [93/296] SVBL
[22:25:40] [94/296] KACI
[22:25:41] [95/296] TDGO
[22:25:42] [96/296] KTBR
[22:25:43] [97/296] PMAD
[22:25:44] [98/296] CCPN
[22:25:44] [99/296] SBTK
[22:25:46] [100/296] LMDK
[22:25:47] [101/296] PGDA
[22:25:47] [102/296] SRML
[22:25:49] [103/296] EVCK
[22:25:50] [104/296] RTTK
[22:25:51] [105/296] SRTU
[22:25:52] [106/296] VRSA
[22:25:52] [107/296] VARS
[22:25:53] [108/296] DSCZ
[22:25:54] [109/296] GAGA
[22:25:56] [110/296] SARV
[22:25:56] [111/296] SEEG
[22:25:57] [112/296] GLCA
[22:25:58] [113/296] APAS
[22:25:59] [114/296] VCIA
[22:26:00] [115/296] SJTA
[22:26:01] [116/296] SABM
[22:26:01] [117/296] PPAG
[22:26:02] [118/296] RVCA
[22:26:04] [119/296] CCIA
[22:26:05] [120/296] HTAG
[22:26:06] [121/296] SMBI
[22:26:07] [122/296] MCJR
[22:26:08] [123/296] CCJR
[22:26:09] [124/296] SINF
[22:26:10] [125/296] CPLX
[22:26:10] [126/296] KKTJ
[22:26:11] [127/296] GDBW
[22:26:12] [128/296] CSUB
[22:26:13] [129/296] DABA
[22:26:14] [130/296] TITR
[22:26:15] [131/296] NYCR
[22:26:16] [132/296] RTRY
[22:26:17] [133/296] JTJL
[22:26:18] [134/296] SJCP
[22:26:19] [135/296] KCCA
[22:26:20] [136/296] MLPG
[22:26:21] [137/296] VRCK
[22:26:22] [138/296] SRIN
[22:26:23] [139/296] CXMK
[22:26:23] [140/296] SKAD
[22:26:24] [141/296] AVTR
[22:26:25] [142/296] PTAJ
[22:26:26] [143/296] SCNK
[22:26:27] [144/296] STTI
[22:26:28] [145/296] KACR
[22:26:29] [146/296] SSDX
[22:26:30] [147/296] VRTJ
[22:26:31] [148/296] RAJD
[22:26:31] [149/296] SCIP
[22:26:32] [150/296] RJSL
[22:26:33] [151/296] ARRS
[22:26:34] [152/296] ASMS
[22:26:35] [153/296] RDTS
[22:26:35] [154/296] DVMY
[22:26:36] [155/296] RASA
[22:26:37] [156/296] INOM
[22:26:38] [157/296] SPRS
[22:26:38] [158/296] SGCS
[22:26:39] [159/296] SALM
[22:26:40] [160/296] PKHC
[22:26:41] [161/296] RCSV
[22:26:42] [162/296] CPKC
[22:26:43] [163/296] AACD
[22:26:44] [164/296] GGCV
[22:26:44] [165/296] SMKD
[22:26:45] [166/296] NBCH
[22:26:46] [167/296] AMCB
[22:26:47] [168/296] OPCN
[22:26:49] [169/296] DCIN
[22:26:49] [170/296] INGW
[22:26:50] [171/296] PKKW
[22:26:52] [172/296] FNGW
[22:26:53] [173/296] GCGD
[22:26:53] [174/296] MSTW
[22:26:54] [175/296] KCCG
[22:26:55] [176/296] MRSS
[22:26:56] [177/296] CLCF
[22:26:57] [178/296] EETS
[22:26:58] [179/296] AATR
[22:27:00] [180/296] CMMN
[22:27:00] [181/296] SCCJ
[22:27:01] [182/296] CDTK
[22:27:02] [183/296] AICP
[22:27:03] [184/296] FNBP
[22:27:04] [185/296] CBPB
[22:27:05] [186/296] CPAS
[22:27:06] [187/296] MAPM
[22:27:06] [188/296] PASD
[22:27:07] [189/296] JCMN
[22:27:08] [190/296] MALB
[22:27:09] [191/296] SACG
[22:27:10] [192/296] DDRX
[22:27:11] [193/296] DDXB
[22:27:12] [194/296] RAMC
[22:27:13] [195/296] SANC
[22:27:14] [196/296] BCBP
[22:27:15] [197/296] ALPC
[22:27:16] [198/296] RBAC
[22:27:17] [199/296] RAJL
[22:27:17] [200/296] MPDX
[22:27:18] [201/296] MUSC
[22:27:19] [202/296] VKMK
[22:27:20] [203/296] SKCG
[22:27:21] [204/296] ANCN
[22:27:22] [205/296] MMCJ
[22:27:23] [206/296] DCAK
[22:27:24] [207/296] SCKG
[22:27:25] [208/296] LMCK
[22:27:26] [209/296] CKKX
[22:27:27] [210/296] ANKU
[22:27:28] [211/296] CSMD
[22:27:29] [212/296] MKMP
[22:27:30] [213/296] SVBG
[22:27:31] [214/296] ROOP
[22:27:32] [215/296] GDMT
[22:27:34] [216/296] FPPF
[22:27:35] [217/296] SFUU
[22:27:35] [218/296] ANCB
[22:27:36] [219/296] SMMC
[22:27:37] [220/296] UGKT
[22:27:37] [221/296] JVRM
[22:27:38] [222/296] BATG
[22:27:39] [223/296] RATE
[22:27:40] [224/296] SKME
[22:27:41] [225/296] LMTP
[22:27:42] [226/296] TCBD
[22:27:42] [227/296] ESBD
[22:27:43] [228/296] GDCU
[22:27:44] [229/296] SNKT
[22:27:45] [230/296] SRNK
[22:27:46] [231/296] SMED
[22:27:46] [232/296] CSQS
[22:27:47] [233/296] ALCS
[22:27:48] [234/296] KCKN
[22:27:49] [235/296] VCCL
[22:27:50] [236/296] MCDA
[22:27:51] [237/296] SHMI
[22:27:51] [238/296] SKHA
[22:27:52] [239/296] SVFK
[22:27:53] [240/296] INVB
[22:27:54] [241/296] MELD
[22:27:55] [242/296] JTYS
[22:27:57] [243/296] INCM
[22:27:57] [244/296] MCDV
[22:27:58] [245/296] KSGK
[22:27:59] [246/296] ICMG
[22:28:00] [247/296] CSCV
[22:28:01] [248/296] STMD
[22:28:02] [249/296] STTR
[22:28:03] [250/296] INVC
[22:28:04] [251/296] JTBL
[22:28:04] [252/296] SRVV
[22:28:05] [253/296] MAVC
[22:28:06] [254/296] SRPP
[22:28:07] [255/296] JGDM
[22:28:08] [256/296] MBSJ
[22:28:09] [257/296] SSLL
[22:28:10] [258/296] SLKP
[22:28:10] [259/296] NSRV
[22:28:12] [260/296] UTDV
[22:28:13] [261/296] KICM
[22:28:14] [262/296] KCMD
[22:28:15] [263/296] TTPP
[22:28:16] [264/296] KMPV
[22:28:17] [265/296] SKTV
[22:28:18] [266/296] STCV
[22:28:19] [267/296] SRDA
[22:28:20] [268/296] JTSX
[22:28:20] [269/296] STBV
[22:28:21] [270/296] APVZ
[22:28:22] [271/296] GSTV
[22:28:23] [272/296] NMVS
[22:28:24] [273/296] SKRT
[22:28:24] [274/296] RMDV
[22:28:26] [275/296] RATG
[22:28:27] [276/296] SJYV
[22:28:28] [277/296] NDGP
[22:28:28] [278/296] SNDG
[22:28:29] [279/296] INSR
[22:28:30] [280/296] INSO
[22:28:31] [281/296] CCSI
[22:28:32] [282/296] RASM
[22:28:32] [283/296] NEWC
[22:28:33] [284/296] VSHL
[22:28:34] [285/296] BISW
[22:28:35] [286/296] GCNG
[22:28:36] [287/296] CWSC
[22:28:37] [288/296] SKAN
[22:28:37] [289/296] SEHP
[22:28:38] [290/296] CCOA
[22:28:39] [291/296] MCAJ
[22:28:40] [292/296] ACDE
[22:28:41] [293/296] AACM
[22:28:42] [294/296] JJCK
[22:28:44] [295/296] RCMO
[22:28:44] [296/296] GDAW
[22:28:45] 🧹 Deduping shows
[22:28:45] ✅ DONE | Shows=522 | Movies=38
