[16:12:15] 🚀 SCRIPT STARTED
[16:12:15] [1/324] GCTA
[16:12:15] 🧠 New identity created
[16:12:16] [2/324] TOPN
[16:12:17] [3/324] MCUS
[16:12:18] [4/324] SHRL
[16:12:19] [5/324] UPTP
[16:12:20] [6/324] TMMP
[16:12:21] [7/324] DNRP
[16:12:22] [8/324] SRLT
[16:12:23] [9/324] RCNS
[16:12:24] [10/324] DCBH
[16:12:25] [11/324] NAGJ
[16:12:26] [12/324] JVRC
[16:12:27] [13/324] KRJG
[16:12:28] [14/324] SRTJ
[16:12:28] [15/324] CMXM
[16:12:29] [16/324] STMI
[16:12:30] [17/324] SLST
[16:12:31] [18/324] DTCN
[16:12:32] [19/324] STYN
[16:12:33] [20/324] SZVR
[16:12:34] [21/324] SRKO
[16:12:35] [22/324] JTGT
[16:12:35] [23/324] SVFD
[16:12:36] [24/324] SISD
[16:12:37] [25/324] ABDD
[16:12:38] [26/324] DRCA
[16:12:39] [27/324] AVCS
[16:12:40] [28/324] MVKH
[16:12:41] [29/324] ACPR
[16:12:42] [30/324] STIP
[16:12:42] [31/324] MTRA
[16:12:43] [32/324] RMKH
[16:12:44] [33/324] NKRL
[16:12:45] [34/324] PCWN
[16:12:46] [35/324] BLMT
[16:12:47] [36/324] GDPG
[16:12:48] [37/324] SRMX
[16:12:48] [38/324] JACP
[16:12:50] [39/324] CPSH
[16:12:51] [40/324] MCCD
[16:12:51] [41/324] ECGH
[16:12:52] [42/324] MKCK
[16:12:53] [43/324] SRMM
[16:12:54] [44/324] SKYR
[16:12:55] [45/324] PCKC
[16:12:56] [46/324] JCMA
[16:12:57] [47/324] BSMP
[16:12:58] [48/324] VSPA
[16:12:59] [49/324] DJYA
[16:13:00] [50/324] DIMP
[16:13:01] [51/324] FXDR
[16:13:02] [52/324] SSRC
[16:13:02] [53/324] STHP
[16:13:03] [54/324] CPPD
[16:13:04] [55/324] FCLK
[16:13:06] [56/324] SCPP
[16:13:06] [57/324] DCMJ
[16:13:07] [58/324] RCCR
[16:13:08] [59/324] INMT
[16:13:09] [60/324] LXTK
[16:13:10] [61/324] SRYK
[16:13:11] [62/324] SGDK
[16:13:13] [63/324] PPKA
[16:13:13] [64/324] SPKA
[16:13:14] [65/324] CGHH
[16:13:16] [66/324] DCJN
[16:13:17] [67/324] SRKV
[16:13:17] [68/324] SAJC
[16:13:18] [69/324] SUSR
[16:13:19] [70/324] STYG
[16:13:20] [71/324] NTKP
[16:13:20] [72/324] AKTG
[16:13:21] [73/324] CGCM
[16:13:22] [74/324] TULC
[16:13:23] [75/324] NYYZ
[16:13:24] [76/324] NYBW
[16:13:25] [77/324] MACB
[16:13:26] [78/324] SLVT
[16:13:27] [79/324] SANA
[16:13:27] [80/324] ACMR
[16:13:28] [81/324] CPKN
[16:13:29] [82/324] DLGK
[16:13:30] [83/324] CWCK
[16:13:31] [84/324] FDDH
[16:13:31] [85/324] MMMD
[16:13:32] [86/324] CMEH
[16:13:34] [87/324] GGGV
[16:13:35] [88/324] SPJL
[16:13:36] [89/324] RCCD
[16:13:37] [90/324] STTZ
[16:13:37] [91/324] BTCF
[16:13:38] [92/324] TSTZ
[16:13:39] [93/324] IPMM
[16:13:40] [94/324] PMPW
[16:13:42] [95/324] PCMZ
[16:13:43] [96/324] ESEM
[16:13:43] [97/324] PIPO
[16:13:44] [98/324] MATK
[16:13:45] [99/324] PGHM
[16:13:46] [100/324] CTSR
[16:13:47] [101/324] CYKR
[16:13:47] [102/324] MSCM
[16:13:48] [103/324] RFNP
[16:13:49] [104/324] PDCP
[16:13:50] [105/324] NPSE
[16:13:51] [106/324] MKML
[16:13:52] [107/324] FTDP
[16:13:53] [108/324] MMXA
[16:13:54] [109/324] CEPO
[16:13:54] [110/324] CMVP
[16:13:55] [111/324] SGTH
[16:13:56] [112/324] SAYN
[16:13:57] [113/324] URVS
[16:13:58] [114/324] VJTN
[16:13:59] [115/324] BBYK
[16:13:59] [116/324] SHBO
[16:14:00] [117/324] VCMR
[16:14:01] [118/324] MACT
[16:14:02] [119/324] JMNP
[16:14:03] [120/324] VICS
[16:14:04] [121/324] VCDA
[16:14:05] [122/324] GCMM
[16:14:06] [123/324] INVS
[16:14:07] [124/324] SCGM
[16:14:08] [125/324] PCDA
[16:14:09] [126/324] KDCT
[16:14:10] [127/324] JACS
[16:14:11] [128/324] GMMC
[16:14:12] [129/324] AICM
[16:14:12] [130/324] TJCM
[16:14:14] [131/324] RMTI
[16:14:15] [132/324] SHAC
[16:14:16] [133/324] APJC
[16:14:17] [134/324] GCTG
[16:14:17] [135/324] SSMC
[16:14:18] [136/324] THRM
[16:14:19] [137/324] RBCT
[16:14:20] [138/324] DIKT
[16:14:21] [139/324] MIDL
[16:14:22] [140/324] VCSN
[16:14:22] [141/324] SKTG
[16:14:23] [142/324] SMWC
[16:14:24] [143/324] MNKH
[16:14:24] [144/324] PIAT
[16:14:25] [145/324] LTTP
[16:14:27] [146/324] PTPU
[16:14:28] [147/324] ACMG
[16:14:29] [148/324] SHMM
[16:14:30] [149/324] MCMN
[16:14:31] [150/324] GLDC
[16:14:32] [151/324] HOUT
[16:14:33] [152/324] SVRP
[16:14:34] [153/324] PVDN
[16:14:35] [154/324] SCPY
[16:14:36] [155/324] DTPY
[16:14:36] [156/324] GKCS
[16:14:37] [157/324] NCAM
[16:14:38] [158/324] BSRM
[16:14:39] [159/324] RCLC
[16:14:39] [160/324] SKKD
[16:14:40] [161/324] ACHU
[16:14:41] [162/324] RSCF
[16:14:42] [163/324] IMSH
[16:14:43] [164/324] MACX
[16:14:44] [165/324] HMMW
[16:14:45] [166/324] JTCP
[16:14:45] [167/324] SREN
[16:14:46] [168/324] PJRR
[16:14:47] [169/324] INAC
[16:14:48] [170/324] BMCA
[16:14:49] [171/324] SHCB
[16:14:49] [172/324] GABA
[16:14:50] [173/324] SBCT
[16:14:51] [174/324] GCMA
[16:14:52] [175/324] MYTK
[16:14:53] [176/324] INZS
[16:14:53] [177/324] RMIK
[16:14:54] [178/324] NYCH
[16:14:55] [179/324] RAVE
[16:14:56] [180/324] PSXM
[16:14:57] [181/324] MCGP
[16:14:58] [182/324] PDDK
[16:14:59] [183/324] SPCK
[16:14:59] [184/324] MCRL
[16:15:00] [185/324] MHKT
[16:15:01] [186/324] ANRR
[16:15:02] [187/324] SAPK
[16:15:03] [188/324] NCUK
[16:15:04] [189/324] JUGA
[16:15:05] [190/324] DBSC
[16:15:05] [191/324] LALK
[16:15:06] [192/324] GUCK
[16:15:07] [193/324] STSG
[16:15:09] [194/324] PPPZ
[16:15:10] [195/324] CNCY
[16:15:11] [196/324] MTAR
[16:15:12] [197/324] VNKD
[16:15:13] [198/324] KMAJ
[16:15:14] [199/324] ACXK
[16:15:15] [200/324] UTKC
[16:15:16] [201/324] PBLK
[16:15:16] [202/324] ACBX
[16:15:17] [203/324] PTGM
[16:15:18] [204/324] BTDA
[16:15:19] [205/324] PJMB
[16:15:20] [206/324] TPDA
[16:15:21] [207/324] AMOE
[16:15:21] [208/324] PRHT
[16:15:22] [209/324] PRTA
[16:15:23] [210/324] STAM
[16:15:24] [211/324] MSAA
[16:15:25] [212/324] SDLU
[16:15:26] [213/324] RCHH
[16:15:28] [214/324] KANT
[16:15:29] [215/324] FCRT
[16:15:31] [216/324] DNKM
[16:15:31] [217/324] RYCP
[16:15:32] [218/324] MYRP
[16:15:33] [219/324] PPAK
[16:15:34] [220/324] NVPK
[16:15:35] [221/324] PRMC
[16:15:37] [222/324] JBCS
[16:15:39] [223/324] GXCK
[16:15:39] [224/324] USKO
[16:15:40] [225/324] GTEM
[16:15:41] [226/324] SMBU
[16:15:42] [227/324] VETC
[16:15:43] [228/324] LCDA
[16:15:44] [229/324] MTVT
[16:15:44] [230/324] PYCP
[16:15:45] [231/324] PNSC
[16:15:46] [232/324] PPCC
[16:15:47] [233/324] TGRT
[16:15:48] [234/324] JYOT
[16:15:49] [235/324] SRCZ
[16:15:50] [236/324] SJTE
[16:15:51] [237/324] DESC
[16:15:52] [238/324] JHVN
[16:15:53] [239/324] IPSG
[16:15:54] [240/324] IPCM
[16:15:55] [241/324] PDRS
[16:15:56] [242/324] ANCV
[16:15:56] [243/324] CMVV
[16:15:57] [244/324] SHYP
[16:15:58] [245/324] DNCS
[16:15:59] [246/324] GAJK
[16:16:00] [247/324] AKTN
[16:16:02] [248/324] KAYA
[16:16:03] [249/324] SBRC
[16:16:04] [250/324] CHTP
[16:16:05] [251/324] SHRT
[16:16:06] [252/324] BCKU
[16:16:08] [253/324] FCPS
[16:16:09] [254/324] ARDD
[16:16:10] [255/324] CPCM
[16:16:11] [256/324] CGSM
[16:16:13] [257/324] PSMP
[16:16:14] [258/324] SDAL
[16:16:15] [259/324] RTNB
[16:16:16] [260/324] LMCR
[16:16:16] [261/324] CIMA
[16:16:17] [262/324] RNAS
[16:16:18] [263/324] LITH
[16:16:19] [264/324] PBOX
[16:16:20] [265/324] FRTS
[16:16:21] [266/324] RKIC
[16:16:21] [267/324] PTAI
[16:16:22] [268/324] GCIC
[16:16:23] [269/324] FNAS
[16:16:24] [270/324] SCAR
[16:16:25] [271/324] MTCA
[16:16:26] [272/324] SCTS
[16:16:27] [273/324] SYCS
[16:16:27] [274/324] RDMS
[16:16:28] [275/324] KAMP
[16:16:29] [276/324] ERSD
[16:16:30] [277/324] MJMJ
[16:16:31] [278/324] SRCJ
[16:16:32] [279/324] SCXE
[16:16:32] [280/324] SVFR
[16:16:33] [281/324] BHCS
[16:16:34] [282/324] IMCC
[16:16:35] [283/324] PCBO
[16:16:36] [284/324] PRVN
[16:16:37] [285/324] AUPM
[16:16:38] [286/324] INBW
[16:16:38] [287/324] SVCW
[16:16:39] [288/324] RKCF
[16:16:40] [289/324] UVBH
[16:16:41] [290/324] DNCY
[16:16:41] [291/324] ABCN
[16:16:43] [292/324] PRUR
[16:16:44] [293/324] PFMR
[16:16:45] [294/324] RKCN
[16:16:46] [295/324] CFEA
[16:16:47] [296/324] SDBG
[16:16:47] [297/324] SNAR
[16:16:48] [298/324] YISI
[16:16:50] [299/324] JCFF
[16:16:51] [300/324] VTRK
[16:16:53] [301/324] PCLZ
[16:16:54] [302/324] DIMY
[16:16:55] [303/324] BBTS
[16:16:56] [304/324] GATH
[16:16:57] [305/324] GTMN
[16:16:58] [306/324] VTMH
[16:16:59] [307/324] CCKP
[16:17:00] [308/324] GPKA
[16:17:00] [309/324] MHCL
[16:17:01] [310/324] ATCL
[16:17:02] [311/324] SBCK
[16:17:03] [312/324] AMMR
[16:17:04] [313/324] MADC
[16:17:05] [314/324] TMMA
[16:17:07] [315/324] CACC
[16:17:08] [316/324] CHAL
[16:17:10] [317/324] DURG
[16:17:11] [318/324] GMKU
[16:17:12] [319/324] GECA
[16:17:12] [320/324] KYRR
[16:17:13] [321/324] KSDE
[16:17:14] [322/324] LMCI
[16:17:15] [323/324] NKCP
[16:17:16] [324/324] BGTC
[16:17:17] 🧹 Deduping shows
[16:17:17] ✅ DONE | Shows=779 | Movies=44
[22:24:15] 🚀 SCRIPT STARTED
[22:24:15] [1/324] GCTA
[22:24:15] 🧠 New identity created
[22:24:16] [2/324] TOPN
[22:24:17] [3/324] MCUS
[22:24:18] [4/324] SHRL
[22:24:18] [5/324] UPTP
[22:24:19] [6/324] TMMP
[22:24:20] [7/324] DNRP
[22:24:21] [8/324] SRLT
[22:24:22] [9/324] RCNS
[22:24:24] [10/324] DCBH
[22:24:25] [11/324] NAGJ
[22:24:26] [12/324] JVRC
[22:24:27] [13/324] KRJG
[22:24:28] [14/324] SRTJ
[22:24:29] [15/324] CMXM
[22:24:30] [16/324] STMI
[22:24:31] [17/324] SLST
[22:24:31] [18/324] DTCN
[22:24:32] [19/324] STYN
[22:24:33] [20/324] SZVR
[22:24:34] [21/324] SRKO
[22:24:35] [22/324] JTGT
[22:24:36] [23/324] SVFD
[22:24:37] [24/324] SISD
[22:24:38] [25/324] ABDD
[22:24:39] [26/324] DRCA
[22:24:40] [27/324] AVCS
[22:24:41] [28/324] MVKH
[22:24:42] [29/324] ACPR
[22:24:43] [30/324] STIP
[22:24:43] [31/324] MTRA
[22:24:45] [32/324] RMKH
[22:24:46] [33/324] NKRL
[22:24:47] [34/324] PCWN
[22:24:48] [35/324] BLMT
[22:24:49] [36/324] GDPG
[22:24:49] [37/324] SRMX
[22:24:50] [38/324] JACP
[22:24:51] [39/324] CPSH
[22:24:52] [40/324] MCCD
[22:24:53] [41/324] ECGH
[22:24:54] [42/324] MKCK
[22:24:55] [43/324] SRMM
[22:24:56] [44/324] SKYR
[22:24:57] [45/324] PCKC
[22:24:57] [46/324] JCMA
[22:24:58] [47/324] BSMP
[22:25:00] [48/324] VSPA
[22:25:01] [49/324] DJYA
[22:25:02] [50/324] DIMP
[22:25:03] [51/324] FXDR
[22:25:04] [52/324] SSRC
[22:25:05] [53/324] STHP
[22:25:06] [54/324] CPPD
[22:25:08] [55/324] FCLK
[22:25:10] [56/324] SCPP
[22:25:11] [57/324] DCMJ
[22:25:12] [58/324] RCCR
[22:25:13] [59/324] INMT
[22:25:15] [60/324] LXTK
[22:25:16] [61/324] SRYK
[22:25:17] [62/324] SGDK
[22:25:18] [63/324] PPKA
[22:25:19] [64/324] SPKA
[22:25:20] [65/324] CGHH
[22:25:22] [66/324] DCJN
[22:25:23] [67/324] SRKV
[22:25:24] [68/324] SAJC
[22:25:25] [69/324] SUSR
[22:25:25] [70/324] STYG
[22:25:26] [71/324] NTKP
[22:25:27] [72/324] AKTG
[22:25:28] [73/324] CGCM
[22:25:29] [74/324] TULC
[22:25:30] [75/324] NYYZ
[22:25:30] [76/324] NYBW
[22:25:31] [77/324] MACB
[22:25:32] [78/324] SLVT
[22:25:33] [79/324] SANA
[22:25:34] [80/324] ACMR
[22:25:35] [81/324] CPKN
[22:25:36] [82/324] DLGK
[22:25:37] [83/324] CWCK
[22:25:38] [84/324] FDDH
[22:25:39] [85/324] MMMD
[22:25:40] [86/324] CMEH
[22:25:40] [87/324] GGGV
[22:25:41] [88/324] SPJL
[22:25:42] [89/324] RCCD
[22:25:43] [90/324] STTZ
[22:25:44] [91/324] BTCF
[22:25:45] [92/324] TSTZ
[22:25:46] [93/324] IPMM
[22:25:47] [94/324] PMPW
[22:25:48] [95/324] PCMZ
[22:25:49] [96/324] ESEM
[22:25:50] [97/324] PIPO
[22:25:51] [98/324] MATK
[22:25:52] [99/324] PGHM
[22:25:53] [100/324] CTSR
[22:25:54] [101/324] CYKR
[22:25:55] [102/324] MSCM
[22:25:56] [103/324] RFNP
[22:25:58] [104/324] PDCP
[22:25:59] [105/324] NPSE
[22:26:00] [106/324] MKML
[22:26:01] [107/324] FTDP
[22:26:01] [108/324] MMXA
[22:26:02] [109/324] CEPO
[22:26:03] [110/324] CMVP
[22:26:04] [111/324] SGTH
[22:26:06] [112/324] SAYN
[22:26:07] [113/324] URVS
[22:26:08] [114/324] VJTN
[22:26:08] [115/324] BBYK
[22:26:09] [116/324] SHBO
[22:26:10] [117/324] VCMR
[22:26:11] [118/324] MACT
[22:26:12] [119/324] JMNP
[22:26:13] [120/324] VICS
[22:26:14] [121/324] VCDA
[22:26:14] [122/324] GCMM
[22:26:15] [123/324] INVS
[22:26:16] [124/324] SCGM
[22:26:17] [125/324] PCDA
[22:26:19] [126/324] KDCT
[22:26:20] [127/324] JACS
[22:26:21] [128/324] GMMC
[22:26:22] [129/324] AICM
[22:26:23] [130/324] TJCM
[22:26:23] [131/324] RMTI
[22:26:24] [132/324] SHAC
[22:26:25] [133/324] APJC
[22:26:26] [134/324] GCTG
[22:26:26] [135/324] SSMC
[22:26:27] [136/324] THRM
[22:26:28] [137/324] RBCT
[22:26:29] [138/324] DIKT
[22:26:30] [139/324] MIDL
[22:26:30] [140/324] VCSN
[22:26:32] [141/324] SKTG
[22:26:33] [142/324] SMWC
[22:26:34] [143/324] MNKH
[22:26:35] [144/324] PIAT
[22:26:36] [145/324] LTTP
[22:26:37] [146/324] PTPU
[22:26:37] [147/324] ACMG
[22:26:38] [148/324] SHMM
[22:26:39] [149/324] MCMN
[22:26:40] [150/324] GLDC
[22:26:41] [151/324] HOUT
[22:26:41] [152/324] SVRP
[22:26:42] [153/324] PVDN
[22:26:43] [154/324] SCPY
[22:26:44] [155/324] DTPY
[22:26:45] [156/324] GKCS
[22:26:46] [157/324] NCAM
[22:26:47] [158/324] BSRM
[22:26:48] [159/324] RCLC
[22:26:49] [160/324] SKKD
[22:26:50] [161/324] ACHU
[22:26:51] [162/324] RSCF
[22:26:52] [163/324] IMSH
[22:26:53] [164/324] MACX
[22:26:54] [165/324] HMMW
[22:26:55] [166/324] JTCP
[22:26:56] [167/324] SREN
[22:26:57] [168/324] PJRR
[22:26:57] [169/324] INAC
[22:26:59] [170/324] BMCA
[22:27:00] [171/324] SHCB
[22:27:01] [172/324] GABA
[22:27:02] [173/324] SBCT
[22:27:03] [174/324] GCMA
[22:27:04] [175/324] MYTK
[22:27:05] [176/324] INZS
[22:27:05] [177/324] RMIK
[22:27:06] [178/324] NYCH
[22:27:08] [179/324] RAVE
[22:27:09] [180/324] PSXM
[22:27:10] [181/324] MCGP
[22:27:11] [182/324] PDDK
[22:27:12] [183/324] SPCK
[22:27:13] [184/324] MCRL
[22:27:14] [185/324] MHKT
[22:27:15] [186/324] ANRR
[22:27:16] [187/324] SAPK
[22:27:16] [188/324] NCUK
[22:27:17] [189/324] JUGA
[22:27:18] [190/324] DBSC
[22:27:19] [191/324] LALK
[22:27:20] [192/324] GUCK
[22:27:21] [193/324] STSG
[22:27:22] [194/324] PPPZ
[22:27:23] [195/324] CNCY
[22:27:24] [196/324] MTAR
[22:27:25] [197/324] VNKD
[22:27:26] [198/324] KMAJ
[22:27:27] [199/324] ACXK
[22:27:28] [200/324] UTKC
[22:27:29] [201/324] PBLK
[22:27:30] [202/324] ACBX
[22:27:30] [203/324] PTGM
[22:27:31] [204/324] BTDA
[22:27:32] [205/324] PJMB
[22:27:33] [206/324] TPDA
[22:27:34] [207/324] AMOE
[22:27:35] [208/324] PRHT
[22:27:36] [209/324] PRTA
[22:27:37] [210/324] STAM
[22:27:38] [211/324] MSAA
[22:27:39] [212/324] SDLU
[22:27:41] [213/324] RCHH
[22:27:41] [214/324] KANT
[22:27:42] [215/324] FCRT
[22:27:43] [216/324] DNKM
[22:27:44] [217/324] RYCP
[22:27:45] [218/324] MYRP
[22:27:46] [219/324] PPAK
[22:27:47] [220/324] NVPK
[22:27:48] [221/324] PRMC
[22:27:48] [222/324] JBCS
[22:27:49] [223/324] GXCK
[22:27:50] [224/324] USKO
[22:27:51] [225/324] GTEM
[22:27:52] [226/324] SMBU
[22:27:53] [227/324] VETC
[22:27:54] [228/324] LCDA
[22:27:55] [229/324] MTVT
[22:27:56] [230/324] PYCP
[22:27:57] [231/324] PNSC
[22:27:57] [232/324] PPCC
[22:27:58] [233/324] TGRT
[22:27:59] [234/324] JYOT
[22:28:00] [235/324] SRCZ
[22:28:01] [236/324] SJTE
[22:28:02] [237/324] DESC
[22:28:02] [238/324] JHVN
[22:28:03] [239/324] IPSG
[22:28:04] [240/324] IPCM
[22:28:05] [241/324] PDRS
[22:28:06] [242/324] ANCV
[22:28:07] [243/324] CMVV
[22:28:07] [244/324] SHYP
[22:28:09] [245/324] DNCS
[22:28:10] [246/324] GAJK
[22:28:11] [247/324] AKTN
[22:28:12] [248/324] KAYA
[22:28:13] [249/324] SBRC
[22:28:15] [250/324] CHTP
[22:28:17] [251/324] SHRT
[22:28:18] [252/324] BCKU
[22:28:19] [253/324] FCPS
[22:28:20] [254/324] ARDD
[22:28:21] [255/324] CPCM
[22:28:22] [256/324] CGSM
[22:28:23] [257/324] PSMP
[22:28:24] [258/324] SDAL
[22:28:24] [259/324] RTNB
[22:28:25] [260/324] LMCR
[22:28:26] [261/324] CIMA
[22:28:27] [262/324] RNAS
[22:28:29] [263/324] LITH
[22:28:30] [264/324] PBOX
[22:28:30] [265/324] FRTS
[22:28:31] [266/324] RKIC
[22:28:32] [267/324] PTAI
[22:28:33] [268/324] GCIC
[22:28:34] [269/324] FNAS
[22:28:35] [270/324] SCAR
[22:28:36] [271/324] MTCA
[22:28:36] [272/324] SCTS
[22:28:37] [273/324] SYCS
[22:28:38] [274/324] RDMS
[22:28:39] [275/324] KAMP
[22:28:40] [276/324] ERSD
[22:28:40] [277/324] MJMJ
[22:28:41] [278/324] SRCJ
[22:28:42] [279/324] SCXE
[22:28:43] [280/324] SVFR
[22:28:44] [281/324] BHCS
[22:28:45] [282/324] IMCC
[22:28:46] [283/324] PCBO
[22:28:47] [284/324] PRVN
[22:28:47] [285/324] AUPM
[22:28:48] [286/324] INBW
[22:28:49] [287/324] SVCW
[22:28:50] [288/324] RKCF
[22:28:51] [289/324] UVBH
[22:28:51] [290/324] DNCY
[22:28:52] [291/324] ABCN
[22:28:53] [292/324] PRUR
[22:28:54] [293/324] PFMR
[22:28:55] [294/324] RKCN
[22:28:56] [295/324] CFEA
[22:28:57] [296/324] SDBG
[22:28:58] [297/324] SNAR
[22:29:00] [298/324] YISI
[22:29:00] [299/324] JCFF
[22:29:01] [300/324] VTRK
[22:29:02] [301/324] PCLZ
[22:29:03] [302/324] DIMY
[22:29:04] [303/324] BBTS
[22:29:04] [304/324] GATH
[22:29:06] [305/324] GTMN
[22:29:07] [306/324] VTMH
[22:29:07] [307/324] CCKP
[22:29:08] [308/324] GPKA
[22:29:09] [309/324] MHCL
[22:29:10] [310/324] ATCL
[22:29:10] [311/324] SBCK
[22:29:11] [312/324] AMMR
[22:29:12] [313/324] MADC
[22:29:13] [314/324] TMMA
[22:29:14] [315/324] CACC
[22:29:15] [316/324] CHAL
[22:29:16] [317/324] DURG
[22:29:16] [318/324] GMKU
[22:29:17] [319/324] GECA
[22:29:18] [320/324] KYRR
[22:29:19] [321/324] KSDE
[22:29:20] [322/324] LMCI
[22:29:21] [323/324] NKCP
[22:29:22] [324/324] BGTC
[22:29:24] 🧹 Deduping shows
[22:29:24] ✅ DONE | Shows=841 | Movies=51
[02:48:09] 🚀 SCRIPT STARTED
[02:48:09] [1/324] GCTA
[02:48:09] 🧠 New identity created
[02:48:10] [2/324] TOPN
[02:48:11] [3/324] MCUS
[02:48:12] [4/324] SHRL
[02:48:12] [5/324] UPTP
[02:48:14] [6/324] TMMP
[02:48:15] [7/324] DNRP
[02:48:16] [8/324] SRLT
[02:48:17] [9/324] RCNS
[02:48:18] [10/324] DCBH
[02:48:18] [11/324] NAGJ
[02:48:19] [12/324] JVRC
[02:48:20] [13/324] KRJG
[02:48:21] [14/324] SRTJ
[02:48:22] [15/324] CMXM
[02:48:23] [16/324] STMI
[02:48:24] [17/324] SLST
[02:48:24] [18/324] DTCN
[02:48:25] [19/324] STYN
[02:48:26] [20/324] SZVR
[02:48:27] [21/324] SRKO
[02:48:28] [22/324] JTGT
[02:48:29] [23/324] SVFD
[02:48:30] [24/324] SISD
[02:48:31] [25/324] ABDD
[02:48:32] [26/324] DRCA
[02:48:33] [27/324] AVCS
[02:48:34] [28/324] MVKH
[02:48:35] [29/324] ACPR
[02:48:36] [30/324] STIP
[02:48:38] [31/324] MTRA
[02:48:39] [32/324] RMKH
[02:48:40] [33/324] NKRL
[02:48:41] [34/324] PCWN
[02:48:42] [35/324] BLMT
[02:48:43] [36/324] GDPG
[02:48:44] [37/324] SRMX
[02:48:45] [38/324] JACP
[02:48:46] [39/324] CPSH
[02:48:46] [40/324] MCCD
[02:48:47] [41/324] ECGH
[02:48:48] [42/324] MKCK
[02:48:49] [43/324] SRMM
[02:48:49] [44/324] SKYR
[02:48:50] [45/324] PCKC
[02:48:51] [46/324] JCMA
[02:48:52] [47/324] BSMP
[02:48:53] [48/324] VSPA
[02:48:55] [49/324] DJYA
[02:48:55] [50/324] DIMP
[02:48:56] [51/324] FXDR
[02:48:57] [52/324] SSRC
[02:48:58] [53/324] STHP
[02:48:59] [54/324] CPPD
[02:49:00] [55/324] FCLK
[02:49:01] [56/324] SCPP
[02:49:01] [57/324] DCMJ
[02:49:02] [58/324] RCCR
[02:49:03] [59/324] INMT
[02:49:04] [60/324] LXTK
[02:49:06] [61/324] SRYK
[02:49:07] [62/324] SGDK
[02:49:08] [63/324] PPKA
[02:49:09] [64/324] SPKA
[02:49:09] [65/324] CGHH
[02:49:10] [66/324] DCJN
[02:49:11] [67/324] SRKV
[02:49:12] [68/324] SAJC
[02:49:13] [69/324] SUSR
[02:49:14] [70/324] STYG
[02:49:15] [71/324] NTKP
[02:49:16] [72/324] AKTG
[02:49:17] [73/324] CGCM
[02:49:18] [74/324] TULC
[02:49:19] [75/324] NYYZ
[02:49:19] [76/324] NYBW
[02:49:20] [77/324] MACB
[02:49:21] [78/324] SLVT
[02:49:22] [79/324] SANA
[02:49:23] [80/324] ACMR
[02:49:23] [81/324] CPKN
[02:49:24] [82/324] DLGK
[02:49:25] [83/324] CWCK
[02:49:26] [84/324] FDDH
[02:49:27] [85/324] MMMD
[02:49:28] [86/324] CMEH
[02:49:29] [87/324] GGGV
[02:49:30] [88/324] SPJL
[02:49:30] [89/324] RCCD
[02:49:31] [90/324] STTZ
[02:49:32] [91/324] BTCF
[02:49:33] [92/324] TSTZ
[02:49:34] [93/324] IPMM
[02:49:35] [94/324] PMPW
[02:49:35] [95/324] PCMZ
[02:49:36] [96/324] ESEM
[02:49:37] [97/324] PIPO
[02:49:38] [98/324] MATK
[02:49:40] [99/324] PGHM
[02:49:40] [100/324] CTSR
[02:49:41] [101/324] CYKR
[02:49:42] [102/324] MSCM
[02:49:43] [103/324] RFNP
[02:49:44] [104/324] PDCP
[02:49:45] [105/324] NPSE
[02:49:46] [106/324] MKML
[02:49:47] [107/324] FTDP
[02:49:48] [108/324] MMXA
[02:49:49] [109/324] CEPO
[02:49:50] [110/324] CMVP
[02:49:50] [111/324] SGTH
[02:49:51] [112/324] SAYN
[02:49:52] [113/324] URVS
[02:49:53] [114/324] VJTN
[02:49:54] [115/324] BBYK
[02:49:55] [116/324] SHBO
[02:49:55] [117/324] VCMR
[02:49:56] [118/324] MACT
[02:49:57] [119/324] JMNP
[02:49:58] [120/324] VICS
[02:49:59] [121/324] VCDA
[02:50:00] [122/324] GCMM
[02:50:01] [123/324] INVS
[02:50:01] [124/324] SCGM
[02:50:02] [125/324] PCDA
[02:50:03] [126/324] KDCT
[02:50:04] [127/324] JACS
[02:50:05] [128/324] GMMC
[02:50:06] [129/324] AICM
[02:50:07] [130/324] TJCM
[02:50:08] [131/324] RMTI
[02:50:09] [132/324] SHAC
[02:50:09] [133/324] APJC
[02:50:10] [134/324] GCTG
[02:50:11] [135/324] SSMC
[02:50:12] [136/324] THRM
[02:50:13] [137/324] RBCT
[02:50:14] [138/324] DIKT
[02:50:15] [139/324] MIDL
[02:50:16] [140/324] VCSN
[02:50:17] [141/324] SKTG
[02:50:18] [142/324] SMWC
[02:50:19] [143/324] MNKH
[02:50:19] [144/324] PIAT
[02:50:20] [145/324] LTTP
[02:50:21] [146/324] PTPU
[02:50:22] [147/324] ACMG
[02:50:23] [148/324] SHMM
[02:50:24] [149/324] MCMN
[02:50:24] [150/324] GLDC
[02:50:25] [151/324] HOUT
[02:50:26] [152/324] SVRP
[02:50:27] [153/324] PVDN
[02:50:28] [154/324] SCPY
[02:50:29] [155/324] DTPY
[02:50:30] [156/324] GKCS
[02:50:31] [157/324] NCAM
[02:50:32] [158/324] BSRM
[02:50:33] [159/324] RCLC
[02:50:34] [160/324] SKKD
[02:50:35] [161/324] ACHU
[02:50:36] [162/324] RSCF
[02:50:37] [163/324] IMSH
[02:50:38] [164/324] MACX
[02:50:39] [165/324] HMMW
[02:50:39] [166/324] JTCP
[02:50:40] [167/324] SREN
[02:50:41] [168/324] PJRR
[02:50:42] [169/324] INAC
[02:50:43] [170/324] BMCA
[02:50:44] [171/324] SHCB
[02:50:44] [172/324] GABA
[02:50:46] [173/324] SBCT
[02:50:47] [174/324] GCMA
[02:50:48] [175/324] MYTK
[02:50:49] [176/324] INZS
[02:50:50] [177/324] RMIK
[02:50:51] [178/324] NYCH
[02:50:52] [179/324] RAVE
[02:50:53] [180/324] PSXM
[02:50:54] [181/324] MCGP
[02:50:55] [182/324] PDDK
[02:50:56] [183/324] SPCK
[02:50:57] [184/324] MCRL
[02:50:58] [185/324] MHKT
[02:50:59] [186/324] ANRR
[02:51:00] [187/324] SAPK
[02:51:00] [188/324] NCUK
[02:51:01] [189/324] JUGA
[02:51:02] [190/324] DBSC
[02:51:03] [191/324] LALK
[02:51:03] [192/324] GUCK
[02:51:04] [193/324] STSG
[02:51:05] [194/324] PPPZ
[02:51:06] [195/324] CNCY
[02:51:07] [196/324] MTAR
[02:51:08] [197/324] VNKD
[02:51:09] [198/324] KMAJ
[02:51:09] [199/324] ACXK
[02:51:10] [200/324] UTKC
[02:51:12] [201/324] PBLK
[02:51:13] [202/324] ACBX
[02:51:14] [203/324] PTGM
[02:51:15] [204/324] BTDA
[02:51:15] [205/324] PJMB
[02:51:16] [206/324] TPDA
[02:51:17] [207/324] AMOE
[02:51:18] [208/324] PRHT
[02:51:19] [209/324] PRTA
[02:51:20] [210/324] STAM
[02:51:22] [211/324] MSAA
[02:51:22] [212/324] SDLU
[02:51:23] [213/324] RCHH
[02:51:24] [214/324] KANT
[02:51:25] [215/324] FCRT
[02:51:26] [216/324] DNKM
[02:51:27] [217/324] RYCP
[02:51:28] [218/324] MYRP
[02:51:28] [219/324] PPAK
[02:51:29] [220/324] NVPK
[02:51:30] [221/324] PRMC
[02:51:30] [222/324] JBCS
[02:51:31] [223/324] GXCK
[02:51:32] [224/324] USKO
[02:51:33] [225/324] GTEM
[02:51:35] [226/324] SMBU
[02:51:36] [227/324] VETC
[02:51:37] [228/324] LCDA
[02:51:37] [229/324] MTVT
[02:51:38] [230/324] PYCP
[02:51:39] [231/324] PNSC
[02:51:40] [232/324] PPCC
[02:51:41] [233/324] TGRT
[02:51:41] [234/324] JYOT
[02:51:42] [235/324] SRCZ
[02:51:43] [236/324] SJTE
[02:51:43] [237/324] DESC
[02:51:45] [238/324] JHVN
[02:51:46] [239/324] IPSG
[02:51:47] [240/324] IPCM
[02:51:47] [241/324] PDRS
[02:51:48] [242/324] ANCV
[02:51:49] [243/324] CMVV
[02:51:50] [244/324] SHYP
[02:51:51] [245/324] DNCS
[02:51:52] [246/324] GAJK
[02:51:52] [247/324] AKTN
[02:51:53] [248/324] KAYA
[02:51:54] [249/324] SBRC
[02:51:55] [250/324] CHTP
[02:51:56] [251/324] SHRT
[02:51:57] [252/324] BCKU
[02:51:58] [253/324] FCPS
[02:51:59] [254/324] ARDD
[02:51:59] [255/324] CPCM
[02:52:00] [256/324] CGSM
[02:52:01] [257/324] PSMP
[02:52:02] [258/324] SDAL
[02:52:03] [259/324] RTNB
[02:52:04] [260/324] LMCR
[02:52:05] [261/324] CIMA
[02:52:06] [262/324] RNAS
[02:52:07] [263/324] LITH
[02:52:08] [264/324] PBOX
[02:52:08] [265/324] FRTS
[02:52:09] [266/324] RKIC
[02:52:10] [267/324] PTAI
[02:52:11] [268/324] GCIC
[02:52:12] [269/324] FNAS
[02:52:12] [270/324] SCAR
[02:52:13] [271/324] MTCA
[02:52:14] [272/324] SCTS
[02:52:14] [273/324] SYCS
[02:52:15] [274/324] RDMS
[02:52:16] [275/324] KAMP
[02:52:17] [276/324] ERSD
[02:52:18] [277/324] MJMJ
[02:52:18] [278/324] SRCJ
[02:52:19] [279/324] SCXE
[02:52:20] [280/324] SVFR
[02:52:21] [281/324] BHCS
[02:52:22] [282/324] IMCC
[02:52:23] [283/324] PCBO
[02:52:24] [284/324] PRVN
[02:52:24] [285/324] AUPM
[02:52:25] [286/324] INBW
[02:52:26] [287/324] SVCW
[02:52:27] [288/324] RKCF
[02:52:28] [289/324] UVBH
[02:52:29] [290/324] DNCY
[02:52:30] [291/324] ABCN
[02:52:30] [292/324] PRUR
[02:52:31] [293/324] PFMR
[02:52:32] [294/324] RKCN
[02:52:34] [295/324] CFEA
[02:52:34] [296/324] SDBG
[02:52:35] [297/324] SNAR
[02:52:36] [298/324] YISI
[02:52:37] [299/324] JCFF
[02:52:38] [300/324] VTRK
[02:52:39] [301/324] PCLZ
[02:52:39] [302/324] DIMY
[02:52:40] [303/324] BBTS
[02:52:41] [304/324] GATH
[02:52:42] [305/324] GTMN
[02:52:42] [306/324] VTMH
[02:52:43] [307/324] CCKP
[02:52:44] [308/324] GPKA
[02:52:45] [309/324] MHCL
[02:52:46] [310/324] ATCL
[02:52:46] [311/324] SBCK
[02:52:47] [312/324] AMMR
[02:52:48] [313/324] MADC
[02:52:49] [314/324] TMMA
[02:52:50] [315/324] CACC
[02:52:51] [316/324] CHAL
[02:52:52] [317/324] DURG
[02:52:52] [318/324] GMKU
[02:52:53] [319/324] GECA
[02:52:54] [320/324] KYRR
[02:52:55] [321/324] KSDE
[02:52:56] [322/324] LMCI
[02:52:57] [323/324] NKCP
[02:52:59] [324/324] BGTC
[02:52:59] 🧹 Deduping shows
[02:52:59] ✅ DONE | Shows=859 | Movies=52
[08:56:04] 🚀 SCRIPT STARTED
[08:56:04] [1/324] GCTA
[08:56:04] 🧠 New identity created
[08:56:05] [2/324] TOPN
[08:56:06] [3/324] MCUS
[08:56:07] [4/324] SHRL
[08:56:08] [5/324] UPTP
[08:56:09] [6/324] TMMP
[08:56:10] [7/324] DNRP
[08:56:11] [8/324] SRLT
[08:56:11] [9/324] RCNS
[08:56:12] [10/324] DCBH
[08:56:13] [11/324] NAGJ
[08:56:14] [12/324] JVRC
[08:56:15] [13/324] KRJG
[08:56:16] [14/324] SRTJ
[08:56:16] [15/324] CMXM
[08:56:18] [16/324] STMI
[08:56:19] [17/324] SLST
[08:56:19] [18/324] DTCN
[08:56:20] [19/324] STYN
[08:56:21] [20/324] SZVR
[08:56:22] [21/324] SRKO
[08:56:23] [22/324] JTGT
[08:56:24] [23/324] SVFD
[08:56:25] [24/324] SISD
[08:56:26] [25/324] ABDD
[08:56:27] [26/324] DRCA
[08:56:27] [27/324] AVCS
[08:56:28] [28/324] MVKH
[08:56:29] [29/324] ACPR
[08:56:30] [30/324] STIP
[08:56:31] [31/324] MTRA
[08:56:31] [32/324] RMKH
[08:56:32] [33/324] NKRL
[08:56:33] [34/324] PCWN
[08:56:34] [35/324] BLMT
[08:56:35] [36/324] GDPG
[08:56:36] [37/324] SRMX
[08:56:37] [38/324] JACP
[08:56:39] [39/324] CPSH
[08:56:39] [40/324] MCCD
[08:56:40] [41/324] ECGH
[08:56:41] [42/324] MKCK
[08:56:42] [43/324] SRMM
[08:56:44] [44/324] SKYR
[08:56:45] [45/324] PCKC
[08:56:45] [46/324] JCMA
[08:56:46] [47/324] BSMP
[08:56:47] [48/324] VSPA
[08:56:48] [49/324] DJYA
[08:56:49] [50/324] DIMP
[08:56:49] [51/324] FXDR
[08:56:50] [52/324] SSRC
[08:56:52] [53/324] STHP
[08:56:53] [54/324] CPPD
[08:56:53] [55/324] FCLK
[08:56:54] [56/324] SCPP
[08:56:55] [57/324] DCMJ
[08:56:56] [58/324] RCCR
[08:56:56] [59/324] INMT
[08:56:57] [60/324] LXTK
[08:56:58] [61/324] SRYK
[08:56:59] [62/324] SGDK
[08:57:00] [63/324] PPKA
[08:57:01] [64/324] SPKA
[08:57:02] [65/324] CGHH
[08:57:02] [66/324] DCJN
[08:57:03] [67/324] SRKV
[08:57:04] [68/324] SAJC
[08:57:05] [69/324] SUSR
[08:57:06] [70/324] STYG
[08:57:07] [71/324] NTKP
[08:57:07] [72/324] AKTG
[08:57:08] [73/324] CGCM
[08:57:09] [74/324] TULC
[08:57:10] [75/324] NYYZ
[08:57:11] [76/324] NYBW
[08:57:13] [77/324] MACB
[08:57:14] [78/324] SLVT
[08:57:15] [79/324] SANA
[08:57:15] [80/324] ACMR
[08:57:16] [81/324] CPKN
[08:57:17] [82/324] DLGK
[08:57:19] [83/324] CWCK
[08:57:20] [84/324] FDDH
[08:57:20] [85/324] MMMD
[08:57:21] [86/324] CMEH
[08:57:22] [87/324] GGGV
[08:57:23] [88/324] SPJL
[08:57:24] [89/324] RCCD
[08:57:25] [90/324] STTZ
[08:57:25] [91/324] BTCF
[08:57:26] [92/324] TSTZ
[08:57:27] [93/324] IPMM
[08:57:28] [94/324] PMPW
[08:57:29] [95/324] PCMZ
[08:57:30] [96/324] ESEM
[08:57:31] [97/324] PIPO
[08:57:31] [98/324] MATK
[08:57:33] [99/324] PGHM
[08:57:34] [100/324] CTSR
[08:57:34] [101/324] CYKR
[08:57:35] [102/324] MSCM
[08:57:36] [103/324] RFNP
[08:57:37] [104/324] PDCP
[08:57:38] [105/324] NPSE
[08:57:38] [106/324] MKML
[08:57:39] [107/324] FTDP
[08:57:40] [108/324] MMXA
[08:57:41] [109/324] CEPO
[08:57:42] [110/324] CMVP
[08:57:43] [111/324] SGTH
[08:57:44] [112/324] SAYN
[08:57:45] [113/324] URVS
[08:57:45] [114/324] VJTN
[08:57:46] [115/324] BBYK
[08:57:47] [116/324] SHBO
[08:57:49] [117/324] VCMR
[08:57:49] [118/324] MACT
[08:57:50] [119/324] JMNP
[08:57:51] [120/324] VICS
[08:57:52] [121/324] VCDA
[08:57:53] [122/324] GCMM
[08:57:53] [123/324] INVS
[08:57:54] [124/324] SCGM
[08:57:55] [125/324] PCDA
[08:57:56] [126/324] KDCT
[08:57:57] [127/324] JACS
[08:57:58] [128/324] GMMC
[08:57:58] [129/324] AICM
[08:58:00] [130/324] TJCM
[08:58:01] [131/324] RMTI
[08:58:02] [132/324] SHAC
[08:58:03] [133/324] APJC
[08:58:04] [134/324] GCTG
[08:58:05] [135/324] SSMC
[08:58:06] [136/324] THRM
[08:58:06] [137/324] RBCT
[08:58:07] [138/324] DIKT
[08:58:08] [139/324] MIDL
[08:58:09] [140/324] VCSN
[08:58:10] [141/324] SKTG
[08:58:10] [142/324] SMWC
[08:58:11] [143/324] MNKH
[08:58:13] [144/324] PIAT
[08:58:14] [145/324] LTTP
[08:58:15] [146/324] PTPU
[08:58:15] [147/324] ACMG
[08:58:16] [148/324] SHMM
[08:58:17] [149/324] MCMN
[08:58:18] [150/324] GLDC
[08:58:19] [151/324] HOUT
[08:58:19] [152/324] SVRP
[08:58:20] [153/324] PVDN
[08:58:21] [154/324] SCPY
[08:58:22] [155/324] DTPY
[08:58:23] [156/324] GKCS
[08:58:24] [157/324] NCAM
[08:58:25] [158/324] BSRM
[08:58:26] [159/324] RCLC
[08:58:27] [160/324] SKKD
[08:58:28] [161/324] ACHU
[08:58:29] [162/324] RSCF
[08:58:29] [163/324] IMSH
[08:58:30] [164/324] MACX
[08:58:31] [165/324] HMMW
[08:58:32] [166/324] JTCP
[08:58:33] [167/324] SREN
[08:58:33] [168/324] PJRR
[08:58:34] [169/324] INAC
[08:58:35] [170/324] BMCA
[08:58:36] [171/324] SHCB
[08:58:37] [172/324] GABA
[08:58:38] [173/324] SBCT
[08:58:39] [174/324] GCMA
[08:58:39] [175/324] MYTK
[08:58:40] [176/324] INZS
[08:58:41] [177/324] RMIK
[08:58:42] [178/324] NYCH
[08:58:43] [179/324] RAVE
[08:58:44] [180/324] PSXM
[08:58:45] [181/324] MCGP
[08:58:46] [182/324] PDDK
[08:58:47] [183/324] SPCK
[08:58:48] [184/324] MCRL
[08:58:49] [185/324] MHKT
[08:58:50] [186/324] ANRR
[08:58:51] [187/324] SAPK
[08:58:52] [188/324] NCUK
[08:58:53] [189/324] JUGA
[08:58:54] [190/324] DBSC
[08:58:54] [191/324] LALK
[08:58:56] [192/324] GUCK
[08:58:57] [193/324] STSG
[08:58:58] [194/324] PPPZ
[08:58:58] [195/324] CNCY
[08:59:00] [196/324] MTAR
[08:59:01] [197/324] VNKD
[08:59:02] [198/324] KMAJ
[08:59:02] [199/324] ACXK
[08:59:04] [200/324] UTKC
[08:59:05] [201/324] PBLK
[08:59:06] [202/324] ACBX
[08:59:06] [203/324] PTGM
[08:59:08] [204/324] BTDA
[08:59:09] [205/324] PJMB
[08:59:09] [206/324] TPDA
[08:59:10] [207/324] AMOE
[08:59:11] [208/324] PRHT
[08:59:12] [209/324] PRTA
[08:59:13] [210/324] STAM
[08:59:15] [211/324] MSAA
[08:59:15] [212/324] SDLU
[08:59:16] [213/324] RCHH
[08:59:17] [214/324] KANT
[08:59:18] [215/324] FCRT
[08:59:19] [216/324] DNKM
[08:59:20] [217/324] RYCP
[08:59:21] [218/324] MYRP
[08:59:21] [219/324] PPAK
[08:59:22] [220/324] NVPK
[08:59:23] [221/324] PRMC
[08:59:24] [222/324] JBCS
[08:59:24] [223/324] GXCK
[08:59:25] [224/324] USKO
[08:59:26] [225/324] GTEM
[08:59:27] [226/324] SMBU
[08:59:28] [227/324] VETC
[08:59:28] [228/324] LCDA
[08:59:29] [229/324] MTVT
[08:59:30] [230/324] PYCP
[08:59:31] [231/324] PNSC
[08:59:32] [232/324] PPCC
[08:59:33] [233/324] TGRT
[08:59:34] [234/324] JYOT
[08:59:35] [235/324] SRCZ
[08:59:35] [236/324] SJTE
[08:59:36] [237/324] DESC
[08:59:38] [238/324] JHVN
[08:59:38] [239/324] IPSG
[08:59:39] [240/324] IPCM
[08:59:40] [241/324] PDRS
[08:59:41] [242/324] ANCV
[08:59:42] [243/324] CMVV
[08:59:43] [244/324] SHYP
[08:59:44] [245/324] DNCS
[08:59:45] [246/324] GAJK
[08:59:46] [247/324] AKTN
[08:59:47] [248/324] KAYA
[08:59:47] [249/324] SBRC
[08:59:48] [250/324] CHTP
[08:59:49] [251/324] SHRT
[08:59:50] [252/324] BCKU
[08:59:51] [253/324] FCPS
[08:59:52] [254/324] ARDD
[08:59:52] [255/324] CPCM
[08:59:53] [256/324] CGSM
[08:59:54] [257/324] PSMP
[08:59:55] [258/324] SDAL
[08:59:56] [259/324] RTNB
[08:59:57] [260/324] LMCR
[08:59:57] [261/324] CIMA
[08:59:58] [262/324] RNAS
[08:59:59] [263/324] LITH
[09:00:00] [264/324] PBOX
[09:00:00] [265/324] FRTS
[09:00:02] [266/324] RKIC
[09:00:03] [267/324] PTAI
[09:00:04] [268/324] GCIC
[09:00:04] [269/324] FNAS
[09:00:05] [270/324] SCAR
[09:00:06] [271/324] MTCA
[09:00:07] [272/324] SCTS
[09:00:08] [273/324] SYCS
[09:00:09] [274/324] RDMS
[09:00:10] [275/324] KAMP
[09:00:11] [276/324] ERSD
[09:00:11] [277/324] MJMJ
[09:00:12] [278/324] SRCJ
[09:00:13] [279/324] SCXE
[09:00:14] [280/324] SVFR
[09:00:15] [281/324] BHCS
[09:00:15] [282/324] IMCC
[09:00:16] [283/324] PCBO
[09:00:17] [284/324] PRVN
[09:00:18] [285/324] AUPM
[09:00:19] [286/324] INBW
[09:00:20] [287/324] SVCW
[09:00:20] [288/324] RKCF
[09:00:21] [289/324] UVBH
[09:00:22] [290/324] DNCY
[09:00:23] [291/324] ABCN
[09:00:24] [292/324] PRUR
[09:00:24] [293/324] PFMR
[09:00:25] [294/324] RKCN
[09:00:26] [295/324] CFEA
[09:00:27] [296/324] SDBG
[09:00:28] [297/324] SNAR
[09:00:29] [298/324] YISI
[09:00:30] [299/324] JCFF
[09:00:30] [300/324] VTRK
[09:00:31] [301/324] PCLZ
[09:00:32] [302/324] DIMY
[09:00:33] [303/324] BBTS
[09:00:34] [304/324] GATH
[09:00:35] [305/324] GTMN
[09:00:36] [306/324] VTMH
[09:00:37] [307/324] CCKP
[09:00:37] [308/324] GPKA
[09:00:38] [309/324] MHCL
[09:00:39] [310/324] ATCL
[09:00:40] [311/324] SBCK
[09:00:41] [312/324] AMMR
[09:00:43] [313/324] MADC
[09:00:44] [314/324] TMMA
[09:00:45] [315/324] CACC
[09:00:46] [316/324] CHAL
[09:00:47] [317/324] DURG
[09:00:48] [318/324] GMKU
[09:00:49] [319/324] GECA
[09:00:50] [320/324] KYRR
[09:00:51] [321/324] KSDE
[09:00:52] [322/324] LMCI
[09:00:52] [323/324] NKCP
[09:00:53] [324/324] BGTC
[09:00:54] 🧹 Deduping shows
[09:00:54] ✅ DONE | Shows=859 | Movies=52
[12:55:40] 🚀 SCRIPT STARTED
[12:55:40] [1/324] GCTA
[12:55:40] 🧠 New identity created
[12:55:41] [2/324] TOPN
[12:55:42] [3/324] MCUS
[12:55:44] [4/324] SHRL
[12:55:44] [5/324] UPTP
[12:55:46] [6/324] TMMP
[12:55:47] [7/324] DNRP
[12:55:48] [8/324] SRLT
[12:55:48] [9/324] RCNS
[12:55:49] [10/324] DCBH
[12:55:51] [11/324] NAGJ
[12:55:52] [12/324] JVRC
[12:55:53] [13/324] KRJG
[12:55:55] [14/324] SRTJ
[12:55:56] [15/324] CMXM
[12:55:57] [16/324] STMI
[12:55:59] [17/324] SLST
[12:56:00] [18/324] DTCN
[12:56:01] [19/324] STYN
[12:56:02] [20/324] SZVR
[12:56:04] [21/324] SRKO
[12:56:04] [22/324] JTGT
[12:56:05] [23/324] SVFD
[12:56:06] [24/324] SISD
[12:56:08] [25/324] ABDD
[12:56:09] [26/324] DRCA
[12:56:11] [27/324] AVCS
[12:56:12] [28/324] MVKH
[12:56:13] [29/324] ACPR
[12:56:15] [30/324] STIP
[12:56:16] [31/324] MTRA
[12:56:17] [32/324] RMKH
[12:56:18] [33/324] NKRL
[12:56:19] [34/324] PCWN
[12:56:20] [35/324] BLMT
[12:56:22] [36/324] GDPG
[12:56:23] [37/324] SRMX
[12:56:25] [38/324] JACP
[12:56:26] [39/324] CPSH
[12:56:28] [40/324] MCCD
[12:56:30] [41/324] ECGH
[12:56:31] [42/324] MKCK
[12:56:31] [43/324] SRMM
[12:56:33] [44/324] SKYR
[12:56:34] [45/324] PCKC
[12:56:35] [46/324] JCMA
[12:56:36] [47/324] BSMP
[12:56:37] [48/324] VSPA
[12:56:39] [49/324] DJYA
[12:56:40] [50/324] DIMP
[12:56:40] [51/324] FXDR
[12:56:42] [52/324] SSRC
[12:56:43] [53/324] STHP
[12:56:45] [54/324] CPPD
[12:56:45] [55/324] FCLK
[12:56:47] [56/324] SCPP
[12:56:48] [57/324] DCMJ
[12:56:50] [58/324] RCCR
[12:56:51] [59/324] INMT
[12:56:52] [60/324] LXTK
[12:56:53] [61/324] SRYK
[12:56:55] [62/324] SGDK
[12:56:56] [63/324] PPKA
[12:56:57] [64/324] SPKA
[12:56:58] [65/324] CGHH
[12:56:59] [66/324] DCJN
[12:57:00] [67/324] SRKV
[12:57:02] [68/324] SAJC
[12:57:04] [69/324] SUSR
[12:57:05] [70/324] STYG
[12:57:07] [71/324] NTKP
[12:57:08] [72/324] AKTG
[12:57:10] [73/324] CGCM
[12:57:11] [74/324] TULC
[12:57:12] [75/324] NYYZ
[12:57:14] [76/324] NYBW
[12:57:15] [77/324] MACB
[12:57:16] [78/324] SLVT
[12:57:17] [79/324] SANA
[12:57:18] [80/324] ACMR
[12:57:20] [81/324] CPKN
[12:57:22] [82/324] DLGK
[12:57:23] [83/324] CWCK
[12:57:24] [84/324] FDDH
[12:57:25] [85/324] MMMD
[12:57:26] [86/324] CMEH
[12:57:27] [87/324] GGGV
[12:57:28] [88/324] SPJL
[12:57:29] [89/324] RCCD
[12:57:30] [90/324] STTZ
[12:57:32] [91/324] BTCF
[12:57:33] [92/324] TSTZ
[12:57:34] [93/324] IPMM
[12:57:36] [94/324] PMPW
[12:57:37] [95/324] PCMZ
[12:57:39] [96/324] ESEM
[12:57:40] [97/324] PIPO
[12:57:42] [98/324] MATK
[12:57:44] [99/324] PGHM
[12:57:46] [100/324] CTSR
[12:57:47] [101/324] CYKR
[12:57:48] [102/324] MSCM
[12:57:50] [103/324] RFNP
[12:57:51] [104/324] PDCP
[12:57:53] [105/324] NPSE
[12:57:55] [106/324] MKML
[12:57:56] [107/324] FTDP
[12:57:57] [108/324] MMXA
[12:57:58] [109/324] CEPO
[12:57:59] [110/324] CMVP
[12:58:01] [111/324] SGTH
[12:58:02] [112/324] SAYN
[12:58:04] [113/324] URVS
[12:58:05] [114/324] VJTN
[12:58:06] [115/324] BBYK
[12:58:06] [116/324] SHBO
[12:58:07] [117/324] VCMR
[12:58:09] [118/324] MACT
[12:58:10] [119/324] JMNP
[12:58:11] [120/324] VICS
[12:58:12] [121/324] VCDA
[12:58:13] [122/324] GCMM
[12:58:14] [123/324] INVS
[12:58:16] [124/324] SCGM
[12:58:17] [125/324] PCDA
[12:58:18] [126/324] KDCT
[12:58:19] [127/324] JACS
[12:58:20] [128/324] GMMC
[12:58:22] [129/324] AICM
[12:58:23] [130/324] TJCM
[12:58:24] [131/324] RMTI
[12:58:25] [132/324] SHAC
[12:58:27] [133/324] APJC
[12:58:28] [134/324] GCTG
[12:58:28] [135/324] SSMC
[12:58:30] [136/324] THRM
[12:58:32] [137/324] RBCT
[12:58:32] [138/324] DIKT
[12:58:34] [139/324] MIDL
[12:58:35] [140/324] VCSN
[12:58:36] [141/324] SKTG
[12:58:37] [142/324] SMWC
[12:58:38] [143/324] MNKH
[12:58:40] [144/324] PIAT
[12:58:41] [145/324] LTTP
[12:58:42] [146/324] PTPU
[12:58:44] [147/324] ACMG
[12:58:45] [148/324] SHMM
[12:58:45] [149/324] MCMN
[12:58:46] [150/324] GLDC
[12:58:48] [151/324] HOUT
[12:58:49] [152/324] SVRP
[12:58:51] [153/324] PVDN
[12:58:52] [154/324] SCPY
[12:58:54] [155/324] DTPY
[12:58:54] [156/324] GKCS
[12:58:55] [157/324] NCAM
[12:58:56] [158/324] BSRM
[12:58:57] [159/324] RCLC
[12:58:58] [160/324] SKKD
[12:59:00] [161/324] ACHU
[12:59:01] [162/324] RSCF
[12:59:02] [163/324] IMSH
[12:59:03] [164/324] MACX
[12:59:04] [165/324] HMMW
[12:59:06] [166/324] JTCP
[12:59:08] [167/324] SREN
[12:59:09] [168/324] PJRR
[12:59:10] [169/324] INAC
[12:59:11] [170/324] BMCA
[12:59:12] [171/324] SHCB
[12:59:13] [172/324] GABA
[12:59:15] [173/324] SBCT
[12:59:16] [174/324] GCMA
[12:59:17] [175/324] MYTK
[12:59:18] [176/324] INZS
[12:59:20] [177/324] RMIK
[12:59:22] [178/324] NYCH
[12:59:23] [179/324] RAVE
[12:59:24] [180/324] PSXM
[12:59:25] [181/324] MCGP
[12:59:27] [182/324] PDDK
[12:59:29] [183/324] SPCK
[12:59:31] [184/324] MCRL
[12:59:31] [185/324] MHKT
[12:59:32] [186/324] ANRR
[12:59:34] [187/324] SAPK
[12:59:35] [188/324] NCUK
[12:59:36] [189/324] JUGA
[12:59:38] [190/324] DBSC
[12:59:39] [191/324] LALK
[12:59:41] [192/324] GUCK
[12:59:42] [193/324] STSG
[12:59:43] [194/324] PPPZ
[12:59:44] [195/324] CNCY
[12:59:46] [196/324] MTAR
[12:59:47] [197/324] VNKD
[12:59:49] [198/324] KMAJ
[12:59:49] [199/324] ACXK
[12:59:50] [200/324] UTKC
[12:59:52] [201/324] PBLK
[12:59:52] [202/324] ACBX
[12:59:54] [203/324] PTGM
[12:59:56] [204/324] BTDA
[12:59:57] [205/324] PJMB
[12:59:59] [206/324] TPDA
[13:00:00] [207/324] AMOE
[13:00:00] [208/324] PRHT
[13:00:02] [209/324] PRTA
[13:00:04] [210/324] STAM
[13:00:05] [211/324] MSAA
[13:00:06] [212/324] SDLU
[13:00:07] [213/324] RCHH
[13:00:09] [214/324] KANT
[13:00:09] [215/324] FCRT
[13:00:11] [216/324] DNKM
[13:00:13] [217/324] RYCP
[13:00:14] [218/324] MYRP
[13:00:15] [219/324] PPAK
[13:00:17] [220/324] NVPK
[13:00:18] [221/324] PRMC
[13:00:20] [222/324] JBCS
[13:00:22] [223/324] GXCK
[13:00:24] [224/324] USKO
[13:00:24] [225/324] GTEM
[13:00:26] [226/324] SMBU
[13:00:27] [227/324] VETC
[13:00:29] [228/324] LCDA
[13:00:30] [229/324] MTVT
[13:00:32] [230/324] PYCP
[13:00:33] [231/324] PNSC
[13:00:34] [232/324] PPCC
[13:00:36] [233/324] TGRT
[13:00:37] [234/324] JYOT
[13:00:38] [235/324] SRCZ
[13:00:40] [236/324] SJTE
[13:00:41] [237/324] DESC
[13:00:43] [238/324] JHVN
[13:00:44] [239/324] IPSG
[13:00:46] [240/324] IPCM
[13:00:47] [241/324] PDRS
[13:00:48] [242/324] ANCV
[13:00:50] [243/324] CMVV
[13:00:51] [244/324] SHYP
[13:00:53] [245/324] DNCS
[13:00:55] [246/324] GAJK
[13:00:56] [247/324] AKTN
[13:00:57] [248/324] KAYA
[13:00:59] [249/324] SBRC
[13:01:00] [250/324] CHTP
[13:01:01] [251/324] SHRT
[13:01:03] [252/324] BCKU
[13:01:04] [253/324] FCPS
[13:01:06] [254/324] ARDD
[13:01:07] [255/324] CPCM
[13:01:09] [256/324] CGSM
[13:01:10] [257/324] PSMP
[13:01:11] [258/324] SDAL
[13:01:12] [259/324] RTNB
[13:01:13] [260/324] LMCR
[13:01:14] [261/324] CIMA
[13:01:15] [262/324] RNAS
[13:01:16] [263/324] LITH
[13:01:17] [264/324] PBOX
[13:01:19] [265/324] FRTS
[13:01:20] [266/324] RKIC
[13:01:20] [267/324] PTAI
[13:01:21] [268/324] GCIC
[13:01:22] [269/324] FNAS
[13:01:23] [270/324] SCAR
[13:01:24] [271/324] MTCA
[13:01:26] [272/324] SCTS
[13:01:27] [273/324] SYCS
[13:01:29] [274/324] RDMS
[13:01:31] [275/324] KAMP
[13:01:31] [276/324] ERSD
[13:01:33] [277/324] MJMJ
[13:01:34] [278/324] SRCJ
[13:01:36] [279/324] SCXE
[13:01:37] [280/324] SVFR
[13:01:39] [281/324] BHCS
[13:01:41] [282/324] IMCC
[13:01:42] [283/324] PCBO
[13:01:43] [284/324] PRVN
[13:01:45] [285/324] AUPM
[13:01:46] [286/324] INBW
[13:01:48] [287/324] SVCW
[13:01:49] [288/324] RKCF
[13:01:51] [289/324] UVBH
[13:01:53] [290/324] DNCY
[13:01:54] [291/324] ABCN
[13:01:56] [292/324] PRUR
[13:01:58] [293/324] PFMR
[13:01:59] [294/324] RKCN
[13:01:59] [295/324] CFEA
[13:02:00] [296/324] SDBG
[13:02:02] [297/324] SNAR
[13:02:03] [298/324] YISI
[13:02:04] [299/324] JCFF
[13:02:06] [300/324] VTRK
[13:02:07] [301/324] PCLZ
[13:02:08] [302/324] DIMY
[13:02:10] [303/324] BBTS
[13:02:12] [304/324] GATH
[13:02:13] [305/324] GTMN
[13:02:15] [306/324] VTMH
[13:02:16] [307/324] CCKP
[13:02:17] [308/324] GPKA
[13:02:18] [309/324] MHCL
[13:02:20] [310/324] ATCL
[13:02:21] [311/324] SBCK
[13:02:23] [312/324] AMMR
[13:02:24] [313/324] MADC
[13:02:26] [314/324] TMMA
[13:02:27] [315/324] CACC
[13:02:29] [316/324] CHAL
[13:02:31] [317/324] DURG
[13:02:32] [318/324] GMKU
[13:02:33] [319/324] GECA
[13:02:35] [320/324] KYRR
[13:02:37] [321/324] KSDE
[13:02:38] [322/324] LMCI
[13:02:39] [323/324] NKCP
[13:02:41] [324/324] BGTC
[13:02:43] 🧹 Deduping shows
[13:02:43] ✅ DONE | Shows=894 | Movies=55
[13:59:03] 🚀 SCRIPT STARTED
[13:59:03] [1/324] GCTA
[13:59:03] 🧠 New identity created
[13:59:04] [2/324] TOPN
[13:59:06] [3/324] MCUS
[13:59:07] [4/324] SHRL
[13:59:08] [5/324] UPTP
[13:59:09] [6/324] TMMP
[13:59:10] [7/324] DNRP
[13:59:11] [8/324] SRLT
[13:59:11] [9/324] RCNS
[13:59:13] [10/324] DCBH
[13:59:14] [11/324] NAGJ
[13:59:15] [12/324] JVRC
[13:59:16] [13/324] KRJG
[13:59:17] [14/324] SRTJ
[13:59:17] [15/324] CMXM
[13:59:18] [16/324] STMI
[13:59:19] [17/324] SLST
[13:59:20] [18/324] DTCN
[13:59:22] [19/324] STYN
[13:59:23] [20/324] SZVR
[13:59:24] [21/324] SRKO
[13:59:25] [22/324] JTGT
[13:59:25] [23/324] SVFD
[13:59:26] [24/324] SISD
[13:59:27] [25/324] ABDD
[13:59:28] [26/324] DRCA
[13:59:29] [27/324] AVCS
[13:59:30] [28/324] MVKH
[13:59:31] [29/324] ACPR
[13:59:32] [30/324] STIP
[13:59:33] [31/324] MTRA
[13:59:33] [32/324] RMKH
[13:59:34] [33/324] NKRL
[13:59:35] [34/324] PCWN
[13:59:36] [35/324] BLMT
[13:59:38] [36/324] GDPG
[13:59:39] [37/324] SRMX
[13:59:40] [38/324] JACP
[13:59:41] [39/324] CPSH
[13:59:42] [40/324] MCCD
[13:59:43] [41/324] ECGH
[13:59:43] [42/324] MKCK
[13:59:44] [43/324] SRMM
[13:59:45] [44/324] SKYR
[13:59:46] [45/324] PCKC
[13:59:47] [46/324] JCMA
[13:59:47] [47/324] BSMP
[13:59:48] [48/324] VSPA
[13:59:49] [49/324] DJYA
[13:59:50] [50/324] DIMP
[13:59:52] [51/324] FXDR
[13:59:53] [52/324] SSRC
[13:59:54] [53/324] STHP
[13:59:55] [54/324] CPPD
[13:59:55] [55/324] FCLK
[13:59:56] [56/324] SCPP
[13:59:57] [57/324] DCMJ
[13:59:58] [58/324] RCCR
[13:59:59] [59/324] INMT
[14:00:00] [60/324] LXTK
[14:00:01] [61/324] SRYK
[14:00:01] [62/324] SGDK
[14:00:02] [63/324] PPKA
[14:00:03] [64/324] SPKA
[14:00:04] [65/324] CGHH
[14:00:05] [66/324] DCJN
[14:00:06] [67/324] SRKV
[14:00:07] [68/324] SAJC
[14:00:08] [69/324] SUSR
[14:00:09] [70/324] STYG
[14:00:10] [71/324] NTKP
[14:00:11] [72/324] AKTG
[14:00:12] [73/324] CGCM
[14:00:13] [74/324] TULC
[14:00:14] [75/324] NYYZ
[14:00:14] [76/324] NYBW
[14:00:15] [77/324] MACB
[14:00:16] [78/324] SLVT
[14:00:17] [79/324] SANA
[14:00:18] [80/324] ACMR
[14:00:19] [81/324] CPKN
[14:00:19] [82/324] DLGK
[14:00:20] [83/324] CWCK
[14:00:21] [84/324] FDDH
[14:00:22] [85/324] MMMD
[14:00:23] [86/324] CMEH
[14:00:24] [87/324] GGGV
[14:00:25] [88/324] SPJL
[14:00:26] [89/324] RCCD
[14:00:27] [90/324] STTZ
[14:00:28] [91/324] BTCF
[14:00:28] [92/324] TSTZ
[14:00:29] [93/324] IPMM
[14:00:30] [94/324] PMPW
[14:00:31] [95/324] PCMZ
[14:00:32] [96/324] ESEM
[14:00:33] [97/324] PIPO
[14:00:34] [98/324] MATK
[14:00:35] [99/324] PGHM
[14:00:35] [100/324] CTSR
[14:00:36] [101/324] CYKR
[14:00:37] [102/324] MSCM
[14:00:38] [103/324] RFNP
[14:00:39] [104/324] PDCP
[14:00:40] [105/324] NPSE
[14:00:41] [106/324] MKML
[14:00:41] [107/324] FTDP
[14:00:42] [108/324] MMXA
[14:00:43] [109/324] CEPO
[14:00:44] [110/324] CMVP
[14:00:45] [111/324] SGTH
[14:00:45] [112/324] SAYN
[14:00:46] [113/324] URVS
[14:00:47] [114/324] VJTN
[14:00:48] [115/324] BBYK
[14:00:48] [116/324] SHBO
[14:00:49] [117/324] VCMR
[14:00:50] [118/324] MACT
[14:00:51] [119/324] JMNP
[14:00:53] [120/324] VICS
[14:00:53] [121/324] VCDA
[14:00:54] [122/324] GCMM
[14:00:55] [123/324] INVS
[14:00:56] [124/324] SCGM
[14:00:57] [125/324] PCDA
[14:00:57] [126/324] KDCT
[14:00:58] [127/324] JACS
[14:00:59] [128/324] GMMC
[14:01:00] [129/324] AICM
[14:01:01] [130/324] TJCM
[14:01:02] [131/324] RMTI
[14:01:03] [132/324] SHAC
[14:01:04] [133/324] APJC
[14:01:05] [134/324] GCTG
[14:01:06] [135/324] SSMC
[14:01:07] [136/324] THRM
[14:01:08] [137/324] RBCT
[14:01:08] [138/324] DIKT
[14:01:09] [139/324] MIDL
[14:01:10] [140/324] VCSN
[14:01:11] [141/324] SKTG
[14:01:12] [142/324] SMWC
[14:01:13] [143/324] MNKH
[14:01:14] [144/324] PIAT
[14:01:15] [145/324] LTTP
[14:01:15] [146/324] PTPU
[14:01:16] [147/324] ACMG
[14:01:17] [148/324] SHMM
[14:01:18] [149/324] MCMN
[14:01:18] [150/324] GLDC
[14:01:19] [151/324] HOUT
[14:01:21] [152/324] SVRP
[14:01:21] [153/324] PVDN
[14:01:22] [154/324] SCPY
[14:01:23] [155/324] DTPY
[14:01:24] [156/324] GKCS
[14:01:25] [157/324] NCAM
[14:01:26] [158/324] BSRM
[14:01:26] [159/324] RCLC
[14:01:27] [160/324] SKKD
[14:01:28] [161/324] ACHU
[14:01:29] [162/324] RSCF
[14:01:30] [163/324] IMSH
[14:01:31] [164/324] MACX
[14:01:32] [165/324] HMMW
[14:01:33] [166/324] JTCP
[14:01:34] [167/324] SREN
[14:01:34] [168/324] PJRR
[14:01:35] [169/324] INAC
[14:01:36] [170/324] BMCA
[14:01:38] [171/324] SHCB
[14:01:38] [172/324] GABA
[14:01:39] [173/324] SBCT
[14:01:40] [174/324] GCMA
[14:01:41] [175/324] MYTK
[14:01:42] [176/324] INZS
[14:01:43] [177/324] RMIK
[14:01:44] [178/324] NYCH
[14:01:44] [179/324] RAVE
[14:01:45] [180/324] PSXM
[14:01:46] [181/324] MCGP
[14:01:47] [182/324] PDDK
[14:01:48] [183/324] SPCK
[14:01:48] [184/324] MCRL
[14:01:49] [185/324] MHKT
[14:01:50] [186/324] ANRR
[14:01:51] [187/324] SAPK
[14:01:52] [188/324] NCUK
[14:01:53] [189/324] JUGA
[14:01:54] [190/324] DBSC
[14:01:55] [191/324] LALK
[14:01:56] [192/324] GUCK
[14:01:57] [193/324] STSG
[14:01:58] [194/324] PPPZ
[14:01:59] [195/324] CNCY
[14:02:00] [196/324] MTAR
[14:02:01] [197/324] VNKD
[14:02:02] [198/324] KMAJ
[14:02:03] [199/324] ACXK
[14:02:04] [200/324] UTKC
[14:02:05] [201/324] PBLK
[14:02:06] [202/324] ACBX
[14:02:07] [203/324] PTGM
[14:02:07] [204/324] BTDA
[14:02:08] [205/324] PJMB
[14:02:09] [206/324] TPDA
[14:02:10] [207/324] AMOE
[14:02:12] [208/324] PRHT
[14:02:13] [209/324] PRTA
[14:02:13] [210/324] STAM
[14:02:14] [211/324] MSAA
[14:02:15] [212/324] SDLU
[14:02:16] [213/324] RCHH
[14:02:17] [214/324] KANT
[14:02:17] [215/324] FCRT
[14:02:19] [216/324] DNKM
[14:02:19] [217/324] RYCP
[14:02:20] [218/324] MYRP
[14:02:21] [219/324] PPAK
[14:02:22] [220/324] NVPK
[14:02:23] [221/324] PRMC
[14:02:25] [222/324] JBCS
[14:02:25] [223/324] GXCK
[14:02:26] [224/324] USKO
[14:02:27] [225/324] GTEM
[14:02:28] [226/324] SMBU
[14:02:30] [227/324] VETC
[14:02:31] [228/324] LCDA
[14:02:31] [229/324] MTVT
[14:02:32] [230/324] PYCP
[14:02:33] [231/324] PNSC
[14:02:35] [232/324] PPCC
[14:02:36] [233/324] TGRT
[14:02:36] [234/324] JYOT
[14:02:37] [235/324] SRCZ
[14:02:38] [236/324] SJTE
[14:02:39] [237/324] DESC
[14:02:40] [238/324] JHVN
[14:02:41] [239/324] IPSG
[14:02:41] [240/324] IPCM
[14:02:43] [241/324] PDRS
[14:02:45] [242/324] ANCV
[14:02:46] [243/324] CMVV
[14:02:47] [244/324] SHYP
[14:02:47] [245/324] DNCS
[14:02:48] [246/324] GAJK
[14:02:49] [247/324] AKTN
[14:02:50] [248/324] KAYA
[14:02:51] [249/324] SBRC
[14:02:52] [250/324] CHTP
[14:02:54] [251/324] SHRT
[14:02:54] [252/324] BCKU
[14:02:55] [253/324] FCPS
[14:02:56] [254/324] ARDD
[14:02:57] [255/324] CPCM
[14:02:57] [256/324] CGSM
[14:02:58] [257/324] PSMP
[14:02:59] [258/324] SDAL
[14:03:00] [259/324] RTNB
[14:03:01] [260/324] LMCR
[14:03:01] [261/324] CIMA
[14:03:02] [262/324] RNAS
[14:03:03] [263/324] LITH
[14:03:04] [264/324] PBOX
[14:03:05] [265/324] FRTS
[14:03:06] [266/324] RKIC
[14:03:06] [267/324] PTAI
[14:03:08] [268/324] GCIC
[14:03:09] [269/324] FNAS
[14:03:10] [270/324] SCAR
[14:03:11] [271/324] MTCA
[14:03:12] [272/324] SCTS
[14:03:12] [273/324] SYCS
[14:03:13] [274/324] RDMS
[14:03:14] [275/324] KAMP
[14:03:15] [276/324] ERSD
[14:03:15] [277/324] MJMJ
[14:03:16] [278/324] SRCJ
[14:03:17] [279/324] SCXE
[14:03:18] [280/324] SVFR
[14:03:20] [281/324] BHCS
[14:03:20] [282/324] IMCC
[14:03:21] [283/324] PCBO
[14:03:22] [284/324] PRVN
[14:03:23] [285/324] AUPM
[14:03:24] [286/324] INBW
[14:03:25] [287/324] SVCW
[14:03:26] [288/324] RKCF
[14:03:27] [289/324] UVBH
[14:03:28] [290/324] DNCY
[14:03:29] [291/324] ABCN
[14:03:30] [292/324] PRUR
[14:03:31] [293/324] PFMR
[14:03:32] [294/324] RKCN
[14:03:32] [295/324] CFEA
[14:03:33] [296/324] SDBG
[14:03:34] [297/324] SNAR
[14:03:35] [298/324] YISI
[14:03:36] [299/324] JCFF
[14:03:37] [300/324] VTRK
[14:03:37] [301/324] PCLZ
[14:03:38] [302/324] DIMY
[14:03:39] [303/324] BBTS
[14:03:40] [304/324] GATH
[14:03:41] [305/324] GTMN
[14:03:42] [306/324] VTMH
[14:03:43] [307/324] CCKP
[14:03:44] [308/324] GPKA
[14:03:45] [309/324] MHCL
[14:03:45] [310/324] ATCL
[14:03:46] [311/324] SBCK
[14:03:47] [312/324] AMMR
[14:03:49] [313/324] MADC
[14:03:49] [314/324] TMMA
[14:03:50] [315/324] CACC
[14:03:51] [316/324] CHAL
[14:03:52] [317/324] DURG
[14:03:53] [318/324] GMKU
[14:03:53] [319/324] GECA
[14:03:54] [320/324] KYRR
[14:03:55] [321/324] KSDE
[14:03:56] [322/324] LMCI
[14:03:57] [323/324] NKCP
[14:03:58] [324/324] BGTC
[14:03:59] 🧹 Deduping shows
[14:03:59] ✅ DONE | Shows=926 | Movies=57
[14:55:03] 🚀 SCRIPT STARTED
[14:55:03] [1/324] GCTA
[14:55:03] 🧠 New identity created
[14:55:04] [2/324] TOPN
[14:55:05] [3/324] MCUS
[14:55:05] [4/324] SHRL
[14:55:07] [5/324] UPTP
[14:55:08] [6/324] TMMP
[14:55:09] [7/324] DNRP
[14:55:10] [8/324] SRLT
[14:55:11] [9/324] RCNS
[14:55:11] [10/324] DCBH
[14:55:12] [11/324] NAGJ
[14:55:13] [12/324] JVRC
[14:55:14] [13/324] KRJG
[14:55:14] [14/324] SRTJ
[14:55:15] [15/324] CMXM
[14:55:16] [16/324] STMI
[14:55:17] [17/324] SLST
[14:55:18] [18/324] DTCN
[14:55:18] [19/324] STYN
[14:55:19] [20/324] SZVR
[14:55:20] [21/324] SRKO
[14:55:21] [22/324] JTGT
[14:55:22] [23/324] SVFD
[14:55:22] [24/324] SISD
[14:55:23] [25/324] ABDD
[14:55:25] [26/324] DRCA
[14:55:26] [27/324] AVCS
[14:55:27] [28/324] MVKH
[14:55:27] [29/324] ACPR
[14:55:28] [30/324] STIP
[14:55:29] [31/324] MTRA
[14:55:29] [32/324] RMKH
[14:55:30] [33/324] NKRL
[14:55:31] [34/324] PCWN
[14:55:32] [35/324] BLMT
[14:55:33] [36/324] GDPG
[14:55:33] [37/324] SRMX
[14:55:34] [38/324] JACP
[14:55:35] [39/324] CPSH
[14:55:36] [40/324] MCCD
[14:55:38] [41/324] ECGH
[14:55:39] [42/324] MKCK
[14:55:39] [43/324] SRMM
[14:55:40] [44/324] SKYR
[14:55:41] [45/324] PCKC
[14:55:42] [46/324] JCMA
[14:55:43] [47/324] BSMP
[14:55:43] [48/324] VSPA
[14:55:44] [49/324] DJYA
[14:55:45] [50/324] DIMP
[14:55:46] [51/324] FXDR
[14:55:47] [52/324] SSRC
[14:55:48] [53/324] STHP
[14:55:48] [54/324] CPPD
[14:55:49] [55/324] FCLK
[14:55:50] [56/324] SCPP
[14:55:51] [57/324] DCMJ
[14:55:51] [58/324] RCCR
[14:55:52] [59/324] INMT
[14:55:53] [60/324] LXTK
[14:55:54] [61/324] SRYK
[14:55:55] [62/324] SGDK
[14:55:55] [63/324] PPKA
[14:55:56] [64/324] SPKA
[14:55:57] [65/324] CGHH
[14:55:58] [66/324] DCJN
[14:55:59] [67/324] SRKV
[14:56:00] [68/324] SAJC
[14:56:01] [69/324] SUSR
[14:56:02] [70/324] STYG
[14:56:03] [71/324] NTKP
[14:56:05] [72/324] AKTG
[14:56:06] [73/324] CGCM
[14:56:06] [74/324] TULC
[14:56:07] [75/324] NYYZ
[14:56:08] [76/324] NYBW
[14:56:09] [77/324] MACB
[14:56:09] [78/324] SLVT
[14:56:10] [79/324] SANA
[14:56:11] [80/324] ACMR
[14:56:12] [81/324] CPKN
[14:56:13] [82/324] DLGK
[14:56:14] [83/324] CWCK
[14:56:15] [84/324] FDDH
[14:56:15] [85/324] MMMD
[14:56:16] [86/324] CMEH
[14:56:17] [87/324] GGGV
[14:56:18] [88/324] SPJL
[14:56:19] [89/324] RCCD
[14:56:19] [90/324] STTZ
[14:56:20] [91/324] BTCF
[14:56:21] [92/324] TSTZ
[14:56:22] [93/324] IPMM
[14:56:23] [94/324] PMPW
[14:56:23] [95/324] PCMZ
[14:56:24] [96/324] ESEM
[14:56:25] [97/324] PIPO
[14:56:26] [98/324] MATK
[14:56:27] [99/324] PGHM
[14:56:28] [100/324] CTSR
[14:56:30] [101/324] CYKR
[14:56:30] [102/324] MSCM
[14:56:31] [103/324] RFNP
[14:56:32] [104/324] PDCP
[14:56:33] [105/324] NPSE
[14:56:34] [106/324] MKML
[14:56:35] [107/324] FTDP
[14:56:35] [108/324] MMXA
[14:56:36] [109/324] CEPO
[14:56:37] [110/324] CMVP
[14:56:38] [111/324] SGTH
[14:56:39] [112/324] SAYN
[14:56:40] [113/324] URVS
[14:56:41] [114/324] VJTN
[14:56:42] [115/324] BBYK
[14:56:43] [116/324] SHBO
[14:56:44] [117/324] VCMR
[14:56:45] [118/324] MACT
[14:56:46] [119/324] JMNP
[14:56:46] [120/324] VICS
[14:56:47] [121/324] VCDA
[14:56:49] [122/324] GCMM
[14:56:50] [123/324] INVS
[14:56:50] [124/324] SCGM
[14:56:52] [125/324] PCDA
[14:56:53] [126/324] KDCT
[14:56:54] [127/324] JACS
[14:56:55] [128/324] GMMC
[14:56:56] [129/324] AICM
[14:56:57] [130/324] TJCM
[14:56:58] [131/324] RMTI
[14:56:59] [132/324] SHAC
[14:57:00] [133/324] APJC
[14:57:01] [134/324] GCTG
[14:57:01] [135/324] SSMC
[14:57:02] [136/324] THRM
[14:57:03] [137/324] RBCT
[14:57:04] [138/324] DIKT
[14:57:05] [139/324] MIDL
[14:57:06] [140/324] VCSN
[14:57:06] [141/324] SKTG
[14:57:07] [142/324] SMWC
[14:57:08] [143/324] MNKH
[14:57:09] [144/324] PIAT
[14:57:09] [145/324] LTTP
[14:57:10] [146/324] PTPU
[14:57:11] [147/324] ACMG
[14:57:12] [148/324] SHMM
[14:57:12] [149/324] MCMN
[14:57:13] [150/324] GLDC
[14:57:14] [151/324] HOUT
[14:57:15] [152/324] SVRP
[14:57:16] [153/324] PVDN
[14:57:16] [154/324] SCPY
[14:57:17] [155/324] DTPY
[14:57:18] [156/324] GKCS
[14:57:19] [157/324] NCAM
[14:57:20] [158/324] BSRM
[14:57:20] [159/324] RCLC
[14:57:21] [160/324] SKKD
[14:57:22] [161/324] ACHU
[14:57:23] [162/324] RSCF
[14:57:24] [163/324] IMSH
[14:57:25] [164/324] MACX
[14:57:26] [165/324] HMMW
[14:57:27] [166/324] JTCP
[14:57:28] [167/324] SREN
[14:57:29] [168/324] PJRR
[14:57:30] [169/324] INAC
[14:57:31] [170/324] BMCA
[14:57:32] [171/324] SHCB
[14:57:33] [172/324] GABA
[14:57:34] [173/324] SBCT
[14:57:35] [174/324] GCMA
[14:57:36] [175/324] MYTK
[14:57:37] [176/324] INZS
[14:57:38] [177/324] RMIK
[14:57:39] [178/324] NYCH
[14:57:40] [179/324] RAVE
[14:57:41] [180/324] PSXM
[14:57:41] [181/324] MCGP
[14:57:42] [182/324] PDDK
[14:57:43] [183/324] SPCK
[14:57:44] [184/324] MCRL
[14:57:45] [185/324] MHKT
[14:57:46] [186/324] ANRR
[14:57:46] [187/324] SAPK
[14:57:47] [188/324] NCUK
[14:57:48] [189/324] JUGA
[14:57:49] [190/324] DBSC
[14:57:49] [191/324] LALK
[14:57:50] [192/324] GUCK
[14:57:51] [193/324] STSG
[14:57:52] [194/324] PPPZ
[14:57:53] [195/324] CNCY
[14:57:53] [196/324] MTAR
[14:57:55] [197/324] VNKD
[14:57:56] [198/324] KMAJ
[14:57:56] [199/324] ACXK
[14:57:57] [200/324] UTKC
[14:57:58] [201/324] PBLK
[14:58:00] [202/324] ACBX
[14:58:01] [203/324] PTGM
[14:58:02] [204/324] BTDA
[14:58:03] [205/324] PJMB
[14:58:03] [206/324] TPDA
[14:58:04] [207/324] AMOE
[14:58:05] [208/324] PRHT
[14:58:06] [209/324] PRTA
[14:58:07] [210/324] STAM
[14:58:07] [211/324] MSAA
[14:58:08] [212/324] SDLU
[14:58:09] [213/324] RCHH
[14:58:10] [214/324] KANT
[14:58:10] [215/324] FCRT
[14:58:11] [216/324] DNKM
[14:58:12] [217/324] RYCP
[14:58:13] [218/324] MYRP
[14:58:14] [219/324] PPAK
[14:58:15] [220/324] NVPK
[14:58:16] [221/324] PRMC
[14:58:18] [222/324] JBCS
[14:58:18] [223/324] GXCK
[14:58:19] [224/324] USKO
[14:58:20] [225/324] GTEM
[14:58:22] [226/324] SMBU
[14:58:23] [227/324] VETC
[14:58:23] [228/324] LCDA
[14:58:24] [229/324] MTVT
[14:58:25] [230/324] PYCP
[14:58:26] [231/324] PNSC
[14:58:27] [232/324] PPCC
[14:58:28] [233/324] TGRT
[14:58:28] [234/324] JYOT
[14:58:29] [235/324] SRCZ
[14:58:30] [236/324] SJTE
[14:58:31] [237/324] DESC
[14:58:31] [238/324] JHVN
[14:58:32] [239/324] IPSG
[14:58:33] [240/324] IPCM
[14:58:34] [241/324] PDRS
[14:58:35] [242/324] ANCV
[14:58:35] [243/324] CMVV
[14:58:36] [244/324] SHYP
[14:58:37] [245/324] DNCS
[14:58:38] [246/324] GAJK
[14:58:39] [247/324] AKTN
[14:58:40] [248/324] KAYA
[14:58:41] [249/324] SBRC
[14:58:42] [250/324] CHTP
[14:58:42] [251/324] SHRT
[14:58:43] [252/324] BCKU
[14:58:45] [253/324] FCPS
[14:58:45] [254/324] ARDD
[14:58:46] [255/324] CPCM
[14:58:47] [256/324] CGSM
[14:58:48] [257/324] PSMP
[14:58:49] [258/324] SDAL
[14:58:50] [259/324] RTNB
[14:58:52] [260/324] LMCR
[14:58:52] [261/324] CIMA
[14:58:53] [262/324] RNAS
[14:58:54] [263/324] LITH
[14:58:55] [264/324] PBOX
[14:58:56] [265/324] FRTS
[14:58:57] [266/324] RKIC
[14:58:58] [267/324] PTAI
[14:58:59] [268/324] GCIC
[14:58:59] [269/324] FNAS
[14:59:01] [270/324] SCAR
[14:59:02] [271/324] MTCA
[14:59:02] [272/324] SCTS
[14:59:03] [273/324] SYCS
[14:59:04] [274/324] RDMS
[14:59:05] [275/324] KAMP
[14:59:05] [276/324] ERSD
[14:59:06] [277/324] MJMJ
[14:59:07] [278/324] SRCJ
[14:59:08] [279/324] SCXE
[14:59:08] [280/324] SVFR
[14:59:09] [281/324] BHCS
[14:59:10] [282/324] IMCC
[14:59:11] [283/324] PCBO
[14:59:12] [284/324] PRVN
[14:59:13] [285/324] AUPM
[14:59:14] [286/324] INBW
[14:59:14] [287/324] SVCW
[14:59:15] [288/324] RKCF
[14:59:16] [289/324] UVBH
[14:59:17] [290/324] DNCY
[14:59:18] [291/324] ABCN
[14:59:18] [292/324] PRUR
[14:59:19] [293/324] PFMR
[14:59:20] [294/324] RKCN
[14:59:21] [295/324] CFEA
[14:59:22] [296/324] SDBG
[14:59:23] [297/324] SNAR
[14:59:23] [298/324] YISI
[14:59:24] [299/324] JCFF
[14:59:25] [300/324] VTRK
[14:59:26] [301/324] PCLZ
[14:59:27] [302/324] DIMY
[14:59:28] [303/324] BBTS
[14:59:28] [304/324] GATH
[14:59:29] [305/324] GTMN
[14:59:31] [306/324] VTMH
[14:59:31] [307/324] CCKP
[14:59:32] [308/324] GPKA
[14:59:34] [309/324] MHCL
[14:59:34] [310/324] ATCL
[14:59:35] [311/324] SBCK
[14:59:36] [312/324] AMMR
[14:59:37] [313/324] MADC
[14:59:38] [314/324] TMMA
[14:59:39] [315/324] CACC
[14:59:40] [316/324] CHAL
[14:59:40] [317/324] DURG
[14:59:41] [318/324] GMKU
[14:59:43] [319/324] GECA
[14:59:44] [320/324] KYRR
[14:59:44] [321/324] KSDE
[14:59:45] [322/324] LMCI
[14:59:46] [323/324] NKCP
[14:59:47] [324/324] BGTC
[14:59:48] 🧹 Deduping shows
[14:59:48] ✅ DONE | Shows=938 | Movies=60
[15:52:53] 🚀 SCRIPT STARTED
[15:52:53] [1/324] GCTA
[15:52:53] 🧠 New identity created
[15:52:54] [2/324] TOPN
[15:52:55] [3/324] MCUS
[15:52:55] [4/324] SHRL
[15:52:56] [5/324] UPTP
[15:52:57] [6/324] TMMP
[15:52:58] [7/324] DNRP
[15:52:59] [8/324] SRLT
[15:52:59] [9/324] RCNS
[15:53:00] [10/324] DCBH
[15:53:01] [11/324] NAGJ
[15:53:02] [12/324] JVRC
[15:53:03] [13/324] KRJG
[15:53:04] [14/324] SRTJ
[15:53:04] [15/324] CMXM
[15:53:05] [16/324] STMI
[15:53:06] [17/324] SLST
[15:53:07] [18/324] DTCN
[15:53:07] [19/324] STYN
[15:53:09] [20/324] SZVR
[15:53:10] [21/324] SRKO
[15:53:11] [22/324] JTGT
[15:53:11] [23/324] SVFD
[15:53:12] [24/324] SISD
[15:53:13] [25/324] ABDD
[15:53:14] [26/324] DRCA
[15:53:14] [27/324] AVCS
[15:53:15] [28/324] MVKH
[15:53:16] [29/324] ACPR
[15:53:17] [30/324] STIP
[15:53:17] [31/324] MTRA
[15:53:18] [32/324] RMKH
[15:53:19] [33/324] NKRL
[15:53:20] [34/324] PCWN
[15:53:21] [35/324] BLMT
[15:53:22] [36/324] GDPG
[15:53:22] [37/324] SRMX
[15:53:23] [38/324] JACP
[15:53:24] [39/324] CPSH
[15:53:25] [40/324] MCCD
[15:53:26] [41/324] ECGH
[15:53:27] [42/324] MKCK
[15:53:28] [43/324] SRMM
[15:53:29] [44/324] SKYR
[15:53:30] [45/324] PCKC
[15:53:30] [46/324] JCMA
[15:53:31] [47/324] BSMP
[15:53:32] [48/324] VSPA
[15:53:33] [49/324] DJYA
[15:53:33] [50/324] DIMP
[15:53:34] [51/324] FXDR
[15:53:35] [52/324] SSRC
[15:53:36] [53/324] STHP
[15:53:37] [54/324] CPPD
[15:53:37] [55/324] FCLK
[15:53:38] [56/324] SCPP
[15:53:39] [57/324] DCMJ
[15:53:40] [58/324] RCCR
[15:53:40] [59/324] INMT
[15:53:41] [60/324] LXTK
[15:53:42] [61/324] SRYK
[15:53:43] [62/324] SGDK
[15:53:44] [63/324] PPKA
[15:53:45] [64/324] SPKA
[15:53:46] [65/324] CGHH
[15:53:46] [66/324] DCJN
[15:53:47] [67/324] SRKV
[15:53:48] [68/324] SAJC
[15:53:48] [69/324] SUSR
[15:53:49] [70/324] STYG
[15:53:50] [71/324] NTKP
[15:53:52] [72/324] AKTG
[15:53:52] [73/324] CGCM
[15:53:53] [74/324] TULC
[15:53:54] [75/324] NYYZ
[15:53:54] [76/324] NYBW
[15:53:55] [77/324] MACB
[15:53:56] [78/324] SLVT
[15:53:57] [79/324] SANA
[15:53:58] [80/324] ACMR
[15:53:59] [81/324] CPKN
[15:54:00] [82/324] DLGK
[15:54:00] [83/324] CWCK
[15:54:01] [84/324] FDDH
[15:54:02] [85/324] MMMD
[15:54:03] [86/324] CMEH
[15:54:04] [87/324] GGGV
[15:54:05] [88/324] SPJL
[15:54:06] [89/324] RCCD
[15:54:07] [90/324] STTZ
[15:54:08] [91/324] BTCF
[15:54:08] [92/324] TSTZ
[15:54:09] [93/324] IPMM
[15:54:10] [94/324] PMPW
[15:54:11] [95/324] PCMZ
[15:54:12] [96/324] ESEM
[15:54:13] [97/324] PIPO
[15:54:13] [98/324] MATK
[15:54:14] [99/324] PGHM
[15:54:16] [100/324] CTSR
[15:54:16] [101/324] CYKR
[15:54:18] [102/324] MSCM
[15:54:19] [103/324] RFNP
[15:54:20] [104/324] PDCP
[15:54:21] [105/324] NPSE
[15:54:22] [106/324] MKML
[15:54:22] [107/324] FTDP
[15:54:23] [108/324] MMXA
[15:54:24] [109/324] CEPO
[15:54:25] [110/324] CMVP
[15:54:26] [111/324] SGTH
[15:54:26] [112/324] SAYN
[15:54:27] [113/324] URVS
[15:54:28] [114/324] VJTN
[15:54:29] [115/324] BBYK
[15:54:30] [116/324] SHBO
[15:54:31] [117/324] VCMR
[15:54:31] [118/324] MACT
[15:54:32] [119/324] JMNP
[15:54:33] [120/324] VICS
[15:54:34] [121/324] VCDA
[15:54:34] [122/324] GCMM
[15:54:35] [123/324] INVS
[15:54:36] [124/324] SCGM
[15:54:37] [125/324] PCDA
[15:54:39] [126/324] KDCT
[15:54:40] [127/324] JACS
[15:54:41] [128/324] GMMC
[15:54:41] [129/324] AICM
[15:54:42] [130/324] TJCM
[15:54:44] [131/324] RMTI
[15:54:44] [132/324] SHAC
[15:54:45] [133/324] APJC
[15:54:46] [134/324] GCTG
[15:54:46] [135/324] SSMC
[15:54:48] [136/324] THRM
[15:54:49] [137/324] RBCT
[15:54:49] [138/324] DIKT
[15:54:50] [139/324] MIDL
[15:54:51] [140/324] VCSN
[15:54:52] [141/324] SKTG
[15:54:53] [142/324] SMWC
[15:54:54] [143/324] MNKH
[15:54:54] [144/324] PIAT
[15:54:55] [145/324] LTTP
[15:54:56] [146/324] PTPU
[15:54:57] [147/324] ACMG
[15:54:58] [148/324] SHMM
[15:54:59] [149/324] MCMN
[15:54:59] [150/324] GLDC
[15:55:00] [151/324] HOUT
[15:55:01] [152/324] SVRP
[15:55:02] [153/324] PVDN
[15:55:02] [154/324] SCPY
[15:55:04] [155/324] DTPY
[15:55:05] [156/324] GKCS
[15:55:05] [157/324] NCAM
[15:55:06] [158/324] BSRM
[15:55:07] [159/324] RCLC
[15:55:08] [160/324] SKKD
[15:55:09] [161/324] ACHU
[15:55:09] [162/324] RSCF
[15:55:10] [163/324] IMSH
[15:55:11] [164/324] MACX
[15:55:12] [165/324] HMMW
[15:55:13] [166/324] JTCP
[15:55:14] [167/324] SREN
[15:55:15] [168/324] PJRR
[15:55:15] [169/324] INAC
[15:55:16] [170/324] BMCA
[15:55:17] [171/324] SHCB
[15:55:18] [172/324] GABA
[15:55:19] [173/324] SBCT
[15:55:20] [174/324] GCMA
[15:55:21] [175/324] MYTK
[15:55:22] [176/324] INZS
[15:55:22] [177/324] RMIK
[15:55:23] [178/324] NYCH
[15:55:24] [179/324] RAVE
[15:55:25] [180/324] PSXM
[15:55:26] [181/324] MCGP
[15:55:27] [182/324] PDDK
[15:55:28] [183/324] SPCK
[15:55:28] [184/324] MCRL
[15:55:29] [185/324] MHKT
[15:55:30] [186/324] ANRR
[15:55:31] [187/324] SAPK
[15:55:32] [188/324] NCUK
[15:55:33] [189/324] JUGA
[15:55:34] [190/324] DBSC
[15:55:35] [191/324] LALK
[15:55:36] [192/324] GUCK
[15:55:37] [193/324] STSG
[15:55:38] [194/324] PPPZ
[15:55:39] [195/324] CNCY
[15:55:40] [196/324] MTAR
[15:55:42] [197/324] VNKD
[15:55:43] [198/324] KMAJ
[15:55:43] [199/324] ACXK
[15:55:44] [200/324] UTKC
[15:55:45] [201/324] PBLK
[15:55:46] [202/324] ACBX
[15:55:47] [203/324] PTGM
[15:55:47] [204/324] BTDA
[15:55:48] [205/324] PJMB
[15:55:49] [206/324] TPDA
[15:55:50] [207/324] AMOE
[15:55:51] [208/324] PRHT
[15:55:52] [209/324] PRTA
[15:55:52] [210/324] STAM
[15:55:53] [211/324] MSAA
[15:55:54] [212/324] SDLU
[15:55:55] [213/324] RCHH
[15:55:56] [214/324] KANT
[15:55:57] [215/324] FCRT
[15:55:58] [216/324] DNKM
[15:55:59] [217/324] RYCP
[15:56:01] [218/324] MYRP
[15:56:02] [219/324] PPAK
[15:56:04] [220/324] NVPK
[15:56:05] [221/324] PRMC
[15:56:06] [222/324] JBCS
[15:56:07] [223/324] GXCK
[15:56:07] [224/324] USKO
[15:56:08] [225/324] GTEM
[15:56:09] [226/324] SMBU
[15:56:10] [227/324] VETC
[15:56:11] [228/324] LCDA
[15:56:11] [229/324] MTVT
[15:56:12] [230/324] PYCP
[15:56:13] [231/324] PNSC
[15:56:14] [232/324] PPCC
[15:56:15] [233/324] TGRT
[15:56:17] [234/324] JYOT
[15:56:17] [235/324] SRCZ
[15:56:18] [236/324] SJTE
[15:56:19] [237/324] DESC
[15:56:19] [238/324] JHVN
[15:56:20] [239/324] IPSG
[15:56:21] [240/324] IPCM
[15:56:22] [241/324] PDRS
[15:56:23] [242/324] ANCV
[15:56:24] [243/324] CMVV
[15:56:25] [244/324] SHYP
[15:56:26] [245/324] DNCS
[15:56:27] [246/324] GAJK
[15:56:28] [247/324] AKTN
[15:56:28] [248/324] KAYA
[15:56:29] [249/324] SBRC
[15:56:30] [250/324] CHTP
[15:56:31] [251/324] SHRT
[15:56:31] [252/324] BCKU
[15:56:32] [253/324] FCPS
[15:56:33] [254/324] ARDD
[15:56:34] [255/324] CPCM
[15:56:35] [256/324] CGSM
[15:56:36] [257/324] PSMP
[15:56:37] [258/324] SDAL
[15:56:38] [259/324] RTNB
[15:56:39] [260/324] LMCR
[15:56:39] [261/324] CIMA
[15:56:40] [262/324] RNAS
[15:56:41] [263/324] LITH
[15:56:42] [264/324] PBOX
[15:56:42] [265/324] FRTS
[15:56:43] [266/324] RKIC
[15:56:44] [267/324] PTAI
[15:56:45] [268/324] GCIC
[15:56:46] [269/324] FNAS
[15:56:46] [270/324] SCAR
[15:56:47] [271/324] MTCA
[15:56:48] [272/324] SCTS
[15:56:48] [273/324] SYCS
[15:56:49] [274/324] RDMS
[15:56:51] [275/324] KAMP
[15:56:51] [276/324] ERSD
[15:56:52] [277/324] MJMJ
[15:56:53] [278/324] SRCJ
[15:56:54] [279/324] SCXE
[15:56:55] [280/324] SVFR
[15:56:55] [281/324] BHCS
[15:56:56] [282/324] IMCC
[15:56:57] [283/324] PCBO
[15:56:58] [284/324] PRVN
[15:56:59] [285/324] AUPM
[15:57:00] [286/324] INBW
[15:57:00] [287/324] SVCW
[15:57:01] [288/324] RKCF
[15:57:02] [289/324] UVBH
[15:57:03] [290/324] DNCY
[15:57:04] [291/324] ABCN
[15:57:05] [292/324] PRUR
[15:57:06] [293/324] PFMR
[15:57:07] [294/324] RKCN
[15:57:08] [295/324] CFEA
[15:57:09] [296/324] SDBG
[15:57:10] [297/324] SNAR
[15:57:11] [298/324] YISI
[15:57:12] [299/324] JCFF
[15:57:13] [300/324] VTRK
[15:57:13] [301/324] PCLZ
[15:57:14] [302/324] DIMY
[15:57:15] [303/324] BBTS
[15:57:16] [304/324] GATH
[15:57:17] [305/324] GTMN
[15:57:17] [306/324] VTMH
[15:57:18] [307/324] CCKP
[15:57:19] [308/324] GPKA
[15:57:20] [309/324] MHCL
[15:57:21] [310/324] ATCL
[15:57:22] [311/324] SBCK
[15:57:22] [312/324] AMMR
[15:57:23] [313/324] MADC
[15:57:24] [314/324] TMMA
[15:57:25] [315/324] CACC
[15:57:26] [316/324] CHAL
[15:57:26] [317/324] DURG
[15:57:27] [318/324] GMKU
[15:57:28] [319/324] GECA
[15:57:29] [320/324] KYRR
[15:57:30] [321/324] KSDE
[15:57:31] [322/324] LMCI
[15:57:33] [323/324] NKCP
[15:57:33] [324/324] BGTC
[15:57:34] 🧹 Deduping shows
[15:57:34] ✅ DONE | Shows=998 | Movies=63
[19:50:42] 🚀 SCRIPT STARTED
[19:50:42] [1/324] GCTA
[19:50:42] 🧠 New identity created
[19:50:43] [2/324] TOPN
[19:50:44] [3/324] MCUS
[19:50:45] [4/324] SHRL
[19:50:46] [5/324] UPTP
[19:50:47] [6/324] TMMP
[19:50:48] [7/324] DNRP
[19:50:49] [8/324] SRLT
[19:50:51] [9/324] RCNS
[19:50:51] [10/324] DCBH
[19:50:52] [11/324] NAGJ
[19:50:53] [12/324] JVRC
[19:50:54] [13/324] KRJG
[19:50:55] [14/324] SRTJ
[19:50:56] [15/324] CMXM
[19:50:57] [16/324] STMI
[19:50:58] [17/324] SLST
[19:50:59] [18/324] DTCN
[19:50:59] [19/324] STYN
[19:51:00] [20/324] SZVR
[19:51:01] [21/324] SRKO
[19:51:02] [22/324] JTGT
[19:51:03] [23/324] SVFD
[19:51:03] [24/324] SISD
[19:51:05] [25/324] ABDD
[19:51:06] [26/324] DRCA
[19:51:07] [27/324] AVCS
[19:51:08] [28/324] MVKH
[19:51:09] [29/324] ACPR
[19:51:10] [30/324] STIP
[19:51:11] [31/324] MTRA
[19:51:12] [32/324] RMKH
[19:51:13] [33/324] NKRL
[19:51:14] [34/324] PCWN
[19:51:15] [35/324] BLMT
[19:51:16] [36/324] GDPG
[19:51:17] [37/324] SRMX
[19:51:18] [38/324] JACP
[19:51:19] [39/324] CPSH
[19:51:19] [40/324] MCCD
[19:51:20] [41/324] ECGH
[19:51:21] [42/324] MKCK
[19:51:22] [43/324] SRMM
[19:51:23] [44/324] SKYR
[19:51:24] [45/324] PCKC
[19:51:25] [46/324] JCMA
[19:51:26] [47/324] BSMP
[19:51:27] [48/324] VSPA
[19:51:27] [49/324] DJYA
[19:51:28] [50/324] DIMP
[19:51:29] [51/324] FXDR
[19:51:30] [52/324] SSRC
[19:51:31] [53/324] STHP
[19:51:32] [54/324] CPPD
[19:51:33] [55/324] FCLK
[19:51:33] [56/324] SCPP
[19:51:34] [57/324] DCMJ
[19:51:36] [58/324] RCCR
[19:51:36] [59/324] INMT
[19:51:37] [60/324] LXTK
[19:51:38] [61/324] SRYK
[19:51:39] [62/324] SGDK
[19:51:40] [63/324] PPKA
[19:51:41] [64/324] SPKA
[19:51:42] [65/324] CGHH
[19:51:42] [66/324] DCJN
[19:51:43] [67/324] SRKV
[19:51:44] [68/324] SAJC
[19:51:45] [69/324] SUSR
[19:51:47] [70/324] STYG
[19:51:47] [71/324] NTKP
[19:51:48] [72/324] AKTG
[19:51:49] [73/324] CGCM
[19:51:50] [74/324] TULC
[19:51:51] [75/324] NYYZ
[19:51:52] [76/324] NYBW
[19:51:53] [77/324] MACB
[19:51:53] [78/324] SLVT
[19:51:54] [79/324] SANA
[19:51:55] [80/324] ACMR
[19:51:56] [81/324] CPKN
[19:51:57] [82/324] DLGK
[19:51:58] [83/324] CWCK
[19:51:59] [84/324] FDDH
[19:52:00] [85/324] MMMD
[19:52:01] [86/324] CMEH
[19:52:02] [87/324] GGGV
[19:52:03] [88/324] SPJL
[19:52:04] [89/324] RCCD
[19:52:05] [90/324] STTZ
[19:52:05] [91/324] BTCF
[19:52:07] [92/324] TSTZ
[19:52:08] [93/324] IPMM
[19:52:09] [94/324] PMPW
[19:52:10] [95/324] PCMZ
[19:52:10] [96/324] ESEM
[19:52:11] [97/324] PIPO
[19:52:12] [98/324] MATK
[19:52:13] [99/324] PGHM
[19:52:14] [100/324] CTSR
[19:52:15] [101/324] CYKR
[19:52:16] [102/324] MSCM
[19:52:16] [103/324] RFNP
[19:52:17] [104/324] PDCP
[19:52:18] [105/324] NPSE
[19:52:19] [106/324] MKML
[19:52:20] [107/324] FTDP
[19:52:20] [108/324] MMXA
[19:52:21] [109/324] CEPO
[19:52:22] [110/324] CMVP
[19:52:23] [111/324] SGTH
[19:52:24] [112/324] SAYN
[19:52:25] [113/324] URVS
[19:52:26] [114/324] VJTN
[19:52:26] [115/324] BBYK
[19:52:27] [116/324] SHBO
[19:52:28] [117/324] VCMR
[19:52:29] [118/324] MACT
[19:52:30] [119/324] JMNP
[19:52:31] [120/324] VICS
[19:52:32] [121/324] VCDA
[19:52:33] [122/324] GCMM
[19:52:34] [123/324] INVS
[19:52:34] [124/324] SCGM
[19:52:35] [125/324] PCDA
[19:52:36] [126/324] KDCT
[19:52:37] [127/324] JACS
[19:52:37] [128/324] GMMC
[19:52:38] [129/324] AICM
[19:52:39] [130/324] TJCM
[19:52:40] [131/324] RMTI
[19:52:40] [132/324] SHAC
[19:52:41] [133/324] APJC
[19:52:42] [134/324] GCTG
[19:52:43] [135/324] SSMC
[19:52:44] [136/324] THRM
[19:52:45] [137/324] RBCT
[19:52:46] [138/324] DIKT
[19:52:46] [139/324] MIDL
[19:52:47] [140/324] VCSN
[19:52:48] [141/324] SKTG
[19:52:49] [142/324] SMWC
[19:52:50] [143/324] MNKH
[19:52:51] [144/324] PIAT
[19:52:51] [145/324] LTTP
[19:52:52] [146/324] PTPU
[19:52:53] [147/324] ACMG
[19:52:54] [148/324] SHMM
[19:52:55] [149/324] MCMN
[19:52:55] [150/324] GLDC
[19:52:56] [151/324] HOUT
[19:52:57] [152/324] SVRP
[19:52:59] [153/324] PVDN
[19:53:00] [154/324] SCPY
[19:53:01] [155/324] DTPY
[19:53:02] [156/324] GKCS
[19:53:03] [157/324] NCAM
[19:53:04] [158/324] BSRM
[19:53:05] [159/324] RCLC
[19:53:06] [160/324] SKKD
[19:53:06] [161/324] ACHU
[19:53:07] [162/324] RSCF
[19:53:08] [163/324] IMSH
[19:53:09] [164/324] MACX
[19:53:09] [165/324] HMMW
[19:53:10] [166/324] JTCP
[19:53:11] [167/324] SREN
[19:53:12] [168/324] PJRR
[19:53:12] [169/324] INAC
[19:53:13] [170/324] BMCA
[19:53:14] [171/324] SHCB
[19:53:15] [172/324] GABA
[19:53:16] [173/324] SBCT
[19:53:17] [174/324] GCMA
[19:53:18] [175/324] MYTK
[19:53:19] [176/324] INZS
[19:53:20] [177/324] RMIK
[19:53:20] [178/324] NYCH
[19:53:22] [179/324] RAVE
[19:53:23] [180/324] PSXM
[19:53:24] [181/324] MCGP
[19:53:25] [182/324] PDDK
[19:53:26] [183/324] SPCK
[19:53:27] [184/324] MCRL
[19:53:28] [185/324] MHKT
[19:53:28] [186/324] ANRR
[19:53:29] [187/324] SAPK
[19:53:30] [188/324] NCUK
[19:53:31] [189/324] JUGA
[19:53:31] [190/324] DBSC
[19:53:32] [191/324] LALK
[19:53:33] [192/324] GUCK
[19:53:35] [193/324] STSG
[19:53:35] [194/324] PPPZ
[19:53:36] [195/324] CNCY
[19:53:37] [196/324] MTAR
[19:53:38] [197/324] VNKD
[19:53:39] [198/324] KMAJ
[19:53:39] [199/324] ACXK
[19:53:40] [200/324] UTKC
[19:53:41] [201/324] PBLK
[19:53:42] [202/324] ACBX
[19:53:43] [203/324] PTGM
[19:53:44] [204/324] BTDA
[19:53:45] [205/324] PJMB
[19:53:46] [206/324] TPDA
[19:53:47] [207/324] AMOE
[19:53:48] [208/324] PRHT
[19:53:49] [209/324] PRTA
[19:53:50] [210/324] STAM
[19:53:51] [211/324] MSAA
[19:53:52] [212/324] SDLU
[19:53:52] [213/324] RCHH
[19:53:53] [214/324] KANT
[19:53:54] [215/324] FCRT
[19:53:55] [216/324] DNKM
[19:53:56] [217/324] RYCP
[19:53:56] [218/324] MYRP
[19:53:57] [219/324] PPAK
[19:53:58] [220/324] NVPK
[19:53:59] [221/324] PRMC
[19:54:00] [222/324] JBCS
[19:54:00] [223/324] GXCK
[19:54:01] [224/324] USKO
[19:54:02] [225/324] GTEM
[19:54:03] [226/324] SMBU
[19:54:04] [227/324] VETC
[19:54:04] [228/324] LCDA
[19:54:05] [229/324] MTVT
[19:54:06] [230/324] PYCP
[19:54:07] [231/324] PNSC
[19:54:08] [232/324] PPCC
[19:54:09] [233/324] TGRT
[19:54:10] [234/324] JYOT
[19:54:11] [235/324] SRCZ
[19:54:12] [236/324] SJTE
[19:54:14] [237/324] DESC
[19:54:14] [238/324] JHVN
[19:54:15] [239/324] IPSG
[19:54:16] [240/324] IPCM
[19:54:17] [241/324] PDRS
[19:54:18] [242/324] ANCV
[19:54:18] [243/324] CMVV
[19:54:19] [244/324] SHYP
[19:54:20] [245/324] DNCS
[19:54:22] [246/324] GAJK
[19:54:23] [247/324] AKTN
[19:54:23] [248/324] KAYA
[19:54:24] [249/324] SBRC
[19:54:25] [250/324] CHTP
[19:54:26] [251/324] SHRT
[19:54:27] [252/324] BCKU
[19:54:28] [253/324] FCPS
[19:54:29] [254/324] ARDD
[19:54:30] [255/324] CPCM
[19:54:31] [256/324] CGSM
[19:54:32] [257/324] PSMP
[19:54:33] [258/324] SDAL
[19:54:34] [259/324] RTNB
[19:54:35] [260/324] LMCR
[19:54:36] [261/324] CIMA
[19:54:37] [262/324] RNAS
[19:54:38] [263/324] LITH
[19:54:38] [264/324] PBOX
[19:54:39] [265/324] FRTS
[19:54:40] [266/324] RKIC
[19:54:41] [267/324] PTAI
[19:54:43] [268/324] GCIC
[19:54:43] [269/324] FNAS
[19:54:44] [270/324] SCAR
[19:54:45] [271/324] MTCA
[19:54:46] [272/324] SCTS
[19:54:47] [273/324] SYCS
[19:54:48] [274/324] RDMS
[19:54:49] [275/324] KAMP
[19:54:50] [276/324] ERSD
[19:54:51] [277/324] MJMJ
[19:54:52] [278/324] SRCJ
[19:54:53] [279/324] SCXE
[19:54:54] [280/324] SVFR
[19:54:55] [281/324] BHCS
[19:54:55] [282/324] IMCC
[19:54:56] [283/324] PCBO
[19:54:57] [284/324] PRVN
[19:54:58] [285/324] AUPM
[19:54:59] [286/324] INBW
[19:55:00] [287/324] SVCW
[19:55:02] [288/324] RKCF
[19:55:02] [289/324] UVBH
[19:55:03] [290/324] DNCY
[19:55:06] [291/324] ABCN
[19:55:07] [292/324] PRUR
[19:55:08] [293/324] PFMR
[19:55:09] [294/324] RKCN
[19:55:10] [295/324] CFEA
[19:55:11] [296/324] SDBG
[19:55:12] [297/324] SNAR
[19:55:14] [298/324] YISI
[19:55:15] [299/324] JCFF
[19:55:16] [300/324] VTRK
[19:55:17] [301/324] PCLZ
[19:55:18] [302/324] DIMY
[19:55:19] [303/324] BBTS
[19:55:20] [304/324] GATH
[19:55:21] [305/324] GTMN
[19:55:22] [306/324] VTMH
[19:55:23] [307/324] CCKP
[19:55:24] [308/324] GPKA
[19:55:24] [309/324] MHCL
[19:55:25] [310/324] ATCL
[19:55:26] [311/324] SBCK
[19:55:27] [312/324] AMMR
[19:55:28] [313/324] MADC
[19:55:29] [314/324] TMMA
[19:55:29] [315/324] CACC
[19:55:30] [316/324] CHAL
[19:55:31] [317/324] DURG
[19:55:32] [318/324] GMKU
[19:55:33] [319/324] GECA
[19:55:34] [320/324] KYRR
[19:55:35] [321/324] KSDE
[19:55:36] [322/324] LMCI
[19:55:36] [323/324] NKCP
[19:55:37] [324/324] BGTC
[19:55:38] 🧹 Deduping shows
[19:55:38] ✅ DONE | Shows=1247 | Movies=65
[22:49:58] 🚀 SCRIPT STARTED
[22:49:58] [1/324] GCTA
[22:49:58] 🧠 New identity created
[22:49:59] [2/324] TOPN
[22:50:00] [3/324] MCUS
[22:50:01] [4/324] SHRL
[22:50:02] [5/324] UPTP
[22:50:03] [6/324] TMMP
[22:50:04] [7/324] DNRP
[22:50:06] [8/324] SRLT
[22:50:07] [9/324] RCNS
[22:50:08] [10/324] DCBH
[22:50:09] [11/324] NAGJ
[22:50:10] [12/324] JVRC
[22:50:11] [13/324] KRJG
[22:50:12] [14/324] SRTJ
[22:50:13] [15/324] CMXM
[22:50:13] [16/324] STMI
[22:50:14] [17/324] SLST
[22:50:15] [18/324] DTCN
[22:50:16] [19/324] STYN
[22:50:18] [20/324] SZVR
[22:50:19] [21/324] SRKO
[22:50:20] [22/324] JTGT
[22:50:20] [23/324] SVFD
[22:50:21] [24/324] SISD
[22:50:22] [25/324] ABDD
[22:50:23] [26/324] DRCA
[22:50:24] [27/324] AVCS
[22:50:25] [28/324] MVKH
[22:50:26] [29/324] ACPR
[22:50:27] [30/324] STIP
[22:50:27] [31/324] MTRA
[22:50:28] [32/324] RMKH
[22:50:29] [33/324] NKRL
[22:50:30] [34/324] PCWN
[22:50:31] [35/324] BLMT
[22:50:32] [36/324] GDPG
[22:50:33] [37/324] SRMX
[22:50:33] [38/324] JACP
[22:50:34] [39/324] CPSH
[22:50:35] [40/324] MCCD
[22:50:36] [41/324] ECGH
[22:50:37] [42/324] MKCK
[22:50:38] [43/324] SRMM
[22:50:39] [44/324] SKYR
[22:50:40] [45/324] PCKC
[22:50:41] [46/324] JCMA
[22:50:41] [47/324] BSMP
[22:50:42] [48/324] VSPA
[22:50:43] [49/324] DJYA
[22:50:44] [50/324] DIMP
[22:50:45] [51/324] FXDR
[22:50:45] [52/324] SSRC
[22:50:46] [53/324] STHP
[22:50:47] [54/324] CPPD
[22:50:49] [55/324] FCLK
[22:50:49] [56/324] SCPP
[22:50:50] [57/324] DCMJ
[22:50:51] [58/324] RCCR
[22:50:52] [59/324] INMT
[22:50:53] [60/324] LXTK
[22:50:54] [61/324] SRYK
[22:50:55] [62/324] SGDK
[22:50:56] [63/324] PPKA
[22:50:57] [64/324] SPKA
[22:50:58] [65/324] CGHH
[22:50:59] [66/324] DCJN
[22:50:59] [67/324] SRKV
[22:51:00] [68/324] SAJC
[22:51:01] [69/324] SUSR
[22:51:03] [70/324] STYG
[22:51:04] [71/324] NTKP
[22:51:05] [72/324] AKTG
[22:51:05] [73/324] CGCM
[22:51:06] [74/324] TULC
[22:51:07] [75/324] NYYZ
[22:51:08] [76/324] NYBW
[22:51:09] [77/324] MACB
[22:51:10] [78/324] SLVT
[22:51:10] [79/324] SANA
[22:51:12] [80/324] ACMR
[22:51:13] [81/324] CPKN
[22:51:14] [82/324] DLGK
[22:51:14] [83/324] CWCK
[22:51:15] [84/324] FDDH
[22:51:16] [85/324] MMMD
[22:51:17] [86/324] CMEH
[22:51:18] [87/324] GGGV
[22:51:18] [88/324] SPJL
[22:51:19] [89/324] RCCD
[22:51:20] [90/324] STTZ
[22:51:21] [91/324] BTCF
[22:51:22] [92/324] TSTZ
[22:51:23] [93/324] IPMM
[22:51:24] [94/324] PMPW
[22:51:25] [95/324] PCMZ
[22:51:26] [96/324] ESEM
[22:51:27] [97/324] PIPO
[22:51:28] [98/324] MATK
[22:51:29] [99/324] PGHM
[22:51:30] [100/324] CTSR
[22:51:31] [101/324] CYKR
[22:51:32] [102/324] MSCM
[22:51:33] [103/324] RFNP
[22:51:34] [104/324] PDCP
[22:51:35] [105/324] NPSE
[22:51:36] [106/324] MKML
[22:51:36] [107/324] FTDP
[22:51:37] [108/324] MMXA
[22:51:38] [109/324] CEPO
[22:51:39] [110/324] CMVP
[22:51:40] [111/324] SGTH
[22:51:41] [112/324] SAYN
[22:51:42] [113/324] URVS
[22:51:43] [114/324] VJTN
[22:51:44] [115/324] BBYK
[22:51:44] [116/324] SHBO
[22:51:45] [117/324] VCMR
[22:51:46] [118/324] MACT
[22:51:47] [119/324] JMNP
[22:51:48] [120/324] VICS
[22:51:49] [121/324] VCDA
[22:51:50] [122/324] GCMM
[22:51:51] [123/324] INVS
[22:51:52] [124/324] SCGM
[22:51:53] [125/324] PCDA
[22:51:53] [126/324] KDCT
[22:51:54] [127/324] JACS
[22:51:55] [128/324] GMMC
[22:51:56] [129/324] AICM
[22:51:57] [130/324] TJCM
[22:51:57] [131/324] RMTI
[22:51:58] [132/324] SHAC
[22:51:59] [133/324] APJC
[22:52:00] [134/324] GCTG
[22:52:01] [135/324] SSMC
[22:52:01] [136/324] THRM
[22:52:02] [137/324] RBCT
[22:52:03] [138/324] DIKT
[22:52:04] [139/324] MIDL
[22:52:05] [140/324] VCSN
[22:52:05] [141/324] SKTG
[22:52:06] [142/324] SMWC
[22:52:07] [143/324] MNKH
[22:52:08] [144/324] PIAT
[22:52:09] [145/324] LTTP
[22:52:10] [146/324] PTPU
[22:52:11] [147/324] ACMG
[22:52:12] [148/324] SHMM
[22:52:12] [149/324] MCMN
[22:52:13] [150/324] GLDC
[22:52:14] [151/324] HOUT
[22:52:15] [152/324] SVRP
[22:52:16] [153/324] PVDN
[22:52:17] [154/324] SCPY
[22:52:17] [155/324] DTPY
[22:52:18] [156/324] GKCS
[22:52:19] [157/324] NCAM
[22:52:21] [158/324] BSRM
[22:52:21] [159/324] RCLC
[22:52:22] [160/324] SKKD
[22:52:23] [161/324] ACHU
[22:52:24] [162/324] RSCF
[22:52:25] [163/324] IMSH
[22:52:25] [164/324] MACX
[22:52:26] [165/324] HMMW
[22:52:27] [166/324] JTCP
[22:52:28] [167/324] SREN
[22:52:29] [168/324] PJRR
[22:52:29] [169/324] INAC
[22:52:30] [170/324] BMCA
[22:52:31] [171/324] SHCB
[22:52:32] [172/324] GABA
[22:52:33] [173/324] SBCT
[22:52:33] [174/324] GCMA
[22:52:34] [175/324] MYTK
[22:52:35] [176/324] INZS
[22:52:36] [177/324] RMIK
[22:52:36] [178/324] NYCH
[22:52:37] [179/324] RAVE
[22:52:38] [180/324] PSXM
[22:52:39] [181/324] MCGP
[22:52:40] [182/324] PDDK
[22:52:41] [183/324] SPCK
[22:52:42] [184/324] MCRL
[22:52:43] [185/324] MHKT
[22:52:44] [186/324] ANRR
[22:52:45] [187/324] SAPK
[22:52:46] [188/324] NCUK
[22:52:46] [189/324] JUGA
[22:52:47] [190/324] DBSC
[22:52:48] [191/324] LALK
[22:52:49] [192/324] GUCK
[22:52:50] [193/324] STSG
[22:52:51] [194/324] PPPZ
[22:52:52] [195/324] CNCY
[22:52:53] [196/324] MTAR
[22:52:54] [197/324] VNKD
[22:52:55] [198/324] KMAJ
[22:52:56] [199/324] ACXK
[22:52:56] [200/324] UTKC
[22:52:57] [201/324] PBLK
[22:52:58] [202/324] ACBX
[22:52:59] [203/324] PTGM
[22:53:00] [204/324] BTDA
[22:53:01] [205/324] PJMB
[22:53:01] [206/324] TPDA
[22:53:02] [207/324] AMOE
[22:53:03] [208/324] PRHT
[22:53:04] [209/324] PRTA
[22:53:04] [210/324] STAM
[22:53:05] [211/324] MSAA
[22:53:06] [212/324] SDLU
[22:53:07] [213/324] RCHH
[22:53:07] [214/324] KANT
[22:53:08] [215/324] FCRT
[22:53:09] [216/324] DNKM
[22:53:10] [217/324] RYCP
[22:53:11] [218/324] MYRP
[22:53:12] [219/324] PPAK
[22:53:13] [220/324] NVPK
[22:53:14] [221/324] PRMC
[22:53:15] [222/324] JBCS
[22:53:16] [223/324] GXCK
[22:53:17] [224/324] USKO
[22:53:18] [225/324] GTEM
[22:53:19] [226/324] SMBU
[22:53:20] [227/324] VETC
[22:53:21] [228/324] LCDA
[22:53:21] [229/324] MTVT
[22:53:22] [230/324] PYCP
[22:53:23] [231/324] PNSC
[22:53:24] [232/324] PPCC
[22:53:24] [233/324] TGRT
[22:53:25] [234/324] JYOT
[22:53:27] [235/324] SRCZ
[22:53:28] [236/324] SJTE
[22:53:29] [237/324] DESC
[22:53:29] [238/324] JHVN
[22:53:30] [239/324] IPSG
[22:53:32] [240/324] IPCM
[22:53:33] [241/324] PDRS
[22:53:33] [242/324] ANCV
[22:53:34] [243/324] CMVV
[22:53:35] [244/324] SHYP
[22:53:35] [245/324] DNCS
[22:53:37] [246/324] GAJK
[22:53:37] [247/324] AKTN
[22:53:38] [248/324] KAYA
[22:53:39] [249/324] SBRC
[22:53:40] [250/324] CHTP
[22:53:41] [251/324] SHRT
[22:53:41] [252/324] BCKU
[22:53:42] [253/324] FCPS
[22:53:43] [254/324] ARDD
[22:53:44] [255/324] CPCM
[22:53:45] [256/324] CGSM
[22:53:46] [257/324] PSMP
[22:53:46] [258/324] SDAL
[22:53:47] [259/324] RTNB
[22:53:49] [260/324] LMCR
[22:53:50] [261/324] CIMA
[22:53:50] [262/324] RNAS
[22:53:52] [263/324] LITH
[22:53:54] [264/324] PBOX
[22:53:55] [265/324] FRTS
[22:53:55] [266/324] RKIC
[22:53:57] [267/324] PTAI
[22:53:58] [268/324] GCIC
[22:53:59] [269/324] FNAS
[22:53:59] [270/324] SCAR
[22:54:00] [271/324] MTCA
[22:54:01] [272/324] SCTS
[22:54:02] [273/324] SYCS
[22:54:03] [274/324] RDMS
[22:54:04] [275/324] KAMP
[22:54:05] [276/324] ERSD
[22:54:06] [277/324] MJMJ
[22:54:07] [278/324] SRCJ
[22:54:07] [279/324] SCXE
[22:54:08] [280/324] SVFR
[22:54:09] [281/324] BHCS
[22:54:10] [282/324] IMCC
[22:54:11] [283/324] PCBO
[22:54:11] [284/324] PRVN
[22:54:12] [285/324] AUPM
[22:54:13] [286/324] INBW
[22:54:14] [287/324] SVCW
[22:54:14] [288/324] RKCF
[22:54:15] [289/324] UVBH
[22:54:16] [290/324] DNCY
[22:54:18] [291/324] ABCN
[22:54:19] [292/324] PRUR
[22:54:20] [293/324] PFMR
[22:54:21] [294/324] RKCN
[22:54:22] [295/324] CFEA
[22:54:23] [296/324] SDBG
[22:54:24] [297/324] SNAR
[22:54:24] [298/324] YISI
[22:54:25] [299/324] JCFF
[22:54:26] [300/324] VTRK
[22:54:27] [301/324] PCLZ
[22:54:28] [302/324] DIMY
[22:54:29] [303/324] BBTS
[22:54:30] [304/324] GATH
[22:54:30] [305/324] GTMN
[22:54:31] [306/324] VTMH
[22:54:32] [307/324] CCKP
[22:54:33] [308/324] GPKA
[22:54:34] [309/324] MHCL
[22:54:35] [310/324] ATCL
[22:54:35] [311/324] SBCK
[22:54:36] [312/324] AMMR
[22:54:37] [313/324] MADC
[22:54:38] [314/324] TMMA
[22:54:39] [315/324] CACC
[22:54:40] [316/324] CHAL
[22:54:41] [317/324] DURG
[22:54:42] [318/324] GMKU
[22:54:44] [319/324] GECA
[22:54:44] [320/324] KYRR
[22:54:45] [321/324] KSDE
[22:54:46] [322/324] LMCI
[22:54:47] [323/324] NKCP
[22:54:48] [324/324] BGTC
[22:54:49] 🧹 Deduping shows
[22:54:49] ✅ DONE | Shows=1505 | Movies=70
