[18:58:03] 🚀 SCRIPT STARTED
[18:58:03] [1/445] TGMR
[18:58:03] 🧠 New identity created
[18:58:04] [2/445] CXKR
[18:58:05] [3/445] SROP
[18:58:06] [4/445] GTSV
[18:58:07] [5/445] SNTY
[18:58:09] [6/445] SMYY
[18:58:10] [7/445] CNCS
[18:58:10] [8/445] CSTM
[18:58:11] [9/445] NUCD
[18:58:12] [10/445] SHCZ
[18:58:13] [11/445] NJCT
[18:58:14] [12/445] COPC
[18:58:15] [13/445] STVV
[18:58:15] [14/445] SKRN
[18:58:17] [15/445] APPZ
[18:58:18] [16/445] YMGN
[18:58:19] [17/445] SVTU
[18:58:20] [18/445] GTAD
[18:58:21] [19/445] PSUS
[18:58:22] [20/445] SMCD
[18:58:23] [21/445] CMCM
[18:58:24] [22/445] SYCT
[18:58:25] [23/445] STLY
[18:58:26] [24/445] CMHU
[18:58:27] [25/445] CMSA
[18:58:28] [26/445] CLCU
[18:58:29] [27/445] PPNT
[18:58:30] [28/445] JTAB
[18:58:31] [29/445] BUUC
[18:58:31] [30/445] BSVK
[18:58:32] [31/445] VVVQ
[18:58:34] [32/445] TKMU
[18:58:35] [33/445] ESYL
[18:58:36] [34/445] ACHP
[18:58:37] [35/445] BTKD
[18:58:38] [36/445] DESA
[18:58:38] [37/445] GBCT
[18:58:39] [38/445] BLLD
[18:58:40] [39/445] SKNT
[18:58:41] [40/445] SSTE
[18:58:42] [41/445] VJMR
[18:58:43] [42/445] NTPU
[18:58:44] [43/445] RDKN
[18:58:45] [44/445] ADGC
[18:58:46] [45/445] VRBP
[18:58:47] [46/445] NMNA
[18:58:48] [47/445] CMMX
[18:58:48] [48/445] PTKO
[18:58:50] [49/445] RBML
[18:58:51] [50/445] SAIC
[18:58:51] [51/445] SVTJ
[18:58:52] [52/445] MRTE
[18:58:53] [53/445] RBTP
[18:58:55] [54/445] NLPS
[18:58:56] [55/445] GTNA
[18:58:57] [56/445] DGGC
[18:58:58] [57/445] SMCR
[18:58:59] [58/445] SCGD
[18:58:59] [59/445] SRRJ
[18:59:00] [60/445] CNRY
[18:59:01] [61/445] KTDI
[18:59:02] [62/445] SNJL
[18:59:03] [63/445] RKMD
[18:59:04] [64/445] SMDC
[18:59:05] [65/445] TADG
[18:59:06] [66/445] MCGS
[18:59:07] [67/445] PETK
[18:59:08] [68/445] CHAG
[18:59:09] [69/445] KSTL
[18:59:10] [70/445] AADS
[18:59:11] [71/445] NTHZ
[18:59:11] [72/445] HCKI
[18:59:12] [73/445] SSEF
[18:59:13] [74/445] MCGX
[18:59:14] [75/445] ERRA
[18:59:15] [76/445] SDTW
[18:59:17] [77/445] RMPK
[18:59:17] [78/445] PTHK
[18:59:18] [79/445] PXCS
[18:59:19] [80/445] SVLU
[18:59:20] [81/445] STAH
[18:59:21] [82/445] JRGF
[18:59:22] [83/445] CDOK
[18:59:23] [84/445] CMSG
[18:59:24] [85/445] APTD
[18:59:26] [86/445] KMPG
[18:59:27] [87/445] MUTJ
[18:59:28] [88/445] VCCI
[18:59:29] [89/445] URBE
[18:59:30] [90/445] TCTS
[18:59:31] [91/445] STSN
[18:59:32] [92/445] AKCH
[18:59:32] [93/445] APSC
[18:59:33] [94/445] VLTB
[18:59:34] [95/445] SANU
[18:59:35] [96/445] AXAM
[18:59:36] [97/445] MGMG
[18:59:37] [98/445] HTBY
[18:59:38] [99/445] MMZS
[18:59:39] [100/445] SUDR
[18:59:39] [101/445] CCAD
[18:59:40] [102/445] SKKC
[18:59:41] [103/445] RMCD
[18:59:42] [104/445] SBCQ
[18:59:43] [105/445] DCCT
[18:59:44] [106/445] VTKP
[18:59:45] [107/445] MLAM
[18:59:45] [108/445] SAVT
[18:59:46] [109/445] GEPL
[18:59:47] [110/445] AMCD
[18:59:48] [111/445] CCXR
[18:59:49] [112/445] GRNG
[18:59:50] [113/445] EBCA
[18:59:51] [114/445] CNVG
[18:59:52] [115/445] MWSS
[18:59:53] [116/445] VBOR
[18:59:53] [117/445] NEEB
[18:59:54] [118/445] SUTH
[18:59:55] [119/445] ANDB
[18:59:57] [120/445] MMXS
[18:59:58] [121/445] CNPD
[18:59:58] [122/445] SDCE
[18:59:59] [123/445] DHCB
[19:00:00] [124/445] ODEN
[19:00:01] [125/445] TNTC
[19:00:02] [126/445] VBKM
[19:00:03] [127/445] RZYM
[19:00:04] [128/445] JEMC
[19:00:05] [129/445] CMAU
[19:00:06] [130/445] SIVP
[19:00:07] [131/445] ATAG
[19:00:08] [132/445] CHTM
[19:00:08] [133/445] AAEE
[19:00:10] [134/445] IWPM
[19:00:13] [135/445] KCMW
[19:00:13] [136/445] MCTD
[19:00:14] [137/445] SPWR
[19:00:15] [138/445] SDPO
[19:00:16] [139/445] PCSK
[19:00:17] [140/445] ACHV
[19:00:17] [141/445] SVLA
[19:00:18] [142/445] PICT
[19:00:19] [143/445] BXDR
[19:00:20] [144/445] SPWA
[19:00:21] [145/445] MCKO
[19:00:21] [146/445] RTHK
[19:00:22] [147/445] CCMF
[19:00:23] [148/445] MRGB
[19:00:24] [149/445] CPLC
[19:00:25] [150/445] RACD
[19:00:26] [151/445] ATKT
[19:00:27] [152/445] SARN
[19:00:28] [153/445] KKUI
[19:00:29] [154/445] RGCM
[19:00:29] [155/445] BRVP
[19:00:30] [156/445] HRSR
[19:00:31] [157/445] GKGM
[19:00:32] [158/445] TTCD
[19:00:33] [159/445] PTTI
[19:00:34] [160/445] MPTT
[19:00:34] [161/445] CVTT
[19:00:35] [162/445] PCXD
[19:00:36] [163/445] GCDC
[19:00:37] [164/445] CCCF
[19:00:37] [165/445] MRAD
[19:00:38] [166/445] CPLK
[19:00:39] [167/445] SATB
[19:00:40] [168/445] SNVG
[19:00:41] [169/445] JMBA
[19:00:42] [170/445] TEJA
[19:00:42] [171/445] STYO
[19:00:43] [172/445] JTBP
[19:00:44] [173/445] KRGD
[19:00:45] [174/445] SLJJ
[19:00:46] [175/445] SPTJ
[19:00:46] [176/445] SWJG
[19:00:47] [177/445] LKRT
[19:00:48] [178/445] KCKA
[19:00:49] [179/445] SNCR
[19:00:51] [180/445] SMKL
[19:00:52] [181/445] GCFA
[19:00:52] [182/445] DDCK
[19:00:53] [183/445] NCHJ
[19:00:54] [184/445] RDMA
[19:00:56] [185/445] SVSV
[19:00:57] [186/445] SCJG
[19:00:58] [187/445] VKLP
[19:00:59] [188/445] NWCC
[19:01:00] [189/445] VKNS
[19:01:01] [190/445] SDDP
[19:01:02] [191/445] ACSI
[19:01:02] [192/445] SATG
[19:01:03] [193/445] SCMW
[19:01:04] [194/445] LKTK
[19:01:05] [195/445] VCKV
[19:01:05] [196/445] KKPE
[19:01:06] [197/445] KIGH
[19:01:07] [198/445] SRPM
[19:01:08] [199/445] SCAH
[19:01:08] [200/445] MUTA
[19:01:10] [201/445] SEPU
[19:01:10] [202/445] INOA
[19:01:11] [203/445] BASK
[19:01:12] [204/445] NECB
[19:01:13] [205/445] GTTG
[19:01:14] [206/445] ASSA
[19:01:15] [207/445] ANCL
[19:01:16] [208/445] GCTI
[19:01:16] [209/445] RCTS
[19:01:17] [210/445] ACNL
[19:01:18] [211/445] MYCT
[19:01:19] [212/445] NMHT
[19:01:20] [213/445] MDIT
[19:01:21] [214/445] LATG
[19:01:21] [215/445] SMTY
[19:01:22] [216/445] CVCT
[19:01:23] [217/445] RAMB
[19:01:23] [218/445] TGMS
[19:01:24] [219/445] BHEL
[19:01:25] [220/445] SHCT
[19:01:26] [221/445] SVCT
[19:01:29] [222/445] MRIY
[19:01:29] [223/445] SARO
[19:01:30] [224/445] STCT
[19:01:31] [225/445] JKKC
[19:01:32] [226/445] PLTT
[19:01:33] [227/445] SRNT
[19:01:34] [228/445] YAST
[19:01:35] [229/445] PERL
[19:01:36] [230/445] CICM
[19:01:36] [231/445] MMTR
[19:01:37] [232/445] ABTK
[19:01:38] [233/445] ATYY
[19:01:39] [234/445] ASTK
[19:01:40] [235/445] VVCK
[19:01:40] [236/445] ATKY
[19:01:41] [237/445] GWEK
[19:01:42] [238/445] SVFH
[19:01:43] [239/445] SLTA
[19:01:44] [240/445] AASH
[19:01:45] [241/445] ACXB
[19:01:45] [242/445] SMTX
[19:01:46] [243/445] AZDH
[19:01:47] [244/445] CMMH
[19:01:48] [245/445] SCSZ
[19:01:49] [246/445] SCKP
[19:01:50] [247/445] NXTM
[19:01:51] [248/445] NWCS
[19:01:52] [249/445] CXMH
[19:01:53] [250/445] PCMA
[19:01:54] [251/445] SGCM
[19:01:55] [252/445] SDTU
[19:01:57] [253/445] MMVI
[19:01:58] [254/445] JKCM
[19:01:58] [255/445] VCMM
[19:01:59] [256/445] SYEE
[19:02:01] [257/445] VASD
[19:02:01] [258/445] BDRB
[19:02:02] [259/445] LASM
[19:02:03] [260/445] DCRL
[19:02:04] [261/445] DVPM
[19:02:05] [262/445] SBMJ
[19:02:06] [263/445] CBMU
[19:02:07] [264/445] IUBS
[19:02:08] [265/445] INAP
[19:02:09] [266/445] SRRC
[19:02:10] [267/445] SAGR
[19:02:11] [268/445] CPMJ
[19:02:12] [269/445] ATJL
[19:02:13] [270/445] NNTD
[19:02:15] [271/445] JHCJ
[19:02:15] [272/445] CMMP
[19:02:16] [273/445] RSDR
[19:02:17] [274/445] AMTI
[19:02:18] [275/445] NYSG
[19:02:19] [276/445] AVSG
[19:02:20] [277/445] SYTP
[19:02:20] [278/445] LARC
[19:02:21] [279/445] RJTP
[19:02:22] [280/445] LAKC
[19:02:23] [281/445] MCXE
[19:02:24] [282/445] CCZC
[19:02:25] [283/445] AVCH
[19:02:26] [284/445] CMBE
[19:02:27] [285/445] MRRC
[19:02:28] [286/445] PCPY
[19:02:29] [287/445] SRMH
[19:02:30] [288/445] SVGS
[19:02:31] [289/445] PCSE
[19:02:32] [290/445] SVFT
[19:02:33] [291/445] TNZP
[19:02:34] [292/445] ICTP
[19:02:35] [293/445] ACTZ
[19:02:35] [294/445] GTUR
[19:02:36] [295/445] MAFC
[19:02:37] [296/445] MINL
[19:02:38] [297/445] MRCL
[19:02:39] [298/445] RCRP
[19:02:40] [299/445] RFFG
[19:02:41] [300/445] RMAS
[19:02:41] [301/445] INVR
[19:02:42] [302/445] RMAR
[19:02:43] [303/445] CNIS
[19:02:44] [304/445] RHRJ
[19:02:45] [305/445] INXR
[19:02:46] [306/445] VALT
[19:02:46] [307/445] LCSH
[19:02:47] [308/445] CMVS
[19:02:48] [309/445] CNMS
[19:02:49] [310/445] ROOG
[19:02:50] [311/445] ISRM
[19:02:51] [312/445] RCRM
[19:02:52] [313/445] ACJA
[19:02:53] [314/445] RCVS
[19:02:54] [315/445] CPUS
[19:02:54] [316/445] TGCS
[19:02:55] [317/445] RKCJ
[19:02:56] [318/445] MKSB
[19:02:57] [319/445] TCSJ
[19:02:58] [320/445] RMGP
[19:02:59] [321/445] CLLP
[19:03:00] [322/445] RCMV
[19:03:01] [323/445] CCKS
[19:03:02] [324/445] RSRP
[19:03:03] [325/445] APLP
[19:03:03] [326/445] CNVS
[19:03:04] [327/445] RMVY
[19:03:05] [328/445] PGBD
[19:03:06] [329/445] KLMS
[19:03:07] [330/445] RUST
[19:03:07] [331/445] MASM
[19:03:09] [332/445] BACS
[19:03:10] [333/445] BWST
[19:03:10] [334/445] RRFH
[19:03:11] [335/445] SJTM
[19:03:12] [336/445] BEMR
[19:03:13] [337/445] MCGR
[19:03:14] [338/445] SDSK
[19:03:15] [339/445] VBOL
[19:03:16] [340/445] RMGM
[19:03:17] [341/445] NOPL
[19:03:17] [342/445] MKJK
[19:03:18] [343/445] CVRN
[19:03:19] [344/445] MMEN
[19:03:20] [345/445] AMNG
[19:03:21] [346/445] INTM
[19:03:22] [347/445] SLCZ
[19:03:23] [348/445] AMJN
[19:03:23] [349/445] ACJN
[19:03:24] [350/445] AMKN
[19:03:25] [351/445] BTCN
[19:03:25] [352/445] AMBT
[19:03:26] [353/445] PACN
[19:03:27] [354/445] LCNS
[19:03:28] [355/445] PPKC
[19:03:29] [356/445] JYYN
[19:03:30] [357/445] JTNR
[19:03:31] [358/445] GTEE
[19:03:31] [359/445] SRNM
[19:03:32] [360/445] SDTC
[19:03:33] [361/445] VPCA
[19:03:34] [362/445] VLRA
[19:03:35] [363/445] SHKR
[19:03:36] [364/445] SBKD
[19:03:37] [365/445] SAAD
[19:03:37] [366/445] JTGN
[19:03:38] [367/445] SLAM
[19:03:39] [368/445] VTPM
[19:03:40] [369/445] ANPT
[19:03:41] [370/445] PUNB
[19:03:42] [371/445] CPKT
[19:03:44] [372/445] CNWE
[19:03:45] [373/445] ECPP
[19:03:46] [374/445] CPAR
[19:03:46] [375/445] ESBW
[19:03:47] [376/445] PKPU
[19:03:48] [377/445] CPRP
[19:03:49] [378/445] RAHU
[19:03:49] [379/445] RHMN
[19:03:50] [380/445] FMJP
[19:03:51] [381/445] CTMP
[19:03:52] [382/445] INPN
[19:03:52] [383/445] STTG
[19:03:53] [384/445] CTRD
[19:03:54] [385/445] PUVB
[19:03:56] [386/445] ESVP
[19:03:56] [387/445] CPFT
[19:03:57] [388/445] LCPC
[19:03:58] [389/445] VBCT
[19:03:59] [390/445] FSCW
[19:04:01] [391/445] VCMP
[19:04:02] [392/445] ASHC
[19:04:02] [393/445] VLCX
[19:04:03] [394/445] SHEV
[19:04:04] [395/445] APCO
[19:04:05] [396/445] SILC
[19:04:06] [397/445] SNMR
[19:04:06] [398/445] KYBO
[19:04:07] [399/445] SATK
[19:04:08] [400/445] SSCS
[19:04:09] [401/445] CLSB
[19:04:10] [402/445] KMJR
[19:04:11] [403/445] FSCK
[19:04:12] [404/445] NNKA
[19:04:12] [405/445] CLMK
[19:04:13] [406/445] DMPZ
[19:04:14] [407/445] INQM
[19:04:15] [408/445] CAML
[19:04:16] [409/445] INRK
[19:04:17] [410/445] IMKN
[19:04:18] [411/445] SVNR
[19:04:19] [412/445] INSL
[19:04:19] [413/445] MSMA
[19:04:20] [414/445] MCKK
[19:04:21] [415/445] FCHP
[19:04:22] [416/445] SFCR
[19:04:22] [417/445] NACK
[19:04:23] [418/445] PVAK
[19:04:24] [419/445] INER
[19:04:25] [420/445] RDBK
[19:04:26] [421/445] SVFN
[19:04:27] [422/445] IFRM
[19:04:27] [423/445] ATCK
[19:04:28] [424/445] ASKO
[19:04:29] [425/445] STKT
[19:04:30] [426/445] SVFB
[19:04:31] [427/445] INKS
[19:04:31] [428/445] PCRA
[19:04:32] [429/445] ATJA
[19:04:33] [430/445] IMJN
[19:04:34] [431/445] INHD
[19:04:35] [432/445] BARA
[19:04:35] [433/445] MCSL
[19:04:36] [434/445] RTOY
[19:04:37] [435/445] MENO
[19:04:38] [436/445] PUDM
[19:04:39] [437/445] PRCN
[19:04:39] [438/445] JMJR
[19:04:41] [439/445] SSGK
[19:04:42] [440/445] SSRL
[19:04:42] [441/445] JYKL
[19:04:43] [442/445] ACNB
[19:04:44] [443/445] SONP
[19:04:45] [444/445] EMCI
[19:04:46] [445/445] MRJH
[19:04:47] 🧹 Deduping shows
[19:04:47] ✅ DONE | Shows=164 | Movies=15
