[18:58:05] 🚀 SCRIPT STARTED
[18:58:05] [1/459] NECA
[18:58:05] 🧠 New identity created
[18:58:06] [2/459] BJLC
[18:58:07] [3/459] BASU
[18:58:08] [4/459] RUPI
[18:58:09] [5/459] LCBK
[18:58:10] [6/459] PMAC
[18:58:10] [7/459] AMLC
[18:58:12] [8/459] LICL
[18:58:13] [9/459] UDMM
[18:58:13] [10/459] STBZ
[18:58:14] [11/459] UUBT
[18:58:15] [12/459] SJKC
[18:58:16] [13/459] TUAL
[18:58:17] [14/459] MRSE
[18:58:18] [15/459] RMRK
[18:58:19] [16/459] TTKP
[18:58:19] [17/459] KTKO
[18:58:20] [18/459] SDBK
[18:58:21] [19/459] MCPR
[18:58:22] [20/459] CHTI
[18:58:23] [21/459] GCCP
[18:58:23] [22/459] SRMY
[18:58:24] [23/459] NYST
[18:58:25] [24/459] NYAG
[18:58:26] [25/459] SBMT
[18:58:27] [26/459] INGA
[18:58:28] [27/459] WSIC
[18:58:29] [28/459] SCSS
[18:58:30] [29/459] COPG
[18:58:30] [30/459] RCGR
[18:58:31] [31/459] TCZA
[18:58:32] [32/459] CNLP
[18:58:34] [33/459] CLKN
[18:58:35] [34/459] LHDF
[18:58:36] [35/459] ELKC
[18:58:37] [36/459] VCEM
[18:58:38] [37/459] SSZA
[18:58:39] [38/459] KRMT
[18:58:40] [39/459] LCMV
[18:58:41] [40/459] AYCZ
[18:58:42] [41/459] CUMS
[18:58:43] [42/459] BOCK
[18:58:43] [43/459] PNMR
[18:58:44] [44/459] PJCP
[18:58:45] [45/459] JDDD
[18:58:46] [46/459] STMS
[18:58:47] [47/459] FLMB
[18:58:48] [48/459] PKCM
[18:58:49] [49/459] SPPR
[18:58:50] [50/459] EYLH
[18:58:52] [51/459] RJCC
[18:58:53] [52/459] MMPS
[18:58:54] [53/459] SHMX
[18:58:54] [54/459] CCNL
[18:58:55] [55/459] RCNV
[18:58:56] [56/459] MAAG
[18:58:57] [57/459] LXCM
[18:58:58] [58/459] RCNI
[18:58:58] [59/459] SNNI
[18:58:59] [60/459] LALC
[18:59:00] [61/459] SOCN
[18:59:01] [62/459] JHTP
[18:59:02] [63/459] PITP
[18:59:03] [64/459] CCKW
[18:59:04] [65/459] MCMC
[18:59:05] [66/459] DEES
[18:59:06] [67/459] SABT
[18:59:07] [68/459] VSPP
[18:59:08] [69/459] ABCT
[18:59:08] [70/459] JVTB
[18:59:09] [71/459] VCBD
[18:59:10] [72/459] RMGG
[18:59:11] [73/459] RNMH
[18:59:13] [74/459] SPGL
[18:59:13] [75/459] JTTR
[18:59:14] [76/459] SICS
[18:59:15] [77/459] SRMI
[18:59:17] [78/459] SSIJ
[18:59:17] [79/459] KFMT
[18:59:18] [80/459] VBIT
[18:59:19] [81/459] JKCT
[18:59:20] [82/459] GCGP
[18:59:21] [83/459] GDCS
[18:59:22] [84/459] TRBA
[18:59:22] [85/459] QUST
[18:59:23] [86/459] VSHM
[18:59:24] [87/459] SDCP
[18:59:25] [88/459] SNVS
[18:59:26] [89/459] NYTO
[18:59:27] [90/459] URWC
[18:59:28] [91/459] GTWH
[18:59:29] [92/459] PFCM
[18:59:30] [93/459] KRTA
[18:59:30] [94/459] AXMC
[18:59:31] [95/459] EVMC
[18:59:32] [96/459] HGSM
[18:59:33] [97/459] ACVM
[18:59:33] [98/459] PSKL
[18:59:34] [99/459] RDMP
[18:59:35] [100/459] RHGH
[18:59:36] [101/459] OMCM
[18:59:37] [102/459] DCCP
[18:59:38] [103/459] MCPB
[18:59:38] [104/459] ALCI
[18:59:39] [105/459] BLMX
[18:59:40] [106/459] BTMV
[18:59:41] [107/459] FVPN
[18:59:42] [108/459] CMAR
[18:59:42] [109/459] CEIM
[18:59:43] [110/459] CMVA
[18:59:44] [111/459] CPIV
[18:59:45] [112/459] CNPE
[18:59:46] [113/459] COLV
[18:59:47] [114/459] DNNV
[18:59:48] [115/459] HCAD
[18:59:49] [116/459] TAKA
[18:59:49] [117/459] INVD
[18:59:50] [118/459] IRMM
[18:59:51] [119/459] INSE
[18:59:52] [120/459] MRSW
[18:59:53] [121/459] MCVD
[18:59:54] [122/459] MCSO
[18:59:54] [123/459] PEVM
[18:59:55] [124/459] PVNL
[18:59:56] [125/459] PTCV
[18:59:57] [126/459] PRTC
[18:59:58] [127/459] RCVA
[18:59:59] [128/459] MTBN
[19:00:00] [129/459] LUCP
[19:00:01] [130/459] FMPT
[19:00:02] [131/459] JLSL
[19:00:02] [132/459] SBHA
[19:00:03] [133/459] SHRC
[19:00:04] [134/459] AVPS
[19:00:05] [135/459] STPM
[19:00:06] [136/459] ATRD
[19:00:06] [137/459] VTED
[19:00:08] [138/459] ACAI
[19:00:08] [139/459] SMAE
[19:00:09] [140/459] VMAT
[19:00:10] [141/459] LKCT
[19:00:11] [142/459] JTVK
[19:00:11] [143/459] PRTY
[19:00:12] [144/459] GETT
[19:00:13] [145/459] ESAP
[19:00:14] [146/459] NCPM
[19:00:15] [147/459] PCPA
[19:00:16] [148/459] MMOM
[19:00:17] [149/459] PHUP
[19:00:18] [150/459] CCPI
[19:00:18] [151/459] CNTD
[19:00:19] [152/459] NLJR
[19:00:20] [153/459] SRNG
[19:00:21] [154/459] MHAL
[19:00:21] [155/459] PNSM
[19:00:22] [156/459] DRMY
[19:00:23] [157/459] CCMU
[19:00:24] [158/459] SCMY
[19:00:25] [159/459] PVSY
[19:00:26] [160/459] SDLM
[19:00:26] [161/459] ICCM
[19:00:27] [162/459] PYSU
[19:00:28] [163/459] GATM
[19:00:29] [164/459] WOTM
[19:00:30] [165/459] RKTS
[19:00:30] [166/459] PMTY
[19:00:31] [167/459] LYMS
[19:00:32] [168/459] TGCA
[19:00:33] [169/459] DSTA
[19:00:34] [170/459] CNGE
[19:00:35] [171/459] VSTG
[19:00:36] [172/459] GTCK
[19:00:37] [173/459] TGNT
[19:00:38] [174/459] ASLC
[19:00:39] [175/459] SSST
[19:00:40] [176/459] KBTT
[19:00:41] [177/459] HKCP
[19:00:42] [178/459] SWLC
[19:00:43] [179/459] RTND
[19:00:44] [180/459] PKKT
[19:00:46] [181/459] HSTK
[19:00:47] [182/459] SPTT
[19:00:47] [183/459] IMPM
[19:00:48] [184/459] SCMV
[19:00:49] [185/459] SPCT
[19:00:50] [186/459] JBCA
[19:00:51] [187/459] ATTR
[19:00:52] [188/459] SPMT
[19:00:53] [189/459] LCTM
[19:00:53] [190/459] SCVL
[19:00:55] [191/459] SCVT
[19:00:56] [192/459] KRIC
[19:00:58] [193/459] CTMG
[19:00:58] [194/459] ACNC
[19:00:59] [195/459] DMCK
[19:01:00] [196/459] KMTV
[19:01:01] [197/459] PFCJ
[19:01:02] [198/459] VNMD
[19:01:02] [199/459] VPCZ
[19:01:03] [200/459] SRYR
[19:01:04] [201/459] SYTR
[19:01:05] [202/459] GATR
[19:01:06] [203/459] URTR
[19:01:07] [204/459] MKSM
[19:01:09] [205/459] VSMH
[19:01:09] [206/459] SKRJ
[19:01:10] [207/459] SSJR
[19:01:11] [208/459] SVSM
[19:01:12] [209/459] RUCM
[19:01:12] [210/459] PRKN
[19:01:13] [211/459] RROH
[19:01:14] [212/459] SCTN
[19:01:15] [213/459] RTDM
[19:01:15] [214/459] ASRM
[19:01:16] [215/459] SKMD
[19:01:17] [216/459] SUTD
[19:01:18] [217/459] SADM
[19:01:19] [218/459] WCNR
[19:01:20] [219/459] CNED
[19:01:21] [220/459] MPDB
[19:01:22] [221/459] KTBH
[19:01:23] [222/459] IDRM
[19:01:24] [223/459] PJJT
[19:01:24] [224/459] PFCV
[19:01:25] [225/459] AACT
[19:01:26] [226/459] AAAD
[19:01:27] [227/459] ANES
[19:01:28] [228/459] MNCA
[19:01:28] [229/459] RMGU
[19:01:29] [230/459] DLCN
[19:01:30] [231/459] LJWT
[19:01:32] [232/459] MCBG
[19:01:33] [233/459] MYBG
[19:01:34] [234/459] GCCA
[19:01:34] [235/459] GCGA
[19:01:35] [236/459] ECGN
[19:01:36] [237/459] PRAB
[19:01:37] [238/459] PNMP
[19:01:38] [239/459] GCPT
[19:01:39] [240/459] ROYN
[19:01:39] [241/459] VATM
[19:01:40] [242/459] KSNT
[19:01:41] [243/459] ACTC
[19:01:42] [244/459] PLTD
[19:01:43] [245/459] SKMK
[19:01:44] [246/459] CMTT
[19:01:45] [247/459] SMXP
[19:01:46] [248/459] SCMX
[19:01:46] [249/459] ACXN
[19:01:47] [250/459] ASWT
[19:01:48] [251/459] VVVL
[19:01:49] [252/459] NAGO
[19:01:50] [253/459] SNCN
[19:01:50] [254/459] MCKP
[19:01:51] [255/459] SAMO
[19:01:52] [256/459] JBTV
[19:01:54] [257/459] DCVV
[19:01:54] [258/459] KMSV
[19:01:55] [259/459] KDCN
[19:01:56] [260/459] CNCP
[19:01:57] [261/459] HAMC
[19:01:58] [262/459] CCVZ
[19:01:59] [263/459] NCCK
[19:02:00] [264/459] MCHR
[19:02:01] [265/459] SCHT
[19:02:01] [266/459] ESSH
[19:02:02] [267/459] CUJC
[19:02:03] [268/459] PECP
[19:02:04] [269/459] PMMI
[19:02:05] [270/459] PCCH
[19:02:06] [271/459] PRPM
[19:02:06] [272/459] PVKL
[19:02:07] [273/459] CBSM
[19:02:08] [274/459] PVCZ
[19:02:10] [275/459] PCVV
[19:02:11] [276/459] CTMJ
[19:02:11] [277/459] RCPS
[19:02:12] [278/459] PCIT
[19:02:13] [279/459] FNCH
[19:02:14] [280/459] INZD
[19:02:15] [281/459] INPC
[19:02:15] [282/459] LCZP
[19:02:16] [283/459] SMCB
[19:02:17] [284/459] PTSB
[19:02:18] [285/459] TPSI
[19:02:18] [286/459] KHMJ
[19:02:19] [287/459] RCCJ
[19:02:20] [288/459] NCJA
[19:02:21] [289/459] NCJN
[19:02:22] [290/459] BTDP
[19:02:22] [291/459] PADY
[19:02:23] [292/459] NYBH
[19:02:24] [293/459] MTBR
[19:02:25] [294/459] KRBC
[19:02:25] [295/459] DKTI
[19:02:27] [296/459] ANAN
[19:02:28] [297/459] INBP
[19:02:28] [298/459] PATB
[19:02:29] [299/459] RGNT
[19:02:30] [300/459] CGPM
[19:02:31] [301/459] INTN
[19:02:32] [302/459] MCMP
[19:02:32] [303/459] ASRG
[19:02:33] [304/459] CXJD
[19:02:34] [305/459] SPCP
[19:02:35] [306/459] CSTP
[19:02:36] [307/459] PKVC
[19:02:37] [308/459] ESCP
[19:02:38] [309/459] CAEP
[19:02:39] [310/459] CCSP
[19:02:40] [311/459] KTPC
[19:02:41] [312/459] DACA
[19:02:42] [313/459] NVKY
[19:02:43] [314/459] PTIN
[19:02:44] [315/459] SCIN
[19:02:45] [316/459] MCTY
[19:02:45] [317/459] PCMX
[19:02:46] [318/459] INIC
[19:02:47] [319/459] MMZM
[19:02:48] [320/459] SSLP
[19:02:49] [321/459] DTDT
[19:02:50] [322/459] FFCX
[19:02:51] [323/459] RCMM
[19:02:52] [324/459] KYID
[19:02:52] [325/459] CSCI
[19:02:53] [326/459] FCMC
[19:02:54] [327/459] MMXI
[19:02:55] [328/459] ASTC
[19:02:56] [329/459] CMRA
[19:02:56] [330/459] DICI
[19:02:57] [331/459] KDIN
[19:02:58] [332/459] PRFI
[19:02:59] [333/459] SVFC
[19:03:00] [334/459] UCPL
[19:03:01] [335/459] COOC
[19:03:02] [336/459] SCAL
[19:03:02] [337/459] SVFF
[19:03:04] [338/459] VCMG
[19:03:05] [339/459] UUCT
[19:03:06] [340/459] GCSE
[19:03:07] [341/459] SUSC
[19:03:08] [342/459] MISC
[19:03:08] [343/459] RMBL
[19:03:09] [344/459] CMXN
[19:03:10] [345/459] PVBK
[19:03:11] [346/459] HHCG
[19:03:12] [347/459] SCAG
[19:03:12] [348/459] CNPR
[19:03:13] [349/459] CSER
[19:03:14] [350/459] HLWD
[19:03:15] [351/459] BOLY
[19:03:16] [352/459] SSPG
[19:03:17] [353/459] MUPX
[19:03:18] [354/459] HAMR
[19:03:19] [355/459] SDNC
[19:03:20] [356/459] RTEN
[19:03:21] [357/459] SDTD
[19:03:22] [358/459] KAWS
[19:03:23] [359/459] CMZX
[19:03:24] [360/459] DCDD
[19:03:25] [361/459] ALSN
[19:03:26] [362/459] IMXS
[19:03:26] [363/459] PVFF
[19:03:27] [364/459] PVOO
[19:03:28] [365/459] CFBS
[19:03:30] [366/459] PVER
[19:03:31] [367/459] PPNX
[19:03:32] [368/459] CNRM
[19:03:33] [369/459] PVWW
[19:03:34] [370/459] INMB
[19:03:35] [371/459] CPJR
[19:03:36] [372/459] INRZ
[19:03:37] [373/459] PMSR
[19:03:38] [374/459] GPGM
[19:03:39] [375/459] PGWB
[19:03:40] [376/459] PMBR
[19:03:41] [377/459] GPAM
[19:03:42] [378/459] INBC
[19:03:43] [379/459] PZVK
[19:03:43] [380/459] CPEB
[19:03:44] [381/459] FMLB
[19:03:45] [382/459] INBG
[19:03:46] [383/459] GPBR
[19:03:47] [384/459] PAAS
[19:03:47] [385/459] VTBR
[19:03:48] [386/459] GPMY
[19:03:49] [387/459] GYBU
[19:03:50] [388/459] INBJ
[19:03:51] [389/459] LKTH
[19:03:52] [390/459] NSBR
[19:03:52] [391/459] PDRD
[19:03:53] [392/459] VRBL
[19:03:54] [393/459] VTGB
[19:03:55] [394/459] VTSK
[19:03:56] [395/459] BKDV
[19:03:57] [396/459] SVTB
[19:03:58] [397/459] MLDT
[19:03:59] [398/459] NRBL
[19:04:00] [399/459] SLTR
[19:04:01] [400/459] VNKA
[19:04:02] [401/459] TDCA
[19:04:03] [402/459] INBM
[19:04:04] [403/459] SSNR
[19:04:05] [404/459] BHAC
[19:04:05] [405/459] SDSD
[19:04:06] [406/459] SAMP
[19:04:07] [407/459] RATK
[19:04:08] [408/459] KCBI
[19:04:08] [409/459] URBL
[19:04:09] [410/459] MKBG
[19:04:10] [411/459] ASTB
[19:04:11] [412/459] VBWT
[19:04:12] [413/459] GPSM
[19:04:13] [414/459] ROON
[19:04:14] [415/459] CHTH
[19:04:14] [416/459] SSPA
[19:04:15] [417/459] ANBL
[19:04:16] [418/459] VTBE
[19:04:17] [419/459] SVKT
[19:04:18] [420/459] SVYK
[19:04:19] [421/459] PTBK
[19:04:20] [422/459] RKTB
[19:04:21] [423/459] BALT
[19:04:22] [424/459] STSV
[19:04:23] [425/459] VCCB
[19:04:24] [426/459] SLTB
[19:04:24] [427/459] SBCR
[19:04:25] [428/459] VDCS
[19:04:26] [429/459] MDKI
[19:04:27] [430/459] SMRN
[19:04:28] [431/459] PTBC
[19:04:29] [432/459] RADI
[19:04:29] [433/459] ADCR
[19:04:31] [434/459] SDCS
[19:04:31] [435/459] SRPJ
[19:04:33] [436/459] ARTS
[19:04:35] [437/459] SRHK
[19:04:35] [438/459] SPAY
[19:04:36] [439/459] GPTB
[19:04:37] [440/459] SNNN
[19:04:38] [441/459] BALJ
[19:04:38] [442/459] TRIG
[19:04:39] [443/459] GTYT
[19:04:40] [444/459] ATGN
[19:04:41] [445/459] ANTE
[19:04:41] [446/459] BDCG
[19:04:42] [447/459] VECI
[19:04:43] [448/459] SCPR
[19:04:44] [449/459] RTEA
[19:04:45] [450/459] JSAI
[19:04:46] [451/459] VJTP
[19:04:46] [452/459] GNDS
[19:04:48] [453/459] PAXA
[19:04:49] [454/459] CGGM
[19:04:50] [455/459] ACKZ
[19:04:51] [456/459] EMCC
[19:04:52] [457/459] KLSK
[19:04:55] [458/459] AVCK
[19:04:55] [459/459] JTCK
[19:04:56] 🧹 Deduping shows
[19:04:56] ✅ DONE | Shows=170 | Movies=22
[22:21:58] 🚀 SCRIPT STARTED
[22:21:58] [1/459] NECA
[22:21:58] 🧠 New identity created
[22:21:59] [2/459] BJLC
[22:22:00] [3/459] BASU
[22:22:01] [4/459] RUPI
[22:22:02] [5/459] LCBK
[22:22:03] [6/459] PMAC
[22:22:04] [7/459] AMLC
[22:22:05] [8/459] LICL
[22:22:06] [9/459] UDMM
[22:22:07] [10/459] STBZ
[22:22:07] [11/459] UUBT
[22:22:08] [12/459] SJKC
[22:22:09] [13/459] TUAL
[22:22:10] [14/459] MRSE
[22:22:11] [15/459] RMRK
[22:22:13] [16/459] TTKP
[22:22:14] [17/459] KTKO
[22:22:15] [18/459] SDBK
[22:22:16] [19/459] MCPR
[22:22:16] [20/459] CHTI
[22:22:17] [21/459] GCCP
[22:22:19] [22/459] SRMY
[22:22:20] [23/459] NYST
[22:22:21] [24/459] NYAG
[22:22:22] [25/459] SBMT
[22:22:22] [26/459] INGA
[22:22:24] [27/459] WSIC
[22:22:25] [28/459] SCSS
[22:22:26] [29/459] COPG
[22:22:27] [30/459] RCGR
[22:22:28] [31/459] TCZA
[22:22:29] [32/459] CNLP
[22:22:30] [33/459] CLKN
[22:22:31] [34/459] LHDF
[22:22:32] [35/459] ELKC
[22:22:33] [36/459] VCEM
[22:22:34] [37/459] SSZA
[22:22:35] [38/459] KRMT
[22:22:35] [39/459] LCMV
[22:22:36] [40/459] AYCZ
[22:22:38] [41/459] CUMS
[22:22:39] [42/459] BOCK
[22:22:40] [43/459] PNMR
[22:22:40] [44/459] PJCP
[22:22:41] [45/459] JDDD
[22:22:42] [46/459] STMS
[22:22:43] [47/459] FLMB
[22:22:44] [48/459] PKCM
[22:22:45] [49/459] SPPR
[22:22:47] [50/459] EYLH
[22:22:47] [51/459] RJCC
[22:22:48] [52/459] MMPS
[22:22:49] [53/459] SHMX
[22:22:50] [54/459] CCNL
[22:22:51] [55/459] RCNV
[22:22:52] [56/459] MAAG
[22:22:53] [57/459] LXCM
[22:22:54] [58/459] RCNI
[22:22:55] [59/459] SNNI
[22:22:55] [60/459] LALC
[22:22:56] [61/459] SOCN
[22:22:57] [62/459] JHTP
[22:22:58] [63/459] PITP
[22:22:59] [64/459] CCKW
[22:23:00] [65/459] MCMC
[22:23:01] [66/459] DEES
[22:23:02] [67/459] SABT
[22:23:02] [68/459] VSPP
[22:23:03] [69/459] ABCT
[22:23:04] [70/459] JVTB
[22:23:05] [71/459] VCBD
[22:23:06] [72/459] RMGG
[22:23:07] [73/459] RNMH
[22:23:07] [74/459] SPGL
[22:23:08] [75/459] JTTR
[22:23:09] [76/459] SICS
[22:23:11] [77/459] SRMI
[22:23:11] [78/459] SSIJ
[22:23:12] [79/459] KFMT
[22:23:13] [80/459] VBIT
[22:23:14] [81/459] JKCT
[22:23:15] [82/459] GCGP
[22:23:16] [83/459] GDCS
[22:23:17] [84/459] TRBA
[22:23:18] [85/459] QUST
[22:23:19] [86/459] VSHM
[22:23:20] [87/459] SDCP
[22:23:21] [88/459] SNVS
[22:23:22] [89/459] NYTO
[22:23:23] [90/459] URWC
[22:23:25] [91/459] GTWH
[22:23:26] [92/459] PFCM
[22:23:27] [93/459] KRTA
[22:23:27] [94/459] AXMC
[22:23:28] [95/459] EVMC
[22:23:29] [96/459] HGSM
[22:23:30] [97/459] ACVM
[22:23:31] [98/459] PSKL
[22:23:32] [99/459] RDMP
[22:23:33] [100/459] RHGH
[22:23:34] [101/459] OMCM
[22:23:35] [102/459] DCCP
[22:23:36] [103/459] MCPB
[22:23:37] [104/459] ALCI
[22:23:38] [105/459] BLMX
[22:23:39] [106/459] BTMV
[22:23:40] [107/459] FVPN
[22:23:41] [108/459] CMAR
[22:23:42] [109/459] CEIM
[22:23:43] [110/459] CMVA
[22:23:44] [111/459] CPIV
[22:23:45] [112/459] CNPE
[22:23:46] [113/459] COLV
[22:23:47] [114/459] DNNV
[22:23:49] [115/459] HCAD
[22:23:49] [116/459] TAKA
[22:23:50] [117/459] INVD
[22:23:52] [118/459] IRMM
[22:23:52] [119/459] INSE
[22:23:53] [120/459] MRSW
[22:23:54] [121/459] MCVD
[22:23:55] [122/459] MCSO
[22:23:56] [123/459] PEVM
[22:23:57] [124/459] PVNL
[22:23:58] [125/459] PTCV
[22:23:59] [126/459] PRTC
[22:24:01] [127/459] RCVA
[22:24:03] [128/459] MTBN
[22:24:03] [129/459] LUCP
[22:24:04] [130/459] FMPT
[22:24:05] [131/459] JLSL
[22:24:07] [132/459] SBHA
[22:24:08] [133/459] SHRC
[22:24:09] [134/459] AVPS
[22:24:10] [135/459] STPM
[22:24:11] [136/459] ATRD
[22:24:11] [137/459] VTED
[22:24:12] [138/459] ACAI
[22:24:13] [139/459] SMAE
[22:24:14] [140/459] VMAT
[22:24:16] [141/459] LKCT
[22:24:16] [142/459] JTVK
[22:24:17] [143/459] PRTY
[22:24:18] [144/459] GETT
[22:24:19] [145/459] ESAP
[22:24:21] [146/459] NCPM
[22:24:21] [147/459] PCPA
[22:24:22] [148/459] MMOM
[22:24:23] [149/459] PHUP
[22:24:24] [150/459] CCPI
[22:24:25] [151/459] CNTD
[22:24:26] [152/459] NLJR
[22:24:27] [153/459] SRNG
[22:24:27] [154/459] MHAL
[22:24:28] [155/459] PNSM
[22:24:30] [156/459] DRMY
[22:24:31] [157/459] CCMU
[22:24:32] [158/459] SCMY
[22:24:33] [159/459] PVSY
[22:24:34] [160/459] SDLM
[22:24:35] [161/459] ICCM
[22:24:36] [162/459] PYSU
[22:24:37] [163/459] GATM
[22:24:38] [164/459] WOTM
[22:24:38] [165/459] RKTS
[22:24:39] [166/459] PMTY
[22:24:41] [167/459] LYMS
[22:24:42] [168/459] TGCA
[22:24:43] [169/459] DSTA
[22:24:44] [170/459] CNGE
[22:24:46] [171/459] VSTG
[22:24:47] [172/459] GTCK
[22:24:49] [173/459] TGNT
[22:24:50] [174/459] ASLC
[22:24:50] [175/459] SSST
[22:24:51] [176/459] KBTT
[22:24:52] [177/459] HKCP
[22:24:53] [178/459] SWLC
[22:24:54] [179/459] RTND
[22:24:55] [180/459] PKKT
[22:24:56] [181/459] HSTK
[22:24:56] [182/459] SPTT
[22:24:57] [183/459] IMPM
[22:24:58] [184/459] SCMV
[22:24:59] [185/459] SPCT
[22:25:00] [186/459] JBCA
[22:25:01] [187/459] ATTR
[22:25:01] [188/459] SPMT
[22:25:02] [189/459] LCTM
[22:25:03] [190/459] SCVL
[22:25:04] [191/459] SCVT
[22:25:05] [192/459] KRIC
[22:25:05] [193/459] CTMG
[22:25:06] [194/459] ACNC
[22:25:07] [195/459] DMCK
[22:25:08] [196/459] KMTV
[22:25:09] [197/459] PFCJ
[22:25:10] [198/459] VNMD
[22:25:11] [199/459] VPCZ
[22:25:12] [200/459] SRYR
[22:25:13] [201/459] SYTR
[22:25:14] [202/459] GATR
[22:25:15] [203/459] URTR
[22:25:16] [204/459] MKSM
[22:25:18] [205/459] VSMH
[22:25:19] [206/459] SKRJ
[22:25:21] [207/459] SSJR
[22:25:22] [208/459] SVSM
[22:25:23] [209/459] RUCM
[22:25:24] [210/459] PRKN
[22:25:25] [211/459] RROH
[22:25:25] [212/459] SCTN
[22:25:26] [213/459] RTDM
[22:25:27] [214/459] ASRM
[22:25:29] [215/459] SKMD
[22:25:30] [216/459] SUTD
[22:25:31] [217/459] SADM
[22:25:32] [218/459] WCNR
[22:25:33] [219/459] CNED
[22:25:34] [220/459] MPDB
[22:25:35] [221/459] KTBH
[22:25:36] [222/459] IDRM
[22:25:37] [223/459] PJJT
[22:25:38] [224/459] PFCV
[22:25:39] [225/459] AACT
[22:25:41] [226/459] AAAD
[22:25:41] [227/459] ANES
[22:25:42] [228/459] MNCA
[22:25:44] [229/459] RMGU
[22:25:44] [230/459] DLCN
[22:25:45] [231/459] LJWT
[22:25:47] [232/459] MCBG
[22:25:47] [233/459] MYBG
[22:25:48] [234/459] GCCA
[22:25:49] [235/459] GCGA
[22:25:50] [236/459] ECGN
[22:25:51] [237/459] PRAB
[22:25:52] [238/459] PNMP
[22:25:53] [239/459] GCPT
[22:25:54] [240/459] ROYN
[22:25:54] [241/459] VATM
[22:25:55] [242/459] KSNT
[22:25:56] [243/459] ACTC
[22:25:57] [244/459] PLTD
[22:25:58] [245/459] SKMK
[22:26:00] [246/459] CMTT
[22:26:01] [247/459] SMXP
[22:26:02] [248/459] SCMX
[22:26:03] [249/459] ACXN
[22:26:04] [250/459] ASWT
[22:26:06] [251/459] VVVL
[22:26:08] [252/459] NAGO
[22:26:08] [253/459] SNCN
[22:26:09] [254/459] MCKP
[22:26:11] [255/459] SAMO
[22:26:12] [256/459] JBTV
[22:26:12] [257/459] DCVV
[22:26:13] [258/459] KMSV
[22:26:14] [259/459] KDCN
[22:26:15] [260/459] CNCP
[22:26:16] [261/459] HAMC
[22:26:17] [262/459] CCVZ
[22:26:18] [263/459] NCCK
[22:26:19] [264/459] MCHR
[22:26:21] [265/459] SCHT
[22:26:22] [266/459] ESSH
[22:26:23] [267/459] CUJC
[22:26:24] [268/459] PECP
[22:26:25] [269/459] PMMI
[22:26:26] [270/459] PCCH
[22:26:27] [271/459] PRPM
[22:26:27] [272/459] PVKL
[22:26:28] [273/459] CBSM
[22:26:29] [274/459] PVCZ
[22:26:30] [275/459] PCVV
[22:26:31] [276/459] CTMJ
[22:26:33] [277/459] RCPS
[22:26:33] [278/459] PCIT
[22:26:34] [279/459] FNCH
[22:26:35] [280/459] INZD
[22:26:36] [281/459] INPC
[22:26:37] [282/459] LCZP
[22:26:39] [283/459] SMCB
[22:26:39] [284/459] PTSB
[22:26:40] [285/459] TPSI
[22:26:41] [286/459] KHMJ
[22:26:42] [287/459] RCCJ
[22:26:43] [288/459] NCJA
[22:26:44] [289/459] NCJN
[22:26:45] [290/459] BTDP
[22:26:46] [291/459] PADY
[22:26:47] [292/459] NYBH
[22:26:48] [293/459] MTBR
[22:26:49] [294/459] KRBC
[22:26:50] [295/459] DKTI
[22:26:51] [296/459] ANAN
[22:26:52] [297/459] INBP
[22:26:53] [298/459] PATB
[22:26:54] [299/459] RGNT
[22:26:55] [300/459] CGPM
[22:26:56] [301/459] INTN
[22:26:58] [302/459] MCMP
[22:26:58] [303/459] ASRG
[22:27:00] [304/459] CXJD
[22:27:02] [305/459] SPCP
[22:27:03] [306/459] CSTP
[22:27:04] [307/459] PKVC
[22:27:05] [308/459] ESCP
[22:27:06] [309/459] CAEP
[22:27:07] [310/459] CCSP
[22:27:08] [311/459] KTPC
[22:27:09] [312/459] DACA
[22:27:10] [313/459] NVKY
[22:27:11] [314/459] PTIN
[22:27:12] [315/459] SCIN
[22:27:13] [316/459] MCTY
[22:27:14] [317/459] PCMX
[22:27:14] [318/459] INIC
[22:27:15] [319/459] MMZM
[22:27:16] [320/459] SSLP
[22:27:17] [321/459] DTDT
[22:27:18] [322/459] FFCX
[22:27:19] [323/459] RCMM
[22:27:20] [324/459] KYID
[22:27:21] [325/459] CSCI
[22:27:22] [326/459] FCMC
[22:27:23] [327/459] MMXI
[22:27:24] [328/459] ASTC
[22:27:25] [329/459] CMRA
[22:27:26] [330/459] DICI
[22:27:27] [331/459] KDIN
[22:27:28] [332/459] PRFI
[22:27:29] [333/459] SVFC
[22:27:30] [334/459] UCPL
[22:27:31] [335/459] COOC
[22:27:32] [336/459] SCAL
[22:27:34] [337/459] SVFF
[22:27:35] [338/459] VCMG
[22:27:36] [339/459] UUCT
[22:27:37] [340/459] GCSE
[22:27:38] [341/459] SUSC
[22:27:39] [342/459] MISC
[22:27:40] [343/459] RMBL
[22:27:41] [344/459] CMXN
[22:27:41] [345/459] PVBK
[22:27:42] [346/459] HHCG
[22:27:44] [347/459] SCAG
[22:27:45] [348/459] CNPR
[22:27:46] [349/459] CSER
[22:27:47] [350/459] HLWD
[22:27:48] [351/459] BOLY
[22:27:48] [352/459] SSPG
[22:27:49] [353/459] MUPX
[22:27:50] [354/459] HAMR
[22:27:51] [355/459] SDNC
[22:27:52] [356/459] RTEN
[22:27:53] [357/459] SDTD
[22:27:54] [358/459] KAWS
[22:27:55] [359/459] CMZX
[22:27:55] [360/459] DCDD
[22:27:56] [361/459] ALSN
[22:27:57] [362/459] IMXS
[22:27:58] [363/459] PVFF
[22:27:59] [364/459] PVOO
[22:28:00] [365/459] CFBS
[22:28:00] [366/459] PVER
[22:28:02] [367/459] PPNX
[22:28:03] [368/459] CNRM
[22:28:04] [369/459] PVWW
[22:28:04] [370/459] INMB
[22:28:05] [371/459] CPJR
[22:28:06] [372/459] INRZ
[22:28:07] [373/459] PMSR
[22:28:08] [374/459] GPGM
[22:28:09] [375/459] PGWB
[22:28:10] [376/459] PMBR
[22:28:11] [377/459] GPAM
[22:28:12] [378/459] INBC
[22:28:12] [379/459] PZVK
[22:28:13] [380/459] CPEB
[22:28:15] [381/459] FMLB
[22:28:15] [382/459] INBG
[22:28:16] [383/459] GPBR
[22:28:17] [384/459] PAAS
[22:28:18] [385/459] VTBR
[22:28:19] [386/459] GPMY
[22:28:20] [387/459] GYBU
[22:28:21] [388/459] INBJ
[22:28:22] [389/459] LKTH
[22:28:23] [390/459] NSBR
[22:28:24] [391/459] PDRD
[22:28:25] [392/459] VRBL
[22:28:26] [393/459] VTGB
[22:28:27] [394/459] VTSK
[22:28:27] [395/459] BKDV
[22:28:28] [396/459] SVTB
[22:28:29] [397/459] MLDT
[22:28:30] [398/459] NRBL
[22:28:31] [399/459] SLTR
[22:28:32] [400/459] VNKA
[22:28:33] [401/459] TDCA
[22:28:34] [402/459] INBM
[22:28:35] [403/459] SSNR
[22:28:36] [404/459] BHAC
[22:28:37] [405/459] SDSD
[22:28:38] [406/459] SAMP
[22:28:38] [407/459] RATK
[22:28:40] [408/459] KCBI
[22:28:41] [409/459] URBL
[22:28:42] [410/459] MKBG
[22:28:43] [411/459] ASTB
[22:28:44] [412/459] VBWT
[22:28:45] [413/459] GPSM
[22:28:46] [414/459] ROON
[22:28:46] [415/459] CHTH
[22:28:47] [416/459] SSPA
[22:28:48] [417/459] ANBL
[22:28:50] [418/459] VTBE
[22:28:51] [419/459] SVKT
[22:28:52] [420/459] SVYK
[22:28:53] [421/459] PTBK
[22:28:54] [422/459] RKTB
[22:28:55] [423/459] BALT
[22:28:55] [424/459] STSV
[22:28:56] [425/459] VCCB
[22:28:57] [426/459] SLTB
[22:28:58] [427/459] SBCR
[22:28:59] [428/459] VDCS
[22:29:00] [429/459] MDKI
[22:29:01] [430/459] SMRN
[22:29:02] [431/459] PTBC
[22:29:03] [432/459] RADI
[22:29:04] [433/459] ADCR
[22:29:05] [434/459] SDCS
[22:29:06] [435/459] SRPJ
[22:29:07] [436/459] ARTS
[22:29:08] [437/459] SRHK
[22:29:09] [438/459] SPAY
[22:29:09] [439/459] GPTB
[22:29:10] [440/459] SNNN
[22:29:11] [441/459] BALJ
[22:29:12] [442/459] TRIG
[22:29:13] [443/459] GTYT
[22:29:14] [444/459] ATGN
[22:29:15] [445/459] ANTE
[22:29:16] [446/459] BDCG
[22:29:17] [447/459] VECI
[22:29:18] [448/459] SCPR
[22:29:18] [449/459] RTEA
[22:29:19] [450/459] JSAI
[22:29:20] [451/459] VJTP
[22:29:21] [452/459] GNDS
[22:29:22] [453/459] PAXA
[22:29:23] [454/459] CGGM
[22:29:23] [455/459] ACKZ
[22:29:24] [456/459] EMCC
[22:29:25] [457/459] KLSK
[22:29:26] [458/459] AVCK
[22:29:27] [459/459] JTCK
[22:29:28] 🧹 Deduping shows
[22:29:28] ✅ DONE | Shows=206 | Movies=25
