[18:58:05] 🚀 SCRIPT STARTED
[18:58:05] [1/459] MBDC
[18:58:06] 🧠 New identity created
[18:58:06] [2/459] CHKM
[18:58:07] [3/459] JTKZ
[18:58:08] [4/459] CMCT
[18:58:09] [5/459] ASHO
[18:58:10] [6/459] ECDG
[18:58:11] [7/459] SPAT
[18:58:13] [8/459] HILC
[18:58:13] [9/459] SPPH
[18:58:14] [10/459] SBHN
[18:58:15] [11/459] RRCA
[18:58:16] [12/459] APAA
[18:58:17] [13/459] RAME
[18:58:18] [14/459] TMMS
[18:58:19] [15/459] BATK
[18:58:19] [16/459] LKOP
[18:58:20] [17/459] AMTT
[18:58:21] [18/459] PTGK
[18:58:22] [19/459] ANRS
[18:58:23] [20/459] VWBW
[18:58:24] [21/459] SVFG
[18:58:24] [22/459] STAT
[18:58:25] [23/459] GDCV
[18:58:26] [24/459] VEBI
[18:58:27] [25/459] VDSS
[18:58:27] [26/459] NTHV
[18:58:29] [27/459] AOCH
[18:58:30] [28/459] KASR
[18:58:30] [29/459] AYCS
[18:58:31] [30/459] SHAI
[18:58:32] [31/459] SKPE
[18:58:33] [32/459] SBTA
[18:58:34] [33/459] RTTD
[18:58:36] [34/459] CCJD
[18:58:36] [35/459] RSJJ
[18:58:37] [36/459] RKND
[18:58:38] [37/459] SVTX
[18:58:39] [38/459] BAKM
[18:58:40] [39/459] SVDC
[18:58:41] [40/459] MNCV
[18:58:42] [41/459] SJGC
[18:58:43] [42/459] MTPK
[18:58:44] [43/459] GATP
[18:58:45] [44/459] ABTS
[18:58:46] [45/459] ABDE
[18:58:47] [46/459] RCNM
[18:58:48] [47/459] KTHV
[18:58:48] [48/459] MDGJ
[18:58:49] [49/459] SMLM
[18:58:50] [50/459] JTMA
[18:58:51] [51/459] ACKP
[18:58:52] [52/459] SRTA
[18:58:52] [53/459] STAY
[18:58:53] [54/459] MAVO
[18:58:54] [55/459] APTS
[18:58:55] [56/459] OMEA
[18:58:56] [57/459] TTFD
[18:58:57] [58/459] MJCU
[18:58:58] [59/459] CXTE
[18:58:59] [60/459] CTPX
[18:58:59] [61/459] ASSL
[18:59:00] [62/459] CMVB
[18:59:01] [63/459] VPUR
[18:59:03] [64/459] JJDA
[18:59:04] [65/459] INBL
[18:59:05] [66/459] BIKB
[18:59:06] [67/459] NTBB
[18:59:07] [68/459] GLOB
[18:59:08] [69/459] SNTB
[18:59:08] [70/459] CHGV
[18:59:09] [71/459] SSBZ
[18:59:10] [72/459] PRDB
[18:59:12] [73/459] ISMT
[18:59:13] [74/459] MCSD
[18:59:14] [75/459] JBTT
[18:59:14] [76/459] GEKR
[18:59:15] [77/459] PVUN
[18:59:16] [78/459] NRTB
[18:59:17] [79/459] PRAA
[18:59:17] [80/459] PCBL
[18:59:18] [81/459] PTCM
[18:59:19] [82/459] KHNN
[18:59:20] [83/459] OMJE
[18:59:20] [84/459] STGN
[18:59:21] [85/459] RPMS
[18:59:22] [86/459] NWAD
[18:59:23] [87/459] BLCK
[18:59:24] [88/459] SVAA
[18:59:25] [89/459] URVM
[18:59:26] [90/459] ANTM
[18:59:26] [91/459] VJYM
[18:59:27] [92/459] MAZZ
[18:59:28] [93/459] CSHM
[18:59:29] [94/459] WGMH
[18:59:29] [95/459] SALN
[18:59:30] [96/459] BRTP
[18:59:31] [97/459] SVTA
[18:59:32] [98/459] SBTP
[18:59:33] [99/459] VLSS
[18:59:34] [100/459] SRJA
[18:59:35] [101/459] ANCG
[18:59:36] [102/459] CGGC
[18:59:38] [103/459] CRJA
[18:59:39] [104/459] USCR
[18:59:39] [105/459] MMEF
[18:59:40] [106/459] JCRJ
[18:59:41] [107/459] ADCM
[18:59:42] [108/459] BMYK
[18:59:43] [109/459] KICS
[18:59:44] [110/459] MBBT
[18:59:45] [111/459] MACK
[18:59:46] [112/459] CLDR
[18:59:47] [113/459] JYCR
[18:59:47] [114/459] DCRP
[18:59:48] [115/459] RAHT
[18:59:49] [116/459] CSSM
[18:59:50] [117/459] ATPK
[18:59:51] [118/459] KLRT
[18:59:51] [119/459] SRDD
[18:59:53] [120/459] CKMC
[18:59:54] [121/459] KRVM
[18:59:55] [122/459] AKCP
[18:59:56] [123/459] CNCV
[18:59:56] [124/459] PACT
[18:59:58] [125/459] NATP
[18:59:58] [126/459] PCPK
[18:59:59] [127/459] SMHO
[19:00:00] [128/459] CWTK
[19:00:01] [129/459] RVKZ
[19:00:02] [130/459] ASPD
[19:00:02] [131/459] VTKZ
[19:00:04] [132/459] LCSO
[19:00:04] [133/459] PRDY
[19:00:05] [134/459] RCAP
[19:00:06] [135/459] RGAR
[19:00:07] [136/459] RCAC
[19:00:08] [137/459] PMOD
[19:00:09] [138/459] PVCN
[19:00:10] [139/459] SCRZ
[19:00:10] [140/459] PVPC
[19:00:11] [141/459] STID
[19:00:12] [142/459] NEDD
[19:00:13] [143/459] BNBA
[19:00:14] [144/459] NTCD
[19:00:14] [145/459] OCDE
[19:00:15] [146/459] CCDU
[19:00:16] [147/459] CRXH
[19:00:17] [148/459] VLVT
[19:00:18] [149/459] CICI
[19:00:19] [150/459] SUCB
[19:00:20] [151/459] TCBP
[19:00:21] [152/459] SCCY
[19:00:22] [153/459] LXCY
[19:00:22] [154/459] NCMD
[19:00:23] [155/459] PHCS
[19:00:24] [156/459] DUXR
[19:00:25] [157/459] VNKS
[19:00:26] [158/459] SEDP
[19:00:27] [159/459] SVEN
[19:00:28] [160/459] SRKM
[19:00:28] [161/459] JTLT
[19:00:29] [162/459] SVSS
[19:00:30] [163/459] AMDE
[19:00:31] [164/459] WVRN
[19:00:32] [165/459] ISMG
[19:00:33] [166/459] WVKS
[19:00:33] [167/459] USCG
[19:00:34] [168/459] IOTG
[19:00:35] [169/459] RRJM
[19:00:36] [170/459] EDMP
[19:00:37] [171/459] SCGZ
[19:00:37] [172/459] GMGX
[19:00:38] [173/459] OMTP
[19:00:39] [174/459] MITD
[19:00:40] [175/459] SMMD
[19:00:41] [176/459] STML
[19:00:42] [177/459] MCFS
[19:00:44] [178/459] FPKA
[19:00:45] [179/459] OMLR
[19:00:46] [180/459] KKSC
[19:00:47] [181/459] RVMA
[19:00:48] [182/459] SCLL
[19:00:48] [183/459] SCDK
[19:00:49] [184/459] SXMI
[19:00:50] [185/459] SHDN
[19:00:51] [186/459] PAAD
[19:00:52] [187/459] UUCB
[19:00:53] [188/459] JHOL
[19:00:53] [189/459] SGWT
[19:00:54] [190/459] SRII
[19:00:55] [191/459] SGCK
[19:00:55] [192/459] SVVB
[19:00:56] [193/459] DMHA
[19:00:57] [194/459] PPNL
[19:00:58] [195/459] CPNL
[19:00:59] [196/459] WVLD
[19:01:00] [197/459] PSLV
[19:01:01] [198/459] VTTL
[19:01:02] [199/459] NPAD
[19:01:03] [200/459] PVCS
[19:01:04] [201/459] MCHL
[19:01:04] [202/459] PPLL
[19:01:05] [203/459] MALO
[19:01:06] [204/459] SWBH
[19:01:07] [205/459] PUGB
[19:01:08] [206/459] INBB
[19:01:09] [207/459] INNS
[19:01:10] [208/459] MCPT
[19:01:12] [209/459] SCMI
[19:01:13] [210/459] OCON
[19:01:13] [211/459] SCSM
[19:01:14] [212/459] RJVN
[19:01:15] [213/459] AMDK
[19:01:16] [214/459] ISMR
[19:01:17] [215/459] SMTD
[19:01:20] [216/459] VTDD
[19:01:21] [217/459] PDDZ
[19:01:22] [218/459] PCCK
[19:01:23] [219/459] INAM
[19:01:24] [220/459] FNKT
[19:01:25] [221/459] GDKA
[19:01:26] [222/459] MAYU
[19:01:27] [223/459] TCGU
[19:01:29] [224/459] KDCA
[19:01:29] [225/459] DOMY
[19:01:30] [226/459] PDDD
[19:01:32] [227/459] BJTS
[19:01:32] [228/459] VTCA
[19:01:33] [229/459] SBTM
[19:01:34] [230/459] SEET
[19:01:35] [231/459] SSTJ
[19:01:36] [232/459] SVNT
[19:01:37] [233/459] PPPR
[19:01:38] [234/459] PVYS
[19:01:39] [235/459] IOSE
[19:01:40] [236/459] ACTV
[19:01:41] [237/459] APVE
[19:01:42] [238/459] TCCL
[19:01:43] [239/459] SCMO
[19:01:43] [240/459] SAUM
[19:01:44] [241/459] KCJS
[19:01:46] [242/459] NJCJ
[19:01:47] [243/459] NECF
[19:01:47] [244/459] CCGW
[19:01:48] [245/459] CCMG
[19:01:49] [246/459] NYRG
[19:01:50] [247/459] NCSQ
[19:01:51] [248/459] GRCG
[19:01:52] [249/459] CCBT
[19:01:53] [250/459] ACGA
[19:01:54] [251/459] INAG
[19:01:55] [252/459] FUCG
[19:01:55] [253/459] AICF
[19:01:56] [254/459] GRGA
[19:01:57] [255/459] GDCN
[19:01:58] [256/459] RRCG
[19:01:59] [257/459] SDCH
[19:02:00] [258/459] WVJM
[19:02:01] [259/459] JCCZ
[19:02:02] [260/459] CNCL
[19:02:03] [261/459] TMLV
[19:02:04] [262/459] MEMB
[19:02:05] [263/459] SGTD
[19:02:06] [264/459] CONX
[19:02:07] [265/459] CCMH
[19:02:08] [266/459] ACMC
[19:02:09] [267/459] DTPD
[19:02:10] [268/459] POJA
[19:02:10] [269/459] FNBH
[19:02:11] [270/459] CGCB
[19:02:12] [271/459] RACN
[19:02:13] [272/459] JTSM
[19:02:14] [273/459] SCDN
[19:02:14] [274/459] AACK
[19:02:15] [275/459] RMCE
[19:02:16] [276/459] BSGB
[19:02:17] [277/459] MRCB
[19:02:18] [278/459] SRVR
[19:02:18] [279/459] VTKK
[19:02:20] [280/459] AMST
[19:02:21] [281/459] APCY
[19:02:22] [282/459] LMHO
[19:02:22] [283/459] MTZH
[19:02:23] [284/459] AMZB
[19:02:24] [285/459] SUVT
[19:02:25] [286/459] RCIP
[19:02:25] [287/459] KESR
[19:02:26] [288/459] SNKC
[19:02:27] [289/459] SCED
[19:02:28] [290/459] DVCA
[19:02:29] [291/459] VCDT
[19:02:30] [292/459] RRDI
[19:02:30] [293/459] DFCH
[19:02:31] [294/459] INSC
[19:02:32] [295/459] RGTR
[19:02:33] [296/459] FMOT
[19:02:34] [297/459] SCPM
[19:02:34] [298/459] GCDT
[19:02:36] [299/459] BRKT
[19:02:37] [300/459] DEMP
[19:02:38] [301/459] SRLC
[19:02:39] [302/459] KSTT
[19:02:40] [303/459] SMMT
[19:02:41] [304/459] SILM
[19:02:42] [305/459] JCVM
[19:02:43] [306/459] KCSV
[19:02:44] [307/459] MHLK
[19:02:44] [308/459] SLVL
[19:02:46] [309/459] RJKP
[19:02:47] [310/459] BBPC
[19:02:48] [311/459] MXCB
[19:02:50] [312/459] TCPK
[19:02:51] [313/459] RTBR
[19:02:51] [314/459] GAUT
[19:02:52] [315/459] DVCF
[19:02:53] [316/459] JTSB
[19:02:54] [317/459] SBLS
[19:02:54] [318/459] UDAY
[19:02:55] [319/459] PTNP
[19:02:56] [320/459] DMKT
[19:02:57] [321/459] NTDT
[19:02:59] [322/459] SHDJ
[19:03:00] [323/459] OTNC
[19:03:00] [324/459] RNTW
[19:03:02] [325/459] GCMI
[19:03:03] [326/459] CRCM
[19:03:04] [327/459] NNCZ
[19:03:04] [328/459] OEMO
[19:03:05] [329/459] PVJM
[19:03:06] [330/459] CPJI
[19:03:07] [331/459] RMCJ
[19:03:08] [332/459] CNWJ
[19:03:08] [333/459] EPJM
[19:03:09] [334/459] FNJJ
[19:03:10] [335/459] GCMJ
[19:03:11] [336/459] INPS
[19:03:12] [337/459] BICJ
[19:03:13] [338/459] ISTJ
[19:03:14] [339/459] INJC
[19:03:15] [340/459] GLXJ
[19:03:16] [341/459] INEM
[19:03:17] [342/459] JTMN
[19:03:18] [343/459] FRCJ
[19:03:18] [344/459] DDJP
[19:03:19] [345/459] INJV
[19:03:20] [346/459] GOLC
[19:03:21] [347/459] KOCI
[19:03:21] [348/459] FSTD
[19:03:22] [349/459] PACJ
[19:03:23] [350/459] GMCN
[19:03:24] [351/459] MMDJ
[19:03:25] [352/459] GODH
[19:03:25] [353/459] SKYN
[19:03:26] [354/459] NCTH
[19:03:27] [355/459] SKVZ
[19:03:28] [356/459] SVML
[19:03:29] [357/459] ACVZ
[19:03:30] [358/459] SURA
[19:03:31] [359/459] RTRB
[19:03:32] [360/459] LLCT
[19:03:32] [361/459] ATTS
[19:03:33] [362/459] JYCM
[19:03:34] [363/459] CTKR
[19:03:35] [364/459] LCKR
[19:03:35] [365/459] NYCV
[19:03:36] [366/459] NYOH
[19:03:37] [367/459] NOVX
[19:03:38] [368/459] MRGK
[19:03:39] [369/459] MOON
[19:03:40] [370/459] SBUC
[19:03:41] [371/459] GSVA
[19:03:42] [372/459] VIAK
[19:03:42] [373/459] SMVZ
[19:03:43] [374/459] MATE
[19:03:44] [375/459] RDCN
[19:03:45] [376/459] ASBL
[19:03:46] [377/459] ASVS
[19:03:47] [378/459] ASSR
[19:03:48] [379/459] SSKN
[19:03:48] [380/459] DRPV
[19:03:49] [381/459] MRHT
[19:03:50] [382/459] BSCN
[19:03:51] [383/459] RKNX
[19:03:52] [384/459] MSMC
[19:03:53] [385/459] MSCJ
[19:03:53] [386/459] BTBJ
[19:03:55] [387/459] MJCC
[19:03:56] [388/459] IOMM
[19:03:58] [389/459] ADGR
[19:03:59] [390/459] MYCP
[19:04:00] [391/459] IGCM
[19:04:01] [392/459] PGRK
[19:04:01] [393/459] VPGO
[19:04:02] [394/459] KOMS
[19:04:03] [395/459] URGG
[19:04:04] [396/459] GOST
[19:04:05] [397/459] LACT
[19:04:05] [398/459] BWCM
[19:04:06] [399/459] NCCW
[19:04:07] [400/459] SKYC
[19:04:08] [401/459] CCPM
[19:04:08] [402/459] VCBT
[19:04:09] [403/459] SDKR
[19:04:10] [404/459] CTYB
[19:04:11] [405/459] SHCX
[19:04:11] [406/459] RCUN
[19:04:12] [407/459] CNRA
[19:04:13] [408/459] RFCA
[19:04:14] [409/459] RDCU
[19:04:15] [410/459] SARK
[19:04:16] [411/459] SPPP
[19:04:16] [412/459] ADMB
[19:04:17] [413/459] JYOE
[19:04:18] [414/459] SRMD
[19:04:19] [415/459] RJDH
[19:04:20] [416/459] SSTD
[19:04:21] [417/459] AACV
[19:04:22] [418/459] PPVD
[19:04:23] [419/459] STCP
[19:04:23] [420/459] ANJR
[19:04:24] [421/459] ANLS
[19:04:25] [422/459] BIJO
[19:04:26] [423/459] AVAB
[19:04:27] [424/459] SPMD
[19:04:27] [425/459] SVJL
[19:04:28] [426/459] SDDJ
[19:04:29] [427/459] SLTU
[19:04:30] [428/459] SAKA
[19:04:31] [429/459] PMAM
[19:04:31] [430/459] FNAM
[19:04:32] [431/459] ACAM
[19:04:33] [432/459] SCMM
[19:04:34] [433/459] PMAK
[19:04:35] [434/459] NYSA
[19:04:36] [435/459] FCPA
[19:04:36] [436/459] GDAN
[19:04:38] [437/459] RSCA
[19:04:38] [438/459] DMAN
[19:04:39] [439/459] DZCM
[19:04:40] [440/459] NSGL
[19:04:41] [441/459] CCPP
[19:04:42] [442/459] PSMG
[19:04:43] [443/459] GSER
[19:04:44] [444/459] FCCT
[19:04:45] [445/459] FCTB
[19:04:46] [446/459] LCNK
[19:04:47] [447/459] SKTY
[19:04:48] [448/459] INAA
[19:04:48] [449/459] RCWN
[19:04:49] [450/459] VAIS
[19:04:50] [451/459] CVMN
[19:04:51] [452/459] INTS
[19:04:51] [453/459] FRGS
[19:04:52] [454/459] DTCK
[19:04:53] [455/459] MCMH
[19:04:54] [456/459] ECRR
[19:04:55] [457/459] RLLP
[19:04:56] [458/459] CCSN
[19:04:56] [459/459] CCBA
[19:04:57] 🧹 Deduping shows
[19:04:57] ✅ DONE | Shows=94 | Movies=11
