[18:58:05] 🚀 SCRIPT STARTED
[18:58:05] [1/459] FNDB
[18:58:05] 🧠 New identity created
[18:58:05] [2/459] AMBH
[18:58:06] [3/459] PRHN
[18:58:08] [4/459] ACPM
[18:58:09] [5/459] PVFS
[18:58:10] [6/459] AACN
[18:58:11] [7/459] ACAS
[18:58:12] [8/459] CTNR
[18:58:13] [9/459] MMAH
[18:58:13] [10/459] CPMH
[18:58:14] [11/459] IGMH
[18:58:15] [12/459] ABCS
[18:58:16] [13/459] CMMA
[18:58:17] [14/459] GPRH
[18:58:18] [15/459] PNNG
[18:58:19] [16/459] AMCA
[18:58:20] [17/459] ISTN
[18:58:21] [18/459] PIIC
[18:58:21] [19/459] AHMH
[18:58:22] [20/459] ASHN
[18:58:23] [21/459] INHY
[18:58:24] [22/459] SRMO
[18:58:24] [23/459] PIMH
[18:58:25] [24/459] PVTS
[18:58:26] [25/459] MMCA
[18:58:27] [26/459] AKYJ
[18:58:28] [27/459] BRKH
[18:58:29] [28/459] MAHM
[18:58:30] [29/459] CPHY
[18:58:31] [30/459] PVTP
[18:58:32] [31/459] SMMR
[18:58:33] [32/459] PVHM
[18:58:34] [33/459] SNDY
[18:58:35] [34/459] GOKU
[18:58:35] [35/459] ACEV
[18:58:36] [36/459] PVUM
[18:58:37] [37/459] VSWA
[18:58:38] [38/459] IPRS
[18:58:39] [39/459] ASGN
[18:58:40] [40/459] BKMV
[18:58:41] [41/459] PVYH
[18:58:42] [42/459] INKM
[18:58:43] [43/459] ARJU
[18:58:43] [44/459] JJPP
[18:58:44] [45/459] SSRM
[18:58:45] [46/459] HMHD
[18:58:46] [47/459] SNKH
[18:58:46] [48/459] ACHI
[18:58:47] [49/459] MRAA
[18:58:48] [50/459] INMH
[18:58:49] [51/459] ARMH
[18:58:49] [52/459] DVRR
[18:58:50] [53/459] SUDA
[18:58:51] [54/459] MCSS
[18:58:52] [55/459] VRKC
[18:58:53] [56/459] PRCX
[18:58:54] [57/459] ASJY
[18:58:55] [58/459] MTHY
[18:58:55] [59/459] SRCM
[18:58:56] [60/459] TVHY
[18:58:57] [61/459] STHD
[18:58:58] [62/459] CPCL
[18:58:59] [63/459] PSMJ
[18:58:59] [64/459] MRGT
[18:59:00] [65/459] ARYH
[18:59:01] [66/459] VTRB
[18:59:02] [67/459] SCHC
[18:59:04] [68/459] MRRG
[18:59:05] [69/459] SPCB
[18:59:06] [70/459] AMCM
[18:59:07] [71/459] IVNM
[18:59:08] [72/459] TRHY
[18:59:08] [73/459] PTTH
[18:59:09] [74/459] RKMH
[18:59:10] [75/459] PRCS
[18:59:11] [76/459] VAJA
[18:59:12] [77/459] BJNG
[18:59:13] [78/459] SCVM
[18:59:14] [79/459] GNHB
[18:59:14] [80/459] TLUR
[18:59:15] [81/459] UKCC
[18:59:17] [82/459] SRKR
[18:59:18] [83/459] RMKN
[18:59:18] [84/459] SLRT
[18:59:19] [85/459] LKMT
[18:59:20] [86/459] SSRJ
[18:59:21] [87/459] SPHT
[18:59:22] [88/459] ANTT
[18:59:23] [89/459] SRCH
[18:59:24] [90/459] SRCA
[18:59:25] [91/459] ARTH
[18:59:26] [92/459] MCBH
[18:59:26] [93/459] SNIB
[18:59:27] [94/459] SART
[18:59:28] [95/459] SKTA
[18:59:29] [96/459] YAKT
[18:59:30] [97/459] MLCK
[18:59:31] [98/459] ANTS
[18:59:31] [99/459] DGCA
[18:59:32] [100/459] SGMP
[18:59:33] [101/459] ASWN
[18:59:34] [102/459] KFVU
[18:59:35] [103/459] POOR
[18:59:36] [104/459] GKDN
[18:59:37] [105/459] EOSE
[18:59:37] [106/459] GTTT
[18:59:39] [107/459] ARRO
[18:59:40] [108/459] CMMK
[18:59:40] [109/459] MSCN
[18:59:41] [110/459] GDKH
[18:59:42] [111/459] DLMT
[18:59:43] [112/459] PVMF
[18:59:44] [113/459] CPCK
[18:59:45] [114/459] VMHE
[18:59:45] [115/459] PVLC
[18:59:46] [116/459] PCVB
[18:59:48] [117/459] SNYK
[18:59:49] [118/459] KTEK
[18:59:50] [119/459] PCNM
[18:59:51] [120/459] NTTR
[18:59:52] [121/459] CPSK
[18:59:52] [122/459] JMMA
[18:59:53] [123/459] GCFK
[18:59:55] [124/459] MYCA
[18:59:55] [125/459] KSNP
[18:59:56] [126/459] PMCE
[18:59:57] [127/459] SCKI
[18:59:58] [128/459] FSMA
[18:59:59] [129/459] CETA
[18:59:59] [130/459] MCIK
[19:00:01] [131/459] MYCR
[19:00:02] [132/459] EVMP
[19:00:02] [133/459] SSGT
[19:00:03] [134/459] KCTK
[19:00:04] [135/459] ZTKC
[19:00:05] [136/459] MMTA
[19:00:06] [137/459] MAJT
[19:00:07] [138/459] ACPK
[19:00:09] [139/459] JMAX
[19:00:10] [140/459] SETK
[19:00:11] [141/459] CAIS
[19:00:12] [142/459] AGCD
[19:00:13] [143/459] URCL
[19:00:14] [144/459] VTDS
[19:00:15] [145/459] JCNM
[19:00:16] [146/459] KCAM
[19:00:17] [147/459] ADCU
[19:00:18] [148/459] GXYN
[19:00:18] [149/459] SMJG
[19:00:19] [150/459] EYCJ
[19:00:20] [151/459] CCEJ
[19:00:21] [152/459] MARS
[19:00:21] [153/459] CPVJ
[19:00:22] [154/459] INVP
[19:00:23] [155/459] CPOV
[19:00:24] [156/459] VIJK
[19:00:26] [157/459] LAIM
[19:00:26] [158/459] STHV
[19:00:27] [159/459] SVLJ
[19:00:28] [160/459] ATVJ
[19:00:30] [161/459] JTSC
[19:00:31] [162/459] RMTV
[19:00:32] [163/459] MGGG
[19:00:32] [164/459] SWTH
[19:00:33] [165/459] INVJ
[19:00:34] [166/459] PRSV
[19:00:35] [167/459] JATV
[19:00:36] [168/459] RCVD
[19:00:37] [169/459] BDMA
[19:00:38] [170/459] BLJI
[19:00:39] [171/459] SWOT
[19:00:39] [172/459] SWRN
[19:00:41] [173/459] TVRA
[19:00:42] [174/459] VCSV
[19:00:43] [175/459] NVRN
[19:00:44] [176/459] SIKC
[19:00:45] [177/459] VAKR
[19:00:46] [178/459] SYLN
[19:00:47] [179/459] KLJL
[19:00:48] [180/459] LKMY
[19:00:50] [181/459] VSLY
[19:00:51] [182/459] CIKO
[19:00:52] [183/459] GPBG
[19:00:52] [184/459] CECM
[19:00:53] [185/459] SLKB
[19:00:54] [186/459] MTBO
[19:00:55] [187/459] SSHB
[19:00:56] [188/459] VPCS
[19:00:56] [189/459] RCSR
[19:00:58] [190/459] RJRM
[19:00:59] [191/459] KPPB
[19:01:00] [192/459] SEDC
[19:01:01] [193/459] SCAI
[19:01:02] [194/459] RMTR
[19:01:04] [195/459] ASST
[19:01:05] [196/459] GCAK
[19:01:06] [197/459] ANNK
[19:01:06] [198/459] KDDF
[19:01:07] [199/459] NRDP
[19:01:08] [200/459] PLAK
[19:01:09] [201/459] GCMC
[19:01:10] [202/459] ALPY
[19:01:11] [203/459] SICE
[19:01:12] [204/459] SISR
[19:01:13] [205/459] SRPZ
[19:01:14] [206/459] SRSW
[19:01:15] [207/459] SUYA
[19:01:16] [208/459] AMMT
[19:01:17] [209/459] BHCU
[19:01:19] [210/459] KLPA
[19:01:19] [211/459] NVKH
[19:01:21] [212/459] JMRC
[19:01:22] [213/459] KTTT
[19:01:22] [214/459] MAGH
[19:01:24] [215/459] MMMX
[19:01:24] [216/459] SALJ
[19:01:25] [217/459] GTJA
[19:01:26] [218/459] MAHT
[19:01:27] [219/459] SSNN
[19:01:27] [220/459] ARRP
[19:01:28] [221/459] ATNS
[19:01:29] [222/459] SKDT
[19:01:30] [223/459] ACAT
[19:01:30] [224/459] APRC
[19:01:31] [225/459] SWAG
[19:01:32] [226/459] SDPT
[19:01:33] [227/459] STPS
[19:01:34] [228/459] WWCZ
[19:01:35] [229/459] LLCH
[19:01:36] [230/459] MZHA
[19:01:36] [231/459] CRJG
[19:01:37] [232/459] JGTK
[19:01:38] [233/459] KCSR
[19:01:40] [234/459] CHTL
[19:01:41] [235/459] EDSR
[19:01:41] [236/459] CSWO
[19:01:43] [237/459] CPVM
[19:01:44] [238/459] MXBY
[19:01:45] [239/459] FMMA
[19:01:46] [240/459] POVI
[19:01:47] [241/459] MTHB
[19:01:48] [242/459] INRC
[19:01:48] [243/459] PIPP
[19:01:49] [244/459] BMXC
[19:01:51] [245/459] PCMM
[19:01:51] [246/459] PMKM
[19:01:52] [247/459] GATY
[19:01:54] [248/459] IMCM
[19:01:54] [249/459] POPE
[19:01:56] [250/459] MTCR
[19:01:57] [251/459] PVAE
[19:01:57] [252/459] PVMI
[19:01:58] [253/459] CPNM
[19:01:59] [254/459] FMRL
[19:02:00] [255/459] MCIW
[19:02:01] [256/459] MXBO
[19:02:01] [257/459] FMKY
[19:02:02] [258/459] FMDA
[19:02:03] [259/459] THAB
[19:02:04] [260/459] PRCW
[19:02:05] [261/459] PITI
[19:02:06] [262/459] MCFF
[19:02:06] [263/459] PDDV
[19:02:07] [264/459] MCRM
[19:02:08] [265/459] KKMB
[19:02:09] [266/459] INKO
[19:02:09] [267/459] PLXP
[19:02:10] [268/459] MMHA
[19:02:11] [269/459] FMVS
[19:02:12] [270/459] POLM
[19:02:13] [271/459] STER
[19:02:14] [272/459] PVWJ
[19:02:15] [273/459] IMJW
[19:02:16] [274/459] FNAN
[19:02:17] [275/459] CAGL
[19:02:18] [276/459] IPBG
[19:02:19] [277/459] SMFV
[19:02:19] [278/459] MMMR
[19:02:20] [279/459] MMWM
[19:02:22] [280/459] FNCM
[19:02:23] [281/459] MDVA
[19:02:23] [282/459] MMET
[19:02:24] [283/459] MIDO
[19:02:26] [284/459] INNP
[19:02:26] [285/459] MIFU
[19:02:27] [286/459] MMSZ
[19:02:28] [287/459] BMXA
[19:02:29] [288/459] MCAA
[19:02:30] [289/459] SCVP
[19:02:30] [290/459] PLUS
[19:02:32] [291/459] MUCK
[19:02:33] [292/459] MTMA
[19:02:34] [293/459] HPVR
[19:02:36] [294/459] PMPK
[19:02:36] [295/459] MAJB
[19:02:37] [296/459] CTRR
[19:02:38] [297/459] MCTG
[19:02:39] [298/459] MACE
[19:02:40] [299/459] AAAS
[19:02:41] [300/459] CPVV
[19:02:42] [301/459] RCHG
[19:02:43] [302/459] MCNE
[19:02:44] [303/459] EMNC
[19:02:45] [304/459] MCAN
[19:02:46] [305/459] TCDM
[19:02:47] [306/459] IRGT
[19:02:47] [307/459] GCMG
[19:02:48] [308/459] MXSN
[19:02:49] [309/459] MXCK
[19:02:50] [310/459] MCRC
[19:02:52] [311/459] RSMI
[19:02:52] [312/459] WAML
[19:02:53] [313/459] MTSC
[19:02:54] [314/459] FMDR
[19:02:55] [315/459] LEPV
[19:02:56] [316/459] MTGD
[19:02:57] [317/459] IMOB
[19:02:58] [318/459] CLMM
[19:02:59] [319/459] PZCD
[19:03:00] [320/459] GOCS
[19:03:01] [321/459] KCMA
[19:03:02] [322/459] CCMP
[19:03:03] [323/459] MTSU
[19:03:04] [324/459] SNGL
[19:03:05] [325/459] MMMC
[19:03:05] [326/459] MMAA
[19:03:08] [327/459] GCDM
[19:03:09] [328/459] KTMV
[19:03:10] [329/459] AETE
[19:03:11] [330/459] OMCS
[19:03:13] [331/459] GDCD
[19:03:14] [332/459] NYMD
[19:03:14] [333/459] RNCV
[19:03:15] [334/459] KKMT
[19:03:16] [335/459] GDTH
[19:03:18] [336/459] KMMV
[19:03:19] [337/459] NHCG
[19:03:19] [338/459] PJDW
[19:03:21] [339/459] MMCV
[19:03:22] [340/459] FQSA
[19:03:23] [341/459] KURL
[19:03:24] [342/459] NNNX
[19:03:24] [343/459] AMAU
[19:03:25] [344/459] VVVM
[19:03:26] [345/459] VECU
[19:03:27] [346/459] WCVR
[19:03:28] [347/459] MTGG
[19:03:29] [348/459] SGTG
[19:03:29] [349/459] MNTG
[19:03:30] [350/459] JDDG
[19:03:31] [351/459] MBTK
[19:03:32] [352/459] SGCD
[19:03:33] [353/459] MCTC
[19:03:34] [354/459] JTPC
[19:03:35] [355/459] SDKT
[19:03:36] [356/459] KRCC
[19:03:37] [357/459] RMMD
[19:03:37] [358/459] AAME
[19:03:38] [359/459] TMWC
[19:03:39] [360/459] NRWY
[19:03:40] [361/459] CITD
[19:03:41] [362/459] VERD
[19:03:42] [363/459] MKSK
[19:03:42] [364/459] STSM
[19:03:43] [365/459] MJDG
[19:03:44] [366/459] RKPM
[19:03:46] [367/459] SSCE
[19:03:47] [368/459] VMAE
[19:03:48] [369/459] SBRU
[19:03:49] [370/459] AMBC
[19:03:50] [371/459] AMLU
[19:03:50] [372/459] INVZ
[19:03:51] [373/459] LGTV
[19:03:52] [374/459] SVAD
[19:03:53] [375/459] SMSA
[19:03:54] [376/459] SPCZ
[19:03:55] [377/459] GTCX
[19:03:56] [378/459] SCSL
[19:03:57] [379/459] SAHU
[19:03:58] [380/459] NCDA
[19:03:59] [381/459] SCCG
[19:03:59] [382/459] VKTL
[19:04:00] [383/459] PUUJ
[19:04:01] [384/459] STEJ
[19:04:02] [385/459] RJAL
[19:04:03] [386/459] ACJC
[19:04:03] [387/459] VTHC
[19:04:04] [388/459] ARVB
[19:04:05] [389/459] AUBB
[19:04:06] [390/459] GDBR
[19:04:07] [391/459] PVND
[19:04:08] [392/459] BGRJ
[19:04:09] [393/459] RJMM
[19:04:09] [394/459] MCSA
[19:04:11] [395/459] BODA
[19:04:11] [396/459] JAGG
[19:04:12] [397/459] SCGA
[19:04:13] [398/459] LRCM
[19:04:14] [399/459] CPCN
[19:04:15] [400/459] SSTF
[19:04:16] [401/459] SRXP
[19:04:17] [402/459] CNFX
[19:04:17] [403/459] ANDI
[19:04:18] [404/459] SYEW
[19:04:19] [405/459] RCRE
[19:04:20] [406/459] SCRW
[19:04:21] [407/459] MBKR
[19:04:22] [408/459] ASNT
[19:04:22] [409/459] JTMT
[19:04:23] [410/459] SHAY
[19:04:25] [411/459] VRTH
[19:04:25] [412/459] SPTI
[19:04:26] [413/459] DPTD
[19:04:27] [414/459] TGSN
[19:04:28] [415/459] RCWV
[19:04:28] [416/459] OCUR
[19:04:29] [417/459] KSTC
[19:04:30] [418/459] SANI
[19:04:30] [419/459] MLCA
[19:04:31] [420/459] EGCA
[19:04:33] [421/459] SYSN
[19:04:34] [422/459] PKTA
[19:04:35] [423/459] PRCC
[19:04:35] [424/459] KSTR
[19:04:36] [425/459] SNTP
[19:04:37] [426/459] RCHA
[19:04:38] [427/459] SEEA
[19:04:39] [428/459] ALAT
[19:04:40] [429/459] AATV
[19:04:40] [430/459] RJTE
[19:04:41] [431/459] AAPP
[19:04:42] [432/459] PMMH
[19:04:46] [433/459] INRJ
[19:04:47] [434/459] SARB
[19:04:48] [435/459] PCJL
[19:04:49] [436/459] PFJJ
[19:04:50] [437/459] GRDC
[19:04:51] [438/459] BCBA
[19:04:52] [439/459] VIXL
[19:04:52] [440/459] CSTL
[19:04:53] [441/459] MTDK
[19:04:54] [442/459] TDAC
[19:04:55] [443/459] GTDN
[19:04:56] [444/459] TTDE
[19:04:57] [445/459] ASTS
[19:04:58] [446/459] CPNS
[19:04:59] [447/459] PVVW
[19:05:00] [448/459] USEB
[19:05:00] [449/459] DTYN
[19:05:01] [450/459] PVLE
[19:05:02] [451/459] CIPS
[19:05:03] [452/459] PAEG
[19:05:04] [453/459] PTCW
[19:05:05] [454/459] G3SR
[19:05:06] [455/459] PGND
[19:05:07] [456/459] INVM
[19:05:08] [457/459] SPIA
[19:05:08] [458/459] PCSN
[19:05:09] [459/459] PPGV
[19:05:10] 🧹 Deduping shows
[19:05:10] ✅ DONE | Shows=316 | Movies=17
[22:21:58] 🚀 SCRIPT STARTED
[22:21:58] [1/459] FNDB
[22:21:58] 🧠 New identity created
[22:21:58] [2/459] AMBH
[22:21:59] [3/459] PRHN
[22:22:00] [4/459] ACPM
[22:22:01] [5/459] PVFS
[22:22:02] [6/459] AACN
[22:22:03] [7/459] ACAS
[22:22:03] [8/459] CTNR
[22:22:04] [9/459] MMAH
[22:22:05] [10/459] CPMH
[22:22:06] [11/459] IGMH
[22:22:07] [12/459] ABCS
[22:22:08] [13/459] CMMA
[22:22:09] [14/459] GPRH
[22:22:10] [15/459] PNNG
[22:22:11] [16/459] AMCA
[22:22:13] [17/459] ISTN
[22:22:14] [18/459] PIIC
[22:22:14] [19/459] AHMH
[22:22:15] [20/459] ASHN
[22:22:16] [21/459] INHY
[22:22:17] [22/459] SRMO
[22:22:18] [23/459] PIMH
[22:22:19] [24/459] PVTS
[22:22:19] [25/459] MMCA
[22:22:20] [26/459] AKYJ
[22:22:21] [27/459] BRKH
[22:22:22] [28/459] MAHM
[22:22:23] [29/459] CPHY
[22:22:24] [30/459] PVTP
[22:22:24] [31/459] SMMR
[22:22:25] [32/459] PVHM
[22:22:27] [33/459] SNDY
[22:22:28] [34/459] GOKU
[22:22:28] [35/459] ACEV
[22:22:29] [36/459] PVUM
[22:22:30] [37/459] VSWA
[22:22:31] [38/459] IPRS
[22:22:31] [39/459] ASGN
[22:22:32] [40/459] BKMV
[22:22:33] [41/459] PVYH
[22:22:34] [42/459] INKM
[22:22:34] [43/459] ARJU
[22:22:35] [44/459] JJPP
[22:22:36] [45/459] SSRM
[22:22:37] [46/459] HMHD
[22:22:39] [47/459] SNKH
[22:22:40] [48/459] ACHI
[22:22:41] [49/459] MRAA
[22:22:41] [50/459] INMH
[22:22:42] [51/459] ARMH
[22:22:43] [52/459] DVRR
[22:22:44] [53/459] SUDA
[22:22:46] [54/459] MCSS
[22:22:47] [55/459] VRKC
[22:22:47] [56/459] PRCX
[22:22:48] [57/459] ASJY
[22:22:49] [58/459] MTHY
[22:22:50] [59/459] SRCM
[22:22:51] [60/459] TVHY
[22:22:52] [61/459] STHD
[22:22:52] [62/459] CPCL
[22:22:53] [63/459] PSMJ
[22:22:54] [64/459] MRGT
[22:22:56] [65/459] ARYH
[22:22:57] [66/459] VTRB
[22:22:58] [67/459] SCHC
[22:22:59] [68/459] MRRG
[22:23:00] [69/459] SPCB
[22:23:00] [70/459] AMCM
[22:23:01] [71/459] IVNM
[22:23:02] [72/459] TRHY
[22:23:03] [73/459] PTTH
[22:23:04] [74/459] RKMH
[22:23:05] [75/459] PRCS
[22:23:06] [76/459] VAJA
[22:23:06] [77/459] BJNG
[22:23:07] [78/459] SCVM
[22:23:08] [79/459] GNHB
[22:23:08] [80/459] TLUR
[22:23:09] [81/459] UKCC
[22:23:10] [82/459] SRKR
[22:23:11] [83/459] RMKN
[22:23:12] [84/459] SLRT
[22:23:13] [85/459] LKMT
[22:23:13] [86/459] SSRJ
[22:23:14] [87/459] SPHT
[22:23:15] [88/459] ANTT
[22:23:16] [89/459] SRCH
[22:23:16] [90/459] SRCA
[22:23:17] [91/459] ARTH
[22:23:18] [92/459] MCBH
[22:23:19] [93/459] SNIB
[22:23:20] [94/459] SART
[22:23:21] [95/459] SKTA
[22:23:21] [96/459] YAKT
[22:23:22] [97/459] MLCK
[22:23:23] [98/459] ANTS
[22:23:24] [99/459] DGCA
[22:23:25] [100/459] SGMP
[22:23:26] [101/459] ASWN
[22:23:27] [102/459] KFVU
[22:23:27] [103/459] POOR
[22:23:29] [104/459] GKDN
[22:23:30] [105/459] EOSE
[22:23:31] [106/459] GTTT
[22:23:32] [107/459] ARRO
[22:23:33] [108/459] CMMK
[22:23:34] [109/459] MSCN
[22:23:35] [110/459] GDKH
[22:23:35] [111/459] DLMT
[22:23:36] [112/459] PVMF
[22:23:37] [113/459] CPCK
[22:23:38] [114/459] VMHE
[22:23:39] [115/459] PVLC
[22:23:40] [116/459] PCVB
[22:23:41] [117/459] SNYK
[22:23:41] [118/459] KTEK
[22:23:42] [119/459] PCNM
[22:23:43] [120/459] NTTR
[22:23:45] [121/459] CPSK
[22:23:46] [122/459] JMMA
[22:23:46] [123/459] GCFK
[22:23:47] [124/459] MYCA
[22:23:49] [125/459] KSNP
[22:23:50] [126/459] PMCE
[22:23:50] [127/459] SCKI
[22:23:51] [128/459] FSMA
[22:23:52] [129/459] CETA
[22:23:53] [130/459] MCIK
[22:23:54] [131/459] MYCR
[22:23:55] [132/459] EVMP
[22:23:55] [133/459] SSGT
[22:23:56] [134/459] KCTK
[22:23:57] [135/459] ZTKC
[22:23:58] [136/459] MMTA
[22:23:59] [137/459] MAJT
[22:24:00] [138/459] ACPK
[22:24:01] [139/459] JMAX
[22:24:01] [140/459] SETK
[22:24:03] [141/459] CAIS
[22:24:04] [142/459] AGCD
[22:24:05] [143/459] URCL
[22:24:06] [144/459] VTDS
[22:24:07] [145/459] JCNM
[22:24:08] [146/459] KCAM
[22:24:09] [147/459] ADCU
[22:24:10] [148/459] GXYN
[22:24:11] [149/459] SMJG
[22:24:12] [150/459] EYCJ
[22:24:13] [151/459] CCEJ
[22:24:14] [152/459] MARS
[22:24:14] [153/459] CPVJ
[22:24:15] [154/459] INVP
[22:24:16] [155/459] CPOV
[22:24:17] [156/459] VIJK
[22:24:17] [157/459] LAIM
[22:24:18] [158/459] STHV
[22:24:19] [159/459] SVLJ
[22:24:20] [160/459] ATVJ
[22:24:21] [161/459] JTSC
[22:24:21] [162/459] RMTV
[22:24:22] [163/459] MGGG
[22:24:23] [164/459] SWTH
[22:24:24] [165/459] INVJ
[22:24:24] [166/459] PRSV
[22:24:25] [167/459] JATV
[22:24:26] [168/459] RCVD
[22:24:27] [169/459] BDMA
[22:24:28] [170/459] BLJI
[22:24:29] [171/459] SWOT
[22:24:29] [172/459] SWRN
[22:24:30] [173/459] TVRA
[22:24:31] [174/459] VCSV
[22:24:32] [175/459] NVRN
[22:24:33] [176/459] SIKC
[22:24:33] [177/459] VAKR
[22:24:34] [178/459] SYLN
[22:24:36] [179/459] KLJL
[22:24:36] [180/459] LKMY
[22:24:37] [181/459] VSLY
[22:24:38] [182/459] CIKO
[22:24:39] [183/459] GPBG
[22:24:40] [184/459] CECM
[22:24:41] [185/459] SLKB
[22:24:41] [186/459] MTBO
[22:24:42] [187/459] SSHB
[22:24:44] [188/459] VPCS
[22:24:45] [189/459] RCSR
[22:24:45] [190/459] RJRM
[22:24:47] [191/459] KPPB
[22:24:48] [192/459] SEDC
[22:24:49] [193/459] SCAI
[22:24:49] [194/459] RMTR
[22:24:50] [195/459] ASST
[22:24:51] [196/459] GCAK
[22:24:52] [197/459] ANNK
[22:24:53] [198/459] KDDF
[22:24:53] [199/459] NRDP
[22:24:54] [200/459] PLAK
[22:24:56] [201/459] GCMC
[22:24:57] [202/459] ALPY
[22:24:58] [203/459] SICE
[22:25:00] [204/459] SISR
[22:25:01] [205/459] SRPZ
[22:25:02] [206/459] SRSW
[22:25:02] [207/459] SUYA
[22:25:03] [208/459] AMMT
[22:25:04] [209/459] BHCU
[22:25:05] [210/459] KLPA
[22:25:05] [211/459] NVKH
[22:25:06] [212/459] JMRC
[22:25:07] [213/459] KTTT
[22:25:08] [214/459] MAGH
[22:25:08] [215/459] MMMX
[22:25:09] [216/459] SALJ
[22:25:10] [217/459] GTJA
[22:25:11] [218/459] MAHT
[22:25:12] [219/459] SSNN
[22:25:13] [220/459] ARRP
[22:25:14] [221/459] ATNS
[22:25:15] [222/459] SKDT
[22:25:15] [223/459] ACAT
[22:25:16] [224/459] APRC
[22:25:17] [225/459] SWAG
[22:25:18] [226/459] SDPT
[22:25:19] [227/459] STPS
[22:25:20] [228/459] WWCZ
[22:25:22] [229/459] LLCH
[22:25:23] [230/459] MZHA
[22:25:24] [231/459] CRJG
[22:25:25] [232/459] JGTK
[22:25:26] [233/459] KCSR
[22:25:27] [234/459] CHTL
[22:25:27] [235/459] EDSR
[22:25:28] [236/459] CSWO
[22:25:29] [237/459] CPVM
[22:25:30] [238/459] MXBY
[22:25:31] [239/459] FMMA
[22:25:32] [240/459] POVI
[22:25:32] [241/459] MTHB
[22:25:33] [242/459] INRC
[22:25:34] [243/459] PIPP
[22:25:35] [244/459] BMXC
[22:25:36] [245/459] PCMM
[22:25:37] [246/459] PMKM
[22:25:39] [247/459] GATY
[22:25:39] [248/459] IMCM
[22:25:41] [249/459] POPE
[22:25:42] [250/459] MTCR
[22:25:43] [251/459] PVAE
[22:25:44] [252/459] PVMI
[22:25:45] [253/459] CPNM
[22:25:46] [254/459] FMRL
[22:25:47] [255/459] MCIW
[22:25:48] [256/459] MXBO
[22:25:49] [257/459] FMKY
[22:25:50] [258/459] FMDA
[22:25:50] [259/459] THAB
[22:25:52] [260/459] PRCW
[22:25:53] [261/459] PITI
[22:25:54] [262/459] MCFF
[22:25:55] [263/459] PDDV
[22:25:55] [264/459] MCRM
[22:25:56] [265/459] KKMB
[22:25:57] [266/459] INKO
[22:25:57] [267/459] PLXP
[22:25:58] [268/459] MMHA
[22:25:59] [269/459] FMVS
[22:26:00] [270/459] POLM
[22:26:01] [271/459] STER
[22:26:01] [272/459] PVWJ
[22:26:02] [273/459] IMJW
[22:26:03] [274/459] FNAN
[22:26:05] [275/459] CAGL
[22:26:06] [276/459] IPBG
[22:26:06] [277/459] SMFV
[22:26:07] [278/459] MMMR
[22:26:08] [279/459] MMWM
[22:26:09] [280/459] FNCM
[22:26:09] [281/459] MDVA
[22:26:10] [282/459] MMET
[22:26:11] [283/459] MIDO
[22:26:13] [284/459] INNP
[22:26:14] [285/459] MIFU
[22:26:14] [286/459] MMSZ
[22:26:15] [287/459] BMXA
[22:26:16] [288/459] MCAA
[22:26:17] [289/459] SCVP
[22:26:18] [290/459] PLUS
[22:26:18] [291/459] MUCK
[22:26:19] [292/459] MTMA
[22:26:20] [293/459] HPVR
[22:26:21] [294/459] PMPK
[22:26:22] [295/459] MAJB
[22:26:23] [296/459] CTRR
[22:26:23] [297/459] MCTG
[22:26:24] [298/459] MACE
[22:26:25] [299/459] AAAS
[22:26:27] [300/459] CPVV
[22:26:28] [301/459] RCHG
[22:26:28] [302/459] MCNE
[22:26:29] [303/459] EMNC
[22:26:30] [304/459] MCAN
[22:26:31] [305/459] TCDM
[22:26:32] [306/459] IRGT
[22:26:33] [307/459] GCMG
[22:26:33] [308/459] MXSN
[22:26:34] [309/459] MXCK
[22:26:36] [310/459] MCRC
[22:26:37] [311/459] RSMI
[22:26:38] [312/459] WAML
[22:26:38] [313/459] MTSC
[22:26:39] [314/459] FMDR
[22:26:40] [315/459] LEPV
[22:26:41] [316/459] MTGD
[22:26:42] [317/459] IMOB
[22:26:43] [318/459] CLMM
[22:26:43] [319/459] PZCD
[22:26:44] [320/459] GOCS
[22:26:45] [321/459] KCMA
[22:26:46] [322/459] CCMP
[22:26:47] [323/459] MTSU
[22:26:48] [324/459] SNGL
[22:26:48] [325/459] MMMC
[22:26:49] [326/459] MMAA
[22:26:50] [327/459] GCDM
[22:26:51] [328/459] KTMV
[22:26:52] [329/459] AETE
[22:26:52] [330/459] OMCS
[22:26:53] [331/459] GDCD
[22:26:54] [332/459] NYMD
[22:26:55] [333/459] RNCV
[22:26:56] [334/459] KKMT
[22:26:57] [335/459] GDTH
[22:26:57] [336/459] KMMV
[22:26:59] [337/459] NHCG
[22:27:00] [338/459] PJDW
[22:27:01] [339/459] MMCV
[22:27:02] [340/459] FQSA
[22:27:03] [341/459] KURL
[22:27:03] [342/459] NNNX
[22:27:04] [343/459] AMAU
[22:27:05] [344/459] VVVM
[22:27:06] [345/459] VECU
[22:27:06] [346/459] WCVR
[22:27:07] [347/459] MTGG
[22:27:08] [348/459] SGTG
[22:27:09] [349/459] MNTG
[22:27:10] [350/459] JDDG
[22:27:11] [351/459] MBTK
[22:27:12] [352/459] SGCD
[22:27:12] [353/459] MCTC
[22:27:13] [354/459] JTPC
[22:27:14] [355/459] SDKT
[22:27:15] [356/459] KRCC
[22:27:16] [357/459] RMMD
[22:27:17] [358/459] AAME
[22:27:17] [359/459] TMWC
[22:27:18] [360/459] NRWY
[22:27:19] [361/459] CITD
[22:27:20] [362/459] VERD
[22:27:21] [363/459] MKSK
[22:27:21] [364/459] STSM
[22:27:22] [365/459] MJDG
[22:27:23] [366/459] RKPM
[22:27:24] [367/459] SSCE
[22:27:25] [368/459] VMAE
[22:27:26] [369/459] SBRU
[22:27:28] [370/459] AMBC
[22:27:29] [371/459] AMLU
[22:27:29] [372/459] INVZ
[22:27:30] [373/459] LGTV
[22:27:31] [374/459] SVAD
[22:27:32] [375/459] SMSA
[22:27:33] [376/459] SPCZ
[22:27:33] [377/459] GTCX
[22:27:34] [378/459] SCSL
[22:27:36] [379/459] SAHU
[22:27:36] [380/459] NCDA
[22:27:37] [381/459] SCCG
[22:27:38] [382/459] VKTL
[22:27:39] [383/459] PUUJ
[22:27:40] [384/459] STEJ
[22:27:41] [385/459] RJAL
[22:27:42] [386/459] ACJC
[22:27:43] [387/459] VTHC
[22:27:44] [388/459] ARVB
[22:27:45] [389/459] AUBB
[22:27:46] [390/459] GDBR
[22:27:47] [391/459] PVND
[22:27:47] [392/459] BGRJ
[22:27:48] [393/459] RJMM
[22:27:50] [394/459] MCSA
[22:27:52] [395/459] BODA
[22:27:52] [396/459] JAGG
[22:27:53] [397/459] SCGA
[22:27:54] [398/459] LRCM
[22:27:55] [399/459] CPCN
[22:27:56] [400/459] SSTF
[22:27:57] [401/459] SRXP
[22:27:58] [402/459] CNFX
[22:27:58] [403/459] ANDI
[22:27:59] [404/459] SYEW
[22:28:00] [405/459] RCRE
[22:28:01] [406/459] SCRW
[22:28:02] [407/459] MBKR
[22:28:02] [408/459] ASNT
[22:28:03] [409/459] JTMT
[22:28:04] [410/459] SHAY
[22:28:06] [411/459] VRTH
[22:28:07] [412/459] SPTI
[22:28:08] [413/459] DPTD
[22:28:08] [414/459] TGSN
[22:28:09] [415/459] RCWV
[22:28:10] [416/459] OCUR
[22:28:11] [417/459] KSTC
[22:28:13] [418/459] SANI
[22:28:14] [419/459] MLCA
[22:28:16] [420/459] EGCA
[22:28:16] [421/459] SYSN
[22:28:17] [422/459] PKTA
[22:28:18] [423/459] PRCC
[22:28:19] [424/459] KSTR
[22:28:20] [425/459] SNTP
[22:28:21] [426/459] RCHA
[22:28:22] [427/459] SEEA
[22:28:23] [428/459] ALAT
[22:28:23] [429/459] AATV
[22:28:24] [430/459] RJTE
[22:28:25] [431/459] AAPP
[22:28:26] [432/459] PMMH
[22:28:27] [433/459] INRJ
[22:28:27] [434/459] SARB
[22:28:28] [435/459] PCJL
[22:28:29] [436/459] PFJJ
[22:28:30] [437/459] GRDC
[22:28:32] [438/459] BCBA
[22:28:32] [439/459] VIXL
[22:28:33] [440/459] CSTL
[22:28:35] [441/459] MTDK
[22:28:36] [442/459] TDAC
[22:28:37] [443/459] GTDN
[22:28:38] [444/459] TTDE
[22:28:39] [445/459] ASTS
[22:28:40] [446/459] CPNS
[22:28:41] [447/459] PVVW
[22:28:41] [448/459] USEB
[22:28:42] [449/459] DTYN
[22:28:43] [450/459] PVLE
[22:28:44] [451/459] CIPS
[22:28:45] [452/459] PAEG
[22:28:46] [453/459] PTCW
[22:28:47] [454/459] G3SR
[22:28:48] [455/459] PGND
[22:28:49] [456/459] INVM
[22:28:50] [457/459] SPIA
[22:28:51] [458/459] PCSN
[22:28:52] [459/459] PPGV
[22:28:52] 🧹 Deduping shows
[22:28:52] ✅ DONE | Shows=345 | Movies=18
[03:49:54] 🚀 SCRIPT STARTED
[03:49:54] [1/459] FNDB
[03:49:54] 🧠 New identity created
[03:49:55] [2/459] AMBH
[03:49:56] [3/459] PRHN
[03:49:57] [4/459] ACPM
[03:49:58] [5/459] PVFS
[03:49:59] [6/459] AACN
[03:50:00] [7/459] ACAS
[03:50:01] [8/459] CTNR
[03:50:02] [9/459] MMAH
[03:50:04] [10/459] CPMH
[03:50:04] [11/459] IGMH
[03:50:05] [12/459] ABCS
[03:50:06] [13/459] CMMA
[03:50:07] [14/459] GPRH
[03:50:08] [15/459] PNNG
[03:50:09] [16/459] AMCA
[03:50:10] [17/459] ISTN
[03:50:12] [18/459] PIIC
[03:50:13] [19/459] AHMH
[03:50:13] [20/459] ASHN
[03:50:14] [21/459] INHY
[03:50:15] [22/459] SRMO
[03:50:16] [23/459] PIMH
[03:50:17] [24/459] PVTS
[03:50:18] [25/459] MMCA
[03:50:19] [26/459] AKYJ
[03:50:20] [27/459] BRKH
[03:50:21] [28/459] MAHM
[03:50:22] [29/459] CPHY
[03:50:23] [30/459] PVTP
[03:50:24] [31/459] SMMR
[03:50:25] [32/459] PVHM
[03:50:26] [33/459] SNDY
[03:50:27] [34/459] GOKU
[03:50:28] [35/459] ACEV
[03:50:29] [36/459] PVUM
[03:50:30] [37/459] VSWA
[03:50:31] [38/459] IPRS
[03:50:32] [39/459] ASGN
[03:50:33] [40/459] BKMV
[03:50:34] [41/459] PVYH
[03:50:35] [42/459] INKM
[03:50:36] [43/459] ARJU
[03:50:36] [44/459] JJPP
[03:50:37] [45/459] SSRM
[03:50:38] [46/459] HMHD
[03:50:39] [47/459] SNKH
[03:50:40] [48/459] ACHI
[03:50:41] [49/459] MRAA
[03:50:42] [50/459] INMH
[03:50:43] [51/459] ARMH
[03:50:44] [52/459] DVRR
[03:50:45] [53/459] SUDA
[03:50:46] [54/459] MCSS
[03:50:46] [55/459] VRKC
[03:50:47] [56/459] PRCX
[03:50:48] [57/459] ASJY
[03:50:49] [58/459] MTHY
[03:50:50] [59/459] SRCM
[03:50:51] [60/459] TVHY
[03:50:52] [61/459] STHD
[03:50:53] [62/459] CPCL
[03:50:54] [63/459] PSMJ
[03:50:55] [64/459] MRGT
[03:50:56] [65/459] ARYH
[03:50:57] [66/459] VTRB
[03:50:58] [67/459] SCHC
[03:50:59] [68/459] MRRG
[03:51:00] [69/459] SPCB
[03:51:01] [70/459] AMCM
[03:51:02] [71/459] IVNM
[03:51:03] [72/459] TRHY
[03:51:04] [73/459] PTTH
[03:51:05] [74/459] RKMH
[03:51:06] [75/459] PRCS
[03:51:06] [76/459] VAJA
[03:51:07] [77/459] BJNG
[03:51:08] [78/459] SCVM
[03:51:09] [79/459] GNHB
[03:51:10] [80/459] TLUR
[03:51:11] [81/459] UKCC
[03:51:11] [82/459] SRKR
[03:51:12] [83/459] RMKN
[03:51:13] [84/459] SLRT
[03:51:14] [85/459] LKMT
[03:51:15] [86/459] SSRJ
[03:51:16] [87/459] SPHT
[03:51:17] [88/459] ANTT
[03:51:18] [89/459] SRCH
[03:51:19] [90/459] SRCA
[03:51:19] [91/459] ARTH
[03:51:20] [92/459] MCBH
[03:51:21] [93/459] SNIB
[03:51:22] [94/459] SART
[03:51:23] [95/459] SKTA
[03:51:24] [96/459] YAKT
[03:51:25] [97/459] MLCK
[03:51:25] [98/459] ANTS
[03:51:26] [99/459] DGCA
[03:51:27] [100/459] SGMP
[03:51:28] [101/459] ASWN
[03:51:29] [102/459] KFVU
[03:51:31] [103/459] POOR
[03:51:31] [104/459] GKDN
[03:51:32] [105/459] EOSE
[03:51:33] [106/459] GTTT
[03:51:34] [107/459] ARRO
[03:51:35] [108/459] CMMK
[03:51:36] [109/459] MSCN
[03:51:37] [110/459] GDKH
[03:51:37] [111/459] DLMT
[03:51:38] [112/459] PVMF
[03:51:40] [113/459] CPCK
[03:51:41] [114/459] VMHE
[03:51:41] [115/459] PVLC
[03:51:42] [116/459] PCVB
[03:51:43] [117/459] SNYK
[03:51:44] [118/459] KTEK
[03:51:45] [119/459] PCNM
[03:51:46] [120/459] NTTR
[03:51:48] [121/459] CPSK
[03:51:49] [122/459] JMMA
[03:51:50] [123/459] GCFK
[03:51:51] [124/459] MYCA
[03:51:52] [125/459] KSNP
[03:51:53] [126/459] PMCE
[03:51:54] [127/459] SCKI
[03:51:54] [128/459] FSMA
[03:51:55] [129/459] CETA
[03:51:56] [130/459] MCIK
[03:51:57] [131/459] MYCR
[03:51:58] [132/459] EVMP
[03:51:58] [133/459] SSGT
[03:51:59] [134/459] KCTK
[03:52:00] [135/459] ZTKC
[03:52:01] [136/459] MMTA
[03:52:02] [137/459] MAJT
[03:52:02] [138/459] ACPK
[03:52:04] [139/459] JMAX
[03:52:05] [140/459] SETK
[03:52:06] [141/459] CAIS
[03:52:07] [142/459] AGCD
[03:52:07] [143/459] URCL
[03:52:08] [144/459] VTDS
[03:52:09] [145/459] JCNM
[03:52:10] [146/459] KCAM
[03:52:10] [147/459] ADCU
[03:52:12] [148/459] GXYN
[03:52:13] [149/459] SMJG
[03:52:14] [150/459] EYCJ
[03:52:15] [151/459] CCEJ
[03:52:17] [152/459] MARS
[03:52:18] [153/459] CPVJ
[03:52:19] [154/459] INVP
[03:52:20] [155/459] CPOV
[03:52:21] [156/459] VIJK
[03:52:22] [157/459] LAIM
[03:52:23] [158/459] STHV
[03:52:24] [159/459] SVLJ
[03:52:24] [160/459] ATVJ
[03:52:26] [161/459] JTSC
[03:52:27] [162/459] RMTV
[03:52:27] [163/459] MGGG
[03:52:29] [164/459] SWTH
[03:52:29] [165/459] INVJ
[03:52:30] [166/459] PRSV
[03:52:31] [167/459] JATV
[03:52:32] [168/459] RCVD
[03:52:33] [169/459] BDMA
[03:52:34] [170/459] BLJI
[03:52:35] [171/459] SWOT
[03:52:36] [172/459] SWRN
[03:52:37] [173/459] TVRA
[03:52:37] [174/459] VCSV
[03:52:38] [175/459] NVRN
[03:52:39] [176/459] SIKC
[03:52:41] [177/459] VAKR
[03:52:41] [178/459] SYLN
[03:52:42] [179/459] KLJL
[03:52:43] [180/459] LKMY
[03:52:44] [181/459] VSLY
[03:52:45] [182/459] CIKO
[03:52:46] [183/459] GPBG
[03:52:47] [184/459] CECM
[03:52:48] [185/459] SLKB
[03:52:48] [186/459] MTBO
[03:52:49] [187/459] SSHB
[03:52:51] [188/459] VPCS
[03:52:52] [189/459] RCSR
[03:52:52] [190/459] RJRM
[03:52:53] [191/459] KPPB
[03:52:54] [192/459] SEDC
[03:52:55] [193/459] SCAI
[03:52:56] [194/459] RMTR
[03:52:56] [195/459] ASST
[03:52:57] [196/459] GCAK
[03:52:58] [197/459] ANNK
[03:53:00] [198/459] KDDF
[03:53:00] [199/459] NRDP
[03:53:01] [200/459] PLAK
[03:53:02] [201/459] GCMC
[03:53:03] [202/459] ALPY
[03:53:04] [203/459] SICE
[03:53:05] [204/459] SISR
[03:53:06] [205/459] SRPZ
[03:53:07] [206/459] SRSW
[03:53:08] [207/459] SUYA
[03:53:09] [208/459] AMMT
[03:53:10] [209/459] BHCU
[03:53:11] [210/459] KLPA
[03:53:11] [211/459] NVKH
[03:53:12] [212/459] JMRC
[03:53:13] [213/459] KTTT
[03:53:14] [214/459] MAGH
[03:53:15] [215/459] MMMX
[03:53:16] [216/459] SALJ
[03:53:17] [217/459] GTJA
[03:53:17] [218/459] MAHT
[03:53:19] [219/459] SSNN
[03:53:20] [220/459] ARRP
[03:53:21] [221/459] ATNS
[03:53:22] [222/459] SKDT
[03:53:22] [223/459] ACAT
[03:53:23] [224/459] APRC
[03:53:24] [225/459] SWAG
[03:53:25] [226/459] SDPT
[03:53:26] [227/459] STPS
[03:53:27] [228/459] WWCZ
[03:53:28] [229/459] LLCH
[03:53:29] [230/459] MZHA
[03:53:30] [231/459] CRJG
[03:53:31] [232/459] JGTK
[03:53:32] [233/459] KCSR
[03:53:33] [234/459] CHTL
[03:53:33] [235/459] EDSR
[03:53:34] [236/459] CSWO
[03:53:35] [237/459] CPVM
[03:53:36] [238/459] MXBY
[03:53:37] [239/459] FMMA
[03:53:38] [240/459] POVI
[03:53:39] [241/459] MTHB
[03:53:40] [242/459] INRC
[03:53:41] [243/459] PIPP
[03:53:42] [244/459] BMXC
[03:53:43] [245/459] PCMM
[03:53:44] [246/459] PMKM
[03:53:44] [247/459] GATY
[03:53:46] [248/459] IMCM
[03:53:47] [249/459] POPE
[03:53:47] [250/459] MTCR
[03:53:48] [251/459] PVAE
[03:53:49] [252/459] PVMI
[03:53:50] [253/459] CPNM
[03:53:51] [254/459] FMRL
[03:53:52] [255/459] MCIW
[03:53:53] [256/459] MXBO
[03:53:54] [257/459] FMKY
[03:53:54] [258/459] FMDA
[03:53:55] [259/459] THAB
[03:53:57] [260/459] PRCW
[03:53:57] [261/459] PITI
[03:53:58] [262/459] MCFF
[03:53:59] [263/459] PDDV
[03:54:00] [264/459] MCRM
[03:54:01] [265/459] KKMB
[03:54:01] [266/459] INKO
[03:54:03] [267/459] PLXP
[03:54:03] [268/459] MMHA
[03:54:04] [269/459] FMVS
[03:54:05] [270/459] POLM
[03:54:06] [271/459] STER
[03:54:07] [272/459] PVWJ
[03:54:08] [273/459] IMJW
[03:54:09] [274/459] FNAN
[03:54:10] [275/459] CAGL
[03:54:11] [276/459] IPBG
[03:54:12] [277/459] SMFV
[03:54:13] [278/459] MMMR
[03:54:13] [279/459] MMWM
[03:54:14] [280/459] FNCM
[03:54:15] [281/459] MDVA
[03:54:16] [282/459] MMET
[03:54:18] [283/459] MIDO
[03:54:19] [284/459] INNP
[03:54:20] [285/459] MIFU
[03:54:20] [286/459] MMSZ
[03:54:22] [287/459] BMXA
[03:54:22] [288/459] MCAA
[03:54:23] [289/459] SCVP
[03:54:24] [290/459] PLUS
[03:54:26] [291/459] MUCK
[03:54:27] [292/459] MTMA
[03:54:28] [293/459] HPVR
[03:54:29] [294/459] PMPK
[03:54:30] [295/459] MAJB
[03:54:31] [296/459] CTRR
[03:54:32] [297/459] MCTG
[03:54:32] [298/459] MACE
[03:54:33] [299/459] AAAS
[03:54:34] [300/459] CPVV
[03:54:35] [301/459] RCHG
[03:54:36] [302/459] MCNE
[03:54:36] [303/459] EMNC
[03:54:37] [304/459] MCAN
[03:54:38] [305/459] TCDM
[03:54:39] [306/459] IRGT
[03:54:40] [307/459] GCMG
[03:54:41] [308/459] MXSN
[03:54:41] [309/459] MXCK
[03:54:42] [310/459] MCRC
[03:54:43] [311/459] RSMI
[03:54:44] [312/459] WAML
[03:54:45] [313/459] MTSC
[03:54:46] [314/459] FMDR
[03:54:47] [315/459] LEPV
[03:54:48] [316/459] MTGD
[03:54:49] [317/459] IMOB
[03:54:51] [318/459] CLMM
[03:54:52] [319/459] PZCD
[03:54:52] [320/459] GOCS
[03:54:53] [321/459] KCMA
[03:54:54] [322/459] CCMP
[03:54:55] [323/459] MTSU
[03:54:56] [324/459] SNGL
[03:54:57] [325/459] MMMC
[03:54:57] [326/459] MMAA
[03:54:59] [327/459] GCDM
[03:55:00] [328/459] KTMV
[03:55:01] [329/459] AETE
[03:55:02] [330/459] OMCS
[03:55:03] [331/459] GDCD
[03:55:04] [332/459] NYMD
[03:55:04] [333/459] RNCV
[03:55:05] [334/459] KKMT
[03:55:07] [335/459] GDTH
[03:55:08] [336/459] KMMV
[03:55:09] [337/459] NHCG
[03:55:10] [338/459] PJDW
[03:55:11] [339/459] MMCV
[03:55:11] [340/459] FQSA
[03:55:12] [341/459] KURL
[03:55:13] [342/459] NNNX
[03:55:14] [343/459] AMAU
[03:55:14] [344/459] VVVM
[03:55:15] [345/459] VECU
[03:55:16] [346/459] WCVR
[03:55:17] [347/459] MTGG
[03:55:18] [348/459] SGTG
[03:55:18] [349/459] MNTG
[03:55:19] [350/459] JDDG
[03:55:20] [351/459] MBTK
[03:55:21] [352/459] SGCD
[03:55:22] [353/459] MCTC
[03:55:23] [354/459] JTPC
[03:55:23] [355/459] SDKT
[03:55:24] [356/459] KRCC
[03:55:25] [357/459] RMMD
[03:55:26] [358/459] AAME
[03:55:26] [359/459] TMWC
[03:55:27] [360/459] NRWY
[03:55:28] [361/459] CITD
[03:55:29] [362/459] VERD
[03:55:30] [363/459] MKSK
[03:55:30] [364/459] STSM
[03:55:31] [365/459] MJDG
[03:55:32] [366/459] RKPM
[03:55:33] [367/459] SSCE
[03:55:34] [368/459] VMAE
[03:55:35] [369/459] SBRU
[03:55:35] [370/459] AMBC
[03:55:37] [371/459] AMLU
[03:55:38] [372/459] INVZ
[03:55:39] [373/459] LGTV
[03:55:39] [374/459] SVAD
[03:55:40] [375/459] SMSA
[03:55:41] [376/459] SPCZ
[03:55:42] [377/459] GTCX
[03:55:43] [378/459] SCSL
[03:55:43] [379/459] SAHU
[03:55:44] [380/459] NCDA
[03:55:45] [381/459] SCCG
[03:55:47] [382/459] VKTL
[03:55:47] [383/459] PUUJ
[03:55:48] [384/459] STEJ
[03:55:49] [385/459] RJAL
[03:55:50] [386/459] ACJC
[03:55:51] [387/459] VTHC
[03:55:52] [388/459] ARVB
[03:55:54] [389/459] AUBB
[03:55:55] [390/459] GDBR
[03:55:56] [391/459] PVND
[03:55:57] [392/459] BGRJ
[03:55:58] [393/459] RJMM
[03:55:59] [394/459] MCSA
[03:56:00] [395/459] BODA
[03:56:00] [396/459] JAGG
[03:56:01] [397/459] SCGA
[03:56:02] [398/459] LRCM
[03:56:03] [399/459] CPCN
[03:56:04] [400/459] SSTF
[03:56:05] [401/459] SRXP
[03:56:06] [402/459] CNFX
[03:56:07] [403/459] ANDI
[03:56:07] [404/459] SYEW
[03:56:09] [405/459] RCRE
[03:56:10] [406/459] SCRW
[03:56:10] [407/459] MBKR
[03:56:11] [408/459] ASNT
[03:56:12] [409/459] JTMT
[03:56:13] [410/459] SHAY
[03:56:14] [411/459] VRTH
[03:56:14] [412/459] SPTI
[03:56:15] [413/459] DPTD
[03:56:16] [414/459] TGSN
[03:56:17] [415/459] RCWV
[03:56:18] [416/459] OCUR
[03:56:18] [417/459] KSTC
[03:56:20] [418/459] SANI
[03:56:21] [419/459] MLCA
[03:56:22] [420/459] EGCA
[03:56:22] [421/459] SYSN
[03:56:23] [422/459] PKTA
[03:56:24] [423/459] PRCC
[03:56:25] [424/459] KSTR
[03:56:26] [425/459] SNTP
[03:56:26] [426/459] RCHA
[03:56:28] [427/459] SEEA
[03:56:29] [428/459] ALAT
[03:56:29] [429/459] AATV
[03:56:30] [430/459] RJTE
[03:56:31] [431/459] AAPP
[03:56:32] [432/459] PMMH
[03:56:33] [433/459] INRJ
[03:56:35] [434/459] SARB
[03:56:35] [435/459] PCJL
[03:56:36] [436/459] PFJJ
[03:56:37] [437/459] GRDC
[03:56:38] [438/459] BCBA
[03:56:38] [439/459] VIXL
[03:56:39] [440/459] CSTL
[03:56:40] [441/459] MTDK
[03:56:41] [442/459] TDAC
[03:56:42] [443/459] GTDN
[03:56:43] [444/459] TTDE
[03:56:43] [445/459] ASTS
[03:56:44] [446/459] CPNS
[03:56:45] [447/459] PVVW
[03:56:45] [448/459] USEB
[03:56:46] [449/459] DTYN
[03:56:47] [450/459] PVLE
[03:56:48] [451/459] CIPS
[03:56:49] [452/459] PAEG
[03:56:50] [453/459] PTCW
[03:56:50] [454/459] G3SR
[03:56:51] [455/459] PGND
[03:56:52] [456/459] INVM
[03:56:53] [457/459] SPIA
[03:56:55] [458/459] PCSN
[03:56:56] [459/459] PPGV
[03:56:56] 🧹 Deduping shows
[03:56:56] ✅ DONE | Shows=345 | Movies=18
[07:09:15] 🚀 SCRIPT STARTED
[07:09:15] [1/459] FNDB
[07:09:15] 🧠 New identity created
[07:09:17] [2/459] AMBH
[07:09:18] [3/459] PRHN
[07:09:19] [4/459] ACPM
[07:09:19] [5/459] PVFS
[07:09:20] [6/459] AACN
[07:09:21] [7/459] ACAS
[07:09:22] [8/459] CTNR
[07:09:23] [9/459] MMAH
[07:09:24] [10/459] CPMH
[07:09:24] [11/459] IGMH
[07:09:25] [12/459] ABCS
[07:09:27] [13/459] CMMA
[07:09:28] [14/459] GPRH
[07:09:28] [15/459] PNNG
[07:09:29] [16/459] AMCA
[07:09:30] [17/459] ISTN
[07:09:32] [18/459] PIIC
[07:09:33] [19/459] AHMH
[07:09:34] [20/459] ASHN
[07:09:35] [21/459] INHY
[07:09:35] [22/459] SRMO
[07:09:36] [23/459] PIMH
[07:09:38] [24/459] PVTS
[07:09:39] [25/459] MMCA
[07:09:40] [26/459] AKYJ
[07:09:40] [27/459] BRKH
[07:09:41] [28/459] MAHM
[07:09:42] [29/459] CPHY
[07:09:43] [30/459] PVTP
[07:09:45] [31/459] SMMR
[07:09:46] [32/459] PVHM
[07:09:47] [33/459] SNDY
[07:09:48] [34/459] GOKU
[07:09:48] [35/459] ACEV
[07:09:49] [36/459] PVUM
[07:09:51] [37/459] VSWA
[07:09:53] [38/459] IPRS
[07:09:54] [39/459] ASGN
[07:09:55] [40/459] BKMV
[07:09:56] [41/459] PVYH
[07:09:56] [42/459] INKM
[07:09:57] [43/459] ARJU
[07:09:58] [44/459] JJPP
[07:09:59] [45/459] SSRM
[07:10:00] [46/459] HMHD
[07:10:01] [47/459] SNKH
[07:10:01] [48/459] ACHI
[07:10:02] [49/459] MRAA
[07:10:03] [50/459] INMH
[07:10:04] [51/459] ARMH
[07:10:06] [52/459] DVRR
[07:10:07] [53/459] SUDA
[07:10:08] [54/459] MCSS
[07:10:09] [55/459] VRKC
[07:10:11] [56/459] PRCX
[07:10:12] [57/459] ASJY
[07:10:13] [58/459] MTHY
[07:10:14] [59/459] SRCM
[07:10:16] [60/459] TVHY
[07:10:17] [61/459] STHD
[07:10:18] [62/459] CPCL
[07:10:19] [63/459] PSMJ
[07:10:20] [64/459] MRGT
[07:10:21] [65/459] ARYH
[07:10:22] [66/459] VTRB
[07:10:23] [67/459] SCHC
[07:10:24] [68/459] MRRG
[07:10:25] [69/459] SPCB
[07:10:26] [70/459] AMCM
[07:10:27] [71/459] IVNM
[07:10:28] [72/459] TRHY
[07:10:29] [73/459] PTTH
[07:10:29] [74/459] RKMH
[07:10:30] [75/459] PRCS
[07:10:31] [76/459] VAJA
[07:10:32] [77/459] BJNG
[07:10:33] [78/459] SCVM
[07:10:33] [79/459] GNHB
[07:10:34] [80/459] TLUR
[07:10:35] [81/459] UKCC
[07:10:36] [82/459] SRKR
[07:10:38] [83/459] RMKN
[07:10:38] [84/459] SLRT
[07:10:39] [85/459] LKMT
[07:10:40] [86/459] SSRJ
[07:10:41] [87/459] SPHT
[07:10:42] [88/459] ANTT
[07:10:43] [89/459] SRCH
[07:10:44] [90/459] SRCA
[07:10:45] [91/459] ARTH
[07:10:45] [92/459] MCBH
[07:10:46] [93/459] SNIB
[07:10:47] [94/459] SART
[07:10:48] [95/459] SKTA
[07:10:49] [96/459] YAKT
[07:10:50] [97/459] MLCK
[07:10:51] [98/459] ANTS
[07:10:51] [99/459] DGCA
[07:10:52] [100/459] SGMP
[07:10:53] [101/459] ASWN
[07:10:54] [102/459] KFVU
[07:10:55] [103/459] POOR
[07:10:56] [104/459] GKDN
[07:10:56] [105/459] EOSE
[07:10:57] [106/459] GTTT
[07:10:58] [107/459] ARRO
[07:10:59] [108/459] CMMK
[07:11:00] [109/459] MSCN
[07:11:01] [110/459] GDKH
[07:11:02] [111/459] DLMT
[07:11:03] [112/459] PVMF
[07:11:04] [113/459] CPCK
[07:11:05] [114/459] VMHE
[07:11:06] [115/459] PVLC
[07:11:07] [116/459] PCVB
[07:11:08] [117/459] SNYK
[07:11:09] [118/459] KTEK
[07:11:10] [119/459] PCNM
[07:11:11] [120/459] NTTR
[07:11:12] [121/459] CPSK
[07:11:13] [122/459] JMMA
[07:11:14] [123/459] GCFK
[07:11:15] [124/459] MYCA
[07:11:15] [125/459] KSNP
[07:11:16] [126/459] PMCE
[07:11:17] [127/459] SCKI
[07:11:18] [128/459] FSMA
[07:11:19] [129/459] CETA
[07:11:20] [130/459] MCIK
[07:11:20] [131/459] MYCR
[07:11:21] [132/459] EVMP
[07:11:22] [133/459] SSGT
[07:11:23] [134/459] KCTK
[07:11:24] [135/459] ZTKC
[07:11:25] [136/459] MMTA
[07:11:25] [137/459] MAJT
[07:11:26] [138/459] ACPK
[07:11:27] [139/459] JMAX
[07:11:28] [140/459] SETK
[07:11:29] [141/459] CAIS
[07:11:30] [142/459] AGCD
[07:11:31] [143/459] URCL
[07:11:32] [144/459] VTDS
[07:11:33] [145/459] JCNM
[07:11:33] [146/459] KCAM
[07:11:34] [147/459] ADCU
[07:11:35] [148/459] GXYN
[07:11:36] [149/459] SMJG
[07:11:37] [150/459] EYCJ
[07:11:38] [151/459] CCEJ
[07:11:39] [152/459] MARS
[07:11:40] [153/459] CPVJ
[07:11:41] [154/459] INVP
[07:11:42] [155/459] CPOV
[07:11:43] [156/459] VIJK
[07:11:43] [157/459] LAIM
[07:11:44] [158/459] STHV
[07:11:45] [159/459] SVLJ
[07:11:46] [160/459] ATVJ
[07:11:48] [161/459] JTSC
[07:11:48] [162/459] RMTV
[07:11:49] [163/459] MGGG
[07:11:50] [164/459] SWTH
[07:11:51] [165/459] INVJ
[07:11:52] [166/459] PRSV
[07:11:52] [167/459] JATV
[07:11:53] [168/459] RCVD
[07:11:54] [169/459] BDMA
[07:11:55] [170/459] BLJI
[07:11:56] [171/459] SWOT
[07:11:57] [172/459] SWRN
[07:11:58] [173/459] TVRA
[07:11:59] [174/459] VCSV
[07:12:00] [175/459] NVRN
[07:12:00] [176/459] SIKC
[07:12:01] [177/459] VAKR
[07:12:02] [178/459] SYLN
[07:12:03] [179/459] KLJL
[07:12:03] [180/459] LKMY
[07:12:04] [181/459] VSLY
[07:12:05] [182/459] CIKO
[07:12:07] [183/459] GPBG
[07:12:08] [184/459] CECM
[07:12:08] [185/459] SLKB
[07:12:10] [186/459] MTBO
[07:12:10] [187/459] SSHB
[07:12:11] [188/459] VPCS
[07:12:12] [189/459] RCSR
[07:12:13] [190/459] RJRM
[07:12:14] [191/459] KPPB
[07:12:15] [192/459] SEDC
[07:12:16] [193/459] SCAI
[07:12:17] [194/459] RMTR
[07:12:19] [195/459] ASST
[07:12:20] [196/459] GCAK
[07:12:21] [197/459] ANNK
[07:12:22] [198/459] KDDF
[07:12:23] [199/459] NRDP
[07:12:24] [200/459] PLAK
[07:12:25] [201/459] GCMC
[07:12:26] [202/459] ALPY
[07:12:27] [203/459] SICE
[07:12:27] [204/459] SISR
[07:12:28] [205/459] SRPZ
[07:12:29] [206/459] SRSW
[07:12:30] [207/459] SUYA
[07:12:31] [208/459] AMMT
[07:12:32] [209/459] BHCU
[07:12:32] [210/459] KLPA
[07:12:33] [211/459] NVKH
[07:12:34] [212/459] JMRC
[07:12:35] [213/459] KTTT
[07:12:35] [214/459] MAGH
[07:12:36] [215/459] MMMX
[07:12:37] [216/459] SALJ
[07:12:38] [217/459] GTJA
[07:12:38] [218/459] MAHT
[07:12:39] [219/459] SSNN
[07:12:40] [220/459] ARRP
[07:12:41] [221/459] ATNS
[07:12:42] [222/459] SKDT
[07:12:43] [223/459] ACAT
[07:12:44] [224/459] APRC
[07:12:45] [225/459] SWAG
[07:12:46] [226/459] SDPT
[07:12:47] [227/459] STPS
[07:12:48] [228/459] WWCZ
[07:12:49] [229/459] LLCH
[07:12:49] [230/459] MZHA
[07:12:50] [231/459] CRJG
[07:12:51] [232/459] JGTK
[07:12:52] [233/459] KCSR
[07:12:53] [234/459] CHTL
[07:12:54] [235/459] EDSR
[07:12:54] [236/459] CSWO
[07:12:55] [237/459] CPVM
[07:12:56] [238/459] MXBY
[07:12:57] [239/459] FMMA
[07:12:57] [240/459] POVI
[07:12:58] [241/459] MTHB
[07:12:59] [242/459] INRC
[07:13:00] [243/459] PIPP
[07:13:01] [244/459] BMXC
[07:13:02] [245/459] PCMM
[07:13:02] [246/459] PMKM
[07:13:04] [247/459] GATY
[07:13:06] [248/459] IMCM
[07:13:07] [249/459] POPE
[07:13:07] [250/459] MTCR
[07:13:08] [251/459] PVAE
[07:13:09] [252/459] PVMI
[07:13:10] [253/459] CPNM
[07:13:10] [254/459] FMRL
[07:13:11] [255/459] MCIW
[07:13:13] [256/459] MXBO
[07:13:13] [257/459] FMKY
[07:13:14] [258/459] FMDA
[07:13:15] [259/459] THAB
[07:13:16] [260/459] PRCW
[07:13:17] [261/459] PITI
[07:13:18] [262/459] MCFF
[07:13:18] [263/459] PDDV
[07:13:19] [264/459] MCRM
[07:13:20] [265/459] KKMB
[07:13:21] [266/459] INKO
[07:13:22] [267/459] PLXP
[07:13:23] [268/459] MMHA
[07:13:24] [269/459] FMVS
[07:13:25] [270/459] POLM
[07:13:26] [271/459] STER
[07:13:28] [272/459] PVWJ
[07:13:29] [273/459] IMJW
[07:13:29] [274/459] FNAN
[07:13:30] [275/459] CAGL
[07:13:31] [276/459] IPBG
[07:13:32] [277/459] SMFV
[07:13:33] [278/459] MMMR
[07:13:33] [279/459] MMWM
[07:13:34] [280/459] FNCM
[07:13:35] [281/459] MDVA
[07:13:37] [282/459] MMET
[07:13:37] [283/459] MIDO
[07:13:38] [284/459] INNP
[07:13:39] [285/459] MIFU
[07:13:41] [286/459] MMSZ
[07:13:42] [287/459] BMXA
[07:13:42] [288/459] MCAA
[07:13:43] [289/459] SCVP
[07:13:44] [290/459] PLUS
[07:13:45] [291/459] MUCK
[07:13:45] [292/459] MTMA
[07:13:46] [293/459] HPVR
[07:13:47] [294/459] PMPK
[07:13:48] [295/459] MAJB
[07:13:49] [296/459] CTRR
[07:13:50] [297/459] MCTG
[07:13:50] [298/459] MACE
[07:13:51] [299/459] AAAS
[07:13:52] [300/459] CPVV
[07:13:53] [301/459] RCHG
[07:13:54] [302/459] MCNE
[07:13:54] [303/459] EMNC
[07:13:56] [304/459] MCAN
[07:13:57] [305/459] TCDM
[07:13:58] [306/459] IRGT
[07:13:58] [307/459] GCMG
[07:13:59] [308/459] MXSN
[07:14:00] [309/459] MXCK
[07:14:01] [310/459] MCRC
[07:14:02] [311/459] RSMI
[07:14:04] [312/459] WAML
[07:14:04] [313/459] MTSC
[07:14:05] [314/459] FMDR
[07:14:06] [315/459] LEPV
[07:14:07] [316/459] MTGD
[07:14:08] [317/459] IMOB
[07:14:09] [318/459] CLMM
[07:14:10] [319/459] PZCD
[07:14:11] [320/459] GOCS
[07:14:11] [321/459] KCMA
[07:14:12] [322/459] CCMP
[07:14:13] [323/459] MTSU
[07:14:14] [324/459] SNGL
[07:14:15] [325/459] MMMC
[07:14:16] [326/459] MMAA
[07:14:17] [327/459] GCDM
[07:14:18] [328/459] KTMV
[07:14:19] [329/459] AETE
[07:14:20] [330/459] OMCS
[07:14:21] [331/459] GDCD
[07:14:21] [332/459] NYMD
[07:14:22] [333/459] RNCV
[07:14:23] [334/459] KKMT
[07:14:25] [335/459] GDTH
[07:14:26] [336/459] KMMV
[07:14:27] [337/459] NHCG
[07:14:28] [338/459] PJDW
[07:14:29] [339/459] MMCV
[07:14:30] [340/459] FQSA
[07:14:31] [341/459] KURL
[07:14:32] [342/459] NNNX
[07:14:33] [343/459] AMAU
[07:14:34] [344/459] VVVM
[07:14:35] [345/459] VECU
[07:14:36] [346/459] WCVR
[07:14:36] [347/459] MTGG
[07:14:37] [348/459] SGTG
[07:14:38] [349/459] MNTG
[07:14:39] [350/459] JDDG
[07:14:40] [351/459] MBTK
[07:14:41] [352/459] SGCD
[07:14:42] [353/459] MCTC
[07:14:43] [354/459] JTPC
[07:14:44] [355/459] SDKT
[07:14:45] [356/459] KRCC
[07:14:46] [357/459] RMMD
[07:14:47] [358/459] AAME
[07:14:48] [359/459] TMWC
[07:14:49] [360/459] NRWY
[07:14:50] [361/459] CITD
[07:14:50] [362/459] VERD
[07:14:51] [363/459] MKSK
[07:14:52] [364/459] STSM
[07:14:53] [365/459] MJDG
[07:14:55] [366/459] RKPM
[07:14:55] [367/459] SSCE
[07:14:56] [368/459] VMAE
[07:14:57] [369/459] SBRU
[07:14:58] [370/459] AMBC
[07:14:59] [371/459] AMLU
[07:15:00] [372/459] INVZ
[07:15:02] [373/459] LGTV
[07:15:02] [374/459] SVAD
[07:15:04] [375/459] SMSA
[07:15:05] [376/459] SPCZ
[07:15:05] [377/459] GTCX
[07:15:06] [378/459] SCSL
[07:15:07] [379/459] SAHU
[07:15:08] [380/459] NCDA
[07:15:08] [381/459] SCCG
[07:15:09] [382/459] VKTL
[07:15:10] [383/459] PUUJ
[07:15:11] [384/459] STEJ
[07:15:12] [385/459] RJAL
[07:15:12] [386/459] ACJC
[07:15:13] [387/459] VTHC
[07:15:14] [388/459] ARVB
[07:15:15] [389/459] AUBB
[07:15:15] [390/459] GDBR
[07:15:16] [391/459] PVND
[07:15:17] [392/459] BGRJ
[07:15:18] [393/459] RJMM
[07:15:19] [394/459] MCSA
[07:15:20] [395/459] BODA
[07:15:20] [396/459] JAGG
[07:15:21] [397/459] SCGA
[07:15:22] [398/459] LRCM
[07:15:23] [399/459] CPCN
[07:15:24] [400/459] SSTF
[07:15:25] [401/459] SRXP
[07:15:26] [402/459] CNFX
[07:15:27] [403/459] ANDI
[07:15:28] [404/459] SYEW
[07:15:28] [405/459] RCRE
[07:15:29] [406/459] SCRW
[07:15:30] [407/459] MBKR
[07:15:31] [408/459] ASNT
[07:15:31] [409/459] JTMT
[07:15:33] [410/459] SHAY
[07:15:34] [411/459] VRTH
[07:15:35] [412/459] SPTI
[07:15:36] [413/459] DPTD
[07:15:37] [414/459] TGSN
[07:15:37] [415/459] RCWV
[07:15:38] [416/459] OCUR
[07:15:40] [417/459] KSTC
[07:15:40] [418/459] SANI
[07:15:41] [419/459] MLCA
[07:15:42] [420/459] EGCA
[07:15:43] [421/459] SYSN
[07:15:44] [422/459] PKTA
[07:15:45] [423/459] PRCC
[07:15:46] [424/459] KSTR
[07:15:47] [425/459] SNTP
[07:15:48] [426/459] RCHA
[07:15:49] [427/459] SEEA
[07:15:49] [428/459] ALAT
[07:15:50] [429/459] AATV
[07:15:51] [430/459] RJTE
[07:15:52] [431/459] AAPP
[07:15:53] [432/459] PMMH
[07:15:54] [433/459] INRJ
[07:15:54] [434/459] SARB
[07:15:55] [435/459] PCJL
[07:15:56] [436/459] PFJJ
[07:15:57] [437/459] GRDC
[07:15:58] [438/459] BCBA
[07:15:59] [439/459] VIXL
[07:15:59] [440/459] CSTL
[07:16:00] [441/459] MTDK
[07:16:01] [442/459] TDAC
[07:16:02] [443/459] GTDN
[07:16:02] [444/459] TTDE
[07:16:03] [445/459] ASTS
[07:16:04] [446/459] CPNS
[07:16:05] [447/459] PVVW
[07:16:06] [448/459] USEB
[07:16:07] [449/459] DTYN
[07:16:08] [450/459] PVLE
[07:16:08] [451/459] CIPS
[07:16:09] [452/459] PAEG
[07:16:10] [453/459] PTCW
[07:16:11] [454/459] G3SR
[07:16:12] [455/459] PGND
[07:16:12] [456/459] INVM
[07:16:14] [457/459] SPIA
[07:16:15] [458/459] PCSN
[07:16:16] [459/459] PPGV
[07:16:17] 🧹 Deduping shows
[07:16:17] ✅ DONE | Shows=345 | Movies=18
[10:54:53] 🚀 SCRIPT STARTED
[10:54:53] [1/459] FNDB
[10:54:53] 🧠 New identity created
[10:54:54] [2/459] AMBH
[10:54:55] [3/459] PRHN
[10:54:56] [4/459] ACPM
[10:54:56] [5/459] PVFS
[10:54:58] [6/459] AACN
[10:55:00] [7/459] ACAS
[10:55:01] [8/459] CTNR
[10:55:03] [9/459] MMAH
[10:55:04] [10/459] CPMH
[10:55:06] [11/459] IGMH
[10:55:07] [12/459] ABCS
[10:55:09] [13/459] CMMA
[10:55:10] [14/459] GPRH
[10:55:12] [15/459] PNNG
[10:55:12] [16/459] AMCA
[10:55:14] [17/459] ISTN
[10:55:15] [18/459] PIIC
[10:55:16] [19/459] AHMH
[10:55:17] [20/459] ASHN
[10:55:18] [21/459] INHY
[10:55:19] [22/459] SRMO
[10:55:20] [23/459] PIMH
[10:55:21] [24/459] PVTS
[10:55:22] [25/459] MMCA
[10:55:23] [26/459] AKYJ
[10:55:24] [27/459] BRKH
[10:55:26] [28/459] MAHM
[10:55:27] [29/459] CPHY
[10:55:28] [30/459] PVTP
[10:55:29] [31/459] SMMR
[10:55:30] [32/459] PVHM
[10:55:31] [33/459] SNDY
[10:55:33] [34/459] GOKU
[10:55:34] [35/459] ACEV
[10:55:35] [36/459] PVUM
[10:55:36] [37/459] VSWA
[10:55:38] [38/459] IPRS
[10:55:39] [39/459] ASGN
[10:55:41] [40/459] BKMV
[10:55:42] [41/459] PVYH
[10:55:43] [42/459] INKM
[10:55:44] [43/459] ARJU
[10:55:44] [44/459] JJPP
[10:55:45] [45/459] SSRM
[10:55:46] [46/459] HMHD
[10:55:47] [47/459] SNKH
[10:55:48] [48/459] ACHI
[10:55:48] [49/459] MRAA
[10:55:49] [50/459] INMH
[10:55:50] [51/459] ARMH
[10:55:52] [52/459] DVRR
[10:55:52] [53/459] SUDA
[10:55:54] [54/459] MCSS
[10:55:55] [55/459] VRKC
[10:55:56] [56/459] PRCX
[10:55:58] [57/459] ASJY
[10:55:59] [58/459] MTHY
[10:56:00] [59/459] SRCM
[10:56:01] [60/459] TVHY
[10:56:02] [61/459] STHD
[10:56:03] [62/459] CPCL
[10:56:05] [63/459] PSMJ
[10:56:06] [64/459] MRGT
[10:56:07] [65/459] ARYH
[10:56:07] [66/459] VTRB
[10:56:08] [67/459] SCHC
[10:56:10] [68/459] MRRG
[10:56:11] [69/459] SPCB
[10:56:12] [70/459] AMCM
[10:56:14] [71/459] IVNM
[10:56:15] [72/459] TRHY
[10:56:15] [73/459] PTTH
[10:56:17] [74/459] RKMH
[10:56:19] [75/459] PRCS
[10:56:20] [76/459] VAJA
[10:56:22] [77/459] BJNG
[10:56:23] [78/459] SCVM
[10:56:24] [79/459] GNHB
[10:56:26] [80/459] TLUR
[10:56:27] [81/459] UKCC
[10:56:28] [82/459] SRKR
[10:56:29] [83/459] RMKN
[10:56:30] [84/459] SLRT
[10:56:31] [85/459] LKMT
[10:56:32] [86/459] SSRJ
[10:56:32] [87/459] SPHT
[10:56:34] [88/459] ANTT
[10:56:35] [89/459] SRCH
[10:56:36] [90/459] SRCA
[10:56:37] [91/459] ARTH
[10:56:39] [92/459] MCBH
[10:56:40] [93/459] SNIB
[10:56:41] [94/459] SART
[10:56:43] [95/459] SKTA
[10:56:43] [96/459] YAKT
[10:56:45] [97/459] MLCK
[10:56:46] [98/459] ANTS
[10:56:47] [99/459] DGCA
[10:56:48] [100/459] SGMP
[10:56:50] [101/459] ASWN
[10:56:51] [102/459] KFVU
[10:56:52] [103/459] POOR
[10:56:53] [104/459] GKDN
[10:56:55] [105/459] EOSE
[10:56:56] [106/459] GTTT
[10:56:56] [107/459] ARRO
[10:56:58] [108/459] CMMK
[10:56:59] [109/459] MSCN
[10:57:01] [110/459] GDKH
[10:57:02] [111/459] DLMT
[10:57:03] [112/459] PVMF
[10:57:04] [113/459] CPCK
[10:57:05] [114/459] VMHE
[10:57:07] [115/459] PVLC
[10:57:08] [116/459] PCVB
[10:57:09] [117/459] SNYK
[10:57:09] [118/459] KTEK
[10:57:10] [119/459] PCNM
[10:57:11] [120/459] NTTR
[10:57:12] [121/459] CPSK
[10:57:13] [122/459] JMMA
[10:57:15] [123/459] GCFK
[10:57:16] [124/459] MYCA
[10:57:17] [125/459] KSNP
[10:57:18] [126/459] PMCE
[10:57:19] [127/459] SCKI
[10:57:21] [128/459] FSMA
[10:57:21] [129/459] CETA
[10:57:23] [130/459] MCIK
[10:57:25] [131/459] MYCR
[10:57:26] [132/459] EVMP
[10:57:28] [133/459] SSGT
[10:57:30] [134/459] KCTK
[10:57:31] [135/459] ZTKC
[10:57:32] [136/459] MMTA
[10:57:34] [137/459] MAJT
[10:57:35] [138/459] ACPK
[10:57:37] [139/459] JMAX
[10:57:38] [140/459] SETK
[10:57:39] [141/459] CAIS
[10:57:40] [142/459] AGCD
[10:57:41] [143/459] URCL
[10:57:42] [144/459] VTDS
[10:57:44] [145/459] JCNM
[10:57:45] [146/459] KCAM
[10:57:45] [147/459] ADCU
[10:57:46] [148/459] GXYN
[10:57:48] [149/459] SMJG
[10:57:49] [150/459] EYCJ
[10:57:50] [151/459] CCEJ
[10:57:51] [152/459] MARS
[10:57:53] [153/459] CPVJ
[10:57:54] [154/459] INVP
[10:57:55] [155/459] CPOV
[10:57:56] [156/459] VIJK
[10:57:57] [157/459] LAIM
[10:57:59] [158/459] STHV
[10:58:00] [159/459] SVLJ
[10:58:00] [160/459] ATVJ
[10:58:01] [161/459] JTSC
[10:58:02] [162/459] RMTV
[10:58:03] [163/459] MGGG
[10:58:05] [164/459] SWTH
[10:58:06] [165/459] INVJ
[10:58:07] [166/459] PRSV
[10:58:09] [167/459] JATV
[10:58:09] [168/459] RCVD
[10:58:11] [169/459] BDMA
[10:58:13] [170/459] BLJI
[10:58:14] [171/459] SWOT
[10:58:16] [172/459] SWRN
[10:58:18] [173/459] TVRA
[10:58:19] [174/459] VCSV
[10:58:20] [175/459] NVRN
[10:58:21] [176/459] SIKC
[10:58:23] [177/459] VAKR
[10:58:24] [178/459] SYLN
[10:58:25] [179/459] KLJL
[10:58:26] [180/459] LKMY
[10:58:27] [181/459] VSLY
[10:58:29] [182/459] CIKO
[10:58:30] [183/459] GPBG
[10:58:32] [184/459] CECM
[10:58:33] [185/459] SLKB
[10:58:34] [186/459] MTBO
[10:58:35] [187/459] SSHB
[10:58:36] [188/459] VPCS
[10:58:37] [189/459] RCSR
[10:58:38] [190/459] RJRM
[10:58:38] [191/459] KPPB
[10:58:40] [192/459] SEDC
[10:58:41] [193/459] SCAI
[10:58:43] [194/459] RMTR
[10:58:44] [195/459] ASST
[10:58:45] [196/459] GCAK
[10:58:46] [197/459] ANNK
[10:58:48] [198/459] KDDF
[10:58:49] [199/459] NRDP
[10:58:50] [200/459] PLAK
[10:58:52] [201/459] GCMC
[10:58:53] [202/459] ALPY
[10:58:54] [203/459] SICE
[10:58:55] [204/459] SISR
[10:58:56] [205/459] SRPZ
[10:58:57] [206/459] SRSW
[10:58:59] [207/459] SUYA
[10:58:59] [208/459] AMMT
[10:59:01] [209/459] BHCU
[10:59:03] [210/459] KLPA
[10:59:04] [211/459] NVKH
[10:59:05] [212/459] JMRC
[10:59:07] [213/459] KTTT
[10:59:08] [214/459] MAGH
[10:59:09] [215/459] MMMX
[10:59:10] [216/459] SALJ
[10:59:11] [217/459] GTJA
[10:59:12] [218/459] MAHT
[10:59:13] [219/459] SSNN
[10:59:15] [220/459] ARRP
[10:59:16] [221/459] ATNS
[10:59:18] [222/459] SKDT
[10:59:19] [223/459] ACAT
[10:59:21] [224/459] APRC
[10:59:22] [225/459] SWAG
[10:59:24] [226/459] SDPT
[10:59:25] [227/459] STPS
[10:59:27] [228/459] WWCZ
[10:59:27] [229/459] LLCH
[10:59:28] [230/459] MZHA
[10:59:29] [231/459] CRJG
[10:59:30] [232/459] JGTK
[10:59:31] [233/459] KCSR
[10:59:33] [234/459] CHTL
[10:59:34] [235/459] EDSR
[10:59:36] [236/459] CSWO
[10:59:37] [237/459] CPVM
[10:59:38] [238/459] MXBY
[10:59:39] [239/459] FMMA
[10:59:40] [240/459] POVI
[10:59:41] [241/459] MTHB
[10:59:42] [242/459] INRC
[10:59:44] [243/459] PIPP
[10:59:45] [244/459] BMXC
[10:59:46] [245/459] PCMM
[10:59:48] [246/459] PMKM
[10:59:49] [247/459] GATY
[10:59:50] [248/459] IMCM
[10:59:51] [249/459] POPE
[10:59:53] [250/459] MTCR
[10:59:53] [251/459] PVAE
[10:59:55] [252/459] PVMI
[10:59:57] [253/459] CPNM
[10:59:57] [254/459] FMRL
[10:59:59] [255/459] MCIW
[11:00:01] [256/459] MXBO
[11:00:01] [257/459] FMKY
[11:00:02] [258/459] FMDA
[11:00:03] [259/459] THAB
[11:00:04] [260/459] PRCW
[11:00:05] [261/459] PITI
[11:00:06] [262/459] MCFF
[11:00:08] [263/459] PDDV
[11:00:09] [264/459] MCRM
[11:00:10] [265/459] KKMB
[11:00:11] [266/459] INKO
[11:00:13] [267/459] PLXP
[11:00:15] [268/459] MMHA
[11:00:16] [269/459] FMVS
[11:00:17] [270/459] POLM
[11:00:18] [271/459] STER
[11:00:20] [272/459] PVWJ
[11:00:21] [273/459] IMJW
[11:00:22] [274/459] FNAN
[11:00:23] [275/459] CAGL
[11:00:24] [276/459] IPBG
[11:00:25] [277/459] SMFV
[11:00:26] [278/459] MMMR
[11:00:27] [279/459] MMWM
[11:00:29] [280/459] FNCM
[11:00:30] [281/459] MDVA
[11:00:31] [282/459] MMET
[11:00:32] [283/459] MIDO
[11:00:33] [284/459] INNP
[11:00:34] [285/459] MIFU
[11:00:35] [286/459] MMSZ
[11:00:36] [287/459] BMXA
[11:00:37] [288/459] MCAA
[11:00:39] [289/459] SCVP
[11:00:40] [290/459] PLUS
[11:00:41] [291/459] MUCK
[11:00:42] [292/459] MTMA
[11:00:43] [293/459] HPVR
[11:00:45] [294/459] PMPK
[11:00:45] [295/459] MAJB
[11:00:46] [296/459] CTRR
[11:00:48] [297/459] MCTG
[11:00:48] [298/459] MACE
[11:00:50] [299/459] AAAS
[11:00:51] [300/459] CPVV
[11:00:52] [301/459] RCHG
[11:00:53] [302/459] MCNE
[11:00:54] [303/459] EMNC
[11:00:55] [304/459] MCAN
[11:00:56] [305/459] TCDM
[11:00:57] [306/459] IRGT
[11:00:58] [307/459] GCMG
[11:01:00] [308/459] MXSN
[11:01:01] [309/459] MXCK
[11:01:02] [310/459] MCRC
[11:01:03] [311/459] RSMI
[11:01:04] [312/459] WAML
[11:01:05] [313/459] MTSC
[11:01:06] [314/459] FMDR
[11:01:07] [315/459] LEPV
[11:01:09] [316/459] MTGD
[11:01:10] [317/459] IMOB
[11:01:12] [318/459] CLMM
[11:01:13] [319/459] PZCD
[11:01:14] [320/459] GOCS
[11:01:15] [321/459] KCMA
[11:01:16] [322/459] CCMP
[11:01:17] [323/459] MTSU
[11:01:18] [324/459] SNGL
[11:01:19] [325/459] MMMC
[11:01:20] [326/459] MMAA
[11:01:21] [327/459] GCDM
[11:01:22] [328/459] KTMV
[11:01:23] [329/459] AETE
[11:01:25] [330/459] OMCS
[11:01:26] [331/459] GDCD
[11:01:28] [332/459] NYMD
[11:01:29] [333/459] RNCV
[11:01:31] [334/459] KKMT
[11:01:32] [335/459] GDTH
[11:01:33] [336/459] KMMV
[11:01:35] [337/459] NHCG
[11:01:36] [338/459] PJDW
[11:01:36] [339/459] MMCV
[11:01:38] [340/459] FQSA
[11:01:39] [341/459] KURL
[11:01:40] [342/459] NNNX
[11:01:41] [343/459] AMAU
[11:01:42] [344/459] VVVM
[11:01:43] [345/459] VECU
[11:01:44] [346/459] WCVR
[11:01:45] [347/459] MTGG
[11:01:46] [348/459] SGTG
[11:01:48] [349/459] MNTG
[11:01:49] [350/459] JDDG
[11:01:51] [351/459] MBTK
[11:01:52] [352/459] SGCD
[11:01:53] [353/459] MCTC
[11:01:55] [354/459] JTPC
[11:01:56] [355/459] SDKT
[11:01:57] [356/459] KRCC
[11:01:58] [357/459] RMMD
[11:01:59] [358/459] AAME
[11:02:00] [359/459] TMWC
[11:02:02] [360/459] NRWY
[11:02:03] [361/459] CITD
[11:02:05] [362/459] VERD
[11:02:06] [363/459] MKSK
[11:02:08] [364/459] STSM
[11:02:09] [365/459] MJDG
[11:02:10] [366/459] RKPM
[11:02:11] [367/459] SSCE
[11:02:12] [368/459] VMAE
[11:02:14] [369/459] SBRU
[11:02:15] [370/459] AMBC
[11:02:17] [371/459] AMLU
[11:02:17] [372/459] INVZ
[11:02:18] [373/459] LGTV
[11:02:20] [374/459] SVAD
[11:02:20] [375/459] SMSA
[11:02:22] [376/459] SPCZ
[11:02:23] [377/459] GTCX
[11:02:23] [378/459] SCSL
[11:02:24] [379/459] SAHU
[11:02:25] [380/459] NCDA
[11:02:26] [381/459] SCCG
[11:02:28] [382/459] VKTL
[11:02:29] [383/459] PUUJ
[11:02:30] [384/459] STEJ
[11:02:31] [385/459] RJAL
[11:02:32] [386/459] ACJC
[11:02:34] [387/459] VTHC
[11:02:35] [388/459] ARVB
[11:02:36] [389/459] AUBB
[11:02:37] [390/459] GDBR
[11:02:38] [391/459] PVND
[11:02:40] [392/459] BGRJ
[11:02:41] [393/459] RJMM
[11:02:42] [394/459] MCSA
[11:02:42] [395/459] BODA
[11:02:44] [396/459] JAGG
[11:02:45] [397/459] SCGA
[11:02:47] [398/459] LRCM
[11:02:48] [399/459] CPCN
[11:02:49] [400/459] SSTF
[11:02:51] [401/459] SRXP
[11:02:51] [402/459] CNFX
[11:02:53] [403/459] ANDI
[11:02:55] [404/459] SYEW
[11:02:56] [405/459] RCRE
[11:02:57] [406/459] SCRW
[11:02:58] [407/459] MBKR
[11:03:00] [408/459] ASNT
[11:03:02] [409/459] JTMT
[11:03:02] [410/459] SHAY
[11:03:03] [411/459] VRTH
[11:03:05] [412/459] SPTI
[11:03:06] [413/459] DPTD
[11:03:06] [414/459] TGSN
[11:03:08] [415/459] RCWV
[11:03:09] [416/459] OCUR
[11:03:10] [417/459] KSTC
[11:03:11] [418/459] SANI
[11:03:13] [419/459] MLCA
[11:03:13] [420/459] EGCA
[11:03:15] [421/459] SYSN
[11:03:15] [422/459] PKTA
[11:03:17] [423/459] PRCC
[11:03:19] [424/459] KSTR
[11:03:20] [425/459] SNTP
[11:03:22] [426/459] RCHA
[11:03:23] [427/459] SEEA
[11:03:24] [428/459] ALAT
[11:03:25] [429/459] AATV
[11:03:26] [430/459] RJTE
[11:03:27] [431/459] AAPP
[11:03:28] [432/459] PMMH
[11:03:30] [433/459] INRJ
[11:03:31] [434/459] SARB
[11:03:33] [435/459] PCJL
[11:03:34] [436/459] PFJJ
[11:03:36] [437/459] GRDC
[11:03:37] [438/459] BCBA
[11:03:38] [439/459] VIXL
[11:03:40] [440/459] CSTL
[11:03:41] [441/459] MTDK
[11:03:43] [442/459] TDAC
[11:03:43] [443/459] GTDN
[11:03:45] [444/459] TTDE
[11:03:47] [445/459] ASTS
[11:03:48] [446/459] CPNS
[11:03:49] [447/459] PVVW
[11:03:50] [448/459] USEB
[11:03:52] [449/459] DTYN
[11:03:53] [450/459] PVLE
[11:03:54] [451/459] CIPS
[11:03:55] [452/459] PAEG
[11:03:56] [453/459] PTCW
[11:03:57] [454/459] G3SR
[11:03:58] [455/459] PGND
[11:03:59] [456/459] INVM
[11:04:01] [457/459] SPIA
[11:04:01] [458/459] PCSN
[11:04:03] [459/459] PPGV
[11:04:04] 🧹 Deduping shows
[11:04:04] ✅ DONE | Shows=347 | Movies=19
