[18:58:08] 🚀 SCRIPT STARTED
[18:58:08] [1/296] CDCA
[18:58:08] 🧠 New identity created
[18:58:09] [2/296] MNSR
[18:58:10] [3/296] CSSL
[18:58:12] [4/296] BGGM
[18:58:12] [5/296] MANT
[18:58:13] [6/296] SOOY
[18:58:15] [7/296] VPPK
[18:58:16] [8/296] MYHJ
[18:58:18] [9/296] KSCK
[18:58:19] [10/296] KATK
[18:58:20] [11/296] RTRT
[18:58:21] [12/296] SSTT
[18:58:21] [13/296] SSTV
[18:58:22] [14/296] LACM
[18:58:23] [15/296] SGMG
[18:58:24] [16/296] KACX
[18:58:25] [17/296] GVCP
[18:58:25] [18/296] CSNC
[18:58:26] [19/296] SXCB
[18:58:27] [20/296] BAHS
[18:58:29] [21/296] PCBI
[18:58:31] [22/296] PSSM
[18:58:31] [23/296] RCOK
[18:58:32] [24/296] SCPF
[18:58:33] [25/296] SSAS
[18:58:34] [26/296] EVMM
[18:58:35] [27/296] SYCB
[18:58:36] [28/296] GCKI
[18:58:37] [29/296] IAET
[18:58:37] [30/296] DDTD
[18:58:38] [31/296] GMDH
[18:58:39] [32/296] STLE
[18:58:41] [33/296] JTRA
[18:58:42] [34/296] RPPA
[18:58:43] [35/296] ARUT
[18:58:44] [36/296] JTVM
[18:58:45] [37/296] SWRH
[18:58:46] [38/296] DCPC
[18:58:46] [39/296] RAPR
[18:58:47] [40/296] GCRT
[18:58:48] [41/296] ATUN
[18:58:49] [42/296] LTRM
[18:58:49] [43/296] TASR
[18:58:50] [44/296] RLLC
[18:58:52] [45/296] MABI
[18:58:53] [46/296] SVHB
[18:58:54] [47/296] NVTB
[18:58:55] [48/296] KCKG
[18:58:56] [49/296] SSRN
[18:58:57] [50/296] VDDC
[18:58:58] [51/296] GKTK
[18:58:59] [52/296] YFSN
[18:59:00] [53/296] GCSG
[18:59:00] [54/296] ESSM
[18:59:01] [55/296] KRIH
[18:59:03] [56/296] GCDS
[18:59:04] [57/296] CCSH
[18:59:05] [58/296] ACSK
[18:59:06] [59/296] APRK
[18:59:08] [60/296] ADKM
[18:59:09] [61/296] SRDM
[18:59:10] [62/296] RMOG
[18:59:11] [63/296] SJMY
[18:59:13] [64/296] PGGC
[18:59:13] [65/296] INGM
[18:59:14] [66/296] LSCB
[18:59:15] [67/296] STAD
[18:59:16] [68/296] MCCR
[18:59:17] [69/296] ABCC
[18:59:18] [70/296] RKCC
[18:59:19] [71/296] RTCR
[18:59:20] [72/296] GGBC
[18:59:21] [73/296] GCSD
[18:59:22] [74/296] LPTY
[18:59:22] [75/296] MCFD
[18:59:23] [76/296] HENN
[18:59:24] [77/296] SMKU
[18:59:25] [78/296] TNZC
[18:59:26] [79/296] DRCD
[18:59:27] [80/296] DLCD
[18:59:28] [81/296] RCDA
[18:59:30] [82/296] COSM
[18:59:31] [83/296] MCMJ
[18:59:32] [84/296] CSTR
[18:59:33] [85/296] CVDK
[18:59:33] [86/296] INRR
[18:59:34] [87/296] RJRT
[18:59:36] [88/296] IRMR
[18:59:37] [89/296] SRCF
[18:59:38] [90/296] GRCR
[18:59:39] [91/296] SURC
[18:59:40] [92/296] NMNH
[18:59:40] [93/296] SVBL
[18:59:41] [94/296] KACI
[18:59:42] [95/296] TDGO
[18:59:44] [96/296] KTBR
[18:59:45] [97/296] PMAD
[18:59:45] [98/296] CCPN
[18:59:46] [99/296] SBTK
[18:59:47] [100/296] LMDK
[18:59:48] [101/296] PGDA
[18:59:49] [102/296] SRML
[18:59:50] [103/296] EVCK
[18:59:51] [104/296] RTTK
[18:59:51] [105/296] SRTU
[18:59:53] [106/296] VRSA
[18:59:54] [107/296] VARS
[18:59:55] [108/296] DSCZ
[18:59:56] [109/296] GAGA
[18:59:57] [110/296] SARV
[18:59:58] [111/296] SEEG
[18:59:58] [112/296] GLCA
[19:00:01] [113/296] APAS
[19:00:01] [114/296] VCIA
[19:00:02] [115/296] SJTA
[19:00:03] [116/296] SABM
[19:00:04] [117/296] PPAG
[19:00:05] [118/296] RVCA
[19:00:05] [119/296] CCIA
[19:00:06] [120/296] HTAG
[19:00:07] [121/296] SMBI
[19:00:08] [122/296] MCJR
[19:00:09] [123/296] CCJR
[19:00:11] [124/296] SINF
[19:00:11] [125/296] CPLX
[19:00:12] [126/296] KKTJ
[19:00:14] [127/296] GDBW
[19:00:16] [128/296] CSUB
[19:00:17] [129/296] DABA
[19:00:18] [130/296] TITR
[19:00:19] [131/296] NYCR
[19:00:20] [132/296] RTRY
[19:00:22] [133/296] JTJL
[19:00:23] [134/296] SJCP
[19:00:24] [135/296] KCCA
[19:00:25] [136/296] MLPG
[19:00:26] [137/296] VRCK
[19:00:27] [138/296] SRIN
[19:00:28] [139/296] CXMK
[19:00:29] [140/296] SKAD
[19:00:30] [141/296] AVTR
[19:00:31] [142/296] PTAJ
[19:00:32] [143/296] SCNK
[19:00:33] [144/296] STTI
[19:00:33] [145/296] KACR
[19:00:34] [146/296] SSDX
[19:00:35] [147/296] VRTJ
[19:00:36] [148/296] RAJD
[19:00:37] [149/296] SCIP
[19:00:38] [150/296] RJSL
[19:00:40] [151/296] ARRS
[19:00:41] [152/296] ASMS
[19:00:41] [153/296] RDTS
[19:00:43] [154/296] DVMY
[19:00:44] [155/296] RASA
[19:00:46] [156/296] INOM
[19:00:46] [157/296] SPRS
[19:00:47] [158/296] SGCS
[19:00:48] [159/296] SALM
[19:00:49] [160/296] PKHC
[19:00:50] [161/296] RCSV
[19:00:51] [162/296] CPKC
[19:00:52] [163/296] AACD
[19:00:53] [164/296] GGCV
[19:00:53] [165/296] SMKD
[19:00:54] [166/296] NBCH
[19:00:56] [167/296] AMCB
[19:00:57] [168/296] OPCN
[19:00:58] [169/296] DCIN
[19:00:59] [170/296] INGW
[19:00:59] [171/296] PKKW
[19:01:00] [172/296] FNGW
[19:01:01] [173/296] GCGD
[19:01:02] [174/296] MSTW
[19:01:03] [175/296] KCCG
[19:01:04] [176/296] MRSS
[19:01:06] [177/296] CLCF
[19:01:06] [178/296] EETS
[19:01:07] [179/296] AATR
[19:01:08] [180/296] CMMN
[19:01:09] [181/296] SCCJ
[19:01:09] [182/296] CDTK
[19:01:10] [183/296] AICP
[19:01:11] [184/296] FNBP
[19:01:12] [185/296] CBPB
[19:01:13] [186/296] CPAS
[19:01:14] [187/296] MAPM
[19:01:15] [188/296] PASD
[19:01:16] [189/296] JCMN
[19:01:17] [190/296] MALB
[19:01:18] [191/296] SACG
[19:01:18] [192/296] DDRX
[19:01:20] [193/296] DDXB
[19:01:21] [194/296] RAMC
[19:01:22] [195/296] SANC
[19:01:23] [196/296] BCBP
[19:01:23] [197/296] ALPC
[19:01:24] [198/296] RBAC
[19:01:25] [199/296] RAJL
[19:01:26] [200/296] MPDX
[19:01:27] [201/296] MUSC
[19:01:29] [202/296] VKMK
[19:01:30] [203/296] SKCG
[19:01:31] [204/296] ANCN
[19:01:32] [205/296] MMCJ
[19:01:33] [206/296] DCAK
[19:01:34] [207/296] SCKG
[19:01:35] [208/296] LMCK
[19:01:36] [209/296] CKKX
[19:01:37] [210/296] ANKU
[19:01:37] [211/296] CSMD
[19:01:38] [212/296] MKMP
[19:01:39] [213/296] SVBG
[19:01:40] [214/296] ROOP
[19:01:41] [215/296] GDMT
[19:01:42] [216/296] FPPF
[19:01:44] [217/296] SFUU
[19:01:44] [218/296] ANCB
[19:01:45] [219/296] SMMC
[19:01:46] [220/296] UGKT
[19:01:47] [221/296] JVRM
[19:01:48] [222/296] BATG
[19:01:49] [223/296] RATE
[19:01:51] [224/296] SKME
[19:01:52] [225/296] LMTP
[19:01:52] [226/296] TCBD
[19:01:53] [227/296] ESBD
[19:01:54] [228/296] GDCU
[19:01:55] [229/296] SNKT
[19:01:56] [230/296] SRNK
[19:01:57] [231/296] SMED
[19:01:58] [232/296] CSQS
[19:01:59] [233/296] ALCS
[19:02:00] [234/296] KCKN
[19:02:01] [235/296] VCCL
[19:02:02] [236/296] MCDA
[19:02:03] [237/296] SHMI
[19:02:04] [238/296] SKHA
[19:02:05] [239/296] SVFK
[19:02:07] [240/296] INVB
[19:02:08] [241/296] MELD
[19:02:08] [242/296] JTYS
[19:02:09] [243/296] INCM
[19:02:10] [244/296] MCDV
[19:02:11] [245/296] KSGK
[19:02:12] [246/296] ICMG
[19:02:13] [247/296] CSCV
[19:02:14] [248/296] STMD
[19:02:15] [249/296] STTR
[19:02:15] [250/296] INVC
[19:02:16] [251/296] JTBL
[19:02:17] [252/296] SRVV
[19:02:18] [253/296] MAVC
[19:02:19] [254/296] SRPP
[19:02:20] [255/296] JGDM
[19:02:21] [256/296] MBSJ
[19:02:22] [257/296] SSLL
[19:02:23] [258/296] SLKP
[19:02:24] [259/296] NSRV
[19:02:25] [260/296] UTDV
[19:02:26] [261/296] KICM
[19:02:27] [262/296] KCMD
[19:02:28] [263/296] TTPP
[19:02:29] [264/296] KMPV
[19:02:30] [265/296] SKTV
[19:02:30] [266/296] STCV
[19:02:31] [267/296] SRDA
[19:02:32] [268/296] JTSX
[19:02:33] [269/296] STBV
[19:02:34] [270/296] APVZ
[19:02:35] [271/296] GSTV
[19:02:36] [272/296] NMVS
[19:02:37] [273/296] SKRT
[19:02:38] [274/296] RMDV
[19:02:39] [275/296] RATG
[19:02:40] [276/296] SJYV
[19:02:41] [277/296] NDGP
[19:02:42] [278/296] SNDG
[19:02:43] [279/296] INSR
[19:02:45] [280/296] INSO
[19:02:46] [281/296] CCSI
[19:02:48] [282/296] RASM
[19:02:49] [283/296] NEWC
[19:02:49] [284/296] VSHL
[19:02:50] [285/296] BISW
[19:02:51] [286/296] GCNG
[19:02:52] [287/296] CWSC
[19:02:53] [288/296] SKAN
[19:02:54] [289/296] SEHP
[19:02:54] [290/296] CCOA
[19:02:56] [291/296] MCAJ
[19:02:56] [292/296] ACDE
[19:02:57] [293/296] AACM
[19:02:59] [294/296] JJCK
[19:03:00] [295/296] RCMO
[19:03:01] [296/296] GDAW
[19:03:02] 🧹 Deduping shows
[19:03:02] ✅ DONE | Shows=67 | Movies=11
[22:22:00] 🚀 SCRIPT STARTED
[22:22:00] [1/296] CDCA
[22:22:00] 🧠 New identity created
[22:22:01] [2/296] MNSR
[22:22:02] [3/296] CSSL
[22:22:03] [4/296] BGGM
[22:22:03] [5/296] MANT
[22:22:04] [6/296] SOOY
[22:22:05] [7/296] VPPK
[22:22:06] [8/296] MYHJ
[22:22:07] [9/296] KSCK
[22:22:08] [10/296] KATK
[22:22:09] [11/296] RTRT
[22:22:09] [12/296] SSTT
[22:22:10] [13/296] SSTV
[22:22:11] [14/296] LACM
[22:22:12] [15/296] SGMG
[22:22:13] [16/296] KACX
[22:22:14] [17/296] GVCP
[22:22:15] [18/296] CSNC
[22:22:16] [19/296] SXCB
[22:22:17] [20/296] BAHS
[22:22:18] [21/296] PCBI
[22:22:18] [22/296] PSSM
[22:22:19] [23/296] RCOK
[22:22:21] [24/296] SCPF
[22:22:22] [25/296] SSAS
[22:22:23] [26/296] EVMM
[22:22:25] [27/296] SYCB
[22:22:25] [28/296] GCKI
[22:22:26] [29/296] IAET
[22:22:27] [30/296] DDTD
[22:22:28] [31/296] GMDH
[22:22:29] [32/296] STLE
[22:22:30] [33/296] JTRA
[22:22:31] [34/296] RPPA
[22:22:32] [35/296] ARUT
[22:22:32] [36/296] JTVM
[22:22:33] [37/296] SWRH
[22:22:35] [38/296] DCPC
[22:22:36] [39/296] RAPR
[22:22:37] [40/296] GCRT
[22:22:37] [41/296] ATUN
[22:22:38] [42/296] LTRM
[22:22:39] [43/296] TASR
[22:22:40] [44/296] RLLC
[22:22:41] [45/296] MABI
[22:22:42] [46/296] SVHB
[22:22:42] [47/296] NVTB
[22:22:43] [48/296] KCKG
[22:22:44] [49/296] SSRN
[22:22:45] [50/296] VDDC
[22:22:46] [51/296] GKTK
[22:22:47] [52/296] YFSN
[22:22:47] [53/296] GCSG
[22:22:48] [54/296] ESSM
[22:22:49] [55/296] KRIH
[22:22:50] [56/296] GCDS
[22:22:52] [57/296] CCSH
[22:22:53] [58/296] ACSK
[22:22:53] [59/296] APRK
[22:22:54] [60/296] ADKM
[22:22:55] [61/296] SRDM
[22:22:56] [62/296] RMOG
[22:22:57] [63/296] SJMY
[22:22:58] [64/296] PGGC
[22:22:58] [65/296] INGM
[22:22:59] [66/296] LSCB
[22:23:00] [67/296] STAD
[22:23:01] [68/296] MCCR
[22:23:02] [69/296] ABCC
[22:23:02] [70/296] RKCC
[22:23:03] [71/296] RTCR
[22:23:04] [72/296] GGBC
[22:23:05] [73/296] GCSD
[22:23:07] [74/296] LPTY
[22:23:08] [75/296] MCFD
[22:23:09] [76/296] HENN
[22:23:11] [77/296] SMKU
[22:23:12] [78/296] TNZC
[22:23:13] [79/296] DRCD
[22:23:14] [80/296] DLCD
[22:23:15] [81/296] RCDA
[22:23:16] [82/296] COSM
[22:23:18] [83/296] MCMJ
[22:23:19] [84/296] CSTR
[22:23:20] [85/296] CVDK
[22:23:20] [86/296] INRR
[22:23:21] [87/296] RJRT
[22:23:22] [88/296] IRMR
[22:23:23] [89/296] SRCF
[22:23:24] [90/296] GRCR
[22:23:25] [91/296] SURC
[22:23:26] [92/296] NMNH
[22:23:27] [93/296] SVBL
[22:23:28] [94/296] KACI
[22:23:29] [95/296] TDGO
[22:23:29] [96/296] KTBR
[22:23:30] [97/296] PMAD
[22:23:31] [98/296] CCPN
[22:23:32] [99/296] SBTK
[22:23:33] [100/296] LMDK
[22:23:34] [101/296] PGDA
[22:23:34] [102/296] SRML
[22:23:35] [103/296] EVCK
[22:23:36] [104/296] RTTK
[22:23:38] [105/296] SRTU
[22:23:39] [106/296] VRSA
[22:23:41] [107/296] VARS
[22:23:42] [108/296] DSCZ
[22:23:43] [109/296] GAGA
[22:23:44] [110/296] SARV
[22:23:45] [111/296] SEEG
[22:23:45] [112/296] GLCA
[22:23:46] [113/296] APAS
[22:23:47] [114/296] VCIA
[22:23:48] [115/296] SJTA
[22:23:49] [116/296] SABM
[22:23:49] [117/296] PPAG
[22:23:50] [118/296] RVCA
[22:23:51] [119/296] CCIA
[22:23:52] [120/296] HTAG
[22:23:53] [121/296] SMBI
[22:23:54] [122/296] MCJR
[22:23:54] [123/296] CCJR
[22:23:55] [124/296] SINF
[22:23:56] [125/296] CPLX
[22:23:57] [126/296] KKTJ
[22:23:58] [127/296] GDBW
[22:23:58] [128/296] CSUB
[22:23:59] [129/296] DABA
[22:24:00] [130/296] TITR
[22:24:02] [131/296] NYCR
[22:24:03] [132/296] RTRY
[22:24:04] [133/296] JTJL
[22:24:05] [134/296] SJCP
[22:24:06] [135/296] KCCA
[22:24:07] [136/296] MLPG
[22:24:08] [137/296] VRCK
[22:24:09] [138/296] SRIN
[22:24:11] [139/296] CXMK
[22:24:11] [140/296] SKAD
[22:24:13] [141/296] AVTR
[22:24:14] [142/296] PTAJ
[22:24:14] [143/296] SCNK
[22:24:15] [144/296] STTI
[22:24:16] [145/296] KACR
[22:24:17] [146/296] SSDX
[22:24:18] [147/296] VRTJ
[22:24:18] [148/296] RAJD
[22:24:19] [149/296] SCIP
[22:24:20] [150/296] RJSL
[22:24:21] [151/296] ARRS
[22:24:23] [152/296] ASMS
[22:24:23] [153/296] RDTS
[22:24:24] [154/296] DVMY
[22:24:25] [155/296] RASA
[22:24:26] [156/296] INOM
[22:24:27] [157/296] SPRS
[22:24:28] [158/296] SGCS
[22:24:29] [159/296] SALM
[22:24:29] [160/296] PKHC
[22:24:30] [161/296] RCSV
[22:24:31] [162/296] CPKC
[22:24:32] [163/296] AACD
[22:24:33] [164/296] GGCV
[22:24:33] [165/296] SMKD
[22:24:34] [166/296] NBCH
[22:24:35] [167/296] AMCB
[22:24:36] [168/296] OPCN
[22:24:37] [169/296] DCIN
[22:24:38] [170/296] INGW
[22:24:39] [171/296] PKKW
[22:24:39] [172/296] FNGW
[22:24:40] [173/296] GCGD
[22:24:41] [174/296] MSTW
[22:24:42] [175/296] KCCG
[22:24:43] [176/296] MRSS
[22:24:44] [177/296] CLCF
[22:24:45] [178/296] EETS
[22:24:45] [179/296] AATR
[22:24:46] [180/296] CMMN
[22:24:47] [181/296] SCCJ
[22:24:47] [182/296] CDTK
[22:24:48] [183/296] AICP
[22:24:49] [184/296] FNBP
[22:24:50] [185/296] CBPB
[22:24:51] [186/296] CPAS
[22:24:51] [187/296] MAPM
[22:24:52] [188/296] PASD
[22:24:54] [189/296] JCMN
[22:24:55] [190/296] MALB
[22:24:56] [191/296] SACG
[22:24:57] [192/296] DDRX
[22:24:57] [193/296] DDXB
[22:24:58] [194/296] RAMC
[22:24:59] [195/296] SANC
[22:25:00] [196/296] BCBP
[22:25:01] [197/296] ALPC
[22:25:01] [198/296] RBAC
[22:25:02] [199/296] RAJL
[22:25:03] [200/296] MPDX
[22:25:04] [201/296] MUSC
[22:25:05] [202/296] VKMK
[22:25:05] [203/296] SKCG
[22:25:06] [204/296] ANCN
[22:25:07] [205/296] MMCJ
[22:25:08] [206/296] DCAK
[22:25:09] [207/296] SCKG
[22:25:10] [208/296] LMCK
[22:25:12] [209/296] CKKX
[22:25:12] [210/296] ANKU
[22:25:13] [211/296] CSMD
[22:25:14] [212/296] MKMP
[22:25:15] [213/296] SVBG
[22:25:16] [214/296] ROOP
[22:25:18] [215/296] GDMT
[22:25:19] [216/296] FPPF
[22:25:20] [217/296] SFUU
[22:25:21] [218/296] ANCB
[22:25:22] [219/296] SMMC
[22:25:22] [220/296] UGKT
[22:25:23] [221/296] JVRM
[22:25:24] [222/296] BATG
[22:25:25] [223/296] RATE
[22:25:27] [224/296] SKME
[22:25:28] [225/296] LMTP
[22:25:29] [226/296] TCBD
[22:25:30] [227/296] ESBD
[22:25:31] [228/296] GDCU
[22:25:32] [229/296] SNKT
[22:25:33] [230/296] SRNK
[22:25:35] [231/296] SMED
[22:25:35] [232/296] CSQS
[22:25:36] [233/296] ALCS
[22:25:37] [234/296] KCKN
[22:25:38] [235/296] VCCL
[22:25:39] [236/296] MCDA
[22:25:40] [237/296] SHMI
[22:25:41] [238/296] SKHA
[22:25:41] [239/296] SVFK
[22:25:42] [240/296] INVB
[22:25:43] [241/296] MELD
[22:25:44] [242/296] JTYS
[22:25:45] [243/296] INCM
[22:25:45] [244/296] MCDV
[22:25:46] [245/296] KSGK
[22:25:47] [246/296] ICMG
[22:25:48] [247/296] CSCV
[22:25:49] [248/296] STMD
[22:25:51] [249/296] STTR
[22:25:52] [250/296] INVC
[22:25:52] [251/296] JTBL
[22:25:53] [252/296] SRVV
[22:25:55] [253/296] MAVC
[22:25:55] [254/296] SRPP
[22:25:57] [255/296] JGDM
[22:25:58] [256/296] MBSJ
[22:25:59] [257/296] SSLL
[22:26:00] [258/296] SLKP
[22:26:00] [259/296] NSRV
[22:26:01] [260/296] UTDV
[22:26:02] [261/296] KICM
[22:26:03] [262/296] KCMD
[22:26:04] [263/296] TTPP
[22:26:05] [264/296] KMPV
[22:26:06] [265/296] SKTV
[22:26:07] [266/296] STCV
[22:26:08] [267/296] SRDA
[22:26:08] [268/296] JTSX
[22:26:09] [269/296] STBV
[22:26:10] [270/296] APVZ
[22:26:11] [271/296] GSTV
[22:26:12] [272/296] NMVS
[22:26:14] [273/296] SKRT
[22:26:15] [274/296] RMDV
[22:26:15] [275/296] RATG
[22:26:16] [276/296] SJYV
[22:26:17] [277/296] NDGP
[22:26:18] [278/296] SNDG
[22:26:19] [279/296] INSR
[22:26:20] [280/296] INSO
[22:26:21] [281/296] CCSI
[22:26:22] [282/296] RASM
[22:26:23] [283/296] NEWC
[22:26:24] [284/296] VSHL
[22:26:24] [285/296] BISW
[22:26:25] [286/296] GCNG
[22:26:26] [287/296] CWSC
[22:26:27] [288/296] SKAN
[22:26:28] [289/296] SEHP
[22:26:29] [290/296] CCOA
[22:26:30] [291/296] MCAJ
[22:26:30] [292/296] ACDE
[22:26:31] [293/296] AACM
[22:26:32] [294/296] JJCK
[22:26:33] [295/296] RCMO
[22:26:34] [296/296] GDAW
[22:26:35] 🧹 Deduping shows
[22:26:35] ✅ DONE | Shows=58 | Movies=10
[03:49:58] 🚀 SCRIPT STARTED
[03:49:58] [1/296] CDCA
[03:49:58] 🧠 New identity created
[03:49:59] [2/296] MNSR
[03:50:00] [3/296] CSSL
[03:50:01] [4/296] BGGM
[03:50:01] [5/296] MANT
[03:50:03] [6/296] SOOY
[03:50:05] [7/296] VPPK
[03:50:05] [8/296] MYHJ
[03:50:06] [9/296] KSCK
[03:50:07] [10/296] KATK
[03:50:08] [11/296] RTRT
[03:50:09] [12/296] SSTT
[03:50:10] [13/296] SSTV
[03:50:11] [14/296] LACM
[03:50:12] [15/296] SGMG
[03:50:13] [16/296] KACX
[03:50:14] [17/296] GVCP
[03:50:15] [18/296] CSNC
[03:50:16] [19/296] SXCB
[03:50:17] [20/296] BAHS
[03:50:18] [21/296] PCBI
[03:50:19] [22/296] PSSM
[03:50:20] [23/296] RCOK
[03:50:21] [24/296] SCPF
[03:50:22] [25/296] SSAS
[03:50:23] [26/296] EVMM
[03:50:24] [27/296] SYCB
[03:50:25] [28/296] GCKI
[03:50:26] [29/296] IAET
[03:50:27] [30/296] DDTD
[03:50:28] [31/296] GMDH
[03:50:29] [32/296] STLE
[03:50:30] [33/296] JTRA
[03:50:31] [34/296] RPPA
[03:50:32] [35/296] ARUT
[03:50:33] [36/296] JTVM
[03:50:33] [37/296] SWRH
[03:50:34] [38/296] DCPC
[03:50:35] [39/296] RAPR
[03:50:36] [40/296] GCRT
[03:50:37] [41/296] ATUN
[03:50:39] [42/296] LTRM
[03:50:39] [43/296] TASR
[03:50:40] [44/296] RLLC
[03:50:41] [45/296] MABI
[03:50:42] [46/296] SVHB
[03:50:43] [47/296] NVTB
[03:50:45] [48/296] KCKG
[03:50:46] [49/296] SSRN
[03:50:46] [50/296] VDDC
[03:50:47] [51/296] GKTK
[03:50:49] [52/296] YFSN
[03:50:49] [53/296] GCSG
[03:50:50] [54/296] ESSM
[03:50:51] [55/296] KRIH
[03:50:52] [56/296] GCDS
[03:50:53] [57/296] CCSH
[03:50:54] [58/296] ACSK
[03:50:54] [59/296] APRK
[03:50:55] [60/296] ADKM
[03:50:57] [61/296] SRDM
[03:50:58] [62/296] RMOG
[03:50:59] [63/296] SJMY
[03:51:00] [64/296] PGGC
[03:51:01] [65/296] INGM
[03:51:02] [66/296] LSCB
[03:51:03] [67/296] STAD
[03:51:04] [68/296] MCCR
[03:51:05] [69/296] ABCC
[03:51:06] [70/296] RKCC
[03:51:07] [71/296] RTCR
[03:51:09] [72/296] GGBC
[03:51:10] [73/296] GCSD
[03:51:11] [74/296] LPTY
[03:51:12] [75/296] MCFD
[03:51:12] [76/296] HENN
[03:51:14] [77/296] SMKU
[03:51:15] [78/296] TNZC
[03:51:16] [79/296] DRCD
[03:51:17] [80/296] DLCD
[03:51:17] [81/296] RCDA
[03:51:18] [82/296] COSM
[03:51:19] [83/296] MCMJ
[03:51:20] [84/296] CSTR
[03:51:20] [85/296] CVDK
[03:51:21] [86/296] INRR
[03:51:22] [87/296] RJRT
[03:51:23] [88/296] IRMR
[03:51:24] [89/296] SRCF
[03:51:25] [90/296] GRCR
[03:51:26] [91/296] SURC
[03:51:27] [92/296] NMNH
[03:51:28] [93/296] SVBL
[03:51:29] [94/296] KACI
[03:51:29] [95/296] TDGO
[03:51:30] [96/296] KTBR
[03:51:32] [97/296] PMAD
[03:51:33] [98/296] CCPN
[03:51:33] [99/296] SBTK
[03:51:34] [100/296] LMDK
[03:51:36] [101/296] PGDA
[03:51:37] [102/296] SRML
[03:51:38] [103/296] EVCK
[03:51:38] [104/296] RTTK
[03:51:39] [105/296] SRTU
[03:51:40] [106/296] VRSA
[03:51:42] [107/296] VARS
[03:51:43] [108/296] DSCZ
[03:51:44] [109/296] GAGA
[03:51:45] [110/296] SARV
[03:51:46] [111/296] SEEG
[03:51:46] [112/296] GLCA
[03:51:47] [113/296] APAS
[03:51:48] [114/296] VCIA
[03:51:49] [115/296] SJTA
[03:51:50] [116/296] SABM
[03:51:51] [117/296] PPAG
[03:51:52] [118/296] RVCA
[03:51:53] [119/296] CCIA
[03:51:54] [120/296] HTAG
[03:51:55] [121/296] SMBI
[03:51:56] [122/296] MCJR
[03:51:57] [123/296] CCJR
[03:51:58] [124/296] SINF
[03:51:59] [125/296] CPLX
[03:52:00] [126/296] KKTJ
[03:52:00] [127/296] GDBW
[03:52:02] [128/296] CSUB
[03:52:03] [129/296] DABA
[03:52:04] [130/296] TITR
[03:52:05] [131/296] NYCR
[03:52:06] [132/296] RTRY
[03:52:08] [133/296] JTJL
[03:52:08] [134/296] SJCP
[03:52:09] [135/296] KCCA
[03:52:10] [136/296] MLPG
[03:52:11] [137/296] VRCK
[03:52:11] [138/296] SRIN
[03:52:12] [139/296] CXMK
[03:52:13] [140/296] SKAD
[03:52:14] [141/296] AVTR
[03:52:15] [142/296] PTAJ
[03:52:16] [143/296] SCNK
[03:52:16] [144/296] STTI
[03:52:17] [145/296] KACR
[03:52:18] [146/296] SSDX
[03:52:19] [147/296] VRTJ
[03:52:20] [148/296] RAJD
[03:52:21] [149/296] SCIP
[03:52:22] [150/296] RJSL
[03:52:22] [151/296] ARRS
[03:52:23] [152/296] ASMS
[03:52:24] [153/296] RDTS
[03:52:25] [154/296] DVMY
[03:52:26] [155/296] RASA
[03:52:27] [156/296] INOM
[03:52:28] [157/296] SPRS
[03:52:28] [158/296] SGCS
[03:52:29] [159/296] SALM
[03:52:31] [160/296] PKHC
[03:52:32] [161/296] RCSV
[03:52:32] [162/296] CPKC
[03:52:33] [163/296] AACD
[03:52:34] [164/296] GGCV
[03:52:35] [165/296] SMKD
[03:52:36] [166/296] NBCH
[03:52:37] [167/296] AMCB
[03:52:39] [168/296] OPCN
[03:52:39] [169/296] DCIN
[03:52:40] [170/296] INGW
[03:52:41] [171/296] PKKW
[03:52:42] [172/296] FNGW
[03:52:43] [173/296] GCGD
[03:52:44] [174/296] MSTW
[03:52:45] [175/296] KCCG
[03:52:46] [176/296] MRSS
[03:52:47] [177/296] CLCF
[03:52:48] [178/296] EETS
[03:52:49] [179/296] AATR
[03:52:50] [180/296] CMMN
[03:52:51] [181/296] SCCJ
[03:52:51] [182/296] CDTK
[03:52:52] [183/296] AICP
[03:52:53] [184/296] FNBP
[03:52:54] [185/296] CBPB
[03:52:55] [186/296] CPAS
[03:52:56] [187/296] MAPM
[03:52:56] [188/296] PASD
[03:52:57] [189/296] JCMN
[03:52:58] [190/296] MALB
[03:52:59] [191/296] SACG
[03:53:00] [192/296] DDRX
[03:53:01] [193/296] DDXB
[03:53:03] [194/296] RAMC
[03:53:03] [195/296] SANC
[03:53:04] [196/296] BCBP
[03:53:05] [197/296] ALPC
[03:53:06] [198/296] RBAC
[03:53:07] [199/296] RAJL
[03:53:08] [200/296] MPDX
[03:53:09] [201/296] MUSC
[03:53:10] [202/296] VKMK
[03:53:11] [203/296] SKCG
[03:53:12] [204/296] ANCN
[03:53:13] [205/296] MMCJ
[03:53:14] [206/296] DCAK
[03:53:15] [207/296] SCKG
[03:53:16] [208/296] LMCK
[03:53:17] [209/296] CKKX
[03:53:18] [210/296] ANKU
[03:53:19] [211/296] CSMD
[03:53:19] [212/296] MKMP
[03:53:20] [213/296] SVBG
[03:53:21] [214/296] ROOP
[03:53:22] [215/296] GDMT
[03:53:22] [216/296] FPPF
[03:53:23] [217/296] SFUU
[03:53:24] [218/296] ANCB
[03:53:25] [219/296] SMMC
[03:53:26] [220/296] UGKT
[03:53:27] [221/296] JVRM
[03:53:28] [222/296] BATG
[03:53:29] [223/296] RATE
[03:53:29] [224/296] SKME
[03:53:31] [225/296] LMTP
[03:53:32] [226/296] TCBD
[03:53:33] [227/296] ESBD
[03:53:34] [228/296] GDCU
[03:53:34] [229/296] SNKT
[03:53:35] [230/296] SRNK
[03:53:37] [231/296] SMED
[03:53:37] [232/296] CSQS
[03:53:38] [233/296] ALCS
[03:53:39] [234/296] KCKN
[03:53:40] [235/296] VCCL
[03:53:40] [236/296] MCDA
[03:53:41] [237/296] SHMI
[03:53:42] [238/296] SKHA
[03:53:43] [239/296] SVFK
[03:53:44] [240/296] INVB
[03:53:45] [241/296] MELD
[03:53:46] [242/296] JTYS
[03:53:47] [243/296] INCM
[03:53:48] [244/296] MCDV
[03:53:49] [245/296] KSGK
[03:53:50] [246/296] ICMG
[03:53:51] [247/296] CSCV
[03:53:52] [248/296] STMD
[03:53:53] [249/296] STTR
[03:53:54] [250/296] INVC
[03:53:55] [251/296] JTBL
[03:53:56] [252/296] SRVV
[03:53:57] [253/296] MAVC
[03:53:59] [254/296] SRPP
[03:54:00] [255/296] JGDM
[03:54:01] [256/296] MBSJ
[03:54:02] [257/296] SSLL
[03:54:03] [258/296] SLKP
[03:54:04] [259/296] NSRV
[03:54:05] [260/296] UTDV
[03:54:06] [261/296] KICM
[03:54:07] [262/296] KCMD
[03:54:08] [263/296] TTPP
[03:54:09] [264/296] KMPV
[03:54:10] [265/296] SKTV
[03:54:11] [266/296] STCV
[03:54:12] [267/296] SRDA
[03:54:12] [268/296] JTSX
[03:54:13] [269/296] STBV
[03:54:14] [270/296] APVZ
[03:54:15] [271/296] GSTV
[03:54:16] [272/296] NMVS
[03:54:17] [273/296] SKRT
[03:54:18] [274/296] RMDV
[03:54:19] [275/296] RATG
[03:54:20] [276/296] SJYV
[03:54:20] [277/296] NDGP
[03:54:21] [278/296] SNDG
[03:54:22] [279/296] INSR
[03:54:23] [280/296] INSO
[03:54:24] [281/296] CCSI
[03:54:25] [282/296] RASM
[03:54:26] [283/296] NEWC
[03:54:27] [284/296] VSHL
[03:54:28] [285/296] BISW
[03:54:29] [286/296] GCNG
[03:54:30] [287/296] CWSC
[03:54:31] [288/296] SKAN
[03:54:32] [289/296] SEHP
[03:54:32] [290/296] CCOA
[03:54:33] [291/296] MCAJ
[03:54:34] [292/296] ACDE
[03:54:35] [293/296] AACM
[03:54:35] [294/296] JJCK
[03:54:36] [295/296] RCMO
[03:54:37] [296/296] GDAW
[03:54:38] 🧹 Deduping shows
[03:54:38] ✅ DONE | Shows=58 | Movies=10
[07:09:13] 🚀 SCRIPT STARTED
[07:09:13] [1/296] CDCA
[07:09:13] 🧠 New identity created
[07:09:14] [2/296] MNSR
[07:09:15] [3/296] CSSL
[07:09:16] [4/296] BGGM
[07:09:17] [5/296] MANT
[07:09:18] [6/296] SOOY
[07:09:19] [7/296] VPPK
[07:09:20] [8/296] MYHJ
[07:09:21] [9/296] KSCK
[07:09:22] [10/296] KATK
[07:09:23] [11/296] RTRT
[07:09:24] [12/296] SSTT
[07:09:25] [13/296] SSTV
[07:09:25] [14/296] LACM
[07:09:26] [15/296] SGMG
[07:09:27] [16/296] KACX
[07:09:27] [17/296] GVCP
[07:09:28] [18/296] CSNC
[07:09:30] [19/296] SXCB
[07:09:31] [20/296] BAHS
[07:09:32] [21/296] PCBI
[07:09:33] [22/296] PSSM
[07:09:33] [23/296] RCOK
[07:09:34] [24/296] SCPF
[07:09:35] [25/296] SSAS
[07:09:36] [26/296] EVMM
[07:09:37] [27/296] SYCB
[07:09:39] [28/296] GCKI
[07:09:41] [29/296] IAET
[07:09:42] [30/296] DDTD
[07:09:42] [31/296] GMDH
[07:09:43] [32/296] STLE
[07:09:44] [33/296] JTRA
[07:09:45] [34/296] RPPA
[07:09:46] [35/296] ARUT
[07:09:46] [36/296] JTVM
[07:09:47] [37/296] SWRH
[07:09:48] [38/296] DCPC
[07:09:50] [39/296] RAPR
[07:09:51] [40/296] GCRT
[07:09:52] [41/296] ATUN
[07:09:52] [42/296] LTRM
[07:09:53] [43/296] TASR
[07:09:55] [44/296] RLLC
[07:09:56] [45/296] MABI
[07:09:57] [46/296] SVHB
[07:09:57] [47/296] NVTB
[07:09:58] [48/296] KCKG
[07:10:00] [49/296] SSRN
[07:10:00] [50/296] VDDC
[07:10:01] [51/296] GKTK
[07:10:02] [52/296] YFSN
[07:10:03] [53/296] GCSG
[07:10:04] [54/296] ESSM
[07:10:04] [55/296] KRIH
[07:10:05] [56/296] GCDS
[07:10:06] [57/296] CCSH
[07:10:07] [58/296] ACSK
[07:10:08] [59/296] APRK
[07:10:08] [60/296] ADKM
[07:10:09] [61/296] SRDM
[07:10:10] [62/296] RMOG
[07:10:11] [63/296] SJMY
[07:10:12] [64/296] PGGC
[07:10:13] [65/296] INGM
[07:10:14] [66/296] LSCB
[07:10:14] [67/296] STAD
[07:10:16] [68/296] MCCR
[07:10:18] [69/296] ABCC
[07:10:19] [70/296] RKCC
[07:10:20] [71/296] RTCR
[07:10:21] [72/296] GGBC
[07:10:22] [73/296] GCSD
[07:10:22] [74/296] LPTY
[07:10:23] [75/296] MCFD
[07:10:24] [76/296] HENN
[07:10:26] [77/296] SMKU
[07:10:26] [78/296] TNZC
[07:10:27] [79/296] DRCD
[07:10:28] [80/296] DLCD
[07:10:29] [81/296] RCDA
[07:10:30] [82/296] COSM
[07:10:31] [83/296] MCMJ
[07:10:32] [84/296] CSTR
[07:10:32] [85/296] CVDK
[07:10:33] [86/296] INRR
[07:10:34] [87/296] RJRT
[07:10:35] [88/296] IRMR
[07:10:36] [89/296] SRCF
[07:10:37] [90/296] GRCR
[07:10:38] [91/296] SURC
[07:10:39] [92/296] NMNH
[07:10:40] [93/296] SVBL
[07:10:41] [94/296] KACI
[07:10:42] [95/296] TDGO
[07:10:43] [96/296] KTBR
[07:10:44] [97/296] PMAD
[07:10:45] [98/296] CCPN
[07:10:46] [99/296] SBTK
[07:10:47] [100/296] LMDK
[07:10:47] [101/296] PGDA
[07:10:48] [102/296] SRML
[07:10:49] [103/296] EVCK
[07:10:50] [104/296] RTTK
[07:10:50] [105/296] SRTU
[07:10:51] [106/296] VRSA
[07:10:52] [107/296] VARS
[07:10:53] [108/296] DSCZ
[07:10:54] [109/296] GAGA
[07:10:55] [110/296] SARV
[07:10:56] [111/296] SEEG
[07:10:57] [112/296] GLCA
[07:10:57] [113/296] APAS
[07:10:58] [114/296] VCIA
[07:10:59] [115/296] SJTA
[07:11:00] [116/296] SABM
[07:11:01] [117/296] PPAG
[07:11:02] [118/296] RVCA
[07:11:02] [119/296] CCIA
[07:11:03] [120/296] HTAG
[07:11:04] [121/296] SMBI
[07:11:05] [122/296] MCJR
[07:11:06] [123/296] CCJR
[07:11:07] [124/296] SINF
[07:11:08] [125/296] CPLX
[07:11:09] [126/296] KKTJ
[07:11:10] [127/296] GDBW
[07:11:11] [128/296] CSUB
[07:11:12] [129/296] DABA
[07:11:13] [130/296] TITR
[07:11:14] [131/296] NYCR
[07:11:15] [132/296] RTRY
[07:11:16] [133/296] JTJL
[07:11:17] [134/296] SJCP
[07:11:18] [135/296] KCCA
[07:11:19] [136/296] MLPG
[07:11:20] [137/296] VRCK
[07:11:21] [138/296] SRIN
[07:11:22] [139/296] CXMK
[07:11:23] [140/296] SKAD
[07:11:24] [141/296] AVTR
[07:11:25] [142/296] PTAJ
[07:11:25] [143/296] SCNK
[07:11:26] [144/296] STTI
[07:11:27] [145/296] KACR
[07:11:28] [146/296] SSDX
[07:11:28] [147/296] VRTJ
[07:11:29] [148/296] RAJD
[07:11:30] [149/296] SCIP
[07:11:31] [150/296] RJSL
[07:11:32] [151/296] ARRS
[07:11:33] [152/296] ASMS
[07:11:34] [153/296] RDTS
[07:11:35] [154/296] DVMY
[07:11:36] [155/296] RASA
[07:11:37] [156/296] INOM
[07:11:37] [157/296] SPRS
[07:11:38] [158/296] SGCS
[07:11:39] [159/296] SALM
[07:11:40] [160/296] PKHC
[07:11:41] [161/296] RCSV
[07:11:41] [162/296] CPKC
[07:11:42] [163/296] AACD
[07:11:43] [164/296] GGCV
[07:11:44] [165/296] SMKD
[07:11:45] [166/296] NBCH
[07:11:45] [167/296] AMCB
[07:11:46] [168/296] OPCN
[07:11:47] [169/296] DCIN
[07:11:48] [170/296] INGW
[07:11:49] [171/296] PKKW
[07:11:49] [172/296] FNGW
[07:11:50] [173/296] GCGD
[07:11:51] [174/296] MSTW
[07:11:52] [175/296] KCCG
[07:11:53] [176/296] MRSS
[07:11:53] [177/296] CLCF
[07:11:54] [178/296] EETS
[07:11:56] [179/296] AATR
[07:11:57] [180/296] CMMN
[07:11:58] [181/296] SCCJ
[07:11:59] [182/296] CDTK
[07:11:59] [183/296] AICP
[07:12:00] [184/296] FNBP
[07:12:02] [185/296] CBPB
[07:12:03] [186/296] CPAS
[07:12:04] [187/296] MAPM
[07:12:05] [188/296] PASD
[07:12:06] [189/296] JCMN
[07:12:07] [190/296] MALB
[07:12:08] [191/296] SACG
[07:12:09] [192/296] DDRX
[07:12:10] [193/296] DDXB
[07:12:10] [194/296] RAMC
[07:12:11] [195/296] SANC
[07:12:12] [196/296] BCBP
[07:12:13] [197/296] ALPC
[07:12:14] [198/296] RBAC
[07:12:14] [199/296] RAJL
[07:12:16] [200/296] MPDX
[07:12:17] [201/296] MUSC
[07:12:17] [202/296] VKMK
[07:12:19] [203/296] SKCG
[07:12:20] [204/296] ANCN
[07:12:20] [205/296] MMCJ
[07:12:21] [206/296] DCAK
[07:12:22] [207/296] SCKG
[07:12:23] [208/296] LMCK
[07:12:23] [209/296] CKKX
[07:12:24] [210/296] ANKU
[07:12:25] [211/296] CSMD
[07:12:26] [212/296] MKMP
[07:12:27] [213/296] SVBG
[07:12:27] [214/296] ROOP
[07:12:28] [215/296] GDMT
[07:12:29] [216/296] FPPF
[07:12:30] [217/296] SFUU
[07:12:30] [218/296] ANCB
[07:12:31] [219/296] SMMC
[07:12:32] [220/296] UGKT
[07:12:33] [221/296] JVRM
[07:12:35] [222/296] BATG
[07:12:36] [223/296] RATE
[07:12:37] [224/296] SKME
[07:12:38] [225/296] LMTP
[07:12:39] [226/296] TCBD
[07:12:40] [227/296] ESBD
[07:12:41] [228/296] GDCU
[07:12:41] [229/296] SNKT
[07:12:42] [230/296] SRNK
[07:12:43] [231/296] SMED
[07:12:44] [232/296] CSQS
[07:12:45] [233/296] ALCS
[07:12:46] [234/296] KCKN
[07:12:47] [235/296] VCCL
[07:12:47] [236/296] MCDA
[07:12:48] [237/296] SHMI
[07:12:49] [238/296] SKHA
[07:12:50] [239/296] SVFK
[07:12:51] [240/296] INVB
[07:12:52] [241/296] MELD
[07:12:53] [242/296] JTYS
[07:12:54] [243/296] INCM
[07:12:55] [244/296] MCDV
[07:12:56] [245/296] KSGK
[07:12:57] [246/296] ICMG
[07:12:57] [247/296] CSCV
[07:12:58] [248/296] STMD
[07:12:59] [249/296] STTR
[07:13:00] [250/296] INVC
[07:13:01] [251/296] JTBL
[07:13:02] [252/296] SRVV
[07:13:02] [253/296] MAVC
[07:13:03] [254/296] SRPP
[07:13:04] [255/296] JGDM
[07:13:05] [256/296] MBSJ
[07:13:06] [257/296] SSLL
[07:13:07] [258/296] SLKP
[07:13:08] [259/296] NSRV
[07:13:09] [260/296] UTDV
[07:13:10] [261/296] KICM
[07:13:11] [262/296] KCMD
[07:13:12] [263/296] TTPP
[07:13:13] [264/296] KMPV
[07:13:14] [265/296] SKTV
[07:13:15] [266/296] STCV
[07:13:16] [267/296] SRDA
[07:13:17] [268/296] JTSX
[07:13:18] [269/296] STBV
[07:13:18] [270/296] APVZ
[07:13:19] [271/296] GSTV
[07:13:20] [272/296] NMVS
[07:13:21] [273/296] SKRT
[07:13:22] [274/296] RMDV
[07:13:22] [275/296] RATG
[07:13:23] [276/296] SJYV
[07:13:24] [277/296] NDGP
[07:13:25] [278/296] SNDG
[07:13:26] [279/296] INSR
[07:13:27] [280/296] INSO
[07:13:27] [281/296] CCSI
[07:13:28] [282/296] RASM
[07:13:29] [283/296] NEWC
[07:13:30] [284/296] VSHL
[07:13:31] [285/296] BISW
[07:13:31] [286/296] GCNG
[07:13:32] [287/296] CWSC
[07:13:33] [288/296] SKAN
[07:13:34] [289/296] SEHP
[07:13:35] [290/296] CCOA
[07:13:36] [291/296] MCAJ
[07:13:36] [292/296] ACDE
[07:13:37] [293/296] AACM
[07:13:38] [294/296] JJCK
[07:13:39] [295/296] RCMO
[07:13:40] [296/296] GDAW
[07:13:40] 🧹 Deduping shows
[07:13:40] ✅ DONE | Shows=58 | Movies=10
[10:53:27] 🚀 SCRIPT STARTED
[10:53:27] [1/296] CDCA
[10:53:27] 🧠 New identity created
[10:53:28] [2/296] MNSR
[10:53:29] [3/296] CSSL
[10:53:31] [4/296] BGGM
[10:53:32] [5/296] MANT
[10:53:33] [6/296] SOOY
[10:53:34] [7/296] VPPK
[10:53:35] [8/296] MYHJ
[10:53:37] [9/296] KSCK
[10:53:38] [10/296] KATK
[10:53:39] [11/296] RTRT
[10:53:39] [12/296] SSTT
[10:53:41] [13/296] SSTV
[10:53:42] [14/296] LACM
[10:53:43] [15/296] SGMG
[10:53:44] [16/296] KACX
[10:53:45] [17/296] GVCP
[10:53:46] [18/296] CSNC
[10:53:47] [19/296] SXCB
[10:53:48] [20/296] BAHS
[10:53:49] [21/296] PCBI
[10:53:50] [22/296] PSSM
[10:53:51] [23/296] RCOK
[10:53:52] [24/296] SCPF
[10:53:53] [25/296] SSAS
[10:53:54] [26/296] EVMM
[10:53:55] [27/296] SYCB
[10:53:57] [28/296] GCKI
[10:53:57] [29/296] IAET
[10:53:59] [30/296] DDTD
[10:54:01] [31/296] GMDH
[10:54:02] [32/296] STLE
[10:54:03] [33/296] JTRA
[10:54:04] [34/296] RPPA
[10:54:06] [35/296] ARUT
[10:54:08] [36/296] JTVM
[10:54:09] [37/296] SWRH
[10:54:10] [38/296] DCPC
[10:54:11] [39/296] RAPR
[10:54:12] [40/296] GCRT
[10:54:14] [41/296] ATUN
[10:54:15] [42/296] LTRM
[10:54:16] [43/296] TASR
[10:54:17] [44/296] RLLC
[10:54:19] [45/296] MABI
[10:54:20] [46/296] SVHB
[10:54:21] [47/296] NVTB
[10:54:21] [48/296] KCKG
[10:54:23] [49/296] SSRN
[10:54:24] [50/296] VDDC
[10:54:25] [51/296] GKTK
[10:54:27] [52/296] YFSN
[10:54:28] [53/296] GCSG
[10:54:30] [54/296] ESSM
[10:54:31] [55/296] KRIH
[10:54:32] [56/296] GCDS
[10:54:33] [57/296] CCSH
[10:54:34] [58/296] ACSK
[10:54:36] [59/296] APRK
[10:54:37] [60/296] ADKM
[10:54:38] [61/296] SRDM
[10:54:39] [62/296] RMOG
[10:54:40] [63/296] SJMY
[10:54:41] [64/296] PGGC
[10:54:42] [65/296] INGM
[10:54:42] [66/296] LSCB
[10:54:43] [67/296] STAD
[10:54:44] [68/296] MCCR
[10:54:45] [69/296] ABCC
[10:54:47] [70/296] RKCC
[10:54:48] [71/296] RTCR
[10:54:49] [72/296] GGBC
[10:54:51] [73/296] GCSD
[10:54:52] [74/296] LPTY
[10:54:53] [75/296] MCFD
[10:54:55] [76/296] HENN
[10:54:56] [77/296] SMKU
[10:54:57] [78/296] TNZC
[10:54:58] [79/296] DRCD
[10:54:59] [80/296] DLCD
[10:55:00] [81/296] RCDA
[10:55:01] [82/296] COSM
[10:55:03] [83/296] MCMJ
[10:55:04] [84/296] CSTR
[10:55:05] [85/296] CVDK
[10:55:06] [86/296] INRR
[10:55:06] [87/296] RJRT
[10:55:07] [88/296] IRMR
[10:55:08] [89/296] SRCF
[10:55:09] [90/296] GRCR
[10:55:11] [91/296] SURC
[10:55:11] [92/296] NMNH
[10:55:12] [93/296] SVBL
[10:55:13] [94/296] KACI
[10:55:15] [95/296] TDGO
[10:55:16] [96/296] KTBR
[10:55:17] [97/296] PMAD
[10:55:18] [98/296] CCPN
[10:55:19] [99/296] SBTK
[10:55:21] [100/296] LMDK
[10:55:22] [101/296] PGDA
[10:55:22] [102/296] SRML
[10:55:23] [103/296] EVCK
[10:55:25] [104/296] RTTK
[10:55:26] [105/296] SRTU
[10:55:26] [106/296] VRSA
[10:55:28] [107/296] VARS
[10:55:30] [108/296] DSCZ
[10:55:31] [109/296] GAGA
[10:55:33] [110/296] SARV
[10:55:34] [111/296] SEEG
[10:55:35] [112/296] GLCA
[10:55:37] [113/296] APAS
[10:55:38] [114/296] VCIA
[10:55:40] [115/296] SJTA
[10:55:42] [116/296] SABM
[10:55:43] [117/296] PPAG
[10:55:44] [118/296] RVCA
[10:55:45] [119/296] CCIA
[10:55:47] [120/296] HTAG
[10:55:48] [121/296] SMBI
[10:55:48] [122/296] MCJR
[10:55:50] [123/296] CCJR
[10:55:51] [124/296] SINF
[10:55:53] [125/296] CPLX
[10:55:53] [126/296] KKTJ
[10:55:54] [127/296] GDBW
[10:55:55] [128/296] CSUB
[10:55:56] [129/296] DABA
[10:55:56] [130/296] TITR
[10:55:57] [131/296] NYCR
[10:55:59] [132/296] RTRY
[10:56:01] [133/296] JTJL
[10:56:02] [134/296] SJCP
[10:56:03] [135/296] KCCA
[10:56:04] [136/296] MLPG
[10:56:05] [137/296] VRCK
[10:56:07] [138/296] SRIN
[10:56:08] [139/296] CXMK
[10:56:08] [140/296] SKAD
[10:56:09] [141/296] AVTR
[10:56:10] [142/296] PTAJ
[10:56:11] [143/296] SCNK
[10:56:13] [144/296] STTI
[10:56:14] [145/296] KACR
[10:56:15] [146/296] SSDX
[10:56:16] [147/296] VRTJ
[10:56:18] [148/296] RAJD
[10:56:20] [149/296] SCIP
[10:56:21] [150/296] RJSL
[10:56:23] [151/296] ARRS
[10:56:25] [152/296] ASMS
[10:56:26] [153/296] RDTS
[10:56:28] [154/296] DVMY
[10:56:28] [155/296] RASA
[10:56:29] [156/296] INOM
[10:56:31] [157/296] SPRS
[10:56:32] [158/296] SGCS
[10:56:34] [159/296] SALM
[10:56:35] [160/296] PKHC
[10:56:36] [161/296] RCSV
[10:56:37] [162/296] CPKC
[10:56:38] [163/296] AACD
[10:56:38] [164/296] GGCV
[10:56:40] [165/296] SMKD
[10:56:41] [166/296] NBCH
[10:56:42] [167/296] AMCB
[10:56:44] [168/296] OPCN
[10:56:45] [169/296] DCIN
[10:56:46] [170/296] INGW
[10:56:47] [171/296] PKKW
[10:56:48] [172/296] FNGW
[10:56:50] [173/296] GCGD
[10:56:52] [174/296] MSTW
[10:56:53] [175/296] KCCG
[10:56:54] [176/296] MRSS
[10:56:56] [177/296] CLCF
[10:56:58] [178/296] EETS
[10:56:58] [179/296] AATR
[10:57:00] [180/296] CMMN
[10:57:01] [181/296] SCCJ
[10:57:02] [182/296] CDTK
[10:57:04] [183/296] AICP
[10:57:06] [184/296] FNBP
[10:57:07] [185/296] CBPB
[10:57:08] [186/296] CPAS
[10:57:09] [187/296] MAPM
[10:57:11] [188/296] PASD
[10:57:12] [189/296] JCMN
[10:57:14] [190/296] MALB
[10:57:15] [191/296] SACG
[10:57:16] [192/296] DDRX
[10:57:17] [193/296] DDXB
[10:57:19] [194/296] RAMC
[10:57:20] [195/296] SANC
[10:57:21] [196/296] BCBP
[10:57:23] [197/296] ALPC
[10:57:24] [198/296] RBAC
[10:57:25] [199/296] RAJL
[10:57:26] [200/296] MPDX
[10:57:28] [201/296] MUSC
[10:57:29] [202/296] VKMK
[10:57:31] [203/296] SKCG
[10:57:32] [204/296] ANCN
[10:57:33] [205/296] MMCJ
[10:57:35] [206/296] DCAK
[10:57:36] [207/296] SCKG
[10:57:38] [208/296] LMCK
[10:57:39] [209/296] CKKX
[10:57:40] [210/296] ANKU
[10:57:42] [211/296] CSMD
[10:57:43] [212/296] MKMP
[10:57:45] [213/296] SVBG
[10:57:47] [214/296] ROOP
[10:57:47] [215/296] GDMT
[10:57:49] [216/296] FPPF
[10:57:51] [217/296] SFUU
[10:57:52] [218/296] ANCB
[10:57:53] [219/296] SMMC
[10:57:55] [220/296] UGKT
[10:57:56] [221/296] JVRM
[10:57:57] [222/296] BATG
[10:57:59] [223/296] RATE
[10:58:01] [224/296] SKME
[10:58:01] [225/296] LMTP
[10:58:02] [226/296] TCBD
[10:58:03] [227/296] ESBD
[10:58:05] [228/296] GDCU
[10:58:06] [229/296] SNKT
[10:58:07] [230/296] SRNK
[10:58:08] [231/296] SMED
[10:58:09] [232/296] CSQS
[10:58:10] [233/296] ALCS
[10:58:10] [234/296] KCKN
[10:58:11] [235/296] VCCL
[10:58:13] [236/296] MCDA
[10:58:14] [237/296] SHMI
[10:58:15] [238/296] SKHA
[10:58:17] [239/296] SVFK
[10:58:17] [240/296] INVB
[10:58:19] [241/296] MELD
[10:58:21] [242/296] JTYS
[10:58:22] [243/296] INCM
[10:58:24] [244/296] MCDV
[10:58:26] [245/296] KSGK
[10:58:26] [246/296] ICMG
[10:58:28] [247/296] CSCV
[10:58:30] [248/296] STMD
[10:58:31] [249/296] STTR
[10:58:32] [250/296] INVC
[10:58:33] [251/296] JTBL
[10:58:34] [252/296] SRVV
[10:58:35] [253/296] MAVC
[10:58:37] [254/296] SRPP
[10:58:38] [255/296] JGDM
[10:58:38] [256/296] MBSJ
[10:58:40] [257/296] SSLL
[10:58:41] [258/296] SLKP
[10:58:42] [259/296] NSRV
[10:58:44] [260/296] UTDV
[10:58:45] [261/296] KICM
[10:58:47] [262/296] KCMD
[10:58:48] [263/296] TTPP
[10:58:49] [264/296] KMPV
[10:58:51] [265/296] SKTV
[10:58:52] [266/296] STCV
[10:58:54] [267/296] SRDA
[10:58:55] [268/296] JTSX
[10:58:56] [269/296] STBV
[10:58:58] [270/296] APVZ
[10:58:59] [271/296] GSTV
[10:58:59] [272/296] NMVS
[10:59:01] [273/296] SKRT
[10:59:03] [274/296] RMDV
[10:59:04] [275/296] RATG
[10:59:06] [276/296] SJYV
[10:59:08] [277/296] NDGP
[10:59:09] [278/296] SNDG
[10:59:10] [279/296] INSR
[10:59:12] [280/296] INSO
[10:59:12] [281/296] CCSI
[10:59:13] [282/296] RASM
[10:59:15] [283/296] NEWC
[10:59:17] [284/296] VSHL
[10:59:18] [285/296] BISW
[10:59:20] [286/296] GCNG
[10:59:21] [287/296] CWSC
[10:59:23] [288/296] SKAN
[10:59:24] [289/296] SEHP
[10:59:25] [290/296] CCOA
[10:59:26] [291/296] MCAJ
[10:59:28] [292/296] ACDE
[10:59:30] [293/296] AACM
[10:59:31] [294/296] JJCK
[10:59:32] [295/296] RCMO
[10:59:34] [296/296] GDAW
[10:59:34] 🧹 Deduping shows
[10:59:34] ✅ DONE | Shows=58 | Movies=10
[11:19:01] 🚀 SCRIPT STARTED
[11:19:01] [1/296] CDCA
[11:19:01] 🧠 New identity created
[11:19:02] [2/296] MNSR
[11:19:04] [3/296] CSSL
[11:19:05] [4/296] BGGM
[11:19:07] [5/296] MANT
[11:19:08] [6/296] SOOY
[11:19:09] [7/296] VPPK
[11:19:11] [8/296] MYHJ
[11:19:12] [9/296] KSCK
[11:19:13] [10/296] KATK
[11:19:14] [11/296] RTRT
[11:19:15] [12/296] SSTT
[11:19:17] [13/296] SSTV
[11:19:18] [14/296] LACM
[11:19:19] [15/296] SGMG
[11:19:20] [16/296] KACX
[11:19:22] [17/296] GVCP
[11:19:23] [18/296] CSNC
[11:19:24] [19/296] SXCB
[11:19:26] [20/296] BAHS
[11:19:27] [21/296] PCBI
[11:19:28] [22/296] PSSM
[11:19:28] [23/296] RCOK
[11:19:30] [24/296] SCPF
[11:19:31] [25/296] SSAS
[11:19:32] [26/296] EVMM
[11:19:34] [27/296] SYCB
[11:19:35] [28/296] GCKI
[11:19:36] [29/296] IAET
[11:19:37] [30/296] DDTD
[11:19:38] [31/296] GMDH
[11:19:39] [32/296] STLE
[11:19:41] [33/296] JTRA
[11:19:42] [34/296] RPPA
[11:19:43] [35/296] ARUT
[11:19:44] [36/296] JTVM
[11:19:46] [37/296] SWRH
[11:19:47] [38/296] DCPC
[11:19:48] [39/296] RAPR
[11:19:50] [40/296] GCRT
[11:19:52] [41/296] ATUN
[11:19:53] [42/296] LTRM
[11:19:54] [43/296] TASR
[11:19:55] [44/296] RLLC
[11:19:56] [45/296] MABI
[11:19:57] [46/296] SVHB
[11:19:58] [47/296] NVTB
[11:20:00] [48/296] KCKG
[11:20:01] [49/296] SSRN
[11:20:03] [50/296] VDDC
[11:20:03] [51/296] GKTK
[11:20:04] [52/296] YFSN
[11:20:05] [53/296] GCSG
[11:20:07] [54/296] ESSM
[11:20:09] [55/296] KRIH
[11:20:10] [56/296] GCDS
[11:20:10] [57/296] CCSH
[11:20:12] [58/296] ACSK
[11:20:14] [59/296] APRK
[11:20:15] [60/296] ADKM
[11:20:16] [61/296] SRDM
[11:20:17] [62/296] RMOG
[11:20:18] [63/296] SJMY
[11:20:19] [64/296] PGGC
[11:20:20] [65/296] INGM
[11:20:22] [66/296] LSCB
[11:20:23] [67/296] STAD
[11:20:24] [68/296] MCCR
[11:20:26] [69/296] ABCC
[11:20:27] [70/296] RKCC
[11:20:28] [71/296] RTCR
[11:20:29] [72/296] GGBC
[11:20:31] [73/296] GCSD
[11:20:32] [74/296] LPTY
[11:20:34] [75/296] MCFD
[11:20:34] [76/296] HENN
[11:20:35] [77/296] SMKU
[11:20:37] [78/296] TNZC
[11:20:38] [79/296] DRCD
[11:20:40] [80/296] DLCD
[11:20:41] [81/296] RCDA
[11:20:42] [82/296] COSM
[11:20:43] [83/296] MCMJ
[11:20:45] [84/296] CSTR
[11:20:46] [85/296] CVDK
[11:20:46] [86/296] INRR
[11:20:47] [87/296] RJRT
[11:20:48] [88/296] IRMR
[11:20:50] [89/296] SRCF
[11:20:51] [90/296] GRCR
[11:20:52] [91/296] SURC
[11:20:53] [92/296] NMNH
[11:20:55] [93/296] SVBL
[11:20:57] [94/296] KACI
[11:20:58] [95/296] TDGO
[11:21:00] [96/296] KTBR
[11:21:02] [97/296] PMAD
[11:21:04] [98/296] CCPN
[11:21:06] [99/296] SBTK
[11:21:07] [100/296] LMDK
[11:21:08] [101/296] PGDA
[11:21:10] [102/296] SRML
[11:21:11] [103/296] EVCK
[11:21:12] [104/296] RTTK
[11:21:13] [105/296] SRTU
[11:21:14] [106/296] VRSA
[11:21:16] [107/296] VARS
[11:21:18] [108/296] DSCZ
[11:21:18] [109/296] GAGA
[11:21:20] [110/296] SARV
[11:21:21] [111/296] SEEG
[11:21:22] [112/296] GLCA
[11:21:24] [113/296] APAS
[11:21:26] [114/296] VCIA
[11:21:27] [115/296] SJTA
[11:21:28] [116/296] SABM
[11:21:30] [117/296] PPAG
[11:21:31] [118/296] RVCA
[11:21:32] [119/296] CCIA
[11:21:33] [120/296] HTAG
[11:21:35] [121/296] SMBI
[11:21:36] [122/296] MCJR
[11:21:38] [123/296] CCJR
[11:21:40] [124/296] SINF
[11:21:41] [125/296] CPLX
[11:21:43] [126/296] KKTJ
[11:21:44] [127/296] GDBW
[11:21:46] [128/296] CSUB
[11:21:47] [129/296] DABA
[11:21:48] [130/296] TITR
[11:21:50] [131/296] NYCR
[11:21:52] [132/296] RTRY
[11:21:53] [133/296] JTJL
[11:21:55] [134/296] SJCP
[11:21:56] [135/296] KCCA
[11:21:57] [136/296] MLPG
[11:21:58] [137/296] VRCK
[11:21:59] [138/296] SRIN
[11:21:59] [139/296] CXMK
[11:22:01] [140/296] SKAD
[11:22:02] [141/296] AVTR
[11:22:03] [142/296] PTAJ
[11:22:04] [143/296] SCNK
[11:22:05] [144/296] STTI
[11:22:07] [145/296] KACR
[11:22:09] [146/296] SSDX
[11:22:10] [147/296] VRTJ
[11:22:11] [148/296] RAJD
[11:22:12] [149/296] SCIP
[11:22:14] [150/296] RJSL
[11:22:16] [151/296] ARRS
[11:22:17] [152/296] ASMS
[11:22:18] [153/296] RDTS
[11:22:20] [154/296] DVMY
[11:22:21] [155/296] RASA
[11:22:22] [156/296] INOM
[11:22:24] [157/296] SPRS
[11:22:25] [158/296] SGCS
[11:22:27] [159/296] SALM
[11:22:29] [160/296] PKHC
[11:22:30] [161/296] RCSV
[11:22:32] [162/296] CPKC
[11:22:33] [163/296] AACD
[11:22:34] [164/296] GGCV
[11:22:35] [165/296] SMKD
[11:22:36] [166/296] NBCH
[11:22:37] [167/296] AMCB
[11:22:39] [168/296] OPCN
[11:22:39] [169/296] DCIN
[11:22:41] [170/296] INGW
[11:22:42] [171/296] PKKW
[11:22:43] [172/296] FNGW
[11:22:44] [173/296] GCGD
[11:22:46] [174/296] MSTW
[11:22:48] [175/296] KCCG
[11:22:49] [176/296] MRSS
[11:22:51] [177/296] CLCF
[11:22:52] [178/296] EETS
[11:22:54] [179/296] AATR
[11:22:55] [180/296] CMMN
[11:22:56] [181/296] SCCJ
[11:22:57] [182/296] CDTK
[11:22:58] [183/296] AICP
[11:22:59] [184/296] FNBP
[11:23:00] [185/296] CBPB
[11:23:01] [186/296] CPAS
[11:23:02] [187/296] MAPM
[11:23:03] [188/296] PASD
[11:23:04] [189/296] JCMN
[11:23:05] [190/296] MALB
[11:23:06] [191/296] SACG
[11:23:08] [192/296] DDRX
[11:23:09] [193/296] DDXB
[11:23:11] [194/296] RAMC
[11:23:13] [195/296] SANC
[11:23:13] [196/296] BCBP
[11:23:14] [197/296] ALPC
[11:23:15] [198/296] RBAC
[11:23:17] [199/296] RAJL
[11:23:17] [200/296] MPDX
[11:23:18] [201/296] MUSC
[11:23:19] [202/296] VKMK
[11:23:21] [203/296] SKCG
[11:23:22] [204/296] ANCN
[11:23:24] [205/296] MMCJ
[11:23:24] [206/296] DCAK
[11:23:26] [207/296] SCKG
[11:23:27] [208/296] LMCK
[11:23:28] [209/296] CKKX
[11:23:30] [210/296] ANKU
[11:23:31] [211/296] CSMD
[11:23:32] [212/296] MKMP
[11:23:33] [213/296] SVBG
[11:23:34] [214/296] ROOP
[11:23:36] [215/296] GDMT
[11:23:38] [216/296] FPPF
[11:23:39] [217/296] SFUU
[11:23:41] [218/296] ANCB
[11:23:42] [219/296] SMMC
[11:23:42] [220/296] UGKT
[11:23:44] [221/296] JVRM
[11:23:46] [222/296] BATG
[11:23:46] [223/296] RATE
[11:23:47] [224/296] SKME
[11:23:49] [225/296] LMTP
[11:23:50] [226/296] TCBD
[11:23:51] [227/296] ESBD
[11:23:52] [228/296] GDCU
[11:23:53] [229/296] SNKT
[11:23:53] [230/296] SRNK
[11:23:54] [231/296] SMED
[11:23:55] [232/296] CSQS
[11:23:56] [233/296] ALCS
[11:23:57] [234/296] KCKN
[11:23:58] [235/296] VCCL
[11:24:00] [236/296] MCDA
[11:24:02] [237/296] SHMI
[11:24:03] [238/296] SKHA
[11:24:05] [239/296] SVFK
[11:24:05] [240/296] INVB
[11:24:07] [241/296] MELD
[11:24:08] [242/296] JTYS
[11:24:09] [243/296] INCM
[11:24:11] [244/296] MCDV
[11:24:12] [245/296] KSGK
[11:24:13] [246/296] ICMG
[11:24:14] [247/296] CSCV
[11:24:15] [248/296] STMD
[11:24:17] [249/296] STTR
[11:24:18] [250/296] INVC
[11:24:19] [251/296] JTBL
[11:24:20] [252/296] SRVV
[11:24:22] [253/296] MAVC
[11:24:23] [254/296] SRPP
[11:24:25] [255/296] JGDM
[11:24:26] [256/296] MBSJ
[11:24:27] [257/296] SSLL
[11:24:29] [258/296] SLKP
[11:24:30] [259/296] NSRV
[11:24:31] [260/296] UTDV
[11:24:32] [261/296] KICM
[11:24:34] [262/296] KCMD
[11:24:35] [263/296] TTPP
[11:24:36] [264/296] KMPV
[11:24:38] [265/296] SKTV
[11:24:39] [266/296] STCV
[11:24:41] [267/296] SRDA
[11:24:42] [268/296] JTSX
[11:24:43] [269/296] STBV
[11:24:44] [270/296] APVZ
[11:24:45] [271/296] GSTV
[11:24:46] [272/296] NMVS
[11:24:47] [273/296] SKRT
[11:24:49] [274/296] RMDV
[11:24:51] [275/296] RATG
[11:24:52] [276/296] SJYV
[11:24:54] [277/296] NDGP
[11:24:56] [278/296] SNDG
[11:24:57] [279/296] INSR
[11:24:58] [280/296] INSO
[11:24:59] [281/296] CCSI
[11:25:00] [282/296] RASM
[11:25:02] [283/296] NEWC
[11:25:02] [284/296] VSHL
[11:25:04] [285/296] BISW
[11:25:05] [286/296] GCNG
[11:25:06] [287/296] CWSC
[11:25:08] [288/296] SKAN
[11:25:08] [289/296] SEHP
[11:25:09] [290/296] CCOA
[11:25:11] [291/296] MCAJ
[11:25:13] [292/296] ACDE
[11:25:14] [293/296] AACM
[11:25:16] [294/296] JJCK
[11:25:17] [295/296] RCMO
[11:25:19] [296/296] GDAW
[11:25:20] 🧹 Deduping shows
[11:25:20] ✅ DONE | Shows=62 | Movies=10
