[18:58:05] 🚀 SCRIPT STARTED
[18:58:05] [1/324] GCTA
[18:58:05] 🧠 New identity created
[18:58:07] [2/324] TOPN
[18:58:08] [3/324] MCUS
[18:58:08] [4/324] SHRL
[18:58:09] [5/324] UPTP
[18:58:10] [6/324] TMMP
[18:58:11] [7/324] DNRP
[18:58:12] [8/324] SRLT
[18:58:12] [9/324] RCNS
[18:58:13] [10/324] DCBH
[18:58:14] [11/324] NAGJ
[18:58:16] [12/324] JVRC
[18:58:17] [13/324] KRJG
[18:58:18] [14/324] SRTJ
[18:58:19] [15/324] CMXM
[18:58:20] [16/324] STMI
[18:58:20] [17/324] SLST
[18:58:21] [18/324] DTCN
[18:58:22] [19/324] STYN
[18:58:23] [20/324] SZVR
[18:58:24] [21/324] SRKO
[18:58:24] [22/324] JTGT
[18:58:25] [23/324] SVFD
[18:58:26] [24/324] SISD
[18:58:27] [25/324] ABDD
[18:58:28] [26/324] DRCA
[18:58:28] [27/324] AVCS
[18:58:30] [28/324] MVKH
[18:58:31] [29/324] ACPR
[18:58:33] [30/324] STIP
[18:58:33] [31/324] MTRA
[18:58:34] [32/324] RMKH
[18:58:35] [33/324] NKRL
[18:58:36] [34/324] PCWN
[18:58:38] [35/324] BLMT
[18:58:38] [36/324] GDPG
[18:58:39] [37/324] SRMX
[18:58:40] [38/324] JACP
[18:58:41] [39/324] CPSH
[18:58:42] [40/324] MCCD
[18:58:43] [41/324] ECGH
[18:58:43] [42/324] MKCK
[18:58:44] [43/324] SRMM
[18:58:45] [44/324] SKYR
[18:58:46] [45/324] PCKC
[18:58:47] [46/324] JCMA
[18:58:48] [47/324] BSMP
[18:58:49] [48/324] VSPA
[18:58:50] [49/324] DJYA
[18:58:50] [50/324] DIMP
[18:58:51] [51/324] FXDR
[18:58:52] [52/324] SSRC
[18:58:53] [53/324] STHP
[18:58:54] [54/324] CPPD
[18:58:55] [55/324] FCLK
[18:58:55] [56/324] SCPP
[18:58:56] [57/324] DCMJ
[18:58:58] [58/324] RCCR
[18:58:59] [59/324] INMT
[18:59:00] [60/324] LXTK
[18:59:01] [61/324] SRYK
[18:59:02] [62/324] SGDK
[18:59:03] [63/324] PPKA
[18:59:04] [64/324] SPKA
[18:59:05] [65/324] CGHH
[18:59:05] [66/324] DCJN
[18:59:06] [67/324] SRKV
[18:59:07] [68/324] SAJC
[18:59:08] [69/324] SUSR
[18:59:09] [70/324] STYG
[18:59:10] [71/324] NTKP
[18:59:11] [72/324] AKTG
[18:59:12] [73/324] CGCM
[18:59:13] [74/324] TULC
[18:59:14] [75/324] NYYZ
[18:59:16] [76/324] NYBW
[18:59:16] [77/324] MACB
[18:59:17] [78/324] SLVT
[18:59:18] [79/324] SANA
[18:59:19] [80/324] ACMR
[18:59:20] [81/324] CPKN
[18:59:21] [82/324] DLGK
[18:59:22] [83/324] CWCK
[18:59:23] [84/324] FDDH
[18:59:24] [85/324] MMMD
[18:59:25] [86/324] CMEH
[18:59:26] [87/324] GGGV
[18:59:26] [88/324] SPJL
[18:59:27] [89/324] RCCD
[18:59:28] [90/324] STTZ
[18:59:29] [91/324] BTCF
[18:59:30] [92/324] TSTZ
[18:59:31] [93/324] IPMM
[18:59:32] [94/324] PMPW
[18:59:33] [95/324] PCMZ
[18:59:34] [96/324] ESEM
[18:59:35] [97/324] PIPO
[18:59:35] [98/324] MATK
[18:59:36] [99/324] PGHM
[18:59:37] [100/324] CTSR
[18:59:38] [101/324] CYKR
[18:59:39] [102/324] MSCM
[18:59:40] [103/324] RFNP
[18:59:41] [104/324] PDCP
[18:59:41] [105/324] NPSE
[18:59:42] [106/324] MKML
[18:59:44] [107/324] FTDP
[18:59:44] [108/324] MMXA
[18:59:45] [109/324] CEPO
[18:59:46] [110/324] CMVP
[18:59:48] [111/324] SGTH
[18:59:49] [112/324] SAYN
[18:59:50] [113/324] URVS
[18:59:51] [114/324] VJTN
[18:59:52] [115/324] BBYK
[18:59:53] [116/324] SHBO
[18:59:54] [117/324] VCMR
[18:59:54] [118/324] MACT
[18:59:55] [119/324] JMNP
[18:59:56] [120/324] VICS
[18:59:56] [121/324] VCDA
[18:59:57] [122/324] GCMM
[18:59:58] [123/324] INVS
[18:59:59] [124/324] SCGM
[19:00:00] [125/324] PCDA
[19:00:00] [126/324] KDCT
[19:00:01] [127/324] JACS
[19:00:03] [128/324] GMMC
[19:00:04] [129/324] AICM
[19:00:04] [130/324] TJCM
[19:00:05] [131/324] RMTI
[19:00:06] [132/324] SHAC
[19:00:07] [133/324] APJC
[19:00:08] [134/324] GCTG
[19:00:11] [135/324] SSMC
[19:00:13] [136/324] THRM
[19:00:14] [137/324] RBCT
[19:00:15] [138/324] DIKT
[19:00:15] [139/324] MIDL
[19:00:17] [140/324] VCSN
[19:00:18] [141/324] SKTG
[19:00:18] [142/324] SMWC
[19:00:19] [143/324] MNKH
[19:00:20] [144/324] PIAT
[19:00:21] [145/324] LTTP
[19:00:22] [146/324] PTPU
[19:00:23] [147/324] ACMG
[19:00:23] [148/324] SHMM
[19:00:24] [149/324] MCMN
[19:00:25] [150/324] GLDC
[19:00:27] [151/324] HOUT
[19:00:27] [152/324] SVRP
[19:00:28] [153/324] PVDN
[19:00:29] [154/324] SCPY
[19:00:30] [155/324] DTPY
[19:00:30] [156/324] GKCS
[19:00:31] [157/324] NCAM
[19:00:32] [158/324] BSRM
[19:00:33] [159/324] RCLC
[19:00:34] [160/324] SKKD
[19:00:35] [161/324] ACHU
[19:00:36] [162/324] RSCF
[19:00:36] [163/324] IMSH
[19:00:37] [164/324] MACX
[19:00:38] [165/324] HMMW
[19:00:39] [166/324] JTCP
[19:00:40] [167/324] SREN
[19:00:40] [168/324] PJRR
[19:00:41] [169/324] INAC
[19:00:42] [170/324] BMCA
[19:00:44] [171/324] SHCB
[19:00:44] [172/324] GABA
[19:00:45] [173/324] SBCT
[19:00:46] [174/324] GCMA
[19:00:46] [175/324] MYTK
[19:00:47] [176/324] INZS
[19:00:48] [177/324] RMIK
[19:00:49] [178/324] NYCH
[19:00:50] [179/324] RAVE
[19:00:51] [180/324] PSXM
[19:00:52] [181/324] MCGP
[19:00:52] [182/324] PDDK
[19:00:54] [183/324] SPCK
[19:00:55] [184/324] MCRL
[19:00:55] [185/324] MHKT
[19:00:56] [186/324] ANRR
[19:00:57] [187/324] SAPK
[19:00:58] [188/324] NCUK
[19:00:59] [189/324] JUGA
[19:01:00] [190/324] DBSC
[19:01:01] [191/324] LALK
[19:01:02] [192/324] GUCK
[19:01:03] [193/324] STSG
[19:01:04] [194/324] PPPZ
[19:01:04] [195/324] CNCY
[19:01:05] [196/324] MTAR
[19:01:06] [197/324] VNKD
[19:01:07] [198/324] KMAJ
[19:01:08] [199/324] ACXK
[19:01:09] [200/324] UTKC
[19:01:09] [201/324] PBLK
[19:01:10] [202/324] ACBX
[19:01:12] [203/324] PTGM
[19:01:12] [204/324] BTDA
[19:01:13] [205/324] PJMB
[19:01:14] [206/324] TPDA
[19:01:15] [207/324] AMOE
[19:01:16] [208/324] PRHT
[19:01:17] [209/324] PRTA
[19:01:17] [210/324] STAM
[19:01:18] [211/324] MSAA
[19:01:19] [212/324] SDLU
[19:01:20] [213/324] RCHH
[19:01:21] [214/324] KANT
[19:01:22] [215/324] FCRT
[19:01:23] [216/324] DNKM
[19:01:24] [217/324] RYCP
[19:01:25] [218/324] MYRP
[19:01:26] [219/324] PPAK
[19:01:27] [220/324] NVPK
[19:01:28] [221/324] PRMC
[19:01:29] [222/324] JBCS
[19:01:30] [223/324] GXCK
[19:01:30] [224/324] USKO
[19:01:31] [225/324] GTEM
[19:01:33] [226/324] SMBU
[19:01:34] [227/324] VETC
[19:01:34] [228/324] LCDA
[19:01:35] [229/324] MTVT
[19:01:36] [230/324] PYCP
[19:01:37] [231/324] PNSC
[19:01:38] [232/324] PPCC
[19:01:38] [233/324] TGRT
[19:01:39] [234/324] JYOT
[19:01:40] [235/324] SRCZ
[19:01:40] [236/324] SJTE
[19:01:41] [237/324] DESC
[19:01:42] [238/324] JHVN
[19:01:43] [239/324] IPSG
[19:01:44] [240/324] IPCM
[19:01:45] [241/324] PDRS
[19:01:47] [242/324] ANCV
[19:01:48] [243/324] CMVV
[19:01:48] [244/324] SHYP
[19:01:49] [245/324] DNCS
[19:01:50] [246/324] GAJK
[19:01:51] [247/324] AKTN
[19:01:51] [248/324] KAYA
[19:01:52] [249/324] SBRC
[19:01:53] [250/324] CHTP
[19:01:54] [251/324] SHRT
[19:01:55] [252/324] BCKU
[19:01:56] [253/324] FCPS
[19:01:57] [254/324] ARDD
[19:01:58] [255/324] CPCM
[19:01:58] [256/324] CGSM
[19:01:59] [257/324] PSMP
[19:02:00] [258/324] SDAL
[19:02:01] [259/324] RTNB
[19:02:02] [260/324] LMCR
[19:02:03] [261/324] CIMA
[19:02:04] [262/324] RNAS
[19:02:04] [263/324] LITH
[19:02:05] [264/324] PBOX
[19:02:06] [265/324] FRTS
[19:02:07] [266/324] RKIC
[19:02:08] [267/324] PTAI
[19:02:08] [268/324] GCIC
[19:02:09] [269/324] FNAS
[19:02:10] [270/324] SCAR
[19:02:11] [271/324] MTCA
[19:02:12] [272/324] SCTS
[19:02:13] [273/324] SYCS
[19:02:14] [274/324] RDMS
[19:02:15] [275/324] KAMP
[19:02:16] [276/324] ERSD
[19:02:17] [277/324] MJMJ
[19:02:19] [278/324] SRCJ
[19:02:20] [279/324] SCXE
[19:02:20] [280/324] SVFR
[19:02:21] [281/324] BHCS
[19:02:22] [282/324] IMCC
[19:02:23] [283/324] PCBO
[19:02:24] [284/324] PRVN
[19:02:24] [285/324] AUPM
[19:02:25] [286/324] INBW
[19:02:26] [287/324] SVCW
[19:02:27] [288/324] RKCF
[19:02:28] [289/324] UVBH
[19:02:29] [290/324] DNCY
[19:02:29] [291/324] ABCN
[19:02:30] [292/324] PRUR
[19:02:31] [293/324] PFMR
[19:02:32] [294/324] RKCN
[19:02:33] [295/324] CFEA
[19:02:34] [296/324] SDBG
[19:02:34] [297/324] SNAR
[19:02:36] [298/324] YISI
[19:02:36] [299/324] JCFF
[19:02:37] [300/324] VTRK
[19:02:38] [301/324] PCLZ
[19:02:39] [302/324] DIMY
[19:02:40] [303/324] BBTS
[19:02:41] [304/324] GATH
[19:02:42] [305/324] GTMN
[19:02:42] [306/324] VTMH
[19:02:43] [307/324] CCKP
[19:02:44] [308/324] GPKA
[19:02:45] [309/324] MHCL
[19:02:46] [310/324] ATCL
[19:02:47] [311/324] SBCK
[19:02:48] [312/324] AMMR
[19:02:49] [313/324] MADC
[19:02:50] [314/324] TMMA
[19:02:51] [315/324] CACC
[19:02:52] [316/324] CHAL
[19:02:53] [317/324] DURG
[19:02:53] [318/324] GMKU
[19:02:54] [319/324] GECA
[19:02:56] [320/324] KYRR
[19:02:57] [321/324] KSDE
[19:02:58] [322/324] LMCI
[19:02:58] [323/324] NKCP
[19:02:59] [324/324] BGTC
[19:03:00] 🧹 Deduping shows
[19:03:00] ✅ DONE | Shows=75 | Movies=13
[22:21:57] 🚀 SCRIPT STARTED
[22:21:57] [1/324] GCTA
[22:21:57] 🧠 New identity created
[22:21:58] [2/324] TOPN
[22:21:59] [3/324] MCUS
[22:22:00] [4/324] SHRL
[22:22:00] [5/324] UPTP
[22:22:01] [6/324] TMMP
[22:22:02] [7/324] DNRP
[22:22:04] [8/324] SRLT
[22:22:05] [9/324] RCNS
[22:22:06] [10/324] DCBH
[22:22:07] [11/324] NAGJ
[22:22:08] [12/324] JVRC
[22:22:09] [13/324] KRJG
[22:22:09] [14/324] SRTJ
[22:22:10] [15/324] CMXM
[22:22:12] [16/324] STMI
[22:22:12] [17/324] SLST
[22:22:13] [18/324] DTCN
[22:22:14] [19/324] STYN
[22:22:15] [20/324] SZVR
[22:22:16] [21/324] SRKO
[22:22:17] [22/324] JTGT
[22:22:18] [23/324] SVFD
[22:22:19] [24/324] SISD
[22:22:20] [25/324] ABDD
[22:22:22] [26/324] DRCA
[22:22:23] [27/324] AVCS
[22:22:23] [28/324] MVKH
[22:22:24] [29/324] ACPR
[22:22:25] [30/324] STIP
[22:22:26] [31/324] MTRA
[22:22:27] [32/324] RMKH
[22:22:28] [33/324] NKRL
[22:22:30] [34/324] PCWN
[22:22:31] [35/324] BLMT
[22:22:32] [36/324] GDPG
[22:22:33] [37/324] SRMX
[22:22:34] [38/324] JACP
[22:22:36] [39/324] CPSH
[22:22:36] [40/324] MCCD
[22:22:38] [41/324] ECGH
[22:22:39] [42/324] MKCK
[22:22:40] [43/324] SRMM
[22:22:41] [44/324] SKYR
[22:22:41] [45/324] PCKC
[22:22:42] [46/324] JCMA
[22:22:43] [47/324] BSMP
[22:22:44] [48/324] VSPA
[22:22:44] [49/324] DJYA
[22:22:45] [50/324] DIMP
[22:22:46] [51/324] FXDR
[22:22:47] [52/324] SSRC
[22:22:48] [53/324] STHP
[22:22:49] [54/324] CPPD
[22:22:51] [55/324] FCLK
[22:22:52] [56/324] SCPP
[22:22:53] [57/324] DCMJ
[22:22:53] [58/324] RCCR
[22:22:54] [59/324] INMT
[22:22:55] [60/324] LXTK
[22:22:56] [61/324] SRYK
[22:22:57] [62/324] SGDK
[22:22:57] [63/324] PPKA
[22:22:58] [64/324] SPKA
[22:22:59] [65/324] CGHH
[22:23:00] [66/324] DCJN
[22:23:01] [67/324] SRKV
[22:23:02] [68/324] SAJC
[22:23:03] [69/324] SUSR
[22:23:05] [70/324] STYG
[22:23:06] [71/324] NTKP
[22:23:08] [72/324] AKTG
[22:23:08] [73/324] CGCM
[22:23:09] [74/324] TULC
[22:23:10] [75/324] NYYZ
[22:23:11] [76/324] NYBW
[22:23:12] [77/324] MACB
[22:23:13] [78/324] SLVT
[22:23:14] [79/324] SANA
[22:23:15] [80/324] ACMR
[22:23:16] [81/324] CPKN
[22:23:16] [82/324] DLGK
[22:23:17] [83/324] CWCK
[22:23:18] [84/324] FDDH
[22:23:19] [85/324] MMMD
[22:23:20] [86/324] CMEH
[22:23:22] [87/324] GGGV
[22:23:23] [88/324] SPJL
[22:23:23] [89/324] RCCD
[22:23:24] [90/324] STTZ
[22:23:25] [91/324] BTCF
[22:23:26] [92/324] TSTZ
[22:23:26] [93/324] IPMM
[22:23:27] [94/324] PMPW
[22:23:28] [95/324] PCMZ
[22:23:29] [96/324] ESEM
[22:23:30] [97/324] PIPO
[22:23:31] [98/324] MATK
[22:23:32] [99/324] PGHM
[22:23:33] [100/324] CTSR
[22:23:33] [101/324] CYKR
[22:23:34] [102/324] MSCM
[22:23:35] [103/324] RFNP
[22:23:36] [104/324] PDCP
[22:23:37] [105/324] NPSE
[22:23:37] [106/324] MKML
[22:23:38] [107/324] FTDP
[22:23:40] [108/324] MMXA
[22:23:41] [109/324] CEPO
[22:23:42] [110/324] CMVP
[22:23:43] [111/324] SGTH
[22:23:44] [112/324] SAYN
[22:23:45] [113/324] URVS
[22:23:46] [114/324] VJTN
[22:23:47] [115/324] BBYK
[22:23:47] [116/324] SHBO
[22:23:48] [117/324] VCMR
[22:23:49] [118/324] MACT
[22:23:50] [119/324] JMNP
[22:23:51] [120/324] VICS
[22:23:51] [121/324] VCDA
[22:23:52] [122/324] GCMM
[22:23:53] [123/324] INVS
[22:23:54] [124/324] SCGM
[22:23:55] [125/324] PCDA
[22:23:56] [126/324] KDCT
[22:23:57] [127/324] JACS
[22:23:58] [128/324] GMMC
[22:23:59] [129/324] AICM
[22:24:00] [130/324] TJCM
[22:24:01] [131/324] RMTI
[22:24:02] [132/324] SHAC
[22:24:03] [133/324] APJC
[22:24:03] [134/324] GCTG
[22:24:04] [135/324] SSMC
[22:24:06] [136/324] THRM
[22:24:07] [137/324] RBCT
[22:24:07] [138/324] DIKT
[22:24:08] [139/324] MIDL
[22:24:09] [140/324] VCSN
[22:24:10] [141/324] SKTG
[22:24:11] [142/324] SMWC
[22:24:11] [143/324] MNKH
[22:24:12] [144/324] PIAT
[22:24:13] [145/324] LTTP
[22:24:14] [146/324] PTPU
[22:24:15] [147/324] ACMG
[22:24:15] [148/324] SHMM
[22:24:16] [149/324] MCMN
[22:24:17] [150/324] GLDC
[22:24:18] [151/324] HOUT
[22:24:19] [152/324] SVRP
[22:24:20] [153/324] PVDN
[22:24:21] [154/324] SCPY
[22:24:22] [155/324] DTPY
[22:24:23] [156/324] GKCS
[22:24:24] [157/324] NCAM
[22:24:24] [158/324] BSRM
[22:24:25] [159/324] RCLC
[22:24:26] [160/324] SKKD
[22:24:27] [161/324] ACHU
[22:24:28] [162/324] RSCF
[22:24:29] [163/324] IMSH
[22:24:29] [164/324] MACX
[22:24:31] [165/324] HMMW
[22:24:32] [166/324] JTCP
[22:24:32] [167/324] SREN
[22:24:33] [168/324] PJRR
[22:24:34] [169/324] INAC
[22:24:35] [170/324] BMCA
[22:24:36] [171/324] SHCB
[22:24:37] [172/324] GABA
[22:24:38] [173/324] SBCT
[22:24:39] [174/324] GCMA
[22:24:41] [175/324] MYTK
[22:24:42] [176/324] INZS
[22:24:42] [177/324] RMIK
[22:24:43] [178/324] NYCH
[22:24:44] [179/324] RAVE
[22:24:45] [180/324] PSXM
[22:24:46] [181/324] MCGP
[22:24:47] [182/324] PDDK
[22:24:48] [183/324] SPCK
[22:24:48] [184/324] MCRL
[22:24:49] [185/324] MHKT
[22:24:51] [186/324] ANRR
[22:24:51] [187/324] SAPK
[22:24:52] [188/324] NCUK
[22:24:53] [189/324] JUGA
[22:24:54] [190/324] DBSC
[22:24:55] [191/324] LALK
[22:24:55] [192/324] GUCK
[22:24:56] [193/324] STSG
[22:24:57] [194/324] PPPZ
[22:24:58] [195/324] CNCY
[22:24:58] [196/324] MTAR
[22:24:59] [197/324] VNKD
[22:25:00] [198/324] KMAJ
[22:25:01] [199/324] ACXK
[22:25:02] [200/324] UTKC
[22:25:04] [201/324] PBLK
[22:25:04] [202/324] ACBX
[22:25:06] [203/324] PTGM
[22:25:07] [204/324] BTDA
[22:25:08] [205/324] PJMB
[22:25:10] [206/324] TPDA
[22:25:11] [207/324] AMOE
[22:25:11] [208/324] PRHT
[22:25:12] [209/324] PRTA
[22:25:14] [210/324] STAM
[22:25:14] [211/324] MSAA
[22:25:15] [212/324] SDLU
[22:25:16] [213/324] RCHH
[22:25:17] [214/324] KANT
[22:25:18] [215/324] FCRT
[22:25:19] [216/324] DNKM
[22:25:19] [217/324] RYCP
[22:25:20] [218/324] MYRP
[22:25:21] [219/324] PPAK
[22:25:22] [220/324] NVPK
[22:25:22] [221/324] PRMC
[22:25:23] [222/324] JBCS
[22:25:24] [223/324] GXCK
[22:25:25] [224/324] USKO
[22:25:26] [225/324] GTEM
[22:25:27] [226/324] SMBU
[22:25:28] [227/324] VETC
[22:25:29] [228/324] LCDA
[22:25:30] [229/324] MTVT
[22:25:31] [230/324] PYCP
[22:25:32] [231/324] PNSC
[22:25:32] [232/324] PPCC
[22:25:33] [233/324] TGRT
[22:25:34] [234/324] JYOT
[22:25:35] [235/324] SRCZ
[22:25:36] [236/324] SJTE
[22:25:37] [237/324] DESC
[22:25:38] [238/324] JHVN
[22:25:38] [239/324] IPSG
[22:25:39] [240/324] IPCM
[22:25:40] [241/324] PDRS
[22:25:41] [242/324] ANCV
[22:25:42] [243/324] CMVV
[22:25:43] [244/324] SHYP
[22:25:44] [245/324] DNCS
[22:25:45] [246/324] GAJK
[22:25:47] [247/324] AKTN
[22:25:48] [248/324] KAYA
[22:25:49] [249/324] SBRC
[22:25:50] [250/324] CHTP
[22:25:50] [251/324] SHRT
[22:25:52] [252/324] BCKU
[22:25:53] [253/324] FCPS
[22:25:54] [254/324] ARDD
[22:25:55] [255/324] CPCM
[22:25:56] [256/324] CGSM
[22:25:56] [257/324] PSMP
[22:25:57] [258/324] SDAL
[22:25:59] [259/324] RTNB
[22:26:01] [260/324] LMCR
[22:26:02] [261/324] CIMA
[22:26:03] [262/324] RNAS
[22:26:03] [263/324] LITH
[22:26:04] [264/324] PBOX
[22:26:06] [265/324] FRTS
[22:26:07] [266/324] RKIC
[22:26:08] [267/324] PTAI
[22:26:08] [268/324] GCIC
[22:26:09] [269/324] FNAS
[22:26:10] [270/324] SCAR
[22:26:12] [271/324] MTCA
[22:26:13] [272/324] SCTS
[22:26:14] [273/324] SYCS
[22:26:15] [274/324] RDMS
[22:26:16] [275/324] KAMP
[22:26:17] [276/324] ERSD
[22:26:18] [277/324] MJMJ
[22:26:20] [278/324] SRCJ
[22:26:20] [279/324] SCXE
[22:26:21] [280/324] SVFR
[22:26:22] [281/324] BHCS
[22:26:23] [282/324] IMCC
[22:26:24] [283/324] PCBO
[22:26:24] [284/324] PRVN
[22:26:26] [285/324] AUPM
[22:26:27] [286/324] INBW
[22:26:28] [287/324] SVCW
[22:26:29] [288/324] RKCF
[22:26:30] [289/324] UVBH
[22:26:31] [290/324] DNCY
[22:26:32] [291/324] ABCN
[22:26:32] [292/324] PRUR
[22:26:33] [293/324] PFMR
[22:26:34] [294/324] RKCN
[22:26:35] [295/324] CFEA
[22:26:36] [296/324] SDBG
[22:26:37] [297/324] SNAR
[22:26:38] [298/324] YISI
[22:26:38] [299/324] JCFF
[22:26:40] [300/324] VTRK
[22:26:41] [301/324] PCLZ
[22:26:42] [302/324] DIMY
[22:26:43] [303/324] BBTS
[22:26:43] [304/324] GATH
[22:26:44] [305/324] GTMN
[22:26:45] [306/324] VTMH
[22:26:46] [307/324] CCKP
[22:26:47] [308/324] GPKA
[22:26:48] [309/324] MHCL
[22:26:49] [310/324] ATCL
[22:26:49] [311/324] SBCK
[22:26:50] [312/324] AMMR
[22:26:51] [313/324] MADC
[22:26:52] [314/324] TMMA
[22:26:53] [315/324] CACC
[22:26:54] [316/324] CHAL
[22:26:54] [317/324] DURG
[22:26:56] [318/324] GMKU
[22:26:57] [319/324] GECA
[22:26:58] [320/324] KYRR
[22:26:59] [321/324] KSDE
[22:27:00] [322/324] LMCI
[22:27:01] [323/324] NKCP
[22:27:02] [324/324] BGTC
[22:27:03] 🧹 Deduping shows
[22:27:03] ✅ DONE | Shows=82 | Movies=14
