[04:49:11] 🚀 SCRIPT STARTED
[04:49:11] [1/459] NECA
[04:49:11] 🧠 New identity created
[04:49:13] [2/459] BJLC
[04:49:14] [3/459] BASU
[04:49:15] [4/459] RUPI
[04:49:16] [5/459] LCBK
[04:49:17] [6/459] PMAC
[04:49:17] [7/459] AMLC
[04:49:18] [8/459] LICL
[04:49:19] [9/459] UDMM
[04:49:20] [10/459] STBZ
[04:49:21] [11/459] UUBT
[04:49:22] [12/459] SJKC
[04:49:23] [13/459] TUAL
[04:49:24] [14/459] MRSE
[04:49:25] [15/459] RMRK
[04:49:25] [16/459] TTKP
[04:49:26] [17/459] KTKO
[04:49:27] [18/459] SDBK
[04:49:28] [19/459] MCPR
[04:49:29] [20/459] CHTI
[04:49:30] [21/459] GCCP
[04:49:32] [22/459] SRMY
[04:49:33] [23/459] NYST
[04:49:34] [24/459] NYAG
[04:49:35] [25/459] SBMT
[04:49:35] [26/459] INGA
[04:49:36] [27/459] WSIC
[04:49:37] [28/459] SCSS
[04:49:38] [29/459] COPG
[04:49:38] [30/459] RCGR
[04:49:39] [31/459] TCZA
[04:49:40] [32/459] CNLP
[04:49:41] [33/459] CLKN
[04:49:42] [34/459] LHDF
[04:49:43] [35/459] ELKC
[04:49:44] [36/459] VCEM
[04:49:44] [37/459] SSZA
[04:49:45] [38/459] KRMT
[04:49:46] [39/459] LCMV
[04:49:48] [40/459] AYCZ
[04:49:49] [41/459] CUMS
[04:49:50] [42/459] BOCK
[04:49:51] [43/459] PNMR
[04:49:51] [44/459] PJCP
[04:49:52] [45/459] JDDD
[04:49:53] [46/459] STMS
[04:49:54] [47/459] FLMB
[04:49:55] [48/459] PKCM
[04:49:56] [49/459] SPPR
[04:49:57] [50/459] EYLH
[04:49:57] [51/459] RJCC
[04:49:59] [52/459] MMPS
[04:50:00] [53/459] SHMX
[04:50:01] [54/459] CCNL
[04:50:02] [55/459] RCNV
[04:50:02] [56/459] MAAG
[04:50:03] [57/459] LXCM
[04:50:04] [58/459] RCNI
[04:50:06] [59/459] SNNI
[04:50:06] [60/459] LALC
[04:50:07] [61/459] SOCN
[04:50:08] [62/459] JHTP
[04:50:09] [63/459] PITP
[04:50:10] [64/459] CCKW
[04:50:11] [65/459] MCMC
[04:50:12] [66/459] DEES
[04:50:13] [67/459] SABT
[04:50:14] [68/459] VSPP
[04:50:15] [69/459] ABCT
[04:50:15] [70/459] JVTB
[04:50:16] [71/459] VCBD
[04:50:17] [72/459] RMGG
[04:50:18] [73/459] RNMH
[04:50:19] [74/459] SPGL
[04:50:21] [75/459] JTTR
[04:50:21] [76/459] SICS
[04:50:22] [77/459] SRMI
[04:50:23] [78/459] SSIJ
[04:50:24] [79/459] KFMT
[04:50:25] [80/459] VBIT
[04:50:26] [81/459] JKCT
[04:50:27] [82/459] GCGP
[04:50:28] [83/459] GDCS
[04:50:29] [84/459] TRBA
[04:50:31] [85/459] QUST
[04:50:33] [86/459] VSHM
[04:50:34] [87/459] SDCP
[04:50:35] [88/459] SNVS
[04:50:36] [89/459] NYTO
[04:50:37] [90/459] URWC
[04:50:38] [91/459] GTWH
[04:50:39] [92/459] PFCM
[04:50:40] [93/459] KRTA
[04:50:41] [94/459] AXMC
[04:50:41] [95/459] EVMC
[04:50:42] [96/459] HGSM
[04:50:43] [97/459] ACVM
[04:50:44] [98/459] PSKL
[04:50:44] [99/459] RDMP
[04:50:45] [100/459] RHGH
[04:50:46] [101/459] OMCM
[04:50:47] [102/459] DCCP
[04:50:48] [103/459] MCPB
[04:50:49] [104/459] ALCI
[04:50:49] [105/459] BLMX
[04:50:51] [106/459] BTMV
[04:50:52] [107/459] FVPN
[04:50:53] [108/459] CMAR
[04:50:54] [109/459] CEIM
[04:50:55] [110/459] CMVA
[04:50:56] [111/459] CPIV
[04:50:57] [112/459] CNPE
[04:50:58] [113/459] COLV
[04:50:59] [114/459] DNNV
[04:51:00] [115/459] HCAD
[04:51:01] [116/459] TAKA
[04:51:03] [117/459] INVD
[04:51:04] [118/459] IRMM
[04:51:04] [119/459] INSE
[04:51:05] [120/459] MRSW
[04:51:06] [121/459] MCVD
[04:51:07] [122/459] MCSO
[04:51:08] [123/459] PEVM
[04:51:09] [124/459] PVNL
[04:51:10] [125/459] PTCV
[04:51:11] [126/459] PRTC
[04:51:12] [127/459] RCVA
[04:51:13] [128/459] MTBN
[04:51:13] [129/459] LUCP
[04:51:15] [130/459] FMPT
[04:51:16] [131/459] JLSL
[04:51:17] [132/459] SBHA
[04:51:17] [133/459] SHRC
[04:51:18] [134/459] AVPS
[04:51:19] [135/459] STPM
[04:51:20] [136/459] ATRD
[04:51:21] [137/459] VTED
[04:51:21] [138/459] ACAI
[04:51:23] [139/459] SMAE
[04:51:24] [140/459] VMAT
[04:51:25] [141/459] LKCT
[04:51:25] [142/459] JTVK
[04:51:27] [143/459] PRTY
[04:51:28] [144/459] GETT
[04:51:29] [145/459] ESAP
[04:51:30] [146/459] NCPM
[04:51:31] [147/459] PCPA
[04:51:31] [148/459] MMOM
[04:51:32] [149/459] PHUP
[04:51:33] [150/459] CCPI
[04:51:34] [151/459] CNTD
[04:51:34] [152/459] NLJR
[04:51:35] [153/459] SRNG
[04:51:36] [154/459] MHAL
[04:51:37] [155/459] PNSM
[04:51:38] [156/459] DRMY
[04:51:39] [157/459] CCMU
[04:51:40] [158/459] SCMY
[04:51:41] [159/459] PVSY
[04:51:42] [160/459] SDLM
[04:51:43] [161/459] ICCM
[04:51:44] [162/459] PYSU
[04:51:45] [163/459] GATM
[04:51:45] [164/459] WOTM
[04:51:46] [165/459] RKTS
[04:51:47] [166/459] PMTY
[04:51:48] [167/459] LYMS
[04:51:49] [168/459] TGCA
[04:51:50] [169/459] DSTA
[04:51:50] [170/459] CNGE
[04:51:51] [171/459] VSTG
[04:51:52] [172/459] GTCK
[04:51:54] [173/459] TGNT
[04:51:55] [174/459] ASLC
[04:51:56] [175/459] SSST
[04:51:58] [176/459] KBTT
[04:51:58] [177/459] HKCP
[04:52:00] [178/459] SWLC
[04:52:01] [179/459] RTND
[04:52:02] [180/459] PKKT
[04:52:03] [181/459] HSTK
[04:52:04] [182/459] SPTT
[04:52:05] [183/459] IMPM
[04:52:05] [184/459] SCMV
[04:52:06] [185/459] SPCT
[04:52:08] [186/459] JBCA
[04:52:09] [187/459] ATTR
[04:52:10] [188/459] SPMT
[04:52:11] [189/459] LCTM
[04:52:12] [190/459] SCVL
[04:52:13] [191/459] SCVT
[04:52:14] [192/459] KRIC
[04:52:15] [193/459] CTMG
[04:52:16] [194/459] ACNC
[04:52:17] [195/459] DMCK
[04:52:18] [196/459] KMTV
[04:52:19] [197/459] PFCJ
[04:52:20] [198/459] VNMD
[04:52:21] [199/459] VPCZ
[04:52:22] [200/459] SRYR
[04:52:22] [201/459] SYTR
[04:52:23] [202/459] GATR
[04:52:24] [203/459] URTR
[04:52:25] [204/459] MKSM
[04:52:26] [205/459] VSMH
[04:52:27] [206/459] SKRJ
[04:52:28] [207/459] SSJR
[04:52:28] [208/459] SVSM
[04:52:29] [209/459] RUCM
[04:52:30] [210/459] PRKN
[04:52:31] [211/459] RROH
[04:52:32] [212/459] SCTN
[04:52:33] [213/459] RTDM
[04:52:34] [214/459] ASRM
[04:52:34] [215/459] SKMD
[04:52:35] [216/459] SUTD
[04:52:36] [217/459] SADM
[04:52:37] [218/459] WCNR
[04:52:38] [219/459] CNED
[04:52:39] [220/459] MPDB
[04:52:39] [221/459] KTBH
[04:52:40] [222/459] IDRM
[04:52:41] [223/459] PJJT
[04:52:42] [224/459] PFCV
[04:52:43] [225/459] AACT
[04:52:44] [226/459] AAAD
[04:52:44] [227/459] ANES
[04:52:45] [228/459] MNCA
[04:52:46] [229/459] RMGU
[04:52:47] [230/459] DLCN
[04:52:48] [231/459] LJWT
[04:52:49] [232/459] MCBG
[04:52:50] [233/459] MYBG
[04:52:51] [234/459] GCCA
[04:52:51] [235/459] GCGA
[04:52:52] [236/459] ECGN
[04:52:53] [237/459] PRAB
[04:52:54] [238/459] PNMP
[04:52:54] [239/459] GCPT
[04:52:55] [240/459] ROYN
[04:52:56] [241/459] VATM
[04:52:57] [242/459] KSNT
[04:52:58] [243/459] ACTC
[04:52:59] [244/459] PLTD
[04:53:00] [245/459] SKMK
[04:53:01] [246/459] CMTT
[04:53:01] [247/459] SMXP
[04:53:02] [248/459] SCMX
[04:53:04] [249/459] ACXN
[04:53:05] [250/459] ASWT
[04:53:06] [251/459] VVVL
[04:53:06] [252/459] NAGO
[04:53:07] [253/459] SNCN
[04:53:08] [254/459] MCKP
[04:53:09] [255/459] SAMO
[04:53:10] [256/459] JBTV
[04:53:11] [257/459] DCVV
[04:53:11] [258/459] KMSV
[04:53:13] [259/459] KDCN
[04:53:14] [260/459] CNCP
[04:53:15] [261/459] HAMC
[04:53:15] [262/459] CCVZ
[04:53:16] [263/459] NCCK
[04:53:17] [264/459] MCHR
[04:53:18] [265/459] SCHT
[04:53:19] [266/459] ESSH
[04:53:20] [267/459] CUJC
[04:53:20] [268/459] PECP
[04:53:21] [269/459] PMMI
[04:53:22] [270/459] PCCH
[04:53:23] [271/459] PRPM
[04:53:24] [272/459] PVKL
[04:53:25] [273/459] CBSM
[04:53:26] [274/459] PVCZ
[04:53:27] [275/459] PCVV
[04:53:27] [276/459] CTMJ
[04:53:28] [277/459] RCPS
[04:53:29] [278/459] PCIT
[04:53:30] [279/459] FNCH
[04:53:31] [280/459] INZD
[04:53:32] [281/459] INPC
[04:53:33] [282/459] LCZP
[04:53:34] [283/459] SMCB
[04:53:34] [284/459] PTSB
[04:53:35] [285/459] TPSI
[04:53:36] [286/459] KHMJ
[04:53:37] [287/459] RCCJ
[04:53:38] [288/459] NCJA
[04:53:39] [289/459] NCJN
[04:53:40] [290/459] BTDP
[04:53:40] [291/459] PADY
[04:53:41] [292/459] NYBH
[04:53:43] [293/459] MTBR
[04:53:44] [294/459] KRBC
[04:53:46] [295/459] DKTI
[04:53:47] [296/459] ANAN
[04:53:48] [297/459] INBP
[04:53:49] [298/459] PATB
[04:53:50] [299/459] RGNT
[04:53:50] [300/459] CGPM
[04:53:51] [301/459] INTN
[04:53:52] [302/459] MCMP
[04:53:53] [303/459] ASRG
[04:53:54] [304/459] CXJD
[04:53:55] [305/459] SPCP
[04:53:56] [306/459] CSTP
[04:53:57] [307/459] PKVC
[04:53:58] [308/459] ESCP
[04:53:58] [309/459] CAEP
[04:54:00] [310/459] CCSP
[04:54:01] [311/459] KTPC
[04:54:02] [312/459] DACA
[04:54:03] [313/459] NVKY
[04:54:04] [314/459] PTIN
[04:54:05] [315/459] SCIN
[04:54:05] [316/459] MCTY
[04:54:06] [317/459] PCMX
[04:54:07] [318/459] INIC
[04:54:08] [319/459] MMZM
[04:54:09] [320/459] SSLP
[04:54:10] [321/459] DTDT
[04:54:11] [322/459] FFCX
[04:54:12] [323/459] RCMM
[04:54:13] [324/459] KYID
[04:54:14] [325/459] CSCI
[04:54:15] [326/459] FCMC
[04:54:16] [327/459] MMXI
[04:54:17] [328/459] ASTC
[04:54:18] [329/459] CMRA
[04:54:19] [330/459] DICI
[04:54:19] [331/459] KDIN
[04:54:20] [332/459] PRFI
[04:54:21] [333/459] SVFC
[04:54:22] [334/459] UCPL
[04:54:23] [335/459] COOC
[04:54:24] [336/459] SCAL
[04:54:24] [337/459] SVFF
[04:54:25] [338/459] VCMG
[04:54:26] [339/459] UUCT
[04:54:27] [340/459] GCSE
[04:54:28] [341/459] SUSC
[04:54:29] [342/459] MISC
[04:54:30] [343/459] RMBL
[04:54:30] [344/459] CMXN
[04:54:31] [345/459] PVBK
[04:54:32] [346/459] HHCG
[04:54:33] [347/459] SCAG
[04:54:34] [348/459] CNPR
[04:54:34] [349/459] CSER
[04:54:35] [350/459] HLWD
[04:54:36] [351/459] BOLY
[04:54:37] [352/459] SSPG
[04:54:39] [353/459] MUPX
[04:54:40] [354/459] HAMR
[04:54:40] [355/459] SDNC
[04:54:41] [356/459] RTEN
[04:54:42] [357/459] SDTD
[04:54:43] [358/459] KAWS
[04:54:44] [359/459] CMZX
[04:54:45] [360/459] DCDD
[04:54:46] [361/459] ALSN
[04:54:47] [362/459] IMXS
[04:54:48] [363/459] PVFF
[04:54:48] [364/459] PVOO
[04:54:49] [365/459] CFBS
[04:54:50] [366/459] PVER
[04:54:51] [367/459] PPNX
[04:54:52] [368/459] CNRM
[04:54:52] [369/459] PVWW
[04:54:54] [370/459] INMB
[04:54:55] [371/459] CPJR
[04:54:55] [372/459] INRZ
[04:54:56] [373/459] PMSR
[04:54:57] [374/459] GPGM
[04:54:58] [375/459] PGWB
[04:54:59] [376/459] PMBR
[04:55:00] [377/459] GPAM
[04:55:01] [378/459] INBC
[04:55:02] [379/459] PZVK
[04:55:02] [380/459] CPEB
[04:55:03] [381/459] FMLB
[04:55:04] [382/459] INBG
[04:55:06] [383/459] GPBR
[04:55:07] [384/459] PAAS
[04:55:07] [385/459] VTBR
[04:55:08] [386/459] GPMY
[04:55:09] [387/459] GYBU
[04:55:10] [388/459] INBJ
[04:55:11] [389/459] LKTH
[04:55:11] [390/459] NSBR
[04:55:12] [391/459] PDRD
[04:55:13] [392/459] VRBL
[04:55:14] [393/459] VTGB
[04:55:15] [394/459] VTSK
[04:55:16] [395/459] BKDV
[04:55:17] [396/459] SVTB
[04:55:17] [397/459] MLDT
[04:55:18] [398/459] NRBL
[04:55:19] [399/459] SLTR
[04:55:20] [400/459] VNKA
[04:55:22] [401/459] TDCA
[04:55:23] [402/459] INBM
[04:55:23] [403/459] SSNR
[04:55:25] [404/459] BHAC
[04:55:26] [405/459] SDSD
[04:55:27] [406/459] SAMP
[04:55:28] [407/459] RATK
[04:55:29] [408/459] KCBI
[04:55:30] [409/459] URBL
[04:55:31] [410/459] MKBG
[04:55:32] [411/459] ASTB
[04:55:33] [412/459] VBWT
[04:55:34] [413/459] GPSM
[04:55:35] [414/459] ROON
[04:55:36] [415/459] CHTH
[04:55:37] [416/459] SSPA
[04:55:38] [417/459] ANBL
[04:55:38] [418/459] VTBE
[04:55:39] [419/459] SVKT
[04:55:40] [420/459] SVYK
[04:55:41] [421/459] PTBK
[04:55:41] [422/459] RKTB
[04:55:42] [423/459] BALT
[04:55:43] [424/459] STSV
[04:55:44] [425/459] VCCB
[04:55:45] [426/459] SLTB
[04:55:45] [427/459] SBCR
[04:55:46] [428/459] VDCS
[04:55:47] [429/459] MDKI
[04:55:48] [430/459] SMRN
[04:55:48] [431/459] PTBC
[04:55:49] [432/459] RADI
[04:55:50] [433/459] ADCR
[04:55:51] [434/459] SDCS
[04:55:52] [435/459] SRPJ
[04:55:52] [436/459] ARTS
[04:55:53] [437/459] SRHK
[04:55:54] [438/459] SPAY
[04:55:55] [439/459] GPTB
[04:55:55] [440/459] SNNN
[04:55:56] [441/459] BALJ
[04:55:57] [442/459] TRIG
[04:55:58] [443/459] GTYT
[04:55:58] [444/459] ATGN
[04:55:59] [445/459] ANTE
[04:56:00] [446/459] BDCG
[04:56:02] [447/459] VECI
[04:56:02] [448/459] SCPR
[04:56:03] [449/459] RTEA
[04:56:04] [450/459] JSAI
[04:56:05] [451/459] VJTP
[04:56:06] [452/459] GNDS
[04:56:07] [453/459] PAXA
[04:56:08] [454/459] CGGM
[04:56:08] [455/459] ACKZ
[04:56:09] [456/459] EMCC
[04:56:10] [457/459] KLSK
[04:56:11] [458/459] AVCK
[04:56:12] [459/459] JTCK
[04:56:13] 🧹 Deduping shows
[04:56:13] ✅ DONE | Shows=198 | Movies=24
