[04:49:14] 🚀 SCRIPT STARTED
[04:49:14] [1/459] MBDC
[04:49:14] 🧠 New identity created
[04:49:15] [2/459] CHKM
[04:49:16] [3/459] JTKZ
[04:49:17] [4/459] CMCT
[04:49:18] [5/459] ASHO
[04:49:19] [6/459] ECDG
[04:49:19] [7/459] SPAT
[04:49:20] [8/459] HILC
[04:49:21] [9/459] SPPH
[04:49:22] [10/459] SBHN
[04:49:23] [11/459] RRCA
[04:49:24] [12/459] APAA
[04:49:25] [13/459] RAME
[04:49:26] [14/459] TMMS
[04:49:27] [15/459] BATK
[04:49:28] [16/459] LKOP
[04:49:29] [17/459] AMTT
[04:49:30] [18/459] PTGK
[04:49:31] [19/459] ANRS
[04:49:31] [20/459] VWBW
[04:49:32] [21/459] SVFG
[04:49:33] [22/459] STAT
[04:49:34] [23/459] GDCV
[04:49:35] [24/459] VEBI
[04:49:36] [25/459] VDSS
[04:49:36] [26/459] NTHV
[04:49:37] [27/459] AOCH
[04:49:38] [28/459] KASR
[04:49:39] [29/459] AYCS
[04:49:40] [30/459] SHAI
[04:49:40] [31/459] SKPE
[04:49:41] [32/459] SBTA
[04:49:42] [33/459] RTTD
[04:49:42] [34/459] CCJD
[04:49:43] [35/459] RSJJ
[04:49:44] [36/459] RKND
[04:49:45] [37/459] SVTX
[04:49:47] [38/459] BAKM
[04:49:48] [39/459] SVDC
[04:49:48] [40/459] MNCV
[04:49:49] [41/459] SJGC
[04:49:50] [42/459] MTPK
[04:49:51] [43/459] GATP
[04:49:52] [44/459] ABTS
[04:49:52] [45/459] ABDE
[04:49:53] [46/459] RCNM
[04:49:54] [47/459] KTHV
[04:49:56] [48/459] MDGJ
[04:49:57] [49/459] SMLM
[04:49:58] [50/459] JTMA
[04:49:59] [51/459] ACKP
[04:50:00] [52/459] SRTA
[04:50:01] [53/459] STAY
[04:50:02] [54/459] MAVO
[04:50:03] [55/459] APTS
[04:50:03] [56/459] OMEA
[04:50:04] [57/459] TTFD
[04:50:05] [58/459] MJCU
[04:50:06] [59/459] CXTE
[04:50:06] [60/459] CTPX
[04:50:07] [61/459] ASSL
[04:50:08] [62/459] CMVB
[04:50:09] [63/459] VPUR
[04:50:10] [64/459] JJDA
[04:50:11] [65/459] INBL
[04:50:12] [66/459] BIKB
[04:50:13] [67/459] NTBB
[04:50:13] [68/459] GLOB
[04:50:14] [69/459] SNTB
[04:50:15] [70/459] CHGV
[04:50:16] [71/459] SSBZ
[04:50:16] [72/459] PRDB
[04:50:17] [73/459] ISMT
[04:50:18] [74/459] MCSD
[04:50:19] [75/459] JBTT
[04:50:20] [76/459] GEKR
[04:50:20] [77/459] PVUN
[04:50:21] [78/459] NRTB
[04:50:22] [79/459] PRAA
[04:50:23] [80/459] PCBL
[04:50:24] [81/459] PTCM
[04:50:25] [82/459] KHNN
[04:50:25] [83/459] OMJE
[04:50:27] [84/459] STGN
[04:50:27] [85/459] RPMS
[04:50:28] [86/459] NWAD
[04:50:30] [87/459] BLCK
[04:50:31] [88/459] SVAA
[04:50:32] [89/459] URVM
[04:50:33] [90/459] ANTM
[04:50:34] [91/459] VJYM
[04:50:36] [92/459] MAZZ
[04:50:38] [93/459] CSHM
[04:50:39] [94/459] WGMH
[04:50:39] [95/459] SALN
[04:50:40] [96/459] BRTP
[04:50:41] [97/459] SVTA
[04:50:42] [98/459] SBTP
[04:50:43] [99/459] VLSS
[04:50:44] [100/459] SRJA
[04:50:45] [101/459] ANCG
[04:50:45] [102/459] CGGC
[04:50:46] [103/459] CRJA
[04:50:48] [104/459] USCR
[04:50:49] [105/459] MMEF
[04:50:49] [106/459] JCRJ
[04:50:50] [107/459] ADCM
[04:50:51] [108/459] BMYK
[04:50:52] [109/459] KICS
[04:50:53] [110/459] MBBT
[04:50:53] [111/459] MACK
[04:50:54] [112/459] CLDR
[04:50:55] [113/459] JYCR
[04:50:56] [114/459] DCRP
[04:50:57] [115/459] RAHT
[04:50:57] [116/459] CSSM
[04:50:59] [117/459] ATPK
[04:51:00] [118/459] KLRT
[04:51:01] [119/459] SRDD
[04:51:02] [120/459] CKMC
[04:51:02] [121/459] KRVM
[04:51:03] [122/459] AKCP
[04:51:04] [123/459] CNCV
[04:51:05] [124/459] PACT
[04:51:06] [125/459] NATP
[04:51:06] [126/459] PCPK
[04:51:07] [127/459] SMHO
[04:51:08] [128/459] CWTK
[04:51:09] [129/459] RVKZ
[04:51:10] [130/459] ASPD
[04:51:11] [131/459] VTKZ
[04:51:12] [132/459] LCSO
[04:51:13] [133/459] PRDY
[04:51:14] [134/459] RCAP
[04:51:15] [135/459] RGAR
[04:51:16] [136/459] RCAC
[04:51:16] [137/459] PMOD
[04:51:17] [138/459] PVCN
[04:51:18] [139/459] SCRZ
[04:51:19] [140/459] PVPC
[04:51:20] [141/459] STID
[04:51:21] [142/459] NEDD
[04:51:21] [143/459] BNBA
[04:51:22] [144/459] NTCD
[04:51:23] [145/459] OCDE
[04:51:24] [146/459] CCDU
[04:51:25] [147/459] CRXH
[04:51:27] [148/459] VLVT
[04:51:28] [149/459] CICI
[04:51:29] [150/459] SUCB
[04:51:30] [151/459] TCBP
[04:51:31] [152/459] SCCY
[04:51:31] [153/459] LXCY
[04:51:32] [154/459] NCMD
[04:51:33] [155/459] PHCS
[04:51:34] [156/459] DUXR
[04:51:35] [157/459] VNKS
[04:51:36] [158/459] SEDP
[04:51:36] [159/459] SVEN
[04:51:37] [160/459] SRKM
[04:51:38] [161/459] JTLT
[04:51:39] [162/459] SVSS
[04:51:40] [163/459] AMDE
[04:51:41] [164/459] WVRN
[04:51:42] [165/459] ISMG
[04:51:43] [166/459] WVKS
[04:51:43] [167/459] USCG
[04:51:45] [168/459] IOTG
[04:51:46] [169/459] RRJM
[04:51:47] [170/459] EDMP
[04:51:48] [171/459] SCGZ
[04:51:48] [172/459] GMGX
[04:51:50] [173/459] OMTP
[04:51:51] [174/459] MITD
[04:51:52] [175/459] SMMD
[04:51:53] [176/459] STML
[04:51:54] [177/459] MCFS
[04:51:55] [178/459] FPKA
[04:51:56] [179/459] OMLR
[04:51:57] [180/459] KKSC
[04:51:59] [181/459] RVMA
[04:51:59] [182/459] SCLL
[04:52:00] [183/459] SCDK
[04:52:01] [184/459] SXMI
[04:52:02] [185/459] SHDN
[04:52:02] [186/459] PAAD
[04:52:03] [187/459] UUCB
[04:52:04] [188/459] JHOL
[04:52:05] [189/459] SGWT
[04:52:06] [190/459] SRII
[04:52:07] [191/459] SGCK
[04:52:08] [192/459] SVVB
[04:52:09] [193/459] DMHA
[04:52:09] [194/459] PPNL
[04:52:10] [195/459] CPNL
[04:52:11] [196/459] WVLD
[04:52:12] [197/459] PSLV
[04:52:13] [198/459] VTTL
[04:52:14] [199/459] NPAD
[04:52:15] [200/459] PVCS
[04:52:15] [201/459] MCHL
[04:52:17] [202/459] PPLL
[04:52:18] [203/459] MALO
[04:52:18] [204/459] SWBH
[04:52:19] [205/459] PUGB
[04:52:21] [206/459] INBB
[04:52:21] [207/459] INNS
[04:52:22] [208/459] MCPT
[04:52:24] [209/459] SCMI
[04:52:25] [210/459] OCON
[04:52:25] [211/459] SCSM
[04:52:26] [212/459] RJVN
[04:52:27] [213/459] AMDK
[04:52:28] [214/459] ISMR
[04:52:29] [215/459] SMTD
[04:52:29] [216/459] VTDD
[04:52:30] [217/459] PDDZ
[04:52:31] [218/459] PCCK
[04:52:32] [219/459] INAM
[04:52:33] [220/459] FNKT
[04:52:34] [221/459] GDKA
[04:52:34] [222/459] MAYU
[04:52:35] [223/459] TCGU
[04:52:36] [224/459] KDCA
[04:52:37] [225/459] DOMY
[04:52:38] [226/459] PDDD
[04:52:39] [227/459] BJTS
[04:52:39] [228/459] VTCA
[04:52:40] [229/459] SBTM
[04:52:41] [230/459] SEET
[04:52:42] [231/459] SSTJ
[04:52:43] [232/459] SVNT
[04:52:44] [233/459] PPPR
[04:52:45] [234/459] PVYS
[04:52:46] [235/459] IOSE
[04:52:46] [236/459] ACTV
[04:52:47] [237/459] APVE
[04:52:48] [238/459] TCCL
[04:52:49] [239/459] SCMO
[04:52:50] [240/459] SAUM
[04:52:50] [241/459] KCJS
[04:52:51] [242/459] NJCJ
[04:52:52] [243/459] NECF
[04:52:53] [244/459] CCGW
[04:52:53] [245/459] CCMG
[04:52:54] [246/459] NYRG
[04:52:55] [247/459] NCSQ
[04:52:56] [248/459] GRCG
[04:52:57] [249/459] CCBT
[04:52:58] [250/459] ACGA
[04:52:59] [251/459] INAG
[04:52:59] [252/459] FUCG
[04:53:00] [253/459] AICF
[04:53:01] [254/459] GRGA
[04:53:02] [255/459] GDCN
[04:53:03] [256/459] RRCG
[04:53:04] [257/459] SDCH
[04:53:06] [258/459] WVJM
[04:53:06] [259/459] JCCZ
[04:53:07] [260/459] CNCL
[04:53:08] [261/459] TMLV
[04:53:09] [262/459] MEMB
[04:53:10] [263/459] SGTD
[04:53:12] [264/459] CONX
[04:53:12] [265/459] CCMH
[04:53:13] [266/459] ACMC
[04:53:14] [267/459] DTPD
[04:53:15] [268/459] POJA
[04:53:16] [269/459] FNBH
[04:53:17] [270/459] CGCB
[04:53:18] [271/459] RACN
[04:53:18] [272/459] JTSM
[04:53:19] [273/459] SCDN
[04:53:20] [274/459] AACK
[04:53:21] [275/459] RMCE
[04:53:22] [276/459] BSGB
[04:53:23] [277/459] MRCB
[04:53:25] [278/459] SRVR
[04:53:26] [279/459] VTKK
[04:53:26] [280/459] AMST
[04:53:27] [281/459] APCY
[04:53:28] [282/459] LMHO
[04:53:29] [283/459] MTZH
[04:53:30] [284/459] AMZB
[04:53:31] [285/459] SUVT
[04:53:31] [286/459] RCIP
[04:53:32] [287/459] KESR
[04:53:33] [288/459] SNKC
[04:53:34] [289/459] SCED
[04:53:35] [290/459] DVCA
[04:53:36] [291/459] VCDT
[04:53:37] [292/459] RRDI
[04:53:37] [293/459] DFCH
[04:53:38] [294/459] INSC
[04:53:39] [295/459] RGTR
[04:53:40] [296/459] FMOT
[04:53:41] [297/459] SCPM
[04:53:41] [298/459] GCDT
[04:53:42] [299/459] BRKT
[04:53:43] [300/459] DEMP
[04:53:44] [301/459] SRLC
[04:53:45] [302/459] KSTT
[04:53:47] [303/459] SMMT
[04:53:48] [304/459] SILM
[04:53:49] [305/459] JCVM
[04:53:49] [306/459] KCSV
[04:53:50] [307/459] MHLK
[04:53:52] [308/459] SLVL
[04:53:53] [309/459] RJKP
[04:53:53] [310/459] BBPC
[04:53:54] [311/459] MXCB
[04:53:55] [312/459] TCPK
[04:53:56] [313/459] RTBR
[04:53:57] [314/459] GAUT
[04:53:58] [315/459] DVCF
[04:53:59] [316/459] JTSB
[04:53:59] [317/459] SBLS
[04:54:00] [318/459] UDAY
[04:54:01] [319/459] PTNP
[04:54:02] [320/459] DMKT
[04:54:04] [321/459] NTDT
[04:54:04] [322/459] SHDJ
[04:54:05] [323/459] OTNC
[04:54:06] [324/459] RNTW
[04:54:07] [325/459] GCMI
[04:54:09] [326/459] CRCM
[04:54:09] [327/459] NNCZ
[04:54:10] [328/459] OEMO
[04:54:11] [329/459] PVJM
[04:54:12] [330/459] CPJI
[04:54:14] [331/459] RMCJ
[04:54:14] [332/459] CNWJ
[04:54:15] [333/459] EPJM
[04:54:17] [334/459] FNJJ
[04:54:17] [335/459] GCMJ
[04:54:18] [336/459] INPS
[04:54:19] [337/459] BICJ
[04:54:20] [338/459] ISTJ
[04:54:21] [339/459] INJC
[04:54:21] [340/459] GLXJ
[04:54:22] [341/459] INEM
[04:54:23] [342/459] JTMN
[04:54:24] [343/459] FRCJ
[04:54:25] [344/459] DDJP
[04:54:26] [345/459] INJV
[04:54:26] [346/459] GOLC
[04:54:27] [347/459] KOCI
[04:54:29] [348/459] FSTD
[04:54:30] [349/459] PACJ
[04:54:31] [350/459] GMCN
[04:54:32] [351/459] MMDJ
[04:54:32] [352/459] GODH
[04:54:33] [353/459] SKYN
[04:54:34] [354/459] NCTH
[04:54:34] [355/459] SKVZ
[04:54:35] [356/459] SVML
[04:54:36] [357/459] ACVZ
[04:54:37] [358/459] SURA
[04:54:38] [359/459] RTRB
[04:54:38] [360/459] LLCT
[04:54:39] [361/459] ATTS
[04:54:40] [362/459] JYCM
[04:54:41] [363/459] CTKR
[04:54:41] [364/459] LCKR
[04:54:42] [365/459] NYCV
[04:54:43] [366/459] NYOH
[04:54:44] [367/459] NOVX
[04:54:45] [368/459] MRGK
[04:54:46] [369/459] MOON
[04:54:47] [370/459] SBUC
[04:54:48] [371/459] GSVA
[04:54:49] [372/459] VIAK
[04:54:50] [373/459] SMVZ
[04:54:51] [374/459] MATE
[04:54:52] [375/459] RDCN
[04:54:53] [376/459] ASBL
[04:54:53] [377/459] ASVS
[04:54:54] [378/459] ASSR
[04:54:55] [379/459] SSKN
[04:54:56] [380/459] DRPV
[04:54:57] [381/459] MRHT
[04:54:58] [382/459] BSCN
[04:54:59] [383/459] RKNX
[04:54:59] [384/459] MSMC
[04:55:00] [385/459] MSCJ
[04:55:01] [386/459] BTBJ
[04:55:03] [387/459] MJCC
[04:55:04] [388/459] IOMM
[04:55:05] [389/459] ADGR
[04:55:05] [390/459] MYCP
[04:55:06] [391/459] IGCM
[04:55:07] [392/459] PGRK
[04:55:08] [393/459] VPGO
[04:55:09] [394/459] KOMS
[04:55:09] [395/459] URGG
[04:55:10] [396/459] GOST
[04:55:11] [397/459] LACT
[04:55:12] [398/459] BWCM
[04:55:12] [399/459] NCCW
[04:55:13] [400/459] SKYC
[04:55:15] [401/459] CCPM
[04:55:16] [402/459] VCBT
[04:55:18] [403/459] SDKR
[04:55:19] [404/459] CTYB
[04:55:20] [405/459] SHCX
[04:55:20] [406/459] RCUN
[04:55:21] [407/459] CNRA
[04:55:22] [408/459] RFCA
[04:55:23] [409/459] RDCU
[04:55:24] [410/459] SARK
[04:55:25] [411/459] SPPP
[04:55:26] [412/459] ADMB
[04:55:27] [413/459] JYOE
[04:55:29] [414/459] SRMD
[04:55:30] [415/459] RJDH
[04:55:30] [416/459] SSTD
[04:55:31] [417/459] AACV
[04:55:32] [418/459] PPVD
[04:55:33] [419/459] STCP
[04:55:34] [420/459] ANJR
[04:55:36] [421/459] ANLS
[04:55:36] [422/459] BIJO
[04:55:37] [423/459] AVAB
[04:55:38] [424/459] SPMD
[04:55:39] [425/459] SVJL
[04:55:39] [426/459] SDDJ
[04:55:40] [427/459] SLTU
[04:55:41] [428/459] SAKA
[04:55:42] [429/459] PMAM
[04:55:43] [430/459] FNAM
[04:55:44] [431/459] ACAM
[04:55:44] [432/459] SCMM
[04:55:45] [433/459] PMAK
[04:55:46] [434/459] NYSA
[04:55:47] [435/459] FCPA
[04:55:48] [436/459] GDAN
[04:55:50] [437/459] RSCA
[04:55:50] [438/459] DMAN
[04:55:51] [439/459] DZCM
[04:55:52] [440/459] NSGL
[04:55:53] [441/459] CCPP
[04:55:54] [442/459] PSMG
[04:55:55] [443/459] GSER
[04:55:56] [444/459] FCCT
[04:55:56] [445/459] FCTB
[04:55:57] [446/459] LCNK
[04:55:58] [447/459] SKTY
[04:55:59] [448/459] INAA
[04:55:59] [449/459] RCWN
[04:56:00] [450/459] VAIS
[04:56:01] [451/459] CVMN
[04:56:02] [452/459] INTS
[04:56:02] [453/459] FRGS
[04:56:03] [454/459] DTCK
[04:56:04] [455/459] MCMH
[04:56:05] [456/459] ECRR
[04:56:06] [457/459] RLLP
[04:56:07] [458/459] CCSN
[04:56:07] [459/459] CCBA
[04:56:08] 🧹 Deduping shows
[04:56:08] ✅ DONE | Shows=109 | Movies=14
[12:02:51] 🚀 SCRIPT STARTED
[12:02:51] [1/459] MBDC
[12:02:51] 🧠 New identity created
[12:02:53] [2/459] CHKM
[12:02:55] [3/459] JTKZ
[12:02:56] [4/459] CMCT
[12:02:57] [5/459] ASHO
[12:02:58] [6/459] ECDG
[12:02:59] [7/459] SPAT
[12:03:01] [8/459] HILC
[12:03:02] [9/459] SPPH
[12:03:04] [10/459] SBHN
[12:03:06] [11/459] RRCA
[12:03:06] [12/459] APAA
[12:03:08] [13/459] RAME
[12:03:09] [14/459] TMMS
[12:03:10] [15/459] BATK
[12:03:10] [16/459] LKOP
[12:03:11] [17/459] AMTT
[12:03:12] [18/459] PTGK
[12:03:13] [19/459] ANRS
[12:03:14] [20/459] VWBW
[12:03:15] [21/459] SVFG
[12:03:17] [22/459] STAT
[12:03:18] [23/459] GDCV
[12:03:20] [24/459] VEBI
[12:03:21] [25/459] VDSS
[12:03:22] [26/459] NTHV
[12:03:23] [27/459] AOCH
[12:03:25] [28/459] KASR
[12:03:27] [29/459] AYCS
[12:03:29] [30/459] SHAI
[12:03:30] [31/459] SKPE
[12:03:32] [32/459] SBTA
[12:03:34] [33/459] RTTD
[12:03:35] [34/459] CCJD
[12:03:36] [35/459] RSJJ
[12:03:37] [36/459] RKND
[12:03:39] [37/459] SVTX
[12:03:41] [38/459] BAKM
[12:03:42] [39/459] SVDC
[12:03:43] [40/459] MNCV
[12:03:44] [41/459] SJGC
[12:03:45] [42/459] MTPK
[12:03:46] [43/459] GATP
[12:03:48] [44/459] ABTS
[12:03:49] [45/459] ABDE
[12:03:50] [46/459] RCNM
[12:03:51] [47/459] KTHV
[12:03:53] [48/459] MDGJ
[12:03:54] [49/459] SMLM
[12:03:56] [50/459] JTMA
[12:03:57] [51/459] ACKP
[12:03:58] [52/459] SRTA
[12:03:59] [53/459] STAY
[12:04:01] [54/459] MAVO
[12:04:02] [55/459] APTS
[12:04:03] [56/459] OMEA
[12:04:04] [57/459] TTFD
[12:04:06] [58/459] MJCU
[12:04:07] [59/459] CXTE
[12:04:08] [60/459] CTPX
[12:04:09] [61/459] ASSL
[12:04:11] [62/459] CMVB
[12:04:12] [63/459] VPUR
[12:04:14] [64/459] JJDA
[12:04:14] [65/459] INBL
[12:04:15] [66/459] BIKB
[12:04:16] [67/459] NTBB
[12:04:17] [68/459] GLOB
[12:04:18] [69/459] SNTB
[12:04:19] [70/459] CHGV
[12:04:20] [71/459] SSBZ
[12:04:21] [72/459] PRDB
[12:04:23] [73/459] ISMT
[12:04:24] [74/459] MCSD
[12:04:26] [75/459] JBTT
[12:04:28] [76/459] GEKR
[12:04:29] [77/459] PVUN
[12:04:30] [78/459] NRTB
[12:04:31] [79/459] PRAA
[12:04:33] [80/459] PCBL
[12:04:34] [81/459] PTCM
[12:04:36] [82/459] KHNN
[12:04:37] [83/459] OMJE
[12:04:39] [84/459] STGN
[12:04:39] [85/459] RPMS
[12:04:41] [86/459] NWAD
[12:04:42] [87/459] BLCK
[12:04:43] [88/459] SVAA
[12:04:44] [89/459] URVM
[12:04:45] [90/459] ANTM
[12:04:46] [91/459] VJYM
[12:04:48] [92/459] MAZZ
[12:04:50] [93/459] CSHM
[12:04:51] [94/459] WGMH
[12:04:52] [95/459] SALN
[12:04:52] [96/459] BRTP
[12:04:54] [97/459] SVTA
[12:04:55] [98/459] SBTP
[12:04:56] [99/459] VLSS
[12:04:58] [100/459] SRJA
[12:05:00] [101/459] ANCG
[12:05:01] [102/459] CGGC
[12:05:02] [103/459] CRJA
[12:05:03] [104/459] USCR
[12:05:04] [105/459] MMEF
[12:05:05] [106/459] JCRJ
[12:05:06] [107/459] ADCM
[12:05:07] [108/459] BMYK
[12:05:08] [109/459] KICS
[12:05:10] [110/459] MBBT
[12:05:11] [111/459] MACK
[12:05:12] [112/459] CLDR
[12:05:13] [113/459] JYCR
[12:05:14] [114/459] DCRP
[12:05:15] [115/459] RAHT
[12:05:17] [116/459] CSSM
[12:05:18] [117/459] ATPK
[12:05:20] [118/459] KLRT
[12:05:21] [119/459] SRDD
[12:05:22] [120/459] CKMC
[12:05:24] [121/459] KRVM
[12:05:25] [122/459] AKCP
[12:05:26] [123/459] CNCV
[12:05:28] [124/459] PACT
[12:05:30] [125/459] NATP
[12:05:30] [126/459] PCPK
[12:05:31] [127/459] SMHO
[12:05:33] [128/459] CWTK
[12:05:34] [129/459] RVKZ
[12:05:36] [130/459] ASPD
[12:05:36] [131/459] VTKZ
[12:05:37] [132/459] LCSO
[12:05:39] [133/459] PRDY
[12:05:41] [134/459] RCAP
[12:05:42] [135/459] RGAR
[12:05:43] [136/459] RCAC
[12:05:45] [137/459] PMOD
[12:05:46] [138/459] PVCN
[12:05:47] [139/459] SCRZ
[12:05:48] [140/459] PVPC
[12:05:49] [141/459] STID
[12:05:51] [142/459] NEDD
[12:05:52] [143/459] BNBA
[12:05:53] [144/459] NTCD
[12:05:54] [145/459] OCDE
[12:05:56] [146/459] CCDU
[12:05:57] [147/459] CRXH
[12:05:59] [148/459] VLVT
[12:06:01] [149/459] CICI
[12:06:02] [150/459] SUCB
[12:06:04] [151/459] TCBP
[12:06:05] [152/459] SCCY
[12:06:07] [153/459] LXCY
[12:06:08] [154/459] NCMD
[12:06:09] [155/459] PHCS
[12:06:10] [156/459] DUXR
[12:06:10] [157/459] VNKS
[12:06:12] [158/459] SEDP
[12:06:14] [159/459] SVEN
[12:06:15] [160/459] SRKM
[12:06:17] [161/459] JTLT
[12:06:18] [162/459] SVSS
[12:06:20] [163/459] AMDE
[12:06:21] [164/459] WVRN
[12:06:23] [165/459] ISMG
[12:06:24] [166/459] WVKS
[12:06:25] [167/459] USCG
[12:06:27] [168/459] IOTG
[12:06:28] [169/459] RRJM
[12:06:30] [170/459] EDMP
[12:06:31] [171/459] SCGZ
[12:06:32] [172/459] GMGX
[12:06:34] [173/459] OMTP
[12:06:35] [174/459] MITD
[12:06:36] [175/459] SMMD
[12:06:38] [176/459] STML
[12:06:40] [177/459] MCFS
[12:06:41] [178/459] FPKA
[12:06:43] [179/459] OMLR
[12:06:45] [180/459] KKSC
[12:06:46] [181/459] RVMA
[12:06:48] [182/459] SCLL
[12:06:50] [183/459] SCDK
[12:06:51] [184/459] SXMI
[12:06:53] [185/459] SHDN
[12:06:53] [186/459] PAAD
[12:06:54] [187/459] UUCB
[12:06:55] [188/459] JHOL
[12:06:57] [189/459] SGWT
[12:06:58] [190/459] SRII
[12:06:59] [191/459] SGCK
[12:07:00] [192/459] SVVB
[12:07:02] [193/459] DMHA
[12:07:03] [194/459] PPNL
[12:07:05] [195/459] CPNL
[12:07:07] [196/459] WVLD
[12:07:07] [197/459] PSLV
[12:07:08] [198/459] VTTL
[12:07:09] [199/459] NPAD
[12:07:11] [200/459] PVCS
[12:07:12] [201/459] MCHL
[12:07:13] [202/459] PPLL
[12:07:15] [203/459] MALO
[12:07:16] [204/459] SWBH
[12:07:18] [205/459] PUGB
[12:07:18] [206/459] INBB
[12:07:19] [207/459] INNS
[12:07:21] [208/459] MCPT
[12:07:22] [209/459] SCMI
[12:07:24] [210/459] OCON
[12:07:26] [211/459] SCSM
[12:07:27] [212/459] RJVN
[12:07:28] [213/459] AMDK
[12:07:29] [214/459] ISMR
[12:07:30] [215/459] SMTD
[12:07:31] [216/459] VTDD
[12:07:32] [217/459] PDDZ
[12:07:33] [218/459] PCCK
[12:07:34] [219/459] INAM
[12:07:36] [220/459] FNKT
[12:07:37] [221/459] GDKA
[12:07:38] [222/459] MAYU
[12:07:39] [223/459] TCGU
[12:07:41] [224/459] KDCA
[12:07:43] [225/459] DOMY
[12:07:45] [226/459] PDDD
[12:07:46] [227/459] BJTS
[12:07:47] [228/459] VTCA
[12:07:48] [229/459] SBTM
[12:07:49] [230/459] SEET
[12:07:50] [231/459] SSTJ
[12:07:51] [232/459] SVNT
[12:07:52] [233/459] PPPR
[12:07:53] [234/459] PVYS
[12:07:54] [235/459] IOSE
[12:07:56] [236/459] ACTV
[12:07:58] [237/459] APVE
[12:07:59] [238/459] TCCL
[12:08:00] [239/459] SCMO
[12:08:01] [240/459] SAUM
[12:08:02] [241/459] KCJS
[12:08:04] [242/459] NJCJ
[12:08:05] [243/459] NECF
[12:08:05] [244/459] CCGW
[12:08:07] [245/459] CCMG
[12:08:09] [246/459] NYRG
[12:08:11] [247/459] NCSQ
[12:08:12] [248/459] GRCG
[12:08:13] [249/459] CCBT
[12:08:15] [250/459] ACGA
[12:08:17] [251/459] INAG
[12:08:17] [252/459] FUCG
[12:08:19] [253/459] AICF
[12:08:21] [254/459] GRGA
[12:08:23] [255/459] GDCN
[12:08:24] [256/459] RRCG
[12:08:26] [257/459] SDCH
[12:08:27] [258/459] WVJM
[12:08:29] [259/459] JCCZ
[12:08:30] [260/459] CNCL
[12:08:31] [261/459] TMLV
[12:08:32] [262/459] MEMB
[12:08:34] [263/459] SGTD
[12:08:36] [264/459] CONX
[12:08:37] [265/459] CCMH
[12:08:39] [266/459] ACMC
[12:08:40] [267/459] DTPD
[12:08:41] [268/459] POJA
[12:08:43] [269/459] FNBH
[12:08:44] [270/459] CGCB
[12:08:44] [271/459] RACN
[12:08:45] [272/459] JTSM
[12:08:47] [273/459] SCDN
[12:08:48] [274/459] AACK
[12:08:49] [275/459] RMCE
[12:08:51] [276/459] BSGB
[12:08:51] [277/459] MRCB
[12:08:52] [278/459] SRVR
[12:08:54] [279/459] VTKK
[12:08:56] [280/459] AMST
[12:08:56] [281/459] APCY
[12:08:58] [282/459] LMHO
[12:08:59] [283/459] MTZH
[12:09:01] [284/459] AMZB
[12:09:02] [285/459] SUVT
[12:09:03] [286/459] RCIP
[12:09:04] [287/459] KESR
[12:09:05] [288/459] SNKC
[12:09:07] [289/459] SCED
[12:09:08] [290/459] DVCA
[12:09:08] [291/459] VCDT
[12:09:10] [292/459] RRDI
[12:09:11] [293/459] DFCH
[12:09:13] [294/459] INSC
[12:09:14] [295/459] RGTR
[12:09:16] [296/459] FMOT
[12:09:17] [297/459] SCPM
[12:09:19] [298/459] GCDT
[12:09:20] [299/459] BRKT
[12:09:22] [300/459] DEMP
[12:09:23] [301/459] SRLC
[12:09:24] [302/459] KSTT
[12:09:25] [303/459] SMMT
[12:09:27] [304/459] SILM
[12:09:28] [305/459] JCVM
[12:09:29] [306/459] KCSV
[12:09:30] [307/459] MHLK
[12:09:30] [308/459] SLVL
[12:09:32] [309/459] RJKP
[12:09:33] [310/459] BBPC
[12:09:34] [311/459] MXCB
[12:09:35] [312/459] TCPK
[12:09:36] [313/459] RTBR
[12:09:37] [314/459] GAUT
[12:09:39] [315/459] DVCF
[12:09:40] [316/459] JTSB
[12:09:41] [317/459] SBLS
[12:09:42] [318/459] UDAY
[12:09:42] [319/459] PTNP
[12:09:43] [320/459] DMKT
[12:09:44] [321/459] NTDT
[12:09:46] [322/459] SHDJ
[12:09:48] [323/459] OTNC
[12:09:48] [324/459] RNTW
[12:09:50] [325/459] GCMI
[12:09:52] [326/459] CRCM
[12:09:54] [327/459] NNCZ
[12:09:55] [328/459] OEMO
[12:09:56] [329/459] PVJM
[12:09:57] [330/459] CPJI
[12:09:58] [331/459] RMCJ
[12:09:59] [332/459] CNWJ
[12:10:00] [333/459] EPJM
[12:10:01] [334/459] FNJJ
[12:10:03] [335/459] GCMJ
[12:10:04] [336/459] INPS
[12:10:05] [337/459] BICJ
[12:10:07] [338/459] ISTJ
[12:10:09] [339/459] INJC
[12:10:10] [340/459] GLXJ
[12:10:12] [341/459] INEM
[12:10:12] [342/459] JTMN
[12:10:14] [343/459] FRCJ
[12:10:16] [344/459] DDJP
[12:10:18] [345/459] INJV
[12:10:18] [346/459] GOLC
[12:10:19] [347/459] KOCI
[12:10:20] [348/459] FSTD
[12:10:22] [349/459] PACJ
[12:10:22] [350/459] GMCN
[12:10:24] [351/459] MMDJ
[12:10:26] [352/459] GODH
[12:10:27] [353/459] SKYN
[12:10:28] [354/459] NCTH
[12:10:28] [355/459] SKVZ
[12:10:29] [356/459] SVML
[12:10:30] [357/459] ACVZ
[12:10:31] [358/459] SURA
[12:10:33] [359/459] RTRB
[12:10:33] [360/459] LLCT
[12:10:34] [361/459] ATTS
[12:10:35] [362/459] JYCM
[12:10:37] [363/459] CTKR
[12:10:38] [364/459] LCKR
[12:10:39] [365/459] NYCV
[12:10:40] [366/459] NYOH
[12:10:41] [367/459] NOVX
[12:10:42] [368/459] MRGK
[12:10:43] [369/459] MOON
[12:10:44] [370/459] SBUC
[12:10:46] [371/459] GSVA
[12:10:47] [372/459] VIAK
[12:10:48] [373/459] SMVZ
[12:10:49] [374/459] MATE
[12:10:51] [375/459] RDCN
[12:10:52] [376/459] ASBL
[12:10:53] [377/459] ASVS
[12:10:54] [378/459] ASSR
[12:10:56] [379/459] SSKN
[12:10:57] [380/459] DRPV
[12:10:57] [381/459] MRHT
[12:10:58] [382/459] BSCN
[12:11:00] [383/459] RKNX
[12:11:02] [384/459] MSMC
[12:11:03] [385/459] MSCJ
[12:11:05] [386/459] BTBJ
[12:11:06] [387/459] MJCC
[12:11:07] [388/459] IOMM
[12:11:09] [389/459] ADGR
[12:11:10] [390/459] MYCP
[12:11:11] [391/459] IGCM
[12:11:12] [392/459] PGRK
[12:11:13] [393/459] VPGO
[12:11:15] [394/459] KOMS
[12:11:16] [395/459] URGG
[12:11:18] [396/459] GOST
[12:11:19] [397/459] LACT
[12:11:20] [398/459] BWCM
[12:11:21] [399/459] NCCW
[12:11:22] [400/459] SKYC
[12:11:23] [401/459] CCPM
[12:11:24] [402/459] VCBT
[12:11:26] [403/459] SDKR
[12:11:27] [404/459] CTYB
[12:11:29] [405/459] SHCX
[12:11:29] [406/459] RCUN
[12:11:31] [407/459] CNRA
[12:11:33] [408/459] RFCA
[12:11:35] [409/459] RDCU
[12:11:36] [410/459] SARK
[12:11:37] [411/459] SPPP
[12:11:38] [412/459] ADMB
[12:11:39] [413/459] JYOE
[12:11:41] [414/459] SRMD
[12:11:42] [415/459] RJDH
[12:11:42] [416/459] SSTD
[12:11:44] [417/459] AACV
[12:11:45] [418/459] PPVD
[12:11:47] [419/459] STCP
[12:11:47] [420/459] ANJR
[12:11:48] [421/459] ANLS
[12:11:50] [422/459] BIJO
[12:11:52] [423/459] AVAB
[12:11:53] [424/459] SPMD
[12:11:54] [425/459] SVJL
[12:11:55] [426/459] SDDJ
[12:11:57] [427/459] SLTU
[12:11:58] [428/459] SAKA
[12:12:00] [429/459] PMAM
[12:12:02] [430/459] FNAM
[12:12:03] [431/459] ACAM
[12:12:04] [432/459] SCMM
[12:12:05] [433/459] PMAK
[12:12:06] [434/459] NYSA
[12:12:07] [435/459] FCPA
[12:12:08] [436/459] GDAN
[12:12:09] [437/459] RSCA
[12:12:09] [438/459] DMAN
[12:12:10] [439/459] DZCM
[12:12:11] [440/459] NSGL
[12:12:12] [441/459] CCPP
[12:12:13] [442/459] PSMG
[12:12:15] [443/459] GSER
[12:12:17] [444/459] FCCT
[12:12:18] [445/459] FCTB
[12:12:19] [446/459] LCNK
[12:12:20] [447/459] SKTY
[12:12:22] [448/459] INAA
[12:12:23] [449/459] RCWN
[12:12:23] [450/459] VAIS
[12:12:24] [451/459] CVMN
[12:12:25] [452/459] INTS
[12:12:26] [453/459] FRGS
[12:12:27] [454/459] DTCK
[12:12:29] [455/459] MCMH
[12:12:30] [456/459] ECRR
[12:12:32] [457/459] RLLP
[12:12:33] [458/459] CCSN
[12:12:35] [459/459] CCBA
[12:12:36] 🧹 Deduping shows
[12:12:36] ✅ DONE | Shows=139 | Movies=16
[19:05:32] 🚀 SCRIPT STARTED
[19:05:32] [1/459] MBDC
[19:05:32] 🧠 New identity created
[19:05:33] [2/459] CHKM
[19:05:34] [3/459] JTKZ
[19:05:35] [4/459] CMCT
[19:05:36] [5/459] ASHO
[19:05:37] [6/459] ECDG
[19:05:38] [7/459] SPAT
[19:05:39] [8/459] HILC
[19:05:40] [9/459] SPPH
[19:05:41] [10/459] SBHN
[19:05:42] [11/459] RRCA
[19:05:42] [12/459] APAA
[19:05:44] [13/459] RAME
[19:05:45] [14/459] TMMS
[19:05:46] [15/459] BATK
[19:05:47] [16/459] LKOP
[19:05:48] [17/459] AMTT
[19:05:48] [18/459] PTGK
[19:05:49] [19/459] ANRS
[19:05:50] [20/459] VWBW
[19:05:51] [21/459] SVFG
[19:05:52] [22/459] STAT
[19:05:53] [23/459] GDCV
[19:05:54] [24/459] VEBI
[19:05:54] [25/459] VDSS
[19:05:55] [26/459] NTHV
[19:05:56] [27/459] AOCH
[19:05:57] [28/459] KASR
[19:05:59] [29/459] AYCS
[19:06:00] [30/459] SHAI
[19:06:01] [31/459] SKPE
[19:06:02] [32/459] SBTA
[19:06:03] [33/459] RTTD
[19:06:04] [34/459] CCJD
[19:06:05] [35/459] RSJJ
[19:06:06] [36/459] RKND
[19:06:07] [37/459] SVTX
[19:06:07] [38/459] BAKM
[19:06:08] [39/459] SVDC
[19:06:09] [40/459] MNCV
[19:06:10] [41/459] SJGC
[19:06:11] [42/459] MTPK
[19:06:12] [43/459] GATP
[19:06:13] [44/459] ABTS
[19:06:13] [45/459] ABDE
[19:06:14] [46/459] RCNM
[19:06:15] [47/459] KTHV
[19:06:16] [48/459] MDGJ
[19:06:17] [49/459] SMLM
[19:06:17] [50/459] JTMA
[19:06:18] [51/459] ACKP
[19:06:19] [52/459] SRTA
[19:06:20] [53/459] STAY
[19:06:21] [54/459] MAVO
[19:06:22] [55/459] APTS
[19:06:22] [56/459] OMEA
[19:06:23] [57/459] TTFD
[19:06:24] [58/459] MJCU
[19:06:25] [59/459] CXTE
[19:06:26] [60/459] CTPX
[19:06:27] [61/459] ASSL
[19:06:27] [62/459] CMVB
[19:06:28] [63/459] VPUR
[19:06:29] [64/459] JJDA
[19:06:30] [65/459] INBL
[19:06:31] [66/459] BIKB
[19:06:31] [67/459] NTBB
[19:06:32] [68/459] GLOB
[19:06:33] [69/459] SNTB
[19:06:34] [70/459] CHGV
[19:06:35] [71/459] SSBZ
[19:06:35] [72/459] PRDB
[19:06:36] [73/459] ISMT
[19:06:37] [74/459] MCSD
[19:06:38] [75/459] JBTT
[19:06:39] [76/459] GEKR
[19:06:40] [77/459] PVUN
[19:06:41] [78/459] NRTB
[19:06:42] [79/459] PRAA
[19:06:43] [80/459] PCBL
[19:06:44] [81/459] PTCM
[19:06:45] [82/459] KHNN
[19:06:45] [83/459] OMJE
[19:06:46] [84/459] STGN
[19:06:47] [85/459] RPMS
[19:06:48] [86/459] NWAD
[19:06:48] [87/459] BLCK
[19:06:49] [88/459] SVAA
[19:06:50] [89/459] URVM
[19:06:51] [90/459] ANTM
[19:06:52] [91/459] VJYM
[19:06:53] [92/459] MAZZ
[19:06:54] [93/459] CSHM
[19:06:55] [94/459] WGMH
[19:06:56] [95/459] SALN
[19:06:57] [96/459] BRTP
[19:06:58] [97/459] SVTA
[19:06:59] [98/459] SBTP
[19:07:00] [99/459] VLSS
[19:07:01] [100/459] SRJA
[19:07:02] [101/459] ANCG
[19:07:03] [102/459] CGGC
[19:07:04] [103/459] CRJA
[19:07:04] [104/459] USCR
[19:07:05] [105/459] MMEF
[19:07:06] [106/459] JCRJ
[19:07:07] [107/459] ADCM
[19:07:08] [108/459] BMYK
[19:07:09] [109/459] KICS
[19:07:10] [110/459] MBBT
[19:07:11] [111/459] MACK
[19:07:11] [112/459] CLDR
[19:07:12] [113/459] JYCR
[19:07:13] [114/459] DCRP
[19:07:14] [115/459] RAHT
[19:07:15] [116/459] CSSM
[19:07:16] [117/459] ATPK
[19:07:17] [118/459] KLRT
[19:07:19] [119/459] SRDD
[19:07:20] [120/459] CKMC
[19:07:21] [121/459] KRVM
[19:07:21] [122/459] AKCP
[19:07:22] [123/459] CNCV
[19:07:23] [124/459] PACT
[19:07:24] [125/459] NATP
[19:07:25] [126/459] PCPK
[19:07:26] [127/459] SMHO
[19:07:27] [128/459] CWTK
[19:07:28] [129/459] RVKZ
[19:07:28] [130/459] ASPD
[19:07:29] [131/459] VTKZ
[19:07:30] [132/459] LCSO
[19:07:31] [133/459] PRDY
[19:07:32] [134/459] RCAP
[19:07:34] [135/459] RGAR
[19:07:34] [136/459] RCAC
[19:07:35] [137/459] PMOD
[19:07:36] [138/459] PVCN
[19:07:38] [139/459] SCRZ
[19:07:38] [140/459] PVPC
[19:07:39] [141/459] STID
[19:07:40] [142/459] NEDD
[19:07:41] [143/459] BNBA
[19:07:42] [144/459] NTCD
[19:07:43] [145/459] OCDE
[19:07:44] [146/459] CCDU
[19:07:45] [147/459] CRXH
[19:07:46] [148/459] VLVT
[19:07:47] [149/459] CICI
[19:07:47] [150/459] SUCB
[19:07:48] [151/459] TCBP
[19:07:49] [152/459] SCCY
[19:07:50] [153/459] LXCY
[19:07:52] [154/459] NCMD
[19:07:52] [155/459] PHCS
[19:07:53] [156/459] DUXR
[19:07:54] [157/459] VNKS
[19:07:55] [158/459] SEDP
[19:07:55] [159/459] SVEN
[19:07:56] [160/459] SRKM
[19:07:57] [161/459] JTLT
[19:07:58] [162/459] SVSS
[19:07:59] [163/459] AMDE
[19:08:01] [164/459] WVRN
[19:08:01] [165/459] ISMG
[19:08:02] [166/459] WVKS
[19:08:03] [167/459] USCG
[19:08:04] [168/459] IOTG
[19:08:05] [169/459] RRJM
[19:08:05] [170/459] EDMP
[19:08:06] [171/459] SCGZ
[19:08:07] [172/459] GMGX
[19:08:08] [173/459] OMTP
[19:08:09] [174/459] MITD
[19:08:10] [175/459] SMMD
[19:08:11] [176/459] STML
[19:08:11] [177/459] MCFS
[19:08:12] [178/459] FPKA
[19:08:14] [179/459] OMLR
[19:08:16] [180/459] KKSC
[19:08:16] [181/459] RVMA
[19:08:17] [182/459] SCLL
[19:08:18] [183/459] SCDK
[19:08:19] [184/459] SXMI
[19:08:20] [185/459] SHDN
[19:08:21] [186/459] PAAD
[19:08:21] [187/459] UUCB
[19:08:22] [188/459] JHOL
[19:08:23] [189/459] SGWT
[19:08:23] [190/459] SRII
[19:08:24] [191/459] SGCK
[19:08:26] [192/459] SVVB
[19:08:26] [193/459] DMHA
[19:08:27] [194/459] PPNL
[19:08:28] [195/459] CPNL
[19:08:29] [196/459] WVLD
[19:08:30] [197/459] PSLV
[19:08:31] [198/459] VTTL
[19:08:32] [199/459] NPAD
[19:08:33] [200/459] PVCS
[19:08:34] [201/459] MCHL
[19:08:36] [202/459] PPLL
[19:08:37] [203/459] MALO
[19:08:37] [204/459] SWBH
[19:08:38] [205/459] PUGB
[19:08:39] [206/459] INBB
[19:08:41] [207/459] INNS
[19:08:42] [208/459] MCPT
[19:08:43] [209/459] SCMI
[19:08:44] [210/459] OCON
[19:08:44] [211/459] SCSM
[19:08:45] [212/459] RJVN
[19:08:46] [213/459] AMDK
[19:08:47] [214/459] ISMR
[19:08:48] [215/459] SMTD
[19:08:48] [216/459] VTDD
[19:08:49] [217/459] PDDZ
[19:08:50] [218/459] PCCK
[19:08:52] [219/459] INAM
[19:08:53] [220/459] FNKT
[19:08:54] [221/459] GDKA
[19:08:55] [222/459] MAYU
[19:08:56] [223/459] TCGU
[19:08:57] [224/459] KDCA
[19:08:58] [225/459] DOMY
[19:08:59] [226/459] PDDD
[19:09:00] [227/459] BJTS
[19:09:00] [228/459] VTCA
[19:09:01] [229/459] SBTM
[19:09:02] [230/459] SEET
[19:09:03] [231/459] SSTJ
[19:09:04] [232/459] SVNT
[19:09:04] [233/459] PPPR
[19:09:05] [234/459] PVYS
[19:09:06] [235/459] IOSE
[19:09:08] [236/459] ACTV
[19:09:09] [237/459] APVE
[19:09:11] [238/459] TCCL
[19:09:11] [239/459] SCMO
[19:09:13] [240/459] SAUM
[19:09:14] [241/459] KCJS
[19:09:15] [242/459] NJCJ
[19:09:16] [243/459] NECF
[19:09:16] [244/459] CCGW
[19:09:17] [245/459] CCMG
[19:09:18] [246/459] NYRG
[19:09:19] [247/459] NCSQ
[19:09:20] [248/459] GRCG
[19:09:20] [249/459] CCBT
[19:09:22] [250/459] ACGA
[19:09:23] [251/459] INAG
[19:09:24] [252/459] FUCG
[19:09:25] [253/459] AICF
[19:09:25] [254/459] GRGA
[19:09:27] [255/459] GDCN
[19:09:29] [256/459] RRCG
[19:09:30] [257/459] SDCH
[19:09:31] [258/459] WVJM
[19:09:32] [259/459] JCCZ
[19:09:33] [260/459] CNCL
[19:09:34] [261/459] TMLV
[19:09:35] [262/459] MEMB
[19:09:35] [263/459] SGTD
[19:09:37] [264/459] CONX
[19:09:38] [265/459] CCMH
[19:09:39] [266/459] ACMC
[19:09:40] [267/459] DTPD
[19:09:41] [268/459] POJA
[19:09:42] [269/459] FNBH
[19:09:43] [270/459] CGCB
[19:09:44] [271/459] RACN
[19:09:44] [272/459] JTSM
[19:09:45] [273/459] SCDN
[19:09:46] [274/459] AACK
[19:09:47] [275/459] RMCE
[19:09:48] [276/459] BSGB
[19:09:49] [277/459] MRCB
[19:09:50] [278/459] SRVR
[19:09:51] [279/459] VTKK
[19:09:52] [280/459] AMST
[19:09:52] [281/459] APCY
[19:09:53] [282/459] LMHO
[19:09:54] [283/459] MTZH
[19:09:55] [284/459] AMZB
[19:09:56] [285/459] SUVT
[19:09:56] [286/459] RCIP
[19:09:57] [287/459] KESR
[19:09:58] [288/459] SNKC
[19:09:59] [289/459] SCED
[19:10:00] [290/459] DVCA
[19:10:01] [291/459] VCDT
[19:10:02] [292/459] RRDI
[19:10:02] [293/459] DFCH
[19:10:04] [294/459] INSC
[19:10:05] [295/459] RGTR
[19:10:06] [296/459] FMOT
[19:10:07] [297/459] SCPM
[19:10:08] [298/459] GCDT
[19:10:09] [299/459] BRKT
[19:10:10] [300/459] DEMP
[19:10:10] [301/459] SRLC
[19:10:11] [302/459] KSTT
[19:10:12] [303/459] SMMT
[19:10:13] [304/459] SILM
[19:10:14] [305/459] JCVM
[19:10:14] [306/459] KCSV
[19:10:15] [307/459] MHLK
[19:10:16] [308/459] SLVL
[19:10:17] [309/459] RJKP
[19:10:18] [310/459] BBPC
[19:10:20] [311/459] MXCB
[19:10:21] [312/459] TCPK
[19:10:22] [313/459] RTBR
[19:10:22] [314/459] GAUT
[19:10:23] [315/459] DVCF
[19:10:24] [316/459] JTSB
[19:10:25] [317/459] SBLS
[19:10:26] [318/459] UDAY
[19:10:27] [319/459] PTNP
[19:10:28] [320/459] DMKT
[19:10:29] [321/459] NTDT
[19:10:30] [322/459] SHDJ
[19:10:31] [323/459] OTNC
[19:10:31] [324/459] RNTW
[19:10:32] [325/459] GCMI
[19:10:33] [326/459] CRCM
[19:10:35] [327/459] NNCZ
[19:10:36] [328/459] OEMO
[19:10:36] [329/459] PVJM
[19:10:38] [330/459] CPJI
[19:10:39] [331/459] RMCJ
[19:10:40] [332/459] CNWJ
[19:10:40] [333/459] EPJM
[19:10:41] [334/459] FNJJ
[19:10:42] [335/459] GCMJ
[19:10:43] [336/459] INPS
[19:10:44] [337/459] BICJ
[19:10:44] [338/459] ISTJ
[19:10:45] [339/459] INJC
[19:10:46] [340/459] GLXJ
[19:10:47] [341/459] INEM
[19:10:48] [342/459] JTMN
[19:10:49] [343/459] FRCJ
[19:10:50] [344/459] DDJP
[19:10:50] [345/459] INJV
[19:10:51] [346/459] GOLC
[19:10:52] [347/459] KOCI
[19:10:53] [348/459] FSTD
[19:10:54] [349/459] PACJ
[19:10:55] [350/459] GMCN
[19:10:55] [351/459] MMDJ
[19:10:56] [352/459] GODH
[19:10:57] [353/459] SKYN
[19:10:58] [354/459] NCTH
[19:10:59] [355/459] SKVZ
[19:11:00] [356/459] SVML
[19:11:01] [357/459] ACVZ
[19:11:03] [358/459] SURA
[19:11:04] [359/459] RTRB
[19:11:04] [360/459] LLCT
[19:11:05] [361/459] ATTS
[19:11:06] [362/459] JYCM
[19:11:07] [363/459] CTKR
[19:11:08] [364/459] LCKR
[19:11:09] [365/459] NYCV
[19:11:10] [366/459] NYOH
[19:11:10] [367/459] NOVX
[19:11:11] [368/459] MRGK
[19:11:12] [369/459] MOON
[19:11:13] [370/459] SBUC
[19:11:15] [371/459] GSVA
[19:11:16] [372/459] VIAK
[19:11:17] [373/459] SMVZ
[19:11:18] [374/459] MATE
[19:11:19] [375/459] RDCN
[19:11:19] [376/459] ASBL
[19:11:20] [377/459] ASVS
[19:11:21] [378/459] ASSR
[19:11:22] [379/459] SSKN
[19:11:23] [380/459] DRPV
[19:11:24] [381/459] MRHT
[19:11:24] [382/459] BSCN
[19:11:25] [383/459] RKNX
[19:11:26] [384/459] MSMC
[19:11:27] [385/459] MSCJ
[19:11:28] [386/459] BTBJ
[19:11:30] [387/459] MJCC
[19:11:30] [388/459] IOMM
[19:11:31] [389/459] ADGR
[19:11:32] [390/459] MYCP
[19:11:33] [391/459] IGCM
[19:11:34] [392/459] PGRK
[19:11:35] [393/459] VPGO
[19:11:36] [394/459] KOMS
[19:11:36] [395/459] URGG
[19:11:37] [396/459] GOST
[19:11:38] [397/459] LACT
[19:11:39] [398/459] BWCM
[19:11:40] [399/459] NCCW
[19:11:42] [400/459] SKYC
[19:11:43] [401/459] CCPM
[19:11:43] [402/459] VCBT
[19:11:44] [403/459] SDKR
[19:11:45] [404/459] CTYB
[19:11:47] [405/459] SHCX
[19:11:48] [406/459] RCUN
[19:11:48] [407/459] CNRA
[19:11:49] [408/459] RFCA
[19:11:50] [409/459] RDCU
[19:11:51] [410/459] SARK
[19:11:51] [411/459] SPPP
[19:11:53] [412/459] ADMB
[19:11:54] [413/459] JYOE
[19:11:55] [414/459] SRMD
[19:11:55] [415/459] RJDH
[19:11:56] [416/459] SSTD
[19:11:57] [417/459] AACV
[19:11:58] [418/459] PPVD
[19:11:59] [419/459] STCP
[19:12:00] [420/459] ANJR
[19:12:01] [421/459] ANLS
[19:12:03] [422/459] BIJO
[19:12:04] [423/459] AVAB
[19:12:05] [424/459] SPMD
[19:12:06] [425/459] SVJL
[19:12:08] [426/459] SDDJ
[19:12:08] [427/459] SLTU
[19:12:09] [428/459] SAKA
[19:12:10] [429/459] PMAM
[19:12:11] [430/459] FNAM
[19:12:12] [431/459] ACAM
[19:12:13] [432/459] SCMM
[19:12:13] [433/459] PMAK
[19:12:14] [434/459] NYSA
[19:12:15] [435/459] FCPA
[19:12:16] [436/459] GDAN
[19:12:16] [437/459] RSCA
[19:12:17] [438/459] DMAN
[19:12:18] [439/459] DZCM
[19:12:19] [440/459] NSGL
[19:12:20] [441/459] CCPP
[19:12:21] [442/459] PSMG
[19:12:22] [443/459] GSER
[19:12:22] [444/459] FCCT
[19:12:23] [445/459] FCTB
[19:12:24] [446/459] LCNK
[19:12:25] [447/459] SKTY
[19:12:26] [448/459] INAA
[19:12:26] [449/459] RCWN
[19:12:27] [450/459] VAIS
[19:12:28] [451/459] CVMN
[19:12:29] [452/459] INTS
[19:12:30] [453/459] FRGS
[19:12:30] [454/459] DTCK
[19:12:31] [455/459] MCMH
[19:12:32] [456/459] ECRR
[19:12:33] [457/459] RLLP
[19:12:34] [458/459] CCSN
[19:12:35] [459/459] CCBA
[19:12:36] 🧹 Deduping shows
[19:12:36] ✅ DONE | Shows=275 | Movies=30
