[04:49:12] 🚀 SCRIPT STARTED
[04:49:12] [1/459] FNDB
[04:49:12] 🧠 New identity created
[04:49:13] [2/459] AMBH
[04:49:14] [3/459] PRHN
[04:49:15] [4/459] ACPM
[04:49:16] [5/459] PVFS
[04:49:17] [6/459] AACN
[04:49:18] [7/459] ACAS
[04:49:18] [8/459] CTNR
[04:49:19] [9/459] MMAH
[04:49:20] [10/459] CPMH
[04:49:21] [11/459] IGMH
[04:49:22] [12/459] ABCS
[04:49:23] [13/459] CMMA
[04:49:24] [14/459] GPRH
[04:49:24] [15/459] PNNG
[04:49:25] [16/459] AMCA
[04:49:26] [17/459] ISTN
[04:49:27] [18/459] PIIC
[04:49:28] [19/459] AHMH
[04:49:28] [20/459] ASHN
[04:49:29] [21/459] INHY
[04:49:30] [22/459] SRMO
[04:49:31] [23/459] PIMH
[04:49:32] [24/459] PVTS
[04:49:33] [25/459] MMCA
[04:49:33] [26/459] AKYJ
[04:49:35] [27/459] BRKH
[04:49:35] [28/459] MAHM
[04:49:36] [29/459] CPHY
[04:49:37] [30/459] PVTP
[04:49:38] [31/459] SMMR
[04:49:39] [32/459] PVHM
[04:49:40] [33/459] SNDY
[04:49:40] [34/459] GOKU
[04:49:42] [35/459] ACEV
[04:49:43] [36/459] PVUM
[04:49:44] [37/459] VSWA
[04:49:45] [38/459] IPRS
[04:49:46] [39/459] ASGN
[04:49:47] [40/459] BKMV
[04:49:47] [41/459] PVYH
[04:49:48] [42/459] INKM
[04:49:49] [43/459] ARJU
[04:49:51] [44/459] JJPP
[04:49:51] [45/459] SSRM
[04:49:53] [46/459] HMHD
[04:49:54] [47/459] SNKH
[04:49:54] [48/459] ACHI
[04:49:55] [49/459] MRAA
[04:49:56] [50/459] INMH
[04:49:57] [51/459] ARMH
[04:49:57] [52/459] DVRR
[04:49:58] [53/459] SUDA
[04:49:59] [54/459] MCSS
[04:50:00] [55/459] VRKC
[04:50:01] [56/459] PRCX
[04:50:01] [57/459] ASJY
[04:50:03] [58/459] MTHY
[04:50:04] [59/459] SRCM
[04:50:05] [60/459] TVHY
[04:50:06] [61/459] STHD
[04:50:07] [62/459] CPCL
[04:50:07] [63/459] PSMJ
[04:50:08] [64/459] MRGT
[04:50:09] [65/459] ARYH
[04:50:09] [66/459] VTRB
[04:50:10] [67/459] SCHC
[04:50:11] [68/459] MRRG
[04:50:12] [69/459] SPCB
[04:50:13] [70/459] AMCM
[04:50:14] [71/459] IVNM
[04:50:15] [72/459] TRHY
[04:50:16] [73/459] PTTH
[04:50:16] [74/459] RKMH
[04:50:17] [75/459] PRCS
[04:50:18] [76/459] VAJA
[04:50:19] [77/459] BJNG
[04:50:20] [78/459] SCVM
[04:50:20] [79/459] GNHB
[04:50:21] [80/459] TLUR
[04:50:22] [81/459] UKCC
[04:50:23] [82/459] SRKR
[04:50:23] [83/459] RMKN
[04:50:24] [84/459] SLRT
[04:50:25] [85/459] LKMT
[04:50:26] [86/459] SSRJ
[04:50:27] [87/459] SPHT
[04:50:28] [88/459] ANTT
[04:50:29] [89/459] SRCH
[04:50:29] [90/459] SRCA
[04:50:30] [91/459] ARTH
[04:50:31] [92/459] MCBH
[04:50:32] [93/459] SNIB
[04:50:32] [94/459] SART
[04:50:33] [95/459] SKTA
[04:50:34] [96/459] YAKT
[04:50:35] [97/459] MLCK
[04:50:35] [98/459] ANTS
[04:50:36] [99/459] DGCA
[04:50:37] [100/459] SGMP
[04:50:38] [101/459] ASWN
[04:50:39] [102/459] KFVU
[04:50:40] [103/459] POOR
[04:50:41] [104/459] GKDN
[04:50:42] [105/459] EOSE
[04:50:43] [106/459] GTTT
[04:50:44] [107/459] ARRO
[04:50:44] [108/459] CMMK
[04:50:45] [109/459] MSCN
[04:50:46] [110/459] GDKH
[04:50:47] [111/459] DLMT
[04:50:48] [112/459] PVMF
[04:50:48] [113/459] CPCK
[04:50:49] [114/459] VMHE
[04:50:50] [115/459] PVLC
[04:50:52] [116/459] PCVB
[04:50:53] [117/459] SNYK
[04:50:54] [118/459] KTEK
[04:50:55] [119/459] PCNM
[04:50:56] [120/459] NTTR
[04:50:57] [121/459] CPSK
[04:50:58] [122/459] JMMA
[04:50:59] [123/459] GCFK
[04:50:59] [124/459] MYCA
[04:51:00] [125/459] KSNP
[04:51:01] [126/459] PMCE
[04:51:02] [127/459] SCKI
[04:51:03] [128/459] FSMA
[04:51:04] [129/459] CETA
[04:51:05] [130/459] MCIK
[04:51:05] [131/459] MYCR
[04:51:06] [132/459] EVMP
[04:51:07] [133/459] SSGT
[04:51:08] [134/459] KCTK
[04:51:09] [135/459] ZTKC
[04:51:10] [136/459] MMTA
[04:51:10] [137/459] MAJT
[04:51:11] [138/459] ACPK
[04:51:12] [139/459] JMAX
[04:51:13] [140/459] SETK
[04:51:14] [141/459] CAIS
[04:51:14] [142/459] AGCD
[04:51:15] [143/459] URCL
[04:51:17] [144/459] VTDS
[04:51:17] [145/459] JCNM
[04:51:18] [146/459] KCAM
[04:51:19] [147/459] ADCU
[04:51:20] [148/459] GXYN
[04:51:21] [149/459] SMJG
[04:51:22] [150/459] EYCJ
[04:51:23] [151/459] CCEJ
[04:51:23] [152/459] MARS
[04:51:24] [153/459] CPVJ
[04:51:25] [154/459] INVP
[04:51:26] [155/459] CPOV
[04:51:27] [156/459] VIJK
[04:51:27] [157/459] LAIM
[04:51:28] [158/459] STHV
[04:51:29] [159/459] SVLJ
[04:51:29] [160/459] ATVJ
[04:51:30] [161/459] JTSC
[04:51:31] [162/459] RMTV
[04:51:32] [163/459] MGGG
[04:51:33] [164/459] SWTH
[04:51:34] [165/459] INVJ
[04:51:34] [166/459] PRSV
[04:51:35] [167/459] JATV
[04:51:36] [168/459] RCVD
[04:51:37] [169/459] BDMA
[04:51:39] [170/459] BLJI
[04:51:39] [171/459] SWOT
[04:51:40] [172/459] SWRN
[04:51:41] [173/459] TVRA
[04:51:42] [174/459] VCSV
[04:51:43] [175/459] NVRN
[04:51:43] [176/459] SIKC
[04:51:44] [177/459] VAKR
[04:51:45] [178/459] SYLN
[04:51:46] [179/459] KLJL
[04:51:47] [180/459] LKMY
[04:51:48] [181/459] VSLY
[04:51:49] [182/459] CIKO
[04:51:50] [183/459] GPBG
[04:51:52] [184/459] CECM
[04:51:53] [185/459] SLKB
[04:51:53] [186/459] MTBO
[04:51:54] [187/459] SSHB
[04:51:55] [188/459] VPCS
[04:51:56] [189/459] RCSR
[04:51:57] [190/459] RJRM
[04:51:57] [191/459] KPPB
[04:51:58] [192/459] SEDC
[04:51:59] [193/459] SCAI
[04:52:00] [194/459] RMTR
[04:52:00] [195/459] ASST
[04:52:01] [196/459] GCAK
[04:52:02] [197/459] ANNK
[04:52:03] [198/459] KDDF
[04:52:04] [199/459] NRDP
[04:52:04] [200/459] PLAK
[04:52:05] [201/459] GCMC
[04:52:06] [202/459] ALPY
[04:52:08] [203/459] SICE
[04:52:09] [204/459] SISR
[04:52:10] [205/459] SRPZ
[04:52:11] [206/459] SRSW
[04:52:11] [207/459] SUYA
[04:52:12] [208/459] AMMT
[04:52:13] [209/459] BHCU
[04:52:14] [210/459] KLPA
[04:52:15] [211/459] NVKH
[04:52:16] [212/459] JMRC
[04:52:17] [213/459] KTTT
[04:52:17] [214/459] MAGH
[04:52:18] [215/459] MMMX
[04:52:19] [216/459] SALJ
[04:52:20] [217/459] GTJA
[04:52:21] [218/459] MAHT
[04:52:22] [219/459] SSNN
[04:52:23] [220/459] ARRP
[04:52:24] [221/459] ATNS
[04:52:24] [222/459] SKDT
[04:52:25] [223/459] ACAT
[04:52:26] [224/459] APRC
[04:52:27] [225/459] SWAG
[04:52:28] [226/459] SDPT
[04:52:28] [227/459] STPS
[04:52:29] [228/459] WWCZ
[04:52:30] [229/459] LLCH
[04:52:31] [230/459] MZHA
[04:52:32] [231/459] CRJG
[04:52:33] [232/459] JGTK
[04:52:34] [233/459] KCSR
[04:52:34] [234/459] CHTL
[04:52:36] [235/459] EDSR
[04:52:37] [236/459] CSWO
[04:52:37] [237/459] CPVM
[04:52:38] [238/459] MXBY
[04:52:40] [239/459] FMMA
[04:52:41] [240/459] POVI
[04:52:42] [241/459] MTHB
[04:52:42] [242/459] INRC
[04:52:43] [243/459] PIPP
[04:52:44] [244/459] BMXC
[04:52:45] [245/459] PCMM
[04:52:46] [246/459] PMKM
[04:52:46] [247/459] GATY
[04:52:47] [248/459] IMCM
[04:52:48] [249/459] POPE
[04:52:49] [250/459] MTCR
[04:52:50] [251/459] PVAE
[04:52:50] [252/459] PVMI
[04:52:51] [253/459] CPNM
[04:52:52] [254/459] FMRL
[04:52:53] [255/459] MCIW
[04:52:54] [256/459] MXBO
[04:52:55] [257/459] FMKY
[04:52:56] [258/459] FMDA
[04:52:57] [259/459] THAB
[04:52:58] [260/459] PRCW
[04:52:59] [261/459] PITI
[04:52:59] [262/459] MCFF
[04:53:00] [263/459] PDDV
[04:53:01] [264/459] MCRM
[04:53:02] [265/459] KKMB
[04:53:02] [266/459] INKO
[04:53:03] [267/459] PLXP
[04:53:04] [268/459] MMHA
[04:53:05] [269/459] FMVS
[04:53:05] [270/459] POLM
[04:53:06] [271/459] STER
[04:53:07] [272/459] PVWJ
[04:53:08] [273/459] IMJW
[04:53:09] [274/459] FNAN
[04:53:10] [275/459] CAGL
[04:53:10] [276/459] IPBG
[04:53:11] [277/459] SMFV
[04:53:12] [278/459] MMMR
[04:53:13] [279/459] MMWM
[04:53:15] [280/459] FNCM
[04:53:16] [281/459] MDVA
[04:53:18] [282/459] MMET
[04:53:19] [283/459] MIDO
[04:53:19] [284/459] INNP
[04:53:20] [285/459] MIFU
[04:53:22] [286/459] MMSZ
[04:53:22] [287/459] BMXA
[04:53:23] [288/459] MCAA
[04:53:24] [289/459] SCVP
[04:53:25] [290/459] PLUS
[04:53:26] [291/459] MUCK
[04:53:27] [292/459] MTMA
[04:53:28] [293/459] HPVR
[04:53:29] [294/459] PMPK
[04:53:30] [295/459] MAJB
[04:53:30] [296/459] CTRR
[04:53:31] [297/459] MCTG
[04:53:32] [298/459] MACE
[04:53:33] [299/459] AAAS
[04:53:34] [300/459] CPVV
[04:53:34] [301/459] RCHG
[04:53:35] [302/459] MCNE
[04:53:36] [303/459] EMNC
[04:53:37] [304/459] MCAN
[04:53:38] [305/459] TCDM
[04:53:39] [306/459] IRGT
[04:53:40] [307/459] GCMG
[04:53:42] [308/459] MXSN
[04:53:42] [309/459] MXCK
[04:53:43] [310/459] MCRC
[04:53:44] [311/459] RSMI
[04:53:45] [312/459] WAML
[04:53:46] [313/459] MTSC
[04:53:47] [314/459] FMDR
[04:53:47] [315/459] LEPV
[04:53:48] [316/459] MTGD
[04:53:49] [317/459] IMOB
[04:53:50] [318/459] CLMM
[04:53:51] [319/459] PZCD
[04:53:51] [320/459] GOCS
[04:53:52] [321/459] KCMA
[04:53:53] [322/459] CCMP
[04:53:54] [323/459] MTSU
[04:53:55] [324/459] SNGL
[04:53:55] [325/459] MMMC
[04:53:56] [326/459] MMAA
[04:53:57] [327/459] GCDM
[04:53:58] [328/459] KTMV
[04:53:59] [329/459] AETE
[04:53:59] [330/459] OMCS
[04:54:00] [331/459] GDCD
[04:54:01] [332/459] NYMD
[04:54:02] [333/459] RNCV
[04:54:03] [334/459] KKMT
[04:54:04] [335/459] GDTH
[04:54:05] [336/459] KMMV
[04:54:06] [337/459] NHCG
[04:54:07] [338/459] PJDW
[04:54:08] [339/459] MMCV
[04:54:09] [340/459] FQSA
[04:54:10] [341/459] KURL
[04:54:11] [342/459] NNNX
[04:54:11] [343/459] AMAU
[04:54:12] [344/459] VVVM
[04:54:13] [345/459] VECU
[04:54:14] [346/459] WCVR
[04:54:15] [347/459] MTGG
[04:54:15] [348/459] SGTG
[04:54:16] [349/459] MNTG
[04:54:17] [350/459] JDDG
[04:54:18] [351/459] MBTK
[04:54:18] [352/459] SGCD
[04:54:19] [353/459] MCTC
[04:54:20] [354/459] JTPC
[04:54:22] [355/459] SDKT
[04:54:23] [356/459] KRCC
[04:54:24] [357/459] RMMD
[04:54:25] [358/459] AAME
[04:54:26] [359/459] TMWC
[04:54:26] [360/459] NRWY
[04:54:27] [361/459] CITD
[04:54:28] [362/459] VERD
[04:54:29] [363/459] MKSK
[04:54:30] [364/459] STSM
[04:54:30] [365/459] MJDG
[04:54:31] [366/459] RKPM
[04:54:32] [367/459] SSCE
[04:54:33] [368/459] VMAE
[04:54:34] [369/459] SBRU
[04:54:35] [370/459] AMBC
[04:54:36] [371/459] AMLU
[04:54:37] [372/459] INVZ
[04:54:38] [373/459] LGTV
[04:54:39] [374/459] SVAD
[04:54:41] [375/459] SMSA
[04:54:41] [376/459] SPCZ
[04:54:42] [377/459] GTCX
[04:54:44] [378/459] SCSL
[04:54:45] [379/459] SAHU
[04:54:45] [380/459] NCDA
[04:54:46] [381/459] SCCG
[04:54:47] [382/459] VKTL
[04:54:49] [383/459] PUUJ
[04:54:50] [384/459] STEJ
[04:54:51] [385/459] RJAL
[04:54:51] [386/459] ACJC
[04:54:52] [387/459] VTHC
[04:54:53] [388/459] ARVB
[04:54:54] [389/459] AUBB
[04:54:56] [390/459] GDBR
[04:54:56] [391/459] PVND
[04:54:57] [392/459] BGRJ
[04:54:58] [393/459] RJMM
[04:54:59] [394/459] MCSA
[04:55:00] [395/459] BODA
[04:55:01] [396/459] JAGG
[04:55:02] [397/459] SCGA
[04:55:03] [398/459] LRCM
[04:55:04] [399/459] CPCN
[04:55:04] [400/459] SSTF
[04:55:06] [401/459] SRXP
[04:55:07] [402/459] CNFX
[04:55:08] [403/459] ANDI
[04:55:09] [404/459] SYEW
[04:55:09] [405/459] RCRE
[04:55:10] [406/459] SCRW
[04:55:11] [407/459] MBKR
[04:55:12] [408/459] ASNT
[04:55:13] [409/459] JTMT
[04:55:13] [410/459] SHAY
[04:55:14] [411/459] VRTH
[04:55:15] [412/459] SPTI
[04:55:16] [413/459] DPTD
[04:55:17] [414/459] TGSN
[04:55:17] [415/459] RCWV
[04:55:18] [416/459] OCUR
[04:55:19] [417/459] KSTC
[04:55:20] [418/459] SANI
[04:55:21] [419/459] MLCA
[04:55:22] [420/459] EGCA
[04:55:22] [421/459] SYSN
[04:55:23] [422/459] PKTA
[04:55:24] [423/459] PRCC
[04:55:25] [424/459] KSTR
[04:55:26] [425/459] SNTP
[04:55:26] [426/459] RCHA
[04:55:27] [427/459] SEEA
[04:55:28] [428/459] ALAT
[04:55:29] [429/459] AATV
[04:55:30] [430/459] RJTE
[04:55:30] [431/459] AAPP
[04:55:31] [432/459] PMMH
[04:55:32] [433/459] INRJ
[04:55:33] [434/459] SARB
[04:55:35] [435/459] PCJL
[04:55:36] [436/459] PFJJ
[04:55:36] [437/459] GRDC
[04:55:37] [438/459] BCBA
[04:55:39] [439/459] VIXL
[04:55:40] [440/459] CSTL
[04:55:41] [441/459] MTDK
[04:55:42] [442/459] TDAC
[04:55:42] [443/459] GTDN
[04:55:43] [444/459] TTDE
[04:55:44] [445/459] ASTS
[04:55:45] [446/459] CPNS
[04:55:45] [447/459] PVVW
[04:55:46] [448/459] USEB
[04:55:47] [449/459] DTYN
[04:55:48] [450/459] PVLE
[04:55:49] [451/459] CIPS
[04:55:50] [452/459] PAEG
[04:55:51] [453/459] PTCW
[04:55:52] [454/459] G3SR
[04:55:53] [455/459] PGND
[04:55:54] [456/459] INVM
[04:55:55] [457/459] SPIA
[04:55:56] [458/459] PCSN
[04:55:57] [459/459] PPGV
[04:55:57] 🧹 Deduping shows
[04:55:57] ✅ DONE | Shows=318 | Movies=17
[12:02:49] 🚀 SCRIPT STARTED
[12:02:49] [1/459] FNDB
[12:02:49] 🧠 New identity created
[12:02:51] [2/459] AMBH
[12:02:53] [3/459] PRHN
[12:02:55] [4/459] ACPM
[12:02:56] [5/459] PVFS
[12:02:57] [6/459] AACN
[12:02:58] [7/459] ACAS
[12:03:00] [8/459] CTNR
[12:03:01] [9/459] MMAH
[12:03:02] [10/459] CPMH
[12:03:03] [11/459] IGMH
[12:03:05] [12/459] ABCS
[12:03:07] [13/459] CMMA
[12:03:08] [14/459] GPRH
[12:03:08] [15/459] PNNG
[12:03:10] [16/459] AMCA
[12:03:11] [17/459] ISTN
[12:03:13] [18/459] PIIC
[12:03:13] [19/459] AHMH
[12:03:14] [20/459] ASHN
[12:03:15] [21/459] INHY
[12:03:17] [22/459] SRMO
[12:03:17] [23/459] PIMH
[12:03:18] [24/459] PVTS
[12:03:19] [25/459] MMCA
[12:03:20] [26/459] AKYJ
[12:03:22] [27/459] BRKH
[12:03:24] [28/459] MAHM
[12:03:26] [29/459] CPHY
[12:03:27] [30/459] PVTP
[12:03:29] [31/459] SMMR
[12:03:30] [32/459] PVHM
[12:03:32] [33/459] SNDY
[12:03:33] [34/459] GOKU
[12:03:34] [35/459] ACEV
[12:03:35] [36/459] PVUM
[12:03:37] [37/459] VSWA
[12:03:38] [38/459] IPRS
[12:03:40] [39/459] ASGN
[12:03:41] [40/459] BKMV
[12:03:42] [41/459] PVYH
[12:03:44] [42/459] INKM
[12:03:45] [43/459] ARJU
[12:03:46] [44/459] JJPP
[12:03:48] [45/459] SSRM
[12:03:48] [46/459] HMHD
[12:03:50] [47/459] SNKH
[12:03:52] [48/459] ACHI
[12:03:52] [49/459] MRAA
[12:03:54] [50/459] INMH
[12:03:56] [51/459] ARMH
[12:03:57] [52/459] DVRR
[12:03:58] [53/459] SUDA
[12:03:59] [54/459] MCSS
[12:04:00] [55/459] VRKC
[12:04:01] [56/459] PRCX
[12:04:02] [57/459] ASJY
[12:04:04] [58/459] MTHY
[12:04:05] [59/459] SRCM
[12:04:06] [60/459] TVHY
[12:04:08] [61/459] STHD
[12:04:10] [62/459] CPCL
[12:04:11] [63/459] PSMJ
[12:04:12] [64/459] MRGT
[12:04:13] [65/459] ARYH
[12:04:15] [66/459] VTRB
[12:04:16] [67/459] SCHC
[12:04:18] [68/459] MRRG
[12:04:20] [69/459] SPCB
[12:04:21] [70/459] AMCM
[12:04:22] [71/459] IVNM
[12:04:23] [72/459] TRHY
[12:04:25] [73/459] PTTH
[12:04:25] [74/459] RKMH
[12:04:26] [75/459] PRCS
[12:04:27] [76/459] VAJA
[12:04:28] [77/459] BJNG
[12:04:30] [78/459] SCVM
[12:04:31] [79/459] GNHB
[12:04:33] [80/459] TLUR
[12:04:34] [81/459] UKCC
[12:04:35] [82/459] SRKR
[12:04:35] [83/459] RMKN
[12:04:36] [84/459] SLRT
[12:04:38] [85/459] LKMT
[12:04:39] [86/459] SSRJ
[12:04:40] [87/459] SPHT
[12:04:40] [88/459] ANTT
[12:04:42] [89/459] SRCH
[12:04:43] [90/459] SRCA
[12:04:44] [91/459] ARTH
[12:04:45] [92/459] MCBH
[12:04:46] [93/459] SNIB
[12:04:47] [94/459] SART
[12:04:49] [95/459] SKTA
[12:04:49] [96/459] YAKT
[12:04:51] [97/459] MLCK
[12:04:53] [98/459] ANTS
[12:04:55] [99/459] DGCA
[12:04:56] [100/459] SGMP
[12:04:58] [101/459] ASWN
[12:04:58] [102/459] KFVU
[12:05:00] [103/459] POOR
[12:05:02] [104/459] GKDN
[12:05:03] [105/459] EOSE
[12:05:04] [106/459] GTTT
[12:05:05] [107/459] ARRO
[12:05:06] [108/459] CMMK
[12:05:07] [109/459] MSCN
[12:05:09] [110/459] GDKH
[12:05:09] [111/459] DLMT
[12:05:10] [112/459] PVMF
[12:05:12] [113/459] CPCK
[12:05:14] [114/459] VMHE
[12:05:15] [115/459] PVLC
[12:05:17] [116/459] PCVB
[12:05:18] [117/459] SNYK
[12:05:19] [118/459] KTEK
[12:05:21] [119/459] PCNM
[12:05:21] [120/459] NTTR
[12:05:23] [121/459] CPSK
[12:05:25] [122/459] JMMA
[12:05:26] [123/459] GCFK
[12:05:28] [124/459] MYCA
[12:05:30] [125/459] KSNP
[12:05:31] [126/459] PMCE
[12:05:33] [127/459] SCKI
[12:05:34] [128/459] FSMA
[12:05:35] [129/459] CETA
[12:05:36] [130/459] MCIK
[12:05:37] [131/459] MYCR
[12:05:38] [132/459] EVMP
[12:05:39] [133/459] SSGT
[12:05:41] [134/459] KCTK
[12:05:41] [135/459] ZTKC
[12:05:42] [136/459] MMTA
[12:05:43] [137/459] MAJT
[12:05:45] [138/459] ACPK
[12:05:46] [139/459] JMAX
[12:05:47] [140/459] SETK
[12:05:48] [141/459] CAIS
[12:05:48] [142/459] AGCD
[12:05:50] [143/459] URCL
[12:05:51] [144/459] VTDS
[12:05:53] [145/459] JCNM
[12:05:54] [146/459] KCAM
[12:05:56] [147/459] ADCU
[12:05:57] [148/459] GXYN
[12:05:59] [149/459] SMJG
[12:06:00] [150/459] EYCJ
[12:06:01] [151/459] CCEJ
[12:06:03] [152/459] MARS
[12:06:04] [153/459] CPVJ
[12:06:05] [154/459] INVP
[12:06:06] [155/459] CPOV
[12:06:06] [156/459] VIJK
[12:06:08] [157/459] LAIM
[12:06:10] [158/459] STHV
[12:06:11] [159/459] SVLJ
[12:06:12] [160/459] ATVJ
[12:06:14] [161/459] JTSC
[12:06:15] [162/459] RMTV
[12:06:16] [163/459] MGGG
[12:06:18] [164/459] SWTH
[12:06:19] [165/459] INVJ
[12:06:20] [166/459] PRSV
[12:06:20] [167/459] JATV
[12:06:22] [168/459] RCVD
[12:06:23] [169/459] BDMA
[12:06:24] [170/459] BLJI
[12:06:25] [171/459] SWOT
[12:06:27] [172/459] SWRN
[12:06:29] [173/459] TVRA
[12:06:30] [174/459] VCSV
[12:06:31] [175/459] NVRN
[12:06:32] [176/459] SIKC
[12:06:33] [177/459] VAKR
[12:06:35] [178/459] SYLN
[12:06:37] [179/459] KLJL
[12:06:38] [180/459] LKMY
[12:06:40] [181/459] VSLY
[12:06:41] [182/459] CIKO
[12:06:43] [183/459] GPBG
[12:06:45] [184/459] CECM
[12:06:45] [185/459] SLKB
[12:06:47] [186/459] MTBO
[12:06:48] [187/459] SSHB
[12:06:50] [188/459] VPCS
[12:06:51] [189/459] RCSR
[12:06:53] [190/459] RJRM
[12:06:54] [191/459] KPPB
[12:06:56] [192/459] SEDC
[12:06:58] [193/459] SCAI
[12:06:59] [194/459] RMTR
[12:07:01] [195/459] ASST
[12:07:02] [196/459] GCAK
[12:07:03] [197/459] ANNK
[12:07:05] [198/459] KDDF
[12:07:06] [199/459] NRDP
[12:07:08] [200/459] PLAK
[12:07:09] [201/459] GCMC
[12:07:10] [202/459] ALPY
[12:07:12] [203/459] SICE
[12:07:14] [204/459] SISR
[12:07:15] [205/459] SRPZ
[12:07:17] [206/459] SRSW
[12:07:18] [207/459] SUYA
[12:07:20] [208/459] AMMT
[12:07:21] [209/459] BHCU
[12:07:22] [210/459] KLPA
[12:07:23] [211/459] NVKH
[12:07:25] [212/459] JMRC
[12:07:26] [213/459] KTTT
[12:07:28] [214/459] MAGH
[12:07:29] [215/459] MMMX
[12:07:31] [216/459] SALJ
[12:07:31] [217/459] GTJA
[12:07:32] [218/459] MAHT
[12:07:34] [219/459] SSNN
[12:07:36] [220/459] ARRP
[12:07:37] [221/459] ATNS
[12:07:38] [222/459] SKDT
[12:07:40] [223/459] ACAT
[12:07:41] [224/459] APRC
[12:07:42] [225/459] SWAG
[12:07:44] [226/459] SDPT
[12:07:46] [227/459] STPS
[12:07:47] [228/459] WWCZ
[12:07:49] [229/459] LLCH
[12:07:51] [230/459] MZHA
[12:07:51] [231/459] CRJG
[12:07:53] [232/459] JGTK
[12:07:55] [233/459] KCSR
[12:07:56] [234/459] CHTL
[12:07:58] [235/459] EDSR
[12:07:59] [236/459] CSWO
[12:08:00] [237/459] CPVM
[12:08:01] [238/459] MXBY
[12:08:02] [239/459] FMMA
[12:08:04] [240/459] POVI
[12:08:06] [241/459] MTHB
[12:08:07] [242/459] INRC
[12:08:08] [243/459] PIPP
[12:08:09] [244/459] BMXC
[12:08:10] [245/459] PCMM
[12:08:11] [246/459] PMKM
[12:08:12] [247/459] GATY
[12:08:13] [248/459] IMCM
[12:08:14] [249/459] POPE
[12:08:16] [250/459] MTCR
[12:08:18] [251/459] PVAE
[12:08:19] [252/459] PVMI
[12:08:20] [253/459] CPNM
[12:08:22] [254/459] FMRL
[12:08:23] [255/459] MCIW
[12:08:24] [256/459] MXBO
[12:08:25] [257/459] FMKY
[12:08:27] [258/459] FMDA
[12:08:28] [259/459] THAB
[12:08:29] [260/459] PRCW
[12:08:30] [261/459] PITI
[12:08:32] [262/459] MCFF
[12:08:33] [263/459] PDDV
[12:08:35] [264/459] MCRM
[12:08:37] [265/459] KKMB
[12:08:38] [266/459] INKO
[12:08:39] [267/459] PLXP
[12:08:41] [268/459] MMHA
[12:08:43] [269/459] FMVS
[12:08:44] [270/459] POLM
[12:08:45] [271/459] STER
[12:08:47] [272/459] PVWJ
[12:08:49] [273/459] IMJW
[12:08:50] [274/459] FNAN
[12:08:52] [275/459] CAGL
[12:08:54] [276/459] IPBG
[12:08:55] [277/459] SMFV
[12:08:56] [278/459] MMMR
[12:08:57] [279/459] MMWM
[12:08:58] [280/459] FNCM
[12:09:00] [281/459] MDVA
[12:09:01] [282/459] MMET
[12:09:02] [283/459] MIDO
[12:09:03] [284/459] INNP
[12:09:04] [285/459] MIFU
[12:09:06] [286/459] MMSZ
[12:09:07] [287/459] BMXA
[12:09:07] [288/459] MCAA
[12:09:08] [289/459] SCVP
[12:09:10] [290/459] PLUS
[12:09:12] [291/459] MUCK
[12:09:13] [292/459] MTMA
[12:09:14] [293/459] HPVR
[12:09:15] [294/459] PMPK
[12:09:17] [295/459] MAJB
[12:09:18] [296/459] CTRR
[12:09:20] [297/459] MCTG
[12:09:22] [298/459] MACE
[12:09:23] [299/459] AAAS
[12:09:24] [300/459] CPVV
[12:09:26] [301/459] RCHG
[12:09:28] [302/459] MCNE
[12:09:29] [303/459] EMNC
[12:09:30] [304/459] MCAN
[12:09:30] [305/459] TCDM
[12:09:32] [306/459] IRGT
[12:09:33] [307/459] GCMG
[12:09:34] [308/459] MXSN
[12:09:35] [309/459] MXCK
[12:09:36] [310/459] MCRC
[12:09:38] [311/459] RSMI
[12:09:40] [312/459] WAML
[12:09:41] [313/459] MTSC
[12:09:42] [314/459] FMDR
[12:09:43] [315/459] LEPV
[12:09:45] [316/459] MTGD
[12:09:47] [317/459] IMOB
[12:09:48] [318/459] CLMM
[12:09:50] [319/459] PZCD
[12:09:50] [320/459] GOCS
[12:09:52] [321/459] KCMA
[12:09:53] [322/459] CCMP
[12:09:54] [323/459] MTSU
[12:09:55] [324/459] SNGL
[12:09:56] [325/459] MMMC
[12:09:58] [326/459] MMAA
[12:09:59] [327/459] GCDM
[12:10:00] [328/459] KTMV
[12:10:02] [329/459] AETE
[12:10:04] [330/459] OMCS
[12:10:05] [331/459] GDCD
[12:10:06] [332/459] NYMD
[12:10:07] [333/459] RNCV
[12:10:08] [334/459] KKMT
[12:10:09] [335/459] GDTH
[12:10:11] [336/459] KMMV
[12:10:12] [337/459] NHCG
[12:10:14] [338/459] PJDW
[12:10:16] [339/459] MMCV
[12:10:16] [340/459] FQSA
[12:10:17] [341/459] KURL
[12:10:19] [342/459] NNNX
[12:10:20] [343/459] AMAU
[12:10:22] [344/459] VVVM
[12:10:23] [345/459] VECU
[12:10:25] [346/459] WCVR
[12:10:27] [347/459] MTGG
[12:10:29] [348/459] SGTG
[12:10:30] [349/459] MNTG
[12:10:32] [350/459] JDDG
[12:10:33] [351/459] MBTK
[12:10:35] [352/459] SGCD
[12:10:37] [353/459] MCTC
[12:10:38] [354/459] JTPC
[12:10:39] [355/459] SDKT
[12:10:41] [356/459] KRCC
[12:10:42] [357/459] RMMD
[12:10:42] [358/459] AAME
[12:10:43] [359/459] TMWC
[12:10:44] [360/459] NRWY
[12:10:46] [361/459] CITD
[12:10:47] [362/459] VERD
[12:10:48] [363/459] MKSK
[12:10:49] [364/459] STSM
[12:10:50] [365/459] MJDG
[12:10:51] [366/459] RKPM
[12:10:52] [367/459] SSCE
[12:10:53] [368/459] VMAE
[12:10:55] [369/459] SBRU
[12:10:57] [370/459] AMBC
[12:10:58] [371/459] AMLU
[12:11:00] [372/459] INVZ
[12:11:01] [373/459] LGTV
[12:11:01] [374/459] SVAD
[12:11:03] [375/459] SMSA
[12:11:04] [376/459] SPCZ
[12:11:05] [377/459] GTCX
[12:11:06] [378/459] SCSL
[12:11:08] [379/459] SAHU
[12:11:09] [380/459] NCDA
[12:11:10] [381/459] SCCG
[12:11:11] [382/459] VKTL
[12:11:12] [383/459] PUUJ
[12:11:14] [384/459] STEJ
[12:11:14] [385/459] RJAL
[12:11:15] [386/459] ACJC
[12:11:17] [387/459] VTHC
[12:11:18] [388/459] ARVB
[12:11:20] [389/459] AUBB
[12:11:21] [390/459] GDBR
[12:11:22] [391/459] PVND
[12:11:24] [392/459] BGRJ
[12:11:25] [393/459] RJMM
[12:11:27] [394/459] MCSA
[12:11:29] [395/459] BODA
[12:11:30] [396/459] JAGG
[12:11:32] [397/459] SCGA
[12:11:33] [398/459] LRCM
[12:11:33] [399/459] CPCN
[12:11:35] [400/459] SSTF
[12:11:37] [401/459] SRXP
[12:11:39] [402/459] CNFX
[12:11:40] [403/459] ANDI
[12:11:42] [404/459] SYEW
[12:11:43] [405/459] RCRE
[12:11:44] [406/459] SCRW
[12:11:46] [407/459] MBKR
[12:11:48] [408/459] ASNT
[12:11:49] [409/459] JTMT
[12:11:50] [410/459] SHAY
[12:11:52] [411/459] VRTH
[12:11:53] [412/459] SPTI
[12:11:54] [413/459] DPTD
[12:11:55] [414/459] TGSN
[12:11:57] [415/459] RCWV
[12:11:58] [416/459] OCUR
[12:11:59] [417/459] KSTC
[12:12:00] [418/459] SANI
[12:12:01] [419/459] MLCA
[12:12:02] [420/459] EGCA
[12:12:04] [421/459] SYSN
[12:12:05] [422/459] PKTA
[12:12:05] [423/459] PRCC
[12:12:07] [424/459] KSTR
[12:12:09] [425/459] SNTP
[12:12:10] [426/459] RCHA
[12:12:11] [427/459] SEEA
[12:12:12] [428/459] ALAT
[12:12:13] [429/459] AATV
[12:12:14] [430/459] RJTE
[12:12:14] [431/459] AAPP
[12:12:15] [432/459] PMMH
[12:12:17] [433/459] INRJ
[12:12:18] [434/459] SARB
[12:12:19] [435/459] PCJL
[12:12:19] [436/459] PFJJ
[12:12:20] [437/459] GRDC
[12:12:21] [438/459] BCBA
[12:12:23] [439/459] VIXL
[12:12:23] [440/459] CSTL
[12:12:24] [441/459] MTDK
[12:12:25] [442/459] TDAC
[12:12:26] [443/459] GTDN
[12:12:27] [444/459] TTDE
[12:12:28] [445/459] ASTS
[12:12:29] [446/459] CPNS
[12:12:30] [447/459] PVVW
[12:12:32] [448/459] USEB
[12:12:33] [449/459] DTYN
[12:12:35] [450/459] PVLE
[12:12:36] [451/459] CIPS
[12:12:37] [452/459] PAEG
[12:12:38] [453/459] PTCW
[12:12:39] [454/459] G3SR
[12:12:40] [455/459] PGND
[12:12:41] [456/459] INVM
[12:12:43] [457/459] SPIA
[12:12:44] [458/459] PCSN
[12:12:46] [459/459] PPGV
[12:12:48] 🧹 Deduping shows
[12:12:48] ✅ DONE | Shows=340 | Movies=20
