[04:49:05] 🚀 SCRIPT STARTED
[04:49:05] [1/296] CDCA
[04:49:05] 🧠 New identity created
[04:49:06] [2/296] MNSR
[04:49:06] [3/296] CSSL
[04:49:07] [4/296] BGGM
[04:49:09] [5/296] MANT
[04:49:09] [6/296] SOOY
[04:49:10] [7/296] VPPK
[04:49:11] [8/296] MYHJ
[04:49:12] [9/296] KSCK
[04:49:13] [10/296] KATK
[04:49:14] [11/296] RTRT
[04:49:15] [12/296] SSTT
[04:49:16] [13/296] SSTV
[04:49:17] [14/296] LACM
[04:49:18] [15/296] SGMG
[04:49:18] [16/296] KACX
[04:49:19] [17/296] GVCP
[04:49:20] [18/296] CSNC
[04:49:21] [19/296] SXCB
[04:49:21] [20/296] BAHS
[04:49:22] [21/296] PCBI
[04:49:23] [22/296] PSSM
[04:49:23] [23/296] RCOK
[04:49:24] [24/296] SCPF
[04:49:25] [25/296] SSAS
[04:49:26] [26/296] EVMM
[04:49:28] [27/296] SYCB
[04:49:29] [28/296] GCKI
[04:49:29] [29/296] IAET
[04:49:30] [30/296] DDTD
[04:49:31] [31/296] GMDH
[04:49:32] [32/296] STLE
[04:49:33] [33/296] JTRA
[04:49:34] [34/296] RPPA
[04:49:35] [35/296] ARUT
[04:49:36] [36/296] JTVM
[04:49:38] [37/296] SWRH
[04:49:40] [38/296] DCPC
[04:49:41] [39/296] RAPR
[04:49:42] [40/296] GCRT
[04:49:43] [41/296] ATUN
[04:49:43] [42/296] LTRM
[04:49:44] [43/296] TASR
[04:49:45] [44/296] RLLC
[04:49:46] [45/296] MABI
[04:49:47] [46/296] SVHB
[04:49:49] [47/296] NVTB
[04:49:50] [48/296] KCKG
[04:49:51] [49/296] SSRN
[04:49:52] [50/296] VDDC
[04:49:53] [51/296] GKTK
[04:49:54] [52/296] YFSN
[04:49:55] [53/296] GCSG
[04:49:56] [54/296] ESSM
[04:49:56] [55/296] KRIH
[04:49:57] [56/296] GCDS
[04:49:58] [57/296] CCSH
[04:50:00] [58/296] ACSK
[04:50:00] [59/296] APRK
[04:50:01] [60/296] ADKM
[04:50:02] [61/296] SRDM
[04:50:03] [62/296] RMOG
[04:50:04] [63/296] SJMY
[04:50:05] [64/296] PGGC
[04:50:05] [65/296] INGM
[04:50:06] [66/296] LSCB
[04:50:07] [67/296] STAD
[04:50:07] [68/296] MCCR
[04:50:08] [69/296] ABCC
[04:50:09] [70/296] RKCC
[04:50:10] [71/296] RTCR
[04:50:11] [72/296] GGBC
[04:50:12] [73/296] GCSD
[04:50:12] [74/296] LPTY
[04:50:13] [75/296] MCFD
[04:50:14] [76/296] HENN
[04:50:15] [77/296] SMKU
[04:50:16] [78/296] TNZC
[04:50:17] [79/296] DRCD
[04:50:17] [80/296] DLCD
[04:50:18] [81/296] RCDA
[04:50:19] [82/296] COSM
[04:50:20] [83/296] MCMJ
[04:50:22] [84/296] CSTR
[04:50:23] [85/296] CVDK
[04:50:24] [86/296] INRR
[04:50:25] [87/296] RJRT
[04:50:27] [88/296] IRMR
[04:50:29] [89/296] SRCF
[04:50:30] [90/296] GRCR
[04:50:32] [91/296] SURC
[04:50:32] [92/296] NMNH
[04:50:33] [93/296] SVBL
[04:50:34] [94/296] KACI
[04:50:36] [95/296] TDGO
[04:50:36] [96/296] KTBR
[04:50:38] [97/296] PMAD
[04:50:39] [98/296] CCPN
[04:50:40] [99/296] SBTK
[04:50:41] [100/296] LMDK
[04:50:41] [101/296] PGDA
[04:50:42] [102/296] SRML
[04:50:43] [103/296] EVCK
[04:50:44] [104/296] RTTK
[04:50:44] [105/296] SRTU
[04:50:45] [106/296] VRSA
[04:50:46] [107/296] VARS
[04:50:47] [108/296] DSCZ
[04:50:49] [109/296] GAGA
[04:50:50] [110/296] SARV
[04:50:51] [111/296] SEEG
[04:50:52] [112/296] GLCA
[04:50:53] [113/296] APAS
[04:50:55] [114/296] VCIA
[04:50:56] [115/296] SJTA
[04:50:56] [116/296] SABM
[04:50:57] [117/296] PPAG
[04:50:58] [118/296] RVCA
[04:50:59] [119/296] CCIA
[04:51:00] [120/296] HTAG
[04:51:01] [121/296] SMBI
[04:51:01] [122/296] MCJR
[04:51:03] [123/296] CCJR
[04:51:04] [124/296] SINF
[04:51:05] [125/296] CPLX
[04:51:05] [126/296] KKTJ
[04:51:07] [127/296] GDBW
[04:51:08] [128/296] CSUB
[04:51:09] [129/296] DABA
[04:51:09] [130/296] TITR
[04:51:10] [131/296] NYCR
[04:51:11] [132/296] RTRY
[04:51:13] [133/296] JTJL
[04:51:14] [134/296] SJCP
[04:51:15] [135/296] KCCA
[04:51:16] [136/296] MLPG
[04:51:18] [137/296] VRCK
[04:51:18] [138/296] SRIN
[04:51:19] [139/296] CXMK
[04:51:21] [140/296] SKAD
[04:51:22] [141/296] AVTR
[04:51:23] [142/296] PTAJ
[04:51:23] [143/296] SCNK
[04:51:24] [144/296] STTI
[04:51:25] [145/296] KACR
[04:51:26] [146/296] SSDX
[04:51:27] [147/296] VRTJ
[04:51:27] [148/296] RAJD
[04:51:28] [149/296] SCIP
[04:51:30] [150/296] RJSL
[04:51:31] [151/296] ARRS
[04:51:32] [152/296] ASMS
[04:51:33] [153/296] RDTS
[04:51:34] [154/296] DVMY
[04:51:34] [155/296] RASA
[04:51:35] [156/296] INOM
[04:51:36] [157/296] SPRS
[04:51:37] [158/296] SGCS
[04:51:37] [159/296] SALM
[04:51:39] [160/296] PKHC
[04:51:40] [161/296] RCSV
[04:51:41] [162/296] CPKC
[04:51:41] [163/296] AACD
[04:51:42] [164/296] GGCV
[04:51:44] [165/296] SMKD
[04:51:45] [166/296] NBCH
[04:51:46] [167/296] AMCB
[04:51:46] [168/296] OPCN
[04:51:47] [169/296] DCIN
[04:51:48] [170/296] INGW
[04:51:49] [171/296] PKKW
[04:51:50] [172/296] FNGW
[04:51:50] [173/296] GCGD
[04:51:51] [174/296] MSTW
[04:51:52] [175/296] KCCG
[04:51:53] [176/296] MRSS
[04:51:54] [177/296] CLCF
[04:51:54] [178/296] EETS
[04:51:55] [179/296] AATR
[04:51:56] [180/296] CMMN
[04:51:57] [181/296] SCCJ
[04:51:57] [182/296] CDTK
[04:51:58] [183/296] AICP
[04:51:59] [184/296] FNBP
[04:52:00] [185/296] CBPB
[04:52:01] [186/296] CPAS
[04:52:01] [187/296] MAPM
[04:52:02] [188/296] PASD
[04:52:03] [189/296] JCMN
[04:52:04] [190/296] MALB
[04:52:05] [191/296] SACG
[04:52:06] [192/296] DDRX
[04:52:07] [193/296] DDXB
[04:52:08] [194/296] RAMC
[04:52:08] [195/296] SANC
[04:52:09] [196/296] BCBP
[04:52:10] [197/296] ALPC
[04:52:11] [198/296] RBAC
[04:52:12] [199/296] RAJL
[04:52:13] [200/296] MPDX
[04:52:13] [201/296] MUSC
[04:52:14] [202/296] VKMK
[04:52:15] [203/296] SKCG
[04:52:16] [204/296] ANCN
[04:52:16] [205/296] MMCJ
[04:52:17] [206/296] DCAK
[04:52:18] [207/296] SCKG
[04:52:19] [208/296] LMCK
[04:52:20] [209/296] CKKX
[04:52:20] [210/296] ANKU
[04:52:21] [211/296] CSMD
[04:52:22] [212/296] MKMP
[04:52:24] [213/296] SVBG
[04:52:24] [214/296] ROOP
[04:52:25] [215/296] GDMT
[04:52:26] [216/296] FPPF
[04:52:27] [217/296] SFUU
[04:52:28] [218/296] ANCB
[04:52:29] [219/296] SMMC
[04:52:30] [220/296] UGKT
[04:52:31] [221/296] JVRM
[04:52:32] [222/296] BATG
[04:52:33] [223/296] RATE
[04:52:34] [224/296] SKME
[04:52:35] [225/296] LMTP
[04:52:36] [226/296] TCBD
[04:52:37] [227/296] ESBD
[04:52:37] [228/296] GDCU
[04:52:38] [229/296] SNKT
[04:52:39] [230/296] SRNK
[04:52:40] [231/296] SMED
[04:52:41] [232/296] CSQS
[04:52:42] [233/296] ALCS
[04:52:44] [234/296] KCKN
[04:52:44] [235/296] VCCL
[04:52:45] [236/296] MCDA
[04:52:46] [237/296] SHMI
[04:52:47] [238/296] SKHA
[04:52:48] [239/296] SVFK
[04:52:48] [240/296] INVB
[04:52:49] [241/296] MELD
[04:52:50] [242/296] JTYS
[04:52:52] [243/296] INCM
[04:52:52] [244/296] MCDV
[04:52:53] [245/296] KSGK
[04:52:54] [246/296] ICMG
[04:52:55] [247/296] CSCV
[04:52:56] [248/296] STMD
[04:52:56] [249/296] STTR
[04:52:57] [250/296] INVC
[04:52:58] [251/296] JTBL
[04:52:59] [252/296] SRVV
[04:53:00] [253/296] MAVC
[04:53:01] [254/296] SRPP
[04:53:02] [255/296] JGDM
[04:53:03] [256/296] MBSJ
[04:53:04] [257/296] SSLL
[04:53:04] [258/296] SLKP
[04:53:05] [259/296] NSRV
[04:53:06] [260/296] UTDV
[04:53:07] [261/296] KICM
[04:53:08] [262/296] KCMD
[04:53:08] [263/296] TTPP
[04:53:09] [264/296] KMPV
[04:53:10] [265/296] SKTV
[04:53:11] [266/296] STCV
[04:53:12] [267/296] SRDA
[04:53:12] [268/296] JTSX
[04:53:13] [269/296] STBV
[04:53:14] [270/296] APVZ
[04:53:15] [271/296] GSTV
[04:53:16] [272/296] NMVS
[04:53:16] [273/296] SKRT
[04:53:17] [274/296] RMDV
[04:53:18] [275/296] RATG
[04:53:19] [276/296] SJYV
[04:53:20] [277/296] NDGP
[04:53:20] [278/296] SNDG
[04:53:21] [279/296] INSR
[04:53:22] [280/296] INSO
[04:53:23] [281/296] CCSI
[04:53:23] [282/296] RASM
[04:53:24] [283/296] NEWC
[04:53:25] [284/296] VSHL
[04:53:26] [285/296] BISW
[04:53:26] [286/296] GCNG
[04:53:27] [287/296] CWSC
[04:53:28] [288/296] SKAN
[04:53:29] [289/296] SEHP
[04:53:30] [290/296] CCOA
[04:53:32] [291/296] MCAJ
[04:53:34] [292/296] ACDE
[04:53:34] [293/296] AACM
[04:53:35] [294/296] JJCK
[04:53:36] [295/296] RCMO
[04:53:37] [296/296] GDAW
[04:53:38] 🧹 Deduping shows
[04:53:38] ✅ DONE | Shows=58 | Movies=10
[12:02:51] 🚀 SCRIPT STARTED
[12:02:51] [1/296] CDCA
[12:02:51] 🧠 New identity created
[12:02:52] [2/296] MNSR
[12:02:54] [3/296] CSSL
[12:02:54] [4/296] BGGM
[12:02:56] [5/296] MANT
[12:02:58] [6/296] SOOY
[12:02:59] [7/296] VPPK
[12:03:00] [8/296] MYHJ
[12:03:02] [9/296] KSCK
[12:03:03] [10/296] KATK
[12:03:04] [11/296] RTRT
[12:03:06] [12/296] SSTT
[12:03:07] [13/296] SSTV
[12:03:08] [14/296] LACM
[12:03:09] [15/296] SGMG
[12:03:11] [16/296] KACX
[12:03:13] [17/296] GVCP
[12:03:14] [18/296] CSNC
[12:03:15] [19/296] SXCB
[12:03:16] [20/296] BAHS
[12:03:17] [21/296] PCBI
[12:03:18] [22/296] PSSM
[12:03:19] [23/296] RCOK
[12:03:20] [24/296] SCPF
[12:03:21] [25/296] SSAS
[12:03:23] [26/296] EVMM
[12:03:25] [27/296] SYCB
[12:03:26] [28/296] GCKI
[12:03:27] [29/296] IAET
[12:03:29] [30/296] DDTD
[12:03:30] [31/296] GMDH
[12:03:32] [32/296] STLE
[12:03:32] [33/296] JTRA
[12:03:34] [34/296] RPPA
[12:03:35] [35/296] ARUT
[12:03:36] [36/296] JTVM
[12:03:38] [37/296] SWRH
[12:03:39] [38/296] DCPC
[12:03:40] [39/296] RAPR
[12:03:41] [40/296] GCRT
[12:03:42] [41/296] ATUN
[12:03:44] [42/296] LTRM
[12:03:45] [43/296] TASR
[12:03:46] [44/296] RLLC
[12:03:47] [45/296] MABI
[12:03:49] [46/296] SVHB
[12:03:51] [47/296] NVTB
[12:03:52] [48/296] KCKG
[12:03:54] [49/296] SSRN
[12:03:56] [50/296] VDDC
[12:03:57] [51/296] GKTK
[12:03:58] [52/296] YFSN
[12:03:59] [53/296] GCSG
[12:04:00] [54/296] ESSM
[12:04:01] [55/296] KRIH
[12:04:03] [56/296] GCDS
[12:04:05] [57/296] CCSH
[12:04:06] [58/296] ACSK
[12:04:07] [59/296] APRK
[12:04:09] [60/296] ADKM
[12:04:10] [61/296] SRDM
[12:04:12] [62/296] RMOG
[12:04:14] [63/296] SJMY
[12:04:15] [64/296] PGGC
[12:04:17] [65/296] INGM
[12:04:18] [66/296] LSCB
[12:04:19] [67/296] STAD
[12:04:21] [68/296] MCCR
[12:04:22] [69/296] ABCC
[12:04:23] [70/296] RKCC
[12:04:25] [71/296] RTCR
[12:04:27] [72/296] GGBC
[12:04:28] [73/296] GCSD
[12:04:29] [74/296] LPTY
[12:04:30] [75/296] MCFD
[12:04:32] [76/296] HENN
[12:04:34] [77/296] SMKU
[12:04:35] [78/296] TNZC
[12:04:36] [79/296] DRCD
[12:04:38] [80/296] DLCD
[12:04:39] [81/296] RCDA
[12:04:40] [82/296] COSM
[12:04:41] [83/296] MCMJ
[12:04:42] [84/296] CSTR
[12:04:44] [85/296] CVDK
[12:04:45] [86/296] INRR
[12:04:47] [87/296] RJRT
[12:04:48] [88/296] IRMR
[12:04:49] [89/296] SRCF
[12:04:51] [90/296] GRCR
[12:04:53] [91/296] SURC
[12:04:53] [92/296] NMNH
[12:04:55] [93/296] SVBL
[12:04:56] [94/296] KACI
[12:04:58] [95/296] TDGO
[12:04:59] [96/296] KTBR
[12:05:00] [97/296] PMAD
[12:05:01] [98/296] CCPN
[12:05:02] [99/296] SBTK
[12:05:03] [100/296] LMDK
[12:05:04] [101/296] PGDA
[12:05:05] [102/296] SRML
[12:05:07] [103/296] EVCK
[12:05:07] [104/296] RTTK
[12:05:09] [105/296] SRTU
[12:05:10] [106/296] VRSA
[12:05:12] [107/296] VARS
[12:05:13] [108/296] DSCZ
[12:05:15] [109/296] GAGA
[12:05:16] [110/296] SARV
[12:05:18] [111/296] SEEG
[12:05:20] [112/296] GLCA
[12:05:21] [113/296] APAS
[12:05:22] [114/296] VCIA
[12:05:23] [115/296] SJTA
[12:05:25] [116/296] SABM
[12:05:25] [117/296] PPAG
[12:05:26] [118/296] RVCA
[12:05:28] [119/296] CCIA
[12:05:30] [120/296] HTAG
[12:05:31] [121/296] SMBI
[12:05:32] [122/296] MCJR
[12:05:34] [123/296] CCJR
[12:05:35] [124/296] SINF
[12:05:36] [125/296] CPLX
[12:05:37] [126/296] KKTJ
[12:05:38] [127/296] GDBW
[12:05:39] [128/296] CSUB
[12:05:40] [129/296] DABA
[12:05:40] [130/296] TITR
[12:05:41] [131/296] NYCR
[12:05:43] [132/296] RTRY
[12:05:45] [133/296] JTJL
[12:05:46] [134/296] SJCP
[12:05:48] [135/296] KCCA
[12:05:49] [136/296] MLPG
[12:05:49] [137/296] VRCK
[12:05:50] [138/296] SRIN
[12:05:51] [139/296] CXMK
[12:05:53] [140/296] SKAD
[12:05:54] [141/296] AVTR
[12:05:54] [142/296] PTAJ
[12:05:56] [143/296] SCNK
[12:05:58] [144/296] STTI
[12:06:00] [145/296] KACR
[12:06:01] [146/296] SSDX
[12:06:01] [147/296] VRTJ
[12:06:03] [148/296] RAJD
[12:06:05] [149/296] SCIP
[12:06:06] [150/296] RJSL
[12:06:07] [151/296] ARRS
[12:06:08] [152/296] ASMS
[12:06:10] [153/296] RDTS
[12:06:11] [154/296] DVMY
[12:06:11] [155/296] RASA
[12:06:13] [156/296] INOM
[12:06:15] [157/296] SPRS
[12:06:15] [158/296] SGCS
[12:06:16] [159/296] SALM
[12:06:18] [160/296] PKHC
[12:06:19] [161/296] RCSV
[12:06:20] [162/296] CPKC
[12:06:20] [163/296] AACD
[12:06:21] [164/296] GGCV
[12:06:22] [165/296] SMKD
[12:06:24] [166/296] NBCH
[12:06:25] [167/296] AMCB
[12:06:27] [168/296] OPCN
[12:06:28] [169/296] DCIN
[12:06:29] [170/296] INGW
[12:06:31] [171/296] PKKW
[12:06:33] [172/296] FNGW
[12:06:34] [173/296] GCGD
[12:06:35] [174/296] MSTW
[12:06:36] [175/296] KCCG
[12:06:38] [176/296] MRSS
[12:06:40] [177/296] CLCF
[12:06:40] [178/296] EETS
[12:06:41] [179/296] AATR
[12:06:43] [180/296] CMMN
[12:06:44] [181/296] SCCJ
[12:06:45] [182/296] CDTK
[12:06:46] [183/296] AICP
[12:06:46] [184/296] FNBP
[12:06:48] [185/296] CBPB
[12:06:49] [186/296] CPAS
[12:06:51] [187/296] MAPM
[12:06:51] [188/296] PASD
[12:06:52] [189/296] JCMN
[12:06:53] [190/296] MALB
[12:06:54] [191/296] SACG
[12:06:54] [192/296] DDRX
[12:06:55] [193/296] DDXB
[12:06:57] [194/296] RAMC
[12:06:58] [195/296] SANC
[12:07:00] [196/296] BCBP
[12:07:01] [197/296] ALPC
[12:07:02] [198/296] RBAC
[12:07:04] [199/296] RAJL
[12:07:04] [200/296] MPDX
[12:07:05] [201/296] MUSC
[12:07:07] [202/296] VKMK
[12:07:08] [203/296] SKCG
[12:07:08] [204/296] ANCN
[12:07:09] [205/296] MMCJ
[12:07:10] [206/296] DCAK
[12:07:11] [207/296] SCKG
[12:07:12] [208/296] LMCK
[12:07:14] [209/296] CKKX
[12:07:16] [210/296] ANKU
[12:07:16] [211/296] CSMD
[12:07:17] [212/296] MKMP
[12:07:19] [213/296] SVBG
[12:07:20] [214/296] ROOP
[12:07:20] [215/296] GDMT
[12:07:21] [216/296] FPPF
[12:07:22] [217/296] SFUU
[12:07:23] [218/296] ANCB
[12:07:25] [219/296] SMMC
[12:07:26] [220/296] UGKT
[12:07:28] [221/296] JVRM
[12:07:30] [222/296] BATG
[12:07:31] [223/296] RATE
[12:07:32] [224/296] SKME
[12:07:34] [225/296] LMTP
[12:07:34] [226/296] TCBD
[12:07:35] [227/296] ESBD
[12:07:36] [228/296] GDCU
[12:07:37] [229/296] SNKT
[12:07:39] [230/296] SRNK
[12:07:40] [231/296] SMED
[12:07:41] [232/296] CSQS
[12:07:43] [233/296] ALCS
[12:07:44] [234/296] KCKN
[12:07:45] [235/296] VCCL
[12:07:45] [236/296] MCDA
[12:07:46] [237/296] SHMI
[12:07:48] [238/296] SKHA
[12:07:49] [239/296] SVFK
[12:07:50] [240/296] INVB
[12:07:50] [241/296] MELD
[12:07:51] [242/296] JTYS
[12:07:53] [243/296] INCM
[12:07:54] [244/296] MCDV
[12:07:56] [245/296] KSGK
[12:07:57] [246/296] ICMG
[12:07:58] [247/296] CSCV
[12:08:00] [248/296] STMD
[12:08:02] [249/296] STTR
[12:08:03] [250/296] INVC
[12:08:05] [251/296] JTBL
[12:08:06] [252/296] SRVV
[12:08:07] [253/296] MAVC
[12:08:09] [254/296] SRPP
[12:08:10] [255/296] JGDM
[12:08:12] [256/296] MBSJ
[12:08:13] [257/296] SSLL
[12:08:13] [258/296] SLKP
[12:08:14] [259/296] NSRV
[12:08:15] [260/296] UTDV
[12:08:17] [261/296] KICM
[12:08:18] [262/296] KCMD
[12:08:19] [263/296] TTPP
[12:08:20] [264/296] KMPV
[12:08:22] [265/296] SKTV
[12:08:23] [266/296] STCV
[12:08:24] [267/296] SRDA
[12:08:26] [268/296] JTSX
[12:08:26] [269/296] STBV
[12:08:27] [270/296] APVZ
[12:08:28] [271/296] GSTV
[12:08:30] [272/296] NMVS
[12:08:32] [273/296] SKRT
[12:08:33] [274/296] RMDV
[12:08:34] [275/296] RATG
[12:08:35] [276/296] SJYV
[12:08:37] [277/296] NDGP
[12:08:38] [278/296] SNDG
[12:08:39] [279/296] INSR
[12:08:41] [280/296] INSO
[12:08:42] [281/296] CCSI
[12:08:43] [282/296] RASM
[12:08:45] [283/296] NEWC
[12:08:46] [284/296] VSHL
[12:08:47] [285/296] BISW
[12:08:48] [286/296] GCNG
[12:08:50] [287/296] CWSC
[12:08:52] [288/296] SKAN
[12:08:52] [289/296] SEHP
[12:08:54] [290/296] CCOA
[12:08:55] [291/296] MCAJ
[12:08:56] [292/296] ACDE
[12:08:57] [293/296] AACM
[12:08:58] [294/296] JJCK
[12:09:00] [295/296] RCMO
[12:09:01] [296/296] GDAW
[12:09:02] 🧹 Deduping shows
[12:09:02] ✅ DONE | Shows=62 | Movies=10
[19:05:43] 🚀 SCRIPT STARTED
[19:05:43] [1/296] CDCA
[19:05:43] 🧠 New identity created
[19:05:44] [2/296] MNSR
[19:05:44] [3/296] CSSL
[19:05:45] [4/296] BGGM
[19:05:46] [5/296] MANT
[19:05:47] [6/296] SOOY
[19:05:48] [7/296] VPPK
[19:05:50] [8/296] MYHJ
[19:05:51] [9/296] KSCK
[19:05:52] [10/296] KATK
[19:05:53] [11/296] RTRT
[19:05:53] [12/296] SSTT
[19:05:55] [13/296] SSTV
[19:05:56] [14/296] LACM
[19:05:57] [15/296] SGMG
[19:05:58] [16/296] KACX
[19:06:00] [17/296] GVCP
[19:06:01] [18/296] CSNC
[19:06:02] [19/296] SXCB
[19:06:03] [20/296] BAHS
[19:06:03] [21/296] PCBI
[19:06:04] [22/296] PSSM
[19:06:05] [23/296] RCOK
[19:06:06] [24/296] SCPF
[19:06:07] [25/296] SSAS
[19:06:08] [26/296] EVMM
[19:06:09] [27/296] SYCB
[19:06:10] [28/296] GCKI
[19:06:12] [29/296] IAET
[19:06:13] [30/296] DDTD
[19:06:14] [31/296] GMDH
[19:06:15] [32/296] STLE
[19:06:15] [33/296] JTRA
[19:06:16] [34/296] RPPA
[19:06:18] [35/296] ARUT
[19:06:19] [36/296] JTVM
[19:06:20] [37/296] SWRH
[19:06:21] [38/296] DCPC
[19:06:23] [39/296] RAPR
[19:06:23] [40/296] GCRT
[19:06:24] [41/296] ATUN
[19:06:25] [42/296] LTRM
[19:06:26] [43/296] TASR
[19:06:27] [44/296] RLLC
[19:06:28] [45/296] MABI
[19:06:29] [46/296] SVHB
[19:06:30] [47/296] NVTB
[19:06:30] [48/296] KCKG
[19:06:31] [49/296] SSRN
[19:06:32] [50/296] VDDC
[19:06:33] [51/296] GKTK
[19:06:34] [52/296] YFSN
[19:06:34] [53/296] GCSG
[19:06:35] [54/296] ESSM
[19:06:36] [55/296] KRIH
[19:06:37] [56/296] GCDS
[19:06:37] [57/296] CCSH
[19:06:38] [58/296] ACSK
[19:06:39] [59/296] APRK
[19:06:40] [60/296] ADKM
[19:06:41] [61/296] SRDM
[19:06:42] [62/296] RMOG
[19:06:43] [63/296] SJMY
[19:06:44] [64/296] PGGC
[19:06:44] [65/296] INGM
[19:06:45] [66/296] LSCB
[19:06:46] [67/296] STAD
[19:06:47] [68/296] MCCR
[19:06:48] [69/296] ABCC
[19:06:49] [70/296] RKCC
[19:06:50] [71/296] RTCR
[19:06:50] [72/296] GGBC
[19:06:51] [73/296] GCSD
[19:06:52] [74/296] LPTY
[19:06:53] [75/296] MCFD
[19:06:53] [76/296] HENN
[19:06:54] [77/296] SMKU
[19:06:55] [78/296] TNZC
[19:06:56] [79/296] DRCD
[19:06:57] [80/296] DLCD
[19:06:58] [81/296] RCDA
[19:06:59] [82/296] COSM
[19:07:00] [83/296] MCMJ
[19:07:00] [84/296] CSTR
[19:07:02] [85/296] CVDK
[19:07:03] [86/296] INRR
[19:07:04] [87/296] RJRT
[19:07:05] [88/296] IRMR
[19:07:07] [89/296] SRCF
[19:07:08] [90/296] GRCR
[19:07:09] [91/296] SURC
[19:07:09] [92/296] NMNH
[19:07:10] [93/296] SVBL
[19:07:11] [94/296] KACI
[19:07:12] [95/296] TDGO
[19:07:13] [96/296] KTBR
[19:07:14] [97/296] PMAD
[19:07:15] [98/296] CCPN
[19:07:16] [99/296] SBTK
[19:07:16] [100/296] LMDK
[19:07:17] [101/296] PGDA
[19:07:18] [102/296] SRML
[19:07:19] [103/296] EVCK
[19:07:21] [104/296] RTTK
[19:07:21] [105/296] SRTU
[19:07:22] [106/296] VRSA
[19:07:23] [107/296] VARS
[19:07:24] [108/296] DSCZ
[19:07:25] [109/296] GAGA
[19:07:26] [110/296] SARV
[19:07:26] [111/296] SEEG
[19:07:28] [112/296] GLCA
[19:07:29] [113/296] APAS
[19:07:30] [114/296] VCIA
[19:07:31] [115/296] SJTA
[19:07:32] [116/296] SABM
[19:07:33] [117/296] PPAG
[19:07:33] [118/296] RVCA
[19:07:34] [119/296] CCIA
[19:07:35] [120/296] HTAG
[19:07:36] [121/296] SMBI
[19:07:37] [122/296] MCJR
[19:07:37] [123/296] CCJR
[19:07:38] [124/296] SINF
[19:07:39] [125/296] CPLX
[19:07:40] [126/296] KKTJ
[19:07:40] [127/296] GDBW
[19:07:41] [128/296] CSUB
[19:07:42] [129/296] DABA
[19:07:43] [130/296] TITR
[19:07:44] [131/296] NYCR
[19:07:45] [132/296] RTRY
[19:07:45] [133/296] JTJL
[19:07:46] [134/296] SJCP
[19:07:47] [135/296] KCCA
[19:07:48] [136/296] MLPG
[19:07:49] [137/296] VRCK
[19:07:51] [138/296] SRIN
[19:07:52] [139/296] CXMK
[19:07:53] [140/296] SKAD
[19:07:53] [141/296] AVTR
[19:07:54] [142/296] PTAJ
[19:07:55] [143/296] SCNK
[19:07:56] [144/296] STTI
[19:07:57] [145/296] KACR
[19:07:58] [146/296] SSDX
[19:07:58] [147/296] VRTJ
[19:07:59] [148/296] RAJD
[19:08:00] [149/296] SCIP
[19:08:02] [150/296] RJSL
[19:08:02] [151/296] ARRS
[19:08:03] [152/296] ASMS
[19:08:04] [153/296] RDTS
[19:08:05] [154/296] DVMY
[19:08:06] [155/296] RASA
[19:08:07] [156/296] INOM
[19:08:08] [157/296] SPRS
[19:08:09] [158/296] SGCS
[19:08:10] [159/296] SALM
[19:08:10] [160/296] PKHC
[19:08:11] [161/296] RCSV
[19:08:12] [162/296] CPKC
[19:08:13] [163/296] AACD
[19:08:14] [164/296] GGCV
[19:08:15] [165/296] SMKD
[19:08:16] [166/296] NBCH
[19:08:17] [167/296] AMCB
[19:08:18] [168/296] OPCN
[19:08:19] [169/296] DCIN
[19:08:20] [170/296] INGW
[19:08:21] [171/296] PKKW
[19:08:21] [172/296] FNGW
[19:08:22] [173/296] GCGD
[19:08:23] [174/296] MSTW
[19:08:24] [175/296] KCCG
[19:08:25] [176/296] MRSS
[19:08:26] [177/296] CLCF
[19:08:26] [178/296] EETS
[19:08:27] [179/296] AATR
[19:08:28] [180/296] CMMN
[19:08:29] [181/296] SCCJ
[19:08:30] [182/296] CDTK
[19:08:30] [183/296] AICP
[19:08:31] [184/296] FNBP
[19:08:32] [185/296] CBPB
[19:08:33] [186/296] CPAS
[19:08:34] [187/296] MAPM
[19:08:35] [188/296] PASD
[19:08:36] [189/296] JCMN
[19:08:37] [190/296] MALB
[19:08:38] [191/296] SACG
[19:08:39] [192/296] DDRX
[19:08:41] [193/296] DDXB
[19:08:42] [194/296] RAMC
[19:08:44] [195/296] SANC
[19:08:44] [196/296] BCBP
[19:08:45] [197/296] ALPC
[19:08:46] [198/296] RBAC
[19:08:47] [199/296] RAJL
[19:08:48] [200/296] MPDX
[19:08:50] [201/296] MUSC
[19:08:52] [202/296] VKMK
[19:08:53] [203/296] SKCG
[19:08:54] [204/296] ANCN
[19:08:55] [205/296] MMCJ
[19:08:56] [206/296] DCAK
[19:08:57] [207/296] SCKG
[19:08:58] [208/296] LMCK
[19:08:59] [209/296] CKKX
[19:09:00] [210/296] ANKU
[19:09:01] [211/296] CSMD
[19:09:01] [212/296] MKMP
[19:09:02] [213/296] SVBG
[19:09:03] [214/296] ROOP
[19:09:04] [215/296] GDMT
[19:09:05] [216/296] FPPF
[19:09:06] [217/296] SFUU
[19:09:07] [218/296] ANCB
[19:09:08] [219/296] SMMC
[19:09:09] [220/296] UGKT
[19:09:10] [221/296] JVRM
[19:09:10] [222/296] BATG
[19:09:11] [223/296] RATE
[19:09:12] [224/296] SKME
[19:09:13] [225/296] LMTP
[19:09:14] [226/296] TCBD
[19:09:15] [227/296] ESBD
[19:09:15] [228/296] GDCU
[19:09:16] [229/296] SNKT
[19:09:17] [230/296] SRNK
[19:09:18] [231/296] SMED
[19:09:19] [232/296] CSQS
[19:09:20] [233/296] ALCS
[19:09:20] [234/296] KCKN
[19:09:21] [235/296] VCCL
[19:09:23] [236/296] MCDA
[19:09:23] [237/296] SHMI
[19:09:24] [238/296] SKHA
[19:09:25] [239/296] SVFK
[19:09:26] [240/296] INVB
[19:09:27] [241/296] MELD
[19:09:28] [242/296] JTYS
[19:09:29] [243/296] INCM
[19:09:29] [244/296] MCDV
[19:09:30] [245/296] KSGK
[19:09:31] [246/296] ICMG
[19:09:32] [247/296] CSCV
[19:09:33] [248/296] STMD
[19:09:34] [249/296] STTR
[19:09:34] [250/296] INVC
[19:09:35] [251/296] JTBL
[19:09:36] [252/296] SRVV
[19:09:38] [253/296] MAVC
[19:09:39] [254/296] SRPP
[19:09:40] [255/296] JGDM
[19:09:40] [256/296] MBSJ
[19:09:41] [257/296] SSLL
[19:09:42] [258/296] SLKP
[19:09:44] [259/296] NSRV
[19:09:45] [260/296] UTDV
[19:09:46] [261/296] KICM
[19:09:46] [262/296] KCMD
[19:09:47] [263/296] TTPP
[19:09:48] [264/296] KMPV
[19:09:49] [265/296] SKTV
[19:09:51] [266/296] STCV
[19:09:52] [267/296] SRDA
[19:09:53] [268/296] JTSX
[19:09:53] [269/296] STBV
[19:09:54] [270/296] APVZ
[19:09:55] [271/296] GSTV
[19:09:56] [272/296] NMVS
[19:09:57] [273/296] SKRT
[19:09:57] [274/296] RMDV
[19:09:58] [275/296] RATG
[19:09:59] [276/296] SJYV
[19:10:00] [277/296] NDGP
[19:10:01] [278/296] SNDG
[19:10:02] [279/296] INSR
[19:10:03] [280/296] INSO
[19:10:04] [281/296] CCSI
[19:10:04] [282/296] RASM
[19:10:05] [283/296] NEWC
[19:10:06] [284/296] VSHL
[19:10:07] [285/296] BISW
[19:10:07] [286/296] GCNG
[19:10:08] [287/296] CWSC
[19:10:09] [288/296] SKAN
[19:10:11] [289/296] SEHP
[19:10:12] [290/296] CCOA
[19:10:12] [291/296] MCAJ
[19:10:13] [292/296] ACDE
[19:10:14] [293/296] AACM
[19:10:16] [294/296] JJCK
[19:10:17] [295/296] RCMO
[19:10:17] [296/296] GDAW
[19:10:18] 🧹 Deduping shows
[19:10:18] ✅ DONE | Shows=216 | Movies=27
