[04:49:04] 🚀 SCRIPT STARTED
[04:49:04] [1/324] GCTA
[04:49:04] 🧠 New identity created
[04:49:05] [2/324] TOPN
[04:49:06] [3/324] MCUS
[04:49:07] [4/324] SHRL
[04:49:08] [5/324] UPTP
[04:49:08] [6/324] TMMP
[04:49:09] [7/324] DNRP
[04:49:10] [8/324] SRLT
[04:49:10] [9/324] RCNS
[04:49:11] [10/324] DCBH
[04:49:12] [11/324] NAGJ
[04:49:13] [12/324] JVRC
[04:49:14] [13/324] KRJG
[04:49:15] [14/324] SRTJ
[04:49:16] [15/324] CMXM
[04:49:17] [16/324] STMI
[04:49:17] [17/324] SLST
[04:49:18] [18/324] DTCN
[04:49:19] [19/324] STYN
[04:49:21] [20/324] SZVR
[04:49:22] [21/324] SRKO
[04:49:22] [22/324] JTGT
[04:49:23] [23/324] SVFD
[04:49:24] [24/324] SISD
[04:49:25] [25/324] ABDD
[04:49:26] [26/324] DRCA
[04:49:27] [27/324] AVCS
[04:49:28] [28/324] MVKH
[04:49:29] [29/324] ACPR
[04:49:30] [30/324] STIP
[04:49:31] [31/324] MTRA
[04:49:31] [32/324] RMKH
[04:49:32] [33/324] NKRL
[04:49:34] [34/324] PCWN
[04:49:35] [35/324] BLMT
[04:49:37] [36/324] GDPG
[04:49:37] [37/324] SRMX
[04:49:38] [38/324] JACP
[04:49:39] [39/324] CPSH
[04:49:40] [40/324] MCCD
[04:49:41] [41/324] ECGH
[04:49:41] [42/324] MKCK
[04:49:42] [43/324] SRMM
[04:49:43] [44/324] SKYR
[04:49:44] [45/324] PCKC
[04:49:45] [46/324] JCMA
[04:49:46] [47/324] BSMP
[04:49:47] [48/324] VSPA
[04:49:48] [49/324] DJYA
[04:49:49] [50/324] DIMP
[04:49:50] [51/324] FXDR
[04:49:51] [52/324] SSRC
[04:49:52] [53/324] STHP
[04:49:53] [54/324] CPPD
[04:49:54] [55/324] FCLK
[04:49:55] [56/324] SCPP
[04:49:56] [57/324] DCMJ
[04:49:57] [58/324] RCCR
[04:49:58] [59/324] INMT
[04:49:58] [60/324] LXTK
[04:49:59] [61/324] SRYK
[04:50:00] [62/324] SGDK
[04:50:01] [63/324] PPKA
[04:50:02] [64/324] SPKA
[04:50:03] [65/324] CGHH
[04:50:04] [66/324] DCJN
[04:50:05] [67/324] SRKV
[04:50:06] [68/324] SAJC
[04:50:06] [69/324] SUSR
[04:50:07] [70/324] STYG
[04:50:08] [71/324] NTKP
[04:50:09] [72/324] AKTG
[04:50:10] [73/324] CGCM
[04:50:10] [74/324] TULC
[04:50:11] [75/324] NYYZ
[04:50:12] [76/324] NYBW
[04:50:13] [77/324] MACB
[04:50:14] [78/324] SLVT
[04:50:15] [79/324] SANA
[04:50:16] [80/324] ACMR
[04:50:16] [81/324] CPKN
[04:50:17] [82/324] DLGK
[04:50:18] [83/324] CWCK
[04:50:19] [84/324] FDDH
[04:50:20] [85/324] MMMD
[04:50:21] [86/324] CMEH
[04:50:21] [87/324] GGGV
[04:50:22] [88/324] SPJL
[04:50:23] [89/324] RCCD
[04:50:24] [90/324] STTZ
[04:50:25] [91/324] BTCF
[04:50:26] [92/324] TSTZ
[04:50:27] [93/324] IPMM
[04:50:28] [94/324] PMPW
[04:50:29] [95/324] PCMZ
[04:50:30] [96/324] ESEM
[04:50:30] [97/324] PIPO
[04:50:31] [98/324] MATK
[04:50:32] [99/324] PGHM
[04:50:33] [100/324] CTSR
[04:50:34] [101/324] CYKR
[04:50:35] [102/324] MSCM
[04:50:35] [103/324] RFNP
[04:50:36] [104/324] PDCP
[04:50:37] [105/324] NPSE
[04:50:37] [106/324] MKML
[04:50:38] [107/324] FTDP
[04:50:39] [108/324] MMXA
[04:50:40] [109/324] CEPO
[04:50:41] [110/324] CMVP
[04:50:42] [111/324] SGTH
[04:50:43] [112/324] SAYN
[04:50:44] [113/324] URVS
[04:50:45] [114/324] VJTN
[04:50:46] [115/324] BBYK
[04:50:46] [116/324] SHBO
[04:50:47] [117/324] VCMR
[04:50:49] [118/324] MACT
[04:50:50] [119/324] JMNP
[04:50:51] [120/324] VICS
[04:50:51] [121/324] VCDA
[04:50:52] [122/324] GCMM
[04:50:53] [123/324] INVS
[04:50:54] [124/324] SCGM
[04:50:55] [125/324] PCDA
[04:50:57] [126/324] KDCT
[04:50:58] [127/324] JACS
[04:50:58] [128/324] GMMC
[04:50:59] [129/324] AICM
[04:51:00] [130/324] TJCM
[04:51:01] [131/324] RMTI
[04:51:02] [132/324] SHAC
[04:51:03] [133/324] APJC
[04:51:03] [134/324] GCTG
[04:51:04] [135/324] SSMC
[04:51:05] [136/324] THRM
[04:51:06] [137/324] RBCT
[04:51:07] [138/324] DIKT
[04:51:08] [139/324] MIDL
[04:51:09] [140/324] VCSN
[04:51:10] [141/324] SKTG
[04:51:10] [142/324] SMWC
[04:51:11] [143/324] MNKH
[04:51:12] [144/324] PIAT
[04:51:13] [145/324] LTTP
[04:51:14] [146/324] PTPU
[04:51:14] [147/324] ACMG
[04:51:15] [148/324] SHMM
[04:51:16] [149/324] MCMN
[04:51:17] [150/324] GLDC
[04:51:18] [151/324] HOUT
[04:51:19] [152/324] SVRP
[04:51:19] [153/324] PVDN
[04:51:20] [154/324] SCPY
[04:51:21] [155/324] DTPY
[04:51:22] [156/324] GKCS
[04:51:23] [157/324] NCAM
[04:51:24] [158/324] BSRM
[04:51:25] [159/324] RCLC
[04:51:26] [160/324] SKKD
[04:51:27] [161/324] ACHU
[04:51:27] [162/324] RSCF
[04:51:28] [163/324] IMSH
[04:51:29] [164/324] MACX
[04:51:31] [165/324] HMMW
[04:51:32] [166/324] JTCP
[04:51:32] [167/324] SREN
[04:51:33] [168/324] PJRR
[04:51:34] [169/324] INAC
[04:51:35] [170/324] BMCA
[04:51:36] [171/324] SHCB
[04:51:37] [172/324] GABA
[04:51:38] [173/324] SBCT
[04:51:39] [174/324] GCMA
[04:51:40] [175/324] MYTK
[04:51:41] [176/324] INZS
[04:51:42] [177/324] RMIK
[04:51:43] [178/324] NYCH
[04:51:43] [179/324] RAVE
[04:51:44] [180/324] PSXM
[04:51:45] [181/324] MCGP
[04:51:46] [182/324] PDDK
[04:51:47] [183/324] SPCK
[04:51:48] [184/324] MCRL
[04:51:49] [185/324] MHKT
[04:51:50] [186/324] ANRR
[04:51:50] [187/324] SAPK
[04:51:52] [188/324] NCUK
[04:51:53] [189/324] JUGA
[04:51:53] [190/324] DBSC
[04:51:54] [191/324] LALK
[04:51:55] [192/324] GUCK
[04:51:56] [193/324] STSG
[04:51:57] [194/324] PPPZ
[04:51:58] [195/324] CNCY
[04:51:59] [196/324] MTAR
[04:51:59] [197/324] VNKD
[04:52:00] [198/324] KMAJ
[04:52:01] [199/324] ACXK
[04:52:02] [200/324] UTKC
[04:52:03] [201/324] PBLK
[04:52:03] [202/324] ACBX
[04:52:04] [203/324] PTGM
[04:52:05] [204/324] BTDA
[04:52:06] [205/324] PJMB
[04:52:07] [206/324] TPDA
[04:52:08] [207/324] AMOE
[04:52:08] [208/324] PRHT
[04:52:09] [209/324] PRTA
[04:52:10] [210/324] STAM
[04:52:11] [211/324] MSAA
[04:52:12] [212/324] SDLU
[04:52:12] [213/324] RCHH
[04:52:13] [214/324] KANT
[04:52:14] [215/324] FCRT
[04:52:14] [216/324] DNKM
[04:52:15] [217/324] RYCP
[04:52:16] [218/324] MYRP
[04:52:17] [219/324] PPAK
[04:52:17] [220/324] NVPK
[04:52:18] [221/324] PRMC
[04:52:19] [222/324] JBCS
[04:52:20] [223/324] GXCK
[04:52:20] [224/324] USKO
[04:52:22] [225/324] GTEM
[04:52:23] [226/324] SMBU
[04:52:24] [227/324] VETC
[04:52:24] [228/324] LCDA
[04:52:25] [229/324] MTVT
[04:52:26] [230/324] PYCP
[04:52:27] [231/324] PNSC
[04:52:28] [232/324] PPCC
[04:52:29] [233/324] TGRT
[04:52:30] [234/324] JYOT
[04:52:30] [235/324] SRCZ
[04:52:31] [236/324] SJTE
[04:52:32] [237/324] DESC
[04:52:33] [238/324] JHVN
[04:52:34] [239/324] IPSG
[04:52:35] [240/324] IPCM
[04:52:35] [241/324] PDRS
[04:52:36] [242/324] ANCV
[04:52:37] [243/324] CMVV
[04:52:38] [244/324] SHYP
[04:52:39] [245/324] DNCS
[04:52:39] [246/324] GAJK
[04:52:40] [247/324] AKTN
[04:52:42] [248/324] KAYA
[04:52:43] [249/324] SBRC
[04:52:43] [250/324] CHTP
[04:52:44] [251/324] SHRT
[04:52:45] [252/324] BCKU
[04:52:46] [253/324] FCPS
[04:52:47] [254/324] ARDD
[04:52:48] [255/324] CPCM
[04:52:48] [256/324] CGSM
[04:52:49] [257/324] PSMP
[04:52:50] [258/324] SDAL
[04:52:51] [259/324] RTNB
[04:52:52] [260/324] LMCR
[04:52:53] [261/324] CIMA
[04:52:54] [262/324] RNAS
[04:52:55] [263/324] LITH
[04:52:56] [264/324] PBOX
[04:52:56] [265/324] FRTS
[04:52:57] [266/324] RKIC
[04:52:58] [267/324] PTAI
[04:52:59] [268/324] GCIC
[04:53:00] [269/324] FNAS
[04:53:02] [270/324] SCAR
[04:53:03] [271/324] MTCA
[04:53:04] [272/324] SCTS
[04:53:04] [273/324] SYCS
[04:53:05] [274/324] RDMS
[04:53:06] [275/324] KAMP
[04:53:07] [276/324] ERSD
[04:53:08] [277/324] MJMJ
[04:53:09] [278/324] SRCJ
[04:53:10] [279/324] SCXE
[04:53:11] [280/324] SVFR
[04:53:11] [281/324] BHCS
[04:53:12] [282/324] IMCC
[04:53:13] [283/324] PCBO
[04:53:13] [284/324] PRVN
[04:53:14] [285/324] AUPM
[04:53:15] [286/324] INBW
[04:53:16] [287/324] SVCW
[04:53:17] [288/324] RKCF
[04:53:18] [289/324] UVBH
[04:53:19] [290/324] DNCY
[04:53:20] [291/324] ABCN
[04:53:21] [292/324] PRUR
[04:53:22] [293/324] PFMR
[04:53:23] [294/324] RKCN
[04:53:23] [295/324] CFEA
[04:53:24] [296/324] SDBG
[04:53:25] [297/324] SNAR
[04:53:26] [298/324] YISI
[04:53:27] [299/324] JCFF
[04:53:28] [300/324] VTRK
[04:53:29] [301/324] PCLZ
[04:53:30] [302/324] DIMY
[04:53:30] [303/324] BBTS
[04:53:31] [304/324] GATH
[04:53:32] [305/324] GTMN
[04:53:34] [306/324] VTMH
[04:53:34] [307/324] CCKP
[04:53:35] [308/324] GPKA
[04:53:36] [309/324] MHCL
[04:53:37] [310/324] ATCL
[04:53:38] [311/324] SBCK
[04:53:39] [312/324] AMMR
[04:53:40] [313/324] MADC
[04:53:40] [314/324] TMMA
[04:53:41] [315/324] CACC
[04:53:42] [316/324] CHAL
[04:53:43] [317/324] DURG
[04:53:44] [318/324] GMKU
[04:53:44] [319/324] GECA
[04:53:45] [320/324] KYRR
[04:53:46] [321/324] KSDE
[04:53:47] [322/324] LMCI
[04:53:48] [323/324] NKCP
[04:53:49] [324/324] BGTC
[04:53:50] 🧹 Deduping shows
[04:53:50] ✅ DONE | Shows=86 | Movies=14
[12:02:53] 🚀 SCRIPT STARTED
[12:02:53] [1/324] GCTA
[12:02:53] 🧠 New identity created
[12:02:54] [2/324] TOPN
[12:02:55] [3/324] MCUS
[12:02:57] [4/324] SHRL
[12:02:59] [5/324] UPTP
[12:03:00] [6/324] TMMP
[12:03:01] [7/324] DNRP
[12:03:02] [8/324] SRLT
[12:03:03] [9/324] RCNS
[12:03:05] [10/324] DCBH
[12:03:05] [11/324] NAGJ
[12:03:07] [12/324] JVRC
[12:03:09] [13/324] KRJG
[12:03:09] [14/324] SRTJ
[12:03:11] [15/324] CMXM
[12:03:12] [16/324] STMI
[12:03:14] [17/324] SLST
[12:03:15] [18/324] DTCN
[12:03:16] [19/324] STYN
[12:03:17] [20/324] SZVR
[12:03:19] [21/324] SRKO
[12:03:20] [22/324] JTGT
[12:03:21] [23/324] SVFD
[12:03:23] [24/324] SISD
[12:03:24] [25/324] ABDD
[12:03:26] [26/324] DRCA
[12:03:27] [27/324] AVCS
[12:03:29] [28/324] MVKH
[12:03:30] [29/324] ACPR
[12:03:32] [30/324] STIP
[12:03:33] [31/324] MTRA
[12:03:34] [32/324] RMKH
[12:03:35] [33/324] NKRL
[12:03:36] [34/324] PCWN
[12:03:37] [35/324] BLMT
[12:03:38] [36/324] GDPG
[12:03:39] [37/324] SRMX
[12:03:40] [38/324] JACP
[12:03:41] [39/324] CPSH
[12:03:43] [40/324] MCCD
[12:03:45] [41/324] ECGH
[12:03:46] [42/324] MKCK
[12:03:47] [43/324] SRMM
[12:03:48] [44/324] SKYR
[12:03:49] [45/324] PCKC
[12:03:50] [46/324] JCMA
[12:03:51] [47/324] BSMP
[12:03:52] [48/324] VSPA
[12:03:54] [49/324] DJYA
[12:03:55] [50/324] DIMP
[12:03:55] [51/324] FXDR
[12:03:57] [52/324] SSRC
[12:03:59] [53/324] STHP
[12:04:00] [54/324] CPPD
[12:04:02] [55/324] FCLK
[12:04:03] [56/324] SCPP
[12:04:04] [57/324] DCMJ
[12:04:05] [58/324] RCCR
[12:04:07] [59/324] INMT
[12:04:09] [60/324] LXTK
[12:04:11] [61/324] SRYK
[12:04:13] [62/324] SGDK
[12:04:15] [63/324] PPKA
[12:04:16] [64/324] SPKA
[12:04:18] [65/324] CGHH
[12:04:19] [66/324] DCJN
[12:04:20] [67/324] SRKV
[12:04:21] [68/324] SAJC
[12:04:22] [69/324] SUSR
[12:04:24] [70/324] STYG
[12:04:26] [71/324] NTKP
[12:04:28] [72/324] AKTG
[12:04:29] [73/324] CGCM
[12:04:30] [74/324] TULC
[12:04:31] [75/324] NYYZ
[12:04:33] [76/324] NYBW
[12:04:34] [77/324] MACB
[12:04:36] [78/324] SLVT
[12:04:38] [79/324] SANA
[12:04:39] [80/324] ACMR
[12:04:41] [81/324] CPKN
[12:04:42] [82/324] DLGK
[12:04:43] [83/324] CWCK
[12:04:45] [84/324] FDDH
[12:04:46] [85/324] MMMD
[12:04:48] [86/324] CMEH
[12:04:49] [87/324] GGGV
[12:04:50] [88/324] SPJL
[12:04:52] [89/324] RCCD
[12:04:53] [90/324] STTZ
[12:04:54] [91/324] BTCF
[12:04:55] [92/324] TSTZ
[12:04:56] [93/324] IPMM
[12:04:58] [94/324] PMPW
[12:04:58] [95/324] PCMZ
[12:04:59] [96/324] ESEM
[12:05:01] [97/324] PIPO
[12:05:03] [98/324] MATK
[12:05:04] [99/324] PGHM
[12:05:06] [100/324] CTSR
[12:05:08] [101/324] CYKR
[12:05:09] [102/324] MSCM
[12:05:10] [103/324] RFNP
[12:05:11] [104/324] PDCP
[12:05:12] [105/324] NPSE
[12:05:13] [106/324] MKML
[12:05:14] [107/324] FTDP
[12:05:15] [108/324] MMXA
[12:05:16] [109/324] CEPO
[12:05:17] [110/324] CMVP
[12:05:18] [111/324] SGTH
[12:05:20] [112/324] SAYN
[12:05:21] [113/324] URVS
[12:05:23] [114/324] VJTN
[12:05:25] [115/324] BBYK
[12:05:25] [116/324] SHBO
[12:05:26] [117/324] VCMR
[12:05:27] [118/324] MACT
[12:05:28] [119/324] JMNP
[12:05:29] [120/324] VICS
[12:05:31] [121/324] VCDA
[12:05:31] [122/324] GCMM
[12:05:33] [123/324] INVS
[12:05:34] [124/324] SCGM
[12:05:36] [125/324] PCDA
[12:05:37] [126/324] KDCT
[12:05:39] [127/324] JACS
[12:05:41] [128/324] GMMC
[12:05:42] [129/324] AICM
[12:05:43] [130/324] TJCM
[12:05:45] [131/324] RMTI
[12:05:46] [132/324] SHAC
[12:05:47] [133/324] APJC
[12:05:48] [134/324] GCTG
[12:05:49] [135/324] SSMC
[12:05:50] [136/324] THRM
[12:05:51] [137/324] RBCT
[12:05:52] [138/324] DIKT
[12:05:53] [139/324] MIDL
[12:05:55] [140/324] VCSN
[12:05:57] [141/324] SKTG
[12:05:58] [142/324] SMWC
[12:06:00] [143/324] MNKH
[12:06:01] [144/324] PIAT
[12:06:03] [145/324] LTTP
[12:06:04] [146/324] PTPU
[12:06:06] [147/324] ACMG
[12:06:07] [148/324] SHMM
[12:06:09] [149/324] MCMN
[12:06:10] [150/324] GLDC
[12:06:11] [151/324] HOUT
[12:06:12] [152/324] SVRP
[12:06:14] [153/324] PVDN
[12:06:16] [154/324] SCPY
[12:06:17] [155/324] DTPY
[12:06:19] [156/324] GKCS
[12:06:20] [157/324] NCAM
[12:06:21] [158/324] BSRM
[12:06:22] [159/324] RCLC
[12:06:24] [160/324] SKKD
[12:06:25] [161/324] ACHU
[12:06:26] [162/324] RSCF
[12:06:27] [163/324] IMSH
[12:06:29] [164/324] MACX
[12:06:30] [165/324] HMMW
[12:06:32] [166/324] JTCP
[12:06:33] [167/324] SREN
[12:06:34] [168/324] PJRR
[12:06:36] [169/324] INAC
[12:06:37] [170/324] BMCA
[12:06:39] [171/324] SHCB
[12:06:40] [172/324] GABA
[12:06:42] [173/324] SBCT
[12:06:43] [174/324] GCMA
[12:06:44] [175/324] MYTK
[12:06:45] [176/324] INZS
[12:06:46] [177/324] RMIK
[12:06:48] [178/324] NYCH
[12:06:49] [179/324] RAVE
[12:06:51] [180/324] PSXM
[12:06:52] [181/324] MCGP
[12:06:52] [182/324] PDDK
[12:06:53] [183/324] SPCK
[12:06:55] [184/324] MCRL
[12:06:56] [185/324] MHKT
[12:06:57] [186/324] ANRR
[12:06:58] [187/324] SAPK
[12:07:00] [188/324] NCUK
[12:07:02] [189/324] JUGA
[12:07:03] [190/324] DBSC
[12:07:04] [191/324] LALK
[12:07:05] [192/324] GUCK
[12:07:06] [193/324] STSG
[12:07:08] [194/324] PPPZ
[12:07:09] [195/324] CNCY
[12:07:09] [196/324] MTAR
[12:07:11] [197/324] VNKD
[12:07:13] [198/324] KMAJ
[12:07:14] [199/324] ACXK
[12:07:16] [200/324] UTKC
[12:07:18] [201/324] PBLK
[12:07:18] [202/324] ACBX
[12:07:20] [203/324] PTGM
[12:07:22] [204/324] BTDA
[12:07:23] [205/324] PJMB
[12:07:24] [206/324] TPDA
[12:07:26] [207/324] AMOE
[12:07:27] [208/324] PRHT
[12:07:28] [209/324] PRTA
[12:07:29] [210/324] STAM
[12:07:29] [211/324] MSAA
[12:07:31] [212/324] SDLU
[12:07:33] [213/324] RCHH
[12:07:34] [214/324] KANT
[12:07:35] [215/324] FCRT
[12:07:36] [216/324] DNKM
[12:07:38] [217/324] RYCP
[12:07:39] [218/324] MYRP
[12:07:39] [219/324] PPAK
[12:07:41] [220/324] NVPK
[12:07:42] [221/324] PRMC
[12:07:44] [222/324] JBCS
[12:07:45] [223/324] GXCK
[12:07:46] [224/324] USKO
[12:07:47] [225/324] GTEM
[12:07:48] [226/324] SMBU
[12:07:50] [227/324] VETC
[12:07:52] [228/324] LCDA
[12:07:54] [229/324] MTVT
[12:07:55] [230/324] PYCP
[12:07:56] [231/324] PNSC
[12:07:57] [232/324] PPCC
[12:07:58] [233/324] TGRT
[12:08:00] [234/324] JYOT
[12:08:02] [235/324] SRCZ
[12:08:04] [236/324] SJTE
[12:08:05] [237/324] DESC
[12:08:07] [238/324] JHVN
[12:08:09] [239/324] IPSG
[12:08:09] [240/324] IPCM
[12:08:11] [241/324] PDRS
[12:08:12] [242/324] ANCV
[12:08:14] [243/324] CMVV
[12:08:15] [244/324] SHYP
[12:08:17] [245/324] DNCS
[12:08:18] [246/324] GAJK
[12:08:20] [247/324] AKTN
[12:08:21] [248/324] KAYA
[12:08:22] [249/324] SBRC
[12:08:24] [250/324] CHTP
[12:08:25] [251/324] SHRT
[12:08:27] [252/324] BCKU
[12:08:28] [253/324] FCPS
[12:08:28] [254/324] ARDD
[12:08:29] [255/324] CPCM
[12:08:31] [256/324] CGSM
[12:08:33] [257/324] PSMP
[12:08:34] [258/324] SDAL
[12:08:36] [259/324] RTNB
[12:08:38] [260/324] LMCR
[12:08:39] [261/324] CIMA
[12:08:41] [262/324] RNAS
[12:08:42] [263/324] LITH
[12:08:43] [264/324] PBOX
[12:08:45] [265/324] FRTS
[12:08:46] [266/324] RKIC
[12:08:48] [267/324] PTAI
[12:08:49] [268/324] GCIC
[12:08:51] [269/324] FNAS
[12:08:53] [270/324] SCAR
[12:08:53] [271/324] MTCA
[12:08:54] [272/324] SCTS
[12:08:56] [273/324] SYCS
[12:08:58] [274/324] RDMS
[12:08:59] [275/324] KAMP
[12:09:00] [276/324] ERSD
[12:09:01] [277/324] MJMJ
[12:09:03] [278/324] SRCJ
[12:09:04] [279/324] SCXE
[12:09:05] [280/324] SVFR
[12:09:06] [281/324] BHCS
[12:09:07] [282/324] IMCC
[12:09:09] [283/324] PCBO
[12:09:10] [284/324] PRVN
[12:09:11] [285/324] AUPM
[12:09:13] [286/324] INBW
[12:09:14] [287/324] SVCW
[12:09:15] [288/324] RKCF
[12:09:17] [289/324] UVBH
[12:09:18] [290/324] DNCY
[12:09:19] [291/324] ABCN
[12:09:21] [292/324] PRUR
[12:09:22] [293/324] PFMR
[12:09:23] [294/324] RKCN
[12:09:24] [295/324] CFEA
[12:09:26] [296/324] SDBG
[12:09:28] [297/324] SNAR
[12:09:29] [298/324] YISI
[12:09:30] [299/324] JCFF
[12:09:31] [300/324] VTRK
[12:09:31] [301/324] PCLZ
[12:09:32] [302/324] DIMY
[12:09:34] [303/324] BBTS
[12:09:36] [304/324] GATH
[12:09:37] [305/324] GTMN
[12:09:39] [306/324] VTMH
[12:09:40] [307/324] CCKP
[12:09:42] [308/324] GPKA
[12:09:42] [309/324] MHCL
[12:09:44] [310/324] ATCL
[12:09:45] [311/324] SBCK
[12:09:46] [312/324] AMMR
[12:09:47] [313/324] MADC
[12:09:49] [314/324] TMMA
[12:09:50] [315/324] CACC
[12:09:51] [316/324] CHAL
[12:09:53] [317/324] DURG
[12:09:54] [318/324] GMKU
[12:09:55] [319/324] GECA
[12:09:57] [320/324] KYRR
[12:09:58] [321/324] KSDE
[12:10:00] [322/324] LMCI
[12:10:01] [323/324] NKCP
[12:10:03] [324/324] BGTC
[12:10:04] 🧹 Deduping shows
[12:10:04] ✅ DONE | Shows=107 | Movies=17
[19:07:00] 🚀 SCRIPT STARTED
[19:07:00] [1/324] GCTA
[19:07:00] 🧠 New identity created
[19:07:01] [2/324] TOPN
[19:07:01] [3/324] MCUS
[19:07:02] [4/324] SHRL
[19:07:03] [5/324] UPTP
[19:07:04] [6/324] TMMP
[19:07:05] [7/324] DNRP
[19:07:05] [8/324] SRLT
[19:07:06] [9/324] RCNS
[19:07:07] [10/324] DCBH
[19:07:08] [11/324] NAGJ
[19:07:09] [12/324] JVRC
[19:07:11] [13/324] KRJG
[19:07:12] [14/324] SRTJ
[19:07:13] [15/324] CMXM
[19:07:15] [16/324] STMI
[19:07:16] [17/324] SLST
[19:07:16] [18/324] DTCN
[19:07:17] [19/324] STYN
[19:07:19] [20/324] SZVR
[19:07:19] [21/324] SRKO
[19:07:20] [22/324] JTGT
[19:07:21] [23/324] SVFD
[19:07:23] [24/324] SISD
[19:07:24] [25/324] ABDD
[19:07:25] [26/324] DRCA
[19:07:26] [27/324] AVCS
[19:07:28] [28/324] MVKH
[19:07:29] [29/324] ACPR
[19:07:30] [30/324] STIP
[19:07:31] [31/324] MTRA
[19:07:31] [32/324] RMKH
[19:07:32] [33/324] NKRL
[19:07:33] [34/324] PCWN
[19:07:34] [35/324] BLMT
[19:07:35] [36/324] GDPG
[19:07:36] [37/324] SRMX
[19:07:37] [38/324] JACP
[19:07:37] [39/324] CPSH
[19:07:38] [40/324] MCCD
[19:07:39] [41/324] ECGH
[19:07:41] [42/324] MKCK
[19:07:42] [43/324] SRMM
[19:07:43] [44/324] SKYR
[19:07:44] [45/324] PCKC
[19:07:44] [46/324] JCMA
[19:07:45] [47/324] BSMP
[19:07:46] [48/324] VSPA
[19:07:47] [49/324] DJYA
[19:07:48] [50/324] DIMP
[19:07:49] [51/324] FXDR
[19:07:50] [52/324] SSRC
[19:07:51] [53/324] STHP
[19:07:52] [54/324] CPPD
[19:07:53] [55/324] FCLK
[19:07:53] [56/324] SCPP
[19:07:54] [57/324] DCMJ
[19:07:55] [58/324] RCCR
[19:07:56] [59/324] INMT
[19:07:57] [60/324] LXTK
[19:07:58] [61/324] SRYK
[19:07:59] [62/324] SGDK
[19:07:59] [63/324] PPKA
[19:08:00] [64/324] SPKA
[19:08:01] [65/324] CGHH
[19:08:02] [66/324] DCJN
[19:08:02] [67/324] SRKV
[19:08:03] [68/324] SAJC
[19:08:04] [69/324] SUSR
[19:08:05] [70/324] STYG
[19:08:06] [71/324] NTKP
[19:08:07] [72/324] AKTG
[19:08:08] [73/324] CGCM
[19:08:09] [74/324] TULC
[19:08:09] [75/324] NYYZ
[19:08:10] [76/324] NYBW
[19:08:11] [77/324] MACB
[19:08:12] [78/324] SLVT
[19:08:13] [79/324] SANA
[19:08:13] [80/324] ACMR
[19:08:14] [81/324] CPKN
[19:08:15] [82/324] DLGK
[19:08:16] [83/324] CWCK
[19:08:17] [84/324] FDDH
[19:08:18] [85/324] MMMD
[19:08:18] [86/324] CMEH
[19:08:19] [87/324] GGGV
[19:08:20] [88/324] SPJL
[19:08:21] [89/324] RCCD
[19:08:22] [90/324] STTZ
[19:08:23] [91/324] BTCF
[19:08:24] [92/324] TSTZ
[19:08:25] [93/324] IPMM
[19:08:25] [94/324] PMPW
[19:08:26] [95/324] PCMZ
[19:08:27] [96/324] ESEM
[19:08:28] [97/324] PIPO
[19:08:29] [98/324] MATK
[19:08:30] [99/324] PGHM
[19:08:30] [100/324] CTSR
[19:08:31] [101/324] CYKR
[19:08:32] [102/324] MSCM
[19:08:33] [103/324] RFNP
[19:08:34] [104/324] PDCP
[19:08:35] [105/324] NPSE
[19:08:35] [106/324] MKML
[19:08:36] [107/324] FTDP
[19:08:37] [108/324] MMXA
[19:08:38] [109/324] CEPO
[19:08:39] [110/324] CMVP
[19:08:41] [111/324] SGTH
[19:08:42] [112/324] SAYN
[19:08:42] [113/324] URVS
[19:08:43] [114/324] VJTN
[19:08:44] [115/324] BBYK
[19:08:45] [116/324] SHBO
[19:08:46] [117/324] VCMR
[19:08:46] [118/324] MACT
[19:08:47] [119/324] JMNP
[19:08:48] [120/324] VICS
[19:08:49] [121/324] VCDA
[19:08:50] [122/324] GCMM
[19:08:51] [123/324] INVS
[19:08:52] [124/324] SCGM
[19:08:52] [125/324] PCDA
[19:08:53] [126/324] KDCT
[19:08:55] [127/324] JACS
[19:08:55] [128/324] GMMC
[19:08:56] [129/324] AICM
[19:08:57] [130/324] TJCM
[19:08:58] [131/324] RMTI
[19:08:59] [132/324] SHAC
[19:08:59] [133/324] APJC
[19:09:00] [134/324] GCTG
[19:09:01] [135/324] SSMC
[19:09:02] [136/324] THRM
[19:09:03] [137/324] RBCT
[19:09:03] [138/324] DIKT
[19:09:04] [139/324] MIDL
[19:09:05] [140/324] VCSN
[19:09:06] [141/324] SKTG
[19:09:07] [142/324] SMWC
[19:09:08] [143/324] MNKH
[19:09:09] [144/324] PIAT
[19:09:10] [145/324] LTTP
[19:09:11] [146/324] PTPU
[19:09:12] [147/324] ACMG
[19:09:13] [148/324] SHMM
[19:09:14] [149/324] MCMN
[19:09:14] [150/324] GLDC
[19:09:15] [151/324] HOUT
[19:09:16] [152/324] SVRP
[19:09:17] [153/324] PVDN
[19:09:17] [154/324] SCPY
[19:09:18] [155/324] DTPY
[19:09:20] [156/324] GKCS
[19:09:21] [157/324] NCAM
[19:09:21] [158/324] BSRM
[19:09:22] [159/324] RCLC
[19:09:23] [160/324] SKKD
[19:09:25] [161/324] ACHU
[19:09:25] [162/324] RSCF
[19:09:26] [163/324] IMSH
[19:09:27] [164/324] MACX
[19:09:28] [165/324] HMMW
[19:09:29] [166/324] JTCP
[19:09:30] [167/324] SREN
[19:09:30] [168/324] PJRR
[19:09:31] [169/324] INAC
[19:09:32] [170/324] BMCA
[19:09:33] [171/324] SHCB
[19:09:34] [172/324] GABA
[19:09:34] [173/324] SBCT
[19:09:35] [174/324] GCMA
[19:09:36] [175/324] MYTK
[19:09:37] [176/324] INZS
[19:09:38] [177/324] RMIK
[19:09:39] [178/324] NYCH
[19:09:39] [179/324] RAVE
[19:09:40] [180/324] PSXM
[19:09:41] [181/324] MCGP
[19:09:43] [182/324] PDDK
[19:09:44] [183/324] SPCK
[19:09:45] [184/324] MCRL
[19:09:45] [185/324] MHKT
[19:09:46] [186/324] ANRR
[19:09:47] [187/324] SAPK
[19:09:48] [188/324] NCUK
[19:09:49] [189/324] JUGA
[19:09:50] [190/324] DBSC
[19:09:51] [191/324] LALK
[19:09:52] [192/324] GUCK
[19:09:53] [193/324] STSG
[19:09:54] [194/324] PPPZ
[19:09:55] [195/324] CNCY
[19:09:55] [196/324] MTAR
[19:09:56] [197/324] VNKD
[19:09:58] [198/324] KMAJ
[19:09:59] [199/324] ACXK
[19:10:00] [200/324] UTKC
[19:10:01] [201/324] PBLK
[19:10:02] [202/324] ACBX
[19:10:03] [203/324] PTGM
[19:10:04] [204/324] BTDA
[19:10:04] [205/324] PJMB
[19:10:05] [206/324] TPDA
[19:10:06] [207/324] AMOE
[19:10:07] [208/324] PRHT
[19:10:08] [209/324] PRTA
[19:10:09] [210/324] STAM
[19:10:10] [211/324] MSAA
[19:10:10] [212/324] SDLU
[19:10:11] [213/324] RCHH
[19:10:12] [214/324] KANT
[19:10:13] [215/324] FCRT
[19:10:14] [216/324] DNKM
[19:10:15] [217/324] RYCP
[19:10:16] [218/324] MYRP
[19:10:16] [219/324] PPAK
[19:10:18] [220/324] NVPK
[19:10:19] [221/324] PRMC
[19:10:20] [222/324] JBCS
[19:10:21] [223/324] GXCK
[19:10:22] [224/324] USKO
[19:10:22] [225/324] GTEM
[19:10:23] [226/324] SMBU
[19:10:24] [227/324] VETC
[19:10:25] [228/324] LCDA
[19:10:26] [229/324] MTVT
[19:10:27] [230/324] PYCP
[19:10:27] [231/324] PNSC
[19:10:28] [232/324] PPCC
[19:10:29] [233/324] TGRT
[19:10:30] [234/324] JYOT
[19:10:31] [235/324] SRCZ
[19:10:32] [236/324] SJTE
[19:10:33] [237/324] DESC
[19:10:33] [238/324] JHVN
[19:10:34] [239/324] IPSG
[19:10:35] [240/324] IPCM
[19:10:36] [241/324] PDRS
[19:10:37] [242/324] ANCV
[19:10:38] [243/324] CMVV
[19:10:38] [244/324] SHYP
[19:10:39] [245/324] DNCS
[19:10:40] [246/324] GAJK
[19:10:41] [247/324] AKTN
[19:10:42] [248/324] KAYA
[19:10:43] [249/324] SBRC
[19:10:43] [250/324] CHTP
[19:10:44] [251/324] SHRT
[19:10:45] [252/324] BCKU
[19:10:46] [253/324] FCPS
[19:10:47] [254/324] ARDD
[19:10:47] [255/324] CPCM
[19:10:48] [256/324] CGSM
[19:10:49] [257/324] PSMP
[19:10:50] [258/324] SDAL
[19:10:51] [259/324] RTNB
[19:10:52] [260/324] LMCR
[19:10:53] [261/324] CIMA
[19:10:54] [262/324] RNAS
[19:10:54] [263/324] LITH
[19:10:55] [264/324] PBOX
[19:10:56] [265/324] FRTS
[19:10:57] [266/324] RKIC
[19:10:58] [267/324] PTAI
[19:10:59] [268/324] GCIC
[19:11:00] [269/324] FNAS
[19:11:01] [270/324] SCAR
[19:11:02] [271/324] MTCA
[19:11:02] [272/324] SCTS
[19:11:03] [273/324] SYCS
[19:11:04] [274/324] RDMS
[19:11:06] [275/324] KAMP
[19:11:07] [276/324] ERSD
[19:11:07] [277/324] MJMJ
[19:11:08] [278/324] SRCJ
[19:11:10] [279/324] SCXE
[19:11:10] [280/324] SVFR
[19:11:11] [281/324] BHCS
[19:11:12] [282/324] IMCC
[19:11:13] [283/324] PCBO
[19:11:14] [284/324] PRVN
[19:11:15] [285/324] AUPM
[19:11:16] [286/324] INBW
[19:11:17] [287/324] SVCW
[19:11:18] [288/324] RKCF
[19:11:19] [289/324] UVBH
[19:11:20] [290/324] DNCY
[19:11:21] [291/324] ABCN
[19:11:22] [292/324] PRUR
[19:11:22] [293/324] PFMR
[19:11:23] [294/324] RKCN
[19:11:25] [295/324] CFEA
[19:11:26] [296/324] SDBG
[19:11:26] [297/324] SNAR
[19:11:27] [298/324] YISI
[19:11:28] [299/324] JCFF
[19:11:29] [300/324] VTRK
[19:11:30] [301/324] PCLZ
[19:11:31] [302/324] DIMY
[19:11:32] [303/324] BBTS
[19:11:32] [304/324] GATH
[19:11:33] [305/324] GTMN
[19:11:34] [306/324] VTMH
[19:11:35] [307/324] CCKP
[19:11:36] [308/324] GPKA
[19:11:36] [309/324] MHCL
[19:11:37] [310/324] ATCL
[19:11:38] [311/324] SBCK
[19:11:39] [312/324] AMMR
[19:11:40] [313/324] MADC
[19:11:41] [314/324] TMMA
[19:11:42] [315/324] CACC
[19:11:43] [316/324] CHAL
[19:11:44] [317/324] DURG
[19:11:45] [318/324] GMKU
[19:11:47] [319/324] GECA
[19:11:48] [320/324] KYRR
[19:11:50] [321/324] KSDE
[19:11:51] [322/324] LMCI
[19:11:52] [323/324] NKCP
[19:11:52] [324/324] BGTC
[19:11:53] 🧹 Deduping shows
[19:11:53] ✅ DONE | Shows=229 | Movies=26
