[00:40:44] 🚀 BMS DAILY TRACKER STARTED
[00:40:44] [1/459] FNDB
[00:40:44] 🧠 New identity
[00:40:46] [2/459] AMBH
[00:40:46] [3/459] PRHN
[00:40:47] [4/459] ACPM
[00:40:48] [5/459] PVFS
[00:40:50] [6/459] AACN
[00:40:51] [7/459] ACAS
[00:40:51] [8/459] CTNR
[00:40:52] [9/459] MMAH
[00:40:53] [10/459] CPMH
[00:40:54] [11/459] IGMH
[00:40:55] [12/459] ABCS
[00:40:56] [13/459] CMMA
[00:40:57] [14/459] GPRH
[00:40:58] [15/459] PNNG
[00:40:59] [16/459] AMCA
[00:41:00] [17/459] ISTN
[00:41:01] [18/459] PIIC
[00:41:02] [19/459] AHMH
[00:41:02] [20/459] ASHN
[00:41:03] [21/459] INHY
[00:41:05] [22/459] SRMO
[00:41:05] [23/459] PIMH
[00:41:06] [24/459] PVTS
[00:41:07] [25/459] MMCA
[00:41:08] [26/459] AKYJ
[00:41:09] [27/459] BRKH
[00:41:10] [28/459] MAHM
[00:41:11] [29/459] CPHY
[00:41:13] [30/459] PVTP
[00:41:14] [31/459] SMMR
[00:41:15] [32/459] PVHM
[00:41:17] [33/459] SNDY
[00:41:18] [34/459] GOKU
[00:41:18] [35/459] ACEV
[00:41:20] [36/459] PVUM
[00:41:21] [37/459] VSWA
[00:41:22] [38/459] IPRS
[00:41:23] [39/459] ASGN
[00:41:23] [40/459] BKMV
[00:41:24] [41/459] PVYH
[00:41:25] [42/459] INKM
[00:41:26] [43/459] ARJU
[00:41:27] [44/459] JJPP
[00:41:28] [45/459] SSRM
[00:41:29] [46/459] HMHD
[00:41:29] [47/459] SNKH
[00:41:30] [48/459] ACHI
[00:41:31] [49/459] MRAA
[00:41:32] [50/459] INMH
[00:41:34] [51/459] ARMH
[00:41:34] [52/459] DVRR
[00:41:35] [53/459] SUDA
[00:41:36] [54/459] MCSS
[00:41:37] [55/459] VRKC
[00:41:38] [56/459] PRCX
[00:41:39] [57/459] ASJY
[00:41:39] [58/459] MTHY
[00:41:40] [59/459] SRCM
[00:41:41] [60/459] TVHY
[00:41:42] [61/459] STHD
[00:41:42] [62/459] CPCL
[00:41:43] [63/459] PSMJ
[00:41:44] [64/459] MRGT
[00:41:45] [65/459] ARYH
[00:41:46] [66/459] VTRB
[00:41:47] [67/459] SCHC
[00:41:48] [68/459] MRRG
[00:41:49] [69/459] SPCB
[00:41:49] [70/459] AMCM
[00:41:50] [71/459] IVNM
[00:41:51] [72/459] TRHY
[00:41:52] [73/459] PTTH
[00:41:53] [74/459] RKMH
[00:41:54] [75/459] PRCS
[00:41:55] [76/459] VAJA
[00:41:55] [77/459] BJNG
[00:41:56] [78/459] SCVM
[00:41:57] [79/459] GNHB
[00:41:58] [80/459] TLUR
[00:41:58] [81/459] UKCC
[00:41:59] [82/459] SRKR
[00:42:00] [83/459] RMKN
[00:42:01] [84/459] SLRT
[00:42:03] [85/459] LKMT
[00:42:03] [86/459] SSRJ
[00:42:05] [87/459] SPHT
[00:42:06] [88/459] ANTT
[00:42:06] [89/459] SRCH
[00:42:07] [90/459] SRCA
[00:42:08] [91/459] ARTH
[00:42:09] [92/459] MCBH
[00:42:11] [93/459] SNIB
[00:42:12] [94/459] SART
[00:42:13] [95/459] SKTA
[00:42:14] [96/459] YAKT
[00:42:15] [97/459] MLCK
[00:42:16] [98/459] ANTS
[00:42:16] [99/459] DGCA
[00:42:17] [100/459] SGMP
[00:42:18] [101/459] ASWN
[00:42:19] [102/459] KFVU
[00:42:20] [103/459] POOR
[00:42:21] [104/459] GKDN
[00:42:22] [105/459] EOSE
[00:42:22] [106/459] GTTT
[00:42:23] [107/459] ARRO
[00:42:25] [108/459] CMMK
[00:42:25] [109/459] MSCN
[00:42:26] [110/459] GDKH
[00:42:27] [111/459] DLMT
[00:42:28] [112/459] PVMF
[00:42:29] [113/459] CPCK
[00:42:30] [114/459] VMHE
[00:42:30] [115/459] PVLC
[00:42:32] [116/459] PCVB
[00:42:33] [117/459] SNYK
[00:42:34] [118/459] KTEK
[00:42:34] [119/459] PCNM
[00:42:35] [120/459] NTTR
[00:42:37] [121/459] CPSK
[00:42:38] [122/459] JMMA
[00:42:38] [123/459] GCFK
[00:42:39] [124/459] MYCA
[00:42:40] [125/459] KSNP
[00:42:42] [126/459] PMCE
[00:42:42] [127/459] SCKI
[00:42:43] [128/459] FSMA
[00:42:44] [129/459] CETA
[00:42:45] [130/459] MCIK
[00:42:46] [131/459] MYCR
[00:42:47] [132/459] EVMP
[00:42:48] [133/459] SSGT
[00:42:49] [134/459] KCTK
[00:42:49] [135/459] ZTKC
[00:42:50] [136/459] MMTA
[00:42:51] [137/459] MAJT
[00:42:52] [138/459] ACPK
[00:42:52] [139/459] JMAX
[00:42:53] [140/459] SETK
[00:42:54] [141/459] CAIS
[00:42:55] [142/459] AGCD
[00:42:56] [143/459] URCL
[00:42:57] [144/459] VTDS
[00:42:57] [145/459] JCNM
[00:42:58] [146/459] KCAM
[00:42:59] [147/459] ADCU
[00:43:00] [148/459] GXYN
[00:43:00] [149/459] SMJG
[00:43:01] [150/459] EYCJ
[00:43:02] [151/459] CCEJ
[00:43:03] [152/459] MARS
[00:43:04] [153/459] CPVJ
[00:43:06] [154/459] INVP
[00:43:06] [155/459] CPOV
[00:43:07] [156/459] VIJK
[00:43:09] [157/459] LAIM
[00:43:10] [158/459] STHV
[00:43:10] [159/459] SVLJ
[00:43:11] [160/459] ATVJ
[00:43:12] [161/459] JTSC
[00:43:13] [162/459] RMTV
[00:43:14] [163/459] MGGG
[00:43:15] [164/459] SWTH
[00:43:16] [165/459] INVJ
[00:43:17] [166/459] PRSV
[00:43:18] [167/459] JATV
[00:43:19] [168/459] RCVD
[00:43:20] [169/459] BDMA
[00:43:20] [170/459] BLJI
[00:43:21] [171/459] SWOT
[00:43:22] [172/459] SWRN
[00:43:23] [173/459] TVRA
[00:43:24] [174/459] VCSV
[00:43:24] [175/459] NVRN
[00:43:25] [176/459] SIKC
[00:43:26] [177/459] VAKR
[00:43:27] [178/459] SYLN
[00:43:28] [179/459] KLJL
[00:43:29] [180/459] LKMY
[00:43:30] [181/459] VSLY
[00:43:31] [182/459] CIKO
[00:43:32] [183/459] GPBG
[00:43:32] [184/459] CECM
[00:43:33] [185/459] SLKB
[00:43:34] [186/459] MTBO
[00:43:35] [187/459] SSHB
[00:43:36] [188/459] VPCS
[00:43:37] [189/459] RCSR
[00:43:37] [190/459] RJRM
[00:43:38] [191/459] KPPB
[00:43:39] [192/459] SEDC
[00:43:40] [193/459] SCAI
[00:43:41] [194/459] RMTR
[00:43:41] [195/459] ASST
[00:43:42] [196/459] GCAK
[00:43:43] [197/459] ANNK
[00:43:44] [198/459] KDDF
[00:43:45] [199/459] NRDP
[00:43:47] [200/459] PLAK
[00:43:47] [201/459] GCMC
[00:43:48] [202/459] ALPY
[00:43:49] [203/459] SICE
[00:43:50] [204/459] SISR
[00:43:51] [205/459] SRPZ
[00:43:51] [206/459] SRSW
[00:43:52] [207/459] SUYA
[00:43:53] [208/459] AMMT
[00:43:54] [209/459] BHCU
[00:43:55] [210/459] KLPA
[00:43:56] [211/459] NVKH
[00:43:57] [212/459] JMRC
[00:43:58] [213/459] KTTT
[00:43:59] [214/459] MAGH
[00:43:59] [215/459] MMMX
[00:44:00] [216/459] SALJ
[00:44:01] [217/459] GTJA
[00:44:03] [218/459] MAHT
[00:44:03] [219/459] SSNN
[00:44:04] [220/459] ARRP
[00:44:05] [221/459] ATNS
[00:44:06] [222/459] SKDT
[00:44:06] [223/459] ACAT
[00:44:07] [224/459] APRC
[00:44:08] [225/459] SWAG
[00:44:09] [226/459] SDPT
[00:44:10] [227/459] STPS
[00:44:10] [228/459] WWCZ
[00:44:11] [229/459] LLCH
[00:44:12] [230/459] MZHA
[00:44:13] [231/459] CRJG
[00:44:14] [232/459] JGTK
[00:44:15] [233/459] KCSR
[00:44:15] [234/459] CHTL
[00:44:16] [235/459] EDSR
[00:44:17] [236/459] CSWO
[00:44:18] [237/459] CPVM
[00:44:19] [238/459] MXBY
[00:44:20] [239/459] FMMA
[00:44:20] [240/459] POVI
[00:44:21] [241/459] MTHB
[00:44:22] [242/459] INRC
[00:44:23] [243/459] PIPP
[00:44:24] [244/459] BMXC
[00:44:25] [245/459] PCMM
[00:44:25] [246/459] PMKM
[00:44:26] [247/459] GATY
[00:44:27] [248/459] IMCM
[00:44:28] [249/459] POPE
[00:44:29] [250/459] MTCR
[00:44:30] [251/459] PVAE
[00:44:31] [252/459] PVMI
[00:44:32] [253/459] CPNM
[00:44:32] [254/459] FMRL
[00:44:33] [255/459] MCIW
[00:44:34] [256/459] MXBO
[00:44:35] [257/459] FMKY
[00:44:36] [258/459] FMDA
[00:44:36] [259/459] THAB
[00:44:37] [260/459] PRCW
[00:44:38] [261/459] PITI
[00:44:39] [262/459] MCFF
[00:44:40] [263/459] PDDV
[00:44:41] [264/459] MCRM
[00:44:42] [265/459] KKMB
[00:44:43] [266/459] INKO
[00:44:44] [267/459] PLXP
[00:44:44] [268/459] MMHA
[00:44:45] [269/459] FMVS
[00:44:46] [270/459] POLM
[00:44:47] [271/459] STER
[00:44:48] [272/459] PVWJ
[00:44:48] [273/459] IMJW
[00:44:49] [274/459] FNAN
[00:44:50] [275/459] CAGL
[00:44:51] [276/459] IPBG
[00:44:53] [277/459] SMFV
[00:44:53] [278/459] MMMR
[00:44:54] [279/459] MMWM
[00:44:55] [280/459] FNCM
[00:44:56] [281/459] MDVA
[00:44:56] [282/459] MMET
[00:44:57] [283/459] MIDO
[00:44:58] [284/459] INNP
[00:44:59] [285/459] MIFU
[00:45:00] [286/459] MMSZ
[00:45:01] [287/459] BMXA
[00:45:02] [288/459] MCAA
[00:45:03] [289/459] SCVP
[00:45:04] [290/459] PLUS
[00:45:05] [291/459] MUCK
[00:45:05] [292/459] MTMA
[00:45:06] [293/459] HPVR
[00:45:07] [294/459] PMPK
[00:45:08] [295/459] MAJB
[00:45:09] [296/459] CTRR
[00:45:10] [297/459] MCTG
[00:45:10] [298/459] MACE
[00:45:11] [299/459] AAAS
[00:45:13] [300/459] CPVV
[00:45:14] [301/459] RCHG
[00:45:15] [302/459] MCNE
[00:45:15] [303/459] EMNC
[00:45:16] [304/459] MCAN
[00:45:18] [305/459] TCDM
[00:45:19] [306/459] IRGT
[00:45:19] [307/459] GCMG
[00:45:20] [308/459] MXSN
[00:45:21] [309/459] MXCK
[00:45:22] [310/459] MCRC
[00:45:23] [311/459] RSMI
[00:45:23] [312/459] WAML
[00:45:24] [313/459] MTSC
[00:45:26] [314/459] FMDR
[00:45:27] [315/459] LEPV
[00:45:27] [316/459] MTGD
[00:45:29] [317/459] IMOB
[00:45:30] [318/459] CLMM
[00:45:31] [319/459] PZCD
[00:45:32] [320/459] GOCS
[00:45:32] [321/459] KCMA
[00:45:33] [322/459] CCMP
[00:45:34] [323/459] MTSU
[00:45:35] [324/459] SNGL
[00:45:36] [325/459] MMMC
[00:45:37] [326/459] MMAA
[00:45:38] [327/459] GCDM
[00:45:38] [328/459] KTMV
[00:45:39] [329/459] AETE
[00:45:40] [330/459] OMCS
[00:45:42] [331/459] GDCD
[00:45:42] [332/459] NYMD
[00:45:43] [333/459] RNCV
[00:45:44] [334/459] KKMT
[00:45:46] [335/459] GDTH
[00:45:47] [336/459] KMMV
[00:45:48] [337/459] NHCG
[00:45:48] [338/459] PJDW
[00:45:49] [339/459] MMCV
[00:45:50] [340/459] FQSA
[00:45:50] [341/459] KURL
[00:45:51] [342/459] NNNX
[00:45:52] [343/459] AMAU
[00:45:53] [344/459] VVVM
[00:45:54] [345/459] VECU
[00:45:55] [346/459] WCVR
[00:45:56] [347/459] MTGG
[00:45:57] [348/459] SGTG
[00:45:58] [349/459] MNTG
[00:45:58] [350/459] JDDG
[00:45:59] [351/459] MBTK
[00:46:00] [352/459] SGCD
[00:46:01] [353/459] MCTC
[00:46:02] [354/459] JTPC
[00:46:03] [355/459] SDKT
[00:46:04] [356/459] KRCC
[00:46:04] [357/459] RMMD
[00:46:06] [358/459] AAME
[00:46:08] [359/459] TMWC
[00:46:09] [360/459] NRWY
[00:46:10] [361/459] CITD
[00:46:11] [362/459] VERD
[00:46:12] [363/459] MKSK
[00:46:13] [364/459] STSM
[00:46:14] [365/459] MJDG
[00:46:14] [366/459] RKPM
[00:46:16] [367/459] SSCE
[00:46:17] [368/459] VMAE
[00:46:18] [369/459] SBRU
[00:46:18] [370/459] AMBC
[00:46:20] [371/459] AMLU
[00:46:21] [372/459] INVZ
[00:46:22] [373/459] LGTV
[00:46:22] [374/459] SVAD
[00:46:23] [375/459] SMSA
[00:46:24] [376/459] SPCZ
[00:46:25] [377/459] GTCX
[00:46:26] [378/459] SCSL
[00:46:27] [379/459] SAHU
[00:46:28] [380/459] NCDA
[00:46:29] [381/459] SCCG
[00:46:30] [382/459] VKTL
[00:46:30] [383/459] PUUJ
[00:46:31] [384/459] STEJ
[00:46:32] [385/459] RJAL
[00:46:33] [386/459] ACJC
[00:46:34] [387/459] VTHC
[00:46:35] [388/459] ARVB
[00:46:35] [389/459] AUBB
[00:46:36] [390/459] GDBR
[00:46:37] [391/459] PVND
[00:46:38] [392/459] BGRJ
[00:46:39] [393/459] RJMM
[00:46:39] [394/459] MCSA
[00:46:40] [395/459] BODA
[00:46:42] [396/459] JAGG
[00:46:43] [397/459] SCGA
[00:46:43] [398/459] LRCM
[00:46:44] [399/459] CPCN
[00:46:45] [400/459] SSTF
[00:46:46] [401/459] SRXP
[00:46:46] [402/459] CNFX
[00:46:47] [403/459] ANDI
[00:46:48] [404/459] SYEW
[00:46:49] [405/459] RCRE
[00:46:50] [406/459] SCRW
[00:46:51] [407/459] MBKR
[00:46:52] [408/459] ASNT
[00:46:53] [409/459] JTMT
[00:46:53] [410/459] SHAY
[00:46:54] [411/459] VRTH
[00:46:55] [412/459] SPTI
[00:46:56] [413/459] DPTD
[00:46:56] [414/459] TGSN
[00:46:57] [415/459] RCWV
[00:46:58] [416/459] OCUR
[00:46:59] [417/459] KSTC
[00:47:00] [418/459] SANI
[00:47:00] [419/459] MLCA
[00:47:01] [420/459] EGCA
[00:47:02] [421/459] SYSN
[00:47:03] [422/459] PKTA
[00:47:04] [423/459] PRCC
[00:47:05] [424/459] KSTR
[00:47:06] [425/459] SNTP
[00:47:07] [426/459] RCHA
[00:47:08] [427/459] SEEA
[00:47:08] [428/459] ALAT
[00:47:09] [429/459] AATV
[00:47:10] [430/459] RJTE
[00:47:11] [431/459] AAPP
[00:47:12] [432/459] PMMH
[00:47:13] [433/459] INRJ
[00:47:15] [434/459] SARB
[00:47:16] [435/459] PCJL
[00:47:17] [436/459] PFJJ
[00:47:17] [437/459] GRDC
[00:47:18] [438/459] BCBA
[00:47:19] [439/459] VIXL
[00:47:20] [440/459] CSTL
[00:47:20] [441/459] MTDK
[00:47:21] [442/459] TDAC
[00:47:22] [443/459] GTDN
[00:47:23] [444/459] TTDE
[00:47:24] [445/459] ASTS
[00:47:24] [446/459] CPNS
[00:47:25] [447/459] PVVW
[00:47:26] [448/459] USEB
[00:47:27] [449/459] DTYN
[00:47:28] [450/459] PVLE
[00:47:29] [451/459] CIPS
[00:47:30] [452/459] PAEG
[00:47:32] [453/459] PTCW
[00:47:32] [454/459] G3SR
[00:47:33] [455/459] PGND
[00:47:34] [456/459] INVM
[00:47:35] [457/459] SPIA
[00:47:36] [458/459] PCSN
[00:47:37] [459/459] PPGV
[00:47:38] ✅ DONE | Shows=2 | Movies=1
[01:43:57] 🚀 BMS DAILY TRACKER STARTED
[01:43:57] [1/459] FNDB
[01:43:57] 🧠 New identity
[01:43:58] [2/459] AMBH
[01:43:58] [3/459] PRHN
[01:43:59] [4/459] ACPM
[01:44:00] [5/459] PVFS
[01:44:01] [6/459] AACN
[01:44:02] [7/459] ACAS
[01:44:03] [8/459] CTNR
[01:44:04] [9/459] MMAH
[01:44:04] [10/459] CPMH
[01:44:05] [11/459] IGMH
[01:44:06] [12/459] ABCS
[01:44:07] [13/459] CMMA
[01:44:08] [14/459] GPRH
[01:44:09] [15/459] PNNG
[01:44:10] [16/459] AMCA
[01:44:11] [17/459] ISTN
[01:44:12] [18/459] PIIC
[01:44:13] [19/459] AHMH
[01:44:14] [20/459] ASHN
[01:44:14] [21/459] INHY
[01:44:15] [22/459] SRMO
[01:44:16] [23/459] PIMH
[01:44:17] [24/459] PVTS
[01:44:18] [25/459] MMCA
[01:44:19] [26/459] AKYJ
[01:44:20] [27/459] BRKH
[01:44:20] [28/459] MAHM
[01:44:21] [29/459] CPHY
[01:44:22] [30/459] PVTP
[01:44:23] [31/459] SMMR
[01:44:24] [32/459] PVHM
[01:44:25] [33/459] SNDY
[01:44:26] [34/459] GOKU
[01:44:26] [35/459] ACEV
[01:44:27] [36/459] PVUM
[01:44:29] [37/459] VSWA
[01:44:30] [38/459] IPRS
[01:44:31] [39/459] ASGN
[01:44:32] [40/459] BKMV
[01:44:33] [41/459] PVYH
[01:44:34] [42/459] INKM
[01:44:35] [43/459] ARJU
[01:44:36] [44/459] JJPP
[01:44:36] [45/459] SSRM
[01:44:37] [46/459] HMHD
[01:44:38] [47/459] SNKH
[01:44:39] [48/459] ACHI
[01:44:39] [49/459] MRAA
[01:44:40] [50/459] INMH
[01:44:41] [51/459] ARMH
[01:44:42] [52/459] DVRR
[01:44:43] [53/459] SUDA
[01:44:44] [54/459] MCSS
[01:44:45] [55/459] VRKC
[01:44:46] [56/459] PRCX
[01:44:47] [57/459] ASJY
[01:44:48] [58/459] MTHY
[01:44:48] [59/459] SRCM
[01:44:49] [60/459] TVHY
[01:44:50] [61/459] STHD
[01:44:51] [62/459] CPCL
[01:44:51] [63/459] PSMJ
[01:44:52] [64/459] MRGT
[01:44:53] [65/459] ARYH
[01:44:54] [66/459] VTRB
[01:44:55] [67/459] SCHC
[01:44:56] [68/459] MRRG
[01:44:57] [69/459] SPCB
[01:44:57] [70/459] AMCM
[01:44:58] [71/459] IVNM
[01:44:59] [72/459] TRHY
[01:45:00] [73/459] PTTH
[01:45:01] [74/459] RKMH
[01:45:01] [75/459] PRCS
[01:45:03] [76/459] VAJA
[01:45:04] [77/459] BJNG
[01:45:05] [78/459] SCVM
[01:45:06] [79/459] GNHB
[01:45:07] [80/459] TLUR
[01:45:08] [81/459] UKCC
[01:45:08] [82/459] SRKR
[01:45:09] [83/459] RMKN
[01:45:10] [84/459] SLRT
[01:45:11] [85/459] LKMT
[01:45:12] [86/459] SSRJ
[01:45:12] [87/459] SPHT
[01:45:14] [88/459] ANTT
[01:45:15] [89/459] SRCH
[01:45:16] [90/459] SRCA
[01:45:17] [91/459] ARTH
[01:45:18] [92/459] MCBH
[01:45:18] [93/459] SNIB
[01:45:19] [94/459] SART
[01:45:20] [95/459] SKTA
[01:45:21] [96/459] YAKT
[01:45:23] [97/459] MLCK
[01:45:23] [98/459] ANTS
[01:45:24] [99/459] DGCA
[01:45:25] [100/459] SGMP
[01:45:26] [101/459] ASWN
[01:45:27] [102/459] KFVU
[01:45:28] [103/459] POOR
[01:45:29] [104/459] GKDN
[01:45:30] [105/459] EOSE
[01:45:31] [106/459] GTTT
[01:45:32] [107/459] ARRO
[01:45:33] [108/459] CMMK
[01:45:33] [109/459] MSCN
[01:45:34] [110/459] GDKH
[01:45:35] [111/459] DLMT
[01:45:36] [112/459] PVMF
[01:45:36] [113/459] CPCK
[01:45:37] [114/459] VMHE
[01:45:39] [115/459] PVLC
[01:45:39] [116/459] PCVB
[01:45:41] [117/459] SNYK
[01:45:42] [118/459] KTEK
[01:45:43] [119/459] PCNM
[01:45:43] [120/459] NTTR
[01:45:44] [121/459] CPSK
[01:45:46] [122/459] JMMA
[01:45:47] [123/459] GCFK
[01:45:48] [124/459] MYCA
[01:45:49] [125/459] KSNP
[01:45:50] [126/459] PMCE
[01:45:52] [127/459] SCKI
[01:45:53] [128/459] FSMA
[01:45:53] [129/459] CETA
[01:45:54] [130/459] MCIK
[01:45:55] [131/459] MYCR
[01:45:56] [132/459] EVMP
[01:45:56] [133/459] SSGT
[01:45:57] [134/459] KCTK
[01:45:58] [135/459] ZTKC
[01:45:59] [136/459] MMTA
[01:46:00] [137/459] MAJT
[01:46:01] [138/459] ACPK
[01:46:02] [139/459] JMAX
[01:46:02] [140/459] SETK
[01:46:03] [141/459] CAIS
[01:46:04] [142/459] AGCD
[01:46:05] [143/459] URCL
[01:46:06] [144/459] VTDS
[01:46:07] [145/459] JCNM
[01:46:08] [146/459] KCAM
[01:46:09] [147/459] ADCU
[01:46:09] [148/459] GXYN
[01:46:10] [149/459] SMJG
[01:46:11] [150/459] EYCJ
[01:46:12] [151/459] CCEJ
[01:46:13] [152/459] MARS
[01:46:13] [153/459] CPVJ
[01:46:14] [154/459] INVP
[01:46:15] [155/459] CPOV
[01:46:16] [156/459] VIJK
[01:46:17] [157/459] LAIM
[01:46:17] [158/459] STHV
[01:46:18] [159/459] SVLJ
[01:46:19] [160/459] ATVJ
[01:46:20] [161/459] JTSC
[01:46:21] [162/459] RMTV
[01:46:22] [163/459] MGGG
[01:46:23] [164/459] SWTH
[01:46:24] [165/459] INVJ
[01:46:25] [166/459] PRSV
[01:46:25] [167/459] JATV
[01:46:26] [168/459] RCVD
[01:46:27] [169/459] BDMA
[01:46:28] [170/459] BLJI
[01:46:29] [171/459] SWOT
[01:46:29] [172/459] SWRN
[01:46:30] [173/459] TVRA
[01:46:31] [174/459] VCSV
[01:46:32] [175/459] NVRN
[01:46:33] [176/459] SIKC
[01:46:34] [177/459] VAKR
[01:46:34] [178/459] SYLN
[01:46:35] [179/459] KLJL
[01:46:36] [180/459] LKMY
[01:46:36] [181/459] VSLY
[01:46:38] [182/459] CIKO
[01:46:39] [183/459] GPBG
[01:46:39] [184/459] CECM
[01:46:40] [185/459] SLKB
[01:46:41] [186/459] MTBO
[01:46:43] [187/459] SSHB
[01:46:43] [188/459] VPCS
[01:46:45] [189/459] RCSR
[01:46:45] [190/459] RJRM
[01:46:46] [191/459] KPPB
[01:46:47] [192/459] SEDC
[01:46:48] [193/459] SCAI
[01:46:49] [194/459] RMTR
[01:46:50] [195/459] ASST
[01:46:50] [196/459] GCAK
[01:46:51] [197/459] ANNK
[01:46:52] [198/459] KDDF
[01:46:53] [199/459] NRDP
[01:46:53] [200/459] PLAK
[01:46:54] [201/459] GCMC
[01:46:55] [202/459] ALPY
[01:46:56] [203/459] SICE
[01:46:57] [204/459] SISR
[01:46:57] [205/459] SRPZ
[01:46:58] [206/459] SRSW
[01:46:59] [207/459] SUYA
[01:47:00] [208/459] AMMT
[01:47:01] [209/459] BHCU
[01:47:02] [210/459] KLPA
[01:47:03] [211/459] NVKH
[01:47:04] [212/459] JMRC
[01:47:05] [213/459] KTTT
[01:47:05] [214/459] MAGH
[01:47:06] [215/459] MMMX
[01:47:07] [216/459] SALJ
[01:47:08] [217/459] GTJA
[01:47:08] [218/459] MAHT
[01:47:09] [219/459] SSNN
[01:47:10] [220/459] ARRP
[01:47:11] [221/459] ATNS
[01:47:12] [222/459] SKDT
[01:47:13] [223/459] ACAT
[01:47:14] [224/459] APRC
[01:47:15] [225/459] SWAG
[01:47:15] [226/459] SDPT
[01:47:16] [227/459] STPS
[01:47:17] [228/459] WWCZ
[01:47:19] [229/459] LLCH
[01:47:19] [230/459] MZHA
[01:47:20] [231/459] CRJG
[01:47:21] [232/459] JGTK
[01:47:22] [233/459] KCSR
[01:47:23] [234/459] CHTL
[01:47:24] [235/459] EDSR
[01:47:25] [236/459] CSWO
[01:47:26] [237/459] CPVM
[01:47:26] [238/459] MXBY
[01:47:28] [239/459] FMMA
[01:47:28] [240/459] POVI
[01:47:29] [241/459] MTHB
[01:47:30] [242/459] INRC
[01:47:31] [243/459] PIPP
[01:47:32] [244/459] BMXC
[01:47:32] [245/459] PCMM
[01:47:33] [246/459] PMKM
[01:47:34] [247/459] GATY
[01:47:35] [248/459] IMCM
[01:47:36] [249/459] POPE
[01:47:37] [250/459] MTCR
[01:47:37] [251/459] PVAE
[01:47:38] [252/459] PVMI
[01:47:39] [253/459] CPNM
[01:47:40] [254/459] FMRL
[01:47:40] [255/459] MCIW
[01:47:41] [256/459] MXBO
[01:47:43] [257/459] FMKY
[01:47:44] [258/459] FMDA
[01:47:45] [259/459] THAB
[01:47:46] [260/459] PRCW
[01:47:47] [261/459] PITI
[01:47:48] [262/459] MCFF
[01:47:49] [263/459] PDDV
[01:47:50] [264/459] MCRM
[01:47:51] [265/459] KKMB
[01:47:52] [266/459] INKO
[01:47:53] [267/459] PLXP
[01:47:54] [268/459] MMHA
[01:47:55] [269/459] FMVS
[01:47:56] [270/459] POLM
[01:47:57] [271/459] STER
[01:47:57] [272/459] PVWJ
[01:47:58] [273/459] IMJW
[01:47:59] [274/459] FNAN
[01:48:00] [275/459] CAGL
[01:48:01] [276/459] IPBG
[01:48:02] [277/459] SMFV
[01:48:02] [278/459] MMMR
[01:48:03] [279/459] MMWM
[01:48:04] [280/459] FNCM
[01:48:05] [281/459] MDVA
[01:48:06] [282/459] MMET
[01:48:06] [283/459] MIDO
[01:48:07] [284/459] INNP
[01:48:08] [285/459] MIFU
[01:48:09] [286/459] MMSZ
[01:48:10] [287/459] BMXA
[01:48:11] [288/459] MCAA
[01:48:12] [289/459] SCVP
[01:48:12] [290/459] PLUS
[01:48:13] [291/459] MUCK
[01:48:14] [292/459] MTMA
[01:48:15] [293/459] HPVR
[01:48:16] [294/459] PMPK
[01:48:17] [295/459] MAJB
[01:48:18] [296/459] CTRR
[01:48:19] [297/459] MCTG
[01:48:19] [298/459] MACE
[01:48:20] [299/459] AAAS
[01:48:21] [300/459] CPVV
[01:48:22] [301/459] RCHG
[01:48:23] [302/459] MCNE
[01:48:24] [303/459] EMNC
[01:48:24] [304/459] MCAN
[01:48:25] [305/459] TCDM
[01:48:26] [306/459] IRGT
[01:48:27] [307/459] GCMG
[01:48:28] [308/459] MXSN
[01:48:29] [309/459] MXCK
[01:48:30] [310/459] MCRC
[01:48:31] [311/459] RSMI
[01:48:32] [312/459] WAML
[01:48:33] [313/459] MTSC
[01:48:34] [314/459] FMDR
[01:48:35] [315/459] LEPV
[01:48:35] [316/459] MTGD
[01:48:36] [317/459] IMOB
[01:48:37] [318/459] CLMM
[01:48:38] [319/459] PZCD
[01:48:39] [320/459] GOCS
[01:48:40] [321/459] KCMA
[01:48:40] [322/459] CCMP
[01:48:41] [323/459] MTSU
[01:48:42] [324/459] SNGL
[01:48:43] [325/459] MMMC
[01:48:44] [326/459] MMAA
[01:48:45] [327/459] GCDM
[01:48:45] [328/459] KTMV
[01:48:46] [329/459] AETE
[01:48:47] [330/459] OMCS
[01:48:48] [331/459] GDCD
[01:48:49] [332/459] NYMD
[01:48:50] [333/459] RNCV
[01:48:50] [334/459] KKMT
[01:48:51] [335/459] GDTH
[01:48:52] [336/459] KMMV
[01:48:53] [337/459] NHCG
[01:48:54] [338/459] PJDW
[01:48:55] [339/459] MMCV
[01:48:56] [340/459] FQSA
[01:48:57] [341/459] KURL
[01:48:58] [342/459] NNNX
[01:48:58] [343/459] AMAU
[01:48:59] [344/459] VVVM
[01:49:00] [345/459] VECU
[01:49:00] [346/459] WCVR
[01:49:01] [347/459] MTGG
[01:49:02] [348/459] SGTG
[01:49:03] [349/459] MNTG
[01:49:03] [350/459] JDDG
[01:49:04] [351/459] MBTK
[01:49:05] [352/459] SGCD
[01:49:06] [353/459] MCTC
[01:49:06] [354/459] JTPC
[01:49:07] [355/459] SDKT
[01:49:08] [356/459] KRCC
[01:49:09] [357/459] RMMD
[01:49:09] [358/459] AAME
[01:49:11] [359/459] TMWC
[01:49:12] [360/459] NRWY
[01:49:13] [361/459] CITD
[01:49:14] [362/459] VERD
[01:49:14] [363/459] MKSK
[01:49:16] [364/459] STSM
[01:49:17] [365/459] MJDG
[01:49:18] [366/459] RKPM
[01:49:18] [367/459] SSCE
[01:49:19] [368/459] VMAE
[01:49:20] [369/459] SBRU
[01:49:21] [370/459] AMBC
[01:49:22] [371/459] AMLU
[01:49:22] [372/459] INVZ
[01:49:23] [373/459] LGTV
[01:49:24] [374/459] SVAD
[01:49:25] [375/459] SMSA
[01:49:26] [376/459] SPCZ
[01:49:26] [377/459] GTCX
[01:49:27] [378/459] SCSL
[01:49:28] [379/459] SAHU
[01:49:29] [380/459] NCDA
[01:49:30] [381/459] SCCG
[01:49:30] [382/459] VKTL
[01:49:31] [383/459] PUUJ
[01:49:32] [384/459] STEJ
[01:49:33] [385/459] RJAL
[01:49:33] [386/459] ACJC
[01:49:34] [387/459] VTHC
[01:49:35] [388/459] ARVB
[01:49:36] [389/459] AUBB
[01:49:37] [390/459] GDBR
[01:49:38] [391/459] PVND
[01:49:39] [392/459] BGRJ
[01:49:41] [393/459] RJMM
[01:49:42] [394/459] MCSA
[01:49:43] [395/459] BODA
[01:49:44] [396/459] JAGG
[01:49:45] [397/459] SCGA
[01:49:46] [398/459] LRCM
[01:49:47] [399/459] CPCN
[01:49:47] [400/459] SSTF
[01:49:48] [401/459] SRXP
[01:49:49] [402/459] CNFX
[01:49:50] [403/459] ANDI
[01:49:51] [404/459] SYEW
[01:49:52] [405/459] RCRE
[01:49:52] [406/459] SCRW
[01:49:53] [407/459] MBKR
[01:49:55] [408/459] ASNT
[01:49:56] [409/459] JTMT
[01:49:56] [410/459] SHAY
[01:49:57] [411/459] VRTH
[01:49:59] [412/459] SPTI
[01:49:59] [413/459] DPTD
[01:50:00] [414/459] TGSN
[01:50:01] [415/459] RCWV
[01:50:02] [416/459] OCUR
[01:50:03] [417/459] KSTC
[01:50:03] [418/459] SANI
[01:50:04] [419/459] MLCA
[01:50:05] [420/459] EGCA
[01:50:06] [421/459] SYSN
[01:50:07] [422/459] PKTA
[01:50:08] [423/459] PRCC
[01:50:09] [424/459] KSTR
[01:50:10] [425/459] SNTP
[01:50:10] [426/459] RCHA
[01:50:11] [427/459] SEEA
[01:50:12] [428/459] ALAT
[01:50:13] [429/459] AATV
[01:50:13] [430/459] RJTE
[01:50:15] [431/459] AAPP
[01:50:15] [432/459] PMMH
[01:50:16] [433/459] INRJ
[01:50:17] [434/459] SARB
[01:50:18] [435/459] PCJL
[01:50:18] [436/459] PFJJ
[01:50:19] [437/459] GRDC
[01:50:20] [438/459] BCBA
[01:50:21] [439/459] VIXL
[01:50:22] [440/459] CSTL
[01:50:23] [441/459] MTDK
[01:50:23] [442/459] TDAC
[01:50:24] [443/459] GTDN
[01:50:25] [444/459] TTDE
[01:50:26] [445/459] ASTS
[01:50:26] [446/459] CPNS
[01:50:27] [447/459] PVVW
[01:50:28] [448/459] USEB
[01:50:29] [449/459] DTYN
[01:50:30] [450/459] PVLE
[01:50:31] [451/459] CIPS
[01:50:32] [452/459] PAEG
[01:50:33] [453/459] PTCW
[01:50:34] [454/459] G3SR
[01:50:34] [455/459] PGND
[01:50:35] [456/459] INVM
[01:50:36] [457/459] SPIA
[01:50:37] [458/459] PCSN
[01:50:38] [459/459] PPGV
[01:50:38] ✅ DONE | Shows=2 | Movies=1
[02:41:43] 🚀 BMS DAILY TRACKER STARTED
[02:41:43] [1/459] FNDB
[02:41:43] 🧠 New identity
[02:41:44] [2/459] AMBH
[02:41:45] [3/459] PRHN
[02:41:46] [4/459] ACPM
[02:41:47] [5/459] PVFS
[02:41:48] [6/459] AACN
[02:41:49] [7/459] ACAS
[02:41:50] [8/459] CTNR
[02:41:51] [9/459] MMAH
[02:41:52] [10/459] CPMH
[02:41:53] [11/459] IGMH
[02:41:54] [12/459] ABCS
[02:41:55] [13/459] CMMA
[02:41:55] [14/459] GPRH
[02:41:56] [15/459] PNNG
[02:41:57] [16/459] AMCA
[02:41:58] [17/459] ISTN
[02:41:59] [18/459] PIIC
[02:41:59] [19/459] AHMH
[02:42:00] [20/459] ASHN
[02:42:01] [21/459] INHY
[02:42:02] [22/459] SRMO
[02:42:03] [23/459] PIMH
[02:42:04] [24/459] PVTS
[02:42:06] [25/459] MMCA
[02:42:06] [26/459] AKYJ
[02:42:07] [27/459] BRKH
[02:42:08] [28/459] MAHM
[02:42:09] [29/459] CPHY
[02:42:10] [30/459] PVTP
[02:42:11] [31/459] SMMR
[02:42:12] [32/459] PVHM
[02:42:13] [33/459] SNDY
[02:42:13] [34/459] GOKU
[02:42:14] [35/459] ACEV
[02:42:16] [36/459] PVUM
[02:42:17] [37/459] VSWA
[02:42:18] [38/459] IPRS
[02:42:18] [39/459] ASGN
[02:42:19] [40/459] BKMV
[02:42:20] [41/459] PVYH
[02:42:21] [42/459] INKM
[02:42:22] [43/459] ARJU
[02:42:23] [44/459] JJPP
[02:42:24] [45/459] SSRM
[02:42:25] [46/459] HMHD
[02:42:27] [47/459] SNKH
[02:42:28] [48/459] ACHI
[02:42:29] [49/459] MRAA
[02:42:30] [50/459] INMH
[02:42:31] [51/459] ARMH
[02:42:33] [52/459] DVRR
[02:42:34] [53/459] SUDA
[02:42:35] [54/459] MCSS
[02:42:35] [55/459] VRKC
[02:42:36] [56/459] PRCX
[02:42:37] [57/459] ASJY
[02:42:38] [58/459] MTHY
[02:42:38] [59/459] SRCM
[02:42:39] [60/459] TVHY
[02:42:40] [61/459] STHD
[02:42:41] [62/459] CPCL
[02:42:42] [63/459] PSMJ
[02:42:43] [64/459] MRGT
[02:42:43] [65/459] ARYH
[02:42:44] [66/459] VTRB
[02:42:45] [67/459] SCHC
[02:42:46] [68/459] MRRG
[02:42:46] [69/459] SPCB
[02:42:47] [70/459] AMCM
[02:42:48] [71/459] IVNM
[02:42:49] [72/459] TRHY
[02:42:50] [73/459] PTTH
[02:42:51] [74/459] RKMH
[02:42:52] [75/459] PRCS
[02:42:53] [76/459] VAJA
[02:42:54] [77/459] BJNG
[02:42:54] [78/459] SCVM
[02:42:55] [79/459] GNHB
[02:42:56] [80/459] TLUR
[02:42:57] [81/459] UKCC
[02:42:57] [82/459] SRKR
[02:42:58] [83/459] RMKN
[02:42:59] [84/459] SLRT
[02:43:00] [85/459] LKMT
[02:43:01] [86/459] SSRJ
[02:43:02] [87/459] SPHT
[02:43:03] [88/459] ANTT
[02:43:04] [89/459] SRCH
[02:43:04] [90/459] SRCA
[02:43:05] [91/459] ARTH
[02:43:06] [92/459] MCBH
[02:43:06] [93/459] SNIB
[02:43:07] [94/459] SART
[02:43:08] [95/459] SKTA
[02:43:09] [96/459] YAKT
[02:43:10] [97/459] MLCK
[02:43:11] [98/459] ANTS
[02:43:12] [99/459] DGCA
[02:43:13] [100/459] SGMP
[02:43:14] [101/459] ASWN
[02:43:15] [102/459] KFVU
[02:43:15] [103/459] POOR
[02:43:16] [104/459] GKDN
[02:43:17] [105/459] EOSE
[02:43:18] [106/459] GTTT
[02:43:19] [107/459] ARRO
[02:43:19] [108/459] CMMK
[02:43:20] [109/459] MSCN
[02:43:21] [110/459] GDKH
[02:43:23] [111/459] DLMT
[02:43:24] [112/459] PVMF
[02:43:25] [113/459] CPCK
[02:43:25] [114/459] VMHE
[02:43:26] [115/459] PVLC
[02:43:27] [116/459] PCVB
[02:43:28] [117/459] SNYK
[02:43:29] [118/459] KTEK
[02:43:30] [119/459] PCNM
[02:43:30] [120/459] NTTR
[02:43:31] [121/459] CPSK
[02:43:32] [122/459] JMMA
[02:43:33] [123/459] GCFK
[02:43:34] [124/459] MYCA
[02:43:34] [125/459] KSNP
[02:43:35] [126/459] PMCE
[02:43:36] [127/459] SCKI
[02:43:37] [128/459] FSMA
[02:43:38] [129/459] CETA
[02:43:39] [130/459] MCIK
[02:43:40] [131/459] MYCR
[02:43:41] [132/459] EVMP
[02:43:41] [133/459] SSGT
[02:43:42] [134/459] KCTK
[02:43:43] [135/459] ZTKC
[02:43:44] [136/459] MMTA
[02:43:45] [137/459] MAJT
[02:43:47] [138/459] ACPK
[02:43:47] [139/459] JMAX
[02:43:49] [140/459] SETK
[02:43:50] [141/459] CAIS
[02:43:50] [142/459] AGCD
[02:43:51] [143/459] URCL
[02:43:52] [144/459] VTDS
[02:43:53] [145/459] JCNM
[02:43:54] [146/459] KCAM
[02:43:55] [147/459] ADCU
[02:43:55] [148/459] GXYN
[02:43:56] [149/459] SMJG
[02:43:57] [150/459] EYCJ
[02:43:58] [151/459] CCEJ
[02:43:59] [152/459] MARS
[02:44:00] [153/459] CPVJ
[02:44:01] [154/459] INVP
[02:44:02] [155/459] CPOV
[02:44:03] [156/459] VIJK
[02:44:04] [157/459] LAIM
[02:44:04] [158/459] STHV
[02:44:05] [159/459] SVLJ
[02:44:06] [160/459] ATVJ
[02:44:06] [161/459] JTSC
[02:44:07] [162/459] RMTV
[02:44:08] [163/459] MGGG
[02:44:10] [164/459] SWTH
[02:44:10] [165/459] INVJ
[02:44:11] [166/459] PRSV
[02:44:12] [167/459] JATV
[02:44:13] [168/459] RCVD
[02:44:14] [169/459] BDMA
[02:44:14] [170/459] BLJI
[02:44:15] [171/459] SWOT
[02:44:16] [172/459] SWRN
[02:44:16] [173/459] TVRA
[02:44:17] [174/459] VCSV
[02:44:18] [175/459] NVRN
[02:44:19] [176/459] SIKC
[02:44:20] [177/459] VAKR
[02:44:21] [178/459] SYLN
[02:44:21] [179/459] KLJL
[02:44:22] [180/459] LKMY
[02:44:23] [181/459] VSLY
[02:44:25] [182/459] CIKO
[02:44:25] [183/459] GPBG
[02:44:26] [184/459] CECM
[02:44:27] [185/459] SLKB
[02:44:28] [186/459] MTBO
[02:44:29] [187/459] SSHB
[02:44:30] [188/459] VPCS
[02:44:31] [189/459] RCSR
[02:44:31] [190/459] RJRM
[02:44:33] [191/459] KPPB
[02:44:34] [192/459] SEDC
[02:44:35] [193/459] SCAI
[02:44:35] [194/459] RMTR
[02:44:37] [195/459] ASST
[02:44:38] [196/459] GCAK
[02:44:39] [197/459] ANNK
[02:44:39] [198/459] KDDF
[02:44:40] [199/459] NRDP
[02:44:41] [200/459] PLAK
[02:44:42] [201/459] GCMC
[02:44:43] [202/459] ALPY
[02:44:44] [203/459] SICE
[02:44:45] [204/459] SISR
[02:44:46] [205/459] SRPZ
[02:44:47] [206/459] SRSW
[02:44:47] [207/459] SUYA
[02:44:48] [208/459] AMMT
[02:44:49] [209/459] BHCU
[02:44:50] [210/459] KLPA
[02:44:51] [211/459] NVKH
[02:44:51] [212/459] JMRC
[02:44:52] [213/459] KTTT
[02:44:53] [214/459] MAGH
[02:44:54] [215/459] MMMX
[02:44:55] [216/459] SALJ
[02:44:55] [217/459] GTJA
[02:44:56] [218/459] MAHT
[02:44:57] [219/459] SSNN
[02:44:57] [220/459] ARRP
[02:44:58] [221/459] ATNS
[02:44:59] [222/459] SKDT
[02:45:00] [223/459] ACAT
[02:45:01] [224/459] APRC
[02:45:02] [225/459] SWAG
[02:45:02] [226/459] SDPT
[02:45:03] [227/459] STPS
[02:45:04] [228/459] WWCZ
[02:45:05] [229/459] LLCH
[02:45:05] [230/459] MZHA
[02:45:06] [231/459] CRJG
[02:45:07] [232/459] JGTK
[02:45:08] [233/459] KCSR
[02:45:09] [234/459] CHTL
[02:45:10] [235/459] EDSR
[02:45:10] [236/459] CSWO
[02:45:11] [237/459] CPVM
[02:45:12] [238/459] MXBY
[02:45:13] [239/459] FMMA
[02:45:13] [240/459] POVI
[02:45:14] [241/459] MTHB
[02:45:15] [242/459] INRC
[02:45:16] [243/459] PIPP
[02:45:17] [244/459] BMXC
[02:45:18] [245/459] PCMM
[02:45:19] [246/459] PMKM
[02:45:20] [247/459] GATY
[02:45:20] [248/459] IMCM
[02:45:21] [249/459] POPE
[02:45:22] [250/459] MTCR
[02:45:23] [251/459] PVAE
[02:45:24] [252/459] PVMI
[02:45:25] [253/459] CPNM
[02:45:26] [254/459] FMRL
[02:45:27] [255/459] MCIW
[02:45:28] [256/459] MXBO
[02:45:29] [257/459] FMKY
[02:45:30] [258/459] FMDA
[02:45:31] [259/459] THAB
[02:45:31] [260/459] PRCW
[02:45:32] [261/459] PITI
[02:45:33] [262/459] MCFF
[02:45:33] [263/459] PDDV
[02:45:34] [264/459] MCRM
[02:45:35] [265/459] KKMB
[02:45:36] [266/459] INKO
[02:45:37] [267/459] PLXP
[02:45:38] [268/459] MMHA
[02:45:39] [269/459] FMVS
[02:45:40] [270/459] POLM
[02:45:41] [271/459] STER
[02:45:42] [272/459] PVWJ
[02:45:43] [273/459] IMJW
[02:45:44] [274/459] FNAN
[02:45:45] [275/459] CAGL
[02:45:46] [276/459] IPBG
[02:45:47] [277/459] SMFV
[02:45:48] [278/459] MMMR
[02:45:48] [279/459] MMWM
[02:45:49] [280/459] FNCM
[02:45:50] [281/459] MDVA
[02:45:52] [282/459] MMET
[02:45:53] [283/459] MIDO
[02:45:53] [284/459] INNP
[02:45:54] [285/459] MIFU
[02:45:55] [286/459] MMSZ
[02:45:56] [287/459] BMXA
[02:45:56] [288/459] MCAA
[02:45:57] [289/459] SCVP
[02:45:58] [290/459] PLUS
[02:45:59] [291/459] MUCK
[02:46:00] [292/459] MTMA
[02:46:01] [293/459] HPVR
[02:46:02] [294/459] PMPK
[02:46:03] [295/459] MAJB
[02:46:04] [296/459] CTRR
[02:46:05] [297/459] MCTG
[02:46:06] [298/459] MACE
[02:46:07] [299/459] AAAS
[02:46:08] [300/459] CPVV
[02:46:09] [301/459] RCHG
[02:46:09] [302/459] MCNE
[02:46:10] [303/459] EMNC
[02:46:11] [304/459] MCAN
[02:46:12] [305/459] TCDM
[02:46:13] [306/459] IRGT
[02:46:14] [307/459] GCMG
[02:46:14] [308/459] MXSN
[02:46:16] [309/459] MXCK
[02:46:17] [310/459] MCRC
[02:46:18] [311/459] RSMI
[02:46:18] [312/459] WAML
[02:46:19] [313/459] MTSC
[02:46:20] [314/459] FMDR
[02:46:21] [315/459] LEPV
[02:46:22] [316/459] MTGD
[02:46:23] [317/459] IMOB
[02:46:24] [318/459] CLMM
[02:46:24] [319/459] PZCD
[02:46:25] [320/459] GOCS
[02:46:26] [321/459] KCMA
[02:46:28] [322/459] CCMP
[02:46:28] [323/459] MTSU
[02:46:29] [324/459] SNGL
[02:46:30] [325/459] MMMC
[02:46:31] [326/459] MMAA
[02:46:32] [327/459] GCDM
[02:46:32] [328/459] KTMV
[02:46:33] [329/459] AETE
[02:46:34] [330/459] OMCS
[02:46:34] [331/459] GDCD
[02:46:35] [332/459] NYMD
[02:46:36] [333/459] RNCV
[02:46:37] [334/459] KKMT
[02:46:38] [335/459] GDTH
[02:46:39] [336/459] KMMV
[02:46:40] [337/459] NHCG
[02:46:41] [338/459] PJDW
[02:46:42] [339/459] MMCV
[02:46:42] [340/459] FQSA
[02:46:43] [341/459] KURL
[02:46:44] [342/459] NNNX
[02:46:45] [343/459] AMAU
[02:46:46] [344/459] VVVM
[02:46:46] [345/459] VECU
[02:46:47] [346/459] WCVR
[02:46:48] [347/459] MTGG
[02:46:49] [348/459] SGTG
[02:46:50] [349/459] MNTG
[02:46:51] [350/459] JDDG
[02:46:52] [351/459] MBTK
[02:46:53] [352/459] SGCD
[02:46:54] [353/459] MCTC
[02:46:55] [354/459] JTPC
[02:46:56] [355/459] SDKT
[02:46:57] [356/459] KRCC
[02:46:57] [357/459] RMMD
[02:46:58] [358/459] AAME
[02:46:59] [359/459] TMWC
[02:47:00] [360/459] NRWY
[02:47:01] [361/459] CITD
[02:47:02] [362/459] VERD
[02:47:02] [363/459] MKSK
[02:47:04] [364/459] STSM
[02:47:05] [365/459] MJDG
[02:47:07] [366/459] RKPM
[02:47:08] [367/459] SSCE
[02:47:08] [368/459] VMAE
[02:47:09] [369/459] SBRU
[02:47:10] [370/459] AMBC
[02:47:12] [371/459] AMLU
[02:47:13] [372/459] INVZ
[02:47:13] [373/459] LGTV
[02:47:14] [374/459] SVAD
[02:47:15] [375/459] SMSA
[02:47:16] [376/459] SPCZ
[02:47:17] [377/459] GTCX
[02:47:18] [378/459] SCSL
[02:47:19] [379/459] SAHU
[02:47:20] [380/459] NCDA
[02:47:21] [381/459] SCCG
[02:47:21] [382/459] VKTL
[02:47:22] [383/459] PUUJ
[02:47:23] [384/459] STEJ
[02:47:24] [385/459] RJAL
[02:47:25] [386/459] ACJC
[02:47:26] [387/459] VTHC
[02:47:27] [388/459] ARVB
[02:47:28] [389/459] AUBB
[02:47:29] [390/459] GDBR
[02:47:30] [391/459] PVND
[02:47:31] [392/459] BGRJ
[02:47:32] [393/459] RJMM
[02:47:32] [394/459] MCSA
[02:47:33] [395/459] BODA
[02:47:34] [396/459] JAGG
[02:47:35] [397/459] SCGA
[02:47:36] [398/459] LRCM
[02:47:37] [399/459] CPCN
[02:47:38] [400/459] SSTF
[02:47:39] [401/459] SRXP
[02:47:40] [402/459] CNFX
[02:47:41] [403/459] ANDI
[02:47:43] [404/459] SYEW
[02:47:43] [405/459] RCRE
[02:47:44] [406/459] SCRW
[02:47:45] [407/459] MBKR
[02:47:46] [408/459] ASNT
[02:47:46] [409/459] JTMT
[02:47:47] [410/459] SHAY
[02:47:48] [411/459] VRTH
[02:47:50] [412/459] SPTI
[02:47:50] [413/459] DPTD
[02:47:51] [414/459] TGSN
[02:47:52] [415/459] RCWV
[02:47:54] [416/459] OCUR
[02:47:54] [417/459] KSTC
[02:47:55] [418/459] SANI
[02:47:56] [419/459] MLCA
[02:47:57] [420/459] EGCA
[02:47:58] [421/459] SYSN
[02:47:58] [422/459] PKTA
[02:47:59] [423/459] PRCC
[02:48:00] [424/459] KSTR
[02:48:00] [425/459] SNTP
[02:48:01] [426/459] RCHA
[02:48:02] [427/459] SEEA
[02:48:03] [428/459] ALAT
[02:48:04] [429/459] AATV
[02:48:04] [430/459] RJTE
[02:48:06] [431/459] AAPP
[02:48:07] [432/459] PMMH
[02:48:08] [433/459] INRJ
[02:48:09] [434/459] SARB
[02:48:09] [435/459] PCJL
[02:48:10] [436/459] PFJJ
[02:48:11] [437/459] GRDC
[02:48:12] [438/459] BCBA
[02:48:13] [439/459] VIXL
[02:48:13] [440/459] CSTL
[02:48:14] [441/459] MTDK
[02:48:15] [442/459] TDAC
[02:48:15] [443/459] GTDN
[02:48:16] [444/459] TTDE
[02:48:17] [445/459] ASTS
[02:48:18] [446/459] CPNS
[02:48:19] [447/459] PVVW
[02:48:20] [448/459] USEB
[02:48:21] [449/459] DTYN
[02:48:22] [450/459] PVLE
[02:48:23] [451/459] CIPS
[02:48:23] [452/459] PAEG
[02:48:24] [453/459] PTCW
[02:48:25] [454/459] G3SR
[02:48:26] [455/459] PGND
[02:48:27] [456/459] INVM
[02:48:28] [457/459] SPIA
[02:48:29] [458/459] PCSN
[02:48:29] [459/459] PPGV
[02:48:30] ✅ DONE | Shows=2 | Movies=1
[03:42:59] 🚀 BMS DAILY TRACKER STARTED
[03:42:59] [1/459] FNDB
[03:42:59] 🧠 New identity
[03:43:00] [2/459] AMBH
[03:43:01] [3/459] PRHN
[03:43:02] [4/459] ACPM
[03:43:03] [5/459] PVFS
[03:43:04] [6/459] AACN
[03:43:05] [7/459] ACAS
[03:43:05] [8/459] CTNR
[03:43:06] [9/459] MMAH
[03:43:07] [10/459] CPMH
[03:43:08] [11/459] IGMH
[03:43:10] [12/459] ABCS
[03:43:10] [13/459] CMMA
[03:43:11] [14/459] GPRH
[03:43:12] [15/459] PNNG
[03:43:13] [16/459] AMCA
[03:43:14] [17/459] ISTN
[03:43:15] [18/459] PIIC
[03:43:15] [19/459] AHMH
[03:43:16] [20/459] ASHN
[03:43:17] [21/459] INHY
[03:43:18] [22/459] SRMO
[03:43:19] [23/459] PIMH
[03:43:20] [24/459] PVTS
[03:43:21] [25/459] MMCA
[03:43:22] [26/459] AKYJ
[03:43:23] [27/459] BRKH
[03:43:25] [28/459] MAHM
[03:43:26] [29/459] CPHY
[03:43:27] [30/459] PVTP
[03:43:27] [31/459] SMMR
[03:43:28] [32/459] PVHM
[03:43:30] [33/459] SNDY
[03:43:31] [34/459] GOKU
[03:43:32] [35/459] ACEV
[03:43:33] [36/459] PVUM
[03:43:34] [37/459] VSWA
[03:43:35] [38/459] IPRS
[03:43:36] [39/459] ASGN
[03:43:36] [40/459] BKMV
[03:43:37] [41/459] PVYH
[03:43:38] [42/459] INKM
[03:43:39] [43/459] ARJU
[03:43:40] [44/459] JJPP
[03:43:41] [45/459] SSRM
[03:43:43] [46/459] HMHD
[03:43:44] [47/459] SNKH
[03:43:45] [48/459] ACHI
[03:43:46] [49/459] MRAA
[03:43:47] [50/459] INMH
[03:43:48] [51/459] ARMH
[03:43:49] [52/459] DVRR
[03:43:50] [53/459] SUDA
[03:43:51] [54/459] MCSS
[03:43:52] [55/459] VRKC
[03:43:53] [56/459] PRCX
[03:43:54] [57/459] ASJY
[03:43:54] [58/459] MTHY
[03:43:55] [59/459] SRCM
[03:43:56] [60/459] TVHY
[03:43:57] [61/459] STHD
[03:43:58] [62/459] CPCL
[03:43:59] [63/459] PSMJ
[03:44:00] [64/459] MRGT
[03:44:01] [65/459] ARYH
[03:44:02] [66/459] VTRB
[03:44:02] [67/459] SCHC
[03:44:03] [68/459] MRRG
[03:44:04] [69/459] SPCB
[03:44:05] [70/459] AMCM
[03:44:06] [71/459] IVNM
[03:44:07] [72/459] TRHY
[03:44:08] [73/459] PTTH
[03:44:09] [74/459] RKMH
[03:44:10] [75/459] PRCS
[03:44:11] [76/459] VAJA
[03:44:12] [77/459] BJNG
[03:44:12] [78/459] SCVM
[03:44:13] [79/459] GNHB
[03:44:14] [80/459] TLUR
[03:44:15] [81/459] UKCC
[03:44:16] [82/459] SRKR
[03:44:17] [83/459] RMKN
[03:44:18] [84/459] SLRT
[03:44:19] [85/459] LKMT
[03:44:20] [86/459] SSRJ
[03:44:21] [87/459] SPHT
[03:44:21] [88/459] ANTT
[03:44:22] [89/459] SRCH
[03:44:23] [90/459] SRCA
[03:44:24] [91/459] ARTH
[03:44:25] [92/459] MCBH
[03:44:26] [93/459] SNIB
[03:44:27] [94/459] SART
[03:44:28] [95/459] SKTA
[03:44:28] [96/459] YAKT
[03:44:29] [97/459] MLCK
[03:44:30] [98/459] ANTS
[03:44:31] [99/459] DGCA
[03:44:32] [100/459] SGMP
[03:44:33] [101/459] ASWN
[03:44:34] [102/459] KFVU
[03:44:35] [103/459] POOR
[03:44:36] [104/459] GKDN
[03:44:37] [105/459] EOSE
[03:44:38] [106/459] GTTT
[03:44:38] [107/459] ARRO
[03:44:39] [108/459] CMMK
[03:44:40] [109/459] MSCN
[03:44:41] [110/459] GDKH
[03:44:42] [111/459] DLMT
[03:44:43] [112/459] PVMF
[03:44:43] [113/459] CPCK
[03:44:44] [114/459] VMHE
[03:44:45] [115/459] PVLC
[03:44:46] [116/459] PCVB
[03:44:47] [117/459] SNYK
[03:44:48] [118/459] KTEK
[03:44:49] [119/459] PCNM
[03:44:50] [120/459] NTTR
[03:44:51] [121/459] CPSK
[03:44:51] [122/459] JMMA
[03:44:52] [123/459] GCFK
[03:44:53] [124/459] MYCA
[03:44:54] [125/459] KSNP
[03:44:55] [126/459] PMCE
[03:44:56] [127/459] SCKI
[03:44:57] [128/459] FSMA
[03:44:57] [129/459] CETA
[03:44:58] [130/459] MCIK
[03:44:59] [131/459] MYCR
[03:45:00] [132/459] EVMP
[03:45:01] [133/459] SSGT
[03:45:02] [134/459] KCTK
[03:45:03] [135/459] ZTKC
[03:45:04] [136/459] MMTA
[03:45:05] [137/459] MAJT
[03:45:06] [138/459] ACPK
[03:45:06] [139/459] JMAX
[03:45:07] [140/459] SETK
[03:45:08] [141/459] CAIS
[03:45:09] [142/459] AGCD
[03:45:10] [143/459] URCL
[03:45:11] [144/459] VTDS
[03:45:11] [145/459] JCNM
[03:45:12] [146/459] KCAM
[03:45:13] [147/459] ADCU
[03:45:14] [148/459] GXYN
[03:45:16] [149/459] SMJG
[03:45:18] [150/459] EYCJ
[03:45:19] [151/459] CCEJ
[03:45:20] [152/459] MARS
[03:45:21] [153/459] CPVJ
[03:45:22] [154/459] INVP
[03:45:23] [155/459] CPOV
[03:45:24] [156/459] VIJK
[03:45:24] [157/459] LAIM
[03:45:25] [158/459] STHV
[03:45:26] [159/459] SVLJ
[03:45:27] [160/459] ATVJ
[03:45:28] [161/459] JTSC
[03:45:29] [162/459] RMTV
[03:45:30] [163/459] MGGG
[03:45:30] [164/459] SWTH
[03:45:31] [165/459] INVJ
[03:45:32] [166/459] PRSV
[03:45:33] [167/459] JATV
[03:45:34] [168/459] RCVD
[03:45:34] [169/459] BDMA
[03:45:35] [170/459] BLJI
[03:45:36] [171/459] SWOT
[03:45:37] [172/459] SWRN
[03:45:38] [173/459] TVRA
[03:45:38] [174/459] VCSV
[03:45:39] [175/459] NVRN
[03:45:40] [176/459] SIKC
[03:45:41] [177/459] VAKR
[03:45:43] [178/459] SYLN
[03:45:45] [179/459] KLJL
[03:45:45] [180/459] LKMY
[03:45:46] [181/459] VSLY
[03:45:47] [182/459] CIKO
[03:45:48] [183/459] GPBG
[03:45:49] [184/459] CECM
[03:45:50] [185/459] SLKB
[03:45:51] [186/459] MTBO
[03:45:52] [187/459] SSHB
[03:45:52] [188/459] VPCS
[03:45:53] [189/459] RCSR
[03:45:55] [190/459] RJRM
[03:45:57] [191/459] KPPB
[03:45:58] [192/459] SEDC
[03:45:59] [193/459] SCAI
[03:45:59] [194/459] RMTR
[03:46:00] [195/459] ASST
[03:46:01] [196/459] GCAK
[03:46:02] [197/459] ANNK
[03:46:03] [198/459] KDDF
[03:46:04] [199/459] NRDP
[03:46:05] [200/459] PLAK
[03:46:06] [201/459] GCMC
[03:46:07] [202/459] ALPY
[03:46:08] [203/459] SICE
[03:46:09] [204/459] SISR
[03:46:09] [205/459] SRPZ
[03:46:10] [206/459] SRSW
[03:46:11] [207/459] SUYA
[03:46:12] [208/459] AMMT
[03:46:13] [209/459] BHCU
[03:46:14] [210/459] KLPA
[03:46:15] [211/459] NVKH
[03:46:15] [212/459] JMRC
[03:46:16] [213/459] KTTT
[03:46:17] [214/459] MAGH
[03:46:18] [215/459] MMMX
[03:46:19] [216/459] SALJ
[03:46:19] [217/459] GTJA
[03:46:20] [218/459] MAHT
[03:46:21] [219/459] SSNN
[03:46:22] [220/459] ARRP
[03:46:23] [221/459] ATNS
[03:46:24] [222/459] SKDT
[03:46:25] [223/459] ACAT
[03:46:26] [224/459] APRC
[03:46:26] [225/459] SWAG
[03:46:28] [226/459] SDPT
[03:46:29] [227/459] STPS
[03:46:30] [228/459] WWCZ
[03:46:30] [229/459] LLCH
[03:46:32] [230/459] MZHA
[03:46:33] [231/459] CRJG
[03:46:34] [232/459] JGTK
[03:46:35] [233/459] KCSR
[03:46:35] [234/459] CHTL
[03:46:37] [235/459] EDSR
[03:46:38] [236/459] CSWO
[03:46:40] [237/459] CPVM
[03:46:41] [238/459] MXBY
[03:46:42] [239/459] FMMA
[03:46:43] [240/459] POVI
[03:46:44] [241/459] MTHB
[03:46:44] [242/459] INRC
[03:46:45] [243/459] PIPP
[03:46:46] [244/459] BMXC
[03:46:48] [245/459] PCMM
[03:46:48] [246/459] PMKM
[03:46:49] [247/459] GATY
[03:46:50] [248/459] IMCM
[03:46:51] [249/459] POPE
[03:46:52] [250/459] MTCR
[03:46:52] [251/459] PVAE
[03:46:53] [252/459] PVMI
[03:46:54] [253/459] CPNM
[03:46:55] [254/459] FMRL
[03:46:56] [255/459] MCIW
[03:46:56] [256/459] MXBO
[03:46:57] [257/459] FMKY
[03:46:58] [258/459] FMDA
[03:46:59] [259/459] THAB
[03:47:00] [260/459] PRCW
[03:47:01] [261/459] PITI
[03:47:02] [262/459] MCFF
[03:47:03] [263/459] PDDV
[03:47:04] [264/459] MCRM
[03:47:04] [265/459] KKMB
[03:47:05] [266/459] INKO
[03:47:06] [267/459] PLXP
[03:47:07] [268/459] MMHA
[03:47:08] [269/459] FMVS
[03:47:09] [270/459] POLM
[03:47:11] [271/459] STER
[03:47:12] [272/459] PVWJ
[03:47:12] [273/459] IMJW
[03:47:13] [274/459] FNAN
[03:47:14] [275/459] CAGL
[03:47:15] [276/459] IPBG
[03:47:16] [277/459] SMFV
[03:47:17] [278/459] MMMR
[03:47:18] [279/459] MMWM
[03:47:19] [280/459] FNCM
[03:47:20] [281/459] MDVA
[03:47:21] [282/459] MMET
[03:47:22] [283/459] MIDO
[03:47:24] [284/459] INNP
[03:47:25] [285/459] MIFU
[03:47:26] [286/459] MMSZ
[03:47:27] [287/459] BMXA
[03:47:28] [288/459] MCAA
[03:47:29] [289/459] SCVP
[03:47:30] [290/459] PLUS
[03:47:31] [291/459] MUCK
[03:47:32] [292/459] MTMA
[03:47:32] [293/459] HPVR
[03:47:34] [294/459] PMPK
[03:47:35] [295/459] MAJB
[03:47:36] [296/459] CTRR
[03:47:38] [297/459] MCTG
[03:47:39] [298/459] MACE
[03:47:39] [299/459] AAAS
[03:47:40] [300/459] CPVV
[03:47:41] [301/459] RCHG
[03:47:42] [302/459] MCNE
[03:47:43] [303/459] EMNC
[03:47:45] [304/459] MCAN
[03:47:46] [305/459] TCDM
[03:47:47] [306/459] IRGT
[03:47:47] [307/459] GCMG
[03:47:48] [308/459] MXSN
[03:47:49] [309/459] MXCK
[03:47:50] [310/459] MCRC
[03:47:51] [311/459] RSMI
[03:47:52] [312/459] WAML
[03:47:52] [313/459] MTSC
[03:47:53] [314/459] FMDR
[03:47:54] [315/459] LEPV
[03:47:55] [316/459] MTGD
[03:47:56] [317/459] IMOB
[03:47:56] [318/459] CLMM
[03:47:57] [319/459] PZCD
[03:47:58] [320/459] GOCS
[03:47:59] [321/459] KCMA
[03:48:00] [322/459] CCMP
[03:48:00] [323/459] MTSU
[03:48:01] [324/459] SNGL
[03:48:03] [325/459] MMMC
[03:48:03] [326/459] MMAA
[03:48:04] [327/459] GCDM
[03:48:05] [328/459] KTMV
[03:48:06] [329/459] AETE
[03:48:07] [330/459] OMCS
[03:48:08] [331/459] GDCD
[03:48:09] [332/459] NYMD
[03:48:10] [333/459] RNCV
[03:48:10] [334/459] KKMT
[03:48:11] [335/459] GDTH
[03:48:12] [336/459] KMMV
[03:48:14] [337/459] NHCG
[03:48:14] [338/459] PJDW
[03:48:15] [339/459] MMCV
[03:48:16] [340/459] FQSA
[03:48:17] [341/459] KURL
[03:48:18] [342/459] NNNX
[03:48:19] [343/459] AMAU
[03:48:20] [344/459] VVVM
[03:48:22] [345/459] VECU
[03:48:22] [346/459] WCVR
[03:48:23] [347/459] MTGG
[03:48:24] [348/459] SGTG
[03:48:25] [349/459] MNTG
[03:48:26] [350/459] JDDG
[03:48:27] [351/459] MBTK
[03:48:29] [352/459] SGCD
[03:48:30] [353/459] MCTC
[03:48:31] [354/459] JTPC
[03:48:31] [355/459] SDKT
[03:48:32] [356/459] KRCC
[03:48:33] [357/459] RMMD
[03:48:34] [358/459] AAME
[03:48:35] [359/459] TMWC
[03:48:37] [360/459] NRWY
[03:48:38] [361/459] CITD
[03:48:39] [362/459] VERD
[03:48:40] [363/459] MKSK
[03:48:40] [364/459] STSM
[03:48:41] [365/459] MJDG
[03:48:42] [366/459] RKPM
[03:48:43] [367/459] SSCE
[03:48:44] [368/459] VMAE
[03:48:46] [369/459] SBRU
[03:48:47] [370/459] AMBC
[03:48:47] [371/459] AMLU
[03:48:49] [372/459] INVZ
[03:48:50] [373/459] LGTV
[03:48:51] [374/459] SVAD
[03:48:52] [375/459] SMSA
[03:48:53] [376/459] SPCZ
[03:48:53] [377/459] GTCX
[03:48:54] [378/459] SCSL
[03:48:55] [379/459] SAHU
[03:48:56] [380/459] NCDA
[03:48:58] [381/459] SCCG
[03:48:59] [382/459] VKTL
[03:49:00] [383/459] PUUJ
[03:49:01] [384/459] STEJ
[03:49:02] [385/459] RJAL
[03:49:03] [386/459] ACJC
[03:49:03] [387/459] VTHC
[03:49:04] [388/459] ARVB
[03:49:05] [389/459] AUBB
[03:49:06] [390/459] GDBR
[03:49:07] [391/459] PVND
[03:49:08] [392/459] BGRJ
[03:49:09] [393/459] RJMM
[03:49:11] [394/459] MCSA
[03:49:11] [395/459] BODA
[03:49:12] [396/459] JAGG
[03:49:13] [397/459] SCGA
[03:49:14] [398/459] LRCM
[03:49:15] [399/459] CPCN
[03:49:16] [400/459] SSTF
[03:49:17] [401/459] SRXP
[03:49:18] [402/459] CNFX
[03:49:19] [403/459] ANDI
[03:49:19] [404/459] SYEW
[03:49:20] [405/459] RCRE
[03:49:21] [406/459] SCRW
[03:49:22] [407/459] MBKR
[03:49:23] [408/459] ASNT
[03:49:24] [409/459] JTMT
[03:49:25] [410/459] SHAY
[03:49:26] [411/459] VRTH
[03:49:26] [412/459] SPTI
[03:49:28] [413/459] DPTD
[03:49:30] [414/459] TGSN
[03:49:31] [415/459] RCWV
[03:49:32] [416/459] OCUR
[03:49:32] [417/459] KSTC
[03:49:33] [418/459] SANI
[03:49:34] [419/459] MLCA
[03:49:35] [420/459] EGCA
[03:49:37] [421/459] SYSN
[03:49:38] [422/459] PKTA
[03:49:39] [423/459] PRCC
[03:49:40] [424/459] KSTR
[03:49:42] [425/459] SNTP
[03:49:43] [426/459] RCHA
[03:49:44] [427/459] SEEA
[03:49:45] [428/459] ALAT
[03:49:45] [429/459] AATV
[03:49:46] [430/459] RJTE
[03:49:48] [431/459] AAPP
[03:49:49] [432/459] PMMH
[03:49:49] [433/459] INRJ
[03:49:50] [434/459] SARB
[03:49:51] [435/459] PCJL
[03:49:52] [436/459] PFJJ
[03:49:53] [437/459] GRDC
[03:49:53] [438/459] BCBA
[03:49:54] [439/459] VIXL
[03:49:55] [440/459] CSTL
[03:49:56] [441/459] MTDK
[03:49:57] [442/459] TDAC
[03:49:58] [443/459] GTDN
[03:49:58] [444/459] TTDE
[03:49:59] [445/459] ASTS
[03:50:01] [446/459] CPNS
[03:50:02] [447/459] PVVW
[03:50:03] [448/459] USEB
[03:50:04] [449/459] DTYN
[03:50:04] [450/459] PVLE
[03:50:05] [451/459] CIPS
[03:50:06] [452/459] PAEG
[03:50:07] [453/459] PTCW
[03:50:08] [454/459] G3SR
[03:50:09] [455/459] PGND
[03:50:09] [456/459] INVM
[03:50:10] [457/459] SPIA
[03:50:12] [458/459] PCSN
[03:50:14] [459/459] PPGV
[03:50:14] ✅ DONE | Shows=31 | Movies=6
[04:42:33] 🚀 BMS DAILY TRACKER STARTED
[04:42:33] [1/459] FNDB
[04:42:33] 🧠 New identity
[04:42:34] [2/459] AMBH
[04:42:35] [3/459] PRHN
[04:42:36] [4/459] ACPM
[04:42:36] [5/459] PVFS
[04:42:38] [6/459] AACN
[04:42:39] [7/459] ACAS
[04:42:40] [8/459] CTNR
[04:42:41] [9/459] MMAH
[04:42:41] [10/459] CPMH
[04:42:42] [11/459] IGMH
[04:42:43] [12/459] ABCS
[04:42:44] [13/459] CMMA
[04:42:44] [14/459] GPRH
[04:42:45] [15/459] PNNG
[04:42:46] [16/459] AMCA
[04:42:47] [17/459] ISTN
[04:42:48] [18/459] PIIC
[04:42:49] [19/459] AHMH
[04:42:49] [20/459] ASHN
[04:42:51] [21/459] INHY
[04:42:52] [22/459] SRMO
[04:42:53] [23/459] PIMH
[04:42:54] [24/459] PVTS
[04:42:54] [25/459] MMCA
[04:42:55] [26/459] AKYJ
[04:42:57] [27/459] BRKH
[04:42:58] [28/459] MAHM
[04:42:58] [29/459] CPHY
[04:42:59] [30/459] PVTP
[04:43:00] [31/459] SMMR
[04:43:01] [32/459] PVHM
[04:43:02] [33/459] SNDY
[04:43:03] [34/459] GOKU
[04:43:04] [35/459] ACEV
[04:43:05] [36/459] PVUM
[04:43:05] [37/459] VSWA
[04:43:06] [38/459] IPRS
[04:43:07] [39/459] ASGN
[04:43:08] [40/459] BKMV
[04:43:09] [41/459] PVYH
[04:43:10] [42/459] INKM
[04:43:11] [43/459] ARJU
[04:43:12] [44/459] JJPP
[04:43:13] [45/459] SSRM
[04:43:13] [46/459] HMHD
[04:43:14] [47/459] SNKH
[04:43:15] [48/459] ACHI
[04:43:16] [49/459] MRAA
[04:43:17] [50/459] INMH
[04:43:18] [51/459] ARMH
[04:43:19] [52/459] DVRR
[04:43:20] [53/459] SUDA
[04:43:21] [54/459] MCSS
[04:43:22] [55/459] VRKC
[04:43:23] [56/459] PRCX
[04:43:24] [57/459] ASJY
[04:43:25] [58/459] MTHY
[04:43:25] [59/459] SRCM
[04:43:26] [60/459] TVHY
[04:43:27] [61/459] STHD
[04:43:28] [62/459] CPCL
[04:43:29] [63/459] PSMJ
[04:43:30] [64/459] MRGT
[04:43:31] [65/459] ARYH
[04:43:31] [66/459] VTRB
[04:43:32] [67/459] SCHC
[04:43:33] [68/459] MRRG
[04:43:34] [69/459] SPCB
[04:43:35] [70/459] AMCM
[04:43:35] [71/459] IVNM
[04:43:36] [72/459] TRHY
[04:43:37] [73/459] PTTH
[04:43:38] [74/459] RKMH
[04:43:39] [75/459] PRCS
[04:43:40] [76/459] VAJA
[04:43:40] [77/459] BJNG
[04:43:41] [78/459] SCVM
[04:43:42] [79/459] GNHB
[04:43:43] [80/459] TLUR
[04:43:43] [81/459] UKCC
[04:43:44] [82/459] SRKR
[04:43:45] [83/459] RMKN
[04:43:47] [84/459] SLRT
[04:43:48] [85/459] LKMT
[04:43:48] [86/459] SSRJ
[04:43:49] [87/459] SPHT
[04:43:50] [88/459] ANTT
[04:43:51] [89/459] SRCH
[04:43:52] [90/459] SRCA
[04:43:53] [91/459] ARTH
[04:43:54] [92/459] MCBH
[04:43:55] [93/459] SNIB
[04:43:56] [94/459] SART
[04:43:58] [95/459] SKTA
[04:43:58] [96/459] YAKT
[04:43:59] [97/459] MLCK
[04:44:00] [98/459] ANTS
[04:44:01] [99/459] DGCA
[04:44:02] [100/459] SGMP
[04:44:02] [101/459] ASWN
[04:44:03] [102/459] KFVU
[04:44:04] [103/459] POOR
[04:44:05] [104/459] GKDN
[04:44:05] [105/459] EOSE
[04:44:06] [106/459] GTTT
[04:44:07] [107/459] ARRO
[04:44:08] [108/459] CMMK
[04:44:09] [109/459] MSCN
[04:44:09] [110/459] GDKH
[04:44:10] [111/459] DLMT
[04:44:11] [112/459] PVMF
[04:44:12] [113/459] CPCK
[04:44:13] [114/459] VMHE
[04:44:14] [115/459] PVLC
[04:44:15] [116/459] PCVB
[04:44:16] [117/459] SNYK
[04:44:17] [118/459] KTEK
[04:44:17] [119/459] PCNM
[04:44:18] [120/459] NTTR
[04:44:19] [121/459] CPSK
[04:44:20] [122/459] JMMA
[04:44:21] [123/459] GCFK
[04:44:22] [124/459] MYCA
[04:44:23] [125/459] KSNP
[04:44:24] [126/459] PMCE
[04:44:25] [127/459] SCKI
[04:44:25] [128/459] FSMA
[04:44:26] [129/459] CETA
[04:44:27] [130/459] MCIK
[04:44:28] [131/459] MYCR
[04:44:29] [132/459] EVMP
[04:44:29] [133/459] SSGT
[04:44:30] [134/459] KCTK
[04:44:31] [135/459] ZTKC
[04:44:32] [136/459] MMTA
[04:44:33] [137/459] MAJT
[04:44:33] [138/459] ACPK
[04:44:35] [139/459] JMAX
[04:44:37] [140/459] SETK
[04:44:38] [141/459] CAIS
[04:44:39] [142/459] AGCD
[04:44:41] [143/459] URCL
[04:44:42] [144/459] VTDS
[04:44:42] [145/459] JCNM
[04:44:43] [146/459] KCAM
[04:44:44] [147/459] ADCU
[04:44:45] [148/459] GXYN
[04:44:46] [149/459] SMJG
[04:44:46] [150/459] EYCJ
[04:44:47] [151/459] CCEJ
[04:44:49] [152/459] MARS
[04:44:50] [153/459] CPVJ
[04:44:51] [154/459] INVP
[04:44:51] [155/459] CPOV
[04:44:52] [156/459] VIJK
[04:44:53] [157/459] LAIM
[04:44:54] [158/459] STHV
[04:44:55] [159/459] SVLJ
[04:44:56] [160/459] ATVJ
[04:44:57] [161/459] JTSC
[04:44:58] [162/459] RMTV
[04:44:59] [163/459] MGGG
[04:45:00] [164/459] SWTH
[04:45:00] [165/459] INVJ
[04:45:01] [166/459] PRSV
[04:45:02] [167/459] JATV
[04:45:03] [168/459] RCVD
[04:45:04] [169/459] BDMA
[04:45:05] [170/459] BLJI
[04:45:06] [171/459] SWOT
[04:45:07] [172/459] SWRN
[04:45:08] [173/459] TVRA
[04:45:09] [174/459] VCSV
[04:45:09] [175/459] NVRN
[04:45:10] [176/459] SIKC
[04:45:11] [177/459] VAKR
[04:45:12] [178/459] SYLN
[04:45:13] [179/459] KLJL
[04:45:14] [180/459] LKMY
[04:45:15] [181/459] VSLY
[04:45:15] [182/459] CIKO
[04:45:17] [183/459] GPBG
[04:45:18] [184/459] CECM
[04:45:19] [185/459] SLKB
[04:45:19] [186/459] MTBO
[04:45:20] [187/459] SSHB
[04:45:21] [188/459] VPCS
[04:45:22] [189/459] RCSR
[04:45:22] [190/459] RJRM
[04:45:23] [191/459] KPPB
[04:45:24] [192/459] SEDC
[04:45:25] [193/459] SCAI
[04:45:25] [194/459] RMTR
[04:45:26] [195/459] ASST
[04:45:27] [196/459] GCAK
[04:45:29] [197/459] ANNK
[04:45:30] [198/459] KDDF
[04:45:30] [199/459] NRDP
[04:45:31] [200/459] PLAK
[04:45:32] [201/459] GCMC
[04:45:34] [202/459] ALPY
[04:45:35] [203/459] SICE
[04:45:35] [204/459] SISR
[04:45:36] [205/459] SRPZ
[04:45:37] [206/459] SRSW
[04:45:38] [207/459] SUYA
[04:45:39] [208/459] AMMT
[04:45:40] [209/459] BHCU
[04:45:40] [210/459] KLPA
[04:45:41] [211/459] NVKH
[04:45:42] [212/459] JMRC
[04:45:43] [213/459] KTTT
[04:45:45] [214/459] MAGH
[04:45:46] [215/459] MMMX
[04:45:47] [216/459] SALJ
[04:45:48] [217/459] GTJA
[04:45:49] [218/459] MAHT
[04:45:49] [219/459] SSNN
[04:45:50] [220/459] ARRP
[04:45:51] [221/459] ATNS
[04:45:52] [222/459] SKDT
[04:45:53] [223/459] ACAT
[04:45:54] [224/459] APRC
[04:45:54] [225/459] SWAG
[04:45:55] [226/459] SDPT
[04:45:57] [227/459] STPS
[04:45:58] [228/459] WWCZ
[04:45:58] [229/459] LLCH
[04:45:59] [230/459] MZHA
[04:46:00] [231/459] CRJG
[04:46:01] [232/459] JGTK
[04:46:02] [233/459] KCSR
[04:46:03] [234/459] CHTL
[04:46:03] [235/459] EDSR
[04:46:05] [236/459] CSWO
[04:46:06] [237/459] CPVM
[04:46:07] [238/459] MXBY
[04:46:08] [239/459] FMMA
[04:46:09] [240/459] POVI
[04:46:11] [241/459] MTHB
[04:46:12] [242/459] INRC
[04:46:12] [243/459] PIPP
[04:46:13] [244/459] BMXC
[04:46:14] [245/459] PCMM
[04:46:15] [246/459] PMKM
[04:46:16] [247/459] GATY
[04:46:16] [248/459] IMCM
[04:46:18] [249/459] POPE
[04:46:20] [250/459] MTCR
[04:46:21] [251/459] PVAE
[04:46:23] [252/459] PVMI
[04:46:23] [253/459] CPNM
[04:46:24] [254/459] FMRL
[04:46:25] [255/459] MCIW
[04:46:26] [256/459] MXBO
[04:46:27] [257/459] FMKY
[04:46:27] [258/459] FMDA
[04:46:28] [259/459] THAB
[04:46:29] [260/459] PRCW
[04:46:30] [261/459] PITI
[04:46:30] [262/459] MCFF
[04:46:31] [263/459] PDDV
[04:46:32] [264/459] MCRM
[04:46:33] [265/459] KKMB
[04:46:34] [266/459] INKO
[04:46:35] [267/459] PLXP
[04:46:36] [268/459] MMHA
[04:46:37] [269/459] FMVS
[04:46:38] [270/459] POLM
[04:46:39] [271/459] STER
[04:46:39] [272/459] PVWJ
[04:46:41] [273/459] IMJW
[04:46:42] [274/459] FNAN
[04:46:43] [275/459] CAGL
[04:46:44] [276/459] IPBG
[04:46:45] [277/459] SMFV
[04:46:46] [278/459] MMMR
[04:46:46] [279/459] MMWM
[04:46:47] [280/459] FNCM
[04:46:48] [281/459] MDVA
[04:46:49] [282/459] MMET
[04:46:50] [283/459] MIDO
[04:46:51] [284/459] INNP
[04:46:51] [285/459] MIFU
[04:46:52] [286/459] MMSZ
[04:46:53] [287/459] BMXA
[04:46:54] [288/459] MCAA
[04:46:54] [289/459] SCVP
[04:46:55] [290/459] PLUS
[04:46:56] [291/459] MUCK
[04:46:57] [292/459] MTMA
[04:46:58] [293/459] HPVR
[04:46:59] [294/459] PMPK
[04:47:00] [295/459] MAJB
[04:47:01] [296/459] CTRR
[04:47:01] [297/459] MCTG
[04:47:02] [298/459] MACE
[04:47:03] [299/459] AAAS
[04:47:04] [300/459] CPVV
[04:47:05] [301/459] RCHG
[04:47:06] [302/459] MCNE
[04:47:07] [303/459] EMNC
[04:47:08] [304/459] MCAN
[04:47:09] [305/459] TCDM
[04:47:10] [306/459] IRGT
[04:47:11] [307/459] GCMG
[04:47:12] [308/459] MXSN
[04:47:12] [309/459] MXCK
[04:47:13] [310/459] MCRC
[04:47:14] [311/459] RSMI
[04:47:16] [312/459] WAML
[04:47:16] [313/459] MTSC
[04:47:17] [314/459] FMDR
[04:47:18] [315/459] LEPV
[04:47:19] [316/459] MTGD
[04:47:20] [317/459] IMOB
[04:47:21] [318/459] CLMM
[04:47:21] [319/459] PZCD
[04:47:22] [320/459] GOCS
[04:47:23] [321/459] KCMA
[04:47:23] [322/459] CCMP
[04:47:24] [323/459] MTSU
[04:47:25] [324/459] SNGL
[04:47:26] [325/459] MMMC
[04:47:27] [326/459] MMAA
[04:47:28] [327/459] GCDM
[04:47:30] [328/459] KTMV
[04:47:31] [329/459] AETE
[04:47:32] [330/459] OMCS
[04:47:32] [331/459] GDCD
[04:47:33] [332/459] NYMD
[04:47:34] [333/459] RNCV
[04:47:35] [334/459] KKMT
[04:47:35] [335/459] GDTH
[04:47:36] [336/459] KMMV
[04:47:37] [337/459] NHCG
[04:47:38] [338/459] PJDW
[04:47:39] [339/459] MMCV
[04:47:40] [340/459] FQSA
[04:47:41] [341/459] KURL
[04:47:42] [342/459] NNNX
[04:47:43] [343/459] AMAU
[04:47:43] [344/459] VVVM
[04:47:44] [345/459] VECU
[04:47:45] [346/459] WCVR
[04:47:46] [347/459] MTGG
[04:47:47] [348/459] SGTG
[04:47:48] [349/459] MNTG
[04:47:48] [350/459] JDDG
[04:47:49] [351/459] MBTK
[04:47:50] [352/459] SGCD
[04:47:51] [353/459] MCTC
[04:47:51] [354/459] JTPC
[04:47:52] [355/459] SDKT
[04:47:53] [356/459] KRCC
[04:47:54] [357/459] RMMD
[04:47:54] [358/459] AAME
[04:47:55] [359/459] TMWC
[04:47:56] [360/459] NRWY
[04:47:57] [361/459] CITD
[04:47:57] [362/459] VERD
[04:47:58] [363/459] MKSK
[04:48:00] [364/459] STSM
[04:48:01] [365/459] MJDG
[04:48:02] [366/459] RKPM
[04:48:03] [367/459] SSCE
[04:48:03] [368/459] VMAE
[04:48:04] [369/459] SBRU
[04:48:05] [370/459] AMBC
[04:48:06] [371/459] AMLU
[04:48:07] [372/459] INVZ
[04:48:07] [373/459] LGTV
[04:48:08] [374/459] SVAD
[04:48:10] [375/459] SMSA
[04:48:10] [376/459] SPCZ
[04:48:11] [377/459] GTCX
[04:48:12] [378/459] SCSL
[04:48:14] [379/459] SAHU
[04:48:15] [380/459] NCDA
[04:48:15] [381/459] SCCG
[04:48:16] [382/459] VKTL
[04:48:17] [383/459] PUUJ
[04:48:18] [384/459] STEJ
[04:48:18] [385/459] RJAL
[04:48:19] [386/459] ACJC
[04:48:20] [387/459] VTHC
[04:48:21] [388/459] ARVB
[04:48:21] [389/459] AUBB
[04:48:22] [390/459] GDBR
[04:48:23] [391/459] PVND
[04:48:24] [392/459] BGRJ
[04:48:25] [393/459] RJMM
[04:48:26] [394/459] MCSA
[04:48:26] [395/459] BODA
[04:48:27] [396/459] JAGG
[04:48:29] [397/459] SCGA
[04:48:30] [398/459] LRCM
[04:48:30] [399/459] CPCN
[04:48:31] [400/459] SSTF
[04:48:32] [401/459] SRXP
[04:48:33] [402/459] CNFX
[04:48:34] [403/459] ANDI
[04:48:35] [404/459] SYEW
[04:48:35] [405/459] RCRE
[04:48:36] [406/459] SCRW
[04:48:37] [407/459] MBKR
[04:48:38] [408/459] ASNT
[04:48:39] [409/459] JTMT
[04:48:39] [410/459] SHAY
[04:48:40] [411/459] VRTH
[04:48:41] [412/459] SPTI
[04:48:42] [413/459] DPTD
[04:48:43] [414/459] TGSN
[04:48:44] [415/459] RCWV
[04:48:45] [416/459] OCUR
[04:48:46] [417/459] KSTC
[04:48:47] [418/459] SANI
[04:48:48] [419/459] MLCA
[04:48:50] [420/459] EGCA
[04:48:50] [421/459] SYSN
[04:48:51] [422/459] PKTA
[04:48:52] [423/459] PRCC
[04:48:52] [424/459] KSTR
[04:48:53] [425/459] SNTP
[04:48:54] [426/459] RCHA
[04:48:55] [427/459] SEEA
[04:48:56] [428/459] ALAT
[04:48:57] [429/459] AATV
[04:48:57] [430/459] RJTE
[04:48:58] [431/459] AAPP
[04:48:59] [432/459] PMMH
[04:49:00] [433/459] INRJ
[04:49:01] [434/459] SARB
[04:49:02] [435/459] PCJL
[04:49:03] [436/459] PFJJ
[04:49:03] [437/459] GRDC
[04:49:04] [438/459] BCBA
[04:49:05] [439/459] VIXL
[04:49:06] [440/459] CSTL
[04:49:06] [441/459] MTDK
[04:49:07] [442/459] TDAC
[04:49:09] [443/459] GTDN
[04:49:10] [444/459] TTDE
[04:49:10] [445/459] ASTS
[04:49:11] [446/459] CPNS
[04:49:12] [447/459] PVVW
[04:49:13] [448/459] USEB
[04:49:14] [449/459] DTYN
[04:49:14] [450/459] PVLE
[04:49:15] [451/459] CIPS
[04:49:16] [452/459] PAEG
[04:49:17] [453/459] PTCW
[04:49:18] [454/459] G3SR
[04:49:19] [455/459] PGND
[04:49:21] [456/459] INVM
[04:49:21] [457/459] SPIA
[04:49:22] [458/459] PCSN
[04:49:23] [459/459] PPGV
[04:49:24] ✅ DONE | Shows=99 | Movies=14
[06:29:30] 🚀 BMS DAILY TRACKER STARTED
[06:29:30] [1/459] FNDB
[06:29:30] 🧠 New identity
[06:29:31] [2/459] AMBH
[06:29:32] [3/459] PRHN
[06:29:32] [4/459] ACPM
[06:29:33] [5/459] PVFS
[06:29:34] [6/459] AACN
[06:29:35] [7/459] ACAS
[06:29:36] [8/459] CTNR
[06:29:37] [9/459] MMAH
[06:29:38] [10/459] CPMH
[06:29:39] [11/459] IGMH
[06:29:40] [12/459] ABCS
[06:29:41] [13/459] CMMA
[06:29:41] [14/459] GPRH
[06:29:42] [15/459] PNNG
[06:29:43] [16/459] AMCA
[06:29:44] [17/459] ISTN
[06:29:45] [18/459] PIIC
[06:29:46] [19/459] AHMH
[06:29:47] [20/459] ASHN
[06:29:48] [21/459] INHY
[06:29:49] [22/459] SRMO
[06:29:50] [23/459] PIMH
[06:29:51] [24/459] PVTS
[06:29:52] [25/459] MMCA
[06:29:53] [26/459] AKYJ
[06:29:54] [27/459] BRKH
[06:29:54] [28/459] MAHM
[06:29:55] [29/459] CPHY
[06:29:56] [30/459] PVTP
[06:29:57] [31/459] SMMR
[06:29:58] [32/459] PVHM
[06:29:59] [33/459] SNDY
[06:30:00] [34/459] GOKU
[06:30:00] [35/459] ACEV
[06:30:01] [36/459] PVUM
[06:30:02] [37/459] VSWA
[06:30:03] [38/459] IPRS
[06:30:05] [39/459] ASGN
[06:30:05] [40/459] BKMV
[06:30:06] [41/459] PVYH
[06:30:07] [42/459] INKM
[06:30:08] [43/459] ARJU
[06:30:09] [44/459] JJPP
[06:30:10] [45/459] SSRM
[06:30:11] [46/459] HMHD
[06:30:12] [47/459] SNKH
[06:30:13] [48/459] ACHI
[06:30:14] [49/459] MRAA
[06:30:14] [50/459] INMH
[06:30:15] [51/459] ARMH
[06:30:16] [52/459] DVRR
[06:30:17] [53/459] SUDA
[06:30:18] [54/459] MCSS
[06:30:19] [55/459] VRKC
[06:30:20] [56/459] PRCX
[06:30:20] [57/459] ASJY
[06:30:21] [58/459] MTHY
[06:30:22] [59/459] SRCM
[06:30:23] [60/459] TVHY
[06:30:24] [61/459] STHD
[06:30:25] [62/459] CPCL
[06:30:25] [63/459] PSMJ
[06:30:26] [64/459] MRGT
[06:30:27] [65/459] ARYH
[06:30:28] [66/459] VTRB
[06:30:29] [67/459] SCHC
[06:30:30] [68/459] MRRG
[06:30:31] [69/459] SPCB
[06:30:31] [70/459] AMCM
[06:30:32] [71/459] IVNM
[06:30:33] [72/459] TRHY
[06:30:34] [73/459] PTTH
[06:30:35] [74/459] RKMH
[06:30:36] [75/459] PRCS
[06:30:36] [76/459] VAJA
[06:30:37] [77/459] BJNG
[06:30:39] [78/459] SCVM
[06:30:40] [79/459] GNHB
[06:30:40] [80/459] TLUR
[06:30:41] [81/459] UKCC
[06:30:42] [82/459] SRKR
[06:30:43] [83/459] RMKN
[06:30:43] [84/459] SLRT
[06:30:44] [85/459] LKMT
[06:30:46] [86/459] SSRJ
[06:30:47] [87/459] SPHT
[06:30:48] [88/459] ANTT
[06:30:48] [89/459] SRCH
[06:30:49] [90/459] SRCA
[06:30:51] [91/459] ARTH
[06:30:51] [92/459] MCBH
[06:30:52] [93/459] SNIB
[06:30:53] [94/459] SART
[06:30:54] [95/459] SKTA
[06:30:55] [96/459] YAKT
[06:30:56] [97/459] MLCK
[06:30:57] [98/459] ANTS
[06:30:58] [99/459] DGCA
[06:30:59] [100/459] SGMP
[06:30:59] [101/459] ASWN
[06:31:00] [102/459] KFVU
[06:31:01] [103/459] POOR
[06:31:02] [104/459] GKDN
[06:31:03] [105/459] EOSE
[06:31:03] [106/459] GTTT
[06:31:04] [107/459] ARRO
[06:31:05] [108/459] CMMK
[06:31:06] [109/459] MSCN
[06:31:08] [110/459] GDKH
[06:31:08] [111/459] DLMT
[06:31:09] [112/459] PVMF
[06:31:11] [113/459] CPCK
[06:31:11] [114/459] VMHE
[06:31:13] [115/459] PVLC
[06:31:14] [116/459] PCVB
[06:31:15] [117/459] SNYK
[06:31:16] [118/459] KTEK
[06:31:17] [119/459] PCNM
[06:31:18] [120/459] NTTR
[06:31:19] [121/459] CPSK
[06:31:20] [122/459] JMMA
[06:31:20] [123/459] GCFK
[06:31:21] [124/459] MYCA
[06:31:22] [125/459] KSNP
[06:31:23] [126/459] PMCE
[06:31:24] [127/459] SCKI
[06:31:25] [128/459] FSMA
[06:31:26] [129/459] CETA
[06:31:26] [130/459] MCIK
[06:31:27] [131/459] MYCR
[06:31:28] [132/459] EVMP
[06:31:29] [133/459] SSGT
[06:31:30] [134/459] KCTK
[06:31:30] [135/459] ZTKC
[06:31:31] [136/459] MMTA
[06:31:32] [137/459] MAJT
[06:31:33] [138/459] ACPK
[06:31:34] [139/459] JMAX
[06:31:35] [140/459] SETK
[06:31:35] [141/459] CAIS
[06:31:36] [142/459] AGCD
[06:31:37] [143/459] URCL
[06:31:38] [144/459] VTDS
[06:31:39] [145/459] JCNM
[06:31:40] [146/459] KCAM
[06:31:41] [147/459] ADCU
[06:31:41] [148/459] GXYN
[06:31:42] [149/459] SMJG
[06:31:43] [150/459] EYCJ
[06:31:44] [151/459] CCEJ
[06:31:45] [152/459] MARS
[06:31:46] [153/459] CPVJ
[06:31:47] [154/459] INVP
[06:31:49] [155/459] CPOV
[06:31:50] [156/459] VIJK
[06:31:51] [157/459] LAIM
[06:31:53] [158/459] STHV
[06:31:53] [159/459] SVLJ
[06:31:54] [160/459] ATVJ
[06:31:55] [161/459] JTSC
[06:31:56] [162/459] RMTV
[06:31:58] [163/459] MGGG
[06:31:59] [164/459] SWTH
[06:31:59] [165/459] INVJ
[06:32:00] [166/459] PRSV
[06:32:01] [167/459] JATV
[06:32:02] [168/459] RCVD
[06:32:03] [169/459] BDMA
[06:32:03] [170/459] BLJI
[06:32:04] [171/459] SWOT
[06:32:05] [172/459] SWRN
[06:32:06] [173/459] TVRA
[06:32:07] [174/459] VCSV
[06:32:07] [175/459] NVRN
[06:32:08] [176/459] SIKC
[06:32:09] [177/459] VAKR
[06:32:10] [178/459] SYLN
[06:32:11] [179/459] KLJL
[06:32:12] [180/459] LKMY
[06:32:12] [181/459] VSLY
[06:32:13] [182/459] CIKO
[06:32:14] [183/459] GPBG
[06:32:15] [184/459] CECM
[06:32:16] [185/459] SLKB
[06:32:17] [186/459] MTBO
[06:32:18] [187/459] SSHB
[06:32:19] [188/459] VPCS
[06:32:19] [189/459] RCSR
[06:32:20] [190/459] RJRM
[06:32:21] [191/459] KPPB
[06:32:21] [192/459] SEDC
[06:32:22] [193/459] SCAI
[06:32:24] [194/459] RMTR
[06:32:24] [195/459] ASST
[06:32:25] [196/459] GCAK
[06:32:26] [197/459] ANNK
[06:32:27] [198/459] KDDF
[06:32:28] [199/459] NRDP
[06:32:29] [200/459] PLAK
[06:32:30] [201/459] GCMC
[06:32:31] [202/459] ALPY
[06:32:32] [203/459] SICE
[06:32:33] [204/459] SISR
[06:32:34] [205/459] SRPZ
[06:32:34] [206/459] SRSW
[06:32:35] [207/459] SUYA
[06:32:36] [208/459] AMMT
[06:32:37] [209/459] BHCU
[06:32:38] [210/459] KLPA
[06:32:38] [211/459] NVKH
[06:32:39] [212/459] JMRC
[06:32:40] [213/459] KTTT
[06:32:42] [214/459] MAGH
[06:32:42] [215/459] MMMX
[06:32:43] [216/459] SALJ
[06:32:44] [217/459] GTJA
[06:32:45] [218/459] MAHT
[06:32:46] [219/459] SSNN
[06:32:47] [220/459] ARRP
[06:32:48] [221/459] ATNS
[06:32:48] [222/459] SKDT
[06:32:49] [223/459] ACAT
[06:32:50] [224/459] APRC
[06:32:51] [225/459] SWAG
[06:32:51] [226/459] SDPT
[06:32:52] [227/459] STPS
[06:32:53] [228/459] WWCZ
[06:32:54] [229/459] LLCH
[06:32:55] [230/459] MZHA
[06:32:56] [231/459] CRJG
[06:32:57] [232/459] JGTK
[06:32:58] [233/459] KCSR
[06:32:59] [234/459] CHTL
[06:32:59] [235/459] EDSR
[06:33:00] [236/459] CSWO
[06:33:01] [237/459] CPVM
[06:33:02] [238/459] MXBY
[06:33:02] [239/459] FMMA
[06:33:03] [240/459] POVI
[06:33:04] [241/459] MTHB
[06:33:05] [242/459] INRC
[06:33:06] [243/459] PIPP
[06:33:07] [244/459] BMXC
[06:33:07] [245/459] PCMM
[06:33:08] [246/459] PMKM
[06:33:09] [247/459] GATY
[06:33:10] [248/459] IMCM
[06:33:11] [249/459] POPE
[06:33:11] [250/459] MTCR
[06:33:12] [251/459] PVAE
[06:33:13] [252/459] PVMI
[06:33:14] [253/459] CPNM
[06:33:15] [254/459] FMRL
[06:33:16] [255/459] MCIW
[06:33:17] [256/459] MXBO
[06:33:18] [257/459] FMKY
[06:33:19] [258/459] FMDA
[06:33:20] [259/459] THAB
[06:33:21] [260/459] PRCW
[06:33:22] [261/459] PITI
[06:33:23] [262/459] MCFF
[06:33:24] [263/459] PDDV
[06:33:25] [264/459] MCRM
[06:33:26] [265/459] KKMB
[06:33:27] [266/459] INKO
[06:33:28] [267/459] PLXP
[06:33:29] [268/459] MMHA
[06:33:30] [269/459] FMVS
[06:33:31] [270/459] POLM
[06:33:31] [271/459] STER
[06:33:32] [272/459] PVWJ
[06:33:33] [273/459] IMJW
[06:33:34] [274/459] FNAN
[06:33:35] [275/459] CAGL
[06:33:36] [276/459] IPBG
[06:33:37] [277/459] SMFV
[06:33:38] [278/459] MMMR
[06:33:38] [279/459] MMWM
[06:33:39] [280/459] FNCM
[06:33:40] [281/459] MDVA
[06:33:41] [282/459] MMET
[06:33:42] [283/459] MIDO
[06:33:43] [284/459] INNP
[06:33:44] [285/459] MIFU
[06:33:44] [286/459] MMSZ
[06:33:45] [287/459] BMXA
[06:33:46] [288/459] MCAA
[06:33:47] [289/459] SCVP
[06:33:48] [290/459] PLUS
[06:33:49] [291/459] MUCK
[06:33:50] [292/459] MTMA
[06:33:51] [293/459] HPVR
[06:33:52] [294/459] PMPK
[06:33:53] [295/459] MAJB
[06:33:54] [296/459] CTRR
[06:33:55] [297/459] MCTG
[06:33:56] [298/459] MACE
[06:33:56] [299/459] AAAS
[06:33:57] [300/459] CPVV
[06:33:58] [301/459] RCHG
[06:33:59] [302/459] MCNE
[06:34:00] [303/459] EMNC
[06:34:00] [304/459] MCAN
[06:34:01] [305/459] TCDM
[06:34:02] [306/459] IRGT
[06:34:03] [307/459] GCMG
[06:34:04] [308/459] MXSN
[06:34:05] [309/459] MXCK
[06:34:06] [310/459] MCRC
[06:34:07] [311/459] RSMI
[06:34:07] [312/459] WAML
[06:34:09] [313/459] MTSC
[06:34:09] [314/459] FMDR
[06:34:10] [315/459] LEPV
[06:34:11] [316/459] MTGD
[06:34:12] [317/459] IMOB
[06:34:13] [318/459] CLMM
[06:34:13] [319/459] PZCD
[06:34:14] [320/459] GOCS
[06:34:15] [321/459] KCMA
[06:34:16] [322/459] CCMP
[06:34:17] [323/459] MTSU
[06:34:18] [324/459] SNGL
[06:34:19] [325/459] MMMC
[06:34:19] [326/459] MMAA
[06:34:20] [327/459] GCDM
[06:34:21] [328/459] KTMV
[06:34:22] [329/459] AETE
[06:34:23] [330/459] OMCS
[06:34:23] [331/459] GDCD
[06:34:24] [332/459] NYMD
[06:34:25] [333/459] RNCV
[06:34:27] [334/459] KKMT
[06:34:28] [335/459] GDTH
[06:34:28] [336/459] KMMV
[06:34:29] [337/459] NHCG
[06:34:30] [338/459] PJDW
[06:34:31] [339/459] MMCV
[06:34:32] [340/459] FQSA
[06:34:33] [341/459] KURL
[06:34:35] [342/459] NNNX
[06:34:35] [343/459] AMAU
[06:34:36] [344/459] VVVM
[06:34:37] [345/459] VECU
[06:34:38] [346/459] WCVR
[06:34:39] [347/459] MTGG
[06:34:39] [348/459] SGTG
[06:34:40] [349/459] MNTG
[06:34:41] [350/459] JDDG
[06:34:42] [351/459] MBTK
[06:34:43] [352/459] SGCD
[06:34:43] [353/459] MCTC
[06:34:44] [354/459] JTPC
[06:34:45] [355/459] SDKT
[06:34:46] [356/459] KRCC
[06:34:47] [357/459] RMMD
[06:34:48] [358/459] AAME
[06:34:48] [359/459] TMWC
[06:34:49] [360/459] NRWY
[06:34:50] [361/459] CITD
[06:34:51] [362/459] VERD
[06:34:52] [363/459] MKSK
[06:34:52] [364/459] STSM
[06:34:54] [365/459] MJDG
[06:34:55] [366/459] RKPM
[06:34:56] [367/459] SSCE
[06:34:56] [368/459] VMAE
[06:34:57] [369/459] SBRU
[06:34:58] [370/459] AMBC
[06:34:59] [371/459] AMLU
[06:35:00] [372/459] INVZ
[06:35:01] [373/459] LGTV
[06:35:01] [374/459] SVAD
[06:35:03] [375/459] SMSA
[06:35:04] [376/459] SPCZ
[06:35:04] [377/459] GTCX
[06:35:06] [378/459] SCSL
[06:35:07] [379/459] SAHU
[06:35:08] [380/459] NCDA
[06:35:09] [381/459] SCCG
[06:35:10] [382/459] VKTL
[06:35:11] [383/459] PUUJ
[06:35:11] [384/459] STEJ
[06:35:12] [385/459] RJAL
[06:35:13] [386/459] ACJC
[06:35:14] [387/459] VTHC
[06:35:14] [388/459] ARVB
[06:35:15] [389/459] AUBB
[06:35:16] [390/459] GDBR
[06:35:17] [391/459] PVND
[06:35:18] [392/459] BGRJ
[06:35:19] [393/459] RJMM
[06:35:19] [394/459] MCSA
[06:35:20] [395/459] BODA
[06:35:21] [396/459] JAGG
[06:35:22] [397/459] SCGA
[06:35:22] [398/459] LRCM
[06:35:23] [399/459] CPCN
[06:35:24] [400/459] SSTF
[06:35:25] [401/459] SRXP
[06:35:26] [402/459] CNFX
[06:35:27] [403/459] ANDI
[06:35:28] [404/459] SYEW
[06:35:29] [405/459] RCRE
[06:35:29] [406/459] SCRW
[06:35:30] [407/459] MBKR
[06:35:31] [408/459] ASNT
[06:35:32] [409/459] JTMT
[06:35:33] [410/459] SHAY
[06:35:34] [411/459] VRTH
[06:35:35] [412/459] SPTI
[06:35:35] [413/459] DPTD
[06:35:36] [414/459] TGSN
[06:35:37] [415/459] RCWV
[06:35:38] [416/459] OCUR
[06:35:39] [417/459] KSTC
[06:35:39] [418/459] SANI
[06:35:40] [419/459] MLCA
[06:35:41] [420/459] EGCA
[06:35:42] [421/459] SYSN
[06:35:43] [422/459] PKTA
[06:35:43] [423/459] PRCC
[06:35:44] [424/459] KSTR
[06:35:45] [425/459] SNTP
[06:35:46] [426/459] RCHA
[06:35:46] [427/459] SEEA
[06:35:47] [428/459] ALAT
[06:35:48] [429/459] AATV
[06:35:49] [430/459] RJTE
[06:35:50] [431/459] AAPP
[06:35:51] [432/459] PMMH
[06:35:51] [433/459] INRJ
[06:35:52] [434/459] SARB
[06:35:54] [435/459] PCJL
[06:35:54] [436/459] PFJJ
[06:35:55] [437/459] GRDC
[06:35:56] [438/459] BCBA
[06:35:57] [439/459] VIXL
[06:35:58] [440/459] CSTL
[06:35:58] [441/459] MTDK
[06:35:59] [442/459] TDAC
[06:36:00] [443/459] GTDN
[06:36:02] [444/459] TTDE
[06:36:02] [445/459] ASTS
[06:36:03] [446/459] CPNS
[06:36:04] [447/459] PVVW
[06:36:05] [448/459] USEB
[06:36:06] [449/459] DTYN
[06:36:07] [450/459] PVLE
[06:36:07] [451/459] CIPS
[06:36:09] [452/459] PAEG
[06:36:10] [453/459] PTCW
[06:36:11] [454/459] G3SR
[06:36:12] [455/459] PGND
[06:36:13] [456/459] INVM
[06:36:14] [457/459] SPIA
[06:36:15] [458/459] PCSN
[06:36:15] [459/459] PPGV
[06:36:16] ✅ DONE | Shows=397 | Movies=38
[08:25:33] 🚀 BMS DAILY TRACKER STARTED
[08:25:33] [1/459] FNDB
[08:25:33] 🧠 New identity
[08:25:34] [2/459] AMBH
[08:25:35] [3/459] PRHN
[08:25:36] [4/459] ACPM
[08:25:37] [5/459] PVFS
[08:25:38] [6/459] AACN
[08:25:39] [7/459] ACAS
[08:25:40] [8/459] CTNR
[08:25:40] [9/459] MMAH
[08:25:41] [10/459] CPMH
[08:25:42] [11/459] IGMH
[08:25:43] [12/459] ABCS
[08:25:44] [13/459] CMMA
[08:25:45] [14/459] GPRH
[08:25:46] [15/459] PNNG
[08:25:46] [16/459] AMCA
[08:25:47] [17/459] ISTN
[08:25:48] [18/459] PIIC
[08:25:49] [19/459] AHMH
[08:25:50] [20/459] ASHN
[08:25:51] [21/459] INHY
[08:25:51] [22/459] SRMO
[08:25:52] [23/459] PIMH
[08:25:53] [24/459] PVTS
[08:25:54] [25/459] MMCA
[08:25:56] [26/459] AKYJ
[08:25:56] [27/459] BRKH
[08:25:57] [28/459] MAHM
[08:25:58] [29/459] CPHY
[08:25:59] [30/459] PVTP
[08:26:00] [31/459] SMMR
[08:26:00] [32/459] PVHM
[08:26:01] [33/459] SNDY
[08:26:02] [34/459] GOKU
[08:26:03] [35/459] ACEV
[08:26:04] [36/459] PVUM
[08:26:05] [37/459] VSWA
[08:26:06] [38/459] IPRS
[08:26:07] [39/459] ASGN
[08:26:08] [40/459] BKMV
[08:26:09] [41/459] PVYH
[08:26:09] [42/459] INKM
[08:26:10] [43/459] ARJU
[08:26:11] [44/459] JJPP
[08:26:12] [45/459] SSRM
[08:26:13] [46/459] HMHD
[08:26:14] [47/459] SNKH
[08:26:15] [48/459] ACHI
[08:26:15] [49/459] MRAA
[08:26:16] [50/459] INMH
[08:26:17] [51/459] ARMH
[08:26:18] [52/459] DVRR
[08:26:19] [53/459] SUDA
[08:26:20] [54/459] MCSS
[08:26:21] [55/459] VRKC
[08:26:21] [56/459] PRCX
[08:26:22] [57/459] ASJY
[08:26:23] [58/459] MTHY
[08:26:24] [59/459] SRCM
[08:26:25] [60/459] TVHY
[08:26:26] [61/459] STHD
[08:26:27] [62/459] CPCL
[08:26:28] [63/459] PSMJ
[08:26:29] [64/459] MRGT
[08:26:30] [65/459] ARYH
[08:26:31] [66/459] VTRB
[08:26:32] [67/459] SCHC
[08:26:33] [68/459] MRRG
[08:26:34] [69/459] SPCB
[08:26:35] [70/459] AMCM
[08:26:35] [71/459] IVNM
[08:26:36] [72/459] TRHY
[08:26:37] [73/459] PTTH
[08:26:38] [74/459] RKMH
[08:26:38] [75/459] PRCS
[08:26:40] [76/459] VAJA
[08:26:40] [77/459] BJNG
[08:26:41] [78/459] SCVM
[08:26:43] [79/459] GNHB
[08:26:44] [80/459] TLUR
[08:26:44] [81/459] UKCC
[08:26:45] [82/459] SRKR
[08:26:46] [83/459] RMKN
[08:26:46] [84/459] SLRT
[08:26:47] [85/459] LKMT
[08:26:48] [86/459] SSRJ
[08:26:49] [87/459] SPHT
[08:26:50] [88/459] ANTT
[08:26:51] [89/459] SRCH
[08:26:51] [90/459] SRCA
[08:26:52] [91/459] ARTH
[08:26:53] [92/459] MCBH
[08:26:54] [93/459] SNIB
[08:26:55] [94/459] SART
[08:26:56] [95/459] SKTA
[08:26:56] [96/459] YAKT
[08:26:57] [97/459] MLCK
[08:26:58] [98/459] ANTS
[08:26:59] [99/459] DGCA
[08:26:59] [100/459] SGMP
[08:27:01] [101/459] ASWN
[08:27:02] [102/459] KFVU
[08:27:03] [103/459] POOR
[08:27:03] [104/459] GKDN
[08:27:04] [105/459] EOSE
[08:27:05] [106/459] GTTT
[08:27:06] [107/459] ARRO
[08:27:07] [108/459] CMMK
[08:27:07] [109/459] MSCN
[08:27:08] [110/459] GDKH
[08:27:09] [111/459] DLMT
[08:27:10] [112/459] PVMF
[08:27:11] [113/459] CPCK
[08:27:11] [114/459] VMHE
[08:27:12] [115/459] PVLC
[08:27:13] [116/459] PCVB
[08:27:14] [117/459] SNYK
[08:27:14] [118/459] KTEK
[08:27:15] [119/459] PCNM
[08:27:16] [120/459] NTTR
[08:27:17] [121/459] CPSK
[08:27:18] [122/459] JMMA
[08:27:19] [123/459] GCFK
[08:27:20] [124/459] MYCA
[08:27:20] [125/459] KSNP
[08:27:21] [126/459] PMCE
[08:27:22] [127/459] SCKI
[08:27:23] [128/459] FSMA
[08:27:23] [129/459] CETA
[08:27:24] [130/459] MCIK
[08:27:25] [131/459] MYCR
[08:27:26] [132/459] EVMP
[08:27:27] [133/459] SSGT
[08:27:27] [134/459] KCTK
[08:27:28] [135/459] ZTKC
[08:27:29] [136/459] MMTA
[08:27:30] [137/459] MAJT
[08:27:31] [138/459] ACPK
[08:27:31] [139/459] JMAX
[08:27:32] [140/459] SETK
[08:27:33] [141/459] CAIS
[08:27:34] [142/459] AGCD
[08:27:35] [143/459] URCL
[08:27:35] [144/459] VTDS
[08:27:36] [145/459] JCNM
[08:27:37] [146/459] KCAM
[08:27:38] [147/459] ADCU
[08:27:38] [148/459] GXYN
[08:27:39] [149/459] SMJG
[08:27:40] [150/459] EYCJ
[08:27:41] [151/459] CCEJ
[08:27:41] [152/459] MARS
[08:27:42] [153/459] CPVJ
[08:27:43] [154/459] INVP
[08:27:44] [155/459] CPOV
[08:27:45] [156/459] VIJK
[08:27:45] [157/459] LAIM
[08:27:46] [158/459] STHV
[08:27:47] [159/459] SVLJ
[08:27:48] [160/459] ATVJ
[08:27:48] [161/459] JTSC
[08:27:49] [162/459] RMTV
[08:27:50] [163/459] MGGG
[08:27:51] [164/459] SWTH
[08:27:52] [165/459] INVJ
[08:27:52] [166/459] PRSV
[08:27:53] [167/459] JATV
[08:27:54] [168/459] RCVD
[08:27:55] [169/459] BDMA
[08:27:56] [170/459] BLJI
[08:27:57] [171/459] SWOT
[08:27:58] [172/459] SWRN
[08:27:59] [173/459] TVRA
[08:28:00] [174/459] VCSV
[08:28:01] [175/459] NVRN
[08:28:02] [176/459] SIKC
[08:28:03] [177/459] VAKR
[08:28:04] [178/459] SYLN
[08:28:05] [179/459] KLJL
[08:28:06] [180/459] LKMY
[08:28:07] [181/459] VSLY
[08:28:08] [182/459] CIKO
[08:28:09] [183/459] GPBG
[08:28:10] [184/459] CECM
[08:28:10] [185/459] SLKB
[08:28:11] [186/459] MTBO
[08:28:12] [187/459] SSHB
[08:28:13] [188/459] VPCS
[08:28:14] [189/459] RCSR
[08:28:15] [190/459] RJRM
[08:28:16] [191/459] KPPB
[08:28:16] [192/459] SEDC
[08:28:17] [193/459] SCAI
[08:28:18] [194/459] RMTR
[08:28:19] [195/459] ASST
[08:28:20] [196/459] GCAK
[08:28:20] [197/459] ANNK
[08:28:21] [198/459] KDDF
[08:28:22] [199/459] NRDP
[08:28:23] [200/459] PLAK
[08:28:24] [201/459] GCMC
[08:28:25] [202/459] ALPY
[08:28:26] [203/459] SICE
[08:28:27] [204/459] SISR
[08:28:27] [205/459] SRPZ
[08:28:28] [206/459] SRSW
[08:28:29] [207/459] SUYA
[08:28:30] [208/459] AMMT
[08:28:31] [209/459] BHCU
[08:28:32] [210/459] KLPA
[08:28:33] [211/459] NVKH
[08:28:33] [212/459] JMRC
[08:28:34] [213/459] KTTT
[08:28:35] [214/459] MAGH
[08:28:36] [215/459] MMMX
[08:28:37] [216/459] SALJ
[08:28:37] [217/459] GTJA
[08:28:38] [218/459] MAHT
[08:28:39] [219/459] SSNN
[08:28:40] [220/459] ARRP
[08:28:40] [221/459] ATNS
[08:28:41] [222/459] SKDT
[08:28:42] [223/459] ACAT
[08:28:42] [224/459] APRC
[08:28:43] [225/459] SWAG
[08:28:44] [226/459] SDPT
[08:28:45] [227/459] STPS
[08:28:46] [228/459] WWCZ
[08:28:46] [229/459] LLCH
[08:28:47] [230/459] MZHA
[08:28:48] [231/459] CRJG
[08:28:49] [232/459] JGTK
[08:28:49] [233/459] KCSR
[08:28:50] [234/459] CHTL
[08:28:51] [235/459] EDSR
[08:28:52] [236/459] CSWO
[08:28:53] [237/459] CPVM
[08:28:54] [238/459] MXBY
[08:28:54] [239/459] FMMA
[08:28:55] [240/459] POVI
[08:28:56] [241/459] MTHB
[08:28:58] [242/459] INRC
[08:28:58] [243/459] PIPP
[08:28:59] [244/459] BMXC
[08:29:00] [245/459] PCMM
[08:29:01] [246/459] PMKM
[08:29:02] [247/459] GATY
[08:29:03] [248/459] IMCM
[08:29:04] [249/459] POPE
[08:29:04] [250/459] MTCR
[08:29:05] [251/459] PVAE
[08:29:06] [252/459] PVMI
[08:29:07] [253/459] CPNM
[08:29:08] [254/459] FMRL
[08:29:09] [255/459] MCIW
[08:29:10] [256/459] MXBO
[08:29:11] [257/459] FMKY
[08:29:12] [258/459] FMDA
[08:29:12] [259/459] THAB
[08:29:13] [260/459] PRCW
[08:29:14] [261/459] PITI
[08:29:14] [262/459] MCFF
[08:29:16] [263/459] PDDV
[08:29:17] [264/459] MCRM
[08:29:18] [265/459] KKMB
[08:29:18] [266/459] INKO
[08:29:19] [267/459] PLXP
[08:29:20] [268/459] MMHA
[08:29:21] [269/459] FMVS
[08:29:22] [270/459] POLM
[08:29:22] [271/459] STER
[08:29:23] [272/459] PVWJ
[08:29:24] [273/459] IMJW
[08:29:25] [274/459] FNAN
[08:29:25] [275/459] CAGL
[08:29:26] [276/459] IPBG
[08:29:27] [277/459] SMFV
[08:29:28] [278/459] MMMR
[08:29:30] [279/459] MMWM
[08:29:30] [280/459] FNCM
[08:29:31] [281/459] MDVA
[08:29:32] [282/459] MMET
[08:29:33] [283/459] MIDO
[08:29:34] [284/459] INNP
[08:29:35] [285/459] MIFU
[08:29:36] [286/459] MMSZ
[08:29:36] [287/459] BMXA
[08:29:37] [288/459] MCAA
[08:29:39] [289/459] SCVP
[08:29:39] [290/459] PLUS
[08:29:40] [291/459] MUCK
[08:29:41] [292/459] MTMA
[08:29:42] [293/459] HPVR
[08:29:42] [294/459] PMPK
[08:29:43] [295/459] MAJB
[08:29:44] [296/459] CTRR
[08:29:45] [297/459] MCTG
[08:29:45] [298/459] MACE
[08:29:46] [299/459] AAAS
[08:29:47] [300/459] CPVV
[08:29:48] [301/459] RCHG
[08:29:49] [302/459] MCNE
[08:29:50] [303/459] EMNC
[08:29:51] [304/459] MCAN
[08:29:53] [305/459] TCDM
[08:29:53] [306/459] IRGT
[08:29:54] [307/459] GCMG
[08:29:55] [308/459] MXSN
[08:29:56] [309/459] MXCK
[08:29:57] [310/459] MCRC
[08:29:58] [311/459] RSMI
[08:29:59] [312/459] WAML
[08:30:00] [313/459] MTSC
[08:30:00] [314/459] FMDR
[08:30:01] [315/459] LEPV
[08:30:02] [316/459] MTGD
[08:30:03] [317/459] IMOB
[08:30:04] [318/459] CLMM
[08:30:05] [319/459] PZCD
[08:30:05] [320/459] GOCS
[08:30:06] [321/459] KCMA
[08:30:07] [322/459] CCMP
[08:30:08] [323/459] MTSU
[08:30:09] [324/459] SNGL
[08:30:09] [325/459] MMMC
[08:30:11] [326/459] MMAA
[08:30:12] [327/459] GCDM
[08:30:13] [328/459] KTMV
[08:30:13] [329/459] AETE
[08:30:14] [330/459] OMCS
[08:30:15] [331/459] GDCD
[08:30:16] [332/459] NYMD
[08:30:17] [333/459] RNCV
[08:30:17] [334/459] KKMT
[08:30:18] [335/459] GDTH
[08:30:19] [336/459] KMMV
[08:30:20] [337/459] NHCG
[08:30:20] [338/459] PJDW
[08:30:21] [339/459] MMCV
[08:30:22] [340/459] FQSA
[08:30:22] [341/459] KURL
[08:30:24] [342/459] NNNX
[08:30:25] [343/459] AMAU
[08:30:26] [344/459] VVVM
[08:30:27] [345/459] VECU
[08:30:27] [346/459] WCVR
[08:30:29] [347/459] MTGG
[08:30:30] [348/459] SGTG
[08:30:31] [349/459] MNTG
[08:30:32] [350/459] JDDG
[08:30:32] [351/459] MBTK
[08:30:34] [352/459] SGCD
[08:30:35] [353/459] MCTC
[08:30:35] [354/459] JTPC
[08:30:36] [355/459] SDKT
[08:30:38] [356/459] KRCC
[08:30:39] [357/459] RMMD
[08:30:40] [358/459] AAME
[08:30:40] [359/459] TMWC
[08:30:41] [360/459] NRWY
[08:30:42] [361/459] CITD
[08:30:43] [362/459] VERD
[08:30:44] [363/459] MKSK
[08:30:46] [364/459] STSM
[08:30:47] [365/459] MJDG
[08:30:48] [366/459] RKPM
[08:30:48] [367/459] SSCE
[08:30:49] [368/459] VMAE
[08:30:50] [369/459] SBRU
[08:30:51] [370/459] AMBC
[08:30:52] [371/459] AMLU
[08:30:52] [372/459] INVZ
[08:30:53] [373/459] LGTV
[08:30:54] [374/459] SVAD
[08:30:55] [375/459] SMSA
[08:30:56] [376/459] SPCZ
[08:30:57] [377/459] GTCX
[08:30:57] [378/459] SCSL
[08:30:58] [379/459] SAHU
[08:30:59] [380/459] NCDA
[08:31:00] [381/459] SCCG
[08:31:01] [382/459] VKTL
[08:31:01] [383/459] PUUJ
[08:31:02] [384/459] STEJ
[08:31:03] [385/459] RJAL
[08:31:04] [386/459] ACJC
[08:31:05] [387/459] VTHC
[08:31:06] [388/459] ARVB
[08:31:06] [389/459] AUBB
[08:31:07] [390/459] GDBR
[08:31:08] [391/459] PVND
[08:31:09] [392/459] BGRJ
[08:31:10] [393/459] RJMM
[08:31:11] [394/459] MCSA
[08:31:12] [395/459] BODA
[08:31:12] [396/459] JAGG
[08:31:14] [397/459] SCGA
[08:31:15] [398/459] LRCM
[08:31:16] [399/459] CPCN
[08:31:16] [400/459] SSTF
[08:31:17] [401/459] SRXP
[08:31:18] [402/459] CNFX
[08:31:19] [403/459] ANDI
[08:31:20] [404/459] SYEW
[08:31:21] [405/459] RCRE
[08:31:22] [406/459] SCRW
[08:31:23] [407/459] MBKR
[08:31:24] [408/459] ASNT
[08:31:25] [409/459] JTMT
[08:31:26] [410/459] SHAY
[08:31:27] [411/459] VRTH
[08:31:28] [412/459] SPTI
[08:31:29] [413/459] DPTD
[08:31:30] [414/459] TGSN
[08:31:31] [415/459] RCWV
[08:31:32] [416/459] OCUR
[08:31:32] [417/459] KSTC
[08:31:33] [418/459] SANI
[08:31:34] [419/459] MLCA
[08:31:35] [420/459] EGCA
[08:31:35] [421/459] SYSN
[08:31:36] [422/459] PKTA
[08:31:37] [423/459] PRCC
[08:31:38] [424/459] KSTR
[08:31:39] [425/459] SNTP
[08:31:40] [426/459] RCHA
[08:31:41] [427/459] SEEA
[08:31:41] [428/459] ALAT
[08:31:43] [429/459] AATV
[08:31:43] [430/459] RJTE
[08:31:44] [431/459] AAPP
[08:31:45] [432/459] PMMH
[08:31:46] [433/459] INRJ
[08:31:47] [434/459] SARB
[08:31:48] [435/459] PCJL
[08:31:48] [436/459] PFJJ
[08:31:49] [437/459] GRDC
[08:31:50] [438/459] BCBA
[08:31:51] [439/459] VIXL
[08:31:52] [440/459] CSTL
[08:31:53] [441/459] MTDK
[08:31:54] [442/459] TDAC
[08:31:55] [443/459] GTDN
[08:31:56] [444/459] TTDE
[08:31:57] [445/459] ASTS
[08:31:57] [446/459] CPNS
[08:31:58] [447/459] PVVW
[08:32:00] [448/459] USEB
[08:32:01] [449/459] DTYN
[08:32:02] [450/459] PVLE
[08:32:03] [451/459] CIPS
[08:32:05] [452/459] PAEG
[08:32:06] [453/459] PTCW
[08:32:07] [454/459] G3SR
[08:32:08] [455/459] PGND
[08:32:09] [456/459] INVM
[08:32:09] [457/459] SPIA
[08:32:10] [458/459] PCSN
[08:32:12] [459/459] PPGV
[08:32:14] ✅ DONE | Shows=1271 | Movies=63
[09:27:14] 🚀 BMS DAILY TRACKER STARTED
[09:27:14] [1/459] FNDB
[09:27:14] 🧠 New identity
[09:27:15] [2/459] AMBH
[09:27:16] [3/459] PRHN
[09:27:17] [4/459] ACPM
[09:27:18] [5/459] PVFS
[09:27:19] [6/459] AACN
[09:27:20] [7/459] ACAS
[09:27:20] [8/459] CTNR
[09:27:22] [9/459] MMAH
[09:27:23] [10/459] CPMH
[09:27:24] [11/459] IGMH
[09:27:26] [12/459] ABCS
[09:27:27] [13/459] CMMA
[09:27:28] [14/459] GPRH
[09:27:29] [15/459] PNNG
[09:27:29] [16/459] AMCA
[09:27:30] [17/459] ISTN
[09:27:31] [18/459] PIIC
[09:27:32] [19/459] AHMH
[09:27:32] [20/459] ASHN
[09:27:33] [21/459] INHY
[09:27:34] [22/459] SRMO
[09:27:35] [23/459] PIMH
[09:27:36] [24/459] PVTS
[09:27:37] [25/459] MMCA
[09:27:38] [26/459] AKYJ
[09:27:38] [27/459] BRKH
[09:27:40] [28/459] MAHM
[09:27:41] [29/459] CPHY
[09:27:42] [30/459] PVTP
[09:27:43] [31/459] SMMR
[09:27:44] [32/459] PVHM
[09:27:45] [33/459] SNDY
[09:27:45] [34/459] GOKU
[09:27:46] [35/459] ACEV
[09:27:47] [36/459] PVUM
[09:27:48] [37/459] VSWA
[09:27:48] [38/459] IPRS
[09:27:49] [39/459] ASGN
[09:27:50] [40/459] BKMV
[09:27:51] [41/459] PVYH
[09:27:52] [42/459] INKM
[09:27:53] [43/459] ARJU
[09:27:53] [44/459] JJPP
[09:27:54] [45/459] SSRM
[09:27:55] [46/459] HMHD
[09:27:56] [47/459] SNKH
[09:27:56] [48/459] ACHI
[09:27:57] [49/459] MRAA
[09:27:58] [50/459] INMH
[09:27:59] [51/459] ARMH
[09:28:00] [52/459] DVRR
[09:28:01] [53/459] SUDA
[09:28:02] [54/459] MCSS
[09:28:02] [55/459] VRKC
[09:28:03] [56/459] PRCX
[09:28:05] [57/459] ASJY
[09:28:05] [58/459] MTHY
[09:28:06] [59/459] SRCM
[09:28:07] [60/459] TVHY
[09:28:08] [61/459] STHD
[09:28:09] [62/459] CPCL
[09:28:10] [63/459] PSMJ
[09:28:11] [64/459] MRGT
[09:28:11] [65/459] ARYH
[09:28:12] [66/459] VTRB
[09:28:13] [67/459] SCHC
[09:28:14] [68/459] MRRG
[09:28:15] [69/459] SPCB
[09:28:16] [70/459] AMCM
[09:28:16] [71/459] IVNM
[09:28:17] [72/459] TRHY
[09:28:18] [73/459] PTTH
[09:28:19] [74/459] RKMH
[09:28:19] [75/459] PRCS
[09:28:20] [76/459] VAJA
[09:28:21] [77/459] BJNG
[09:28:22] [78/459] SCVM
[09:28:23] [79/459] GNHB
[09:28:23] [80/459] TLUR
[09:28:24] [81/459] UKCC
[09:28:25] [82/459] SRKR
[09:28:26] [83/459] RMKN
[09:28:27] [84/459] SLRT
[09:28:28] [85/459] LKMT
[09:28:29] [86/459] SSRJ
[09:28:29] [87/459] SPHT
[09:28:30] [88/459] ANTT
[09:28:31] [89/459] SRCH
[09:28:32] [90/459] SRCA
[09:28:33] [91/459] ARTH
[09:28:34] [92/459] MCBH
[09:28:34] [93/459] SNIB
[09:28:35] [94/459] SART
[09:28:36] [95/459] SKTA
[09:28:37] [96/459] YAKT
[09:28:38] [97/459] MLCK
[09:28:39] [98/459] ANTS
[09:28:40] [99/459] DGCA
[09:28:41] [100/459] SGMP
[09:28:41] [101/459] ASWN
[09:28:42] [102/459] KFVU
[09:28:43] [103/459] POOR
[09:28:44] [104/459] GKDN
[09:28:45] [105/459] EOSE
[09:28:46] [106/459] GTTT
[09:28:46] [107/459] ARRO
[09:28:47] [108/459] CMMK
[09:28:48] [109/459] MSCN
[09:28:49] [110/459] GDKH
[09:28:50] [111/459] DLMT
[09:28:50] [112/459] PVMF
[09:28:51] [113/459] CPCK
[09:28:52] [114/459] VMHE
[09:28:53] [115/459] PVLC
[09:28:54] [116/459] PCVB
[09:28:55] [117/459] SNYK
[09:28:55] [118/459] KTEK
[09:28:56] [119/459] PCNM
[09:28:57] [120/459] NTTR
[09:28:58] [121/459] CPSK
[09:28:59] [122/459] JMMA
[09:29:00] [123/459] GCFK
[09:29:01] [124/459] MYCA
[09:29:02] [125/459] KSNP
[09:29:03] [126/459] PMCE
[09:29:05] [127/459] SCKI
[09:29:06] [128/459] FSMA
[09:29:07] [129/459] CETA
[09:29:07] [130/459] MCIK
[09:29:08] [131/459] MYCR
[09:29:09] [132/459] EVMP
[09:29:10] [133/459] SSGT
[09:29:11] [134/459] KCTK
[09:29:12] [135/459] ZTKC
[09:29:12] [136/459] MMTA
[09:29:13] [137/459] MAJT
[09:29:14] [138/459] ACPK
[09:29:15] [139/459] JMAX
[09:29:16] [140/459] SETK
[09:29:16] [141/459] CAIS
[09:29:17] [142/459] AGCD
[09:29:18] [143/459] URCL
[09:29:18] [144/459] VTDS
[09:29:19] [145/459] JCNM
[09:29:20] [146/459] KCAM
[09:29:21] [147/459] ADCU
[09:29:22] [148/459] GXYN
[09:29:23] [149/459] SMJG
[09:29:23] [150/459] EYCJ
[09:29:24] [151/459] CCEJ
[09:29:25] [152/459] MARS
[09:29:26] [153/459] CPVJ
[09:29:27] [154/459] INVP
[09:29:27] [155/459] CPOV
[09:29:28] [156/459] VIJK
[09:29:30] [157/459] LAIM
[09:29:31] [158/459] STHV
[09:29:31] [159/459] SVLJ
[09:29:32] [160/459] ATVJ
[09:29:33] [161/459] JTSC
[09:29:33] [162/459] RMTV
[09:29:34] [163/459] MGGG
[09:29:36] [164/459] SWTH
[09:29:37] [165/459] INVJ
[09:29:38] [166/459] PRSV
[09:29:39] [167/459] JATV
[09:29:40] [168/459] RCVD
[09:29:41] [169/459] BDMA
[09:29:42] [170/459] BLJI
[09:29:43] [171/459] SWOT
[09:29:43] [172/459] SWRN
[09:29:44] [173/459] TVRA
[09:29:46] [174/459] VCSV
[09:29:47] [175/459] NVRN
[09:29:47] [176/459] SIKC
[09:29:48] [177/459] VAKR
[09:29:49] [178/459] SYLN
[09:29:50] [179/459] KLJL
[09:29:51] [180/459] LKMY
[09:29:52] [181/459] VSLY
[09:29:53] [182/459] CIKO
[09:29:54] [183/459] GPBG
[09:29:55] [184/459] CECM
[09:29:56] [185/459] SLKB
[09:29:57] [186/459] MTBO
[09:29:58] [187/459] SSHB
[09:29:59] [188/459] VPCS
[09:30:01] [189/459] RCSR
[09:30:01] [190/459] RJRM
[09:30:02] [191/459] KPPB
[09:30:03] [192/459] SEDC
[09:30:04] [193/459] SCAI
[09:30:05] [194/459] RMTR
[09:30:07] [195/459] ASST
[09:30:07] [196/459] GCAK
[09:30:08] [197/459] ANNK
[09:30:09] [198/459] KDDF
[09:30:10] [199/459] NRDP
[09:30:12] [200/459] PLAK
[09:30:13] [201/459] GCMC
[09:30:13] [202/459] ALPY
[09:30:14] [203/459] SICE
[09:30:15] [204/459] SISR
[09:30:16] [205/459] SRPZ
[09:30:17] [206/459] SRSW
[09:30:18] [207/459] SUYA
[09:30:19] [208/459] AMMT
[09:30:20] [209/459] BHCU
[09:30:20] [210/459] KLPA
[09:30:21] [211/459] NVKH
[09:30:22] [212/459] JMRC
[09:30:23] [213/459] KTTT
[09:30:25] [214/459] MAGH
[09:30:26] [215/459] MMMX
[09:30:27] [216/459] SALJ
[09:30:28] [217/459] GTJA
[09:30:29] [218/459] MAHT
[09:30:30] [219/459] SSNN
[09:30:32] [220/459] ARRP
[09:30:33] [221/459] ATNS
[09:30:33] [222/459] SKDT
[09:30:35] [223/459] ACAT
[09:30:35] [224/459] APRC
[09:30:36] [225/459] SWAG
[09:30:37] [226/459] SDPT
[09:30:38] [227/459] STPS
[09:30:39] [228/459] WWCZ
[09:30:40] [229/459] LLCH
[09:30:41] [230/459] MZHA
[09:30:41] [231/459] CRJG
[09:30:43] [232/459] JGTK
[09:30:44] [233/459] KCSR
[09:30:45] [234/459] CHTL
[09:30:45] [235/459] EDSR
[09:30:46] [236/459] CSWO
[09:30:47] [237/459] CPVM
[09:30:48] [238/459] MXBY
[09:30:49] [239/459] FMMA
[09:30:49] [240/459] POVI
[09:30:50] [241/459] MTHB
[09:30:51] [242/459] INRC
[09:30:52] [243/459] PIPP
[09:30:53] [244/459] BMXC
[09:30:54] [245/459] PCMM
[09:30:55] [246/459] PMKM
[09:30:55] [247/459] GATY
[09:30:56] [248/459] IMCM
[09:30:58] [249/459] POPE
[09:30:59] [250/459] MTCR
[09:30:59] [251/459] PVAE
[09:31:00] [252/459] PVMI
[09:31:01] [253/459] CPNM
[09:31:02] [254/459] FMRL
[09:31:03] [255/459] MCIW
[09:31:04] [256/459] MXBO
[09:31:04] [257/459] FMKY
[09:31:05] [258/459] FMDA
[09:31:07] [259/459] THAB
[09:31:08] [260/459] PRCW
[09:31:08] [261/459] PITI
[09:31:09] [262/459] MCFF
[09:31:10] [263/459] PDDV
[09:31:11] [264/459] MCRM
[09:31:12] [265/459] KKMB
[09:31:12] [266/459] INKO
[09:31:14] [267/459] PLXP
[09:31:15] [268/459] MMHA
[09:31:16] [269/459] FMVS
[09:31:17] [270/459] POLM
[09:31:18] [271/459] STER
[09:31:18] [272/459] PVWJ
[09:31:20] [273/459] IMJW
[09:31:20] [274/459] FNAN
[09:31:21] [275/459] CAGL
[09:31:22] [276/459] IPBG
[09:31:23] [277/459] SMFV
[09:31:24] [278/459] MMMR
[09:31:25] [279/459] MMWM
[09:31:26] [280/459] FNCM
[09:31:26] [281/459] MDVA
[09:31:27] [282/459] MMET
[09:31:28] [283/459] MIDO
[09:31:29] [284/459] INNP
[09:31:30] [285/459] MIFU
[09:31:32] [286/459] MMSZ
[09:31:33] [287/459] BMXA
[09:31:33] [288/459] MCAA
[09:31:34] [289/459] SCVP
[09:31:35] [290/459] PLUS
[09:31:36] [291/459] MUCK
[09:31:37] [292/459] MTMA
[09:31:38] [293/459] HPVR
[09:31:38] [294/459] PMPK
[09:31:40] [295/459] MAJB
[09:31:41] [296/459] CTRR
[09:31:41] [297/459] MCTG
[09:31:42] [298/459] MACE
[09:31:43] [299/459] AAAS
[09:31:44] [300/459] CPVV
[09:31:45] [301/459] RCHG
[09:31:46] [302/459] MCNE
[09:31:47] [303/459] EMNC
[09:31:48] [304/459] MCAN
[09:31:49] [305/459] TCDM
[09:31:50] [306/459] IRGT
[09:31:51] [307/459] GCMG
[09:31:52] [308/459] MXSN
[09:31:53] [309/459] MXCK
[09:31:54] [310/459] MCRC
[09:31:54] [311/459] RSMI
[09:31:55] [312/459] WAML
[09:31:56] [313/459] MTSC
[09:31:57] [314/459] FMDR
[09:31:57] [315/459] LEPV
[09:31:58] [316/459] MTGD
[09:31:59] [317/459] IMOB
[09:32:00] [318/459] CLMM
[09:32:01] [319/459] PZCD
[09:32:02] [320/459] GOCS
[09:32:03] [321/459] KCMA
[09:32:03] [322/459] CCMP
[09:32:04] [323/459] MTSU
[09:32:06] [324/459] SNGL
[09:32:07] [325/459] MMMC
[09:32:08] [326/459] MMAA
[09:32:08] [327/459] GCDM
[09:32:09] [328/459] KTMV
[09:32:10] [329/459] AETE
[09:32:11] [330/459] OMCS
[09:32:11] [331/459] GDCD
[09:32:13] [332/459] NYMD
[09:32:13] [333/459] RNCV
[09:32:14] [334/459] KKMT
[09:32:15] [335/459] GDTH
[09:32:16] [336/459] KMMV
[09:32:17] [337/459] NHCG
[09:32:18] [338/459] PJDW
[09:32:19] [339/459] MMCV
[09:32:19] [340/459] FQSA
[09:32:20] [341/459] KURL
[09:32:21] [342/459] NNNX
[09:32:22] [343/459] AMAU
[09:32:23] [344/459] VVVM
[09:32:25] [345/459] VECU
[09:32:26] [346/459] WCVR
[09:32:26] [347/459] MTGG
[09:32:27] [348/459] SGTG
[09:32:28] [349/459] MNTG
[09:32:29] [350/459] JDDG
[09:32:30] [351/459] MBTK
[09:32:31] [352/459] SGCD
[09:32:32] [353/459] MCTC
[09:32:33] [354/459] JTPC
[09:32:34] [355/459] SDKT
[09:32:35] [356/459] KRCC
[09:32:36] [357/459] RMMD
[09:32:37] [358/459] AAME
[09:32:38] [359/459] TMWC
[09:32:38] [360/459] NRWY
[09:32:39] [361/459] CITD
[09:32:40] [362/459] VERD
[09:32:41] [363/459] MKSK
[09:32:41] [364/459] STSM
[09:32:42] [365/459] MJDG
[09:32:43] [366/459] RKPM
[09:32:43] [367/459] SSCE
[09:32:44] [368/459] VMAE
[09:32:45] [369/459] SBRU
[09:32:46] [370/459] AMBC
[09:32:47] [371/459] AMLU
[09:32:47] [372/459] INVZ
[09:32:48] [373/459] LGTV
[09:32:50] [374/459] SVAD
[09:32:50] [375/459] SMSA
[09:32:52] [376/459] SPCZ
[09:32:52] [377/459] GTCX
[09:32:54] [378/459] SCSL
[09:32:55] [379/459] SAHU
[09:32:56] [380/459] NCDA
[09:32:56] [381/459] SCCG
[09:32:57] [382/459] VKTL
[09:32:58] [383/459] PUUJ
[09:32:59] [384/459] STEJ
[09:33:00] [385/459] RJAL
[09:33:01] [386/459] ACJC
[09:33:02] [387/459] VTHC
[09:33:03] [388/459] ARVB
[09:33:03] [389/459] AUBB
[09:33:04] [390/459] GDBR
[09:33:05] [391/459] PVND
[09:33:06] [392/459] BGRJ
[09:33:07] [393/459] RJMM
[09:33:08] [394/459] MCSA
[09:33:09] [395/459] BODA
[09:33:09] [396/459] JAGG
[09:33:10] [397/459] SCGA
[09:33:11] [398/459] LRCM
[09:33:12] [399/459] CPCN
[09:33:13] [400/459] SSTF
[09:33:13] [401/459] SRXP
[09:33:14] [402/459] CNFX
[09:33:15] [403/459] ANDI
[09:33:17] [404/459] SYEW
[09:33:18] [405/459] RCRE
[09:33:19] [406/459] SCRW
[09:33:19] [407/459] MBKR
[09:33:20] [408/459] ASNT
[09:33:21] [409/459] JTMT
[09:33:22] [410/459] SHAY
[09:33:23] [411/459] VRTH
[09:33:24] [412/459] SPTI
[09:33:25] [413/459] DPTD
[09:33:26] [414/459] TGSN
[09:33:28] [415/459] RCWV
[09:33:29] [416/459] OCUR
[09:33:29] [417/459] KSTC
[09:33:30] [418/459] SANI
[09:33:31] [419/459] MLCA
[09:33:32] [420/459] EGCA
[09:33:33] [421/459] SYSN
[09:33:34] [422/459] PKTA
[09:33:35] [423/459] PRCC
[09:33:35] [424/459] KSTR
[09:33:36] [425/459] SNTP
[09:33:37] [426/459] RCHA
[09:33:38] [427/459] SEEA
[09:33:39] [428/459] ALAT
[09:33:39] [429/459] AATV
[09:33:40] [430/459] RJTE
[09:33:41] [431/459] AAPP
[09:33:42] [432/459] PMMH
[09:33:42] [433/459] INRJ
[09:33:43] [434/459] SARB
[09:33:45] [435/459] PCJL
[09:33:46] [436/459] PFJJ
[09:33:47] [437/459] GRDC
[09:33:48] [438/459] BCBA
[09:33:49] [439/459] VIXL
[09:33:49] [440/459] CSTL
[09:33:50] [441/459] MTDK
[09:33:51] [442/459] TDAC
[09:33:52] [443/459] GTDN
[09:33:53] [444/459] TTDE
[09:33:53] [445/459] ASTS
[09:33:54] [446/459] CPNS
[09:33:55] [447/459] PVVW
[09:33:56] [448/459] USEB
[09:33:57] [449/459] DTYN
[09:33:57] [450/459] PVLE
[09:33:58] [451/459] CIPS
[09:33:59] [452/459] PAEG
[09:34:00] [453/459] PTCW
[09:34:01] [454/459] G3SR
[09:34:01] [455/459] PGND
[09:34:03] [456/459] INVM
[09:34:03] [457/459] SPIA
[09:34:04] [458/459] PCSN
[09:34:05] [459/459] PPGV
[09:34:06] ✅ DONE | Shows=1515 | Movies=73
