[00:40:53] 🚀 BMS DAILY TRACKER STARTED
[00:40:53] [1/445] TGMR
[00:40:53] 🧠 New identity
[00:40:54] [2/445] CXKR
[00:40:54] [3/445] SROP
[00:40:55] [4/445] GTSV
[00:40:57] [5/445] SNTY
[00:40:58] [6/445] SMYY
[00:40:59] [7/445] CNCS
[00:41:00] [8/445] CSTM
[00:41:01] [9/445] NUCD
[00:41:02] [10/445] SHCZ
[00:41:02] [11/445] NJCT
[00:41:03] [12/445] COPC
[00:41:04] [13/445] STVV
[00:41:06] [14/445] SKRN
[00:41:07] [15/445] APPZ
[00:41:08] [16/445] YMGN
[00:41:09] [17/445] SVTU
[00:41:10] [18/445] GTAD
[00:41:11] [19/445] PSUS
[00:41:12] [20/445] SMCD
[00:41:13] [21/445] CMCM
[00:41:14] [22/445] SYCT
[00:41:14] [23/445] STLY
[00:41:16] [24/445] CMHU
[00:41:16] [25/445] CMSA
[00:41:17] [26/445] CLCU
[00:41:18] [27/445] PPNT
[00:41:19] [28/445] JTAB
[00:41:20] [29/445] BUUC
[00:41:21] [30/445] BSVK
[00:41:22] [31/445] VVVQ
[00:41:22] [32/445] TKMU
[00:41:23] [33/445] ESYL
[00:41:25] [34/445] ACHP
[00:41:26] [35/445] BTKD
[00:41:27] [36/445] DESA
[00:41:27] [37/445] GBCT
[00:41:29] [38/445] BLLD
[00:41:30] [39/445] SKNT
[00:41:30] [40/445] SSTE
[00:41:31] [41/445] VJMR
[00:41:32] [42/445] NTPU
[00:41:33] [43/445] RDKN
[00:41:33] [44/445] ADGC
[00:41:34] [45/445] VRBP
[00:41:35] [46/445] NMNA
[00:41:36] [47/445] CMMX
[00:41:37] [48/445] PTKO
[00:41:38] [49/445] RBML
[00:41:39] [50/445] SAIC
[00:41:39] [51/445] SVTJ
[00:41:40] [52/445] MRTE
[00:41:41] [53/445] RBTP
[00:41:42] [54/445] NLPS
[00:41:43] [55/445] GTNA
[00:41:44] [56/445] DGGC
[00:41:45] [57/445] SMCR
[00:41:46] [58/445] SCGD
[00:41:47] [59/445] SRRJ
[00:41:48] [60/445] CNRY
[00:41:49] [61/445] KTDI
[00:41:49] [62/445] SNJL
[00:41:50] [63/445] RKMD
[00:41:51] [64/445] SMDC
[00:41:52] [65/445] TADG
[00:41:53] [66/445] MCGS
[00:41:54] [67/445] PETK
[00:41:54] [68/445] CHAG
[00:41:55] [69/445] KSTL
[00:41:56] [70/445] AADS
[00:41:57] [71/445] NTHZ
[00:41:58] [72/445] HCKI
[00:41:59] [73/445] SSEF
[00:42:00] [74/445] MCGX
[00:42:01] [75/445] ERRA
[00:42:02] [76/445] SDTW
[00:42:02] [77/445] RMPK
[00:42:03] [78/445] PTHK
[00:42:04] [79/445] PXCS
[00:42:06] [80/445] SVLU
[00:42:07] [81/445] STAH
[00:42:07] [82/445] JRGF
[00:42:08] [83/445] CDOK
[00:42:09] [84/445] CMSG
[00:42:10] [85/445] APTD
[00:42:11] [86/445] KMPG
[00:42:12] [87/445] MUTJ
[00:42:12] [88/445] VCCI
[00:42:13] [89/445] URBE
[00:42:14] [90/445] TCTS
[00:42:15] [91/445] STSN
[00:42:16] [92/445] AKCH
[00:42:16] [93/445] APSC
[00:42:17] [94/445] VLTB
[00:42:18] [95/445] SANU
[00:42:19] [96/445] AXAM
[00:42:20] [97/445] MGMG
[00:42:20] [98/445] HTBY
[00:42:21] [99/445] MMZS
[00:42:22] [100/445] SUDR
[00:42:23] [101/445] CCAD
[00:42:23] [102/445] SKKC
[00:42:24] [103/445] RMCD
[00:42:25] [104/445] SBCQ
[00:42:26] [105/445] DCCT
[00:42:27] [106/445] VTKP
[00:42:28] [107/445] MLAM
[00:42:29] [108/445] SAVT
[00:42:30] [109/445] GEPL
[00:42:31] [110/445] AMCD
[00:42:32] [111/445] CCXR
[00:42:33] [112/445] GRNG
[00:42:34] [113/445] EBCA
[00:42:35] [114/445] CNVG
[00:42:36] [115/445] MWSS
[00:42:37] [116/445] VBOR
[00:42:37] [117/445] NEEB
[00:42:38] [118/445] SUTH
[00:42:39] [119/445] ANDB
[00:42:40] [120/445] MMXS
[00:42:40] [121/445] CNPD
[00:42:41] [122/445] SDCE
[00:42:42] [123/445] DHCB
[00:42:43] [124/445] ODEN
[00:42:44] [125/445] TNTC
[00:42:45] [126/445] VBKM
[00:42:46] [127/445] RZYM
[00:42:47] [128/445] JEMC
[00:42:48] [129/445] CMAU
[00:42:49] [130/445] SIVP
[00:42:49] [131/445] ATAG
[00:42:51] [132/445] CHTM
[00:42:52] [133/445] AAEE
[00:42:53] [134/445] IWPM
[00:42:54] [135/445] KCMW
[00:42:55] [136/445] MCTD
[00:42:56] [137/445] SPWR
[00:42:57] [138/445] SDPO
[00:42:58] [139/445] PCSK
[00:42:59] [140/445] ACHV
[00:42:59] [141/445] SVLA
[00:43:00] [142/445] PICT
[00:43:01] [143/445] BXDR
[00:43:02] [144/445] SPWA
[00:43:03] [145/445] MCKO
[00:43:04] [146/445] RTHK
[00:43:04] [147/445] CCMF
[00:43:05] [148/445] MRGB
[00:43:06] [149/445] CPLC
[00:43:07] [150/445] RACD
[00:43:08] [151/445] ATKT
[00:43:09] [152/445] SARN
[00:43:10] [153/445] KKUI
[00:43:11] [154/445] RGCM
[00:43:12] [155/445] BRVP
[00:43:12] [156/445] HRSR
[00:43:13] [157/445] GKGM
[00:43:14] [158/445] TTCD
[00:43:16] [159/445] PTTI
[00:43:16] [160/445] MPTT
[00:43:17] [161/445] CVTT
[00:43:18] [162/445] PCXD
[00:43:19] [163/445] GCDC
[00:43:19] [164/445] CCCF
[00:43:20] [165/445] MRAD
[00:43:21] [166/445] CPLK
[00:43:22] [167/445] SATB
[00:43:23] [168/445] SNVG
[00:43:24] [169/445] JMBA
[00:43:24] [170/445] TEJA
[00:43:25] [171/445] STYO
[00:43:26] [172/445] JTBP
[00:43:27] [173/445] KRGD
[00:43:28] [174/445] SLJJ
[00:43:29] [175/445] SPTJ
[00:43:30] [176/445] SWJG
[00:43:31] [177/445] LKRT
[00:43:32] [178/445] KCKA
[00:43:33] [179/445] SNCR
[00:43:34] [180/445] SMKL
[00:43:34] [181/445] GCFA
[00:43:36] [182/445] DDCK
[00:43:37] [183/445] NCHJ
[00:43:38] [184/445] RDMA
[00:43:38] [185/445] SVSV
[00:43:39] [186/445] SCJG
[00:43:40] [187/445] VKLP
[00:43:41] [188/445] NWCC
[00:43:42] [189/445] VKNS
[00:43:44] [190/445] SDDP
[00:43:44] [191/445] ACSI
[00:43:45] [192/445] SATG
[00:43:46] [193/445] SCMW
[00:43:47] [194/445] LKTK
[00:43:48] [195/445] VCKV
[00:43:49] [196/445] KKPE
[00:43:50] [197/445] KIGH
[00:43:51] [198/445] SRPM
[00:43:52] [199/445] SCAH
[00:43:53] [200/445] MUTA
[00:43:54] [201/445] SEPU
[00:43:54] [202/445] INOA
[00:43:55] [203/445] BASK
[00:43:56] [204/445] NECB
[00:43:58] [205/445] GTTG
[00:43:58] [206/445] ASSA
[00:43:59] [207/445] ANCL
[00:44:00] [208/445] GCTI
[00:44:01] [209/445] RCTS
[00:44:02] [210/445] ACNL
[00:44:03] [211/445] MYCT
[00:44:05] [212/445] NMHT
[00:44:05] [213/445] MDIT
[00:44:06] [214/445] LATG
[00:44:07] [215/445] SMTY
[00:44:08] [216/445] CVCT
[00:44:09] [217/445] RAMB
[00:44:10] [218/445] TGMS
[00:44:10] [219/445] BHEL
[00:44:11] [220/445] SHCT
[00:44:12] [221/445] SVCT
[00:44:13] [222/445] MRIY
[00:44:14] [223/445] SARO
[00:44:14] [224/445] STCT
[00:44:15] [225/445] JKKC
[00:44:16] [226/445] PLTT
[00:44:17] [227/445] SRNT
[00:44:17] [228/445] YAST
[00:44:18] [229/445] PERL
[00:44:19] [230/445] CICM
[00:44:20] [231/445] MMTR
[00:44:20] [232/445] ABTK
[00:44:21] [233/445] ATYY
[00:44:22] [234/445] ASTK
[00:44:23] [235/445] VVCK
[00:44:24] [236/445] ATKY
[00:44:25] [237/445] GWEK
[00:44:27] [238/445] SVFH
[00:44:28] [239/445] SLTA
[00:44:28] [240/445] AASH
[00:44:29] [241/445] ACXB
[00:44:30] [242/445] SMTX
[00:44:31] [243/445] AZDH
[00:44:32] [244/445] CMMH
[00:44:33] [245/445] SCSZ
[00:44:33] [246/445] SCKP
[00:44:34] [247/445] NXTM
[00:44:35] [248/445] NWCS
[00:44:36] [249/445] CXMH
[00:44:37] [250/445] PCMA
[00:44:37] [251/445] SGCM
[00:44:38] [252/445] SDTU
[00:44:39] [253/445] MMVI
[00:44:40] [254/445] JKCM
[00:44:41] [255/445] VCMM
[00:44:42] [256/445] SYEE
[00:44:43] [257/445] VASD
[00:44:45] [258/445] BDRB
[00:44:45] [259/445] LASM
[00:44:47] [260/445] DCRL
[00:44:48] [261/445] DVPM
[00:44:48] [262/445] SBMJ
[00:44:49] [263/445] CBMU
[00:44:50] [264/445] IUBS
[00:44:51] [265/445] INAP
[00:44:51] [266/445] SRRC
[00:44:52] [267/445] SAGR
[00:44:53] [268/445] CPMJ
[00:44:54] [269/445] ATJL
[00:44:54] [270/445] NNTD
[00:44:55] [271/445] JHCJ
[00:44:56] [272/445] CMMP
[00:44:58] [273/445] RSDR
[00:44:58] [274/445] AMTI
[00:44:59] [275/445] NYSG
[00:45:00] [276/445] AVSG
[00:45:01] [277/445] SYTP
[00:45:01] [278/445] LARC
[00:45:02] [279/445] RJTP
[00:45:03] [280/445] LAKC
[00:45:04] [281/445] MCXE
[00:45:05] [282/445] CCZC
[00:45:06] [283/445] AVCH
[00:45:06] [284/445] CMBE
[00:45:07] [285/445] MRRC
[00:45:08] [286/445] PCPY
[00:45:09] [287/445] SRMH
[00:45:10] [288/445] SVGS
[00:45:10] [289/445] PCSE
[00:45:11] [290/445] SVFT
[00:45:12] [291/445] TNZP
[00:45:13] [292/445] ICTP
[00:45:14] [293/445] ACTZ
[00:45:15] [294/445] GTUR
[00:45:16] [295/445] MAFC
[00:45:16] [296/445] MINL
[00:45:17] [297/445] MRCL
[00:45:18] [298/445] RCRP
[00:45:19] [299/445] RFFG
[00:45:20] [300/445] RMAS
[00:45:21] [301/445] INVR
[00:45:22] [302/445] RMAR
[00:45:23] [303/445] CNIS
[00:45:24] [304/445] RHRJ
[00:45:24] [305/445] INXR
[00:45:25] [306/445] VALT
[00:45:26] [307/445] LCSH
[00:45:26] [308/445] CMVS
[00:45:27] [309/445] CNMS
[00:45:28] [310/445] ROOG
[00:45:29] [311/445] ISRM
[00:45:30] [312/445] RCRM
[00:45:31] [313/445] ACJA
[00:45:31] [314/445] RCVS
[00:45:32] [315/445] CPUS
[00:45:33] [316/445] TGCS
[00:45:34] [317/445] RKCJ
[00:45:35] [318/445] MKSB
[00:45:36] [319/445] TCSJ
[00:45:36] [320/445] RMGP
[00:45:37] [321/445] CLLP
[00:45:38] [322/445] RCMV
[00:45:39] [323/445] CCKS
[00:45:40] [324/445] RSRP
[00:45:41] [325/445] APLP
[00:45:42] [326/445] CNVS
[00:45:43] [327/445] RMVY
[00:45:44] [328/445] PGBD
[00:45:45] [329/445] KLMS
[00:45:46] [330/445] RUST
[00:45:48] [331/445] MASM
[00:45:48] [332/445] BACS
[00:45:49] [333/445] BWST
[00:45:50] [334/445] RRFH
[00:45:51] [335/445] SJTM
[00:45:52] [336/445] BEMR
[00:45:53] [337/445] MCGR
[00:45:54] [338/445] SDSK
[00:45:55] [339/445] VBOL
[00:45:56] [340/445] RMGM
[00:45:56] [341/445] NOPL
[00:45:57] [342/445] MKJK
[00:45:58] [343/445] CVRN
[00:46:00] [344/445] MMEN
[00:46:01] [345/445] AMNG
[00:46:01] [346/445] INTM
[00:46:02] [347/445] SLCZ
[00:46:04] [348/445] AMJN
[00:46:04] [349/445] ACJN
[00:46:05] [350/445] AMKN
[00:46:06] [351/445] BTCN
[00:46:07] [352/445] AMBT
[00:46:08] [353/445] PACN
[00:46:09] [354/445] LCNS
[00:46:10] [355/445] PPKC
[00:46:11] [356/445] JYYN
[00:46:12] [357/445] JTNR
[00:46:13] [358/445] GTEE
[00:46:14] [359/445] SRNM
[00:46:14] [360/445] SDTC
[00:46:16] [361/445] VPCA
[00:46:17] [362/445] VLRA
[00:46:18] [363/445] SHKR
[00:46:18] [364/445] SBKD
[00:46:20] [365/445] SAAD
[00:46:21] [366/445] JTGN
[00:46:22] [367/445] SLAM
[00:46:22] [368/445] VTPM
[00:46:23] [369/445] ANPT
[00:46:24] [370/445] PUNB
[00:46:25] [371/445] CPKT
[00:46:26] [372/445] CNWE
[00:46:27] [373/445] ECPP
[00:46:27] [374/445] CPAR
[00:46:28] [375/445] ESBW
[00:46:29] [376/445] PKPU
[00:46:30] [377/445] CPRP
[00:46:31] [378/445] RAHU
[00:46:33] [379/445] RHMN
[00:46:33] [380/445] FMJP
[00:46:34] [381/445] CTMP
[00:46:35] [382/445] INPN
[00:46:36] [383/445] STTG
[00:46:36] [384/445] CTRD
[00:46:37] [385/445] PUVB
[00:46:38] [386/445] ESVP
[00:46:39] [387/445] CPFT
[00:46:41] [388/445] LCPC
[00:46:41] [389/445] VBCT
[00:46:42] [390/445] FSCW
[00:46:43] [391/445] VCMP
[00:46:44] [392/445] ASHC
[00:46:45] [393/445] VLCX
[00:46:45] [394/445] SHEV
[00:46:46] [395/445] APCO
[00:46:47] [396/445] SILC
[00:46:48] [397/445] SNMR
[00:46:49] [398/445] KYBO
[00:46:49] [399/445] SATK
[00:46:50] [400/445] SSCS
[00:46:52] [401/445] CLSB
[00:46:52] [402/445] KMJR
[00:46:53] [403/445] FSCK
[00:46:54] [404/445] NNKA
[00:46:55] [405/445] CLMK
[00:46:55] [406/445] DMPZ
[00:46:56] [407/445] INQM
[00:46:57] [408/445] CAML
[00:46:58] [409/445] INRK
[00:46:59] [410/445] IMKN
[00:47:00] [411/445] SVNR
[00:47:00] [412/445] INSL
[00:47:01] [413/445] MSMA
[00:47:02] [414/445] MCKK
[00:47:03] [415/445] FCHP
[00:47:04] [416/445] SFCR
[00:47:05] [417/445] NACK
[00:47:06] [418/445] PVAK
[00:47:07] [419/445] INER
[00:47:08] [420/445] RDBK
[00:47:09] [421/445] SVFN
[00:47:10] [422/445] IFRM
[00:47:11] [423/445] ATCK
[00:47:12] [424/445] ASKO
[00:47:13] [425/445] STKT
[00:47:14] [426/445] SVFB
[00:47:15] [427/445] INKS
[00:47:16] [428/445] PCRA
[00:47:16] [429/445] ATJA
[00:47:17] [430/445] IMJN
[00:47:18] [431/445] INHD
[00:47:19] [432/445] BARA
[00:47:20] [433/445] MCSL
[00:47:21] [434/445] RTOY
[00:47:22] [435/445] MENO
[00:47:22] [436/445] PUDM
[00:47:24] [437/445] PRCN
[00:47:25] [438/445] JMJR
[00:47:25] [439/445] SSGK
[00:47:26] [440/445] SSRL
[00:47:27] [441/445] JYKL
[00:47:28] [442/445] ACNB
[00:47:29] [443/445] SONP
[00:47:29] [444/445] EMCI
[00:47:30] [445/445] MRJH
[00:47:31] ✅ DONE | Shows=0 | Movies=0
