[00:40:48] 🚀 BMS DAILY TRACKER STARTED
[00:40:48] [1/459] NECA
[00:40:48] 🧠 New identity
[00:40:49] [2/459] BJLC
[00:40:49] [3/459] BASU
[00:40:51] [4/459] RUPI
[00:40:52] [5/459] LCBK
[00:40:53] [6/459] PMAC
[00:40:54] [7/459] AMLC
[00:40:55] [8/459] LICL
[00:40:55] [9/459] UDMM
[00:40:56] [10/459] STBZ
[00:40:57] [11/459] UUBT
[00:40:58] [12/459] SJKC
[00:40:58] [13/459] TUAL
[00:40:59] [14/459] MRSE
[00:41:00] [15/459] RMRK
[00:41:01] [16/459] TTKP
[00:41:02] [17/459] KTKO
[00:41:03] [18/459] SDBK
[00:41:04] [19/459] MCPR
[00:41:04] [20/459] CHTI
[00:41:05] [21/459] GCCP
[00:41:07] [22/459] SRMY
[00:41:07] [23/459] NYST
[00:41:08] [24/459] NYAG
[00:41:09] [25/459] SBMT
[00:41:10] [26/459] INGA
[00:41:11] [27/459] WSIC
[00:41:12] [28/459] SCSS
[00:41:13] [29/459] COPG
[00:41:13] [30/459] RCGR
[00:41:14] [31/459] TCZA
[00:41:15] [32/459] CNLP
[00:41:16] [33/459] CLKN
[00:41:16] [34/459] LHDF
[00:41:17] [35/459] ELKC
[00:41:18] [36/459] VCEM
[00:41:19] [37/459] SSZA
[00:41:20] [38/459] KRMT
[00:41:20] [39/459] LCMV
[00:41:21] [40/459] AYCZ
[00:41:22] [41/459] CUMS
[00:41:23] [42/459] BOCK
[00:41:25] [43/459] PNMR
[00:41:26] [44/459] PJCP
[00:41:26] [45/459] JDDD
[00:41:27] [46/459] STMS
[00:41:28] [47/459] FLMB
[00:41:28] [48/459] PKCM
[00:41:29] [49/459] SPPR
[00:41:30] [50/459] EYLH
[00:41:31] [51/459] RJCC
[00:41:32] [52/459] MMPS
[00:41:33] [53/459] SHMX
[00:41:34] [54/459] CCNL
[00:41:35] [55/459] RCNV
[00:41:36] [56/459] MAAG
[00:41:36] [57/459] LXCM
[00:41:38] [58/459] RCNI
[00:41:39] [59/459] SNNI
[00:41:41] [60/459] LALC
[00:41:42] [61/459] SOCN
[00:41:43] [62/459] JHTP
[00:41:43] [63/459] PITP
[00:41:44] [64/459] CCKW
[00:41:45] [65/459] MCMC
[00:41:46] [66/459] DEES
[00:41:47] [67/459] SABT
[00:41:48] [68/459] VSPP
[00:41:49] [69/459] ABCT
[00:41:49] [70/459] JVTB
[00:41:50] [71/459] VCBD
[00:41:51] [72/459] RMGG
[00:41:51] [73/459] RNMH
[00:41:52] [74/459] SPGL
[00:41:53] [75/459] JTTR
[00:41:54] [76/459] SICS
[00:41:55] [77/459] SRMI
[00:41:56] [78/459] SSIJ
[00:41:57] [79/459] KFMT
[00:41:58] [80/459] VBIT
[00:41:59] [81/459] JKCT
[00:42:00] [82/459] GCGP
[00:42:00] [83/459] GDCS
[00:42:01] [84/459] TRBA
[00:42:02] [85/459] QUST
[00:42:03] [86/459] VSHM
[00:42:04] [87/459] SDCP
[00:42:04] [88/459] SNVS
[00:42:05] [89/459] NYTO
[00:42:06] [90/459] URWC
[00:42:07] [91/459] GTWH
[00:42:08] [92/459] PFCM
[00:42:08] [93/459] KRTA
[00:42:10] [94/459] AXMC
[00:42:11] [95/459] EVMC
[00:42:12] [96/459] HGSM
[00:42:13] [97/459] ACVM
[00:42:14] [98/459] PSKL
[00:42:15] [99/459] RDMP
[00:42:15] [100/459] RHGH
[00:42:17] [101/459] OMCM
[00:42:18] [102/459] DCCP
[00:42:19] [103/459] MCPB
[00:42:20] [104/459] ALCI
[00:42:21] [105/459] BLMX
[00:42:22] [106/459] BTMV
[00:42:23] [107/459] FVPN
[00:42:24] [108/459] CMAR
[00:42:25] [109/459] CEIM
[00:42:26] [110/459] CMVA
[00:42:27] [111/459] CPIV
[00:42:27] [112/459] CNPE
[00:42:28] [113/459] COLV
[00:42:29] [114/459] DNNV
[00:42:30] [115/459] HCAD
[00:42:31] [116/459] TAKA
[00:42:32] [117/459] INVD
[00:42:33] [118/459] IRMM
[00:42:33] [119/459] INSE
[00:42:34] [120/459] MRSW
[00:42:35] [121/459] MCVD
[00:42:36] [122/459] MCSO
[00:42:37] [123/459] PEVM
[00:42:38] [124/459] PVNL
[00:42:39] [125/459] PTCV
[00:42:40] [126/459] PRTC
[00:42:40] [127/459] RCVA
[00:42:41] [128/459] MTBN
[00:42:42] [129/459] LUCP
[00:42:43] [130/459] FMPT
[00:42:44] [131/459] JLSL
[00:42:45] [132/459] SBHA
[00:42:46] [133/459] SHRC
[00:42:47] [134/459] AVPS
[00:42:48] [135/459] STPM
[00:42:48] [136/459] ATRD
[00:42:49] [137/459] VTED
[00:42:50] [138/459] ACAI
[00:42:51] [139/459] SMAE
[00:42:52] [140/459] VMAT
[00:42:53] [141/459] LKCT
[00:42:53] [142/459] JTVK
[00:42:54] [143/459] PRTY
[00:42:55] [144/459] GETT
[00:42:56] [145/459] ESAP
[00:42:56] [146/459] NCPM
[00:42:58] [147/459] PCPA
[00:42:59] [148/459] MMOM
[00:43:00] [149/459] PHUP
[00:43:01] [150/459] CCPI
[00:43:01] [151/459] CNTD
[00:43:03] [152/459] NLJR
[00:43:04] [153/459] SRNG
[00:43:05] [154/459] MHAL
[00:43:06] [155/459] PNSM
[00:43:06] [156/459] DRMY
[00:43:08] [157/459] CCMU
[00:43:09] [158/459] SCMY
[00:43:09] [159/459] PVSY
[00:43:10] [160/459] SDLM
[00:43:11] [161/459] ICCM
[00:43:12] [162/459] PYSU
[00:43:13] [163/459] GATM
[00:43:13] [164/459] WOTM
[00:43:14] [165/459] RKTS
[00:43:15] [166/459] PMTY
[00:43:16] [167/459] LYMS
[00:43:17] [168/459] TGCA
[00:43:17] [169/459] DSTA
[00:43:18] [170/459] CNGE
[00:43:19] [171/459] VSTG
[00:43:20] [172/459] GTCK
[00:43:21] [173/459] TGNT
[00:43:22] [174/459] ASLC
[00:43:23] [175/459] SSST
[00:43:24] [176/459] KBTT
[00:43:25] [177/459] HKCP
[00:43:26] [178/459] SWLC
[00:43:27] [179/459] RTND
[00:43:27] [180/459] PKKT
[00:43:28] [181/459] HSTK
[00:43:30] [182/459] SPTT
[00:43:31] [183/459] IMPM
[00:43:32] [184/459] SCMV
[00:43:32] [185/459] SPCT
[00:43:33] [186/459] JBCA
[00:43:34] [187/459] ATTR
[00:43:35] [188/459] SPMT
[00:43:36] [189/459] LCTM
[00:43:37] [190/459] SCVL
[00:43:38] [191/459] SCVT
[00:43:39] [192/459] KRIC
[00:43:40] [193/459] CTMG
[00:43:41] [194/459] ACNC
[00:43:43] [195/459] DMCK
[00:43:44] [196/459] KMTV
[00:43:44] [197/459] PFCJ
[00:43:45] [198/459] VNMD
[00:43:46] [199/459] VPCZ
[00:43:47] [200/459] SRYR
[00:43:48] [201/459] SYTR
[00:43:49] [202/459] GATR
[00:43:49] [203/459] URTR
[00:43:50] [204/459] MKSM
[00:43:51] [205/459] VSMH
[00:43:52] [206/459] SKRJ
[00:43:54] [207/459] SSJR
[00:43:55] [208/459] SVSM
[00:43:55] [209/459] RUCM
[00:43:56] [210/459] PRKN
[00:43:57] [211/459] RROH
[00:43:58] [212/459] SCTN
[00:43:59] [213/459] RTDM
[00:44:00] [214/459] ASRM
[00:44:01] [215/459] SKMD
[00:44:02] [216/459] SUTD
[00:44:03] [217/459] SADM
[00:44:04] [218/459] WCNR
[00:44:06] [219/459] CNED
[00:44:06] [220/459] MPDB
[00:44:07] [221/459] KTBH
[00:44:08] [222/459] IDRM
[00:44:09] [223/459] PJJT
[00:44:10] [224/459] PFCV
[00:44:11] [225/459] AACT
[00:44:11] [226/459] AAAD
[00:44:12] [227/459] ANES
[00:44:13] [228/459] MNCA
[00:44:14] [229/459] RMGU
[00:44:15] [230/459] DLCN
[00:44:15] [231/459] LJWT
[00:44:17] [232/459] MCBG
[00:44:18] [233/459] MYBG
[00:44:19] [234/459] GCCA
[00:44:20] [235/459] GCGA
[00:44:21] [236/459] ECGN
[00:44:22] [237/459] PRAB
[00:44:23] [238/459] PNMP
[00:44:25] [239/459] GCPT
[00:44:25] [240/459] ROYN
[00:44:27] [241/459] VATM
[00:44:28] [242/459] KSNT
[00:44:29] [243/459] ACTC
[00:44:29] [244/459] PLTD
[00:44:30] [245/459] SKMK
[00:44:31] [246/459] CMTT
[00:44:32] [247/459] SMXP
[00:44:33] [248/459] SCMX
[00:44:34] [249/459] ACXN
[00:44:35] [250/459] ASWT
[00:44:35] [251/459] VVVL
[00:44:37] [252/459] NAGO
[00:44:38] [253/459] SNCN
[00:44:39] [254/459] MCKP
[00:44:40] [255/459] SAMO
[00:44:40] [256/459] JBTV
[00:44:41] [257/459] DCVV
[00:44:42] [258/459] KMSV
[00:44:43] [259/459] KDCN
[00:44:44] [260/459] CNCP
[00:44:45] [261/459] HAMC
[00:44:46] [262/459] CCVZ
[00:44:47] [263/459] NCCK
[00:44:47] [264/459] MCHR
[00:44:48] [265/459] SCHT
[00:44:49] [266/459] ESSH
[00:44:50] [267/459] CUJC
[00:44:51] [268/459] PECP
[00:44:51] [269/459] PMMI
[00:44:53] [270/459] PCCH
[00:44:54] [271/459] PRPM
[00:44:54] [272/459] PVKL
[00:44:55] [273/459] CBSM
[00:44:56] [274/459] PVCZ
[00:44:57] [275/459] PCVV
[00:44:57] [276/459] CTMJ
[00:44:58] [277/459] RCPS
[00:44:59] [278/459] PCIT
[00:45:00] [279/459] FNCH
[00:45:01] [280/459] INZD
[00:45:01] [281/459] INPC
[00:45:03] [282/459] LCZP
[00:45:04] [283/459] SMCB
[00:45:05] [284/459] PTSB
[00:45:07] [285/459] TPSI
[00:45:08] [286/459] KHMJ
[00:45:09] [287/459] RCCJ
[00:45:10] [288/459] NCJA
[00:45:11] [289/459] NCJN
[00:45:12] [290/459] BTDP
[00:45:13] [291/459] PADY
[00:45:14] [292/459] NYBH
[00:45:15] [293/459] MTBR
[00:45:15] [294/459] KRBC
[00:45:16] [295/459] DKTI
[00:45:17] [296/459] ANAN
[00:45:18] [297/459] INBP
[00:45:19] [298/459] PATB
[00:45:20] [299/459] RGNT
[00:45:21] [300/459] CGPM
[00:45:22] [301/459] INTN
[00:45:22] [302/459] MCMP
[00:45:23] [303/459] ASRG
[00:45:25] [304/459] CXJD
[00:45:26] [305/459] SPCP
[00:45:26] [306/459] CSTP
[00:45:27] [307/459] PKVC
[00:45:28] [308/459] ESCP
[00:45:29] [309/459] CAEP
[00:45:30] [310/459] CCSP
[00:45:30] [311/459] KTPC
[00:45:31] [312/459] DACA
[00:45:33] [313/459] NVKY
[00:45:33] [314/459] PTIN
[00:45:34] [315/459] SCIN
[00:45:35] [316/459] MCTY
[00:45:36] [317/459] PCMX
[00:45:37] [318/459] INIC
[00:45:38] [319/459] MMZM
[00:45:39] [320/459] SSLP
[00:45:40] [321/459] DTDT
[00:45:40] [322/459] FFCX
[00:45:41] [323/459] RCMM
[00:45:42] [324/459] KYID
[00:45:43] [325/459] CSCI
[00:45:44] [326/459] FCMC
[00:45:45] [327/459] MMXI
[00:45:46] [328/459] ASTC
[00:45:46] [329/459] CMRA
[00:45:47] [330/459] DICI
[00:45:48] [331/459] KDIN
[00:45:48] [332/459] PRFI
[00:45:49] [333/459] SVFC
[00:45:51] [334/459] UCPL
[00:45:51] [335/459] COOC
[00:45:52] [336/459] SCAL
[00:45:53] [337/459] SVFF
[00:45:54] [338/459] VCMG
[00:45:55] [339/459] UUCT
[00:45:56] [340/459] GCSE
[00:45:57] [341/459] SUSC
[00:45:57] [342/459] MISC
[00:45:58] [343/459] RMBL
[00:45:59] [344/459] CMXN
[00:46:00] [345/459] PVBK
[00:46:01] [346/459] HHCG
[00:46:02] [347/459] SCAG
[00:46:03] [348/459] CNPR
[00:46:04] [349/459] CSER
[00:46:05] [350/459] HLWD
[00:46:05] [351/459] BOLY
[00:46:06] [352/459] SSPG
[00:46:07] [353/459] MUPX
[00:46:08] [354/459] HAMR
[00:46:09] [355/459] SDNC
[00:46:09] [356/459] RTEN
[00:46:10] [357/459] SDTD
[00:46:11] [358/459] KAWS
[00:46:12] [359/459] CMZX
[00:46:13] [360/459] DCDD
[00:46:14] [361/459] ALSN
[00:46:15] [362/459] IMXS
[00:46:15] [363/459] PVFF
[00:46:17] [364/459] PVOO
[00:46:18] [365/459] CFBS
[00:46:19] [366/459] PVER
[00:46:19] [367/459] PPNX
[00:46:20] [368/459] CNRM
[00:46:21] [369/459] PVWW
[00:46:23] [370/459] INMB
[00:46:24] [371/459] CPJR
[00:46:25] [372/459] INRZ
[00:46:26] [373/459] PMSR
[00:46:27] [374/459] GPGM
[00:46:28] [375/459] PGWB
[00:46:29] [376/459] PMBR
[00:46:30] [377/459] GPAM
[00:46:30] [378/459] INBC
[00:46:32] [379/459] PZVK
[00:46:33] [380/459] CPEB
[00:46:34] [381/459] FMLB
[00:46:35] [382/459] INBG
[00:46:36] [383/459] GPBR
[00:46:38] [384/459] PAAS
[00:46:39] [385/459] VTBR
[00:46:40] [386/459] GPMY
[00:46:41] [387/459] GYBU
[00:46:42] [388/459] INBJ
[00:46:43] [389/459] LKTH
[00:46:43] [390/459] NSBR
[00:46:45] [391/459] PDRD
[00:46:46] [392/459] VRBL
[00:46:47] [393/459] VTGB
[00:46:48] [394/459] VTSK
[00:46:48] [395/459] BKDV
[00:46:49] [396/459] SVTB
[00:46:50] [397/459] MLDT
[00:46:51] [398/459] NRBL
[00:46:52] [399/459] SLTR
[00:46:52] [400/459] VNKA
[00:46:53] [401/459] TDCA
[00:46:54] [402/459] INBM
[00:46:55] [403/459] SSNR
[00:46:56] [404/459] BHAC
[00:46:57] [405/459] SDSD
[00:46:58] [406/459] SAMP
[00:47:00] [407/459] RATK
[00:47:01] [408/459] KCBI
[00:47:01] [409/459] URBL
[00:47:02] [410/459] MKBG
[00:47:04] [411/459] ASTB
[00:47:05] [412/459] VBWT
[00:47:06] [413/459] GPSM
[00:47:07] [414/459] ROON
[00:47:08] [415/459] CHTH
[00:47:08] [416/459] SSPA
[00:47:09] [417/459] ANBL
[00:47:11] [418/459] VTBE
[00:47:12] [419/459] SVKT
[00:47:13] [420/459] SVYK
[00:47:14] [421/459] PTBK
[00:47:16] [422/459] RKTB
[00:47:16] [423/459] BALT
[00:47:17] [424/459] STSV
[00:47:18] [425/459] VCCB
[00:47:19] [426/459] SLTB
[00:47:20] [427/459] SBCR
[00:47:20] [428/459] VDCS
[00:47:21] [429/459] MDKI
[00:47:22] [430/459] SMRN
[00:47:23] [431/459] PTBC
[00:47:24] [432/459] RADI
[00:47:26] [433/459] ADCR
[00:47:26] [434/459] SDCS
[00:47:27] [435/459] SRPJ
[00:47:29] [436/459] ARTS
[00:47:30] [437/459] SRHK
[00:47:30] [438/459] SPAY
[00:47:31] [439/459] GPTB
[00:47:32] [440/459] SNNN
[00:47:33] [441/459] BALJ
[00:47:34] [442/459] TRIG
[00:47:34] [443/459] GTYT
[00:47:35] [444/459] ATGN
[00:47:37] [445/459] ANTE
[00:47:38] [446/459] BDCG
[00:47:39] [447/459] VECI
[00:47:40] [448/459] SCPR
[00:47:41] [449/459] RTEA
[00:47:42] [450/459] JSAI
[00:47:43] [451/459] VJTP
[00:47:45] [452/459] GNDS
[00:47:46] [453/459] PAXA
[00:47:46] [454/459] CGGM
[00:47:48] [455/459] ACKZ
[00:47:49] [456/459] EMCC
[00:47:50] [457/459] KLSK
[00:47:50] [458/459] AVCK
[00:47:51] [459/459] JTCK
[00:47:52] ✅ DONE | Shows=0 | Movies=0
[01:43:57] 🚀 BMS DAILY TRACKER STARTED
[01:43:57] [1/459] NECA
[01:43:57] 🧠 New identity
[01:43:58] [2/459] BJLC
[01:43:59] [3/459] BASU
[01:44:00] [4/459] RUPI
[01:44:01] [5/459] LCBK
[01:44:01] [6/459] PMAC
[01:44:02] [7/459] AMLC
[01:44:03] [8/459] LICL
[01:44:05] [9/459] UDMM
[01:44:06] [10/459] STBZ
[01:44:07] [11/459] UUBT
[01:44:08] [12/459] SJKC
[01:44:09] [13/459] TUAL
[01:44:10] [14/459] MRSE
[01:44:11] [15/459] RMRK
[01:44:11] [16/459] TTKP
[01:44:12] [17/459] KTKO
[01:44:13] [18/459] SDBK
[01:44:14] [19/459] MCPR
[01:44:15] [20/459] CHTI
[01:44:16] [21/459] GCCP
[01:44:17] [22/459] SRMY
[01:44:18] [23/459] NYST
[01:44:18] [24/459] NYAG
[01:44:19] [25/459] SBMT
[01:44:20] [26/459] INGA
[01:44:21] [27/459] WSIC
[01:44:21] [28/459] SCSS
[01:44:22] [29/459] COPG
[01:44:23] [30/459] RCGR
[01:44:24] [31/459] TCZA
[01:44:25] [32/459] CNLP
[01:44:25] [33/459] CLKN
[01:44:26] [34/459] LHDF
[01:44:27] [35/459] ELKC
[01:44:28] [36/459] VCEM
[01:44:28] [37/459] SSZA
[01:44:29] [38/459] KRMT
[01:44:30] [39/459] LCMV
[01:44:31] [40/459] AYCZ
[01:44:31] [41/459] CUMS
[01:44:32] [42/459] BOCK
[01:44:33] [43/459] PNMR
[01:44:34] [44/459] PJCP
[01:44:35] [45/459] JDDD
[01:44:36] [46/459] STMS
[01:44:37] [47/459] FLMB
[01:44:38] [48/459] PKCM
[01:44:39] [49/459] SPPR
[01:44:39] [50/459] EYLH
[01:44:40] [51/459] RJCC
[01:44:41] [52/459] MMPS
[01:44:42] [53/459] SHMX
[01:44:44] [54/459] CCNL
[01:44:45] [55/459] RCNV
[01:44:45] [56/459] MAAG
[01:44:46] [57/459] LXCM
[01:44:47] [58/459] RCNI
[01:44:48] [59/459] SNNI
[01:44:49] [60/459] LALC
[01:44:51] [61/459] SOCN
[01:44:51] [62/459] JHTP
[01:44:52] [63/459] PITP
[01:44:53] [64/459] CCKW
[01:44:54] [65/459] MCMC
[01:44:55] [66/459] DEES
[01:44:56] [67/459] SABT
[01:44:58] [68/459] VSPP
[01:44:59] [69/459] ABCT
[01:45:00] [70/459] JVTB
[01:45:01] [71/459] VCBD
[01:45:02] [72/459] RMGG
[01:45:03] [73/459] RNMH
[01:45:04] [74/459] SPGL
[01:45:05] [75/459] JTTR
[01:45:05] [76/459] SICS
[01:45:06] [77/459] SRMI
[01:45:07] [78/459] SSIJ
[01:45:08] [79/459] KFMT
[01:45:09] [80/459] VBIT
[01:45:09] [81/459] JKCT
[01:45:10] [82/459] GCGP
[01:45:11] [83/459] GDCS
[01:45:12] [84/459] TRBA
[01:45:12] [85/459] QUST
[01:45:13] [86/459] VSHM
[01:45:14] [87/459] SDCP
[01:45:16] [88/459] SNVS
[01:45:17] [89/459] NYTO
[01:45:18] [90/459] URWC
[01:45:19] [91/459] GTWH
[01:45:19] [92/459] PFCM
[01:45:20] [93/459] KRTA
[01:45:21] [94/459] AXMC
[01:45:22] [95/459] EVMC
[01:45:23] [96/459] HGSM
[01:45:23] [97/459] ACVM
[01:45:24] [98/459] PSKL
[01:45:25] [99/459] RDMP
[01:45:26] [100/459] RHGH
[01:45:27] [101/459] OMCM
[01:45:28] [102/459] DCCP
[01:45:29] [103/459] MCPB
[01:45:30] [104/459] ALCI
[01:45:30] [105/459] BLMX
[01:45:32] [106/459] BTMV
[01:45:33] [107/459] FVPN
[01:45:34] [108/459] CMAR
[01:45:35] [109/459] CEIM
[01:45:36] [110/459] CMVA
[01:45:36] [111/459] CPIV
[01:45:37] [112/459] CNPE
[01:45:38] [113/459] COLV
[01:45:39] [114/459] DNNV
[01:45:40] [115/459] HCAD
[01:45:41] [116/459] TAKA
[01:45:43] [117/459] INVD
[01:45:43] [118/459] IRMM
[01:45:44] [119/459] INSE
[01:45:45] [120/459] MRSW
[01:45:46] [121/459] MCVD
[01:45:47] [122/459] MCSO
[01:45:48] [123/459] PEVM
[01:45:48] [124/459] PVNL
[01:45:49] [125/459] PTCV
[01:45:50] [126/459] PRTC
[01:45:51] [127/459] RCVA
[01:45:52] [128/459] MTBN
[01:45:53] [129/459] LUCP
[01:45:54] [130/459] FMPT
[01:45:55] [131/459] JLSL
[01:45:56] [132/459] SBHA
[01:45:56] [133/459] SHRC
[01:45:57] [134/459] AVPS
[01:45:58] [135/459] STPM
[01:45:59] [136/459] ATRD
[01:46:00] [137/459] VTED
[01:46:01] [138/459] ACAI
[01:46:02] [139/459] SMAE
[01:46:02] [140/459] VMAT
[01:46:03] [141/459] LKCT
[01:46:04] [142/459] JTVK
[01:46:05] [143/459] PRTY
[01:46:06] [144/459] GETT
[01:46:06] [145/459] ESAP
[01:46:08] [146/459] NCPM
[01:46:09] [147/459] PCPA
[01:46:09] [148/459] MMOM
[01:46:10] [149/459] PHUP
[01:46:11] [150/459] CCPI
[01:46:12] [151/459] CNTD
[01:46:13] [152/459] NLJR
[01:46:15] [153/459] SRNG
[01:46:15] [154/459] MHAL
[01:46:16] [155/459] PNSM
[01:46:17] [156/459] DRMY
[01:46:18] [157/459] CCMU
[01:46:18] [158/459] SCMY
[01:46:19] [159/459] PVSY
[01:46:20] [160/459] SDLM
[01:46:21] [161/459] ICCM
[01:46:22] [162/459] PYSU
[01:46:22] [163/459] GATM
[01:46:23] [164/459] WOTM
[01:46:24] [165/459] RKTS
[01:46:25] [166/459] PMTY
[01:46:26] [167/459] LYMS
[01:46:27] [168/459] TGCA
[01:46:27] [169/459] DSTA
[01:46:28] [170/459] CNGE
[01:46:29] [171/459] VSTG
[01:46:30] [172/459] GTCK
[01:46:31] [173/459] TGNT
[01:46:32] [174/459] ASLC
[01:46:33] [175/459] SSST
[01:46:34] [176/459] KBTT
[01:46:34] [177/459] HKCP
[01:46:35] [178/459] SWLC
[01:46:36] [179/459] RTND
[01:46:37] [180/459] PKKT
[01:46:38] [181/459] HSTK
[01:46:39] [182/459] SPTT
[01:46:40] [183/459] IMPM
[01:46:41] [184/459] SCMV
[01:46:42] [185/459] SPCT
[01:46:42] [186/459] JBCA
[01:46:43] [187/459] ATTR
[01:46:44] [188/459] SPMT
[01:46:46] [189/459] LCTM
[01:46:47] [190/459] SCVL
[01:46:48] [191/459] SCVT
[01:46:48] [192/459] KRIC
[01:46:49] [193/459] CTMG
[01:46:50] [194/459] ACNC
[01:46:51] [195/459] DMCK
[01:46:52] [196/459] KMTV
[01:46:52] [197/459] PFCJ
[01:46:53] [198/459] VNMD
[01:46:54] [199/459] VPCZ
[01:46:55] [200/459] SRYR
[01:46:56] [201/459] SYTR
[01:46:56] [202/459] GATR
[01:46:57] [203/459] URTR
[01:46:58] [204/459] MKSM
[01:46:59] [205/459] VSMH
[01:47:00] [206/459] SKRJ
[01:47:01] [207/459] SSJR
[01:47:01] [208/459] SVSM
[01:47:02] [209/459] RUCM
[01:47:03] [210/459] PRKN
[01:47:04] [211/459] RROH
[01:47:05] [212/459] SCTN
[01:47:06] [213/459] RTDM
[01:47:07] [214/459] ASRM
[01:47:08] [215/459] SKMD
[01:47:09] [216/459] SUTD
[01:47:09] [217/459] SADM
[01:47:10] [218/459] WCNR
[01:47:12] [219/459] CNED
[01:47:13] [220/459] MPDB
[01:47:15] [221/459] KTBH
[01:47:15] [222/459] IDRM
[01:47:16] [223/459] PJJT
[01:47:17] [224/459] PFCV
[01:47:18] [225/459] AACT
[01:47:19] [226/459] AAAD
[01:47:19] [227/459] ANES
[01:47:21] [228/459] MNCA
[01:47:22] [229/459] RMGU
[01:47:23] [230/459] DLCN
[01:47:23] [231/459] LJWT
[01:47:24] [232/459] MCBG
[01:47:25] [233/459] MYBG
[01:47:26] [234/459] GCCA
[01:47:26] [235/459] GCGA
[01:47:27] [236/459] ECGN
[01:47:28] [237/459] PRAB
[01:47:29] [238/459] PNMP
[01:47:30] [239/459] GCPT
[01:47:31] [240/459] ROYN
[01:47:31] [241/459] VATM
[01:47:32] [242/459] KSNT
[01:47:33] [243/459] ACTC
[01:47:33] [244/459] PLTD
[01:47:34] [245/459] SKMK
[01:47:35] [246/459] CMTT
[01:47:36] [247/459] SMXP
[01:47:37] [248/459] SCMX
[01:47:37] [249/459] ACXN
[01:47:39] [250/459] ASWT
[01:47:40] [251/459] VVVL
[01:47:41] [252/459] NAGO
[01:47:42] [253/459] SNCN
[01:47:43] [254/459] MCKP
[01:47:43] [255/459] SAMO
[01:47:44] [256/459] JBTV
[01:47:45] [257/459] DCVV
[01:47:46] [258/459] KMSV
[01:47:47] [259/459] KDCN
[01:47:47] [260/459] CNCP
[01:47:48] [261/459] HAMC
[01:47:49] [262/459] CCVZ
[01:47:50] [263/459] NCCK
[01:47:51] [264/459] MCHR
[01:47:51] [265/459] SCHT
[01:47:52] [266/459] ESSH
[01:47:53] [267/459] CUJC
[01:47:54] [268/459] PECP
[01:47:55] [269/459] PMMI
[01:47:55] [270/459] PCCH
[01:47:56] [271/459] PRPM
[01:47:57] [272/459] PVKL
[01:47:58] [273/459] CBSM
[01:47:59] [274/459] PVCZ
[01:48:00] [275/459] PCVV
[01:48:00] [276/459] CTMJ
[01:48:01] [277/459] RCPS
[01:48:03] [278/459] PCIT
[01:48:04] [279/459] FNCH
[01:48:05] [280/459] INZD
[01:48:05] [281/459] INPC
[01:48:06] [282/459] LCZP
[01:48:07] [283/459] SMCB
[01:48:08] [284/459] PTSB
[01:48:09] [285/459] TPSI
[01:48:09] [286/459] KHMJ
[01:48:10] [287/459] RCCJ
[01:48:11] [288/459] NCJA
[01:48:12] [289/459] NCJN
[01:48:13] [290/459] BTDP
[01:48:14] [291/459] PADY
[01:48:15] [292/459] NYBH
[01:48:15] [293/459] MTBR
[01:48:16] [294/459] KRBC
[01:48:17] [295/459] DKTI
[01:48:19] [296/459] ANAN
[01:48:20] [297/459] INBP
[01:48:20] [298/459] PATB
[01:48:21] [299/459] RGNT
[01:48:22] [300/459] CGPM
[01:48:23] [301/459] INTN
[01:48:24] [302/459] MCMP
[01:48:24] [303/459] ASRG
[01:48:25] [304/459] CXJD
[01:48:26] [305/459] SPCP
[01:48:27] [306/459] CSTP
[01:48:28] [307/459] PKVC
[01:48:28] [308/459] ESCP
[01:48:29] [309/459] CAEP
[01:48:30] [310/459] CCSP
[01:48:31] [311/459] KTPC
[01:48:32] [312/459] DACA
[01:48:33] [313/459] NVKY
[01:48:33] [314/459] PTIN
[01:48:34] [315/459] SCIN
[01:48:35] [316/459] MCTY
[01:48:36] [317/459] PCMX
[01:48:37] [318/459] INIC
[01:48:37] [319/459] MMZM
[01:48:38] [320/459] SSLP
[01:48:40] [321/459] DTDT
[01:48:41] [322/459] FFCX
[01:48:42] [323/459] RCMM
[01:48:44] [324/459] KYID
[01:48:44] [325/459] CSCI
[01:48:45] [326/459] FCMC
[01:48:46] [327/459] MMXI
[01:48:47] [328/459] ASTC
[01:48:48] [329/459] CMRA
[01:48:49] [330/459] DICI
[01:48:50] [331/459] KDIN
[01:48:52] [332/459] PRFI
[01:48:53] [333/459] SVFC
[01:48:53] [334/459] UCPL
[01:48:54] [335/459] COOC
[01:48:55] [336/459] SCAL
[01:48:55] [337/459] SVFF
[01:48:56] [338/459] VCMG
[01:48:58] [339/459] UUCT
[01:48:58] [340/459] GCSE
[01:48:59] [341/459] SUSC
[01:49:00] [342/459] MISC
[01:49:01] [343/459] RMBL
[01:49:02] [344/459] CMXN
[01:49:03] [345/459] PVBK
[01:49:03] [346/459] HHCG
[01:49:04] [347/459] SCAG
[01:49:05] [348/459] CNPR
[01:49:06] [349/459] CSER
[01:49:06] [350/459] HLWD
[01:49:07] [351/459] BOLY
[01:49:09] [352/459] SSPG
[01:49:10] [353/459] MUPX
[01:49:11] [354/459] HAMR
[01:49:11] [355/459] SDNC
[01:49:13] [356/459] RTEN
[01:49:14] [357/459] SDTD
[01:49:15] [358/459] KAWS
[01:49:16] [359/459] CMZX
[01:49:17] [360/459] DCDD
[01:49:18] [361/459] ALSN
[01:49:19] [362/459] IMXS
[01:49:21] [363/459] PVFF
[01:49:22] [364/459] PVOO
[01:49:22] [365/459] CFBS
[01:49:23] [366/459] PVER
[01:49:25] [367/459] PPNX
[01:49:26] [368/459] CNRM
[01:49:26] [369/459] PVWW
[01:49:27] [370/459] INMB
[01:49:28] [371/459] CPJR
[01:49:29] [372/459] INRZ
[01:49:30] [373/459] PMSR
[01:49:30] [374/459] GPGM
[01:49:31] [375/459] PGWB
[01:49:32] [376/459] PMBR
[01:49:33] [377/459] GPAM
[01:49:34] [378/459] INBC
[01:49:34] [379/459] PZVK
[01:49:35] [380/459] CPEB
[01:49:36] [381/459] FMLB
[01:49:37] [382/459] INBG
[01:49:38] [383/459] GPBR
[01:49:39] [384/459] PAAS
[01:49:40] [385/459] VTBR
[01:49:40] [386/459] GPMY
[01:49:41] [387/459] GYBU
[01:49:42] [388/459] INBJ
[01:49:43] [389/459] LKTH
[01:49:43] [390/459] NSBR
[01:49:44] [391/459] PDRD
[01:49:45] [392/459] VRBL
[01:49:46] [393/459] VTGB
[01:49:47] [394/459] VTSK
[01:49:48] [395/459] BKDV
[01:49:49] [396/459] SVTB
[01:49:49] [397/459] MLDT
[01:49:50] [398/459] NRBL
[01:49:52] [399/459] SLTR
[01:49:53] [400/459] VNKA
[01:49:54] [401/459] TDCA
[01:49:55] [402/459] INBM
[01:49:55] [403/459] SSNR
[01:49:56] [404/459] BHAC
[01:49:57] [405/459] SDSD
[01:49:58] [406/459] SAMP
[01:49:58] [407/459] RATK
[01:49:59] [408/459] KCBI
[01:50:00] [409/459] URBL
[01:50:01] [410/459] MKBG
[01:50:02] [411/459] ASTB
[01:50:02] [412/459] VBWT
[01:50:03] [413/459] GPSM
[01:50:04] [414/459] ROON
[01:50:05] [415/459] CHTH
[01:50:07] [416/459] SSPA
[01:50:09] [417/459] ANBL
[01:50:10] [418/459] VTBE
[01:50:11] [419/459] SVKT
[01:50:12] [420/459] SVYK
[01:50:13] [421/459] PTBK
[01:50:14] [422/459] RKTB
[01:50:14] [423/459] BALT
[01:50:15] [424/459] STSV
[01:50:16] [425/459] VCCB
[01:50:18] [426/459] SLTB
[01:50:18] [427/459] SBCR
[01:50:20] [428/459] VDCS
[01:50:21] [429/459] MDKI
[01:50:22] [430/459] SMRN
[01:50:22] [431/459] PTBC
[01:50:23] [432/459] RADI
[01:50:24] [433/459] ADCR
[01:50:25] [434/459] SDCS
[01:50:26] [435/459] SRPJ
[01:50:27] [436/459] ARTS
[01:50:28] [437/459] SRHK
[01:50:29] [438/459] SPAY
[01:50:30] [439/459] GPTB
[01:50:31] [440/459] SNNN
[01:50:32] [441/459] BALJ
[01:50:33] [442/459] TRIG
[01:50:34] [443/459] GTYT
[01:50:34] [444/459] ATGN
[01:50:35] [445/459] ANTE
[01:50:36] [446/459] BDCG
[01:50:38] [447/459] VECI
[01:50:39] [448/459] SCPR
[01:50:39] [449/459] RTEA
[01:50:40] [450/459] JSAI
[01:50:41] [451/459] VJTP
[01:50:42] [452/459] GNDS
[01:50:44] [453/459] PAXA
[01:50:45] [454/459] CGGM
[01:50:45] [455/459] ACKZ
[01:50:46] [456/459] EMCC
[01:50:47] [457/459] KLSK
[01:50:48] [458/459] AVCK
[01:50:49] [459/459] JTCK
[01:50:49] ✅ DONE | Shows=0 | Movies=0
