[00:40:43] 🚀 BMS DAILY TRACKER STARTED
[00:40:43] [1/324] GCTA
[00:40:43] 🧠 New identity
[00:40:44] [2/324] TOPN
[00:40:45] [3/324] MCUS
[00:40:46] [4/324] SHRL
[00:40:47] [5/324] UPTP
[00:40:47] [6/324] TMMP
[00:40:48] [7/324] DNRP
[00:40:49] [8/324] SRLT
[00:40:50] [9/324] RCNS
[00:40:51] [10/324] DCBH
[00:40:51] [11/324] NAGJ
[00:40:53] [12/324] JVRC
[00:40:53] [13/324] KRJG
[00:40:54] [14/324] SRTJ
[00:40:55] [15/324] CMXM
[00:40:56] [16/324] STMI
[00:40:57] [17/324] SLST
[00:40:57] [18/324] DTCN
[00:40:58] [19/324] STYN
[00:40:59] [20/324] SZVR
[00:40:59] [21/324] SRKO
[00:41:00] [22/324] JTGT
[00:41:02] [23/324] SVFD
[00:41:03] [24/324] SISD
[00:41:04] [25/324] ABDD
[00:41:05] [26/324] DRCA
[00:41:06] [27/324] AVCS
[00:41:06] [28/324] MVKH
[00:41:07] [29/324] ACPR
[00:41:08] [30/324] STIP
[00:41:09] [31/324] MTRA
[00:41:09] [32/324] RMKH
[00:41:10] [33/324] NKRL
[00:41:11] [34/324] PCWN
[00:41:12] [35/324] BLMT
[00:41:13] [36/324] GDPG
[00:41:14] [37/324] SRMX
[00:41:15] [38/324] JACP
[00:41:16] [39/324] CPSH
[00:41:17] [40/324] MCCD
[00:41:18] [41/324] ECGH
[00:41:18] [42/324] MKCK
[00:41:19] [43/324] SRMM
[00:41:20] [44/324] SKYR
[00:41:21] [45/324] PCKC
[00:41:22] [46/324] JCMA
[00:41:23] [47/324] BSMP
[00:41:23] [48/324] VSPA
[00:41:24] [49/324] DJYA
[00:41:25] [50/324] DIMP
[00:41:26] [51/324] FXDR
[00:41:27] [52/324] SSRC
[00:41:28] [53/324] STHP
[00:41:28] [54/324] CPPD
[00:41:29] [55/324] FCLK
[00:41:30] [56/324] SCPP
[00:41:31] [57/324] DCMJ
[00:41:32] [58/324] RCCR
[00:41:32] [59/324] INMT
[00:41:33] [60/324] LXTK
[00:41:34] [61/324] SRYK
[00:41:35] [62/324] SGDK
[00:41:35] [63/324] PPKA
[00:41:36] [64/324] SPKA
[00:41:37] [65/324] CGHH
[00:41:39] [66/324] DCJN
[00:41:39] [67/324] SRKV
[00:41:40] [68/324] SAJC
[00:41:41] [69/324] SUSR
[00:41:42] [70/324] STYG
[00:41:43] [71/324] NTKP
[00:41:44] [72/324] AKTG
[00:41:45] [73/324] CGCM
[00:41:46] [74/324] TULC
[00:41:46] [75/324] NYYZ
[00:41:48] [76/324] NYBW
[00:41:49] [77/324] MACB
[00:41:50] [78/324] SLVT
[00:41:51] [79/324] SANA
[00:41:52] [80/324] ACMR
[00:41:53] [81/324] CPKN
[00:41:54] [82/324] DLGK
[00:41:54] [83/324] CWCK
[00:41:55] [84/324] FDDH
[00:41:56] [85/324] MMMD
[00:41:57] [86/324] CMEH
[00:41:58] [87/324] GGGV
[00:41:59] [88/324] SPJL
[00:42:00] [89/324] RCCD
[00:42:00] [90/324] STTZ
[00:42:01] [91/324] BTCF
[00:42:02] [92/324] TSTZ
[00:42:03] [93/324] IPMM
[00:42:03] [94/324] PMPW
[00:42:04] [95/324] PCMZ
[00:42:05] [96/324] ESEM
[00:42:06] [97/324] PIPO
[00:42:07] [98/324] MATK
[00:42:08] [99/324] PGHM
[00:42:09] [100/324] CTSR
[00:42:10] [101/324] CYKR
[00:42:11] [102/324] MSCM
[00:42:11] [103/324] RFNP
[00:42:13] [104/324] PDCP
[00:42:14] [105/324] NPSE
[00:42:14] [106/324] MKML
[00:42:15] [107/324] FTDP
[00:42:16] [108/324] MMXA
[00:42:17] [109/324] CEPO
[00:42:18] [110/324] CMVP
[00:42:18] [111/324] SGTH
[00:42:19] [112/324] SAYN
[00:42:20] [113/324] URVS
[00:42:21] [114/324] VJTN
[00:42:22] [115/324] BBYK
[00:42:23] [116/324] SHBO
[00:42:24] [117/324] VCMR
[00:42:24] [118/324] MACT
[00:42:25] [119/324] JMNP
[00:42:26] [120/324] VICS
[00:42:26] [121/324] VCDA
[00:42:27] [122/324] GCMM
[00:42:29] [123/324] INVS
[00:42:31] [124/324] SCGM
[00:42:32] [125/324] PCDA
[00:42:32] [126/324] KDCT
[00:42:33] [127/324] JACS
[00:42:34] [128/324] GMMC
[00:42:35] [129/324] AICM
[00:42:36] [130/324] TJCM
[00:42:36] [131/324] RMTI
[00:42:37] [132/324] SHAC
[00:42:38] [133/324] APJC
[00:42:39] [134/324] GCTG
[00:42:40] [135/324] SSMC
[00:42:40] [136/324] THRM
[00:42:41] [137/324] RBCT
[00:42:42] [138/324] DIKT
[00:42:43] [139/324] MIDL
[00:42:44] [140/324] VCSN
[00:42:44] [141/324] SKTG
[00:42:45] [142/324] SMWC
[00:42:46] [143/324] MNKH
[00:42:47] [144/324] PIAT
[00:42:48] [145/324] LTTP
[00:42:49] [146/324] PTPU
[00:42:49] [147/324] ACMG
[00:42:50] [148/324] SHMM
[00:42:51] [149/324] MCMN
[00:42:52] [150/324] GLDC
[00:42:53] [151/324] HOUT
[00:42:53] [152/324] SVRP
[00:42:54] [153/324] PVDN
[00:42:55] [154/324] SCPY
[00:42:56] [155/324] DTPY
[00:42:56] [156/324] GKCS
[00:42:58] [157/324] NCAM
[00:42:59] [158/324] BSRM
[00:43:00] [159/324] RCLC
[00:43:01] [160/324] SKKD
[00:43:01] [161/324] ACHU
[00:43:02] [162/324] RSCF
[00:43:04] [163/324] IMSH
[00:43:04] [164/324] MACX
[00:43:05] [165/324] HMMW
[00:43:07] [166/324] JTCP
[00:43:07] [167/324] SREN
[00:43:08] [168/324] PJRR
[00:43:09] [169/324] INAC
[00:43:10] [170/324] BMCA
[00:43:11] [171/324] SHCB
[00:43:12] [172/324] GABA
[00:43:12] [173/324] SBCT
[00:43:13] [174/324] GCMA
[00:43:14] [175/324] MYTK
[00:43:14] [176/324] INZS
[00:43:16] [177/324] RMIK
[00:43:17] [178/324] NYCH
[00:43:18] [179/324] RAVE
[00:43:18] [180/324] PSXM
[00:43:19] [181/324] MCGP
[00:43:20] [182/324] PDDK
[00:43:21] [183/324] SPCK
[00:43:21] [184/324] MCRL
[00:43:22] [185/324] MHKT
[00:43:23] [186/324] ANRR
[00:43:24] [187/324] SAPK
[00:43:25] [188/324] NCUK
[00:43:26] [189/324] JUGA
[00:43:26] [190/324] DBSC
[00:43:27] [191/324] LALK
[00:43:28] [192/324] GUCK
[00:43:29] [193/324] STSG
[00:43:30] [194/324] PPPZ
[00:43:30] [195/324] CNCY
[00:43:31] [196/324] MTAR
[00:43:32] [197/324] VNKD
[00:43:34] [198/324] KMAJ
[00:43:34] [199/324] ACXK
[00:43:35] [200/324] UTKC
[00:43:36] [201/324] PBLK
[00:43:37] [202/324] ACBX
[00:43:38] [203/324] PTGM
[00:43:38] [204/324] BTDA
[00:43:39] [205/324] PJMB
[00:43:40] [206/324] TPDA
[00:43:40] [207/324] AMOE
[00:43:42] [208/324] PRHT
[00:43:44] [209/324] PRTA
[00:43:44] [210/324] STAM
[00:43:45] [211/324] MSAA
[00:43:46] [212/324] SDLU
[00:43:47] [213/324] RCHH
[00:43:48] [214/324] KANT
[00:43:49] [215/324] FCRT
[00:43:49] [216/324] DNKM
[00:43:50] [217/324] RYCP
[00:43:51] [218/324] MYRP
[00:43:52] [219/324] PPAK
[00:43:53] [220/324] NVPK
[00:43:54] [221/324] PRMC
[00:43:55] [222/324] JBCS
[00:43:56] [223/324] GXCK
[00:43:57] [224/324] USKO
[00:43:58] [225/324] GTEM
[00:43:58] [226/324] SMBU
[00:43:59] [227/324] VETC
[00:44:00] [228/324] LCDA
[00:44:01] [229/324] MTVT
[00:44:02] [230/324] PYCP
[00:44:03] [231/324] PNSC
[00:44:04] [232/324] PPCC
[00:44:05] [233/324] TGRT
[00:44:06] [234/324] JYOT
[00:44:07] [235/324] SRCZ
[00:44:07] [236/324] SJTE
[00:44:08] [237/324] DESC
[00:44:09] [238/324] JHVN
[00:44:10] [239/324] IPSG
[00:44:11] [240/324] IPCM
[00:44:11] [241/324] PDRS
[00:44:12] [242/324] ANCV
[00:44:13] [243/324] CMVV
[00:44:14] [244/324] SHYP
[00:44:14] [245/324] DNCS
[00:44:15] [246/324] GAJK
[00:44:16] [247/324] AKTN
[00:44:18] [248/324] KAYA
[00:44:18] [249/324] SBRC
[00:44:19] [250/324] CHTP
[00:44:20] [251/324] SHRT
[00:44:21] [252/324] BCKU
[00:44:22] [253/324] FCPS
[00:44:24] [254/324] ARDD
[00:44:25] [255/324] CPCM
[00:44:26] [256/324] CGSM
[00:44:26] [257/324] PSMP
[00:44:27] [258/324] SDAL
[00:44:28] [259/324] RTNB
[00:44:29] [260/324] LMCR
[00:44:30] [261/324] CIMA
[00:44:31] [262/324] RNAS
[00:44:32] [263/324] LITH
[00:44:34] [264/324] PBOX
[00:44:34] [265/324] FRTS
[00:44:35] [266/324] RKIC
[00:44:36] [267/324] PTAI
[00:44:37] [268/324] GCIC
[00:44:38] [269/324] FNAS
[00:44:38] [270/324] SCAR
[00:44:39] [271/324] MTCA
[00:44:40] [272/324] SCTS
[00:44:41] [273/324] SYCS
[00:44:42] [274/324] RDMS
[00:44:43] [275/324] KAMP
[00:44:44] [276/324] ERSD
[00:44:45] [277/324] MJMJ
[00:44:46] [278/324] SRCJ
[00:44:46] [279/324] SCXE
[00:44:47] [280/324] SVFR
[00:44:48] [281/324] BHCS
[00:44:49] [282/324] IMCC
[00:44:50] [283/324] PCBO
[00:44:51] [284/324] PRVN
[00:44:51] [285/324] AUPM
[00:44:52] [286/324] INBW
[00:44:53] [287/324] SVCW
[00:44:54] [288/324] RKCF
[00:44:55] [289/324] UVBH
[00:44:56] [290/324] DNCY
[00:44:57] [291/324] ABCN
[00:44:57] [292/324] PRUR
[00:44:58] [293/324] PFMR
[00:44:59] [294/324] RKCN
[00:45:01] [295/324] CFEA
[00:45:02] [296/324] SDBG
[00:45:03] [297/324] SNAR
[00:45:04] [298/324] YISI
[00:45:05] [299/324] JCFF
[00:45:05] [300/324] VTRK
[00:45:07] [301/324] PCLZ
[00:45:08] [302/324] DIMY
[00:45:09] [303/324] BBTS
[00:45:10] [304/324] GATH
[00:45:10] [305/324] GTMN
[00:45:11] [306/324] VTMH
[00:45:12] [307/324] CCKP
[00:45:12] [308/324] GPKA
[00:45:14] [309/324] MHCL
[00:45:15] [310/324] ATCL
[00:45:15] [311/324] SBCK
[00:45:16] [312/324] AMMR
[00:45:17] [313/324] MADC
[00:45:18] [314/324] TMMA
[00:45:19] [315/324] CACC
[00:45:20] [316/324] CHAL
[00:45:21] [317/324] DURG
[00:45:21] [318/324] GMKU
[00:45:22] [319/324] GECA
[00:45:23] [320/324] KYRR
[00:45:24] [321/324] KSDE
[00:45:25] [322/324] LMCI
[00:45:26] [323/324] NKCP
[00:45:26] [324/324] BGTC
[00:45:27] ✅ DONE | Shows=0 | Movies=0
[01:44:01] 🚀 BMS DAILY TRACKER STARTED
[01:44:01] [1/324] GCTA
[01:44:01] 🧠 New identity
[01:44:02] [2/324] TOPN
[01:44:03] [3/324] MCUS
[01:44:04] [4/324] SHRL
[01:44:05] [5/324] UPTP
[01:44:07] [6/324] TMMP
[01:44:08] [7/324] DNRP
[01:44:09] [8/324] SRLT
[01:44:10] [9/324] RCNS
[01:44:11] [10/324] DCBH
[01:44:12] [11/324] NAGJ
[01:44:13] [12/324] JVRC
[01:44:13] [13/324] KRJG
[01:44:14] [14/324] SRTJ
[01:44:15] [15/324] CMXM
[01:44:16] [16/324] STMI
[01:44:17] [17/324] SLST
[01:44:18] [18/324] DTCN
[01:44:19] [19/324] STYN
[01:44:20] [20/324] SZVR
[01:44:21] [21/324] SRKO
[01:44:22] [22/324] JTGT
[01:44:23] [23/324] SVFD
[01:44:23] [24/324] SISD
[01:44:24] [25/324] ABDD
[01:44:25] [26/324] DRCA
[01:44:26] [27/324] AVCS
[01:44:27] [28/324] MVKH
[01:44:28] [29/324] ACPR
[01:44:28] [30/324] STIP
[01:44:29] [31/324] MTRA
[01:44:30] [32/324] RMKH
[01:44:31] [33/324] NKRL
[01:44:32] [34/324] PCWN
[01:44:32] [35/324] BLMT
[01:44:33] [36/324] GDPG
[01:44:34] [37/324] SRMX
[01:44:35] [38/324] JACP
[01:44:36] [39/324] CPSH
[01:44:38] [40/324] MCCD
[01:44:38] [41/324] ECGH
[01:44:39] [42/324] MKCK
[01:44:40] [43/324] SRMM
[01:44:41] [44/324] SKYR
[01:44:42] [45/324] PCKC
[01:44:44] [46/324] JCMA
[01:44:44] [47/324] BSMP
[01:44:46] [48/324] VSPA
[01:44:46] [49/324] DJYA
[01:44:47] [50/324] DIMP
[01:44:48] [51/324] FXDR
[01:44:49] [52/324] SSRC
[01:44:50] [53/324] STHP
[01:44:51] [54/324] CPPD
[01:44:51] [55/324] FCLK
[01:44:52] [56/324] SCPP
[01:44:53] [57/324] DCMJ
[01:44:54] [58/324] RCCR
[01:44:55] [59/324] INMT
[01:44:55] [60/324] LXTK
[01:44:57] [61/324] SRYK
[01:44:58] [62/324] SGDK
[01:44:59] [63/324] PPKA
[01:44:59] [64/324] SPKA
[01:45:00] [65/324] CGHH
[01:45:01] [66/324] DCJN
[01:45:02] [67/324] SRKV
[01:45:03] [68/324] SAJC
[01:45:04] [69/324] SUSR
[01:45:05] [70/324] STYG
[01:45:06] [71/324] NTKP
[01:45:07] [72/324] AKTG
[01:45:08] [73/324] CGCM
[01:45:08] [74/324] TULC
[01:45:09] [75/324] NYYZ
[01:45:10] [76/324] NYBW
[01:45:11] [77/324] MACB
[01:45:12] [78/324] SLVT
[01:45:13] [79/324] SANA
[01:45:14] [80/324] ACMR
[01:45:14] [81/324] CPKN
[01:45:15] [82/324] DLGK
[01:45:16] [83/324] CWCK
[01:45:17] [84/324] FDDH
[01:45:19] [85/324] MMMD
[01:45:19] [86/324] CMEH
[01:45:21] [87/324] GGGV
[01:45:22] [88/324] SPJL
[01:45:23] [89/324] RCCD
[01:45:24] [90/324] STTZ
[01:45:24] [91/324] BTCF
[01:45:26] [92/324] TSTZ
[01:45:27] [93/324] IPMM
[01:45:28] [94/324] PMPW
[01:45:29] [95/324] PCMZ
[01:45:30] [96/324] ESEM
[01:45:31] [97/324] PIPO
[01:45:31] [98/324] MATK
[01:45:32] [99/324] PGHM
[01:45:33] [100/324] CTSR
[01:45:34] [101/324] CYKR
[01:45:34] [102/324] MSCM
[01:45:35] [103/324] RFNP
[01:45:36] [104/324] PDCP
[01:45:37] [105/324] NPSE
[01:45:38] [106/324] MKML
[01:45:39] [107/324] FTDP
[01:45:40] [108/324] MMXA
[01:45:40] [109/324] CEPO
[01:45:41] [110/324] CMVP
[01:45:43] [111/324] SGTH
[01:45:44] [112/324] SAYN
[01:45:45] [113/324] URVS
[01:45:47] [114/324] VJTN
[01:45:48] [115/324] BBYK
[01:45:49] [116/324] SHBO
[01:45:50] [117/324] VCMR
[01:45:51] [118/324] MACT
[01:45:52] [119/324] JMNP
[01:45:53] [120/324] VICS
[01:45:54] [121/324] VCDA
[01:45:55] [122/324] GCMM
[01:45:55] [123/324] INVS
[01:45:56] [124/324] SCGM
[01:45:57] [125/324] PCDA
[01:45:58] [126/324] KDCT
[01:45:59] [127/324] JACS
[01:45:59] [128/324] GMMC
[01:46:00] [129/324] AICM
[01:46:01] [130/324] TJCM
[01:46:02] [131/324] RMTI
[01:46:03] [132/324] SHAC
[01:46:05] [133/324] APJC
[01:46:06] [134/324] GCTG
[01:46:07] [135/324] SSMC
[01:46:08] [136/324] THRM
[01:46:09] [137/324] RBCT
[01:46:09] [138/324] DIKT
[01:46:10] [139/324] MIDL
[01:46:11] [140/324] VCSN
[01:46:12] [141/324] SKTG
[01:46:13] [142/324] SMWC
[01:46:14] [143/324] MNKH
[01:46:14] [144/324] PIAT
[01:46:15] [145/324] LTTP
[01:46:16] [146/324] PTPU
[01:46:17] [147/324] ACMG
[01:46:18] [148/324] SHMM
[01:46:19] [149/324] MCMN
[01:46:20] [150/324] GLDC
[01:46:20] [151/324] HOUT
[01:46:21] [152/324] SVRP
[01:46:22] [153/324] PVDN
[01:46:23] [154/324] SCPY
[01:46:23] [155/324] DTPY
[01:46:24] [156/324] GKCS
[01:46:25] [157/324] NCAM
[01:46:26] [158/324] BSRM
[01:46:27] [159/324] RCLC
[01:46:27] [160/324] SKKD
[01:46:28] [161/324] ACHU
[01:46:29] [162/324] RSCF
[01:46:30] [163/324] IMSH
[01:46:31] [164/324] MACX
[01:46:31] [165/324] HMMW
[01:46:32] [166/324] JTCP
[01:46:34] [167/324] SREN
[01:46:35] [168/324] PJRR
[01:46:36] [169/324] INAC
[01:46:37] [170/324] BMCA
[01:46:38] [171/324] SHCB
[01:46:39] [172/324] GABA
[01:46:40] [173/324] SBCT
[01:46:41] [174/324] GCMA
[01:46:42] [175/324] MYTK
[01:46:42] [176/324] INZS
[01:46:43] [177/324] RMIK
[01:46:44] [178/324] NYCH
[01:46:45] [179/324] RAVE
[01:46:46] [180/324] PSXM
[01:46:46] [181/324] MCGP
[01:46:47] [182/324] PDDK
[01:46:48] [183/324] SPCK
[01:46:49] [184/324] MCRL
[01:46:50] [185/324] MHKT
[01:46:51] [186/324] ANRR
[01:46:51] [187/324] SAPK
[01:46:52] [188/324] NCUK
[01:46:53] [189/324] JUGA
[01:46:54] [190/324] DBSC
[01:46:54] [191/324] LALK
[01:46:55] [192/324] GUCK
[01:46:56] [193/324] STSG
[01:46:57] [194/324] PPPZ
[01:46:58] [195/324] CNCY
[01:46:58] [196/324] MTAR
[01:46:59] [197/324] VNKD
[01:47:00] [198/324] KMAJ
[01:47:01] [199/324] ACXK
[01:47:02] [200/324] UTKC
[01:47:03] [201/324] PBLK
[01:47:03] [202/324] ACBX
[01:47:04] [203/324] PTGM
[01:47:05] [204/324] BTDA
[01:47:06] [205/324] PJMB
[01:47:06] [206/324] TPDA
[01:47:07] [207/324] AMOE
[01:47:08] [208/324] PRHT
[01:47:09] [209/324] PRTA
[01:47:10] [210/324] STAM
[01:47:11] [211/324] MSAA
[01:47:13] [212/324] SDLU
[01:47:13] [213/324] RCHH
[01:47:14] [214/324] KANT
[01:47:15] [215/324] FCRT
[01:47:16] [216/324] DNKM
[01:47:16] [217/324] RYCP
[01:47:17] [218/324] MYRP
[01:47:18] [219/324] PPAK
[01:47:19] [220/324] NVPK
[01:47:19] [221/324] PRMC
[01:47:20] [222/324] JBCS
[01:47:21] [223/324] GXCK
[01:47:22] [224/324] USKO
[01:47:23] [225/324] GTEM
[01:47:24] [226/324] SMBU
[01:47:25] [227/324] VETC
[01:47:25] [228/324] LCDA
[01:47:26] [229/324] MTVT
[01:47:27] [230/324] PYCP
[01:47:28] [231/324] PNSC
[01:47:29] [232/324] PPCC
[01:47:30] [233/324] TGRT
[01:47:31] [234/324] JYOT
[01:47:32] [235/324] SRCZ
[01:47:33] [236/324] SJTE
[01:47:34] [237/324] DESC
[01:47:35] [238/324] JHVN
[01:47:36] [239/324] IPSG
[01:47:37] [240/324] IPCM
[01:47:38] [241/324] PDRS
[01:47:39] [242/324] ANCV
[01:47:40] [243/324] CMVV
[01:47:40] [244/324] SHYP
[01:47:41] [245/324] DNCS
[01:47:42] [246/324] GAJK
[01:47:43] [247/324] AKTN
[01:47:43] [248/324] KAYA
[01:47:44] [249/324] SBRC
[01:47:45] [250/324] CHTP
[01:47:46] [251/324] SHRT
[01:47:47] [252/324] BCKU
[01:47:48] [253/324] FCPS
[01:47:48] [254/324] ARDD
[01:47:49] [255/324] CPCM
[01:47:51] [256/324] CGSM
[01:47:51] [257/324] PSMP
[01:47:52] [258/324] SDAL
[01:47:53] [259/324] RTNB
[01:47:55] [260/324] LMCR
[01:47:55] [261/324] CIMA
[01:47:57] [262/324] RNAS
[01:47:57] [263/324] LITH
[01:47:58] [264/324] PBOX
[01:47:59] [265/324] FRTS
[01:48:00] [266/324] RKIC
[01:48:01] [267/324] PTAI
[01:48:02] [268/324] GCIC
[01:48:04] [269/324] FNAS
[01:48:05] [270/324] SCAR
[01:48:06] [271/324] MTCA
[01:48:07] [272/324] SCTS
[01:48:07] [273/324] SYCS
[01:48:08] [274/324] RDMS
[01:48:09] [275/324] KAMP
[01:48:10] [276/324] ERSD
[01:48:11] [277/324] MJMJ
[01:48:11] [278/324] SRCJ
[01:48:12] [279/324] SCXE
[01:48:13] [280/324] SVFR
[01:48:15] [281/324] BHCS
[01:48:15] [282/324] IMCC
[01:48:16] [283/324] PCBO
[01:48:17] [284/324] PRVN
[01:48:18] [285/324] AUPM
[01:48:19] [286/324] INBW
[01:48:20] [287/324] SVCW
[01:48:21] [288/324] RKCF
[01:48:22] [289/324] UVBH
[01:48:23] [290/324] DNCY
[01:48:24] [291/324] ABCN
[01:48:24] [292/324] PRUR
[01:48:25] [293/324] PFMR
[01:48:26] [294/324] RKCN
[01:48:27] [295/324] CFEA
[01:48:28] [296/324] SDBG
[01:48:29] [297/324] SNAR
[01:48:30] [298/324] YISI
[01:48:31] [299/324] JCFF
[01:48:32] [300/324] VTRK
[01:48:33] [301/324] PCLZ
[01:48:34] [302/324] DIMY
[01:48:35] [303/324] BBTS
[01:48:35] [304/324] GATH
[01:48:36] [305/324] GTMN
[01:48:37] [306/324] VTMH
[01:48:38] [307/324] CCKP
[01:48:39] [308/324] GPKA
[01:48:41] [309/324] MHCL
[01:48:42] [310/324] ATCL
[01:48:43] [311/324] SBCK
[01:48:44] [312/324] AMMR
[01:48:45] [313/324] MADC
[01:48:46] [314/324] TMMA
[01:48:47] [315/324] CACC
[01:48:48] [316/324] CHAL
[01:48:48] [317/324] DURG
[01:48:49] [318/324] GMKU
[01:48:50] [319/324] GECA
[01:48:51] [320/324] KYRR
[01:48:52] [321/324] KSDE
[01:48:53] [322/324] LMCI
[01:48:54] [323/324] NKCP
[01:48:55] [324/324] BGTC
[01:48:56] ✅ DONE | Shows=0 | Movies=0
[02:41:42] 🚀 BMS DAILY TRACKER STARTED
[02:41:42] [1/324] GCTA
[02:41:43] 🧠 New identity
[02:41:43] [2/324] TOPN
[02:41:44] [3/324] MCUS
[02:41:45] [4/324] SHRL
[02:41:46] [5/324] UPTP
[02:41:47] [6/324] TMMP
[02:41:48] [7/324] DNRP
[02:41:50] [8/324] SRLT
[02:41:51] [9/324] RCNS
[02:41:52] [10/324] DCBH
[02:41:53] [11/324] NAGJ
[02:41:54] [12/324] JVRC
[02:41:55] [13/324] KRJG
[02:41:56] [14/324] SRTJ
[02:41:57] [15/324] CMXM
[02:41:58] [16/324] STMI
[02:41:59] [17/324] SLST
[02:42:00] [18/324] DTCN
[02:42:01] [19/324] STYN
[02:42:01] [20/324] SZVR
[02:42:02] [21/324] SRKO
[02:42:03] [22/324] JTGT
[02:42:04] [23/324] SVFD
[02:42:05] [24/324] SISD
[02:42:06] [25/324] ABDD
[02:42:07] [26/324] DRCA
[02:42:08] [27/324] AVCS
[02:42:09] [28/324] MVKH
[02:42:09] [29/324] ACPR
[02:42:10] [30/324] STIP
[02:42:11] [31/324] MTRA
[02:42:12] [32/324] RMKH
[02:42:13] [33/324] NKRL
[02:42:14] [34/324] PCWN
[02:42:15] [35/324] BLMT
[02:42:16] [36/324] GDPG
[02:42:17] [37/324] SRMX
[02:42:18] [38/324] JACP
[02:42:19] [39/324] CPSH
[02:42:20] [40/324] MCCD
[02:42:21] [41/324] ECGH
[02:42:22] [42/324] MKCK
[02:42:23] [43/324] SRMM
[02:42:24] [44/324] SKYR
[02:42:25] [45/324] PCKC
[02:42:26] [46/324] JCMA
[02:42:28] [47/324] BSMP
[02:42:29] [48/324] VSPA
[02:42:30] [49/324] DJYA
[02:42:30] [50/324] DIMP
[02:42:31] [51/324] FXDR
[02:42:32] [52/324] SSRC
[02:42:33] [53/324] STHP
[02:42:34] [54/324] CPPD
[02:42:36] [55/324] FCLK
[02:42:37] [56/324] SCPP
[02:42:37] [57/324] DCMJ
[02:42:38] [58/324] RCCR
[02:42:39] [59/324] INMT
[02:42:40] [60/324] LXTK
[02:42:41] [61/324] SRYK
[02:42:42] [62/324] SGDK
[02:42:44] [63/324] PPKA
[02:42:45] [64/324] SPKA
[02:42:46] [65/324] CGHH
[02:42:46] [66/324] DCJN
[02:42:47] [67/324] SRKV
[02:42:48] [68/324] SAJC
[02:42:49] [69/324] SUSR
[02:42:50] [70/324] STYG
[02:42:50] [71/324] NTKP
[02:42:51] [72/324] AKTG
[02:42:52] [73/324] CGCM
[02:42:53] [74/324] TULC
[02:42:53] [75/324] NYYZ
[02:42:54] [76/324] NYBW
[02:42:55] [77/324] MACB
[02:42:57] [78/324] SLVT
[02:42:58] [79/324] SANA
[02:42:59] [80/324] ACMR
[02:43:00] [81/324] CPKN
[02:43:01] [82/324] DLGK
[02:43:02] [83/324] CWCK
[02:43:03] [84/324] FDDH
[02:43:04] [85/324] MMMD
[02:43:05] [86/324] CMEH
[02:43:06] [87/324] GGGV
[02:43:07] [88/324] SPJL
[02:43:08] [89/324] RCCD
[02:43:08] [90/324] STTZ
[02:43:09] [91/324] BTCF
[02:43:10] [92/324] TSTZ
[02:43:10] [93/324] IPMM
[02:43:12] [94/324] PMPW
[02:43:13] [95/324] PCMZ
[02:43:14] [96/324] ESEM
[02:43:15] [97/324] PIPO
[02:43:16] [98/324] MATK
[02:43:17] [99/324] PGHM
[02:43:17] [100/324] CTSR
[02:43:18] [101/324] CYKR
[02:43:19] [102/324] MSCM
[02:43:20] [103/324] RFNP
[02:43:21] [104/324] PDCP
[02:43:21] [105/324] NPSE
[02:43:22] [106/324] MKML
[02:43:23] [107/324] FTDP
[02:43:24] [108/324] MMXA
[02:43:25] [109/324] CEPO
[02:43:26] [110/324] CMVP
[02:43:27] [111/324] SGTH
[02:43:27] [112/324] SAYN
[02:43:28] [113/324] URVS
[02:43:29] [114/324] VJTN
[02:43:30] [115/324] BBYK
[02:43:31] [116/324] SHBO
[02:43:32] [117/324] VCMR
[02:43:32] [118/324] MACT
[02:43:33] [119/324] JMNP
[02:43:34] [120/324] VICS
[02:43:35] [121/324] VCDA
[02:43:36] [122/324] GCMM
[02:43:37] [123/324] INVS
[02:43:38] [124/324] SCGM
[02:43:39] [125/324] PCDA
[02:43:39] [126/324] KDCT
[02:43:40] [127/324] JACS
[02:43:42] [128/324] GMMC
[02:43:42] [129/324] AICM
[02:43:43] [130/324] TJCM
[02:43:44] [131/324] RMTI
[02:43:45] [132/324] SHAC
[02:43:46] [133/324] APJC
[02:43:47] [134/324] GCTG
[02:43:48] [135/324] SSMC
[02:43:48] [136/324] THRM
[02:43:49] [137/324] RBCT
[02:43:50] [138/324] DIKT
[02:43:51] [139/324] MIDL
[02:43:52] [140/324] VCSN
[02:43:52] [141/324] SKTG
[02:43:53] [142/324] SMWC
[02:43:54] [143/324] MNKH
[02:43:54] [144/324] PIAT
[02:43:55] [145/324] LTTP
[02:43:56] [146/324] PTPU
[02:43:57] [147/324] ACMG
[02:43:57] [148/324] SHMM
[02:43:58] [149/324] MCMN
[02:43:59] [150/324] GLDC
[02:44:01] [151/324] HOUT
[02:44:01] [152/324] SVRP
[02:44:02] [153/324] PVDN
[02:44:03] [154/324] SCPY
[02:44:04] [155/324] DTPY
[02:44:05] [156/324] GKCS
[02:44:06] [157/324] NCAM
[02:44:07] [158/324] BSRM
[02:44:07] [159/324] RCLC
[02:44:08] [160/324] SKKD
[02:44:09] [161/324] ACHU
[02:44:10] [162/324] RSCF
[02:44:10] [163/324] IMSH
[02:44:11] [164/324] MACX
[02:44:12] [165/324] HMMW
[02:44:13] [166/324] JTCP
[02:44:14] [167/324] SREN
[02:44:14] [168/324] PJRR
[02:44:15] [169/324] INAC
[02:44:16] [170/324] BMCA
[02:44:17] [171/324] SHCB
[02:44:17] [172/324] GABA
[02:44:18] [173/324] SBCT
[02:44:19] [174/324] GCMA
[02:44:20] [175/324] MYTK
[02:44:21] [176/324] INZS
[02:44:21] [177/324] RMIK
[02:44:22] [178/324] NYCH
[02:44:23] [179/324] RAVE
[02:44:24] [180/324] PSXM
[02:44:25] [181/324] MCGP
[02:44:25] [182/324] PDDK
[02:44:26] [183/324] SPCK
[02:44:27] [184/324] MCRL
[02:44:28] [185/324] MHKT
[02:44:29] [186/324] ANRR
[02:44:31] [187/324] SAPK
[02:44:31] [188/324] NCUK
[02:44:32] [189/324] JUGA
[02:44:33] [190/324] DBSC
[02:44:34] [191/324] LALK
[02:44:35] [192/324] GUCK
[02:44:36] [193/324] STSG
[02:44:36] [194/324] PPPZ
[02:44:37] [195/324] CNCY
[02:44:38] [196/324] MTAR
[02:44:39] [197/324] VNKD
[02:44:39] [198/324] KMAJ
[02:44:40] [199/324] ACXK
[02:44:41] [200/324] UTKC
[02:44:42] [201/324] PBLK
[02:44:43] [202/324] ACBX
[02:44:44] [203/324] PTGM
[02:44:45] [204/324] BTDA
[02:44:45] [205/324] PJMB
[02:44:46] [206/324] TPDA
[02:44:47] [207/324] AMOE
[02:44:48] [208/324] PRHT
[02:44:49] [209/324] PRTA
[02:44:50] [210/324] STAM
[02:44:50] [211/324] MSAA
[02:44:51] [212/324] SDLU
[02:44:52] [213/324] RCHH
[02:44:53] [214/324] KANT
[02:44:53] [215/324] FCRT
[02:44:54] [216/324] DNKM
[02:44:55] [217/324] RYCP
[02:44:56] [218/324] MYRP
[02:44:57] [219/324] PPAK
[02:44:58] [220/324] NVPK
[02:44:59] [221/324] PRMC
[02:45:00] [222/324] JBCS
[02:45:01] [223/324] GXCK
[02:45:02] [224/324] USKO
[02:45:02] [225/324] GTEM
[02:45:03] [226/324] SMBU
[02:45:04] [227/324] VETC
[02:45:05] [228/324] LCDA
[02:45:06] [229/324] MTVT
[02:45:07] [230/324] PYCP
[02:45:08] [231/324] PNSC
[02:45:09] [232/324] PPCC
[02:45:10] [233/324] TGRT
[02:45:11] [234/324] JYOT
[02:45:11] [235/324] SRCZ
[02:45:12] [236/324] SJTE
[02:45:13] [237/324] DESC
[02:45:14] [238/324] JHVN
[02:45:15] [239/324] IPSG
[02:45:16] [240/324] IPCM
[02:45:17] [241/324] PDRS
[02:45:18] [242/324] ANCV
[02:45:19] [243/324] CMVV
[02:45:20] [244/324] SHYP
[02:45:21] [245/324] DNCS
[02:45:22] [246/324] GAJK
[02:45:23] [247/324] AKTN
[02:45:23] [248/324] KAYA
[02:45:24] [249/324] SBRC
[02:45:25] [250/324] CHTP
[02:45:26] [251/324] SHRT
[02:45:27] [252/324] BCKU
[02:45:27] [253/324] FCPS
[02:45:28] [254/324] ARDD
[02:45:29] [255/324] CPCM
[02:45:30] [256/324] CGSM
[02:45:31] [257/324] PSMP
[02:45:32] [258/324] SDAL
[02:45:33] [259/324] RTNB
[02:45:34] [260/324] LMCR
[02:45:34] [261/324] CIMA
[02:45:35] [262/324] RNAS
[02:45:36] [263/324] LITH
[02:45:37] [264/324] PBOX
[02:45:37] [265/324] FRTS
[02:45:38] [266/324] RKIC
[02:45:39] [267/324] PTAI
[02:45:40] [268/324] GCIC
[02:45:41] [269/324] FNAS
[02:45:43] [270/324] SCAR
[02:45:43] [271/324] MTCA
[02:45:44] [272/324] SCTS
[02:45:45] [273/324] SYCS
[02:45:47] [274/324] RDMS
[02:45:48] [275/324] KAMP
[02:45:48] [276/324] ERSD
[02:45:49] [277/324] MJMJ
[02:45:50] [278/324] SRCJ
[02:45:51] [279/324] SCXE
[02:45:52] [280/324] SVFR
[02:45:52] [281/324] BHCS
[02:45:53] [282/324] IMCC
[02:45:54] [283/324] PCBO
[02:45:55] [284/324] PRVN
[02:45:56] [285/324] AUPM
[02:45:57] [286/324] INBW
[02:45:57] [287/324] SVCW
[02:45:58] [288/324] RKCF
[02:45:59] [289/324] UVBH
[02:46:00] [290/324] DNCY
[02:46:01] [291/324] ABCN
[02:46:02] [292/324] PRUR
[02:46:02] [293/324] PFMR
[02:46:03] [294/324] RKCN
[02:46:04] [295/324] CFEA
[02:46:05] [296/324] SDBG
[02:46:06] [297/324] SNAR
[02:46:07] [298/324] YISI
[02:46:07] [299/324] JCFF
[02:46:08] [300/324] VTRK
[02:46:09] [301/324] PCLZ
[02:46:10] [302/324] DIMY
[02:46:11] [303/324] BBTS
[02:46:12] [304/324] GATH
[02:46:12] [305/324] GTMN
[02:46:13] [306/324] VTMH
[02:46:14] [307/324] CCKP
[02:46:15] [308/324] GPKA
[02:46:15] [309/324] MHCL
[02:46:16] [310/324] ATCL
[02:46:17] [311/324] SBCK
[02:46:18] [312/324] AMMR
[02:46:19] [313/324] MADC
[02:46:20] [314/324] TMMA
[02:46:20] [315/324] CACC
[02:46:21] [316/324] CHAL
[02:46:22] [317/324] DURG
[02:46:23] [318/324] GMKU
[02:46:25] [319/324] GECA
[02:46:25] [320/324] KYRR
[02:46:26] [321/324] KSDE
[02:46:27] [322/324] LMCI
[02:46:27] [323/324] NKCP
[02:46:28] [324/324] BGTC
[02:46:29] ✅ DONE | Shows=0 | Movies=0
[03:43:02] 🚀 BMS DAILY TRACKER STARTED
[03:43:02] [1/324] GCTA
[03:43:02] 🧠 New identity
[03:43:03] [2/324] TOPN
[03:43:04] [3/324] MCUS
[03:43:05] [4/324] SHRL
[03:43:06] [5/324] UPTP
[03:43:06] [6/324] TMMP
[03:43:08] [7/324] DNRP
[03:43:09] [8/324] SRLT
[03:43:10] [9/324] RCNS
[03:43:11] [10/324] DCBH
[03:43:12] [11/324] NAGJ
[03:43:14] [12/324] JVRC
[03:43:14] [13/324] KRJG
[03:43:15] [14/324] SRTJ
[03:43:16] [15/324] CMXM
[03:43:17] [16/324] STMI
[03:43:18] [17/324] SLST
[03:43:19] [18/324] DTCN
[03:43:19] [19/324] STYN
[03:43:20] [20/324] SZVR
[03:43:21] [21/324] SRKO
[03:43:22] [22/324] JTGT
[03:43:24] [23/324] SVFD
[03:43:24] [24/324] SISD
[03:43:25] [25/324] ABDD
[03:43:27] [26/324] DRCA
[03:43:28] [27/324] AVCS
[03:43:28] [28/324] MVKH
[03:43:30] [29/324] ACPR
[03:43:31] [30/324] STIP
[03:43:32] [31/324] MTRA
[03:43:33] [32/324] RMKH
[03:43:33] [33/324] NKRL
[03:43:34] [34/324] PCWN
[03:43:35] [35/324] BLMT
[03:43:36] [36/324] GDPG
[03:43:37] [37/324] SRMX
[03:43:38] [38/324] JACP
[03:43:39] [39/324] CPSH
[03:43:39] [40/324] MCCD
[03:43:40] [41/324] ECGH
[03:43:41] [42/324] MKCK
[03:43:42] [43/324] SRMM
[03:43:43] [44/324] SKYR
[03:43:43] [45/324] PCKC
[03:43:44] [46/324] JCMA
[03:43:45] [47/324] BSMP
[03:43:45] [48/324] VSPA
[03:43:46] [49/324] DJYA
[03:43:47] [50/324] DIMP
[03:43:48] [51/324] FXDR
[03:43:49] [52/324] SSRC
[03:43:49] [53/324] STHP
[03:43:51] [54/324] CPPD
[03:43:52] [55/324] FCLK
[03:43:53] [56/324] SCPP
[03:43:54] [57/324] DCMJ
[03:43:55] [58/324] RCCR
[03:43:55] [59/324] INMT
[03:43:56] [60/324] LXTK
[03:43:57] [61/324] SRYK
[03:43:58] [62/324] SGDK
[03:43:59] [63/324] PPKA
[03:43:59] [64/324] SPKA
[03:44:00] [65/324] CGHH
[03:44:01] [66/324] DCJN
[03:44:02] [67/324] SRKV
[03:44:03] [68/324] SAJC
[03:44:04] [69/324] SUSR
[03:44:05] [70/324] STYG
[03:44:05] [71/324] NTKP
[03:44:07] [72/324] AKTG
[03:44:07] [73/324] CGCM
[03:44:08] [74/324] TULC
[03:44:09] [75/324] NYYZ
[03:44:10] [76/324] NYBW
[03:44:11] [77/324] MACB
[03:44:12] [78/324] SLVT
[03:44:13] [79/324] SANA
[03:44:14] [80/324] ACMR
[03:44:15] [81/324] CPKN
[03:44:16] [82/324] DLGK
[03:44:17] [83/324] CWCK
[03:44:18] [84/324] FDDH
[03:44:18] [85/324] MMMD
[03:44:19] [86/324] CMEH
[03:44:20] [87/324] GGGV
[03:44:21] [88/324] SPJL
[03:44:21] [89/324] RCCD
[03:44:23] [90/324] STTZ
[03:44:24] [91/324] BTCF
[03:44:25] [92/324] TSTZ
[03:44:26] [93/324] IPMM
[03:44:26] [94/324] PMPW
[03:44:27] [95/324] PCMZ
[03:44:28] [96/324] ESEM
[03:44:29] [97/324] PIPO
[03:44:30] [98/324] MATK
[03:44:31] [99/324] PGHM
[03:44:31] [100/324] CTSR
[03:44:32] [101/324] CYKR
[03:44:34] [102/324] MSCM
[03:44:35] [103/324] RFNP
[03:44:35] [104/324] PDCP
[03:44:36] [105/324] NPSE
[03:44:37] [106/324] MKML
[03:44:37] [107/324] FTDP
[03:44:38] [108/324] MMXA
[03:44:39] [109/324] CEPO
[03:44:40] [110/324] CMVP
[03:44:40] [111/324] SGTH
[03:44:41] [112/324] SAYN
[03:44:42] [113/324] URVS
[03:44:44] [114/324] VJTN
[03:44:45] [115/324] BBYK
[03:44:45] [116/324] SHBO
[03:44:46] [117/324] VCMR
[03:44:48] [118/324] MACT
[03:44:49] [119/324] JMNP
[03:44:50] [120/324] VICS
[03:44:50] [121/324] VCDA
[03:44:51] [122/324] GCMM
[03:44:52] [123/324] INVS
[03:44:52] [124/324] SCGM
[03:44:53] [125/324] PCDA
[03:44:54] [126/324] KDCT
[03:44:55] [127/324] JACS
[03:44:56] [128/324] GMMC
[03:44:56] [129/324] AICM
[03:44:57] [130/324] TJCM
[03:44:58] [131/324] RMTI
[03:44:59] [132/324] SHAC
[03:44:59] [133/324] APJC
[03:45:00] [134/324] GCTG
[03:45:01] [135/324] SSMC
[03:45:02] [136/324] THRM
[03:45:03] [137/324] RBCT
[03:45:04] [138/324] DIKT
[03:45:05] [139/324] MIDL
[03:45:05] [140/324] VCSN
[03:45:07] [141/324] SKTG
[03:45:09] [142/324] SMWC
[03:45:10] [143/324] MNKH
[03:45:11] [144/324] PIAT
[03:45:12] [145/324] LTTP
[03:45:13] [146/324] PTPU
[03:45:13] [147/324] ACMG
[03:45:14] [148/324] SHMM
[03:45:15] [149/324] MCMN
[03:45:16] [150/324] GLDC
[03:45:16] [151/324] HOUT
[03:45:17] [152/324] SVRP
[03:45:18] [153/324] PVDN
[03:45:19] [154/324] SCPY
[03:45:19] [155/324] DTPY
[03:45:20] [156/324] GKCS
[03:45:21] [157/324] NCAM
[03:45:22] [158/324] BSRM
[03:45:22] [159/324] RCLC
[03:45:23] [160/324] SKKD
[03:45:24] [161/324] ACHU
[03:45:25] [162/324] RSCF
[03:45:26] [163/324] IMSH
[03:45:27] [164/324] MACX
[03:45:28] [165/324] HMMW
[03:45:29] [166/324] JTCP
[03:45:30] [167/324] SREN
[03:45:30] [168/324] PJRR
[03:45:31] [169/324] INAC
[03:45:32] [170/324] BMCA
[03:45:33] [171/324] SHCB
[03:45:33] [172/324] GABA
[03:45:34] [173/324] SBCT
[03:45:35] [174/324] GCMA
[03:45:36] [175/324] MYTK
[03:45:36] [176/324] INZS
[03:45:37] [177/324] RMIK
[03:45:39] [178/324] NYCH
[03:45:40] [179/324] RAVE
[03:45:41] [180/324] PSXM
[03:45:42] [181/324] MCGP
[03:45:42] [182/324] PDDK
[03:45:43] [183/324] SPCK
[03:45:44] [184/324] MCRL
[03:45:45] [185/324] MHKT
[03:45:45] [186/324] ANRR
[03:45:46] [187/324] SAPK
[03:45:47] [188/324] NCUK
[03:45:48] [189/324] JUGA
[03:45:49] [190/324] DBSC
[03:45:49] [191/324] LALK
[03:45:50] [192/324] GUCK
[03:45:51] [193/324] STSG
[03:45:52] [194/324] PPPZ
[03:45:53] [195/324] CNCY
[03:45:53] [196/324] MTAR
[03:45:54] [197/324] VNKD
[03:45:55] [198/324] KMAJ
[03:45:55] [199/324] ACXK
[03:45:57] [200/324] UTKC
[03:45:58] [201/324] PBLK
[03:45:59] [202/324] ACBX
[03:45:59] [203/324] PTGM
[03:46:00] [204/324] BTDA
[03:46:01] [205/324] PJMB
[03:46:03] [206/324] TPDA
[03:46:03] [207/324] AMOE
[03:46:04] [208/324] PRHT
[03:46:05] [209/324] PRTA
[03:46:06] [210/324] STAM
[03:46:07] [211/324] MSAA
[03:46:08] [212/324] SDLU
[03:46:08] [213/324] RCHH
[03:46:09] [214/324] KANT
[03:46:10] [215/324] FCRT
[03:46:12] [216/324] DNKM
[03:46:13] [217/324] RYCP
[03:46:13] [218/324] MYRP
[03:46:14] [219/324] PPAK
[03:46:16] [220/324] NVPK
[03:46:16] [221/324] PRMC
[03:46:17] [222/324] JBCS
[03:46:18] [223/324] GXCK
[03:46:20] [224/324] USKO
[03:46:20] [225/324] GTEM
[03:46:21] [226/324] SMBU
[03:46:22] [227/324] VETC
[03:46:23] [228/324] LCDA
[03:46:24] [229/324] MTVT
[03:46:24] [230/324] PYCP
[03:46:25] [231/324] PNSC
[03:46:26] [232/324] PPCC
[03:46:27] [233/324] TGRT
[03:46:28] [234/324] JYOT
[03:46:28] [235/324] SRCZ
[03:46:29] [236/324] SJTE
[03:46:30] [237/324] DESC
[03:46:31] [238/324] JHVN
[03:46:32] [239/324] IPSG
[03:46:33] [240/324] IPCM
[03:46:34] [241/324] PDRS
[03:46:35] [242/324] ANCV
[03:46:35] [243/324] CMVV
[03:46:36] [244/324] SHYP
[03:46:37] [245/324] DNCS
[03:46:38] [246/324] GAJK
[03:46:38] [247/324] AKTN
[03:46:39] [248/324] KAYA
[03:46:40] [249/324] SBRC
[03:46:40] [250/324] CHTP
[03:46:41] [251/324] SHRT
[03:46:42] [252/324] BCKU
[03:46:43] [253/324] FCPS
[03:46:44] [254/324] ARDD
[03:46:45] [255/324] CPCM
[03:46:46] [256/324] CGSM
[03:46:46] [257/324] PSMP
[03:46:48] [258/324] SDAL
[03:46:49] [259/324] RTNB
[03:46:50] [260/324] LMCR
[03:46:51] [261/324] CIMA
[03:46:51] [262/324] RNAS
[03:46:52] [263/324] LITH
[03:46:53] [264/324] PBOX
[03:46:54] [265/324] FRTS
[03:46:55] [266/324] RKIC
[03:46:55] [267/324] PTAI
[03:46:56] [268/324] GCIC
[03:46:57] [269/324] FNAS
[03:46:58] [270/324] SCAR
[03:46:58] [271/324] MTCA
[03:46:59] [272/324] SCTS
[03:47:00] [273/324] SYCS
[03:47:01] [274/324] RDMS
[03:47:01] [275/324] KAMP
[03:47:02] [276/324] ERSD
[03:47:03] [277/324] MJMJ
[03:47:04] [278/324] SRCJ
[03:47:05] [279/324] SCXE
[03:47:05] [280/324] SVFR
[03:47:06] [281/324] BHCS
[03:47:07] [282/324] IMCC
[03:47:08] [283/324] PCBO
[03:47:10] [284/324] PRVN
[03:47:10] [285/324] AUPM
[03:47:12] [286/324] INBW
[03:47:13] [287/324] SVCW
[03:47:13] [288/324] RKCF
[03:47:14] [289/324] UVBH
[03:47:15] [290/324] DNCY
[03:47:16] [291/324] ABCN
[03:47:17] [292/324] PRUR
[03:47:17] [293/324] PFMR
[03:47:19] [294/324] RKCN
[03:47:20] [295/324] CFEA
[03:47:20] [296/324] SDBG
[03:47:21] [297/324] SNAR
[03:47:22] [298/324] YISI
[03:47:23] [299/324] JCFF
[03:47:24] [300/324] VTRK
[03:47:25] [301/324] PCLZ
[03:47:25] [302/324] DIMY
[03:47:26] [303/324] BBTS
[03:47:27] [304/324] GATH
[03:47:28] [305/324] GTMN
[03:47:29] [306/324] VTMH
[03:47:29] [307/324] CCKP
[03:47:30] [308/324] GPKA
[03:47:31] [309/324] MHCL
[03:47:32] [310/324] ATCL
[03:47:32] [311/324] SBCK
[03:47:33] [312/324] AMMR
[03:47:34] [313/324] MADC
[03:47:35] [314/324] TMMA
[03:47:36] [315/324] CACC
[03:47:37] [316/324] CHAL
[03:47:37] [317/324] DURG
[03:47:39] [318/324] GMKU
[03:47:40] [319/324] GECA
[03:47:41] [320/324] KYRR
[03:47:41] [321/324] KSDE
[03:47:42] [322/324] LMCI
[03:47:43] [323/324] NKCP
[03:47:44] [324/324] BGTC
[03:47:44] ✅ DONE | Shows=10 | Movies=4
[04:42:40] 🚀 BMS DAILY TRACKER STARTED
[04:42:40] [1/324] GCTA
[04:42:40] 🧠 New identity
[04:42:41] [2/324] TOPN
[04:42:41] [3/324] MCUS
[04:42:42] [4/324] SHRL
[04:42:44] [5/324] UPTP
[04:42:45] [6/324] TMMP
[04:42:46] [7/324] DNRP
[04:42:47] [8/324] SRLT
[04:42:47] [9/324] RCNS
[04:42:48] [10/324] DCBH
[04:42:49] [11/324] NAGJ
[04:42:50] [12/324] JVRC
[04:42:51] [13/324] KRJG
[04:42:52] [14/324] SRTJ
[04:42:53] [15/324] CMXM
[04:42:54] [16/324] STMI
[04:42:55] [17/324] SLST
[04:42:55] [18/324] DTCN
[04:42:56] [19/324] STYN
[04:42:58] [20/324] SZVR
[04:42:59] [21/324] SRKO
[04:43:00] [22/324] JTGT
[04:43:01] [23/324] SVFD
[04:43:01] [24/324] SISD
[04:43:02] [25/324] ABDD
[04:43:03] [26/324] DRCA
[04:43:04] [27/324] AVCS
[04:43:04] [28/324] MVKH
[04:43:05] [29/324] ACPR
[04:43:06] [30/324] STIP
[04:43:07] [31/324] MTRA
[04:43:08] [32/324] RMKH
[04:43:09] [33/324] NKRL
[04:43:10] [34/324] PCWN
[04:43:10] [35/324] BLMT
[04:43:11] [36/324] GDPG
[04:43:12] [37/324] SRMX
[04:43:13] [38/324] JACP
[04:43:14] [39/324] CPSH
[04:43:15] [40/324] MCCD
[04:43:15] [41/324] ECGH
[04:43:16] [42/324] MKCK
[04:43:17] [43/324] SRMM
[04:43:18] [44/324] SKYR
[04:43:19] [45/324] PCKC
[04:43:20] [46/324] JCMA
[04:43:20] [47/324] BSMP
[04:43:21] [48/324] VSPA
[04:43:22] [49/324] DJYA
[04:43:23] [50/324] DIMP
[04:43:24] [51/324] FXDR
[04:43:25] [52/324] SSRC
[04:43:26] [53/324] STHP
[04:43:28] [54/324] CPPD
[04:43:29] [55/324] FCLK
[04:43:30] [56/324] SCPP
[04:43:31] [57/324] DCMJ
[04:43:31] [58/324] RCCR
[04:43:32] [59/324] INMT
[04:43:33] [60/324] LXTK
[04:43:34] [61/324] SRYK
[04:43:35] [62/324] SGDK
[04:43:36] [63/324] PPKA
[04:43:37] [64/324] SPKA
[04:43:38] [65/324] CGHH
[04:43:38] [66/324] DCJN
[04:43:39] [67/324] SRKV
[04:43:40] [68/324] SAJC
[04:43:41] [69/324] SUSR
[04:43:42] [70/324] STYG
[04:43:42] [71/324] NTKP
[04:43:43] [72/324] AKTG
[04:43:44] [73/324] CGCM
[04:43:45] [74/324] TULC
[04:43:45] [75/324] NYYZ
[04:43:46] [76/324] NYBW
[04:43:47] [77/324] MACB
[04:43:48] [78/324] SLVT
[04:43:49] [79/324] SANA
[04:43:50] [80/324] ACMR
[04:43:51] [81/324] CPKN
[04:43:52] [82/324] DLGK
[04:43:53] [83/324] CWCK
[04:43:54] [84/324] FDDH
[04:43:54] [85/324] MMMD
[04:43:55] [86/324] CMEH
[04:43:56] [87/324] GGGV
[04:43:57] [88/324] SPJL
[04:43:58] [89/324] RCCD
[04:43:59] [90/324] STTZ
[04:44:01] [91/324] BTCF
[04:44:01] [92/324] TSTZ
[04:44:02] [93/324] IPMM
[04:44:03] [94/324] PMPW
[04:44:04] [95/324] PCMZ
[04:44:05] [96/324] ESEM
[04:44:05] [97/324] PIPO
[04:44:06] [98/324] MATK
[04:44:07] [99/324] PGHM
[04:44:07] [100/324] CTSR
[04:44:08] [101/324] CYKR
[04:44:10] [102/324] MSCM
[04:44:11] [103/324] RFNP
[04:44:12] [104/324] PDCP
[04:44:13] [105/324] NPSE
[04:44:14] [106/324] MKML
[04:44:14] [107/324] FTDP
[04:44:15] [108/324] MMXA
[04:44:16] [109/324] CEPO
[04:44:17] [110/324] CMVP
[04:44:19] [111/324] SGTH
[04:44:19] [112/324] SAYN
[04:44:21] [113/324] URVS
[04:44:21] [114/324] VJTN
[04:44:22] [115/324] BBYK
[04:44:23] [116/324] SHBO
[04:44:24] [117/324] VCMR
[04:44:25] [118/324] MACT
[04:44:26] [119/324] JMNP
[04:44:27] [120/324] VICS
[04:44:27] [121/324] VCDA
[04:44:28] [122/324] GCMM
[04:44:30] [123/324] INVS
[04:44:31] [124/324] SCGM
[04:44:32] [125/324] PCDA
[04:44:33] [126/324] KDCT
[04:44:34] [127/324] JACS
[04:44:35] [128/324] GMMC
[04:44:35] [129/324] AICM
[04:44:36] [130/324] TJCM
[04:44:37] [131/324] RMTI
[04:44:38] [132/324] SHAC
[04:44:39] [133/324] APJC
[04:44:40] [134/324] GCTG
[04:44:41] [135/324] SSMC
[04:44:42] [136/324] THRM
[04:44:43] [137/324] RBCT
[04:44:44] [138/324] DIKT
[04:44:45] [139/324] MIDL
[04:44:46] [140/324] VCSN
[04:44:47] [141/324] SKTG
[04:44:47] [142/324] SMWC
[04:44:48] [143/324] MNKH
[04:44:49] [144/324] PIAT
[04:44:50] [145/324] LTTP
[04:44:50] [146/324] PTPU
[04:44:51] [147/324] ACMG
[04:44:52] [148/324] SHMM
[04:44:53] [149/324] MCMN
[04:44:54] [150/324] GLDC
[04:44:55] [151/324] HOUT
[04:44:56] [152/324] SVRP
[04:44:57] [153/324] PVDN
[04:44:58] [154/324] SCPY
[04:44:59] [155/324] DTPY
[04:45:00] [156/324] GKCS
[04:45:00] [157/324] NCAM
[04:45:01] [158/324] BSRM
[04:45:02] [159/324] RCLC
[04:45:03] [160/324] SKKD
[04:45:04] [161/324] ACHU
[04:45:04] [162/324] RSCF
[04:45:05] [163/324] IMSH
[04:45:06] [164/324] MACX
[04:45:07] [165/324] HMMW
[04:45:08] [166/324] JTCP
[04:45:08] [167/324] SREN
[04:45:09] [168/324] PJRR
[04:45:10] [169/324] INAC
[04:45:11] [170/324] BMCA
[04:45:12] [171/324] SHCB
[04:45:12] [172/324] GABA
[04:45:13] [173/324] SBCT
[04:45:14] [174/324] GCMA
[04:45:15] [175/324] MYTK
[04:45:16] [176/324] INZS
[04:45:17] [177/324] RMIK
[04:45:17] [178/324] NYCH
[04:45:18] [179/324] RAVE
[04:45:19] [180/324] PSXM
[04:45:20] [181/324] MCGP
[04:45:21] [182/324] PDDK
[04:45:21] [183/324] SPCK
[04:45:22] [184/324] MCRL
[04:45:23] [185/324] MHKT
[04:45:24] [186/324] ANRR
[04:45:25] [187/324] SAPK
[04:45:26] [188/324] NCUK
[04:45:27] [189/324] JUGA
[04:45:27] [190/324] DBSC
[04:45:28] [191/324] LALK
[04:45:29] [192/324] GUCK
[04:45:30] [193/324] STSG
[04:45:31] [194/324] PPPZ
[04:45:31] [195/324] CNCY
[04:45:32] [196/324] MTAR
[04:45:33] [197/324] VNKD
[04:45:34] [198/324] KMAJ
[04:45:35] [199/324] ACXK
[04:45:36] [200/324] UTKC
[04:45:36] [201/324] PBLK
[04:45:37] [202/324] ACBX
[04:45:38] [203/324] PTGM
[04:45:39] [204/324] BTDA
[04:45:40] [205/324] PJMB
[04:45:41] [206/324] TPDA
[04:45:42] [207/324] AMOE
[04:45:42] [208/324] PRHT
[04:45:43] [209/324] PRTA
[04:45:44] [210/324] STAM
[04:45:45] [211/324] MSAA
[04:45:45] [212/324] SDLU
[04:45:46] [213/324] RCHH
[04:45:47] [214/324] KANT
[04:45:48] [215/324] FCRT
[04:45:49] [216/324] DNKM
[04:45:50] [217/324] RYCP
[04:45:51] [218/324] MYRP
[04:45:52] [219/324] PPAK
[04:45:52] [220/324] NVPK
[04:45:53] [221/324] PRMC
[04:45:54] [222/324] JBCS
[04:45:55] [223/324] GXCK
[04:45:55] [224/324] USKO
[04:45:56] [225/324] GTEM
[04:45:57] [226/324] SMBU
[04:45:58] [227/324] VETC
[04:45:58] [228/324] LCDA
[04:45:59] [229/324] MTVT
[04:46:00] [230/324] PYCP
[04:46:01] [231/324] PNSC
[04:46:01] [232/324] PPCC
[04:46:02] [233/324] TGRT
[04:46:03] [234/324] JYOT
[04:46:04] [235/324] SRCZ
[04:46:05] [236/324] SJTE
[04:46:06] [237/324] DESC
[04:46:08] [238/324] JHVN
[04:46:08] [239/324] IPSG
[04:46:09] [240/324] IPCM
[04:46:10] [241/324] PDRS
[04:46:11] [242/324] ANCV
[04:46:11] [243/324] CMVV
[04:46:12] [244/324] SHYP
[04:46:13] [245/324] DNCS
[04:46:14] [246/324] GAJK
[04:46:15] [247/324] AKTN
[04:46:16] [248/324] KAYA
[04:46:17] [249/324] SBRC
[04:46:17] [250/324] CHTP
[04:46:18] [251/324] SHRT
[04:46:20] [252/324] BCKU
[04:46:21] [253/324] FCPS
[04:46:21] [254/324] ARDD
[04:46:22] [255/324] CPCM
[04:46:23] [256/324] CGSM
[04:46:24] [257/324] PSMP
[04:46:24] [258/324] SDAL
[04:46:25] [259/324] RTNB
[04:46:26] [260/324] LMCR
[04:46:27] [261/324] CIMA
[04:46:27] [262/324] RNAS
[04:46:28] [263/324] LITH
[04:46:29] [264/324] PBOX
[04:46:30] [265/324] FRTS
[04:46:31] [266/324] RKIC
[04:46:32] [267/324] PTAI
[04:46:32] [268/324] GCIC
[04:46:33] [269/324] FNAS
[04:46:34] [270/324] SCAR
[04:46:35] [271/324] MTCA
[04:46:36] [272/324] SCTS
[04:46:37] [273/324] SYCS
[04:46:38] [274/324] RDMS
[04:46:39] [275/324] KAMP
[04:46:40] [276/324] ERSD
[04:46:41] [277/324] MJMJ
[04:46:42] [278/324] SRCJ
[04:46:42] [279/324] SCXE
[04:46:43] [280/324] SVFR
[04:46:44] [281/324] BHCS
[04:46:45] [282/324] IMCC
[04:46:46] [283/324] PCBO
[04:46:47] [284/324] PRVN
[04:46:48] [285/324] AUPM
[04:46:48] [286/324] INBW
[04:46:49] [287/324] SVCW
[04:46:50] [288/324] RKCF
[04:46:51] [289/324] UVBH
[04:46:52] [290/324] DNCY
[04:46:52] [291/324] ABCN
[04:46:53] [292/324] PRUR
[04:46:54] [293/324] PFMR
[04:46:54] [294/324] RKCN
[04:46:55] [295/324] CFEA
[04:46:56] [296/324] SDBG
[04:46:56] [297/324] SNAR
[04:46:57] [298/324] YISI
[04:46:58] [299/324] JCFF
[04:46:59] [300/324] VTRK
[04:47:00] [301/324] PCLZ
[04:47:01] [302/324] DIMY
[04:47:02] [303/324] BBTS
[04:47:02] [304/324] GATH
[04:47:03] [305/324] GTMN
[04:47:04] [306/324] VTMH
[04:47:05] [307/324] CCKP
[04:47:06] [308/324] GPKA
[04:47:06] [309/324] MHCL
[04:47:07] [310/324] ATCL
[04:47:08] [311/324] SBCK
[04:47:09] [312/324] AMMR
[04:47:10] [313/324] MADC
[04:47:10] [314/324] TMMA
[04:47:11] [315/324] CACC
[04:47:12] [316/324] CHAL
[04:47:13] [317/324] DURG
[04:47:14] [318/324] GMKU
[04:47:14] [319/324] GECA
[04:47:15] [320/324] KYRR
[04:47:16] [321/324] KSDE
[04:47:17] [322/324] LMCI
[04:47:19] [323/324] NKCP
[04:47:20] [324/324] BGTC
[04:47:21] ✅ DONE | Shows=35 | Movies=9
[06:29:24] 🚀 BMS DAILY TRACKER STARTED
[06:29:24] [1/324] GCTA
[06:29:24] 🧠 New identity
[06:29:25] [2/324] TOPN
[06:29:26] [3/324] MCUS
[06:29:27] [4/324] SHRL
[06:29:27] [5/324] UPTP
[06:29:28] [6/324] TMMP
[06:29:29] [7/324] DNRP
[06:29:30] [8/324] SRLT
[06:29:31] [9/324] RCNS
[06:29:32] [10/324] DCBH
[06:29:32] [11/324] NAGJ
[06:29:33] [12/324] JVRC
[06:29:34] [13/324] KRJG
[06:29:35] [14/324] SRTJ
[06:29:36] [15/324] CMXM
[06:29:36] [16/324] STMI
[06:29:37] [17/324] SLST
[06:29:38] [18/324] DTCN
[06:29:39] [19/324] STYN
[06:29:39] [20/324] SZVR
[06:29:41] [21/324] SRKO
[06:29:42] [22/324] JTGT
[06:29:42] [23/324] SVFD
[06:29:44] [24/324] SISD
[06:29:44] [25/324] ABDD
[06:29:45] [26/324] DRCA
[06:29:46] [27/324] AVCS
[06:29:46] [28/324] MVKH
[06:29:47] [29/324] ACPR
[06:29:48] [30/324] STIP
[06:29:49] [31/324] MTRA
[06:29:50] [32/324] RMKH
[06:29:51] [33/324] NKRL
[06:29:52] [34/324] PCWN
[06:29:53] [35/324] BLMT
[06:29:54] [36/324] GDPG
[06:29:55] [37/324] SRMX
[06:29:56] [38/324] JACP
[06:29:57] [39/324] CPSH
[06:29:58] [40/324] MCCD
[06:29:59] [41/324] ECGH
[06:30:00] [42/324] MKCK
[06:30:00] [43/324] SRMM
[06:30:01] [44/324] SKYR
[06:30:02] [45/324] PCKC
[06:30:03] [46/324] JCMA
[06:30:04] [47/324] BSMP
[06:30:05] [48/324] VSPA
[06:30:06] [49/324] DJYA
[06:30:07] [50/324] DIMP
[06:30:08] [51/324] FXDR
[06:30:09] [52/324] SSRC
[06:30:10] [53/324] STHP
[06:30:11] [54/324] CPPD
[06:30:12] [55/324] FCLK
[06:30:12] [56/324] SCPP
[06:30:13] [57/324] DCMJ
[06:30:14] [58/324] RCCR
[06:30:15] [59/324] INMT
[06:30:16] [60/324] LXTK
[06:30:16] [61/324] SRYK
[06:30:17] [62/324] SGDK
[06:30:18] [63/324] PPKA
[06:30:19] [64/324] SPKA
[06:30:20] [65/324] CGHH
[06:30:21] [66/324] DCJN
[06:30:23] [67/324] SRKV
[06:30:24] [68/324] SAJC
[06:30:25] [69/324] SUSR
[06:30:26] [70/324] STYG
[06:30:26] [71/324] NTKP
[06:30:27] [72/324] AKTG
[06:30:28] [73/324] CGCM
[06:30:29] [74/324] TULC
[06:30:29] [75/324] NYYZ
[06:30:30] [76/324] NYBW
[06:30:31] [77/324] MACB
[06:30:32] [78/324] SLVT
[06:30:33] [79/324] SANA
[06:30:34] [80/324] ACMR
[06:30:34] [81/324] CPKN
[06:30:35] [82/324] DLGK
[06:30:36] [83/324] CWCK
[06:30:37] [84/324] FDDH
[06:30:38] [85/324] MMMD
[06:30:39] [86/324] CMEH
[06:30:40] [87/324] GGGV
[06:30:41] [88/324] SPJL
[06:30:41] [89/324] RCCD
[06:30:42] [90/324] STTZ
[06:30:43] [91/324] BTCF
[06:30:44] [92/324] TSTZ
[06:30:45] [93/324] IPMM
[06:30:46] [94/324] PMPW
[06:30:46] [95/324] PCMZ
[06:30:47] [96/324] ESEM
[06:30:49] [97/324] PIPO
[06:30:49] [98/324] MATK
[06:30:50] [99/324] PGHM
[06:30:51] [100/324] CTSR
[06:30:52] [101/324] CYKR
[06:30:52] [102/324] MSCM
[06:30:53] [103/324] RFNP
[06:30:55] [104/324] PDCP
[06:30:56] [105/324] NPSE
[06:30:57] [106/324] MKML
[06:30:58] [107/324] FTDP
[06:30:59] [108/324] MMXA
[06:30:59] [109/324] CEPO
[06:31:01] [110/324] CMVP
[06:31:03] [111/324] SGTH
[06:31:03] [112/324] SAYN
[06:31:04] [113/324] URVS
[06:31:05] [114/324] VJTN
[06:31:06] [115/324] BBYK
[06:31:07] [116/324] SHBO
[06:31:08] [117/324] VCMR
[06:31:09] [118/324] MACT
[06:31:10] [119/324] JMNP
[06:31:11] [120/324] VICS
[06:31:12] [121/324] VCDA
[06:31:13] [122/324] GCMM
[06:31:13] [123/324] INVS
[06:31:14] [124/324] SCGM
[06:31:15] [125/324] PCDA
[06:31:16] [126/324] KDCT
[06:31:17] [127/324] JACS
[06:31:17] [128/324] GMMC
[06:31:18] [129/324] AICM
[06:31:19] [130/324] TJCM
[06:31:20] [131/324] RMTI
[06:31:21] [132/324] SHAC
[06:31:22] [133/324] APJC
[06:31:23] [134/324] GCTG
[06:31:24] [135/324] SSMC
[06:31:25] [136/324] THRM
[06:31:26] [137/324] RBCT
[06:31:26] [138/324] DIKT
[06:31:27] [139/324] MIDL
[06:31:29] [140/324] VCSN
[06:31:30] [141/324] SKTG
[06:31:31] [142/324] SMWC
[06:31:32] [143/324] MNKH
[06:31:33] [144/324] PIAT
[06:31:34] [145/324] LTTP
[06:31:34] [146/324] PTPU
[06:31:35] [147/324] ACMG
[06:31:36] [148/324] SHMM
[06:31:37] [149/324] MCMN
[06:31:38] [150/324] GLDC
[06:31:40] [151/324] HOUT
[06:31:41] [152/324] SVRP
[06:31:42] [153/324] PVDN
[06:31:43] [154/324] SCPY
[06:31:44] [155/324] DTPY
[06:31:45] [156/324] GKCS
[06:31:46] [157/324] NCAM
[06:31:47] [158/324] BSRM
[06:31:48] [159/324] RCLC
[06:31:49] [160/324] SKKD
[06:31:50] [161/324] ACHU
[06:31:51] [162/324] RSCF
[06:31:52] [163/324] IMSH
[06:31:53] [164/324] MACX
[06:31:53] [165/324] HMMW
[06:31:55] [166/324] JTCP
[06:31:56] [167/324] SREN
[06:31:57] [168/324] PJRR
[06:31:58] [169/324] INAC
[06:31:58] [170/324] BMCA
[06:31:59] [171/324] SHCB
[06:32:00] [172/324] GABA
[06:32:01] [173/324] SBCT
[06:32:02] [174/324] GCMA
[06:32:03] [175/324] MYTK
[06:32:03] [176/324] INZS
[06:32:04] [177/324] RMIK
[06:32:05] [178/324] NYCH
[06:32:06] [179/324] RAVE
[06:32:07] [180/324] PSXM
[06:32:08] [181/324] MCGP
[06:32:09] [182/324] PDDK
[06:32:09] [183/324] SPCK
[06:32:10] [184/324] MCRL
[06:32:11] [185/324] MHKT
[06:32:12] [186/324] ANRR
[06:32:13] [187/324] SAPK
[06:32:14] [188/324] NCUK
[06:32:14] [189/324] JUGA
[06:32:15] [190/324] DBSC
[06:32:16] [191/324] LALK
[06:32:17] [192/324] GUCK
[06:32:18] [193/324] STSG
[06:32:19] [194/324] PPPZ
[06:32:19] [195/324] CNCY
[06:32:21] [196/324] MTAR
[06:32:23] [197/324] VNKD
[06:32:23] [198/324] KMAJ
[06:32:24] [199/324] ACXK
[06:32:25] [200/324] UTKC
[06:32:26] [201/324] PBLK
[06:32:27] [202/324] ACBX
[06:32:28] [203/324] PTGM
[06:32:29] [204/324] BTDA
[06:32:30] [205/324] PJMB
[06:32:31] [206/324] TPDA
[06:32:31] [207/324] AMOE
[06:32:32] [208/324] PRHT
[06:32:33] [209/324] PRTA
[06:32:34] [210/324] STAM
[06:32:35] [211/324] MSAA
[06:32:35] [212/324] SDLU
[06:32:36] [213/324] RCHH
[06:32:37] [214/324] KANT
[06:32:38] [215/324] FCRT
[06:32:39] [216/324] DNKM
[06:32:40] [217/324] RYCP
[06:32:41] [218/324] MYRP
[06:32:42] [219/324] PPAK
[06:32:43] [220/324] NVPK
[06:32:44] [221/324] PRMC
[06:32:44] [222/324] JBCS
[06:32:45] [223/324] GXCK
[06:32:46] [224/324] USKO
[06:32:47] [225/324] GTEM
[06:32:48] [226/324] SMBU
[06:32:49] [227/324] VETC
[06:32:49] [228/324] LCDA
[06:32:50] [229/324] MTVT
[06:32:51] [230/324] PYCP
[06:32:51] [231/324] PNSC
[06:32:52] [232/324] PPCC
[06:32:54] [233/324] TGRT
[06:32:55] [234/324] JYOT
[06:32:56] [235/324] SRCZ
[06:32:56] [236/324] SJTE
[06:32:57] [237/324] DESC
[06:32:58] [238/324] JHVN
[06:32:59] [239/324] IPSG
[06:33:00] [240/324] IPCM
[06:33:01] [241/324] PDRS
[06:33:02] [242/324] ANCV
[06:33:03] [243/324] CMVV
[06:33:04] [244/324] SHYP
[06:33:05] [245/324] DNCS
[06:33:06] [246/324] GAJK
[06:33:07] [247/324] AKTN
[06:33:08] [248/324] KAYA
[06:33:08] [249/324] SBRC
[06:33:09] [250/324] CHTP
[06:33:10] [251/324] SHRT
[06:33:11] [252/324] BCKU
[06:33:12] [253/324] FCPS
[06:33:12] [254/324] ARDD
[06:33:13] [255/324] CPCM
[06:33:14] [256/324] CGSM
[06:33:15] [257/324] PSMP
[06:33:16] [258/324] SDAL
[06:33:17] [259/324] RTNB
[06:33:18] [260/324] LMCR
[06:33:19] [261/324] CIMA
[06:33:20] [262/324] RNAS
[06:33:21] [263/324] LITH
[06:33:22] [264/324] PBOX
[06:33:23] [265/324] FRTS
[06:33:23] [266/324] RKIC
[06:33:24] [267/324] PTAI
[06:33:25] [268/324] GCIC
[06:33:26] [269/324] FNAS
[06:33:27] [270/324] SCAR
[06:33:28] [271/324] MTCA
[06:33:28] [272/324] SCTS
[06:33:29] [273/324] SYCS
[06:33:30] [274/324] RDMS
[06:33:31] [275/324] KAMP
[06:33:32] [276/324] ERSD
[06:33:33] [277/324] MJMJ
[06:33:33] [278/324] SRCJ
[06:33:34] [279/324] SCXE
[06:33:35] [280/324] SVFR
[06:33:36] [281/324] BHCS
[06:33:37] [282/324] IMCC
[06:33:37] [283/324] PCBO
[06:33:38] [284/324] PRVN
[06:33:40] [285/324] AUPM
[06:33:40] [286/324] INBW
[06:33:41] [287/324] SVCW
[06:33:42] [288/324] RKCF
[06:33:44] [289/324] UVBH
[06:33:44] [290/324] DNCY
[06:33:45] [291/324] ABCN
[06:33:46] [292/324] PRUR
[06:33:47] [293/324] PFMR
[06:33:48] [294/324] RKCN
[06:33:48] [295/324] CFEA
[06:33:49] [296/324] SDBG
[06:33:50] [297/324] SNAR
[06:33:51] [298/324] YISI
[06:33:51] [299/324] JCFF
[06:33:52] [300/324] VTRK
[06:33:53] [301/324] PCLZ
[06:33:54] [302/324] DIMY
[06:33:55] [303/324] BBTS
[06:33:55] [304/324] GATH
[06:33:56] [305/324] GTMN
[06:33:57] [306/324] VTMH
[06:33:58] [307/324] CCKP
[06:33:58] [308/324] GPKA
[06:33:59] [309/324] MHCL
[06:34:00] [310/324] ATCL
[06:34:01] [311/324] SBCK
[06:34:02] [312/324] AMMR
[06:34:02] [313/324] MADC
[06:34:03] [314/324] TMMA
[06:34:04] [315/324] CACC
[06:34:05] [316/324] CHAL
[06:34:05] [317/324] DURG
[06:34:06] [318/324] GMKU
[06:34:07] [319/324] GECA
[06:34:08] [320/324] KYRR
[06:34:09] [321/324] KSDE
[06:34:10] [322/324] LMCI
[06:34:10] [323/324] NKCP
[06:34:11] [324/324] BGTC
[06:34:13] ✅ DONE | Shows=181 | Movies=19
[08:25:32] 🚀 BMS DAILY TRACKER STARTED
[08:25:32] [1/324] GCTA
[08:25:32] 🧠 New identity
[08:25:33] [2/324] TOPN
[08:25:34] [3/324] MCUS
[08:25:35] [4/324] SHRL
[08:25:36] [5/324] UPTP
[08:25:37] [6/324] TMMP
[08:25:38] [7/324] DNRP
[08:25:39] [8/324] SRLT
[08:25:40] [9/324] RCNS
[08:25:41] [10/324] DCBH
[08:25:42] [11/324] NAGJ
[08:25:42] [12/324] JVRC
[08:25:43] [13/324] KRJG
[08:25:44] [14/324] SRTJ
[08:25:45] [15/324] CMXM
[08:25:46] [16/324] STMI
[08:25:47] [17/324] SLST
[08:25:48] [18/324] DTCN
[08:25:49] [19/324] STYN
[08:25:50] [20/324] SZVR
[08:25:51] [21/324] SRKO
[08:25:51] [22/324] JTGT
[08:25:52] [23/324] SVFD
[08:25:53] [24/324] SISD
[08:25:54] [25/324] ABDD
[08:25:55] [26/324] DRCA
[08:25:55] [27/324] AVCS
[08:25:56] [28/324] MVKH
[08:25:58] [29/324] ACPR
[08:25:59] [30/324] STIP
[08:26:00] [31/324] MTRA
[08:26:01] [32/324] RMKH
[08:26:02] [33/324] NKRL
[08:26:03] [34/324] PCWN
[08:26:04] [35/324] BLMT
[08:26:05] [36/324] GDPG
[08:26:06] [37/324] SRMX
[08:26:06] [38/324] JACP
[08:26:07] [39/324] CPSH
[08:26:08] [40/324] MCCD
[08:26:09] [41/324] ECGH
[08:26:09] [42/324] MKCK
[08:26:10] [43/324] SRMM
[08:26:11] [44/324] SKYR
[08:26:12] [45/324] PCKC
[08:26:12] [46/324] JCMA
[08:26:13] [47/324] BSMP
[08:26:14] [48/324] VSPA
[08:26:15] [49/324] DJYA
[08:26:16] [50/324] DIMP
[08:26:17] [51/324] FXDR
[08:26:17] [52/324] SSRC
[08:26:18] [53/324] STHP
[08:26:20] [54/324] CPPD
[08:26:21] [55/324] FCLK
[08:26:21] [56/324] SCPP
[08:26:23] [57/324] DCMJ
[08:26:24] [58/324] RCCR
[08:26:25] [59/324] INMT
[08:26:26] [60/324] LXTK
[08:26:26] [61/324] SRYK
[08:26:27] [62/324] SGDK
[08:26:28] [63/324] PPKA
[08:26:29] [64/324] SPKA
[08:26:30] [65/324] CGHH
[08:26:30] [66/324] DCJN
[08:26:31] [67/324] SRKV
[08:26:32] [68/324] SAJC
[08:26:33] [69/324] SUSR
[08:26:34] [70/324] STYG
[08:26:35] [71/324] NTKP
[08:26:36] [72/324] AKTG
[08:26:37] [73/324] CGCM
[08:26:38] [74/324] TULC
[08:26:38] [75/324] NYYZ
[08:26:39] [76/324] NYBW
[08:26:40] [77/324] MACB
[08:26:41] [78/324] SLVT
[08:26:42] [79/324] SANA
[08:26:42] [80/324] ACMR
[08:26:43] [81/324] CPKN
[08:26:44] [82/324] DLGK
[08:26:45] [83/324] CWCK
[08:26:46] [84/324] FDDH
[08:26:47] [85/324] MMMD
[08:26:47] [86/324] CMEH
[08:26:48] [87/324] GGGV
[08:26:49] [88/324] SPJL
[08:26:49] [89/324] RCCD
[08:26:50] [90/324] STTZ
[08:26:51] [91/324] BTCF
[08:26:52] [92/324] TSTZ
[08:26:52] [93/324] IPMM
[08:26:53] [94/324] PMPW
[08:26:54] [95/324] PCMZ
[08:26:55] [96/324] ESEM
[08:26:56] [97/324] PIPO
[08:26:56] [98/324] MATK
[08:26:57] [99/324] PGHM
[08:26:58] [100/324] CTSR
[08:26:59] [101/324] CYKR
[08:27:00] [102/324] MSCM
[08:27:01] [103/324] RFNP
[08:27:02] [104/324] PDCP
[08:27:03] [105/324] NPSE
[08:27:04] [106/324] MKML
[08:27:05] [107/324] FTDP
[08:27:06] [108/324] MMXA
[08:27:07] [109/324] CEPO
[08:27:09] [110/324] CMVP
[08:27:10] [111/324] SGTH
[08:27:11] [112/324] SAYN
[08:27:11] [113/324] URVS
[08:27:12] [114/324] VJTN
[08:27:13] [115/324] BBYK
[08:27:14] [116/324] SHBO
[08:27:16] [117/324] VCMR
[08:27:16] [118/324] MACT
[08:27:17] [119/324] JMNP
[08:27:18] [120/324] VICS
[08:27:19] [121/324] VCDA
[08:27:19] [122/324] GCMM
[08:27:21] [123/324] INVS
[08:27:22] [124/324] SCGM
[08:27:24] [125/324] PCDA
[08:27:25] [126/324] KDCT
[08:27:26] [127/324] JACS
[08:27:26] [128/324] GMMC
[08:27:27] [129/324] AICM
[08:27:28] [130/324] TJCM
[08:27:29] [131/324] RMTI
[08:27:29] [132/324] SHAC
[08:27:31] [133/324] APJC
[08:27:32] [134/324] GCTG
[08:27:32] [135/324] SSMC
[08:27:33] [136/324] THRM
[08:27:34] [137/324] RBCT
[08:27:35] [138/324] DIKT
[08:27:36] [139/324] MIDL
[08:27:36] [140/324] VCSN
[08:27:37] [141/324] SKTG
[08:27:38] [142/324] SMWC
[08:27:39] [143/324] MNKH
[08:27:41] [144/324] PIAT
[08:27:41] [145/324] LTTP
[08:27:42] [146/324] PTPU
[08:27:43] [147/324] ACMG
[08:27:45] [148/324] SHMM
[08:27:46] [149/324] MCMN
[08:27:46] [150/324] GLDC
[08:27:47] [151/324] HOUT
[08:27:48] [152/324] SVRP
[08:27:49] [153/324] PVDN
[08:27:50] [154/324] SCPY
[08:27:51] [155/324] DTPY
[08:27:52] [156/324] GKCS
[08:27:53] [157/324] NCAM
[08:27:53] [158/324] BSRM
[08:27:54] [159/324] RCLC
[08:27:55] [160/324] SKKD
[08:27:56] [161/324] ACHU
[08:27:56] [162/324] RSCF
[08:27:57] [163/324] IMSH
[08:27:58] [164/324] MACX
[08:27:59] [165/324] HMMW
[08:28:00] [166/324] JTCP
[08:28:01] [167/324] SREN
[08:28:02] [168/324] PJRR
[08:28:03] [169/324] INAC
[08:28:03] [170/324] BMCA
[08:28:04] [171/324] SHCB
[08:28:05] [172/324] GABA
[08:28:06] [173/324] SBCT
[08:28:07] [174/324] GCMA
[08:28:08] [175/324] MYTK
[08:28:09] [176/324] INZS
[08:28:09] [177/324] RMIK
[08:28:10] [178/324] NYCH
[08:28:11] [179/324] RAVE
[08:28:12] [180/324] PSXM
[08:28:13] [181/324] MCGP
[08:28:14] [182/324] PDDK
[08:28:14] [183/324] SPCK
[08:28:15] [184/324] MCRL
[08:28:16] [185/324] MHKT
[08:28:17] [186/324] ANRR
[08:28:18] [187/324] SAPK
[08:28:19] [188/324] NCUK
[08:28:20] [189/324] JUGA
[08:28:20] [190/324] DBSC
[08:28:21] [191/324] LALK
[08:28:22] [192/324] GUCK
[08:28:23] [193/324] STSG
[08:28:24] [194/324] PPPZ
[08:28:25] [195/324] CNCY
[08:28:26] [196/324] MTAR
[08:28:28] [197/324] VNKD
[08:28:29] [198/324] KMAJ
[08:28:29] [199/324] ACXK
[08:28:30] [200/324] UTKC
[08:28:31] [201/324] PBLK
[08:28:32] [202/324] ACBX
[08:28:32] [203/324] PTGM
[08:28:33] [204/324] BTDA
[08:28:34] [205/324] PJMB
[08:28:35] [206/324] TPDA
[08:28:36] [207/324] AMOE
[08:28:37] [208/324] PRHT
[08:28:38] [209/324] PRTA
[08:28:39] [210/324] STAM
[08:28:40] [211/324] MSAA
[08:28:40] [212/324] SDLU
[08:28:42] [213/324] RCHH
[08:28:42] [214/324] KANT
[08:28:43] [215/324] FCRT
[08:28:44] [216/324] DNKM
[08:28:45] [217/324] RYCP
[08:28:46] [218/324] MYRP
[08:28:47] [219/324] PPAK
[08:28:48] [220/324] NVPK
[08:28:49] [221/324] PRMC
[08:28:49] [222/324] JBCS
[08:28:51] [223/324] GXCK
[08:28:52] [224/324] USKO
[08:28:53] [225/324] GTEM
[08:28:54] [226/324] SMBU
[08:28:55] [227/324] VETC
[08:28:57] [228/324] LCDA
[08:28:59] [229/324] MTVT
[08:28:59] [230/324] PYCP
[08:29:00] [231/324] PNSC
[08:29:02] [232/324] PPCC
[08:29:03] [233/324] TGRT
[08:29:04] [234/324] JYOT
[08:29:04] [235/324] SRCZ
[08:29:05] [236/324] SJTE
[08:29:06] [237/324] DESC
[08:29:07] [238/324] JHVN
[08:29:08] [239/324] IPSG
[08:29:09] [240/324] IPCM
[08:29:10] [241/324] PDRS
[08:29:11] [242/324] ANCV
[08:29:11] [243/324] CMVV
[08:29:12] [244/324] SHYP
[08:29:14] [245/324] DNCS
[08:29:14] [246/324] GAJK
[08:29:15] [247/324] AKTN
[08:29:16] [248/324] KAYA
[08:29:17] [249/324] SBRC
[08:29:18] [250/324] CHTP
[08:29:19] [251/324] SHRT
[08:29:20] [252/324] BCKU
[08:29:21] [253/324] FCPS
[08:29:22] [254/324] ARDD
[08:29:23] [255/324] CPCM
[08:29:23] [256/324] CGSM
[08:29:24] [257/324] PSMP
[08:29:25] [258/324] SDAL
[08:29:26] [259/324] RTNB
[08:29:27] [260/324] LMCR
[08:29:27] [261/324] CIMA
[08:29:29] [262/324] RNAS
[08:29:30] [263/324] LITH
[08:29:31] [264/324] PBOX
[08:29:31] [265/324] FRTS
[08:29:32] [266/324] RKIC
[08:29:33] [267/324] PTAI
[08:29:35] [268/324] GCIC
[08:29:36] [269/324] FNAS
[08:29:37] [270/324] SCAR
[08:29:38] [271/324] MTCA
[08:29:38] [272/324] SCTS
[08:29:39] [273/324] SYCS
[08:29:40] [274/324] RDMS
[08:29:41] [275/324] KAMP
[08:29:41] [276/324] ERSD
[08:29:42] [277/324] MJMJ
[08:29:44] [278/324] SRCJ
[08:29:45] [279/324] SCXE
[08:29:45] [280/324] SVFR
[08:29:47] [281/324] BHCS
[08:29:49] [282/324] IMCC
[08:29:50] [283/324] PCBO
[08:29:51] [284/324] PRVN
[08:29:52] [285/324] AUPM
[08:29:52] [286/324] INBW
[08:29:53] [287/324] SVCW
[08:29:54] [288/324] RKCF
[08:29:55] [289/324] UVBH
[08:29:55] [290/324] DNCY
[08:29:56] [291/324] ABCN
[08:29:57] [292/324] PRUR
[08:29:58] [293/324] PFMR
[08:29:59] [294/324] RKCN
[08:29:59] [295/324] CFEA
[08:30:00] [296/324] SDBG
[08:30:01] [297/324] SNAR
[08:30:02] [298/324] YISI
[08:30:03] [299/324] JCFF
[08:30:04] [300/324] VTRK
[08:30:05] [301/324] PCLZ
[08:30:05] [302/324] DIMY
[08:30:07] [303/324] BBTS
[08:30:08] [304/324] GATH
[08:30:08] [305/324] GTMN
[08:30:09] [306/324] VTMH
[08:30:10] [307/324] CCKP
[08:30:11] [308/324] GPKA
[08:30:12] [309/324] MHCL
[08:30:14] [310/324] ATCL
[08:30:15] [311/324] SBCK
[08:30:16] [312/324] AMMR
[08:30:17] [313/324] MADC
[08:30:18] [314/324] TMMA
[08:30:19] [315/324] CACC
[08:30:20] [316/324] CHAL
[08:30:20] [317/324] DURG
[08:30:21] [318/324] GMKU
[08:30:22] [319/324] GECA
[08:30:23] [320/324] KYRR
[08:30:24] [321/324] KSDE
[08:30:25] [322/324] LMCI
[08:30:26] [323/324] NKCP
[08:30:27] [324/324] BGTC
[08:30:27] ✅ DONE | Shows=590 | Movies=47
[09:27:03] 🚀 BMS DAILY TRACKER STARTED
[09:27:03] [1/324] GCTA
[09:27:03] 🧠 New identity
[09:27:05] [2/324] TOPN
[09:27:06] [3/324] MCUS
[09:27:07] [4/324] SHRL
[09:27:08] [5/324] UPTP
[09:27:08] [6/324] TMMP
[09:27:09] [7/324] DNRP
[09:27:10] [8/324] SRLT
[09:27:11] [9/324] RCNS
[09:27:12] [10/324] DCBH
[09:27:12] [11/324] NAGJ
[09:27:13] [12/324] JVRC
[09:27:14] [13/324] KRJG
[09:27:15] [14/324] SRTJ
[09:27:16] [15/324] CMXM
[09:27:17] [16/324] STMI
[09:27:18] [17/324] SLST
[09:27:19] [18/324] DTCN
[09:27:20] [19/324] STYN
[09:27:21] [20/324] SZVR
[09:27:22] [21/324] SRKO
[09:27:24] [22/324] JTGT
[09:27:25] [23/324] SVFD
[09:27:25] [24/324] SISD
[09:27:26] [25/324] ABDD
[09:27:27] [26/324] DRCA
[09:27:28] [27/324] AVCS
[09:27:28] [28/324] MVKH
[09:27:29] [29/324] ACPR
[09:27:30] [30/324] STIP
[09:27:31] [31/324] MTRA
[09:27:32] [32/324] RMKH
[09:27:33] [33/324] NKRL
[09:27:34] [34/324] PCWN
[09:27:34] [35/324] BLMT
[09:27:35] [36/324] GDPG
[09:27:37] [37/324] SRMX
[09:27:38] [38/324] JACP
[09:27:39] [39/324] CPSH
[09:27:39] [40/324] MCCD
[09:27:40] [41/324] ECGH
[09:27:41] [42/324] MKCK
[09:27:42] [43/324] SRMM
[09:27:42] [44/324] SKYR
[09:27:43] [45/324] PCKC
[09:27:44] [46/324] JCMA
[09:27:45] [47/324] BSMP
[09:27:46] [48/324] VSPA
[09:27:46] [49/324] DJYA
[09:27:47] [50/324] DIMP
[09:27:48] [51/324] FXDR
[09:27:49] [52/324] SSRC
[09:27:50] [53/324] STHP
[09:27:51] [54/324] CPPD
[09:27:52] [55/324] FCLK
[09:27:52] [56/324] SCPP
[09:27:54] [57/324] DCMJ
[09:27:55] [58/324] RCCR
[09:27:55] [59/324] INMT
[09:27:56] [60/324] LXTK
[09:27:57] [61/324] SRYK
[09:27:58] [62/324] SGDK
[09:27:59] [63/324] PPKA
[09:28:00] [64/324] SPKA
[09:28:01] [65/324] CGHH
[09:28:01] [66/324] DCJN
[09:28:02] [67/324] SRKV
[09:28:03] [68/324] SAJC
[09:28:04] [69/324] SUSR
[09:28:05] [70/324] STYG
[09:28:06] [71/324] NTKP
[09:28:07] [72/324] AKTG
[09:28:08] [73/324] CGCM
[09:28:09] [74/324] TULC
[09:28:10] [75/324] NYYZ
[09:28:11] [76/324] NYBW
[09:28:11] [77/324] MACB
[09:28:12] [78/324] SLVT
[09:28:14] [79/324] SANA
[09:28:15] [80/324] ACMR
[09:28:16] [81/324] CPKN
[09:28:17] [82/324] DLGK
[09:28:18] [83/324] CWCK
[09:28:19] [84/324] FDDH
[09:28:20] [85/324] MMMD
[09:28:21] [86/324] CMEH
[09:28:22] [87/324] GGGV
[09:28:23] [88/324] SPJL
[09:28:24] [89/324] RCCD
[09:28:25] [90/324] STTZ
[09:28:25] [91/324] BTCF
[09:28:26] [92/324] TSTZ
[09:28:27] [93/324] IPMM
[09:28:28] [94/324] PMPW
[09:28:29] [95/324] PCMZ
[09:28:30] [96/324] ESEM
[09:28:30] [97/324] PIPO
[09:28:32] [98/324] MATK
[09:28:33] [99/324] PGHM
[09:28:33] [100/324] CTSR
[09:28:34] [101/324] CYKR
[09:28:35] [102/324] MSCM
[09:28:36] [103/324] RFNP
[09:28:37] [104/324] PDCP
[09:28:38] [105/324] NPSE
[09:28:39] [106/324] MKML
[09:28:40] [107/324] FTDP
[09:28:41] [108/324] MMXA
[09:28:42] [109/324] CEPO
[09:28:43] [110/324] CMVP
[09:28:43] [111/324] SGTH
[09:28:44] [112/324] SAYN
[09:28:45] [113/324] URVS
[09:28:47] [114/324] VJTN
[09:28:48] [115/324] BBYK
[09:28:49] [116/324] SHBO
[09:28:50] [117/324] VCMR
[09:28:51] [118/324] MACT
[09:28:52] [119/324] JMNP
[09:28:53] [120/324] VICS
[09:28:53] [121/324] VCDA
[09:28:54] [122/324] GCMM
[09:28:55] [123/324] INVS
[09:28:56] [124/324] SCGM
[09:28:57] [125/324] PCDA
[09:28:58] [126/324] KDCT
[09:28:59] [127/324] JACS
[09:28:59] [128/324] GMMC
[09:29:00] [129/324] AICM
[09:29:01] [130/324] TJCM
[09:29:02] [131/324] RMTI
[09:29:02] [132/324] SHAC
[09:29:03] [133/324] APJC
[09:29:04] [134/324] GCTG
[09:29:05] [135/324] SSMC
[09:29:05] [136/324] THRM
[09:29:06] [137/324] RBCT
[09:29:07] [138/324] DIKT
[09:29:08] [139/324] MIDL
[09:29:09] [140/324] VCSN
[09:29:09] [141/324] SKTG
[09:29:10] [142/324] SMWC
[09:29:11] [143/324] MNKH
[09:29:12] [144/324] PIAT
[09:29:13] [145/324] LTTP
[09:29:13] [146/324] PTPU
[09:29:14] [147/324] ACMG
[09:29:15] [148/324] SHMM
[09:29:16] [149/324] MCMN
[09:29:16] [150/324] GLDC
[09:29:17] [151/324] HOUT
[09:29:18] [152/324] SVRP
[09:29:19] [153/324] PVDN
[09:29:20] [154/324] SCPY
[09:29:20] [155/324] DTPY
[09:29:21] [156/324] GKCS
[09:29:22] [157/324] NCAM
[09:29:23] [158/324] BSRM
[09:29:24] [159/324] RCLC
[09:29:25] [160/324] SKKD
[09:29:26] [161/324] ACHU
[09:29:27] [162/324] RSCF
[09:29:28] [163/324] IMSH
[09:29:28] [164/324] MACX
[09:29:29] [165/324] HMMW
[09:29:30] [166/324] JTCP
[09:29:31] [167/324] SREN
[09:29:32] [168/324] PJRR
[09:29:32] [169/324] INAC
[09:29:33] [170/324] BMCA
[09:29:34] [171/324] SHCB
[09:29:35] [172/324] GABA
[09:29:36] [173/324] SBCT
[09:29:36] [174/324] GCMA
[09:29:37] [175/324] MYTK
[09:29:38] [176/324] INZS
[09:29:39] [177/324] RMIK
[09:29:40] [178/324] NYCH
[09:29:41] [179/324] RAVE
[09:29:42] [180/324] PSXM
[09:29:42] [181/324] MCGP
[09:29:43] [182/324] PDDK
[09:29:45] [183/324] SPCK
[09:29:45] [184/324] MCRL
[09:29:46] [185/324] MHKT
[09:29:47] [186/324] ANRR
[09:29:48] [187/324] SAPK
[09:29:49] [188/324] NCUK
[09:29:50] [189/324] JUGA
[09:29:51] [190/324] DBSC
[09:29:51] [191/324] LALK
[09:29:53] [192/324] GUCK
[09:29:54] [193/324] STSG
[09:29:55] [194/324] PPPZ
[09:29:55] [195/324] CNCY
[09:29:56] [196/324] MTAR
[09:29:57] [197/324] VNKD
[09:29:58] [198/324] KMAJ
[09:29:59] [199/324] ACXK
[09:30:00] [200/324] UTKC
[09:30:01] [201/324] PBLK
[09:30:01] [202/324] ACBX
[09:30:02] [203/324] PTGM
[09:30:03] [204/324] BTDA
[09:30:04] [205/324] PJMB
[09:30:05] [206/324] TPDA
[09:30:06] [207/324] AMOE
[09:30:08] [208/324] PRHT
[09:30:08] [209/324] PRTA
[09:30:09] [210/324] STAM
[09:30:10] [211/324] MSAA
[09:30:11] [212/324] SDLU
[09:30:12] [213/324] RCHH
[09:30:13] [214/324] KANT
[09:30:13] [215/324] FCRT
[09:30:14] [216/324] DNKM
[09:30:15] [217/324] RYCP
[09:30:16] [218/324] MYRP
[09:30:16] [219/324] PPAK
[09:30:17] [220/324] NVPK
[09:30:18] [221/324] PRMC
[09:30:19] [222/324] JBCS
[09:30:19] [223/324] GXCK
[09:30:20] [224/324] USKO
[09:30:21] [225/324] GTEM
[09:30:22] [226/324] SMBU
[09:30:23] [227/324] VETC
[09:30:24] [228/324] LCDA
[09:30:24] [229/324] MTVT
[09:30:25] [230/324] PYCP
[09:30:26] [231/324] PNSC
[09:30:26] [232/324] PPCC
[09:30:27] [233/324] TGRT
[09:30:28] [234/324] JYOT
[09:30:29] [235/324] SRCZ
[09:30:31] [236/324] SJTE
[09:30:31] [237/324] DESC
[09:30:32] [238/324] JHVN
[09:30:33] [239/324] IPSG
[09:30:34] [240/324] IPCM
[09:30:35] [241/324] PDRS
[09:30:36] [242/324] ANCV
[09:30:37] [243/324] CMVV
[09:30:38] [244/324] SHYP
[09:30:38] [245/324] DNCS
[09:30:39] [246/324] GAJK
[09:30:41] [247/324] AKTN
[09:30:42] [248/324] KAYA
[09:30:42] [249/324] SBRC
[09:30:43] [250/324] CHTP
[09:30:44] [251/324] SHRT
[09:30:45] [252/324] BCKU
[09:30:46] [253/324] FCPS
[09:30:47] [254/324] ARDD
[09:30:48] [255/324] CPCM
[09:30:49] [256/324] CGSM
[09:30:51] [257/324] PSMP
[09:30:51] [258/324] SDAL
[09:30:52] [259/324] RTNB
[09:30:54] [260/324] LMCR
[09:30:55] [261/324] CIMA
[09:30:56] [262/324] RNAS
[09:30:56] [263/324] LITH
[09:30:57] [264/324] PBOX
[09:30:58] [265/324] FRTS
[09:30:59] [266/324] RKIC
[09:31:00] [267/324] PTAI
[09:31:01] [268/324] GCIC
[09:31:02] [269/324] FNAS
[09:31:03] [270/324] SCAR
[09:31:04] [271/324] MTCA
[09:31:05] [272/324] SCTS
[09:31:06] [273/324] SYCS
[09:31:07] [274/324] RDMS
[09:31:08] [275/324] KAMP
[09:31:08] [276/324] ERSD
[09:31:09] [277/324] MJMJ
[09:31:11] [278/324] SRCJ
[09:31:12] [279/324] SCXE
[09:31:12] [280/324] SVFR
[09:31:13] [281/324] BHCS
[09:31:14] [282/324] IMCC
[09:31:15] [283/324] PCBO
[09:31:16] [284/324] PRVN
[09:31:16] [285/324] AUPM
[09:31:17] [286/324] INBW
[09:31:18] [287/324] SVCW
[09:31:19] [288/324] RKCF
[09:31:20] [289/324] UVBH
[09:31:21] [290/324] DNCY
[09:31:22] [291/324] ABCN
[09:31:22] [292/324] PRUR
[09:31:23] [293/324] PFMR
[09:31:24] [294/324] RKCN
[09:31:26] [295/324] CFEA
[09:31:27] [296/324] SDBG
[09:31:28] [297/324] SNAR
[09:31:29] [298/324] YISI
[09:31:29] [299/324] JCFF
[09:31:30] [300/324] VTRK
[09:31:31] [301/324] PCLZ
[09:31:32] [302/324] DIMY
[09:31:32] [303/324] BBTS
[09:31:33] [304/324] GATH
[09:31:34] [305/324] GTMN
[09:31:35] [306/324] VTMH
[09:31:36] [307/324] CCKP
[09:31:37] [308/324] GPKA
[09:31:37] [309/324] MHCL
[09:31:38] [310/324] ATCL
[09:31:39] [311/324] SBCK
[09:31:40] [312/324] AMMR
[09:31:40] [313/324] MADC
[09:31:41] [314/324] TMMA
[09:31:42] [315/324] CACC
[09:31:43] [316/324] CHAL
[09:31:44] [317/324] DURG
[09:31:45] [318/324] GMKU
[09:31:45] [319/324] GECA
[09:31:47] [320/324] KYRR
[09:31:48] [321/324] KSDE
[09:31:49] [322/324] LMCI
[09:31:49] [323/324] NKCP
[09:31:50] [324/324] BGTC
[09:31:51] ✅ DONE | Shows=734 | Movies=55
[10:03:50] 🚀 BMS DAILY TRACKER STARTED
[10:03:50] [1/324] GCTA
[10:03:50] 🧠 New identity
[10:03:51] [2/324] TOPN
[10:03:52] [3/324] MCUS
[10:03:53] [4/324] SHRL
[10:03:54] [5/324] UPTP
[10:03:55] [6/324] TMMP
[10:03:56] [7/324] DNRP
[10:03:57] [8/324] SRLT
[10:03:57] [9/324] RCNS
[10:03:58] [10/324] DCBH
[10:03:59] [11/324] NAGJ
[10:04:00] [12/324] JVRC
[10:04:01] [13/324] KRJG
[10:04:03] [14/324] SRTJ
[10:04:03] [15/324] CMXM
[10:04:04] [16/324] STMI
[10:04:05] [17/324] SLST
[10:04:06] [18/324] DTCN
[10:04:07] [19/324] STYN
[10:04:08] [20/324] SZVR
[10:04:09] [21/324] SRKO
[10:04:10] [22/324] JTGT
[10:04:10] [23/324] SVFD
[10:04:11] [24/324] SISD
[10:04:12] [25/324] ABDD
[10:04:13] [26/324] DRCA
[10:04:14] [27/324] AVCS
[10:04:15] [28/324] MVKH
[10:04:15] [29/324] ACPR
[10:04:17] [30/324] STIP
[10:04:17] [31/324] MTRA
[10:04:18] [32/324] RMKH
[10:04:19] [33/324] NKRL
[10:04:20] [34/324] PCWN
[10:04:21] [35/324] BLMT
[10:04:22] [36/324] GDPG
[10:04:23] [37/324] SRMX
[10:04:23] [38/324] JACP
[10:04:24] [39/324] CPSH
[10:04:25] [40/324] MCCD
[10:04:26] [41/324] ECGH
[10:04:27] [42/324] MKCK
[10:04:27] [43/324] SRMM
[10:04:28] [44/324] SKYR
[10:04:29] [45/324] PCKC
[10:04:30] [46/324] JCMA
[10:04:31] [47/324] BSMP
[10:04:31] [48/324] VSPA
[10:04:32] [49/324] DJYA
[10:04:33] [50/324] DIMP
[10:04:34] [51/324] FXDR
[10:04:35] [52/324] SSRC
[10:04:36] [53/324] STHP
[10:04:38] [54/324] CPPD
[10:04:39] [55/324] FCLK
[10:04:40] [56/324] SCPP
[10:04:41] [57/324] DCMJ
[10:04:41] [58/324] RCCR
[10:04:42] [59/324] INMT
[10:04:43] [60/324] LXTK
[10:04:44] [61/324] SRYK
[10:04:44] [62/324] SGDK
[10:04:45] [63/324] PPKA
[10:04:46] [64/324] SPKA
[10:04:47] [65/324] CGHH
[10:04:48] [66/324] DCJN
[10:04:49] [67/324] SRKV
[10:04:50] [68/324] SAJC
[10:04:50] [69/324] SUSR
[10:04:51] [70/324] STYG
[10:04:52] [71/324] NTKP
[10:04:53] [72/324] AKTG
[10:04:53] [73/324] CGCM
[10:04:54] [74/324] TULC
[10:04:55] [75/324] NYYZ
[10:04:56] [76/324] NYBW
[10:04:56] [77/324] MACB
[10:04:57] [78/324] SLVT
[10:04:58] [79/324] SANA
[10:04:59] [80/324] ACMR
[10:05:00] [81/324] CPKN
[10:05:01] [82/324] DLGK
[10:05:02] [83/324] CWCK
[10:05:02] [84/324] FDDH
[10:05:03] [85/324] MMMD
[10:05:04] [86/324] CMEH
[10:05:05] [87/324] GGGV
[10:05:05] [88/324] SPJL
[10:05:06] [89/324] RCCD
[10:05:08] [90/324] STTZ
[10:05:08] [91/324] BTCF
[10:05:09] [92/324] TSTZ
[10:05:10] [93/324] IPMM
[10:05:11] [94/324] PMPW
[10:05:12] [95/324] PCMZ
[10:05:12] [96/324] ESEM
[10:05:13] [97/324] PIPO
[10:05:14] [98/324] MATK
[10:05:15] [99/324] PGHM
[10:05:16] [100/324] CTSR
[10:05:16] [101/324] CYKR
[10:05:17] [102/324] MSCM
[10:05:18] [103/324] RFNP
[10:05:19] [104/324] PDCP
[10:05:20] [105/324] NPSE
[10:05:20] [106/324] MKML
[10:05:21] [107/324] FTDP
[10:05:22] [108/324] MMXA
[10:05:23] [109/324] CEPO
[10:05:24] [110/324] CMVP
[10:05:25] [111/324] SGTH
[10:05:26] [112/324] SAYN
[10:05:26] [113/324] URVS
[10:05:27] [114/324] VJTN
[10:05:28] [115/324] BBYK
[10:05:29] [116/324] SHBO
[10:05:30] [117/324] VCMR
[10:05:30] [118/324] MACT
[10:05:31] [119/324] JMNP
[10:05:32] [120/324] VICS
[10:05:33] [121/324] VCDA
[10:05:33] [122/324] GCMM
[10:05:34] [123/324] INVS
[10:05:35] [124/324] SCGM
[10:05:36] [125/324] PCDA
[10:05:37] [126/324] KDCT
[10:05:38] [127/324] JACS
[10:05:39] [128/324] GMMC
[10:05:39] [129/324] AICM
[10:05:41] [130/324] TJCM
[10:05:42] [131/324] RMTI
[10:05:43] [132/324] SHAC
[10:05:44] [133/324] APJC
[10:05:45] [134/324] GCTG
[10:05:46] [135/324] SSMC
[10:05:47] [136/324] THRM
[10:05:47] [137/324] RBCT
[10:05:48] [138/324] DIKT
[10:05:49] [139/324] MIDL
[10:05:50] [140/324] VCSN
[10:05:50] [141/324] SKTG
[10:05:51] [142/324] SMWC
[10:05:52] [143/324] MNKH
[10:05:53] [144/324] PIAT
[10:05:54] [145/324] LTTP
[10:05:55] [146/324] PTPU
[10:05:56] [147/324] ACMG
[10:05:57] [148/324] SHMM
[10:05:58] [149/324] MCMN
[10:06:00] [150/324] GLDC
[10:06:00] [151/324] HOUT
[10:06:01] [152/324] SVRP
[10:06:02] [153/324] PVDN
[10:06:03] [154/324] SCPY
[10:06:04] [155/324] DTPY
[10:06:05] [156/324] GKCS
[10:06:05] [157/324] NCAM
[10:06:06] [158/324] BSRM
[10:06:07] [159/324] RCLC
[10:06:08] [160/324] SKKD
[10:06:09] [161/324] ACHU
[10:06:10] [162/324] RSCF
[10:06:10] [163/324] IMSH
[10:06:11] [164/324] MACX
[10:06:12] [165/324] HMMW
[10:06:13] [166/324] JTCP
[10:06:14] [167/324] SREN
[10:06:15] [168/324] PJRR
[10:06:16] [169/324] INAC
[10:06:17] [170/324] BMCA
[10:06:18] [171/324] SHCB
[10:06:19] [172/324] GABA
[10:06:20] [173/324] SBCT
[10:06:20] [174/324] GCMA
[10:06:21] [175/324] MYTK
[10:06:22] [176/324] INZS
[10:06:23] [177/324] RMIK
[10:06:25] [178/324] NYCH
[10:06:26] [179/324] RAVE
[10:06:27] [180/324] PSXM
[10:06:27] [181/324] MCGP
[10:06:28] [182/324] PDDK
[10:06:29] [183/324] SPCK
[10:06:30] [184/324] MCRL
[10:06:31] [185/324] MHKT
[10:06:32] [186/324] ANRR
[10:06:32] [187/324] SAPK
[10:06:33] [188/324] NCUK
[10:06:34] [189/324] JUGA
[10:06:35] [190/324] DBSC
[10:06:36] [191/324] LALK
[10:06:37] [192/324] GUCK
[10:06:37] [193/324] STSG
[10:06:38] [194/324] PPPZ
[10:06:39] [195/324] CNCY
[10:06:39] [196/324] MTAR
[10:06:40] [197/324] VNKD
[10:06:41] [198/324] KMAJ
[10:06:42] [199/324] ACXK
[10:06:43] [200/324] UTKC
[10:06:44] [201/324] PBLK
[10:06:44] [202/324] ACBX
[10:06:45] [203/324] PTGM
[10:06:46] [204/324] BTDA
[10:06:47] [205/324] PJMB
[10:06:48] [206/324] TPDA
[10:06:49] [207/324] AMOE
[10:06:50] [208/324] PRHT
[10:06:51] [209/324] PRTA
[10:06:52] [210/324] STAM
[10:06:53] [211/324] MSAA
[10:06:54] [212/324] SDLU
[10:06:54] [213/324] RCHH
[10:06:55] [214/324] KANT
[10:06:56] [215/324] FCRT
[10:06:57] [216/324] DNKM
[10:06:58] [217/324] RYCP
[10:06:59] [218/324] MYRP
[10:07:00] [219/324] PPAK
[10:07:01] [220/324] NVPK
[10:07:02] [221/324] PRMC
[10:07:03] [222/324] JBCS
[10:07:04] [223/324] GXCK
[10:07:05] [224/324] USKO
[10:07:06] [225/324] GTEM
[10:07:07] [226/324] SMBU
[10:07:08] [227/324] VETC
[10:07:09] [228/324] LCDA
[10:07:09] [229/324] MTVT
[10:07:10] [230/324] PYCP
[10:07:11] [231/324] PNSC
[10:07:12] [232/324] PPCC
[10:07:13] [233/324] TGRT
[10:07:14] [234/324] JYOT
[10:07:15] [235/324] SRCZ
[10:07:16] [236/324] SJTE
[10:07:17] [237/324] DESC
[10:07:17] [238/324] JHVN
[10:07:18] [239/324] IPSG
[10:07:19] [240/324] IPCM
[10:07:20] [241/324] PDRS
[10:07:22] [242/324] ANCV
[10:07:22] [243/324] CMVV
[10:07:23] [244/324] SHYP
[10:07:24] [245/324] DNCS
[10:07:25] [246/324] GAJK
[10:07:26] [247/324] AKTN
[10:07:27] [248/324] KAYA
[10:07:28] [249/324] SBRC
[10:07:29] [250/324] CHTP
[10:07:30] [251/324] SHRT
[10:07:31] [252/324] BCKU
[10:07:32] [253/324] FCPS
[10:07:33] [254/324] ARDD
[10:07:34] [255/324] CPCM
[10:07:35] [256/324] CGSM
[10:07:36] [257/324] PSMP
[10:07:37] [258/324] SDAL
[10:07:37] [259/324] RTNB
[10:07:38] [260/324] LMCR
[10:07:39] [261/324] CIMA
[10:07:39] [262/324] RNAS
[10:07:40] [263/324] LITH
[10:07:41] [264/324] PBOX
[10:07:42] [265/324] FRTS
[10:07:43] [266/324] RKIC
[10:07:44] [267/324] PTAI
[10:07:44] [268/324] GCIC
[10:07:46] [269/324] FNAS
[10:07:46] [270/324] SCAR
[10:07:47] [271/324] MTCA
[10:07:48] [272/324] SCTS
[10:07:49] [273/324] SYCS
[10:07:50] [274/324] RDMS
[10:07:51] [275/324] KAMP
[10:07:52] [276/324] ERSD
[10:07:53] [277/324] MJMJ
[10:07:54] [278/324] SRCJ
[10:07:54] [279/324] SCXE
[10:07:55] [280/324] SVFR
[10:07:56] [281/324] BHCS
[10:07:57] [282/324] IMCC
[10:07:57] [283/324] PCBO
[10:07:59] [284/324] PRVN
[10:08:00] [285/324] AUPM
[10:08:01] [286/324] INBW
[10:08:02] [287/324] SVCW
[10:08:03] [288/324] RKCF
[10:08:04] [289/324] UVBH
[10:08:05] [290/324] DNCY
[10:08:06] [291/324] ABCN
[10:08:07] [292/324] PRUR
[10:08:08] [293/324] PFMR
[10:08:08] [294/324] RKCN
[10:08:09] [295/324] CFEA
[10:08:10] [296/324] SDBG
[10:08:11] [297/324] SNAR
[10:08:12] [298/324] YISI
[10:08:13] [299/324] JCFF
[10:08:13] [300/324] VTRK
[10:08:14] [301/324] PCLZ
[10:08:15] [302/324] DIMY
[10:08:16] [303/324] BBTS
[10:08:17] [304/324] GATH
[10:08:17] [305/324] GTMN
[10:08:18] [306/324] VTMH
[10:08:19] [307/324] CCKP
[10:08:19] [308/324] GPKA
[10:08:21] [309/324] MHCL
[10:08:22] [310/324] ATCL
[10:08:22] [311/324] SBCK
[10:08:23] [312/324] AMMR
[10:08:24] [313/324] MADC
[10:08:25] [314/324] TMMA
[10:08:25] [315/324] CACC
[10:08:26] [316/324] CHAL
[10:08:27] [317/324] DURG
[10:08:28] [318/324] GMKU
[10:08:29] [319/324] GECA
[10:08:30] [320/324] KYRR
[10:08:30] [321/324] KSDE
[10:08:31] [322/324] LMCI
[10:08:32] [323/324] NKCP
[10:08:33] [324/324] BGTC
[10:08:34] ✅ DONE | Shows=835 | Movies=61
[10:47:20] 🚀 BMS DAILY TRACKER STARTED
[10:47:20] [1/324] GCTA
[10:47:20] 🧠 New identity
[10:47:21] [2/324] TOPN
[10:47:22] [3/324] MCUS
[10:47:23] [4/324] SHRL
[10:47:23] [5/324] UPTP
[10:47:24] [6/324] TMMP
[10:47:25] [7/324] DNRP
[10:47:26] [8/324] SRLT
[10:47:28] [9/324] RCNS
[10:47:29] [10/324] DCBH
[10:47:29] [11/324] NAGJ
[10:47:31] [12/324] JVRC
[10:47:32] [13/324] KRJG
[10:47:32] [14/324] SRTJ
[10:47:33] [15/324] CMXM
[10:47:34] [16/324] STMI
[10:47:35] [17/324] SLST
[10:47:36] [18/324] DTCN
[10:47:37] [19/324] STYN
[10:47:37] [20/324] SZVR
[10:47:38] [21/324] SRKO
[10:47:39] [22/324] JTGT
[10:47:40] [23/324] SVFD
[10:47:41] [24/324] SISD
[10:47:42] [25/324] ABDD
[10:47:43] [26/324] DRCA
[10:47:44] [27/324] AVCS
[10:47:45] [28/324] MVKH
[10:47:46] [29/324] ACPR
[10:47:47] [30/324] STIP
[10:47:49] [31/324] MTRA
[10:47:49] [32/324] RMKH
[10:47:50] [33/324] NKRL
[10:47:51] [34/324] PCWN
[10:47:52] [35/324] BLMT
[10:47:53] [36/324] GDPG
[10:47:54] [37/324] SRMX
[10:47:55] [38/324] JACP
[10:47:56] [39/324] CPSH
[10:47:57] [40/324] MCCD
[10:47:58] [41/324] ECGH
[10:47:58] [42/324] MKCK
[10:48:00] [43/324] SRMM
[10:48:01] [44/324] SKYR
[10:48:01] [45/324] PCKC
[10:48:02] [46/324] JCMA
[10:48:03] [47/324] BSMP
[10:48:04] [48/324] VSPA
[10:48:06] [49/324] DJYA
[10:48:08] [50/324] DIMP
[10:48:09] [51/324] FXDR
[10:48:09] [52/324] SSRC
[10:48:10] [53/324] STHP
[10:48:11] [54/324] CPPD
[10:48:12] [55/324] FCLK
[10:48:13] [56/324] SCPP
[10:48:14] [57/324] DCMJ
[10:48:14] [58/324] RCCR
[10:48:15] [59/324] INMT
[10:48:16] [60/324] LXTK
[10:48:17] [61/324] SRYK
[10:48:18] [62/324] SGDK
[10:48:18] [63/324] PPKA
[10:48:19] [64/324] SPKA
[10:48:20] [65/324] CGHH
[10:48:21] [66/324] DCJN
[10:48:22] [67/324] SRKV
[10:48:23] [68/324] SAJC
[10:48:24] [69/324] SUSR
[10:48:25] [70/324] STYG
[10:48:26] [71/324] NTKP
[10:48:26] [72/324] AKTG
[10:48:27] [73/324] CGCM
[10:48:28] [74/324] TULC
[10:48:29] [75/324] NYYZ
[10:48:31] [76/324] NYBW
[10:48:32] [77/324] MACB
[10:48:33] [78/324] SLVT
[10:48:33] [79/324] SANA
[10:48:34] [80/324] ACMR
[10:48:35] [81/324] CPKN
[10:48:36] [82/324] DLGK
[10:48:37] [83/324] CWCK
[10:48:38] [84/324] FDDH
[10:48:39] [85/324] MMMD
[10:48:40] [86/324] CMEH
[10:48:41] [87/324] GGGV
[10:48:42] [88/324] SPJL
[10:48:43] [89/324] RCCD
[10:48:44] [90/324] STTZ
[10:48:45] [91/324] BTCF
[10:48:46] [92/324] TSTZ
[10:48:47] [93/324] IPMM
[10:48:47] [94/324] PMPW
[10:48:48] [95/324] PCMZ
[10:48:49] [96/324] ESEM
[10:48:50] [97/324] PIPO
[10:48:51] [98/324] MATK
[10:48:52] [99/324] PGHM
[10:48:53] [100/324] CTSR
[10:48:53] [101/324] CYKR
[10:48:54] [102/324] MSCM
[10:48:55] [103/324] RFNP
[10:48:56] [104/324] PDCP
[10:48:57] [105/324] NPSE
[10:48:58] [106/324] MKML
[10:48:59] [107/324] FTDP
[10:49:00] [108/324] MMXA
[10:49:00] [109/324] CEPO
[10:49:01] [110/324] CMVP
[10:49:02] [111/324] SGTH
[10:49:03] [112/324] SAYN
[10:49:04] [113/324] URVS
[10:49:04] [114/324] VJTN
[10:49:05] [115/324] BBYK
[10:49:06] [116/324] SHBO
[10:49:07] [117/324] VCMR
[10:49:08] [118/324] MACT
[10:49:09] [119/324] JMNP
[10:49:10] [120/324] VICS
[10:49:11] [121/324] VCDA
[10:49:12] [122/324] GCMM
[10:49:12] [123/324] INVS
[10:49:13] [124/324] SCGM
[10:49:14] [125/324] PCDA
[10:49:15] [126/324] KDCT
[10:49:16] [127/324] JACS
[10:49:17] [128/324] GMMC
[10:49:18] [129/324] AICM
[10:49:19] [130/324] TJCM
[10:49:20] [131/324] RMTI
[10:49:20] [132/324] SHAC
[10:49:22] [133/324] APJC
[10:49:23] [134/324] GCTG
[10:49:24] [135/324] SSMC
[10:49:25] [136/324] THRM
[10:49:26] [137/324] RBCT
[10:49:26] [138/324] DIKT
[10:49:28] [139/324] MIDL
[10:49:28] [140/324] VCSN
[10:49:30] [141/324] SKTG
[10:49:31] [142/324] SMWC
[10:49:32] [143/324] MNKH
[10:49:32] [144/324] PIAT
[10:49:33] [145/324] LTTP
[10:49:34] [146/324] PTPU
[10:49:35] [147/324] ACMG
[10:49:36] [148/324] SHMM
[10:49:36] [149/324] MCMN
[10:49:37] [150/324] GLDC
[10:49:38] [151/324] HOUT
[10:49:39] [152/324] SVRP
[10:49:40] [153/324] PVDN
[10:49:40] [154/324] SCPY
[10:49:41] [155/324] DTPY
[10:49:42] [156/324] GKCS
[10:49:43] [157/324] NCAM
[10:49:44] [158/324] BSRM
[10:49:44] [159/324] RCLC
[10:49:45] [160/324] SKKD
[10:49:46] [161/324] ACHU
[10:49:47] [162/324] RSCF
[10:49:47] [163/324] IMSH
[10:49:48] [164/324] MACX
[10:49:49] [165/324] HMMW
[10:49:51] [166/324] JTCP
[10:49:52] [167/324] SREN
[10:49:52] [168/324] PJRR
[10:49:53] [169/324] INAC
[10:49:54] [170/324] BMCA
[10:49:55] [171/324] SHCB
[10:49:56] [172/324] GABA
[10:49:56] [173/324] SBCT
[10:49:57] [174/324] GCMA
[10:49:59] [175/324] MYTK
[10:50:00] [176/324] INZS
[10:50:01] [177/324] RMIK
[10:50:01] [178/324] NYCH
[10:50:02] [179/324] RAVE
[10:50:03] [180/324] PSXM
[10:50:04] [181/324] MCGP
[10:50:05] [182/324] PDDK
[10:50:05] [183/324] SPCK
[10:50:06] [184/324] MCRL
[10:50:07] [185/324] MHKT
[10:50:08] [186/324] ANRR
[10:50:09] [187/324] SAPK
[10:50:11] [188/324] NCUK
[10:50:12] [189/324] JUGA
[10:50:13] [190/324] DBSC
[10:50:14] [191/324] LALK
[10:50:15] [192/324] GUCK
[10:50:16] [193/324] STSG
[10:50:16] [194/324] PPPZ
[10:50:17] [195/324] CNCY
[10:50:19] [196/324] MTAR
[10:50:20] [197/324] VNKD
[10:50:20] [198/324] KMAJ
[10:50:21] [199/324] ACXK
[10:50:22] [200/324] UTKC
[10:50:23] [201/324] PBLK
[10:50:24] [202/324] ACBX
[10:50:25] [203/324] PTGM
[10:50:26] [204/324] BTDA
[10:50:26] [205/324] PJMB
[10:50:27] [206/324] TPDA
[10:50:29] [207/324] AMOE
[10:50:30] [208/324] PRHT
[10:50:30] [209/324] PRTA
[10:50:31] [210/324] STAM
[10:50:32] [211/324] MSAA
[10:50:33] [212/324] SDLU
[10:50:34] [213/324] RCHH
[10:50:34] [214/324] KANT
[10:50:35] [215/324] FCRT
[10:50:36] [216/324] DNKM
[10:50:38] [217/324] RYCP
[10:50:39] [218/324] MYRP
[10:50:40] [219/324] PPAK
[10:50:40] [220/324] NVPK
[10:50:41] [221/324] PRMC
[10:50:42] [222/324] JBCS
[10:50:44] [223/324] GXCK
[10:50:45] [224/324] USKO
[10:50:45] [225/324] GTEM
[10:50:46] [226/324] SMBU
[10:50:47] [227/324] VETC
[10:50:48] [228/324] LCDA
[10:50:49] [229/324] MTVT
[10:50:50] [230/324] PYCP
[10:50:51] [231/324] PNSC
[10:50:52] [232/324] PPCC
[10:50:52] [233/324] TGRT
[10:50:53] [234/324] JYOT
[10:50:54] [235/324] SRCZ
[10:50:55] [236/324] SJTE
[10:50:55] [237/324] DESC
[10:50:56] [238/324] JHVN
[10:50:57] [239/324] IPSG
[10:50:58] [240/324] IPCM
[10:50:59] [241/324] PDRS
[10:51:00] [242/324] ANCV
[10:51:00] [243/324] CMVV
[10:51:02] [244/324] SHYP
[10:51:03] [245/324] DNCS
[10:51:03] [246/324] GAJK
[10:51:04] [247/324] AKTN
[10:51:05] [248/324] KAYA
[10:51:06] [249/324] SBRC
[10:51:07] [250/324] CHTP
[10:51:07] [251/324] SHRT
[10:51:08] [252/324] BCKU
[10:51:09] [253/324] FCPS
[10:51:10] [254/324] ARDD
[10:51:10] [255/324] CPCM
[10:51:11] [256/324] CGSM
[10:51:12] [257/324] PSMP
[10:51:13] [258/324] SDAL
[10:51:15] [259/324] RTNB
[10:51:15] [260/324] LMCR
[10:51:16] [261/324] CIMA
[10:51:17] [262/324] RNAS
[10:51:18] [263/324] LITH
[10:51:19] [264/324] PBOX
[10:51:19] [265/324] FRTS
[10:51:20] [266/324] RKIC
[10:51:21] [267/324] PTAI
[10:51:22] [268/324] GCIC
[10:51:23] [269/324] FNAS
[10:51:24] [270/324] SCAR
[10:51:24] [271/324] MTCA
[10:51:25] [272/324] SCTS
[10:51:26] [273/324] SYCS
[10:51:27] [274/324] RDMS
[10:51:28] [275/324] KAMP
[10:51:28] [276/324] ERSD
[10:51:29] [277/324] MJMJ
[10:51:30] [278/324] SRCJ
[10:51:31] [279/324] SCXE
[10:51:32] [280/324] SVFR
[10:51:33] [281/324] BHCS
[10:51:34] [282/324] IMCC
[10:51:35] [283/324] PCBO
[10:51:36] [284/324] PRVN
[10:51:37] [285/324] AUPM
[10:51:38] [286/324] INBW
[10:51:39] [287/324] SVCW
[10:51:40] [288/324] RKCF
[10:51:41] [289/324] UVBH
[10:51:42] [290/324] DNCY
[10:51:43] [291/324] ABCN
[10:51:44] [292/324] PRUR
[10:51:45] [293/324] PFMR
[10:51:45] [294/324] RKCN
[10:51:46] [295/324] CFEA
[10:51:47] [296/324] SDBG
[10:51:48] [297/324] SNAR
[10:51:49] [298/324] YISI
[10:51:49] [299/324] JCFF
[10:51:50] [300/324] VTRK
[10:51:51] [301/324] PCLZ
[10:51:52] [302/324] DIMY
[10:51:52] [303/324] BBTS
[10:51:54] [304/324] GATH
[10:51:55] [305/324] GTMN
[10:51:56] [306/324] VTMH
[10:51:57] [307/324] CCKP
[10:51:57] [308/324] GPKA
[10:51:59] [309/324] MHCL
[10:52:00] [310/324] ATCL
[10:52:02] [311/324] SBCK
[10:52:03] [312/324] AMMR
[10:52:04] [313/324] MADC
[10:52:04] [314/324] TMMA
[10:52:05] [315/324] CACC
[10:52:06] [316/324] CHAL
[10:52:07] [317/324] DURG
[10:52:08] [318/324] GMKU
[10:52:09] [319/324] GECA
[10:52:10] [320/324] KYRR
[10:52:11] [321/324] KSDE
[10:52:12] [322/324] LMCI
[10:52:13] [323/324] NKCP
[10:52:14] [324/324] BGTC
[10:52:15] ✅ DONE | Shows=991 | Movies=64
