[00:40:43] 🚀 BMS DAILY TRACKER STARTED
[00:40:43] [1/459] MBDC
[00:40:43] 🧠 New identity
[00:40:45] [2/459] CHKM
[00:40:46] [3/459] JTKZ
[00:40:47] [4/459] CMCT
[00:40:48] [5/459] ASHO
[00:40:49] [6/459] ECDG
[00:40:50] [7/459] SPAT
[00:40:51] [8/459] HILC
[00:40:52] [9/459] SPPH
[00:40:53] [10/459] SBHN
[00:40:54] [11/459] RRCA
[00:40:55] [12/459] APAA
[00:40:55] [13/459] RAME
[00:40:56] [14/459] TMMS
[00:40:57] [15/459] BATK
[00:40:58] [16/459] LKOP
[00:41:00] [17/459] AMTT
[00:41:01] [18/459] PTGK
[00:41:02] [19/459] ANRS
[00:41:04] [20/459] VWBW
[00:41:04] [21/459] SVFG
[00:41:05] [22/459] STAT
[00:41:06] [23/459] GDCV
[00:41:07] [24/459] VEBI
[00:41:08] [25/459] VDSS
[00:41:08] [26/459] NTHV
[00:41:09] [27/459] AOCH
[00:41:10] [28/459] KASR
[00:41:11] [29/459] AYCS
[00:41:12] [30/459] SHAI
[00:41:13] [31/459] SKPE
[00:41:14] [32/459] SBTA
[00:41:14] [33/459] RTTD
[00:41:15] [34/459] CCJD
[00:41:17] [35/459] RSJJ
[00:41:18] [36/459] RKND
[00:41:18] [37/459] SVTX
[00:41:19] [38/459] BAKM
[00:41:20] [39/459] SVDC
[00:41:21] [40/459] MNCV
[00:41:22] [41/459] SJGC
[00:41:23] [42/459] MTPK
[00:41:24] [43/459] GATP
[00:41:24] [44/459] ABTS
[00:41:25] [45/459] ABDE
[00:41:26] [46/459] RCNM
[00:41:27] [47/459] KTHV
[00:41:28] [48/459] MDGJ
[00:41:29] [49/459] SMLM
[00:41:30] [50/459] JTMA
[00:41:30] [51/459] ACKP
[00:41:31] [52/459] SRTA
[00:41:32] [53/459] STAY
[00:41:33] [54/459] MAVO
[00:41:34] [55/459] APTS
[00:41:35] [56/459] OMEA
[00:41:36] [57/459] TTFD
[00:41:37] [58/459] MJCU
[00:41:38] [59/459] CXTE
[00:41:38] [60/459] CTPX
[00:41:39] [61/459] ASSL
[00:41:40] [62/459] CMVB
[00:41:41] [63/459] VPUR
[00:41:41] [64/459] JJDA
[00:41:42] [65/459] INBL
[00:41:43] [66/459] BIKB
[00:41:44] [67/459] NTBB
[00:41:45] [68/459] GLOB
[00:41:45] [69/459] SNTB
[00:41:47] [70/459] CHGV
[00:41:49] [71/459] SSBZ
[00:41:50] [72/459] PRDB
[00:41:51] [73/459] ISMT
[00:41:52] [74/459] MCSD
[00:41:53] [75/459] JBTT
[00:41:53] [76/459] GEKR
[00:41:54] [77/459] PVUN
[00:41:55] [78/459] NRTB
[00:41:56] [79/459] PRAA
[00:41:57] [80/459] PCBL
[00:41:57] [81/459] PTCM
[00:41:59] [82/459] KHNN
[00:42:00] [83/459] OMJE
[00:42:01] [84/459] STGN
[00:42:02] [85/459] RPMS
[00:42:03] [86/459] NWAD
[00:42:03] [87/459] BLCK
[00:42:04] [88/459] SVAA
[00:42:05] [89/459] URVM
[00:42:06] [90/459] ANTM
[00:42:07] [91/459] VJYM
[00:42:07] [92/459] MAZZ
[00:42:08] [93/459] CSHM
[00:42:09] [94/459] WGMH
[00:42:11] [95/459] SALN
[00:42:12] [96/459] BRTP
[00:42:13] [97/459] SVTA
[00:42:14] [98/459] SBTP
[00:42:15] [99/459] VLSS
[00:42:16] [100/459] SRJA
[00:42:17] [101/459] ANCG
[00:42:17] [102/459] CGGC
[00:42:18] [103/459] CRJA
[00:42:19] [104/459] USCR
[00:42:20] [105/459] MMEF
[00:42:21] [106/459] JCRJ
[00:42:22] [107/459] ADCM
[00:42:23] [108/459] BMYK
[00:42:23] [109/459] KICS
[00:42:25] [110/459] MBBT
[00:42:26] [111/459] MACK
[00:42:26] [112/459] CLDR
[00:42:27] [113/459] JYCR
[00:42:28] [114/459] DCRP
[00:42:29] [115/459] RAHT
[00:42:30] [116/459] CSSM
[00:42:31] [117/459] ATPK
[00:42:33] [118/459] KLRT
[00:42:34] [119/459] SRDD
[00:42:34] [120/459] CKMC
[00:42:35] [121/459] KRVM
[00:42:36] [122/459] AKCP
[00:42:37] [123/459] CNCV
[00:42:38] [124/459] PACT
[00:42:38] [125/459] NATP
[00:42:39] [126/459] PCPK
[00:42:40] [127/459] SMHO
[00:42:41] [128/459] CWTK
[00:42:42] [129/459] RVKZ
[00:42:43] [130/459] ASPD
[00:42:43] [131/459] VTKZ
[00:42:44] [132/459] LCSO
[00:42:45] [133/459] PRDY
[00:42:46] [134/459] RCAP
[00:42:47] [135/459] RGAR
[00:42:48] [136/459] RCAC
[00:42:48] [137/459] PMOD
[00:42:49] [138/459] PVCN
[00:42:50] [139/459] SCRZ
[00:42:51] [140/459] PVPC
[00:42:52] [141/459] STID
[00:42:52] [142/459] NEDD
[00:42:53] [143/459] BNBA
[00:42:54] [144/459] NTCD
[00:42:55] [145/459] OCDE
[00:42:56] [146/459] CCDU
[00:42:57] [147/459] CRXH
[00:42:57] [148/459] VLVT
[00:42:58] [149/459] CICI
[00:42:59] [150/459] SUCB
[00:43:00] [151/459] TCBP
[00:43:01] [152/459] SCCY
[00:43:01] [153/459] LXCY
[00:43:02] [154/459] NCMD
[00:43:03] [155/459] PHCS
[00:43:04] [156/459] DUXR
[00:43:05] [157/459] VNKS
[00:43:05] [158/459] SEDP
[00:43:06] [159/459] SVEN
[00:43:07] [160/459] SRKM
[00:43:08] [161/459] JTLT
[00:43:09] [162/459] SVSS
[00:43:09] [163/459] AMDE
[00:43:10] [164/459] WVRN
[00:43:11] [165/459] ISMG
[00:43:12] [166/459] WVKS
[00:43:14] [167/459] USCG
[00:43:14] [168/459] IOTG
[00:43:15] [169/459] RRJM
[00:43:16] [170/459] EDMP
[00:43:17] [171/459] SCGZ
[00:43:18] [172/459] GMGX
[00:43:18] [173/459] OMTP
[00:43:19] [174/459] MITD
[00:43:20] [175/459] SMMD
[00:43:21] [176/459] STML
[00:43:22] [177/459] MCFS
[00:43:23] [178/459] FPKA
[00:43:24] [179/459] OMLR
[00:43:24] [180/459] KKSC
[00:43:25] [181/459] RVMA
[00:43:27] [182/459] SCLL
[00:43:28] [183/459] SCDK
[00:43:29] [184/459] SXMI
[00:43:29] [185/459] SHDN
[00:43:30] [186/459] PAAD
[00:43:31] [187/459] UUCB
[00:43:32] [188/459] JHOL
[00:43:33] [189/459] SGWT
[00:43:34] [190/459] SRII
[00:43:35] [191/459] SGCK
[00:43:36] [192/459] SVVB
[00:43:37] [193/459] DMHA
[00:43:38] [194/459] PPNL
[00:43:39] [195/459] CPNL
[00:43:40] [196/459] WVLD
[00:43:40] [197/459] PSLV
[00:43:41] [198/459] VTTL
[00:43:42] [199/459] NPAD
[00:43:43] [200/459] PVCS
[00:43:44] [201/459] MCHL
[00:43:45] [202/459] PPLL
[00:43:45] [203/459] MALO
[00:43:46] [204/459] SWBH
[00:43:47] [205/459] PUGB
[00:43:48] [206/459] INBB
[00:43:49] [207/459] INNS
[00:43:50] [208/459] MCPT
[00:43:51] [209/459] SCMI
[00:43:52] [210/459] OCON
[00:43:52] [211/459] SCSM
[00:43:53] [212/459] RJVN
[00:43:54] [213/459] AMDK
[00:43:55] [214/459] ISMR
[00:43:56] [215/459] SMTD
[00:43:57] [216/459] VTDD
[00:43:57] [217/459] PDDZ
[00:43:59] [218/459] PCCK
[00:44:01] [219/459] INAM
[00:44:02] [220/459] FNKT
[00:44:03] [221/459] GDKA
[00:44:04] [222/459] MAYU
[00:44:05] [223/459] TCGU
[00:44:05] [224/459] KDCA
[00:44:06] [225/459] DOMY
[00:44:07] [226/459] PDDD
[00:44:08] [227/459] BJTS
[00:44:09] [228/459] VTCA
[00:44:10] [229/459] SBTM
[00:44:11] [230/459] SEET
[00:44:12] [231/459] SSTJ
[00:44:14] [232/459] SVNT
[00:44:15] [233/459] PPPR
[00:44:16] [234/459] PVYS
[00:44:16] [235/459] IOSE
[00:44:17] [236/459] ACTV
[00:44:18] [237/459] APVE
[00:44:19] [238/459] TCCL
[00:44:20] [239/459] SCMO
[00:44:20] [240/459] SAUM
[00:44:21] [241/459] KCJS
[00:44:23] [242/459] NJCJ
[00:44:24] [243/459] NECF
[00:44:24] [244/459] CCGW
[00:44:25] [245/459] CCMG
[00:44:26] [246/459] NYRG
[00:44:27] [247/459] NCSQ
[00:44:28] [248/459] GRCG
[00:44:29] [249/459] CCBT
[00:44:30] [250/459] ACGA
[00:44:31] [251/459] INAG
[00:44:32] [252/459] FUCG
[00:44:33] [253/459] AICF
[00:44:35] [254/459] GRGA
[00:44:35] [255/459] GDCN
[00:44:36] [256/459] RRCG
[00:44:37] [257/459] SDCH
[00:44:37] [258/459] WVJM
[00:44:38] [259/459] JCCZ
[00:44:39] [260/459] CNCL
[00:44:40] [261/459] TMLV
[00:44:41] [262/459] MEMB
[00:44:41] [263/459] SGTD
[00:44:42] [264/459] CONX
[00:44:43] [265/459] CCMH
[00:44:44] [266/459] ACMC
[00:44:45] [267/459] DTPD
[00:44:46] [268/459] POJA
[00:44:46] [269/459] FNBH
[00:44:47] [270/459] CGCB
[00:44:48] [271/459] RACN
[00:44:50] [272/459] JTSM
[00:44:51] [273/459] SCDN
[00:44:52] [274/459] AACK
[00:44:53] [275/459] RMCE
[00:44:54] [276/459] BSGB
[00:44:55] [277/459] MRCB
[00:44:55] [278/459] SRVR
[00:44:56] [279/459] VTKK
[00:44:57] [280/459] AMST
[00:44:58] [281/459] APCY
[00:44:59] [282/459] LMHO
[00:45:00] [283/459] MTZH
[00:45:01] [284/459] AMZB
[00:45:02] [285/459] SUVT
[00:45:02] [286/459] RCIP
[00:45:03] [287/459] KESR
[00:45:04] [288/459] SNKC
[00:45:05] [289/459] SCED
[00:45:06] [290/459] DVCA
[00:45:06] [291/459] VCDT
[00:45:07] [292/459] RRDI
[00:45:08] [293/459] DFCH
[00:45:09] [294/459] INSC
[00:45:10] [295/459] RGTR
[00:45:11] [296/459] FMOT
[00:45:11] [297/459] SCPM
[00:45:12] [298/459] GCDT
[00:45:13] [299/459] BRKT
[00:45:15] [300/459] DEMP
[00:45:15] [301/459] SRLC
[00:45:16] [302/459] KSTT
[00:45:17] [303/459] SMMT
[00:45:18] [304/459] SILM
[00:45:19] [305/459] JCVM
[00:45:20] [306/459] KCSV
[00:45:21] [307/459] MHLK
[00:45:22] [308/459] SLVL
[00:45:23] [309/459] RJKP
[00:45:23] [310/459] BBPC
[00:45:24] [311/459] MXCB
[00:45:25] [312/459] TCPK
[00:45:26] [313/459] RTBR
[00:45:27] [314/459] GAUT
[00:45:28] [315/459] DVCF
[00:45:29] [316/459] JTSB
[00:45:30] [317/459] SBLS
[00:45:31] [318/459] UDAY
[00:45:31] [319/459] PTNP
[00:45:32] [320/459] DMKT
[00:45:33] [321/459] NTDT
[00:45:34] [322/459] SHDJ
[00:45:35] [323/459] OTNC
[00:45:35] [324/459] RNTW
[00:45:36] [325/459] GCMI
[00:45:37] [326/459] CRCM
[00:45:38] [327/459] NNCZ
[00:45:39] [328/459] OEMO
[00:45:39] [329/459] PVJM
[00:45:40] [330/459] CPJI
[00:45:41] [331/459] RMCJ
[00:45:42] [332/459] CNWJ
[00:45:43] [333/459] EPJM
[00:45:44] [334/459] FNJJ
[00:45:44] [335/459] GCMJ
[00:45:46] [336/459] INPS
[00:45:47] [337/459] BICJ
[00:45:48] [338/459] ISTJ
[00:45:49] [339/459] INJC
[00:45:50] [340/459] GLXJ
[00:45:50] [341/459] INEM
[00:45:51] [342/459] JTMN
[00:45:52] [343/459] FRCJ
[00:45:53] [344/459] DDJP
[00:45:54] [345/459] INJV
[00:45:54] [346/459] GOLC
[00:45:55] [347/459] KOCI
[00:45:56] [348/459] FSTD
[00:45:57] [349/459] PACJ
[00:45:58] [350/459] GMCN
[00:45:58] [351/459] MMDJ
[00:45:59] [352/459] GODH
[00:46:00] [353/459] SKYN
[00:46:00] [354/459] NCTH
[00:46:01] [355/459] SKVZ
[00:46:02] [356/459] SVML
[00:46:03] [357/459] ACVZ
[00:46:04] [358/459] SURA
[00:46:04] [359/459] RTRB
[00:46:05] [360/459] LLCT
[00:46:06] [361/459] ATTS
[00:46:07] [362/459] JYCM
[00:46:08] [363/459] CTKR
[00:46:09] [364/459] LCKR
[00:46:10] [365/459] NYCV
[00:46:10] [366/459] NYOH
[00:46:11] [367/459] NOVX
[00:46:12] [368/459] MRGK
[00:46:13] [369/459] MOON
[00:46:14] [370/459] SBUC
[00:46:15] [371/459] GSVA
[00:46:16] [372/459] VIAK
[00:46:17] [373/459] SMVZ
[00:46:18] [374/459] MATE
[00:46:18] [375/459] RDCN
[00:46:19] [376/459] ASBL
[00:46:20] [377/459] ASVS
[00:46:21] [378/459] ASSR
[00:46:22] [379/459] SSKN
[00:46:22] [380/459] DRPV
[00:46:23] [381/459] MRHT
[00:46:25] [382/459] BSCN
[00:46:25] [383/459] RKNX
[00:46:26] [384/459] MSMC
[00:46:27] [385/459] MSCJ
[00:46:28] [386/459] BTBJ
[00:46:29] [387/459] MJCC
[00:46:30] [388/459] IOMM
[00:46:31] [389/459] ADGR
[00:46:31] [390/459] MYCP
[00:46:32] [391/459] IGCM
[00:46:33] [392/459] PGRK
[00:46:34] [393/459] VPGO
[00:46:34] [394/459] KOMS
[00:46:35] [395/459] URGG
[00:46:36] [396/459] GOST
[00:46:37] [397/459] LACT
[00:46:38] [398/459] BWCM
[00:46:39] [399/459] NCCW
[00:46:40] [400/459] SKYC
[00:46:41] [401/459] CCPM
[00:46:42] [402/459] VCBT
[00:46:42] [403/459] SDKR
[00:46:43] [404/459] CTYB
[00:46:45] [405/459] SHCX
[00:46:45] [406/459] RCUN
[00:46:46] [407/459] CNRA
[00:46:48] [408/459] RFCA
[00:46:48] [409/459] RDCU
[00:46:49] [410/459] SARK
[00:46:50] [411/459] SPPP
[00:46:51] [412/459] ADMB
[00:46:52] [413/459] JYOE
[00:46:52] [414/459] SRMD
[00:46:54] [415/459] RJDH
[00:46:54] [416/459] SSTD
[00:46:55] [417/459] AACV
[00:46:57] [418/459] PPVD
[00:46:57] [419/459] STCP
[00:46:58] [420/459] ANJR
[00:46:59] [421/459] ANLS
[00:47:01] [422/459] BIJO
[00:47:02] [423/459] AVAB
[00:47:03] [424/459] SPMD
[00:47:04] [425/459] SVJL
[00:47:05] [426/459] SDDJ
[00:47:06] [427/459] SLTU
[00:47:07] [428/459] SAKA
[00:47:08] [429/459] PMAM
[00:47:09] [430/459] FNAM
[00:47:10] [431/459] ACAM
[00:47:11] [432/459] SCMM
[00:47:12] [433/459] PMAK
[00:47:13] [434/459] NYSA
[00:47:13] [435/459] FCPA
[00:47:15] [436/459] GDAN
[00:47:16] [437/459] RSCA
[00:47:17] [438/459] DMAN
[00:47:18] [439/459] DZCM
[00:47:19] [440/459] NSGL
[00:47:19] [441/459] CCPP
[00:47:20] [442/459] PSMG
[00:47:21] [443/459] GSER
[00:47:23] [444/459] FCCT
[00:47:24] [445/459] FCTB
[00:47:24] [446/459] LCNK
[00:47:25] [447/459] SKTY
[00:47:26] [448/459] INAA
[00:47:27] [449/459] RCWN
[00:47:27] [450/459] VAIS
[00:47:28] [451/459] CVMN
[00:47:29] [452/459] INTS
[00:47:30] [453/459] FRGS
[00:47:31] [454/459] DTCK
[00:47:32] [455/459] MCMH
[00:47:33] [456/459] ECRR
[00:47:34] [457/459] RLLP
[00:47:34] [458/459] CCSN
[00:47:35] [459/459] CCBA
[00:47:36] ✅ DONE | Shows=0 | Movies=0
[01:44:01] 🚀 BMS DAILY TRACKER STARTED
[01:44:01] [1/459] MBDC
[01:44:01] 🧠 New identity
[01:44:02] [2/459] CHKM
[01:44:03] [3/459] JTKZ
[01:44:04] [4/459] CMCT
[01:44:05] [5/459] ASHO
[01:44:06] [6/459] ECDG
[01:44:07] [7/459] SPAT
[01:44:08] [8/459] HILC
[01:44:08] [9/459] SPPH
[01:44:09] [10/459] SBHN
[01:44:10] [11/459] RRCA
[01:44:11] [12/459] APAA
[01:44:12] [13/459] RAME
[01:44:13] [14/459] TMMS
[01:44:14] [15/459] BATK
[01:44:16] [16/459] LKOP
[01:44:16] [17/459] AMTT
[01:44:17] [18/459] PTGK
[01:44:18] [19/459] ANRS
[01:44:20] [20/459] VWBW
[01:44:20] [21/459] SVFG
[01:44:21] [22/459] STAT
[01:44:22] [23/459] GDCV
[01:44:23] [24/459] VEBI
[01:44:25] [25/459] VDSS
[01:44:26] [26/459] NTHV
[01:44:26] [27/459] AOCH
[01:44:27] [28/459] KASR
[01:44:28] [29/459] AYCS
[01:44:30] [30/459] SHAI
[01:44:31] [31/459] SKPE
[01:44:32] [32/459] SBTA
[01:44:33] [33/459] RTTD
[01:44:34] [34/459] CCJD
[01:44:34] [35/459] RSJJ
[01:44:35] [36/459] RKND
[01:44:36] [37/459] SVTX
[01:44:37] [38/459] BAKM
[01:44:38] [39/459] SVDC
[01:44:39] [40/459] MNCV
[01:44:40] [41/459] SJGC
[01:44:40] [42/459] MTPK
[01:44:42] [43/459] GATP
[01:44:43] [44/459] ABTS
[01:44:44] [45/459] ABDE
[01:44:45] [46/459] RCNM
[01:44:46] [47/459] KTHV
[01:44:47] [48/459] MDGJ
[01:44:48] [49/459] SMLM
[01:44:48] [50/459] JTMA
[01:44:49] [51/459] ACKP
[01:44:50] [52/459] SRTA
[01:44:51] [53/459] STAY
[01:44:52] [54/459] MAVO
[01:44:53] [55/459] APTS
[01:44:53] [56/459] OMEA
[01:44:54] [57/459] TTFD
[01:44:55] [58/459] MJCU
[01:44:56] [59/459] CXTE
[01:44:58] [60/459] CTPX
[01:44:59] [61/459] ASSL
[01:45:00] [62/459] CMVB
[01:45:01] [63/459] VPUR
[01:45:02] [64/459] JJDA
[01:45:03] [65/459] INBL
[01:45:04] [66/459] BIKB
[01:45:05] [67/459] NTBB
[01:45:06] [68/459] GLOB
[01:45:07] [69/459] SNTB
[01:45:07] [70/459] CHGV
[01:45:08] [71/459] SSBZ
[01:45:10] [72/459] PRDB
[01:45:12] [73/459] ISMT
[01:45:13] [74/459] MCSD
[01:45:14] [75/459] JBTT
[01:45:14] [76/459] GEKR
[01:45:16] [77/459] PVUN
[01:45:17] [78/459] NRTB
[01:45:18] [79/459] PRAA
[01:45:19] [80/459] PCBL
[01:45:19] [81/459] PTCM
[01:45:20] [82/459] KHNN
[01:45:21] [83/459] OMJE
[01:45:22] [84/459] STGN
[01:45:23] [85/459] RPMS
[01:45:24] [86/459] NWAD
[01:45:24] [87/459] BLCK
[01:45:25] [88/459] SVAA
[01:45:26] [89/459] URVM
[01:45:28] [90/459] ANTM
[01:45:29] [91/459] VJYM
[01:45:30] [92/459] MAZZ
[01:45:31] [93/459] CSHM
[01:45:31] [94/459] WGMH
[01:45:32] [95/459] SALN
[01:45:34] [96/459] BRTP
[01:45:35] [97/459] SVTA
[01:45:36] [98/459] SBTP
[01:45:36] [99/459] VLSS
[01:45:37] [100/459] SRJA
[01:45:38] [101/459] ANCG
[01:45:39] [102/459] CGGC
[01:45:40] [103/459] CRJA
[01:45:41] [104/459] USCR
[01:45:41] [105/459] MMEF
[01:45:42] [106/459] JCRJ
[01:45:43] [107/459] ADCM
[01:45:44] [108/459] BMYK
[01:45:45] [109/459] KICS
[01:45:45] [110/459] MBBT
[01:45:46] [111/459] MACK
[01:45:47] [112/459] CLDR
[01:45:48] [113/459] JYCR
[01:45:49] [114/459] DCRP
[01:45:50] [115/459] RAHT
[01:45:51] [116/459] CSSM
[01:45:51] [117/459] ATPK
[01:45:52] [118/459] KLRT
[01:45:53] [119/459] SRDD
[01:45:54] [120/459] CKMC
[01:45:54] [121/459] KRVM
[01:45:55] [122/459] AKCP
[01:45:56] [123/459] CNCV
[01:45:57] [124/459] PACT
[01:45:58] [125/459] NATP
[01:45:59] [126/459] PCPK
[01:46:00] [127/459] SMHO
[01:46:00] [128/459] CWTK
[01:46:02] [129/459] RVKZ
[01:46:03] [130/459] ASPD
[01:46:04] [131/459] VTKZ
[01:46:05] [132/459] LCSO
[01:46:06] [133/459] PRDY
[01:46:07] [134/459] RCAP
[01:46:08] [135/459] RGAR
[01:46:09] [136/459] RCAC
[01:46:10] [137/459] PMOD
[01:46:11] [138/459] PVCN
[01:46:12] [139/459] SCRZ
[01:46:12] [140/459] PVPC
[01:46:13] [141/459] STID
[01:46:14] [142/459] NEDD
[01:46:15] [143/459] BNBA
[01:46:16] [144/459] NTCD
[01:46:16] [145/459] OCDE
[01:46:17] [146/459] CCDU
[01:46:18] [147/459] CRXH
[01:46:19] [148/459] VLVT
[01:46:20] [149/459] CICI
[01:46:21] [150/459] SUCB
[01:46:21] [151/459] TCBP
[01:46:22] [152/459] SCCY
[01:46:23] [153/459] LXCY
[01:46:24] [154/459] NCMD
[01:46:25] [155/459] PHCS
[01:46:26] [156/459] DUXR
[01:46:26] [157/459] VNKS
[01:46:27] [158/459] SEDP
[01:46:28] [159/459] SVEN
[01:46:29] [160/459] SRKM
[01:46:30] [161/459] JTLT
[01:46:31] [162/459] SVSS
[01:46:32] [163/459] AMDE
[01:46:33] [164/459] WVRN
[01:46:34] [165/459] ISMG
[01:46:35] [166/459] WVKS
[01:46:36] [167/459] USCG
[01:46:36] [168/459] IOTG
[01:46:37] [169/459] RRJM
[01:46:38] [170/459] EDMP
[01:46:39] [171/459] SCGZ
[01:46:40] [172/459] GMGX
[01:46:41] [173/459] OMTP
[01:46:42] [174/459] MITD
[01:46:43] [175/459] SMMD
[01:46:44] [176/459] STML
[01:46:45] [177/459] MCFS
[01:46:46] [178/459] FPKA
[01:46:47] [179/459] OMLR
[01:46:47] [180/459] KKSC
[01:46:48] [181/459] RVMA
[01:46:49] [182/459] SCLL
[01:46:51] [183/459] SCDK
[01:46:52] [184/459] SXMI
[01:46:53] [185/459] SHDN
[01:46:54] [186/459] PAAD
[01:46:54] [187/459] UUCB
[01:46:55] [188/459] JHOL
[01:46:56] [189/459] SGWT
[01:46:57] [190/459] SRII
[01:46:58] [191/459] SGCK
[01:46:59] [192/459] SVVB
[01:47:00] [193/459] DMHA
[01:47:01] [194/459] PPNL
[01:47:02] [195/459] CPNL
[01:47:02] [196/459] WVLD
[01:47:03] [197/459] PSLV
[01:47:04] [198/459] VTTL
[01:47:05] [199/459] NPAD
[01:47:06] [200/459] PVCS
[01:47:06] [201/459] MCHL
[01:47:07] [202/459] PPLL
[01:47:08] [203/459] MALO
[01:47:09] [204/459] SWBH
[01:47:09] [205/459] PUGB
[01:47:10] [206/459] INBB
[01:47:11] [207/459] INNS
[01:47:12] [208/459] MCPT
[01:47:13] [209/459] SCMI
[01:47:14] [210/459] OCON
[01:47:15] [211/459] SCSM
[01:47:15] [212/459] RJVN
[01:47:16] [213/459] AMDK
[01:47:17] [214/459] ISMR
[01:47:18] [215/459] SMTD
[01:47:19] [216/459] VTDD
[01:47:20] [217/459] PDDZ
[01:47:21] [218/459] PCCK
[01:47:22] [219/459] INAM
[01:47:23] [220/459] FNKT
[01:47:23] [221/459] GDKA
[01:47:24] [222/459] MAYU
[01:47:26] [223/459] TCGU
[01:47:27] [224/459] KDCA
[01:47:28] [225/459] DOMY
[01:47:29] [226/459] PDDD
[01:47:29] [227/459] BJTS
[01:47:30] [228/459] VTCA
[01:47:31] [229/459] SBTM
[01:47:32] [230/459] SEET
[01:47:33] [231/459] SSTJ
[01:47:33] [232/459] SVNT
[01:47:34] [233/459] PPPR
[01:47:35] [234/459] PVYS
[01:47:36] [235/459] IOSE
[01:47:36] [236/459] ACTV
[01:47:37] [237/459] APVE
[01:47:38] [238/459] TCCL
[01:47:39] [239/459] SCMO
[01:47:40] [240/459] SAUM
[01:47:41] [241/459] KCJS
[01:47:41] [242/459] NJCJ
[01:47:42] [243/459] NECF
[01:47:43] [244/459] CCGW
[01:47:44] [245/459] CCMG
[01:47:45] [246/459] NYRG
[01:47:46] [247/459] NCSQ
[01:47:48] [248/459] GRCG
[01:47:49] [249/459] CCBT
[01:47:50] [250/459] ACGA
[01:47:50] [251/459] INAG
[01:47:51] [252/459] FUCG
[01:47:52] [253/459] AICF
[01:47:53] [254/459] GRGA
[01:47:54] [255/459] GDCN
[01:47:55] [256/459] RRCG
[01:47:55] [257/459] SDCH
[01:47:56] [258/459] WVJM
[01:47:57] [259/459] JCCZ
[01:47:58] [260/459] CNCL
[01:47:59] [261/459] TMLV
[01:47:59] [262/459] MEMB
[01:48:00] [263/459] SGTD
[01:48:01] [264/459] CONX
[01:48:02] [265/459] CCMH
[01:48:03] [266/459] ACMC
[01:48:04] [267/459] DTPD
[01:48:04] [268/459] POJA
[01:48:05] [269/459] FNBH
[01:48:06] [270/459] CGCB
[01:48:07] [271/459] RACN
[01:48:08] [272/459] JTSM
[01:48:09] [273/459] SCDN
[01:48:10] [274/459] AACK
[01:48:10] [275/459] RMCE
[01:48:11] [276/459] BSGB
[01:48:13] [277/459] MRCB
[01:48:14] [278/459] SRVR
[01:48:15] [279/459] VTKK
[01:48:15] [280/459] AMST
[01:48:16] [281/459] APCY
[01:48:17] [282/459] LMHO
[01:48:18] [283/459] MTZH
[01:48:19] [284/459] AMZB
[01:48:19] [285/459] SUVT
[01:48:21] [286/459] RCIP
[01:48:22] [287/459] KESR
[01:48:23] [288/459] SNKC
[01:48:24] [289/459] SCED
[01:48:24] [290/459] DVCA
[01:48:25] [291/459] VCDT
[01:48:26] [292/459] RRDI
[01:48:27] [293/459] DFCH
[01:48:28] [294/459] INSC
[01:48:29] [295/459] RGTR
[01:48:30] [296/459] FMOT
[01:48:30] [297/459] SCPM
[01:48:31] [298/459] GCDT
[01:48:32] [299/459] BRKT
[01:48:33] [300/459] DEMP
[01:48:35] [301/459] SRLC
[01:48:35] [302/459] KSTT
[01:48:36] [303/459] SMMT
[01:48:37] [304/459] SILM
[01:48:38] [305/459] JCVM
[01:48:39] [306/459] KCSV
[01:48:40] [307/459] MHLK
[01:48:42] [308/459] SLVL
[01:48:43] [309/459] RJKP
[01:48:44] [310/459] BBPC
[01:48:45] [311/459] MXCB
[01:48:46] [312/459] TCPK
[01:48:47] [313/459] RTBR
[01:48:48] [314/459] GAUT
[01:48:48] [315/459] DVCF
[01:48:49] [316/459] JTSB
[01:48:50] [317/459] SBLS
[01:48:51] [318/459] UDAY
[01:48:53] [319/459] PTNP
[01:48:53] [320/459] DMKT
[01:48:54] [321/459] NTDT
[01:48:55] [322/459] SHDJ
[01:48:56] [323/459] OTNC
[01:48:57] [324/459] RNTW
[01:48:58] [325/459] GCMI
[01:48:59] [326/459] CRCM
[01:49:00] [327/459] NNCZ
[01:49:01] [328/459] OEMO
[01:49:02] [329/459] PVJM
[01:49:03] [330/459] CPJI
[01:49:04] [331/459] RMCJ
[01:49:04] [332/459] CNWJ
[01:49:05] [333/459] EPJM
[01:49:06] [334/459] FNJJ
[01:49:07] [335/459] GCMJ
[01:49:07] [336/459] INPS
[01:49:08] [337/459] BICJ
[01:49:09] [338/459] ISTJ
[01:49:09] [339/459] INJC
[01:49:10] [340/459] GLXJ
[01:49:11] [341/459] INEM
[01:49:12] [342/459] JTMN
[01:49:14] [343/459] FRCJ
[01:49:15] [344/459] DDJP
[01:49:16] [345/459] INJV
[01:49:16] [346/459] GOLC
[01:49:17] [347/459] KOCI
[01:49:18] [348/459] FSTD
[01:49:20] [349/459] PACJ
[01:49:21] [350/459] GMCN
[01:49:22] [351/459] MMDJ
[01:49:23] [352/459] GODH
[01:49:24] [353/459] SKYN
[01:49:25] [354/459] NCTH
[01:49:26] [355/459] SKVZ
[01:49:27] [356/459] SVML
[01:49:27] [357/459] ACVZ
[01:49:28] [358/459] SURA
[01:49:29] [359/459] RTRB
[01:49:30] [360/459] LLCT
[01:49:31] [361/459] ATTS
[01:49:31] [362/459] JYCM
[01:49:32] [363/459] CTKR
[01:49:33] [364/459] LCKR
[01:49:34] [365/459] NYCV
[01:49:35] [366/459] NYOH
[01:49:36] [367/459] NOVX
[01:49:37] [368/459] MRGK
[01:49:38] [369/459] MOON
[01:49:39] [370/459] SBUC
[01:49:40] [371/459] GSVA
[01:49:40] [372/459] VIAK
[01:49:41] [373/459] SMVZ
[01:49:43] [374/459] MATE
[01:49:44] [375/459] RDCN
[01:49:44] [376/459] ASBL
[01:49:45] [377/459] ASVS
[01:49:46] [378/459] ASSR
[01:49:47] [379/459] SSKN
[01:49:48] [380/459] DRPV
[01:49:49] [381/459] MRHT
[01:49:49] [382/459] BSCN
[01:49:50] [383/459] RKNX
[01:49:51] [384/459] MSMC
[01:49:52] [385/459] MSCJ
[01:49:53] [386/459] BTBJ
[01:49:54] [387/459] MJCC
[01:49:55] [388/459] IOMM
[01:49:56] [389/459] ADGR
[01:49:57] [390/459] MYCP
[01:49:57] [391/459] IGCM
[01:49:58] [392/459] PGRK
[01:49:59] [393/459] VPGO
[01:50:00] [394/459] KOMS
[01:50:01] [395/459] URGG
[01:50:02] [396/459] GOST
[01:50:03] [397/459] LACT
[01:50:04] [398/459] BWCM
[01:50:04] [399/459] NCCW
[01:50:05] [400/459] SKYC
[01:50:06] [401/459] CCPM
[01:50:07] [402/459] VCBT
[01:50:08] [403/459] SDKR
[01:50:09] [404/459] CTYB
[01:50:09] [405/459] SHCX
[01:50:11] [406/459] RCUN
[01:50:12] [407/459] CNRA
[01:50:12] [408/459] RFCA
[01:50:13] [409/459] RDCU
[01:50:15] [410/459] SARK
[01:50:16] [411/459] SPPP
[01:50:17] [412/459] ADMB
[01:50:18] [413/459] JYOE
[01:50:19] [414/459] SRMD
[01:50:20] [415/459] RJDH
[01:50:21] [416/459] SSTD
[01:50:22] [417/459] AACV
[01:50:23] [418/459] PPVD
[01:50:24] [419/459] STCP
[01:50:26] [420/459] ANJR
[01:50:27] [421/459] ANLS
[01:50:28] [422/459] BIJO
[01:50:29] [423/459] AVAB
[01:50:29] [424/459] SPMD
[01:50:30] [425/459] SVJL
[01:50:31] [426/459] SDDJ
[01:50:31] [427/459] SLTU
[01:50:32] [428/459] SAKA
[01:50:33] [429/459] PMAM
[01:50:34] [430/459] FNAM
[01:50:35] [431/459] ACAM
[01:50:36] [432/459] SCMM
[01:50:37] [433/459] PMAK
[01:50:37] [434/459] NYSA
[01:50:39] [435/459] FCPA
[01:50:40] [436/459] GDAN
[01:50:40] [437/459] RSCA
[01:50:41] [438/459] DMAN
[01:50:42] [439/459] DZCM
[01:50:43] [440/459] NSGL
[01:50:44] [441/459] CCPP
[01:50:44] [442/459] PSMG
[01:50:45] [443/459] GSER
[01:50:46] [444/459] FCCT
[01:50:47] [445/459] FCTB
[01:50:48] [446/459] LCNK
[01:50:49] [447/459] SKTY
[01:50:50] [448/459] INAA
[01:50:51] [449/459] RCWN
[01:50:52] [450/459] VAIS
[01:50:52] [451/459] CVMN
[01:50:53] [452/459] INTS
[01:50:54] [453/459] FRGS
[01:50:55] [454/459] DTCK
[01:50:56] [455/459] MCMH
[01:50:56] [456/459] ECRR
[01:50:57] [457/459] RLLP
[01:50:58] [458/459] CCSN
[01:50:59] [459/459] CCBA
[01:51:00] ✅ DONE | Shows=0 | Movies=0
[02:41:45] 🚀 BMS DAILY TRACKER STARTED
[02:41:45] [1/459] MBDC
[02:41:45] 🧠 New identity
[02:41:46] [2/459] CHKM
[02:41:47] [3/459] JTKZ
[02:41:48] [4/459] CMCT
[02:41:49] [5/459] ASHO
[02:41:50] [6/459] ECDG
[02:41:50] [7/459] SPAT
[02:41:51] [8/459] HILC
[02:41:52] [9/459] SPPH
[02:41:53] [10/459] SBHN
[02:41:54] [11/459] RRCA
[02:41:55] [12/459] APAA
[02:41:56] [13/459] RAME
[02:41:56] [14/459] TMMS
[02:41:57] [15/459] BATK
[02:41:58] [16/459] LKOP
[02:41:59] [17/459] AMTT
[02:42:00] [18/459] PTGK
[02:42:01] [19/459] ANRS
[02:42:02] [20/459] VWBW
[02:42:03] [21/459] SVFG
[02:42:04] [22/459] STAT
[02:42:05] [23/459] GDCV
[02:42:06] [24/459] VEBI
[02:42:07] [25/459] VDSS
[02:42:08] [26/459] NTHV
[02:42:09] [27/459] AOCH
[02:42:10] [28/459] KASR
[02:42:12] [29/459] AYCS
[02:42:12] [30/459] SHAI
[02:42:13] [31/459] SKPE
[02:42:14] [32/459] SBTA
[02:42:15] [33/459] RTTD
[02:42:16] [34/459] CCJD
[02:42:17] [35/459] RSJJ
[02:42:17] [36/459] RKND
[02:42:18] [37/459] SVTX
[02:42:19] [38/459] BAKM
[02:42:20] [39/459] SVDC
[02:42:21] [40/459] MNCV
[02:42:21] [41/459] SJGC
[02:42:23] [42/459] MTPK
[02:42:24] [43/459] GATP
[02:42:25] [44/459] ABTS
[02:42:26] [45/459] ABDE
[02:42:27] [46/459] RCNM
[02:42:28] [47/459] KTHV
[02:42:29] [48/459] MDGJ
[02:42:30] [49/459] SMLM
[02:42:31] [50/459] JTMA
[02:42:31] [51/459] ACKP
[02:42:32] [52/459] SRTA
[02:42:34] [53/459] STAY
[02:42:34] [54/459] MAVO
[02:42:35] [55/459] APTS
[02:42:36] [56/459] OMEA
[02:42:37] [57/459] TTFD
[02:42:38] [58/459] MJCU
[02:42:38] [59/459] CXTE
[02:42:39] [60/459] CTPX
[02:42:41] [61/459] ASSL
[02:42:42] [62/459] CMVB
[02:42:43] [63/459] VPUR
[02:42:44] [64/459] JJDA
[02:42:45] [65/459] INBL
[02:42:45] [66/459] BIKB
[02:42:46] [67/459] NTBB
[02:42:48] [68/459] GLOB
[02:42:49] [69/459] SNTB
[02:42:50] [70/459] CHGV
[02:42:51] [71/459] SSBZ
[02:42:52] [72/459] PRDB
[02:42:53] [73/459] ISMT
[02:42:53] [74/459] MCSD
[02:42:54] [75/459] JBTT
[02:42:55] [76/459] GEKR
[02:42:56] [77/459] PVUN
[02:42:57] [78/459] NRTB
[02:42:57] [79/459] PRAA
[02:42:58] [80/459] PCBL
[02:42:59] [81/459] PTCM
[02:43:00] [82/459] KHNN
[02:43:02] [83/459] OMJE
[02:43:03] [84/459] STGN
[02:43:04] [85/459] RPMS
[02:43:05] [86/459] NWAD
[02:43:06] [87/459] BLCK
[02:43:07] [88/459] SVAA
[02:43:09] [89/459] URVM
[02:43:09] [90/459] ANTM
[02:43:10] [91/459] VJYM
[02:43:11] [92/459] MAZZ
[02:43:12] [93/459] CSHM
[02:43:13] [94/459] WGMH
[02:43:13] [95/459] SALN
[02:43:14] [96/459] BRTP
[02:43:15] [97/459] SVTA
[02:43:16] [98/459] SBTP
[02:43:17] [99/459] VLSS
[02:43:18] [100/459] SRJA
[02:43:18] [101/459] ANCG
[02:43:19] [102/459] CGGC
[02:43:20] [103/459] CRJA
[02:43:20] [104/459] USCR
[02:43:21] [105/459] MMEF
[02:43:22] [106/459] JCRJ
[02:43:23] [107/459] ADCM
[02:43:24] [108/459] BMYK
[02:43:25] [109/459] KICS
[02:43:26] [110/459] MBBT
[02:43:27] [111/459] MACK
[02:43:27] [112/459] CLDR
[02:43:28] [113/459] JYCR
[02:43:30] [114/459] DCRP
[02:43:31] [115/459] RAHT
[02:43:32] [116/459] CSSM
[02:43:33] [117/459] ATPK
[02:43:34] [118/459] KLRT
[02:43:35] [119/459] SRDD
[02:43:36] [120/459] CKMC
[02:43:37] [121/459] KRVM
[02:43:37] [122/459] AKCP
[02:43:38] [123/459] CNCV
[02:43:40] [124/459] PACT
[02:43:41] [125/459] NATP
[02:43:41] [126/459] PCPK
[02:43:42] [127/459] SMHO
[02:43:43] [128/459] CWTK
[02:43:44] [129/459] RVKZ
[02:43:45] [130/459] ASPD
[02:43:46] [131/459] VTKZ
[02:43:47] [132/459] LCSO
[02:43:47] [133/459] PRDY
[02:43:48] [134/459] RCAP
[02:43:49] [135/459] RGAR
[02:43:50] [136/459] RCAC
[02:43:51] [137/459] PMOD
[02:43:52] [138/459] PVCN
[02:43:53] [139/459] SCRZ
[02:43:55] [140/459] PVPC
[02:43:56] [141/459] STID
[02:43:57] [142/459] NEDD
[02:43:58] [143/459] BNBA
[02:43:59] [144/459] NTCD
[02:44:00] [145/459] OCDE
[02:44:00] [146/459] CCDU
[02:44:01] [147/459] CRXH
[02:44:02] [148/459] VLVT
[02:44:03] [149/459] CICI
[02:44:03] [150/459] SUCB
[02:44:04] [151/459] TCBP
[02:44:05] [152/459] SCCY
[02:44:06] [153/459] LXCY
[02:44:06] [154/459] NCMD
[02:44:07] [155/459] PHCS
[02:44:08] [156/459] DUXR
[02:44:09] [157/459] VNKS
[02:44:10] [158/459] SEDP
[02:44:11] [159/459] SVEN
[02:44:12] [160/459] SRKM
[02:44:13] [161/459] JTLT
[02:44:14] [162/459] SVSS
[02:44:15] [163/459] AMDE
[02:44:15] [164/459] WVRN
[02:44:16] [165/459] ISMG
[02:44:17] [166/459] WVKS
[02:44:18] [167/459] USCG
[02:44:19] [168/459] IOTG
[02:44:20] [169/459] RRJM
[02:44:20] [170/459] EDMP
[02:44:22] [171/459] SCGZ
[02:44:23] [172/459] GMGX
[02:44:24] [173/459] OMTP
[02:44:24] [174/459] MITD
[02:44:25] [175/459] SMMD
[02:44:26] [176/459] STML
[02:44:27] [177/459] MCFS
[02:44:28] [178/459] FPKA
[02:44:29] [179/459] OMLR
[02:44:30] [180/459] KKSC
[02:44:31] [181/459] RVMA
[02:44:31] [182/459] SCLL
[02:44:32] [183/459] SCDK
[02:44:33] [184/459] SXMI
[02:44:34] [185/459] SHDN
[02:44:35] [186/459] PAAD
[02:44:36] [187/459] UUCB
[02:44:37] [188/459] JHOL
[02:44:37] [189/459] SGWT
[02:44:38] [190/459] SRII
[02:44:39] [191/459] SGCK
[02:44:40] [192/459] SVVB
[02:44:41] [193/459] DMHA
[02:44:41] [194/459] PPNL
[02:44:42] [195/459] CPNL
[02:44:43] [196/459] WVLD
[02:44:44] [197/459] PSLV
[02:44:45] [198/459] VTTL
[02:44:46] [199/459] NPAD
[02:44:46] [200/459] PVCS
[02:44:47] [201/459] MCHL
[02:44:48] [202/459] PPLL
[02:44:49] [203/459] MALO
[02:44:51] [204/459] SWBH
[02:44:52] [205/459] PUGB
[02:44:53] [206/459] INBB
[02:44:54] [207/459] INNS
[02:44:55] [208/459] MCPT
[02:44:56] [209/459] SCMI
[02:44:57] [210/459] OCON
[02:44:57] [211/459] SCSM
[02:44:58] [212/459] RJVN
[02:44:59] [213/459] AMDK
[02:45:00] [214/459] ISMR
[02:45:00] [215/459] SMTD
[02:45:02] [216/459] VTDD
[02:45:03] [217/459] PDDZ
[02:45:03] [218/459] PCCK
[02:45:04] [219/459] INAM
[02:45:05] [220/459] FNKT
[02:45:06] [221/459] GDKA
[02:45:07] [222/459] MAYU
[02:45:08] [223/459] TCGU
[02:45:09] [224/459] KDCA
[02:45:10] [225/459] DOMY
[02:45:11] [226/459] PDDD
[02:45:12] [227/459] BJTS
[02:45:13] [228/459] VTCA
[02:45:13] [229/459] SBTM
[02:45:14] [230/459] SEET
[02:45:15] [231/459] SSTJ
[02:45:16] [232/459] SVNT
[02:45:17] [233/459] PPPR
[02:45:18] [234/459] PVYS
[02:45:19] [235/459] IOSE
[02:45:20] [236/459] ACTV
[02:45:20] [237/459] APVE
[02:45:21] [238/459] TCCL
[02:45:22] [239/459] SCMO
[02:45:23] [240/459] SAUM
[02:45:24] [241/459] KCJS
[02:45:26] [242/459] NJCJ
[02:45:26] [243/459] NECF
[02:45:27] [244/459] CCGW
[02:45:28] [245/459] CCMG
[02:45:29] [246/459] NYRG
[02:45:30] [247/459] NCSQ
[02:45:31] [248/459] GRCG
[02:45:31] [249/459] CCBT
[02:45:32] [250/459] ACGA
[02:45:33] [251/459] INAG
[02:45:35] [252/459] FUCG
[02:45:36] [253/459] AICF
[02:45:36] [254/459] GRGA
[02:45:37] [255/459] GDCN
[02:45:39] [256/459] RRCG
[02:45:40] [257/459] SDCH
[02:45:41] [258/459] WVJM
[02:45:41] [259/459] JCCZ
[02:45:42] [260/459] CNCL
[02:45:43] [261/459] TMLV
[02:45:45] [262/459] MEMB
[02:45:46] [263/459] SGTD
[02:45:46] [264/459] CONX
[02:45:47] [265/459] CCMH
[02:45:48] [266/459] ACMC
[02:45:49] [267/459] DTPD
[02:45:50] [268/459] POJA
[02:45:51] [269/459] FNBH
[02:45:51] [270/459] CGCB
[02:45:52] [271/459] RACN
[02:45:53] [272/459] JTSM
[02:45:54] [273/459] SCDN
[02:45:56] [274/459] AACK
[02:45:56] [275/459] RMCE
[02:45:57] [276/459] BSGB
[02:45:58] [277/459] MRCB
[02:45:59] [278/459] SRVR
[02:46:00] [279/459] VTKK
[02:46:01] [280/459] AMST
[02:46:02] [281/459] APCY
[02:46:03] [282/459] LMHO
[02:46:04] [283/459] MTZH
[02:46:05] [284/459] AMZB
[02:46:05] [285/459] SUVT
[02:46:06] [286/459] RCIP
[02:46:07] [287/459] KESR
[02:46:08] [288/459] SNKC
[02:46:09] [289/459] SCED
[02:46:10] [290/459] DVCA
[02:46:10] [291/459] VCDT
[02:46:11] [292/459] RRDI
[02:46:12] [293/459] DFCH
[02:46:13] [294/459] INSC
[02:46:13] [295/459] RGTR
[02:46:14] [296/459] FMOT
[02:46:15] [297/459] SCPM
[02:46:16] [298/459] GCDT
[02:46:17] [299/459] BRKT
[02:46:17] [300/459] DEMP
[02:46:18] [301/459] SRLC
[02:46:19] [302/459] KSTT
[02:46:20] [303/459] SMMT
[02:46:21] [304/459] SILM
[02:46:22] [305/459] JCVM
[02:46:23] [306/459] KCSV
[02:46:23] [307/459] MHLK
[02:46:24] [308/459] SLVL
[02:46:25] [309/459] RJKP
[02:46:26] [310/459] BBPC
[02:46:28] [311/459] MXCB
[02:46:28] [312/459] TCPK
[02:46:29] [313/459] RTBR
[02:46:30] [314/459] GAUT
[02:46:30] [315/459] DVCF
[02:46:31] [316/459] JTSB
[02:46:32] [317/459] SBLS
[02:46:33] [318/459] UDAY
[02:46:33] [319/459] PTNP
[02:46:34] [320/459] DMKT
[02:46:35] [321/459] NTDT
[02:46:37] [322/459] SHDJ
[02:46:37] [323/459] OTNC
[02:46:38] [324/459] RNTW
[02:46:39] [325/459] GCMI
[02:46:40] [326/459] CRCM
[02:46:41] [327/459] NNCZ
[02:46:42] [328/459] OEMO
[02:46:43] [329/459] PVJM
[02:46:43] [330/459] CPJI
[02:46:44] [331/459] RMCJ
[02:46:45] [332/459] CNWJ
[02:46:46] [333/459] EPJM
[02:46:46] [334/459] FNJJ
[02:46:47] [335/459] GCMJ
[02:46:48] [336/459] INPS
[02:46:48] [337/459] BICJ
[02:46:49] [338/459] ISTJ
[02:46:50] [339/459] INJC
[02:46:52] [340/459] GLXJ
[02:46:53] [341/459] INEM
[02:46:54] [342/459] JTMN
[02:46:54] [343/459] FRCJ
[02:46:55] [344/459] DDJP
[02:46:56] [345/459] INJV
[02:46:57] [346/459] GOLC
[02:46:58] [347/459] KOCI
[02:46:59] [348/459] FSTD
[02:47:00] [349/459] PACJ
[02:47:00] [350/459] GMCN
[02:47:02] [351/459] MMDJ
[02:47:03] [352/459] GODH
[02:47:04] [353/459] SKYN
[02:47:05] [354/459] NCTH
[02:47:06] [355/459] SKVZ
[02:47:07] [356/459] SVML
[02:47:08] [357/459] ACVZ
[02:47:10] [358/459] SURA
[02:47:11] [359/459] RTRB
[02:47:11] [360/459] LLCT
[02:47:12] [361/459] ATTS
[02:47:13] [362/459] JYCM
[02:47:14] [363/459] CTKR
[02:47:15] [364/459] LCKR
[02:47:16] [365/459] NYCV
[02:47:16] [366/459] NYOH
[02:47:17] [367/459] NOVX
[02:47:18] [368/459] MRGK
[02:47:19] [369/459] MOON
[02:47:20] [370/459] SBUC
[02:47:21] [371/459] GSVA
[02:47:23] [372/459] VIAK
[02:47:23] [373/459] SMVZ
[02:47:25] [374/459] MATE
[02:47:26] [375/459] RDCN
[02:47:27] [376/459] ASBL
[02:47:28] [377/459] ASVS
[02:47:28] [378/459] ASSR
[02:47:29] [379/459] SSKN
[02:47:30] [380/459] DRPV
[02:47:31] [381/459] MRHT
[02:47:32] [382/459] BSCN
[02:47:33] [383/459] RKNX
[02:47:34] [384/459] MSMC
[02:47:35] [385/459] MSCJ
[02:47:36] [386/459] BTBJ
[02:47:37] [387/459] MJCC
[02:47:38] [388/459] IOMM
[02:47:39] [389/459] ADGR
[02:47:40] [390/459] MYCP
[02:47:41] [391/459] IGCM
[02:47:42] [392/459] PGRK
[02:47:42] [393/459] VPGO
[02:47:43] [394/459] KOMS
[02:47:44] [395/459] URGG
[02:47:45] [396/459] GOST
[02:47:46] [397/459] LACT
[02:47:47] [398/459] BWCM
[02:47:47] [399/459] NCCW
[02:47:48] [400/459] SKYC
[02:47:49] [401/459] CCPM
[02:47:50] [402/459] VCBT
[02:47:51] [403/459] SDKR
[02:47:52] [404/459] CTYB
[02:47:53] [405/459] SHCX
[02:47:54] [406/459] RCUN
[02:47:54] [407/459] CNRA
[02:47:55] [408/459] RFCA
[02:47:56] [409/459] RDCU
[02:47:57] [410/459] SARK
[02:47:58] [411/459] SPPP
[02:47:59] [412/459] ADMB
[02:47:59] [413/459] JYOE
[02:48:00] [414/459] SRMD
[02:48:01] [415/459] RJDH
[02:48:03] [416/459] SSTD
[02:48:03] [417/459] AACV
[02:48:04] [418/459] PPVD
[02:48:05] [419/459] STCP
[02:48:06] [420/459] ANJR
[02:48:07] [421/459] ANLS
[02:48:08] [422/459] BIJO
[02:48:09] [423/459] AVAB
[02:48:10] [424/459] SPMD
[02:48:11] [425/459] SVJL
[02:48:12] [426/459] SDDJ
[02:48:13] [427/459] SLTU
[02:48:13] [428/459] SAKA
[02:48:14] [429/459] PMAM
[02:48:15] [430/459] FNAM
[02:48:16] [431/459] ACAM
[02:48:17] [432/459] SCMM
[02:48:18] [433/459] PMAK
[02:48:18] [434/459] NYSA
[02:48:19] [435/459] FCPA
[02:48:20] [436/459] GDAN
[02:48:21] [437/459] RSCA
[02:48:22] [438/459] DMAN
[02:48:22] [439/459] DZCM
[02:48:24] [440/459] NSGL
[02:48:25] [441/459] CCPP
[02:48:27] [442/459] PSMG
[02:48:27] [443/459] GSER
[02:48:28] [444/459] FCCT
[02:48:29] [445/459] FCTB
[02:48:30] [446/459] LCNK
[02:48:31] [447/459] SKTY
[02:48:31] [448/459] INAA
[02:48:32] [449/459] RCWN
[02:48:33] [450/459] VAIS
[02:48:33] [451/459] CVMN
[02:48:34] [452/459] INTS
[02:48:35] [453/459] FRGS
[02:48:36] [454/459] DTCK
[02:48:37] [455/459] MCMH
[02:48:37] [456/459] ECRR
[02:48:39] [457/459] RLLP
[02:48:40] [458/459] CCSN
[02:48:41] [459/459] CCBA
[02:48:42] ✅ DONE | Shows=0 | Movies=0
[03:42:55] 🚀 BMS DAILY TRACKER STARTED
[03:42:55] [1/459] MBDC
[03:42:56] 🧠 New identity
[03:42:56] [2/459] CHKM
[03:42:58] [3/459] JTKZ
[03:42:59] [4/459] CMCT
[03:43:00] [5/459] ASHO
[03:43:00] [6/459] ECDG
[03:43:01] [7/459] SPAT
[03:43:02] [8/459] HILC
[03:43:03] [9/459] SPPH
[03:43:04] [10/459] SBHN
[03:43:05] [11/459] RRCA
[03:43:06] [12/459] APAA
[03:43:07] [13/459] RAME
[03:43:08] [14/459] TMMS
[03:43:08] [15/459] BATK
[03:43:09] [16/459] LKOP
[03:43:10] [17/459] AMTT
[03:43:11] [18/459] PTGK
[03:43:12] [19/459] ANRS
[03:43:12] [20/459] VWBW
[03:43:14] [21/459] SVFG
[03:43:16] [22/459] STAT
[03:43:16] [23/459] GDCV
[03:43:17] [24/459] VEBI
[03:43:18] [25/459] VDSS
[03:43:18] [26/459] NTHV
[03:43:19] [27/459] AOCH
[03:43:21] [28/459] KASR
[03:43:21] [29/459] AYCS
[03:43:22] [30/459] SHAI
[03:43:24] [31/459] SKPE
[03:43:25] [32/459] SBTA
[03:43:26] [33/459] RTTD
[03:43:26] [34/459] CCJD
[03:43:28] [35/459] RSJJ
[03:43:29] [36/459] RKND
[03:43:29] [37/459] SVTX
[03:43:30] [38/459] BAKM
[03:43:31] [39/459] SVDC
[03:43:32] [40/459] MNCV
[03:43:33] [41/459] SJGC
[03:43:33] [42/459] MTPK
[03:43:34] [43/459] GATP
[03:43:35] [44/459] ABTS
[03:43:36] [45/459] ABDE
[03:43:37] [46/459] RCNM
[03:43:37] [47/459] KTHV
[03:43:38] [48/459] MDGJ
[03:43:39] [49/459] SMLM
[03:43:40] [50/459] JTMA
[03:43:41] [51/459] ACKP
[03:43:41] [52/459] SRTA
[03:43:42] [53/459] STAY
[03:43:43] [54/459] MAVO
[03:43:43] [55/459] APTS
[03:43:44] [56/459] OMEA
[03:43:45] [57/459] TTFD
[03:43:46] [58/459] MJCU
[03:43:47] [59/459] CXTE
[03:43:48] [60/459] CTPX
[03:43:48] [61/459] ASSL
[03:43:49] [62/459] CMVB
[03:43:50] [63/459] VPUR
[03:43:51] [64/459] JJDA
[03:43:52] [65/459] INBL
[03:43:53] [66/459] BIKB
[03:43:53] [67/459] NTBB
[03:43:54] [68/459] GLOB
[03:43:55] [69/459] SNTB
[03:43:57] [70/459] CHGV
[03:43:58] [71/459] SSBZ
[03:43:59] [72/459] PRDB
[03:44:00] [73/459] ISMT
[03:44:01] [74/459] MCSD
[03:44:02] [75/459] JBTT
[03:44:02] [76/459] GEKR
[03:44:03] [77/459] PVUN
[03:44:05] [78/459] NRTB
[03:44:05] [79/459] PRAA
[03:44:06] [80/459] PCBL
[03:44:07] [81/459] PTCM
[03:44:09] [82/459] KHNN
[03:44:09] [83/459] OMJE
[03:44:10] [84/459] STGN
[03:44:11] [85/459] RPMS
[03:44:12] [86/459] NWAD
[03:44:13] [87/459] BLCK
[03:44:14] [88/459] SVAA
[03:44:14] [89/459] URVM
[03:44:15] [90/459] ANTM
[03:44:17] [91/459] VJYM
[03:44:17] [92/459] MAZZ
[03:44:18] [93/459] CSHM
[03:44:19] [94/459] WGMH
[03:44:20] [95/459] SALN
[03:44:21] [96/459] BRTP
[03:44:21] [97/459] SVTA
[03:44:22] [98/459] SBTP
[03:44:23] [99/459] VLSS
[03:44:24] [100/459] SRJA
[03:44:25] [101/459] ANCG
[03:44:26] [102/459] CGGC
[03:44:27] [103/459] CRJA
[03:44:28] [104/459] USCR
[03:44:28] [105/459] MMEF
[03:44:29] [106/459] JCRJ
[03:44:30] [107/459] ADCM
[03:44:31] [108/459] BMYK
[03:44:32] [109/459] KICS
[03:44:33] [110/459] MBBT
[03:44:33] [111/459] MACK
[03:44:34] [112/459] CLDR
[03:44:35] [113/459] JYCR
[03:44:36] [114/459] DCRP
[03:44:37] [115/459] RAHT
[03:44:38] [116/459] CSSM
[03:44:39] [117/459] ATPK
[03:44:40] [118/459] KLRT
[03:44:41] [119/459] SRDD
[03:44:42] [120/459] CKMC
[03:44:43] [121/459] KRVM
[03:44:44] [122/459] AKCP
[03:44:45] [123/459] CNCV
[03:44:46] [124/459] PACT
[03:44:47] [125/459] NATP
[03:44:49] [126/459] PCPK
[03:44:50] [127/459] SMHO
[03:44:50] [128/459] CWTK
[03:44:51] [129/459] RVKZ
[03:44:52] [130/459] ASPD
[03:44:53] [131/459] VTKZ
[03:44:54] [132/459] LCSO
[03:44:55] [133/459] PRDY
[03:44:55] [134/459] RCAP
[03:44:56] [135/459] RGAR
[03:44:57] [136/459] RCAC
[03:44:58] [137/459] PMOD
[03:44:59] [138/459] PVCN
[03:45:00] [139/459] SCRZ
[03:45:01] [140/459] PVPC
[03:45:02] [141/459] STID
[03:45:03] [142/459] NEDD
[03:45:04] [143/459] BNBA
[03:45:05] [144/459] NTCD
[03:45:06] [145/459] OCDE
[03:45:07] [146/459] CCDU
[03:45:08] [147/459] CRXH
[03:45:09] [148/459] VLVT
[03:45:10] [149/459] CICI
[03:45:11] [150/459] SUCB
[03:45:11] [151/459] TCBP
[03:45:12] [152/459] SCCY
[03:45:13] [153/459] LXCY
[03:45:14] [154/459] NCMD
[03:45:14] [155/459] PHCS
[03:45:15] [156/459] DUXR
[03:45:16] [157/459] VNKS
[03:45:17] [158/459] SEDP
[03:45:18] [159/459] SVEN
[03:45:19] [160/459] SRKM
[03:45:20] [161/459] JTLT
[03:45:21] [162/459] SVSS
[03:45:22] [163/459] AMDE
[03:45:22] [164/459] WVRN
[03:45:23] [165/459] ISMG
[03:45:25] [166/459] WVKS
[03:45:26] [167/459] USCG
[03:45:27] [168/459] IOTG
[03:45:27] [169/459] RRJM
[03:45:28] [170/459] EDMP
[03:45:29] [171/459] SCGZ
[03:45:30] [172/459] GMGX
[03:45:30] [173/459] OMTP
[03:45:31] [174/459] MITD
[03:45:32] [175/459] SMMD
[03:45:33] [176/459] STML
[03:45:33] [177/459] MCFS
[03:45:34] [178/459] FPKA
[03:45:35] [179/459] OMLR
[03:45:36] [180/459] KKSC
[03:45:36] [181/459] RVMA
[03:45:37] [182/459] SCLL
[03:45:38] [183/459] SCDK
[03:45:39] [184/459] SXMI
[03:45:40] [185/459] SHDN
[03:45:41] [186/459] PAAD
[03:45:41] [187/459] UUCB
[03:45:42] [188/459] JHOL
[03:45:43] [189/459] SGWT
[03:45:44] [190/459] SRII
[03:45:45] [191/459] SGCK
[03:45:46] [192/459] SVVB
[03:45:47] [193/459] DMHA
[03:45:48] [194/459] PPNL
[03:45:49] [195/459] CPNL
[03:45:50] [196/459] WVLD
[03:45:50] [197/459] PSLV
[03:45:51] [198/459] VTTL
[03:45:52] [199/459] NPAD
[03:45:53] [200/459] PVCS
[03:45:54] [201/459] MCHL
[03:45:55] [202/459] PPLL
[03:45:55] [203/459] MALO
[03:45:56] [204/459] SWBH
[03:45:57] [205/459] PUGB
[03:45:58] [206/459] INBB
[03:46:00] [207/459] INNS
[03:46:01] [208/459] MCPT
[03:46:01] [209/459] SCMI
[03:46:02] [210/459] OCON
[03:46:03] [211/459] SCSM
[03:46:05] [212/459] RJVN
[03:46:05] [213/459] AMDK
[03:46:06] [214/459] ISMR
[03:46:07] [215/459] SMTD
[03:46:08] [216/459] VTDD
[03:46:09] [217/459] PDDZ
[03:46:10] [218/459] PCCK
[03:46:11] [219/459] INAM
[03:46:12] [220/459] FNKT
[03:46:13] [221/459] GDKA
[03:46:13] [222/459] MAYU
[03:46:14] [223/459] TCGU
[03:46:15] [224/459] KDCA
[03:46:16] [225/459] DOMY
[03:46:16] [226/459] PDDD
[03:46:18] [227/459] BJTS
[03:46:19] [228/459] VTCA
[03:46:19] [229/459] SBTM
[03:46:20] [230/459] SEET
[03:46:21] [231/459] SSTJ
[03:46:22] [232/459] SVNT
[03:46:23] [233/459] PPPR
[03:46:24] [234/459] PVYS
[03:46:25] [235/459] IOSE
[03:46:26] [236/459] ACTV
[03:46:27] [237/459] APVE
[03:46:28] [238/459] TCCL
[03:46:29] [239/459] SCMO
[03:46:30] [240/459] SAUM
[03:46:30] [241/459] KCJS
[03:46:31] [242/459] NJCJ
[03:46:32] [243/459] NECF
[03:46:34] [244/459] CCGW
[03:46:34] [245/459] CCMG
[03:46:35] [246/459] NYRG
[03:46:36] [247/459] NCSQ
[03:46:37] [248/459] GRCG
[03:46:38] [249/459] CCBT
[03:46:38] [250/459] ACGA
[03:46:39] [251/459] INAG
[03:46:40] [252/459] FUCG
[03:46:41] [253/459] AICF
[03:46:41] [254/459] GRGA
[03:46:42] [255/459] GDCN
[03:46:43] [256/459] RRCG
[03:46:44] [257/459] SDCH
[03:46:45] [258/459] WVJM
[03:46:46] [259/459] JCCZ
[03:46:46] [260/459] CNCL
[03:46:47] [261/459] TMLV
[03:46:48] [262/459] MEMB
[03:46:49] [263/459] SGTD
[03:46:49] [264/459] CONX
[03:46:51] [265/459] CCMH
[03:46:52] [266/459] ACMC
[03:46:53] [267/459] DTPD
[03:46:54] [268/459] POJA
[03:46:55] [269/459] FNBH
[03:46:55] [270/459] CGCB
[03:46:56] [271/459] RACN
[03:46:57] [272/459] JTSM
[03:46:58] [273/459] SCDN
[03:46:59] [274/459] AACK
[03:47:00] [275/459] RMCE
[03:47:00] [276/459] BSGB
[03:47:01] [277/459] MRCB
[03:47:02] [278/459] SRVR
[03:47:03] [279/459] VTKK
[03:47:03] [280/459] AMST
[03:47:04] [281/459] APCY
[03:47:05] [282/459] LMHO
[03:47:06] [283/459] MTZH
[03:47:07] [284/459] AMZB
[03:47:07] [285/459] SUVT
[03:47:08] [286/459] RCIP
[03:47:09] [287/459] KESR
[03:47:10] [288/459] SNKC
[03:47:10] [289/459] SCED
[03:47:11] [290/459] DVCA
[03:47:12] [291/459] VCDT
[03:47:13] [292/459] RRDI
[03:47:14] [293/459] DFCH
[03:47:16] [294/459] INSC
[03:47:16] [295/459] RGTR
[03:47:17] [296/459] FMOT
[03:47:18] [297/459] SCPM
[03:47:19] [298/459] GCDT
[03:47:20] [299/459] BRKT
[03:47:21] [300/459] DEMP
[03:47:22] [301/459] SRLC
[03:47:23] [302/459] KSTT
[03:47:24] [303/459] SMMT
[03:47:24] [304/459] SILM
[03:47:25] [305/459] JCVM
[03:47:26] [306/459] KCSV
[03:47:28] [307/459] MHLK
[03:47:29] [308/459] SLVL
[03:47:29] [309/459] RJKP
[03:47:30] [310/459] BBPC
[03:47:31] [311/459] MXCB
[03:47:32] [312/459] TCPK
[03:47:33] [313/459] RTBR
[03:47:34] [314/459] GAUT
[03:47:35] [315/459] DVCF
[03:47:35] [316/459] JTSB
[03:47:36] [317/459] SBLS
[03:47:37] [318/459] UDAY
[03:47:38] [319/459] PTNP
[03:47:39] [320/459] DMKT
[03:47:40] [321/459] NTDT
[03:47:40] [322/459] SHDJ
[03:47:41] [323/459] OTNC
[03:47:42] [324/459] RNTW
[03:47:43] [325/459] GCMI
[03:47:44] [326/459] CRCM
[03:47:44] [327/459] NNCZ
[03:47:45] [328/459] OEMO
[03:47:46] [329/459] PVJM
[03:47:47] [330/459] CPJI
[03:47:48] [331/459] RMCJ
[03:47:49] [332/459] CNWJ
[03:47:49] [333/459] EPJM
[03:47:50] [334/459] FNJJ
[03:47:52] [335/459] GCMJ
[03:47:53] [336/459] INPS
[03:47:53] [337/459] BICJ
[03:47:54] [338/459] ISTJ
[03:47:55] [339/459] INJC
[03:47:56] [340/459] GLXJ
[03:47:58] [341/459] INEM
[03:47:58] [342/459] JTMN
[03:47:59] [343/459] FRCJ
[03:48:00] [344/459] DDJP
[03:48:02] [345/459] INJV
[03:48:03] [346/459] GOLC
[03:48:03] [347/459] KOCI
[03:48:04] [348/459] FSTD
[03:48:05] [349/459] PACJ
[03:48:06] [350/459] GMCN
[03:48:07] [351/459] MMDJ
[03:48:08] [352/459] GODH
[03:48:08] [353/459] SKYN
[03:48:09] [354/459] NCTH
[03:48:10] [355/459] SKVZ
[03:48:11] [356/459] SVML
[03:48:12] [357/459] ACVZ
[03:48:13] [358/459] SURA
[03:48:13] [359/459] RTRB
[03:48:14] [360/459] LLCT
[03:48:15] [361/459] ATTS
[03:48:16] [362/459] JYCM
[03:48:16] [363/459] CTKR
[03:48:17] [364/459] LCKR
[03:48:18] [365/459] NYCV
[03:48:19] [366/459] NYOH
[03:48:20] [367/459] NOVX
[03:48:21] [368/459] MRGK
[03:48:21] [369/459] MOON
[03:48:22] [370/459] SBUC
[03:48:23] [371/459] GSVA
[03:48:24] [372/459] VIAK
[03:48:24] [373/459] SMVZ
[03:48:26] [374/459] MATE
[03:48:27] [375/459] RDCN
[03:48:28] [376/459] ASBL
[03:48:28] [377/459] ASVS
[03:48:29] [378/459] ASSR
[03:48:30] [379/459] SSKN
[03:48:31] [380/459] DRPV
[03:48:31] [381/459] MRHT
[03:48:32] [382/459] BSCN
[03:48:33] [383/459] RKNX
[03:48:34] [384/459] MSMC
[03:48:35] [385/459] MSCJ
[03:48:36] [386/459] BTBJ
[03:48:36] [387/459] MJCC
[03:48:37] [388/459] IOMM
[03:48:38] [389/459] ADGR
[03:48:38] [390/459] MYCP
[03:48:39] [391/459] IGCM
[03:48:40] [392/459] PGRK
[03:48:41] [393/459] VPGO
[03:48:42] [394/459] KOMS
[03:48:44] [395/459] URGG
[03:48:44] [396/459] GOST
[03:48:45] [397/459] LACT
[03:48:46] [398/459] BWCM
[03:48:47] [399/459] NCCW
[03:48:48] [400/459] SKYC
[03:48:49] [401/459] CCPM
[03:48:49] [402/459] VCBT
[03:48:50] [403/459] SDKR
[03:48:51] [404/459] CTYB
[03:48:52] [405/459] SHCX
[03:48:53] [406/459] RCUN
[03:48:53] [407/459] CNRA
[03:48:54] [408/459] RFCA
[03:48:55] [409/459] RDCU
[03:48:56] [410/459] SARK
[03:48:57] [411/459] SPPP
[03:48:57] [412/459] ADMB
[03:48:58] [413/459] JYOE
[03:48:59] [414/459] SRMD
[03:49:00] [415/459] RJDH
[03:49:01] [416/459] SSTD
[03:49:02] [417/459] AACV
[03:49:02] [418/459] PPVD
[03:49:03] [419/459] STCP
[03:49:04] [420/459] ANJR
[03:49:05] [421/459] ANLS
[03:49:06] [422/459] BIJO
[03:49:06] [423/459] AVAB
[03:49:07] [424/459] SPMD
[03:49:08] [425/459] SVJL
[03:49:09] [426/459] SDDJ
[03:49:10] [427/459] SLTU
[03:49:11] [428/459] SAKA
[03:49:12] [429/459] PMAM
[03:49:13] [430/459] FNAM
[03:49:14] [431/459] ACAM
[03:49:15] [432/459] SCMM
[03:49:16] [433/459] PMAK
[03:49:17] [434/459] NYSA
[03:49:18] [435/459] FCPA
[03:49:19] [436/459] GDAN
[03:49:20] [437/459] RSCA
[03:49:21] [438/459] DMAN
[03:49:21] [439/459] DZCM
[03:49:22] [440/459] NSGL
[03:49:23] [441/459] CCPP
[03:49:24] [442/459] PSMG
[03:49:25] [443/459] GSER
[03:49:26] [444/459] FCCT
[03:49:26] [445/459] FCTB
[03:49:27] [446/459] LCNK
[03:49:28] [447/459] SKTY
[03:49:29] [448/459] INAA
[03:49:30] [449/459] RCWN
[03:49:30] [450/459] VAIS
[03:49:31] [451/459] CVMN
[03:49:32] [452/459] INTS
[03:49:33] [453/459] FRGS
[03:49:34] [454/459] DTCK
[03:49:35] [455/459] MCMH
[03:49:36] [456/459] ECRR
[03:49:37] [457/459] RLLP
[03:49:38] [458/459] CCSN
[03:49:38] [459/459] CCBA
[03:49:39] ✅ DONE | Shows=9 | Movies=2
[04:42:32] 🚀 BMS DAILY TRACKER STARTED
[04:42:32] [1/459] MBDC
[04:42:33] 🧠 New identity
[04:42:33] [2/459] CHKM
[04:42:34] [3/459] JTKZ
[04:42:36] [4/459] CMCT
[04:42:36] [5/459] ASHO
[04:42:37] [6/459] ECDG
[04:42:38] [7/459] SPAT
[04:42:39] [8/459] HILC
[04:42:40] [9/459] SPPH
[04:42:41] [10/459] SBHN
[04:42:42] [11/459] RRCA
[04:42:42] [12/459] APAA
[04:42:43] [13/459] RAME
[04:42:44] [14/459] TMMS
[04:42:45] [15/459] BATK
[04:42:46] [16/459] LKOP
[04:42:47] [17/459] AMTT
[04:42:47] [18/459] PTGK
[04:42:48] [19/459] ANRS
[04:42:49] [20/459] VWBW
[04:42:50] [21/459] SVFG
[04:42:51] [22/459] STAT
[04:42:51] [23/459] GDCV
[04:42:52] [24/459] VEBI
[04:42:53] [25/459] VDSS
[04:42:54] [26/459] NTHV
[04:42:55] [27/459] AOCH
[04:42:56] [28/459] KASR
[04:42:57] [29/459] AYCS
[04:42:57] [30/459] SHAI
[04:42:58] [31/459] SKPE
[04:42:59] [32/459] SBTA
[04:43:00] [33/459] RTTD
[04:43:01] [34/459] CCJD
[04:43:02] [35/459] RSJJ
[04:43:03] [36/459] RKND
[04:43:03] [37/459] SVTX
[04:43:04] [38/459] BAKM
[04:43:06] [39/459] SVDC
[04:43:07] [40/459] MNCV
[04:43:08] [41/459] SJGC
[04:43:08] [42/459] MTPK
[04:43:09] [43/459] GATP
[04:43:10] [44/459] ABTS
[04:43:11] [45/459] ABDE
[04:43:12] [46/459] RCNM
[04:43:13] [47/459] KTHV
[04:43:13] [48/459] MDGJ
[04:43:14] [49/459] SMLM
[04:43:15] [50/459] JTMA
[04:43:16] [51/459] ACKP
[04:43:17] [52/459] SRTA
[04:43:18] [53/459] STAY
[04:43:19] [54/459] MAVO
[04:43:19] [55/459] APTS
[04:43:20] [56/459] OMEA
[04:43:21] [57/459] TTFD
[04:43:22] [58/459] MJCU
[04:43:23] [59/459] CXTE
[04:43:24] [60/459] CTPX
[04:43:25] [61/459] ASSL
[04:43:25] [62/459] CMVB
[04:43:27] [63/459] VPUR
[04:43:28] [64/459] JJDA
[04:43:29] [65/459] INBL
[04:43:30] [66/459] BIKB
[04:43:31] [67/459] NTBB
[04:43:32] [68/459] GLOB
[04:43:32] [69/459] SNTB
[04:43:33] [70/459] CHGV
[04:43:34] [71/459] SSBZ
[04:43:35] [72/459] PRDB
[04:43:36] [73/459] ISMT
[04:43:37] [74/459] MCSD
[04:43:39] [75/459] JBTT
[04:43:39] [76/459] GEKR
[04:43:40] [77/459] PVUN
[04:43:41] [78/459] NRTB
[04:43:42] [79/459] PRAA
[04:43:42] [80/459] PCBL
[04:43:44] [81/459] PTCM
[04:43:45] [82/459] KHNN
[04:43:46] [83/459] OMJE
[04:43:47] [84/459] STGN
[04:43:48] [85/459] RPMS
[04:43:48] [86/459] NWAD
[04:43:50] [87/459] BLCK
[04:43:51] [88/459] SVAA
[04:43:52] [89/459] URVM
[04:43:53] [90/459] ANTM
[04:43:54] [91/459] VJYM
[04:43:55] [92/459] MAZZ
[04:43:56] [93/459] CSHM
[04:43:57] [94/459] WGMH
[04:43:58] [95/459] SALN
[04:43:58] [96/459] BRTP
[04:43:59] [97/459] SVTA
[04:44:00] [98/459] SBTP
[04:44:01] [99/459] VLSS
[04:44:02] [100/459] SRJA
[04:44:02] [101/459] ANCG
[04:44:03] [102/459] CGGC
[04:44:04] [103/459] CRJA
[04:44:06] [104/459] USCR
[04:44:07] [105/459] MMEF
[04:44:08] [106/459] JCRJ
[04:44:08] [107/459] ADCM
[04:44:10] [108/459] BMYK
[04:44:11] [109/459] KICS
[04:44:12] [110/459] MBBT
[04:44:13] [111/459] MACK
[04:44:13] [112/459] CLDR
[04:44:14] [113/459] JYCR
[04:44:16] [114/459] DCRP
[04:44:18] [115/459] RAHT
[04:44:19] [116/459] CSSM
[04:44:20] [117/459] ATPK
[04:44:20] [118/459] KLRT
[04:44:21] [119/459] SRDD
[04:44:22] [120/459] CKMC
[04:44:23] [121/459] KRVM
[04:44:23] [122/459] AKCP
[04:44:24] [123/459] CNCV
[04:44:25] [124/459] PACT
[04:44:26] [125/459] NATP
[04:44:27] [126/459] PCPK
[04:44:27] [127/459] SMHO
[04:44:28] [128/459] CWTK
[04:44:29] [129/459] RVKZ
[04:44:30] [130/459] ASPD
[04:44:31] [131/459] VTKZ
[04:44:32] [132/459] LCSO
[04:44:32] [133/459] PRDY
[04:44:33] [134/459] RCAP
[04:44:34] [135/459] RGAR
[04:44:35] [136/459] RCAC
[04:44:36] [137/459] PMOD
[04:44:37] [138/459] PVCN
[04:44:37] [139/459] SCRZ
[04:44:38] [140/459] PVPC
[04:44:39] [141/459] STID
[04:44:40] [142/459] NEDD
[04:44:41] [143/459] BNBA
[04:44:42] [144/459] NTCD
[04:44:43] [145/459] OCDE
[04:44:44] [146/459] CCDU
[04:44:45] [147/459] CRXH
[04:44:46] [148/459] VLVT
[04:44:47] [149/459] CICI
[04:44:49] [150/459] SUCB
[04:44:49] [151/459] TCBP
[04:44:50] [152/459] SCCY
[04:44:51] [153/459] LXCY
[04:44:52] [154/459] NCMD
[04:44:53] [155/459] PHCS
[04:44:54] [156/459] DUXR
[04:44:55] [157/459] VNKS
[04:44:56] [158/459] SEDP
[04:44:57] [159/459] SVEN
[04:44:57] [160/459] SRKM
[04:44:59] [161/459] JTLT
[04:45:00] [162/459] SVSS
[04:45:01] [163/459] AMDE
[04:45:02] [164/459] WVRN
[04:45:02] [165/459] ISMG
[04:45:03] [166/459] WVKS
[04:45:04] [167/459] USCG
[04:45:05] [168/459] IOTG
[04:45:06] [169/459] RRJM
[04:45:07] [170/459] EDMP
[04:45:08] [171/459] SCGZ
[04:45:09] [172/459] GMGX
[04:45:10] [173/459] OMTP
[04:45:11] [174/459] MITD
[04:45:12] [175/459] SMMD
[04:45:12] [176/459] STML
[04:45:13] [177/459] MCFS
[04:45:14] [178/459] FPKA
[04:45:15] [179/459] OMLR
[04:45:15] [180/459] KKSC
[04:45:16] [181/459] RVMA
[04:45:17] [182/459] SCLL
[04:45:18] [183/459] SCDK
[04:45:19] [184/459] SXMI
[04:45:20] [185/459] SHDN
[04:45:20] [186/459] PAAD
[04:45:21] [187/459] UUCB
[04:45:22] [188/459] JHOL
[04:45:23] [189/459] SGWT
[04:45:24] [190/459] SRII
[04:45:24] [191/459] SGCK
[04:45:25] [192/459] SVVB
[04:45:26] [193/459] DMHA
[04:45:27] [194/459] PPNL
[04:45:28] [195/459] CPNL
[04:45:28] [196/459] WVLD
[04:45:29] [197/459] PSLV
[04:45:30] [198/459] VTTL
[04:45:31] [199/459] NPAD
[04:45:32] [200/459] PVCS
[04:45:33] [201/459] MCHL
[04:45:33] [202/459] PPLL
[04:45:34] [203/459] MALO
[04:45:35] [204/459] SWBH
[04:45:36] [205/459] PUGB
[04:45:36] [206/459] INBB
[04:45:37] [207/459] INNS
[04:45:38] [208/459] MCPT
[04:45:40] [209/459] SCMI
[04:45:40] [210/459] OCON
[04:45:41] [211/459] SCSM
[04:45:42] [212/459] RJVN
[04:45:43] [213/459] AMDK
[04:45:44] [214/459] ISMR
[04:45:44] [215/459] SMTD
[04:45:45] [216/459] VTDD
[04:45:46] [217/459] PDDZ
[04:45:48] [218/459] PCCK
[04:45:48] [219/459] INAM
[04:45:49] [220/459] FNKT
[04:45:50] [221/459] GDKA
[04:45:51] [222/459] MAYU
[04:45:52] [223/459] TCGU
[04:45:52] [224/459] KDCA
[04:45:53] [225/459] DOMY
[04:45:54] [226/459] PDDD
[04:45:55] [227/459] BJTS
[04:45:56] [228/459] VTCA
[04:45:57] [229/459] SBTM
[04:45:57] [230/459] SEET
[04:45:58] [231/459] SSTJ
[04:45:59] [232/459] SVNT
[04:46:00] [233/459] PPPR
[04:46:01] [234/459] PVYS
[04:46:02] [235/459] IOSE
[04:46:03] [236/459] ACTV
[04:46:03] [237/459] APVE
[04:46:04] [238/459] TCCL
[04:46:05] [239/459] SCMO
[04:46:06] [240/459] SAUM
[04:46:07] [241/459] KCJS
[04:46:07] [242/459] NJCJ
[04:46:08] [243/459] NECF
[04:46:09] [244/459] CCGW
[04:46:10] [245/459] CCMG
[04:46:11] [246/459] NYRG
[04:46:13] [247/459] NCSQ
[04:46:14] [248/459] GRCG
[04:46:14] [249/459] CCBT
[04:46:15] [250/459] ACGA
[04:46:16] [251/459] INAG
[04:46:17] [252/459] FUCG
[04:46:18] [253/459] AICF
[04:46:19] [254/459] GRGA
[04:46:20] [255/459] GDCN
[04:46:21] [256/459] RRCG
[04:46:21] [257/459] SDCH
[04:46:23] [258/459] WVJM
[04:46:25] [259/459] JCCZ
[04:46:26] [260/459] CNCL
[04:46:27] [261/459] TMLV
[04:46:27] [262/459] MEMB
[04:46:28] [263/459] SGTD
[04:46:29] [264/459] CONX
[04:46:31] [265/459] CCMH
[04:46:31] [266/459] ACMC
[04:46:32] [267/459] DTPD
[04:46:33] [268/459] POJA
[04:46:34] [269/459] FNBH
[04:46:34] [270/459] CGCB
[04:46:35] [271/459] RACN
[04:46:36] [272/459] JTSM
[04:46:37] [273/459] SCDN
[04:46:38] [274/459] AACK
[04:46:39] [275/459] RMCE
[04:46:40] [276/459] BSGB
[04:46:41] [277/459] MRCB
[04:46:42] [278/459] SRVR
[04:46:43] [279/459] VTKK
[04:46:43] [280/459] AMST
[04:46:44] [281/459] APCY
[04:46:45] [282/459] LMHO
[04:46:46] [283/459] MTZH
[04:46:47] [284/459] AMZB
[04:46:48] [285/459] SUVT
[04:46:48] [286/459] RCIP
[04:46:50] [287/459] KESR
[04:46:50] [288/459] SNKC
[04:46:51] [289/459] SCED
[04:46:53] [290/459] DVCA
[04:46:54] [291/459] VCDT
[04:46:54] [292/459] RRDI
[04:46:56] [293/459] DFCH
[04:46:57] [294/459] INSC
[04:46:58] [295/459] RGTR
[04:46:59] [296/459] FMOT
[04:46:59] [297/459] SCPM
[04:47:01] [298/459] GCDT
[04:47:02] [299/459] BRKT
[04:47:03] [300/459] DEMP
[04:47:04] [301/459] SRLC
[04:47:05] [302/459] KSTT
[04:47:05] [303/459] SMMT
[04:47:06] [304/459] SILM
[04:47:07] [305/459] JCVM
[04:47:08] [306/459] KCSV
[04:47:08] [307/459] MHLK
[04:47:09] [308/459] SLVL
[04:47:10] [309/459] RJKP
[04:47:11] [310/459] BBPC
[04:47:11] [311/459] MXCB
[04:47:12] [312/459] TCPK
[04:47:13] [313/459] RTBR
[04:47:14] [314/459] GAUT
[04:47:15] [315/459] DVCF
[04:47:16] [316/459] JTSB
[04:47:16] [317/459] SBLS
[04:47:17] [318/459] UDAY
[04:47:18] [319/459] PTNP
[04:47:19] [320/459] DMKT
[04:47:19] [321/459] NTDT
[04:47:20] [322/459] SHDJ
[04:47:21] [323/459] OTNC
[04:47:23] [324/459] RNTW
[04:47:24] [325/459] GCMI
[04:47:25] [326/459] CRCM
[04:47:25] [327/459] NNCZ
[04:47:26] [328/459] OEMO
[04:47:28] [329/459] PVJM
[04:47:29] [330/459] CPJI
[04:47:30] [331/459] RMCJ
[04:47:31] [332/459] CNWJ
[04:47:32] [333/459] EPJM
[04:47:33] [334/459] FNJJ
[04:47:35] [335/459] GCMJ
[04:47:36] [336/459] INPS
[04:47:37] [337/459] BICJ
[04:47:38] [338/459] ISTJ
[04:47:39] [339/459] INJC
[04:47:40] [340/459] GLXJ
[04:47:41] [341/459] INEM
[04:47:42] [342/459] JTMN
[04:47:43] [343/459] FRCJ
[04:47:44] [344/459] DDJP
[04:47:44] [345/459] INJV
[04:47:45] [346/459] GOLC
[04:47:46] [347/459] KOCI
[04:47:47] [348/459] FSTD
[04:47:48] [349/459] PACJ
[04:47:49] [350/459] GMCN
[04:47:49] [351/459] MMDJ
[04:47:50] [352/459] GODH
[04:47:51] [353/459] SKYN
[04:47:51] [354/459] NCTH
[04:47:52] [355/459] SKVZ
[04:47:53] [356/459] SVML
[04:47:54] [357/459] ACVZ
[04:47:55] [358/459] SURA
[04:47:55] [359/459] RTRB
[04:47:57] [360/459] LLCT
[04:47:58] [361/459] ATTS
[04:48:00] [362/459] JYCM
[04:48:01] [363/459] CTKR
[04:48:02] [364/459] LCKR
[04:48:03] [365/459] NYCV
[04:48:04] [366/459] NYOH
[04:48:05] [367/459] NOVX
[04:48:05] [368/459] MRGK
[04:48:06] [369/459] MOON
[04:48:08] [370/459] SBUC
[04:48:10] [371/459] GSVA
[04:48:11] [372/459] VIAK
[04:48:12] [373/459] SMVZ
[04:48:13] [374/459] MATE
[04:48:13] [375/459] RDCN
[04:48:14] [376/459] ASBL
[04:48:15] [377/459] ASVS
[04:48:16] [378/459] ASSR
[04:48:17] [379/459] SSKN
[04:48:18] [380/459] DRPV
[04:48:19] [381/459] MRHT
[04:48:20] [382/459] BSCN
[04:48:21] [383/459] RKNX
[04:48:22] [384/459] MSMC
[04:48:23] [385/459] MSCJ
[04:48:23] [386/459] BTBJ
[04:48:24] [387/459] MJCC
[04:48:25] [388/459] IOMM
[04:48:26] [389/459] ADGR
[04:48:28] [390/459] MYCP
[04:48:28] [391/459] IGCM
[04:48:29] [392/459] PGRK
[04:48:30] [393/459] VPGO
[04:48:32] [394/459] KOMS
[04:48:33] [395/459] URGG
[04:48:33] [396/459] GOST
[04:48:34] [397/459] LACT
[04:48:35] [398/459] BWCM
[04:48:36] [399/459] NCCW
[04:48:37] [400/459] SKYC
[04:48:37] [401/459] CCPM
[04:48:38] [402/459] VCBT
[04:48:39] [403/459] SDKR
[04:48:40] [404/459] CTYB
[04:48:40] [405/459] SHCX
[04:48:41] [406/459] RCUN
[04:48:43] [407/459] CNRA
[04:48:44] [408/459] RFCA
[04:48:44] [409/459] RDCU
[04:48:45] [410/459] SARK
[04:48:46] [411/459] SPPP
[04:48:47] [412/459] ADMB
[04:48:48] [413/459] JYOE
[04:48:49] [414/459] SRMD
[04:48:50] [415/459] RJDH
[04:48:51] [416/459] SSTD
[04:48:52] [417/459] AACV
[04:48:53] [418/459] PPVD
[04:48:54] [419/459] STCP
[04:48:55] [420/459] ANJR
[04:48:55] [421/459] ANLS
[04:48:56] [422/459] BIJO
[04:48:57] [423/459] AVAB
[04:48:58] [424/459] SPMD
[04:48:59] [425/459] SVJL
[04:49:00] [426/459] SDDJ
[04:49:01] [427/459] SLTU
[04:49:01] [428/459] SAKA
[04:49:02] [429/459] PMAM
[04:49:03] [430/459] FNAM
[04:49:04] [431/459] ACAM
[04:49:04] [432/459] SCMM
[04:49:05] [433/459] PMAK
[04:49:07] [434/459] NYSA
[04:49:08] [435/459] FCPA
[04:49:08] [436/459] GDAN
[04:49:09] [437/459] RSCA
[04:49:10] [438/459] DMAN
[04:49:11] [439/459] DZCM
[04:49:12] [440/459] NSGL
[04:49:12] [441/459] CCPP
[04:49:13] [442/459] PSMG
[04:49:14] [443/459] GSER
[04:49:15] [444/459] FCCT
[04:49:16] [445/459] FCTB
[04:49:17] [446/459] LCNK
[04:49:18] [447/459] SKTY
[04:49:19] [448/459] INAA
[04:49:20] [449/459] RCWN
[04:49:21] [450/459] VAIS
[04:49:21] [451/459] CVMN
[04:49:22] [452/459] INTS
[04:49:23] [453/459] FRGS
[04:49:24] [454/459] DTCK
[04:49:24] [455/459] MCMH
[04:49:25] [456/459] ECRR
[04:49:26] [457/459] RLLP
[04:49:27] [458/459] CCSN
[04:49:28] [459/459] CCBA
[04:49:28] ✅ DONE | Shows=19 | Movies=7
[06:29:26] 🚀 BMS DAILY TRACKER STARTED
[06:29:26] [1/459] MBDC
[06:29:26] 🧠 New identity
[06:29:27] [2/459] CHKM
[06:29:28] [3/459] JTKZ
[06:29:29] [4/459] CMCT
[06:29:30] [5/459] ASHO
[06:29:31] [6/459] ECDG
[06:29:32] [7/459] SPAT
[06:29:33] [8/459] HILC
[06:29:34] [9/459] SPPH
[06:29:34] [10/459] SBHN
[06:29:35] [11/459] RRCA
[06:29:36] [12/459] APAA
[06:29:37] [13/459] RAME
[06:29:37] [14/459] TMMS
[06:29:38] [15/459] BATK
[06:29:39] [16/459] LKOP
[06:29:40] [17/459] AMTT
[06:29:40] [18/459] PTGK
[06:29:41] [19/459] ANRS
[06:29:42] [20/459] VWBW
[06:29:43] [21/459] SVFG
[06:29:44] [22/459] STAT
[06:29:45] [23/459] GDCV
[06:29:45] [24/459] VEBI
[06:29:46] [25/459] VDSS
[06:29:47] [26/459] NTHV
[06:29:48] [27/459] AOCH
[06:29:49] [28/459] KASR
[06:29:50] [29/459] AYCS
[06:29:51] [30/459] SHAI
[06:29:53] [31/459] SKPE
[06:29:54] [32/459] SBTA
[06:29:54] [33/459] RTTD
[06:29:55] [34/459] CCJD
[06:29:56] [35/459] RSJJ
[06:29:57] [36/459] RKND
[06:29:58] [37/459] SVTX
[06:29:58] [38/459] BAKM
[06:29:59] [39/459] SVDC
[06:30:01] [40/459] MNCV
[06:30:02] [41/459] SJGC
[06:30:02] [42/459] MTPK
[06:30:03] [43/459] GATP
[06:30:04] [44/459] ABTS
[06:30:04] [45/459] ABDE
[06:30:05] [46/459] RCNM
[06:30:06] [47/459] KTHV
[06:30:07] [48/459] MDGJ
[06:30:07] [49/459] SMLM
[06:30:08] [50/459] JTMA
[06:30:09] [51/459] ACKP
[06:30:10] [52/459] SRTA
[06:30:11] [53/459] STAY
[06:30:12] [54/459] MAVO
[06:30:12] [55/459] APTS
[06:30:13] [56/459] OMEA
[06:30:14] [57/459] TTFD
[06:30:15] [58/459] MJCU
[06:30:16] [59/459] CXTE
[06:30:16] [60/459] CTPX
[06:30:17] [61/459] ASSL
[06:30:18] [62/459] CMVB
[06:30:19] [63/459] VPUR
[06:30:20] [64/459] JJDA
[06:30:20] [65/459] INBL
[06:30:21] [66/459] BIKB
[06:30:22] [67/459] NTBB
[06:30:23] [68/459] GLOB
[06:30:25] [69/459] SNTB
[06:30:26] [70/459] CHGV
[06:30:27] [71/459] SSBZ
[06:30:28] [72/459] PRDB
[06:30:28] [73/459] ISMT
[06:30:29] [74/459] MCSD
[06:30:30] [75/459] JBTT
[06:30:31] [76/459] GEKR
[06:30:32] [77/459] PVUN
[06:30:33] [78/459] NRTB
[06:30:34] [79/459] PRAA
[06:30:35] [80/459] PCBL
[06:30:35] [81/459] PTCM
[06:30:36] [82/459] KHNN
[06:30:37] [83/459] OMJE
[06:30:38] [84/459] STGN
[06:30:39] [85/459] RPMS
[06:30:40] [86/459] NWAD
[06:30:40] [87/459] BLCK
[06:30:41] [88/459] SVAA
[06:30:42] [89/459] URVM
[06:30:43] [90/459] ANTM
[06:30:44] [91/459] VJYM
[06:30:45] [92/459] MAZZ
[06:30:46] [93/459] CSHM
[06:30:47] [94/459] WGMH
[06:30:48] [95/459] SALN
[06:30:49] [96/459] BRTP
[06:30:50] [97/459] SVTA
[06:30:51] [98/459] SBTP
[06:30:52] [99/459] VLSS
[06:30:54] [100/459] SRJA
[06:30:55] [101/459] ANCG
[06:30:55] [102/459] CGGC
[06:30:56] [103/459] CRJA
[06:30:57] [104/459] USCR
[06:30:58] [105/459] MMEF
[06:30:59] [106/459] JCRJ
[06:31:00] [107/459] ADCM
[06:31:00] [108/459] BMYK
[06:31:01] [109/459] KICS
[06:31:02] [110/459] MBBT
[06:31:02] [111/459] MACK
[06:31:03] [112/459] CLDR
[06:31:04] [113/459] JYCR
[06:31:05] [114/459] DCRP
[06:31:05] [115/459] RAHT
[06:31:06] [116/459] CSSM
[06:31:07] [117/459] ATPK
[06:31:08] [118/459] KLRT
[06:31:09] [119/459] SRDD
[06:31:10] [120/459] CKMC
[06:31:10] [121/459] KRVM
[06:31:11] [122/459] AKCP
[06:31:12] [123/459] CNCV
[06:31:13] [124/459] PACT
[06:31:14] [125/459] NATP
[06:31:15] [126/459] PCPK
[06:31:16] [127/459] SMHO
[06:31:16] [128/459] CWTK
[06:31:17] [129/459] RVKZ
[06:31:18] [130/459] ASPD
[06:31:19] [131/459] VTKZ
[06:31:20] [132/459] LCSO
[06:31:20] [133/459] PRDY
[06:31:21] [134/459] RCAP
[06:31:22] [135/459] RGAR
[06:31:23] [136/459] RCAC
[06:31:24] [137/459] PMOD
[06:31:24] [138/459] PVCN
[06:31:25] [139/459] SCRZ
[06:31:26] [140/459] PVPC
[06:31:27] [141/459] STID
[06:31:28] [142/459] NEDD
[06:31:29] [143/459] BNBA
[06:31:30] [144/459] NTCD
[06:31:30] [145/459] OCDE
[06:31:31] [146/459] CCDU
[06:31:32] [147/459] CRXH
[06:31:33] [148/459] VLVT
[06:31:33] [149/459] CICI
[06:31:34] [150/459] SUCB
[06:31:35] [151/459] TCBP
[06:31:36] [152/459] SCCY
[06:31:37] [153/459] LXCY
[06:31:37] [154/459] NCMD
[06:31:38] [155/459] PHCS
[06:31:39] [156/459] DUXR
[06:31:40] [157/459] VNKS
[06:31:40] [158/459] SEDP
[06:31:41] [159/459] SVEN
[06:31:42] [160/459] SRKM
[06:31:43] [161/459] JTLT
[06:31:44] [162/459] SVSS
[06:31:45] [163/459] AMDE
[06:31:46] [164/459] WVRN
[06:31:47] [165/459] ISMG
[06:31:48] [166/459] WVKS
[06:31:49] [167/459] USCG
[06:31:49] [168/459] IOTG
[06:31:50] [169/459] RRJM
[06:31:51] [170/459] EDMP
[06:31:52] [171/459] SCGZ
[06:31:53] [172/459] GMGX
[06:31:54] [173/459] OMTP
[06:31:54] [174/459] MITD
[06:31:55] [175/459] SMMD
[06:31:56] [176/459] STML
[06:31:57] [177/459] MCFS
[06:31:58] [178/459] FPKA
[06:31:59] [179/459] OMLR
[06:32:00] [180/459] KKSC
[06:32:01] [181/459] RVMA
[06:32:01] [182/459] SCLL
[06:32:02] [183/459] SCDK
[06:32:03] [184/459] SXMI
[06:32:04] [185/459] SHDN
[06:32:04] [186/459] PAAD
[06:32:05] [187/459] UUCB
[06:32:06] [188/459] JHOL
[06:32:07] [189/459] SGWT
[06:32:08] [190/459] SRII
[06:32:08] [191/459] SGCK
[06:32:09] [192/459] SVVB
[06:32:10] [193/459] DMHA
[06:32:11] [194/459] PPNL
[06:32:12] [195/459] CPNL
[06:32:13] [196/459] WVLD
[06:32:13] [197/459] PSLV
[06:32:15] [198/459] VTTL
[06:32:16] [199/459] NPAD
[06:32:17] [200/459] PVCS
[06:32:18] [201/459] MCHL
[06:32:19] [202/459] PPLL
[06:32:19] [203/459] MALO
[06:32:20] [204/459] SWBH
[06:32:21] [205/459] PUGB
[06:32:22] [206/459] INBB
[06:32:23] [207/459] INNS
[06:32:24] [208/459] MCPT
[06:32:24] [209/459] SCMI
[06:32:25] [210/459] OCON
[06:32:26] [211/459] SCSM
[06:32:27] [212/459] RJVN
[06:32:28] [213/459] AMDK
[06:32:29] [214/459] ISMR
[06:32:29] [215/459] SMTD
[06:32:30] [216/459] VTDD
[06:32:31] [217/459] PDDZ
[06:32:32] [218/459] PCCK
[06:32:33] [219/459] INAM
[06:32:34] [220/459] FNKT
[06:32:35] [221/459] GDKA
[06:32:35] [222/459] MAYU
[06:32:36] [223/459] TCGU
[06:32:37] [224/459] KDCA
[06:32:38] [225/459] DOMY
[06:32:39] [226/459] PDDD
[06:32:40] [227/459] BJTS
[06:32:41] [228/459] VTCA
[06:32:42] [229/459] SBTM
[06:32:42] [230/459] SEET
[06:32:43] [231/459] SSTJ
[06:32:44] [232/459] SVNT
[06:32:45] [233/459] PPPR
[06:32:46] [234/459] PVYS
[06:32:47] [235/459] IOSE
[06:32:48] [236/459] ACTV
[06:32:48] [237/459] APVE
[06:32:49] [238/459] TCCL
[06:32:50] [239/459] SCMO
[06:32:51] [240/459] SAUM
[06:32:52] [241/459] KCJS
[06:32:53] [242/459] NJCJ
[06:32:53] [243/459] NECF
[06:32:54] [244/459] CCGW
[06:32:55] [245/459] CCMG
[06:32:56] [246/459] NYRG
[06:32:57] [247/459] NCSQ
[06:32:57] [248/459] GRCG
[06:32:58] [249/459] CCBT
[06:32:59] [250/459] ACGA
[06:33:00] [251/459] INAG
[06:33:01] [252/459] FUCG
[06:33:02] [253/459] AICF
[06:33:02] [254/459] GRGA
[06:33:03] [255/459] GDCN
[06:33:04] [256/459] RRCG
[06:33:05] [257/459] SDCH
[06:33:06] [258/459] WVJM
[06:33:08] [259/459] JCCZ
[06:33:09] [260/459] CNCL
[06:33:10] [261/459] TMLV
[06:33:11] [262/459] MEMB
[06:33:12] [263/459] SGTD
[06:33:13] [264/459] CONX
[06:33:15] [265/459] CCMH
[06:33:16] [266/459] ACMC
[06:33:17] [267/459] DTPD
[06:33:17] [268/459] POJA
[06:33:18] [269/459] FNBH
[06:33:19] [270/459] CGCB
[06:33:20] [271/459] RACN
[06:33:21] [272/459] JTSM
[06:33:21] [273/459] SCDN
[06:33:22] [274/459] AACK
[06:33:23] [275/459] RMCE
[06:33:25] [276/459] BSGB
[06:33:25] [277/459] MRCB
[06:33:26] [278/459] SRVR
[06:33:27] [279/459] VTKK
[06:33:28] [280/459] AMST
[06:33:29] [281/459] APCY
[06:33:29] [282/459] LMHO
[06:33:30] [283/459] MTZH
[06:33:32] [284/459] AMZB
[06:33:33] [285/459] SUVT
[06:33:33] [286/459] RCIP
[06:33:34] [287/459] KESR
[06:33:35] [288/459] SNKC
[06:33:36] [289/459] SCED
[06:33:36] [290/459] DVCA
[06:33:38] [291/459] VCDT
[06:33:39] [292/459] RRDI
[06:33:40] [293/459] DFCH
[06:33:41] [294/459] INSC
[06:33:42] [295/459] RGTR
[06:33:42] [296/459] FMOT
[06:33:43] [297/459] SCPM
[06:33:44] [298/459] GCDT
[06:33:44] [299/459] BRKT
[06:33:45] [300/459] DEMP
[06:33:46] [301/459] SRLC
[06:33:48] [302/459] KSTT
[06:33:48] [303/459] SMMT
[06:33:49] [304/459] SILM
[06:33:50] [305/459] JCVM
[06:33:51] [306/459] KCSV
[06:33:52] [307/459] MHLK
[06:33:52] [308/459] SLVL
[06:33:53] [309/459] RJKP
[06:33:54] [310/459] BBPC
[06:33:55] [311/459] MXCB
[06:33:56] [312/459] TCPK
[06:33:57] [313/459] RTBR
[06:33:58] [314/459] GAUT
[06:33:58] [315/459] DVCF
[06:33:59] [316/459] JTSB
[06:34:00] [317/459] SBLS
[06:34:01] [318/459] UDAY
[06:34:02] [319/459] PTNP
[06:34:03] [320/459] DMKT
[06:34:04] [321/459] NTDT
[06:34:05] [322/459] SHDJ
[06:34:06] [323/459] OTNC
[06:34:06] [324/459] RNTW
[06:34:07] [325/459] GCMI
[06:34:09] [326/459] CRCM
[06:34:10] [327/459] NNCZ
[06:34:11] [328/459] OEMO
[06:34:12] [329/459] PVJM
[06:34:12] [330/459] CPJI
[06:34:13] [331/459] RMCJ
[06:34:14] [332/459] CNWJ
[06:34:15] [333/459] EPJM
[06:34:16] [334/459] FNJJ
[06:34:17] [335/459] GCMJ
[06:34:18] [336/459] INPS
[06:34:18] [337/459] BICJ
[06:34:20] [338/459] ISTJ
[06:34:21] [339/459] INJC
[06:34:21] [340/459] GLXJ
[06:34:22] [341/459] INEM
[06:34:23] [342/459] JTMN
[06:34:24] [343/459] FRCJ
[06:34:26] [344/459] DDJP
[06:34:26] [345/459] INJV
[06:34:27] [346/459] GOLC
[06:34:29] [347/459] KOCI
[06:34:30] [348/459] FSTD
[06:34:31] [349/459] PACJ
[06:34:32] [350/459] GMCN
[06:34:33] [351/459] MMDJ
[06:34:34] [352/459] GODH
[06:34:34] [353/459] SKYN
[06:34:35] [354/459] NCTH
[06:34:36] [355/459] SKVZ
[06:34:37] [356/459] SVML
[06:34:38] [357/459] ACVZ
[06:34:39] [358/459] SURA
[06:34:39] [359/459] RTRB
[06:34:40] [360/459] LLCT
[06:34:41] [361/459] ATTS
[06:34:42] [362/459] JYCM
[06:34:43] [363/459] CTKR
[06:34:44] [364/459] LCKR
[06:34:44] [365/459] NYCV
[06:34:45] [366/459] NYOH
[06:34:46] [367/459] NOVX
[06:34:47] [368/459] MRGK
[06:34:47] [369/459] MOON
[06:34:48] [370/459] SBUC
[06:34:49] [371/459] GSVA
[06:34:50] [372/459] VIAK
[06:34:51] [373/459] SMVZ
[06:34:52] [374/459] MATE
[06:34:53] [375/459] RDCN
[06:34:54] [376/459] ASBL
[06:34:55] [377/459] ASVS
[06:34:56] [378/459] ASSR
[06:34:57] [379/459] SSKN
[06:34:58] [380/459] DRPV
[06:34:59] [381/459] MRHT
[06:34:59] [382/459] BSCN
[06:35:00] [383/459] RKNX
[06:35:01] [384/459] MSMC
[06:35:02] [385/459] MSCJ
[06:35:03] [386/459] BTBJ
[06:35:04] [387/459] MJCC
[06:35:05] [388/459] IOMM
[06:35:06] [389/459] ADGR
[06:35:06] [390/459] MYCP
[06:35:07] [391/459] IGCM
[06:35:08] [392/459] PGRK
[06:35:09] [393/459] VPGO
[06:35:10] [394/459] KOMS
[06:35:11] [395/459] URGG
[06:35:11] [396/459] GOST
[06:35:12] [397/459] LACT
[06:35:13] [398/459] BWCM
[06:35:14] [399/459] NCCW
[06:35:15] [400/459] SKYC
[06:35:16] [401/459] CCPM
[06:35:17] [402/459] VCBT
[06:35:18] [403/459] SDKR
[06:35:19] [404/459] CTYB
[06:35:20] [405/459] SHCX
[06:35:20] [406/459] RCUN
[06:35:21] [407/459] CNRA
[06:35:22] [408/459] RFCA
[06:35:23] [409/459] RDCU
[06:35:24] [410/459] SARK
[06:35:24] [411/459] SPPP
[06:35:25] [412/459] ADMB
[06:35:26] [413/459] JYOE
[06:35:27] [414/459] SRMD
[06:35:29] [415/459] RJDH
[06:35:29] [416/459] SSTD
[06:35:30] [417/459] AACV
[06:35:32] [418/459] PPVD
[06:35:32] [419/459] STCP
[06:35:33] [420/459] ANJR
[06:35:34] [421/459] ANLS
[06:35:35] [422/459] BIJO
[06:35:35] [423/459] AVAB
[06:35:37] [424/459] SPMD
[06:35:38] [425/459] SVJL
[06:35:38] [426/459] SDDJ
[06:35:39] [427/459] SLTU
[06:35:40] [428/459] SAKA
[06:35:41] [429/459] PMAM
[06:35:41] [430/459] FNAM
[06:35:42] [431/459] ACAM
[06:35:43] [432/459] SCMM
[06:35:44] [433/459] PMAK
[06:35:44] [434/459] NYSA
[06:35:45] [435/459] FCPA
[06:35:46] [436/459] GDAN
[06:35:47] [437/459] RSCA
[06:35:48] [438/459] DMAN
[06:35:48] [439/459] DZCM
[06:35:49] [440/459] NSGL
[06:35:50] [441/459] CCPP
[06:35:50] [442/459] PSMG
[06:35:51] [443/459] GSER
[06:35:52] [444/459] FCCT
[06:35:53] [445/459] FCTB
[06:35:54] [446/459] LCNK
[06:35:54] [447/459] SKTY
[06:35:55] [448/459] INAA
[06:35:56] [449/459] RCWN
[06:35:57] [450/459] VAIS
[06:35:58] [451/459] CVMN
[06:35:59] [452/459] INTS
[06:36:00] [453/459] FRGS
[06:36:00] [454/459] DTCK
[06:36:01] [455/459] MCMH
[06:36:02] [456/459] ECRR
[06:36:03] [457/459] RLLP
[06:36:03] [458/459] CCSN
[06:36:04] [459/459] CCBA
[06:36:05] ✅ DONE | Shows=242 | Movies=20
[08:25:30] 🚀 BMS DAILY TRACKER STARTED
[08:25:30] [1/459] MBDC
[08:25:30] 🧠 New identity
[08:25:31] [2/459] CHKM
[08:25:32] [3/459] JTKZ
[08:25:33] [4/459] CMCT
[08:25:33] [5/459] ASHO
[08:25:34] [6/459] ECDG
[08:25:35] [7/459] SPAT
[08:25:36] [8/459] HILC
[08:25:38] [9/459] SPPH
[08:25:39] [10/459] SBHN
[08:25:39] [11/459] RRCA
[08:25:40] [12/459] APAA
[08:25:41] [13/459] RAME
[08:25:42] [14/459] TMMS
[08:25:43] [15/459] BATK
[08:25:44] [16/459] LKOP
[08:25:45] [17/459] AMTT
[08:25:46] [18/459] PTGK
[08:25:47] [19/459] ANRS
[08:25:47] [20/459] VWBW
[08:25:49] [21/459] SVFG
[08:25:50] [22/459] STAT
[08:25:50] [23/459] GDCV
[08:25:51] [24/459] VEBI
[08:25:52] [25/459] VDSS
[08:25:53] [26/459] NTHV
[08:25:54] [27/459] AOCH
[08:25:55] [28/459] KASR
[08:25:56] [29/459] AYCS
[08:25:57] [30/459] SHAI
[08:25:58] [31/459] SKPE
[08:25:59] [32/459] SBTA
[08:25:59] [33/459] RTTD
[08:26:00] [34/459] CCJD
[08:26:01] [35/459] RSJJ
[08:26:02] [36/459] RKND
[08:26:03] [37/459] SVTX
[08:26:04] [38/459] BAKM
[08:26:05] [39/459] SVDC
[08:26:06] [40/459] MNCV
[08:26:07] [41/459] SJGC
[08:26:08] [42/459] MTPK
[08:26:09] [43/459] GATP
[08:26:10] [44/459] ABTS
[08:26:11] [45/459] ABDE
[08:26:12] [46/459] RCNM
[08:26:13] [47/459] KTHV
[08:26:13] [48/459] MDGJ
[08:26:14] [49/459] SMLM
[08:26:15] [50/459] JTMA
[08:26:16] [51/459] ACKP
[08:26:17] [52/459] SRTA
[08:26:17] [53/459] STAY
[08:26:18] [54/459] MAVO
[08:26:20] [55/459] APTS
[08:26:21] [56/459] OMEA
[08:26:22] [57/459] TTFD
[08:26:22] [58/459] MJCU
[08:26:23] [59/459] CXTE
[08:26:24] [60/459] CTPX
[08:26:25] [61/459] ASSL
[08:26:26] [62/459] CMVB
[08:26:27] [63/459] VPUR
[08:26:28] [64/459] JJDA
[08:26:28] [65/459] INBL
[08:26:29] [66/459] BIKB
[08:26:30] [67/459] NTBB
[08:26:31] [68/459] GLOB
[08:26:33] [69/459] SNTB
[08:26:33] [70/459] CHGV
[08:26:34] [71/459] SSBZ
[08:26:35] [72/459] PRDB
[08:26:36] [73/459] ISMT
[08:26:38] [74/459] MCSD
[08:26:39] [75/459] JBTT
[08:26:40] [76/459] GEKR
[08:26:40] [77/459] PVUN
[08:26:41] [78/459] NRTB
[08:26:42] [79/459] PRAA
[08:26:43] [80/459] PCBL
[08:26:44] [81/459] PTCM
[08:26:44] [82/459] KHNN
[08:26:45] [83/459] OMJE
[08:26:46] [84/459] STGN
[08:26:47] [85/459] RPMS
[08:26:48] [86/459] NWAD
[08:26:48] [87/459] BLCK
[08:26:49] [88/459] SVAA
[08:26:50] [89/459] URVM
[08:26:51] [90/459] ANTM
[08:26:51] [91/459] VJYM
[08:26:52] [92/459] MAZZ
[08:26:54] [93/459] CSHM
[08:26:54] [94/459] WGMH
[08:26:55] [95/459] SALN
[08:26:56] [96/459] BRTP
[08:26:57] [97/459] SVTA
[08:26:58] [98/459] SBTP
[08:26:59] [99/459] VLSS
[08:27:00] [100/459] SRJA
[08:27:01] [101/459] ANCG
[08:27:03] [102/459] CGGC
[08:27:04] [103/459] CRJA
[08:27:04] [104/459] USCR
[08:27:05] [105/459] MMEF
[08:27:06] [106/459] JCRJ
[08:27:07] [107/459] ADCM
[08:27:08] [108/459] BMYK
[08:27:09] [109/459] KICS
[08:27:10] [110/459] MBBT
[08:27:11] [111/459] MACK
[08:27:12] [112/459] CLDR
[08:27:13] [113/459] JYCR
[08:27:14] [114/459] DCRP
[08:27:15] [115/459] RAHT
[08:27:16] [116/459] CSSM
[08:27:17] [117/459] ATPK
[08:27:18] [118/459] KLRT
[08:27:19] [119/459] SRDD
[08:27:20] [120/459] CKMC
[08:27:20] [121/459] KRVM
[08:27:22] [122/459] AKCP
[08:27:23] [123/459] CNCV
[08:27:24] [124/459] PACT
[08:27:25] [125/459] NATP
[08:27:25] [126/459] PCPK
[08:27:27] [127/459] SMHO
[08:27:28] [128/459] CWTK
[08:27:29] [129/459] RVKZ
[08:27:29] [130/459] ASPD
[08:27:30] [131/459] VTKZ
[08:27:31] [132/459] LCSO
[08:27:32] [133/459] PRDY
[08:27:33] [134/459] RCAP
[08:27:33] [135/459] RGAR
[08:27:34] [136/459] RCAC
[08:27:35] [137/459] PMOD
[08:27:36] [138/459] PVCN
[08:27:38] [139/459] SCRZ
[08:27:38] [140/459] PVPC
[08:27:39] [141/459] STID
[08:27:40] [142/459] NEDD
[08:27:41] [143/459] BNBA
[08:27:41] [144/459] NTCD
[08:27:42] [145/459] OCDE
[08:27:43] [146/459] CCDU
[08:27:44] [147/459] CRXH
[08:27:45] [148/459] VLVT
[08:27:46] [149/459] CICI
[08:27:47] [150/459] SUCB
[08:27:48] [151/459] TCBP
[08:27:48] [152/459] SCCY
[08:27:50] [153/459] LXCY
[08:27:51] [154/459] NCMD
[08:27:51] [155/459] PHCS
[08:27:52] [156/459] DUXR
[08:27:53] [157/459] VNKS
[08:27:54] [158/459] SEDP
[08:27:55] [159/459] SVEN
[08:27:56] [160/459] SRKM
[08:27:57] [161/459] JTLT
[08:27:58] [162/459] SVSS
[08:27:59] [163/459] AMDE
[08:28:00] [164/459] WVRN
[08:28:01] [165/459] ISMG
[08:28:01] [166/459] WVKS
[08:28:02] [167/459] USCG
[08:28:03] [168/459] IOTG
[08:28:04] [169/459] RRJM
[08:28:05] [170/459] EDMP
[08:28:06] [171/459] SCGZ
[08:28:07] [172/459] GMGX
[08:28:08] [173/459] OMTP
[08:28:09] [174/459] MITD
[08:28:09] [175/459] SMMD
[08:28:10] [176/459] STML
[08:28:11] [177/459] MCFS
[08:28:12] [178/459] FPKA
[08:28:12] [179/459] OMLR
[08:28:13] [180/459] KKSC
[08:28:14] [181/459] RVMA
[08:28:15] [182/459] SCLL
[08:28:16] [183/459] SCDK
[08:28:17] [184/459] SXMI
[08:28:18] [185/459] SHDN
[08:28:19] [186/459] PAAD
[08:28:20] [187/459] UUCB
[08:28:21] [188/459] JHOL
[08:28:22] [189/459] SGWT
[08:28:22] [190/459] SRII
[08:28:23] [191/459] SGCK
[08:28:24] [192/459] SVVB
[08:28:25] [193/459] DMHA
[08:28:26] [194/459] PPNL
[08:28:26] [195/459] CPNL
[08:28:27] [196/459] WVLD
[08:28:28] [197/459] PSLV
[08:28:29] [198/459] VTTL
[08:28:30] [199/459] NPAD
[08:28:30] [200/459] PVCS
[08:28:31] [201/459] MCHL
[08:28:32] [202/459] PPLL
[08:28:33] [203/459] MALO
[08:28:34] [204/459] SWBH
[08:28:34] [205/459] PUGB
[08:28:35] [206/459] INBB
[08:28:37] [207/459] INNS
[08:28:38] [208/459] MCPT
[08:28:38] [209/459] SCMI
[08:28:39] [210/459] OCON
[08:28:40] [211/459] SCSM
[08:28:41] [212/459] RJVN
[08:28:42] [213/459] AMDK
[08:28:43] [214/459] ISMR
[08:28:44] [215/459] SMTD
[08:28:45] [216/459] VTDD
[08:28:46] [217/459] PDDZ
[08:28:47] [218/459] PCCK
[08:28:48] [219/459] INAM
[08:28:49] [220/459] FNKT
[08:28:50] [221/459] GDKA
[08:28:50] [222/459] MAYU
[08:28:51] [223/459] TCGU
[08:28:52] [224/459] KDCA
[08:28:53] [225/459] DOMY
[08:28:54] [226/459] PDDD
[08:28:55] [227/459] BJTS
[08:28:55] [228/459] VTCA
[08:28:56] [229/459] SBTM
[08:28:57] [230/459] SEET
[08:28:58] [231/459] SSTJ
[08:28:58] [232/459] SVNT
[08:28:59] [233/459] PPPR
[08:29:01] [234/459] PVYS
[08:29:02] [235/459] IOSE
[08:29:03] [236/459] ACTV
[08:29:04] [237/459] APVE
[08:29:04] [238/459] TCCL
[08:29:05] [239/459] SCMO
[08:29:06] [240/459] SAUM
[08:29:07] [241/459] KCJS
[08:29:07] [242/459] NJCJ
[08:29:08] [243/459] NECF
[08:29:09] [244/459] CCGW
[08:29:10] [245/459] CCMG
[08:29:11] [246/459] NYRG
[08:29:12] [247/459] NCSQ
[08:29:12] [248/459] GRCG
[08:29:13] [249/459] CCBT
[08:29:14] [250/459] ACGA
[08:29:15] [251/459] INAG
[08:29:16] [252/459] FUCG
[08:29:17] [253/459] AICF
[08:29:18] [254/459] GRGA
[08:29:19] [255/459] GDCN
[08:29:20] [256/459] RRCG
[08:29:21] [257/459] SDCH
[08:29:22] [258/459] WVJM
[08:29:23] [259/459] JCCZ
[08:29:24] [260/459] CNCL
[08:29:25] [261/459] TMLV
[08:29:25] [262/459] MEMB
[08:29:26] [263/459] SGTD
[08:29:27] [264/459] CONX
[08:29:28] [265/459] CCMH
[08:29:29] [266/459] ACMC
[08:29:30] [267/459] DTPD
[08:29:31] [268/459] POJA
[08:29:32] [269/459] FNBH
[08:29:33] [270/459] CGCB
[08:29:33] [271/459] RACN
[08:29:34] [272/459] JTSM
[08:29:35] [273/459] SCDN
[08:29:36] [274/459] AACK
[08:29:37] [275/459] RMCE
[08:29:38] [276/459] BSGB
[08:29:39] [277/459] MRCB
[08:29:40] [278/459] SRVR
[08:29:41] [279/459] VTKK
[08:29:41] [280/459] AMST
[08:29:43] [281/459] APCY
[08:29:44] [282/459] LMHO
[08:29:44] [283/459] MTZH
[08:29:45] [284/459] AMZB
[08:29:46] [285/459] SUVT
[08:29:47] [286/459] RCIP
[08:29:48] [287/459] KESR
[08:29:49] [288/459] SNKC
[08:29:49] [289/459] SCED
[08:29:50] [290/459] DVCA
[08:29:51] [291/459] VCDT
[08:29:52] [292/459] RRDI
[08:29:53] [293/459] DFCH
[08:29:54] [294/459] INSC
[08:29:54] [295/459] RGTR
[08:29:55] [296/459] FMOT
[08:29:56] [297/459] SCPM
[08:29:57] [298/459] GCDT
[08:29:57] [299/459] BRKT
[08:29:59] [300/459] DEMP
[08:30:00] [301/459] SRLC
[08:30:01] [302/459] KSTT
[08:30:02] [303/459] SMMT
[08:30:03] [304/459] SILM
[08:30:04] [305/459] JCVM
[08:30:05] [306/459] KCSV
[08:30:05] [307/459] MHLK
[08:30:06] [308/459] SLVL
[08:30:07] [309/459] RJKP
[08:30:08] [310/459] BBPC
[08:30:09] [311/459] MXCB
[08:30:09] [312/459] TCPK
[08:30:11] [313/459] RTBR
[08:30:12] [314/459] GAUT
[08:30:13] [315/459] DVCF
[08:30:14] [316/459] JTSB
[08:30:15] [317/459] SBLS
[08:30:16] [318/459] UDAY
[08:30:17] [319/459] PTNP
[08:30:17] [320/459] DMKT
[08:30:18] [321/459] NTDT
[08:30:19] [322/459] SHDJ
[08:30:20] [323/459] OTNC
[08:30:21] [324/459] RNTW
[08:30:22] [325/459] GCMI
[08:30:22] [326/459] CRCM
[08:30:23] [327/459] NNCZ
[08:30:24] [328/459] OEMO
[08:30:25] [329/459] PVJM
[08:30:26] [330/459] CPJI
[08:30:27] [331/459] RMCJ
[08:30:27] [332/459] CNWJ
[08:30:28] [333/459] EPJM
[08:30:29] [334/459] FNJJ
[08:30:30] [335/459] GCMJ
[08:30:31] [336/459] INPS
[08:30:32] [337/459] BICJ
[08:30:32] [338/459] ISTJ
[08:30:33] [339/459] INJC
[08:30:34] [340/459] GLXJ
[08:30:35] [341/459] INEM
[08:30:36] [342/459] JTMN
[08:30:37] [343/459] FRCJ
[08:30:37] [344/459] DDJP
[08:30:39] [345/459] INJV
[08:30:40] [346/459] GOLC
[08:30:41] [347/459] KOCI
[08:30:42] [348/459] FSTD
[08:30:42] [349/459] PACJ
[08:30:43] [350/459] GMCN
[08:30:45] [351/459] MMDJ
[08:30:45] [352/459] GODH
[08:30:46] [353/459] SKYN
[08:30:47] [354/459] NCTH
[08:30:48] [355/459] SKVZ
[08:30:49] [356/459] SVML
[08:30:50] [357/459] ACVZ
[08:30:51] [358/459] SURA
[08:30:51] [359/459] RTRB
[08:30:52] [360/459] LLCT
[08:30:53] [361/459] ATTS
[08:30:54] [362/459] JYCM
[08:30:55] [363/459] CTKR
[08:30:55] [364/459] LCKR
[08:30:56] [365/459] NYCV
[08:30:57] [366/459] NYOH
[08:30:58] [367/459] NOVX
[08:30:58] [368/459] MRGK
[08:30:59] [369/459] MOON
[08:31:00] [370/459] SBUC
[08:31:01] [371/459] GSVA
[08:31:02] [372/459] VIAK
[08:31:03] [373/459] SMVZ
[08:31:04] [374/459] MATE
[08:31:05] [375/459] RDCN
[08:31:06] [376/459] ASBL
[08:31:06] [377/459] ASVS
[08:31:07] [378/459] ASSR
[08:31:09] [379/459] SSKN
[08:31:09] [380/459] DRPV
[08:31:10] [381/459] MRHT
[08:31:11] [382/459] BSCN
[08:31:12] [383/459] RKNX
[08:31:12] [384/459] MSMC
[08:31:13] [385/459] MSCJ
[08:31:14] [386/459] BTBJ
[08:31:15] [387/459] MJCC
[08:31:16] [388/459] IOMM
[08:31:17] [389/459] ADGR
[08:31:17] [390/459] MYCP
[08:31:18] [391/459] IGCM
[08:31:19] [392/459] PGRK
[08:31:20] [393/459] VPGO
[08:31:21] [394/459] KOMS
[08:31:22] [395/459] URGG
[08:31:22] [396/459] GOST
[08:31:23] [397/459] LACT
[08:31:24] [398/459] BWCM
[08:31:25] [399/459] NCCW
[08:31:26] [400/459] SKYC
[08:31:26] [401/459] CCPM
[08:31:28] [402/459] VCBT
[08:31:29] [403/459] SDKR
[08:31:30] [404/459] CTYB
[08:31:31] [405/459] SHCX
[08:31:32] [406/459] RCUN
[08:31:33] [407/459] CNRA
[08:31:34] [408/459] RFCA
[08:31:35] [409/459] RDCU
[08:31:36] [410/459] SARK
[08:31:36] [411/459] SPPP
[08:31:37] [412/459] ADMB
[08:31:38] [413/459] JYOE
[08:31:39] [414/459] SRMD
[08:31:40] [415/459] RJDH
[08:31:41] [416/459] SSTD
[08:31:42] [417/459] AACV
[08:31:43] [418/459] PPVD
[08:31:44] [419/459] STCP
[08:31:45] [420/459] ANJR
[08:31:46] [421/459] ANLS
[08:31:47] [422/459] BIJO
[08:31:47] [423/459] AVAB
[08:31:48] [424/459] SPMD
[08:31:49] [425/459] SVJL
[08:31:51] [426/459] SDDJ
[08:31:51] [427/459] SLTU
[08:31:52] [428/459] SAKA
[08:31:54] [429/459] PMAM
[08:31:55] [430/459] FNAM
[08:31:56] [431/459] ACAM
[08:31:56] [432/459] SCMM
[08:31:57] [433/459] PMAK
[08:31:58] [434/459] NYSA
[08:31:58] [435/459] FCPA
[08:31:59] [436/459] GDAN
[08:32:00] [437/459] RSCA
[08:32:01] [438/459] DMAN
[08:32:01] [439/459] DZCM
[08:32:02] [440/459] NSGL
[08:32:03] [441/459] CCPP
[08:32:04] [442/459] PSMG
[08:32:05] [443/459] GSER
[08:32:06] [444/459] FCCT
[08:32:07] [445/459] FCTB
[08:32:08] [446/459] LCNK
[08:32:09] [447/459] SKTY
[08:32:10] [448/459] INAA
[08:32:11] [449/459] RCWN
[08:32:12] [450/459] VAIS
[08:32:13] [451/459] CVMN
[08:32:14] [452/459] INTS
[08:32:15] [453/459] FRGS
[08:32:16] [454/459] DTCK
[08:32:17] [455/459] MCMH
[08:32:18] [456/459] ECRR
[08:32:19] [457/459] RLLP
[08:32:20] [458/459] CCSN
[08:32:20] [459/459] CCBA
[08:32:21] ✅ DONE | Shows=751 | Movies=49
[09:27:01] 🚀 BMS DAILY TRACKER STARTED
[09:27:01] [1/459] MBDC
[09:27:01] 🧠 New identity
[09:27:02] [2/459] CHKM
[09:27:03] [3/459] JTKZ
[09:27:04] [4/459] CMCT
[09:27:05] [5/459] ASHO
[09:27:06] [6/459] ECDG
[09:27:07] [7/459] SPAT
[09:27:09] [8/459] HILC
[09:27:09] [9/459] SPPH
[09:27:10] [10/459] SBHN
[09:27:12] [11/459] RRCA
[09:27:13] [12/459] APAA
[09:27:13] [13/459] RAME
[09:27:14] [14/459] TMMS
[09:27:15] [15/459] BATK
[09:27:16] [16/459] LKOP
[09:27:16] [17/459] AMTT
[09:27:18] [18/459] PTGK
[09:27:19] [19/459] ANRS
[09:27:20] [20/459] VWBW
[09:27:21] [21/459] SVFG
[09:27:22] [22/459] STAT
[09:27:24] [23/459] GDCV
[09:27:24] [24/459] VEBI
[09:27:25] [25/459] VDSS
[09:27:26] [26/459] NTHV
[09:27:27] [27/459] AOCH
[09:27:28] [28/459] KASR
[09:27:29] [29/459] AYCS
[09:27:30] [30/459] SHAI
[09:27:31] [31/459] SKPE
[09:27:32] [32/459] SBTA
[09:27:33] [33/459] RTTD
[09:27:33] [34/459] CCJD
[09:27:34] [35/459] RSJJ
[09:27:35] [36/459] RKND
[09:27:36] [37/459] SVTX
[09:27:37] [38/459] BAKM
[09:27:38] [39/459] SVDC
[09:27:39] [40/459] MNCV
[09:27:40] [41/459] SJGC
[09:27:41] [42/459] MTPK
[09:27:42] [43/459] GATP
[09:27:43] [44/459] ABTS
[09:27:44] [45/459] ABDE
[09:27:45] [46/459] RCNM
[09:27:45] [47/459] KTHV
[09:27:46] [48/459] MDGJ
[09:27:47] [49/459] SMLM
[09:27:48] [50/459] JTMA
[09:27:49] [51/459] ACKP
[09:27:50] [52/459] SRTA
[09:27:51] [53/459] STAY
[09:27:52] [54/459] MAVO
[09:27:54] [55/459] APTS
[09:27:55] [56/459] OMEA
[09:27:55] [57/459] TTFD
[09:27:56] [58/459] MJCU
[09:27:57] [59/459] CXTE
[09:27:58] [60/459] CTPX
[09:27:59] [61/459] ASSL
[09:27:59] [62/459] CMVB
[09:28:00] [63/459] VPUR
[09:28:01] [64/459] JJDA
[09:28:02] [65/459] INBL
[09:28:03] [66/459] BIKB
[09:28:03] [67/459] NTBB
[09:28:04] [68/459] GLOB
[09:28:06] [69/459] SNTB
[09:28:06] [70/459] CHGV
[09:28:07] [71/459] SSBZ
[09:28:08] [72/459] PRDB
[09:28:09] [73/459] ISMT
[09:28:10] [74/459] MCSD
[09:28:11] [75/459] JBTT
[09:28:12] [76/459] GEKR
[09:28:13] [77/459] PVUN
[09:28:14] [78/459] NRTB
[09:28:14] [79/459] PRAA
[09:28:16] [80/459] PCBL
[09:28:17] [81/459] PTCM
[09:28:18] [82/459] KHNN
[09:28:18] [83/459] OMJE
[09:28:19] [84/459] STGN
[09:28:20] [85/459] RPMS
[09:28:21] [86/459] NWAD
[09:28:22] [87/459] BLCK
[09:28:23] [88/459] SVAA
[09:28:24] [89/459] URVM
[09:28:25] [90/459] ANTM
[09:28:26] [91/459] VJYM
[09:28:26] [92/459] MAZZ
[09:28:27] [93/459] CSHM
[09:28:28] [94/459] WGMH
[09:28:29] [95/459] SALN
[09:28:30] [96/459] BRTP
[09:28:31] [97/459] SVTA
[09:28:31] [98/459] SBTP
[09:28:32] [99/459] VLSS
[09:28:33] [100/459] SRJA
[09:28:34] [101/459] ANCG
[09:28:35] [102/459] CGGC
[09:28:36] [103/459] CRJA
[09:28:36] [104/459] USCR
[09:28:37] [105/459] MMEF
[09:28:38] [106/459] JCRJ
[09:28:39] [107/459] ADCM
[09:28:40] [108/459] BMYK
[09:28:41] [109/459] KICS
[09:28:41] [110/459] MBBT
[09:28:42] [111/459] MACK
[09:28:43] [112/459] CLDR
[09:28:44] [113/459] JYCR
[09:28:45] [114/459] DCRP
[09:28:45] [115/459] RAHT
[09:28:46] [116/459] CSSM
[09:28:47] [117/459] ATPK
[09:28:48] [118/459] KLRT
[09:28:49] [119/459] SRDD
[09:28:49] [120/459] CKMC
[09:28:50] [121/459] KRVM
[09:28:51] [122/459] AKCP
[09:28:52] [123/459] CNCV
[09:28:52] [124/459] PACT
[09:28:53] [125/459] NATP
[09:28:54] [126/459] PCPK
[09:28:55] [127/459] SMHO
[09:28:56] [128/459] CWTK
[09:28:56] [129/459] RVKZ
[09:28:57] [130/459] ASPD
[09:28:58] [131/459] VTKZ
[09:28:59] [132/459] LCSO
[09:29:00] [133/459] PRDY
[09:29:00] [134/459] RCAP
[09:29:01] [135/459] RGAR
[09:29:03] [136/459] RCAC
[09:29:04] [137/459] PMOD
[09:29:05] [138/459] PVCN
[09:29:05] [139/459] SCRZ
[09:29:06] [140/459] PVPC
[09:29:07] [141/459] STID
[09:29:08] [142/459] NEDD
[09:29:09] [143/459] BNBA
[09:29:10] [144/459] NTCD
[09:29:11] [145/459] OCDE
[09:29:12] [146/459] CCDU
[09:29:13] [147/459] CRXH
[09:29:14] [148/459] VLVT
[09:29:15] [149/459] CICI
[09:29:16] [150/459] SUCB
[09:29:16] [151/459] TCBP
[09:29:17] [152/459] SCCY
[09:29:18] [153/459] LXCY
[09:29:19] [154/459] NCMD
[09:29:20] [155/459] PHCS
[09:29:20] [156/459] DUXR
[09:29:21] [157/459] VNKS
[09:29:22] [158/459] SEDP
[09:29:24] [159/459] SVEN
[09:29:25] [160/459] SRKM
[09:29:26] [161/459] JTLT
[09:29:27] [162/459] SVSS
[09:29:28] [163/459] AMDE
[09:29:29] [164/459] WVRN
[09:29:29] [165/459] ISMG
[09:29:30] [166/459] WVKS
[09:29:31] [167/459] USCG
[09:29:32] [168/459] IOTG
[09:29:32] [169/459] RRJM
[09:29:33] [170/459] EDMP
[09:29:34] [171/459] SCGZ
[09:29:35] [172/459] GMGX
[09:29:36] [173/459] OMTP
[09:29:37] [174/459] MITD
[09:29:38] [175/459] SMMD
[09:29:38] [176/459] STML
[09:29:39] [177/459] MCFS
[09:29:41] [178/459] FPKA
[09:29:42] [179/459] OMLR
[09:29:43] [180/459] KKSC
[09:29:43] [181/459] RVMA
[09:29:44] [182/459] SCLL
[09:29:45] [183/459] SCDK
[09:29:47] [184/459] SXMI
[09:29:47] [185/459] SHDN
[09:29:48] [186/459] PAAD
[09:29:49] [187/459] UUCB
[09:29:51] [188/459] JHOL
[09:29:51] [189/459] SGWT
[09:29:52] [190/459] SRII
[09:29:53] [191/459] SGCK
[09:29:54] [192/459] SVVB
[09:29:55] [193/459] DMHA
[09:29:55] [194/459] PPNL
[09:29:56] [195/459] CPNL
[09:29:57] [196/459] WVLD
[09:29:58] [197/459] PSLV
[09:29:59] [198/459] VTTL
[09:29:59] [199/459] NPAD
[09:30:00] [200/459] PVCS
[09:30:01] [201/459] MCHL
[09:30:02] [202/459] PPLL
[09:30:03] [203/459] MALO
[09:30:04] [204/459] SWBH
[09:30:05] [205/459] PUGB
[09:30:06] [206/459] INBB
[09:30:07] [207/459] INNS
[09:30:08] [208/459] MCPT
[09:30:09] [209/459] SCMI
[09:30:10] [210/459] OCON
[09:30:11] [211/459] SCSM
[09:30:11] [212/459] RJVN
[09:30:13] [213/459] AMDK
[09:30:15] [214/459] ISMR
[09:30:16] [215/459] SMTD
[09:30:16] [216/459] VTDD
[09:30:17] [217/459] PDDZ
[09:30:18] [218/459] PCCK
[09:30:19] [219/459] INAM
[09:30:20] [220/459] FNKT
[09:30:21] [221/459] GDKA
[09:30:22] [222/459] MAYU
[09:30:23] [223/459] TCGU
[09:30:24] [224/459] KDCA
[09:30:25] [225/459] DOMY
[09:30:26] [226/459] PDDD
[09:30:26] [227/459] BJTS
[09:30:27] [228/459] VTCA
[09:30:28] [229/459] SBTM
[09:30:29] [230/459] SEET
[09:30:30] [231/459] SSTJ
[09:30:31] [232/459] SVNT
[09:30:32] [233/459] PPPR
[09:30:32] [234/459] PVYS
[09:30:33] [235/459] IOSE
[09:30:35] [236/459] ACTV
[09:30:35] [237/459] APVE
[09:30:36] [238/459] TCCL
[09:30:37] [239/459] SCMO
[09:30:38] [240/459] SAUM
[09:30:39] [241/459] KCJS
[09:30:40] [242/459] NJCJ
[09:30:41] [243/459] NECF
[09:30:42] [244/459] CCGW
[09:30:42] [245/459] CCMG
[09:30:43] [246/459] NYRG
[09:30:44] [247/459] NCSQ
[09:30:45] [248/459] GRCG
[09:30:46] [249/459] CCBT
[09:30:47] [250/459] ACGA
[09:30:48] [251/459] INAG
[09:30:48] [252/459] FUCG
[09:30:49] [253/459] AICF
[09:30:50] [254/459] GRGA
[09:30:51] [255/459] GDCN
[09:30:52] [256/459] RRCG
[09:30:53] [257/459] SDCH
[09:30:54] [258/459] WVJM
[09:30:55] [259/459] JCCZ
[09:30:56] [260/459] CNCL
[09:30:57] [261/459] TMLV
[09:30:58] [262/459] MEMB
[09:30:59] [263/459] SGTD
[09:31:00] [264/459] CONX
[09:31:01] [265/459] CCMH
[09:31:01] [266/459] ACMC
[09:31:02] [267/459] DTPD
[09:31:03] [268/459] POJA
[09:31:04] [269/459] FNBH
[09:31:04] [270/459] CGCB
[09:31:05] [271/459] RACN
[09:31:06] [272/459] JTSM
[09:31:07] [273/459] SCDN
[09:31:08] [274/459] AACK
[09:31:09] [275/459] RMCE
[09:31:10] [276/459] BSGB
[09:31:10] [277/459] MRCB
[09:31:11] [278/459] SRVR
[09:31:12] [279/459] VTKK
[09:31:13] [280/459] AMST
[09:31:14] [281/459] APCY
[09:31:15] [282/459] LMHO
[09:31:15] [283/459] MTZH
[09:31:16] [284/459] AMZB
[09:31:17] [285/459] SUVT
[09:31:18] [286/459] RCIP
[09:31:19] [287/459] KESR
[09:31:20] [288/459] SNKC
[09:31:21] [289/459] SCED
[09:31:22] [290/459] DVCA
[09:31:23] [291/459] VCDT
[09:31:24] [292/459] RRDI
[09:31:24] [293/459] DFCH
[09:31:25] [294/459] INSC
[09:31:26] [295/459] RGTR
[09:31:27] [296/459] FMOT
[09:31:28] [297/459] SCPM
[09:31:29] [298/459] GCDT
[09:31:29] [299/459] BRKT
[09:31:30] [300/459] DEMP
[09:31:31] [301/459] SRLC
[09:31:32] [302/459] KSTT
[09:31:33] [303/459] SMMT
[09:31:34] [304/459] SILM
[09:31:35] [305/459] JCVM
[09:31:35] [306/459] KCSV
[09:31:36] [307/459] MHLK
[09:31:37] [308/459] SLVL
[09:31:38] [309/459] RJKP
[09:31:39] [310/459] BBPC
[09:31:39] [311/459] MXCB
[09:31:40] [312/459] TCPK
[09:31:41] [313/459] RTBR
[09:31:42] [314/459] GAUT
[09:31:42] [315/459] DVCF
[09:31:43] [316/459] JTSB
[09:31:44] [317/459] SBLS
[09:31:45] [318/459] UDAY
[09:31:46] [319/459] PTNP
[09:31:47] [320/459] DMKT
[09:31:48] [321/459] NTDT
[09:31:49] [322/459] SHDJ
[09:31:50] [323/459] OTNC
[09:31:51] [324/459] RNTW
[09:31:51] [325/459] GCMI
[09:31:52] [326/459] CRCM
[09:31:53] [327/459] NNCZ
[09:31:54] [328/459] OEMO
[09:31:55] [329/459] PVJM
[09:31:56] [330/459] CPJI
[09:31:57] [331/459] RMCJ
[09:31:58] [332/459] CNWJ
[09:32:00] [333/459] EPJM
[09:32:00] [334/459] FNJJ
[09:32:01] [335/459] GCMJ
[09:32:02] [336/459] INPS
[09:32:03] [337/459] BICJ
[09:32:04] [338/459] ISTJ
[09:32:05] [339/459] INJC
[09:32:06] [340/459] GLXJ
[09:32:07] [341/459] INEM
[09:32:08] [342/459] JTMN
[09:32:08] [343/459] FRCJ
[09:32:09] [344/459] DDJP
[09:32:10] [345/459] INJV
[09:32:12] [346/459] GOLC
[09:32:12] [347/459] KOCI
[09:32:14] [348/459] FSTD
[09:32:15] [349/459] PACJ
[09:32:15] [350/459] GMCN
[09:32:16] [351/459] MMDJ
[09:32:17] [352/459] GODH
[09:32:18] [353/459] SKYN
[09:32:18] [354/459] NCTH
[09:32:19] [355/459] SKVZ
[09:32:20] [356/459] SVML
[09:32:21] [357/459] ACVZ
[09:32:21] [358/459] SURA
[09:32:23] [359/459] RTRB
[09:32:24] [360/459] LLCT
[09:32:25] [361/459] ATTS
[09:32:26] [362/459] JYCM
[09:32:27] [363/459] CTKR
[09:32:28] [364/459] LCKR
[09:32:28] [365/459] NYCV
[09:32:29] [366/459] NYOH
[09:32:30] [367/459] NOVX
[09:32:31] [368/459] MRGK
[09:32:32] [369/459] MOON
[09:32:33] [370/459] SBUC
[09:32:34] [371/459] GSVA
[09:32:34] [372/459] VIAK
[09:32:35] [373/459] SMVZ
[09:32:36] [374/459] MATE
[09:32:36] [375/459] RDCN
[09:32:37] [376/459] ASBL
[09:32:38] [377/459] ASVS
[09:32:39] [378/459] ASSR
[09:32:40] [379/459] SSKN
[09:32:40] [380/459] DRPV
[09:32:42] [381/459] MRHT
[09:32:43] [382/459] BSCN
[09:32:44] [383/459] RKNX
[09:32:45] [384/459] MSMC
[09:32:46] [385/459] MSCJ
[09:32:47] [386/459] BTBJ
[09:32:48] [387/459] MJCC
[09:32:49] [388/459] IOMM
[09:32:49] [389/459] ADGR
[09:32:50] [390/459] MYCP
[09:32:51] [391/459] IGCM
[09:32:52] [392/459] PGRK
[09:32:53] [393/459] VPGO
[09:32:53] [394/459] KOMS
[09:32:54] [395/459] URGG
[09:32:55] [396/459] GOST
[09:32:56] [397/459] LACT
[09:32:57] [398/459] BWCM
[09:32:58] [399/459] NCCW
[09:32:58] [400/459] SKYC
[09:32:59] [401/459] CCPM
[09:33:00] [402/459] VCBT
[09:33:01] [403/459] SDKR
[09:33:02] [404/459] CTYB
[09:33:03] [405/459] SHCX
[09:33:04] [406/459] RCUN
[09:33:05] [407/459] CNRA
[09:33:06] [408/459] RFCA
[09:33:06] [409/459] RDCU
[09:33:07] [410/459] SARK
[09:33:08] [411/459] SPPP
[09:33:09] [412/459] ADMB
[09:33:10] [413/459] JYOE
[09:33:10] [414/459] SRMD
[09:33:11] [415/459] RJDH
[09:33:12] [416/459] SSTD
[09:33:13] [417/459] AACV
[09:33:14] [418/459] PPVD
[09:33:14] [419/459] STCP
[09:33:15] [420/459] ANJR
[09:33:16] [421/459] ANLS
[09:33:16] [422/459] BIJO
[09:33:17] [423/459] AVAB
[09:33:18] [424/459] SPMD
[09:33:19] [425/459] SVJL
[09:33:20] [426/459] SDDJ
[09:33:21] [427/459] SLTU
[09:33:22] [428/459] SAKA
[09:33:23] [429/459] PMAM
[09:33:24] [430/459] FNAM
[09:33:24] [431/459] ACAM
[09:33:25] [432/459] SCMM
[09:33:26] [433/459] PMAK
[09:33:27] [434/459] NYSA
[09:33:27] [435/459] FCPA
[09:33:28] [436/459] GDAN
[09:33:29] [437/459] RSCA
[09:33:30] [438/459] DMAN
[09:33:31] [439/459] DZCM
[09:33:32] [440/459] NSGL
[09:33:33] [441/459] CCPP
[09:33:33] [442/459] PSMG
[09:33:34] [443/459] GSER
[09:33:36] [444/459] FCCT
[09:33:37] [445/459] FCTB
[09:33:38] [446/459] LCNK
[09:33:39] [447/459] SKTY
[09:33:40] [448/459] INAA
[09:33:40] [449/459] RCWN
[09:33:41] [450/459] VAIS
[09:33:42] [451/459] CVMN
[09:33:43] [452/459] INTS
[09:33:44] [453/459] FRGS
[09:33:45] [454/459] DTCK
[09:33:46] [455/459] MCMH
[09:33:46] [456/459] ECRR
[09:33:47] [457/459] RLLP
[09:33:48] [458/459] CCSN
[09:33:49] [459/459] CCBA
[09:33:50] ✅ DONE | Shows=975 | Movies=58
