[00:40:10] 🚀 BMS DAILY TRACKER STARTED
[00:40:10] [1/459] NECA
[00:40:10] 🧠 New identity
[00:40:12] [2/459] BJLC
[00:40:12] [3/459] BASU
[00:40:13] [4/459] RUPI
[00:40:14] [5/459] LCBK
[00:40:15] [6/459] PMAC
[00:40:16] [7/459] AMLC
[00:40:17] [8/459] LICL
[00:40:18] [9/459] UDMM
[00:40:19] [10/459] STBZ
[00:40:20] [11/459] UUBT
[00:40:22] [12/459] SJKC
[00:40:23] [13/459] TUAL
[00:40:24] [14/459] MRSE
[00:40:25] [15/459] RMRK
[00:40:26] [16/459] TTKP
[00:40:27] [17/459] KTKO
[00:40:28] [18/459] SDBK
[00:40:30] [19/459] MCPR
[00:40:30] [20/459] CHTI
[00:40:31] [21/459] GCCP
[00:40:32] [22/459] SRMY
[00:40:33] [23/459] NYST
[00:40:34] [24/459] NYAG
[00:40:35] [25/459] SBMT
[00:40:35] [26/459] INGA
[00:40:36] [27/459] WSIC
[00:40:37] [28/459] SCSS
[00:40:38] [29/459] COPG
[00:40:39] [30/459] RCGR
[00:40:39] [31/459] TCZA
[00:40:40] [32/459] CNLP
[00:40:41] [33/459] CLKN
[00:40:42] [34/459] LHDF
[00:40:43] [35/459] ELKC
[00:40:44] [36/459] VCEM
[00:40:45] [37/459] SSZA
[00:40:45] [38/459] KRMT
[00:40:46] [39/459] LCMV
[00:40:48] [40/459] AYCZ
[00:40:48] [41/459] CUMS
[00:40:49] [42/459] BOCK
[00:40:50] [43/459] PNMR
[00:40:51] [44/459] PJCP
[00:40:51] [45/459] JDDD
[00:40:52] [46/459] STMS
[00:40:53] [47/459] FLMB
[00:40:54] [48/459] PKCM
[00:40:55] [49/459] SPPR
[00:40:56] [50/459] EYLH
[00:40:57] [51/459] RJCC
[00:40:59] [52/459] MMPS
[00:40:59] [53/459] SHMX
[00:41:00] [54/459] CCNL
[00:41:01] [55/459] RCNV
[00:41:02] [56/459] MAAG
[00:41:03] [57/459] LXCM
[00:41:04] [58/459] RCNI
[00:41:05] [59/459] SNNI
[00:41:06] [60/459] LALC
[00:41:07] [61/459] SOCN
[00:41:07] [62/459] JHTP
[00:41:08] [63/459] PITP
[00:41:09] [64/459] CCKW
[00:41:10] [65/459] MCMC
[00:41:11] [66/459] DEES
[00:41:12] [67/459] SABT
[00:41:13] [68/459] VSPP
[00:41:13] [69/459] ABCT
[00:41:14] [70/459] JVTB
[00:41:15] [71/459] VCBD
[00:41:16] [72/459] RMGG
[00:41:16] [73/459] RNMH
[00:41:17] [74/459] SPGL
[00:41:18] [75/459] JTTR
[00:41:20] [76/459] SICS
[00:41:21] [77/459] SRMI
[00:41:21] [78/459] SSIJ
[00:41:23] [79/459] KFMT
[00:41:24] [80/459] VBIT
[00:41:24] [81/459] JKCT
[00:41:25] [82/459] GCGP
[00:41:26] [83/459] GDCS
[00:41:27] [84/459] TRBA
[00:41:29] [85/459] QUST
[00:41:29] [86/459] VSHM
[00:41:30] [87/459] SDCP
[00:41:31] [88/459] SNVS
[00:41:32] [89/459] NYTO
[00:41:33] [90/459] URWC
[00:41:34] [91/459] GTWH
[00:41:35] [92/459] PFCM
[00:41:36] [93/459] KRTA
[00:41:37] [94/459] AXMC
[00:41:39] [95/459] EVMC
[00:41:40] [96/459] HGSM
[00:41:41] [97/459] ACVM
[00:41:42] [98/459] PSKL
[00:41:43] [99/459] RDMP
[00:41:43] [100/459] RHGH
[00:41:44] [101/459] OMCM
[00:41:45] [102/459] DCCP
[00:41:46] [103/459] MCPB
[00:41:46] [104/459] ALCI
[00:41:47] [105/459] BLMX
[00:41:48] [106/459] BTMV
[00:41:49] [107/459] FVPN
[00:41:49] [108/459] CMAR
[00:41:50] [109/459] CEIM
[00:41:51] [110/459] CMVA
[00:41:51] [111/459] CPIV
[00:41:52] [112/459] CNPE
[00:41:53] [113/459] COLV
[00:41:54] [114/459] DNNV
[00:41:55] [115/459] HCAD
[00:41:56] [116/459] TAKA
[00:41:56] [117/459] INVD
[00:41:57] [118/459] IRMM
[00:41:58] [119/459] INSE
[00:41:59] [120/459] MRSW
[00:42:01] [121/459] MCVD
[00:42:02] [122/459] MCSO
[00:42:02] [123/459] PEVM
[00:42:03] [124/459] PVNL
[00:42:04] [125/459] PTCV
[00:42:05] [126/459] PRTC
[00:42:06] [127/459] RCVA
[00:42:07] [128/459] MTBN
[00:42:08] [129/459] LUCP
[00:42:09] [130/459] FMPT
[00:42:10] [131/459] JLSL
[00:42:11] [132/459] SBHA
[00:42:12] [133/459] SHRC
[00:42:13] [134/459] AVPS
[00:42:14] [135/459] STPM
[00:42:15] [136/459] ATRD
[00:42:16] [137/459] VTED
[00:42:16] [138/459] ACAI
[00:42:17] [139/459] SMAE
[00:42:18] [140/459] VMAT
[00:42:19] [141/459] LKCT
[00:42:20] [142/459] JTVK
[00:42:21] [143/459] PRTY
[00:42:22] [144/459] GETT
[00:42:23] [145/459] ESAP
[00:42:24] [146/459] NCPM
[00:42:24] [147/459] PCPA
[00:42:25] [148/459] MMOM
[00:42:26] [149/459] PHUP
[00:42:27] [150/459] CCPI
[00:42:28] [151/459] CNTD
[00:42:30] [152/459] NLJR
[00:42:31] [153/459] SRNG
[00:42:31] [154/459] MHAL
[00:42:33] [155/459] PNSM
[00:42:33] [156/459] DRMY
[00:42:34] [157/459] CCMU
[00:42:35] [158/459] SCMY
[00:42:36] [159/459] PVSY
[00:42:36] [160/459] SDLM
[00:42:37] [161/459] ICCM
[00:42:38] [162/459] PYSU
[00:42:39] [163/459] GATM
[00:42:40] [164/459] WOTM
[00:42:41] [165/459] RKTS
[00:42:42] [166/459] PMTY
[00:42:43] [167/459] LYMS
[00:42:44] [168/459] TGCA
[00:42:45] [169/459] DSTA
[00:42:46] [170/459] CNGE
[00:42:46] [171/459] VSTG
[00:42:47] [172/459] GTCK
[00:42:48] [173/459] TGNT
[00:42:49] [174/459] ASLC
[00:42:51] [175/459] SSST
[00:42:51] [176/459] KBTT
[00:42:52] [177/459] HKCP
[00:42:53] [178/459] SWLC
[00:42:54] [179/459] RTND
[00:42:55] [180/459] PKKT
[00:42:56] [181/459] HSTK
[00:42:58] [182/459] SPTT
[00:42:59] [183/459] IMPM
[00:42:59] [184/459] SCMV
[00:43:01] [185/459] SPCT
[00:43:02] [186/459] JBCA
[00:43:03] [187/459] ATTR
[00:43:04] [188/459] SPMT
[00:43:05] [189/459] LCTM
[00:43:06] [190/459] SCVL
[00:43:07] [191/459] SCVT
[00:43:08] [192/459] KRIC
[00:43:08] [193/459] CTMG
[00:43:09] [194/459] ACNC
[00:43:10] [195/459] DMCK
[00:43:11] [196/459] KMTV
[00:43:11] [197/459] PFCJ
[00:43:12] [198/459] VNMD
[00:43:13] [199/459] VPCZ
[00:43:14] [200/459] SRYR
[00:43:15] [201/459] SYTR
[00:43:16] [202/459] GATR
[00:43:16] [203/459] URTR
[00:43:17] [204/459] MKSM
[00:43:19] [205/459] VSMH
[00:43:19] [206/459] SKRJ
[00:43:20] [207/459] SSJR
[00:43:21] [208/459] SVSM
[00:43:22] [209/459] RUCM
[00:43:23] [210/459] PRKN
[00:43:24] [211/459] RROH
[00:43:26] [212/459] SCTN
[00:43:26] [213/459] RTDM
[00:43:27] [214/459] ASRM
[00:43:28] [215/459] SKMD
[00:43:29] [216/459] SUTD
[00:43:30] [217/459] SADM
[00:43:31] [218/459] WCNR
[00:43:31] [219/459] CNED
[00:43:33] [220/459] MPDB
[00:43:34] [221/459] KTBH
[00:43:35] [222/459] IDRM
[00:43:36] [223/459] PJJT
[00:43:37] [224/459] PFCV
[00:43:38] [225/459] AACT
[00:43:39] [226/459] AAAD
[00:43:40] [227/459] ANES
[00:43:41] [228/459] MNCA
[00:43:43] [229/459] RMGU
[00:43:43] [230/459] DLCN
[00:43:44] [231/459] LJWT
[00:43:45] [232/459] MCBG
[00:43:46] [233/459] MYBG
[00:43:47] [234/459] GCCA
[00:43:48] [235/459] GCGA
[00:43:49] [236/459] ECGN
[00:43:50] [237/459] PRAB
[00:43:51] [238/459] PNMP
[00:43:52] [239/459] GCPT
[00:43:54] [240/459] ROYN
[00:43:55] [241/459] VATM
[00:43:56] [242/459] KSNT
[00:43:56] [243/459] ACTC
[00:43:57] [244/459] PLTD
[00:43:58] [245/459] SKMK
[00:43:59] [246/459] CMTT
[00:44:00] [247/459] SMXP
[00:44:01] [248/459] SCMX
[00:44:02] [249/459] ACXN
[00:44:03] [250/459] ASWT
[00:44:04] [251/459] VVVL
[00:44:05] [252/459] NAGO
[00:44:05] [253/459] SNCN
[00:44:06] [254/459] MCKP
[00:44:07] [255/459] SAMO
[00:44:08] [256/459] JBTV
[00:44:09] [257/459] DCVV
[00:44:09] [258/459] KMSV
[00:44:10] [259/459] KDCN
[00:44:11] [260/459] CNCP
[00:44:11] [261/459] HAMC
[00:44:12] [262/459] CCVZ
[00:44:13] [263/459] NCCK
[00:44:14] [264/459] MCHR
[00:44:15] [265/459] SCHT
[00:44:15] [266/459] ESSH
[00:44:17] [267/459] CUJC
[00:44:17] [268/459] PECP
[00:44:18] [269/459] PMMI
[00:44:20] [270/459] PCCH
[00:44:20] [271/459] PRPM
[00:44:21] [272/459] PVKL
[00:44:22] [273/459] CBSM
[00:44:23] [274/459] PVCZ
[00:44:24] [275/459] PCVV
[00:44:24] [276/459] CTMJ
[00:44:25] [277/459] RCPS
[00:44:26] [278/459] PCIT
[00:44:27] [279/459] FNCH
[00:44:28] [280/459] INZD
[00:44:29] [281/459] INPC
[00:44:29] [282/459] LCZP
[00:44:30] [283/459] SMCB
[00:44:31] [284/459] PTSB
[00:44:32] [285/459] TPSI
[00:44:33] [286/459] KHMJ
[00:44:34] [287/459] RCCJ
[00:44:34] [288/459] NCJA
[00:44:35] [289/459] NCJN
[00:44:36] [290/459] BTDP
[00:44:37] [291/459] PADY
[00:44:38] [292/459] NYBH
[00:44:39] [293/459] MTBR
[00:44:40] [294/459] KRBC
[00:44:41] [295/459] DKTI
[00:44:42] [296/459] ANAN
[00:44:43] [297/459] INBP
[00:44:44] [298/459] PATB
[00:44:44] [299/459] RGNT
[00:44:45] [300/459] CGPM
[00:44:46] [301/459] INTN
[00:44:46] [302/459] MCMP
[00:44:47] [303/459] ASRG
[00:44:48] [304/459] CXJD
[00:44:49] [305/459] SPCP
[00:44:50] [306/459] CSTP
[00:44:51] [307/459] PKVC
[00:44:51] [308/459] ESCP
[00:44:52] [309/459] CAEP
[00:44:53] [310/459] CCSP
[00:44:54] [311/459] KTPC
[00:44:55] [312/459] DACA
[00:44:56] [313/459] NVKY
[00:44:56] [314/459] PTIN
[00:44:57] [315/459] SCIN
[00:44:58] [316/459] MCTY
[00:44:59] [317/459] PCMX
[00:45:00] [318/459] INIC
[00:45:00] [319/459] MMZM
[00:45:01] [320/459] SSLP
[00:45:02] [321/459] DTDT
[00:45:03] [322/459] FFCX
[00:45:03] [323/459] RCMM
[00:45:04] [324/459] KYID
[00:45:05] [325/459] CSCI
[00:45:06] [326/459] FCMC
[00:45:06] [327/459] MMXI
[00:45:07] [328/459] ASTC
[00:45:09] [329/459] CMRA
[00:45:09] [330/459] DICI
[00:45:10] [331/459] KDIN
[00:45:12] [332/459] PRFI
[00:45:13] [333/459] SVFC
[00:45:14] [334/459] UCPL
[00:45:15] [335/459] COOC
[00:45:16] [336/459] SCAL
[00:45:17] [337/459] SVFF
[00:45:18] [338/459] VCMG
[00:45:19] [339/459] UUCT
[00:45:20] [340/459] GCSE
[00:45:21] [341/459] SUSC
[00:45:21] [342/459] MISC
[00:45:23] [343/459] RMBL
[00:45:24] [344/459] CMXN
[00:45:25] [345/459] PVBK
[00:45:25] [346/459] HHCG
[00:45:26] [347/459] SCAG
[00:45:28] [348/459] CNPR
[00:45:28] [349/459] CSER
[00:45:30] [350/459] HLWD
[00:45:30] [351/459] BOLY
[00:45:31] [352/459] SSPG
[00:45:33] [353/459] MUPX
[00:45:34] [354/459] HAMR
[00:45:35] [355/459] SDNC
[00:45:35] [356/459] RTEN
[00:45:36] [357/459] SDTD
[00:45:37] [358/459] KAWS
[00:45:38] [359/459] CMZX
[00:45:39] [360/459] DCDD
[00:45:40] [361/459] ALSN
[00:45:41] [362/459] IMXS
[00:45:42] [363/459] PVFF
[00:45:43] [364/459] PVOO
[00:45:44] [365/459] CFBS
[00:45:45] [366/459] PVER
[00:45:46] [367/459] PPNX
[00:45:47] [368/459] CNRM
[00:45:47] [369/459] PVWW
[00:45:48] [370/459] INMB
[00:45:49] [371/459] CPJR
[00:45:50] [372/459] INRZ
[00:45:51] [373/459] PMSR
[00:45:51] [374/459] GPGM
[00:45:52] [375/459] PGWB
[00:45:53] [376/459] PMBR
[00:45:54] [377/459] GPAM
[00:45:55] [378/459] INBC
[00:45:55] [379/459] PZVK
[00:45:56] [380/459] CPEB
[00:45:57] [381/459] FMLB
[00:45:58] [382/459] INBG
[00:45:59] [383/459] GPBR
[00:46:00] [384/459] PAAS
[00:46:01] [385/459] VTBR
[00:46:02] [386/459] GPMY
[00:46:03] [387/459] GYBU
[00:46:04] [388/459] INBJ
[00:46:05] [389/459] LKTH
[00:46:06] [390/459] NSBR
[00:46:07] [391/459] PDRD
[00:46:08] [392/459] VRBL
[00:46:08] [393/459] VTGB
[00:46:09] [394/459] VTSK
[00:46:10] [395/459] BKDV
[00:46:11] [396/459] SVTB
[00:46:12] [397/459] MLDT
[00:46:13] [398/459] NRBL
[00:46:14] [399/459] SLTR
[00:46:15] [400/459] VNKA
[00:46:16] [401/459] TDCA
[00:46:17] [402/459] INBM
[00:46:17] [403/459] SSNR
[00:46:18] [404/459] BHAC
[00:46:19] [405/459] SDSD
[00:46:20] [406/459] SAMP
[00:46:21] [407/459] RATK
[00:46:22] [408/459] KCBI
[00:46:22] [409/459] URBL
[00:46:23] [410/459] MKBG
[00:46:24] [411/459] ASTB
[00:46:25] [412/459] VBWT
[00:46:26] [413/459] GPSM
[00:46:27] [414/459] ROON
[00:46:27] [415/459] CHTH
[00:46:28] [416/459] SSPA
[00:46:29] [417/459] ANBL
[00:46:30] [418/459] VTBE
[00:46:30] [419/459] SVKT
[00:46:31] [420/459] SVYK
[00:46:32] [421/459] PTBK
[00:46:33] [422/459] RKTB
[00:46:35] [423/459] BALT
[00:46:36] [424/459] STSV
[00:46:36] [425/459] VCCB
[00:46:38] [426/459] SLTB
[00:46:39] [427/459] SBCR
[00:46:40] [428/459] VDCS
[00:46:41] [429/459] MDKI
[00:46:42] [430/459] SMRN
[00:46:43] [431/459] PTBC
[00:46:43] [432/459] RADI
[00:46:44] [433/459] ADCR
[00:46:46] [434/459] SDCS
[00:46:46] [435/459] SRPJ
[00:46:48] [436/459] ARTS
[00:46:49] [437/459] SRHK
[00:46:50] [438/459] SPAY
[00:46:50] [439/459] GPTB
[00:46:51] [440/459] SNNN
[00:46:52] [441/459] BALJ
[00:46:53] [442/459] TRIG
[00:46:54] [443/459] GTYT
[00:46:55] [444/459] ATGN
[00:46:56] [445/459] ANTE
[00:46:57] [446/459] BDCG
[00:46:58] [447/459] VECI
[00:46:59] [448/459] SCPR
[00:47:00] [449/459] RTEA
[00:47:00] [450/459] JSAI
[00:47:01] [451/459] VJTP
[00:47:02] [452/459] GNDS
[00:47:03] [453/459] PAXA
[00:47:04] [454/459] CGGM
[00:47:05] [455/459] ACKZ
[00:47:06] [456/459] EMCC
[00:47:07] [457/459] KLSK
[00:47:08] [458/459] AVCK
[00:47:09] [459/459] JTCK
[00:47:09] ✅ DONE | Shows=1 | Movies=1
[01:43:44] 🚀 BMS DAILY TRACKER STARTED
[01:43:44] [1/459] NECA
[01:43:44] 🧠 New identity
[01:43:45] [2/459] BJLC
[01:43:45] [3/459] BASU
[01:43:46] [4/459] RUPI
[01:43:46] [5/459] LCBK
[01:43:47] [6/459] PMAC
[01:43:48] [7/459] AMLC
[01:43:48] [8/459] LICL
[01:43:49] [9/459] UDMM
[01:43:50] [10/459] STBZ
[01:43:50] [11/459] UUBT
[01:43:51] [12/459] SJKC
[01:43:52] [13/459] TUAL
[01:43:52] [14/459] MRSE
[01:43:53] [15/459] RMRK
[01:43:53] [16/459] TTKP
[01:43:54] [17/459] KTKO
[01:43:54] [18/459] SDBK
[01:43:55] [19/459] MCPR
[01:43:56] [20/459] CHTI
[01:43:56] [21/459] GCCP
[01:43:57] [22/459] SRMY
[01:43:58] [23/459] NYST
[01:43:58] [24/459] NYAG
[01:43:59] [25/459] SBMT
[01:43:59] [26/459] INGA
[01:44:00] [27/459] WSIC
[01:44:01] [28/459] SCSS
[01:44:02] [29/459] COPG
[01:44:02] [30/459] RCGR
[01:44:02] [31/459] TCZA
[01:44:03] [32/459] CNLP
[01:44:04] [33/459] CLKN
[01:44:04] [34/459] LHDF
[01:44:05] [35/459] ELKC
[01:44:05] [36/459] VCEM
[01:44:06] [37/459] SSZA
[01:44:07] [38/459] KRMT
[01:44:07] [39/459] LCMV
[01:44:08] [40/459] AYCZ
[01:44:09] [41/459] CUMS
[01:44:09] [42/459] BOCK
[01:44:10] [43/459] PNMR
[01:44:10] [44/459] PJCP
[01:44:11] [45/459] JDDD
[01:44:12] [46/459] STMS
[01:44:12] [47/459] FLMB
[01:44:13] [48/459] PKCM
[01:44:13] [49/459] SPPR
[01:44:14] [50/459] EYLH
[01:44:15] [51/459] RJCC
[01:44:15] [52/459] MMPS
[01:44:16] [53/459] SHMX
[01:44:16] [54/459] CCNL
[01:44:17] [55/459] RCNV
[01:44:17] [56/459] MAAG
[01:44:18] [57/459] LXCM
[01:44:18] [58/459] RCNI
[01:44:19] [59/459] SNNI
[01:44:19] [60/459] LALC
[01:44:20] [61/459] SOCN
[01:44:21] [62/459] JHTP
[01:44:21] [63/459] PITP
[01:44:22] [64/459] CCKW
[01:44:23] [65/459] MCMC
[01:44:23] [66/459] DEES
[01:44:24] [67/459] SABT
[01:44:24] [68/459] VSPP
[01:44:25] [69/459] ABCT
[01:44:26] [70/459] JVTB
[01:44:26] [71/459] VCBD
[01:44:27] [72/459] RMGG
[01:44:27] [73/459] RNMH
[01:44:28] [74/459] SPGL
[01:44:29] [75/459] JTTR
[01:44:29] [76/459] SICS
[01:44:30] [77/459] SRMI
[01:44:30] [78/459] SSIJ
[01:44:31] [79/459] KFMT
[01:44:31] [80/459] VBIT
[01:44:32] [81/459] JKCT
[01:44:33] [82/459] GCGP
[01:44:33] [83/459] GDCS
[01:44:34] [84/459] TRBA
[01:44:34] [85/459] QUST
[01:44:35] [86/459] VSHM
[01:44:35] [87/459] SDCP
[01:44:36] [88/459] SNVS
[01:44:36] [89/459] NYTO
[01:44:37] [90/459] URWC
[01:44:37] [91/459] GTWH
[01:44:38] [92/459] PFCM
[01:44:38] [93/459] KRTA
[01:44:39] [94/459] AXMC
[01:44:39] [95/459] EVMC
[01:44:40] [96/459] HGSM
[01:44:40] [97/459] ACVM
[01:44:41] [98/459] PSKL
[01:44:42] [99/459] RDMP
[01:44:42] [100/459] RHGH
[01:44:43] [101/459] OMCM
[01:44:43] [102/459] DCCP
[01:44:44] [103/459] MCPB
[01:44:44] [104/459] ALCI
[01:44:45] [105/459] BLMX
[01:44:45] [106/459] BTMV
[01:44:46] [107/459] FVPN
[01:44:46] [108/459] CMAR
[01:44:47] [109/459] CEIM
[01:44:47] [110/459] CMVA
[01:44:48] [111/459] CPIV
[01:44:49] [112/459] CNPE
[01:44:49] [113/459] COLV
[01:44:50] [114/459] DNNV
[01:44:51] [115/459] HCAD
[01:44:51] [116/459] TAKA
[01:44:52] [117/459] INVD
[01:44:53] [118/459] IRMM
[01:44:53] [119/459] INSE
[01:44:54] [120/459] MRSW
[01:44:54] [121/459] MCVD
[01:44:55] [122/459] MCSO
[01:44:55] [123/459] PEVM
[01:44:56] [124/459] PVNL
[01:44:56] [125/459] PTCV
[01:44:57] [126/459] PRTC
[01:44:57] [127/459] RCVA
[01:44:58] [128/459] MTBN
[01:44:58] [129/459] LUCP
[01:44:59] [130/459] FMPT
[01:45:00] [131/459] JLSL
[01:45:00] [132/459] SBHA
[01:45:01] [133/459] SHRC
[01:45:02] [134/459] AVPS
[01:45:02] [135/459] STPM
[01:45:03] [136/459] ATRD
[01:45:03] [137/459] VTED
[01:45:04] [138/459] ACAI
[01:45:04] [139/459] SMAE
[01:45:05] [140/459] VMAT
[01:45:06] [141/459] LKCT
[01:45:06] [142/459] JTVK
[01:45:07] [143/459] PRTY
[01:45:07] [144/459] GETT
[01:45:08] [145/459] ESAP
[01:45:08] [146/459] NCPM
[01:45:09] [147/459] PCPA
[01:45:10] [148/459] MMOM
[01:45:10] [149/459] PHUP
[01:45:11] [150/459] CCPI
[01:45:11] [151/459] CNTD
[01:45:12] [152/459] NLJR
[01:45:12] [153/459] SRNG
[01:45:13] [154/459] MHAL
[01:45:13] [155/459] PNSM
[01:45:14] [156/459] DRMY
[01:45:14] [157/459] CCMU
[01:45:15] [158/459] SCMY
[01:45:16] [159/459] PVSY
[01:45:16] [160/459] SDLM
[01:45:17] [161/459] ICCM
[01:45:18] [162/459] PYSU
[01:45:18] [163/459] GATM
[01:45:19] [164/459] WOTM
[01:45:19] [165/459] RKTS
[01:45:20] [166/459] PMTY
[01:45:21] [167/459] LYMS
[01:45:21] [168/459] TGCA
[01:45:22] [169/459] DSTA
[01:45:23] [170/459] CNGE
[01:45:23] [171/459] VSTG
[01:45:24] [172/459] GTCK
[01:45:24] [173/459] TGNT
[01:45:25] [174/459] ASLC
[01:45:26] [175/459] SSST
[01:45:26] [176/459] KBTT
[01:45:27] [177/459] HKCP
[01:45:27] [178/459] SWLC
[01:45:28] [179/459] RTND
[01:45:28] [180/459] PKKT
[01:45:29] [181/459] HSTK
[01:45:30] [182/459] SPTT
[01:45:30] [183/459] IMPM
[01:45:31] [184/459] SCMV
[01:45:32] [185/459] SPCT
[01:45:32] [186/459] JBCA
[01:45:33] [187/459] ATTR
[01:45:33] [188/459] SPMT
[01:45:34] [189/459] LCTM
[01:45:34] [190/459] SCVL
[01:45:35] [191/459] SCVT
[01:45:36] [192/459] KRIC
[01:45:36] [193/459] CTMG
[01:45:37] [194/459] ACNC
[01:45:37] [195/459] DMCK
[01:45:38] [196/459] KMTV
[01:45:38] [197/459] PFCJ
[01:45:39] [198/459] VNMD
[01:45:39] [199/459] VPCZ
[01:45:40] [200/459] SRYR
[01:45:41] [201/459] SYTR
[01:45:41] [202/459] GATR
[01:45:42] [203/459] URTR
[01:45:43] [204/459] MKSM
[01:45:43] [205/459] VSMH
[01:45:44] [206/459] SKRJ
[01:45:45] [207/459] SSJR
[01:45:45] [208/459] SVSM
[01:45:46] [209/459] RUCM
[01:45:46] [210/459] PRKN
[01:45:47] [211/459] RROH
[01:45:47] [212/459] SCTN
[01:45:48] [213/459] RTDM
[01:45:48] [214/459] ASRM
[01:45:49] [215/459] SKMD
[01:45:49] [216/459] SUTD
[01:45:50] [217/459] SADM
[01:45:51] [218/459] WCNR
[01:45:51] [219/459] CNED
[01:45:52] [220/459] MPDB
[01:45:52] [221/459] KTBH
[01:45:53] [222/459] IDRM
[01:45:54] [223/459] PJJT
[01:45:54] [224/459] PFCV
[01:45:55] [225/459] AACT
[01:45:56] [226/459] AAAD
[01:45:56] [227/459] ANES
[01:45:57] [228/459] MNCA
[01:45:57] [229/459] RMGU
[01:45:58] [230/459] DLCN
[01:45:59] [231/459] LJWT
[01:45:59] [232/459] MCBG
[01:46:00] [233/459] MYBG
[01:46:00] [234/459] GCCA
[01:46:01] [235/459] GCGA
[01:46:01] [236/459] ECGN
[01:46:02] [237/459] PRAB
[01:46:02] [238/459] PNMP
[01:46:03] [239/459] GCPT
[01:46:03] [240/459] ROYN
[01:46:04] [241/459] VATM
[01:46:05] [242/459] KSNT
[01:46:05] [243/459] ACTC
[01:46:06] [244/459] PLTD
[01:46:06] [245/459] SKMK
[01:46:07] [246/459] CMTT
[01:46:07] [247/459] SMXP
[01:46:08] [248/459] SCMX
[01:46:08] [249/459] ACXN
[01:46:09] [250/459] ASWT
[01:46:10] [251/459] VVVL
[01:46:10] [252/459] NAGO
[01:46:11] [253/459] SNCN
[01:46:12] [254/459] MCKP
[01:46:12] [255/459] SAMO
[01:46:13] [256/459] JBTV
[01:46:13] [257/459] DCVV
[01:46:14] [258/459] KMSV
[01:46:14] [259/459] KDCN
[01:46:15] [260/459] CNCP
[01:46:16] [261/459] HAMC
[01:46:16] [262/459] CCVZ
[01:46:17] [263/459] NCCK
[01:46:18] [264/459] MCHR
[01:46:18] [265/459] SCHT
[01:46:19] [266/459] ESSH
[01:46:19] [267/459] CUJC
[01:46:20] [268/459] PECP
[01:46:20] [269/459] PMMI
[01:46:21] [270/459] PCCH
[01:46:22] [271/459] PRPM
[01:46:22] [272/459] PVKL
[01:46:23] [273/459] CBSM
[01:46:23] [274/459] PVCZ
[01:46:24] [275/459] PCVV
[01:46:24] [276/459] CTMJ
[01:46:25] [277/459] RCPS
[01:46:25] [278/459] PCIT
[01:46:26] [279/459] FNCH
[01:46:26] [280/459] INZD
[01:46:27] [281/459] INPC
[01:46:27] [282/459] LCZP
[01:46:28] [283/459] SMCB
[01:46:29] [284/459] PTSB
[01:46:29] [285/459] TPSI
[01:46:30] [286/459] KHMJ
[01:46:31] [287/459] RCCJ
[01:46:32] [288/459] NCJA
[01:46:33] [289/459] NCJN
[01:46:34] [290/459] BTDP
[01:46:34] [291/459] PADY
[01:46:35] [292/459] NYBH
[01:46:36] [293/459] MTBR
[01:46:37] [294/459] KRBC
[01:46:37] [295/459] DKTI
[01:46:38] [296/459] ANAN
[01:46:39] [297/459] INBP
[01:46:39] [298/459] PATB
[01:46:40] [299/459] RGNT
[01:46:41] [300/459] CGPM
[01:46:42] [301/459] INTN
[01:46:43] [302/459] MCMP
[01:46:44] [303/459] ASRG
[01:46:45] [304/459] CXJD
[01:46:46] [305/459] SPCP
[01:46:47] [306/459] CSTP
[01:46:48] [307/459] PKVC
[01:46:48] [308/459] ESCP
[01:46:49] [309/459] CAEP
[01:46:50] [310/459] CCSP
[01:46:50] [311/459] KTPC
[01:46:51] [312/459] DACA
[01:46:52] [313/459] NVKY
[01:46:53] [314/459] PTIN
[01:46:54] [315/459] SCIN
[01:46:55] [316/459] MCTY
[01:46:56] [317/459] PCMX
[01:46:57] [318/459] INIC
[01:46:58] [319/459] MMZM
[01:46:59] [320/459] SSLP
[01:47:00] [321/459] DTDT
[01:47:00] [322/459] FFCX
[01:47:01] [323/459] RCMM
[01:47:02] [324/459] KYID
[01:47:03] [325/459] CSCI
[01:47:03] [326/459] FCMC
[01:47:04] [327/459] MMXI
[01:47:05] [328/459] ASTC
[01:47:06] [329/459] CMRA
[01:47:07] [330/459] DICI
[01:47:07] [331/459] KDIN
[01:47:08] [332/459] PRFI
[01:47:09] [333/459] SVFC
[01:47:09] [334/459] UCPL
[01:47:11] [335/459] COOC
[01:47:12] [336/459] SCAL
[01:47:12] [337/459] SVFF
[01:47:13] [338/459] VCMG
[01:47:14] [339/459] UUCT
[01:47:15] [340/459] GCSE
[01:47:16] [341/459] SUSC
[01:47:17] [342/459] MISC
[01:47:17] [343/459] RMBL
[01:47:19] [344/459] CMXN
[01:47:19] [345/459] PVBK
[01:47:20] [346/459] HHCG
[01:47:21] [347/459] SCAG
[01:47:21] [348/459] CNPR
[01:47:22] [349/459] CSER
[01:47:23] [350/459] HLWD
[01:47:24] [351/459] BOLY
[01:47:25] [352/459] SSPG
[01:47:25] [353/459] MUPX
[01:47:26] [354/459] HAMR
[01:47:27] [355/459] SDNC
[01:47:28] [356/459] RTEN
[01:47:28] [357/459] SDTD
[01:47:29] [358/459] KAWS
[01:47:30] [359/459] CMZX
[01:47:31] [360/459] DCDD
[01:47:32] [361/459] ALSN
[01:47:33] [362/459] IMXS
[01:47:33] [363/459] PVFF
[01:47:35] [364/459] PVOO
[01:47:36] [365/459] CFBS
[01:47:36] [366/459] PVER
[01:47:37] [367/459] PPNX
[01:47:38] [368/459] CNRM
[01:47:38] [369/459] PVWW
[01:47:40] [370/459] INMB
[01:47:40] [371/459] CPJR
[01:47:41] [372/459] INRZ
[01:47:42] [373/459] PMSR
[01:47:42] [374/459] GPGM
[01:47:43] [375/459] PGWB
[01:47:44] [376/459] PMBR
[01:47:45] [377/459] GPAM
[01:47:46] [378/459] INBC
[01:47:46] [379/459] PZVK
[01:47:47] [380/459] CPEB
[01:47:49] [381/459] FMLB
[01:47:50] [382/459] INBG
[01:47:50] [383/459] GPBR
[01:47:51] [384/459] PAAS
[01:47:51] [385/459] VTBR
[01:47:53] [386/459] GPMY
[01:47:53] [387/459] GYBU
[01:47:54] [388/459] INBJ
[01:47:55] [389/459] LKTH
[01:47:56] [390/459] NSBR
[01:47:57] [391/459] PDRD
[01:47:57] [392/459] VRBL
[01:47:58] [393/459] VTGB
[01:47:59] [394/459] VTSK
[01:48:00] [395/459] BKDV
[01:48:01] [396/459] SVTB
[01:48:02] [397/459] MLDT
[01:48:03] [398/459] NRBL
[01:48:04] [399/459] SLTR
[01:48:05] [400/459] VNKA
[01:48:05] [401/459] TDCA
[01:48:06] [402/459] INBM
[01:48:07] [403/459] SSNR
[01:48:08] [404/459] BHAC
[01:48:09] [405/459] SDSD
[01:48:11] [406/459] SAMP
[01:48:11] [407/459] RATK
[01:48:12] [408/459] KCBI
[01:48:13] [409/459] URBL
[01:48:14] [410/459] MKBG
[01:48:14] [411/459] ASTB
[01:48:15] [412/459] VBWT
[01:48:16] [413/459] GPSM
[01:48:17] [414/459] ROON
[01:48:18] [415/459] CHTH
[01:48:19] [416/459] SSPA
[01:48:19] [417/459] ANBL
[01:48:21] [418/459] VTBE
[01:48:21] [419/459] SVKT
[01:48:22] [420/459] SVYK
[01:48:23] [421/459] PTBK
[01:48:24] [422/459] RKTB
[01:48:25] [423/459] BALT
[01:48:26] [424/459] STSV
[01:48:27] [425/459] VCCB
[01:48:28] [426/459] SLTB
[01:48:28] [427/459] SBCR
[01:48:29] [428/459] VDCS
[01:48:30] [429/459] MDKI
[01:48:31] [430/459] SMRN
[01:48:32] [431/459] PTBC
[01:48:32] [432/459] RADI
[01:48:33] [433/459] ADCR
[01:48:34] [434/459] SDCS
[01:48:35] [435/459] SRPJ
[01:48:36] [436/459] ARTS
[01:48:37] [437/459] SRHK
[01:48:37] [438/459] SPAY
[01:48:38] [439/459] GPTB
[01:48:39] [440/459] SNNN
[01:48:40] [441/459] BALJ
[01:48:41] [442/459] TRIG
[01:48:42] [443/459] GTYT
[01:48:43] [444/459] ATGN
[01:48:44] [445/459] ANTE
[01:48:45] [446/459] BDCG
[01:48:46] [447/459] VECI
[01:48:46] [448/459] SCPR
[01:48:47] [449/459] RTEA
[01:48:47] [450/459] JSAI
[01:48:48] [451/459] VJTP
[01:48:50] [452/459] GNDS
[01:48:51] [453/459] PAXA
[01:48:52] [454/459] CGGM
[01:48:52] [455/459] ACKZ
[01:48:53] [456/459] EMCC
[01:48:54] [457/459] KLSK
[01:48:54] [458/459] AVCK
[01:48:55] [459/459] JTCK
[01:48:56] ✅ DONE | Shows=1 | Movies=1
[02:41:46] 🚀 BMS DAILY TRACKER STARTED
[02:41:46] [1/459] NECA
[02:41:46] 🧠 New identity
[02:41:47] [2/459] BJLC
[02:41:48] [3/459] BASU
[02:41:49] [4/459] RUPI
[02:41:50] [5/459] LCBK
[02:41:51] [6/459] PMAC
[02:41:52] [7/459] AMLC
[02:41:53] [8/459] LICL
[02:41:54] [9/459] UDMM
[02:41:54] [10/459] STBZ
[02:41:56] [11/459] UUBT
[02:41:57] [12/459] SJKC
[02:41:58] [13/459] TUAL
[02:41:58] [14/459] MRSE
[02:41:59] [15/459] RMRK
[02:42:00] [16/459] TTKP
[02:42:01] [17/459] KTKO
[02:42:02] [18/459] SDBK
[02:42:03] [19/459] MCPR
[02:42:04] [20/459] CHTI
[02:42:05] [21/459] GCCP
[02:42:06] [22/459] SRMY
[02:42:07] [23/459] NYST
[02:42:08] [24/459] NYAG
[02:42:09] [25/459] SBMT
[02:42:10] [26/459] INGA
[02:42:11] [27/459] WSIC
[02:42:12] [28/459] SCSS
[02:42:12] [29/459] COPG
[02:42:14] [30/459] RCGR
[02:42:15] [31/459] TCZA
[02:42:16] [32/459] CNLP
[02:42:17] [33/459] CLKN
[02:42:17] [34/459] LHDF
[02:42:18] [35/459] ELKC
[02:42:19] [36/459] VCEM
[02:42:20] [37/459] SSZA
[02:42:21] [38/459] KRMT
[02:42:22] [39/459] LCMV
[02:42:23] [40/459] AYCZ
[02:42:24] [41/459] CUMS
[02:42:25] [42/459] BOCK
[02:42:26] [43/459] PNMR
[02:42:27] [44/459] PJCP
[02:42:27] [45/459] JDDD
[02:42:28] [46/459] STMS
[02:42:29] [47/459] FLMB
[02:42:30] [48/459] PKCM
[02:42:31] [49/459] SPPR
[02:42:32] [50/459] EYLH
[02:42:32] [51/459] RJCC
[02:42:33] [52/459] MMPS
[02:42:34] [53/459] SHMX
[02:42:35] [54/459] CCNL
[02:42:36] [55/459] RCNV
[02:42:36] [56/459] MAAG
[02:42:37] [57/459] LXCM
[02:42:38] [58/459] RCNI
[02:42:39] [59/459] SNNI
[02:42:40] [60/459] LALC
[02:42:41] [61/459] SOCN
[02:42:42] [62/459] JHTP
[02:42:42] [63/459] PITP
[02:42:44] [64/459] CCKW
[02:42:45] [65/459] MCMC
[02:42:46] [66/459] DEES
[02:42:46] [67/459] SABT
[02:42:47] [68/459] VSPP
[02:42:48] [69/459] ABCT
[02:42:50] [70/459] JVTB
[02:42:51] [71/459] VCBD
[02:42:51] [72/459] RMGG
[02:42:52] [73/459] RNMH
[02:42:53] [74/459] SPGL
[02:42:54] [75/459] JTTR
[02:42:55] [76/459] SICS
[02:42:56] [77/459] SRMI
[02:42:57] [78/459] SSIJ
[02:42:58] [79/459] KFMT
[02:42:58] [80/459] VBIT
[02:42:59] [81/459] JKCT
[02:43:00] [82/459] GCGP
[02:43:01] [83/459] GDCS
[02:43:02] [84/459] TRBA
[02:43:03] [85/459] QUST
[02:43:04] [86/459] VSHM
[02:43:05] [87/459] SDCP
[02:43:05] [88/459] SNVS
[02:43:07] [89/459] NYTO
[02:43:08] [90/459] URWC
[02:43:09] [91/459] GTWH
[02:43:09] [92/459] PFCM
[02:43:11] [93/459] KRTA
[02:43:12] [94/459] AXMC
[02:43:13] [95/459] EVMC
[02:43:14] [96/459] HGSM
[02:43:14] [97/459] ACVM
[02:43:15] [98/459] PSKL
[02:43:16] [99/459] RDMP
[02:43:18] [100/459] RHGH
[02:43:19] [101/459] OMCM
[02:43:19] [102/459] DCCP
[02:43:20] [103/459] MCPB
[02:43:21] [104/459] ALCI
[02:43:22] [105/459] BLMX
[02:43:23] [106/459] BTMV
[02:43:24] [107/459] FVPN
[02:43:24] [108/459] CMAR
[02:43:26] [109/459] CEIM
[02:43:27] [110/459] CMVA
[02:43:28] [111/459] CPIV
[02:43:28] [112/459] CNPE
[02:43:29] [113/459] COLV
[02:43:30] [114/459] DNNV
[02:43:32] [115/459] HCAD
[02:43:33] [116/459] TAKA
[02:43:33] [117/459] INVD
[02:43:34] [118/459] IRMM
[02:43:35] [119/459] INSE
[02:43:36] [120/459] MRSW
[02:43:37] [121/459] MCVD
[02:43:38] [122/459] MCSO
[02:43:38] [123/459] PEVM
[02:43:39] [124/459] PVNL
[02:43:40] [125/459] PTCV
[02:43:41] [126/459] PRTC
[02:43:42] [127/459] RCVA
[02:43:43] [128/459] MTBN
[02:43:44] [129/459] LUCP
[02:43:45] [130/459] FMPT
[02:43:46] [131/459] JLSL
[02:43:47] [132/459] SBHA
[02:43:48] [133/459] SHRC
[02:43:48] [134/459] AVPS
[02:43:49] [135/459] STPM
[02:43:50] [136/459] ATRD
[02:43:51] [137/459] VTED
[02:43:52] [138/459] ACAI
[02:43:52] [139/459] SMAE
[02:43:53] [140/459] VMAT
[02:43:54] [141/459] LKCT
[02:43:55] [142/459] JTVK
[02:43:56] [143/459] PRTY
[02:43:56] [144/459] GETT
[02:43:57] [145/459] ESAP
[02:43:59] [146/459] NCPM
[02:44:00] [147/459] PCPA
[02:44:00] [148/459] MMOM
[02:44:01] [149/459] PHUP
[02:44:02] [150/459] CCPI
[02:44:03] [151/459] CNTD
[02:44:04] [152/459] NLJR
[02:44:05] [153/459] SRNG
[02:44:06] [154/459] MHAL
[02:44:07] [155/459] PNSM
[02:44:08] [156/459] DRMY
[02:44:08] [157/459] CCMU
[02:44:09] [158/459] SCMY
[02:44:10] [159/459] PVSY
[02:44:11] [160/459] SDLM
[02:44:12] [161/459] ICCM
[02:44:13] [162/459] PYSU
[02:44:14] [163/459] GATM
[02:44:15] [164/459] WOTM
[02:44:16] [165/459] RKTS
[02:44:16] [166/459] PMTY
[02:44:17] [167/459] LYMS
[02:44:19] [168/459] TGCA
[02:44:19] [169/459] DSTA
[02:44:21] [170/459] CNGE
[02:44:22] [171/459] VSTG
[02:44:22] [172/459] GTCK
[02:44:23] [173/459] TGNT
[02:44:25] [174/459] ASLC
[02:44:26] [175/459] SSST
[02:44:27] [176/459] KBTT
[02:44:27] [177/459] HKCP
[02:44:28] [178/459] SWLC
[02:44:29] [179/459] RTND
[02:44:30] [180/459] PKKT
[02:44:31] [181/459] HSTK
[02:44:32] [182/459] SPTT
[02:44:33] [183/459] IMPM
[02:44:34] [184/459] SCMV
[02:44:35] [185/459] SPCT
[02:44:36] [186/459] JBCA
[02:44:36] [187/459] ATTR
[02:44:37] [188/459] SPMT
[02:44:38] [189/459] LCTM
[02:44:39] [190/459] SCVL
[02:44:39] [191/459] SCVT
[02:44:40] [192/459] KRIC
[02:44:41] [193/459] CTMG
[02:44:42] [194/459] ACNC
[02:44:43] [195/459] DMCK
[02:44:44] [196/459] KMTV
[02:44:44] [197/459] PFCJ
[02:44:45] [198/459] VNMD
[02:44:46] [199/459] VPCZ
[02:44:47] [200/459] SRYR
[02:44:48] [201/459] SYTR
[02:44:49] [202/459] GATR
[02:44:50] [203/459] URTR
[02:44:50] [204/459] MKSM
[02:44:51] [205/459] VSMH
[02:44:52] [206/459] SKRJ
[02:44:53] [207/459] SSJR
[02:44:53] [208/459] SVSM
[02:44:54] [209/459] RUCM
[02:44:55] [210/459] PRKN
[02:44:56] [211/459] RROH
[02:44:57] [212/459] SCTN
[02:44:58] [213/459] RTDM
[02:44:58] [214/459] ASRM
[02:45:00] [215/459] SKMD
[02:45:01] [216/459] SUTD
[02:45:02] [217/459] SADM
[02:45:03] [218/459] WCNR
[02:45:04] [219/459] CNED
[02:45:05] [220/459] MPDB
[02:45:06] [221/459] KTBH
[02:45:06] [222/459] IDRM
[02:45:07] [223/459] PJJT
[02:45:08] [224/459] PFCV
[02:45:09] [225/459] AACT
[02:45:11] [226/459] AAAD
[02:45:11] [227/459] ANES
[02:45:12] [228/459] MNCA
[02:45:13] [229/459] RMGU
[02:45:14] [230/459] DLCN
[02:45:15] [231/459] LJWT
[02:45:15] [232/459] MCBG
[02:45:16] [233/459] MYBG
[02:45:17] [234/459] GCCA
[02:45:18] [235/459] GCGA
[02:45:19] [236/459] ECGN
[02:45:20] [237/459] PRAB
[02:45:21] [238/459] PNMP
[02:45:22] [239/459] GCPT
[02:45:23] [240/459] ROYN
[02:45:24] [241/459] VATM
[02:45:24] [242/459] KSNT
[02:45:25] [243/459] ACTC
[02:45:26] [244/459] PLTD
[02:45:27] [245/459] SKMK
[02:45:28] [246/459] CMTT
[02:45:29] [247/459] SMXP
[02:45:30] [248/459] SCMX
[02:45:30] [249/459] ACXN
[02:45:31] [250/459] ASWT
[02:45:33] [251/459] VVVL
[02:45:34] [252/459] NAGO
[02:45:34] [253/459] SNCN
[02:45:35] [254/459] MCKP
[02:45:36] [255/459] SAMO
[02:45:37] [256/459] JBTV
[02:45:38] [257/459] DCVV
[02:45:39] [258/459] KMSV
[02:45:40] [259/459] KDCN
[02:45:41] [260/459] CNCP
[02:45:42] [261/459] HAMC
[02:45:42] [262/459] CCVZ
[02:45:43] [263/459] NCCK
[02:45:44] [264/459] MCHR
[02:45:45] [265/459] SCHT
[02:45:46] [266/459] ESSH
[02:45:47] [267/459] CUJC
[02:45:48] [268/459] PECP
[02:45:49] [269/459] PMMI
[02:45:50] [270/459] PCCH
[02:45:50] [271/459] PRPM
[02:45:51] [272/459] PVKL
[02:45:52] [273/459] CBSM
[02:45:53] [274/459] PVCZ
[02:45:54] [275/459] PCVV
[02:45:55] [276/459] CTMJ
[02:45:56] [277/459] RCPS
[02:45:57] [278/459] PCIT
[02:45:57] [279/459] FNCH
[02:45:59] [280/459] INZD
[02:46:00] [281/459] INPC
[02:46:00] [282/459] LCZP
[02:46:01] [283/459] SMCB
[02:46:02] [284/459] PTSB
[02:46:03] [285/459] TPSI
[02:46:04] [286/459] KHMJ
[02:46:05] [287/459] RCCJ
[02:46:06] [288/459] NCJA
[02:46:07] [289/459] NCJN
[02:46:07] [290/459] BTDP
[02:46:08] [291/459] PADY
[02:46:09] [292/459] NYBH
[02:46:10] [293/459] MTBR
[02:46:11] [294/459] KRBC
[02:46:12] [295/459] DKTI
[02:46:12] [296/459] ANAN
[02:46:13] [297/459] INBP
[02:46:14] [298/459] PATB
[02:46:15] [299/459] RGNT
[02:46:16] [300/459] CGPM
[02:46:17] [301/459] INTN
[02:46:18] [302/459] MCMP
[02:46:19] [303/459] ASRG
[02:46:19] [304/459] CXJD
[02:46:20] [305/459] SPCP
[02:46:21] [306/459] CSTP
[02:46:22] [307/459] PKVC
[02:46:23] [308/459] ESCP
[02:46:24] [309/459] CAEP
[02:46:25] [310/459] CCSP
[02:46:26] [311/459] KTPC
[02:46:26] [312/459] DACA
[02:46:27] [313/459] NVKY
[02:46:29] [314/459] PTIN
[02:46:30] [315/459] SCIN
[02:46:31] [316/459] MCTY
[02:46:32] [317/459] PCMX
[02:46:33] [318/459] INIC
[02:46:33] [319/459] MMZM
[02:46:35] [320/459] SSLP
[02:46:36] [321/459] DTDT
[02:46:37] [322/459] FFCX
[02:46:39] [323/459] RCMM
[02:46:40] [324/459] KYID
[02:46:41] [325/459] CSCI
[02:46:41] [326/459] FCMC
[02:46:42] [327/459] MMXI
[02:46:43] [328/459] ASTC
[02:46:44] [329/459] CMRA
[02:46:46] [330/459] DICI
[02:46:47] [331/459] KDIN
[02:46:47] [332/459] PRFI
[02:46:48] [333/459] SVFC
[02:46:49] [334/459] UCPL
[02:46:50] [335/459] COOC
[02:46:51] [336/459] SCAL
[02:46:52] [337/459] SVFF
[02:46:52] [338/459] VCMG
[02:46:53] [339/459] UUCT
[02:46:54] [340/459] GCSE
[02:46:55] [341/459] SUSC
[02:46:56] [342/459] MISC
[02:46:56] [343/459] RMBL
[02:46:58] [344/459] CMXN
[02:46:59] [345/459] PVBK
[02:47:00] [346/459] HHCG
[02:47:01] [347/459] SCAG
[02:47:02] [348/459] CNPR
[02:47:03] [349/459] CSER
[02:47:04] [350/459] HLWD
[02:47:05] [351/459] BOLY
[02:47:05] [352/459] SSPG
[02:47:06] [353/459] MUPX
[02:47:07] [354/459] HAMR
[02:47:08] [355/459] SDNC
[02:47:09] [356/459] RTEN
[02:47:09] [357/459] SDTD
[02:47:10] [358/459] KAWS
[02:47:11] [359/459] CMZX
[02:47:12] [360/459] DCDD
[02:47:13] [361/459] ALSN
[02:47:13] [362/459] IMXS
[02:47:14] [363/459] PVFF
[02:47:15] [364/459] PVOO
[02:47:16] [365/459] CFBS
[02:47:17] [366/459] PVER
[02:47:17] [367/459] PPNX
[02:47:18] [368/459] CNRM
[02:47:19] [369/459] PVWW
[02:47:20] [370/459] INMB
[02:47:21] [371/459] CPJR
[02:47:22] [372/459] INRZ
[02:47:22] [373/459] PMSR
[02:47:23] [374/459] GPGM
[02:47:24] [375/459] PGWB
[02:47:25] [376/459] PMBR
[02:47:26] [377/459] GPAM
[02:47:26] [378/459] INBC
[02:47:27] [379/459] PZVK
[02:47:28] [380/459] CPEB
[02:47:29] [381/459] FMLB
[02:47:29] [382/459] INBG
[02:47:30] [383/459] GPBR
[02:47:31] [384/459] PAAS
[02:47:32] [385/459] VTBR
[02:47:33] [386/459] GPMY
[02:47:34] [387/459] GYBU
[02:47:34] [388/459] INBJ
[02:47:35] [389/459] LKTH
[02:47:36] [390/459] NSBR
[02:47:37] [391/459] PDRD
[02:47:38] [392/459] VRBL
[02:47:39] [393/459] VTGB
[02:47:40] [394/459] VTSK
[02:47:41] [395/459] BKDV
[02:47:42] [396/459] SVTB
[02:47:43] [397/459] MLDT
[02:47:44] [398/459] NRBL
[02:47:45] [399/459] SLTR
[02:47:45] [400/459] VNKA
[02:47:46] [401/459] TDCA
[02:47:47] [402/459] INBM
[02:47:48] [403/459] SSNR
[02:47:49] [404/459] BHAC
[02:47:50] [405/459] SDSD
[02:47:50] [406/459] SAMP
[02:47:51] [407/459] RATK
[02:47:52] [408/459] KCBI
[02:47:53] [409/459] URBL
[02:47:53] [410/459] MKBG
[02:47:55] [411/459] ASTB
[02:47:56] [412/459] VBWT
[02:47:56] [413/459] GPSM
[02:47:57] [414/459] ROON
[02:47:58] [415/459] CHTH
[02:47:59] [416/459] SSPA
[02:48:00] [417/459] ANBL
[02:48:01] [418/459] VTBE
[02:48:02] [419/459] SVKT
[02:48:03] [420/459] SVYK
[02:48:04] [421/459] PTBK
[02:48:04] [422/459] RKTB
[02:48:05] [423/459] BALT
[02:48:06] [424/459] STSV
[02:48:07] [425/459] VCCB
[02:48:08] [426/459] SLTB
[02:48:09] [427/459] SBCR
[02:48:10] [428/459] VDCS
[02:48:10] [429/459] MDKI
[02:48:11] [430/459] SMRN
[02:48:12] [431/459] PTBC
[02:48:13] [432/459] RADI
[02:48:13] [433/459] ADCR
[02:48:14] [434/459] SDCS
[02:48:15] [435/459] SRPJ
[02:48:16] [436/459] ARTS
[02:48:16] [437/459] SRHK
[02:48:17] [438/459] SPAY
[02:48:18] [439/459] GPTB
[02:48:18] [440/459] SNNN
[02:48:20] [441/459] BALJ
[02:48:21] [442/459] TRIG
[02:48:22] [443/459] GTYT
[02:48:22] [444/459] ATGN
[02:48:23] [445/459] ANTE
[02:48:25] [446/459] BDCG
[02:48:26] [447/459] VECI
[02:48:27] [448/459] SCPR
[02:48:28] [449/459] RTEA
[02:48:29] [450/459] JSAI
[02:48:29] [451/459] VJTP
[02:48:30] [452/459] GNDS
[02:48:31] [453/459] PAXA
[02:48:32] [454/459] CGGM
[02:48:32] [455/459] ACKZ
[02:48:33] [456/459] EMCC
[02:48:34] [457/459] KLSK
[02:48:36] [458/459] AVCK
[02:48:37] [459/459] JTCK
[02:48:37] ✅ DONE | Shows=1 | Movies=1
[03:42:42] 🚀 BMS DAILY TRACKER STARTED
[03:42:42] [1/459] NECA
[03:42:42] 🧠 New identity
[03:42:43] [2/459] BJLC
[03:42:44] [3/459] BASU
[03:42:46] [4/459] RUPI
[03:42:47] [5/459] LCBK
[03:42:49] [6/459] PMAC
[03:42:50] [7/459] AMLC
[03:42:51] [8/459] LICL
[03:42:51] [9/459] UDMM
[03:42:52] [10/459] STBZ
[03:42:53] [11/459] UUBT
[03:42:54] [12/459] SJKC
[03:42:55] [13/459] TUAL
[03:42:56] [14/459] MRSE
[03:42:56] [15/459] RMRK
[03:42:58] [16/459] TTKP
[03:42:59] [17/459] KTKO
[03:43:00] [18/459] SDBK
[03:43:00] [19/459] MCPR
[03:43:01] [20/459] CHTI
[03:43:02] [21/459] GCCP
[03:43:03] [22/459] SRMY
[03:43:04] [23/459] NYST
[03:43:05] [24/459] NYAG
[03:43:06] [25/459] SBMT
[03:43:07] [26/459] INGA
[03:43:08] [27/459] WSIC
[03:43:08] [28/459] SCSS
[03:43:09] [29/459] COPG
[03:43:10] [30/459] RCGR
[03:43:12] [31/459] TCZA
[03:43:13] [32/459] CNLP
[03:43:15] [33/459] CLKN
[03:43:16] [34/459] LHDF
[03:43:17] [35/459] ELKC
[03:43:18] [36/459] VCEM
[03:43:19] [37/459] SSZA
[03:43:20] [38/459] KRMT
[03:43:21] [39/459] LCMV
[03:43:21] [40/459] AYCZ
[03:43:22] [41/459] CUMS
[03:43:23] [42/459] BOCK
[03:43:24] [43/459] PNMR
[03:43:25] [44/459] PJCP
[03:43:26] [45/459] JDDD
[03:43:27] [46/459] STMS
[03:43:28] [47/459] FLMB
[03:43:29] [48/459] PKCM
[03:43:30] [49/459] SPPR
[03:43:30] [50/459] EYLH
[03:43:31] [51/459] RJCC
[03:43:32] [52/459] MMPS
[03:43:33] [53/459] SHMX
[03:43:34] [54/459] CCNL
[03:43:35] [55/459] RCNV
[03:43:36] [56/459] MAAG
[03:43:37] [57/459] LXCM
[03:43:38] [58/459] RCNI
[03:43:39] [59/459] SNNI
[03:43:40] [60/459] LALC
[03:43:41] [61/459] SOCN
[03:43:41] [62/459] JHTP
[03:43:42] [63/459] PITP
[03:43:43] [64/459] CCKW
[03:43:44] [65/459] MCMC
[03:43:45] [66/459] DEES
[03:43:46] [67/459] SABT
[03:43:47] [68/459] VSPP
[03:43:48] [69/459] ABCT
[03:43:49] [70/459] JVTB
[03:43:50] [71/459] VCBD
[03:43:51] [72/459] RMGG
[03:43:52] [73/459] RNMH
[03:43:53] [74/459] SPGL
[03:43:54] [75/459] JTTR
[03:43:54] [76/459] SICS
[03:43:55] [77/459] SRMI
[03:43:56] [78/459] SSIJ
[03:43:57] [79/459] KFMT
[03:43:58] [80/459] VBIT
[03:43:58] [81/459] JKCT
[03:43:59] [82/459] GCGP
[03:44:00] [83/459] GDCS
[03:44:01] [84/459] TRBA
[03:44:01] [85/459] QUST
[03:44:02] [86/459] VSHM
[03:44:04] [87/459] SDCP
[03:44:05] [88/459] SNVS
[03:44:06] [89/459] NYTO
[03:44:06] [90/459] URWC
[03:44:07] [91/459] GTWH
[03:44:08] [92/459] PFCM
[03:44:09] [93/459] KRTA
[03:44:10] [94/459] AXMC
[03:44:11] [95/459] EVMC
[03:44:11] [96/459] HGSM
[03:44:13] [97/459] ACVM
[03:44:13] [98/459] PSKL
[03:44:15] [99/459] RDMP
[03:44:16] [100/459] RHGH
[03:44:17] [101/459] OMCM
[03:44:18] [102/459] DCCP
[03:44:19] [103/459] MCPB
[03:44:20] [104/459] ALCI
[03:44:21] [105/459] BLMX
[03:44:22] [106/459] BTMV
[03:44:23] [107/459] FVPN
[03:44:23] [108/459] CMAR
[03:44:24] [109/459] CEIM
[03:44:25] [110/459] CMVA
[03:44:26] [111/459] CPIV
[03:44:27] [112/459] CNPE
[03:44:28] [113/459] COLV
[03:44:28] [114/459] DNNV
[03:44:29] [115/459] HCAD
[03:44:30] [116/459] TAKA
[03:44:31] [117/459] INVD
[03:44:32] [118/459] IRMM
[03:44:32] [119/459] INSE
[03:44:33] [120/459] MRSW
[03:44:34] [121/459] MCVD
[03:44:35] [122/459] MCSO
[03:44:36] [123/459] PEVM
[03:44:36] [124/459] PVNL
[03:44:37] [125/459] PTCV
[03:44:38] [126/459] PRTC
[03:44:39] [127/459] RCVA
[03:44:40] [128/459] MTBN
[03:44:41] [129/459] LUCP
[03:44:42] [130/459] FMPT
[03:44:43] [131/459] JLSL
[03:44:43] [132/459] SBHA
[03:44:44] [133/459] SHRC
[03:44:45] [134/459] AVPS
[03:44:46] [135/459] STPM
[03:44:47] [136/459] ATRD
[03:44:48] [137/459] VTED
[03:44:49] [138/459] ACAI
[03:44:49] [139/459] SMAE
[03:44:50] [140/459] VMAT
[03:44:51] [141/459] LKCT
[03:44:52] [142/459] JTVK
[03:44:52] [143/459] PRTY
[03:44:53] [144/459] GETT
[03:44:54] [145/459] ESAP
[03:44:55] [146/459] NCPM
[03:44:56] [147/459] PCPA
[03:44:57] [148/459] MMOM
[03:44:58] [149/459] PHUP
[03:44:59] [150/459] CCPI
[03:44:59] [151/459] CNTD
[03:45:00] [152/459] NLJR
[03:45:01] [153/459] SRNG
[03:45:02] [154/459] MHAL
[03:45:03] [155/459] PNSM
[03:45:04] [156/459] DRMY
[03:45:05] [157/459] CCMU
[03:45:06] [158/459] SCMY
[03:45:07] [159/459] PVSY
[03:45:08] [160/459] SDLM
[03:45:08] [161/459] ICCM
[03:45:09] [162/459] PYSU
[03:45:10] [163/459] GATM
[03:45:11] [164/459] WOTM
[03:45:11] [165/459] RKTS
[03:45:12] [166/459] PMTY
[03:45:13] [167/459] LYMS
[03:45:14] [168/459] TGCA
[03:45:15] [169/459] DSTA
[03:45:16] [170/459] CNGE
[03:45:17] [171/459] VSTG
[03:45:18] [172/459] GTCK
[03:45:19] [173/459] TGNT
[03:45:20] [174/459] ASLC
[03:45:21] [175/459] SSST
[03:45:21] [176/459] KBTT
[03:45:22] [177/459] HKCP
[03:45:23] [178/459] SWLC
[03:45:24] [179/459] RTND
[03:45:25] [180/459] PKKT
[03:45:26] [181/459] HSTK
[03:45:26] [182/459] SPTT
[03:45:27] [183/459] IMPM
[03:45:29] [184/459] SCMV
[03:45:30] [185/459] SPCT
[03:45:31] [186/459] JBCA
[03:45:32] [187/459] ATTR
[03:45:33] [188/459] SPMT
[03:45:34] [189/459] LCTM
[03:45:35] [190/459] SCVL
[03:45:36] [191/459] SCVT
[03:45:37] [192/459] KRIC
[03:45:37] [193/459] CTMG
[03:45:38] [194/459] ACNC
[03:45:39] [195/459] DMCK
[03:45:40] [196/459] KMTV
[03:45:40] [197/459] PFCJ
[03:45:41] [198/459] VNMD
[03:45:42] [199/459] VPCZ
[03:45:43] [200/459] SRYR
[03:45:44] [201/459] SYTR
[03:45:45] [202/459] GATR
[03:45:46] [203/459] URTR
[03:45:47] [204/459] MKSM
[03:45:48] [205/459] VSMH
[03:45:49] [206/459] SKRJ
[03:45:49] [207/459] SSJR
[03:45:50] [208/459] SVSM
[03:45:51] [209/459] RUCM
[03:45:52] [210/459] PRKN
[03:45:52] [211/459] RROH
[03:45:54] [212/459] SCTN
[03:45:56] [213/459] RTDM
[03:45:56] [214/459] ASRM
[03:45:57] [215/459] SKMD
[03:45:58] [216/459] SUTD
[03:45:59] [217/459] SADM
[03:45:59] [218/459] WCNR
[03:46:01] [219/459] CNED
[03:46:01] [220/459] MPDB
[03:46:02] [221/459] KTBH
[03:46:03] [222/459] IDRM
[03:46:04] [223/459] PJJT
[03:46:05] [224/459] PFCV
[03:46:06] [225/459] AACT
[03:46:07] [226/459] AAAD
[03:46:08] [227/459] ANES
[03:46:09] [228/459] MNCA
[03:46:10] [229/459] RMGU
[03:46:12] [230/459] DLCN
[03:46:13] [231/459] LJWT
[03:46:13] [232/459] MCBG
[03:46:14] [233/459] MYBG
[03:46:15] [234/459] GCCA
[03:46:16] [235/459] GCGA
[03:46:17] [236/459] ECGN
[03:46:18] [237/459] PRAB
[03:46:20] [238/459] PNMP
[03:46:20] [239/459] GCPT
[03:46:21] [240/459] ROYN
[03:46:22] [241/459] VATM
[03:46:23] [242/459] KSNT
[03:46:24] [243/459] ACTC
[03:46:25] [244/459] PLTD
[03:46:25] [245/459] SKMK
[03:46:26] [246/459] CMTT
[03:46:28] [247/459] SMXP
[03:46:29] [248/459] SCMX
[03:46:29] [249/459] ACXN
[03:46:30] [250/459] ASWT
[03:46:31] [251/459] VVVL
[03:46:32] [252/459] NAGO
[03:46:32] [253/459] SNCN
[03:46:33] [254/459] MCKP
[03:46:34] [255/459] SAMO
[03:46:35] [256/459] JBTV
[03:46:36] [257/459] DCVV
[03:46:36] [258/459] KMSV
[03:46:37] [259/459] KDCN
[03:46:38] [260/459] CNCP
[03:46:39] [261/459] HAMC
[03:46:40] [262/459] CCVZ
[03:46:40] [263/459] NCCK
[03:46:41] [264/459] MCHR
[03:46:42] [265/459] SCHT
[03:46:43] [266/459] ESSH
[03:46:44] [267/459] CUJC
[03:46:45] [268/459] PECP
[03:46:46] [269/459] PMMI
[03:46:47] [270/459] PCCH
[03:46:48] [271/459] PRPM
[03:46:49] [272/459] PVKL
[03:46:50] [273/459] CBSM
[03:46:50] [274/459] PVCZ
[03:46:51] [275/459] PCVV
[03:46:53] [276/459] CTMJ
[03:46:53] [277/459] RCPS
[03:46:54] [278/459] PCIT
[03:46:55] [279/459] FNCH
[03:46:56] [280/459] INZD
[03:46:56] [281/459] INPC
[03:46:57] [282/459] LCZP
[03:46:58] [283/459] SMCB
[03:46:59] [284/459] PTSB
[03:47:00] [285/459] TPSI
[03:47:01] [286/459] KHMJ
[03:47:01] [287/459] RCCJ
[03:47:02] [288/459] NCJA
[03:47:03] [289/459] NCJN
[03:47:04] [290/459] BTDP
[03:47:05] [291/459] PADY
[03:47:06] [292/459] NYBH
[03:47:07] [293/459] MTBR
[03:47:08] [294/459] KRBC
[03:47:09] [295/459] DKTI
[03:47:10] [296/459] ANAN
[03:47:11] [297/459] INBP
[03:47:12] [298/459] PATB
[03:47:13] [299/459] RGNT
[03:47:14] [300/459] CGPM
[03:47:15] [301/459] INTN
[03:47:16] [302/459] MCMP
[03:47:17] [303/459] ASRG
[03:47:18] [304/459] CXJD
[03:47:18] [305/459] SPCP
[03:47:20] [306/459] CSTP
[03:47:21] [307/459] PKVC
[03:47:21] [308/459] ESCP
[03:47:22] [309/459] CAEP
[03:47:23] [310/459] CCSP
[03:47:24] [311/459] KTPC
[03:47:24] [312/459] DACA
[03:47:25] [313/459] NVKY
[03:47:27] [314/459] PTIN
[03:47:28] [315/459] SCIN
[03:47:29] [316/459] MCTY
[03:47:31] [317/459] PCMX
[03:47:32] [318/459] INIC
[03:47:33] [319/459] MMZM
[03:47:34] [320/459] SSLP
[03:47:35] [321/459] DTDT
[03:47:36] [322/459] FFCX
[03:47:37] [323/459] RCMM
[03:47:38] [324/459] KYID
[03:47:39] [325/459] CSCI
[03:47:40] [326/459] FCMC
[03:47:40] [327/459] MMXI
[03:47:41] [328/459] ASTC
[03:47:42] [329/459] CMRA
[03:47:43] [330/459] DICI
[03:47:44] [331/459] KDIN
[03:47:45] [332/459] PRFI
[03:47:46] [333/459] SVFC
[03:47:47] [334/459] UCPL
[03:47:47] [335/459] COOC
[03:47:48] [336/459] SCAL
[03:47:49] [337/459] SVFF
[03:47:50] [338/459] VCMG
[03:47:51] [339/459] UUCT
[03:47:52] [340/459] GCSE
[03:47:53] [341/459] SUSC
[03:47:54] [342/459] MISC
[03:47:55] [343/459] RMBL
[03:47:55] [344/459] CMXN
[03:47:56] [345/459] PVBK
[03:47:57] [346/459] HHCG
[03:47:58] [347/459] SCAG
[03:47:58] [348/459] CNPR
[03:47:59] [349/459] CSER
[03:48:00] [350/459] HLWD
[03:48:01] [351/459] BOLY
[03:48:02] [352/459] SSPG
[03:48:03] [353/459] MUPX
[03:48:03] [354/459] HAMR
[03:48:04] [355/459] SDNC
[03:48:05] [356/459] RTEN
[03:48:07] [357/459] SDTD
[03:48:07] [358/459] KAWS
[03:48:08] [359/459] CMZX
[03:48:09] [360/459] DCDD
[03:48:10] [361/459] ALSN
[03:48:11] [362/459] IMXS
[03:48:12] [363/459] PVFF
[03:48:13] [364/459] PVOO
[03:48:14] [365/459] CFBS
[03:48:15] [366/459] PVER
[03:48:16] [367/459] PPNX
[03:48:17] [368/459] CNRM
[03:48:18] [369/459] PVWW
[03:48:18] [370/459] INMB
[03:48:19] [371/459] CPJR
[03:48:20] [372/459] INRZ
[03:48:22] [373/459] PMSR
[03:48:22] [374/459] GPGM
[03:48:23] [375/459] PGWB
[03:48:24] [376/459] PMBR
[03:48:25] [377/459] GPAM
[03:48:26] [378/459] INBC
[03:48:26] [379/459] PZVK
[03:48:27] [380/459] CPEB
[03:48:28] [381/459] FMLB
[03:48:29] [382/459] INBG
[03:48:30] [383/459] GPBR
[03:48:31] [384/459] PAAS
[03:48:31] [385/459] VTBR
[03:48:32] [386/459] GPMY
[03:48:33] [387/459] GYBU
[03:48:34] [388/459] INBJ
[03:48:35] [389/459] LKTH
[03:48:36] [390/459] NSBR
[03:48:37] [391/459] PDRD
[03:48:37] [392/459] VRBL
[03:48:38] [393/459] VTGB
[03:48:39] [394/459] VTSK
[03:48:40] [395/459] BKDV
[03:48:41] [396/459] SVTB
[03:48:41] [397/459] MLDT
[03:48:42] [398/459] NRBL
[03:48:43] [399/459] SLTR
[03:48:44] [400/459] VNKA
[03:48:45] [401/459] TDCA
[03:48:46] [402/459] INBM
[03:48:46] [403/459] SSNR
[03:48:47] [404/459] BHAC
[03:48:48] [405/459] SDSD
[03:48:49] [406/459] SAMP
[03:48:50] [407/459] RATK
[03:48:51] [408/459] KCBI
[03:48:51] [409/459] URBL
[03:48:52] [410/459] MKBG
[03:48:53] [411/459] ASTB
[03:48:54] [412/459] VBWT
[03:48:55] [413/459] GPSM
[03:48:56] [414/459] ROON
[03:48:56] [415/459] CHTH
[03:48:57] [416/459] SSPA
[03:48:58] [417/459] ANBL
[03:48:59] [418/459] VTBE
[03:49:00] [419/459] SVKT
[03:49:02] [420/459] SVYK
[03:49:03] [421/459] PTBK
[03:49:04] [422/459] RKTB
[03:49:04] [423/459] BALT
[03:49:05] [424/459] STSV
[03:49:06] [425/459] VCCB
[03:49:07] [426/459] SLTB
[03:49:08] [427/459] SBCR
[03:49:09] [428/459] VDCS
[03:49:09] [429/459] MDKI
[03:49:10] [430/459] SMRN
[03:49:11] [431/459] PTBC
[03:49:12] [432/459] RADI
[03:49:12] [433/459] ADCR
[03:49:13] [434/459] SDCS
[03:49:14] [435/459] SRPJ
[03:49:15] [436/459] ARTS
[03:49:16] [437/459] SRHK
[03:49:17] [438/459] SPAY
[03:49:18] [439/459] GPTB
[03:49:19] [440/459] SNNN
[03:49:20] [441/459] BALJ
[03:49:22] [442/459] TRIG
[03:49:22] [443/459] GTYT
[03:49:24] [444/459] ATGN
[03:49:25] [445/459] ANTE
[03:49:25] [446/459] BDCG
[03:49:26] [447/459] VECI
[03:49:27] [448/459] SCPR
[03:49:28] [449/459] RTEA
[03:49:29] [450/459] JSAI
[03:49:30] [451/459] VJTP
[03:49:31] [452/459] GNDS
[03:49:32] [453/459] PAXA
[03:49:32] [454/459] CGGM
[03:49:34] [455/459] ACKZ
[03:49:34] [456/459] EMCC
[03:49:35] [457/459] KLSK
[03:49:36] [458/459] AVCK
[03:49:37] [459/459] JTCK
[03:49:38] ✅ DONE | Shows=21 | Movies=5
[04:42:33] 🚀 BMS DAILY TRACKER STARTED
[04:42:33] [1/459] NECA
[04:42:33] 🧠 New identity
[04:42:33] [2/459] BJLC
[04:42:34] [3/459] BASU
[04:42:34] [4/459] RUPI
[04:42:35] [5/459] LCBK
[04:42:36] [6/459] PMAC
[04:42:36] [7/459] AMLC
[04:42:37] [8/459] LICL
[04:42:37] [9/459] UDMM
[04:42:38] [10/459] STBZ
[04:42:39] [11/459] UUBT
[04:42:39] [12/459] SJKC
[04:42:40] [13/459] TUAL
[04:42:40] [14/459] MRSE
[04:42:41] [15/459] RMRK
[04:42:42] [16/459] TTKP
[04:42:42] [17/459] KTKO
[04:42:43] [18/459] SDBK
[04:42:43] [19/459] MCPR
[04:42:44] [20/459] CHTI
[04:42:45] [21/459] GCCP
[04:42:45] [22/459] SRMY
[04:42:46] [23/459] NYST
[04:42:46] [24/459] NYAG
[04:42:47] [25/459] SBMT
[04:42:48] [26/459] INGA
[04:42:48] [27/459] WSIC
[04:42:49] [28/459] SCSS
[04:42:49] [29/459] COPG
[04:42:50] [30/459] RCGR
[04:42:51] [31/459] TCZA
[04:42:51] [32/459] CNLP
[04:42:52] [33/459] CLKN
[04:42:53] [34/459] LHDF
[04:42:53] [35/459] ELKC
[04:42:54] [36/459] VCEM
[04:42:55] [37/459] SSZA
[04:42:55] [38/459] KRMT
[04:42:56] [39/459] LCMV
[04:42:57] [40/459] AYCZ
[04:42:57] [41/459] CUMS
[04:42:58] [42/459] BOCK
[04:42:58] [43/459] PNMR
[04:42:59] [44/459] PJCP
[04:42:59] [45/459] JDDD
[04:43:00] [46/459] STMS
[04:43:00] [47/459] FLMB
[04:43:01] [48/459] PKCM
[04:43:02] [49/459] SPPR
[04:43:02] [50/459] EYLH
[04:43:03] [51/459] RJCC
[04:43:03] [52/459] MMPS
[04:43:04] [53/459] SHMX
[04:43:04] [54/459] CCNL
[04:43:05] [55/459] RCNV
[04:43:05] [56/459] MAAG
[04:43:06] [57/459] LXCM
[04:43:07] [58/459] RCNI
[04:43:07] [59/459] SNNI
[04:43:08] [60/459] LALC
[04:43:08] [61/459] SOCN
[04:43:09] [62/459] JHTP
[04:43:09] [63/459] PITP
[04:43:10] [64/459] CCKW
[04:43:10] [65/459] MCMC
[04:43:11] [66/459] DEES
[04:43:12] [67/459] SABT
[04:43:12] [68/459] VSPP
[04:43:13] [69/459] ABCT
[04:43:13] [70/459] JVTB
[04:43:14] [71/459] VCBD
[04:43:14] [72/459] RMGG
[04:43:15] [73/459] RNMH
[04:43:16] [74/459] SPGL
[04:43:16] [75/459] JTTR
[04:43:17] [76/459] SICS
[04:43:17] [77/459] SRMI
[04:43:18] [78/459] SSIJ
[04:43:19] [79/459] KFMT
[04:43:19] [80/459] VBIT
[04:43:20] [81/459] JKCT
[04:43:21] [82/459] GCGP
[04:43:21] [83/459] GDCS
[04:43:22] [84/459] TRBA
[04:43:22] [85/459] QUST
[04:43:23] [86/459] VSHM
[04:43:23] [87/459] SDCP
[04:43:24] [88/459] SNVS
[04:43:24] [89/459] NYTO
[04:43:25] [90/459] URWC
[04:43:26] [91/459] GTWH
[04:43:26] [92/459] PFCM
[04:43:27] [93/459] KRTA
[04:43:27] [94/459] AXMC
[04:43:28] [95/459] EVMC
[04:43:28] [96/459] HGSM
[04:43:29] [97/459] ACVM
[04:43:29] [98/459] PSKL
[04:43:30] [99/459] RDMP
[04:43:30] [100/459] RHGH
[04:43:31] [101/459] OMCM
[04:43:31] [102/459] DCCP
[04:43:32] [103/459] MCPB
[04:43:32] [104/459] ALCI
[04:43:33] [105/459] BLMX
[04:43:34] [106/459] BTMV
[04:43:34] [107/459] FVPN
[04:43:35] [108/459] CMAR
[04:43:36] [109/459] CEIM
[04:43:36] [110/459] CMVA
[04:43:37] [111/459] CPIV
[04:43:37] [112/459] CNPE
[04:43:38] [113/459] COLV
[04:43:39] [114/459] DNNV
[04:43:39] [115/459] HCAD
[04:43:40] [116/459] TAKA
[04:43:40] [117/459] INVD
[04:43:41] [118/459] IRMM
[04:43:41] [119/459] INSE
[04:43:42] [120/459] MRSW
[04:43:43] [121/459] MCVD
[04:43:43] [122/459] MCSO
[04:43:43] [123/459] PEVM
[04:43:44] [124/459] PVNL
[04:43:45] [125/459] PTCV
[04:43:45] [126/459] PRTC
[04:43:45] [127/459] RCVA
[04:43:46] [128/459] MTBN
[04:43:47] [129/459] LUCP
[04:43:47] [130/459] FMPT
[04:43:48] [131/459] JLSL
[04:43:49] [132/459] SBHA
[04:43:49] [133/459] SHRC
[04:43:49] [134/459] AVPS
[04:43:50] [135/459] STPM
[04:43:51] [136/459] ATRD
[04:43:51] [137/459] VTED
[04:43:52] [138/459] ACAI
[04:43:52] [139/459] SMAE
[04:43:53] [140/459] VMAT
[04:43:53] [141/459] LKCT
[04:43:54] [142/459] JTVK
[04:43:54] [143/459] PRTY
[04:43:55] [144/459] GETT
[04:43:56] [145/459] ESAP
[04:43:56] [146/459] NCPM
[04:43:57] [147/459] PCPA
[04:43:57] [148/459] MMOM
[04:43:58] [149/459] PHUP
[04:43:58] [150/459] CCPI
[04:43:59] [151/459] CNTD
[04:43:59] [152/459] NLJR
[04:44:00] [153/459] SRNG
[04:44:01] [154/459] MHAL
[04:44:01] [155/459] PNSM
[04:44:02] [156/459] DRMY
[04:44:02] [157/459] CCMU
[04:44:03] [158/459] SCMY
[04:44:04] [159/459] PVSY
[04:44:04] [160/459] SDLM
[04:44:05] [161/459] ICCM
[04:44:05] [162/459] PYSU
[04:44:06] [163/459] GATM
[04:44:06] [164/459] WOTM
[04:44:07] [165/459] RKTS
[04:44:07] [166/459] PMTY
[04:44:08] [167/459] LYMS
[04:44:08] [168/459] TGCA
[04:44:09] [169/459] DSTA
[04:44:09] [170/459] CNGE
[04:44:10] [171/459] VSTG
[04:44:10] [172/459] GTCK
[04:44:11] [173/459] TGNT
[04:44:11] [174/459] ASLC
[04:44:12] [175/459] SSST
[04:44:12] [176/459] KBTT
[04:44:13] [177/459] HKCP
[04:44:13] [178/459] SWLC
[04:44:14] [179/459] RTND
[04:44:15] [180/459] PKKT
[04:44:15] [181/459] HSTK
[04:44:16] [182/459] SPTT
[04:44:16] [183/459] IMPM
[04:44:17] [184/459] SCMV
[04:44:17] [185/459] SPCT
[04:44:18] [186/459] JBCA
[04:44:19] [187/459] ATTR
[04:44:19] [188/459] SPMT
[04:44:20] [189/459] LCTM
[04:44:20] [190/459] SCVL
[04:44:21] [191/459] SCVT
[04:44:22] [192/459] KRIC
[04:44:22] [193/459] CTMG
[04:44:22] [194/459] ACNC
[04:44:23] [195/459] DMCK
[04:44:24] [196/459] KMTV
[04:44:24] [197/459] PFCJ
[04:44:25] [198/459] VNMD
[04:44:25] [199/459] VPCZ
[04:44:26] [200/459] SRYR
[04:44:26] [201/459] SYTR
[04:44:27] [202/459] GATR
[04:44:27] [203/459] URTR
[04:44:28] [204/459] MKSM
[04:44:28] [205/459] VSMH
[04:44:29] [206/459] SKRJ
[04:44:29] [207/459] SSJR
[04:44:30] [208/459] SVSM
[04:44:30] [209/459] RUCM
[04:44:31] [210/459] PRKN
[04:44:32] [211/459] RROH
[04:44:32] [212/459] SCTN
[04:44:33] [213/459] RTDM
[04:44:33] [214/459] ASRM
[04:44:34] [215/459] SKMD
[04:44:34] [216/459] SUTD
[04:44:35] [217/459] SADM
[04:44:35] [218/459] WCNR
[04:44:36] [219/459] CNED
[04:44:37] [220/459] MPDB
[04:44:37] [221/459] KTBH
[04:44:38] [222/459] IDRM
[04:44:38] [223/459] PJJT
[04:44:39] [224/459] PFCV
[04:44:39] [225/459] AACT
[04:44:40] [226/459] AAAD
[04:44:41] [227/459] ANES
[04:44:41] [228/459] MNCA
[04:44:42] [229/459] RMGU
[04:44:42] [230/459] DLCN
[04:44:43] [231/459] LJWT
[04:44:44] [232/459] MCBG
[04:44:44] [233/459] MYBG
[04:44:45] [234/459] GCCA
[04:44:45] [235/459] GCGA
[04:44:46] [236/459] ECGN
[04:44:46] [237/459] PRAB
[04:44:47] [238/459] PNMP
[04:44:47] [239/459] GCPT
[04:44:48] [240/459] ROYN
[04:44:48] [241/459] VATM
[04:44:49] [242/459] KSNT
[04:44:50] [243/459] ACTC
[04:44:50] [244/459] PLTD
[04:44:51] [245/459] SKMK
[04:44:52] [246/459] CMTT
[04:44:53] [247/459] SMXP
[04:44:54] [248/459] SCMX
[04:44:55] [249/459] ACXN
[04:44:56] [250/459] ASWT
[04:44:56] [251/459] VVVL
[04:44:57] [252/459] NAGO
[04:44:58] [253/459] SNCN
[04:44:58] [254/459] MCKP
[04:44:59] [255/459] SAMO
[04:45:00] [256/459] JBTV
[04:45:01] [257/459] DCVV
[04:45:01] [258/459] KMSV
[04:45:02] [259/459] KDCN
[04:45:03] [260/459] CNCP
[04:45:05] [261/459] HAMC
[04:45:05] [262/459] CCVZ
[04:45:06] [263/459] NCCK
[04:45:06] [264/459] MCHR
[04:45:07] [265/459] SCHT
[04:45:08] [266/459] ESSH
[04:45:09] [267/459] CUJC
[04:45:10] [268/459] PECP
[04:45:10] [269/459] PMMI
[04:45:12] [270/459] PCCH
[04:45:13] [271/459] PRPM
[04:45:13] [272/459] PVKL
[04:45:14] [273/459] CBSM
[04:45:15] [274/459] PVCZ
[04:45:16] [275/459] PCVV
[04:45:17] [276/459] CTMJ
[04:45:17] [277/459] RCPS
[04:45:18] [278/459] PCIT
[04:45:19] [279/459] FNCH
[04:45:20] [280/459] INZD
[04:45:20] [281/459] INPC
[04:45:21] [282/459] LCZP
[04:45:23] [283/459] SMCB
[04:45:23] [284/459] PTSB
[04:45:24] [285/459] TPSI
[04:45:24] [286/459] KHMJ
[04:45:25] [287/459] RCCJ
[04:45:26] [288/459] NCJA
[04:45:28] [289/459] NCJN
[04:45:28] [290/459] BTDP
[04:45:29] [291/459] PADY
[04:45:29] [292/459] NYBH
[04:45:30] [293/459] MTBR
[04:45:31] [294/459] KRBC
[04:45:31] [295/459] DKTI
[04:45:32] [296/459] ANAN
[04:45:33] [297/459] INBP
[04:45:34] [298/459] PATB
[04:45:35] [299/459] RGNT
[04:45:36] [300/459] CGPM
[04:45:37] [301/459] INTN
[04:45:37] [302/459] MCMP
[04:45:38] [303/459] ASRG
[04:45:39] [304/459] CXJD
[04:45:40] [305/459] SPCP
[04:45:41] [306/459] CSTP
[04:45:41] [307/459] PKVC
[04:45:42] [308/459] ESCP
[04:45:43] [309/459] CAEP
[04:45:44] [310/459] CCSP
[04:45:45] [311/459] KTPC
[04:45:46] [312/459] DACA
[04:45:47] [313/459] NVKY
[04:45:47] [314/459] PTIN
[04:45:48] [315/459] SCIN
[04:45:49] [316/459] MCTY
[04:45:49] [317/459] PCMX
[04:45:50] [318/459] INIC
[04:45:51] [319/459] MMZM
[04:45:52] [320/459] SSLP
[04:45:53] [321/459] DTDT
[04:45:53] [322/459] FFCX
[04:45:54] [323/459] RCMM
[04:45:55] [324/459] KYID
[04:45:56] [325/459] CSCI
[04:45:57] [326/459] FCMC
[04:45:57] [327/459] MMXI
[04:45:58] [328/459] ASTC
[04:45:59] [329/459] CMRA
[04:46:00] [330/459] DICI
[04:46:01] [331/459] KDIN
[04:46:01] [332/459] PRFI
[04:46:03] [333/459] SVFC
[04:46:04] [334/459] UCPL
[04:46:04] [335/459] COOC
[04:46:05] [336/459] SCAL
[04:46:06] [337/459] SVFF
[04:46:06] [338/459] VCMG
[04:46:08] [339/459] UUCT
[04:46:08] [340/459] GCSE
[04:46:09] [341/459] SUSC
[04:46:10] [342/459] MISC
[04:46:11] [343/459] RMBL
[04:46:13] [344/459] CMXN
[04:46:13] [345/459] PVBK
[04:46:14] [346/459] HHCG
[04:46:14] [347/459] SCAG
[04:46:15] [348/459] CNPR
[04:46:16] [349/459] CSER
[04:46:16] [350/459] HLWD
[04:46:17] [351/459] BOLY
[04:46:18] [352/459] SSPG
[04:46:19] [353/459] MUPX
[04:46:20] [354/459] HAMR
[04:46:20] [355/459] SDNC
[04:46:21] [356/459] RTEN
[04:46:22] [357/459] SDTD
[04:46:22] [358/459] KAWS
[04:46:23] [359/459] CMZX
[04:46:24] [360/459] DCDD
[04:46:25] [361/459] ALSN
[04:46:26] [362/459] IMXS
[04:46:27] [363/459] PVFF
[04:46:27] [364/459] PVOO
[04:46:28] [365/459] CFBS
[04:46:29] [366/459] PVER
[04:46:29] [367/459] PPNX
[04:46:30] [368/459] CNRM
[04:46:31] [369/459] PVWW
[04:46:32] [370/459] INMB
[04:46:33] [371/459] CPJR
[04:46:34] [372/459] INRZ
[04:46:34] [373/459] PMSR
[04:46:35] [374/459] GPGM
[04:46:36] [375/459] PGWB
[04:46:36] [376/459] PMBR
[04:46:37] [377/459] GPAM
[04:46:38] [378/459] INBC
[04:46:38] [379/459] PZVK
[04:46:39] [380/459] CPEB
[04:46:40] [381/459] FMLB
[04:46:41] [382/459] INBG
[04:46:42] [383/459] GPBR
[04:46:42] [384/459] PAAS
[04:46:43] [385/459] VTBR
[04:46:44] [386/459] GPMY
[04:46:45] [387/459] GYBU
[04:46:46] [388/459] INBJ
[04:46:47] [389/459] LKTH
[04:46:48] [390/459] NSBR
[04:46:49] [391/459] PDRD
[04:46:49] [392/459] VRBL
[04:46:50] [393/459] VTGB
[04:46:51] [394/459] VTSK
[04:46:51] [395/459] BKDV
[04:46:52] [396/459] SVTB
[04:46:54] [397/459] MLDT
[04:46:54] [398/459] NRBL
[04:46:55] [399/459] SLTR
[04:46:56] [400/459] VNKA
[04:46:57] [401/459] TDCA
[04:46:58] [402/459] INBM
[04:46:59] [403/459] SSNR
[04:47:00] [404/459] BHAC
[04:47:00] [405/459] SDSD
[04:47:01] [406/459] SAMP
[04:47:02] [407/459] RATK
[04:47:03] [408/459] KCBI
[04:47:04] [409/459] URBL
[04:47:05] [410/459] MKBG
[04:47:06] [411/459] ASTB
[04:47:06] [412/459] VBWT
[04:47:07] [413/459] GPSM
[04:47:08] [414/459] ROON
[04:47:09] [415/459] CHTH
[04:47:10] [416/459] SSPA
[04:47:10] [417/459] ANBL
[04:47:11] [418/459] VTBE
[04:47:12] [419/459] SVKT
[04:47:13] [420/459] SVYK
[04:47:14] [421/459] PTBK
[04:47:15] [422/459] RKTB
[04:47:16] [423/459] BALT
[04:47:17] [424/459] STSV
[04:47:18] [425/459] VCCB
[04:47:19] [426/459] SLTB
[04:47:20] [427/459] SBCR
[04:47:21] [428/459] VDCS
[04:47:22] [429/459] MDKI
[04:47:22] [430/459] SMRN
[04:47:23] [431/459] PTBC
[04:47:24] [432/459] RADI
[04:47:24] [433/459] ADCR
[04:47:26] [434/459] SDCS
[04:47:27] [435/459] SRPJ
[04:47:27] [436/459] ARTS
[04:47:28] [437/459] SRHK
[04:47:29] [438/459] SPAY
[04:47:30] [439/459] GPTB
[04:47:30] [440/459] SNNN
[04:47:32] [441/459] BALJ
[04:47:33] [442/459] TRIG
[04:47:33] [443/459] GTYT
[04:47:35] [444/459] ATGN
[04:47:35] [445/459] ANTE
[04:47:36] [446/459] BDCG
[04:47:37] [447/459] VECI
[04:47:37] [448/459] SCPR
[04:47:38] [449/459] RTEA
[04:47:39] [450/459] JSAI
[04:47:40] [451/459] VJTP
[04:47:41] [452/459] GNDS
[04:47:41] [453/459] PAXA
[04:47:42] [454/459] CGGM
[04:47:43] [455/459] ACKZ
[04:47:44] [456/459] EMCC
[04:47:45] [457/459] KLSK
[04:47:47] [458/459] AVCK
[04:47:47] [459/459] JTCK
[04:47:48] ✅ DONE | Shows=52 | Movies=9
