[00:40:15] 🚀 BMS DAILY TRACKER STARTED
[00:40:15] [1/445] TGMR
[00:40:15] 🧠 New identity
[00:40:16] [2/445] CXKR
[00:40:17] [3/445] SROP
[00:40:18] [4/445] GTSV
[00:40:18] [5/445] SNTY
[00:40:19] [6/445] SMYY
[00:40:20] [7/445] CNCS
[00:40:21] [8/445] CSTM
[00:40:22] [9/445] NUCD
[00:40:24] [10/445] SHCZ
[00:40:25] [11/445] NJCT
[00:40:25] [12/445] COPC
[00:40:26] [13/445] STVV
[00:40:27] [14/445] SKRN
[00:40:28] [15/445] APPZ
[00:40:29] [16/445] YMGN
[00:40:29] [17/445] SVTU
[00:40:30] [18/445] GTAD
[00:40:32] [19/445] PSUS
[00:40:33] [20/445] SMCD
[00:40:33] [21/445] CMCM
[00:40:34] [22/445] SYCT
[00:40:35] [23/445] STLY
[00:40:36] [24/445] CMHU
[00:40:37] [25/445] CMSA
[00:40:38] [26/445] CLCU
[00:40:39] [27/445] PPNT
[00:40:40] [28/445] JTAB
[00:40:41] [29/445] BUUC
[00:40:42] [30/445] BSVK
[00:40:42] [31/445] VVVQ
[00:40:43] [32/445] TKMU
[00:40:44] [33/445] ESYL
[00:40:45] [34/445] ACHP
[00:40:47] [35/445] BTKD
[00:40:47] [36/445] DESA
[00:40:48] [37/445] GBCT
[00:40:49] [38/445] BLLD
[00:40:50] [39/445] SKNT
[00:40:51] [40/445] SSTE
[00:40:51] [41/445] VJMR
[00:40:52] [42/445] NTPU
[00:40:53] [43/445] RDKN
[00:40:54] [44/445] ADGC
[00:40:55] [45/445] VRBP
[00:40:55] [46/445] NMNA
[00:40:56] [47/445] CMMX
[00:40:57] [48/445] PTKO
[00:40:58] [49/445] RBML
[00:40:59] [50/445] SAIC
[00:41:00] [51/445] SVTJ
[00:41:01] [52/445] MRTE
[00:41:02] [53/445] RBTP
[00:41:03] [54/445] NLPS
[00:41:03] [55/445] GTNA
[00:41:04] [56/445] DGGC
[00:41:05] [57/445] SMCR
[00:41:06] [58/445] SCGD
[00:41:07] [59/445] SRRJ
[00:41:07] [60/445] CNRY
[00:41:08] [61/445] KTDI
[00:41:10] [62/445] SNJL
[00:41:10] [63/445] RKMD
[00:41:11] [64/445] SMDC
[00:41:12] [65/445] TADG
[00:41:13] [66/445] MCGS
[00:41:14] [67/445] PETK
[00:41:14] [68/445] CHAG
[00:41:15] [69/445] KSTL
[00:41:16] [70/445] AADS
[00:41:17] [71/445] NTHZ
[00:41:18] [72/445] HCKI
[00:41:19] [73/445] SSEF
[00:41:20] [74/445] MCGX
[00:41:21] [75/445] ERRA
[00:41:22] [76/445] SDTW
[00:41:22] [77/445] RMPK
[00:41:24] [78/445] PTHK
[00:41:25] [79/445] PXCS
[00:41:26] [80/445] SVLU
[00:41:26] [81/445] STAH
[00:41:27] [82/445] JRGF
[00:41:28] [83/445] CDOK
[00:41:29] [84/445] CMSG
[00:41:30] [85/445] APTD
[00:41:31] [86/445] KMPG
[00:41:32] [87/445] MUTJ
[00:41:33] [88/445] VCCI
[00:41:33] [89/445] URBE
[00:41:34] [90/445] TCTS
[00:41:35] [91/445] STSN
[00:41:36] [92/445] AKCH
[00:41:36] [93/445] APSC
[00:41:38] [94/445] VLTB
[00:41:39] [95/445] SANU
[00:41:40] [96/445] AXAM
[00:41:41] [97/445] MGMG
[00:41:41] [98/445] HTBY
[00:41:42] [99/445] MMZS
[00:41:43] [100/445] SUDR
[00:41:44] [101/445] CCAD
[00:41:45] [102/445] SKKC
[00:41:46] [103/445] RMCD
[00:41:47] [104/445] SBCQ
[00:41:48] [105/445] DCCT
[00:41:50] [106/445] VTKP
[00:41:51] [107/445] MLAM
[00:41:52] [108/445] SAVT
[00:41:53] [109/445] GEPL
[00:41:54] [110/445] AMCD
[00:41:55] [111/445] CCXR
[00:41:55] [112/445] GRNG
[00:41:56] [113/445] EBCA
[00:41:57] [114/445] CNVG
[00:41:58] [115/445] MWSS
[00:42:00] [116/445] VBOR
[00:42:01] [117/445] NEEB
[00:42:02] [118/445] SUTH
[00:42:03] [119/445] ANDB
[00:42:04] [120/445] MMXS
[00:42:05] [121/445] CNPD
[00:42:05] [122/445] SDCE
[00:42:06] [123/445] DHCB
[00:42:07] [124/445] ODEN
[00:42:08] [125/445] TNTC
[00:42:09] [126/445] VBKM
[00:42:09] [127/445] RZYM
[00:42:10] [128/445] JEMC
[00:42:11] [129/445] CMAU
[00:42:12] [130/445] SIVP
[00:42:13] [131/445] ATAG
[00:42:14] [132/445] CHTM
[00:42:15] [133/445] AAEE
[00:42:16] [134/445] IWPM
[00:42:17] [135/445] KCMW
[00:42:18] [136/445] MCTD
[00:42:19] [137/445] SPWR
[00:42:20] [138/445] SDPO
[00:42:21] [139/445] PCSK
[00:42:22] [140/445] ACHV
[00:42:23] [141/445] SVLA
[00:42:24] [142/445] PICT
[00:42:24] [143/445] BXDR
[00:42:25] [144/445] SPWA
[00:42:26] [145/445] MCKO
[00:42:27] [146/445] RTHK
[00:42:28] [147/445] CCMF
[00:42:29] [148/445] MRGB
[00:42:30] [149/445] CPLC
[00:42:31] [150/445] RACD
[00:42:32] [151/445] ATKT
[00:42:32] [152/445] SARN
[00:42:33] [153/445] KKUI
[00:42:34] [154/445] RGCM
[00:42:35] [155/445] BRVP
[00:42:36] [156/445] HRSR
[00:42:36] [157/445] GKGM
[00:42:37] [158/445] TTCD
[00:42:38] [159/445] PTTI
[00:42:39] [160/445] MPTT
[00:42:40] [161/445] CVTT
[00:42:41] [162/445] PCXD
[00:42:42] [163/445] GCDC
[00:42:43] [164/445] CCCF
[00:42:44] [165/445] MRAD
[00:42:44] [166/445] CPLK
[00:42:46] [167/445] SATB
[00:42:47] [168/445] SNVG
[00:42:47] [169/445] JMBA
[00:42:48] [170/445] TEJA
[00:42:49] [171/445] STYO
[00:42:50] [172/445] JTBP
[00:42:51] [173/445] KRGD
[00:42:52] [174/445] SLJJ
[00:42:52] [175/445] SPTJ
[00:42:53] [176/445] SWJG
[00:42:54] [177/445] LKRT
[00:42:55] [178/445] KCKA
[00:42:56] [179/445] SNCR
[00:42:57] [180/445] SMKL
[00:42:58] [181/445] GCFA
[00:42:59] [182/445] DDCK
[00:42:59] [183/445] NCHJ
[00:43:00] [184/445] RDMA
[00:43:01] [185/445] SVSV
[00:43:02] [186/445] SCJG
[00:43:03] [187/445] VKLP
[00:43:04] [188/445] NWCC
[00:43:04] [189/445] VKNS
[00:43:05] [190/445] SDDP
[00:43:06] [191/445] ACSI
[00:43:07] [192/445] SATG
[00:43:08] [193/445] SCMW
[00:43:09] [194/445] LKTK
[00:43:09] [195/445] VCKV
[00:43:10] [196/445] KKPE
[00:43:11] [197/445] KIGH
[00:43:12] [198/445] SRPM
[00:43:13] [199/445] SCAH
[00:43:15] [200/445] MUTA
[00:43:16] [201/445] SEPU
[00:43:16] [202/445] INOA
[00:43:17] [203/445] BASK
[00:43:18] [204/445] NECB
[00:43:19] [205/445] GTTG
[00:43:20] [206/445] ASSA
[00:43:21] [207/445] ANCL
[00:43:21] [208/445] GCTI
[00:43:22] [209/445] RCTS
[00:43:23] [210/445] ACNL
[00:43:24] [211/445] MYCT
[00:43:25] [212/445] NMHT
[00:43:26] [213/445] MDIT
[00:43:26] [214/445] LATG
[00:43:27] [215/445] SMTY
[00:43:28] [216/445] CVCT
[00:43:30] [217/445] RAMB
[00:43:31] [218/445] TGMS
[00:43:31] [219/445] BHEL
[00:43:32] [220/445] SHCT
[00:43:33] [221/445] SVCT
[00:43:34] [222/445] MRIY
[00:43:35] [223/445] SARO
[00:43:36] [224/445] STCT
[00:43:36] [225/445] JKKC
[00:43:37] [226/445] PLTT
[00:43:38] [227/445] SRNT
[00:43:39] [228/445] YAST
[00:43:40] [229/445] PERL
[00:43:41] [230/445] CICM
[00:43:42] [231/445] MMTR
[00:43:43] [232/445] ABTK
[00:43:44] [233/445] ATYY
[00:43:45] [234/445] ASTK
[00:43:46] [235/445] VVCK
[00:43:47] [236/445] ATKY
[00:43:48] [237/445] GWEK
[00:43:48] [238/445] SVFH
[00:43:50] [239/445] SLTA
[00:43:51] [240/445] AASH
[00:43:52] [241/445] ACXB
[00:43:53] [242/445] SMTX
[00:43:54] [243/445] AZDH
[00:43:55] [244/445] CMMH
[00:43:56] [245/445] SCSZ
[00:43:57] [246/445] SCKP
[00:43:58] [247/445] NXTM
[00:43:59] [248/445] NWCS
[00:44:00] [249/445] CXMH
[00:44:01] [250/445] PCMA
[00:44:01] [251/445] SGCM
[00:44:02] [252/445] SDTU
[00:44:03] [253/445] MMVI
[00:44:04] [254/445] JKCM
[00:44:05] [255/445] VCMM
[00:44:05] [256/445] SYEE
[00:44:07] [257/445] VASD
[00:44:08] [258/445] BDRB
[00:44:09] [259/445] LASM
[00:44:10] [260/445] DCRL
[00:44:11] [261/445] DVPM
[00:44:11] [262/445] SBMJ
[00:44:12] [263/445] CBMU
[00:44:13] [264/445] IUBS
[00:44:14] [265/445] INAP
[00:44:15] [266/445] SRRC
[00:44:16] [267/445] SAGR
[00:44:16] [268/445] CPMJ
[00:44:17] [269/445] ATJL
[00:44:19] [270/445] NNTD
[00:44:20] [271/445] JHCJ
[00:44:21] [272/445] CMMP
[00:44:21] [273/445] RSDR
[00:44:22] [274/445] AMTI
[00:44:23] [275/445] NYSG
[00:44:25] [276/445] AVSG
[00:44:25] [277/445] SYTP
[00:44:26] [278/445] LARC
[00:44:27] [279/445] RJTP
[00:44:28] [280/445] LAKC
[00:44:30] [281/445] MCXE
[00:44:31] [282/445] CCZC
[00:44:32] [283/445] AVCH
[00:44:33] [284/445] CMBE
[00:44:34] [285/445] MRRC
[00:44:34] [286/445] PCPY
[00:44:35] [287/445] SRMH
[00:44:36] [288/445] SVGS
[00:44:36] [289/445] PCSE
[00:44:38] [290/445] SVFT
[00:44:39] [291/445] TNZP
[00:44:40] [292/445] ICTP
[00:44:40] [293/445] ACTZ
[00:44:41] [294/445] GTUR
[00:44:42] [295/445] MAFC
[00:44:44] [296/445] MINL
[00:44:44] [297/445] MRCL
[00:44:45] [298/445] RCRP
[00:44:46] [299/445] RFFG
[00:44:47] [300/445] RMAS
[00:44:48] [301/445] INVR
[00:44:49] [302/445] RMAR
[00:44:49] [303/445] CNIS
[00:44:50] [304/445] RHRJ
[00:44:52] [305/445] INXR
[00:44:53] [306/445] VALT
[00:44:54] [307/445] LCSH
[00:44:54] [308/445] CMVS
[00:44:55] [309/445] CNMS
[00:44:56] [310/445] ROOG
[00:44:57] [311/445] ISRM
[00:44:58] [312/445] RCRM
[00:44:59] [313/445] ACJA
[00:44:59] [314/445] RCVS
[00:45:00] [315/445] CPUS
[00:45:01] [316/445] TGCS
[00:45:02] [317/445] RKCJ
[00:45:03] [318/445] MKSB
[00:45:04] [319/445] TCSJ
[00:45:05] [320/445] RMGP
[00:45:06] [321/445] CLLP
[00:45:07] [322/445] RCMV
[00:45:08] [323/445] CCKS
[00:45:08] [324/445] RSRP
[00:45:09] [325/445] APLP
[00:45:10] [326/445] CNVS
[00:45:12] [327/445] RMVY
[00:45:12] [328/445] PGBD
[00:45:13] [329/445] KLMS
[00:45:14] [330/445] RUST
[00:45:15] [331/445] MASM
[00:45:16] [332/445] BACS
[00:45:17] [333/445] BWST
[00:45:18] [334/445] RRFH
[00:45:18] [335/445] SJTM
[00:45:20] [336/445] BEMR
[00:45:20] [337/445] MCGR
[00:45:21] [338/445] SDSK
[00:45:22] [339/445] VBOL
[00:45:23] [340/445] RMGM
[00:45:24] [341/445] NOPL
[00:45:25] [342/445] MKJK
[00:45:26] [343/445] CVRN
[00:45:27] [344/445] MMEN
[00:45:28] [345/445] AMNG
[00:45:29] [346/445] INTM
[00:45:29] [347/445] SLCZ
[00:45:30] [348/445] AMJN
[00:45:31] [349/445] ACJN
[00:45:33] [350/445] AMKN
[00:45:34] [351/445] BTCN
[00:45:34] [352/445] AMBT
[00:45:35] [353/445] PACN
[00:45:36] [354/445] LCNS
[00:45:37] [355/445] PPKC
[00:45:38] [356/445] JYYN
[00:45:39] [357/445] JTNR
[00:45:39] [358/445] GTEE
[00:45:40] [359/445] SRNM
[00:45:41] [360/445] SDTC
[00:45:42] [361/445] VPCA
[00:45:43] [362/445] VLRA
[00:45:43] [363/445] SHKR
[00:45:44] [364/445] SBKD
[00:45:45] [365/445] SAAD
[00:45:46] [366/445] JTGN
[00:45:47] [367/445] SLAM
[00:45:48] [368/445] VTPM
[00:45:49] [369/445] ANPT
[00:45:50] [370/445] PUNB
[00:45:50] [371/445] CPKT
[00:45:51] [372/445] CNWE
[00:45:52] [373/445] ECPP
[00:45:53] [374/445] CPAR
[00:45:54] [375/445] ESBW
[00:45:55] [376/445] PKPU
[00:45:56] [377/445] CPRP
[00:45:57] [378/445] RAHU
[00:45:57] [379/445] RHMN
[00:45:58] [380/445] FMJP
[00:45:59] [381/445] CTMP
[00:46:00] [382/445] INPN
[00:46:01] [383/445] STTG
[00:46:02] [384/445] CTRD
[00:46:03] [385/445] PUVB
[00:46:04] [386/445] ESVP
[00:46:06] [387/445] CPFT
[00:46:07] [388/445] LCPC
[00:46:07] [389/445] VBCT
[00:46:08] [390/445] FSCW
[00:46:09] [391/445] VCMP
[00:46:10] [392/445] ASHC
[00:46:11] [393/445] VLCX
[00:46:12] [394/445] SHEV
[00:46:12] [395/445] APCO
[00:46:13] [396/445] SILC
[00:46:14] [397/445] SNMR
[00:46:15] [398/445] KYBO
[00:46:15] [399/445] SATK
[00:46:17] [400/445] SSCS
[00:46:18] [401/445] CLSB
[00:46:18] [402/445] KMJR
[00:46:19] [403/445] FSCK
[00:46:20] [404/445] NNKA
[00:46:21] [405/445] CLMK
[00:46:22] [406/445] DMPZ
[00:46:23] [407/445] INQM
[00:46:24] [408/445] CAML
[00:46:24] [409/445] INRK
[00:46:25] [410/445] IMKN
[00:46:26] [411/445] SVNR
[00:46:27] [412/445] INSL
[00:46:28] [413/445] MSMA
[00:46:29] [414/445] MCKK
[00:46:30] [415/445] FCHP
[00:46:31] [416/445] SFCR
[00:46:32] [417/445] NACK
[00:46:33] [418/445] PVAK
[00:46:34] [419/445] INER
[00:46:34] [420/445] RDBK
[00:46:35] [421/445] SVFN
[00:46:36] [422/445] IFRM
[00:46:37] [423/445] ATCK
[00:46:38] [424/445] ASKO
[00:46:38] [425/445] STKT
[00:46:39] [426/445] SVFB
[00:46:40] [427/445] INKS
[00:46:41] [428/445] PCRA
[00:46:42] [429/445] ATJA
[00:46:43] [430/445] IMJN
[00:46:44] [431/445] INHD
[00:46:45] [432/445] BARA
[00:46:46] [433/445] MCSL
[00:46:47] [434/445] RTOY
[00:46:47] [435/445] MENO
[00:46:48] [436/445] PUDM
[00:46:49] [437/445] PRCN
[00:46:50] [438/445] JMJR
[00:46:51] [439/445] SSGK
[00:46:52] [440/445] SSRL
[00:46:53] [441/445] JYKL
[00:46:54] [442/445] ACNB
[00:46:55] [443/445] SONP
[00:46:56] [444/445] EMCI
[00:46:58] [445/445] MRJH
[00:46:59] ✅ DONE | Shows=0 | Movies=0
[01:44:03] 🚀 BMS DAILY TRACKER STARTED
[01:44:03] [1/445] TGMR
[01:44:03] 🧠 New identity
[01:44:04] [2/445] CXKR
[01:44:05] [3/445] SROP
[01:44:06] [4/445] GTSV
[01:44:06] [5/445] SNTY
[01:44:07] [6/445] SMYY
[01:44:08] [7/445] CNCS
[01:44:09] [8/445] CSTM
[01:44:10] [9/445] NUCD
[01:44:11] [10/445] SHCZ
[01:44:12] [11/445] NJCT
[01:44:13] [12/445] COPC
[01:44:14] [13/445] STVV
[01:44:14] [14/445] SKRN
[01:44:15] [15/445] APPZ
[01:44:16] [16/445] YMGN
[01:44:18] [17/445] SVTU
[01:44:19] [18/445] GTAD
[01:44:20] [19/445] PSUS
[01:44:21] [20/445] SMCD
[01:44:22] [21/445] CMCM
[01:44:23] [22/445] SYCT
[01:44:24] [23/445] STLY
[01:44:24] [24/445] CMHU
[01:44:25] [25/445] CMSA
[01:44:27] [26/445] CLCU
[01:44:29] [27/445] PPNT
[01:44:29] [28/445] JTAB
[01:44:30] [29/445] BUUC
[01:44:31] [30/445] BSVK
[01:44:32] [31/445] VVVQ
[01:44:33] [32/445] TKMU
[01:44:33] [33/445] ESYL
[01:44:34] [34/445] ACHP
[01:44:35] [35/445] BTKD
[01:44:36] [36/445] DESA
[01:44:37] [37/445] GBCT
[01:44:38] [38/445] BLLD
[01:44:38] [39/445] SKNT
[01:44:39] [40/445] SSTE
[01:44:40] [41/445] VJMR
[01:44:41] [42/445] NTPU
[01:44:42] [43/445] RDKN
[01:44:43] [44/445] ADGC
[01:44:43] [45/445] VRBP
[01:44:45] [46/445] NMNA
[01:44:46] [47/445] CMMX
[01:44:47] [48/445] PTKO
[01:44:48] [49/445] RBML
[01:44:49] [50/445] SAIC
[01:44:51] [51/445] SVTJ
[01:44:51] [52/445] MRTE
[01:44:52] [53/445] RBTP
[01:44:53] [54/445] NLPS
[01:44:54] [55/445] GTNA
[01:44:55] [56/445] DGGC
[01:44:55] [57/445] SMCR
[01:44:56] [58/445] SCGD
[01:44:57] [59/445] SRRJ
[01:44:58] [60/445] CNRY
[01:44:58] [61/445] KTDI
[01:44:59] [62/445] SNJL
[01:45:00] [63/445] RKMD
[01:45:00] [64/445] SMDC
[01:45:01] [65/445] TADG
[01:45:03] [66/445] MCGS
[01:45:04] [67/445] PETK
[01:45:05] [68/445] CHAG
[01:45:06] [69/445] KSTL
[01:45:06] [70/445] AADS
[01:45:07] [71/445] NTHZ
[01:45:08] [72/445] HCKI
[01:45:09] [73/445] SSEF
[01:45:10] [74/445] MCGX
[01:45:10] [75/445] ERRA
[01:45:11] [76/445] SDTW
[01:45:12] [77/445] RMPK
[01:45:13] [78/445] PTHK
[01:45:14] [79/445] PXCS
[01:45:15] [80/445] SVLU
[01:45:16] [81/445] STAH
[01:45:16] [82/445] JRGF
[01:45:17] [83/445] CDOK
[01:45:18] [84/445] CMSG
[01:45:19] [85/445] APTD
[01:45:20] [86/445] KMPG
[01:45:21] [87/445] MUTJ
[01:45:21] [88/445] VCCI
[01:45:22] [89/445] URBE
[01:45:23] [90/445] TCTS
[01:45:24] [91/445] STSN
[01:45:25] [92/445] AKCH
[01:45:26] [93/445] APSC
[01:45:27] [94/445] VLTB
[01:45:28] [95/445] SANU
[01:45:28] [96/445] AXAM
[01:45:29] [97/445] MGMG
[01:45:30] [98/445] HTBY
[01:45:31] [99/445] MMZS
[01:45:32] [100/445] SUDR
[01:45:33] [101/445] CCAD
[01:45:34] [102/445] SKKC
[01:45:34] [103/445] RMCD
[01:45:36] [104/445] SBCQ
[01:45:37] [105/445] DCCT
[01:45:38] [106/445] VTKP
[01:45:38] [107/445] MLAM
[01:45:39] [108/445] SAVT
[01:45:40] [109/445] GEPL
[01:45:41] [110/445] AMCD
[01:45:43] [111/445] CCXR
[01:45:43] [112/445] GRNG
[01:45:44] [113/445] EBCA
[01:45:45] [114/445] CNVG
[01:45:46] [115/445] MWSS
[01:45:48] [116/445] VBOR
[01:45:48] [117/445] NEEB
[01:45:49] [118/445] SUTH
[01:45:50] [119/445] ANDB
[01:45:51] [120/445] MMXS
[01:45:52] [121/445] CNPD
[01:45:53] [122/445] SDCE
[01:45:54] [123/445] DHCB
[01:45:55] [124/445] ODEN
[01:45:57] [125/445] TNTC
[01:45:57] [126/445] VBKM
[01:45:58] [127/445] RZYM
[01:45:59] [128/445] JEMC
[01:46:00] [129/445] CMAU
[01:46:01] [130/445] SIVP
[01:46:02] [131/445] ATAG
[01:46:02] [132/445] CHTM
[01:46:03] [133/445] AAEE
[01:46:05] [134/445] IWPM
[01:46:05] [135/445] KCMW
[01:46:06] [136/445] MCTD
[01:46:07] [137/445] SPWR
[01:46:08] [138/445] SDPO
[01:46:09] [139/445] PCSK
[01:46:10] [140/445] ACHV
[01:46:11] [141/445] SVLA
[01:46:12] [142/445] PICT
[01:46:13] [143/445] BXDR
[01:46:15] [144/445] SPWA
[01:46:15] [145/445] MCKO
[01:46:16] [146/445] RTHK
[01:46:17] [147/445] CCMF
[01:46:17] [148/445] MRGB
[01:46:18] [149/445] CPLC
[01:46:19] [150/445] RACD
[01:46:20] [151/445] ATKT
[01:46:21] [152/445] SARN
[01:46:22] [153/445] KKUI
[01:46:22] [154/445] RGCM
[01:46:23] [155/445] BRVP
[01:46:24] [156/445] HRSR
[01:46:25] [157/445] GKGM
[01:46:26] [158/445] TTCD
[01:46:27] [159/445] PTTI
[01:46:28] [160/445] MPTT
[01:46:28] [161/445] CVTT
[01:46:29] [162/445] PCXD
[01:46:30] [163/445] GCDC
[01:46:31] [164/445] CCCF
[01:46:31] [165/445] MRAD
[01:46:32] [166/445] CPLK
[01:46:33] [167/445] SATB
[01:46:34] [168/445] SNVG
[01:46:35] [169/445] JMBA
[01:46:36] [170/445] TEJA
[01:46:37] [171/445] STYO
[01:46:38] [172/445] JTBP
[01:46:38] [173/445] KRGD
[01:46:39] [174/445] SLJJ
[01:46:40] [175/445] SPTJ
[01:46:41] [176/445] SWJG
[01:46:42] [177/445] LKRT
[01:46:43] [178/445] KCKA
[01:46:44] [179/445] SNCR
[01:46:45] [180/445] SMKL
[01:46:45] [181/445] GCFA
[01:46:46] [182/445] DDCK
[01:46:47] [183/445] NCHJ
[01:46:48] [184/445] RDMA
[01:46:49] [185/445] SVSV
[01:46:50] [186/445] SCJG
[01:46:51] [187/445] VKLP
[01:46:51] [188/445] NWCC
[01:46:52] [189/445] VKNS
[01:46:53] [190/445] SDDP
[01:46:54] [191/445] ACSI
[01:46:55] [192/445] SATG
[01:46:56] [193/445] SCMW
[01:46:57] [194/445] LKTK
[01:46:58] [195/445] VCKV
[01:46:59] [196/445] KKPE
[01:46:59] [197/445] KIGH
[01:47:00] [198/445] SRPM
[01:47:01] [199/445] SCAH
[01:47:02] [200/445] MUTA
[01:47:03] [201/445] SEPU
[01:47:05] [202/445] INOA
[01:47:06] [203/445] BASK
[01:47:07] [204/445] NECB
[01:47:08] [205/445] GTTG
[01:47:09] [206/445] ASSA
[01:47:10] [207/445] ANCL
[01:47:11] [208/445] GCTI
[01:47:13] [209/445] RCTS
[01:47:14] [210/445] ACNL
[01:47:14] [211/445] MYCT
[01:47:15] [212/445] NMHT
[01:47:16] [213/445] MDIT
[01:47:17] [214/445] LATG
[01:47:17] [215/445] SMTY
[01:47:18] [216/445] CVCT
[01:47:19] [217/445] RAMB
[01:47:20] [218/445] TGMS
[01:47:21] [219/445] BHEL
[01:47:22] [220/445] SHCT
[01:47:23] [221/445] SVCT
[01:47:24] [222/445] MRIY
[01:47:24] [223/445] SARO
[01:47:25] [224/445] STCT
[01:47:27] [225/445] JKKC
[01:47:28] [226/445] PLTT
[01:47:28] [227/445] SRNT
[01:47:30] [228/445] YAST
[01:47:31] [229/445] PERL
[01:47:32] [230/445] CICM
[01:47:33] [231/445] MMTR
[01:47:34] [232/445] ABTK
[01:47:35] [233/445] ATYY
[01:47:36] [234/445] ASTK
[01:47:37] [235/445] VVCK
[01:47:38] [236/445] ATKY
[01:47:39] [237/445] GWEK
[01:47:40] [238/445] SVFH
[01:47:41] [239/445] SLTA
[01:47:42] [240/445] AASH
[01:47:43] [241/445] ACXB
[01:47:44] [242/445] SMTX
[01:47:45] [243/445] AZDH
[01:47:45] [244/445] CMMH
[01:47:47] [245/445] SCSZ
[01:47:48] [246/445] SCKP
[01:47:49] [247/445] NXTM
[01:47:50] [248/445] NWCS
[01:47:50] [249/445] CXMH
[01:47:51] [250/445] PCMA
[01:47:52] [251/445] SGCM
[01:47:53] [252/445] SDTU
[01:47:54] [253/445] MMVI
[01:47:55] [254/445] JKCM
[01:47:56] [255/445] VCMM
[01:47:56] [256/445] SYEE
[01:47:57] [257/445] VASD
[01:47:58] [258/445] BDRB
[01:47:59] [259/445] LASM
[01:48:00] [260/445] DCRL
[01:48:01] [261/445] DVPM
[01:48:02] [262/445] SBMJ
[01:48:02] [263/445] CBMU
[01:48:04] [264/445] IUBS
[01:48:04] [265/445] INAP
[01:48:05] [266/445] SRRC
[01:48:06] [267/445] SAGR
[01:48:07] [268/445] CPMJ
[01:48:08] [269/445] ATJL
[01:48:09] [270/445] NNTD
[01:48:09] [271/445] JHCJ
[01:48:10] [272/445] CMMP
[01:48:11] [273/445] RSDR
[01:48:12] [274/445] AMTI
[01:48:13] [275/445] NYSG
[01:48:14] [276/445] AVSG
[01:48:15] [277/445] SYTP
[01:48:16] [278/445] LARC
[01:48:17] [279/445] RJTP
[01:48:18] [280/445] LAKC
[01:48:18] [281/445] MCXE
[01:48:19] [282/445] CCZC
[01:48:20] [283/445] AVCH
[01:48:21] [284/445] CMBE
[01:48:22] [285/445] MRRC
[01:48:23] [286/445] PCPY
[01:48:24] [287/445] SRMH
[01:48:25] [288/445] SVGS
[01:48:26] [289/445] PCSE
[01:48:27] [290/445] SVFT
[01:48:28] [291/445] TNZP
[01:48:29] [292/445] ICTP
[01:48:31] [293/445] ACTZ
[01:48:32] [294/445] GTUR
[01:48:33] [295/445] MAFC
[01:48:33] [296/445] MINL
[01:48:34] [297/445] MRCL
[01:48:35] [298/445] RCRP
[01:48:36] [299/445] RFFG
[01:48:36] [300/445] RMAS
[01:48:37] [301/445] INVR
[01:48:38] [302/445] RMAR
[01:48:39] [303/445] CNIS
[01:48:41] [304/445] RHRJ
[01:48:42] [305/445] INXR
[01:48:42] [306/445] VALT
[01:48:43] [307/445] LCSH
[01:48:44] [308/445] CMVS
[01:48:45] [309/445] CNMS
[01:48:45] [310/445] ROOG
[01:48:46] [311/445] ISRM
[01:48:47] [312/445] RCRM
[01:48:48] [313/445] ACJA
[01:48:49] [314/445] RCVS
[01:48:50] [315/445] CPUS
[01:48:52] [316/445] TGCS
[01:48:52] [317/445] RKCJ
[01:48:53] [318/445] MKSB
[01:48:54] [319/445] TCSJ
[01:48:55] [320/445] RMGP
[01:48:56] [321/445] CLLP
[01:48:57] [322/445] RCMV
[01:48:58] [323/445] CCKS
[01:48:59] [324/445] RSRP
[01:49:00] [325/445] APLP
[01:49:01] [326/445] CNVS
[01:49:01] [327/445] RMVY
[01:49:02] [328/445] PGBD
[01:49:03] [329/445] KLMS
[01:49:04] [330/445] RUST
[01:49:05] [331/445] MASM
[01:49:06] [332/445] BACS
[01:49:06] [333/445] BWST
[01:49:07] [334/445] RRFH
[01:49:08] [335/445] SJTM
[01:49:09] [336/445] BEMR
[01:49:10] [337/445] MCGR
[01:49:11] [338/445] SDSK
[01:49:13] [339/445] VBOL
[01:49:14] [340/445] RMGM
[01:49:15] [341/445] NOPL
[01:49:15] [342/445] MKJK
[01:49:16] [343/445] CVRN
[01:49:17] [344/445] MMEN
[01:49:18] [345/445] AMNG
[01:49:19] [346/445] INTM
[01:49:19] [347/445] SLCZ
[01:49:21] [348/445] AMJN
[01:49:22] [349/445] ACJN
[01:49:23] [350/445] AMKN
[01:49:24] [351/445] BTCN
[01:49:25] [352/445] AMBT
[01:49:25] [353/445] PACN
[01:49:26] [354/445] LCNS
[01:49:27] [355/445] PPKC
[01:49:28] [356/445] JYYN
[01:49:29] [357/445] JTNR
[01:49:30] [358/445] GTEE
[01:49:31] [359/445] SRNM
[01:49:31] [360/445] SDTC
[01:49:32] [361/445] VPCA
[01:49:33] [362/445] VLRA
[01:49:33] [363/445] SHKR
[01:49:35] [364/445] SBKD
[01:49:36] [365/445] SAAD
[01:49:37] [366/445] JTGN
[01:49:37] [367/445] SLAM
[01:49:38] [368/445] VTPM
[01:49:39] [369/445] ANPT
[01:49:40] [370/445] PUNB
[01:49:41] [371/445] CPKT
[01:49:42] [372/445] CNWE
[01:49:42] [373/445] ECPP
[01:49:44] [374/445] CPAR
[01:49:45] [375/445] ESBW
[01:49:45] [376/445] PKPU
[01:49:46] [377/445] CPRP
[01:49:47] [378/445] RAHU
[01:49:48] [379/445] RHMN
[01:49:49] [380/445] FMJP
[01:49:50] [381/445] CTMP
[01:49:51] [382/445] INPN
[01:49:52] [383/445] STTG
[01:49:52] [384/445] CTRD
[01:49:53] [385/445] PUVB
[01:49:54] [386/445] ESVP
[01:49:55] [387/445] CPFT
[01:49:56] [388/445] LCPC
[01:49:57] [389/445] VBCT
[01:49:57] [390/445] FSCW
[01:49:58] [391/445] VCMP
[01:49:59] [392/445] ASHC
[01:50:00] [393/445] VLCX
[01:50:01] [394/445] SHEV
[01:50:02] [395/445] APCO
[01:50:02] [396/445] SILC
[01:50:03] [397/445] SNMR
[01:50:04] [398/445] KYBO
[01:50:05] [399/445] SATK
[01:50:06] [400/445] SSCS
[01:50:07] [401/445] CLSB
[01:50:07] [402/445] KMJR
[01:50:08] [403/445] FSCK
[01:50:09] [404/445] NNKA
[01:50:10] [405/445] CLMK
[01:50:11] [406/445] DMPZ
[01:50:11] [407/445] INQM
[01:50:12] [408/445] CAML
[01:50:13] [409/445] INRK
[01:50:15] [410/445] IMKN
[01:50:15] [411/445] SVNR
[01:50:16] [412/445] INSL
[01:50:17] [413/445] MSMA
[01:50:18] [414/445] MCKK
[01:50:19] [415/445] FCHP
[01:50:19] [416/445] SFCR
[01:50:21] [417/445] NACK
[01:50:22] [418/445] PVAK
[01:50:23] [419/445] INER
[01:50:24] [420/445] RDBK
[01:50:24] [421/445] SVFN
[01:50:25] [422/445] IFRM
[01:50:26] [423/445] ATCK
[01:50:27] [424/445] ASKO
[01:50:28] [425/445] STKT
[01:50:29] [426/445] SVFB
[01:50:30] [427/445] INKS
[01:50:31] [428/445] PCRA
[01:50:32] [429/445] ATJA
[01:50:33] [430/445] IMJN
[01:50:34] [431/445] INHD
[01:50:35] [432/445] BARA
[01:50:35] [433/445] MCSL
[01:50:36] [434/445] RTOY
[01:50:37] [435/445] MENO
[01:50:38] [436/445] PUDM
[01:50:39] [437/445] PRCN
[01:50:39] [438/445] JMJR
[01:50:40] [439/445] SSGK
[01:50:41] [440/445] SSRL
[01:50:42] [441/445] JYKL
[01:50:43] [442/445] ACNB
[01:50:43] [443/445] SONP
[01:50:45] [444/445] EMCI
[01:50:46] [445/445] MRJH
[01:50:47] ✅ DONE | Shows=0 | Movies=0
[02:41:49] 🚀 BMS DAILY TRACKER STARTED
[02:41:49] [1/445] TGMR
[02:41:49] 🧠 New identity
[02:41:49] [2/445] CXKR
[02:41:50] [3/445] SROP
[02:41:51] [4/445] GTSV
[02:41:51] [5/445] SNTY
[02:41:52] [6/445] SMYY
[02:41:52] [7/445] CNCS
[02:41:53] [8/445] CSTM
[02:41:53] [9/445] NUCD
[02:41:54] [10/445] SHCZ
[02:41:55] [11/445] NJCT
[02:41:55] [12/445] COPC
[02:41:56] [13/445] STVV
[02:41:56] [14/445] SKRN
[02:41:57] [15/445] APPZ
[02:41:57] [16/445] YMGN
[02:41:58] [17/445] SVTU
[02:41:59] [18/445] GTAD
[02:41:59] [19/445] PSUS
[02:42:00] [20/445] SMCD
[02:42:01] [21/445] CMCM
[02:42:01] [22/445] SYCT
[02:42:02] [23/445] STLY
[02:42:03] [24/445] CMHU
[02:42:03] [25/445] CMSA
[02:42:04] [26/445] CLCU
[02:42:05] [27/445] PPNT
[02:42:05] [28/445] JTAB
[02:42:06] [29/445] BUUC
[02:42:06] [30/445] BSVK
[02:42:07] [31/445] VVVQ
[02:42:07] [32/445] TKMU
[02:42:08] [33/445] ESYL
[02:42:09] [34/445] ACHP
[02:42:09] [35/445] BTKD
[02:42:10] [36/445] DESA
[02:42:10] [37/445] GBCT
[02:42:11] [38/445] BLLD
[02:42:11] [39/445] SKNT
[02:42:12] [40/445] SSTE
[02:42:12] [41/445] VJMR
[02:42:13] [42/445] NTPU
[02:42:13] [43/445] RDKN
[02:42:14] [44/445] ADGC
[02:42:14] [45/445] VRBP
[02:42:15] [46/445] NMNA
[02:42:15] [47/445] CMMX
[02:42:16] [48/445] PTKO
[02:42:17] [49/445] RBML
[02:42:17] [50/445] SAIC
[02:42:18] [51/445] SVTJ
[02:42:18] [52/445] MRTE
[02:42:19] [53/445] RBTP
[02:42:19] [54/445] NLPS
[02:42:20] [55/445] GTNA
[02:42:20] [56/445] DGGC
[02:42:21] [57/445] SMCR
[02:42:22] [58/445] SCGD
[02:42:22] [59/445] SRRJ
[02:42:23] [60/445] CNRY
[02:42:24] [61/445] KTDI
[02:42:24] [62/445] SNJL
[02:42:25] [63/445] RKMD
[02:42:25] [64/445] SMDC
[02:42:26] [65/445] TADG
[02:42:27] [66/445] MCGS
[02:42:27] [67/445] PETK
[02:42:28] [68/445] CHAG
[02:42:29] [69/445] KSTL
[02:42:29] [70/445] AADS
[02:42:30] [71/445] NTHZ
[02:42:30] [72/445] HCKI
[02:42:31] [73/445] SSEF
[02:42:31] [74/445] MCGX
[02:42:32] [75/445] ERRA
[02:42:32] [76/445] SDTW
[02:42:33] [77/445] RMPK
[02:42:33] [78/445] PTHK
[02:42:34] [79/445] PXCS
[02:42:35] [80/445] SVLU
[02:42:35] [81/445] STAH
[02:42:36] [82/445] JRGF
[02:42:36] [83/445] CDOK
[02:42:37] [84/445] CMSG
[02:42:37] [85/445] APTD
[02:42:38] [86/445] KMPG
[02:42:38] [87/445] MUTJ
[02:42:39] [88/445] VCCI
[02:42:40] [89/445] URBE
[02:42:40] [90/445] TCTS
[02:42:41] [91/445] STSN
[02:42:42] [92/445] AKCH
[02:42:42] [93/445] APSC
[02:42:43] [94/445] VLTB
[02:42:43] [95/445] SANU
[02:42:44] [96/445] AXAM
[02:42:44] [97/445] MGMG
[02:42:45] [98/445] HTBY
[02:42:46] [99/445] MMZS
[02:42:46] [100/445] SUDR
[02:42:47] [101/445] CCAD
[02:42:47] [102/445] SKKC
[02:42:48] [103/445] RMCD
[02:42:48] [104/445] SBCQ
[02:42:49] [105/445] DCCT
[02:42:49] [106/445] VTKP
[02:42:50] [107/445] MLAM
[02:42:51] [108/445] SAVT
[02:42:51] [109/445] GEPL
[02:42:52] [110/445] AMCD
[02:42:52] [111/445] CCXR
[02:42:53] [112/445] GRNG
[02:42:53] [113/445] EBCA
[02:42:54] [114/445] CNVG
[02:42:54] [115/445] MWSS
[02:42:55] [116/445] VBOR
[02:42:56] [117/445] NEEB
[02:42:56] [118/445] SUTH
[02:42:57] [119/445] ANDB
[02:42:57] [120/445] MMXS
[02:42:58] [121/445] CNPD
[02:42:58] [122/445] SDCE
[02:42:59] [123/445] DHCB
[02:42:59] [124/445] ODEN
[02:43:00] [125/445] TNTC
[02:43:00] [126/445] VBKM
[02:43:01] [127/445] RZYM
[02:43:01] [128/445] JEMC
[02:43:02] [129/445] CMAU
[02:43:03] [130/445] SIVP
[02:43:03] [131/445] ATAG
[02:43:04] [132/445] CHTM
[02:43:04] [133/445] AAEE
[02:43:05] [134/445] IWPM
[02:43:05] [135/445] KCMW
[02:43:06] [136/445] MCTD
[02:43:07] [137/445] SPWR
[02:43:07] [138/445] SDPO
[02:43:08] [139/445] PCSK
[02:43:08] [140/445] ACHV
[02:43:09] [141/445] SVLA
[02:43:09] [142/445] PICT
[02:43:10] [143/445] BXDR
[02:43:10] [144/445] SPWA
[02:43:11] [145/445] MCKO
[02:43:11] [146/445] RTHK
[02:43:12] [147/445] CCMF
[02:43:13] [148/445] MRGB
[02:43:13] [149/445] CPLC
[02:43:14] [150/445] RACD
[02:43:15] [151/445] ATKT
[02:43:15] [152/445] SARN
[02:43:16] [153/445] KKUI
[02:43:17] [154/445] RGCM
[02:43:17] [155/445] BRVP
[02:43:18] [156/445] HRSR
[02:43:19] [157/445] GKGM
[02:43:19] [158/445] TTCD
[02:43:20] [159/445] PTTI
[02:43:20] [160/445] MPTT
[02:43:21] [161/445] CVTT
[02:43:22] [162/445] PCXD
[02:43:22] [163/445] GCDC
[02:43:23] [164/445] CCCF
[02:43:23] [165/445] MRAD
[02:43:24] [166/445] CPLK
[02:43:24] [167/445] SATB
[02:43:25] [168/445] SNVG
[02:43:26] [169/445] JMBA
[02:43:26] [170/445] TEJA
[02:43:27] [171/445] STYO
[02:43:28] [172/445] JTBP
[02:43:28] [173/445] KRGD
[02:43:29] [174/445] SLJJ
[02:43:29] [175/445] SPTJ
[02:43:30] [176/445] SWJG
[02:43:30] [177/445] LKRT
[02:43:31] [178/445] KCKA
[02:43:31] [179/445] SNCR
[02:43:32] [180/445] SMKL
[02:43:33] [181/445] GCFA
[02:43:33] [182/445] DDCK
[02:43:34] [183/445] NCHJ
[02:43:34] [184/445] RDMA
[02:43:35] [185/445] SVSV
[02:43:35] [186/445] SCJG
[02:43:36] [187/445] VKLP
[02:43:37] [188/445] NWCC
[02:43:37] [189/445] VKNS
[02:43:38] [190/445] SDDP
[02:43:38] [191/445] ACSI
[02:43:39] [192/445] SATG
[02:43:40] [193/445] SCMW
[02:43:40] [194/445] LKTK
[02:43:41] [195/445] VCKV
[02:43:41] [196/445] KKPE
[02:43:41] [197/445] KIGH
[02:43:42] [198/445] SRPM
[02:43:43] [199/445] SCAH
[02:43:43] [200/445] MUTA
[02:43:44] [201/445] SEPU
[02:43:44] [202/445] INOA
[02:43:45] [203/445] BASK
[02:43:46] [204/445] NECB
[02:43:46] [205/445] GTTG
[02:43:47] [206/445] ASSA
[02:43:47] [207/445] ANCL
[02:43:48] [208/445] GCTI
[02:43:48] [209/445] RCTS
[02:43:49] [210/445] ACNL
[02:43:51] [211/445] MYCT
[02:43:51] [212/445] NMHT
[02:43:52] [213/445] MDIT
[02:43:53] [214/445] LATG
[02:43:54] [215/445] SMTY
[02:43:55] [216/445] CVCT
[02:43:55] [217/445] RAMB
[02:43:57] [218/445] TGMS
[02:43:58] [219/445] BHEL
[02:43:59] [220/445] SHCT
[02:44:00] [221/445] SVCT
[02:44:01] [222/445] MRIY
[02:44:02] [223/445] SARO
[02:44:03] [224/445] STCT
[02:44:04] [225/445] JKKC
[02:44:04] [226/445] PLTT
[02:44:05] [227/445] SRNT
[02:44:06] [228/445] YAST
[02:44:07] [229/445] PERL
[02:44:08] [230/445] CICM
[02:44:09] [231/445] MMTR
[02:44:09] [232/445] ABTK
[02:44:10] [233/445] ATYY
[02:44:11] [234/445] ASTK
[02:44:12] [235/445] VVCK
[02:44:13] [236/445] ATKY
[02:44:13] [237/445] GWEK
[02:44:14] [238/445] SVFH
[02:44:15] [239/445] SLTA
[02:44:16] [240/445] AASH
[02:44:17] [241/445] ACXB
[02:44:18] [242/445] SMTX
[02:44:18] [243/445] AZDH
[02:44:19] [244/445] CMMH
[02:44:20] [245/445] SCSZ
[02:44:20] [246/445] SCKP
[02:44:21] [247/445] NXTM
[02:44:22] [248/445] NWCS
[02:44:23] [249/445] CXMH
[02:44:23] [250/445] PCMA
[02:44:24] [251/445] SGCM
[02:44:25] [252/445] SDTU
[02:44:26] [253/445] MMVI
[02:44:27] [254/445] JKCM
[02:44:27] [255/445] VCMM
[02:44:28] [256/445] SYEE
[02:44:29] [257/445] VASD
[02:44:30] [258/445] BDRB
[02:44:32] [259/445] LASM
[02:44:32] [260/445] DCRL
[02:44:33] [261/445] DVPM
[02:44:33] [262/445] SBMJ
[02:44:34] [263/445] CBMU
[02:44:35] [264/445] IUBS
[02:44:36] [265/445] INAP
[02:44:37] [266/445] SRRC
[02:44:37] [267/445] SAGR
[02:44:38] [268/445] CPMJ
[02:44:39] [269/445] ATJL
[02:44:40] [270/445] NNTD
[02:44:41] [271/445] JHCJ
[02:44:41] [272/445] CMMP
[02:44:42] [273/445] RSDR
[02:44:43] [274/445] AMTI
[02:44:44] [275/445] NYSG
[02:44:45] [276/445] AVSG
[02:44:46] [277/445] SYTP
[02:44:47] [278/445] LARC
[02:44:48] [279/445] RJTP
[02:44:48] [280/445] LAKC
[02:44:49] [281/445] MCXE
[02:44:50] [282/445] CCZC
[02:44:51] [283/445] AVCH
[02:44:51] [284/445] CMBE
[02:44:52] [285/445] MRRC
[02:44:53] [286/445] PCPY
[02:44:54] [287/445] SRMH
[02:44:55] [288/445] SVGS
[02:44:56] [289/445] PCSE
[02:44:57] [290/445] SVFT
[02:44:58] [291/445] TNZP
[02:45:00] [292/445] ICTP
[02:45:00] [293/445] ACTZ
[02:45:01] [294/445] GTUR
[02:45:02] [295/445] MAFC
[02:45:02] [296/445] MINL
[02:45:03] [297/445] MRCL
[02:45:04] [298/445] RCRP
[02:45:05] [299/445] RFFG
[02:45:06] [300/445] RMAS
[02:45:07] [301/445] INVR
[02:45:07] [302/445] RMAR
[02:45:08] [303/445] CNIS
[02:45:09] [304/445] RHRJ
[02:45:10] [305/445] INXR
[02:45:11] [306/445] VALT
[02:45:12] [307/445] LCSH
[02:45:12] [308/445] CMVS
[02:45:13] [309/445] CNMS
[02:45:14] [310/445] ROOG
[02:45:15] [311/445] ISRM
[02:45:16] [312/445] RCRM
[02:45:16] [313/445] ACJA
[02:45:17] [314/445] RCVS
[02:45:18] [315/445] CPUS
[02:45:19] [316/445] TGCS
[02:45:19] [317/445] RKCJ
[02:45:20] [318/445] MKSB
[02:45:21] [319/445] TCSJ
[02:45:22] [320/445] RMGP
[02:45:23] [321/445] CLLP
[02:45:24] [322/445] RCMV
[02:45:25] [323/445] CCKS
[02:45:26] [324/445] RSRP
[02:45:28] [325/445] APLP
[02:45:30] [326/445] CNVS
[02:45:30] [327/445] RMVY
[02:45:31] [328/445] PGBD
[02:45:31] [329/445] KLMS
[02:45:32] [330/445] RUST
[02:45:33] [331/445] MASM
[02:45:34] [332/445] BACS
[02:45:35] [333/445] BWST
[02:45:36] [334/445] RRFH
[02:45:37] [335/445] SJTM
[02:45:38] [336/445] BEMR
[02:45:40] [337/445] MCGR
[02:45:40] [338/445] SDSK
[02:45:41] [339/445] VBOL
[02:45:41] [340/445] RMGM
[02:45:42] [341/445] NOPL
[02:45:43] [342/445] MKJK
[02:45:44] [343/445] CVRN
[02:45:45] [344/445] MMEN
[02:45:46] [345/445] AMNG
[02:45:47] [346/445] INTM
[02:45:47] [347/445] SLCZ
[02:45:48] [348/445] AMJN
[02:45:50] [349/445] ACJN
[02:45:50] [350/445] AMKN
[02:45:51] [351/445] BTCN
[02:45:52] [352/445] AMBT
[02:45:53] [353/445] PACN
[02:45:54] [354/445] LCNS
[02:45:54] [355/445] PPKC
[02:45:55] [356/445] JYYN
[02:45:56] [357/445] JTNR
[02:45:57] [358/445] GTEE
[02:45:58] [359/445] SRNM
[02:45:59] [360/445] SDTC
[02:45:59] [361/445] VPCA
[02:46:00] [362/445] VLRA
[02:46:01] [363/445] SHKR
[02:46:02] [364/445] SBKD
[02:46:03] [365/445] SAAD
[02:46:04] [366/445] JTGN
[02:46:05] [367/445] SLAM
[02:46:06] [368/445] VTPM
[02:46:07] [369/445] ANPT
[02:46:07] [370/445] PUNB
[02:46:08] [371/445] CPKT
[02:46:09] [372/445] CNWE
[02:46:10] [373/445] ECPP
[02:46:11] [374/445] CPAR
[02:46:12] [375/445] ESBW
[02:46:13] [376/445] PKPU
[02:46:14] [377/445] CPRP
[02:46:15] [378/445] RAHU
[02:46:16] [379/445] RHMN
[02:46:17] [380/445] FMJP
[02:46:18] [381/445] CTMP
[02:46:19] [382/445] INPN
[02:46:19] [383/445] STTG
[02:46:20] [384/445] CTRD
[02:46:21] [385/445] PUVB
[02:46:22] [386/445] ESVP
[02:46:23] [387/445] CPFT
[02:46:23] [388/445] LCPC
[02:46:24] [389/445] VBCT
[02:46:25] [390/445] FSCW
[02:46:26] [391/445] VCMP
[02:46:27] [392/445] ASHC
[02:46:28] [393/445] VLCX
[02:46:29] [394/445] SHEV
[02:46:30] [395/445] APCO
[02:46:31] [396/445] SILC
[02:46:32] [397/445] SNMR
[02:46:32] [398/445] KYBO
[02:46:33] [399/445] SATK
[02:46:34] [400/445] SSCS
[02:46:35] [401/445] CLSB
[02:46:36] [402/445] KMJR
[02:46:37] [403/445] FSCK
[02:46:38] [404/445] NNKA
[02:46:38] [405/445] CLMK
[02:46:39] [406/445] DMPZ
[02:46:40] [407/445] INQM
[02:46:41] [408/445] CAML
[02:46:42] [409/445] INRK
[02:46:43] [410/445] IMKN
[02:46:43] [411/445] SVNR
[02:46:44] [412/445] INSL
[02:46:45] [413/445] MSMA
[02:46:46] [414/445] MCKK
[02:46:47] [415/445] FCHP
[02:46:48] [416/445] SFCR
[02:46:49] [417/445] NACK
[02:46:50] [418/445] PVAK
[02:46:51] [419/445] INER
[02:46:51] [420/445] RDBK
[02:46:52] [421/445] SVFN
[02:46:53] [422/445] IFRM
[02:46:55] [423/445] ATCK
[02:46:55] [424/445] ASKO
[02:46:56] [425/445] STKT
[02:46:57] [426/445] SVFB
[02:46:58] [427/445] INKS
[02:46:58] [428/445] PCRA
[02:46:59] [429/445] ATJA
[02:47:00] [430/445] IMJN
[02:47:01] [431/445] INHD
[02:47:02] [432/445] BARA
[02:47:02] [433/445] MCSL
[02:47:03] [434/445] RTOY
[02:47:04] [435/445] MENO
[02:47:05] [436/445] PUDM
[02:47:05] [437/445] PRCN
[02:47:06] [438/445] JMJR
[02:47:07] [439/445] SSGK
[02:47:08] [440/445] SSRL
[02:47:09] [441/445] JYKL
[02:47:10] [442/445] ACNB
[02:47:11] [443/445] SONP
[02:47:11] [444/445] EMCI
[02:47:12] [445/445] MRJH
[02:47:13] ✅ DONE | Shows=0 | Movies=0
