[00:40:11] 🚀 BMS DAILY TRACKER STARTED
[00:40:11] [1/296] CDCA
[00:40:11] 🧠 New identity
[00:40:12] [2/296] MNSR
[00:40:13] [3/296] CSSL
[00:40:13] [4/296] BGGM
[00:40:14] [5/296] MANT
[00:40:15] [6/296] SOOY
[00:40:15] [7/296] VPPK
[00:40:16] [8/296] MYHJ
[00:40:16] [9/296] KSCK
[00:40:17] [10/296] KATK
[00:40:17] [11/296] RTRT
[00:40:18] [12/296] SSTT
[00:40:18] [13/296] SSTV
[00:40:19] [14/296] LACM
[00:40:20] [15/296] SGMG
[00:40:20] [16/296] KACX
[00:40:21] [17/296] GVCP
[00:40:21] [18/296] CSNC
[00:40:22] [19/296] SXCB
[00:40:22] [20/296] BAHS
[00:40:23] [21/296] PCBI
[00:40:23] [22/296] PSSM
[00:40:24] [23/296] RCOK
[00:40:24] [24/296] SCPF
[00:40:25] [25/296] SSAS
[00:40:25] [26/296] EVMM
[00:40:26] [27/296] SYCB
[00:40:26] [28/296] GCKI
[00:40:27] [29/296] IAET
[00:40:27] [30/296] DDTD
[00:40:28] [31/296] GMDH
[00:40:28] [32/296] STLE
[00:40:29] [33/296] JTRA
[00:40:30] [34/296] RPPA
[00:40:30] [35/296] ARUT
[00:40:31] [36/296] JTVM
[00:40:32] [37/296] SWRH
[00:40:33] [38/296] DCPC
[00:40:33] [39/296] RAPR
[00:40:34] [40/296] GCRT
[00:40:34] [41/296] ATUN
[00:40:35] [42/296] LTRM
[00:40:35] [43/296] TASR
[00:40:36] [44/296] RLLC
[00:40:36] [45/296] MABI
[00:40:37] [46/296] SVHB
[00:40:38] [47/296] NVTB
[00:40:38] [48/296] KCKG
[00:40:39] [49/296] SSRN
[00:40:39] [50/296] VDDC
[00:40:40] [51/296] GKTK
[00:40:40] [52/296] YFSN
[00:40:41] [53/296] GCSG
[00:40:42] [54/296] ESSM
[00:40:42] [55/296] KRIH
[00:40:43] [56/296] GCDS
[00:40:43] [57/296] CCSH
[00:40:44] [58/296] ACSK
[00:40:45] [59/296] APRK
[00:40:45] [60/296] ADKM
[00:40:46] [61/296] SRDM
[00:40:46] [62/296] RMOG
[00:40:47] [63/296] SJMY
[00:40:48] [64/296] PGGC
[00:40:48] [65/296] INGM
[00:40:49] [66/296] LSCB
[00:40:49] [67/296] STAD
[00:40:50] [68/296] MCCR
[00:40:50] [69/296] ABCC
[00:40:51] [70/296] RKCC
[00:40:51] [71/296] RTCR
[00:40:52] [72/296] GGBC
[00:40:52] [73/296] GCSD
[00:40:53] [74/296] LPTY
[00:40:53] [75/296] MCFD
[00:40:54] [76/296] HENN
[00:40:55] [77/296] SMKU
[00:40:55] [78/296] TNZC
[00:40:56] [79/296] DRCD
[00:40:56] [80/296] DLCD
[00:40:57] [81/296] RCDA
[00:40:57] [82/296] COSM
[00:40:58] [83/296] MCMJ
[00:40:58] [84/296] CSTR
[00:40:59] [85/296] CVDK
[00:40:59] [86/296] INRR
[00:41:00] [87/296] RJRT
[00:41:01] [88/296] IRMR
[00:41:01] [89/296] SRCF
[00:41:02] [90/296] GRCR
[00:41:02] [91/296] SURC
[00:41:03] [92/296] NMNH
[00:41:03] [93/296] SVBL
[00:41:04] [94/296] KACI
[00:41:04] [95/296] TDGO
[00:41:05] [96/296] KTBR
[00:41:06] [97/296] PMAD
[00:41:06] [98/296] CCPN
[00:41:07] [99/296] SBTK
[00:41:07] [100/296] LMDK
[00:41:08] [101/296] PGDA
[00:41:08] [102/296] SRML
[00:41:09] [103/296] EVCK
[00:41:11] [104/296] RTTK
[00:41:11] [105/296] SRTU
[00:41:12] [106/296] VRSA
[00:41:13] [107/296] VARS
[00:41:13] [108/296] DSCZ
[00:41:14] [109/296] GAGA
[00:41:15] [110/296] SARV
[00:41:16] [111/296] SEEG
[00:41:17] [112/296] GLCA
[00:41:18] [113/296] APAS
[00:41:19] [114/296] VCIA
[00:41:19] [115/296] SJTA
[00:41:20] [116/296] SABM
[00:41:21] [117/296] PPAG
[00:41:22] [118/296] RVCA
[00:41:23] [119/296] CCIA
[00:41:24] [120/296] HTAG
[00:41:25] [121/296] SMBI
[00:41:26] [122/296] MCJR
[00:41:27] [123/296] CCJR
[00:41:28] [124/296] SINF
[00:41:29] [125/296] CPLX
[00:41:30] [126/296] KKTJ
[00:41:31] [127/296] GDBW
[00:41:32] [128/296] CSUB
[00:41:34] [129/296] DABA
[00:41:34] [130/296] TITR
[00:41:35] [131/296] NYCR
[00:41:36] [132/296] RTRY
[00:41:36] [133/296] JTJL
[00:41:37] [134/296] SJCP
[00:41:38] [135/296] KCCA
[00:41:39] [136/296] MLPG
[00:41:40] [137/296] VRCK
[00:41:40] [138/296] SRIN
[00:41:41] [139/296] CXMK
[00:41:42] [140/296] SKAD
[00:41:43] [141/296] AVTR
[00:41:44] [142/296] PTAJ
[00:41:45] [143/296] SCNK
[00:41:45] [144/296] STTI
[00:41:46] [145/296] KACR
[00:41:48] [146/296] SSDX
[00:41:49] [147/296] VRTJ
[00:41:49] [148/296] RAJD
[00:41:49] [149/296] SCIP
[00:41:50] [150/296] RJSL
[00:41:51] [151/296] ARRS
[00:41:52] [152/296] ASMS
[00:41:53] [153/296] RDTS
[00:41:54] [154/296] DVMY
[00:41:55] [155/296] RASA
[00:41:56] [156/296] INOM
[00:41:56] [157/296] SPRS
[00:41:57] [158/296] SGCS
[00:41:58] [159/296] SALM
[00:41:59] [160/296] PKHC
[00:41:59] [161/296] RCSV
[00:42:00] [162/296] CPKC
[00:42:01] [163/296] AACD
[00:42:02] [164/296] GGCV
[00:42:03] [165/296] SMKD
[00:42:04] [166/296] NBCH
[00:42:05] [167/296] AMCB
[00:42:06] [168/296] OPCN
[00:42:06] [169/296] DCIN
[00:42:07] [170/296] INGW
[00:42:08] [171/296] PKKW
[00:42:09] [172/296] FNGW
[00:42:11] [173/296] GCGD
[00:42:11] [174/296] MSTW
[00:42:12] [175/296] KCCG
[00:42:12] [176/296] MRSS
[00:42:13] [177/296] CLCF
[00:42:14] [178/296] EETS
[00:42:15] [179/296] AATR
[00:42:15] [180/296] CMMN
[00:42:16] [181/296] SCCJ
[00:42:17] [182/296] CDTK
[00:42:18] [183/296] AICP
[00:42:19] [184/296] FNBP
[00:42:19] [185/296] CBPB
[00:42:20] [186/296] CPAS
[00:42:21] [187/296] MAPM
[00:42:22] [188/296] PASD
[00:42:22] [189/296] JCMN
[00:42:23] [190/296] MALB
[00:42:24] [191/296] SACG
[00:42:25] [192/296] DDRX
[00:42:26] [193/296] DDXB
[00:42:26] [194/296] RAMC
[00:42:28] [195/296] SANC
[00:42:28] [196/296] BCBP
[00:42:29] [197/296] ALPC
[00:42:30] [198/296] RBAC
[00:42:31] [199/296] RAJL
[00:42:32] [200/296] MPDX
[00:42:32] [201/296] MUSC
[00:42:33] [202/296] VKMK
[00:42:34] [203/296] SKCG
[00:42:36] [204/296] ANCN
[00:42:36] [205/296] MMCJ
[00:42:37] [206/296] DCAK
[00:42:39] [207/296] SCKG
[00:42:39] [208/296] LMCK
[00:42:40] [209/296] CKKX
[00:42:40] [210/296] ANKU
[00:42:41] [211/296] CSMD
[00:42:42] [212/296] MKMP
[00:42:43] [213/296] SVBG
[00:42:44] [214/296] ROOP
[00:42:44] [215/296] GDMT
[00:42:45] [216/296] FPPF
[00:42:46] [217/296] SFUU
[00:42:47] [218/296] ANCB
[00:42:48] [219/296] SMMC
[00:42:48] [220/296] UGKT
[00:42:49] [221/296] JVRM
[00:42:50] [222/296] BATG
[00:42:51] [223/296] RATE
[00:42:53] [224/296] SKME
[00:42:53] [225/296] LMTP
[00:42:54] [226/296] TCBD
[00:42:55] [227/296] ESBD
[00:42:55] [228/296] GDCU
[00:42:56] [229/296] SNKT
[00:42:56] [230/296] SRNK
[00:42:57] [231/296] SMED
[00:42:58] [232/296] CSQS
[00:42:59] [233/296] ALCS
[00:43:00] [234/296] KCKN
[00:43:00] [235/296] VCCL
[00:43:01] [236/296] MCDA
[00:43:02] [237/296] SHMI
[00:43:04] [238/296] SKHA
[00:43:04] [239/296] SVFK
[00:43:05] [240/296] INVB
[00:43:06] [241/296] MELD
[00:43:07] [242/296] JTYS
[00:43:07] [243/296] INCM
[00:43:08] [244/296] MCDV
[00:43:09] [245/296] KSGK
[00:43:10] [246/296] ICMG
[00:43:10] [247/296] CSCV
[00:43:11] [248/296] STMD
[00:43:12] [249/296] STTR
[00:43:13] [250/296] INVC
[00:43:14] [251/296] JTBL
[00:43:15] [252/296] SRVV
[00:43:15] [253/296] MAVC
[00:43:17] [254/296] SRPP
[00:43:18] [255/296] JGDM
[00:43:19] [256/296] MBSJ
[00:43:20] [257/296] SSLL
[00:43:20] [258/296] SLKP
[00:43:21] [259/296] NSRV
[00:43:22] [260/296] UTDV
[00:43:23] [261/296] KICM
[00:43:24] [262/296] KCMD
[00:43:25] [263/296] TTPP
[00:43:25] [264/296] KMPV
[00:43:27] [265/296] SKTV
[00:43:29] [266/296] STCV
[00:43:29] [267/296] SRDA
[00:43:30] [268/296] JTSX
[00:43:31] [269/296] STBV
[00:43:32] [270/296] APVZ
[00:43:32] [271/296] GSTV
[00:43:33] [272/296] NMVS
[00:43:34] [273/296] SKRT
[00:43:34] [274/296] RMDV
[00:43:35] [275/296] RATG
[00:43:36] [276/296] SJYV
[00:43:37] [277/296] NDGP
[00:43:38] [278/296] SNDG
[00:43:38] [279/296] INSR
[00:43:40] [280/296] INSO
[00:43:41] [281/296] CCSI
[00:43:42] [282/296] RASM
[00:43:42] [283/296] NEWC
[00:43:43] [284/296] VSHL
[00:43:44] [285/296] BISW
[00:43:45] [286/296] GCNG
[00:43:45] [287/296] CWSC
[00:43:46] [288/296] SKAN
[00:43:47] [289/296] SEHP
[00:43:48] [290/296] CCOA
[00:43:50] [291/296] MCAJ
[00:43:50] [292/296] ACDE
[00:43:51] [293/296] AACM
[00:43:52] [294/296] JJCK
[00:43:53] [295/296] RCMO
[00:43:54] [296/296] GDAW
[00:43:54] ✅ DONE | Shows=0 | Movies=0
