[00:40:21] 🚀 BMS DAILY TRACKER STARTED
[00:40:21] [1/459] FNDB
[00:40:21] 🧠 New identity
[00:40:22] [2/459] AMBH
[00:40:22] [3/459] PRHN
[00:40:23] [4/459] ACPM
[00:40:23] [5/459] PVFS
[00:40:24] [6/459] AACN
[00:40:24] [7/459] ACAS
[00:40:25] [8/459] CTNR
[00:40:26] [9/459] MMAH
[00:40:27] [10/459] CPMH
[00:40:27] [11/459] IGMH
[00:40:28] [12/459] ABCS
[00:40:28] [13/459] CMMA
[00:40:29] [14/459] GPRH
[00:40:30] [15/459] PNNG
[00:40:30] [16/459] AMCA
[00:40:31] [17/459] ISTN
[00:40:31] [18/459] PIIC
[00:40:32] [19/459] AHMH
[00:40:32] [20/459] ASHN
[00:40:33] [21/459] INHY
[00:40:34] [22/459] SRMO
[00:40:34] [23/459] PIMH
[00:40:35] [24/459] PVTS
[00:40:36] [25/459] MMCA
[00:40:36] [26/459] AKYJ
[00:40:36] [27/459] BRKH
[00:40:37] [28/459] MAHM
[00:40:38] [29/459] CPHY
[00:40:38] [30/459] PVTP
[00:40:39] [31/459] SMMR
[00:40:39] [32/459] PVHM
[00:40:40] [33/459] SNDY
[00:40:40] [34/459] GOKU
[00:40:41] [35/459] ACEV
[00:40:41] [36/459] PVUM
[00:40:42] [37/459] VSWA
[00:40:42] [38/459] IPRS
[00:40:43] [39/459] ASGN
[00:40:43] [40/459] BKMV
[00:40:44] [41/459] PVYH
[00:40:44] [42/459] INKM
[00:40:45] [43/459] ARJU
[00:40:45] [44/459] JJPP
[00:40:46] [45/459] SSRM
[00:40:46] [46/459] HMHD
[00:40:47] [47/459] SNKH
[00:40:48] [48/459] ACHI
[00:40:49] [49/459] MRAA
[00:40:49] [50/459] INMH
[00:40:50] [51/459] ARMH
[00:40:50] [52/459] DVRR
[00:40:51] [53/459] SUDA
[00:40:51] [54/459] MCSS
[00:40:52] [55/459] VRKC
[00:40:52] [56/459] PRCX
[00:40:53] [57/459] ASJY
[00:40:53] [58/459] MTHY
[00:40:54] [59/459] SRCM
[00:40:54] [60/459] TVHY
[00:40:55] [61/459] STHD
[00:40:55] [62/459] CPCL
[00:40:56] [63/459] PSMJ
[00:40:56] [64/459] MRGT
[00:40:57] [65/459] ARYH
[00:40:57] [66/459] VTRB
[00:40:58] [67/459] SCHC
[00:40:58] [68/459] MRRG
[00:40:59] [69/459] SPCB
[00:40:59] [70/459] AMCM
[00:41:00] [71/459] IVNM
[00:41:00] [72/459] TRHY
[00:41:01] [73/459] PTTH
[00:41:01] [74/459] RKMH
[00:41:02] [75/459] PRCS
[00:41:03] [76/459] VAJA
[00:41:03] [77/459] BJNG
[00:41:04] [78/459] SCVM
[00:41:04] [79/459] GNHB
[00:41:05] [80/459] TLUR
[00:41:05] [81/459] UKCC
[00:41:06] [82/459] SRKR
[00:41:06] [83/459] RMKN
[00:41:07] [84/459] SLRT
[00:41:07] [85/459] LKMT
[00:41:08] [86/459] SSRJ
[00:41:08] [87/459] SPHT
[00:41:09] [88/459] ANTT
[00:41:10] [89/459] SRCH
[00:41:10] [90/459] SRCA
[00:41:11] [91/459] ARTH
[00:41:12] [92/459] MCBH
[00:41:12] [93/459] SNIB
[00:41:13] [94/459] SART
[00:41:14] [95/459] SKTA
[00:41:14] [96/459] YAKT
[00:41:15] [97/459] MLCK
[00:41:15] [98/459] ANTS
[00:41:16] [99/459] DGCA
[00:41:17] [100/459] SGMP
[00:41:17] [101/459] ASWN
[00:41:18] [102/459] KFVU
[00:41:18] [103/459] POOR
[00:41:19] [104/459] GKDN
[00:41:20] [105/459] EOSE
[00:41:20] [106/459] GTTT
[00:41:21] [107/459] ARRO
[00:41:21] [108/459] CMMK
[00:41:22] [109/459] MSCN
[00:41:22] [110/459] GDKH
[00:41:23] [111/459] DLMT
[00:41:24] [112/459] PVMF
[00:41:24] [113/459] CPCK
[00:41:25] [114/459] VMHE
[00:41:25] [115/459] PVLC
[00:41:26] [116/459] PCVB
[00:41:26] [117/459] SNYK
[00:41:27] [118/459] KTEK
[00:41:27] [119/459] PCNM
[00:41:28] [120/459] NTTR
[00:41:28] [121/459] CPSK
[00:41:29] [122/459] JMMA
[00:41:30] [123/459] GCFK
[00:41:30] [124/459] MYCA
[00:41:31] [125/459] KSNP
[00:41:31] [126/459] PMCE
[00:41:32] [127/459] SCKI
[00:41:33] [128/459] FSMA
[00:41:33] [129/459] CETA
[00:41:34] [130/459] MCIK
[00:41:35] [131/459] MYCR
[00:41:36] [132/459] EVMP
[00:41:37] [133/459] SSGT
[00:41:38] [134/459] KCTK
[00:41:39] [135/459] ZTKC
[00:41:40] [136/459] MMTA
[00:41:41] [137/459] MAJT
[00:41:42] [138/459] ACPK
[00:41:44] [139/459] JMAX
[00:41:44] [140/459] SETK
[00:41:45] [141/459] CAIS
[00:41:46] [142/459] AGCD
[00:41:47] [143/459] URCL
[00:41:47] [144/459] VTDS
[00:41:48] [145/459] JCNM
[00:41:49] [146/459] KCAM
[00:41:50] [147/459] ADCU
[00:41:51] [148/459] GXYN
[00:41:52] [149/459] SMJG
[00:41:53] [150/459] EYCJ
[00:41:54] [151/459] CCEJ
[00:41:54] [152/459] MARS
[00:41:55] [153/459] CPVJ
[00:41:56] [154/459] INVP
[00:41:57] [155/459] CPOV
[00:41:58] [156/459] VIJK
[00:41:59] [157/459] LAIM
[00:41:59] [158/459] STHV
[00:42:00] [159/459] SVLJ
[00:42:01] [160/459] ATVJ
[00:42:02] [161/459] JTSC
[00:42:02] [162/459] RMTV
[00:42:03] [163/459] MGGG
[00:42:04] [164/459] SWTH
[00:42:06] [165/459] INVJ
[00:42:06] [166/459] PRSV
[00:42:07] [167/459] JATV
[00:42:08] [168/459] RCVD
[00:42:09] [169/459] BDMA
[00:42:10] [170/459] BLJI
[00:42:11] [171/459] SWOT
[00:42:11] [172/459] SWRN
[00:42:12] [173/459] TVRA
[00:42:13] [174/459] VCSV
[00:42:14] [175/459] NVRN
[00:42:15] [176/459] SIKC
[00:42:15] [177/459] VAKR
[00:42:16] [178/459] SYLN
[00:42:17] [179/459] KLJL
[00:42:18] [180/459] LKMY
[00:42:19] [181/459] VSLY
[00:42:19] [182/459] CIKO
[00:42:20] [183/459] GPBG
[00:42:21] [184/459] CECM
[00:42:22] [185/459] SLKB
[00:42:23] [186/459] MTBO
[00:42:23] [187/459] SSHB
[00:42:24] [188/459] VPCS
[00:42:25] [189/459] RCSR
[00:42:26] [190/459] RJRM
[00:42:27] [191/459] KPPB
[00:42:27] [192/459] SEDC
[00:42:28] [193/459] SCAI
[00:42:29] [194/459] RMTR
[00:42:30] [195/459] ASST
[00:42:30] [196/459] GCAK
[00:42:31] [197/459] ANNK
[00:42:32] [198/459] KDDF
[00:42:33] [199/459] NRDP
[00:42:34] [200/459] PLAK
[00:42:35] [201/459] GCMC
[00:42:35] [202/459] ALPY
[00:42:37] [203/459] SICE
[00:42:37] [204/459] SISR
[00:42:38] [205/459] SRPZ
[00:42:39] [206/459] SRSW
[00:42:40] [207/459] SUYA
[00:42:41] [208/459] AMMT
[00:42:41] [209/459] BHCU
[00:42:42] [210/459] KLPA
[00:42:43] [211/459] NVKH
[00:42:44] [212/459] JMRC
[00:42:44] [213/459] KTTT
[00:42:45] [214/459] MAGH
[00:42:46] [215/459] MMMX
[00:42:47] [216/459] SALJ
[00:42:48] [217/459] GTJA
[00:42:49] [218/459] MAHT
[00:42:50] [219/459] SSNN
[00:42:51] [220/459] ARRP
[00:42:51] [221/459] ATNS
[00:42:52] [222/459] SKDT
[00:42:53] [223/459] ACAT
[00:42:54] [224/459] APRC
[00:42:55] [225/459] SWAG
[00:42:55] [226/459] SDPT
[00:42:56] [227/459] STPS
[00:42:57] [228/459] WWCZ
[00:42:58] [229/459] LLCH
[00:42:58] [230/459] MZHA
[00:42:59] [231/459] CRJG
[00:43:00] [232/459] JGTK
[00:43:01] [233/459] KCSR
[00:43:02] [234/459] CHTL
[00:43:03] [235/459] EDSR
[00:43:03] [236/459] CSWO
[00:43:04] [237/459] CPVM
[00:43:05] [238/459] MXBY
[00:43:06] [239/459] FMMA
[00:43:06] [240/459] POVI
[00:43:07] [241/459] MTHB
[00:43:08] [242/459] INRC
[00:43:09] [243/459] PIPP
[00:43:10] [244/459] BMXC
[00:43:10] [245/459] PCMM
[00:43:11] [246/459] PMKM
[00:43:12] [247/459] GATY
[00:43:13] [248/459] IMCM
[00:43:14] [249/459] POPE
[00:43:15] [250/459] MTCR
[00:43:16] [251/459] PVAE
[00:43:16] [252/459] PVMI
[00:43:17] [253/459] CPNM
[00:43:18] [254/459] FMRL
[00:43:18] [255/459] MCIW
[00:43:20] [256/459] MXBO
[00:43:20] [257/459] FMKY
[00:43:21] [258/459] FMDA
[00:43:22] [259/459] THAB
[00:43:23] [260/459] PRCW
[00:43:23] [261/459] PITI
[00:43:24] [262/459] MCFF
[00:43:25] [263/459] PDDV
[00:43:26] [264/459] MCRM
[00:43:27] [265/459] KKMB
[00:43:27] [266/459] INKO
[00:43:28] [267/459] PLXP
[00:43:29] [268/459] MMHA
[00:43:30] [269/459] FMVS
[00:43:31] [270/459] POLM
[00:43:32] [271/459] STER
[00:43:33] [272/459] PVWJ
[00:43:33] [273/459] IMJW
[00:43:34] [274/459] FNAN
[00:43:35] [275/459] CAGL
[00:43:36] [276/459] IPBG
[00:43:37] [277/459] SMFV
[00:43:38] [278/459] MMMR
[00:43:38] [279/459] MMWM
[00:43:39] [280/459] FNCM
[00:43:40] [281/459] MDVA
[00:43:41] [282/459] MMET
[00:43:42] [283/459] MIDO
[00:43:42] [284/459] INNP
[00:43:43] [285/459] MIFU
[00:43:44] [286/459] MMSZ
[00:43:45] [287/459] BMXA
[00:43:45] [288/459] MCAA
[00:43:47] [289/459] SCVP
[00:43:48] [290/459] PLUS
[00:43:48] [291/459] MUCK
[00:43:49] [292/459] MTMA
[00:43:49] [293/459] HPVR
[00:43:50] [294/459] PMPK
[00:43:51] [295/459] MAJB
[00:43:52] [296/459] CTRR
[00:43:53] [297/459] MCTG
[00:43:53] [298/459] MACE
[00:43:55] [299/459] AAAS
[00:43:56] [300/459] CPVV
[00:43:57] [301/459] RCHG
[00:43:57] [302/459] MCNE
[00:43:59] [303/459] EMNC
[00:44:00] [304/459] MCAN
[00:44:00] [305/459] TCDM
[00:44:01] [306/459] IRGT
[00:44:02] [307/459] GCMG
[00:44:03] [308/459] MXSN
[00:44:04] [309/459] MXCK
[00:44:04] [310/459] MCRC
[00:44:05] [311/459] RSMI
[00:44:06] [312/459] WAML
[00:44:07] [313/459] MTSC
[00:44:07] [314/459] FMDR
[00:44:08] [315/459] LEPV
[00:44:09] [316/459] MTGD
[00:44:11] [317/459] IMOB
[00:44:11] [318/459] CLMM
[00:44:12] [319/459] PZCD
[00:44:12] [320/459] GOCS
[00:44:13] [321/459] KCMA
[00:44:14] [322/459] CCMP
[00:44:15] [323/459] MTSU
[00:44:15] [324/459] SNGL
[00:44:17] [325/459] MMMC
[00:44:18] [326/459] MMAA
[00:44:19] [327/459] GCDM
[00:44:19] [328/459] KTMV
[00:44:21] [329/459] AETE
[00:44:22] [330/459] OMCS
[00:44:22] [331/459] GDCD
[00:44:24] [332/459] NYMD
[00:44:25] [333/459] RNCV
[00:44:25] [334/459] KKMT
[00:44:26] [335/459] GDTH
[00:44:27] [336/459] KMMV
[00:44:27] [337/459] NHCG
[00:44:28] [338/459] PJDW
[00:44:30] [339/459] MMCV
[00:44:30] [340/459] FQSA
[00:44:31] [341/459] KURL
[00:44:31] [342/459] NNNX
[00:44:32] [343/459] AMAU
[00:44:33] [344/459] VVVM
[00:44:33] [345/459] VECU
[00:44:34] [346/459] WCVR
[00:44:35] [347/459] MTGG
[00:44:36] [348/459] SGTG
[00:44:36] [349/459] MNTG
[00:44:37] [350/459] JDDG
[00:44:38] [351/459] MBTK
[00:44:39] [352/459] SGCD
[00:44:39] [353/459] MCTC
[00:44:40] [354/459] JTPC
[00:44:41] [355/459] SDKT
[00:44:42] [356/459] KRCC
[00:44:43] [357/459] RMMD
[00:44:44] [358/459] AAME
[00:44:44] [359/459] TMWC
[00:44:45] [360/459] NRWY
[00:44:46] [361/459] CITD
[00:44:47] [362/459] VERD
[00:44:48] [363/459] MKSK
[00:44:48] [364/459] STSM
[00:44:49] [365/459] MJDG
[00:44:50] [366/459] RKPM
[00:44:51] [367/459] SSCE
[00:44:52] [368/459] VMAE
[00:44:52] [369/459] SBRU
[00:44:53] [370/459] AMBC
[00:44:54] [371/459] AMLU
[00:44:55] [372/459] INVZ
[00:44:56] [373/459] LGTV
[00:44:57] [374/459] SVAD
[00:44:57] [375/459] SMSA
[00:44:58] [376/459] SPCZ
[00:44:59] [377/459] GTCX
[00:45:00] [378/459] SCSL
[00:45:01] [379/459] SAHU
[00:45:02] [380/459] NCDA
[00:45:03] [381/459] SCCG
[00:45:04] [382/459] VKTL
[00:45:05] [383/459] PUUJ
[00:45:06] [384/459] STEJ
[00:45:06] [385/459] RJAL
[00:45:07] [386/459] ACJC
[00:45:08] [387/459] VTHC
[00:45:09] [388/459] ARVB
[00:45:10] [389/459] AUBB
[00:45:10] [390/459] GDBR
[00:45:11] [391/459] PVND
[00:45:12] [392/459] BGRJ
[00:45:13] [393/459] RJMM
[00:45:14] [394/459] MCSA
[00:45:14] [395/459] BODA
[00:45:15] [396/459] JAGG
[00:45:17] [397/459] SCGA
[00:45:17] [398/459] LRCM
[00:45:18] [399/459] CPCN
[00:45:19] [400/459] SSTF
[00:45:19] [401/459] SRXP
[00:45:20] [402/459] CNFX
[00:45:21] [403/459] ANDI
[00:45:22] [404/459] SYEW
[00:45:23] [405/459] RCRE
[00:45:23] [406/459] SCRW
[00:45:24] [407/459] MBKR
[00:45:25] [408/459] ASNT
[00:45:26] [409/459] JTMT
[00:45:26] [410/459] SHAY
[00:45:28] [411/459] VRTH
[00:45:29] [412/459] SPTI
[00:45:30] [413/459] DPTD
[00:45:31] [414/459] TGSN
[00:45:31] [415/459] RCWV
[00:45:32] [416/459] OCUR
[00:45:33] [417/459] KSTC
[00:45:33] [418/459] SANI
[00:45:34] [419/459] MLCA
[00:45:35] [420/459] EGCA
[00:45:36] [421/459] SYSN
[00:45:37] [422/459] PKTA
[00:45:37] [423/459] PRCC
[00:45:38] [424/459] KSTR
[00:45:40] [425/459] SNTP
[00:45:41] [426/459] RCHA
[00:45:41] [427/459] SEEA
[00:45:43] [428/459] ALAT
[00:45:44] [429/459] AATV
[00:45:44] [430/459] RJTE
[00:45:45] [431/459] AAPP
[00:45:46] [432/459] PMMH
[00:45:47] [433/459] INRJ
[00:45:47] [434/459] SARB
[00:45:48] [435/459] PCJL
[00:45:50] [436/459] PFJJ
[00:45:51] [437/459] GRDC
[00:45:51] [438/459] BCBA
[00:45:52] [439/459] VIXL
[00:45:53] [440/459] CSTL
[00:45:54] [441/459] MTDK
[00:45:54] [442/459] TDAC
[00:45:56] [443/459] GTDN
[00:45:56] [444/459] TTDE
[00:45:57] [445/459] ASTS
[00:45:58] [446/459] CPNS
[00:45:59] [447/459] PVVW
[00:45:59] [448/459] USEB
[00:46:00] [449/459] DTYN
[00:46:01] [450/459] PVLE
[00:46:02] [451/459] CIPS
[00:46:03] [452/459] PAEG
[00:46:04] [453/459] PTCW
[00:46:05] [454/459] G3SR
[00:46:06] [455/459] PGND
[00:46:07] [456/459] INVM
[00:46:08] [457/459] SPIA
[00:46:09] [458/459] PCSN
[00:46:09] [459/459] PPGV
[00:46:10] ✅ DONE | Shows=0 | Movies=0
[01:43:46] 🚀 BMS DAILY TRACKER STARTED
[01:43:46] [1/459] FNDB
[01:43:46] 🧠 New identity
[01:43:47] [2/459] AMBH
[01:43:48] [3/459] PRHN
[01:43:49] [4/459] ACPM
[01:43:49] [5/459] PVFS
[01:43:50] [6/459] AACN
[01:43:51] [7/459] ACAS
[01:43:52] [8/459] CTNR
[01:43:53] [9/459] MMAH
[01:43:54] [10/459] CPMH
[01:43:55] [11/459] IGMH
[01:43:56] [12/459] ABCS
[01:43:56] [13/459] CMMA
[01:43:57] [14/459] GPRH
[01:43:58] [15/459] PNNG
[01:43:59] [16/459] AMCA
[01:44:00] [17/459] ISTN
[01:44:01] [18/459] PIIC
[01:44:02] [19/459] AHMH
[01:44:03] [20/459] ASHN
[01:44:04] [21/459] INHY
[01:44:05] [22/459] SRMO
[01:44:06] [23/459] PIMH
[01:44:06] [24/459] PVTS
[01:44:07] [25/459] MMCA
[01:44:08] [26/459] AKYJ
[01:44:09] [27/459] BRKH
[01:44:10] [28/459] MAHM
[01:44:11] [29/459] CPHY
[01:44:12] [30/459] PVTP
[01:44:13] [31/459] SMMR
[01:44:13] [32/459] PVHM
[01:44:14] [33/459] SNDY
[01:44:15] [34/459] GOKU
[01:44:16] [35/459] ACEV
[01:44:17] [36/459] PVUM
[01:44:18] [37/459] VSWA
[01:44:19] [38/459] IPRS
[01:44:20] [39/459] ASGN
[01:44:20] [40/459] BKMV
[01:44:21] [41/459] PVYH
[01:44:22] [42/459] INKM
[01:44:24] [43/459] ARJU
[01:44:25] [44/459] JJPP
[01:44:25] [45/459] SSRM
[01:44:26] [46/459] HMHD
[01:44:27] [47/459] SNKH
[01:44:28] [48/459] ACHI
[01:44:30] [49/459] MRAA
[01:44:31] [50/459] INMH
[01:44:32] [51/459] ARMH
[01:44:32] [52/459] DVRR
[01:44:33] [53/459] SUDA
[01:44:34] [54/459] MCSS
[01:44:35] [55/459] VRKC
[01:44:36] [56/459] PRCX
[01:44:37] [57/459] ASJY
[01:44:38] [58/459] MTHY
[01:44:39] [59/459] SRCM
[01:44:40] [60/459] TVHY
[01:44:41] [61/459] STHD
[01:44:41] [62/459] CPCL
[01:44:42] [63/459] PSMJ
[01:44:43] [64/459] MRGT
[01:44:44] [65/459] ARYH
[01:44:44] [66/459] VTRB
[01:44:45] [67/459] SCHC
[01:44:46] [68/459] MRRG
[01:44:47] [69/459] SPCB
[01:44:48] [70/459] AMCM
[01:44:49] [71/459] IVNM
[01:44:50] [72/459] TRHY
[01:44:51] [73/459] PTTH
[01:44:52] [74/459] RKMH
[01:44:52] [75/459] PRCS
[01:44:53] [76/459] VAJA
[01:44:54] [77/459] BJNG
[01:44:55] [78/459] SCVM
[01:44:56] [79/459] GNHB
[01:44:57] [80/459] TLUR
[01:44:58] [81/459] UKCC
[01:44:58] [82/459] SRKR
[01:44:59] [83/459] RMKN
[01:45:00] [84/459] SLRT
[01:45:01] [85/459] LKMT
[01:45:02] [86/459] SSRJ
[01:45:03] [87/459] SPHT
[01:45:03] [88/459] ANTT
[01:45:04] [89/459] SRCH
[01:45:05] [90/459] SRCA
[01:45:06] [91/459] ARTH
[01:45:07] [92/459] MCBH
[01:45:08] [93/459] SNIB
[01:45:08] [94/459] SART
[01:45:10] [95/459] SKTA
[01:45:11] [96/459] YAKT
[01:45:11] [97/459] MLCK
[01:45:12] [98/459] ANTS
[01:45:13] [99/459] DGCA
[01:45:14] [100/459] SGMP
[01:45:15] [101/459] ASWN
[01:45:16] [102/459] KFVU
[01:45:17] [103/459] POOR
[01:45:18] [104/459] GKDN
[01:45:19] [105/459] EOSE
[01:45:20] [106/459] GTTT
[01:45:21] [107/459] ARRO
[01:45:22] [108/459] CMMK
[01:45:22] [109/459] MSCN
[01:45:23] [110/459] GDKH
[01:45:24] [111/459] DLMT
[01:45:25] [112/459] PVMF
[01:45:25] [113/459] CPCK
[01:45:27] [114/459] VMHE
[01:45:27] [115/459] PVLC
[01:45:29] [116/459] PCVB
[01:45:30] [117/459] SNYK
[01:45:30] [118/459] KTEK
[01:45:31] [119/459] PCNM
[01:45:32] [120/459] NTTR
[01:45:33] [121/459] CPSK
[01:45:34] [122/459] JMMA
[01:45:35] [123/459] GCFK
[01:45:35] [124/459] MYCA
[01:45:37] [125/459] KSNP
[01:45:38] [126/459] PMCE
[01:45:39] [127/459] SCKI
[01:45:40] [128/459] FSMA
[01:45:41] [129/459] CETA
[01:45:42] [130/459] MCIK
[01:45:42] [131/459] MYCR
[01:45:43] [132/459] EVMP
[01:45:44] [133/459] SSGT
[01:45:45] [134/459] KCTK
[01:45:46] [135/459] ZTKC
[01:45:47] [136/459] MMTA
[01:45:48] [137/459] MAJT
[01:45:49] [138/459] ACPK
[01:45:50] [139/459] JMAX
[01:45:50] [140/459] SETK
[01:45:51] [141/459] CAIS
[01:45:52] [142/459] AGCD
[01:45:53] [143/459] URCL
[01:45:53] [144/459] VTDS
[01:45:54] [145/459] JCNM
[01:45:55] [146/459] KCAM
[01:45:56] [147/459] ADCU
[01:45:57] [148/459] GXYN
[01:45:58] [149/459] SMJG
[01:45:59] [150/459] EYCJ
[01:45:59] [151/459] CCEJ
[01:46:00] [152/459] MARS
[01:46:01] [153/459] CPVJ
[01:46:03] [154/459] INVP
[01:46:04] [155/459] CPOV
[01:46:05] [156/459] VIJK
[01:46:06] [157/459] LAIM
[01:46:07] [158/459] STHV
[01:46:08] [159/459] SVLJ
[01:46:09] [160/459] ATVJ
[01:46:10] [161/459] JTSC
[01:46:11] [162/459] RMTV
[01:46:12] [163/459] MGGG
[01:46:13] [164/459] SWTH
[01:46:13] [165/459] INVJ
[01:46:14] [166/459] PRSV
[01:46:15] [167/459] JATV
[01:46:16] [168/459] RCVD
[01:46:17] [169/459] BDMA
[01:46:17] [170/459] BLJI
[01:46:18] [171/459] SWOT
[01:46:19] [172/459] SWRN
[01:46:20] [173/459] TVRA
[01:46:21] [174/459] VCSV
[01:46:22] [175/459] NVRN
[01:46:22] [176/459] SIKC
[01:46:23] [177/459] VAKR
[01:46:24] [178/459] SYLN
[01:46:25] [179/459] KLJL
[01:46:27] [180/459] LKMY
[01:46:27] [181/459] VSLY
[01:46:28] [182/459] CIKO
[01:46:29] [183/459] GPBG
[01:46:30] [184/459] CECM
[01:46:31] [185/459] SLKB
[01:46:32] [186/459] MTBO
[01:46:33] [187/459] SSHB
[01:46:34] [188/459] VPCS
[01:46:34] [189/459] RCSR
[01:46:35] [190/459] RJRM
[01:46:36] [191/459] KPPB
[01:46:37] [192/459] SEDC
[01:46:37] [193/459] SCAI
[01:46:38] [194/459] RMTR
[01:46:39] [195/459] ASST
[01:46:40] [196/459] GCAK
[01:46:41] [197/459] ANNK
[01:46:42] [198/459] KDDF
[01:46:43] [199/459] NRDP
[01:46:44] [200/459] PLAK
[01:46:44] [201/459] GCMC
[01:46:45] [202/459] ALPY
[01:46:46] [203/459] SICE
[01:46:47] [204/459] SISR
[01:46:48] [205/459] SRPZ
[01:46:49] [206/459] SRSW
[01:46:49] [207/459] SUYA
[01:46:50] [208/459] AMMT
[01:46:51] [209/459] BHCU
[01:46:51] [210/459] KLPA
[01:46:52] [211/459] NVKH
[01:46:53] [212/459] JMRC
[01:46:54] [213/459] KTTT
[01:46:55] [214/459] MAGH
[01:46:56] [215/459] MMMX
[01:46:56] [216/459] SALJ
[01:46:57] [217/459] GTJA
[01:46:58] [218/459] MAHT
[01:46:59] [219/459] SSNN
[01:47:00] [220/459] ARRP
[01:47:01] [221/459] ATNS
[01:47:01] [222/459] SKDT
[01:47:02] [223/459] ACAT
[01:47:03] [224/459] APRC
[01:47:04] [225/459] SWAG
[01:47:05] [226/459] SDPT
[01:47:06] [227/459] STPS
[01:47:07] [228/459] WWCZ
[01:47:08] [229/459] LLCH
[01:47:09] [230/459] MZHA
[01:47:09] [231/459] CRJG
[01:47:10] [232/459] JGTK
[01:47:11] [233/459] KCSR
[01:47:12] [234/459] CHTL
[01:47:13] [235/459] EDSR
[01:47:14] [236/459] CSWO
[01:47:15] [237/459] CPVM
[01:47:16] [238/459] MXBY
[01:47:16] [239/459] FMMA
[01:47:17] [240/459] POVI
[01:47:18] [241/459] MTHB
[01:47:19] [242/459] INRC
[01:47:20] [243/459] PIPP
[01:47:21] [244/459] BMXC
[01:47:22] [245/459] PCMM
[01:47:24] [246/459] PMKM
[01:47:25] [247/459] GATY
[01:47:25] [248/459] IMCM
[01:47:26] [249/459] POPE
[01:47:27] [250/459] MTCR
[01:47:28] [251/459] PVAE
[01:47:28] [252/459] PVMI
[01:47:29] [253/459] CPNM
[01:47:30] [254/459] FMRL
[01:47:31] [255/459] MCIW
[01:47:32] [256/459] MXBO
[01:47:33] [257/459] FMKY
[01:47:34] [258/459] FMDA
[01:47:35] [259/459] THAB
[01:47:36] [260/459] PRCW
[01:47:37] [261/459] PITI
[01:47:37] [262/459] MCFF
[01:47:38] [263/459] PDDV
[01:47:39] [264/459] MCRM
[01:47:41] [265/459] KKMB
[01:47:42] [266/459] INKO
[01:47:43] [267/459] PLXP
[01:47:43] [268/459] MMHA
[01:47:45] [269/459] FMVS
[01:47:46] [270/459] POLM
[01:47:46] [271/459] STER
[01:47:47] [272/459] PVWJ
[01:47:48] [273/459] IMJW
[01:47:49] [274/459] FNAN
[01:47:50] [275/459] CAGL
[01:47:51] [276/459] IPBG
[01:47:51] [277/459] SMFV
[01:47:52] [278/459] MMMR
[01:47:54] [279/459] MMWM
[01:47:55] [280/459] FNCM
[01:47:56] [281/459] MDVA
[01:47:56] [282/459] MMET
[01:47:57] [283/459] MIDO
[01:47:58] [284/459] INNP
[01:47:59] [285/459] MIFU
[01:48:00] [286/459] MMSZ
[01:48:01] [287/459] BMXA
[01:48:03] [288/459] MCAA
[01:48:04] [289/459] SCVP
[01:48:05] [290/459] PLUS
[01:48:05] [291/459] MUCK
[01:48:06] [292/459] MTMA
[01:48:07] [293/459] HPVR
[01:48:08] [294/459] PMPK
[01:48:08] [295/459] MAJB
[01:48:09] [296/459] CTRR
[01:48:10] [297/459] MCTG
[01:48:12] [298/459] MACE
[01:48:13] [299/459] AAAS
[01:48:14] [300/459] CPVV
[01:48:15] [301/459] RCHG
[01:48:16] [302/459] MCNE
[01:48:17] [303/459] EMNC
[01:48:17] [304/459] MCAN
[01:48:18] [305/459] TCDM
[01:48:19] [306/459] IRGT
[01:48:20] [307/459] GCMG
[01:48:21] [308/459] MXSN
[01:48:22] [309/459] MXCK
[01:48:23] [310/459] MCRC
[01:48:24] [311/459] RSMI
[01:48:25] [312/459] WAML
[01:48:25] [313/459] MTSC
[01:48:26] [314/459] FMDR
[01:48:27] [315/459] LEPV
[01:48:28] [316/459] MTGD
[01:48:29] [317/459] IMOB
[01:48:30] [318/459] CLMM
[01:48:31] [319/459] PZCD
[01:48:31] [320/459] GOCS
[01:48:32] [321/459] KCMA
[01:48:33] [322/459] CCMP
[01:48:34] [323/459] MTSU
[01:48:35] [324/459] SNGL
[01:48:36] [325/459] MMMC
[01:48:36] [326/459] MMAA
[01:48:37] [327/459] GCDM
[01:48:38] [328/459] KTMV
[01:48:39] [329/459] AETE
[01:48:39] [330/459] OMCS
[01:48:40] [331/459] GDCD
[01:48:41] [332/459] NYMD
[01:48:42] [333/459] RNCV
[01:48:43] [334/459] KKMT
[01:48:44] [335/459] GDTH
[01:48:45] [336/459] KMMV
[01:48:46] [337/459] NHCG
[01:48:47] [338/459] PJDW
[01:48:48] [339/459] MMCV
[01:48:49] [340/459] FQSA
[01:48:50] [341/459] KURL
[01:48:51] [342/459] NNNX
[01:48:51] [343/459] AMAU
[01:48:53] [344/459] VVVM
[01:48:54] [345/459] VECU
[01:48:54] [346/459] WCVR
[01:48:55] [347/459] MTGG
[01:48:57] [348/459] SGTG
[01:48:58] [349/459] MNTG
[01:48:59] [350/459] JDDG
[01:49:00] [351/459] MBTK
[01:49:01] [352/459] SGCD
[01:49:02] [353/459] MCTC
[01:49:02] [354/459] JTPC
[01:49:03] [355/459] SDKT
[01:49:04] [356/459] KRCC
[01:49:05] [357/459] RMMD
[01:49:05] [358/459] AAME
[01:49:06] [359/459] TMWC
[01:49:07] [360/459] NRWY
[01:49:08] [361/459] CITD
[01:49:10] [362/459] VERD
[01:49:11] [363/459] MKSK
[01:49:11] [364/459] STSM
[01:49:12] [365/459] MJDG
[01:49:13] [366/459] RKPM
[01:49:14] [367/459] SSCE
[01:49:16] [368/459] VMAE
[01:49:17] [369/459] SBRU
[01:49:17] [370/459] AMBC
[01:49:18] [371/459] AMLU
[01:49:19] [372/459] INVZ
[01:49:20] [373/459] LGTV
[01:49:20] [374/459] SVAD
[01:49:21] [375/459] SMSA
[01:49:22] [376/459] SPCZ
[01:49:23] [377/459] GTCX
[01:49:24] [378/459] SCSL
[01:49:25] [379/459] SAHU
[01:49:26] [380/459] NCDA
[01:49:27] [381/459] SCCG
[01:49:27] [382/459] VKTL
[01:49:28] [383/459] PUUJ
[01:49:29] [384/459] STEJ
[01:49:30] [385/459] RJAL
[01:49:31] [386/459] ACJC
[01:49:31] [387/459] VTHC
[01:49:32] [388/459] ARVB
[01:49:34] [389/459] AUBB
[01:49:35] [390/459] GDBR
[01:49:35] [391/459] PVND
[01:49:36] [392/459] BGRJ
[01:49:37] [393/459] RJMM
[01:49:38] [394/459] MCSA
[01:49:38] [395/459] BODA
[01:49:39] [396/459] JAGG
[01:49:41] [397/459] SCGA
[01:49:42] [398/459] LRCM
[01:49:42] [399/459] CPCN
[01:49:43] [400/459] SSTF
[01:49:44] [401/459] SRXP
[01:49:45] [402/459] CNFX
[01:49:46] [403/459] ANDI
[01:49:47] [404/459] SYEW
[01:49:47] [405/459] RCRE
[01:49:48] [406/459] SCRW
[01:49:49] [407/459] MBKR
[01:49:50] [408/459] ASNT
[01:49:51] [409/459] JTMT
[01:49:52] [410/459] SHAY
[01:49:53] [411/459] VRTH
[01:49:54] [412/459] SPTI
[01:49:55] [413/459] DPTD
[01:49:55] [414/459] TGSN
[01:49:56] [415/459] RCWV
[01:49:57] [416/459] OCUR
[01:49:58] [417/459] KSTC
[01:49:58] [418/459] SANI
[01:49:59] [419/459] MLCA
[01:50:00] [420/459] EGCA
[01:50:01] [421/459] SYSN
[01:50:02] [422/459] PKTA
[01:50:03] [423/459] PRCC
[01:50:04] [424/459] KSTR
[01:50:05] [425/459] SNTP
[01:50:06] [426/459] RCHA
[01:50:07] [427/459] SEEA
[01:50:07] [428/459] ALAT
[01:50:09] [429/459] AATV
[01:50:10] [430/459] RJTE
[01:50:10] [431/459] AAPP
[01:50:11] [432/459] PMMH
[01:50:12] [433/459] INRJ
[01:50:13] [434/459] SARB
[01:50:14] [435/459] PCJL
[01:50:15] [436/459] PFJJ
[01:50:16] [437/459] GRDC
[01:50:17] [438/459] BCBA
[01:50:18] [439/459] VIXL
[01:50:19] [440/459] CSTL
[01:50:20] [441/459] MTDK
[01:50:21] [442/459] TDAC
[01:50:21] [443/459] GTDN
[01:50:22] [444/459] TTDE
[01:50:23] [445/459] ASTS
[01:50:24] [446/459] CPNS
[01:50:25] [447/459] PVVW
[01:50:25] [448/459] USEB
[01:50:26] [449/459] DTYN
[01:50:27] [450/459] PVLE
[01:50:28] [451/459] CIPS
[01:50:29] [452/459] PAEG
[01:50:30] [453/459] PTCW
[01:50:31] [454/459] G3SR
[01:50:32] [455/459] PGND
[01:50:33] [456/459] INVM
[01:50:34] [457/459] SPIA
[01:50:34] [458/459] PCSN
[01:50:35] [459/459] PPGV
[01:50:36] ✅ DONE | Shows=0 | Movies=0
[02:41:51] 🚀 BMS DAILY TRACKER STARTED
[02:41:51] [1/459] FNDB
[02:41:51] 🧠 New identity
[02:41:51] [2/459] AMBH
[02:41:52] [3/459] PRHN
[02:41:52] [4/459] ACPM
[02:41:53] [5/459] PVFS
[02:41:53] [6/459] AACN
[02:41:54] [7/459] ACAS
[02:41:55] [8/459] CTNR
[02:41:55] [9/459] MMAH
[02:41:56] [10/459] CPMH
[02:41:56] [11/459] IGMH
[02:41:57] [12/459] ABCS
[02:41:58] [13/459] CMMA
[02:41:58] [14/459] GPRH
[02:41:59] [15/459] PNNG
[02:41:59] [16/459] AMCA
[02:42:00] [17/459] ISTN
[02:42:00] [18/459] PIIC
[02:42:01] [19/459] AHMH
[02:42:01] [20/459] ASHN
[02:42:02] [21/459] INHY
[02:42:03] [22/459] SRMO
[02:42:03] [23/459] PIMH
[02:42:04] [24/459] PVTS
[02:42:04] [25/459] MMCA
[02:42:05] [26/459] AKYJ
[02:42:06] [27/459] BRKH
[02:42:06] [28/459] MAHM
[02:42:07] [29/459] CPHY
[02:42:07] [30/459] PVTP
[02:42:08] [31/459] SMMR
[02:42:09] [32/459] PVHM
[02:42:09] [33/459] SNDY
[02:42:10] [34/459] GOKU
[02:42:10] [35/459] ACEV
[02:42:11] [36/459] PVUM
[02:42:12] [37/459] VSWA
[02:42:12] [38/459] IPRS
[02:42:13] [39/459] ASGN
[02:42:14] [40/459] BKMV
[02:42:14] [41/459] PVYH
[02:42:15] [42/459] INKM
[02:42:15] [43/459] ARJU
[02:42:16] [44/459] JJPP
[02:42:16] [45/459] SSRM
[02:42:17] [46/459] HMHD
[02:42:17] [47/459] SNKH
[02:42:18] [48/459] ACHI
[02:42:19] [49/459] MRAA
[02:42:19] [50/459] INMH
[02:42:20] [51/459] ARMH
[02:42:20] [52/459] DVRR
[02:42:21] [53/459] SUDA
[02:42:21] [54/459] MCSS
[02:42:22] [55/459] VRKC
[02:42:22] [56/459] PRCX
[02:42:23] [57/459] ASJY
[02:42:23] [58/459] MTHY
[02:42:24] [59/459] SRCM
[02:42:24] [60/459] TVHY
[02:42:25] [61/459] STHD
[02:42:25] [62/459] CPCL
[02:42:26] [63/459] PSMJ
[02:42:27] [64/459] MRGT
[02:42:27] [65/459] ARYH
[02:42:28] [66/459] VTRB
[02:42:28] [67/459] SCHC
[02:42:29] [68/459] MRRG
[02:42:29] [69/459] SPCB
[02:42:30] [70/459] AMCM
[02:42:31] [71/459] IVNM
[02:42:31] [72/459] TRHY
[02:42:32] [73/459] PTTH
[02:42:32] [74/459] RKMH
[02:42:33] [75/459] PRCS
[02:42:33] [76/459] VAJA
[02:42:34] [77/459] BJNG
[02:42:35] [78/459] SCVM
[02:42:35] [79/459] GNHB
[02:42:36] [80/459] TLUR
[02:42:36] [81/459] UKCC
[02:42:37] [82/459] SRKR
[02:42:38] [83/459] RMKN
[02:42:38] [84/459] SLRT
[02:42:39] [85/459] LKMT
[02:42:40] [86/459] SSRJ
[02:42:40] [87/459] SPHT
[02:42:41] [88/459] ANTT
[02:42:41] [89/459] SRCH
[02:42:42] [90/459] SRCA
[02:42:42] [91/459] ARTH
[02:42:43] [92/459] MCBH
[02:42:44] [93/459] SNIB
[02:42:44] [94/459] SART
[02:42:45] [95/459] SKTA
[02:42:45] [96/459] YAKT
[02:42:46] [97/459] MLCK
[02:42:47] [98/459] ANTS
[02:42:47] [99/459] DGCA
[02:42:48] [100/459] SGMP
[02:42:48] [101/459] ASWN
[02:42:49] [102/459] KFVU
[02:42:49] [103/459] POOR
[02:42:50] [104/459] GKDN
[02:42:50] [105/459] EOSE
[02:42:51] [106/459] GTTT
[02:42:52] [107/459] ARRO
[02:42:52] [108/459] CMMK
[02:42:53] [109/459] MSCN
[02:42:53] [110/459] GDKH
[02:42:54] [111/459] DLMT
[02:42:55] [112/459] PVMF
[02:42:55] [113/459] CPCK
[02:42:56] [114/459] VMHE
[02:42:57] [115/459] PVLC
[02:42:57] [116/459] PCVB
[02:42:58] [117/459] SNYK
[02:42:58] [118/459] KTEK
[02:42:59] [119/459] PCNM
[02:43:00] [120/459] NTTR
[02:43:00] [121/459] CPSK
[02:43:01] [122/459] JMMA
[02:43:02] [123/459] GCFK
[02:43:02] [124/459] MYCA
[02:43:03] [125/459] KSNP
[02:43:03] [126/459] PMCE
[02:43:04] [127/459] SCKI
[02:43:04] [128/459] FSMA
[02:43:05] [129/459] CETA
[02:43:05] [130/459] MCIK
[02:43:06] [131/459] MYCR
[02:43:06] [132/459] EVMP
[02:43:07] [133/459] SSGT
[02:43:07] [134/459] KCTK
[02:43:08] [135/459] ZTKC
[02:43:09] [136/459] MMTA
[02:43:09] [137/459] MAJT
[02:43:10] [138/459] ACPK
[02:43:10] [139/459] JMAX
[02:43:11] [140/459] SETK
[02:43:11] [141/459] CAIS
[02:43:12] [142/459] AGCD
[02:43:12] [143/459] URCL
[02:43:13] [144/459] VTDS
[02:43:13] [145/459] JCNM
[02:43:14] [146/459] KCAM
[02:43:15] [147/459] ADCU
[02:43:15] [148/459] GXYN
[02:43:16] [149/459] SMJG
[02:43:17] [150/459] EYCJ
[02:43:17] [151/459] CCEJ
[02:43:18] [152/459] MARS
[02:43:18] [153/459] CPVJ
[02:43:19] [154/459] INVP
[02:43:19] [155/459] CPOV
[02:43:20] [156/459] VIJK
[02:43:20] [157/459] LAIM
[02:43:21] [158/459] STHV
[02:43:22] [159/459] SVLJ
[02:43:22] [160/459] ATVJ
[02:43:23] [161/459] JTSC
[02:43:23] [162/459] RMTV
[02:43:24] [163/459] MGGG
[02:43:24] [164/459] SWTH
[02:43:25] [165/459] INVJ
[02:43:25] [166/459] PRSV
[02:43:26] [167/459] JATV
[02:43:26] [168/459] RCVD
[02:43:27] [169/459] BDMA
[02:43:28] [170/459] BLJI
[02:43:28] [171/459] SWOT
[02:43:29] [172/459] SWRN
[02:43:29] [173/459] TVRA
[02:43:30] [174/459] VCSV
[02:43:31] [175/459] NVRN
[02:43:31] [176/459] SIKC
[02:43:32] [177/459] VAKR
[02:43:32] [178/459] SYLN
[02:43:33] [179/459] KLJL
[02:43:34] [180/459] LKMY
[02:43:34] [181/459] VSLY
[02:43:35] [182/459] CIKO
[02:43:35] [183/459] GPBG
[02:43:36] [184/459] CECM
[02:43:36] [185/459] SLKB
[02:43:37] [186/459] MTBO
[02:43:37] [187/459] SSHB
[02:43:38] [188/459] VPCS
[02:43:38] [189/459] RCSR
[02:43:39] [190/459] RJRM
[02:43:40] [191/459] KPPB
[02:43:40] [192/459] SEDC
[02:43:41] [193/459] SCAI
[02:43:41] [194/459] RMTR
[02:43:42] [195/459] ASST
[02:43:43] [196/459] GCAK
[02:43:43] [197/459] ANNK
[02:43:44] [198/459] KDDF
[02:43:44] [199/459] NRDP
[02:43:45] [200/459] PLAK
[02:43:46] [201/459] GCMC
[02:43:46] [202/459] ALPY
[02:43:47] [203/459] SICE
[02:43:48] [204/459] SISR
[02:43:48] [205/459] SRPZ
[02:43:49] [206/459] SRSW
[02:43:49] [207/459] SUYA
[02:43:50] [208/459] AMMT
[02:43:50] [209/459] BHCU
[02:43:51] [210/459] KLPA
[02:43:52] [211/459] NVKH
[02:43:52] [212/459] JMRC
[02:43:53] [213/459] KTTT
[02:43:53] [214/459] MAGH
[02:43:54] [215/459] MMMX
[02:43:55] [216/459] SALJ
[02:43:55] [217/459] GTJA
[02:43:56] [218/459] MAHT
[02:43:56] [219/459] SSNN
[02:43:57] [220/459] ARRP
[02:43:57] [221/459] ATNS
[02:43:58] [222/459] SKDT
[02:43:58] [223/459] ACAT
[02:43:59] [224/459] APRC
[02:44:00] [225/459] SWAG
[02:44:00] [226/459] SDPT
[02:44:00] [227/459] STPS
[02:44:01] [228/459] WWCZ
[02:44:02] [229/459] LLCH
[02:44:02] [230/459] MZHA
[02:44:03] [231/459] CRJG
[02:44:03] [232/459] JGTK
[02:44:04] [233/459] KCSR
[02:44:05] [234/459] CHTL
[02:44:05] [235/459] EDSR
[02:44:06] [236/459] CSWO
[02:44:06] [237/459] CPVM
[02:44:07] [238/459] MXBY
[02:44:08] [239/459] FMMA
[02:44:08] [240/459] POVI
[02:44:08] [241/459] MTHB
[02:44:09] [242/459] INRC
[02:44:10] [243/459] PIPP
[02:44:10] [244/459] BMXC
[02:44:11] [245/459] PCMM
[02:44:12] [246/459] PMKM
[02:44:12] [247/459] GATY
[02:44:13] [248/459] IMCM
[02:44:13] [249/459] POPE
[02:44:14] [250/459] MTCR
[02:44:14] [251/459] PVAE
[02:44:15] [252/459] PVMI
[02:44:15] [253/459] CPNM
[02:44:15] [254/459] FMRL
[02:44:16] [255/459] MCIW
[02:44:17] [256/459] MXBO
[02:44:18] [257/459] FMKY
[02:44:18] [258/459] FMDA
[02:44:19] [259/459] THAB
[02:44:19] [260/459] PRCW
[02:44:20] [261/459] PITI
[02:44:21] [262/459] MCFF
[02:44:21] [263/459] PDDV
[02:44:22] [264/459] MCRM
[02:44:22] [265/459] KKMB
[02:44:23] [266/459] INKO
[02:44:24] [267/459] PLXP
[02:44:24] [268/459] MMHA
[02:44:25] [269/459] FMVS
[02:44:26] [270/459] POLM
[02:44:26] [271/459] STER
[02:44:27] [272/459] PVWJ
[02:44:27] [273/459] IMJW
[02:44:28] [274/459] FNAN
[02:44:29] [275/459] CAGL
[02:44:29] [276/459] IPBG
[02:44:30] [277/459] SMFV
[02:44:30] [278/459] MMMR
[02:44:31] [279/459] MMWM
[02:44:31] [280/459] FNCM
[02:44:32] [281/459] MDVA
[02:44:32] [282/459] MMET
[02:44:33] [283/459] MIDO
[02:44:33] [284/459] INNP
[02:44:34] [285/459] MIFU
[02:44:35] [286/459] MMSZ
[02:44:35] [287/459] BMXA
[02:44:36] [288/459] MCAA
[02:44:37] [289/459] SCVP
[02:44:37] [290/459] PLUS
[02:44:39] [291/459] MUCK
[02:44:40] [292/459] MTMA
[02:44:40] [293/459] HPVR
[02:44:41] [294/459] PMPK
[02:44:42] [295/459] MAJB
[02:44:43] [296/459] CTRR
[02:44:44] [297/459] MCTG
[02:44:44] [298/459] MACE
[02:44:45] [299/459] AAAS
[02:44:46] [300/459] CPVV
[02:44:47] [301/459] RCHG
[02:44:48] [302/459] MCNE
[02:44:49] [303/459] EMNC
[02:44:49] [304/459] MCAN
[02:44:50] [305/459] TCDM
[02:44:51] [306/459] IRGT
[02:44:52] [307/459] GCMG
[02:44:53] [308/459] MXSN
[02:44:53] [309/459] MXCK
[02:44:55] [310/459] MCRC
[02:44:55] [311/459] RSMI
[02:44:56] [312/459] WAML
[02:44:57] [313/459] MTSC
[02:44:57] [314/459] FMDR
[02:44:58] [315/459] LEPV
[02:44:59] [316/459] MTGD
[02:45:00] [317/459] IMOB
[02:45:00] [318/459] CLMM
[02:45:02] [319/459] PZCD
[02:45:03] [320/459] GOCS
[02:45:04] [321/459] KCMA
[02:45:04] [322/459] CCMP
[02:45:06] [323/459] MTSU
[02:45:07] [324/459] SNGL
[02:45:07] [325/459] MMMC
[02:45:08] [326/459] MMAA
[02:45:09] [327/459] GCDM
[02:45:10] [328/459] KTMV
[02:45:11] [329/459] AETE
[02:45:12] [330/459] OMCS
[02:45:13] [331/459] GDCD
[02:45:13] [332/459] NYMD
[02:45:14] [333/459] RNCV
[02:45:15] [334/459] KKMT
[02:45:15] [335/459] GDTH
[02:45:16] [336/459] KMMV
[02:45:17] [337/459] NHCG
[02:45:18] [338/459] PJDW
[02:45:19] [339/459] MMCV
[02:45:19] [340/459] FQSA
[02:45:20] [341/459] KURL
[02:45:22] [342/459] NNNX
[02:45:22] [343/459] AMAU
[02:45:24] [344/459] VVVM
[02:45:24] [345/459] VECU
[02:45:25] [346/459] WCVR
[02:45:26] [347/459] MTGG
[02:45:26] [348/459] SGTG
[02:45:27] [349/459] MNTG
[02:45:28] [350/459] JDDG
[02:45:29] [351/459] MBTK
[02:45:30] [352/459] SGCD
[02:45:30] [353/459] MCTC
[02:45:31] [354/459] JTPC
[02:45:32] [355/459] SDKT
[02:45:33] [356/459] KRCC
[02:45:34] [357/459] RMMD
[02:45:34] [358/459] AAME
[02:45:35] [359/459] TMWC
[02:45:37] [360/459] NRWY
[02:45:37] [361/459] CITD
[02:45:38] [362/459] VERD
[02:45:39] [363/459] MKSK
[02:45:40] [364/459] STSM
[02:45:40] [365/459] MJDG
[02:45:41] [366/459] RKPM
[02:45:42] [367/459] SSCE
[02:45:43] [368/459] VMAE
[02:45:44] [369/459] SBRU
[02:45:45] [370/459] AMBC
[02:45:46] [371/459] AMLU
[02:45:46] [372/459] INVZ
[02:45:47] [373/459] LGTV
[02:45:48] [374/459] SVAD
[02:45:49] [375/459] SMSA
[02:45:50] [376/459] SPCZ
[02:45:50] [377/459] GTCX
[02:45:51] [378/459] SCSL
[02:45:52] [379/459] SAHU
[02:45:53] [380/459] NCDA
[02:45:54] [381/459] SCCG
[02:45:55] [382/459] VKTL
[02:45:55] [383/459] PUUJ
[02:45:56] [384/459] STEJ
[02:45:57] [385/459] RJAL
[02:45:58] [386/459] ACJC
[02:46:00] [387/459] VTHC
[02:46:00] [388/459] ARVB
[02:46:01] [389/459] AUBB
[02:46:02] [390/459] GDBR
[02:46:03] [391/459] PVND
[02:46:04] [392/459] BGRJ
[02:46:04] [393/459] RJMM
[02:46:05] [394/459] MCSA
[02:46:06] [395/459] BODA
[02:46:07] [396/459] JAGG
[02:46:07] [397/459] SCGA
[02:46:08] [398/459] LRCM
[02:46:09] [399/459] CPCN
[02:46:09] [400/459] SSTF
[02:46:10] [401/459] SRXP
[02:46:11] [402/459] CNFX
[02:46:12] [403/459] ANDI
[02:46:13] [404/459] SYEW
[02:46:14] [405/459] RCRE
[02:46:15] [406/459] SCRW
[02:46:16] [407/459] MBKR
[02:46:16] [408/459] ASNT
[02:46:17] [409/459] JTMT
[02:46:18] [410/459] SHAY
[02:46:19] [411/459] VRTH
[02:46:19] [412/459] SPTI
[02:46:20] [413/459] DPTD
[02:46:21] [414/459] TGSN
[02:46:22] [415/459] RCWV
[02:46:23] [416/459] OCUR
[02:46:24] [417/459] KSTC
[02:46:24] [418/459] SANI
[02:46:25] [419/459] MLCA
[02:46:26] [420/459] EGCA
[02:46:27] [421/459] SYSN
[02:46:28] [422/459] PKTA
[02:46:29] [423/459] PRCC
[02:46:29] [424/459] KSTR
[02:46:30] [425/459] SNTP
[02:46:31] [426/459] RCHA
[02:46:32] [427/459] SEEA
[02:46:33] [428/459] ALAT
[02:46:34] [429/459] AATV
[02:46:35] [430/459] RJTE
[02:46:36] [431/459] AAPP
[02:46:36] [432/459] PMMH
[02:46:37] [433/459] INRJ
[02:46:38] [434/459] SARB
[02:46:39] [435/459] PCJL
[02:46:39] [436/459] PFJJ
[02:46:40] [437/459] GRDC
[02:46:41] [438/459] BCBA
[02:46:42] [439/459] VIXL
[02:46:43] [440/459] CSTL
[02:46:44] [441/459] MTDK
[02:46:44] [442/459] TDAC
[02:46:45] [443/459] GTDN
[02:46:47] [444/459] TTDE
[02:46:48] [445/459] ASTS
[02:46:48] [446/459] CPNS
[02:46:49] [447/459] PVVW
[02:46:50] [448/459] USEB
[02:46:51] [449/459] DTYN
[02:46:52] [450/459] PVLE
[02:46:53] [451/459] CIPS
[02:46:53] [452/459] PAEG
[02:46:54] [453/459] PTCW
[02:46:55] [454/459] G3SR
[02:46:56] [455/459] PGND
[02:46:56] [456/459] INVM
[02:46:57] [457/459] SPIA
[02:46:58] [458/459] PCSN
[02:46:59] [459/459] PPGV
[02:46:59] ✅ DONE | Shows=0 | Movies=0
