[00:40:12] 🚀 BMS DAILY TRACKER STARTED
[00:40:12] [1/324] GCTA
[00:40:12] 🧠 New identity
[00:40:13] [2/324] TOPN
[00:40:13] [3/324] MCUS
[00:40:14] [4/324] SHRL
[00:40:15] [5/324] UPTP
[00:40:15] [6/324] TMMP
[00:40:16] [7/324] DNRP
[00:40:17] [8/324] SRLT
[00:40:17] [9/324] RCNS
[00:40:18] [10/324] DCBH
[00:40:19] [11/324] NAGJ
[00:40:19] [12/324] JVRC
[00:40:20] [13/324] KRJG
[00:40:20] [14/324] SRTJ
[00:40:21] [15/324] CMXM
[00:40:22] [16/324] STMI
[00:40:22] [17/324] SLST
[00:40:23] [18/324] DTCN
[00:40:23] [19/324] STYN
[00:40:24] [20/324] SZVR
[00:40:25] [21/324] SRKO
[00:40:25] [22/324] JTGT
[00:40:26] [23/324] SVFD
[00:40:26] [24/324] SISD
[00:40:27] [25/324] ABDD
[00:40:28] [26/324] DRCA
[00:40:28] [27/324] AVCS
[00:40:29] [28/324] MVKH
[00:40:30] [29/324] ACPR
[00:40:30] [30/324] STIP
[00:40:31] [31/324] MTRA
[00:40:31] [32/324] RMKH
[00:40:32] [33/324] NKRL
[00:40:33] [34/324] PCWN
[00:40:33] [35/324] BLMT
[00:40:34] [36/324] GDPG
[00:40:34] [37/324] SRMX
[00:40:35] [38/324] JACP
[00:40:35] [39/324] CPSH
[00:40:36] [40/324] MCCD
[00:40:36] [41/324] ECGH
[00:40:37] [42/324] MKCK
[00:40:38] [43/324] SRMM
[00:40:38] [44/324] SKYR
[00:40:39] [45/324] PCKC
[00:40:39] [46/324] JCMA
[00:40:40] [47/324] BSMP
[00:40:41] [48/324] VSPA
[00:40:41] [49/324] DJYA
[00:40:42] [50/324] DIMP
[00:40:43] [51/324] FXDR
[00:40:43] [52/324] SSRC
[00:40:44] [53/324] STHP
[00:40:44] [54/324] CPPD
[00:40:45] [55/324] FCLK
[00:40:46] [56/324] SCPP
[00:40:46] [57/324] DCMJ
[00:40:47] [58/324] RCCR
[00:40:48] [59/324] INMT
[00:40:48] [60/324] LXTK
[00:40:49] [61/324] SRYK
[00:40:49] [62/324] SGDK
[00:40:50] [63/324] PPKA
[00:40:50] [64/324] SPKA
[00:40:51] [65/324] CGHH
[00:40:52] [66/324] DCJN
[00:40:52] [67/324] SRKV
[00:40:53] [68/324] SAJC
[00:40:53] [69/324] SUSR
[00:40:54] [70/324] STYG
[00:40:54] [71/324] NTKP
[00:40:55] [72/324] AKTG
[00:40:55] [73/324] CGCM
[00:40:56] [74/324] TULC
[00:40:57] [75/324] NYYZ
[00:40:57] [76/324] NYBW
[00:40:58] [77/324] MACB
[00:40:58] [78/324] SLVT
[00:40:59] [79/324] SANA
[00:41:00] [80/324] ACMR
[00:41:00] [81/324] CPKN
[00:41:01] [82/324] DLGK
[00:41:01] [83/324] CWCK
[00:41:02] [84/324] FDDH
[00:41:02] [85/324] MMMD
[00:41:03] [86/324] CMEH
[00:41:04] [87/324] GGGV
[00:41:04] [88/324] SPJL
[00:41:05] [89/324] RCCD
[00:41:06] [90/324] STTZ
[00:41:06] [91/324] BTCF
[00:41:07] [92/324] TSTZ
[00:41:07] [93/324] IPMM
[00:41:08] [94/324] PMPW
[00:41:09] [95/324] PCMZ
[00:41:09] [96/324] ESEM
[00:41:10] [97/324] PIPO
[00:41:11] [98/324] MATK
[00:41:11] [99/324] PGHM
[00:41:12] [100/324] CTSR
[00:41:13] [101/324] CYKR
[00:41:13] [102/324] MSCM
[00:41:14] [103/324] RFNP
[00:41:14] [104/324] PDCP
[00:41:15] [105/324] NPSE
[00:41:15] [106/324] MKML
[00:41:16] [107/324] FTDP
[00:41:17] [108/324] MMXA
[00:41:17] [109/324] CEPO
[00:41:18] [110/324] CMVP
[00:41:18] [111/324] SGTH
[00:41:19] [112/324] SAYN
[00:41:20] [113/324] URVS
[00:41:20] [114/324] VJTN
[00:41:21] [115/324] BBYK
[00:41:21] [116/324] SHBO
[00:41:23] [117/324] VCMR
[00:41:23] [118/324] MACT
[00:41:24] [119/324] JMNP
[00:41:25] [120/324] VICS
[00:41:25] [121/324] VCDA
[00:41:26] [122/324] GCMM
[00:41:27] [123/324] INVS
[00:41:28] [124/324] SCGM
[00:41:29] [125/324] PCDA
[00:41:29] [126/324] KDCT
[00:41:30] [127/324] JACS
[00:41:31] [128/324] GMMC
[00:41:32] [129/324] AICM
[00:41:32] [130/324] TJCM
[00:41:33] [131/324] RMTI
[00:41:34] [132/324] SHAC
[00:41:35] [133/324] APJC
[00:41:36] [134/324] GCTG
[00:41:37] [135/324] SSMC
[00:41:38] [136/324] THRM
[00:41:38] [137/324] RBCT
[00:41:39] [138/324] DIKT
[00:41:40] [139/324] MIDL
[00:41:41] [140/324] VCSN
[00:41:42] [141/324] SKTG
[00:41:43] [142/324] SMWC
[00:41:44] [143/324] MNKH
[00:41:44] [144/324] PIAT
[00:41:45] [145/324] LTTP
[00:41:46] [146/324] PTPU
[00:41:47] [147/324] ACMG
[00:41:48] [148/324] SHMM
[00:41:49] [149/324] MCMN
[00:41:50] [150/324] GLDC
[00:41:50] [151/324] HOUT
[00:41:51] [152/324] SVRP
[00:41:52] [153/324] PVDN
[00:41:53] [154/324] SCPY
[00:41:54] [155/324] DTPY
[00:41:55] [156/324] GKCS
[00:41:56] [157/324] NCAM
[00:41:57] [158/324] BSRM
[00:41:57] [159/324] RCLC
[00:41:58] [160/324] SKKD
[00:41:59] [161/324] ACHU
[00:42:00] [162/324] RSCF
[00:42:00] [163/324] IMSH
[00:42:01] [164/324] MACX
[00:42:02] [165/324] HMMW
[00:42:03] [166/324] JTCP
[00:42:04] [167/324] SREN
[00:42:04] [168/324] PJRR
[00:42:05] [169/324] INAC
[00:42:06] [170/324] BMCA
[00:42:07] [171/324] SHCB
[00:42:08] [172/324] GABA
[00:42:09] [173/324] SBCT
[00:42:10] [174/324] GCMA
[00:42:11] [175/324] MYTK
[00:42:11] [176/324] INZS
[00:42:12] [177/324] RMIK
[00:42:13] [178/324] NYCH
[00:42:14] [179/324] RAVE
[00:42:14] [180/324] PSXM
[00:42:15] [181/324] MCGP
[00:42:16] [182/324] PDDK
[00:42:17] [183/324] SPCK
[00:42:18] [184/324] MCRL
[00:42:18] [185/324] MHKT
[00:42:19] [186/324] ANRR
[00:42:20] [187/324] SAPK
[00:42:21] [188/324] NCUK
[00:42:22] [189/324] JUGA
[00:42:22] [190/324] DBSC
[00:42:23] [191/324] LALK
[00:42:24] [192/324] GUCK
[00:42:25] [193/324] STSG
[00:42:26] [194/324] PPPZ
[00:42:27] [195/324] CNCY
[00:42:27] [196/324] MTAR
[00:42:28] [197/324] VNKD
[00:42:29] [198/324] KMAJ
[00:42:30] [199/324] ACXK
[00:42:31] [200/324] UTKC
[00:42:32] [201/324] PBLK
[00:42:33] [202/324] ACBX
[00:42:33] [203/324] PTGM
[00:42:34] [204/324] BTDA
[00:42:35] [205/324] PJMB
[00:42:36] [206/324] TPDA
[00:42:37] [207/324] AMOE
[00:42:37] [208/324] PRHT
[00:42:38] [209/324] PRTA
[00:42:39] [210/324] STAM
[00:42:40] [211/324] MSAA
[00:42:41] [212/324] SDLU
[00:42:42] [213/324] RCHH
[00:42:42] [214/324] KANT
[00:42:43] [215/324] FCRT
[00:42:44] [216/324] DNKM
[00:42:45] [217/324] RYCP
[00:42:46] [218/324] MYRP
[00:42:47] [219/324] PPAK
[00:42:47] [220/324] NVPK
[00:42:48] [221/324] PRMC
[00:42:49] [222/324] JBCS
[00:42:50] [223/324] GXCK
[00:42:51] [224/324] USKO
[00:42:52] [225/324] GTEM
[00:42:53] [226/324] SMBU
[00:42:53] [227/324] VETC
[00:42:54] [228/324] LCDA
[00:42:56] [229/324] MTVT
[00:42:56] [230/324] PYCP
[00:42:57] [231/324] PNSC
[00:42:58] [232/324] PPCC
[00:42:58] [233/324] TGRT
[00:42:59] [234/324] JYOT
[00:43:00] [235/324] SRCZ
[00:43:01] [236/324] SJTE
[00:43:02] [237/324] DESC
[00:43:02] [238/324] JHVN
[00:43:03] [239/324] IPSG
[00:43:04] [240/324] IPCM
[00:43:05] [241/324] PDRS
[00:43:06] [242/324] ANCV
[00:43:07] [243/324] CMVV
[00:43:08] [244/324] SHYP
[00:43:09] [245/324] DNCS
[00:43:09] [246/324] GAJK
[00:43:10] [247/324] AKTN
[00:43:11] [248/324] KAYA
[00:43:12] [249/324] SBRC
[00:43:12] [250/324] CHTP
[00:43:13] [251/324] SHRT
[00:43:14] [252/324] BCKU
[00:43:15] [253/324] FCPS
[00:43:16] [254/324] ARDD
[00:43:17] [255/324] CPCM
[00:43:17] [256/324] CGSM
[00:43:18] [257/324] PSMP
[00:43:18] [258/324] SDAL
[00:43:20] [259/324] RTNB
[00:43:20] [260/324] LMCR
[00:43:21] [261/324] CIMA
[00:43:22] [262/324] RNAS
[00:43:22] [263/324] LITH
[00:43:23] [264/324] PBOX
[00:43:24] [265/324] FRTS
[00:43:25] [266/324] RKIC
[00:43:26] [267/324] PTAI
[00:43:26] [268/324] GCIC
[00:43:27] [269/324] FNAS
[00:43:29] [270/324] SCAR
[00:43:29] [271/324] MTCA
[00:43:30] [272/324] SCTS
[00:43:31] [273/324] SYCS
[00:43:32] [274/324] RDMS
[00:43:33] [275/324] KAMP
[00:43:34] [276/324] ERSD
[00:43:35] [277/324] MJMJ
[00:43:36] [278/324] SRCJ
[00:43:37] [279/324] SCXE
[00:43:38] [280/324] SVFR
[00:43:38] [281/324] BHCS
[00:43:39] [282/324] IMCC
[00:43:40] [283/324] PCBO
[00:43:41] [284/324] PRVN
[00:43:42] [285/324] AUPM
[00:43:43] [286/324] INBW
[00:43:43] [287/324] SVCW
[00:43:44] [288/324] RKCF
[00:43:45] [289/324] UVBH
[00:43:46] [290/324] DNCY
[00:43:46] [291/324] ABCN
[00:43:47] [292/324] PRUR
[00:43:48] [293/324] PFMR
[00:43:49] [294/324] RKCN
[00:43:50] [295/324] CFEA
[00:43:51] [296/324] SDBG
[00:43:53] [297/324] SNAR
[00:43:53] [298/324] YISI
[00:43:54] [299/324] JCFF
[00:43:55] [300/324] VTRK
[00:43:56] [301/324] PCLZ
[00:43:57] [302/324] DIMY
[00:43:58] [303/324] BBTS
[00:43:58] [304/324] GATH
[00:43:59] [305/324] GTMN
[00:44:00] [306/324] VTMH
[00:44:01] [307/324] CCKP
[00:44:02] [308/324] GPKA
[00:44:03] [309/324] MHCL
[00:44:04] [310/324] ATCL
[00:44:04] [311/324] SBCK
[00:44:05] [312/324] AMMR
[00:44:06] [313/324] MADC
[00:44:07] [314/324] TMMA
[00:44:07] [315/324] CACC
[00:44:08] [316/324] CHAL
[00:44:09] [317/324] DURG
[00:44:10] [318/324] GMKU
[00:44:10] [319/324] GECA
[00:44:11] [320/324] KYRR
[00:44:12] [321/324] KSDE
[00:44:13] [322/324] LMCI
[00:44:13] [323/324] NKCP
[00:44:14] [324/324] BGTC
[00:44:15] ✅ DONE | Shows=0 | Movies=0
[01:43:48] 🚀 BMS DAILY TRACKER STARTED
[01:43:48] [1/324] GCTA
[01:43:48] 🧠 New identity
[01:43:49] [2/324] TOPN
[01:43:49] [3/324] MCUS
[01:43:50] [4/324] SHRL
[01:43:51] [5/324] UPTP
[01:43:52] [6/324] TMMP
[01:43:52] [7/324] DNRP
[01:43:52] [8/324] SRLT
[01:43:53] [9/324] RCNS
[01:43:53] [10/324] DCBH
[01:43:54] [11/324] NAGJ
[01:43:55] [12/324] JVRC
[01:43:55] [13/324] KRJG
[01:43:56] [14/324] SRTJ
[01:43:56] [15/324] CMXM
[01:43:57] [16/324] STMI
[01:43:58] [17/324] SLST
[01:43:59] [18/324] DTCN
[01:43:59] [19/324] STYN
[01:44:00] [20/324] SZVR
[01:44:00] [21/324] SRKO
[01:44:01] [22/324] JTGT
[01:44:02] [23/324] SVFD
[01:44:02] [24/324] SISD
[01:44:03] [25/324] ABDD
[01:44:04] [26/324] DRCA
[01:44:04] [27/324] AVCS
[01:44:05] [28/324] MVKH
[01:44:05] [29/324] ACPR
[01:44:06] [30/324] STIP
[01:44:06] [31/324] MTRA
[01:44:07] [32/324] RMKH
[01:44:08] [33/324] NKRL
[01:44:08] [34/324] PCWN
[01:44:08] [35/324] BLMT
[01:44:09] [36/324] GDPG
[01:44:09] [37/324] SRMX
[01:44:10] [38/324] JACP
[01:44:11] [39/324] CPSH
[01:44:11] [40/324] MCCD
[01:44:12] [41/324] ECGH
[01:44:13] [42/324] MKCK
[01:44:13] [43/324] SRMM
[01:44:14] [44/324] SKYR
[01:44:14] [45/324] PCKC
[01:44:15] [46/324] JCMA
[01:44:15] [47/324] BSMP
[01:44:16] [48/324] VSPA
[01:44:17] [49/324] DJYA
[01:44:17] [50/324] DIMP
[01:44:18] [51/324] FXDR
[01:44:18] [52/324] SSRC
[01:44:19] [53/324] STHP
[01:44:19] [54/324] CPPD
[01:44:20] [55/324] FCLK
[01:44:20] [56/324] SCPP
[01:44:21] [57/324] DCMJ
[01:44:21] [58/324] RCCR
[01:44:22] [59/324] INMT
[01:44:23] [60/324] LXTK
[01:44:23] [61/324] SRYK
[01:44:24] [62/324] SGDK
[01:44:24] [63/324] PPKA
[01:44:25] [64/324] SPKA
[01:44:26] [65/324] CGHH
[01:44:26] [66/324] DCJN
[01:44:27] [67/324] SRKV
[01:44:27] [68/324] SAJC
[01:44:28] [69/324] SUSR
[01:44:29] [70/324] STYG
[01:44:29] [71/324] NTKP
[01:44:30] [72/324] AKTG
[01:44:30] [73/324] CGCM
[01:44:31] [74/324] TULC
[01:44:31] [75/324] NYYZ
[01:44:32] [76/324] NYBW
[01:44:33] [77/324] MACB
[01:44:33] [78/324] SLVT
[01:44:34] [79/324] SANA
[01:44:34] [80/324] ACMR
[01:44:35] [81/324] CPKN
[01:44:35] [82/324] DLGK
[01:44:36] [83/324] CWCK
[01:44:37] [84/324] FDDH
[01:44:37] [85/324] MMMD
[01:44:38] [86/324] CMEH
[01:44:38] [87/324] GGGV
[01:44:39] [88/324] SPJL
[01:44:40] [89/324] RCCD
[01:44:40] [90/324] STTZ
[01:44:41] [91/324] BTCF
[01:44:41] [92/324] TSTZ
[01:44:42] [93/324] IPMM
[01:44:42] [94/324] PMPW
[01:44:43] [95/324] PCMZ
[01:44:44] [96/324] ESEM
[01:44:44] [97/324] PIPO
[01:44:45] [98/324] MATK
[01:44:45] [99/324] PGHM
[01:44:46] [100/324] CTSR
[01:44:46] [101/324] CYKR
[01:44:47] [102/324] MSCM
[01:44:48] [103/324] RFNP
[01:44:48] [104/324] PDCP
[01:44:49] [105/324] NPSE
[01:44:49] [106/324] MKML
[01:44:50] [107/324] FTDP
[01:44:51] [108/324] MMXA
[01:44:51] [109/324] CEPO
[01:44:52] [110/324] CMVP
[01:44:52] [111/324] SGTH
[01:44:53] [112/324] SAYN
[01:44:53] [113/324] URVS
[01:44:54] [114/324] VJTN
[01:44:55] [115/324] BBYK
[01:44:55] [116/324] SHBO
[01:44:56] [117/324] VCMR
[01:44:56] [118/324] MACT
[01:44:57] [119/324] JMNP
[01:44:57] [120/324] VICS
[01:44:58] [121/324] VCDA
[01:44:59] [122/324] GCMM
[01:44:59] [123/324] INVS
[01:45:00] [124/324] SCGM
[01:45:00] [125/324] PCDA
[01:45:01] [126/324] KDCT
[01:45:01] [127/324] JACS
[01:45:02] [128/324] GMMC
[01:45:02] [129/324] AICM
[01:45:03] [130/324] TJCM
[01:45:04] [131/324] RMTI
[01:45:04] [132/324] SHAC
[01:45:05] [133/324] APJC
[01:45:06] [134/324] GCTG
[01:45:06] [135/324] SSMC
[01:45:07] [136/324] THRM
[01:45:07] [137/324] RBCT
[01:45:08] [138/324] DIKT
[01:45:09] [139/324] MIDL
[01:45:09] [140/324] VCSN
[01:45:10] [141/324] SKTG
[01:45:10] [142/324] SMWC
[01:45:11] [143/324] MNKH
[01:45:12] [144/324] PIAT
[01:45:12] [145/324] LTTP
[01:45:13] [146/324] PTPU
[01:45:13] [147/324] ACMG
[01:45:14] [148/324] SHMM
[01:45:15] [149/324] MCMN
[01:45:15] [150/324] GLDC
[01:45:16] [151/324] HOUT
[01:45:16] [152/324] SVRP
[01:45:17] [153/324] PVDN
[01:45:18] [154/324] SCPY
[01:45:18] [155/324] DTPY
[01:45:19] [156/324] GKCS
[01:45:19] [157/324] NCAM
[01:45:20] [158/324] BSRM
[01:45:20] [159/324] RCLC
[01:45:21] [160/324] SKKD
[01:45:21] [161/324] ACHU
[01:45:22] [162/324] RSCF
[01:45:23] [163/324] IMSH
[01:45:23] [164/324] MACX
[01:45:24] [165/324] HMMW
[01:45:24] [166/324] JTCP
[01:45:25] [167/324] SREN
[01:45:25] [168/324] PJRR
[01:45:26] [169/324] INAC
[01:45:26] [170/324] BMCA
[01:45:27] [171/324] SHCB
[01:45:27] [172/324] GABA
[01:45:28] [173/324] SBCT
[01:45:29] [174/324] GCMA
[01:45:29] [175/324] MYTK
[01:45:30] [176/324] INZS
[01:45:30] [177/324] RMIK
[01:45:31] [178/324] NYCH
[01:45:31] [179/324] RAVE
[01:45:32] [180/324] PSXM
[01:45:33] [181/324] MCGP
[01:45:33] [182/324] PDDK
[01:45:34] [183/324] SPCK
[01:45:34] [184/324] MCRL
[01:45:35] [185/324] MHKT
[01:45:36] [186/324] ANRR
[01:45:36] [187/324] SAPK
[01:45:37] [188/324] NCUK
[01:45:38] [189/324] JUGA
[01:45:38] [190/324] DBSC
[01:45:39] [191/324] LALK
[01:45:39] [192/324] GUCK
[01:45:40] [193/324] STSG
[01:45:40] [194/324] PPPZ
[01:45:41] [195/324] CNCY
[01:45:42] [196/324] MTAR
[01:45:42] [197/324] VNKD
[01:45:43] [198/324] KMAJ
[01:45:43] [199/324] ACXK
[01:45:44] [200/324] UTKC
[01:45:44] [201/324] PBLK
[01:45:45] [202/324] ACBX
[01:45:45] [203/324] PTGM
[01:45:46] [204/324] BTDA
[01:45:47] [205/324] PJMB
[01:45:47] [206/324] TPDA
[01:45:48] [207/324] AMOE
[01:45:48] [208/324] PRHT
[01:45:49] [209/324] PRTA
[01:45:50] [210/324] STAM
[01:45:50] [211/324] MSAA
[01:45:51] [212/324] SDLU
[01:45:51] [213/324] RCHH
[01:45:52] [214/324] KANT
[01:45:52] [215/324] FCRT
[01:45:53] [216/324] DNKM
[01:45:53] [217/324] RYCP
[01:45:54] [218/324] MYRP
[01:45:54] [219/324] PPAK
[01:45:55] [220/324] NVPK
[01:45:56] [221/324] PRMC
[01:45:56] [222/324] JBCS
[01:45:57] [223/324] GXCK
[01:45:57] [224/324] USKO
[01:45:58] [225/324] GTEM
[01:45:59] [226/324] SMBU
[01:45:59] [227/324] VETC
[01:46:00] [228/324] LCDA
[01:46:00] [229/324] MTVT
[01:46:01] [230/324] PYCP
[01:46:01] [231/324] PNSC
[01:46:02] [232/324] PPCC
[01:46:02] [233/324] TGRT
[01:46:03] [234/324] JYOT
[01:46:04] [235/324] SRCZ
[01:46:04] [236/324] SJTE
[01:46:05] [237/324] DESC
[01:46:05] [238/324] JHVN
[01:46:06] [239/324] IPSG
[01:46:06] [240/324] IPCM
[01:46:07] [241/324] PDRS
[01:46:07] [242/324] ANCV
[01:46:08] [243/324] CMVV
[01:46:09] [244/324] SHYP
[01:46:09] [245/324] DNCS
[01:46:10] [246/324] GAJK
[01:46:11] [247/324] AKTN
[01:46:11] [248/324] KAYA
[01:46:12] [249/324] SBRC
[01:46:12] [250/324] CHTP
[01:46:13] [251/324] SHRT
[01:46:13] [252/324] BCKU
[01:46:14] [253/324] FCPS
[01:46:14] [254/324] ARDD
[01:46:15] [255/324] CPCM
[01:46:15] [256/324] CGSM
[01:46:16] [257/324] PSMP
[01:46:16] [258/324] SDAL
[01:46:17] [259/324] RTNB
[01:46:18] [260/324] LMCR
[01:46:19] [261/324] CIMA
[01:46:20] [262/324] RNAS
[01:46:20] [263/324] LITH
[01:46:21] [264/324] PBOX
[01:46:22] [265/324] FRTS
[01:46:22] [266/324] RKIC
[01:46:23] [267/324] PTAI
[01:46:24] [268/324] GCIC
[01:46:25] [269/324] FNAS
[01:46:26] [270/324] SCAR
[01:46:27] [271/324] MTCA
[01:46:28] [272/324] SCTS
[01:46:29] [273/324] SYCS
[01:46:29] [274/324] RDMS
[01:46:30] [275/324] KAMP
[01:46:32] [276/324] ERSD
[01:46:32] [277/324] MJMJ
[01:46:33] [278/324] SRCJ
[01:46:34] [279/324] SCXE
[01:46:34] [280/324] SVFR
[01:46:35] [281/324] BHCS
[01:46:37] [282/324] IMCC
[01:46:38] [283/324] PCBO
[01:46:38] [284/324] PRVN
[01:46:39] [285/324] AUPM
[01:46:40] [286/324] INBW
[01:46:41] [287/324] SVCW
[01:46:42] [288/324] RKCF
[01:46:43] [289/324] UVBH
[01:46:43] [290/324] DNCY
[01:46:44] [291/324] ABCN
[01:46:45] [292/324] PRUR
[01:46:47] [293/324] PFMR
[01:46:48] [294/324] RKCN
[01:46:48] [295/324] CFEA
[01:46:49] [296/324] SDBG
[01:46:50] [297/324] SNAR
[01:46:51] [298/324] YISI
[01:46:52] [299/324] JCFF
[01:46:52] [300/324] VTRK
[01:46:53] [301/324] PCLZ
[01:46:54] [302/324] DIMY
[01:46:55] [303/324] BBTS
[01:46:56] [304/324] GATH
[01:46:57] [305/324] GTMN
[01:46:58] [306/324] VTMH
[01:46:59] [307/324] CCKP
[01:47:00] [308/324] GPKA
[01:47:01] [309/324] MHCL
[01:47:02] [310/324] ATCL
[01:47:02] [311/324] SBCK
[01:47:03] [312/324] AMMR
[01:47:05] [313/324] MADC
[01:47:05] [314/324] TMMA
[01:47:06] [315/324] CACC
[01:47:07] [316/324] CHAL
[01:47:08] [317/324] DURG
[01:47:09] [318/324] GMKU
[01:47:10] [319/324] GECA
[01:47:10] [320/324] KYRR
[01:47:11] [321/324] KSDE
[01:47:12] [322/324] LMCI
[01:47:13] [323/324] NKCP
[01:47:14] [324/324] BGTC
[01:47:15] ✅ DONE | Shows=0 | Movies=0
[02:41:45] 🚀 BMS DAILY TRACKER STARTED
[02:41:45] [1/324] GCTA
[02:41:45] 🧠 New identity
[02:41:46] [2/324] TOPN
[02:41:47] [3/324] MCUS
[02:41:47] [4/324] SHRL
[02:41:48] [5/324] UPTP
[02:41:48] [6/324] TMMP
[02:41:49] [7/324] DNRP
[02:41:50] [8/324] SRLT
[02:41:50] [9/324] RCNS
[02:41:51] [10/324] DCBH
[02:41:52] [11/324] NAGJ
[02:41:52] [12/324] JVRC
[02:41:53] [13/324] KRJG
[02:41:53] [14/324] SRTJ
[02:41:54] [15/324] CMXM
[02:41:55] [16/324] STMI
[02:41:55] [17/324] SLST
[02:41:56] [18/324] DTCN
[02:41:56] [19/324] STYN
[02:41:57] [20/324] SZVR
[02:41:58] [21/324] SRKO
[02:41:58] [22/324] JTGT
[02:41:59] [23/324] SVFD
[02:41:59] [24/324] SISD
[02:42:00] [25/324] ABDD
[02:42:01] [26/324] DRCA
[02:42:01] [27/324] AVCS
[02:42:02] [28/324] MVKH
[02:42:03] [29/324] ACPR
[02:42:04] [30/324] STIP
[02:42:04] [31/324] MTRA
[02:42:05] [32/324] RMKH
[02:42:05] [33/324] NKRL
[02:42:06] [34/324] PCWN
[02:42:06] [35/324] BLMT
[02:42:07] [36/324] GDPG
[02:42:07] [37/324] SRMX
[02:42:08] [38/324] JACP
[02:42:09] [39/324] CPSH
[02:42:09] [40/324] MCCD
[02:42:10] [41/324] ECGH
[02:42:11] [42/324] MKCK
[02:42:11] [43/324] SRMM
[02:42:12] [44/324] SKYR
[02:42:12] [45/324] PCKC
[02:42:13] [46/324] JCMA
[02:42:13] [47/324] BSMP
[02:42:14] [48/324] VSPA
[02:42:14] [49/324] DJYA
[02:42:15] [50/324] DIMP
[02:42:16] [51/324] FXDR
[02:42:16] [52/324] SSRC
[02:42:17] [53/324] STHP
[02:42:18] [54/324] CPPD
[02:42:18] [55/324] FCLK
[02:42:18] [56/324] SCPP
[02:42:19] [57/324] DCMJ
[02:42:20] [58/324] RCCR
[02:42:20] [59/324] INMT
[02:42:21] [60/324] LXTK
[02:42:21] [61/324] SRYK
[02:42:22] [62/324] SGDK
[02:42:23] [63/324] PPKA
[02:42:23] [64/324] SPKA
[02:42:24] [65/324] CGHH
[02:42:24] [66/324] DCJN
[02:42:25] [67/324] SRKV
[02:42:25] [68/324] SAJC
[02:42:26] [69/324] SUSR
[02:42:26] [70/324] STYG
[02:42:27] [71/324] NTKP
[02:42:27] [72/324] AKTG
[02:42:28] [73/324] CGCM
[02:42:28] [74/324] TULC
[02:42:29] [75/324] NYYZ
[02:42:30] [76/324] NYBW
[02:42:30] [77/324] MACB
[02:42:31] [78/324] SLVT
[02:42:31] [79/324] SANA
[02:42:32] [80/324] ACMR
[02:42:33] [81/324] CPKN
[02:42:33] [82/324] DLGK
[02:42:33] [83/324] CWCK
[02:42:34] [84/324] FDDH
[02:42:35] [85/324] MMMD
[02:42:35] [86/324] CMEH
[02:42:36] [87/324] GGGV
[02:42:36] [88/324] SPJL
[02:42:37] [89/324] RCCD
[02:42:37] [90/324] STTZ
[02:42:38] [91/324] BTCF
[02:42:39] [92/324] TSTZ
[02:42:40] [93/324] IPMM
[02:42:40] [94/324] PMPW
[02:42:41] [95/324] PCMZ
[02:42:41] [96/324] ESEM
[02:42:42] [97/324] PIPO
[02:42:42] [98/324] MATK
[02:42:43] [99/324] PGHM
[02:42:44] [100/324] CTSR
[02:42:44] [101/324] CYKR
[02:42:45] [102/324] MSCM
[02:42:45] [103/324] RFNP
[02:42:46] [104/324] PDCP
[02:42:46] [105/324] NPSE
[02:42:47] [106/324] MKML
[02:42:48] [107/324] FTDP
[02:42:48] [108/324] MMXA
[02:42:49] [109/324] CEPO
[02:42:49] [110/324] CMVP
[02:42:50] [111/324] SGTH
[02:42:50] [112/324] SAYN
[02:42:51] [113/324] URVS
[02:42:51] [114/324] VJTN
[02:42:52] [115/324] BBYK
[02:42:52] [116/324] SHBO
[02:42:53] [117/324] VCMR
[02:42:54] [118/324] MACT
[02:42:54] [119/324] JMNP
[02:42:54] [120/324] VICS
[02:42:55] [121/324] VCDA
[02:42:55] [122/324] GCMM
[02:42:56] [123/324] INVS
[02:42:57] [124/324] SCGM
[02:42:57] [125/324] PCDA
[02:42:58] [126/324] KDCT
[02:42:58] [127/324] JACS
[02:42:59] [128/324] GMMC
[02:43:00] [129/324] AICM
[02:43:00] [130/324] TJCM
[02:43:01] [131/324] RMTI
[02:43:02] [132/324] SHAC
[02:43:02] [133/324] APJC
[02:43:03] [134/324] GCTG
[02:43:04] [135/324] SSMC
[02:43:04] [136/324] THRM
[02:43:05] [137/324] RBCT
[02:43:06] [138/324] DIKT
[02:43:06] [139/324] MIDL
[02:43:07] [140/324] VCSN
[02:43:07] [141/324] SKTG
[02:43:08] [142/324] SMWC
[02:43:09] [143/324] MNKH
[02:43:09] [144/324] PIAT
[02:43:10] [145/324] LTTP
[02:43:11] [146/324] PTPU
[02:43:11] [147/324] ACMG
[02:43:12] [148/324] SHMM
[02:43:12] [149/324] MCMN
[02:43:13] [150/324] GLDC
[02:43:14] [151/324] HOUT
[02:43:14] [152/324] SVRP
[02:43:15] [153/324] PVDN
[02:43:15] [154/324] SCPY
[02:43:16] [155/324] DTPY
[02:43:17] [156/324] GKCS
[02:43:18] [157/324] NCAM
[02:43:18] [158/324] BSRM
[02:43:19] [159/324] RCLC
[02:43:19] [160/324] SKKD
[02:43:20] [161/324] ACHU
[02:43:20] [162/324] RSCF
[02:43:21] [163/324] IMSH
[02:43:22] [164/324] MACX
[02:43:22] [165/324] HMMW
[02:43:23] [166/324] JTCP
[02:43:23] [167/324] SREN
[02:43:24] [168/324] PJRR
[02:43:25] [169/324] INAC
[02:43:25] [170/324] BMCA
[02:43:26] [171/324] SHCB
[02:43:26] [172/324] GABA
[02:43:26] [173/324] SBCT
[02:43:27] [174/324] GCMA
[02:43:27] [175/324] MYTK
[02:43:28] [176/324] INZS
[02:43:28] [177/324] RMIK
[02:43:29] [178/324] NYCH
[02:43:29] [179/324] RAVE
[02:43:30] [180/324] PSXM
[02:43:31] [181/324] MCGP
[02:43:31] [182/324] PDDK
[02:43:32] [183/324] SPCK
[02:43:32] [184/324] MCRL
[02:43:33] [185/324] MHKT
[02:43:34] [186/324] ANRR
[02:43:34] [187/324] SAPK
[02:43:35] [188/324] NCUK
[02:43:35] [189/324] JUGA
[02:43:36] [190/324] DBSC
[02:43:37] [191/324] LALK
[02:43:37] [192/324] GUCK
[02:43:38] [193/324] STSG
[02:43:39] [194/324] PPPZ
[02:43:39] [195/324] CNCY
[02:43:40] [196/324] MTAR
[02:43:40] [197/324] VNKD
[02:43:41] [198/324] KMAJ
[02:43:42] [199/324] ACXK
[02:43:42] [200/324] UTKC
[02:43:43] [201/324] PBLK
[02:43:44] [202/324] ACBX
[02:43:44] [203/324] PTGM
[02:43:45] [204/324] BTDA
[02:43:45] [205/324] PJMB
[02:43:46] [206/324] TPDA
[02:43:47] [207/324] AMOE
[02:43:47] [208/324] PRHT
[02:43:48] [209/324] PRTA
[02:43:48] [210/324] STAM
[02:43:49] [211/324] MSAA
[02:43:50] [212/324] SDLU
[02:43:50] [213/324] RCHH
[02:43:51] [214/324] KANT
[02:43:52] [215/324] FCRT
[02:43:52] [216/324] DNKM
[02:43:53] [217/324] RYCP
[02:43:54] [218/324] MYRP
[02:43:54] [219/324] PPAK
[02:43:54] [220/324] NVPK
[02:43:55] [221/324] PRMC
[02:43:55] [222/324] JBCS
[02:43:56] [223/324] GXCK
[02:43:57] [224/324] USKO
[02:43:58] [225/324] GTEM
[02:43:58] [226/324] SMBU
[02:43:59] [227/324] VETC
[02:43:59] [228/324] LCDA
[02:44:00] [229/324] MTVT
[02:44:00] [230/324] PYCP
[02:44:01] [231/324] PNSC
[02:44:02] [232/324] PPCC
[02:44:02] [233/324] TGRT
[02:44:03] [234/324] JYOT
[02:44:03] [235/324] SRCZ
[02:44:04] [236/324] SJTE
[02:44:04] [237/324] DESC
[02:44:06] [238/324] JHVN
[02:44:06] [239/324] IPSG
[02:44:07] [240/324] IPCM
[02:44:08] [241/324] PDRS
[02:44:09] [242/324] ANCV
[02:44:09] [243/324] CMVV
[02:44:10] [244/324] SHYP
[02:44:11] [245/324] DNCS
[02:44:12] [246/324] GAJK
[02:44:13] [247/324] AKTN
[02:44:14] [248/324] KAYA
[02:44:15] [249/324] SBRC
[02:44:15] [250/324] CHTP
[02:44:16] [251/324] SHRT
[02:44:17] [252/324] BCKU
[02:44:18] [253/324] FCPS
[02:44:19] [254/324] ARDD
[02:44:20] [255/324] CPCM
[02:44:21] [256/324] CGSM
[02:44:21] [257/324] PSMP
[02:44:22] [258/324] SDAL
[02:44:23] [259/324] RTNB
[02:44:24] [260/324] LMCR
[02:44:24] [261/324] CIMA
[02:44:25] [262/324] RNAS
[02:44:26] [263/324] LITH
[02:44:27] [264/324] PBOX
[02:44:28] [265/324] FRTS
[02:44:29] [266/324] RKIC
[02:44:29] [267/324] PTAI
[02:44:30] [268/324] GCIC
[02:44:31] [269/324] FNAS
[02:44:32] [270/324] SCAR
[02:44:33] [271/324] MTCA
[02:44:34] [272/324] SCTS
[02:44:35] [273/324] SYCS
[02:44:36] [274/324] RDMS
[02:44:37] [275/324] KAMP
[02:44:37] [276/324] ERSD
[02:44:38] [277/324] MJMJ
[02:44:39] [278/324] SRCJ
[02:44:40] [279/324] SCXE
[02:44:40] [280/324] SVFR
[02:44:41] [281/324] BHCS
[02:44:42] [282/324] IMCC
[02:44:43] [283/324] PCBO
[02:44:44] [284/324] PRVN
[02:44:45] [285/324] AUPM
[02:44:46] [286/324] INBW
[02:44:46] [287/324] SVCW
[02:44:47] [288/324] RKCF
[02:44:48] [289/324] UVBH
[02:44:49] [290/324] DNCY
[02:44:50] [291/324] ABCN
[02:44:51] [292/324] PRUR
[02:44:52] [293/324] PFMR
[02:44:53] [294/324] RKCN
[02:44:54] [295/324] CFEA
[02:44:55] [296/324] SDBG
[02:44:55] [297/324] SNAR
[02:44:56] [298/324] YISI
[02:44:57] [299/324] JCFF
[02:44:58] [300/324] VTRK
[02:44:59] [301/324] PCLZ
[02:44:59] [302/324] DIMY
[02:45:00] [303/324] BBTS
[02:45:01] [304/324] GATH
[02:45:02] [305/324] GTMN
[02:45:03] [306/324] VTMH
[02:45:04] [307/324] CCKP
[02:45:05] [308/324] GPKA
[02:45:05] [309/324] MHCL
[02:45:06] [310/324] ATCL
[02:45:08] [311/324] SBCK
[02:45:08] [312/324] AMMR
[02:45:09] [313/324] MADC
[02:45:10] [314/324] TMMA
[02:45:11] [315/324] CACC
[02:45:12] [316/324] CHAL
[02:45:12] [317/324] DURG
[02:45:13] [318/324] GMKU
[02:45:14] [319/324] GECA
[02:45:15] [320/324] KYRR
[02:45:16] [321/324] KSDE
[02:45:17] [322/324] LMCI
[02:45:17] [323/324] NKCP
[02:45:18] [324/324] BGTC
[02:45:19] ✅ DONE | Shows=0 | Movies=0
