[00:40:17] 🚀 BMS DAILY TRACKER STARTED
[00:40:17] [1/459] MBDC
[00:40:17] 🧠 New identity
[00:40:17] [2/459] CHKM
[00:40:18] [3/459] JTKZ
[00:40:19] [4/459] CMCT
[00:40:19] [5/459] ASHO
[00:40:20] [6/459] ECDG
[00:40:20] [7/459] SPAT
[00:40:21] [8/459] HILC
[00:40:22] [9/459] SPPH
[00:40:22] [10/459] SBHN
[00:40:23] [11/459] RRCA
[00:40:23] [12/459] APAA
[00:40:24] [13/459] RAME
[00:40:25] [14/459] TMMS
[00:40:25] [15/459] BATK
[00:40:26] [16/459] LKOP
[00:40:27] [17/459] AMTT
[00:40:27] [18/459] PTGK
[00:40:28] [19/459] ANRS
[00:40:28] [20/459] VWBW
[00:40:29] [21/459] SVFG
[00:40:29] [22/459] STAT
[00:40:30] [23/459] GDCV
[00:40:31] [24/459] VEBI
[00:40:31] [25/459] VDSS
[00:40:32] [26/459] NTHV
[00:40:32] [27/459] AOCH
[00:40:33] [28/459] KASR
[00:40:33] [29/459] AYCS
[00:40:34] [30/459] SHAI
[00:40:35] [31/459] SKPE
[00:40:36] [32/459] SBTA
[00:40:36] [33/459] RTTD
[00:40:37] [34/459] CCJD
[00:40:37] [35/459] RSJJ
[00:40:38] [36/459] RKND
[00:40:38] [37/459] SVTX
[00:40:39] [38/459] BAKM
[00:40:39] [39/459] SVDC
[00:40:40] [40/459] MNCV
[00:40:41] [41/459] SJGC
[00:40:41] [42/459] MTPK
[00:40:42] [43/459] GATP
[00:40:43] [44/459] ABTS
[00:40:43] [45/459] ABDE
[00:40:44] [46/459] RCNM
[00:40:45] [47/459] KTHV
[00:40:45] [48/459] MDGJ
[00:40:46] [49/459] SMLM
[00:40:46] [50/459] JTMA
[00:40:47] [51/459] ACKP
[00:40:47] [52/459] SRTA
[00:40:48] [53/459] STAY
[00:40:49] [54/459] MAVO
[00:40:49] [55/459] APTS
[00:40:50] [56/459] OMEA
[00:40:50] [57/459] TTFD
[00:40:51] [58/459] MJCU
[00:40:51] [59/459] CXTE
[00:40:52] [60/459] CTPX
[00:40:52] [61/459] ASSL
[00:40:53] [62/459] CMVB
[00:40:53] [63/459] VPUR
[00:40:54] [64/459] JJDA
[00:40:54] [65/459] INBL
[00:40:55] [66/459] BIKB
[00:40:56] [67/459] NTBB
[00:40:56] [68/459] GLOB
[00:40:57] [69/459] SNTB
[00:40:57] [70/459] CHGV
[00:40:58] [71/459] SSBZ
[00:40:58] [72/459] PRDB
[00:40:59] [73/459] ISMT
[00:41:00] [74/459] MCSD
[00:41:00] [75/459] JBTT
[00:41:01] [76/459] GEKR
[00:41:01] [77/459] PVUN
[00:41:02] [78/459] NRTB
[00:41:02] [79/459] PRAA
[00:41:03] [80/459] PCBL
[00:41:03] [81/459] PTCM
[00:41:04] [82/459] KHNN
[00:41:05] [83/459] OMJE
[00:41:05] [84/459] STGN
[00:41:06] [85/459] RPMS
[00:41:07] [86/459] NWAD
[00:41:07] [87/459] BLCK
[00:41:08] [88/459] SVAA
[00:41:09] [89/459] URVM
[00:41:09] [90/459] ANTM
[00:41:10] [91/459] VJYM
[00:41:10] [92/459] MAZZ
[00:41:11] [93/459] CSHM
[00:41:12] [94/459] WGMH
[00:41:12] [95/459] SALN
[00:41:13] [96/459] BRTP
[00:41:13] [97/459] SVTA
[00:41:14] [98/459] SBTP
[00:41:15] [99/459] VLSS
[00:41:15] [100/459] SRJA
[00:41:16] [101/459] ANCG
[00:41:16] [102/459] CGGC
[00:41:17] [103/459] CRJA
[00:41:18] [104/459] USCR
[00:41:18] [105/459] MMEF
[00:41:19] [106/459] JCRJ
[00:41:20] [107/459] ADCM
[00:41:20] [108/459] BMYK
[00:41:21] [109/459] KICS
[00:41:21] [110/459] MBBT
[00:41:22] [111/459] MACK
[00:41:23] [112/459] CLDR
[00:41:23] [113/459] JYCR
[00:41:24] [114/459] DCRP
[00:41:24] [115/459] RAHT
[00:41:25] [116/459] CSSM
[00:41:26] [117/459] ATPK
[00:41:26] [118/459] KLRT
[00:41:27] [119/459] SRDD
[00:41:28] [120/459] CKMC
[00:41:29] [121/459] KRVM
[00:41:30] [122/459] AKCP
[00:41:31] [123/459] CNCV
[00:41:32] [124/459] PACT
[00:41:33] [125/459] NATP
[00:41:33] [126/459] PCPK
[00:41:34] [127/459] SMHO
[00:41:35] [128/459] CWTK
[00:41:36] [129/459] RVKZ
[00:41:37] [130/459] ASPD
[00:41:37] [131/459] VTKZ
[00:41:38] [132/459] LCSO
[00:41:39] [133/459] PRDY
[00:41:40] [134/459] RCAP
[00:41:41] [135/459] RGAR
[00:41:42] [136/459] RCAC
[00:41:43] [137/459] PMOD
[00:41:45] [138/459] PVCN
[00:41:45] [139/459] SCRZ
[00:41:46] [140/459] PVPC
[00:41:47] [141/459] STID
[00:41:48] [142/459] NEDD
[00:41:49] [143/459] BNBA
[00:41:50] [144/459] NTCD
[00:41:51] [145/459] OCDE
[00:41:52] [146/459] CCDU
[00:41:53] [147/459] CRXH
[00:41:54] [148/459] VLVT
[00:41:54] [149/459] CICI
[00:41:55] [150/459] SUCB
[00:41:56] [151/459] TCBP
[00:41:57] [152/459] SCCY
[00:41:57] [153/459] LXCY
[00:41:58] [154/459] NCMD
[00:41:59] [155/459] PHCS
[00:42:00] [156/459] DUXR
[00:42:02] [157/459] VNKS
[00:42:02] [158/459] SEDP
[00:42:03] [159/459] SVEN
[00:42:04] [160/459] SRKM
[00:42:05] [161/459] JTLT
[00:42:06] [162/459] SVSS
[00:42:06] [163/459] AMDE
[00:42:07] [164/459] WVRN
[00:42:08] [165/459] ISMG
[00:42:08] [166/459] WVKS
[00:42:09] [167/459] USCG
[00:42:10] [168/459] IOTG
[00:42:11] [169/459] RRJM
[00:42:12] [170/459] EDMP
[00:42:13] [171/459] SCGZ
[00:42:13] [172/459] GMGX
[00:42:14] [173/459] OMTP
[00:42:15] [174/459] MITD
[00:42:16] [175/459] SMMD
[00:42:17] [176/459] STML
[00:42:18] [177/459] MCFS
[00:42:18] [178/459] FPKA
[00:42:19] [179/459] OMLR
[00:42:21] [180/459] KKSC
[00:42:22] [181/459] RVMA
[00:42:22] [182/459] SCLL
[00:42:23] [183/459] SCDK
[00:42:25] [184/459] SXMI
[00:42:25] [185/459] SHDN
[00:42:26] [186/459] PAAD
[00:42:27] [187/459] UUCB
[00:42:27] [188/459] JHOL
[00:42:28] [189/459] SGWT
[00:42:29] [190/459] SRII
[00:42:30] [191/459] SGCK
[00:42:31] [192/459] SVVB
[00:42:32] [193/459] DMHA
[00:42:33] [194/459] PPNL
[00:42:34] [195/459] CPNL
[00:42:35] [196/459] WVLD
[00:42:35] [197/459] PSLV
[00:42:36] [198/459] VTTL
[00:42:37] [199/459] NPAD
[00:42:38] [200/459] PVCS
[00:42:39] [201/459] MCHL
[00:42:39] [202/459] PPLL
[00:42:40] [203/459] MALO
[00:42:41] [204/459] SWBH
[00:42:42] [205/459] PUGB
[00:42:43] [206/459] INBB
[00:42:44] [207/459] INNS
[00:42:45] [208/459] MCPT
[00:42:45] [209/459] SCMI
[00:42:46] [210/459] OCON
[00:42:47] [211/459] SCSM
[00:42:48] [212/459] RJVN
[00:42:49] [213/459] AMDK
[00:42:50] [214/459] ISMR
[00:42:50] [215/459] SMTD
[00:42:51] [216/459] VTDD
[00:42:52] [217/459] PDDZ
[00:42:53] [218/459] PCCK
[00:42:53] [219/459] INAM
[00:42:54] [220/459] FNKT
[00:42:55] [221/459] GDKA
[00:42:56] [222/459] MAYU
[00:42:57] [223/459] TCGU
[00:42:57] [224/459] KDCA
[00:42:58] [225/459] DOMY
[00:42:59] [226/459] PDDD
[00:43:00] [227/459] BJTS
[00:43:01] [228/459] VTCA
[00:43:01] [229/459] SBTM
[00:43:02] [230/459] SEET
[00:43:03] [231/459] SSTJ
[00:43:04] [232/459] SVNT
[00:43:05] [233/459] PPPR
[00:43:05] [234/459] PVYS
[00:43:06] [235/459] IOSE
[00:43:07] [236/459] ACTV
[00:43:08] [237/459] APVE
[00:43:09] [238/459] TCCL
[00:43:09] [239/459] SCMO
[00:43:10] [240/459] SAUM
[00:43:11] [241/459] KCJS
[00:43:12] [242/459] NJCJ
[00:43:12] [243/459] NECF
[00:43:13] [244/459] CCGW
[00:43:14] [245/459] CCMG
[00:43:15] [246/459] NYRG
[00:43:16] [247/459] NCSQ
[00:43:16] [248/459] GRCG
[00:43:17] [249/459] CCBT
[00:43:18] [250/459] ACGA
[00:43:19] [251/459] INAG
[00:43:19] [252/459] FUCG
[00:43:20] [253/459] AICF
[00:43:21] [254/459] GRGA
[00:43:22] [255/459] GDCN
[00:43:23] [256/459] RRCG
[00:43:23] [257/459] SDCH
[00:43:24] [258/459] WVJM
[00:43:25] [259/459] JCCZ
[00:43:26] [260/459] CNCL
[00:43:27] [261/459] TMLV
[00:43:27] [262/459] MEMB
[00:43:28] [263/459] SGTD
[00:43:29] [264/459] CONX
[00:43:30] [265/459] CCMH
[00:43:31] [266/459] ACMC
[00:43:31] [267/459] DTPD
[00:43:32] [268/459] POJA
[00:43:33] [269/459] FNBH
[00:43:33] [270/459] CGCB
[00:43:34] [271/459] RACN
[00:43:35] [272/459] JTSM
[00:43:36] [273/459] SCDN
[00:43:37] [274/459] AACK
[00:43:38] [275/459] RMCE
[00:43:39] [276/459] BSGB
[00:43:39] [277/459] MRCB
[00:43:40] [278/459] SRVR
[00:43:41] [279/459] VTKK
[00:43:42] [280/459] AMST
[00:43:44] [281/459] APCY
[00:43:44] [282/459] LMHO
[00:43:45] [283/459] MTZH
[00:43:46] [284/459] AMZB
[00:43:47] [285/459] SUVT
[00:43:48] [286/459] RCIP
[00:43:49] [287/459] KESR
[00:43:49] [288/459] SNKC
[00:43:50] [289/459] SCED
[00:43:51] [290/459] DVCA
[00:43:52] [291/459] VCDT
[00:43:52] [292/459] RRDI
[00:43:53] [293/459] DFCH
[00:43:54] [294/459] INSC
[00:43:55] [295/459] RGTR
[00:43:56] [296/459] FMOT
[00:43:57] [297/459] SCPM
[00:43:58] [298/459] GCDT
[00:43:59] [299/459] BRKT
[00:43:59] [300/459] DEMP
[00:44:01] [301/459] SRLC
[00:44:01] [302/459] KSTT
[00:44:02] [303/459] SMMT
[00:44:03] [304/459] SILM
[00:44:03] [305/459] JCVM
[00:44:04] [306/459] KCSV
[00:44:05] [307/459] MHLK
[00:44:06] [308/459] SLVL
[00:44:06] [309/459] RJKP
[00:44:07] [310/459] BBPC
[00:44:08] [311/459] MXCB
[00:44:09] [312/459] TCPK
[00:44:10] [313/459] RTBR
[00:44:11] [314/459] GAUT
[00:44:11] [315/459] DVCF
[00:44:12] [316/459] JTSB
[00:44:14] [317/459] SBLS
[00:44:15] [318/459] UDAY
[00:44:17] [319/459] PTNP
[00:44:18] [320/459] DMKT
[00:44:19] [321/459] NTDT
[00:44:21] [322/459] SHDJ
[00:44:21] [323/459] OTNC
[00:44:22] [324/459] RNTW
[00:44:22] [325/459] GCMI
[00:44:23] [326/459] CRCM
[00:44:24] [327/459] NNCZ
[00:44:24] [328/459] OEMO
[00:44:25] [329/459] PVJM
[00:44:26] [330/459] CPJI
[00:44:28] [331/459] RMCJ
[00:44:28] [332/459] CNWJ
[00:44:29] [333/459] EPJM
[00:44:30] [334/459] FNJJ
[00:44:31] [335/459] GCMJ
[00:44:32] [336/459] INPS
[00:44:33] [337/459] BICJ
[00:44:33] [338/459] ISTJ
[00:44:34] [339/459] INJC
[00:44:36] [340/459] GLXJ
[00:44:36] [341/459] INEM
[00:44:37] [342/459] JTMN
[00:44:38] [343/459] FRCJ
[00:44:39] [344/459] DDJP
[00:44:40] [345/459] INJV
[00:44:40] [346/459] GOLC
[00:44:41] [347/459] KOCI
[00:44:42] [348/459] FSTD
[00:44:43] [349/459] PACJ
[00:44:45] [350/459] GMCN
[00:44:45] [351/459] MMDJ
[00:44:46] [352/459] GODH
[00:44:47] [353/459] SKYN
[00:44:48] [354/459] NCTH
[00:44:49] [355/459] SKVZ
[00:44:50] [356/459] SVML
[00:44:50] [357/459] ACVZ
[00:44:51] [358/459] SURA
[00:44:52] [359/459] RTRB
[00:44:54] [360/459] LLCT
[00:44:54] [361/459] ATTS
[00:44:55] [362/459] JYCM
[00:44:56] [363/459] CTKR
[00:44:57] [364/459] LCKR
[00:44:58] [365/459] NYCV
[00:44:59] [366/459] NYOH
[00:44:59] [367/459] NOVX
[00:45:00] [368/459] MRGK
[00:45:01] [369/459] MOON
[00:45:02] [370/459] SBUC
[00:45:03] [371/459] GSVA
[00:45:03] [372/459] VIAK
[00:45:04] [373/459] SMVZ
[00:45:05] [374/459] MATE
[00:45:06] [375/459] RDCN
[00:45:06] [376/459] ASBL
[00:45:07] [377/459] ASVS
[00:45:08] [378/459] ASSR
[00:45:09] [379/459] SSKN
[00:45:09] [380/459] DRPV
[00:45:10] [381/459] MRHT
[00:45:11] [382/459] BSCN
[00:45:12] [383/459] RKNX
[00:45:13] [384/459] MSMC
[00:45:14] [385/459] MSCJ
[00:45:15] [386/459] BTBJ
[00:45:15] [387/459] MJCC
[00:45:16] [388/459] IOMM
[00:45:17] [389/459] ADGR
[00:45:18] [390/459] MYCP
[00:45:19] [391/459] IGCM
[00:45:19] [392/459] PGRK
[00:45:20] [393/459] VPGO
[00:45:21] [394/459] KOMS
[00:45:22] [395/459] URGG
[00:45:22] [396/459] GOST
[00:45:23] [397/459] LACT
[00:45:24] [398/459] BWCM
[00:45:25] [399/459] NCCW
[00:45:26] [400/459] SKYC
[00:45:26] [401/459] CCPM
[00:45:28] [402/459] VCBT
[00:45:28] [403/459] SDKR
[00:45:29] [404/459] CTYB
[00:45:30] [405/459] SHCX
[00:45:31] [406/459] RCUN
[00:45:32] [407/459] CNRA
[00:45:33] [408/459] RFCA
[00:45:34] [409/459] RDCU
[00:45:34] [410/459] SARK
[00:45:35] [411/459] SPPP
[00:45:36] [412/459] ADMB
[00:45:37] [413/459] JYOE
[00:45:38] [414/459] SRMD
[00:45:39] [415/459] RJDH
[00:45:40] [416/459] SSTD
[00:45:40] [417/459] AACV
[00:45:41] [418/459] PPVD
[00:45:42] [419/459] STCP
[00:45:43] [420/459] ANJR
[00:45:43] [421/459] ANLS
[00:45:45] [422/459] BIJO
[00:45:46] [423/459] AVAB
[00:45:47] [424/459] SPMD
[00:45:47] [425/459] SVJL
[00:45:48] [426/459] SDDJ
[00:45:49] [427/459] SLTU
[00:45:50] [428/459] SAKA
[00:45:51] [429/459] PMAM
[00:45:52] [430/459] FNAM
[00:45:52] [431/459] ACAM
[00:45:53] [432/459] SCMM
[00:45:54] [433/459] PMAK
[00:45:55] [434/459] NYSA
[00:45:56] [435/459] FCPA
[00:45:57] [436/459] GDAN
[00:45:58] [437/459] RSCA
[00:45:58] [438/459] DMAN
[00:45:59] [439/459] DZCM
[00:46:00] [440/459] NSGL
[00:46:01] [441/459] CCPP
[00:46:02] [442/459] PSMG
[00:46:02] [443/459] GSER
[00:46:03] [444/459] FCCT
[00:46:04] [445/459] FCTB
[00:46:05] [446/459] LCNK
[00:46:07] [447/459] SKTY
[00:46:07] [448/459] INAA
[00:46:08] [449/459] RCWN
[00:46:09] [450/459] VAIS
[00:46:09] [451/459] CVMN
[00:46:10] [452/459] INTS
[00:46:11] [453/459] FRGS
[00:46:12] [454/459] DTCK
[00:46:13] [455/459] MCMH
[00:46:13] [456/459] ECRR
[00:46:14] [457/459] RLLP
[00:46:15] [458/459] CCSN
[00:46:16] [459/459] CCBA
[00:46:17] ✅ DONE | Shows=0 | Movies=0
[01:43:46] 🚀 BMS DAILY TRACKER STARTED
[01:43:46] [1/459] MBDC
[01:43:46] 🧠 New identity
[01:43:47] [2/459] CHKM
[01:43:48] [3/459] JTKZ
[01:43:49] [4/459] CMCT
[01:43:50] [5/459] ASHO
[01:43:51] [6/459] ECDG
[01:43:51] [7/459] SPAT
[01:43:52] [8/459] HILC
[01:43:53] [9/459] SPPH
[01:43:54] [10/459] SBHN
[01:43:55] [11/459] RRCA
[01:43:56] [12/459] APAA
[01:43:57] [13/459] RAME
[01:43:57] [14/459] TMMS
[01:43:58] [15/459] BATK
[01:43:59] [16/459] LKOP
[01:44:00] [17/459] AMTT
[01:44:01] [18/459] PTGK
[01:44:02] [19/459] ANRS
[01:44:02] [20/459] VWBW
[01:44:03] [21/459] SVFG
[01:44:04] [22/459] STAT
[01:44:05] [23/459] GDCV
[01:44:06] [24/459] VEBI
[01:44:07] [25/459] VDSS
[01:44:07] [26/459] NTHV
[01:44:08] [27/459] AOCH
[01:44:09] [28/459] KASR
[01:44:10] [29/459] AYCS
[01:44:12] [30/459] SHAI
[01:44:12] [31/459] SKPE
[01:44:13] [32/459] SBTA
[01:44:14] [33/459] RTTD
[01:44:15] [34/459] CCJD
[01:44:16] [35/459] RSJJ
[01:44:17] [36/459] RKND
[01:44:18] [37/459] SVTX
[01:44:18] [38/459] BAKM
[01:44:20] [39/459] SVDC
[01:44:21] [40/459] MNCV
[01:44:21] [41/459] SJGC
[01:44:22] [42/459] MTPK
[01:44:23] [43/459] GATP
[01:44:24] [44/459] ABTS
[01:44:25] [45/459] ABDE
[01:44:26] [46/459] RCNM
[01:44:27] [47/459] KTHV
[01:44:28] [48/459] MDGJ
[01:44:29] [49/459] SMLM
[01:44:29] [50/459] JTMA
[01:44:30] [51/459] ACKP
[01:44:31] [52/459] SRTA
[01:44:32] [53/459] STAY
[01:44:33] [54/459] MAVO
[01:44:34] [55/459] APTS
[01:44:34] [56/459] OMEA
[01:44:35] [57/459] TTFD
[01:44:36] [58/459] MJCU
[01:44:37] [59/459] CXTE
[01:44:38] [60/459] CTPX
[01:44:39] [61/459] ASSL
[01:44:40] [62/459] CMVB
[01:44:41] [63/459] VPUR
[01:44:42] [64/459] JJDA
[01:44:42] [65/459] INBL
[01:44:43] [66/459] BIKB
[01:44:44] [67/459] NTBB
[01:44:45] [68/459] GLOB
[01:44:46] [69/459] SNTB
[01:44:47] [70/459] CHGV
[01:44:48] [71/459] SSBZ
[01:44:48] [72/459] PRDB
[01:44:49] [73/459] ISMT
[01:44:50] [74/459] MCSD
[01:44:51] [75/459] JBTT
[01:44:52] [76/459] GEKR
[01:44:52] [77/459] PVUN
[01:44:53] [78/459] NRTB
[01:44:54] [79/459] PRAA
[01:44:55] [80/459] PCBL
[01:44:55] [81/459] PTCM
[01:44:56] [82/459] KHNN
[01:44:57] [83/459] OMJE
[01:44:58] [84/459] STGN
[01:44:59] [85/459] RPMS
[01:45:00] [86/459] NWAD
[01:45:01] [87/459] BLCK
[01:45:02] [88/459] SVAA
[01:45:04] [89/459] URVM
[01:45:05] [90/459] ANTM
[01:45:06] [91/459] VJYM
[01:45:06] [92/459] MAZZ
[01:45:07] [93/459] CSHM
[01:45:08] [94/459] WGMH
[01:45:09] [95/459] SALN
[01:45:10] [96/459] BRTP
[01:45:11] [97/459] SVTA
[01:45:12] [98/459] SBTP
[01:45:13] [99/459] VLSS
[01:45:14] [100/459] SRJA
[01:45:16] [101/459] ANCG
[01:45:17] [102/459] CGGC
[01:45:18] [103/459] CRJA
[01:45:19] [104/459] USCR
[01:45:19] [105/459] MMEF
[01:45:20] [106/459] JCRJ
[01:45:21] [107/459] ADCM
[01:45:22] [108/459] BMYK
[01:45:23] [109/459] KICS
[01:45:24] [110/459] MBBT
[01:45:25] [111/459] MACK
[01:45:25] [112/459] CLDR
[01:45:26] [113/459] JYCR
[01:45:27] [114/459] DCRP
[01:45:28] [115/459] RAHT
[01:45:29] [116/459] CSSM
[01:45:30] [117/459] ATPK
[01:45:30] [118/459] KLRT
[01:45:31] [119/459] SRDD
[01:45:32] [120/459] CKMC
[01:45:33] [121/459] KRVM
[01:45:34] [122/459] AKCP
[01:45:35] [123/459] CNCV
[01:45:36] [124/459] PACT
[01:45:37] [125/459] NATP
[01:45:38] [126/459] PCPK
[01:45:39] [127/459] SMHO
[01:45:40] [128/459] CWTK
[01:45:41] [129/459] RVKZ
[01:45:42] [130/459] ASPD
[01:45:42] [131/459] VTKZ
[01:45:43] [132/459] LCSO
[01:45:44] [133/459] PRDY
[01:45:45] [134/459] RCAP
[01:45:45] [135/459] RGAR
[01:45:46] [136/459] RCAC
[01:45:47] [137/459] PMOD
[01:45:48] [138/459] PVCN
[01:45:49] [139/459] SCRZ
[01:45:50] [140/459] PVPC
[01:45:51] [141/459] STID
[01:45:52] [142/459] NEDD
[01:45:54] [143/459] BNBA
[01:45:55] [144/459] NTCD
[01:45:56] [145/459] OCDE
[01:45:57] [146/459] CCDU
[01:45:58] [147/459] CRXH
[01:45:59] [148/459] VLVT
[01:45:59] [149/459] CICI
[01:46:00] [150/459] SUCB
[01:46:01] [151/459] TCBP
[01:46:02] [152/459] SCCY
[01:46:02] [153/459] LXCY
[01:46:03] [154/459] NCMD
[01:46:04] [155/459] PHCS
[01:46:05] [156/459] DUXR
[01:46:06] [157/459] VNKS
[01:46:06] [158/459] SEDP
[01:46:07] [159/459] SVEN
[01:46:08] [160/459] SRKM
[01:46:08] [161/459] JTLT
[01:46:09] [162/459] SVSS
[01:46:10] [163/459] AMDE
[01:46:11] [164/459] WVRN
[01:46:12] [165/459] ISMG
[01:46:13] [166/459] WVKS
[01:46:15] [167/459] USCG
[01:46:15] [168/459] IOTG
[01:46:16] [169/459] RRJM
[01:46:17] [170/459] EDMP
[01:46:18] [171/459] SCGZ
[01:46:19] [172/459] GMGX
[01:46:20] [173/459] OMTP
[01:46:21] [174/459] MITD
[01:46:22] [175/459] SMMD
[01:46:22] [176/459] STML
[01:46:23] [177/459] MCFS
[01:46:24] [178/459] FPKA
[01:46:25] [179/459] OMLR
[01:46:26] [180/459] KKSC
[01:46:27] [181/459] RVMA
[01:46:28] [182/459] SCLL
[01:46:28] [183/459] SCDK
[01:46:29] [184/459] SXMI
[01:46:31] [185/459] SHDN
[01:46:32] [186/459] PAAD
[01:46:33] [187/459] UUCB
[01:46:34] [188/459] JHOL
[01:46:34] [189/459] SGWT
[01:46:35] [190/459] SRII
[01:46:36] [191/459] SGCK
[01:46:37] [192/459] SVVB
[01:46:38] [193/459] DMHA
[01:46:39] [194/459] PPNL
[01:46:40] [195/459] CPNL
[01:46:41] [196/459] WVLD
[01:46:41] [197/459] PSLV
[01:46:42] [198/459] VTTL
[01:46:43] [199/459] NPAD
[01:46:44] [200/459] PVCS
[01:46:45] [201/459] MCHL
[01:46:46] [202/459] PPLL
[01:46:47] [203/459] MALO
[01:46:47] [204/459] SWBH
[01:46:48] [205/459] PUGB
[01:46:49] [206/459] INBB
[01:46:50] [207/459] INNS
[01:46:51] [208/459] MCPT
[01:46:51] [209/459] SCMI
[01:46:52] [210/459] OCON
[01:46:53] [211/459] SCSM
[01:46:53] [212/459] RJVN
[01:46:54] [213/459] AMDK
[01:46:55] [214/459] ISMR
[01:46:56] [215/459] SMTD
[01:46:57] [216/459] VTDD
[01:46:58] [217/459] PDDZ
[01:46:58] [218/459] PCCK
[01:46:59] [219/459] INAM
[01:47:00] [220/459] FNKT
[01:47:01] [221/459] GDKA
[01:47:02] [222/459] MAYU
[01:47:03] [223/459] TCGU
[01:47:04] [224/459] KDCA
[01:47:05] [225/459] DOMY
[01:47:06] [226/459] PDDD
[01:47:07] [227/459] BJTS
[01:47:07] [228/459] VTCA
[01:47:08] [229/459] SBTM
[01:47:09] [230/459] SEET
[01:47:09] [231/459] SSTJ
[01:47:10] [232/459] SVNT
[01:47:11] [233/459] PPPR
[01:47:12] [234/459] PVYS
[01:47:13] [235/459] IOSE
[01:47:14] [236/459] ACTV
[01:47:15] [237/459] APVE
[01:47:16] [238/459] TCCL
[01:47:17] [239/459] SCMO
[01:47:18] [240/459] SAUM
[01:47:19] [241/459] KCJS
[01:47:19] [242/459] NJCJ
[01:47:20] [243/459] NECF
[01:47:21] [244/459] CCGW
[01:47:22] [245/459] CCMG
[01:47:22] [246/459] NYRG
[01:47:23] [247/459] NCSQ
[01:47:24] [248/459] GRCG
[01:47:25] [249/459] CCBT
[01:47:26] [250/459] ACGA
[01:47:27] [251/459] INAG
[01:47:28] [252/459] FUCG
[01:47:30] [253/459] AICF
[01:47:31] [254/459] GRGA
[01:47:32] [255/459] GDCN
[01:47:32] [256/459] RRCG
[01:47:33] [257/459] SDCH
[01:47:34] [258/459] WVJM
[01:47:35] [259/459] JCCZ
[01:47:37] [260/459] CNCL
[01:47:38] [261/459] TMLV
[01:47:39] [262/459] MEMB
[01:47:40] [263/459] SGTD
[01:47:40] [264/459] CONX
[01:47:41] [265/459] CCMH
[01:47:42] [266/459] ACMC
[01:47:43] [267/459] DTPD
[01:47:44] [268/459] POJA
[01:47:45] [269/459] FNBH
[01:47:46] [270/459] CGCB
[01:47:46] [271/459] RACN
[01:47:47] [272/459] JTSM
[01:47:48] [273/459] SCDN
[01:47:49] [274/459] AACK
[01:47:50] [275/459] RMCE
[01:47:51] [276/459] BSGB
[01:47:51] [277/459] MRCB
[01:47:52] [278/459] SRVR
[01:47:53] [279/459] VTKK
[01:47:55] [280/459] AMST
[01:47:55] [281/459] APCY
[01:47:56] [282/459] LMHO
[01:47:57] [283/459] MTZH
[01:47:58] [284/459] AMZB
[01:47:58] [285/459] SUVT
[01:47:59] [286/459] RCIP
[01:48:00] [287/459] KESR
[01:48:01] [288/459] SNKC
[01:48:02] [289/459] SCED
[01:48:02] [290/459] DVCA
[01:48:03] [291/459] VCDT
[01:48:04] [292/459] RRDI
[01:48:05] [293/459] DFCH
[01:48:06] [294/459] INSC
[01:48:07] [295/459] RGTR
[01:48:07] [296/459] FMOT
[01:48:08] [297/459] SCPM
[01:48:09] [298/459] GCDT
[01:48:09] [299/459] BRKT
[01:48:10] [300/459] DEMP
[01:48:11] [301/459] SRLC
[01:48:12] [302/459] KSTT
[01:48:14] [303/459] SMMT
[01:48:15] [304/459] SILM
[01:48:16] [305/459] JCVM
[01:48:17] [306/459] KCSV
[01:48:18] [307/459] MHLK
[01:48:19] [308/459] SLVL
[01:48:19] [309/459] RJKP
[01:48:20] [310/459] BBPC
[01:48:21] [311/459] MXCB
[01:48:22] [312/459] TCPK
[01:48:23] [313/459] RTBR
[01:48:24] [314/459] GAUT
[01:48:25] [315/459] DVCF
[01:48:25] [316/459] JTSB
[01:48:26] [317/459] SBLS
[01:48:27] [318/459] UDAY
[01:48:28] [319/459] PTNP
[01:48:29] [320/459] DMKT
[01:48:30] [321/459] NTDT
[01:48:30] [322/459] SHDJ
[01:48:31] [323/459] OTNC
[01:48:32] [324/459] RNTW
[01:48:33] [325/459] GCMI
[01:48:34] [326/459] CRCM
[01:48:35] [327/459] NNCZ
[01:48:35] [328/459] OEMO
[01:48:36] [329/459] PVJM
[01:48:37] [330/459] CPJI
[01:48:38] [331/459] RMCJ
[01:48:39] [332/459] CNWJ
[01:48:40] [333/459] EPJM
[01:48:40] [334/459] FNJJ
[01:48:41] [335/459] GCMJ
[01:48:43] [336/459] INPS
[01:48:44] [337/459] BICJ
[01:48:44] [338/459] ISTJ
[01:48:45] [339/459] INJC
[01:48:46] [340/459] GLXJ
[01:48:47] [341/459] INEM
[01:48:48] [342/459] JTMN
[01:48:48] [343/459] FRCJ
[01:48:49] [344/459] DDJP
[01:48:50] [345/459] INJV
[01:48:51] [346/459] GOLC
[01:48:52] [347/459] KOCI
[01:48:52] [348/459] FSTD
[01:48:53] [349/459] PACJ
[01:48:54] [350/459] GMCN
[01:48:55] [351/459] MMDJ
[01:48:56] [352/459] GODH
[01:48:56] [353/459] SKYN
[01:48:57] [354/459] NCTH
[01:48:58] [355/459] SKVZ
[01:48:59] [356/459] SVML
[01:48:59] [357/459] ACVZ
[01:49:00] [358/459] SURA
[01:49:02] [359/459] RTRB
[01:49:03] [360/459] LLCT
[01:49:03] [361/459] ATTS
[01:49:04] [362/459] JYCM
[01:49:05] [363/459] CTKR
[01:49:06] [364/459] LCKR
[01:49:07] [365/459] NYCV
[01:49:07] [366/459] NYOH
[01:49:08] [367/459] NOVX
[01:49:09] [368/459] MRGK
[01:49:10] [369/459] MOON
[01:49:10] [370/459] SBUC
[01:49:11] [371/459] GSVA
[01:49:12] [372/459] VIAK
[01:49:13] [373/459] SMVZ
[01:49:14] [374/459] MATE
[01:49:15] [375/459] RDCN
[01:49:16] [376/459] ASBL
[01:49:17] [377/459] ASVS
[01:49:18] [378/459] ASSR
[01:49:19] [379/459] SSKN
[01:49:20] [380/459] DRPV
[01:49:21] [381/459] MRHT
[01:49:21] [382/459] BSCN
[01:49:22] [383/459] RKNX
[01:49:23] [384/459] MSMC
[01:49:24] [385/459] MSCJ
[01:49:25] [386/459] BTBJ
[01:49:26] [387/459] MJCC
[01:49:26] [388/459] IOMM
[01:49:27] [389/459] ADGR
[01:49:28] [390/459] MYCP
[01:49:29] [391/459] IGCM
[01:49:30] [392/459] PGRK
[01:49:30] [393/459] VPGO
[01:49:32] [394/459] KOMS
[01:49:33] [395/459] URGG
[01:49:34] [396/459] GOST
[01:49:34] [397/459] LACT
[01:49:35] [398/459] BWCM
[01:49:36] [399/459] NCCW
[01:49:37] [400/459] SKYC
[01:49:38] [401/459] CCPM
[01:49:39] [402/459] VCBT
[01:49:40] [403/459] SDKR
[01:49:41] [404/459] CTYB
[01:49:42] [405/459] SHCX
[01:49:43] [406/459] RCUN
[01:49:43] [407/459] CNRA
[01:49:44] [408/459] RFCA
[01:49:45] [409/459] RDCU
[01:49:46] [410/459] SARK
[01:49:47] [411/459] SPPP
[01:49:47] [412/459] ADMB
[01:49:48] [413/459] JYOE
[01:49:49] [414/459] SRMD
[01:49:50] [415/459] RJDH
[01:49:51] [416/459] SSTD
[01:49:52] [417/459] AACV
[01:49:52] [418/459] PPVD
[01:49:53] [419/459] STCP
[01:49:54] [420/459] ANJR
[01:49:55] [421/459] ANLS
[01:49:57] [422/459] BIJO
[01:49:58] [423/459] AVAB
[01:49:59] [424/459] SPMD
[01:50:00] [425/459] SVJL
[01:50:00] [426/459] SDDJ
[01:50:01] [427/459] SLTU
[01:50:02] [428/459] SAKA
[01:50:04] [429/459] PMAM
[01:50:04] [430/459] FNAM
[01:50:05] [431/459] ACAM
[01:50:06] [432/459] SCMM
[01:50:07] [433/459] PMAK
[01:50:07] [434/459] NYSA
[01:50:08] [435/459] FCPA
[01:50:09] [436/459] GDAN
[01:50:10] [437/459] RSCA
[01:50:11] [438/459] DMAN
[01:50:12] [439/459] DZCM
[01:50:13] [440/459] NSGL
[01:50:13] [441/459] CCPP
[01:50:14] [442/459] PSMG
[01:50:16] [443/459] GSER
[01:50:17] [444/459] FCCT
[01:50:17] [445/459] FCTB
[01:50:18] [446/459] LCNK
[01:50:19] [447/459] SKTY
[01:50:20] [448/459] INAA
[01:50:21] [449/459] RCWN
[01:50:22] [450/459] VAIS
[01:50:23] [451/459] CVMN
[01:50:24] [452/459] INTS
[01:50:24] [453/459] FRGS
[01:50:25] [454/459] DTCK
[01:50:26] [455/459] MCMH
[01:50:27] [456/459] ECRR
[01:50:28] [457/459] RLLP
[01:50:29] [458/459] CCSN
[01:50:30] [459/459] CCBA
[01:50:31] ✅ DONE | Shows=0 | Movies=0
