[15:08:51] 🚀 BMS DAILY TRACKER STARTED
[15:08:51] [1/459] MBDC
[15:08:51] 🧠 New identity
[15:08:53] [2/459] CHKM
[15:08:53] [3/459] JTKZ
[15:08:54] [4/459] CMCT
[15:08:55] [5/459] ASHO
[15:08:56] [6/459] ECDG
[15:08:57] [7/459] SPAT
[15:08:57] [8/459] HILC
[15:08:58] [9/459] SPPH
[15:08:59] [10/459] SBHN
[15:09:00] [11/459] RRCA
[15:09:00] [12/459] APAA
[15:09:01] [13/459] RAME
[15:09:02] [14/459] TMMS
[15:09:03] [15/459] BATK
[15:09:04] [16/459] LKOP
[15:09:04] [17/459] AMTT
[15:09:05] [18/459] PTGK
[15:09:06] [19/459] ANRS
[15:09:07] [20/459] VWBW
[15:09:08] [21/459] SVFG
[15:09:09] [22/459] STAT
[15:09:10] [23/459] GDCV
[15:09:11] [24/459] VEBI
[15:09:13] [25/459] VDSS
[15:09:14] [26/459] NTHV
[15:09:15] [27/459] AOCH
[15:09:16] [28/459] KASR
[15:09:17] [29/459] AYCS
[15:09:18] [30/459] SHAI
[15:09:19] [31/459] SKPE
[15:09:19] [32/459] SBTA
[15:09:20] [33/459] RTTD
[15:09:21] [34/459] CCJD
[15:09:22] [35/459] RSJJ
[15:09:23] [36/459] RKND
[15:09:24] [37/459] SVTX
[15:09:25] [38/459] BAKM
[15:09:26] [39/459] SVDC
[15:09:27] [40/459] MNCV
[15:09:27] [41/459] SJGC
[15:09:28] [42/459] MTPK
[15:09:29] [43/459] GATP
[15:09:30] [44/459] ABTS
[15:09:31] [45/459] ABDE
[15:09:32] [46/459] RCNM
[15:09:33] [47/459] KTHV
[15:09:34] [48/459] MDGJ
[15:09:34] [49/459] SMLM
[15:09:36] [50/459] JTMA
[15:09:37] [51/459] ACKP
[15:09:38] [52/459] SRTA
[15:09:38] [53/459] STAY
[15:09:39] [54/459] MAVO
[15:09:40] [55/459] APTS
[15:09:41] [56/459] OMEA
[15:09:42] [57/459] TTFD
[15:09:43] [58/459] MJCU
[15:09:43] [59/459] CXTE
[15:09:44] [60/459] CTPX
[15:09:45] [61/459] ASSL
[15:09:46] [62/459] CMVB
[15:09:46] [63/459] VPUR
[15:09:47] [64/459] JJDA
[15:09:48] [65/459] INBL
[15:09:49] [66/459] BIKB
[15:09:49] [67/459] NTBB
[15:09:50] [68/459] GLOB
[15:09:51] [69/459] SNTB
[15:09:52] [70/459] CHGV
[15:09:53] [71/459] SSBZ
[15:09:54] [72/459] PRDB
[15:09:54] [73/459] ISMT
[15:09:55] [74/459] MCSD
[15:09:56] [75/459] JBTT
[15:09:57] [76/459] GEKR
[15:09:58] [77/459] PVUN
[15:09:58] [78/459] NRTB
[15:09:59] [79/459] PRAA
[15:10:00] [80/459] PCBL
[15:10:01] [81/459] PTCM
[15:10:02] [82/459] KHNN
[15:10:03] [83/459] OMJE
[15:10:03] [84/459] STGN
[15:10:04] [85/459] RPMS
[15:10:05] [86/459] NWAD
[15:10:06] [87/459] BLCK
[15:10:06] [88/459] SVAA
[15:10:07] [89/459] URVM
[15:10:08] [90/459] ANTM
[15:10:09] [91/459] VJYM
[15:10:10] [92/459] MAZZ
[15:10:10] [93/459] CSHM
[15:10:11] [94/459] WGMH
[15:10:12] [95/459] SALN
[15:10:13] [96/459] BRTP
[15:10:14] [97/459] SVTA
[15:10:15] [98/459] SBTP
[15:10:16] [99/459] VLSS
[15:10:16] [100/459] SRJA
[15:10:17] [101/459] ANCG
[15:10:19] [102/459] CGGC
[15:10:19] [103/459] CRJA
[15:10:20] [104/459] USCR
[15:10:22] [105/459] MMEF
[15:10:23] [106/459] JCRJ
[15:10:23] [107/459] ADCM
[15:10:24] [108/459] BMYK
[15:10:26] [109/459] KICS
[15:10:26] [110/459] MBBT
[15:10:27] [111/459] MACK
[15:10:28] [112/459] CLDR
[15:10:29] [113/459] JYCR
[15:10:30] [114/459] DCRP
[15:10:31] [115/459] RAHT
[15:10:32] [116/459] CSSM
[15:10:33] [117/459] ATPK
[15:10:34] [118/459] KLRT
[15:10:35] [119/459] SRDD
[15:10:36] [120/459] CKMC
[15:10:37] [121/459] KRVM
[15:10:38] [122/459] AKCP
[15:10:39] [123/459] CNCV
[15:10:39] [124/459] PACT
[15:10:40] [125/459] NATP
[15:10:41] [126/459] PCPK
[15:10:42] [127/459] SMHO
[15:10:43] [128/459] CWTK
[15:10:44] [129/459] RVKZ
[15:10:44] [130/459] ASPD
[15:10:45] [131/459] VTKZ
[15:10:46] [132/459] LCSO
[15:10:47] [133/459] PRDY
[15:10:48] [134/459] RCAP
[15:10:49] [135/459] RGAR
[15:10:49] [136/459] RCAC
[15:10:50] [137/459] PMOD
[15:10:51] [138/459] PVCN
[15:10:52] [139/459] SCRZ
[15:10:54] [140/459] PVPC
[15:10:55] [141/459] STID
[15:10:55] [142/459] NEDD
[15:10:56] [143/459] BNBA
[15:10:57] [144/459] NTCD
[15:10:58] [145/459] OCDE
[15:10:59] [146/459] CCDU
[15:10:59] [147/459] CRXH
[15:11:00] [148/459] VLVT
[15:11:01] [149/459] CICI
[15:11:02] [150/459] SUCB
[15:11:03] [151/459] TCBP
[15:11:03] [152/459] SCCY
[15:11:04] [153/459] LXCY
[15:11:05] [154/459] NCMD
[15:11:06] [155/459] PHCS
[15:11:07] [156/459] DUXR
[15:11:08] [157/459] VNKS
[15:11:08] [158/459] SEDP
[15:11:09] [159/459] SVEN
[15:11:10] [160/459] SRKM
[15:11:11] [161/459] JTLT
[15:11:12] [162/459] SVSS
[15:11:13] [163/459] AMDE
[15:11:14] [164/459] WVRN
[15:11:14] [165/459] ISMG
[15:11:15] [166/459] WVKS
[15:11:16] [167/459] USCG
[15:11:17] [168/459] IOTG
[15:11:18] [169/459] RRJM
[15:11:18] [170/459] EDMP
[15:11:19] [171/459] SCGZ
[15:11:20] [172/459] GMGX
[15:11:21] [173/459] OMTP
[15:11:22] [174/459] MITD
[15:11:23] [175/459] SMMD
[15:11:24] [176/459] STML
[15:11:25] [177/459] MCFS
[15:11:26] [178/459] FPKA
[15:11:27] [179/459] OMLR
[15:11:28] [180/459] KKSC
[15:11:29] [181/459] RVMA
[15:11:30] [182/459] SCLL
[15:11:31] [183/459] SCDK
[15:11:31] [184/459] SXMI
[15:11:32] [185/459] SHDN
[15:11:33] [186/459] PAAD
[15:11:34] [187/459] UUCB
[15:11:34] [188/459] JHOL
[15:11:35] [189/459] SGWT
[15:11:36] [190/459] SRII
[15:11:37] [191/459] SGCK
[15:11:38] [192/459] SVVB
[15:11:38] [193/459] DMHA
[15:11:39] [194/459] PPNL
[15:11:40] [195/459] CPNL
[15:11:41] [196/459] WVLD
[15:11:42] [197/459] PSLV
[15:11:43] [198/459] VTTL
[15:11:44] [199/459] NPAD
[15:11:45] [200/459] PVCS
[15:11:46] [201/459] MCHL
[15:11:47] [202/459] PPLL
[15:11:48] [203/459] MALO
[15:11:48] [204/459] SWBH
[15:11:49] [205/459] PUGB
[15:11:50] [206/459] INBB
[15:11:51] [207/459] INNS
[15:11:52] [208/459] MCPT
[15:11:53] [209/459] SCMI
[15:11:54] [210/459] OCON
[15:11:55] [211/459] SCSM
[15:11:55] [212/459] RJVN
[15:11:56] [213/459] AMDK
[15:11:57] [214/459] ISMR
[15:11:58] [215/459] SMTD
[15:11:58] [216/459] VTDD
[15:11:59] [217/459] PDDZ
[15:12:00] [218/459] PCCK
[15:12:01] [219/459] INAM
[15:12:02] [220/459] FNKT
[15:12:03] [221/459] GDKA
[15:12:03] [222/459] MAYU
[15:12:04] [223/459] TCGU
[15:12:05] [224/459] KDCA
[15:12:06] [225/459] DOMY
[15:12:06] [226/459] PDDD
[15:12:07] [227/459] BJTS
[15:12:08] [228/459] VTCA
[15:12:09] [229/459] SBTM
[15:12:10] [230/459] SEET
[15:12:10] [231/459] SSTJ
[15:12:11] [232/459] SVNT
[15:12:12] [233/459] PPPR
[15:12:13] [234/459] PVYS
[15:12:14] [235/459] IOSE
[15:12:14] [236/459] ACTV
[15:12:15] [237/459] APVE
[15:12:16] [238/459] TCCL
[15:12:17] [239/459] SCMO
[15:12:18] [240/459] SAUM
[15:12:18] [241/459] KCJS
[15:12:19] [242/459] NJCJ
[15:12:20] [243/459] NECF
[15:12:21] [244/459] CCGW
[15:12:21] [245/459] CCMG
[15:12:22] [246/459] NYRG
[15:12:23] [247/459] NCSQ
[15:12:24] [248/459] GRCG
[15:12:25] [249/459] CCBT
[15:12:26] [250/459] ACGA
[15:12:26] [251/459] INAG
[15:12:27] [252/459] FUCG
[15:12:28] [253/459] AICF
[15:12:29] [254/459] GRGA
[15:12:30] [255/459] GDCN
[15:12:31] [256/459] RRCG
[15:12:32] [257/459] SDCH
[15:12:33] [258/459] WVJM
[15:12:34] [259/459] JCCZ
[15:12:35] [260/459] CNCL
[15:12:36] [261/459] TMLV
[15:12:36] [262/459] MEMB
[15:12:37] [263/459] SGTD
[15:12:38] [264/459] CONX
[15:12:40] [265/459] CCMH
[15:12:41] [266/459] ACMC
[15:12:42] [267/459] DTPD
[15:12:42] [268/459] POJA
[15:12:43] [269/459] FNBH
[15:12:44] [270/459] CGCB
[15:12:45] [271/459] RACN
[15:12:47] [272/459] JTSM
[15:12:48] [273/459] SCDN
[15:12:49] [274/459] AACK
[15:12:49] [275/459] RMCE
[15:12:50] [276/459] BSGB
[15:12:51] [277/459] MRCB
[15:12:52] [278/459] SRVR
[15:12:53] [279/459] VTKK
[15:12:53] [280/459] AMST
[15:12:54] [281/459] APCY
[15:12:55] [282/459] LMHO
[15:12:56] [283/459] MTZH
[15:12:58] [284/459] AMZB
[15:12:58] [285/459] SUVT
[15:12:59] [286/459] RCIP
[15:13:01] [287/459] KESR
[15:13:01] [288/459] SNKC
[15:13:02] [289/459] SCED
[15:13:04] [290/459] DVCA
[15:13:05] [291/459] VCDT
[15:13:06] [292/459] RRDI
[15:13:07] [293/459] DFCH
[15:13:07] [294/459] INSC
[15:13:08] [295/459] RGTR
[15:13:09] [296/459] FMOT
[15:13:10] [297/459] SCPM
[15:13:11] [298/459] GCDT
[15:13:12] [299/459] BRKT
[15:13:13] [300/459] DEMP
[15:13:14] [301/459] SRLC
[15:13:15] [302/459] KSTT
[15:13:16] [303/459] SMMT
[15:13:17] [304/459] SILM
[15:13:17] [305/459] JCVM
[15:13:18] [306/459] KCSV
[15:13:19] [307/459] MHLK
[15:13:20] [308/459] SLVL
[15:13:21] [309/459] RJKP
[15:13:21] [310/459] BBPC
[15:13:22] [311/459] MXCB
[15:13:24] [312/459] TCPK
[15:13:25] [313/459] RTBR
[15:13:25] [314/459] GAUT
[15:13:26] [315/459] DVCF
[15:13:27] [316/459] JTSB
[15:13:28] [317/459] SBLS
[15:13:29] [318/459] UDAY
[15:13:30] [319/459] PTNP
[15:13:31] [320/459] DMKT
[15:13:32] [321/459] NTDT
[15:13:32] [322/459] SHDJ
[15:13:33] [323/459] OTNC
[15:13:34] [324/459] RNTW
[15:13:35] [325/459] GCMI
[15:13:36] [326/459] CRCM
[15:13:38] [327/459] NNCZ
[15:13:38] [328/459] OEMO
[15:13:39] [329/459] PVJM
[15:13:40] [330/459] CPJI
[15:13:41] [331/459] RMCJ
[15:13:42] [332/459] CNWJ
[15:13:43] [333/459] EPJM
[15:13:44] [334/459] FNJJ
[15:13:45] [335/459] GCMJ
[15:13:46] [336/459] INPS
[15:13:47] [337/459] BICJ
[15:13:48] [338/459] ISTJ
[15:13:48] [339/459] INJC
[15:13:49] [340/459] GLXJ
[15:13:50] [341/459] INEM
[15:13:51] [342/459] JTMN
[15:13:52] [343/459] FRCJ
[15:13:52] [344/459] DDJP
[15:13:53] [345/459] INJV
[15:13:54] [346/459] GOLC
[15:13:55] [347/459] KOCI
[15:13:56] [348/459] FSTD
[15:13:57] [349/459] PACJ
[15:13:58] [350/459] GMCN
[15:13:58] [351/459] MMDJ
[15:13:59] [352/459] GODH
[15:14:00] [353/459] SKYN
[15:14:01] [354/459] NCTH
[15:14:02] [355/459] SKVZ
[15:14:02] [356/459] SVML
[15:14:04] [357/459] ACVZ
[15:14:05] [358/459] SURA
[15:14:06] [359/459] RTRB
[15:14:07] [360/459] LLCT
[15:14:08] [361/459] ATTS
[15:14:09] [362/459] JYCM
[15:14:10] [363/459] CTKR
[15:14:10] [364/459] LCKR
[15:14:12] [365/459] NYCV
[15:14:13] [366/459] NYOH
[15:14:14] [367/459] NOVX
[15:14:14] [368/459] MRGK
[15:14:15] [369/459] MOON
[15:14:16] [370/459] SBUC
[15:14:17] [371/459] GSVA
[15:14:17] [372/459] VIAK
[15:14:18] [373/459] SMVZ
[15:14:19] [374/459] MATE
[15:14:20] [375/459] RDCN
[15:14:21] [376/459] ASBL
[15:14:22] [377/459] ASVS
[15:14:23] [378/459] ASSR
[15:14:24] [379/459] SSKN
[15:14:24] [380/459] DRPV
[15:14:25] [381/459] MRHT
[15:14:26] [382/459] BSCN
[15:14:27] [383/459] RKNX
[15:14:27] [384/459] MSMC
[15:14:28] [385/459] MSCJ
[15:14:29] [386/459] BTBJ
[15:14:30] [387/459] MJCC
[15:14:30] [388/459] IOMM
[15:14:31] [389/459] ADGR
[15:14:32] [390/459] MYCP
[15:14:33] [391/459] IGCM
[15:14:34] [392/459] PGRK
[15:14:35] [393/459] VPGO
[15:14:36] [394/459] KOMS
[15:14:37] [395/459] URGG
[15:14:37] [396/459] GOST
[15:14:38] [397/459] LACT
[15:14:39] [398/459] BWCM
[15:14:40] [399/459] NCCW
[15:14:42] [400/459] SKYC
[15:14:43] [401/459] CCPM
[15:14:44] [402/459] VCBT
[15:14:45] [403/459] SDKR
[15:14:46] [404/459] CTYB
[15:14:47] [405/459] SHCX
[15:14:48] [406/459] RCUN
[15:14:50] [407/459] CNRA
[15:14:50] [408/459] RFCA
[15:14:51] [409/459] RDCU
[15:14:52] [410/459] SARK
[15:14:53] [411/459] SPPP
[15:14:54] [412/459] ADMB
[15:14:56] [413/459] JYOE
[15:14:56] [414/459] SRMD
[15:14:57] [415/459] RJDH
[15:14:58] [416/459] SSTD
[15:14:59] [417/459] AACV
[15:15:00] [418/459] PPVD
[15:15:01] [419/459] STCP
[15:15:02] [420/459] ANJR
[15:15:03] [421/459] ANLS
[15:15:03] [422/459] BIJO
[15:15:04] [423/459] AVAB
[15:15:05] [424/459] SPMD
[15:15:07] [425/459] SVJL
[15:15:07] [426/459] SDDJ
[15:15:08] [427/459] SLTU
[15:15:09] [428/459] SAKA
[15:15:11] [429/459] PMAM
[15:15:13] [430/459] FNAM
[15:15:13] [431/459] ACAM
[15:15:14] [432/459] SCMM
[15:15:15] [433/459] PMAK
[15:15:16] [434/459] NYSA
[15:15:17] [435/459] FCPA
[15:15:18] [436/459] GDAN
[15:15:18] [437/459] RSCA
[15:15:19] [438/459] DMAN
[15:15:20] [439/459] DZCM
[15:15:21] [440/459] NSGL
[15:15:22] [441/459] CCPP
[15:15:23] [442/459] PSMG
[15:15:23] [443/459] GSER
[15:15:24] [444/459] FCCT
[15:15:25] [445/459] FCTB
[15:15:26] [446/459] LCNK
[15:15:27] [447/459] SKTY
[15:15:28] [448/459] INAA
[15:15:29] [449/459] RCWN
[15:15:29] [450/459] VAIS
[15:15:30] [451/459] CVMN
[15:15:31] [452/459] INTS
[15:15:32] [453/459] FRGS
[15:15:33] [454/459] DTCK
[15:15:33] [455/459] MCMH
[15:15:34] [456/459] ECRR
[15:15:35] [457/459] RLLP
[15:15:36] [458/459] CCSN
[15:15:37] [459/459] CCBA
[15:15:38] ✅ DONE | Shows=806 | Movies=54
[15:57:39] 🚀 BMS DAILY TRACKER STARTED
[15:57:39] [1/459] MBDC
[15:57:39] 🧠 New identity
[15:57:40] [2/459] CHKM
[15:57:40] [3/459] JTKZ
[15:57:41] [4/459] CMCT
[15:57:42] [5/459] ASHO
[15:57:43] [6/459] ECDG
[15:57:44] [7/459] SPAT
[15:57:44] [8/459] HILC
[15:57:45] [9/459] SPPH
[15:57:46] [10/459] SBHN
[15:57:47] [11/459] RRCA
[15:57:48] [12/459] APAA
[15:57:49] [13/459] RAME
[15:57:50] [14/459] TMMS
[15:57:50] [15/459] BATK
[15:57:51] [16/459] LKOP
[15:57:53] [17/459] AMTT
[15:57:54] [18/459] PTGK
[15:57:55] [19/459] ANRS
[15:57:56] [20/459] VWBW
[15:57:56] [21/459] SVFG
[15:57:57] [22/459] STAT
[15:57:58] [23/459] GDCV
[15:58:00] [24/459] VEBI
[15:58:01] [25/459] VDSS
[15:58:03] [26/459] NTHV
[15:58:03] [27/459] AOCH
[15:58:04] [28/459] KASR
[15:58:05] [29/459] AYCS
[15:58:06] [30/459] SHAI
[15:58:07] [31/459] SKPE
[15:58:08] [32/459] SBTA
[15:58:09] [33/459] RTTD
[15:58:10] [34/459] CCJD
[15:58:11] [35/459] RSJJ
[15:58:12] [36/459] RKND
[15:58:13] [37/459] SVTX
[15:58:14] [38/459] BAKM
[15:58:16] [39/459] SVDC
[15:58:17] [40/459] MNCV
[15:58:18] [41/459] SJGC
[15:58:19] [42/459] MTPK
[15:58:20] [43/459] GATP
[15:58:21] [44/459] ABTS
[15:58:22] [45/459] ABDE
[15:58:22] [46/459] RCNM
[15:58:23] [47/459] KTHV
[15:58:24] [48/459] MDGJ
[15:58:25] [49/459] SMLM
[15:58:26] [50/459] JTMA
[15:58:27] [51/459] ACKP
[15:58:27] [52/459] SRTA
[15:58:28] [53/459] STAY
[15:58:30] [54/459] MAVO
[15:58:31] [55/459] APTS
[15:58:32] [56/459] OMEA
[15:58:33] [57/459] TTFD
[15:58:34] [58/459] MJCU
[15:58:35] [59/459] CXTE
[15:58:37] [60/459] CTPX
[15:58:37] [61/459] ASSL
[15:58:38] [62/459] CMVB
[15:58:39] [63/459] VPUR
[15:58:40] [64/459] JJDA
[15:58:41] [65/459] INBL
[15:58:42] [66/459] BIKB
[15:58:43] [67/459] NTBB
[15:58:43] [68/459] GLOB
[15:58:44] [69/459] SNTB
[15:58:45] [70/459] CHGV
[15:58:46] [71/459] SSBZ
[15:58:47] [72/459] PRDB
[15:58:48] [73/459] ISMT
[15:58:49] [74/459] MCSD
[15:58:50] [75/459] JBTT
[15:58:50] [76/459] GEKR
[15:58:51] [77/459] PVUN
[15:58:52] [78/459] NRTB
[15:58:53] [79/459] PRAA
[15:58:54] [80/459] PCBL
[15:58:55] [81/459] PTCM
[15:58:55] [82/459] KHNN
[15:58:56] [83/459] OMJE
[15:58:57] [84/459] STGN
[15:58:58] [85/459] RPMS
[15:58:59] [86/459] NWAD
[15:59:00] [87/459] BLCK
[15:59:00] [88/459] SVAA
[15:59:01] [89/459] URVM
[15:59:02] [90/459] ANTM
[15:59:03] [91/459] VJYM
[15:59:04] [92/459] MAZZ
[15:59:04] [93/459] CSHM
[15:59:05] [94/459] WGMH
[15:59:06] [95/459] SALN
[15:59:07] [96/459] BRTP
[15:59:07] [97/459] SVTA
[15:59:08] [98/459] SBTP
[15:59:09] [99/459] VLSS
[15:59:10] [100/459] SRJA
[15:59:12] [101/459] ANCG
[15:59:13] [102/459] CGGC
[15:59:13] [103/459] CRJA
[15:59:15] [104/459] USCR
[15:59:16] [105/459] MMEF
[15:59:18] [106/459] JCRJ
[15:59:18] [107/459] ADCM
[15:59:19] [108/459] BMYK
[15:59:21] [109/459] KICS
[15:59:22] [110/459] MBBT
[15:59:22] [111/459] MACK
[15:59:23] [112/459] CLDR
[15:59:24] [113/459] JYCR
[15:59:25] [114/459] DCRP
[15:59:26] [115/459] RAHT
[15:59:27] [116/459] CSSM
[15:59:28] [117/459] ATPK
[15:59:28] [118/459] KLRT
[15:59:29] [119/459] SRDD
[15:59:30] [120/459] CKMC
[15:59:31] [121/459] KRVM
[15:59:32] [122/459] AKCP
[15:59:34] [123/459] CNCV
[15:59:34] [124/459] PACT
[15:59:35] [125/459] NATP
[15:59:36] [126/459] PCPK
[15:59:37] [127/459] SMHO
[15:59:38] [128/459] CWTK
[15:59:39] [129/459] RVKZ
[15:59:40] [130/459] ASPD
[15:59:41] [131/459] VTKZ
[15:59:41] [132/459] LCSO
[15:59:42] [133/459] PRDY
[15:59:43] [134/459] RCAP
[15:59:44] [135/459] RGAR
[15:59:44] [136/459] RCAC
[15:59:45] [137/459] PMOD
[15:59:46] [138/459] PVCN
[15:59:47] [139/459] SCRZ
[15:59:48] [140/459] PVPC
[15:59:49] [141/459] STID
[15:59:50] [142/459] NEDD
[15:59:51] [143/459] BNBA
[15:59:52] [144/459] NTCD
[15:59:53] [145/459] OCDE
[15:59:54] [146/459] CCDU
[15:59:55] [147/459] CRXH
[15:59:56] [148/459] VLVT
[15:59:57] [149/459] CICI
[15:59:57] [150/459] SUCB
[15:59:58] [151/459] TCBP
[15:59:59] [152/459] SCCY
[16:00:00] [153/459] LXCY
[16:00:01] [154/459] NCMD
[16:00:02] [155/459] PHCS
[16:00:03] [156/459] DUXR
[16:00:03] [157/459] VNKS
[16:00:04] [158/459] SEDP
[16:00:05] [159/459] SVEN
[16:00:07] [160/459] SRKM
[16:00:08] [161/459] JTLT
[16:00:08] [162/459] SVSS
[16:00:09] [163/459] AMDE
[16:00:10] [164/459] WVRN
[16:00:11] [165/459] ISMG
[16:00:12] [166/459] WVKS
[16:00:13] [167/459] USCG
[16:00:13] [168/459] IOTG
[16:00:14] [169/459] RRJM
[16:00:15] [170/459] EDMP
[16:00:16] [171/459] SCGZ
[16:00:17] [172/459] GMGX
[16:00:17] [173/459] OMTP
[16:00:18] [174/459] MITD
[16:00:19] [175/459] SMMD
[16:00:20] [176/459] STML
[16:00:21] [177/459] MCFS
[16:00:22] [178/459] FPKA
[16:00:23] [179/459] OMLR
[16:00:24] [180/459] KKSC
[16:00:25] [181/459] RVMA
[16:00:26] [182/459] SCLL
[16:00:26] [183/459] SCDK
[16:00:27] [184/459] SXMI
[16:00:28] [185/459] SHDN
[16:00:30] [186/459] PAAD
[16:00:31] [187/459] UUCB
[16:00:32] [188/459] JHOL
[16:00:33] [189/459] SGWT
[16:00:34] [190/459] SRII
[16:00:35] [191/459] SGCK
[16:00:36] [192/459] SVVB
[16:00:37] [193/459] DMHA
[16:00:38] [194/459] PPNL
[16:00:39] [195/459] CPNL
[16:00:40] [196/459] WVLD
[16:00:41] [197/459] PSLV
[16:00:42] [198/459] VTTL
[16:00:43] [199/459] NPAD
[16:00:43] [200/459] PVCS
[16:00:44] [201/459] MCHL
[16:00:45] [202/459] PPLL
[16:00:46] [203/459] MALO
[16:00:48] [204/459] SWBH
[16:00:49] [205/459] PUGB
[16:00:49] [206/459] INBB
[16:00:50] [207/459] INNS
[16:00:51] [208/459] MCPT
[16:00:52] [209/459] SCMI
[16:00:53] [210/459] OCON
[16:00:54] [211/459] SCSM
[16:00:55] [212/459] RJVN
[16:00:55] [213/459] AMDK
[16:00:56] [214/459] ISMR
[16:00:57] [215/459] SMTD
[16:00:58] [216/459] VTDD
[16:00:58] [217/459] PDDZ
[16:00:59] [218/459] PCCK
[16:01:00] [219/459] INAM
[16:01:01] [220/459] FNKT
[16:01:02] [221/459] GDKA
[16:01:03] [222/459] MAYU
[16:01:04] [223/459] TCGU
[16:01:04] [224/459] KDCA
[16:01:05] [225/459] DOMY
[16:01:06] [226/459] PDDD
[16:01:07] [227/459] BJTS
[16:01:07] [228/459] VTCA
[16:01:09] [229/459] SBTM
[16:01:10] [230/459] SEET
[16:01:11] [231/459] SSTJ
[16:01:12] [232/459] SVNT
[16:01:14] [233/459] PPPR
[16:01:15] [234/459] PVYS
[16:01:17] [235/459] IOSE
[16:01:18] [236/459] ACTV
[16:01:18] [237/459] APVE
[16:01:19] [238/459] TCCL
[16:01:20] [239/459] SCMO
[16:01:21] [240/459] SAUM
[16:01:23] [241/459] KCJS
[16:01:23] [242/459] NJCJ
[16:01:24] [243/459] NECF
[16:01:25] [244/459] CCGW
[16:01:26] [245/459] CCMG
[16:01:27] [246/459] NYRG
[16:01:28] [247/459] NCSQ
[16:01:29] [248/459] GRCG
[16:01:29] [249/459] CCBT
[16:01:30] [250/459] ACGA
[16:01:31] [251/459] INAG
[16:01:32] [252/459] FUCG
[16:01:33] [253/459] AICF
[16:01:33] [254/459] GRGA
[16:01:34] [255/459] GDCN
[16:01:35] [256/459] RRCG
[16:01:36] [257/459] SDCH
[16:01:37] [258/459] WVJM
[16:01:38] [259/459] JCCZ
[16:01:40] [260/459] CNCL
[16:01:40] [261/459] TMLV
[16:01:41] [262/459] MEMB
[16:01:42] [263/459] SGTD
[16:01:43] [264/459] CONX
[16:01:44] [265/459] CCMH
[16:01:45] [266/459] ACMC
[16:01:46] [267/459] DTPD
[16:01:48] [268/459] POJA
[16:01:49] [269/459] FNBH
[16:01:51] [270/459] CGCB
[16:01:53] [271/459] RACN
[16:01:54] [272/459] JTSM
[16:01:56] [273/459] SCDN
[16:01:57] [274/459] AACK
[16:01:59] [275/459] RMCE
[16:02:00] [276/459] BSGB
[16:02:01] [277/459] MRCB
[16:02:02] [278/459] SRVR
[16:02:04] [279/459] VTKK
[16:02:05] [280/459] AMST
[16:02:06] [281/459] APCY
[16:02:08] [282/459] LMHO
[16:02:09] [283/459] MTZH
[16:02:10] [284/459] AMZB
[16:02:11] [285/459] SUVT
[16:02:12] [286/459] RCIP
[16:02:13] [287/459] KESR
[16:02:14] [288/459] SNKC
[16:02:15] [289/459] SCED
[16:02:16] [290/459] DVCA
[16:02:17] [291/459] VCDT
[16:02:18] [292/459] RRDI
[16:02:19] [293/459] DFCH
[16:02:21] [294/459] INSC
[16:02:22] [295/459] RGTR
[16:02:23] [296/459] FMOT
[16:02:24] [297/459] SCPM
[16:02:26] [298/459] GCDT
[16:02:27] [299/459] BRKT
[16:02:28] [300/459] DEMP
[16:02:29] [301/459] SRLC
[16:02:30] [302/459] KSTT
[16:02:31] [303/459] SMMT
[16:02:32] [304/459] SILM
[16:02:34] [305/459] JCVM
[16:02:35] [306/459] KCSV
[16:02:36] [307/459] MHLK
[16:02:37] [308/459] SLVL
[16:02:38] [309/459] RJKP
[16:02:39] [310/459] BBPC
[16:02:40] [311/459] MXCB
[16:02:41] [312/459] TCPK
[16:02:41] [313/459] RTBR
[16:02:43] [314/459] GAUT
[16:02:44] [315/459] DVCF
[16:02:45] [316/459] JTSB
[16:02:46] [317/459] SBLS
[16:02:47] [318/459] UDAY
[16:02:49] [319/459] PTNP
[16:02:49] [320/459] DMKT
[16:02:50] [321/459] NTDT
[16:02:51] [322/459] SHDJ
[16:02:52] [323/459] OTNC
[16:02:52] [324/459] RNTW
[16:02:53] [325/459] GCMI
[16:02:54] [326/459] CRCM
[16:02:55] [327/459] NNCZ
[16:02:55] [328/459] OEMO
[16:02:56] [329/459] PVJM
[16:02:57] [330/459] CPJI
[16:02:59] [331/459] RMCJ
[16:03:01] [332/459] CNWJ
[16:03:02] [333/459] EPJM
[16:03:03] [334/459] FNJJ
[16:03:05] [335/459] GCMJ
[16:03:06] [336/459] INPS
[16:03:07] [337/459] BICJ
[16:03:09] [338/459] ISTJ
[16:03:10] [339/459] INJC
[16:03:11] [340/459] GLXJ
[16:03:12] [341/459] INEM
[16:03:13] [342/459] JTMN
[16:03:13] [343/459] FRCJ
[16:03:14] [344/459] DDJP
[16:03:16] [345/459] INJV
[16:03:17] [346/459] GOLC
[16:03:18] [347/459] KOCI
[16:03:18] [348/459] FSTD
[16:03:19] [349/459] PACJ
[16:03:20] [350/459] GMCN
[16:03:21] [351/459] MMDJ
[16:03:21] [352/459] GODH
[16:03:22] [353/459] SKYN
[16:03:23] [354/459] NCTH
[16:03:24] [355/459] SKVZ
[16:03:24] [356/459] SVML
[16:03:25] [357/459] ACVZ
[16:03:26] [358/459] SURA
[16:03:27] [359/459] RTRB
[16:03:28] [360/459] LLCT
[16:03:29] [361/459] ATTS
[16:03:30] [362/459] JYCM
[16:03:31] [363/459] CTKR
[16:03:32] [364/459] LCKR
[16:03:32] [365/459] NYCV
[16:03:33] [366/459] NYOH
[16:03:35] [367/459] NOVX
[16:03:36] [368/459] MRGK
[16:03:37] [369/459] MOON
[16:03:38] [370/459] SBUC
[16:03:39] [371/459] GSVA
[16:03:40] [372/459] VIAK
[16:03:41] [373/459] SMVZ
[16:03:41] [374/459] MATE
[16:03:42] [375/459] RDCN
[16:03:43] [376/459] ASBL
[16:03:45] [377/459] ASVS
[16:03:45] [378/459] ASSR
[16:03:46] [379/459] SSKN
[16:03:47] [380/459] DRPV
[16:03:48] [381/459] MRHT
[16:03:49] [382/459] BSCN
[16:03:50] [383/459] RKNX
[16:03:50] [384/459] MSMC
[16:03:52] [385/459] MSCJ
[16:03:53] [386/459] BTBJ
[16:03:54] [387/459] MJCC
[16:03:54] [388/459] IOMM
[16:03:55] [389/459] ADGR
[16:03:57] [390/459] MYCP
[16:03:58] [391/459] IGCM
[16:03:59] [392/459] PGRK
[16:03:59] [393/459] VPGO
[16:04:00] [394/459] KOMS
[16:04:01] [395/459] URGG
[16:04:03] [396/459] GOST
[16:04:04] [397/459] LACT
[16:04:04] [398/459] BWCM
[16:04:05] [399/459] NCCW
[16:04:06] [400/459] SKYC
[16:04:08] [401/459] CCPM
[16:04:09] [402/459] VCBT
[16:04:09] [403/459] SDKR
[16:04:10] [404/459] CTYB
[16:04:11] [405/459] SHCX
[16:04:12] [406/459] RCUN
[16:04:12] [407/459] CNRA
[16:04:13] [408/459] RFCA
[16:04:14] [409/459] RDCU
[16:04:15] [410/459] SARK
[16:04:16] [411/459] SPPP
[16:04:16] [412/459] ADMB
[16:04:17] [413/459] JYOE
[16:04:18] [414/459] SRMD
[16:04:19] [415/459] RJDH
[16:04:20] [416/459] SSTD
[16:04:20] [417/459] AACV
[16:04:21] [418/459] PPVD
[16:04:22] [419/459] STCP
[16:04:23] [420/459] ANJR
[16:04:24] [421/459] ANLS
[16:04:25] [422/459] BIJO
[16:04:26] [423/459] AVAB
[16:04:27] [424/459] SPMD
[16:04:27] [425/459] SVJL
[16:04:28] [426/459] SDDJ
[16:04:29] [427/459] SLTU
[16:04:31] [428/459] SAKA
[16:04:31] [429/459] PMAM
[16:04:32] [430/459] FNAM
[16:04:33] [431/459] ACAM
[16:04:34] [432/459] SCMM
[16:04:34] [433/459] PMAK
[16:04:36] [434/459] NYSA
[16:04:37] [435/459] FCPA
[16:04:38] [436/459] GDAN
[16:04:40] [437/459] RSCA
[16:04:40] [438/459] DMAN
[16:04:41] [439/459] DZCM
[16:04:42] [440/459] NSGL
[16:04:43] [441/459] CCPP
[16:04:43] [442/459] PSMG
[16:04:44] [443/459] GSER
[16:04:45] [444/459] FCCT
[16:04:46] [445/459] FCTB
[16:04:47] [446/459] LCNK
[16:04:48] [447/459] SKTY
[16:04:49] [448/459] INAA
[16:04:50] [449/459] RCWN
[16:04:51] [450/459] VAIS
[16:04:52] [451/459] CVMN
[16:04:53] [452/459] INTS
[16:04:53] [453/459] FRGS
[16:04:54] [454/459] DTCK
[16:04:55] [455/459] MCMH
[16:04:56] [456/459] ECRR
[16:04:57] [457/459] RLLP
[16:04:58] [458/459] CCSN
[16:04:59] [459/459] CCBA
[16:04:59] ✅ DONE | Shows=966 | Movies=54
