[15:09:10] 🚀 BMS DAILY TRACKER STARTED
[15:09:10] [1/459] FNDB
[15:09:10] 🧠 New identity
[15:09:11] [2/459] AMBH
[15:09:12] [3/459] PRHN
[15:09:12] [4/459] ACPM
[15:09:13] [5/459] PVFS
[15:09:14] [6/459] AACN
[15:09:16] [7/459] ACAS
[15:09:17] [8/459] CTNR
[15:09:17] [9/459] MMAH
[15:09:18] [10/459] CPMH
[15:09:19] [11/459] IGMH
[15:09:20] [12/459] ABCS
[15:09:21] [13/459] CMMA
[15:09:22] [14/459] GPRH
[15:09:23] [15/459] PNNG
[15:09:23] [16/459] AMCA
[15:09:24] [17/459] ISTN
[15:09:25] [18/459] PIIC
[15:09:27] [19/459] AHMH
[15:09:27] [20/459] ASHN
[15:09:28] [21/459] INHY
[15:09:29] [22/459] SRMO
[15:09:30] [23/459] PIMH
[15:09:31] [24/459] PVTS
[15:09:32] [25/459] MMCA
[15:09:33] [26/459] AKYJ
[15:09:33] [27/459] BRKH
[15:09:34] [28/459] MAHM
[15:09:35] [29/459] CPHY
[15:09:36] [30/459] PVTP
[15:09:37] [31/459] SMMR
[15:09:38] [32/459] PVHM
[15:09:39] [33/459] SNDY
[15:09:40] [34/459] GOKU
[15:09:40] [35/459] ACEV
[15:09:41] [36/459] PVUM
[15:09:42] [37/459] VSWA
[15:09:43] [38/459] IPRS
[15:09:44] [39/459] ASGN
[15:09:45] [40/459] BKMV
[15:09:46] [41/459] PVYH
[15:09:47] [42/459] INKM
[15:09:49] [43/459] ARJU
[15:09:50] [44/459] JJPP
[15:09:51] [45/459] SSRM
[15:09:51] [46/459] HMHD
[15:09:53] [47/459] SNKH
[15:09:54] [48/459] ACHI
[15:09:55] [49/459] MRAA
[15:09:56] [50/459] INMH
[15:09:57] [51/459] ARMH
[15:09:58] [52/459] DVRR
[15:09:59] [53/459] SUDA
[15:09:59] [54/459] MCSS
[15:10:00] [55/459] VRKC
[15:10:01] [56/459] PRCX
[15:10:02] [57/459] ASJY
[15:10:03] [58/459] MTHY
[15:10:03] [59/459] SRCM
[15:10:04] [60/459] TVHY
[15:10:05] [61/459] STHD
[15:10:06] [62/459] CPCL
[15:10:07] [63/459] PSMJ
[15:10:08] [64/459] MRGT
[15:10:09] [65/459] ARYH
[15:10:09] [66/459] VTRB
[15:10:10] [67/459] SCHC
[15:10:11] [68/459] MRRG
[15:10:12] [69/459] SPCB
[15:10:13] [70/459] AMCM
[15:10:13] [71/459] IVNM
[15:10:14] [72/459] TRHY
[15:10:15] [73/459] PTTH
[15:10:16] [74/459] RKMH
[15:10:17] [75/459] PRCS
[15:10:17] [76/459] VAJA
[15:10:18] [77/459] BJNG
[15:10:19] [78/459] SCVM
[15:10:20] [79/459] GNHB
[15:10:21] [80/459] TLUR
[15:10:22] [81/459] UKCC
[15:10:22] [82/459] SRKR
[15:10:23] [83/459] RMKN
[15:10:24] [84/459] SLRT
[15:10:25] [85/459] LKMT
[15:10:26] [86/459] SSRJ
[15:10:26] [87/459] SPHT
[15:10:27] [88/459] ANTT
[15:10:28] [89/459] SRCH
[15:10:29] [90/459] SRCA
[15:10:30] [91/459] ARTH
[15:10:31] [92/459] MCBH
[15:10:33] [93/459] SNIB
[15:10:34] [94/459] SART
[15:10:34] [95/459] SKTA
[15:10:35] [96/459] YAKT
[15:10:36] [97/459] MLCK
[15:10:37] [98/459] ANTS
[15:10:38] [99/459] DGCA
[15:10:39] [100/459] SGMP
[15:10:39] [101/459] ASWN
[15:10:40] [102/459] KFVU
[15:10:41] [103/459] POOR
[15:10:42] [104/459] GKDN
[15:10:43] [105/459] EOSE
[15:10:44] [106/459] GTTT
[15:10:45] [107/459] ARRO
[15:10:46] [108/459] CMMK
[15:10:46] [109/459] MSCN
[15:10:47] [110/459] GDKH
[15:10:48] [111/459] DLMT
[15:10:49] [112/459] PVMF
[15:10:50] [113/459] CPCK
[15:10:51] [114/459] VMHE
[15:10:51] [115/459] PVLC
[15:10:53] [116/459] PCVB
[15:10:54] [117/459] SNYK
[15:10:55] [118/459] KTEK
[15:10:56] [119/459] PCNM
[15:10:57] [120/459] NTTR
[15:10:58] [121/459] CPSK
[15:10:59] [122/459] JMMA
[15:11:00] [123/459] GCFK
[15:11:01] [124/459] MYCA
[15:11:01] [125/459] KSNP
[15:11:02] [126/459] PMCE
[15:11:03] [127/459] SCKI
[15:11:04] [128/459] FSMA
[15:11:05] [129/459] CETA
[15:11:05] [130/459] MCIK
[15:11:06] [131/459] MYCR
[15:11:07] [132/459] EVMP
[15:11:09] [133/459] SSGT
[15:11:10] [134/459] KCTK
[15:11:10] [135/459] ZTKC
[15:11:11] [136/459] MMTA
[15:11:12] [137/459] MAJT
[15:11:13] [138/459] ACPK
[15:11:14] [139/459] JMAX
[15:11:15] [140/459] SETK
[15:11:17] [141/459] CAIS
[15:11:17] [142/459] AGCD
[15:11:18] [143/459] URCL
[15:11:19] [144/459] VTDS
[15:11:20] [145/459] JCNM
[15:11:21] [146/459] KCAM
[15:11:22] [147/459] ADCU
[15:11:23] [148/459] GXYN
[15:11:23] [149/459] SMJG
[15:11:24] [150/459] EYCJ
[15:11:25] [151/459] CCEJ
[15:11:26] [152/459] MARS
[15:11:27] [153/459] CPVJ
[15:11:28] [154/459] INVP
[15:11:28] [155/459] CPOV
[15:11:29] [156/459] VIJK
[15:11:30] [157/459] LAIM
[15:11:30] [158/459] STHV
[15:11:31] [159/459] SVLJ
[15:11:32] [160/459] ATVJ
[15:11:33] [161/459] JTSC
[15:11:34] [162/459] RMTV
[15:11:34] [163/459] MGGG
[15:11:35] [164/459] SWTH
[15:11:36] [165/459] INVJ
[15:11:37] [166/459] PRSV
[15:11:38] [167/459] JATV
[15:11:38] [168/459] RCVD
[15:11:39] [169/459] BDMA
[15:11:40] [170/459] BLJI
[15:11:41] [171/459] SWOT
[15:11:42] [172/459] SWRN
[15:11:43] [173/459] TVRA
[15:11:43] [174/459] VCSV
[15:11:44] [175/459] NVRN
[15:11:45] [176/459] SIKC
[15:11:46] [177/459] VAKR
[15:11:47] [178/459] SYLN
[15:11:48] [179/459] KLJL
[15:11:49] [180/459] LKMY
[15:11:49] [181/459] VSLY
[15:11:50] [182/459] CIKO
[15:11:51] [183/459] GPBG
[15:11:51] [184/459] CECM
[15:11:52] [185/459] SLKB
[15:11:53] [186/459] MTBO
[15:11:54] [187/459] SSHB
[15:11:55] [188/459] VPCS
[15:11:56] [189/459] RCSR
[15:11:57] [190/459] RJRM
[15:11:58] [191/459] KPPB
[15:11:59] [192/459] SEDC
[15:12:00] [193/459] SCAI
[15:12:01] [194/459] RMTR
[15:12:01] [195/459] ASST
[15:12:02] [196/459] GCAK
[15:12:03] [197/459] ANNK
[15:12:04] [198/459] KDDF
[15:12:05] [199/459] NRDP
[15:12:05] [200/459] PLAK
[15:12:06] [201/459] GCMC
[15:12:07] [202/459] ALPY
[15:12:08] [203/459] SICE
[15:12:09] [204/459] SISR
[15:12:10] [205/459] SRPZ
[15:12:11] [206/459] SRSW
[15:12:11] [207/459] SUYA
[15:12:12] [208/459] AMMT
[15:12:13] [209/459] BHCU
[15:12:14] [210/459] KLPA
[15:12:14] [211/459] NVKH
[15:12:15] [212/459] JMRC
[15:12:16] [213/459] KTTT
[15:12:17] [214/459] MAGH
[15:12:18] [215/459] MMMX
[15:12:19] [216/459] SALJ
[15:12:20] [217/459] GTJA
[15:12:21] [218/459] MAHT
[15:12:22] [219/459] SSNN
[15:12:23] [220/459] ARRP
[15:12:23] [221/459] ATNS
[15:12:24] [222/459] SKDT
[15:12:26] [223/459] ACAT
[15:12:27] [224/459] APRC
[15:12:28] [225/459] SWAG
[15:12:29] [226/459] SDPT
[15:12:30] [227/459] STPS
[15:12:31] [228/459] WWCZ
[15:12:32] [229/459] LLCH
[15:12:33] [230/459] MZHA
[15:12:34] [231/459] CRJG
[15:12:35] [232/459] JGTK
[15:12:36] [233/459] KCSR
[15:12:36] [234/459] CHTL
[15:12:37] [235/459] EDSR
[15:12:38] [236/459] CSWO
[15:12:39] [237/459] CPVM
[15:12:40] [238/459] MXBY
[15:12:40] [239/459] FMMA
[15:12:41] [240/459] POVI
[15:12:42] [241/459] MTHB
[15:12:43] [242/459] INRC
[15:12:44] [243/459] PIPP
[15:12:45] [244/459] BMXC
[15:12:45] [245/459] PCMM
[15:12:47] [246/459] PMKM
[15:12:48] [247/459] GATY
[15:12:49] [248/459] IMCM
[15:12:50] [249/459] POPE
[15:12:50] [250/459] MTCR
[15:12:52] [251/459] PVAE
[15:12:53] [252/459] PVMI
[15:12:54] [253/459] CPNM
[15:12:55] [254/459] FMRL
[15:12:55] [255/459] MCIW
[15:12:56] [256/459] MXBO
[15:12:57] [257/459] FMKY
[15:12:59] [258/459] FMDA
[15:13:00] [259/459] THAB
[15:13:00] [260/459] PRCW
[15:13:01] [261/459] PITI
[15:13:02] [262/459] MCFF
[15:13:02] [263/459] PDDV
[15:13:03] [264/459] MCRM
[15:13:04] [265/459] KKMB
[15:13:05] [266/459] INKO
[15:13:06] [267/459] PLXP
[15:13:07] [268/459] MMHA
[15:13:08] [269/459] FMVS
[15:13:08] [270/459] POLM
[15:13:09] [271/459] STER
[15:13:10] [272/459] PVWJ
[15:13:11] [273/459] IMJW
[15:13:12] [274/459] FNAN
[15:13:13] [275/459] CAGL
[15:13:14] [276/459] IPBG
[15:13:15] [277/459] SMFV
[15:13:16] [278/459] MMMR
[15:13:16] [279/459] MMWM
[15:13:17] [280/459] FNCM
[15:13:18] [281/459] MDVA
[15:13:19] [282/459] MMET
[15:13:19] [283/459] MIDO
[15:13:21] [284/459] INNP
[15:13:22] [285/459] MIFU
[15:13:23] [286/459] MMSZ
[15:13:24] [287/459] BMXA
[15:13:24] [288/459] MCAA
[15:13:25] [289/459] SCVP
[15:13:26] [290/459] PLUS
[15:13:27] [291/459] MUCK
[15:13:28] [292/459] MTMA
[15:13:29] [293/459] HPVR
[15:13:29] [294/459] PMPK
[15:13:30] [295/459] MAJB
[15:13:31] [296/459] CTRR
[15:13:32] [297/459] MCTG
[15:13:34] [298/459] MACE
[15:13:35] [299/459] AAAS
[15:13:36] [300/459] CPVV
[15:13:36] [301/459] RCHG
[15:13:37] [302/459] MCNE
[15:13:38] [303/459] EMNC
[15:13:39] [304/459] MCAN
[15:13:40] [305/459] TCDM
[15:13:41] [306/459] IRGT
[15:13:42] [307/459] GCMG
[15:13:43] [308/459] MXSN
[15:13:44] [309/459] MXCK
[15:13:45] [310/459] MCRC
[15:13:45] [311/459] RSMI
[15:13:46] [312/459] WAML
[15:13:47] [313/459] MTSC
[15:13:48] [314/459] FMDR
[15:13:49] [315/459] LEPV
[15:13:50] [316/459] MTGD
[15:13:50] [317/459] IMOB
[15:13:51] [318/459] CLMM
[15:13:52] [319/459] PZCD
[15:13:53] [320/459] GOCS
[15:13:54] [321/459] KCMA
[15:13:55] [322/459] CCMP
[15:13:55] [323/459] MTSU
[15:13:56] [324/459] SNGL
[15:13:57] [325/459] MMMC
[15:13:58] [326/459] MMAA
[15:13:58] [327/459] GCDM
[15:13:59] [328/459] KTMV
[15:14:00] [329/459] AETE
[15:14:02] [330/459] OMCS
[15:14:02] [331/459] GDCD
[15:14:03] [332/459] NYMD
[15:14:04] [333/459] RNCV
[15:14:04] [334/459] KKMT
[15:14:05] [335/459] GDTH
[15:14:06] [336/459] KMMV
[15:14:07] [337/459] NHCG
[15:14:08] [338/459] PJDW
[15:14:09] [339/459] MMCV
[15:14:10] [340/459] FQSA
[15:14:11] [341/459] KURL
[15:14:11] [342/459] NNNX
[15:14:12] [343/459] AMAU
[15:14:13] [344/459] VVVM
[15:14:14] [345/459] VECU
[15:14:15] [346/459] WCVR
[15:14:16] [347/459] MTGG
[15:14:17] [348/459] SGTG
[15:14:17] [349/459] MNTG
[15:14:18] [350/459] JDDG
[15:14:19] [351/459] MBTK
[15:14:20] [352/459] SGCD
[15:14:21] [353/459] MCTC
[15:14:22] [354/459] JTPC
[15:14:24] [355/459] SDKT
[15:14:25] [356/459] KRCC
[15:14:26] [357/459] RMMD
[15:14:26] [358/459] AAME
[15:14:28] [359/459] TMWC
[15:14:29] [360/459] NRWY
[15:14:30] [361/459] CITD
[15:14:31] [362/459] VERD
[15:14:33] [363/459] MKSK
[15:14:34] [364/459] STSM
[15:14:35] [365/459] MJDG
[15:14:36] [366/459] RKPM
[15:14:37] [367/459] SSCE
[15:14:38] [368/459] VMAE
[15:14:39] [369/459] SBRU
[15:14:40] [370/459] AMBC
[15:14:41] [371/459] AMLU
[15:14:42] [372/459] INVZ
[15:14:43] [373/459] LGTV
[15:14:44] [374/459] SVAD
[15:14:45] [375/459] SMSA
[15:14:45] [376/459] SPCZ
[15:14:46] [377/459] GTCX
[15:14:47] [378/459] SCSL
[15:14:48] [379/459] SAHU
[15:14:48] [380/459] NCDA
[15:14:49] [381/459] SCCG
[15:14:50] [382/459] VKTL
[15:14:51] [383/459] PUUJ
[15:14:52] [384/459] STEJ
[15:14:53] [385/459] RJAL
[15:14:53] [386/459] ACJC
[15:14:54] [387/459] VTHC
[15:14:55] [388/459] ARVB
[15:14:56] [389/459] AUBB
[15:14:57] [390/459] GDBR
[15:14:58] [391/459] PVND
[15:14:59] [392/459] BGRJ
[15:14:59] [393/459] RJMM
[15:15:00] [394/459] MCSA
[15:15:01] [395/459] BODA
[15:15:02] [396/459] JAGG
[15:15:03] [397/459] SCGA
[15:15:04] [398/459] LRCM
[15:15:05] [399/459] CPCN
[15:15:05] [400/459] SSTF
[15:15:06] [401/459] SRXP
[15:15:07] [402/459] CNFX
[15:15:08] [403/459] ANDI
[15:15:09] [404/459] SYEW
[15:15:10] [405/459] RCRE
[15:15:10] [406/459] SCRW
[15:15:11] [407/459] MBKR
[15:15:13] [408/459] ASNT
[15:15:13] [409/459] JTMT
[15:15:14] [410/459] SHAY
[15:15:15] [411/459] VRTH
[15:15:16] [412/459] SPTI
[15:15:17] [413/459] DPTD
[15:15:18] [414/459] TGSN
[15:15:20] [415/459] RCWV
[15:15:21] [416/459] OCUR
[15:15:22] [417/459] KSTC
[15:15:23] [418/459] SANI
[15:15:25] [419/459] MLCA
[15:15:25] [420/459] EGCA
[15:15:26] [421/459] SYSN
[15:15:27] [422/459] PKTA
[15:15:28] [423/459] PRCC
[15:15:29] [424/459] KSTR
[15:15:30] [425/459] SNTP
[15:15:32] [426/459] RCHA
[15:15:33] [427/459] SEEA
[15:15:33] [428/459] ALAT
[15:15:34] [429/459] AATV
[15:15:35] [430/459] RJTE
[15:15:35] [431/459] AAPP
[15:15:36] [432/459] PMMH
[15:15:37] [433/459] INRJ
[15:15:38] [434/459] SARB
[15:15:39] [435/459] PCJL
[15:15:40] [436/459] PFJJ
[15:15:40] [437/459] GRDC
[15:15:41] [438/459] BCBA
[15:15:42] [439/459] VIXL
[15:15:43] [440/459] CSTL
[15:15:44] [441/459] MTDK
[15:15:45] [442/459] TDAC
[15:15:46] [443/459] GTDN
[15:15:47] [444/459] TTDE
[15:15:47] [445/459] ASTS
[15:15:48] [446/459] CPNS
[15:15:49] [447/459] PVVW
[15:15:50] [448/459] USEB
[15:15:51] [449/459] DTYN
[15:15:52] [450/459] PVLE
[15:15:53] [451/459] CIPS
[15:15:54] [452/459] PAEG
[15:15:55] [453/459] PTCW
[15:15:55] [454/459] G3SR
[15:15:56] [455/459] PGND
[15:15:58] [456/459] INVM
[15:15:59] [457/459] SPIA
[15:16:00] [458/459] PCSN
[15:16:01] [459/459] PPGV
[15:16:02] ✅ DONE | Shows=1185 | Movies=61
[15:57:41] 🚀 BMS DAILY TRACKER STARTED
[15:57:41] [1/459] FNDB
[15:57:41] 🧠 New identity
[15:57:42] [2/459] AMBH
[15:57:43] [3/459] PRHN
[15:57:44] [4/459] ACPM
[15:57:45] [5/459] PVFS
[15:57:45] [6/459] AACN
[15:57:47] [7/459] ACAS
[15:57:48] [8/459] CTNR
[15:57:49] [9/459] MMAH
[15:57:49] [10/459] CPMH
[15:57:50] [11/459] IGMH
[15:57:51] [12/459] ABCS
[15:57:52] [13/459] CMMA
[15:57:54] [14/459] GPRH
[15:57:55] [15/459] PNNG
[15:57:56] [16/459] AMCA
[15:57:57] [17/459] ISTN
[15:57:58] [18/459] PIIC
[15:58:00] [19/459] AHMH
[15:58:01] [20/459] ASHN
[15:58:01] [21/459] INHY
[15:58:02] [22/459] SRMO
[15:58:03] [23/459] PIMH
[15:58:05] [24/459] PVTS
[15:58:05] [25/459] MMCA
[15:58:06] [26/459] AKYJ
[15:58:07] [27/459] BRKH
[15:58:08] [28/459] MAHM
[15:58:09] [29/459] CPHY
[15:58:10] [30/459] PVTP
[15:58:10] [31/459] SMMR
[15:58:11] [32/459] PVHM
[15:58:12] [33/459] SNDY
[15:58:13] [34/459] GOKU
[15:58:14] [35/459] ACEV
[15:58:14] [36/459] PVUM
[15:58:15] [37/459] VSWA
[15:58:16] [38/459] IPRS
[15:58:17] [39/459] ASGN
[15:58:17] [40/459] BKMV
[15:58:18] [41/459] PVYH
[15:58:20] [42/459] INKM
[15:58:21] [43/459] ARJU
[15:58:22] [44/459] JJPP
[15:58:23] [45/459] SSRM
[15:58:24] [46/459] HMHD
[15:58:25] [47/459] SNKH
[15:58:26] [48/459] ACHI
[15:58:27] [49/459] MRAA
[15:58:28] [50/459] INMH
[15:58:30] [51/459] ARMH
[15:58:31] [52/459] DVRR
[15:58:32] [53/459] SUDA
[15:58:32] [54/459] MCSS
[15:58:33] [55/459] VRKC
[15:58:35] [56/459] PRCX
[15:58:36] [57/459] ASJY
[15:58:37] [58/459] MTHY
[15:58:38] [59/459] SRCM
[15:58:38] [60/459] TVHY
[15:58:39] [61/459] STHD
[15:58:40] [62/459] CPCL
[15:58:41] [63/459] PSMJ
[15:58:41] [64/459] MRGT
[15:58:42] [65/459] ARYH
[15:58:43] [66/459] VTRB
[15:58:44] [67/459] SCHC
[15:58:45] [68/459] MRRG
[15:58:46] [69/459] SPCB
[15:58:46] [70/459] AMCM
[15:58:47] [71/459] IVNM
[15:58:48] [72/459] TRHY
[15:58:49] [73/459] PTTH
[15:58:50] [74/459] RKMH
[15:58:51] [75/459] PRCS
[15:58:51] [76/459] VAJA
[15:58:52] [77/459] BJNG
[15:58:54] [78/459] SCVM
[15:58:55] [79/459] GNHB
[15:58:56] [80/459] TLUR
[15:58:57] [81/459] UKCC
[15:58:58] [82/459] SRKR
[15:59:00] [83/459] RMKN
[15:59:01] [84/459] SLRT
[15:59:01] [85/459] LKMT
[15:59:03] [86/459] SSRJ
[15:59:03] [87/459] SPHT
[15:59:04] [88/459] ANTT
[15:59:05] [89/459] SRCH
[15:59:06] [90/459] SRCA
[15:59:07] [91/459] ARTH
[15:59:08] [92/459] MCBH
[15:59:08] [93/459] SNIB
[15:59:09] [94/459] SART
[15:59:10] [95/459] SKTA
[15:59:11] [96/459] YAKT
[15:59:12] [97/459] MLCK
[15:59:12] [98/459] ANTS
[15:59:13] [99/459] DGCA
[15:59:14] [100/459] SGMP
[15:59:16] [101/459] ASWN
[15:59:16] [102/459] KFVU
[15:59:17] [103/459] POOR
[15:59:19] [104/459] GKDN
[15:59:20] [105/459] EOSE
[15:59:21] [106/459] GTTT
[15:59:21] [107/459] ARRO
[15:59:22] [108/459] CMMK
[15:59:23] [109/459] MSCN
[15:59:24] [110/459] GDKH
[15:59:25] [111/459] DLMT
[15:59:26] [112/459] PVMF
[15:59:27] [113/459] CPCK
[15:59:28] [114/459] VMHE
[15:59:29] [115/459] PVLC
[15:59:30] [116/459] PCVB
[15:59:30] [117/459] SNYK
[15:59:31] [118/459] KTEK
[15:59:32] [119/459] PCNM
[15:59:33] [120/459] NTTR
[15:59:33] [121/459] CPSK
[15:59:34] [122/459] JMMA
[15:59:35] [123/459] GCFK
[15:59:37] [124/459] MYCA
[15:59:38] [125/459] KSNP
[15:59:38] [126/459] PMCE
[15:59:39] [127/459] SCKI
[15:59:40] [128/459] FSMA
[15:59:41] [129/459] CETA
[15:59:42] [130/459] MCIK
[15:59:42] [131/459] MYCR
[15:59:43] [132/459] EVMP
[15:59:44] [133/459] SSGT
[15:59:46] [134/459] KCTK
[15:59:46] [135/459] ZTKC
[15:59:47] [136/459] MMTA
[15:59:48] [137/459] MAJT
[15:59:49] [138/459] ACPK
[15:59:50] [139/459] JMAX
[15:59:51] [140/459] SETK
[15:59:51] [141/459] CAIS
[15:59:52] [142/459] AGCD
[15:59:53] [143/459] URCL
[15:59:54] [144/459] VTDS
[15:59:55] [145/459] JCNM
[15:59:56] [146/459] KCAM
[15:59:56] [147/459] ADCU
[15:59:57] [148/459] GXYN
[15:59:58] [149/459] SMJG
[16:00:00] [150/459] EYCJ
[16:00:01] [151/459] CCEJ
[16:00:02] [152/459] MARS
[16:00:02] [153/459] CPVJ
[16:00:03] [154/459] INVP
[16:00:04] [155/459] CPOV
[16:00:05] [156/459] VIJK
[16:00:06] [157/459] LAIM
[16:00:08] [158/459] STHV
[16:00:08] [159/459] SVLJ
[16:00:09] [160/459] ATVJ
[16:00:10] [161/459] JTSC
[16:00:11] [162/459] RMTV
[16:00:13] [163/459] MGGG
[16:00:14] [164/459] SWTH
[16:00:15] [165/459] INVJ
[16:00:16] [166/459] PRSV
[16:00:17] [167/459] JATV
[16:00:18] [168/459] RCVD
[16:00:19] [169/459] BDMA
[16:00:20] [170/459] BLJI
[16:00:21] [171/459] SWOT
[16:00:22] [172/459] SWRN
[16:00:22] [173/459] TVRA
[16:00:24] [174/459] VCSV
[16:00:24] [175/459] NVRN
[16:00:25] [176/459] SIKC
[16:00:26] [177/459] VAKR
[16:00:27] [178/459] SYLN
[16:00:28] [179/459] KLJL
[16:00:29] [180/459] LKMY
[16:00:30] [181/459] VSLY
[16:00:31] [182/459] CIKO
[16:00:32] [183/459] GPBG
[16:00:33] [184/459] CECM
[16:00:34] [185/459] SLKB
[16:00:34] [186/459] MTBO
[16:00:35] [187/459] SSHB
[16:00:36] [188/459] VPCS
[16:00:37] [189/459] RCSR
[16:00:38] [190/459] RJRM
[16:00:38] [191/459] KPPB
[16:00:39] [192/459] SEDC
[16:00:40] [193/459] SCAI
[16:00:41] [194/459] RMTR
[16:00:42] [195/459] ASST
[16:00:42] [196/459] GCAK
[16:00:43] [197/459] ANNK
[16:00:44] [198/459] KDDF
[16:00:45] [199/459] NRDP
[16:00:46] [200/459] PLAK
[16:00:46] [201/459] GCMC
[16:00:47] [202/459] ALPY
[16:00:49] [203/459] SICE
[16:00:50] [204/459] SISR
[16:00:51] [205/459] SRPZ
[16:00:52] [206/459] SRSW
[16:00:52] [207/459] SUYA
[16:00:53] [208/459] AMMT
[16:00:54] [209/459] BHCU
[16:00:55] [210/459] KLPA
[16:00:56] [211/459] NVKH
[16:00:57] [212/459] JMRC
[16:00:58] [213/459] KTTT
[16:00:59] [214/459] MAGH
[16:01:00] [215/459] MMMX
[16:01:01] [216/459] SALJ
[16:01:02] [217/459] GTJA
[16:01:03] [218/459] MAHT
[16:01:04] [219/459] SSNN
[16:01:05] [220/459] ARRP
[16:01:06] [221/459] ATNS
[16:01:06] [222/459] SKDT
[16:01:07] [223/459] ACAT
[16:01:08] [224/459] APRC
[16:01:08] [225/459] SWAG
[16:01:09] [226/459] SDPT
[16:01:10] [227/459] STPS
[16:01:11] [228/459] WWCZ
[16:01:12] [229/459] LLCH
[16:01:13] [230/459] MZHA
[16:01:14] [231/459] CRJG
[16:01:15] [232/459] JGTK
[16:01:16] [233/459] KCSR
[16:01:17] [234/459] CHTL
[16:01:18] [235/459] EDSR
[16:01:18] [236/459] CSWO
[16:01:19] [237/459] CPVM
[16:01:20] [238/459] MXBY
[16:01:21] [239/459] FMMA
[16:01:22] [240/459] POVI
[16:01:23] [241/459] MTHB
[16:01:24] [242/459] INRC
[16:01:24] [243/459] PIPP
[16:01:26] [244/459] BMXC
[16:01:27] [245/459] PCMM
[16:01:28] [246/459] PMKM
[16:01:29] [247/459] GATY
[16:01:30] [248/459] IMCM
[16:01:31] [249/459] POPE
[16:01:32] [250/459] MTCR
[16:01:33] [251/459] PVAE
[16:01:34] [252/459] PVMI
[16:01:35] [253/459] CPNM
[16:01:36] [254/459] FMRL
[16:01:37] [255/459] MCIW
[16:01:38] [256/459] MXBO
[16:01:39] [257/459] FMKY
[16:01:40] [258/459] FMDA
[16:01:41] [259/459] THAB
[16:01:42] [260/459] PRCW
[16:01:42] [261/459] PITI
[16:01:43] [262/459] MCFF
[16:01:44] [263/459] PDDV
[16:01:45] [264/459] MCRM
[16:01:46] [265/459] KKMB
[16:01:47] [266/459] INKO
[16:01:47] [267/459] PLXP
[16:01:48] [268/459] MMHA
[16:01:50] [269/459] FMVS
[16:01:51] [270/459] POLM
[16:01:51] [271/459] STER
[16:01:52] [272/459] PVWJ
[16:01:53] [273/459] IMJW
[16:01:54] [274/459] FNAN
[16:01:55] [275/459] CAGL
[16:01:56] [276/459] IPBG
[16:01:57] [277/459] SMFV
[16:01:57] [278/459] MMMR
[16:01:58] [279/459] MMWM
[16:01:59] [280/459] FNCM
[16:02:00] [281/459] MDVA
[16:02:01] [282/459] MMET
[16:02:01] [283/459] MIDO
[16:02:02] [284/459] INNP
[16:02:03] [285/459] MIFU
[16:02:05] [286/459] MMSZ
[16:02:06] [287/459] BMXA
[16:02:07] [288/459] MCAA
[16:02:08] [289/459] SCVP
[16:02:09] [290/459] PLUS
[16:02:10] [291/459] MUCK
[16:02:11] [292/459] MTMA
[16:02:12] [293/459] HPVR
[16:02:13] [294/459] PMPK
[16:02:13] [295/459] MAJB
[16:02:15] [296/459] CTRR
[16:02:16] [297/459] MCTG
[16:02:17] [298/459] MACE
[16:02:18] [299/459] AAAS
[16:02:19] [300/459] CPVV
[16:02:20] [301/459] RCHG
[16:02:20] [302/459] MCNE
[16:02:21] [303/459] EMNC
[16:02:22] [304/459] MCAN
[16:02:23] [305/459] TCDM
[16:02:25] [306/459] IRGT
[16:02:25] [307/459] GCMG
[16:02:26] [308/459] MXSN
[16:02:27] [309/459] MXCK
[16:02:28] [310/459] MCRC
[16:02:29] [311/459] RSMI
[16:02:29] [312/459] WAML
[16:02:30] [313/459] MTSC
[16:02:31] [314/459] FMDR
[16:02:32] [315/459] LEPV
[16:02:33] [316/459] MTGD
[16:02:34] [317/459] IMOB
[16:02:35] [318/459] CLMM
[16:02:36] [319/459] PZCD
[16:02:36] [320/459] GOCS
[16:02:37] [321/459] KCMA
[16:02:38] [322/459] CCMP
[16:02:39] [323/459] MTSU
[16:02:39] [324/459] SNGL
[16:02:40] [325/459] MMMC
[16:02:41] [326/459] MMAA
[16:02:42] [327/459] GCDM
[16:02:43] [328/459] KTMV
[16:02:44] [329/459] AETE
[16:02:45] [330/459] OMCS
[16:02:46] [331/459] GDCD
[16:02:47] [332/459] NYMD
[16:02:48] [333/459] RNCV
[16:02:48] [334/459] KKMT
[16:02:49] [335/459] GDTH
[16:02:50] [336/459] KMMV
[16:02:51] [337/459] NHCG
[16:02:52] [338/459] PJDW
[16:02:54] [339/459] MMCV
[16:02:55] [340/459] FQSA
[16:02:55] [341/459] KURL
[16:02:57] [342/459] NNNX
[16:02:58] [343/459] AMAU
[16:02:59] [344/459] VVVM
[16:02:59] [345/459] VECU
[16:03:00] [346/459] WCVR
[16:03:01] [347/459] MTGG
[16:03:02] [348/459] SGTG
[16:03:03] [349/459] MNTG
[16:03:04] [350/459] JDDG
[16:03:05] [351/459] MBTK
[16:03:06] [352/459] SGCD
[16:03:07] [353/459] MCTC
[16:03:08] [354/459] JTPC
[16:03:09] [355/459] SDKT
[16:03:10] [356/459] KRCC
[16:03:11] [357/459] RMMD
[16:03:11] [358/459] AAME
[16:03:12] [359/459] TMWC
[16:03:13] [360/459] NRWY
[16:03:14] [361/459] CITD
[16:03:15] [362/459] VERD
[16:03:16] [363/459] MKSK
[16:03:17] [364/459] STSM
[16:03:17] [365/459] MJDG
[16:03:18] [366/459] RKPM
[16:03:19] [367/459] SSCE
[16:03:20] [368/459] VMAE
[16:03:21] [369/459] SBRU
[16:03:22] [370/459] AMBC
[16:03:22] [371/459] AMLU
[16:03:23] [372/459] INVZ
[16:03:24] [373/459] LGTV
[16:03:25] [374/459] SVAD
[16:03:26] [375/459] SMSA
[16:03:27] [376/459] SPCZ
[16:03:28] [377/459] GTCX
[16:03:28] [378/459] SCSL
[16:03:29] [379/459] SAHU
[16:03:30] [380/459] NCDA
[16:03:31] [381/459] SCCG
[16:03:32] [382/459] VKTL
[16:03:33] [383/459] PUUJ
[16:03:33] [384/459] STEJ
[16:03:34] [385/459] RJAL
[16:03:35] [386/459] ACJC
[16:03:36] [387/459] VTHC
[16:03:37] [388/459] ARVB
[16:03:39] [389/459] AUBB
[16:03:39] [390/459] GDBR
[16:03:40] [391/459] PVND
[16:03:41] [392/459] BGRJ
[16:03:42] [393/459] RJMM
[16:03:43] [394/459] MCSA
[16:03:44] [395/459] BODA
[16:03:44] [396/459] JAGG
[16:03:45] [397/459] SCGA
[16:03:46] [398/459] LRCM
[16:03:47] [399/459] CPCN
[16:03:48] [400/459] SSTF
[16:03:49] [401/459] SRXP
[16:03:50] [402/459] CNFX
[16:03:51] [403/459] ANDI
[16:03:52] [404/459] SYEW
[16:03:53] [405/459] RCRE
[16:03:54] [406/459] SCRW
[16:03:56] [407/459] MBKR
[16:03:57] [408/459] ASNT
[16:03:58] [409/459] JTMT
[16:03:58] [410/459] SHAY
[16:03:59] [411/459] VRTH
[16:04:00] [412/459] SPTI
[16:04:01] [413/459] DPTD
[16:04:02] [414/459] TGSN
[16:04:02] [415/459] RCWV
[16:04:03] [416/459] OCUR
[16:04:04] [417/459] KSTC
[16:04:05] [418/459] SANI
[16:04:06] [419/459] MLCA
[16:04:07] [420/459] EGCA
[16:04:08] [421/459] SYSN
[16:04:09] [422/459] PKTA
[16:04:09] [423/459] PRCC
[16:04:10] [424/459] KSTR
[16:04:11] [425/459] SNTP
[16:04:12] [426/459] RCHA
[16:04:13] [427/459] SEEA
[16:04:15] [428/459] ALAT
[16:04:16] [429/459] AATV
[16:04:16] [430/459] RJTE
[16:04:18] [431/459] AAPP
[16:04:19] [432/459] PMMH
[16:04:21] [433/459] INRJ
[16:04:21] [434/459] SARB
[16:04:22] [435/459] PCJL
[16:04:23] [436/459] PFJJ
[16:04:24] [437/459] GRDC
[16:04:24] [438/459] BCBA
[16:04:25] [439/459] VIXL
[16:04:26] [440/459] CSTL
[16:04:27] [441/459] MTDK
[16:04:28] [442/459] TDAC
[16:04:29] [443/459] GTDN
[16:04:30] [444/459] TTDE
[16:04:31] [445/459] ASTS
[16:04:32] [446/459] CPNS
[16:04:33] [447/459] PVVW
[16:04:33] [448/459] USEB
[16:04:34] [449/459] DTYN
[16:04:36] [450/459] PVLE
[16:04:37] [451/459] CIPS
[16:04:38] [452/459] PAEG
[16:04:39] [453/459] PTCW
[16:04:40] [454/459] G3SR
[16:04:41] [455/459] PGND
[16:04:41] [456/459] INVM
[16:04:42] [457/459] SPIA
[16:04:43] [458/459] PCSN
[16:04:44] [459/459] PPGV
[16:04:44] ✅ DONE | Shows=1488 | Movies=62
[18:19:44] 🚀 BMS DAILY TRACKER STARTED
[18:19:44] [1/459] FNDB
[18:19:44] 🧠 New identity
[18:19:45] [2/459] AMBH
[18:19:46] [3/459] PRHN
[18:19:47] [4/459] ACPM
[18:19:47] [5/459] PVFS
[18:19:48] [6/459] AACN
[18:19:49] [7/459] ACAS
[18:19:50] [8/459] CTNR
[18:19:51] [9/459] MMAH
[18:19:51] [10/459] CPMH
[18:19:52] [11/459] IGMH
[18:19:53] [12/459] ABCS
[18:19:54] [13/459] CMMA
[18:19:55] [14/459] GPRH
[18:19:56] [15/459] PNNG
[18:19:57] [16/459] AMCA
[18:19:58] [17/459] ISTN
[18:19:59] [18/459] PIIC
[18:20:00] [19/459] AHMH
[18:20:01] [20/459] ASHN
[18:20:02] [21/459] INHY
[18:20:02] [22/459] SRMO
[18:20:03] [23/459] PIMH
[18:20:05] [24/459] PVTS
[18:20:06] [25/459] MMCA
[18:20:07] [26/459] AKYJ
[18:20:08] [27/459] BRKH
[18:20:08] [28/459] MAHM
[18:20:09] [29/459] CPHY
[18:20:10] [30/459] PVTP
[18:20:11] [31/459] SMMR
[18:20:12] [32/459] PVHM
[18:20:13] [33/459] SNDY
[18:20:14] [34/459] GOKU
[18:20:15] [35/459] ACEV
[18:20:17] [36/459] PVUM
[18:20:18] [37/459] VSWA
[18:20:19] [38/459] IPRS
[18:20:20] [39/459] ASGN
[18:20:21] [40/459] BKMV
[18:20:22] [41/459] PVYH
[18:20:22] [42/459] INKM
[18:20:23] [43/459] ARJU
[18:20:24] [44/459] JJPP
[18:20:25] [45/459] SSRM
[18:20:26] [46/459] HMHD
[18:20:26] [47/459] SNKH
[18:20:27] [48/459] ACHI
[18:20:28] [49/459] MRAA
[18:20:29] [50/459] INMH
[18:20:30] [51/459] ARMH
[18:20:30] [52/459] DVRR
[18:20:31] [53/459] SUDA
[18:20:32] [54/459] MCSS
[18:20:33] [55/459] VRKC
[18:20:34] [56/459] PRCX
[18:20:35] [57/459] ASJY
[18:20:36] [58/459] MTHY
[18:20:36] [59/459] SRCM
[18:20:37] [60/459] TVHY
[18:20:38] [61/459] STHD
[18:20:39] [62/459] CPCL
[18:20:40] [63/459] PSMJ
[18:20:40] [64/459] MRGT
[18:20:41] [65/459] ARYH
[18:20:42] [66/459] VTRB
[18:20:43] [67/459] SCHC
[18:20:44] [68/459] MRRG
[18:20:44] [69/459] SPCB
[18:20:45] [70/459] AMCM
[18:20:46] [71/459] IVNM
[18:20:47] [72/459] TRHY
[18:20:48] [73/459] PTTH
[18:20:49] [74/459] RKMH
[18:20:49] [75/459] PRCS
[18:20:50] [76/459] VAJA
[18:20:51] [77/459] BJNG
[18:20:52] [78/459] SCVM
[18:20:53] [79/459] GNHB
[18:20:54] [80/459] TLUR
[18:20:55] [81/459] UKCC
[18:20:55] [82/459] SRKR
[18:20:56] [83/459] RMKN
[18:20:57] [84/459] SLRT
[18:20:58] [85/459] LKMT
[18:20:59] [86/459] SSRJ
[18:21:00] [87/459] SPHT
[18:21:00] [88/459] ANTT
[18:21:01] [89/459] SRCH
[18:21:02] [90/459] SRCA
[18:21:03] [91/459] ARTH
[18:21:04] [92/459] MCBH
[18:21:05] [93/459] SNIB
[18:21:05] [94/459] SART
[18:21:06] [95/459] SKTA
[18:21:08] [96/459] YAKT
[18:21:08] [97/459] MLCK
[18:21:09] [98/459] ANTS
[18:21:10] [99/459] DGCA
[18:21:10] [100/459] SGMP
[18:21:11] [101/459] ASWN
[18:21:12] [102/459] KFVU
[18:21:13] [103/459] POOR
[18:21:15] [104/459] GKDN
[18:21:15] [105/459] EOSE
[18:21:16] [106/459] GTTT
[18:21:17] [107/459] ARRO
[18:21:18] [108/459] CMMK
[18:21:19] [109/459] MSCN
[18:21:20] [110/459] GDKH
[18:21:21] [111/459] DLMT
[18:21:22] [112/459] PVMF
[18:21:22] [113/459] CPCK
[18:21:23] [114/459] VMHE
[18:21:24] [115/459] PVLC
[18:21:25] [116/459] PCVB
[18:21:26] [117/459] SNYK
[18:21:26] [118/459] KTEK
[18:21:27] [119/459] PCNM
[18:21:28] [120/459] NTTR
[18:21:29] [121/459] CPSK
[18:21:30] [122/459] JMMA
[18:21:30] [123/459] GCFK
[18:21:31] [124/459] MYCA
[18:21:32] [125/459] KSNP
[18:21:33] [126/459] PMCE
[18:21:34] [127/459] SCKI
[18:21:35] [128/459] FSMA
[18:21:36] [129/459] CETA
[18:21:37] [130/459] MCIK
[18:21:38] [131/459] MYCR
[18:21:39] [132/459] EVMP
[18:21:39] [133/459] SSGT
[18:21:40] [134/459] KCTK
[18:21:42] [135/459] ZTKC
[18:21:43] [136/459] MMTA
[18:21:43] [137/459] MAJT
[18:21:44] [138/459] ACPK
[18:21:45] [139/459] JMAX
[18:21:45] [140/459] SETK
[18:21:46] [141/459] CAIS
[18:21:47] [142/459] AGCD
[18:21:47] [143/459] URCL
[18:21:48] [144/459] VTDS
[18:21:49] [145/459] JCNM
[18:21:50] [146/459] KCAM
[18:21:51] [147/459] ADCU
[18:21:51] [148/459] GXYN
[18:21:53] [149/459] SMJG
[18:21:54] [150/459] EYCJ
[18:21:55] [151/459] CCEJ
[18:21:56] [152/459] MARS
[18:21:57] [153/459] CPVJ
[18:21:57] [154/459] INVP
[18:21:58] [155/459] CPOV
[18:21:59] [156/459] VIJK
[18:22:00] [157/459] LAIM
[18:22:01] [158/459] STHV
[18:22:02] [159/459] SVLJ
[18:22:03] [160/459] ATVJ
[18:22:04] [161/459] JTSC
[18:22:05] [162/459] RMTV
[18:22:06] [163/459] MGGG
[18:22:07] [164/459] SWTH
[18:22:08] [165/459] INVJ
[18:22:10] [166/459] PRSV
[18:22:10] [167/459] JATV
[18:22:11] [168/459] RCVD
[18:22:12] [169/459] BDMA
[18:22:13] [170/459] BLJI
[18:22:14] [171/459] SWOT
[18:22:14] [172/459] SWRN
[18:22:15] [173/459] TVRA
[18:22:16] [174/459] VCSV
[18:22:17] [175/459] NVRN
[18:22:17] [176/459] SIKC
[18:22:18] [177/459] VAKR
[18:22:19] [178/459] SYLN
[18:22:19] [179/459] KLJL
[18:22:20] [180/459] LKMY
[18:22:21] [181/459] VSLY
[18:22:22] [182/459] CIKO
[18:22:23] [183/459] GPBG
[18:22:24] [184/459] CECM
[18:22:25] [185/459] SLKB
[18:22:25] [186/459] MTBO
[18:22:26] [187/459] SSHB
[18:22:27] [188/459] VPCS
[18:22:28] [189/459] RCSR
[18:22:29] [190/459] RJRM
[18:22:29] [191/459] KPPB
[18:22:30] [192/459] SEDC
[18:22:31] [193/459] SCAI
[18:22:31] [194/459] RMTR
[18:22:32] [195/459] ASST
[18:22:33] [196/459] GCAK
[18:22:34] [197/459] ANNK
[18:22:35] [198/459] KDDF
[18:22:36] [199/459] NRDP
[18:22:37] [200/459] PLAK
[18:22:37] [201/459] GCMC
[18:22:38] [202/459] ALPY
[18:22:39] [203/459] SICE
[18:22:40] [204/459] SISR
[18:22:40] [205/459] SRPZ
[18:22:41] [206/459] SRSW
[18:22:43] [207/459] SUYA
[18:22:44] [208/459] AMMT
[18:22:45] [209/459] BHCU
[18:22:45] [210/459] KLPA
[18:22:46] [211/459] NVKH
[18:22:47] [212/459] JMRC
[18:22:48] [213/459] KTTT
[18:22:49] [214/459] MAGH
[18:22:50] [215/459] MMMX
[18:22:50] [216/459] SALJ
[18:22:51] [217/459] GTJA
[18:22:52] [218/459] MAHT
[18:22:53] [219/459] SSNN
[18:22:54] [220/459] ARRP
[18:22:55] [221/459] ATNS
[18:22:56] [222/459] SKDT
[18:22:56] [223/459] ACAT
[18:22:57] [224/459] APRC
[18:22:58] [225/459] SWAG
[18:22:59] [226/459] SDPT
[18:23:00] [227/459] STPS
[18:23:01] [228/459] WWCZ
[18:23:02] [229/459] LLCH
[18:23:02] [230/459] MZHA
[18:23:03] [231/459] CRJG
[18:23:04] [232/459] JGTK
[18:23:05] [233/459] KCSR
[18:23:05] [234/459] CHTL
[18:23:06] [235/459] EDSR
[18:23:07] [236/459] CSWO
[18:23:08] [237/459] CPVM
[18:23:08] [238/459] MXBY
[18:23:09] [239/459] FMMA
[18:23:10] [240/459] POVI
[18:23:11] [241/459] MTHB
[18:23:12] [242/459] INRC
[18:23:12] [243/459] PIPP
[18:23:13] [244/459] BMXC
[18:23:14] [245/459] PCMM
[18:23:15] [246/459] PMKM
[18:23:15] [247/459] GATY
[18:23:16] [248/459] IMCM
[18:23:17] [249/459] POPE
[18:23:18] [250/459] MTCR
[18:23:19] [251/459] PVAE
[18:23:20] [252/459] PVMI
[18:23:20] [253/459] CPNM
[18:23:21] [254/459] FMRL
[18:23:22] [255/459] MCIW
[18:23:23] [256/459] MXBO
[18:23:24] [257/459] FMKY
[18:23:24] [258/459] FMDA
[18:23:25] [259/459] THAB
[18:23:26] [260/459] PRCW
[18:23:27] [261/459] PITI
[18:23:28] [262/459] MCFF
[18:23:29] [263/459] PDDV
[18:23:30] [264/459] MCRM
[18:23:30] [265/459] KKMB
[18:23:31] [266/459] INKO
[18:23:32] [267/459] PLXP
[18:23:33] [268/459] MMHA
[18:23:34] [269/459] FMVS
[18:23:35] [270/459] POLM
[18:23:36] [271/459] STER
[18:23:38] [272/459] PVWJ
[18:23:38] [273/459] IMJW
[18:23:39] [274/459] FNAN
[18:23:40] [275/459] CAGL
[18:23:41] [276/459] IPBG
[18:23:42] [277/459] SMFV
[18:23:42] [278/459] MMMR
[18:23:43] [279/459] MMWM
[18:23:44] [280/459] FNCM
[18:23:44] [281/459] MDVA
[18:23:45] [282/459] MMET
[18:23:46] [283/459] MIDO
[18:23:47] [284/459] INNP
[18:23:48] [285/459] MIFU
[18:23:49] [286/459] MMSZ
[18:23:50] [287/459] BMXA
[18:23:51] [288/459] MCAA
[18:23:51] [289/459] SCVP
[18:23:52] [290/459] PLUS
[18:23:53] [291/459] MUCK
[18:23:54] [292/459] MTMA
[18:23:55] [293/459] HPVR
[18:23:55] [294/459] PMPK
[18:23:56] [295/459] MAJB
[18:23:57] [296/459] CTRR
[18:23:58] [297/459] MCTG
[18:23:59] [298/459] MACE
[18:24:00] [299/459] AAAS
[18:24:01] [300/459] CPVV
[18:24:02] [301/459] RCHG
[18:24:02] [302/459] MCNE
[18:24:03] [303/459] EMNC
[18:24:04] [304/459] MCAN
[18:24:05] [305/459] TCDM
[18:24:06] [306/459] IRGT
[18:24:07] [307/459] GCMG
[18:24:07] [308/459] MXSN
[18:24:08] [309/459] MXCK
[18:24:09] [310/459] MCRC
[18:24:10] [311/459] RSMI
[18:24:11] [312/459] WAML
[18:24:12] [313/459] MTSC
[18:24:12] [314/459] FMDR
[18:24:13] [315/459] LEPV
[18:24:15] [316/459] MTGD
[18:24:15] [317/459] IMOB
[18:24:16] [318/459] CLMM
[18:24:17] [319/459] PZCD
[18:24:18] [320/459] GOCS
[18:24:18] [321/459] KCMA
[18:24:19] [322/459] CCMP
[18:24:20] [323/459] MTSU
[18:24:21] [324/459] SNGL
[18:24:22] [325/459] MMMC
[18:24:23] [326/459] MMAA
[18:24:24] [327/459] GCDM
[18:24:25] [328/459] KTMV
[18:24:25] [329/459] AETE
[18:24:26] [330/459] OMCS
[18:24:27] [331/459] GDCD
[18:24:28] [332/459] NYMD
[18:24:29] [333/459] RNCV
[18:24:29] [334/459] KKMT
[18:24:30] [335/459] GDTH
[18:24:31] [336/459] KMMV
[18:24:32] [337/459] NHCG
[18:24:33] [338/459] PJDW
[18:24:34] [339/459] MMCV
[18:24:35] [340/459] FQSA
[18:24:36] [341/459] KURL
[18:24:37] [342/459] NNNX
[18:24:38] [343/459] AMAU
[18:24:39] [344/459] VVVM
[18:24:40] [345/459] VECU
[18:24:41] [346/459] WCVR
[18:24:42] [347/459] MTGG
[18:24:43] [348/459] SGTG
[18:24:44] [349/459] MNTG
[18:24:44] [350/459] JDDG
[18:24:45] [351/459] MBTK
[18:24:46] [352/459] SGCD
[18:24:47] [353/459] MCTC
[18:24:49] [354/459] JTPC
[18:24:50] [355/459] SDKT
[18:24:51] [356/459] KRCC
[18:24:52] [357/459] RMMD
[18:24:53] [358/459] AAME
[18:24:54] [359/459] TMWC
[18:24:55] [360/459] NRWY
[18:24:56] [361/459] CITD
[18:24:57] [362/459] VERD
[18:24:57] [363/459] MKSK
[18:24:58] [364/459] STSM
[18:24:59] [365/459] MJDG
[18:25:00] [366/459] RKPM
[18:25:01] [367/459] SSCE
[18:25:01] [368/459] VMAE
[18:25:02] [369/459] SBRU
[18:25:03] [370/459] AMBC
[18:25:04] [371/459] AMLU
[18:25:05] [372/459] INVZ
[18:25:05] [373/459] LGTV
[18:25:06] [374/459] SVAD
[18:25:07] [375/459] SMSA
[18:25:08] [376/459] SPCZ
[18:25:09] [377/459] GTCX
[18:25:10] [378/459] SCSL
[18:25:11] [379/459] SAHU
[18:25:12] [380/459] NCDA
[18:25:12] [381/459] SCCG
[18:25:13] [382/459] VKTL
[18:25:15] [383/459] PUUJ
[18:25:15] [384/459] STEJ
[18:25:16] [385/459] RJAL
[18:25:17] [386/459] ACJC
[18:25:18] [387/459] VTHC
[18:25:18] [388/459] ARVB
[18:25:19] [389/459] AUBB
[18:25:20] [390/459] GDBR
[18:25:21] [391/459] PVND
[18:25:22] [392/459] BGRJ
[18:25:23] [393/459] RJMM
[18:25:24] [394/459] MCSA
[18:25:24] [395/459] BODA
[18:25:25] [396/459] JAGG
[18:25:26] [397/459] SCGA
[18:25:27] [398/459] LRCM
[18:25:28] [399/459] CPCN
[18:25:29] [400/459] SSTF
[18:25:30] [401/459] SRXP
[18:25:31] [402/459] CNFX
[18:25:31] [403/459] ANDI
[18:25:33] [404/459] SYEW
[18:25:34] [405/459] RCRE
[18:25:36] [406/459] SCRW
[18:25:37] [407/459] MBKR
[18:25:38] [408/459] ASNT
[18:25:38] [409/459] JTMT
[18:25:39] [410/459] SHAY
[18:25:40] [411/459] VRTH
[18:25:41] [412/459] SPTI
[18:25:42] [413/459] DPTD
[18:25:43] [414/459] TGSN
[18:25:44] [415/459] RCWV
[18:25:45] [416/459] OCUR
[18:25:46] [417/459] KSTC
[18:25:46] [418/459] SANI
[18:25:47] [419/459] MLCA
[18:25:48] [420/459] EGCA
[18:25:49] [421/459] SYSN
[18:25:50] [422/459] PKTA
[18:25:51] [423/459] PRCC
[18:25:52] [424/459] KSTR
[18:25:53] [425/459] SNTP
[18:25:54] [426/459] RCHA
[18:25:55] [427/459] SEEA
[18:25:56] [428/459] ALAT
[18:25:57] [429/459] AATV
[18:25:58] [430/459] RJTE
[18:25:59] [431/459] AAPP
[18:26:00] [432/459] PMMH
[18:26:00] [433/459] INRJ
[18:26:01] [434/459] SARB
[18:26:02] [435/459] PCJL
[18:26:03] [436/459] PFJJ
[18:26:04] [437/459] GRDC
[18:26:05] [438/459] BCBA
[18:26:07] [439/459] VIXL
[18:26:08] [440/459] CSTL
[18:26:09] [441/459] MTDK
[18:26:10] [442/459] TDAC
[18:26:10] [443/459] GTDN
[18:26:12] [444/459] TTDE
[18:26:12] [445/459] ASTS
[18:26:13] [446/459] CPNS
[18:26:14] [447/459] PVVW
[18:26:15] [448/459] USEB
[18:26:15] [449/459] DTYN
[18:26:16] [450/459] PVLE
[18:26:17] [451/459] CIPS
[18:26:18] [452/459] PAEG
[18:26:19] [453/459] PTCW
[18:26:20] [454/459] G3SR
[18:26:20] [455/459] PGND
[18:26:22] [456/459] INVM
[18:26:23] [457/459] SPIA
[18:26:24] [458/459] PCSN
[18:26:25] [459/459] PPGV
[18:26:26] ✅ DONE | Shows=2053 | Movies=62
