[15:08:51] 🚀 BMS DAILY TRACKER STARTED
[15:08:51] [1/459] NECA
[15:08:51] 🧠 New identity
[15:08:52] [2/459] BJLC
[15:08:53] [3/459] BASU
[15:08:55] [4/459] RUPI
[15:08:56] [5/459] LCBK
[15:08:57] [6/459] PMAC
[15:08:57] [7/459] AMLC
[15:08:59] [8/459] LICL
[15:09:01] [9/459] UDMM
[15:09:02] [10/459] STBZ
[15:09:03] [11/459] UUBT
[15:09:04] [12/459] SJKC
[15:09:05] [13/459] TUAL
[15:09:06] [14/459] MRSE
[15:09:07] [15/459] RMRK
[15:09:07] [16/459] TTKP
[15:09:08] [17/459] KTKO
[15:09:09] [18/459] SDBK
[15:09:10] [19/459] MCPR
[15:09:11] [20/459] CHTI
[15:09:12] [21/459] GCCP
[15:09:13] [22/459] SRMY
[15:09:14] [23/459] NYST
[15:09:15] [24/459] NYAG
[15:09:16] [25/459] SBMT
[15:09:17] [26/459] INGA
[15:09:18] [27/459] WSIC
[15:09:18] [28/459] SCSS
[15:09:19] [29/459] COPG
[15:09:20] [30/459] RCGR
[15:09:21] [31/459] TCZA
[15:09:21] [32/459] CNLP
[15:09:22] [33/459] CLKN
[15:09:23] [34/459] LHDF
[15:09:24] [35/459] ELKC
[15:09:25] [36/459] VCEM
[15:09:26] [37/459] SSZA
[15:09:27] [38/459] KRMT
[15:09:27] [39/459] LCMV
[15:09:29] [40/459] AYCZ
[15:09:29] [41/459] CUMS
[15:09:30] [42/459] BOCK
[15:09:31] [43/459] PNMR
[15:09:32] [44/459] PJCP
[15:09:33] [45/459] JDDD
[15:09:33] [46/459] STMS
[15:09:34] [47/459] FLMB
[15:09:35] [48/459] PKCM
[15:09:36] [49/459] SPPR
[15:09:37] [50/459] EYLH
[15:09:38] [51/459] RJCC
[15:09:39] [52/459] MMPS
[15:09:40] [53/459] SHMX
[15:09:41] [54/459] CCNL
[15:09:42] [55/459] RCNV
[15:09:42] [56/459] MAAG
[15:09:43] [57/459] LXCM
[15:09:44] [58/459] RCNI
[15:09:45] [59/459] SNNI
[15:09:46] [60/459] LALC
[15:09:47] [61/459] SOCN
[15:09:48] [62/459] JHTP
[15:09:49] [63/459] PITP
[15:09:50] [64/459] CCKW
[15:09:51] [65/459] MCMC
[15:09:52] [66/459] DEES
[15:09:53] [67/459] SABT
[15:09:54] [68/459] VSPP
[15:09:55] [69/459] ABCT
[15:09:56] [70/459] JVTB
[15:09:57] [71/459] VCBD
[15:09:58] [72/459] RMGG
[15:09:59] [73/459] RNMH
[15:10:00] [74/459] SPGL
[15:10:00] [75/459] JTTR
[15:10:01] [76/459] SICS
[15:10:02] [77/459] SRMI
[15:10:03] [78/459] SSIJ
[15:10:04] [79/459] KFMT
[15:10:05] [80/459] VBIT
[15:10:05] [81/459] JKCT
[15:10:06] [82/459] GCGP
[15:10:07] [83/459] GDCS
[15:10:08] [84/459] TRBA
[15:10:09] [85/459] QUST
[15:10:10] [86/459] VSHM
[15:10:10] [87/459] SDCP
[15:10:11] [88/459] SNVS
[15:10:12] [89/459] NYTO
[15:10:13] [90/459] URWC
[15:10:15] [91/459] GTWH
[15:10:16] [92/459] PFCM
[15:10:17] [93/459] KRTA
[15:10:18] [94/459] AXMC
[15:10:19] [95/459] EVMC
[15:10:20] [96/459] HGSM
[15:10:20] [97/459] ACVM
[15:10:21] [98/459] PSKL
[15:10:22] [99/459] RDMP
[15:10:23] [100/459] RHGH
[15:10:24] [101/459] OMCM
[15:10:25] [102/459] DCCP
[15:10:26] [103/459] MCPB
[15:10:27] [104/459] ALCI
[15:10:27] [105/459] BLMX
[15:10:28] [106/459] BTMV
[15:10:29] [107/459] FVPN
[15:10:30] [108/459] CMAR
[15:10:31] [109/459] CEIM
[15:10:32] [110/459] CMVA
[15:10:33] [111/459] CPIV
[15:10:33] [112/459] CNPE
[15:10:34] [113/459] COLV
[15:10:35] [114/459] DNNV
[15:10:36] [115/459] HCAD
[15:10:38] [116/459] TAKA
[15:10:39] [117/459] INVD
[15:10:40] [118/459] IRMM
[15:10:40] [119/459] INSE
[15:10:41] [120/459] MRSW
[15:10:42] [121/459] MCVD
[15:10:43] [122/459] MCSO
[15:10:44] [123/459] PEVM
[15:10:44] [124/459] PVNL
[15:10:45] [125/459] PTCV
[15:10:46] [126/459] PRTC
[15:10:47] [127/459] RCVA
[15:10:48] [128/459] MTBN
[15:10:49] [129/459] LUCP
[15:10:50] [130/459] FMPT
[15:10:51] [131/459] JLSL
[15:10:52] [132/459] SBHA
[15:10:52] [133/459] SHRC
[15:10:53] [134/459] AVPS
[15:10:54] [135/459] STPM
[15:10:55] [136/459] ATRD
[15:10:56] [137/459] VTED
[15:10:57] [138/459] ACAI
[15:10:58] [139/459] SMAE
[15:10:59] [140/459] VMAT
[15:11:01] [141/459] LKCT
[15:11:02] [142/459] JTVK
[15:11:03] [143/459] PRTY
[15:11:03] [144/459] GETT
[15:11:04] [145/459] ESAP
[15:11:06] [146/459] NCPM
[15:11:07] [147/459] PCPA
[15:11:08] [148/459] MMOM
[15:11:09] [149/459] PHUP
[15:11:10] [150/459] CCPI
[15:11:11] [151/459] CNTD
[15:11:11] [152/459] NLJR
[15:11:12] [153/459] SRNG
[15:11:13] [154/459] MHAL
[15:11:14] [155/459] PNSM
[15:11:15] [156/459] DRMY
[15:11:16] [157/459] CCMU
[15:11:17] [158/459] SCMY
[15:11:17] [159/459] PVSY
[15:11:18] [160/459] SDLM
[15:11:19] [161/459] ICCM
[15:11:20] [162/459] PYSU
[15:11:21] [163/459] GATM
[15:11:22] [164/459] WOTM
[15:11:24] [165/459] RKTS
[15:11:25] [166/459] PMTY
[15:11:26] [167/459] LYMS
[15:11:26] [168/459] TGCA
[15:11:27] [169/459] DSTA
[15:11:28] [170/459] CNGE
[15:11:29] [171/459] VSTG
[15:11:30] [172/459] GTCK
[15:11:31] [173/459] TGNT
[15:11:32] [174/459] ASLC
[15:11:34] [175/459] SSST
[15:11:35] [176/459] KBTT
[15:11:36] [177/459] HKCP
[15:11:36] [178/459] SWLC
[15:11:37] [179/459] RTND
[15:11:38] [180/459] PKKT
[15:11:39] [181/459] HSTK
[15:11:40] [182/459] SPTT
[15:11:41] [183/459] IMPM
[15:11:42] [184/459] SCMV
[15:11:43] [185/459] SPCT
[15:11:44] [186/459] JBCA
[15:11:45] [187/459] ATTR
[15:11:46] [188/459] SPMT
[15:11:47] [189/459] LCTM
[15:11:47] [190/459] SCVL
[15:11:48] [191/459] SCVT
[15:11:49] [192/459] KRIC
[15:11:50] [193/459] CTMG
[15:11:50] [194/459] ACNC
[15:11:51] [195/459] DMCK
[15:11:52] [196/459] KMTV
[15:11:54] [197/459] PFCJ
[15:11:55] [198/459] VNMD
[15:11:56] [199/459] VPCZ
[15:11:56] [200/459] SRYR
[15:11:57] [201/459] SYTR
[15:11:58] [202/459] GATR
[15:11:59] [203/459] URTR
[15:12:00] [204/459] MKSM
[15:12:01] [205/459] VSMH
[15:12:02] [206/459] SKRJ
[15:12:03] [207/459] SSJR
[15:12:03] [208/459] SVSM
[15:12:04] [209/459] RUCM
[15:12:05] [210/459] PRKN
[15:12:06] [211/459] RROH
[15:12:07] [212/459] SCTN
[15:12:08] [213/459] RTDM
[15:12:08] [214/459] ASRM
[15:12:09] [215/459] SKMD
[15:12:11] [216/459] SUTD
[15:12:12] [217/459] SADM
[15:12:13] [218/459] WCNR
[15:12:15] [219/459] CNED
[15:12:15] [220/459] MPDB
[15:12:16] [221/459] KTBH
[15:12:18] [222/459] IDRM
[15:12:18] [223/459] PJJT
[15:12:19] [224/459] PFCV
[15:12:20] [225/459] AACT
[15:12:21] [226/459] AAAD
[15:12:22] [227/459] ANES
[15:12:23] [228/459] MNCA
[15:12:23] [229/459] RMGU
[15:12:24] [230/459] DLCN
[15:12:25] [231/459] LJWT
[15:12:26] [232/459] MCBG
[15:12:28] [233/459] MYBG
[15:12:28] [234/459] GCCA
[15:12:29] [235/459] GCGA
[15:12:30] [236/459] ECGN
[15:12:31] [237/459] PRAB
[15:12:32] [238/459] PNMP
[15:12:33] [239/459] GCPT
[15:12:34] [240/459] ROYN
[15:12:35] [241/459] VATM
[15:12:35] [242/459] KSNT
[15:12:36] [243/459] ACTC
[15:12:37] [244/459] PLTD
[15:12:39] [245/459] SKMK
[15:12:40] [246/459] CMTT
[15:12:41] [247/459] SMXP
[15:12:42] [248/459] SCMX
[15:12:43] [249/459] ACXN
[15:12:44] [250/459] ASWT
[15:12:44] [251/459] VVVL
[15:12:46] [252/459] NAGO
[15:12:46] [253/459] SNCN
[15:12:47] [254/459] MCKP
[15:12:48] [255/459] SAMO
[15:12:49] [256/459] JBTV
[15:12:50] [257/459] DCVV
[15:12:51] [258/459] KMSV
[15:12:53] [259/459] KDCN
[15:12:54] [260/459] CNCP
[15:12:54] [261/459] HAMC
[15:12:55] [262/459] CCVZ
[15:12:56] [263/459] NCCK
[15:12:57] [264/459] MCHR
[15:12:58] [265/459] SCHT
[15:12:59] [266/459] ESSH
[15:13:00] [267/459] CUJC
[15:13:01] [268/459] PECP
[15:13:02] [269/459] PMMI
[15:13:03] [270/459] PCCH
[15:13:04] [271/459] PRPM
[15:13:05] [272/459] PVKL
[15:13:05] [273/459] CBSM
[15:13:06] [274/459] PVCZ
[15:13:07] [275/459] PCVV
[15:13:08] [276/459] CTMJ
[15:13:09] [277/459] RCPS
[15:13:10] [278/459] PCIT
[15:13:11] [279/459] FNCH
[15:13:12] [280/459] INZD
[15:13:13] [281/459] INPC
[15:13:13] [282/459] LCZP
[15:13:14] [283/459] SMCB
[15:13:15] [284/459] PTSB
[15:13:16] [285/459] TPSI
[15:13:17] [286/459] KHMJ
[15:13:18] [287/459] RCCJ
[15:13:19] [288/459] NCJA
[15:13:20] [289/459] NCJN
[15:13:21] [290/459] BTDP
[15:13:22] [291/459] PADY
[15:13:22] [292/459] NYBH
[15:13:23] [293/459] MTBR
[15:13:24] [294/459] KRBC
[15:13:25] [295/459] DKTI
[15:13:26] [296/459] ANAN
[15:13:27] [297/459] INBP
[15:13:29] [298/459] PATB
[15:13:30] [299/459] RGNT
[15:13:31] [300/459] CGPM
[15:13:32] [301/459] INTN
[15:13:33] [302/459] MCMP
[15:13:34] [303/459] ASRG
[15:13:35] [304/459] CXJD
[15:13:36] [305/459] SPCP
[15:13:37] [306/459] CSTP
[15:13:38] [307/459] PKVC
[15:13:38] [308/459] ESCP
[15:13:40] [309/459] CAEP
[15:13:41] [310/459] CCSP
[15:13:43] [311/459] KTPC
[15:13:44] [312/459] DACA
[15:13:44] [313/459] NVKY
[15:13:45] [314/459] PTIN
[15:13:46] [315/459] SCIN
[15:13:47] [316/459] MCTY
[15:13:48] [317/459] PCMX
[15:13:49] [318/459] INIC
[15:13:49] [319/459] MMZM
[15:13:50] [320/459] SSLP
[15:13:51] [321/459] DTDT
[15:13:52] [322/459] FFCX
[15:13:53] [323/459] RCMM
[15:13:55] [324/459] KYID
[15:13:56] [325/459] CSCI
[15:13:56] [326/459] FCMC
[15:13:57] [327/459] MMXI
[15:13:58] [328/459] ASTC
[15:13:59] [329/459] CMRA
[15:14:00] [330/459] DICI
[15:14:01] [331/459] KDIN
[15:14:02] [332/459] PRFI
[15:14:03] [333/459] SVFC
[15:14:04] [334/459] UCPL
[15:14:06] [335/459] COOC
[15:14:07] [336/459] SCAL
[15:14:08] [337/459] SVFF
[15:14:09] [338/459] VCMG
[15:14:10] [339/459] UUCT
[15:14:11] [340/459] GCSE
[15:14:12] [341/459] SUSC
[15:14:13] [342/459] MISC
[15:14:14] [343/459] RMBL
[15:14:15] [344/459] CMXN
[15:14:15] [345/459] PVBK
[15:14:16] [346/459] HHCG
[15:14:18] [347/459] SCAG
[15:14:19] [348/459] CNPR
[15:14:20] [349/459] CSER
[15:14:21] [350/459] HLWD
[15:14:21] [351/459] BOLY
[15:14:22] [352/459] SSPG
[15:14:23] [353/459] MUPX
[15:14:24] [354/459] HAMR
[15:14:25] [355/459] SDNC
[15:14:26] [356/459] RTEN
[15:14:26] [357/459] SDTD
[15:14:28] [358/459] KAWS
[15:14:28] [359/459] CMZX
[15:14:29] [360/459] DCDD
[15:14:30] [361/459] ALSN
[15:14:32] [362/459] IMXS
[15:14:33] [363/459] PVFF
[15:14:34] [364/459] PVOO
[15:14:34] [365/459] CFBS
[15:14:35] [366/459] PVER
[15:14:36] [367/459] PPNX
[15:14:37] [368/459] CNRM
[15:14:38] [369/459] PVWW
[15:14:39] [370/459] INMB
[15:14:40] [371/459] CPJR
[15:14:41] [372/459] INRZ
[15:14:42] [373/459] PMSR
[15:14:42] [374/459] GPGM
[15:14:43] [375/459] PGWB
[15:14:44] [376/459] PMBR
[15:14:46] [377/459] GPAM
[15:14:47] [378/459] INBC
[15:14:47] [379/459] PZVK
[15:14:48] [380/459] CPEB
[15:14:50] [381/459] FMLB
[15:14:51] [382/459] INBG
[15:14:52] [383/459] GPBR
[15:14:53] [384/459] PAAS
[15:14:54] [385/459] VTBR
[15:14:54] [386/459] GPMY
[15:14:55] [387/459] GYBU
[15:14:56] [388/459] INBJ
[15:14:57] [389/459] LKTH
[15:14:58] [390/459] NSBR
[15:14:59] [391/459] PDRD
[15:15:00] [392/459] VRBL
[15:15:00] [393/459] VTGB
[15:15:01] [394/459] VTSK
[15:15:02] [395/459] BKDV
[15:15:03] [396/459] SVTB
[15:15:04] [397/459] MLDT
[15:15:05] [398/459] NRBL
[15:15:06] [399/459] SLTR
[15:15:07] [400/459] VNKA
[15:15:07] [401/459] TDCA
[15:15:08] [402/459] INBM
[15:15:09] [403/459] SSNR
[15:15:10] [404/459] BHAC
[15:15:11] [405/459] SDSD
[15:15:11] [406/459] SAMP
[15:15:12] [407/459] RATK
[15:15:13] [408/459] KCBI
[15:15:14] [409/459] URBL
[15:15:15] [410/459] MKBG
[15:15:17] [411/459] ASTB
[15:15:18] [412/459] VBWT
[15:15:19] [413/459] GPSM
[15:15:20] [414/459] ROON
[15:15:21] [415/459] CHTH
[15:15:22] [416/459] SSPA
[15:15:23] [417/459] ANBL
[15:15:24] [418/459] VTBE
[15:15:25] [419/459] SVKT
[15:15:26] [420/459] SVYK
[15:15:27] [421/459] PTBK
[15:15:28] [422/459] RKTB
[15:15:28] [423/459] BALT
[15:15:29] [424/459] STSV
[15:15:30] [425/459] VCCB
[15:15:31] [426/459] SLTB
[15:15:32] [427/459] SBCR
[15:15:32] [428/459] VDCS
[15:15:33] [429/459] MDKI
[15:15:34] [430/459] SMRN
[15:15:35] [431/459] PTBC
[15:15:36] [432/459] RADI
[15:15:37] [433/459] ADCR
[15:15:38] [434/459] SDCS
[15:15:38] [435/459] SRPJ
[15:15:40] [436/459] ARTS
[15:15:41] [437/459] SRHK
[15:15:42] [438/459] SPAY
[15:15:43] [439/459] GPTB
[15:15:44] [440/459] SNNN
[15:15:45] [441/459] BALJ
[15:15:46] [442/459] TRIG
[15:15:47] [443/459] GTYT
[15:15:48] [444/459] ATGN
[15:15:49] [445/459] ANTE
[15:15:50] [446/459] BDCG
[15:15:51] [447/459] VECI
[15:15:52] [448/459] SCPR
[15:15:53] [449/459] RTEA
[15:15:54] [450/459] JSAI
[15:15:55] [451/459] VJTP
[15:15:55] [452/459] GNDS
[15:15:57] [453/459] PAXA
[15:15:59] [454/459] CGGM
[15:16:00] [455/459] ACKZ
[15:16:01] [456/459] EMCC
[15:16:02] [457/459] KLSK
[15:16:03] [458/459] AVCK
[15:16:04] [459/459] JTCK
[15:16:05] ✅ DONE | Shows=1078 | Movies=60
[15:57:40] 🚀 BMS DAILY TRACKER STARTED
[15:57:40] [1/459] NECA
[15:57:40] 🧠 New identity
[15:57:41] [2/459] BJLC
[15:57:42] [3/459] BASU
[15:57:43] [4/459] RUPI
[15:57:44] [5/459] LCBK
[15:57:45] [6/459] PMAC
[15:57:45] [7/459] AMLC
[15:57:46] [8/459] LICL
[15:57:47] [9/459] UDMM
[15:57:48] [10/459] STBZ
[15:57:49] [11/459] UUBT
[15:57:50] [12/459] SJKC
[15:57:51] [13/459] TUAL
[15:57:52] [14/459] MRSE
[15:57:53] [15/459] RMRK
[15:57:55] [16/459] TTKP
[15:57:55] [17/459] KTKO
[15:57:56] [18/459] SDBK
[15:57:57] [19/459] MCPR
[15:57:58] [20/459] CHTI
[15:57:59] [21/459] GCCP
[15:58:00] [22/459] SRMY
[15:58:00] [23/459] NYST
[15:58:01] [24/459] NYAG
[15:58:02] [25/459] SBMT
[15:58:03] [26/459] INGA
[15:58:05] [27/459] WSIC
[15:58:06] [28/459] SCSS
[15:58:07] [29/459] COPG
[15:58:09] [30/459] RCGR
[15:58:10] [31/459] TCZA
[15:58:10] [32/459] CNLP
[15:58:11] [33/459] CLKN
[15:58:12] [34/459] LHDF
[15:58:13] [35/459] ELKC
[15:58:14] [36/459] VCEM
[15:58:14] [37/459] SSZA
[15:58:15] [38/459] KRMT
[15:58:16] [39/459] LCMV
[15:58:17] [40/459] AYCZ
[15:58:18] [41/459] CUMS
[15:58:19] [42/459] BOCK
[15:58:20] [43/459] PNMR
[15:58:21] [44/459] PJCP
[15:58:22] [45/459] JDDD
[15:58:22] [46/459] STMS
[15:58:23] [47/459] FLMB
[15:58:24] [48/459] PKCM
[15:58:25] [49/459] SPPR
[15:58:26] [50/459] EYLH
[15:58:27] [51/459] RJCC
[15:58:28] [52/459] MMPS
[15:58:29] [53/459] SHMX
[15:58:30] [54/459] CCNL
[15:58:31] [55/459] RCNV
[15:58:32] [56/459] MAAG
[15:58:33] [57/459] LXCM
[15:58:34] [58/459] RCNI
[15:58:35] [59/459] SNNI
[15:58:36] [60/459] LALC
[15:58:37] [61/459] SOCN
[15:58:38] [62/459] JHTP
[15:58:39] [63/459] PITP
[15:58:40] [64/459] CCKW
[15:58:41] [65/459] MCMC
[15:58:41] [66/459] DEES
[15:58:42] [67/459] SABT
[15:58:43] [68/459] VSPP
[15:58:44] [69/459] ABCT
[15:58:45] [70/459] JVTB
[15:58:46] [71/459] VCBD
[15:58:47] [72/459] RMGG
[15:58:48] [73/459] RNMH
[15:58:48] [74/459] SPGL
[15:58:49] [75/459] JTTR
[15:58:50] [76/459] SICS
[15:58:51] [77/459] SRMI
[15:58:52] [78/459] SSIJ
[15:58:53] [79/459] KFMT
[15:58:54] [80/459] VBIT
[15:58:55] [81/459] JKCT
[15:58:56] [82/459] GCGP
[15:58:58] [83/459] GDCS
[15:58:59] [84/459] TRBA
[15:58:59] [85/459] QUST
[15:59:00] [86/459] VSHM
[15:59:01] [87/459] SDCP
[15:59:02] [88/459] SNVS
[15:59:03] [89/459] NYTO
[15:59:04] [90/459] URWC
[15:59:05] [91/459] GTWH
[15:59:05] [92/459] PFCM
[15:59:06] [93/459] KRTA
[15:59:07] [94/459] AXMC
[15:59:08] [95/459] EVMC
[15:59:09] [96/459] HGSM
[15:59:09] [97/459] ACVM
[15:59:10] [98/459] PSKL
[15:59:11] [99/459] RDMP
[15:59:12] [100/459] RHGH
[15:59:13] [101/459] OMCM
[15:59:13] [102/459] DCCP
[15:59:14] [103/459] MCPB
[15:59:15] [104/459] ALCI
[15:59:16] [105/459] BLMX
[15:59:17] [106/459] BTMV
[15:59:17] [107/459] FVPN
[15:59:18] [108/459] CMAR
[15:59:19] [109/459] CEIM
[15:59:20] [110/459] CMVA
[15:59:21] [111/459] CPIV
[15:59:21] [112/459] CNPE
[15:59:22] [113/459] COLV
[15:59:23] [114/459] DNNV
[15:59:24] [115/459] HCAD
[15:59:25] [116/459] TAKA
[15:59:26] [117/459] INVD
[15:59:27] [118/459] IRMM
[15:59:27] [119/459] INSE
[15:59:28] [120/459] MRSW
[15:59:29] [121/459] MCVD
[15:59:30] [122/459] MCSO
[15:59:30] [123/459] PEVM
[15:59:31] [124/459] PVNL
[15:59:32] [125/459] PTCV
[15:59:33] [126/459] PRTC
[15:59:33] [127/459] RCVA
[15:59:34] [128/459] MTBN
[15:59:36] [129/459] LUCP
[15:59:37] [130/459] FMPT
[15:59:37] [131/459] JLSL
[15:59:38] [132/459] SBHA
[15:59:39] [133/459] SHRC
[15:59:40] [134/459] AVPS
[15:59:41] [135/459] STPM
[15:59:42] [136/459] ATRD
[15:59:42] [137/459] VTED
[15:59:43] [138/459] ACAI
[15:59:45] [139/459] SMAE
[15:59:45] [140/459] VMAT
[15:59:46] [141/459] LKCT
[15:59:47] [142/459] JTVK
[15:59:48] [143/459] PRTY
[15:59:48] [144/459] GETT
[15:59:49] [145/459] ESAP
[15:59:50] [146/459] NCPM
[15:59:52] [147/459] PCPA
[15:59:52] [148/459] MMOM
[15:59:53] [149/459] PHUP
[15:59:54] [150/459] CCPI
[15:59:55] [151/459] CNTD
[15:59:56] [152/459] NLJR
[15:59:57] [153/459] SRNG
[15:59:58] [154/459] MHAL
[15:59:59] [155/459] PNSM
[16:00:00] [156/459] DRMY
[16:00:00] [157/459] CCMU
[16:00:01] [158/459] SCMY
[16:00:02] [159/459] PVSY
[16:00:03] [160/459] SDLM
[16:00:04] [161/459] ICCM
[16:00:05] [162/459] PYSU
[16:00:06] [163/459] GATM
[16:00:07] [164/459] WOTM
[16:00:07] [165/459] RKTS
[16:00:08] [166/459] PMTY
[16:00:10] [167/459] LYMS
[16:00:11] [168/459] TGCA
[16:00:12] [169/459] DSTA
[16:00:12] [170/459] CNGE
[16:00:13] [171/459] VSTG
[16:00:14] [172/459] GTCK
[16:00:15] [173/459] TGNT
[16:00:16] [174/459] ASLC
[16:00:17] [175/459] SSST
[16:00:18] [176/459] KBTT
[16:00:18] [177/459] HKCP
[16:00:19] [178/459] SWLC
[16:00:20] [179/459] RTND
[16:00:21] [180/459] PKKT
[16:00:22] [181/459] HSTK
[16:00:22] [182/459] SPTT
[16:00:23] [183/459] IMPM
[16:00:24] [184/459] SCMV
[16:00:25] [185/459] SPCT
[16:00:26] [186/459] JBCA
[16:00:26] [187/459] ATTR
[16:00:27] [188/459] SPMT
[16:00:28] [189/459] LCTM
[16:00:29] [190/459] SCVL
[16:00:30] [191/459] SCVT
[16:00:31] [192/459] KRIC
[16:00:32] [193/459] CTMG
[16:00:32] [194/459] ACNC
[16:00:33] [195/459] DMCK
[16:00:34] [196/459] KMTV
[16:00:35] [197/459] PFCJ
[16:00:36] [198/459] VNMD
[16:00:36] [199/459] VPCZ
[16:00:37] [200/459] SRYR
[16:00:38] [201/459] SYTR
[16:00:39] [202/459] GATR
[16:00:39] [203/459] URTR
[16:00:40] [204/459] MKSM
[16:00:41] [205/459] VSMH
[16:00:42] [206/459] SKRJ
[16:00:42] [207/459] SSJR
[16:00:43] [208/459] SVSM
[16:00:44] [209/459] RUCM
[16:00:45] [210/459] PRKN
[16:00:45] [211/459] RROH
[16:00:46] [212/459] SCTN
[16:00:47] [213/459] RTDM
[16:00:48] [214/459] ASRM
[16:00:49] [215/459] SKMD
[16:00:50] [216/459] SUTD
[16:00:51] [217/459] SADM
[16:00:52] [218/459] WCNR
[16:00:53] [219/459] CNED
[16:00:54] [220/459] MPDB
[16:00:54] [221/459] KTBH
[16:00:55] [222/459] IDRM
[16:00:56] [223/459] PJJT
[16:00:57] [224/459] PFCV
[16:00:58] [225/459] AACT
[16:00:59] [226/459] AAAD
[16:01:00] [227/459] ANES
[16:01:00] [228/459] MNCA
[16:01:01] [229/459] RMGU
[16:01:02] [230/459] DLCN
[16:01:04] [231/459] LJWT
[16:01:05] [232/459] MCBG
[16:01:06] [233/459] MYBG
[16:01:07] [234/459] GCCA
[16:01:08] [235/459] GCGA
[16:01:10] [236/459] ECGN
[16:01:11] [237/459] PRAB
[16:01:11] [238/459] PNMP
[16:01:12] [239/459] GCPT
[16:01:13] [240/459] ROYN
[16:01:14] [241/459] VATM
[16:01:14] [242/459] KSNT
[16:01:15] [243/459] ACTC
[16:01:16] [244/459] PLTD
[16:01:17] [245/459] SKMK
[16:01:18] [246/459] CMTT
[16:01:19] [247/459] SMXP
[16:01:19] [248/459] SCMX
[16:01:20] [249/459] ACXN
[16:01:21] [250/459] ASWT
[16:01:22] [251/459] VVVL
[16:01:23] [252/459] NAGO
[16:01:23] [253/459] SNCN
[16:01:24] [254/459] MCKP
[16:01:25] [255/459] SAMO
[16:01:25] [256/459] JBTV
[16:01:26] [257/459] DCVV
[16:01:27] [258/459] KMSV
[16:01:28] [259/459] KDCN
[16:01:29] [260/459] CNCP
[16:01:31] [261/459] HAMC
[16:01:32] [262/459] CCVZ
[16:01:33] [263/459] NCCK
[16:01:34] [264/459] MCHR
[16:01:35] [265/459] SCHT
[16:01:35] [266/459] ESSH
[16:01:36] [267/459] CUJC
[16:01:37] [268/459] PECP
[16:01:39] [269/459] PMMI
[16:01:39] [270/459] PCCH
[16:01:40] [271/459] PRPM
[16:01:41] [272/459] PVKL
[16:01:42] [273/459] CBSM
[16:01:43] [274/459] PVCZ
[16:01:44] [275/459] PCVV
[16:01:44] [276/459] CTMJ
[16:01:45] [277/459] RCPS
[16:01:46] [278/459] PCIT
[16:01:47] [279/459] FNCH
[16:01:47] [280/459] INZD
[16:01:48] [281/459] INPC
[16:01:49] [282/459] LCZP
[16:01:50] [283/459] SMCB
[16:01:50] [284/459] PTSB
[16:01:51] [285/459] TPSI
[16:01:52] [286/459] KHMJ
[16:01:53] [287/459] RCCJ
[16:01:54] [288/459] NCJA
[16:01:55] [289/459] NCJN
[16:01:56] [290/459] BTDP
[16:01:57] [291/459] PADY
[16:01:58] [292/459] NYBH
[16:01:59] [293/459] MTBR
[16:01:59] [294/459] KRBC
[16:02:00] [295/459] DKTI
[16:02:01] [296/459] ANAN
[16:02:02] [297/459] INBP
[16:02:03] [298/459] PATB
[16:02:04] [299/459] RGNT
[16:02:06] [300/459] CGPM
[16:02:06] [301/459] INTN
[16:02:07] [302/459] MCMP
[16:02:08] [303/459] ASRG
[16:02:08] [304/459] CXJD
[16:02:09] [305/459] SPCP
[16:02:10] [306/459] CSTP
[16:02:11] [307/459] PKVC
[16:02:13] [308/459] ESCP
[16:02:14] [309/459] CAEP
[16:02:14] [310/459] CCSP
[16:02:15] [311/459] KTPC
[16:02:16] [312/459] DACA
[16:02:17] [313/459] NVKY
[16:02:18] [314/459] PTIN
[16:02:18] [315/459] SCIN
[16:02:19] [316/459] MCTY
[16:02:20] [317/459] PCMX
[16:02:21] [318/459] INIC
[16:02:22] [319/459] MMZM
[16:02:23] [320/459] SSLP
[16:02:23] [321/459] DTDT
[16:02:24] [322/459] FFCX
[16:02:25] [323/459] RCMM
[16:02:25] [324/459] KYID
[16:02:26] [325/459] CSCI
[16:02:27] [326/459] FCMC
[16:02:28] [327/459] MMXI
[16:02:29] [328/459] ASTC
[16:02:30] [329/459] CMRA
[16:02:30] [330/459] DICI
[16:02:31] [331/459] KDIN
[16:02:32] [332/459] PRFI
[16:02:33] [333/459] SVFC
[16:02:34] [334/459] UCPL
[16:02:35] [335/459] COOC
[16:02:36] [336/459] SCAL
[16:02:36] [337/459] SVFF
[16:02:37] [338/459] VCMG
[16:02:38] [339/459] UUCT
[16:02:40] [340/459] GCSE
[16:02:40] [341/459] SUSC
[16:02:41] [342/459] MISC
[16:02:42] [343/459] RMBL
[16:02:43] [344/459] CMXN
[16:02:44] [345/459] PVBK
[16:02:44] [346/459] HHCG
[16:02:46] [347/459] SCAG
[16:02:46] [348/459] CNPR
[16:02:47] [349/459] CSER
[16:02:48] [350/459] HLWD
[16:02:49] [351/459] BOLY
[16:02:50] [352/459] SSPG
[16:02:51] [353/459] MUPX
[16:02:52] [354/459] HAMR
[16:02:53] [355/459] SDNC
[16:02:54] [356/459] RTEN
[16:02:55] [357/459] SDTD
[16:02:56] [358/459] KAWS
[16:02:57] [359/459] CMZX
[16:02:57] [360/459] DCDD
[16:02:58] [361/459] ALSN
[16:02:59] [362/459] IMXS
[16:03:00] [363/459] PVFF
[16:03:01] [364/459] PVOO
[16:03:02] [365/459] CFBS
[16:03:02] [366/459] PVER
[16:03:04] [367/459] PPNX
[16:03:05] [368/459] CNRM
[16:03:05] [369/459] PVWW
[16:03:06] [370/459] INMB
[16:03:07] [371/459] CPJR
[16:03:08] [372/459] INRZ
[16:03:09] [373/459] PMSR
[16:03:09] [374/459] GPGM
[16:03:10] [375/459] PGWB
[16:03:11] [376/459] PMBR
[16:03:12] [377/459] GPAM
[16:03:12] [378/459] INBC
[16:03:13] [379/459] PZVK
[16:03:14] [380/459] CPEB
[16:03:15] [381/459] FMLB
[16:03:16] [382/459] INBG
[16:03:17] [383/459] GPBR
[16:03:17] [384/459] PAAS
[16:03:18] [385/459] VTBR
[16:03:19] [386/459] GPMY
[16:03:20] [387/459] GYBU
[16:03:20] [388/459] INBJ
[16:03:21] [389/459] LKTH
[16:03:22] [390/459] NSBR
[16:03:22] [391/459] PDRD
[16:03:23] [392/459] VRBL
[16:03:24] [393/459] VTGB
[16:03:25] [394/459] VTSK
[16:03:25] [395/459] BKDV
[16:03:26] [396/459] SVTB
[16:03:27] [397/459] MLDT
[16:03:28] [398/459] NRBL
[16:03:28] [399/459] SLTR
[16:03:29] [400/459] VNKA
[16:03:30] [401/459] TDCA
[16:03:31] [402/459] INBM
[16:03:32] [403/459] SSNR
[16:03:32] [404/459] BHAC
[16:03:33] [405/459] SDSD
[16:03:34] [406/459] SAMP
[16:03:35] [407/459] RATK
[16:03:36] [408/459] KCBI
[16:03:37] [409/459] URBL
[16:03:39] [410/459] MKBG
[16:03:39] [411/459] ASTB
[16:03:40] [412/459] VBWT
[16:03:41] [413/459] GPSM
[16:03:42] [414/459] ROON
[16:03:43] [415/459] CHTH
[16:03:44] [416/459] SSPA
[16:03:45] [417/459] ANBL
[16:03:46] [418/459] VTBE
[16:03:47] [419/459] SVKT
[16:03:47] [420/459] SVYK
[16:03:48] [421/459] PTBK
[16:03:49] [422/459] RKTB
[16:03:50] [423/459] BALT
[16:03:51] [424/459] STSV
[16:03:52] [425/459] VCCB
[16:03:53] [426/459] SLTB
[16:03:54] [427/459] SBCR
[16:03:54] [428/459] VDCS
[16:03:55] [429/459] MDKI
[16:03:56] [430/459] SMRN
[16:03:57] [431/459] PTBC
[16:03:58] [432/459] RADI
[16:03:59] [433/459] ADCR
[16:03:59] [434/459] SDCS
[16:04:00] [435/459] SRPJ
[16:04:02] [436/459] ARTS
[16:04:03] [437/459] SRHK
[16:04:04] [438/459] SPAY
[16:04:04] [439/459] GPTB
[16:04:05] [440/459] SNNN
[16:04:06] [441/459] BALJ
[16:04:07] [442/459] TRIG
[16:04:08] [443/459] GTYT
[16:04:09] [444/459] ATGN
[16:04:09] [445/459] ANTE
[16:04:10] [446/459] BDCG
[16:04:11] [447/459] VECI
[16:04:11] [448/459] SCPR
[16:04:12] [449/459] RTEA
[16:04:13] [450/459] JSAI
[16:04:14] [451/459] VJTP
[16:04:15] [452/459] GNDS
[16:04:16] [453/459] PAXA
[16:04:16] [454/459] CGGM
[16:04:17] [455/459] ACKZ
[16:04:18] [456/459] EMCC
[16:04:19] [457/459] KLSK
[16:04:20] [458/459] AVCK
[16:04:21] [459/459] JTCK
[16:04:22] ✅ DONE | Shows=1302 | Movies=65
[18:19:42] 🚀 BMS DAILY TRACKER STARTED
[18:19:42] [1/459] NECA
[18:19:42] 🧠 New identity
[18:19:43] [2/459] BJLC
[18:19:44] [3/459] BASU
[18:19:44] [4/459] RUPI
[18:19:46] [5/459] LCBK
[18:19:47] [6/459] PMAC
[18:19:48] [7/459] AMLC
[18:19:49] [8/459] LICL
[18:19:50] [9/459] UDMM
[18:19:50] [10/459] STBZ
[18:19:51] [11/459] UUBT
[18:19:52] [12/459] SJKC
[18:19:53] [13/459] TUAL
[18:19:54] [14/459] MRSE
[18:19:55] [15/459] RMRK
[18:19:56] [16/459] TTKP
[18:19:57] [17/459] KTKO
[18:19:57] [18/459] SDBK
[18:19:58] [19/459] MCPR
[18:19:59] [20/459] CHTI
[18:20:00] [21/459] GCCP
[18:20:01] [22/459] SRMY
[18:20:02] [23/459] NYST
[18:20:03] [24/459] NYAG
[18:20:05] [25/459] SBMT
[18:20:05] [26/459] INGA
[18:20:06] [27/459] WSIC
[18:20:07] [28/459] SCSS
[18:20:09] [29/459] COPG
[18:20:10] [30/459] RCGR
[18:20:12] [31/459] TCZA
[18:20:13] [32/459] CNLP
[18:20:13] [33/459] CLKN
[18:20:14] [34/459] LHDF
[18:20:16] [35/459] ELKC
[18:20:17] [36/459] VCEM
[18:20:18] [37/459] SSZA
[18:20:19] [38/459] KRMT
[18:20:20] [39/459] LCMV
[18:20:21] [40/459] AYCZ
[18:20:21] [41/459] CUMS
[18:20:22] [42/459] BOCK
[18:20:24] [43/459] PNMR
[18:20:24] [44/459] PJCP
[18:20:25] [45/459] JDDD
[18:20:26] [46/459] STMS
[18:20:27] [47/459] FLMB
[18:20:28] [48/459] PKCM
[18:20:29] [49/459] SPPR
[18:20:30] [50/459] EYLH
[18:20:31] [51/459] RJCC
[18:20:33] [52/459] MMPS
[18:20:34] [53/459] SHMX
[18:20:34] [54/459] CCNL
[18:20:35] [55/459] RCNV
[18:20:36] [56/459] MAAG
[18:20:37] [57/459] LXCM
[18:20:38] [58/459] RCNI
[18:20:39] [59/459] SNNI
[18:20:39] [60/459] LALC
[18:20:41] [61/459] SOCN
[18:20:42] [62/459] JHTP
[18:20:43] [63/459] PITP
[18:20:44] [64/459] CCKW
[18:20:46] [65/459] MCMC
[18:20:47] [66/459] DEES
[18:20:47] [67/459] SABT
[18:20:48] [68/459] VSPP
[18:20:49] [69/459] ABCT
[18:20:50] [70/459] JVTB
[18:20:51] [71/459] VCBD
[18:20:52] [72/459] RMGG
[18:20:53] [73/459] RNMH
[18:20:54] [74/459] SPGL
[18:20:55] [75/459] JTTR
[18:20:56] [76/459] SICS
[18:20:57] [77/459] SRMI
[18:20:58] [78/459] SSIJ
[18:20:59] [79/459] KFMT
[18:20:59] [80/459] VBIT
[18:21:00] [81/459] JKCT
[18:21:01] [82/459] GCGP
[18:21:02] [83/459] GDCS
[18:21:03] [84/459] TRBA
[18:21:04] [85/459] QUST
[18:21:04] [86/459] VSHM
[18:21:05] [87/459] SDCP
[18:21:06] [88/459] SNVS
[18:21:07] [89/459] NYTO
[18:21:08] [90/459] URWC
[18:21:08] [91/459] GTWH
[18:21:09] [92/459] PFCM
[18:21:10] [93/459] KRTA
[18:21:11] [94/459] AXMC
[18:21:12] [95/459] EVMC
[18:21:14] [96/459] HGSM
[18:21:14] [97/459] ACVM
[18:21:15] [98/459] PSKL
[18:21:16] [99/459] RDMP
[18:21:17] [100/459] RHGH
[18:21:18] [101/459] OMCM
[18:21:19] [102/459] DCCP
[18:21:20] [103/459] MCPB
[18:21:21] [104/459] ALCI
[18:21:23] [105/459] BLMX
[18:21:23] [106/459] BTMV
[18:21:24] [107/459] FVPN
[18:21:25] [108/459] CMAR
[18:21:26] [109/459] CEIM
[18:21:27] [110/459] CMVA
[18:21:28] [111/459] CPIV
[18:21:28] [112/459] CNPE
[18:21:29] [113/459] COLV
[18:21:30] [114/459] DNNV
[18:21:31] [115/459] HCAD
[18:21:32] [116/459] TAKA
[18:21:33] [117/459] INVD
[18:21:34] [118/459] IRMM
[18:21:36] [119/459] INSE
[18:21:36] [120/459] MRSW
[18:21:37] [121/459] MCVD
[18:21:38] [122/459] MCSO
[18:21:39] [123/459] PEVM
[18:21:40] [124/459] PVNL
[18:21:43] [125/459] PTCV
[18:21:44] [126/459] PRTC
[18:21:45] [127/459] RCVA
[18:21:48] [128/459] MTBN
[18:21:49] [129/459] LUCP
[18:21:50] [130/459] FMPT
[18:21:51] [131/459] JLSL
[18:21:53] [132/459] SBHA
[18:21:54] [133/459] SHRC
[18:22:06] 🔄 Identity reset
[18:22:06] ❌ SHRC | ReadTimeout
[18:22:07] [134/459] AVPS
[18:22:07] 🧠 New identity
[18:22:08] [135/459] STPM
[18:22:09] [136/459] ATRD
[18:22:10] [137/459] VTED
[18:22:11] [138/459] ACAI
[18:22:12] [139/459] SMAE
[18:22:13] [140/459] VMAT
[18:22:14] [141/459] LKCT
[18:22:16] [142/459] JTVK
[18:22:17] [143/459] PRTY
[18:22:18] [144/459] GETT
[18:22:19] [145/459] ESAP
[18:22:21] [146/459] NCPM
[18:22:21] [147/459] PCPA
[18:22:22] [148/459] MMOM
[18:22:23] [149/459] PHUP
[18:22:25] [150/459] CCPI
[18:22:27] [151/459] CNTD
[18:22:28] [152/459] NLJR
[18:22:29] [153/459] SRNG
[18:22:30] [154/459] MHAL
[18:22:31] [155/459] PNSM
[18:22:32] [156/459] DRMY
[18:22:32] [157/459] CCMU
[18:22:33] [158/459] SCMY
[18:22:34] [159/459] PVSY
[18:22:35] [160/459] SDLM
[18:22:37] [161/459] ICCM
[18:22:38] [162/459] PYSU
[18:22:39] [163/459] GATM
[18:22:40] [164/459] WOTM
[18:22:41] [165/459] RKTS
[18:22:42] [166/459] PMTY
[18:22:43] [167/459] LYMS
[18:22:44] [168/459] TGCA
[18:22:45] [169/459] DSTA
[18:22:45] [170/459] CNGE
[18:22:46] [171/459] VSTG
[18:22:47] [172/459] GTCK
[18:22:48] [173/459] TGNT
[18:22:50] [174/459] ASLC
[18:22:51] [175/459] SSST
[18:22:51] [176/459] KBTT
[18:22:52] [177/459] HKCP
[18:22:54] [178/459] SWLC
[18:22:55] [179/459] RTND
[18:22:55] [180/459] PKKT
[18:22:56] [181/459] HSTK
[18:22:57] [182/459] SPTT
[18:22:58] [183/459] IMPM
[18:22:59] [184/459] SCMV
[18:23:00] [185/459] SPCT
[18:23:01] [186/459] JBCA
[18:23:01] [187/459] ATTR
[18:23:02] [188/459] SPMT
[18:23:03] [189/459] LCTM
[18:23:04] [190/459] SCVL
[18:23:05] [191/459] SCVT
[18:23:06] [192/459] KRIC
[18:23:07] [193/459] CTMG
[18:23:08] [194/459] ACNC
[18:23:09] [195/459] DMCK
[18:23:10] [196/459] KMTV
[18:23:11] [197/459] PFCJ
[18:23:12] [198/459] VNMD
[18:23:13] [199/459] VPCZ
[18:23:14] [200/459] SRYR
[18:23:15] [201/459] SYTR
[18:23:16] [202/459] GATR
[18:23:16] [203/459] URTR
[18:23:17] [204/459] MKSM
[18:23:18] [205/459] VSMH
[18:23:19] [206/459] SKRJ
[18:23:20] [207/459] SSJR
[18:23:22] [208/459] SVSM
[18:23:24] [209/459] RUCM
[18:23:25] [210/459] PRKN
[18:23:26] [211/459] RROH
[18:23:26] [212/459] SCTN
[18:23:27] [213/459] RTDM
[18:23:28] [214/459] ASRM
[18:23:29] [215/459] SKMD
[18:23:30] [216/459] SUTD
[18:23:32] [217/459] SADM
[18:23:32] [218/459] WCNR
[18:23:33] [219/459] CNED
[18:23:35] [220/459] MPDB
[18:23:36] [221/459] KTBH
[18:23:37] [222/459] IDRM
[18:23:38] [223/459] PJJT
[18:23:39] [224/459] PFCV
[18:23:39] [225/459] AACT
[18:23:41] [226/459] AAAD
[18:23:42] [227/459] ANES
[18:23:43] [228/459] MNCA
[18:23:43] [229/459] RMGU
[18:23:44] [230/459] DLCN
[18:23:45] [231/459] LJWT
[18:23:46] [232/459] MCBG
[18:23:47] [233/459] MYBG
[18:23:48] [234/459] GCCA
[18:23:49] [235/459] GCGA
[18:23:50] [236/459] ECGN
[18:23:51] [237/459] PRAB
[18:23:53] [238/459] PNMP
[18:23:54] [239/459] GCPT
[18:23:55] [240/459] ROYN
[18:23:56] [241/459] VATM
[18:23:57] [242/459] KSNT
[18:23:58] [243/459] ACTC
[18:23:59] [244/459] PLTD
[18:24:00] [245/459] SKMK
[18:24:01] [246/459] CMTT
[18:24:01] [247/459] SMXP
[18:24:02] [248/459] SCMX
[18:24:03] [249/459] ACXN
[18:24:04] [250/459] ASWT
[18:24:05] [251/459] VVVL
[18:24:06] [252/459] NAGO
[18:24:07] [253/459] SNCN
[18:24:07] [254/459] MCKP
[18:24:08] [255/459] SAMO
[18:24:09] [256/459] JBTV
[18:24:10] [257/459] DCVV
[18:24:11] [258/459] KMSV
[18:24:12] [259/459] KDCN
[18:24:13] [260/459] CNCP
[18:24:14] [261/459] HAMC
[18:24:15] [262/459] CCVZ
[18:24:15] [263/459] NCCK
[18:24:16] [264/459] MCHR
[18:24:17] [265/459] SCHT
[18:24:18] [266/459] ESSH
[18:24:19] [267/459] CUJC
[18:24:20] [268/459] PECP
[18:24:21] [269/459] PMMI
[18:24:22] [270/459] PCCH
[18:24:23] [271/459] PRPM
[18:24:24] [272/459] PVKL
[18:24:25] [273/459] CBSM
[18:24:27] [274/459] PVCZ
[18:24:28] [275/459] PCVV
[18:24:28] [276/459] CTMJ
[18:24:29] [277/459] RCPS
[18:24:30] [278/459] PCIT
[18:24:31] [279/459] FNCH
[18:24:32] [280/459] INZD
[18:24:33] [281/459] INPC
[18:24:35] [282/459] LCZP
[18:24:35] [283/459] SMCB
[18:24:37] [284/459] PTSB
[18:24:38] [285/459] TPSI
[18:24:39] [286/459] KHMJ
[18:24:40] [287/459] RCCJ
[18:24:41] [288/459] NCJA
[18:24:42] [289/459] NCJN
[18:24:43] [290/459] BTDP
[18:24:43] [291/459] PADY
[18:24:44] [292/459] NYBH
[18:24:45] [293/459] MTBR
[18:24:46] [294/459] KRBC
[18:24:48] [295/459] DKTI
[18:24:48] [296/459] ANAN
[18:24:49] [297/459] INBP
[18:24:50] [298/459] PATB
[18:24:52] [299/459] RGNT
[18:24:53] [300/459] CGPM
[18:24:54] [301/459] INTN
[18:24:55] [302/459] MCMP
[18:24:56] [303/459] ASRG
[18:24:56] [304/459] CXJD
[18:24:57] [305/459] SPCP
[18:24:58] [306/459] CSTP
[18:24:59] [307/459] PKVC
[18:25:00] [308/459] ESCP
[18:25:00] [309/459] CAEP
[18:25:01] [310/459] CCSP
[18:25:02] [311/459] KTPC
[18:25:03] [312/459] DACA
[18:25:04] [313/459] NVKY
[18:25:05] [314/459] PTIN
[18:25:06] [315/459] SCIN
[18:25:07] [316/459] MCTY
[18:25:08] [317/459] PCMX
[18:25:09] [318/459] INIC
[18:25:10] [319/459] MMZM
[18:25:11] [320/459] SSLP
[18:25:12] [321/459] DTDT
[18:25:13] [322/459] FFCX
[18:25:14] [323/459] RCMM
[18:25:15] [324/459] KYID
[18:25:16] [325/459] CSCI
[18:25:17] [326/459] FCMC
[18:25:18] [327/459] MMXI
[18:25:19] [328/459] ASTC
[18:25:19] [329/459] CMRA
[18:25:21] [330/459] DICI
[18:25:21] [331/459] KDIN
[18:25:22] [332/459] PRFI
[18:25:23] [333/459] SVFC
[18:25:24] [334/459] UCPL
[18:25:25] [335/459] COOC
[18:25:27] [336/459] SCAL
[18:25:28] [337/459] SVFF
[18:25:29] [338/459] VCMG
[18:25:30] [339/459] UUCT
[18:25:31] [340/459] GCSE
[18:25:32] [341/459] SUSC
[18:25:32] [342/459] MISC
[18:25:33] [343/459] RMBL
[18:25:34] [344/459] CMXN
[18:25:35] [345/459] PVBK
[18:25:36] [346/459] HHCG
[18:25:37] [347/459] SCAG
[18:25:38] [348/459] CNPR
[18:25:39] [349/459] CSER
[18:25:39] [350/459] HLWD
[18:25:40] [351/459] BOLY
[18:25:41] [352/459] SSPG
[18:25:42] [353/459] MUPX
[18:25:43] [354/459] HAMR
[18:25:44] [355/459] SDNC
[18:25:45] [356/459] RTEN
[18:25:46] [357/459] SDTD
[18:25:47] [358/459] KAWS
[18:25:48] [359/459] CMZX
[18:25:49] [360/459] DCDD
[18:25:50] [361/459] ALSN
[18:25:51] [362/459] IMXS
[18:25:53] [363/459] PVFF
[18:25:54] [364/459] PVOO
[18:25:55] [365/459] CFBS
[18:25:55] [366/459] PVER
[18:25:57] [367/459] PPNX
[18:25:57] [368/459] CNRM
[18:25:58] [369/459] PVWW
[18:25:59] [370/459] INMB
[18:26:00] [371/459] CPJR
[18:26:01] [372/459] INRZ
[18:26:02] [373/459] PMSR
[18:26:03] [374/459] GPGM
[18:26:04] [375/459] PGWB
[18:26:05] [376/459] PMBR
[18:26:05] [377/459] GPAM
[18:26:06] [378/459] INBC
[18:26:08] [379/459] PZVK
[18:26:09] [380/459] CPEB
[18:26:10] [381/459] FMLB
[18:26:11] [382/459] INBG
[18:26:12] [383/459] GPBR
[18:26:12] [384/459] PAAS
[18:26:13] [385/459] VTBR
[18:26:14] [386/459] GPMY
[18:26:15] [387/459] GYBU
[18:26:16] [388/459] INBJ
[18:26:17] [389/459] LKTH
[18:26:18] [390/459] NSBR
[18:26:19] [391/459] PDRD
[18:26:19] [392/459] VRBL
[18:26:20] [393/459] VTGB
[18:26:21] [394/459] VTSK
[18:26:22] [395/459] BKDV
[18:26:23] [396/459] SVTB
[18:26:24] [397/459] MLDT
[18:26:24] [398/459] NRBL
[18:26:25] [399/459] SLTR
[18:26:26] [400/459] VNKA
[18:26:27] [401/459] TDCA
[18:26:28] [402/459] INBM
[18:26:29] [403/459] SSNR
[18:26:30] [404/459] BHAC
[18:26:31] [405/459] SDSD
[18:26:32] [406/459] SAMP
[18:26:32] [407/459] RATK
[18:26:33] [408/459] KCBI
[18:26:34] [409/459] URBL
[18:26:35] [410/459] MKBG
[18:26:36] [411/459] ASTB
[18:26:37] [412/459] VBWT
[18:26:39] [413/459] GPSM
[18:26:39] [414/459] ROON
[18:26:40] [415/459] CHTH
[18:26:41] [416/459] SSPA
[18:26:42] [417/459] ANBL
[18:26:43] [418/459] VTBE
[18:26:44] [419/459] SVKT
[18:26:45] [420/459] SVYK
[18:26:45] [421/459] PTBK
[18:26:47] [422/459] RKTB
[18:26:48] [423/459] BALT
[18:26:49] [424/459] STSV
[18:26:51] [425/459] VCCB
[18:26:52] [426/459] SLTB
[18:26:53] [427/459] SBCR
[18:26:54] [428/459] VDCS
[18:26:56] [429/459] MDKI
[18:26:58] [430/459] SMRN
[18:26:59] [431/459] PTBC
[18:27:00] [432/459] RADI
[18:27:00] [433/459] ADCR
[18:27:01] [434/459] SDCS
[18:27:02] [435/459] SRPJ
[18:27:03] [436/459] ARTS
[18:27:04] [437/459] SRHK
[18:27:05] [438/459] SPAY
[18:27:06] [439/459] GPTB
[18:27:06] [440/459] SNNN
[18:27:07] [441/459] BALJ
[18:27:08] [442/459] TRIG
[18:27:09] [443/459] GTYT
[18:27:10] [444/459] ATGN
[18:27:11] [445/459] ANTE
[18:27:12] [446/459] BDCG
[18:27:12] [447/459] VECI
[18:27:13] [448/459] SCPR
[18:27:15] [449/459] RTEA
[18:27:16] [450/459] JSAI
[18:27:17] [451/459] VJTP
[18:27:17] [452/459] GNDS
[18:27:18] [453/459] PAXA
[18:27:19] [454/459] CGGM
[18:27:20] [455/459] ACKZ
[18:27:21] [456/459] EMCC
[18:27:21] [457/459] KLSK
[18:27:22] [458/459] AVCK
[18:27:23] [459/459] JTCK
[18:27:24] ✅ DONE | Shows=1826 | Movies=71
