[14:23:31] 🚀 BMS DAILY TRACKER STARTED
[14:23:31] [1/445] TGMR
[14:23:31] 🧠 New identity
[14:23:32] [2/445] CXKR
[14:23:33] [3/445] SROP
[14:23:34] [4/445] GTSV
[14:23:34] [5/445] SNTY
[14:23:36] [6/445] SMYY
[14:23:37] [7/445] CNCS
[14:23:38] [8/445] CSTM
[14:23:39] [9/445] NUCD
[14:23:40] [10/445] SHCZ
[14:23:41] [11/445] NJCT
[14:23:42] [12/445] COPC
[14:23:42] [13/445] STVV
[14:23:43] [14/445] SKRN
[14:23:45] [15/445] APPZ
[14:23:46] [16/445] YMGN
[14:23:47] [17/445] SVTU
[14:23:48] [18/445] GTAD
[14:23:49] [19/445] PSUS
[14:23:50] [20/445] SMCD
[14:23:51] [21/445] CMCM
[14:23:52] [22/445] SYCT
[14:23:53] [23/445] STLY
[14:23:53] [24/445] CMHU
[14:23:54] [25/445] CMSA
[14:23:55] [26/445] CLCU
[14:23:56] [27/445] PPNT
[14:23:57] [28/445] JTAB
[14:23:58] [29/445] BUUC
[14:23:59] [30/445] BSVK
[14:23:59] [31/445] VVVQ
[14:24:00] [32/445] TKMU
[14:24:01] [33/445] ESYL
[14:24:02] [34/445] ACHP
[14:24:03] [35/445] BTKD
[14:24:04] [36/445] DESA
[14:24:04] [37/445] GBCT
[14:24:05] [38/445] BLLD
[14:24:06] [39/445] SKNT
[14:24:07] [40/445] SSTE
[14:24:08] [41/445] VJMR
[14:24:09] [42/445] NTPU
[14:24:10] [43/445] RDKN
[14:24:10] [44/445] ADGC
[14:24:11] [45/445] VRBP
[14:24:13] [46/445] NMNA
[14:24:14] [47/445] CMMX
[14:24:14] [48/445] PTKO
[14:24:15] [49/445] RBML
[14:24:16] [50/445] SAIC
[14:24:17] [51/445] SVTJ
[14:24:18] [52/445] MRTE
[14:24:19] [53/445] RBTP
[14:24:20] [54/445] NLPS
[14:24:21] [55/445] GTNA
[14:24:21] [56/445] DGGC
[14:24:22] [57/445] SMCR
[14:24:23] [58/445] SCGD
[14:24:24] [59/445] SRRJ
[14:24:24] [60/445] CNRY
[14:24:25] [61/445] KTDI
[14:24:26] [62/445] SNJL
[14:24:27] [63/445] RKMD
[14:24:28] [64/445] SMDC
[14:24:29] [65/445] TADG
[14:24:30] [66/445] MCGS
[14:24:30] [67/445] PETK
[14:24:31] [68/445] CHAG
[14:24:32] [69/445] KSTL
[14:24:33] [70/445] AADS
[14:24:34] [71/445] NTHZ
[14:24:34] [72/445] HCKI
[14:24:35] [73/445] SSEF
[14:24:36] [74/445] MCGX
[14:24:37] [75/445] ERRA
[14:24:38] [76/445] SDTW
[14:24:39] [77/445] RMPK
[14:24:40] [78/445] PTHK
[14:24:40] [79/445] PXCS
[14:24:41] [80/445] SVLU
[14:24:42] [81/445] STAH
[14:24:43] [82/445] JRGF
[14:24:44] [83/445] CDOK
[14:24:44] [84/445] CMSG
[14:24:45] [85/445] APTD
[14:24:46] [86/445] KMPG
[14:24:47] [87/445] MUTJ
[14:24:48] [88/445] VCCI
[14:24:48] [89/445] URBE
[14:24:49] [90/445] TCTS
[14:24:51] [91/445] STSN
[14:24:53] [92/445] AKCH
[14:24:54] [93/445] APSC
[14:24:55] [94/445] VLTB
[14:24:55] [95/445] SANU
[14:24:56] [96/445] AXAM
[14:24:57] [97/445] MGMG
[14:24:58] [98/445] HTBY
[14:24:59] [99/445] MMZS
[14:25:00] [100/445] SUDR
[14:25:00] [101/445] CCAD
[14:25:01] [102/445] SKKC
[14:25:02] [103/445] RMCD
[14:25:03] [104/445] SBCQ
[14:25:04] [105/445] DCCT
[14:25:04] [106/445] VTKP
[14:25:05] [107/445] MLAM
[14:25:06] [108/445] SAVT
[14:25:07] [109/445] GEPL
[14:25:08] [110/445] AMCD
[14:25:09] [111/445] CCXR
[14:25:10] [112/445] GRNG
[14:25:10] [113/445] EBCA
[14:25:11] [114/445] CNVG
[14:25:12] [115/445] MWSS
[14:25:13] [116/445] VBOR
[14:25:13] [117/445] NEEB
[14:25:14] [118/445] SUTH
[14:25:15] [119/445] ANDB
[14:25:16] [120/445] MMXS
[14:25:17] [121/445] CNPD
[14:25:18] [122/445] SDCE
[14:25:19] [123/445] DHCB
[14:25:20] [124/445] ODEN
[14:25:20] [125/445] TNTC
[14:25:21] [126/445] VBKM
[14:25:23] [127/445] RZYM
[14:25:23] [128/445] JEMC
[14:25:24] [129/445] CMAU
[14:25:25] [130/445] SIVP
[14:25:26] [131/445] ATAG
[14:25:27] [132/445] CHTM
[14:25:28] [133/445] AAEE
[14:25:28] [134/445] IWPM
[14:25:29] [135/445] KCMW
[14:25:30] [136/445] MCTD
[14:25:31] [137/445] SPWR
[14:25:32] [138/445] SDPO
[14:25:33] [139/445] PCSK
[14:25:34] [140/445] ACHV
[14:25:35] [141/445] SVLA
[14:25:35] [142/445] PICT
[14:25:36] [143/445] BXDR
[14:25:37] [144/445] SPWA
[14:25:38] [145/445] MCKO
[14:25:39] [146/445] RTHK
[14:25:40] [147/445] CCMF
[14:25:40] [148/445] MRGB
[14:25:41] [149/445] CPLC
[14:25:42] [150/445] RACD
[14:25:43] [151/445] ATKT
[14:25:44] [152/445] SARN
[14:25:45] [153/445] KKUI
[14:25:46] [154/445] RGCM
[14:25:47] [155/445] BRVP
[14:25:49] [156/445] HRSR
[14:25:50] [157/445] GKGM
[14:25:50] [158/445] TTCD
[14:25:52] [159/445] PTTI
[14:25:53] [160/445] MPTT
[14:25:53] [161/445] CVTT
[14:25:54] [162/445] PCXD
[14:25:55] [163/445] GCDC
[14:25:57] [164/445] CCCF
[14:25:58] [165/445] MRAD
[14:25:59] [166/445] CPLK
[14:25:59] [167/445] SATB
[14:26:00] [168/445] SNVG
[14:26:01] [169/445] JMBA
[14:26:02] [170/445] TEJA
[14:26:04] [171/445] STYO
[14:26:05] [172/445] JTBP
[14:26:06] [173/445] KRGD
[14:26:07] [174/445] SLJJ
[14:26:07] [175/445] SPTJ
[14:26:08] [176/445] SWJG
[14:26:09] [177/445] LKRT
[14:26:10] [178/445] KCKA
[14:26:11] [179/445] SNCR
[14:26:11] [180/445] SMKL
[14:26:12] [181/445] GCFA
[14:26:14] [182/445] DDCK
[14:26:15] [183/445] NCHJ
[14:26:15] [184/445] RDMA
[14:26:16] [185/445] SVSV
[14:26:17] [186/445] SCJG
[14:26:18] [187/445] VKLP
[14:26:19] [188/445] NWCC
[14:26:19] [189/445] VKNS
[14:26:20] [190/445] SDDP
[14:26:21] [191/445] ACSI
[14:26:21] [192/445] SATG
[14:26:22] [193/445] SCMW
[14:26:23] [194/445] LKTK
[14:26:24] [195/445] VCKV
[14:26:24] [196/445] KKPE
[14:26:25] [197/445] KIGH
[14:26:26] [198/445] SRPM
[14:26:27] [199/445] SCAH
[14:26:28] [200/445] MUTA
[14:26:29] [201/445] SEPU
[14:26:30] [202/445] INOA
[14:26:31] [203/445] BASK
[14:26:31] [204/445] NECB
[14:26:32] [205/445] GTTG
[14:26:33] [206/445] ASSA
[14:26:34] [207/445] ANCL
[14:26:34] [208/445] GCTI
[14:26:35] [209/445] RCTS
[14:26:36] [210/445] ACNL
[14:26:37] [211/445] MYCT
[14:26:38] [212/445] NMHT
[14:26:38] [213/445] MDIT
[14:26:40] [214/445] LATG
[14:26:41] [215/445] SMTY
[14:26:42] [216/445] CVCT
[14:26:43] [217/445] RAMB
[14:26:44] [218/445] TGMS
[14:26:45] [219/445] BHEL
[14:26:45] [220/445] SHCT
[14:26:46] [221/445] SVCT
[14:26:47] [222/445] MRIY
[14:26:48] [223/445] SARO
[14:26:50] [224/445] STCT
[14:26:50] [225/445] JKKC
[14:26:51] [226/445] PLTT
[14:26:52] [227/445] SRNT
[14:26:53] [228/445] YAST
[14:26:54] [229/445] PERL
[14:26:55] [230/445] CICM
[14:26:55] [231/445] MMTR
[14:26:56] [232/445] ABTK
[14:26:57] [233/445] ATYY
[14:26:58] [234/445] ASTK
[14:26:59] [235/445] VVCK
[14:27:00] [236/445] ATKY
[14:27:01] [237/445] GWEK
[14:27:02] [238/445] SVFH
[14:27:03] [239/445] SLTA
[14:27:04] [240/445] AASH
[14:27:05] [241/445] ACXB
[14:27:06] [242/445] SMTX
[14:27:07] [243/445] AZDH
[14:27:08] [244/445] CMMH
[14:27:09] [245/445] SCSZ
[14:27:10] [246/445] SCKP
[14:27:11] [247/445] NXTM
[14:27:12] [248/445] NWCS
[14:27:13] [249/445] CXMH
[14:27:14] [250/445] PCMA
[14:27:14] [251/445] SGCM
[14:27:15] [252/445] SDTU
[14:27:17] [253/445] MMVI
[14:27:18] [254/445] JKCM
[14:27:19] [255/445] VCMM
[14:27:20] [256/445] SYEE
[14:27:21] [257/445] VASD
[14:27:22] [258/445] BDRB
[14:27:23] [259/445] LASM
[14:27:24] [260/445] DCRL
[14:27:25] [261/445] DVPM
[14:27:26] [262/445] SBMJ
[14:27:28] [263/445] CBMU
[14:27:30] [264/445] IUBS
[14:27:31] [265/445] INAP
[14:27:32] [266/445] SRRC
[14:27:34] [267/445] SAGR
[14:27:34] [268/445] CPMJ
[14:27:35] [269/445] ATJL
[14:27:36] [270/445] NNTD
[14:27:37] [271/445] JHCJ
[14:27:38] [272/445] CMMP
[14:27:40] [273/445] RSDR
[14:27:40] [274/445] AMTI
[14:27:41] [275/445] NYSG
[14:27:42] [276/445] AVSG
[14:27:43] [277/445] SYTP
[14:27:43] [278/445] LARC
[14:27:44] [279/445] RJTP
[14:27:45] [280/445] LAKC
[14:27:46] [281/445] MCXE
[14:27:47] [282/445] CCZC
[14:27:48] [283/445] AVCH
[14:27:48] [284/445] CMBE
[14:27:49] [285/445] MRRC
[14:27:50] [286/445] PCPY
[14:27:52] [287/445] SRMH
[14:27:53] [288/445] SVGS
[14:27:53] [289/445] PCSE
[14:27:55] [290/445] SVFT
[14:27:56] [291/445] TNZP
[14:27:57] [292/445] ICTP
[14:27:58] [293/445] ACTZ
[14:27:59] [294/445] GTUR
[14:28:00] [295/445] MAFC
[14:28:01] [296/445] MINL
[14:28:01] [297/445] MRCL
[14:28:02] [298/445] RCRP
[14:28:04] [299/445] RFFG
[14:28:05] [300/445] RMAS
[14:28:05] [301/445] INVR
[14:28:06] [302/445] RMAR
[14:28:07] [303/445] CNIS
[14:28:08] [304/445] RHRJ
[14:28:10] [305/445] INXR
[14:28:11] [306/445] VALT
[14:28:12] [307/445] LCSH
[14:28:12] [308/445] CMVS
[14:28:13] [309/445] CNMS
[14:28:15] [310/445] ROOG
[14:28:16] [311/445] ISRM
[14:28:17] [312/445] RCRM
[14:28:17] [313/445] ACJA
[14:28:18] [314/445] RCVS
[14:28:19] [315/445] CPUS
[14:28:20] [316/445] TGCS
[14:28:21] [317/445] RKCJ
[14:28:21] [318/445] MKSB
[14:28:22] [319/445] TCSJ
[14:28:23] [320/445] RMGP
[14:28:24] [321/445] CLLP
[14:28:24] [322/445] RCMV
[14:28:25] [323/445] CCKS
[14:28:26] [324/445] RSRP
[14:28:27] [325/445] APLP
[14:28:28] [326/445] CNVS
[14:28:29] [327/445] RMVY
[14:28:30] [328/445] PGBD
[14:28:31] [329/445] KLMS
[14:28:32] [330/445] RUST
[14:28:33] [331/445] MASM
[14:28:34] [332/445] BACS
[14:28:35] [333/445] BWST
[14:28:36] [334/445] RRFH
[14:28:37] [335/445] SJTM
[14:28:38] [336/445] BEMR
[14:28:39] [337/445] MCGR
[14:28:39] [338/445] SDSK
[14:28:40] [339/445] VBOL
[14:28:41] [340/445] RMGM
[14:28:42] [341/445] NOPL
[14:28:43] [342/445] MKJK
[14:28:44] [343/445] CVRN
[14:28:45] [344/445] MMEN
[14:28:46] [345/445] AMNG
[14:28:46] [346/445] INTM
[14:28:47] [347/445] SLCZ
[14:28:48] [348/445] AMJN
[14:28:49] [349/445] ACJN
[14:28:50] [350/445] AMKN
[14:28:51] [351/445] BTCN
[14:28:52] [352/445] AMBT
[14:28:53] [353/445] PACN
[14:28:54] [354/445] LCNS
[14:28:55] [355/445] PPKC
[14:28:57] [356/445] JYYN
[14:28:57] [357/445] JTNR
[14:28:58] [358/445] GTEE
[14:28:59] [359/445] SRNM
[14:29:00] [360/445] SDTC
[14:29:01] [361/445] VPCA
[14:29:02] [362/445] VLRA
[14:29:03] [363/445] SHKR
[14:29:04] [364/445] SBKD
[14:29:04] [365/445] SAAD
[14:29:05] [366/445] JTGN
[14:29:06] [367/445] SLAM
[14:29:07] [368/445] VTPM
[14:29:08] [369/445] ANPT
[14:29:08] [370/445] PUNB
[14:29:09] [371/445] CPKT
[14:29:10] [372/445] CNWE
[14:29:11] [373/445] ECPP
[14:29:12] [374/445] CPAR
[14:29:13] [375/445] ESBW
[14:29:14] [376/445] PKPU
[14:29:14] [377/445] CPRP
[14:29:15] [378/445] RAHU
[14:29:16] [379/445] RHMN
[14:29:17] [380/445] FMJP
[14:29:18] [381/445] CTMP
[14:29:20] [382/445] INPN
[14:29:21] [383/445] STTG
[14:29:22] [384/445] CTRD
[14:29:23] [385/445] PUVB
[14:29:23] [386/445] ESVP
[14:29:24] [387/445] CPFT
[14:29:25] [388/445] LCPC
[14:29:26] [389/445] VBCT
[14:29:27] [390/445] FSCW
[14:29:27] [391/445] VCMP
[14:29:28] [392/445] ASHC
[14:29:29] [393/445] VLCX
[14:29:30] [394/445] SHEV
[14:29:31] [395/445] APCO
[14:29:32] [396/445] SILC
[14:29:32] [397/445] SNMR
[14:29:33] [398/445] KYBO
[14:29:34] [399/445] SATK
[14:29:35] [400/445] SSCS
[14:29:36] [401/445] CLSB
[14:29:36] [402/445] KMJR
[14:29:37] [403/445] FSCK
[14:29:38] [404/445] NNKA
[14:29:39] [405/445] CLMK
[14:29:40] [406/445] DMPZ
[14:29:41] [407/445] INQM
[14:29:43] [408/445] CAML
[14:29:44] [409/445] INRK
[14:29:44] [410/445] IMKN
[14:29:46] [411/445] SVNR
[14:29:47] [412/445] INSL
[14:29:48] [413/445] MSMA
[14:29:48] [414/445] MCKK
[14:29:49] [415/445] FCHP
[14:29:50] [416/445] SFCR
[14:29:51] [417/445] NACK
[14:29:51] [418/445] PVAK
[14:29:52] [419/445] INER
[14:29:53] [420/445] RDBK
[14:29:54] [421/445] SVFN
[14:29:55] [422/445] IFRM
[14:29:55] [423/445] ATCK
[14:29:57] [424/445] ASKO
[14:29:57] [425/445] STKT
[14:29:59] [426/445] SVFB
[14:30:00] [427/445] INKS
[14:30:01] [428/445] PCRA
[14:30:02] [429/445] ATJA
[14:30:03] [430/445] IMJN
[14:30:04] [431/445] INHD
[14:30:05] [432/445] BARA
[14:30:06] [433/445] MCSL
[14:30:07] [434/445] RTOY
[14:30:07] [435/445] MENO
[14:30:08] [436/445] PUDM
[14:30:09] [437/445] PRCN
[14:30:11] [438/445] JMJR
[14:30:12] [439/445] SSGK
[14:30:13] [440/445] SSRL
[14:30:14] [441/445] JYKL
[14:30:15] [442/445] ACNB
[14:30:16] [443/445] SONP
[14:30:17] [444/445] EMCI
[14:30:18] [445/445] MRJH
[14:30:18] ✅ DONE | Shows=730 | Movies=57
[15:08:48] 🚀 BMS DAILY TRACKER STARTED
[15:08:48] [1/445] TGMR
[15:08:48] 🧠 New identity
[15:08:49] [2/445] CXKR
[15:08:50] [3/445] SROP
[15:08:52] [4/445] GTSV
[15:08:53] [5/445] SNTY
[15:08:53] [6/445] SMYY
[15:08:54] [7/445] CNCS
[15:08:55] [8/445] CSTM
[15:08:56] [9/445] NUCD
[15:08:57] [10/445] SHCZ
[15:08:58] [11/445] NJCT
[15:09:00] [12/445] COPC
[15:09:01] [13/445] STVV
[15:09:01] [14/445] SKRN
[15:09:02] [15/445] APPZ
[15:09:03] [16/445] YMGN
[15:09:03] [17/445] SVTU
[15:09:04] [18/445] GTAD
[15:09:05] [19/445] PSUS
[15:09:06] [20/445] SMCD
[15:09:07] [21/445] CMCM
[15:09:08] [22/445] SYCT
[15:09:08] [23/445] STLY
[15:09:09] [24/445] CMHU
[15:09:11] [25/445] CMSA
[15:09:12] [26/445] CLCU
[15:09:13] [27/445] PPNT
[15:09:14] [28/445] JTAB
[15:09:15] [29/445] BUUC
[15:09:16] [30/445] BSVK
[15:09:18] [31/445] VVVQ
[15:09:19] [32/445] TKMU
[15:09:20] [33/445] ESYL
[15:09:21] [34/445] ACHP
[15:09:22] [35/445] BTKD
[15:09:23] [36/445] DESA
[15:09:24] [37/445] GBCT
[15:09:25] [38/445] BLLD
[15:09:26] [39/445] SKNT
[15:09:27] [40/445] SSTE
[15:09:28] [41/445] VJMR
[15:09:29] [42/445] NTPU
[15:09:29] [43/445] RDKN
[15:09:30] [44/445] ADGC
[15:09:32] [45/445] VRBP
[15:09:33] [46/445] NMNA
[15:09:34] [47/445] CMMX
[15:09:35] [48/445] PTKO
[15:09:36] [49/445] RBML
[15:09:37] [50/445] SAIC
[15:09:38] [51/445] SVTJ
[15:09:39] [52/445] MRTE
[15:09:40] [53/445] RBTP
[15:09:41] [54/445] NLPS
[15:09:42] [55/445] GTNA
[15:09:43] [56/445] DGGC
[15:09:43] [57/445] SMCR
[15:09:45] [58/445] SCGD
[15:09:46] [59/445] SRRJ
[15:09:46] [60/445] CNRY
[15:09:47] [61/445] KTDI
[15:09:48] [62/445] SNJL
[15:09:49] [63/445] RKMD
[15:09:49] [64/445] SMDC
[15:09:50] [65/445] TADG
[15:09:51] [66/445] MCGS
[15:09:52] [67/445] PETK
[15:09:53] [68/445] CHAG
[15:09:54] [69/445] KSTL
[15:09:54] [70/445] AADS
[15:09:55] [71/445] NTHZ
[15:09:56] [72/445] HCKI
[15:09:57] [73/445] SSEF
[15:09:58] [74/445] MCGX
[15:09:59] [75/445] ERRA
[15:10:00] [76/445] SDTW
[15:10:00] [77/445] RMPK
[15:10:01] [78/445] PTHK
[15:10:02] [79/445] PXCS
[15:10:03] [80/445] SVLU
[15:10:04] [81/445] STAH
[15:10:04] [82/445] JRGF
[15:10:05] [83/445] CDOK
[15:10:06] [84/445] CMSG
[15:10:07] [85/445] APTD
[15:10:08] [86/445] KMPG
[15:10:09] [87/445] MUTJ
[15:10:10] [88/445] VCCI
[15:10:10] [89/445] URBE
[15:10:11] [90/445] TCTS
[15:10:12] [91/445] STSN
[15:10:13] [92/445] AKCH
[15:10:14] [93/445] APSC
[15:10:14] [94/445] VLTB
[15:10:15] [95/445] SANU
[15:10:16] [96/445] AXAM
[15:10:17] [97/445] MGMG
[15:10:18] [98/445] HTBY
[15:10:18] [99/445] MMZS
[15:10:20] [100/445] SUDR
[15:10:21] [101/445] CCAD
[15:10:21] [102/445] SKKC
[15:10:22] [103/445] RMCD
[15:10:23] [104/445] SBCQ
[15:10:24] [105/445] DCCT
[15:10:26] [106/445] VTKP
[15:10:26] [107/445] MLAM
[15:10:27] [108/445] SAVT
[15:10:28] [109/445] GEPL
[15:10:28] [110/445] AMCD
[15:10:29] [111/445] CCXR
[15:10:30] [112/445] GRNG
[15:10:32] [113/445] EBCA
[15:10:33] [114/445] CNVG
[15:10:34] [115/445] MWSS
[15:10:35] [116/445] VBOR
[15:10:36] [117/445] NEEB
[15:10:37] [118/445] SUTH
[15:10:37] [119/445] ANDB
[15:10:38] [120/445] MMXS
[15:10:39] [121/445] CNPD
[15:10:40] [122/445] SDCE
[15:10:40] [123/445] DHCB
[15:10:41] [124/445] ODEN
[15:10:42] [125/445] TNTC
[15:10:44] [126/445] VBKM
[15:10:44] [127/445] RZYM
[15:10:45] [128/445] JEMC
[15:10:46] [129/445] CMAU
[15:10:47] [130/445] SIVP
[15:10:48] [131/445] ATAG
[15:10:49] [132/445] CHTM
[15:10:50] [133/445] AAEE
[15:10:51] [134/445] IWPM
[15:10:52] [135/445] KCMW
[15:10:53] [136/445] MCTD
[15:10:53] [137/445] SPWR
[15:10:54] [138/445] SDPO
[15:10:55] [139/445] PCSK
[15:10:56] [140/445] ACHV
[15:10:57] [141/445] SVLA
[15:10:58] [142/445] PICT
[15:10:59] [143/445] BXDR
[15:11:00] [144/445] SPWA
[15:11:01] [145/445] MCKO
[15:11:02] [146/445] RTHK
[15:11:03] [147/445] CCMF
[15:11:03] [148/445] MRGB
[15:11:04] [149/445] CPLC
[15:11:05] [150/445] RACD
[15:11:06] [151/445] ATKT
[15:11:07] [152/445] SARN
[15:11:08] [153/445] KKUI
[15:11:09] [154/445] RGCM
[15:11:10] [155/445] BRVP
[15:11:10] [156/445] HRSR
[15:11:11] [157/445] GKGM
[15:11:12] [158/445] TTCD
[15:11:14] [159/445] PTTI
[15:11:15] [160/445] MPTT
[15:11:15] [161/445] CVTT
[15:11:16] [162/445] PCXD
[15:11:17] [163/445] GCDC
[15:11:18] [164/445] CCCF
[15:11:19] [165/445] MRAD
[15:11:19] [166/445] CPLK
[15:11:20] [167/445] SATB
[15:11:21] [168/445] SNVG
[15:11:22] [169/445] JMBA
[15:11:23] [170/445] TEJA
[15:11:24] [171/445] STYO
[15:11:25] [172/445] JTBP
[15:11:25] [173/445] KRGD
[15:11:26] [174/445] SLJJ
[15:11:27] [175/445] SPTJ
[15:11:28] [176/445] SWJG
[15:11:29] [177/445] LKRT
[15:11:30] [178/445] KCKA
[15:11:32] [179/445] SNCR
[15:11:32] [180/445] SMKL
[15:11:33] [181/445] GCFA
[15:11:34] [182/445] DDCK
[15:11:35] [183/445] NCHJ
[15:11:35] [184/445] RDMA
[15:11:36] [185/445] SVSV
[15:11:37] [186/445] SCJG
[15:11:38] [187/445] VKLP
[15:11:39] [188/445] NWCC
[15:11:40] [189/445] VKNS
[15:11:41] [190/445] SDDP
[15:11:42] [191/445] ACSI
[15:11:42] [192/445] SATG
[15:11:43] [193/445] SCMW
[15:11:44] [194/445] LKTK
[15:11:45] [195/445] VCKV
[15:11:45] [196/445] KKPE
[15:11:46] [197/445] KIGH
[15:11:47] [198/445] SRPM
[15:11:48] [199/445] SCAH
[15:11:49] [200/445] MUTA
[15:11:50] [201/445] SEPU
[15:11:51] [202/445] INOA
[15:11:52] [203/445] BASK
[15:11:52] [204/445] NECB
[15:11:53] [205/445] GTTG
[15:11:54] [206/445] ASSA
[15:11:54] [207/445] ANCL
[15:11:55] [208/445] GCTI
[15:11:56] [209/445] RCTS
[15:11:57] [210/445] ACNL
[15:11:58] [211/445] MYCT
[15:11:58] [212/445] NMHT
[15:11:59] [213/445] MDIT
[15:12:00] [214/445] LATG
[15:12:01] [215/445] SMTY
[15:12:02] [216/445] CVCT
[15:12:03] [217/445] RAMB
[15:12:03] [218/445] TGMS
[15:12:04] [219/445] BHEL
[15:12:05] [220/445] SHCT
[15:12:05] [221/445] SVCT
[15:12:06] [222/445] MRIY
[15:12:07] [223/445] SARO
[15:12:08] [224/445] STCT
[15:12:09] [225/445] JKKC
[15:12:10] [226/445] PLTT
[15:12:11] [227/445] SRNT
[15:12:11] [228/445] YAST
[15:12:12] [229/445] PERL
[15:12:13] [230/445] CICM
[15:12:14] [231/445] MMTR
[15:12:14] [232/445] ABTK
[15:12:15] [233/445] ATYY
[15:12:16] [234/445] ASTK
[15:12:17] [235/445] VVCK
[15:12:18] [236/445] ATKY
[15:12:19] [237/445] GWEK
[15:12:19] [238/445] SVFH
[15:12:20] [239/445] SLTA
[15:12:21] [240/445] AASH
[15:12:22] [241/445] ACXB
[15:12:23] [242/445] SMTX
[15:12:24] [243/445] AZDH
[15:12:25] [244/445] CMMH
[15:12:25] [245/445] SCSZ
[15:12:26] [246/445] SCKP
[15:12:27] [247/445] NXTM
[15:12:28] [248/445] NWCS
[15:12:29] [249/445] CXMH
[15:12:30] [250/445] PCMA
[15:12:31] [251/445] SGCM
[15:12:32] [252/445] SDTU
[15:12:33] [253/445] MMVI
[15:12:34] [254/445] JKCM
[15:12:34] [255/445] VCMM
[15:12:35] [256/445] SYEE
[15:12:36] [257/445] VASD
[15:12:37] [258/445] BDRB
[15:12:38] [259/445] LASM
[15:12:39] [260/445] DCRL
[15:12:40] [261/445] DVPM
[15:12:40] [262/445] SBMJ
[15:12:41] [263/445] CBMU
[15:12:43] [264/445] IUBS
[15:12:43] [265/445] INAP
[15:12:44] [266/445] SRRC
[15:12:45] [267/445] SAGR
[15:12:46] [268/445] CPMJ
[15:12:47] [269/445] ATJL
[15:12:47] [270/445] NNTD
[15:12:49] [271/445] JHCJ
[15:12:50] [272/445] CMMP
[15:12:51] [273/445] RSDR
[15:12:51] [274/445] AMTI
[15:12:52] [275/445] NYSG
[15:12:53] [276/445] AVSG
[15:12:54] [277/445] SYTP
[15:12:54] [278/445] LARC
[15:12:56] [279/445] RJTP
[15:12:57] [280/445] LAKC
[15:12:58] [281/445] MCXE
[15:12:59] [282/445] CCZC
[15:12:59] [283/445] AVCH
[15:13:00] [284/445] CMBE
[15:13:01] [285/445] MRRC
[15:13:02] [286/445] PCPY
[15:13:03] [287/445] SRMH
[15:13:05] [288/445] SVGS
[15:13:05] [289/445] PCSE
[15:13:06] [290/445] SVFT
[15:13:07] [291/445] TNZP
[15:13:08] [292/445] ICTP
[15:13:09] [293/445] ACTZ
[15:13:10] [294/445] GTUR
[15:13:11] [295/445] MAFC
[15:13:11] [296/445] MINL
[15:13:12] [297/445] MRCL
[15:13:13] [298/445] RCRP
[15:13:14] [299/445] RFFG
[15:13:14] [300/445] RMAS
[15:13:15] [301/445] INVR
[15:13:16] [302/445] RMAR
[15:13:18] [303/445] CNIS
[15:13:19] [304/445] RHRJ
[15:13:19] [305/445] INXR
[15:13:20] [306/445] VALT
[15:13:21] [307/445] LCSH
[15:13:22] [308/445] CMVS
[15:13:22] [309/445] CNMS
[15:13:23] [310/445] ROOG
[15:13:24] [311/445] ISRM
[15:13:25] [312/445] RCRM
[15:13:25] [313/445] ACJA
[15:13:26] [314/445] RCVS
[15:13:27] [315/445] CPUS
[15:13:28] [316/445] TGCS
[15:13:29] [317/445] RKCJ
[15:13:30] [318/445] MKSB
[15:13:31] [319/445] TCSJ
[15:13:31] [320/445] RMGP
[15:13:32] [321/445] CLLP
[15:13:33] [322/445] RCMV
[15:13:34] [323/445] CCKS
[15:13:36] [324/445] RSRP
[15:13:36] [325/445] APLP
[15:13:37] [326/445] CNVS
[15:13:39] [327/445] RMVY
[15:13:39] [328/445] PGBD
[15:13:40] [329/445] KLMS
[15:13:41] [330/445] RUST
[15:13:42] [331/445] MASM
[15:13:43] [332/445] BACS
[15:13:43] [333/445] BWST
[15:13:44] [334/445] RRFH
[15:13:45] [335/445] SJTM
[15:13:46] [336/445] BEMR
[15:13:47] [337/445] MCGR
[15:13:47] [338/445] SDSK
[15:13:48] [339/445] VBOL
[15:13:49] [340/445] RMGM
[15:13:49] [341/445] NOPL
[15:13:50] [342/445] MKJK
[15:13:51] [343/445] CVRN
[15:13:52] [344/445] MMEN
[15:13:53] [345/445] AMNG
[15:13:54] [346/445] INTM
[15:13:55] [347/445] SLCZ
[15:13:55] [348/445] AMJN
[15:13:56] [349/445] ACJN
[15:13:57] [350/445] AMKN
[15:13:58] [351/445] BTCN
[15:13:58] [352/445] AMBT
[15:13:59] [353/445] PACN
[15:14:00] [354/445] LCNS
[15:14:01] [355/445] PPKC
[15:14:02] [356/445] JYYN
[15:14:03] [357/445] JTNR
[15:14:03] [358/445] GTEE
[15:14:04] [359/445] SRNM
[15:14:05] [360/445] SDTC
[15:14:06] [361/445] VPCA
[15:14:07] [362/445] VLRA
[15:14:09] [363/445] SHKR
[15:14:10] [364/445] SBKD
[15:14:11] [365/445] SAAD
[15:14:12] [366/445] JTGN
[15:14:12] [367/445] SLAM
[15:14:13] [368/445] VTPM
[15:14:14] [369/445] ANPT
[15:14:14] [370/445] PUNB
[15:14:15] [371/445] CPKT
[15:14:16] [372/445] CNWE
[15:14:17] [373/445] ECPP
[15:14:18] [374/445] CPAR
[15:14:19] [375/445] ESBW
[15:14:20] [376/445] PKPU
[15:14:21] [377/445] CPRP
[15:14:22] [378/445] RAHU
[15:14:22] [379/445] RHMN
[15:14:23] [380/445] FMJP
[15:14:24] [381/445] CTMP
[15:14:25] [382/445] INPN
[15:14:26] [383/445] STTG
[15:14:27] [384/445] CTRD
[15:14:28] [385/445] PUVB
[15:14:29] [386/445] ESVP
[15:14:30] [387/445] CPFT
[15:14:31] [388/445] LCPC
[15:14:32] [389/445] VBCT
[15:14:32] [390/445] FSCW
[15:14:33] [391/445] VCMP
[15:14:34] [392/445] ASHC
[15:14:35] [393/445] VLCX
[15:14:36] [394/445] SHEV
[15:14:37] [395/445] APCO
[15:14:38] [396/445] SILC
[15:14:39] [397/445] SNMR
[15:14:39] [398/445] KYBO
[15:14:40] [399/445] SATK
[15:14:41] [400/445] SSCS
[15:14:42] [401/445] CLSB
[15:14:42] [402/445] KMJR
[15:14:43] [403/445] FSCK
[15:14:44] [404/445] NNKA
[15:14:45] [405/445] CLMK
[15:14:45] [406/445] DMPZ
[15:14:46] [407/445] INQM
[15:14:47] [408/445] CAML
[15:14:48] [409/445] INRK
[15:14:48] [410/445] IMKN
[15:14:49] [411/445] SVNR
[15:14:50] [412/445] INSL
[15:14:52] [413/445] MSMA
[15:14:52] [414/445] MCKK
[15:14:53] [415/445] FCHP
[15:14:54] [416/445] SFCR
[15:14:55] [417/445] NACK
[15:14:56] [418/445] PVAK
[15:14:57] [419/445] INER
[15:14:57] [420/445] RDBK
[15:14:58] [421/445] SVFN
[15:14:59] [422/445] IFRM
[15:15:00] [423/445] ATCK
[15:15:01] [424/445] ASKO
[15:15:01] [425/445] STKT
[15:15:02] [426/445] SVFB
[15:15:03] [427/445] INKS
[15:15:04] [428/445] PCRA
[15:15:05] [429/445] ATJA
[15:15:06] [430/445] IMJN
[15:15:06] [431/445] INHD
[15:15:07] [432/445] BARA
[15:15:09] [433/445] MCSL
[15:15:10] [434/445] RTOY
[15:15:11] [435/445] MENO
[15:15:12] [436/445] PUDM
[15:15:13] [437/445] PRCN
[15:15:14] [438/445] JMJR
[15:15:14] [439/445] SSGK
[15:15:15] [440/445] SSRL
[15:15:16] [441/445] JYKL
[15:15:17] [442/445] ACNB
[15:15:18] [443/445] SONP
[15:15:18] [444/445] EMCI
[15:15:19] [445/445] MRJH
[15:15:20] ✅ DONE | Shows=1022 | Movies=62
[15:57:46] 🚀 BMS DAILY TRACKER STARTED
[15:57:46] [1/445] TGMR
[15:57:46] 🧠 New identity
[15:57:47] [2/445] CXKR
[15:57:48] [3/445] SROP
[15:57:50] [4/445] GTSV
[15:57:50] [5/445] SNTY
[15:57:51] [6/445] SMYY
[15:57:52] [7/445] CNCS
[15:57:53] [8/445] CSTM
[15:57:54] [9/445] NUCD
[15:57:54] [10/445] SHCZ
[15:57:55] [11/445] NJCT
[15:57:56] [12/445] COPC
[15:57:57] [13/445] STVV
[15:57:58] [14/445] SKRN
[15:57:59] [15/445] APPZ
[15:58:00] [16/445] YMGN
[15:58:00] [17/445] SVTU
[15:58:01] [18/445] GTAD
[15:58:03] [19/445] PSUS
[15:58:04] [20/445] SMCD
[15:58:05] [21/445] CMCM
[15:58:05] [22/445] SYCT
[15:58:06] [23/445] STLY
[15:58:07] [24/445] CMHU
[15:58:08] [25/445] CMSA
[15:58:09] [26/445] CLCU
[15:58:10] [27/445] PPNT
[15:58:11] [28/445] JTAB
[15:58:12] [29/445] BUUC
[15:58:13] [30/445] BSVK
[15:58:14] [31/445] VVVQ
[15:58:16] [32/445] TKMU
[15:58:18] [33/445] ESYL
[15:58:18] [34/445] ACHP
[15:58:19] [35/445] BTKD
[15:58:20] [36/445] DESA
[15:58:21] [37/445] GBCT
[15:58:22] [38/445] BLLD
[15:58:22] [39/445] SKNT
[15:58:23] [40/445] SSTE
[15:58:24] [41/445] VJMR
[15:58:25] [42/445] NTPU
[15:58:26] [43/445] RDKN
[15:58:27] [44/445] ADGC
[15:58:28] [45/445] VRBP
[15:58:28] [46/445] NMNA
[15:58:29] [47/445] CMMX
[15:58:30] [48/445] PTKO
[15:58:31] [49/445] RBML
[15:58:32] [50/445] SAIC
[15:58:33] [51/445] SVTJ
[15:58:34] [52/445] MRTE
[15:58:35] [53/445] RBTP
[15:58:36] [54/445] NLPS
[15:58:37] [55/445] GTNA
[15:58:38] [56/445] DGGC
[15:58:39] [57/445] SMCR
[15:58:40] [58/445] SCGD
[15:58:42] [59/445] SRRJ
[15:58:43] [60/445] CNRY
[15:58:44] [61/445] KTDI
[15:58:45] [62/445] SNJL
[15:58:46] [63/445] RKMD
[15:58:46] [64/445] SMDC
[15:58:47] [65/445] TADG
[15:58:48] [66/445] MCGS
[15:58:50] [67/445] PETK
[15:58:50] [68/445] CHAG
[15:58:51] [69/445] KSTL
[15:58:52] [70/445] AADS
[15:58:52] [71/445] NTHZ
[15:58:53] [72/445] HCKI
[15:58:54] [73/445] SSEF
[15:58:55] [74/445] MCGX
[15:58:56] [75/445] ERRA
[15:58:56] [76/445] SDTW
[15:58:57] [77/445] RMPK
[15:58:59] [78/445] PTHK
[15:59:00] [79/445] PXCS
[15:59:00] [80/445] SVLU
[15:59:01] [81/445] STAH
[15:59:02] [82/445] JRGF
[15:59:03] [83/445] CDOK
[15:59:04] [84/445] CMSG
[15:59:05] [85/445] APTD
[15:59:05] [86/445] KMPG
[15:59:06] [87/445] MUTJ
[15:59:07] [88/445] VCCI
[15:59:08] [89/445] URBE
[15:59:09] [90/445] TCTS
[15:59:10] [91/445] STSN
[15:59:11] [92/445] AKCH
[15:59:12] [93/445] APSC
[15:59:12] [94/445] VLTB
[15:59:13] [95/445] SANU
[15:59:14] [96/445] AXAM
[15:59:15] [97/445] MGMG
[15:59:16] [98/445] HTBY
[15:59:17] [99/445] MMZS
[15:59:18] [100/445] SUDR
[15:59:19] [101/445] CCAD
[15:59:19] [102/445] SKKC
[15:59:20] [103/445] RMCD
[15:59:21] [104/445] SBCQ
[15:59:22] [105/445] DCCT
[15:59:23] [106/445] VTKP
[15:59:23] [107/445] MLAM
[15:59:24] [108/445] SAVT
[15:59:25] [109/445] GEPL
[15:59:26] [110/445] AMCD
[15:59:27] [111/445] CCXR
[15:59:27] [112/445] GRNG
[15:59:28] [113/445] EBCA
[15:59:29] [114/445] CNVG
[15:59:30] [115/445] MWSS
[15:59:30] [116/445] VBOR
[15:59:31] [117/445] NEEB
[15:59:32] [118/445] SUTH
[15:59:33] [119/445] ANDB
[15:59:34] [120/445] MMXS
[15:59:34] [121/445] CNPD
[15:59:35] [122/445] SDCE
[15:59:36] [123/445] DHCB
[15:59:37] [124/445] ODEN
[15:59:38] [125/445] TNTC
[15:59:39] [126/445] VBKM
[15:59:40] [127/445] RZYM
[15:59:41] [128/445] JEMC
[15:59:42] [129/445] CMAU
[15:59:43] [130/445] SIVP
[15:59:44] [131/445] ATAG
[15:59:44] [132/445] CHTM
[15:59:45] [133/445] AAEE
[15:59:46] [134/445] IWPM
[15:59:47] [135/445] KCMW
[15:59:48] [136/445] MCTD
[15:59:49] [137/445] SPWR
[15:59:49] [138/445] SDPO
[15:59:50] [139/445] PCSK
[15:59:52] [140/445] ACHV
[15:59:52] [141/445] SVLA
[15:59:53] [142/445] PICT
[15:59:54] [143/445] BXDR
[15:59:55] [144/445] SPWA
[15:59:56] [145/445] MCKO
[15:59:57] [146/445] RTHK
[15:59:58] [147/445] CCMF
[15:59:58] [148/445] MRGB
[15:59:59] [149/445] CPLC
[16:00:00] [150/445] RACD
[16:00:01] [151/445] ATKT
[16:00:02] [152/445] SARN
[16:00:02] [153/445] KKUI
[16:00:03] [154/445] RGCM
[16:00:04] [155/445] BRVP
[16:00:05] [156/445] HRSR
[16:00:06] [157/445] GKGM
[16:00:06] [158/445] TTCD
[16:00:07] [159/445] PTTI
[16:00:08] [160/445] MPTT
[16:00:10] [161/445] CVTT
[16:00:11] [162/445] PCXD
[16:00:11] [163/445] GCDC
[16:00:12] [164/445] CCCF
[16:00:13] [165/445] MRAD
[16:00:14] [166/445] CPLK
[16:00:15] [167/445] SATB
[16:00:16] [168/445] SNVG
[16:00:17] [169/445] JMBA
[16:00:18] [170/445] TEJA
[16:00:19] [171/445] STYO
[16:00:20] [172/445] JTBP
[16:00:21] [173/445] KRGD
[16:00:22] [174/445] SLJJ
[16:00:23] [175/445] SPTJ
[16:00:24] [176/445] SWJG
[16:00:25] [177/445] LKRT
[16:00:26] [178/445] KCKA
[16:00:27] [179/445] SNCR
[16:00:28] [180/445] SMKL
[16:00:28] [181/445] GCFA
[16:00:29] [182/445] DDCK
[16:00:30] [183/445] NCHJ
[16:00:32] [184/445] RDMA
[16:00:32] [185/445] SVSV
[16:00:33] [186/445] SCJG
[16:00:34] [187/445] VKLP
[16:00:35] [188/445] NWCC
[16:00:36] [189/445] VKNS
[16:00:37] [190/445] SDDP
[16:00:38] [191/445] ACSI
[16:00:39] [192/445] SATG
[16:00:39] [193/445] SCMW
[16:00:40] [194/445] LKTK
[16:00:41] [195/445] VCKV
[16:00:42] [196/445] KKPE
[16:00:43] [197/445] KIGH
[16:00:44] [198/445] SRPM
[16:00:45] [199/445] SCAH
[16:00:46] [200/445] MUTA
[16:00:47] [201/445] SEPU
[16:00:47] [202/445] INOA
[16:00:48] [203/445] BASK
[16:00:49] [204/445] NECB
[16:00:50] [205/445] GTTG
[16:00:51] [206/445] ASSA
[16:00:52] [207/445] ANCL
[16:00:53] [208/445] GCTI
[16:00:54] [209/445] RCTS
[16:00:55] [210/445] ACNL
[16:00:56] [211/445] MYCT
[16:00:56] [212/445] NMHT
[16:00:57] [213/445] MDIT
[16:00:58] [214/445] LATG
[16:00:59] [215/445] SMTY
[16:00:59] [216/445] CVCT
[16:01:00] [217/445] RAMB
[16:01:01] [218/445] TGMS
[16:01:02] [219/445] BHEL
[16:01:03] [220/445] SHCT
[16:01:04] [221/445] SVCT
[16:01:05] [222/445] MRIY
[16:01:06] [223/445] SARO
[16:01:06] [224/445] STCT
[16:01:07] [225/445] JKKC
[16:01:08] [226/445] PLTT
[16:01:09] [227/445] SRNT
[16:01:10] [228/445] YAST
[16:01:11] [229/445] PERL
[16:01:11] [230/445] CICM
[16:01:12] [231/445] MMTR
[16:01:13] [232/445] ABTK
[16:01:14] [233/445] ATYY
[16:01:15] [234/445] ASTK
[16:01:16] [235/445] VVCK
[16:01:17] [236/445] ATKY
[16:01:18] [237/445] GWEK
[16:01:19] [238/445] SVFH
[16:01:20] [239/445] SLTA
[16:01:20] [240/445] AASH
[16:01:21] [241/445] ACXB
[16:01:22] [242/445] SMTX
[16:01:23] [243/445] AZDH
[16:01:24] [244/445] CMMH
[16:01:24] [245/445] SCSZ
[16:01:26] [246/445] SCKP
[16:01:27] [247/445] NXTM
[16:01:28] [248/445] NWCS
[16:01:29] [249/445] CXMH
[16:01:29] [250/445] PCMA
[16:01:30] [251/445] SGCM
[16:01:31] [252/445] SDTU
[16:01:32] [253/445] MMVI
[16:01:33] [254/445] JKCM
[16:01:33] [255/445] VCMM
[16:01:34] [256/445] SYEE
[16:01:35] [257/445] VASD
[16:01:36] [258/445] BDRB
[16:01:37] [259/445] LASM
[16:01:37] [260/445] DCRL
[16:01:38] [261/445] DVPM
[16:01:40] [262/445] SBMJ
[16:01:41] [263/445] CBMU
[16:01:42] [264/445] IUBS
[16:01:43] [265/445] INAP
[16:01:44] [266/445] SRRC
[16:01:45] [267/445] SAGR
[16:01:45] [268/445] CPMJ
[16:01:46] [269/445] ATJL
[16:01:47] [270/445] NNTD
[16:01:48] [271/445] JHCJ
[16:01:49] [272/445] CMMP
[16:01:50] [273/445] RSDR
[16:01:51] [274/445] AMTI
[16:01:52] [275/445] NYSG
[16:01:53] [276/445] AVSG
[16:01:54] [277/445] SYTP
[16:01:55] [278/445] LARC
[16:01:55] [279/445] RJTP
[16:01:56] [280/445] LAKC
[16:01:57] [281/445] MCXE
[16:01:58] [282/445] CCZC
[16:01:59] [283/445] AVCH
[16:01:59] [284/445] CMBE
[16:02:00] [285/445] MRRC
[16:02:01] [286/445] PCPY
[16:02:02] [287/445] SRMH
[16:02:04] [288/445] SVGS
[16:02:04] [289/445] PCSE
[16:02:05] [290/445] SVFT
[16:02:06] [291/445] TNZP
[16:02:06] [292/445] ICTP
[16:02:07] [293/445] ACTZ
[16:02:08] [294/445] GTUR
[16:02:09] [295/445] MAFC
[16:02:10] [296/445] MINL
[16:02:11] [297/445] MRCL
[16:02:11] [298/445] RCRP
[16:02:13] [299/445] RFFG
[16:02:13] [300/445] RMAS
[16:02:14] [301/445] INVR
[16:02:15] [302/445] RMAR
[16:02:16] [303/445] CNIS
[16:02:17] [304/445] RHRJ
[16:02:17] [305/445] INXR
[16:02:18] [306/445] VALT
[16:02:19] [307/445] LCSH
[16:02:20] [308/445] CMVS
[16:02:21] [309/445] CNMS
[16:02:21] [310/445] ROOG
[16:02:23] [311/445] ISRM
[16:02:24] [312/445] RCRM
[16:02:25] [313/445] ACJA
[16:02:25] [314/445] RCVS
[16:02:26] [315/445] CPUS
[16:02:27] [316/445] TGCS
[16:02:28] [317/445] RKCJ
[16:02:29] [318/445] MKSB
[16:02:31] [319/445] TCSJ
[16:02:31] [320/445] RMGP
[16:02:32] [321/445] CLLP
[16:02:34] [322/445] RCMV
[16:02:34] [323/445] CCKS
[16:02:35] [324/445] RSRP
[16:02:36] [325/445] APLP
[16:02:37] [326/445] CNVS
[16:02:38] [327/445] RMVY
[16:02:39] [328/445] PGBD
[16:02:40] [329/445] KLMS
[16:02:41] [330/445] RUST
[16:02:41] [331/445] MASM
[16:02:42] [332/445] BACS
[16:02:43] [333/445] BWST
[16:02:43] [334/445] RRFH
[16:02:44] [335/445] SJTM
[16:02:45] [336/445] BEMR
[16:02:46] [337/445] MCGR
[16:02:47] [338/445] SDSK
[16:02:48] [339/445] VBOL
[16:02:49] [340/445] RMGM
[16:02:50] [341/445] NOPL
[16:02:50] [342/445] MKJK
[16:02:51] [343/445] CVRN
[16:02:52] [344/445] MMEN
[16:02:53] [345/445] AMNG
[16:02:54] [346/445] INTM
[16:02:55] [347/445] SLCZ
[16:02:56] [348/445] AMJN
[16:02:58] [349/445] ACJN
[16:02:59] [350/445] AMKN
[16:03:00] [351/445] BTCN
[16:03:01] [352/445] AMBT
[16:03:02] [353/445] PACN
[16:03:03] [354/445] LCNS
[16:03:04] [355/445] PPKC
[16:03:04] [356/445] JYYN
[16:03:05] [357/445] JTNR
[16:03:06] [358/445] GTEE
[16:03:07] [359/445] SRNM
[16:03:08] [360/445] SDTC
[16:03:09] [361/445] VPCA
[16:03:09] [362/445] VLRA
[16:03:10] [363/445] SHKR
[16:03:11] [364/445] SBKD
[16:03:12] [365/445] SAAD
[16:03:13] [366/445] JTGN
[16:03:14] [367/445] SLAM
[16:03:15] [368/445] VTPM
[16:03:16] [369/445] ANPT
[16:03:16] [370/445] PUNB
[16:03:17] [371/445] CPKT
[16:03:18] [372/445] CNWE
[16:03:19] [373/445] ECPP
[16:03:20] [374/445] CPAR
[16:03:20] [375/445] ESBW
[16:03:21] [376/445] PKPU
[16:03:22] [377/445] CPRP
[16:03:22] [378/445] RAHU
[16:03:24] [379/445] RHMN
[16:03:25] [380/445] FMJP
[16:03:26] [381/445] CTMP
[16:03:27] [382/445] INPN
[16:03:28] [383/445] STTG
[16:03:29] [384/445] CTRD
[16:03:29] [385/445] PUVB
[16:03:30] [386/445] ESVP
[16:03:31] [387/445] CPFT
[16:03:32] [388/445] LCPC
[16:03:33] [389/445] VBCT
[16:03:33] [390/445] FSCW
[16:03:34] [391/445] VCMP
[16:03:35] [392/445] ASHC
[16:03:36] [393/445] VLCX
[16:03:37] [394/445] SHEV
[16:03:38] [395/445] APCO
[16:03:39] [396/445] SILC
[16:03:40] [397/445] SNMR
[16:03:41] [398/445] KYBO
[16:03:41] [399/445] SATK
[16:03:42] [400/445] SSCS
[16:03:43] [401/445] CLSB
[16:03:43] [402/445] KMJR
[16:03:45] [403/445] FSCK
[16:03:45] [404/445] NNKA
[16:03:46] [405/445] CLMK
[16:03:47] [406/445] DMPZ
[16:03:48] [407/445] INQM
[16:03:49] [408/445] CAML
[16:03:49] [409/445] INRK
[16:03:50] [410/445] IMKN
[16:03:51] [411/445] SVNR
[16:03:52] [412/445] INSL
[16:03:53] [413/445] MSMA
[16:03:53] [414/445] MCKK
[16:03:54] [415/445] FCHP
[16:03:55] [416/445] SFCR
[16:03:56] [417/445] NACK
[16:03:57] [418/445] PVAK
[16:03:57] [419/445] INER
[16:03:59] [420/445] RDBK
[16:04:00] [421/445] SVFN
[16:04:01] [422/445] IFRM
[16:04:02] [423/445] ATCK
[16:04:03] [424/445] ASKO
[16:04:03] [425/445] STKT
[16:04:04] [426/445] SVFB
[16:04:05] [427/445] INKS
[16:04:06] [428/445] PCRA
[16:04:07] [429/445] ATJA
[16:04:08] [430/445] IMJN
[16:04:09] [431/445] INHD
[16:04:09] [432/445] BARA
[16:04:10] [433/445] MCSL
[16:04:11] [434/445] RTOY
[16:04:12] [435/445] MENO
[16:04:13] [436/445] PUDM
[16:04:14] [437/445] PRCN
[16:04:15] [438/445] JMJR
[16:04:16] [439/445] SSGK
[16:04:17] [440/445] SSRL
[16:04:18] [441/445] JYKL
[16:04:19] [442/445] ACNB
[16:04:20] [443/445] SONP
[16:04:21] [444/445] EMCI
[16:04:22] [445/445] MRJH
[16:04:23] ✅ DONE | Shows=1184 | Movies=67
[16:33:15] 🚀 BMS DAILY TRACKER STARTED
[16:33:15] [1/445] TGMR
[16:33:15] 🧠 New identity
[16:33:16] [2/445] CXKR
[16:33:17] [3/445] SROP
[16:33:18] [4/445] GTSV
[16:33:18] [5/445] SNTY
[16:33:19] [6/445] SMYY
[16:33:20] [7/445] CNCS
[16:33:21] [8/445] CSTM
[16:33:22] [9/445] NUCD
[16:33:22] [10/445] SHCZ
[16:33:23] [11/445] NJCT
[16:33:24] [12/445] COPC
[16:33:25] [13/445] STVV
[16:33:25] [14/445] SKRN
[16:33:26] [15/445] APPZ
[16:33:27] [16/445] YMGN
[16:33:28] [17/445] SVTU
[16:33:29] [18/445] GTAD
[16:33:30] [19/445] PSUS
[16:33:31] [20/445] SMCD
[16:33:32] [21/445] CMCM
[16:33:33] [22/445] SYCT
[16:33:34] [23/445] STLY
[16:33:35] [24/445] CMHU
[16:33:36] [25/445] CMSA
[16:33:37] [26/445] CLCU
[16:33:38] [27/445] PPNT
[16:33:39] [28/445] JTAB
[16:33:40] [29/445] BUUC
[16:33:41] [30/445] BSVK
[16:33:42] [31/445] VVVQ
[16:33:43] [32/445] TKMU
[16:33:43] [33/445] ESYL
[16:33:44] [34/445] ACHP
[16:33:45] [35/445] BTKD
[16:33:46] [36/445] DESA
[16:33:47] [37/445] GBCT
[16:33:47] [38/445] BLLD
[16:33:49] [39/445] SKNT
[16:33:50] [40/445] SSTE
[16:33:51] [41/445] VJMR
[16:33:52] [42/445] NTPU
[16:33:52] [43/445] RDKN
[16:33:53] [44/445] ADGC
[16:33:54] [45/445] VRBP
[16:33:55] [46/445] NMNA
[16:33:56] [47/445] CMMX
[16:33:57] [48/445] PTKO
[16:33:57] [49/445] RBML
[16:33:58] [50/445] SAIC
[16:33:59] [51/445] SVTJ
[16:34:00] [52/445] MRTE
[16:34:01] [53/445] RBTP
[16:34:02] [54/445] NLPS
[16:34:02] [55/445] GTNA
[16:34:03] [56/445] DGGC
[16:34:05] [57/445] SMCR
[16:34:06] [58/445] SCGD
[16:34:06] [59/445] SRRJ
[16:34:08] [60/445] CNRY
[16:34:09] [61/445] KTDI
[16:34:10] [62/445] SNJL
[16:34:11] [63/445] RKMD
[16:34:13] [64/445] SMDC
[16:34:14] [65/445] TADG
[16:34:14] [66/445] MCGS
[16:34:15] [67/445] PETK
[16:34:16] [68/445] CHAG
[16:34:18] [69/445] KSTL
[16:34:18] [70/445] AADS
[16:34:19] [71/445] NTHZ
[16:34:20] [72/445] HCKI
[16:34:21] [73/445] SSEF
[16:34:22] [74/445] MCGX
[16:34:22] [75/445] ERRA
[16:34:23] [76/445] SDTW
[16:34:24] [77/445] RMPK
[16:34:25] [78/445] PTHK
[16:34:26] [79/445] PXCS
[16:34:26] [80/445] SVLU
[16:34:27] [81/445] STAH
[16:34:28] [82/445] JRGF
[16:34:29] [83/445] CDOK
[16:34:30] [84/445] CMSG
[16:34:30] [85/445] APTD
[16:34:31] [86/445] KMPG
[16:34:32] [87/445] MUTJ
[16:34:33] [88/445] VCCI
[16:34:34] [89/445] URBE
[16:34:35] [90/445] TCTS
[16:34:36] [91/445] STSN
[16:34:36] [92/445] AKCH
[16:34:37] [93/445] APSC
[16:34:38] [94/445] VLTB
[16:34:39] [95/445] SANU
[16:34:40] [96/445] AXAM
[16:34:41] [97/445] MGMG
[16:34:42] [98/445] HTBY
[16:34:43] [99/445] MMZS
[16:34:44] [100/445] SUDR
[16:34:45] [101/445] CCAD
[16:34:46] [102/445] SKKC
[16:34:47] [103/445] RMCD
[16:34:48] [104/445] SBCQ
[16:34:49] [105/445] DCCT
[16:34:50] [106/445] VTKP
[16:34:51] [107/445] MLAM
[16:34:52] [108/445] SAVT
[16:34:53] [109/445] GEPL
[16:34:54] [110/445] AMCD
[16:34:55] [111/445] CCXR
[16:34:56] [112/445] GRNG
[16:34:56] [113/445] EBCA
[16:34:57] [114/445] CNVG
[16:34:58] [115/445] MWSS
[16:34:59] [116/445] VBOR
[16:35:00] [117/445] NEEB
[16:35:01] [118/445] SUTH
[16:35:02] [119/445] ANDB
[16:35:04] [120/445] MMXS
[16:35:04] [121/445] CNPD
[16:35:05] [122/445] SDCE
[16:35:06] [123/445] DHCB
[16:35:07] [124/445] ODEN
[16:35:07] [125/445] TNTC
[16:35:08] [126/445] VBKM
[16:35:09] [127/445] RZYM
[16:35:09] [128/445] JEMC
[16:35:10] [129/445] CMAU
[16:35:11] [130/445] SIVP
[16:35:12] [131/445] ATAG
[16:35:12] [132/445] CHTM
[16:35:13] [133/445] AAEE
[16:35:14] [134/445] IWPM
[16:35:15] [135/445] KCMW
[16:35:15] [136/445] MCTD
[16:35:16] [137/445] SPWR
[16:35:17] [138/445] SDPO
[16:35:17] [139/445] PCSK
[16:35:18] [140/445] ACHV
[16:35:20] [141/445] SVLA
[16:35:21] [142/445] PICT
[16:35:22] [143/445] BXDR
[16:35:23] [144/445] SPWA
[16:35:23] [145/445] MCKO
[16:35:24] [146/445] RTHK
[16:35:25] [147/445] CCMF
[16:35:26] [148/445] MRGB
[16:35:27] [149/445] CPLC
[16:35:28] [150/445] RACD
[16:35:29] [151/445] ATKT
[16:35:30] [152/445] SARN
[16:35:31] [153/445] KKUI
[16:35:32] [154/445] RGCM
[16:35:32] [155/445] BRVP
[16:35:33] [156/445] HRSR
[16:35:34] [157/445] GKGM
[16:35:35] [158/445] TTCD
[16:35:36] [159/445] PTTI
[16:35:37] [160/445] MPTT
[16:35:38] [161/445] CVTT
[16:35:39] [162/445] PCXD
[16:35:40] [163/445] GCDC
[16:35:40] [164/445] CCCF
[16:35:41] [165/445] MRAD
[16:35:43] [166/445] CPLK
[16:35:44] [167/445] SATB
[16:35:45] [168/445] SNVG
[16:35:45] [169/445] JMBA
[16:35:46] [170/445] TEJA
[16:35:48] [171/445] STYO
[16:35:48] [172/445] JTBP
[16:35:49] [173/445] KRGD
[16:35:51] [174/445] SLJJ
[16:35:51] [175/445] SPTJ
[16:35:52] [176/445] SWJG
[16:35:54] [177/445] LKRT
[16:35:55] [178/445] KCKA
[16:35:57] [179/445] SNCR
[16:35:57] [180/445] SMKL
[16:35:58] [181/445] GCFA
[16:35:59] [182/445] DDCK
[16:36:00] [183/445] NCHJ
[16:36:01] [184/445] RDMA
[16:36:02] [185/445] SVSV
[16:36:03] [186/445] SCJG
[16:36:04] [187/445] VKLP
[16:36:04] [188/445] NWCC
[16:36:05] [189/445] VKNS
[16:36:06] [190/445] SDDP
[16:36:07] [191/445] ACSI
[16:36:08] [192/445] SATG
[16:36:08] [193/445] SCMW
[16:36:09] [194/445] LKTK
[16:36:10] [195/445] VCKV
[16:36:11] [196/445] KKPE
[16:36:12] [197/445] KIGH
[16:36:13] [198/445] SRPM
[16:36:13] [199/445] SCAH
[16:36:14] [200/445] MUTA
[16:36:15] [201/445] SEPU
[16:36:16] [202/445] INOA
[16:36:17] [203/445] BASK
[16:36:18] [204/445] NECB
[16:36:18] [205/445] GTTG
[16:36:19] [206/445] ASSA
[16:36:20] [207/445] ANCL
[16:36:21] [208/445] GCTI
[16:36:22] [209/445] RCTS
[16:36:23] [210/445] ACNL
[16:36:24] [211/445] MYCT
[16:36:24] [212/445] NMHT
[16:36:25] [213/445] MDIT
[16:36:26] [214/445] LATG
[16:36:26] [215/445] SMTY
[16:36:27] [216/445] CVCT
[16:36:28] [217/445] RAMB
[16:36:29] [218/445] TGMS
[16:36:30] [219/445] BHEL
[16:36:31] [220/445] SHCT
[16:36:31] [221/445] SVCT
[16:36:32] [222/445] MRIY
[16:36:33] [223/445] SARO
[16:36:34] [224/445] STCT
[16:36:35] [225/445] JKKC
[16:36:36] [226/445] PLTT
[16:36:37] [227/445] SRNT
[16:36:38] [228/445] YAST
[16:36:39] [229/445] PERL
[16:36:40] [230/445] CICM
[16:36:41] [231/445] MMTR
[16:36:42] [232/445] ABTK
[16:36:43] [233/445] ATYY
[16:36:44] [234/445] ASTK
[16:36:45] [235/445] VVCK
[16:36:46] [236/445] ATKY
[16:36:47] [237/445] GWEK
[16:36:48] [238/445] SVFH
[16:36:48] [239/445] SLTA
[16:36:50] [240/445] AASH
[16:36:51] [241/445] ACXB
[16:36:52] [242/445] SMTX
[16:36:53] [243/445] AZDH
[16:36:54] [244/445] CMMH
[16:36:55] [245/445] SCSZ
[16:36:56] [246/445] SCKP
[16:36:57] [247/445] NXTM
[16:36:57] [248/445] NWCS
[16:36:58] [249/445] CXMH
[16:36:59] [250/445] PCMA
[16:37:00] [251/445] SGCM
[16:37:01] [252/445] SDTU
[16:37:01] [253/445] MMVI
[16:37:02] [254/445] JKCM
[16:37:03] [255/445] VCMM
[16:37:04] [256/445] SYEE
[16:37:05] [257/445] VASD
[16:37:06] [258/445] BDRB
[16:37:07] [259/445] LASM
[16:37:08] [260/445] DCRL
[16:37:10] [261/445] DVPM
[16:37:10] [262/445] SBMJ
[16:37:11] [263/445] CBMU
[16:37:12] [264/445] IUBS
[16:37:13] [265/445] INAP
[16:37:13] [266/445] SRRC
[16:37:14] [267/445] SAGR
[16:37:15] [268/445] CPMJ
[16:37:16] [269/445] ATJL
[16:37:17] [270/445] NNTD
[16:37:17] [271/445] JHCJ
[16:37:18] [272/445] CMMP
[16:37:19] [273/445] RSDR
[16:37:20] [274/445] AMTI
[16:37:21] [275/445] NYSG
[16:37:21] [276/445] AVSG
[16:37:22] [277/445] SYTP
[16:37:23] [278/445] LARC
[16:37:24] [279/445] RJTP
[16:37:24] [280/445] LAKC
[16:37:25] [281/445] MCXE
[16:37:27] [282/445] CCZC
[16:37:28] [283/445] AVCH
[16:37:29] [284/445] CMBE
[16:37:29] [285/445] MRRC
[16:37:30] [286/445] PCPY
[16:37:31] [287/445] SRMH
[16:37:32] [288/445] SVGS
[16:37:33] [289/445] PCSE
[16:37:34] [290/445] SVFT
[16:37:35] [291/445] TNZP
[16:37:36] [292/445] ICTP
[16:37:37] [293/445] ACTZ
[16:37:37] [294/445] GTUR
[16:37:38] [295/445] MAFC
[16:37:39] [296/445] MINL
[16:37:40] [297/445] MRCL
[16:37:41] [298/445] RCRP
[16:37:42] [299/445] RFFG
[16:37:42] [300/445] RMAS
[16:37:43] [301/445] INVR
[16:37:44] [302/445] RMAR
[16:37:45] [303/445] CNIS
[16:37:46] [304/445] RHRJ
[16:37:47] [305/445] INXR
[16:37:48] [306/445] VALT
[16:37:49] [307/445] LCSH
[16:37:51] [308/445] CMVS
[16:37:51] [309/445] CNMS
[16:37:52] [310/445] ROOG
[16:37:53] [311/445] ISRM
[16:37:54] [312/445] RCRM
[16:37:55] [313/445] ACJA
[16:37:56] [314/445] RCVS
[16:37:56] [315/445] CPUS
[16:37:57] [316/445] TGCS
[16:37:58] [317/445] RKCJ
[16:37:59] [318/445] MKSB
[16:37:59] [319/445] TCSJ
[16:38:00] [320/445] RMGP
[16:38:01] [321/445] CLLP
[16:38:02] [322/445] RCMV
[16:38:03] [323/445] CCKS
[16:38:03] [324/445] RSRP
[16:38:04] [325/445] APLP
[16:38:05] [326/445] CNVS
[16:38:06] [327/445] RMVY
[16:38:07] [328/445] PGBD
[16:38:08] [329/445] KLMS
[16:38:09] [330/445] RUST
[16:38:10] [331/445] MASM
[16:38:11] [332/445] BACS
[16:38:11] [333/445] BWST
[16:38:13] [334/445] RRFH
[16:38:13] [335/445] SJTM
[16:38:14] [336/445] BEMR
[16:38:15] [337/445] MCGR
[16:38:16] [338/445] SDSK
[16:38:17] [339/445] VBOL
[16:38:19] [340/445] RMGM
[16:38:20] [341/445] NOPL
[16:38:21] [342/445] MKJK
[16:38:22] [343/445] CVRN
[16:38:23] [344/445] MMEN
[16:38:23] [345/445] AMNG
[16:38:24] [346/445] INTM
[16:38:25] [347/445] SLCZ
[16:38:26] [348/445] AMJN
[16:38:27] [349/445] ACJN
[16:38:28] [350/445] AMKN
[16:38:28] [351/445] BTCN
[16:38:29] [352/445] AMBT
[16:38:30] [353/445] PACN
[16:38:31] [354/445] LCNS
[16:38:31] [355/445] PPKC
[16:38:32] [356/445] JYYN
[16:38:33] [357/445] JTNR
[16:38:35] [358/445] GTEE
[16:38:35] [359/445] SRNM
[16:38:36] [360/445] SDTC
[16:38:37] [361/445] VPCA
[16:38:37] [362/445] VLRA
[16:38:38] [363/445] SHKR
[16:38:39] [364/445] SBKD
[16:38:40] [365/445] SAAD
[16:38:41] [366/445] JTGN
[16:38:42] [367/445] SLAM
[16:38:43] [368/445] VTPM
[16:38:43] [369/445] ANPT
[16:38:44] [370/445] PUNB
[16:38:45] [371/445] CPKT
[16:38:46] [372/445] CNWE
[16:38:47] [373/445] ECPP
[16:38:48] [374/445] CPAR
[16:38:49] [375/445] ESBW
[16:38:50] [376/445] PKPU
[16:38:51] [377/445] CPRP
[16:38:51] [378/445] RAHU
[16:38:52] [379/445] RHMN
[16:38:53] [380/445] FMJP
[16:38:54] [381/445] CTMP
[16:38:55] [382/445] INPN
[16:38:56] [383/445] STTG
[16:38:57] [384/445] CTRD
[16:38:58] [385/445] PUVB
[16:38:59] [386/445] ESVP
[16:39:00] [387/445] CPFT
[16:39:00] [388/445] LCPC
[16:39:01] [389/445] VBCT
[16:39:02] [390/445] FSCW
[16:39:03] [391/445] VCMP
[16:39:04] [392/445] ASHC
[16:39:04] [393/445] VLCX
[16:39:06] [394/445] SHEV
[16:39:07] [395/445] APCO
[16:39:08] [396/445] SILC
[16:39:09] [397/445] SNMR
[16:39:11] [398/445] KYBO
[16:39:11] [399/445] SATK
[16:39:12] [400/445] SSCS
[16:39:13] [401/445] CLSB
[16:39:14] [402/445] KMJR
[16:39:15] [403/445] FSCK
[16:39:15] [404/445] NNKA
[16:39:16] [405/445] CLMK
[16:39:18] [406/445] DMPZ
[16:39:19] [407/445] INQM
[16:39:19] [408/445] CAML
[16:39:20] [409/445] INRK
[16:39:21] [410/445] IMKN
[16:39:21] [411/445] SVNR
[16:39:22] [412/445] INSL
[16:39:23] [413/445] MSMA
[16:39:24] [414/445] MCKK
[16:39:25] [415/445] FCHP
[16:39:26] [416/445] SFCR
[16:39:26] [417/445] NACK
[16:39:27] [418/445] PVAK
[16:39:28] [419/445] INER
[16:39:29] [420/445] RDBK
[16:39:30] [421/445] SVFN
[16:39:31] [422/445] IFRM
[16:39:32] [423/445] ATCK
[16:39:32] [424/445] ASKO
[16:39:33] [425/445] STKT
[16:39:35] [426/445] SVFB
[16:39:36] [427/445] INKS
[16:39:36] [428/445] PCRA
[16:39:37] [429/445] ATJA
[16:39:38] [430/445] IMJN
[16:39:39] [431/445] INHD
[16:39:39] [432/445] BARA
[16:39:40] [433/445] MCSL
[16:39:41] [434/445] RTOY
[16:39:42] [435/445] MENO
[16:39:42] [436/445] PUDM
[16:39:43] [437/445] PRCN
[16:39:44] [438/445] JMJR
[16:39:46] [439/445] SSGK
[16:39:46] [440/445] SSRL
[16:39:47] [441/445] JYKL
[16:39:48] [442/445] ACNB
[16:39:49] [443/445] SONP
[16:39:50] [444/445] EMCI
[16:39:51] [445/445] MRJH
[16:39:52] ✅ DONE | Shows=1256 | Movies=67
[18:19:57] 🚀 BMS DAILY TRACKER STARTED
[18:19:57] [1/445] TGMR
[18:19:57] 🧠 New identity
[18:19:58] [2/445] CXKR
[18:19:59] [3/445] SROP
[18:20:00] [4/445] GTSV
[18:20:01] [5/445] SNTY
[18:20:02] [6/445] SMYY
[18:20:02] [7/445] CNCS
[18:20:04] [8/445] CSTM
[18:20:05] [9/445] NUCD
[18:20:06] [10/445] SHCZ
[18:20:07] [11/445] NJCT
[18:20:07] [12/445] COPC
[18:20:08] [13/445] STVV
[18:20:09] [14/445] SKRN
[18:20:10] [15/445] APPZ
[18:20:11] [16/445] YMGN
[18:20:12] [17/445] SVTU
[18:20:13] [18/445] GTAD
[18:20:14] [19/445] PSUS
[18:20:15] [20/445] SMCD
[18:20:16] [21/445] CMCM
[18:20:17] [22/445] SYCT
[18:20:17] [23/445] STLY
[18:20:18] [24/445] CMHU
[18:20:19] [25/445] CMSA
[18:20:20] [26/445] CLCU
[18:20:21] [27/445] PPNT
[18:20:22] [28/445] JTAB
[18:20:23] [29/445] BUUC
[18:20:24] [30/445] BSVK
[18:20:25] [31/445] VVVQ
[18:20:26] [32/445] TKMU
[18:20:27] [33/445] ESYL
[18:20:27] [34/445] ACHP
[18:20:28] [35/445] BTKD
[18:20:29] [36/445] DESA
[18:20:30] [37/445] GBCT
[18:20:31] [38/445] BLLD
[18:20:31] [39/445] SKNT
[18:20:32] [40/445] SSTE
[18:20:33] [41/445] VJMR
[18:20:34] [42/445] NTPU
[18:20:35] [43/445] RDKN
[18:20:36] [44/445] ADGC
[18:20:37] [45/445] VRBP
[18:20:38] [46/445] NMNA
[18:20:38] [47/445] CMMX
[18:20:39] [48/445] PTKO
[18:20:40] [49/445] RBML
[18:20:41] [50/445] SAIC
[18:20:41] [51/445] SVTJ
[18:20:42] [52/445] MRTE
[18:20:43] [53/445] RBTP
[18:20:44] [54/445] NLPS
[18:20:45] [55/445] GTNA
[18:20:46] [56/445] DGGC
[18:20:47] [57/445] SMCR
[18:20:48] [58/445] SCGD
[18:20:49] [59/445] SRRJ
[18:20:51] [60/445] CNRY
[18:20:51] [61/445] KTDI
[18:20:52] [62/445] SNJL
[18:20:53] [63/445] RKMD
[18:20:54] [64/445] SMDC
[18:20:55] [65/445] TADG
[18:20:55] [66/445] MCGS
[18:20:56] [67/445] PETK
[18:20:57] [68/445] CHAG
[18:20:58] [69/445] KSTL
[18:20:58] [70/445] AADS
[18:21:00] [71/445] NTHZ
[18:21:01] [72/445] HCKI
[18:21:02] [73/445] SSEF
[18:21:02] [74/445] MCGX
[18:21:03] [75/445] ERRA
[18:21:04] [76/445] SDTW
[18:21:06] [77/445] RMPK
[18:21:06] [78/445] PTHK
[18:21:07] [79/445] PXCS
[18:21:08] [80/445] SVLU
[18:21:09] [81/445] STAH
[18:21:09] [82/445] JRGF
[18:21:10] [83/445] CDOK
[18:21:11] [84/445] CMSG
[18:21:12] [85/445] APTD
[18:21:13] [86/445] KMPG
[18:21:14] [87/445] MUTJ
[18:21:14] [88/445] VCCI
[18:21:15] [89/445] URBE
[18:21:16] [90/445] TCTS
[18:21:17] [91/445] STSN
[18:21:17] [92/445] AKCH
[18:21:18] [93/445] APSC
[18:21:19] [94/445] VLTB
[18:21:20] [95/445] SANU
[18:21:21] [96/445] AXAM
[18:21:22] [97/445] MGMG
[18:21:23] [98/445] HTBY
[18:21:23] [99/445] MMZS
[18:21:24] [100/445] SUDR
[18:21:25] [101/445] CCAD
[18:21:26] [102/445] SKKC
[18:21:27] [103/445] RMCD
[18:21:27] [104/445] SBCQ
[18:21:29] [105/445] DCCT
[18:21:30] [106/445] VTKP
[18:21:30] [107/445] MLAM
[18:21:31] [108/445] SAVT
[18:21:32] [109/445] GEPL
[18:21:33] [110/445] AMCD
[18:21:34] [111/445] CCXR
[18:21:35] [112/445] GRNG
[18:21:36] [113/445] EBCA
[18:21:37] [114/445] CNVG
[18:21:37] [115/445] MWSS
[18:21:38] [116/445] VBOR
[18:21:39] [117/445] NEEB
[18:21:40] [118/445] SUTH
[18:21:41] [119/445] ANDB
[18:21:42] [120/445] MMXS
[18:21:43] [121/445] CNPD
[18:21:43] [122/445] SDCE
[18:21:44] [123/445] DHCB
[18:21:45] [124/445] ODEN
[18:21:46] [125/445] TNTC
[18:21:47] [126/445] VBKM
[18:21:47] [127/445] RZYM
[18:21:49] [128/445] JEMC
[18:21:50] [129/445] CMAU
[18:21:50] [130/445] SIVP
[18:21:51] [131/445] ATAG
[18:21:52] [132/445] CHTM
[18:21:53] [133/445] AAEE
[18:21:54] [134/445] IWPM
[18:21:55] [135/445] KCMW
[18:21:56] [136/445] MCTD
[18:21:57] [137/445] SPWR
[18:21:58] [138/445] SDPO
[18:21:59] [139/445] PCSK
[18:21:59] [140/445] ACHV
[18:22:00] [141/445] SVLA
[18:22:01] [142/445] PICT
[18:22:02] [143/445] BXDR
[18:22:03] [144/445] SPWA
[18:22:03] [145/445] MCKO
[18:22:04] [146/445] RTHK
[18:22:05] [147/445] CCMF
[18:22:06] [148/445] MRGB
[18:22:07] [149/445] CPLC
[18:22:08] [150/445] RACD
[18:22:09] [151/445] ATKT
[18:22:10] [152/445] SARN
[18:22:11] [153/445] KKUI
[18:22:12] [154/445] RGCM
[18:22:13] [155/445] BRVP
[18:22:14] [156/445] HRSR
[18:22:14] [157/445] GKGM
[18:22:15] [158/445] TTCD
[18:22:16] [159/445] PTTI
[18:22:18] [160/445] MPTT
[18:22:20] [161/445] CVTT
[18:22:21] [162/445] PCXD
[18:22:21] [163/445] GCDC
[18:22:22] [164/445] CCCF
[18:22:23] [165/445] MRAD
[18:22:23] [166/445] CPLK
[18:22:24] [167/445] SATB
[18:22:25] [168/445] SNVG
[18:22:26] [169/445] JMBA
[18:22:27] [170/445] TEJA
[18:22:28] [171/445] STYO
[18:22:29] [172/445] JTBP
[18:22:30] [173/445] KRGD
[18:22:31] [174/445] SLJJ
[18:22:31] [175/445] SPTJ
[18:22:32] [176/445] SWJG
[18:22:33] [177/445] LKRT
[18:22:34] [178/445] KCKA
[18:22:35] [179/445] SNCR
[18:22:35] [180/445] SMKL
[18:22:36] [181/445] GCFA
[18:22:37] [182/445] DDCK
[18:22:38] [183/445] NCHJ
[18:22:38] [184/445] RDMA
[18:22:39] [185/445] SVSV
[18:22:40] [186/445] SCJG
[18:22:41] [187/445] VKLP
[18:22:42] [188/445] NWCC
[18:22:43] [189/445] VKNS
[18:22:44] [190/445] SDDP
[18:22:45] [191/445] ACSI
[18:22:46] [192/445] SATG
[18:22:47] [193/445] SCMW
[18:22:47] [194/445] LKTK
[18:22:48] [195/445] VCKV
[18:22:49] [196/445] KKPE
[18:22:50] [197/445] KIGH
[18:22:51] [198/445] SRPM
[18:22:52] [199/445] SCAH
[18:22:53] [200/445] MUTA
[18:22:54] [201/445] SEPU
[18:22:55] [202/445] INOA
[18:22:55] [203/445] BASK
[18:22:56] [204/445] NECB
[18:22:57] [205/445] GTTG
[18:22:58] [206/445] ASSA
[18:22:59] [207/445] ANCL
[18:23:00] [208/445] GCTI
[18:23:01] [209/445] RCTS
[18:23:02] [210/445] ACNL
[18:23:03] [211/445] MYCT
[18:23:03] [212/445] NMHT
[18:23:04] [213/445] MDIT
[18:23:05] [214/445] LATG
[18:23:06] [215/445] SMTY
[18:23:07] [216/445] CVCT
[18:23:07] [217/445] RAMB
[18:23:08] [218/445] TGMS
[18:23:09] [219/445] BHEL
[18:23:10] [220/445] SHCT
[18:23:10] [221/445] SVCT
[18:23:11] [222/445] MRIY
[18:23:12] [223/445] SARO
[18:23:13] [224/445] STCT
[18:23:14] [225/445] JKKC
[18:23:14] [226/445] PLTT
[18:23:15] [227/445] SRNT
[18:23:16] [228/445] YAST
[18:23:16] [229/445] PERL
[18:23:17] [230/445] CICM
[18:23:18] [231/445] MMTR
[18:23:19] [232/445] ABTK
[18:23:20] [233/445] ATYY
[18:23:20] [234/445] ASTK
[18:23:21] [235/445] VVCK
[18:23:22] [236/445] ATKY
[18:23:23] [237/445] GWEK
[18:23:24] [238/445] SVFH
[18:23:25] [239/445] SLTA
[18:23:26] [240/445] AASH
[18:23:27] [241/445] ACXB
[18:23:28] [242/445] SMTX
[18:23:29] [243/445] AZDH
[18:23:30] [244/445] CMMH
[18:23:31] [245/445] SCSZ
[18:23:31] [246/445] SCKP
[18:23:32] [247/445] NXTM
[18:23:33] [248/445] NWCS
[18:23:34] [249/445] CXMH
[18:23:35] [250/445] PCMA
[18:23:35] [251/445] SGCM
[18:23:36] [252/445] SDTU
[18:23:37] [253/445] MMVI
[18:23:38] [254/445] JKCM
[18:23:39] [255/445] VCMM
[18:23:40] [256/445] SYEE
[18:23:41] [257/445] VASD
[18:23:41] [258/445] BDRB
[18:23:42] [259/445] LASM
[18:23:44] [260/445] DCRL
[18:23:45] [261/445] DVPM
[18:23:46] [262/445] SBMJ
[18:23:46] [263/445] CBMU
[18:23:47] [264/445] IUBS
[18:23:48] [265/445] INAP
[18:23:49] [266/445] SRRC
[18:23:50] [267/445] SAGR
[18:23:50] [268/445] CPMJ
[18:23:51] [269/445] ATJL
[18:23:52] [270/445] NNTD
[18:23:53] [271/445] JHCJ
[18:23:54] [272/445] CMMP
[18:23:55] [273/445] RSDR
[18:23:56] [274/445] AMTI
[18:23:57] [275/445] NYSG
[18:23:57] [276/445] AVSG
[18:23:58] [277/445] SYTP
[18:23:59] [278/445] LARC
[18:24:00] [279/445] RJTP
[18:24:01] [280/445] LAKC
[18:24:02] [281/445] MCXE
[18:24:03] [282/445] CCZC
[18:24:04] [283/445] AVCH
[18:24:05] [284/445] CMBE
[18:24:06] [285/445] MRRC
[18:24:07] [286/445] PCPY
[18:24:08] [287/445] SRMH
[18:24:09] [288/445] SVGS
[18:24:09] [289/445] PCSE
[18:24:10] [290/445] SVFT
[18:24:11] [291/445] TNZP
[18:24:12] [292/445] ICTP
[18:24:13] [293/445] ACTZ
[18:24:14] [294/445] GTUR
[18:24:15] [295/445] MAFC
[18:24:16] [296/445] MINL
[18:24:17] [297/445] MRCL
[18:24:18] [298/445] RCRP
[18:24:19] [299/445] RFFG
[18:24:20] [300/445] RMAS
[18:24:21] [301/445] INVR
[18:24:21] [302/445] RMAR
[18:24:22] [303/445] CNIS
[18:24:23] [304/445] RHRJ
[18:24:24] [305/445] INXR
[18:24:25] [306/445] VALT
[18:24:26] [307/445] LCSH
[18:24:27] [308/445] CMVS
[18:24:28] [309/445] CNMS
[18:24:29] [310/445] ROOG
[18:24:29] [311/445] ISRM
[18:24:31] [312/445] RCRM
[18:24:31] [313/445] ACJA
[18:24:33] [314/445] RCVS
[18:24:33] [315/445] CPUS
[18:24:34] [316/445] TGCS
[18:24:35] [317/445] RKCJ
[18:24:36] [318/445] MKSB
[18:24:37] [319/445] TCSJ
[18:24:38] [320/445] RMGP
[18:24:39] [321/445] CLLP
[18:24:41] [322/445] RCMV
[18:24:42] [323/445] CCKS
[18:24:43] [324/445] RSRP
[18:24:43] [325/445] APLP
[18:24:44] [326/445] CNVS
[18:24:45] [327/445] RMVY
[18:24:46] [328/445] PGBD
[18:24:46] [329/445] KLMS
[18:24:47] [330/445] RUST
[18:24:49] [331/445] MASM
[18:24:49] [332/445] BACS
[18:24:50] [333/445] BWST
[18:24:51] [334/445] RRFH
[18:24:51] [335/445] SJTM
[18:24:52] [336/445] BEMR
[18:24:53] [337/445] MCGR
[18:24:54] [338/445] SDSK
[18:24:55] [339/445] VBOL
[18:24:55] [340/445] RMGM
[18:24:56] [341/445] NOPL
[18:24:57] [342/445] MKJK
[18:24:59] [343/445] CVRN
[18:25:00] [344/445] MMEN
[18:25:01] [345/445] AMNG
[18:25:01] [346/445] INTM
[18:25:03] [347/445] SLCZ
[18:25:04] [348/445] AMJN
[18:25:05] [349/445] ACJN
[18:25:06] [350/445] AMKN
[18:25:07] [351/445] BTCN
[18:25:08] [352/445] AMBT
[18:25:08] [353/445] PACN
[18:25:09] [354/445] LCNS
[18:25:10] [355/445] PPKC
[18:25:11] [356/445] JYYN
[18:25:12] [357/445] JTNR
[18:25:12] [358/445] GTEE
[18:25:13] [359/445] SRNM
[18:25:14] [360/445] SDTC
[18:25:15] [361/445] VPCA
[18:25:16] [362/445] VLRA
[18:25:17] [363/445] SHKR
[18:25:17] [364/445] SBKD
[18:25:18] [365/445] SAAD
[18:25:19] [366/445] JTGN
[18:25:20] [367/445] SLAM
[18:25:21] [368/445] VTPM
[18:25:22] [369/445] ANPT
[18:25:23] [370/445] PUNB
[18:25:24] [371/445] CPKT
[18:25:25] [372/445] CNWE
[18:25:26] [373/445] ECPP
[18:25:27] [374/445] CPAR
[18:25:28] [375/445] ESBW
[18:25:29] [376/445] PKPU
[18:25:30] [377/445] CPRP
[18:25:31] [378/445] RAHU
[18:25:31] [379/445] RHMN
[18:25:33] [380/445] FMJP
[18:25:34] [381/445] CTMP
[18:25:34] [382/445] INPN
[18:25:35] [383/445] STTG
[18:25:36] [384/445] CTRD
[18:25:36] [385/445] PUVB
[18:25:37] [386/445] ESVP
[18:25:38] [387/445] CPFT
[18:25:39] [388/445] LCPC
[18:25:40] [389/445] VBCT
[18:25:40] [390/445] FSCW
[18:25:41] [391/445] VCMP
[18:25:42] [392/445] ASHC
[18:25:43] [393/445] VLCX
[18:25:43] [394/445] SHEV
[18:25:44] [395/445] APCO
[18:25:45] [396/445] SILC
[18:25:46] [397/445] SNMR
[18:25:47] [398/445] KYBO
[18:25:47] [399/445] SATK
[18:25:48] [400/445] SSCS
[18:25:49] [401/445] CLSB
[18:25:50] [402/445] KMJR
[18:25:51] [403/445] FSCK
[18:25:52] [404/445] NNKA
[18:25:53] [405/445] CLMK
[18:25:54] [406/445] DMPZ
[18:25:54] [407/445] INQM
[18:25:55] [408/445] CAML
[18:25:56] [409/445] INRK
[18:25:57] [410/445] IMKN
[18:25:58] [411/445] SVNR
[18:25:59] [412/445] INSL
[18:25:59] [413/445] MSMA
[18:26:00] [414/445] MCKK
[18:26:01] [415/445] FCHP
[18:26:03] [416/445] SFCR
[18:26:03] [417/445] NACK
[18:26:04] [418/445] PVAK
[18:26:05] [419/445] INER
[18:26:06] [420/445] RDBK
[18:26:07] [421/445] SVFN
[18:26:07] [422/445] IFRM
[18:26:08] [423/445] ATCK
[18:26:09] [424/445] ASKO
[18:26:10] [425/445] STKT
[18:26:11] [426/445] SVFB
[18:26:13] [427/445] INKS
[18:26:14] [428/445] PCRA
[18:26:14] [429/445] ATJA
[18:26:16] [430/445] IMJN
[18:26:17] [431/445] INHD
[18:26:18] [432/445] BARA
[18:26:18] [433/445] MCSL
[18:26:19] [434/445] RTOY
[18:26:20] [435/445] MENO
[18:26:21] [436/445] PUDM
[18:26:22] [437/445] PRCN
[18:26:23] [438/445] JMJR
[18:26:24] [439/445] SSGK
[18:26:25] [440/445] SSRL
[18:26:26] [441/445] JYKL
[18:26:26] [442/445] ACNB
[18:26:27] [443/445] SONP
[18:26:28] [444/445] EMCI
[18:26:29] [445/445] MRJH
[18:26:30] ✅ DONE | Shows=1640 | Movies=70
[19:43:31] 🚀 BMS DAILY TRACKER STARTED
[19:43:31] [1/445] TGMR
[19:43:31] 🧠 New identity
[19:43:32] [2/445] CXKR
[19:43:33] [3/445] SROP
[19:43:34] [4/445] GTSV
[19:43:35] [5/445] SNTY
[19:43:36] [6/445] SMYY
[19:43:37] [7/445] CNCS
[19:43:38] [8/445] CSTM
[19:43:38] [9/445] NUCD
[19:43:40] [10/445] SHCZ
[19:43:41] [11/445] NJCT
[19:43:42] [12/445] COPC
[19:43:43] [13/445] STVV
[19:43:43] [14/445] SKRN
[19:43:44] [15/445] APPZ
[19:43:45] [16/445] YMGN
[19:43:46] [17/445] SVTU
[19:43:47] [18/445] GTAD
[19:43:48] [19/445] PSUS
[19:43:49] [20/445] SMCD
[19:43:50] [21/445] CMCM
[19:43:51] [22/445] SYCT
[19:43:52] [23/445] STLY
[19:43:53] [24/445] CMHU
[19:43:54] [25/445] CMSA
[19:43:55] [26/445] CLCU
[19:43:56] [27/445] PPNT
[19:43:57] [28/445] JTAB
[19:43:58] [29/445] BUUC
[19:43:58] [30/445] BSVK
[19:44:00] [31/445] VVVQ
[19:44:01] [32/445] TKMU
[19:44:02] [33/445] ESYL
[19:44:02] [34/445] ACHP
[19:44:03] [35/445] BTKD
[19:44:04] [36/445] DESA
[19:44:05] [37/445] GBCT
[19:44:06] [38/445] BLLD
[19:44:07] [39/445] SKNT
[19:44:07] [40/445] SSTE
[19:44:08] [41/445] VJMR
[19:44:09] [42/445] NTPU
[19:44:10] [43/445] RDKN
[19:44:11] [44/445] ADGC
[19:44:13] [45/445] VRBP
[19:44:13] [46/445] NMNA
[19:44:14] [47/445] CMMX
[19:44:15] [48/445] PTKO
[19:44:16] [49/445] RBML
[19:44:17] [50/445] SAIC
[19:44:18] [51/445] SVTJ
[19:44:19] [52/445] MRTE
[19:44:20] [53/445] RBTP
[19:44:21] [54/445] NLPS
[19:44:22] [55/445] GTNA
[19:44:23] [56/445] DGGC
[19:44:24] [57/445] SMCR
[19:44:25] [58/445] SCGD
[19:44:26] [59/445] SRRJ
[19:44:26] [60/445] CNRY
[19:44:27] [61/445] KTDI
[19:44:28] [62/445] SNJL
[19:44:29] [63/445] RKMD
[19:44:29] [64/445] SMDC
[19:44:30] [65/445] TADG
[19:44:31] [66/445] MCGS
[19:44:32] [67/445] PETK
[19:44:33] [68/445] CHAG
[19:44:33] [69/445] KSTL
[19:44:35] [70/445] AADS
[19:44:36] [71/445] NTHZ
[19:44:37] [72/445] HCKI
[19:44:37] [73/445] SSEF
[19:44:38] [74/445] MCGX
[19:44:40] [75/445] ERRA
[19:44:41] [76/445] SDTW
[19:44:42] [77/445] RMPK
[19:44:42] [78/445] PTHK
[19:44:43] [79/445] PXCS
[19:44:44] [80/445] SVLU
[19:44:45] [81/445] STAH
[19:44:46] [82/445] JRGF
[19:44:47] [83/445] CDOK
[19:44:48] [84/445] CMSG
[19:44:49] [85/445] APTD
[19:44:50] [86/445] KMPG
[19:44:50] [87/445] MUTJ
[19:44:51] [88/445] VCCI
[19:44:52] [89/445] URBE
[19:44:53] [90/445] TCTS
[19:44:54] [91/445] STSN
[19:44:56] [92/445] AKCH
[19:44:57] [93/445] APSC
[19:44:58] [94/445] VLTB
[19:44:58] [95/445] SANU
[19:44:59] [96/445] AXAM
[19:45:00] [97/445] MGMG
[19:45:02] [98/445] HTBY
[19:45:03] [99/445] MMZS
[19:45:03] [100/445] SUDR
[19:45:04] [101/445] CCAD
[19:45:05] [102/445] SKKC
[19:45:06] [103/445] RMCD
[19:45:07] [104/445] SBCQ
[19:45:08] [105/445] DCCT
[19:45:09] [106/445] VTKP
[19:45:09] [107/445] MLAM
[19:45:10] [108/445] SAVT
[19:45:11] [109/445] GEPL
[19:45:12] [110/445] AMCD
[19:45:13] [111/445] CCXR
[19:45:13] [112/445] GRNG
[19:45:14] [113/445] EBCA
[19:45:15] [114/445] CNVG
[19:45:16] [115/445] MWSS
[19:45:17] [116/445] VBOR
[19:45:18] [117/445] NEEB
[19:45:19] [118/445] SUTH
[19:45:19] [119/445] ANDB
[19:45:20] [120/445] MMXS
[19:45:21] [121/445] CNPD
[19:45:23] [122/445] SDCE
[19:45:24] [123/445] DHCB
[19:45:25] [124/445] ODEN
[19:45:25] [125/445] TNTC
[19:45:26] [126/445] VBKM
[19:45:27] [127/445] RZYM
[19:45:28] [128/445] JEMC
[19:45:29] [129/445] CMAU
[19:45:30] [130/445] SIVP
[19:45:31] [131/445] ATAG
[19:45:32] [132/445] CHTM
[19:45:33] [133/445] AAEE
[19:45:34] [134/445] IWPM
[19:45:35] [135/445] KCMW
[19:45:36] [136/445] MCTD
[19:45:36] [137/445] SPWR
[19:45:38] [138/445] SDPO
[19:45:39] [139/445] PCSK
[19:45:40] [140/445] ACHV
[19:45:41] [141/445] SVLA
[19:45:42] [142/445] PICT
[19:45:43] [143/445] BXDR
[19:45:43] [144/445] SPWA
[19:45:44] [145/445] MCKO
[19:45:45] [146/445] RTHK
[19:45:46] [147/445] CCMF
[19:45:47] [148/445] MRGB
[19:45:48] [149/445] CPLC
[19:45:49] [150/445] RACD
[19:45:49] [151/445] ATKT
[19:45:50] [152/445] SARN
[19:45:51] [153/445] KKUI
[19:45:52] [154/445] RGCM
[19:45:53] [155/445] BRVP
[19:45:54] [156/445] HRSR
[19:45:55] [157/445] GKGM
[19:45:56] [158/445] TTCD
[19:45:57] [159/445] PTTI
[19:45:58] [160/445] MPTT
[19:45:59] [161/445] CVTT
[19:46:00] [162/445] PCXD
[19:46:02] [163/445] GCDC
[19:46:02] [164/445] CCCF
[19:46:03] [165/445] MRAD
[19:46:04] [166/445] CPLK
[19:46:05] [167/445] SATB
[19:46:06] [168/445] SNVG
[19:46:07] [169/445] JMBA
[19:46:07] [170/445] TEJA
[19:46:09] [171/445] STYO
[19:46:10] [172/445] JTBP
[19:46:11] [173/445] KRGD
[19:46:12] [174/445] SLJJ
[19:46:13] [175/445] SPTJ
[19:46:14] [176/445] SWJG
[19:46:15] [177/445] LKRT
[19:46:15] [178/445] KCKA
[19:46:16] [179/445] SNCR
[19:46:17] [180/445] SMKL
[19:46:18] [181/445] GCFA
[19:46:19] [182/445] DDCK
[19:46:20] [183/445] NCHJ
[19:46:21] [184/445] RDMA
[19:46:22] [185/445] SVSV
[19:46:23] [186/445] SCJG
[19:46:23] [187/445] VKLP
[19:46:24] [188/445] NWCC
[19:46:25] [189/445] VKNS
[19:46:26] [190/445] SDDP
[19:46:26] [191/445] ACSI
[19:46:27] [192/445] SATG
[19:46:28] [193/445] SCMW
[19:46:28] [194/445] LKTK
[19:46:29] [195/445] VCKV
[19:46:30] [196/445] KKPE
[19:46:31] [197/445] KIGH
[19:46:32] [198/445] SRPM
[19:46:33] [199/445] SCAH
[19:46:34] [200/445] MUTA
[19:46:34] [201/445] SEPU
[19:46:35] [202/445] INOA
[19:46:36] [203/445] BASK
[19:46:37] [204/445] NECB
[19:46:38] [205/445] GTTG
[19:46:39] [206/445] ASSA
[19:46:40] [207/445] ANCL
[19:46:41] [208/445] GCTI
[19:46:42] [209/445] RCTS
[19:46:43] [210/445] ACNL
[19:46:43] [211/445] MYCT
[19:46:44] [212/445] NMHT
[19:46:45] [213/445] MDIT
[19:46:46] [214/445] LATG
[19:46:47] [215/445] SMTY
[19:46:48] [216/445] CVCT
[19:46:49] [217/445] RAMB
[19:46:49] [218/445] TGMS
[19:46:50] [219/445] BHEL
[19:46:51] [220/445] SHCT
[19:46:52] [221/445] SVCT
[19:46:53] [222/445] MRIY
[19:46:54] [223/445] SARO
[19:46:55] [224/445] STCT
[19:46:55] [225/445] JKKC
[19:46:56] [226/445] PLTT
[19:46:57] [227/445] SRNT
[19:46:58] [228/445] YAST
[19:46:59] [229/445] PERL
[19:47:00] [230/445] CICM
[19:47:00] [231/445] MMTR
[19:47:02] [232/445] ABTK
[19:47:03] [233/445] ATYY
[19:47:04] [234/445] ASTK
[19:47:05] [235/445] VVCK
[19:47:05] [236/445] ATKY
[19:47:06] [237/445] GWEK
[19:47:07] [238/445] SVFH
[19:47:08] [239/445] SLTA
[19:47:09] [240/445] AASH
[19:47:10] [241/445] ACXB
[19:47:10] [242/445] SMTX
[19:47:12] [243/445] AZDH
[19:47:13] [244/445] CMMH
[19:47:13] [245/445] SCSZ
[19:47:15] [246/445] SCKP
[19:47:16] [247/445] NXTM
[19:47:17] [248/445] NWCS
[19:47:18] [249/445] CXMH
[19:47:19] [250/445] PCMA
[19:47:19] [251/445] SGCM
[19:47:20] [252/445] SDTU
[19:47:21] [253/445] MMVI
[19:47:22] [254/445] JKCM
[19:47:23] [255/445] VCMM
[19:47:24] [256/445] SYEE
[19:47:24] [257/445] VASD
[19:47:25] [258/445] BDRB
[19:47:26] [259/445] LASM
[19:47:27] [260/445] DCRL
[19:47:27] [261/445] DVPM
[19:47:28] [262/445] SBMJ
[19:47:29] [263/445] CBMU
[19:47:30] [264/445] IUBS
[19:47:31] [265/445] INAP
[19:47:32] [266/445] SRRC
[19:47:33] [267/445] SAGR
[19:47:34] [268/445] CPMJ
[19:47:34] [269/445] ATJL
[19:47:35] [270/445] NNTD
[19:47:36] [271/445] JHCJ
[19:47:38] [272/445] CMMP
[19:47:39] [273/445] RSDR
[19:47:39] [274/445] AMTI
[19:47:40] [275/445] NYSG
[19:47:42] [276/445] AVSG
[19:47:42] [277/445] SYTP
[19:47:43] [278/445] LARC
[19:47:44] [279/445] RJTP
[19:47:44] [280/445] LAKC
[19:47:45] [281/445] MCXE
[19:47:46] [282/445] CCZC
[19:47:47] [283/445] AVCH
[19:47:48] [284/445] CMBE
[19:47:49] [285/445] MRRC
[19:47:50] [286/445] PCPY
[19:47:51] [287/445] SRMH
[19:47:52] [288/445] SVGS
[19:47:53] [289/445] PCSE
[19:47:54] [290/445] SVFT
[19:47:54] [291/445] TNZP
[19:47:55] [292/445] ICTP
[19:47:56] [293/445] ACTZ
[19:47:57] [294/445] GTUR
[19:47:58] [295/445] MAFC
[19:47:59] [296/445] MINL
[19:48:00] [297/445] MRCL
[19:48:00] [298/445] RCRP
[19:48:01] [299/445] RFFG
[19:48:02] [300/445] RMAS
[19:48:03] [301/445] INVR
[19:48:04] [302/445] RMAR
[19:48:05] [303/445] CNIS
[19:48:05] [304/445] RHRJ
[19:48:06] [305/445] INXR
[19:48:07] [306/445] VALT
[19:48:08] [307/445] LCSH
[19:48:09] [308/445] CMVS
[19:48:10] [309/445] CNMS
[19:48:10] [310/445] ROOG
[19:48:11] [311/445] ISRM
[19:48:13] [312/445] RCRM
[19:48:13] [313/445] ACJA
[19:48:14] [314/445] RCVS
[19:48:15] [315/445] CPUS
[19:48:16] [316/445] TGCS
[19:48:17] [317/445] RKCJ
[19:48:18] [318/445] MKSB
[19:48:18] [319/445] TCSJ
[19:48:19] [320/445] RMGP
[19:48:20] [321/445] CLLP
[19:48:21] [322/445] RCMV
[19:48:22] [323/445] CCKS
[19:48:23] [324/445] RSRP
[19:48:25] [325/445] APLP
[19:48:26] [326/445] CNVS
[19:48:27] [327/445] RMVY
[19:48:28] [328/445] PGBD
[19:48:29] [329/445] KLMS
[19:48:30] [330/445] RUST
[19:48:31] [331/445] MASM
[19:48:31] [332/445] BACS
[19:48:32] [333/445] BWST
[19:48:33] [334/445] RRFH
[19:48:34] [335/445] SJTM
[19:48:35] [336/445] BEMR
[19:48:36] [337/445] MCGR
[19:48:36] [338/445] SDSK
[19:48:37] [339/445] VBOL
[19:48:38] [340/445] RMGM
[19:48:39] [341/445] NOPL
[19:48:40] [342/445] MKJK
[19:48:41] [343/445] CVRN
[19:48:42] [344/445] MMEN
[19:48:42] [345/445] AMNG
[19:48:43] [346/445] INTM
[19:48:44] [347/445] SLCZ
[19:48:45] [348/445] AMJN
[19:48:46] [349/445] ACJN
[19:48:47] [350/445] AMKN
[19:48:47] [351/445] BTCN
[19:48:48] [352/445] AMBT
[19:48:49] [353/445] PACN
[19:48:50] [354/445] LCNS
[19:48:51] [355/445] PPKC
[19:48:52] [356/445] JYYN
[19:48:53] [357/445] JTNR
[19:48:53] [358/445] GTEE
[19:48:54] [359/445] SRNM
[19:48:55] [360/445] SDTC
[19:48:56] [361/445] VPCA
[19:48:56] [362/445] VLRA
[19:48:57] [363/445] SHKR
[19:48:58] [364/445] SBKD
[19:48:59] [365/445] SAAD
[19:49:00] [366/445] JTGN
[19:49:01] [367/445] SLAM
[19:49:02] [368/445] VTPM
[19:49:04] [369/445] ANPT
[19:49:05] [370/445] PUNB
[19:49:06] [371/445] CPKT
[19:49:07] [372/445] CNWE
[19:49:08] [373/445] ECPP
[19:49:09] [374/445] CPAR
[19:49:09] [375/445] ESBW
[19:49:10] [376/445] PKPU
[19:49:11] [377/445] CPRP
[19:49:12] [378/445] RAHU
[19:49:13] [379/445] RHMN
[19:49:14] [380/445] FMJP
[19:49:15] [381/445] CTMP
[19:49:16] [382/445] INPN
[19:49:16] [383/445] STTG
[19:49:17] [384/445] CTRD
[19:49:18] [385/445] PUVB
[19:49:20] [386/445] ESVP
[19:49:21] [387/445] CPFT
[19:49:21] [388/445] LCPC
[19:49:22] [389/445] VBCT
[19:49:23] [390/445] FSCW
[19:49:24] [391/445] VCMP
[19:49:25] [392/445] ASHC
[19:49:26] [393/445] VLCX
[19:49:27] [394/445] SHEV
[19:49:27] [395/445] APCO
[19:49:28] [396/445] SILC
[19:49:29] [397/445] SNMR
[19:49:30] [398/445] KYBO
[19:49:31] [399/445] SATK
[19:49:31] [400/445] SSCS
[19:49:32] [401/445] CLSB
[19:49:33] [402/445] KMJR
[19:49:34] [403/445] FSCK
[19:49:34] [404/445] NNKA
[19:49:35] [405/445] CLMK
[19:49:36] [406/445] DMPZ
[19:49:36] [407/445] INQM
[19:49:37] [408/445] CAML
[19:49:38] [409/445] INRK
[19:49:39] [410/445] IMKN
[19:49:40] [411/445] SVNR
[19:49:41] [412/445] INSL
[19:49:41] [413/445] MSMA
[19:49:42] [414/445] MCKK
[19:49:43] [415/445] FCHP
[19:49:44] [416/445] SFCR
[19:49:45] [417/445] NACK
[19:49:46] [418/445] PVAK
[19:49:46] [419/445] INER
[19:49:47] [420/445] RDBK
[19:49:48] [421/445] SVFN
[19:49:49] [422/445] IFRM
[19:49:50] [423/445] ATCK
[19:49:52] [424/445] ASKO
[19:49:53] [425/445] STKT
[19:49:55] [426/445] SVFB
[19:49:55] [427/445] INKS
[19:49:56] [428/445] PCRA
[19:49:57] [429/445] ATJA
[19:49:58] [430/445] IMJN
[19:49:59] [431/445] INHD
[19:50:00] [432/445] BARA
[19:50:01] [433/445] MCSL
[19:50:02] [434/445] RTOY
[19:50:02] [435/445] MENO
[19:50:03] [436/445] PUDM
[19:50:05] [437/445] PRCN
[19:50:06] [438/445] JMJR
[19:50:06] [439/445] SSGK
[19:50:07] [440/445] SSRL
[19:50:08] [441/445] JYKL
[19:50:09] [442/445] ACNB
[19:50:10] [443/445] SONP
[19:50:11] [444/445] EMCI
[19:50:12] [445/445] MRJH
[19:50:13] ✅ DONE | Shows=1979 | Movies=72
[20:44:10] 🚀 BMS DAILY TRACKER STARTED
[20:44:10] [1/445] TGMR
[20:44:10] 🧠 New identity
[20:44:11] [2/445] CXKR
[20:44:12] [3/445] SROP
[20:44:13] [4/445] GTSV
[20:44:14] [5/445] SNTY
[20:44:15] [6/445] SMYY
[20:44:16] [7/445] CNCS
[20:44:17] [8/445] CSTM
[20:44:18] [9/445] NUCD
[20:44:18] [10/445] SHCZ
[20:44:19] [11/445] NJCT
[20:44:20] [12/445] COPC
[20:44:21] [13/445] STVV
[20:44:22] [14/445] SKRN
[20:44:23] [15/445] APPZ
[20:44:23] [16/445] YMGN
[20:44:24] [17/445] SVTU
[20:44:25] [18/445] GTAD
[20:44:26] [19/445] PSUS
[20:44:28] [20/445] SMCD
[20:44:28] [21/445] CMCM
[20:44:29] [22/445] SYCT
[20:44:30] [23/445] STLY
[20:44:32] [24/445] CMHU
[20:44:34] [25/445] CMSA
[20:44:34] [26/445] CLCU
[20:44:36] [27/445] PPNT
[20:44:37] [28/445] JTAB
[20:44:38] [29/445] BUUC
[20:44:39] [30/445] BSVK
[20:44:41] [31/445] VVVQ
[20:44:42] [32/445] TKMU
[20:44:42] [33/445] ESYL
[20:44:43] [34/445] ACHP
[20:44:44] [35/445] BTKD
[20:44:45] [36/445] DESA
[20:44:46] [37/445] GBCT
[20:44:46] [38/445] BLLD
[20:44:47] [39/445] SKNT
[20:44:48] [40/445] SSTE
[20:44:49] [41/445] VJMR
[20:44:50] [42/445] NTPU
[20:44:51] [43/445] RDKN
[20:44:51] [44/445] ADGC
[20:44:52] [45/445] VRBP
[20:44:53] [46/445] NMNA
[20:44:54] [47/445] CMMX
[20:44:55] [48/445] PTKO
[20:44:56] [49/445] RBML
[20:44:57] [50/445] SAIC
[20:44:58] [51/445] SVTJ
[20:44:59] [52/445] MRTE
[20:45:00] [53/445] RBTP
[20:45:01] [54/445] NLPS
[20:45:01] [55/445] GTNA
[20:45:02] [56/445] DGGC
[20:45:03] [57/445] SMCR
[20:45:04] [58/445] SCGD
[20:45:05] [59/445] SRRJ
[20:45:05] [60/445] CNRY
[20:45:06] [61/445] KTDI
[20:45:07] [62/445] SNJL
[20:45:08] [63/445] RKMD
[20:45:10] [64/445] SMDC
[20:45:11] [65/445] TADG
[20:45:12] [66/445] MCGS
[20:45:13] [67/445] PETK
[20:45:14] [68/445] CHAG
[20:45:15] [69/445] KSTL
[20:45:16] [70/445] AADS
[20:45:17] [71/445] NTHZ
[20:45:18] [72/445] HCKI
[20:45:19] [73/445] SSEF
[20:45:20] [74/445] MCGX
[20:45:21] [75/445] ERRA
[20:45:22] [76/445] SDTW
[20:45:23] [77/445] RMPK
[20:45:23] [78/445] PTHK
[20:45:24] [79/445] PXCS
[20:45:25] [80/445] SVLU
[20:45:27] [81/445] STAH
[20:45:28] [82/445] JRGF
[20:45:30] [83/445] CDOK
[20:45:31] [84/445] CMSG
[20:45:32] [85/445] APTD
[20:45:33] [86/445] KMPG
[20:45:34] [87/445] MUTJ
[20:45:35] [88/445] VCCI
[20:45:36] [89/445] URBE
[20:45:36] [90/445] TCTS
[20:45:37] [91/445] STSN
[20:45:38] [92/445] AKCH
[20:45:39] [93/445] APSC
[20:45:40] [94/445] VLTB
[20:45:41] [95/445] SANU
[20:45:41] [96/445] AXAM
[20:45:42] [97/445] MGMG
[20:45:43] [98/445] HTBY
[20:45:44] [99/445] MMZS
[20:45:45] [100/445] SUDR
[20:45:45] [101/445] CCAD
[20:45:46] [102/445] SKKC
[20:45:47] [103/445] RMCD
[20:45:48] [104/445] SBCQ
[20:45:49] [105/445] DCCT
[20:45:50] [106/445] VTKP
[20:45:51] [107/445] MLAM
[20:45:52] [108/445] SAVT
[20:45:52] [109/445] GEPL
[20:45:53] [110/445] AMCD
[20:45:54] [111/445] CCXR
[20:45:55] [112/445] GRNG
[20:45:56] [113/445] EBCA
[20:45:57] [114/445] CNVG
[20:45:58] [115/445] MWSS
[20:45:59] [116/445] VBOR
[20:45:59] [117/445] NEEB
[20:46:00] [118/445] SUTH
[20:46:01] [119/445] ANDB
[20:46:02] [120/445] MMXS
[20:46:03] [121/445] CNPD
[20:46:04] [122/445] SDCE
[20:46:05] [123/445] DHCB
[20:46:06] [124/445] ODEN
[20:46:07] [125/445] TNTC
[20:46:08] [126/445] VBKM
[20:46:09] [127/445] RZYM
[20:46:10] [128/445] JEMC
[20:46:11] [129/445] CMAU
[20:46:11] [130/445] SIVP
[20:46:12] [131/445] ATAG
[20:46:13] [132/445] CHTM
[20:46:15] [133/445] AAEE
[20:46:15] [134/445] IWPM
[20:46:16] [135/445] KCMW
[20:46:17] [136/445] MCTD
[20:46:18] [137/445] SPWR
[20:46:19] [138/445] SDPO
[20:46:19] [139/445] PCSK
[20:46:20] [140/445] ACHV
[20:46:22] [141/445] SVLA
[20:46:23] [142/445] PICT
[20:46:24] [143/445] BXDR
[20:46:25] [144/445] SPWA
[20:46:26] [145/445] MCKO
[20:46:27] [146/445] RTHK
[20:46:28] [147/445] CCMF
[20:46:29] [148/445] MRGB
[20:46:30] [149/445] CPLC
[20:46:31] [150/445] RACD
[20:46:32] [151/445] ATKT
[20:46:32] [152/445] SARN
[20:46:33] [153/445] KKUI
[20:46:34] [154/445] RGCM
[20:46:35] [155/445] BRVP
[20:46:36] [156/445] HRSR
[20:46:37] [157/445] GKGM
[20:46:38] [158/445] TTCD
[20:46:38] [159/445] PTTI
[20:46:39] [160/445] MPTT
[20:46:40] [161/445] CVTT
[20:46:40] [162/445] PCXD
[20:46:42] [163/445] GCDC
[20:46:43] [164/445] CCCF
[20:46:44] [165/445] MRAD
[20:46:44] [166/445] CPLK
[20:46:45] [167/445] SATB
[20:46:46] [168/445] SNVG
[20:46:47] [169/445] JMBA
[20:46:48] [170/445] TEJA
[20:46:49] [171/445] STYO
[20:46:49] [172/445] JTBP
[20:46:50] [173/445] KRGD
[20:46:51] [174/445] SLJJ
[20:46:52] [175/445] SPTJ
[20:46:53] [176/445] SWJG
[20:46:54] [177/445] LKRT
[20:46:55] [178/445] KCKA
[20:46:56] [179/445] SNCR
[20:46:56] [180/445] SMKL
[20:46:57] [181/445] GCFA
[20:46:58] [182/445] DDCK
[20:46:59] [183/445] NCHJ
[20:47:00] [184/445] RDMA
[20:47:01] [185/445] SVSV
[20:47:01] [186/445] SCJG
[20:47:02] [187/445] VKLP
[20:47:03] [188/445] NWCC
[20:47:04] [189/445] VKNS
[20:47:05] [190/445] SDDP
[20:47:06] [191/445] ACSI
[20:47:07] [192/445] SATG
[20:47:07] [193/445] SCMW
[20:47:08] [194/445] LKTK
[20:47:09] [195/445] VCKV
[20:47:10] [196/445] KKPE
[20:47:10] [197/445] KIGH
[20:47:11] [198/445] SRPM
[20:47:12] [199/445] SCAH
[20:47:13] [200/445] MUTA
[20:47:14] [201/445] SEPU
[20:47:14] [202/445] INOA
[20:47:15] [203/445] BASK
[20:47:16] [204/445] NECB
[20:47:18] [205/445] GTTG
[20:47:19] [206/445] ASSA
[20:47:19] [207/445] ANCL
[20:47:20] [208/445] GCTI
[20:47:21] [209/445] RCTS
[20:47:23] [210/445] ACNL
[20:47:23] [211/445] MYCT
[20:47:24] [212/445] NMHT
[20:47:25] [213/445] MDIT
[20:47:26] [214/445] LATG
[20:47:27] [215/445] SMTY
[20:47:27] [216/445] CVCT
[20:47:28] [217/445] RAMB
[20:47:30] [218/445] TGMS
[20:47:31] [219/445] BHEL
[20:47:32] [220/445] SHCT
[20:47:34] [221/445] SVCT
[20:47:35] [222/445] MRIY
[20:47:35] [223/445] SARO
[20:47:36] [224/445] STCT
[20:47:37] [225/445] JKKC
[20:47:39] [226/445] PLTT
[20:47:40] [227/445] SRNT
[20:47:41] [228/445] YAST
[20:47:42] [229/445] PERL
[20:47:43] [230/445] CICM
[20:47:44] [231/445] MMTR
[20:47:45] [232/445] ABTK
[20:47:46] [233/445] ATYY
[20:47:47] [234/445] ASTK
[20:47:49] [235/445] VVCK
[20:47:50] [236/445] ATKY
[20:47:51] [237/445] GWEK
[20:47:51] [238/445] SVFH
[20:47:52] [239/445] SLTA
[20:47:53] [240/445] AASH
[20:47:54] [241/445] ACXB
[20:47:55] [242/445] SMTX
[20:47:56] [243/445] AZDH
[20:47:56] [244/445] CMMH
[20:47:58] [245/445] SCSZ
[20:47:59] [246/445] SCKP
[20:48:00] [247/445] NXTM
[20:48:01] [248/445] NWCS
[20:48:02] [249/445] CXMH
[20:48:03] [250/445] PCMA
[20:48:04] [251/445] SGCM
[20:48:04] [252/445] SDTU
[20:48:05] [253/445] MMVI
[20:48:06] [254/445] JKCM
[20:48:07] [255/445] VCMM
[20:48:09] [256/445] SYEE
[20:48:10] [257/445] VASD
[20:48:11] [258/445] BDRB
[20:48:12] [259/445] LASM
[20:48:13] [260/445] DCRL
[20:48:14] [261/445] DVPM
[20:48:15] [262/445] SBMJ
[20:48:15] [263/445] CBMU
[20:48:17] [264/445] IUBS
[20:48:18] [265/445] INAP
[20:48:19] [266/445] SRRC
[20:48:20] [267/445] SAGR
[20:48:21] [268/445] CPMJ
[20:48:22] [269/445] ATJL
[20:48:23] [270/445] NNTD
[20:48:23] [271/445] JHCJ
[20:48:24] [272/445] CMMP
[20:48:25] [273/445] RSDR
[20:48:27] [274/445] AMTI
[20:48:28] [275/445] NYSG
[20:48:29] [276/445] AVSG
[20:48:30] [277/445] SYTP
[20:48:32] [278/445] LARC
[20:48:32] [279/445] RJTP
[20:48:33] [280/445] LAKC
[20:48:34] [281/445] MCXE
[20:48:35] [282/445] CCZC
[20:48:36] [283/445] AVCH
[20:48:37] [284/445] CMBE
[20:48:37] [285/445] MRRC
[20:48:39] [286/445] PCPY
[20:48:40] [287/445] SRMH
[20:48:40] [288/445] SVGS
[20:48:41] [289/445] PCSE
[20:48:42] [290/445] SVFT
[20:48:43] [291/445] TNZP
[20:48:43] [292/445] ICTP
[20:48:45] [293/445] ACTZ
[20:48:46] [294/445] GTUR
[20:48:46] [295/445] MAFC
[20:48:47] [296/445] MINL
[20:48:48] [297/445] MRCL
[20:48:49] [298/445] RCRP
[20:48:50] [299/445] RFFG
[20:48:51] [300/445] RMAS
[20:48:52] [301/445] INVR
[20:48:53] [302/445] RMAR
[20:48:54] [303/445] CNIS
[20:48:54] [304/445] RHRJ
[20:48:56] [305/445] INXR
[20:48:57] [306/445] VALT
[20:48:58] [307/445] LCSH
[20:48:59] [308/445] CMVS
[20:49:00] [309/445] CNMS
[20:49:00] [310/445] ROOG
[20:49:01] [311/445] ISRM
[20:49:02] [312/445] RCRM
[20:49:03] [313/445] ACJA
[20:49:03] [314/445] RCVS
[20:49:04] [315/445] CPUS
[20:49:05] [316/445] TGCS
[20:49:07] [317/445] RKCJ
[20:49:08] [318/445] MKSB
[20:49:09] [319/445] TCSJ
[20:49:10] [320/445] RMGP
[20:49:10] [321/445] CLLP
[20:49:11] [322/445] RCMV
[20:49:12] [323/445] CCKS
[20:49:13] [324/445] RSRP
[20:49:14] [325/445] APLP
[20:49:14] [326/445] CNVS
[20:49:15] [327/445] RMVY
[20:49:16] [328/445] PGBD
[20:49:17] [329/445] KLMS
[20:49:18] [330/445] RUST
[20:49:19] [331/445] MASM
[20:49:19] [332/445] BACS
[20:49:20] [333/445] BWST
[20:49:21] [334/445] RRFH
[20:49:22] [335/445] SJTM
[20:49:23] [336/445] BEMR
[20:49:25] [337/445] MCGR
[20:49:25] [338/445] SDSK
[20:49:26] [339/445] VBOL
[20:49:27] [340/445] RMGM
[20:49:28] [341/445] NOPL
[20:49:29] [342/445] MKJK
[20:49:30] [343/445] CVRN
[20:49:30] [344/445] MMEN
[20:49:31] [345/445] AMNG
[20:49:32] [346/445] INTM
[20:49:34] [347/445] SLCZ
[20:49:35] [348/445] AMJN
[20:49:35] [349/445] ACJN
[20:49:36] [350/445] AMKN
[20:49:37] [351/445] BTCN
[20:49:38] [352/445] AMBT
[20:49:39] [353/445] PACN
[20:49:40] [354/445] LCNS
[20:49:41] [355/445] PPKC
[20:49:43] [356/445] JYYN
[20:49:44] [357/445] JTNR
[20:49:45] [358/445] GTEE
[20:49:45] [359/445] SRNM
[20:49:46] [360/445] SDTC
[20:49:47] [361/445] VPCA
[20:49:48] [362/445] VLRA
[20:49:49] [363/445] SHKR
[20:49:50] [364/445] SBKD
[20:49:51] [365/445] SAAD
[20:49:52] [366/445] JTGN
[20:49:53] [367/445] SLAM
[20:49:55] [368/445] VTPM
[20:49:56] [369/445] ANPT
[20:49:57] [370/445] PUNB
[20:49:58] [371/445] CPKT
[20:49:58] [372/445] CNWE
[20:49:59] [373/445] ECPP
[20:50:00] [374/445] CPAR
[20:50:01] [375/445] ESBW
[20:50:03] [376/445] PKPU
[20:50:03] [377/445] CPRP
[20:50:04] [378/445] RAHU
[20:50:06] [379/445] RHMN
[20:50:07] [380/445] FMJP
[20:50:07] [381/445] CTMP
[20:50:08] [382/445] INPN
[20:50:09] [383/445] STTG
[20:50:10] [384/445] CTRD
[20:50:11] [385/445] PUVB
[20:50:12] [386/445] ESVP
[20:50:13] [387/445] CPFT
[20:50:14] [388/445] LCPC
[20:50:15] [389/445] VBCT
[20:50:16] [390/445] FSCW
[20:50:17] [391/445] VCMP
[20:50:18] [392/445] ASHC
[20:50:19] [393/445] VLCX
[20:50:20] [394/445] SHEV
[20:50:20] [395/445] APCO
[20:50:21] [396/445] SILC
[20:50:22] [397/445] SNMR
[20:50:23] [398/445] KYBO
[20:50:24] [399/445] SATK
[20:50:26] [400/445] SSCS
[20:50:26] [401/445] CLSB
[20:50:27] [402/445] KMJR
[20:50:28] [403/445] FSCK
[20:50:30] [404/445] NNKA
[20:50:31] [405/445] CLMK
[20:50:32] [406/445] DMPZ
[20:50:33] [407/445] INQM
[20:50:34] [408/445] CAML
[20:50:35] [409/445] INRK
[20:50:36] [410/445] IMKN
[20:50:37] [411/445] SVNR
[20:50:38] [412/445] INSL
[20:50:38] [413/445] MSMA
[20:50:39] [414/445] MCKK
[20:50:40] [415/445] FCHP
[20:50:41] [416/445] SFCR
[20:50:41] [417/445] NACK
[20:50:42] [418/445] PVAK
[20:50:43] [419/445] INER
[20:50:44] [420/445] RDBK
[20:50:45] [421/445] SVFN
[20:50:46] [422/445] IFRM
[20:50:47] [423/445] ATCK
[20:50:47] [424/445] ASKO
[20:50:48] [425/445] STKT
[20:50:50] [426/445] SVFB
[20:50:51] [427/445] INKS
[20:50:52] [428/445] PCRA
[20:50:53] [429/445] ATJA
[20:50:54] [430/445] IMJN
[20:50:55] [431/445] INHD
[20:50:56] [432/445] BARA
[20:50:57] [433/445] MCSL
[20:50:59] [434/445] RTOY
[20:51:00] [435/445] MENO
[20:51:01] [436/445] PUDM
[20:51:02] [437/445] PRCN
[20:51:03] [438/445] JMJR
[20:51:04] [439/445] SSGK
[20:51:06] [440/445] SSRL
[20:51:07] [441/445] JYKL
[20:51:08] [442/445] ACNB
[20:51:09] [443/445] SONP
[20:51:09] [444/445] EMCI
[20:51:10] [445/445] MRJH
[20:51:11] ✅ DONE | Shows=2054 | Movies=72
