[20:21:50] 🚀 SCRIPT STARTED
[20:21:50] [1/445] TGMR
[20:21:50] 🧠 New identity created
[20:21:51] [2/445] CXKR
[20:21:52] [3/445] SROP
[20:21:52] [4/445] GTSV
[20:21:53] [5/445] SNTY
[20:21:54] [6/445] SMYY
[20:21:55] [7/445] CNCS
[20:21:56] [8/445] CSTM
[20:21:57] [9/445] NUCD
[20:21:57] [10/445] SHCZ
[20:21:58] [11/445] NJCT
[20:21:59] [12/445] COPC
[20:22:00] [13/445] STVV
[20:22:01] [14/445] SKRN
[20:22:02] [15/445] APPZ
[20:22:02] [16/445] YMGN
[20:22:03] [17/445] SVTU
[20:22:04] [18/445] GTAD
[20:22:05] [19/445] PSUS
[20:22:06] [20/445] SMCD
[20:22:07] [21/445] CMCM
[20:22:08] [22/445] SYCT
[20:22:09] [23/445] STLY
[20:22:10] [24/445] CMHU
[20:22:11] [25/445] CMSA
[20:22:11] [26/445] CLCU
[20:22:12] [27/445] PPNT
[20:22:13] [28/445] JTAB
[20:22:14] [29/445] BUUC
[20:22:15] [30/445] BSVK
[20:22:16] [31/445] VVVQ
[20:22:17] [32/445] TKMU
[20:22:17] [33/445] ESYL
[20:22:18] [34/445] ACHP
[20:22:19] [35/445] BTKD
[20:22:20] [36/445] DESA
[20:22:21] [37/445] GBCT
[20:22:21] [38/445] BLLD
[20:22:22] [39/445] SKNT
[20:22:23] [40/445] SSTE
[20:22:24] [41/445] VJMR
[20:22:25] [42/445] NTPU
[20:22:26] [43/445] RDKN
[20:22:27] [44/445] ADGC
[20:22:28] [45/445] VRBP
[20:22:29] [46/445] NMNA
[20:22:30] [47/445] CMMX
[20:22:31] [48/445] PTKO
[20:22:31] [49/445] RBML
[20:22:32] [50/445] SAIC
[20:22:33] [51/445] SVTJ
[20:22:35] [52/445] MRTE
[20:22:36] [53/445] RBTP
[20:22:37] [54/445] NLPS
[20:22:38] [55/445] GTNA
[20:22:38] [56/445] DGGC
[20:22:39] [57/445] SMCR
[20:22:40] [58/445] SCGD
[20:22:41] [59/445] SRRJ
[20:22:43] [60/445] CNRY
[20:22:44] [61/445] KTDI
[20:22:45] [62/445] SNJL
[20:22:46] [63/445] RKMD
[20:22:47] [64/445] SMDC
[20:22:48] [65/445] TADG
[20:22:48] [66/445] MCGS
[20:22:49] [67/445] PETK
[20:22:50] [68/445] CHAG
[20:22:51] [69/445] KSTL
[20:22:52] [70/445] AADS
[20:22:53] [71/445] NTHZ
[20:22:54] [72/445] HCKI
[20:22:55] [73/445] SSEF
[20:22:56] [74/445] MCGX
[20:22:57] [75/445] ERRA
[20:22:58] [76/445] SDTW
[20:22:59] [77/445] RMPK
[20:23:00] [78/445] PTHK
[20:23:00] [79/445] PXCS
[20:23:02] [80/445] SVLU
[20:23:03] [81/445] STAH
[20:23:04] [82/445] JRGF
[20:23:05] [83/445] CDOK
[20:23:06] [84/445] CMSG
[20:23:07] [85/445] APTD
[20:23:07] [86/445] KMPG
[20:23:08] [87/445] MUTJ
[20:23:09] [88/445] VCCI
[20:23:10] [89/445] URBE
[20:23:11] [90/445] TCTS
[20:23:12] [91/445] STSN
[20:23:13] [92/445] AKCH
[20:23:14] [93/445] APSC
[20:23:15] [94/445] VLTB
[20:23:15] [95/445] SANU
[20:23:16] [96/445] AXAM
[20:23:17] [97/445] MGMG
[20:23:18] [98/445] HTBY
[20:23:19] [99/445] MMZS
[20:23:20] [100/445] SUDR
[20:23:20] [101/445] CCAD
[20:23:21] [102/445] SKKC
[20:23:22] [103/445] RMCD
[20:23:23] [104/445] SBCQ
[20:23:25] [105/445] DCCT
[20:23:25] [106/445] VTKP
[20:23:26] [107/445] MLAM
[20:23:28] [108/445] SAVT
[20:23:28] [109/445] GEPL
[20:23:29] [110/445] AMCD
[20:23:30] [111/445] CCXR
[20:23:31] [112/445] GRNG
[20:23:31] [113/445] EBCA
[20:23:32] [114/445] CNVG
[20:23:33] [115/445] MWSS
[20:23:34] [116/445] VBOR
[20:23:35] [117/445] NEEB
[20:23:36] [118/445] SUTH
[20:23:37] [119/445] ANDB
[20:23:38] [120/445] MMXS
[20:23:38] [121/445] CNPD
[20:23:39] [122/445] SDCE
[20:23:40] [123/445] DHCB
[20:23:41] [124/445] ODEN
[20:23:42] [125/445] TNTC
[20:23:43] [126/445] VBKM
[20:23:44] [127/445] RZYM
[20:23:44] [128/445] JEMC
[20:23:45] [129/445] CMAU
[20:23:46] [130/445] SIVP
[20:23:46] [131/445] ATAG
[20:23:47] [132/445] CHTM
[20:23:48] [133/445] AAEE
[20:23:49] [134/445] IWPM
[20:23:50] [135/445] KCMW
[20:23:51] [136/445] MCTD
[20:23:51] [137/445] SPWR
[20:23:52] [138/445] SDPO
[20:23:53] [139/445] PCSK
[20:23:54] [140/445] ACHV
[20:23:55] [141/445] SVLA
[20:23:56] [142/445] PICT
[20:23:57] [143/445] BXDR
[20:23:58] [144/445] SPWA
[20:23:58] [145/445] MCKO
[20:23:59] [146/445] RTHK
[20:24:00] [147/445] CCMF
[20:24:01] [148/445] MRGB
[20:24:02] [149/445] CPLC
[20:24:02] [150/445] RACD
[20:24:03] [151/445] ATKT
[20:24:04] [152/445] SARN
[20:24:05] [153/445] KKUI
[20:24:05] [154/445] RGCM
[20:24:06] [155/445] BRVP
[20:24:08] [156/445] HRSR
[20:24:09] [157/445] GKGM
[20:24:09] [158/445] TTCD
[20:24:10] [159/445] PTTI
[20:24:11] [160/445] MPTT
[20:24:12] [161/445] CVTT
[20:24:13] [162/445] PCXD
[20:24:13] [163/445] GCDC
[20:24:14] [164/445] CCCF
[20:24:15] [165/445] MRAD
[20:24:16] [166/445] CPLK
[20:24:17] [167/445] SATB
[20:24:17] [168/445] SNVG
[20:24:18] [169/445] JMBA
[20:24:19] [170/445] TEJA
[20:24:20] [171/445] STYO
[20:24:21] [172/445] JTBP
[20:24:22] [173/445] KRGD
[20:24:23] [174/445] SLJJ
[20:24:24] [175/445] SPTJ
[20:24:24] [176/445] SWJG
[20:24:25] [177/445] LKRT
[20:24:27] [178/445] KCKA
[20:24:27] [179/445] SNCR
[20:24:28] [180/445] SMKL
[20:24:29] [181/445] GCFA
[20:24:30] [182/445] DDCK
[20:24:31] [183/445] NCHJ
[20:24:32] [184/445] RDMA
[20:24:32] [185/445] SVSV
[20:24:34] [186/445] SCJG
[20:24:35] [187/445] VKLP
[20:24:38] [188/445] NWCC
[20:24:39] [189/445] VKNS
[20:24:40] [190/445] SDDP
[20:24:41] [191/445] ACSI
[20:24:42] [192/445] SATG
[20:24:43] [193/445] SCMW
[20:24:44] [194/445] LKTK
[20:24:45] [195/445] VCKV
[20:24:46] [196/445] KKPE
[20:24:46] [197/445] KIGH
[20:24:47] [198/445] SRPM
[20:24:48] [199/445] SCAH
[20:24:49] [200/445] MUTA
[20:24:50] [201/445] SEPU
[20:24:51] [202/445] INOA
[20:24:52] [203/445] BASK
[20:24:52] [204/445] NECB
[20:24:53] [205/445] GTTG
[20:24:54] [206/445] ASSA
[20:24:55] [207/445] ANCL
[20:24:56] [208/445] GCTI
[20:24:56] [209/445] RCTS
[20:24:57] [210/445] ACNL
[20:24:58] [211/445] MYCT
[20:24:59] [212/445] NMHT
[20:25:00] [213/445] MDIT
[20:25:02] [214/445] LATG
[20:25:03] [215/445] SMTY
[20:25:04] [216/445] CVCT
[20:25:05] [217/445] RAMB
[20:25:06] [218/445] TGMS
[20:25:07] [219/445] BHEL
[20:25:08] [220/445] SHCT
[20:25:09] [221/445] SVCT
[20:25:10] [222/445] MRIY
[20:25:11] [223/445] SARO
[20:25:12] [224/445] STCT
[20:25:12] [225/445] JKKC
[20:25:13] [226/445] PLTT
[20:25:14] [227/445] SRNT
[20:25:14] [228/445] YAST
[20:25:15] [229/445] PERL
[20:25:16] [230/445] CICM
[20:25:17] [231/445] MMTR
[20:25:18] [232/445] ABTK
[20:25:19] [233/445] ATYY
[20:25:19] [234/445] ASTK
[20:25:20] [235/445] VVCK
[20:25:21] [236/445] ATKY
[20:25:22] [237/445] GWEK
[20:25:23] [238/445] SVFH
[20:25:24] [239/445] SLTA
[20:25:25] [240/445] AASH
[20:25:25] [241/445] ACXB
[20:25:27] [242/445] SMTX
[20:25:28] [243/445] AZDH
[20:25:28] [244/445] CMMH
[20:25:29] [245/445] SCSZ
[20:25:30] [246/445] SCKP
[20:25:31] [247/445] NXTM
[20:25:33] [248/445] NWCS
[20:25:33] [249/445] CXMH
[20:25:34] [250/445] PCMA
[20:25:35] [251/445] SGCM
[20:25:36] [252/445] SDTU
[20:25:37] [253/445] MMVI
[20:25:38] [254/445] JKCM
[20:25:39] [255/445] VCMM
[20:25:40] [256/445] SYEE
[20:25:41] [257/445] VASD
[20:25:42] [258/445] BDRB
[20:25:42] [259/445] LASM
[20:25:43] [260/445] DCRL
[20:25:45] [261/445] DVPM
[20:25:46] [262/445] SBMJ
[20:25:47] [263/445] CBMU
[20:25:48] [264/445] IUBS
[20:25:49] [265/445] INAP
[20:25:50] [266/445] SRRC
[20:25:51] [267/445] SAGR
[20:25:52] [268/445] CPMJ
[20:25:53] [269/445] ATJL
[20:25:54] [270/445] NNTD
[20:25:54] [271/445] JHCJ
[20:25:55] [272/445] CMMP
[20:25:56] [273/445] RSDR
[20:25:57] [274/445] AMTI
[20:25:58] [275/445] NYSG
[20:25:59] [276/445] AVSG
[20:26:00] [277/445] SYTP
[20:26:00] [278/445] LARC
[20:26:01] [279/445] RJTP
[20:26:02] [280/445] LAKC
[20:26:03] [281/445] MCXE
[20:26:04] [282/445] CCZC
[20:26:05] [283/445] AVCH
[20:26:06] [284/445] CMBE
[20:26:07] [285/445] MRRC
[20:26:08] [286/445] PCPY
[20:26:08] [287/445] SRMH
[20:26:09] [288/445] SVGS
[20:26:10] [289/445] PCSE
[20:26:11] [290/445] SVFT
[20:26:12] [291/445] TNZP
[20:26:12] [292/445] ICTP
[20:26:13] [293/445] ACTZ
[20:26:15] [294/445] GTUR
[20:26:15] [295/445] MAFC
[20:26:17] [296/445] MINL
[20:26:18] [297/445] MRCL
[20:26:18] [298/445] RCRP
[20:26:20] [299/445] RFFG
[20:26:21] [300/445] RMAS
[20:26:22] [301/445] INVR
[20:26:22] [302/445] RMAR
[20:26:23] [303/445] CNIS
[20:26:24] [304/445] RHRJ
[20:26:25] [305/445] INXR
[20:26:26] [306/445] VALT
[20:26:27] [307/445] LCSH
[20:26:28] [308/445] CMVS
[20:26:29] [309/445] CNMS
[20:26:29] [310/445] ROOG
[20:26:30] [311/445] ISRM
[20:26:31] [312/445] RCRM
[20:26:32] [313/445] ACJA
[20:26:32] [314/445] RCVS
[20:26:33] [315/445] CPUS
[20:26:34] [316/445] TGCS
[20:26:35] [317/445] RKCJ
[20:26:36] [318/445] MKSB
[20:26:37] [319/445] TCSJ
[20:26:38] [320/445] RMGP
[20:26:38] [321/445] CLLP
[20:26:39] [322/445] RCMV
[20:26:40] [323/445] CCKS
[20:26:42] [324/445] RSRP
[20:26:42] [325/445] APLP
[20:26:44] [326/445] CNVS
[20:26:45] [327/445] RMVY
[20:26:45] [328/445] PGBD
[20:26:46] [329/445] KLMS
[20:26:47] [330/445] RUST
[20:26:48] [331/445] MASM
[20:26:49] [332/445] BACS
[20:26:50] [333/445] BWST
[20:26:51] [334/445] RRFH
[20:26:52] [335/445] SJTM
[20:26:53] [336/445] BEMR
[20:26:53] [337/445] MCGR
[20:26:55] [338/445] SDSK
[20:26:56] [339/445] VBOL
[20:26:56] [340/445] RMGM
[20:26:57] [341/445] NOPL
[20:26:58] [342/445] MKJK
[20:26:59] [343/445] CVRN
[20:27:00] [344/445] MMEN
[20:27:01] [345/445] AMNG
[20:27:02] [346/445] INTM
[20:27:02] [347/445] SLCZ
[20:27:03] [348/445] AMJN
[20:27:04] [349/445] ACJN
[20:27:05] [350/445] AMKN
[20:27:06] [351/445] BTCN
[20:27:07] [352/445] AMBT
[20:27:08] [353/445] PACN
[20:27:09] [354/445] LCNS
[20:27:10] [355/445] PPKC
[20:27:11] [356/445] JYYN
[20:27:12] [357/445] JTNR
[20:27:13] [358/445] GTEE
[20:27:14] [359/445] SRNM
[20:27:15] [360/445] SDTC
[20:27:16] [361/445] VPCA
[20:27:17] [362/445] VLRA
[20:27:18] [363/445] SHKR
[20:27:18] [364/445] SBKD
[20:27:19] [365/445] SAAD
[20:27:20] [366/445] JTGN
[20:27:21] [367/445] SLAM
[20:27:23] [368/445] VTPM
[20:27:23] [369/445] ANPT
[20:27:25] [370/445] PUNB
[20:27:25] [371/445] CPKT
[20:27:26] [372/445] CNWE
[20:27:27] [373/445] ECPP
[20:27:28] [374/445] CPAR
[20:27:29] [375/445] ESBW
[20:27:29] [376/445] PKPU
[20:27:30] [377/445] CPRP
[20:27:31] [378/445] RAHU
[20:27:32] [379/445] RHMN
[20:27:33] [380/445] FMJP
[20:27:34] [381/445] CTMP
[20:27:35] [382/445] INPN
[20:27:36] [383/445] STTG
[20:27:37] [384/445] CTRD
[20:27:37] [385/445] PUVB
[20:27:38] [386/445] ESVP
[20:27:39] [387/445] CPFT
[20:27:40] [388/445] LCPC
[20:27:40] [389/445] VBCT
[20:27:41] [390/445] FSCW
[20:27:42] [391/445] VCMP
[20:27:43] [392/445] ASHC
[20:27:44] [393/445] VLCX
[20:27:44] [394/445] SHEV
[20:27:45] [395/445] APCO
[20:27:46] [396/445] SILC
[20:27:48] [397/445] SNMR
[20:27:48] [398/445] KYBO
[20:27:49] [399/445] SATK
[20:27:50] [400/445] SSCS
[20:27:51] [401/445] CLSB
[20:27:52] [402/445] KMJR
[20:27:53] [403/445] FSCK
[20:27:54] [404/445] NNKA
[20:27:55] [405/445] CLMK
[20:27:56] [406/445] DMPZ
[20:27:57] [407/445] INQM
[20:27:58] [408/445] CAML
[20:27:59] [409/445] INRK
[20:28:00] [410/445] IMKN
[20:28:01] [411/445] SVNR
[20:28:02] [412/445] INSL
[20:28:03] [413/445] MSMA
[20:28:04] [414/445] MCKK
[20:28:05] [415/445] FCHP
[20:28:06] [416/445] SFCR
[20:28:07] [417/445] NACK
[20:28:08] [418/445] PVAK
[20:28:09] [419/445] INER
[20:28:09] [420/445] RDBK
[20:28:10] [421/445] SVFN
[20:28:11] [422/445] IFRM
[20:28:12] [423/445] ATCK
[20:28:13] [424/445] ASKO
[20:28:14] [425/445] STKT
[20:28:15] [426/445] SVFB
[20:28:16] [427/445] INKS
[20:28:16] [428/445] PCRA
[20:28:17] [429/445] ATJA
[20:28:18] [430/445] IMJN
[20:28:19] [431/445] INHD
[20:28:20] [432/445] BARA
[20:28:21] [433/445] MCSL
[20:28:21] [434/445] RTOY
[20:28:22] [435/445] MENO
[20:28:23] [436/445] PUDM
[20:28:24] [437/445] PRCN
[20:28:26] [438/445] JMJR
[20:28:27] [439/445] SSGK
[20:28:27] [440/445] SSRL
[20:28:29] [441/445] JYKL
[20:28:30] [442/445] ACNB
[20:28:31] [443/445] SONP
[20:28:32] [444/445] EMCI
[20:28:32] [445/445] MRJH
[20:28:33] 🧹 Deduping shows
[20:28:33] ✅ DONE | Shows=2872 | Movies=75
[20:32:57] 🚀 SCRIPT STARTED
[20:32:57] [1/445] TGMR
[20:32:57] 🧠 New identity created
[20:32:58] [2/445] CXKR
[20:32:59] [3/445] SROP
[20:33:00] [4/445] GTSV
[20:33:01] [5/445] SNTY
[20:33:02] [6/445] SMYY
[20:33:02] [7/445] CNCS
[20:33:03] [8/445] CSTM
[20:33:04] [9/445] NUCD
[20:33:05] [10/445] SHCZ
[20:33:06] [11/445] NJCT
[20:33:07] [12/445] COPC
[20:33:07] [13/445] STVV
[20:33:08] [14/445] SKRN
[20:33:09] [15/445] APPZ
[20:33:10] [16/445] YMGN
[20:33:11] [17/445] SVTU
[20:33:12] [18/445] GTAD
[20:33:13] [19/445] PSUS
[20:33:14] [20/445] SMCD
[20:33:15] [21/445] CMCM
[20:33:16] [22/445] SYCT
[20:33:17] [23/445] STLY
[20:33:18] [24/445] CMHU
[20:33:19] [25/445] CMSA
[20:33:20] [26/445] CLCU
[20:33:21] [27/445] PPNT
[20:33:22] [28/445] JTAB
[20:33:23] [29/445] BUUC
[20:33:23] [30/445] BSVK
[20:33:24] [31/445] VVVQ
[20:33:25] [32/445] TKMU
[20:33:26] [33/445] ESYL
[20:33:27] [34/445] ACHP
[20:33:28] [35/445] BTKD
[20:33:29] [36/445] DESA
[20:33:30] [37/445] GBCT
[20:33:30] [38/445] BLLD
[20:33:31] [39/445] SKNT
[20:33:32] [40/445] SSTE
[20:33:33] [41/445] VJMR
[20:33:34] [42/445] NTPU
[20:33:35] [43/445] RDKN
[20:33:36] [44/445] ADGC
[20:33:37] [45/445] VRBP
[20:33:37] [46/445] NMNA
[20:33:38] [47/445] CMMX
[20:33:39] [48/445] PTKO
[20:33:39] [49/445] RBML
[20:33:40] [50/445] SAIC
[20:33:41] [51/445] SVTJ
[20:33:42] [52/445] MRTE
[20:33:43] [53/445] RBTP
[20:33:43] [54/445] NLPS
[20:33:44] [55/445] GTNA
[20:33:46] [56/445] DGGC
[20:33:47] [57/445] SMCR
[20:33:47] [58/445] SCGD
[20:33:48] [59/445] SRRJ
[20:33:49] [60/445] CNRY
[20:33:50] [61/445] KTDI
[20:33:51] [62/445] SNJL
[20:33:51] [63/445] RKMD
[20:33:52] [64/445] SMDC
[20:33:53] [65/445] TADG
[20:33:54] [66/445] MCGS
[20:33:55] [67/445] PETK
[20:33:56] [68/445] CHAG
[20:33:57] [69/445] KSTL
[20:33:57] [70/445] AADS
[20:33:58] [71/445] NTHZ
[20:33:59] [72/445] HCKI
[20:34:00] [73/445] SSEF
[20:34:01] [74/445] MCGX
[20:34:02] [75/445] ERRA
[20:34:03] [76/445] SDTW
[20:34:04] [77/445] RMPK
[20:34:04] [78/445] PTHK
[20:34:06] [79/445] PXCS
[20:34:07] [80/445] SVLU
[20:34:07] [81/445] STAH
[20:34:08] [82/445] JRGF
[20:34:09] [83/445] CDOK
[20:34:10] [84/445] CMSG
[20:34:11] [85/445] APTD
[20:34:12] [86/445] KMPG
[20:34:14] [87/445] MUTJ
[20:34:15] [88/445] VCCI
[20:34:15] [89/445] URBE
[20:34:16] [90/445] TCTS
[20:34:17] [91/445] STSN
[20:34:18] [92/445] AKCH
[20:34:19] [93/445] APSC
[20:34:20] [94/445] VLTB
[20:34:21] [95/445] SANU
[20:34:21] [96/445] AXAM
[20:34:22] [97/445] MGMG
[20:34:23] [98/445] HTBY
[20:34:24] [99/445] MMZS
[20:34:25] [100/445] SUDR
[20:34:25] [101/445] CCAD
[20:34:27] [102/445] SKKC
[20:34:27] [103/445] RMCD
[20:34:29] [104/445] SBCQ
[20:34:30] [105/445] DCCT
[20:34:31] [106/445] VTKP
[20:34:32] [107/445] MLAM
[20:34:33] [108/445] SAVT
[20:34:34] [109/445] GEPL
[20:34:34] [110/445] AMCD
[20:34:35] [111/445] CCXR
[20:34:36] [112/445] GRNG
[20:34:37] [113/445] EBCA
[20:34:38] [114/445] CNVG
[20:34:39] [115/445] MWSS
[20:34:40] [116/445] VBOR
[20:34:41] [117/445] NEEB
[20:34:41] [118/445] SUTH
[20:34:42] [119/445] ANDB
[20:34:44] [120/445] MMXS
[20:34:45] [121/445] CNPD
[20:34:46] [122/445] SDCE
[20:34:47] [123/445] DHCB
[20:34:48] [124/445] ODEN
[20:34:49] [125/445] TNTC
[20:34:50] [126/445] VBKM
[20:34:51] [127/445] RZYM
[20:34:52] [128/445] JEMC
[20:34:53] [129/445] CMAU
[20:34:54] [130/445] SIVP
[20:34:55] [131/445] ATAG
[20:34:55] [132/445] CHTM
[20:34:56] [133/445] AAEE
[20:34:57] [134/445] IWPM
[20:34:58] [135/445] KCMW
[20:34:59] [136/445] MCTD
[20:35:00] [137/445] SPWR
[20:35:01] [138/445] SDPO
[20:35:02] [139/445] PCSK
[20:35:02] [140/445] ACHV
[20:35:03] [141/445] SVLA
[20:35:04] [142/445] PICT
[20:35:05] [143/445] BXDR
[20:35:05] [144/445] SPWA
[20:35:06] [145/445] MCKO
[20:35:07] [146/445] RTHK
[20:35:08] [147/445] CCMF
[20:35:09] [148/445] MRGB
[20:35:11] [149/445] CPLC
[20:35:12] [150/445] RACD
[20:35:13] [151/445] ATKT
[20:35:14] [152/445] SARN
[20:35:15] [153/445] KKUI
[20:35:16] [154/445] RGCM
[20:35:17] [155/445] BRVP
[20:35:18] [156/445] HRSR
[20:35:19] [157/445] GKGM
[20:35:19] [158/445] TTCD
[20:35:20] [159/445] PTTI
[20:35:22] [160/445] MPTT
[20:35:23] [161/445] CVTT
[20:35:23] [162/445] PCXD
[20:35:24] [163/445] GCDC
[20:35:25] [164/445] CCCF
[20:35:26] [165/445] MRAD
[20:35:27] [166/445] CPLK
[20:35:28] [167/445] SATB
[20:35:30] [168/445] SNVG
[20:35:31] [169/445] JMBA
[20:35:32] [170/445] TEJA
[20:35:33] [171/445] STYO
[20:35:35] [172/445] JTBP
[20:35:36] [173/445] KRGD
[20:35:36] [174/445] SLJJ
[20:35:37] [175/445] SPTJ
[20:35:38] [176/445] SWJG
[20:35:39] [177/445] LKRT
[20:35:40] [178/445] KCKA
[20:35:41] [179/445] SNCR
[20:35:42] [180/445] SMKL
[20:35:43] [181/445] GCFA
[20:35:44] [182/445] DDCK
[20:35:46] [183/445] NCHJ
[20:35:47] [184/445] RDMA
[20:35:48] [185/445] SVSV
[20:35:48] [186/445] SCJG
[20:35:49] [187/445] VKLP
[20:35:50] [188/445] NWCC
[20:35:52] [189/445] VKNS
[20:35:53] [190/445] SDDP
[20:35:55] [191/445] ACSI
[20:35:55] [192/445] SATG
[20:35:57] [193/445] SCMW
[20:35:57] [194/445] LKTK
[20:35:58] [195/445] VCKV
[20:35:59] [196/445] KKPE
[20:36:00] [197/445] KIGH
[20:36:01] [198/445] SRPM
[20:36:02] [199/445] SCAH
[20:36:03] [200/445] MUTA
[20:36:04] [201/445] SEPU
[20:36:05] [202/445] INOA
[20:36:06] [203/445] BASK
[20:36:07] [204/445] NECB
[20:36:08] [205/445] GTTG
[20:36:09] [206/445] ASSA
[20:36:09] [207/445] ANCL
[20:36:10] [208/445] GCTI
[20:36:11] [209/445] RCTS
[20:36:12] [210/445] ACNL
[20:36:14] [211/445] MYCT
[20:36:15] [212/445] NMHT
[20:36:16] [213/445] MDIT
[20:36:17] [214/445] LATG
[20:36:17] [215/445] SMTY
[20:36:18] [216/445] CVCT
[20:36:19] [217/445] RAMB
[20:36:20] [218/445] TGMS
[20:36:21] [219/445] BHEL
[20:36:22] [220/445] SHCT
[20:36:23] [221/445] SVCT
[20:36:24] [222/445] MRIY
[20:36:25] [223/445] SARO
[20:36:26] [224/445] STCT
[20:36:26] [225/445] JKKC
[20:36:27] [226/445] PLTT
[20:36:28] [227/445] SRNT
[20:36:29] [228/445] YAST
[20:36:30] [229/445] PERL
[20:36:31] [230/445] CICM
[20:36:32] [231/445] MMTR
[20:36:33] [232/445] ABTK
[20:36:34] [233/445] ATYY
[20:36:35] [234/445] ASTK
[20:36:36] [235/445] VVCK
[20:36:37] [236/445] ATKY
[20:36:38] [237/445] GWEK
[20:36:39] [238/445] SVFH
[20:36:40] [239/445] SLTA
[20:36:41] [240/445] AASH
[20:36:42] [241/445] ACXB
[20:36:43] [242/445] SMTX
[20:36:44] [243/445] AZDH
[20:36:45] [244/445] CMMH
[20:36:47] [245/445] SCSZ
[20:36:49] [246/445] SCKP
[20:36:50] [247/445] NXTM
[20:36:51] [248/445] NWCS
[20:36:52] [249/445] CXMH
[20:36:54] [250/445] PCMA
[20:36:55] [251/445] SGCM
[20:36:56] [252/445] SDTU
[20:36:57] [253/445] MMVI
[20:36:57] [254/445] JKCM
[20:36:58] [255/445] VCMM
[20:36:59] [256/445] SYEE
[20:37:00] [257/445] VASD
[20:37:01] [258/445] BDRB
[20:37:02] [259/445] LASM
[20:37:03] [260/445] DCRL
[20:37:04] [261/445] DVPM
[20:37:06] [262/445] SBMJ
[20:37:07] [263/445] CBMU
[20:37:08] [264/445] IUBS
[20:37:08] [265/445] INAP
[20:37:09] [266/445] SRRC
[20:37:10] [267/445] SAGR
[20:37:12] [268/445] CPMJ
[20:37:13] [269/445] ATJL
[20:37:14] [270/445] NNTD
[20:37:15] [271/445] JHCJ
[20:37:15] [272/445] CMMP
[20:37:16] [273/445] RSDR
[20:37:17] [274/445] AMTI
[20:37:18] [275/445] NYSG
[20:37:18] [276/445] AVSG
[20:37:19] [277/445] SYTP
[20:37:20] [278/445] LARC
[20:37:21] [279/445] RJTP
[20:37:22] [280/445] LAKC
[20:37:22] [281/445] MCXE
[20:37:23] [282/445] CCZC
[20:37:24] [283/445] AVCH
[20:37:25] [284/445] CMBE
[20:37:27] [285/445] MRRC
[20:37:27] [286/445] PCPY
[20:37:28] [287/445] SRMH
[20:37:29] [288/445] SVGS
[20:37:30] [289/445] PCSE
[20:37:30] [290/445] SVFT
[20:37:31] [291/445] TNZP
[20:37:33] [292/445] ICTP
[20:37:34] [293/445] ACTZ
[20:37:35] [294/445] GTUR
[20:37:36] [295/445] MAFC
[20:37:36] [296/445] MINL
[20:37:38] [297/445] MRCL
[20:37:39] [298/445] RCRP
[20:37:40] [299/445] RFFG
[20:37:41] [300/445] RMAS
[20:37:42] [301/445] INVR
[20:37:43] [302/445] RMAR
[20:37:44] [303/445] CNIS
[20:37:45] [304/445] RHRJ
[20:37:46] [305/445] INXR
[20:37:46] [306/445] VALT
[20:37:47] [307/445] LCSH
[20:37:48] [308/445] CMVS
[20:37:49] [309/445] CNMS
[20:37:50] [310/445] ROOG
[20:37:51] [311/445] ISRM
[20:37:53] [312/445] RCRM
[20:37:54] [313/445] ACJA
[20:37:55] [314/445] RCVS
[20:37:55] [315/445] CPUS
[20:37:56] [316/445] TGCS
[20:37:57] [317/445] RKCJ
[20:37:57] [318/445] MKSB
[20:37:58] [319/445] TCSJ
[20:37:59] [320/445] RMGP
[20:38:00] [321/445] CLLP
[20:38:01] [322/445] RCMV
[20:38:02] [323/445] CCKS
[20:38:02] [324/445] RSRP
[20:38:03] [325/445] APLP
[20:38:04] [326/445] CNVS
[20:38:06] [327/445] RMVY
[20:38:06] [328/445] PGBD
[20:38:07] [329/445] KLMS
[20:38:08] [330/445] RUST
[20:38:09] [331/445] MASM
[20:38:10] [332/445] BACS
[20:38:10] [333/445] BWST
[20:38:11] [334/445] RRFH
[20:38:12] [335/445] SJTM
[20:38:13] [336/445] BEMR
[20:38:15] [337/445] MCGR
[20:38:16] [338/445] SDSK
[20:38:16] [339/445] VBOL
[20:38:17] [340/445] RMGM
[20:38:18] [341/445] NOPL
[20:38:19] [342/445] MKJK
[20:38:20] [343/445] CVRN
[20:38:21] [344/445] MMEN
[20:38:21] [345/445] AMNG
[20:38:22] [346/445] INTM
[20:38:24] [347/445] SLCZ
[20:38:25] [348/445] AMJN
[20:38:26] [349/445] ACJN
[20:38:27] [350/445] AMKN
[20:38:28] [351/445] BTCN
[20:38:28] [352/445] AMBT
[20:38:29] [353/445] PACN
[20:38:30] [354/445] LCNS
[20:38:31] [355/445] PPKC
[20:38:32] [356/445] JYYN
[20:38:32] [357/445] JTNR
[20:38:33] [358/445] GTEE
[20:38:34] [359/445] SRNM
[20:38:35] [360/445] SDTC
[20:38:35] [361/445] VPCA
[20:38:36] [362/445] VLRA
[20:38:37] [363/445] SHKR
[20:38:38] [364/445] SBKD
[20:38:39] [365/445] SAAD
[20:38:40] [366/445] JTGN
[20:38:41] [367/445] SLAM
[20:38:43] [368/445] VTPM
[20:38:43] [369/445] ANPT
[20:38:44] [370/445] PUNB
[20:38:45] [371/445] CPKT
[20:38:46] [372/445] CNWE
[20:38:48] [373/445] ECPP
[20:38:49] [374/445] CPAR
[20:38:51] [375/445] ESBW
[20:38:52] [376/445] PKPU
[20:38:54] [377/445] CPRP
[20:38:55] [378/445] RAHU
[20:38:55] [379/445] RHMN
[20:38:56] [380/445] FMJP
[20:38:57] [381/445] CTMP
[20:38:58] [382/445] INPN
[20:39:00] [383/445] STTG
[20:39:01] [384/445] CTRD
[20:39:02] [385/445] PUVB
[20:39:03] [386/445] ESVP
[20:39:04] [387/445] CPFT
[20:39:06] [388/445] LCPC
[20:39:06] [389/445] VBCT
[20:39:07] [390/445] FSCW
[20:39:08] [391/445] VCMP
[20:39:10] [392/445] ASHC
[20:39:10] [393/445] VLCX
[20:39:12] [394/445] SHEV
[20:39:14] [395/445] APCO
[20:39:15] [396/445] SILC
[20:39:16] [397/445] SNMR
[20:39:17] [398/445] KYBO
[20:39:18] [399/445] SATK
[20:39:19] [400/445] SSCS
[20:39:20] [401/445] CLSB
[20:39:21] [402/445] KMJR
[20:39:21] [403/445] FSCK
[20:39:22] [404/445] NNKA
[20:39:23] [405/445] CLMK
[20:39:24] [406/445] DMPZ
[20:39:24] [407/445] INQM
[20:39:25] [408/445] CAML
[20:39:26] [409/445] INRK
[20:39:27] [410/445] IMKN
[20:39:27] [411/445] SVNR
[20:39:28] [412/445] INSL
[20:39:29] [413/445] MSMA
[20:39:30] [414/445] MCKK
[20:39:30] [415/445] FCHP
[20:39:31] [416/445] SFCR
[20:39:32] [417/445] NACK
[20:39:33] [418/445] PVAK
[20:39:34] [419/445] INER
[20:39:35] [420/445] RDBK
[20:39:36] [421/445] SVFN
[20:39:36] [422/445] IFRM
[20:39:37] [423/445] ATCK
[20:39:38] [424/445] ASKO
[20:39:39] [425/445] STKT
[20:39:41] [426/445] SVFB
[20:39:41] [427/445] INKS
[20:39:42] [428/445] PCRA
[20:39:43] [429/445] ATJA
[20:39:44] [430/445] IMJN
[20:39:44] [431/445] INHD
[20:39:45] [432/445] BARA
[20:39:46] [433/445] MCSL
[20:39:47] [434/445] RTOY
[20:39:48] [435/445] MENO
[20:39:48] [436/445] PUDM
[20:39:49] [437/445] PRCN
[20:39:50] [438/445] JMJR
[20:39:52] [439/445] SSGK
[20:39:53] [440/445] SSRL
[20:39:54] [441/445] JYKL
[20:39:55] [442/445] ACNB
[20:39:56] [443/445] SONP
[20:39:57] [444/445] EMCI
[20:39:58] [445/445] MRJH
[20:39:59] 🧹 Deduping shows
[20:39:59] ✅ DONE | Shows=2872 | Movies=75
[20:42:30] 🚀 SCRIPT STARTED
[20:42:30] [1/445] TGMR
[20:42:30] 🧠 New identity created
[20:42:31] [2/445] CXKR
[20:42:32] [3/445] SROP
[20:42:32] [4/445] GTSV
[20:42:33] [5/445] SNTY
[20:42:34] [6/445] SMYY
[20:42:35] [7/445] CNCS
[20:42:36] [8/445] CSTM
[20:42:38] [9/445] NUCD
[20:42:39] [10/445] SHCZ
[20:42:40] [11/445] NJCT
[20:42:41] [12/445] COPC
[20:42:41] [13/445] STVV
[20:42:42] [14/445] SKRN
[20:42:43] [15/445] APPZ
[20:42:44] [16/445] YMGN
[20:42:45] [17/445] SVTU
[20:42:46] [18/445] GTAD
[20:42:47] [19/445] PSUS
[20:42:48] [20/445] SMCD
[20:42:49] [21/445] CMCM
[20:42:49] [22/445] SYCT
[20:42:50] [23/445] STLY
[20:42:51] [24/445] CMHU
[20:42:52] [25/445] CMSA
[20:42:53] [26/445] CLCU
[20:42:53] [27/445] PPNT
[20:42:54] [28/445] JTAB
[20:42:55] [29/445] BUUC
[20:42:56] [30/445] BSVK
[20:42:57] [31/445] VVVQ
[20:42:58] [32/445] TKMU
[20:42:58] [33/445] ESYL
[20:42:59] [34/445] ACHP
[20:43:00] [35/445] BTKD
[20:43:01] [36/445] DESA
[20:43:02] [37/445] GBCT
[20:43:03] [38/445] BLLD
[20:43:05] [39/445] SKNT
[20:43:06] [40/445] SSTE
[20:43:07] [41/445] VJMR
[20:43:08] [42/445] NTPU
[20:43:09] [43/445] RDKN
[20:43:10] [44/445] ADGC
[20:43:11] [45/445] VRBP
[20:43:13] [46/445] NMNA
[20:43:13] [47/445] CMMX
[20:43:15] [48/445] PTKO
[20:43:16] [49/445] RBML
[20:43:17] [50/445] SAIC
[20:43:18] [51/445] SVTJ
[20:43:19] [52/445] MRTE
[20:43:20] [53/445] RBTP
[20:43:22] [54/445] NLPS
[20:43:23] [55/445] GTNA
[20:43:25] [56/445] DGGC
[20:43:25] [57/445] SMCR
[20:43:26] [58/445] SCGD
[20:43:27] [59/445] SRRJ
[20:43:28] [60/445] CNRY
[20:43:28] [61/445] KTDI
[20:43:29] [62/445] SNJL
[20:43:30] [63/445] RKMD
[20:43:31] [64/445] SMDC
[20:43:31] [65/445] TADG
[20:43:32] [66/445] MCGS
[20:43:33] [67/445] PETK
[20:43:34] [68/445] CHAG
[20:43:35] [69/445] KSTL
[20:43:36] [70/445] AADS
[20:43:36] [71/445] NTHZ
[20:43:37] [72/445] HCKI
[20:43:39] [73/445] SSEF
[20:43:40] [74/445] MCGX
[20:43:40] [75/445] ERRA
[20:43:41] [76/445] SDTW
[20:43:42] [77/445] RMPK
[20:43:44] [78/445] PTHK
[20:43:44] [79/445] PXCS
[20:43:45] [80/445] SVLU
[20:43:46] [81/445] STAH
[20:43:47] [82/445] JRGF
[20:43:48] [83/445] CDOK
[20:43:49] [84/445] CMSG
[20:43:51] [85/445] APTD
[20:43:51] [86/445] KMPG
[20:43:52] [87/445] MUTJ
[20:43:53] [88/445] VCCI
[20:43:54] [89/445] URBE
[20:43:55] [90/445] TCTS
[20:43:56] [91/445] STSN
[20:43:56] [92/445] AKCH
[20:43:57] [93/445] APSC
[20:43:58] [94/445] VLTB
[20:43:59] [95/445] SANU
[20:44:00] [96/445] AXAM
[20:44:00] [97/445] MGMG
[20:44:01] [98/445] HTBY
[20:44:02] [99/445] MMZS
[20:44:03] [100/445] SUDR
[20:44:03] [101/445] CCAD
[20:44:04] [102/445] SKKC
[20:44:06] [103/445] RMCD
[20:44:07] [104/445] SBCQ
[20:44:08] [105/445] DCCT
[20:44:09] [106/445] VTKP
[20:44:10] [107/445] MLAM
[20:44:11] [108/445] SAVT
[20:44:13] [109/445] GEPL
[20:44:14] [110/445] AMCD
[20:44:14] [111/445] CCXR
[20:44:15] [112/445] GRNG
[20:44:16] [113/445] EBCA
[20:44:17] [114/445] CNVG
[20:44:18] [115/445] MWSS
[20:44:19] [116/445] VBOR
[20:44:20] [117/445] NEEB
[20:44:21] [118/445] SUTH
[20:44:22] [119/445] ANDB
[20:44:23] [120/445] MMXS
[20:44:24] [121/445] CNPD
[20:44:25] [122/445] SDCE
[20:44:26] [123/445] DHCB
[20:44:27] [124/445] ODEN
[20:44:27] [125/445] TNTC
[20:44:29] [126/445] VBKM
[20:44:30] [127/445] RZYM
[20:44:30] [128/445] JEMC
[20:44:31] [129/445] CMAU
[20:44:32] [130/445] SIVP
[20:44:33] [131/445] ATAG
[20:44:34] [132/445] CHTM
[20:44:36] [133/445] AAEE
[20:44:38] [134/445] IWPM
[20:44:39] [135/445] KCMW
[20:44:40] [136/445] MCTD
[20:44:40] [137/445] SPWR
[20:44:41] [138/445] SDPO
[20:44:42] [139/445] PCSK
[20:44:43] [140/445] ACHV
[20:44:44] [141/445] SVLA
[20:44:45] [142/445] PICT
[20:44:45] [143/445] BXDR
[20:44:46] [144/445] SPWA
[20:44:47] [145/445] MCKO
[20:44:48] [146/445] RTHK
[20:44:49] [147/445] CCMF
[20:44:50] [148/445] MRGB
[20:44:50] [149/445] CPLC
[20:44:51] [150/445] RACD
[20:44:52] [151/445] ATKT
[20:44:53] [152/445] SARN
[20:44:54] [153/445] KKUI
[20:44:55] [154/445] RGCM
[20:44:55] [155/445] BRVP
[20:44:56] [156/445] HRSR
[20:44:57] [157/445] GKGM
[20:44:58] [158/445] TTCD
[20:44:59] [159/445] PTTI
[20:44:59] [160/445] MPTT
[20:45:00] [161/445] CVTT
[20:45:01] [162/445] PCXD
[20:45:03] [163/445] GCDC
[20:45:04] [164/445] CCCF
[20:45:05] [165/445] MRAD
[20:45:06] [166/445] CPLK
[20:45:06] [167/445] SATB
[20:45:07] [168/445] SNVG
[20:45:08] [169/445] JMBA
[20:45:09] [170/445] TEJA
[20:45:10] [171/445] STYO
[20:45:11] [172/445] JTBP
[20:45:12] [173/445] KRGD
[20:45:13] [174/445] SLJJ
[20:45:14] [175/445] SPTJ
[20:45:16] [176/445] SWJG
[20:45:17] [177/445] LKRT
[20:45:18] [178/445] KCKA
[20:45:19] [179/445] SNCR
[20:45:20] [180/445] SMKL
[20:45:21] [181/445] GCFA
[20:45:21] [182/445] DDCK
[20:45:22] [183/445] NCHJ
[20:45:23] [184/445] RDMA
[20:45:24] [185/445] SVSV
[20:45:25] [186/445] SCJG
[20:45:26] [187/445] VKLP
[20:45:27] [188/445] NWCC
[20:45:28] [189/445] VKNS
[20:45:29] [190/445] SDDP
[20:45:30] [191/445] ACSI
[20:45:31] [192/445] SATG
[20:45:32] [193/445] SCMW
[20:45:33] [194/445] LKTK
[20:45:33] [195/445] VCKV
[20:45:34] [196/445] KKPE
[20:45:35] [197/445] KIGH
[20:45:37] [198/445] SRPM
[20:45:38] [199/445] SCAH
[20:45:38] [200/445] MUTA
[20:45:39] [201/445] SEPU
[20:45:40] [202/445] INOA
[20:45:41] [203/445] BASK
[20:45:42] [204/445] NECB
[20:45:43] [205/445] GTTG
[20:45:44] [206/445] ASSA
[20:45:45] [207/445] ANCL
[20:45:46] [208/445] GCTI
[20:45:47] [209/445] RCTS
[20:45:48] [210/445] ACNL
[20:45:49] [211/445] MYCT
[20:45:50] [212/445] NMHT
[20:45:51] [213/445] MDIT
[20:45:52] [214/445] LATG
[20:45:53] [215/445] SMTY
[20:45:54] [216/445] CVCT
[20:45:55] [217/445] RAMB
[20:45:56] [218/445] TGMS
[20:45:57] [219/445] BHEL
[20:45:58] [220/445] SHCT
[20:45:59] [221/445] SVCT
[20:46:00] [222/445] MRIY
[20:46:01] [223/445] SARO
[20:46:02] [224/445] STCT
[20:46:03] [225/445] JKKC
[20:46:03] [226/445] PLTT
[20:46:04] [227/445] SRNT
[20:46:05] [228/445] YAST
[20:46:06] [229/445] PERL
[20:46:07] [230/445] CICM
[20:46:08] [231/445] MMTR
[20:46:10] [232/445] ABTK
[20:46:10] [233/445] ATYY
[20:46:11] [234/445] ASTK
[20:46:12] [235/445] VVCK
[20:46:13] [236/445] ATKY
[20:46:14] [237/445] GWEK
[20:46:14] [238/445] SVFH
[20:46:16] [239/445] SLTA
[20:46:17] [240/445] AASH
[20:46:18] [241/445] ACXB
[20:46:19] [242/445] SMTX
[20:46:19] [243/445] AZDH
[20:46:20] [244/445] CMMH
[20:46:21] [245/445] SCSZ
[20:46:22] [246/445] SCKP
[20:46:23] [247/445] NXTM
[20:46:23] [248/445] NWCS
[20:46:25] [249/445] CXMH
[20:46:26] [250/445] PCMA
[20:46:27] [251/445] SGCM
[20:46:28] [252/445] SDTU
[20:46:29] [253/445] MMVI
[20:46:29] [254/445] JKCM
[20:46:30] [255/445] VCMM
[20:46:32] [256/445] SYEE
[20:46:33] [257/445] VASD
[20:46:34] [258/445] BDRB
[20:46:35] [259/445] LASM
[20:46:36] [260/445] DCRL
[20:46:38] [261/445] DVPM
[20:46:40] [262/445] SBMJ
[20:46:40] [263/445] CBMU
[20:46:42] [264/445] IUBS
[20:46:43] [265/445] INAP
[20:46:44] [266/445] SRRC
[20:46:45] [267/445] SAGR
[20:46:46] [268/445] CPMJ
[20:46:48] [269/445] ATJL
[20:46:49] [270/445] NNTD
[20:46:49] [271/445] JHCJ
[20:46:50] [272/445] CMMP
[20:46:51] [273/445] RSDR
[20:46:52] [274/445] AMTI
[20:46:52] [275/445] NYSG
[20:46:53] [276/445] AVSG
[20:46:55] [277/445] SYTP
[20:46:55] [278/445] LARC
[20:46:56] [279/445] RJTP
[20:46:57] [280/445] LAKC
[20:46:58] [281/445] MCXE
[20:46:59] [282/445] CCZC
[20:47:00] [283/445] AVCH
[20:47:01] [284/445] CMBE
[20:47:02] [285/445] MRRC
[20:47:03] [286/445] PCPY
[20:47:04] [287/445] SRMH
[20:47:05] [288/445] SVGS
[20:47:06] [289/445] PCSE
[20:47:07] [290/445] SVFT
[20:47:08] [291/445] TNZP
[20:47:09] [292/445] ICTP
[20:47:10] [293/445] ACTZ
[20:47:11] [294/445] GTUR
[20:47:12] [295/445] MAFC
[20:47:13] [296/445] MINL
[20:47:14] [297/445] MRCL
[20:47:14] [298/445] RCRP
[20:47:15] [299/445] RFFG
[20:47:16] [300/445] RMAS
[20:47:17] [301/445] INVR
[20:47:18] [302/445] RMAR
[20:47:19] [303/445] CNIS
[20:47:20] [304/445] RHRJ
[20:47:20] [305/445] INXR
[20:47:21] [306/445] VALT
[20:47:23] [307/445] LCSH
[20:47:25] [308/445] CMVS
[20:47:26] [309/445] CNMS
[20:47:27] [310/445] ROOG
[20:47:28] [311/445] ISRM
[20:47:29] [312/445] RCRM
[20:47:29] [313/445] ACJA
[20:47:30] [314/445] RCVS
[20:47:31] [315/445] CPUS
[20:47:32] [316/445] TGCS
[20:47:33] [317/445] RKCJ
[20:47:35] [318/445] MKSB
[20:47:36] [319/445] TCSJ
[20:47:36] [320/445] RMGP
[20:47:37] [321/445] CLLP
[20:47:38] [322/445] RCMV
[20:47:39] [323/445] CCKS
[20:47:40] [324/445] RSRP
[20:47:41] [325/445] APLP
[20:47:42] [326/445] CNVS
[20:47:43] [327/445] RMVY
[20:47:44] [328/445] PGBD
[20:47:45] [329/445] KLMS
[20:47:45] [330/445] RUST
[20:47:46] [331/445] MASM
[20:47:47] [332/445] BACS
[20:47:48] [333/445] BWST
[20:47:48] [334/445] RRFH
[20:47:49] [335/445] SJTM
[20:47:50] [336/445] BEMR
[20:47:51] [337/445] MCGR
[20:47:52] [338/445] SDSK
[20:47:53] [339/445] VBOL
[20:47:53] [340/445] RMGM
[20:47:54] [341/445] NOPL
[20:47:55] [342/445] MKJK
[20:47:56] [343/445] CVRN
[20:47:56] [344/445] MMEN
[20:47:57] [345/445] AMNG
[20:47:58] [346/445] INTM
[20:47:59] [347/445] SLCZ
[20:48:00] [348/445] AMJN
[20:48:00] [349/445] ACJN
[20:48:01] [350/445] AMKN
[20:48:02] [351/445] BTCN
[20:48:03] [352/445] AMBT
[20:48:04] [353/445] PACN
[20:48:04] [354/445] LCNS
[20:48:05] [355/445] PPKC
[20:48:06] [356/445] JYYN
[20:48:07] [357/445] JTNR
[20:48:08] [358/445] GTEE
[20:48:09] [359/445] SRNM
[20:48:09] [360/445] SDTC
[20:48:10] [361/445] VPCA
[20:48:11] [362/445] VLRA
[20:48:12] [363/445] SHKR
[20:48:13] [364/445] SBKD
[20:48:14] [365/445] SAAD
[20:48:15] [366/445] JTGN
[20:48:15] [367/445] SLAM
[20:48:16] [368/445] VTPM
[20:48:17] [369/445] ANPT
[20:48:18] [370/445] PUNB
[20:48:19] [371/445] CPKT
[20:48:20] [372/445] CNWE
[20:48:21] [373/445] ECPP
[20:48:22] [374/445] CPAR
[20:48:23] [375/445] ESBW
[20:48:24] [376/445] PKPU
[20:48:24] [377/445] CPRP
[20:48:25] [378/445] RAHU
[20:48:26] [379/445] RHMN
[20:48:28] [380/445] FMJP
[20:48:29] [381/445] CTMP
[20:48:29] [382/445] INPN
[20:48:30] [383/445] STTG
[20:48:31] [384/445] CTRD
[20:48:32] [385/445] PUVB
[20:48:33] [386/445] ESVP
[20:48:34] [387/445] CPFT
[20:48:34] [388/445] LCPC
[20:48:35] [389/445] VBCT
[20:48:36] [390/445] FSCW
[20:48:37] [391/445] VCMP
[20:48:38] [392/445] ASHC
[20:48:38] [393/445] VLCX
[20:48:40] [394/445] SHEV
[20:48:41] [395/445] APCO
[20:48:42] [396/445] SILC
[20:48:43] [397/445] SNMR
[20:48:44] [398/445] KYBO
[20:48:44] [399/445] SATK
[20:48:46] [400/445] SSCS
[20:48:47] [401/445] CLSB
[20:48:49] [402/445] KMJR
[20:48:50] [403/445] FSCK
[20:48:51] [404/445] NNKA
[20:48:51] [405/445] CLMK
[20:48:52] [406/445] DMPZ
[20:48:54] [407/445] INQM
[20:48:56] [408/445] CAML
[20:48:56] [409/445] INRK
[20:48:57] [410/445] IMKN
[20:48:58] [411/445] SVNR
[20:49:00] [412/445] INSL
[20:49:02] [413/445] MSMA
[20:49:04] [414/445] MCKK
[20:49:04] [415/445] FCHP
[20:49:05] [416/445] SFCR
[20:49:06] [417/445] NACK
[20:49:08] [418/445] PVAK
[20:49:08] [419/445] INER
[20:49:09] [420/445] RDBK
[20:49:10] [421/445] SVFN
[20:49:11] [422/445] IFRM
[20:49:12] [423/445] ATCK
[20:49:13] [424/445] ASKO
[20:49:13] [425/445] STKT
[20:49:14] [426/445] SVFB
[20:49:16] [427/445] INKS
[20:49:17] [428/445] PCRA
[20:49:18] [429/445] ATJA
[20:49:19] [430/445] IMJN
[20:49:19] [431/445] INHD
[20:49:20] [432/445] BARA
[20:49:21] [433/445] MCSL
[20:49:22] [434/445] RTOY
[20:49:22] [435/445] MENO
[20:49:23] [436/445] PUDM
[20:49:24] [437/445] PRCN
[20:49:25] [438/445] JMJR
[20:49:26] [439/445] SSGK
[20:49:27] [440/445] SSRL
[20:49:28] [441/445] JYKL
[20:49:29] [442/445] ACNB
[20:49:31] [443/445] SONP
[20:49:31] [444/445] EMCI
[20:49:32] [445/445] MRJH
[20:49:33] 🧹 Deduping shows
[20:49:33] ✅ DONE | Shows=2872 | Movies=75
