[20:21:53] 🚀 SCRIPT STARTED
[20:21:53] [1/459] MBDC
[20:21:53] 🧠 New identity created
[20:21:54] [2/459] CHKM
[20:21:55] [3/459] JTKZ
[20:21:56] [4/459] CMCT
[20:21:56] [5/459] ASHO
[20:21:58] [6/459] ECDG
[20:21:59] [7/459] SPAT
[20:22:00] [8/459] HILC
[20:22:01] [9/459] SPPH
[20:22:01] [10/459] SBHN
[20:22:02] [11/459] RRCA
[20:22:03] [12/459] APAA
[20:22:05] [13/459] RAME
[20:22:06] [14/459] TMMS
[20:22:08] [15/459] BATK
[20:22:08] [16/459] LKOP
[20:22:09] [17/459] AMTT
[20:22:11] [18/459] PTGK
[20:22:12] [19/459] ANRS
[20:22:13] [20/459] VWBW
[20:22:13] [21/459] SVFG
[20:22:14] [22/459] STAT
[20:22:15] [23/459] GDCV
[20:22:16] [24/459] VEBI
[20:22:17] [25/459] VDSS
[20:22:18] [26/459] NTHV
[20:22:19] [27/459] AOCH
[20:22:21] [28/459] KASR
[20:22:22] [29/459] AYCS
[20:22:22] [30/459] SHAI
[20:22:23] [31/459] SKPE
[20:22:24] [32/459] SBTA
[20:22:25] [33/459] RTTD
[20:22:26] [34/459] CCJD
[20:22:26] [35/459] RSJJ
[20:22:27] [36/459] RKND
[20:22:28] [37/459] SVTX
[20:22:29] [38/459] BAKM
[20:22:30] [39/459] SVDC
[20:22:30] [40/459] MNCV
[20:22:31] [41/459] SJGC
[20:22:32] [42/459] MTPK
[20:22:33] [43/459] GATP
[20:22:34] [44/459] ABTS
[20:22:35] [45/459] ABDE
[20:22:35] [46/459] RCNM
[20:22:36] [47/459] KTHV
[20:22:37] [48/459] MDGJ
[20:22:39] [49/459] SMLM
[20:22:40] [50/459] JTMA
[20:22:41] [51/459] ACKP
[20:22:42] [52/459] SRTA
[20:22:43] [53/459] STAY
[20:22:44] [54/459] MAVO
[20:22:45] [55/459] APTS
[20:22:46] [56/459] OMEA
[20:22:47] [57/459] TTFD
[20:22:48] [58/459] MJCU
[20:22:49] [59/459] CXTE
[20:22:50] [60/459] CTPX
[20:22:50] [61/459] ASSL
[20:22:51] [62/459] CMVB
[20:22:52] [63/459] VPUR
[20:22:53] [64/459] JJDA
[20:22:53] [65/459] INBL
[20:22:54] [66/459] BIKB
[20:22:55] [67/459] NTBB
[20:22:56] [68/459] GLOB
[20:22:57] [69/459] SNTB
[20:22:57] [70/459] CHGV
[20:22:59] [71/459] SSBZ
[20:23:00] [72/459] PRDB
[20:23:00] [73/459] ISMT
[20:23:02] [74/459] MCSD
[20:23:03] [75/459] JBTT
[20:23:04] [76/459] GEKR
[20:23:05] [77/459] PVUN
[20:23:06] [78/459] NRTB
[20:23:06] [79/459] PRAA
[20:23:08] [80/459] PCBL
[20:23:09] [81/459] PTCM
[20:23:10] [82/459] KHNN
[20:23:11] [83/459] OMJE
[20:23:13] [84/459] STGN
[20:23:14] [85/459] RPMS
[20:23:14] [86/459] NWAD
[20:23:15] [87/459] BLCK
[20:23:16] [88/459] SVAA
[20:23:17] [89/459] URVM
[20:23:18] [90/459] ANTM
[20:23:19] [91/459] VJYM
[20:23:20] [92/459] MAZZ
[20:23:21] [93/459] CSHM
[20:23:22] [94/459] WGMH
[20:23:23] [95/459] SALN
[20:23:24] [96/459] BRTP
[20:23:25] [97/459] SVTA
[20:23:27] [98/459] SBTP
[20:23:28] [99/459] VLSS
[20:23:28] [100/459] SRJA
[20:23:29] [101/459] ANCG
[20:23:31] [102/459] CGGC
[20:23:33] [103/459] CRJA
[20:23:34] [104/459] USCR
[20:23:36] [105/459] MMEF
[20:23:37] [106/459] JCRJ
[20:23:37] [107/459] ADCM
[20:23:38] [108/459] BMYK
[20:23:39] [109/459] KICS
[20:23:40] [110/459] MBBT
[20:23:40] [111/459] MACK
[20:23:42] [112/459] CLDR
[20:23:43] [113/459] JYCR
[20:23:43] [114/459] DCRP
[20:23:44] [115/459] RAHT
[20:23:45] [116/459] CSSM
[20:23:46] [117/459] ATPK
[20:23:47] [118/459] KLRT
[20:23:48] [119/459] SRDD
[20:23:48] [120/459] CKMC
[20:23:49] [121/459] KRVM
[20:23:50] [122/459] AKCP
[20:23:51] [123/459] CNCV
[20:23:52] [124/459] PACT
[20:23:52] [125/459] NATP
[20:23:53] [126/459] PCPK
[20:23:54] [127/459] SMHO
[20:23:56] [128/459] CWTK
[20:23:57] [129/459] RVKZ
[20:23:58] [130/459] ASPD
[20:23:59] [131/459] VTKZ
[20:24:00] [132/459] LCSO
[20:24:01] [133/459] PRDY
[20:24:02] [134/459] RCAP
[20:24:03] [135/459] RGAR
[20:24:03] [136/459] RCAC
[20:24:04] [137/459] PMOD
[20:24:05] [138/459] PVCN
[20:24:06] [139/459] SCRZ
[20:24:06] [140/459] PVPC
[20:24:07] [141/459] STID
[20:24:08] [142/459] NEDD
[20:24:09] [143/459] BNBA
[20:24:09] [144/459] NTCD
[20:24:10] [145/459] OCDE
[20:24:11] [146/459] CCDU
[20:24:13] [147/459] CRXH
[20:24:14] [148/459] VLVT
[20:24:15] [149/459] CICI
[20:24:16] [150/459] SUCB
[20:24:16] [151/459] TCBP
[20:24:18] [152/459] SCCY
[20:24:18] [153/459] LXCY
[20:24:19] [154/459] NCMD
[20:24:20] [155/459] PHCS
[20:24:21] [156/459] DUXR
[20:24:22] [157/459] VNKS
[20:24:23] [158/459] SEDP
[20:24:23] [159/459] SVEN
[20:24:24] [160/459] SRKM
[20:24:25] [161/459] JTLT
[20:24:26] [162/459] SVSS
[20:24:27] [163/459] AMDE
[20:24:28] [164/459] WVRN
[20:24:29] [165/459] ISMG
[20:24:30] [166/459] WVKS
[20:24:31] [167/459] USCG
[20:24:31] [168/459] IOTG
[20:24:32] [169/459] RRJM
[20:24:33] [170/459] EDMP
[20:24:34] [171/459] SCGZ
[20:24:35] [172/459] GMGX
[20:24:36] [173/459] OMTP
[20:24:36] [174/459] MITD
[20:24:37] [175/459] SMMD
[20:24:38] [176/459] STML
[20:24:39] [177/459] MCFS
[20:24:40] [178/459] FPKA
[20:24:41] [179/459] OMLR
[20:24:42] [180/459] KKSC
[20:24:43] [181/459] RVMA
[20:24:44] [182/459] SCLL
[20:24:44] [183/459] SCDK
[20:24:45] [184/459] SXMI
[20:24:46] [185/459] SHDN
[20:24:47] [186/459] PAAD
[20:24:47] [187/459] UUCB
[20:24:48] [188/459] JHOL
[20:24:49] [189/459] SGWT
[20:24:50] [190/459] SRII
[20:24:51] [191/459] SGCK
[20:24:52] [192/459] SVVB
[20:24:53] [193/459] DMHA
[20:24:54] [194/459] PPNL
[20:24:54] [195/459] CPNL
[20:24:55] [196/459] WVLD
[20:24:57] [197/459] PSLV
[20:24:58] [198/459] VTTL
[20:24:59] [199/459] NPAD
[20:25:00] [200/459] PVCS
[20:25:01] [201/459] MCHL
[20:25:02] [202/459] PPLL
[20:25:02] [203/459] MALO
[20:25:03] [204/459] SWBH
[20:25:04] [205/459] PUGB
[20:25:05] [206/459] INBB
[20:25:06] [207/459] INNS
[20:25:07] [208/459] MCPT
[20:25:08] [209/459] SCMI
[20:25:08] [210/459] OCON
[20:25:09] [211/459] SCSM
[20:25:10] [212/459] RJVN
[20:25:11] [213/459] AMDK
[20:25:13] [214/459] ISMR
[20:25:13] [215/459] SMTD
[20:25:14] [216/459] VTDD
[20:25:15] [217/459] PDDZ
[20:25:16] [218/459] PCCK
[20:25:17] [219/459] INAM
[20:25:17] [220/459] FNKT
[20:25:18] [221/459] GDKA
[20:25:19] [222/459] MAYU
[20:25:20] [223/459] TCGU
[20:25:20] [224/459] KDCA
[20:25:21] [225/459] DOMY
[20:25:22] [226/459] PDDD
[20:25:23] [227/459] BJTS
[20:25:24] [228/459] VTCA
[20:25:25] [229/459] SBTM
[20:25:26] [230/459] SEET
[20:25:27] [231/459] SSTJ
[20:25:28] [232/459] SVNT
[20:25:29] [233/459] PPPR
[20:25:29] [234/459] PVYS
[20:25:30] [235/459] IOSE
[20:25:31] [236/459] ACTV
[20:25:32] [237/459] APVE
[20:25:33] [238/459] TCCL
[20:25:34] [239/459] SCMO
[20:25:34] [240/459] SAUM
[20:25:35] [241/459] KCJS
[20:25:36] [242/459] NJCJ
[20:25:37] [243/459] NECF
[20:25:38] [244/459] CCGW
[20:25:39] [245/459] CCMG
[20:25:40] [246/459] NYRG
[20:25:41] [247/459] NCSQ
[20:25:41] [248/459] GRCG
[20:25:42] [249/459] CCBT
[20:25:43] [250/459] ACGA
[20:25:44] [251/459] INAG
[20:25:45] [252/459] FUCG
[20:25:46] [253/459] AICF
[20:25:47] [254/459] GRGA
[20:25:48] [255/459] GDCN
[20:25:49] [256/459] RRCG
[20:25:50] [257/459] SDCH
[20:25:51] [258/459] WVJM
[20:25:51] [259/459] JCCZ
[20:25:52] [260/459] CNCL
[20:25:53] [261/459] TMLV
[20:25:55] [262/459] MEMB
[20:25:56] [263/459] SGTD
[20:25:56] [264/459] CONX
[20:25:57] [265/459] CCMH
[20:25:58] [266/459] ACMC
[20:25:59] [267/459] DTPD
[20:26:00] [268/459] POJA
[20:26:01] [269/459] FNBH
[20:26:02] [270/459] CGCB
[20:26:03] [271/459] RACN
[20:26:03] [272/459] JTSM
[20:26:04] [273/459] SCDN
[20:26:05] [274/459] AACK
[20:26:06] [275/459] RMCE
[20:26:06] [276/459] BSGB
[20:26:07] [277/459] MRCB
[20:26:08] [278/459] SRVR
[20:26:09] [279/459] VTKK
[20:26:10] [280/459] AMST
[20:26:11] [281/459] APCY
[20:26:12] [282/459] LMHO
[20:26:13] [283/459] MTZH
[20:26:14] [284/459] AMZB
[20:26:15] [285/459] SUVT
[20:26:16] [286/459] RCIP
[20:26:17] [287/459] KESR
[20:26:17] [288/459] SNKC
[20:26:18] [289/459] SCED
[20:26:19] [290/459] DVCA
[20:26:20] [291/459] VCDT
[20:26:20] [292/459] RRDI
[20:26:21] [293/459] DFCH
[20:26:22] [294/459] INSC
[20:26:23] [295/459] RGTR
[20:26:23] [296/459] FMOT
[20:26:24] [297/459] SCPM
[20:26:25] [298/459] GCDT
[20:26:26] [299/459] BRKT
[20:26:27] [300/459] DEMP
[20:26:27] [301/459] SRLC
[20:26:28] [302/459] KSTT
[20:26:29] [303/459] SMMT
[20:26:30] [304/459] SILM
[20:26:31] [305/459] JCVM
[20:26:31] [306/459] KCSV
[20:26:32] [307/459] MHLK
[20:26:33] [308/459] SLVL
[20:26:34] [309/459] RJKP
[20:26:35] [310/459] BBPC
[20:26:36] [311/459] MXCB
[20:26:37] [312/459] TCPK
[20:26:38] [313/459] RTBR
[20:26:39] [314/459] GAUT
[20:26:39] [315/459] DVCF
[20:26:40] [316/459] JTSB
[20:26:41] [317/459] SBLS
[20:26:42] [318/459] UDAY
[20:26:42] [319/459] PTNP
[20:26:44] [320/459] DMKT
[20:26:45] [321/459] NTDT
[20:26:46] [322/459] SHDJ
[20:26:47] [323/459] OTNC
[20:26:48] [324/459] RNTW
[20:26:49] [325/459] GCMI
[20:26:50] [326/459] CRCM
[20:26:51] [327/459] NNCZ
[20:26:52] [328/459] OEMO
[20:26:53] [329/459] PVJM
[20:26:54] [330/459] CPJI
[20:26:55] [331/459] RMCJ
[20:26:55] [332/459] CNWJ
[20:26:56] [333/459] EPJM
[20:26:57] [334/459] FNJJ
[20:26:59] [335/459] GCMJ
[20:27:00] [336/459] INPS
[20:27:01] [337/459] BICJ
[20:27:02] [338/459] ISTJ
[20:27:03] [339/459] INJC
[20:27:04] [340/459] GLXJ
[20:27:05] [341/459] INEM
[20:27:07] [342/459] JTMN
[20:27:08] [343/459] FRCJ
[20:27:08] [344/459] DDJP
[20:27:09] [345/459] INJV
[20:27:10] [346/459] GOLC
[20:27:12] [347/459] KOCI
[20:27:13] [348/459] FSTD
[20:27:14] [349/459] PACJ
[20:27:14] [350/459] GMCN
[20:27:15] [351/459] MMDJ
[20:27:16] [352/459] GODH
[20:27:17] [353/459] SKYN
[20:27:18] [354/459] NCTH
[20:27:19] [355/459] SKVZ
[20:27:20] [356/459] SVML
[20:27:20] [357/459] ACVZ
[20:27:21] [358/459] SURA
[20:27:22] [359/459] RTRB
[20:27:23] [360/459] LLCT
[20:27:23] [361/459] ATTS
[20:27:24] [362/459] JYCM
[20:27:26] [363/459] CTKR
[20:27:27] [364/459] LCKR
[20:27:29] [365/459] NYCV
[20:27:30] [366/459] NYOH
[20:27:31] [367/459] NOVX
[20:27:31] [368/459] MRGK
[20:27:32] [369/459] MOON
[20:27:33] [370/459] SBUC
[20:27:34] [371/459] GSVA
[20:27:35] [372/459] VIAK
[20:27:36] [373/459] SMVZ
[20:27:37] [374/459] MATE
[20:27:38] [375/459] RDCN
[20:27:39] [376/459] ASBL
[20:27:40] [377/459] ASVS
[20:27:41] [378/459] ASSR
[20:27:42] [379/459] SSKN
[20:27:43] [380/459] DRPV
[20:27:43] [381/459] MRHT
[20:27:45] [382/459] BSCN
[20:27:46] [383/459] RKNX
[20:27:46] [384/459] MSMC
[20:27:47] [385/459] MSCJ
[20:27:48] [386/459] BTBJ
[20:27:49] [387/459] MJCC
[20:27:50] [388/459] IOMM
[20:27:51] [389/459] ADGR
[20:27:52] [390/459] MYCP
[20:27:53] [391/459] IGCM
[20:27:54] [392/459] PGRK
[20:27:54] [393/459] VPGO
[20:27:56] [394/459] KOMS
[20:27:57] [395/459] URGG
[20:27:59] [396/459] GOST
[20:28:00] [397/459] LACT
[20:28:00] [398/459] BWCM
[20:28:02] [399/459] NCCW
[20:28:03] [400/459] SKYC
[20:28:04] [401/459] CCPM
[20:28:05] [402/459] VCBT
[20:28:06] [403/459] SDKR
[20:28:07] [404/459] CTYB
[20:28:07] [405/459] SHCX
[20:28:09] [406/459] RCUN
[20:28:10] [407/459] CNRA
[20:28:10] [408/459] RFCA
[20:28:11] [409/459] RDCU
[20:28:12] [410/459] SARK
[20:28:13] [411/459] SPPP
[20:28:14] [412/459] ADMB
[20:28:15] [413/459] JYOE
[20:28:16] [414/459] SRMD
[20:28:17] [415/459] RJDH
[20:28:18] [416/459] SSTD
[20:28:19] [417/459] AACV
[20:28:20] [418/459] PPVD
[20:28:21] [419/459] STCP
[20:28:21] [420/459] ANJR
[20:28:22] [421/459] ANLS
[20:28:23] [422/459] BIJO
[20:28:24] [423/459] AVAB
[20:28:26] [424/459] SPMD
[20:28:26] [425/459] SVJL
[20:28:27] [426/459] SDDJ
[20:28:28] [427/459] SLTU
[20:28:29] [428/459] SAKA
[20:28:29] [429/459] PMAM
[20:28:30] [430/459] FNAM
[20:28:31] [431/459] ACAM
[20:28:32] [432/459] SCMM
[20:28:32] [433/459] PMAK
[20:28:33] [434/459] NYSA
[20:28:34] [435/459] FCPA
[20:28:35] [436/459] GDAN
[20:28:35] [437/459] RSCA
[20:28:36] [438/459] DMAN
[20:28:37] [439/459] DZCM
[20:28:38] [440/459] NSGL
[20:28:39] [441/459] CCPP
[20:28:40] [442/459] PSMG
[20:28:40] [443/459] GSER
[20:28:41] [444/459] FCCT
[20:28:42] [445/459] FCTB
[20:28:43] [446/459] LCNK
[20:28:44] [447/459] SKTY
[20:28:45] [448/459] INAA
[20:28:46] [449/459] RCWN
[20:28:46] [450/459] VAIS
[20:28:47] [451/459] CVMN
[20:28:48] [452/459] INTS
[20:28:49] [453/459] FRGS
[20:28:50] [454/459] DTCK
[20:28:50] [455/459] MCMH
[20:28:51] [456/459] ECRR
[20:28:52] [457/459] RLLP
[20:28:53] [458/459] CCSN
[20:28:54] [459/459] CCBA
[20:28:55] 🧹 Deduping shows
[20:28:55] ✅ DONE | Shows=2697 | Movies=69
[20:32:37] 🚀 SCRIPT STARTED
[20:32:37] [1/459] MBDC
[20:32:37] 🧠 New identity created
[20:32:39] [2/459] CHKM
[20:32:40] [3/459] JTKZ
[20:32:41] [4/459] CMCT
[20:32:41] [5/459] ASHO
[20:32:42] [6/459] ECDG
[20:32:43] [7/459] SPAT
[20:32:44] [8/459] HILC
[20:32:45] [9/459] SPPH
[20:32:46] [10/459] SBHN
[20:32:46] [11/459] RRCA
[20:32:47] [12/459] APAA
[20:32:48] [13/459] RAME
[20:32:49] [14/459] TMMS
[20:32:50] [15/459] BATK
[20:32:52] [16/459] LKOP
[20:32:53] [17/459] AMTT
[20:32:54] [18/459] PTGK
[20:32:54] [19/459] ANRS
[20:32:55] [20/459] VWBW
[20:32:56] [21/459] SVFG
[20:32:57] [22/459] STAT
[20:32:58] [23/459] GDCV
[20:32:59] [24/459] VEBI
[20:32:59] [25/459] VDSS
[20:33:00] [26/459] NTHV
[20:33:01] [27/459] AOCH
[20:33:02] [28/459] KASR
[20:33:03] [29/459] AYCS
[20:33:04] [30/459] SHAI
[20:33:06] [31/459] SKPE
[20:33:07] [32/459] SBTA
[20:33:08] [33/459] RTTD
[20:33:08] [34/459] CCJD
[20:33:09] [35/459] RSJJ
[20:33:10] [36/459] RKND
[20:33:11] [37/459] SVTX
[20:33:11] [38/459] BAKM
[20:33:12] [39/459] SVDC
[20:33:14] [40/459] MNCV
[20:33:15] [41/459] SJGC
[20:33:16] [42/459] MTPK
[20:33:17] [43/459] GATP
[20:33:18] [44/459] ABTS
[20:33:19] [45/459] ABDE
[20:33:19] [46/459] RCNM
[20:33:20] [47/459] KTHV
[20:33:21] [48/459] MDGJ
[20:33:22] [49/459] SMLM
[20:33:23] [50/459] JTMA
[20:33:23] [51/459] ACKP
[20:33:25] [52/459] SRTA
[20:33:26] [53/459] STAY
[20:33:27] [54/459] MAVO
[20:33:27] [55/459] APTS
[20:33:28] [56/459] OMEA
[20:33:30] [57/459] TTFD
[20:33:31] [58/459] MJCU
[20:33:32] [59/459] CXTE
[20:33:33] [60/459] CTPX
[20:33:33] [61/459] ASSL
[20:33:34] [62/459] CMVB
[20:33:35] [63/459] VPUR
[20:33:36] [64/459] JJDA
[20:33:37] [65/459] INBL
[20:33:37] [66/459] BIKB
[20:33:38] [67/459] NTBB
[20:33:39] [68/459] GLOB
[20:33:40] [69/459] SNTB
[20:33:41] [70/459] CHGV
[20:33:42] [71/459] SSBZ
[20:33:44] [72/459] PRDB
[20:33:45] [73/459] ISMT
[20:33:45] [74/459] MCSD
[20:33:46] [75/459] JBTT
[20:33:47] [76/459] GEKR
[20:33:48] [77/459] PVUN
[20:33:50] [78/459] NRTB
[20:33:51] [79/459] PRAA
[20:33:52] [80/459] PCBL
[20:33:52] [81/459] PTCM
[20:33:53] [82/459] KHNN
[20:33:54] [83/459] OMJE
[20:33:55] [84/459] STGN
[20:33:56] [85/459] RPMS
[20:33:57] [86/459] NWAD
[20:33:57] [87/459] BLCK
[20:33:59] [88/459] SVAA
[20:34:00] [89/459] URVM
[20:34:00] [90/459] ANTM
[20:34:01] [91/459] VJYM
[20:34:02] [92/459] MAZZ
[20:34:03] [93/459] CSHM
[20:34:04] [94/459] WGMH
[20:34:04] [95/459] SALN
[20:34:05] [96/459] BRTP
[20:34:06] [97/459] SVTA
[20:34:07] [98/459] SBTP
[20:34:08] [99/459] VLSS
[20:34:09] [100/459] SRJA
[20:34:10] [101/459] ANCG
[20:34:11] [102/459] CGGC
[20:34:12] [103/459] CRJA
[20:34:13] [104/459] USCR
[20:34:14] [105/459] MMEF
[20:34:15] [106/459] JCRJ
[20:34:15] [107/459] ADCM
[20:34:16] [108/459] BMYK
[20:34:17] [109/459] KICS
[20:34:19] [110/459] MBBT
[20:34:19] [111/459] MACK
[20:34:20] [112/459] CLDR
[20:34:21] [113/459] JYCR
[20:34:22] [114/459] DCRP
[20:34:22] [115/459] RAHT
[20:34:23] [116/459] CSSM
[20:34:24] [117/459] ATPK
[20:34:25] [118/459] KLRT
[20:34:26] [119/459] SRDD
[20:34:27] [120/459] CKMC
[20:34:28] [121/459] KRVM
[20:34:29] [122/459] AKCP
[20:34:30] [123/459] CNCV
[20:34:31] [124/459] PACT
[20:34:32] [125/459] NATP
[20:34:33] [126/459] PCPK
[20:34:34] [127/459] SMHO
[20:34:35] [128/459] CWTK
[20:34:36] [129/459] RVKZ
[20:34:37] [130/459] ASPD
[20:34:38] [131/459] VTKZ
[20:34:39] [132/459] LCSO
[20:34:41] [133/459] PRDY
[20:34:41] [134/459] RCAP
[20:34:42] [135/459] RGAR
[20:34:43] [136/459] RCAC
[20:34:44] [137/459] PMOD
[20:34:45] [138/459] PVCN
[20:34:45] [139/459] SCRZ
[20:34:46] [140/459] PVPC
[20:34:47] [141/459] STID
[20:34:49] [142/459] NEDD
[20:34:50] [143/459] BNBA
[20:34:51] [144/459] NTCD
[20:34:52] [145/459] OCDE
[20:34:53] [146/459] CCDU
[20:34:54] [147/459] CRXH
[20:34:55] [148/459] VLVT
[20:34:56] [149/459] CICI
[20:34:57] [150/459] SUCB
[20:34:58] [151/459] TCBP
[20:35:00] [152/459] SCCY
[20:35:01] [153/459] LXCY
[20:35:01] [154/459] NCMD
[20:35:02] [155/459] PHCS
[20:35:03] [156/459] DUXR
[20:35:04] [157/459] VNKS
[20:35:05] [158/459] SEDP
[20:35:06] [159/459] SVEN
[20:35:07] [160/459] SRKM
[20:35:07] [161/459] JTLT
[20:35:08] [162/459] SVSS
[20:35:09] [163/459] AMDE
[20:35:10] [164/459] WVRN
[20:35:11] [165/459] ISMG
[20:35:12] [166/459] WVKS
[20:35:13] [167/459] USCG
[20:35:13] [168/459] IOTG
[20:35:14] [169/459] RRJM
[20:35:15] [170/459] EDMP
[20:35:16] [171/459] SCGZ
[20:35:17] [172/459] GMGX
[20:35:18] [173/459] OMTP
[20:35:18] [174/459] MITD
[20:35:19] [175/459] SMMD
[20:35:20] [176/459] STML
[20:35:21] [177/459] MCFS
[20:35:22] [178/459] FPKA
[20:35:23] [179/459] OMLR
[20:35:23] [180/459] KKSC
[20:35:24] [181/459] RVMA
[20:35:25] [182/459] SCLL
[20:35:26] [183/459] SCDK
[20:35:28] [184/459] SXMI
[20:35:29] [185/459] SHDN
[20:35:29] [186/459] PAAD
[20:35:30] [187/459] UUCB
[20:35:31] [188/459] JHOL
[20:35:32] [189/459] SGWT
[20:35:33] [190/459] SRII
[20:35:34] [191/459] SGCK
[20:35:35] [192/459] SVVB
[20:35:36] [193/459] DMHA
[20:35:37] [194/459] PPNL
[20:35:38] [195/459] CPNL
[20:35:39] [196/459] WVLD
[20:35:39] [197/459] PSLV
[20:35:40] [198/459] VTTL
[20:35:41] [199/459] NPAD
[20:35:42] [200/459] PVCS
[20:35:43] [201/459] MCHL
[20:35:44] [202/459] PPLL
[20:35:45] [203/459] MALO
[20:35:45] [204/459] SWBH
[20:35:46] [205/459] PUGB
[20:35:47] [206/459] INBB
[20:35:48] [207/459] INNS
[20:35:48] [208/459] MCPT
[20:35:50] [209/459] SCMI
[20:35:51] [210/459] OCON
[20:35:52] [211/459] SCSM
[20:35:53] [212/459] RJVN
[20:35:54] [213/459] AMDK
[20:35:55] [214/459] ISMR
[20:35:56] [215/459] SMTD
[20:35:57] [216/459] VTDD
[20:35:57] [217/459] PDDZ
[20:35:58] [218/459] PCCK
[20:35:59] [219/459] INAM
[20:36:00] [220/459] FNKT
[20:36:01] [221/459] GDKA
[20:36:02] [222/459] MAYU
[20:36:03] [223/459] TCGU
[20:36:04] [224/459] KDCA
[20:36:04] [225/459] DOMY
[20:36:05] [226/459] PDDD
[20:36:06] [227/459] BJTS
[20:36:07] [228/459] VTCA
[20:36:08] [229/459] SBTM
[20:36:09] [230/459] SEET
[20:36:09] [231/459] SSTJ
[20:36:10] [232/459] SVNT
[20:36:11] [233/459] PPPR
[20:36:13] [234/459] PVYS
[20:36:14] [235/459] IOSE
[20:36:15] [236/459] ACTV
[20:36:16] [237/459] APVE
[20:36:17] [238/459] TCCL
[20:36:18] [239/459] SCMO
[20:36:19] [240/459] SAUM
[20:36:20] [241/459] KCJS
[20:36:22] [242/459] NJCJ
[20:36:23] [243/459] NECF
[20:36:24] [244/459] CCGW
[20:36:24] [245/459] CCMG
[20:36:25] [246/459] NYRG
[20:36:26] [247/459] NCSQ
[20:36:27] [248/459] GRCG
[20:36:29] [249/459] CCBT
[20:36:29] [250/459] ACGA
[20:36:30] [251/459] INAG
[20:36:31] [252/459] FUCG
[20:36:33] [253/459] AICF
[20:36:33] [254/459] GRGA
[20:36:34] [255/459] GDCN
[20:36:35] [256/459] RRCG
[20:36:36] [257/459] SDCH
[20:36:37] [258/459] WVJM
[20:36:38] [259/459] JCCZ
[20:36:39] [260/459] CNCL
[20:36:40] [261/459] TMLV
[20:36:40] [262/459] MEMB
[20:36:41] [263/459] SGTD
[20:36:42] [264/459] CONX
[20:36:43] [265/459] CCMH
[20:36:43] [266/459] ACMC
[20:36:44] [267/459] DTPD
[20:36:45] [268/459] POJA
[20:36:46] [269/459] FNBH
[20:36:47] [270/459] CGCB
[20:36:48] [271/459] RACN
[20:36:49] [272/459] JTSM
[20:36:50] [273/459] SCDN
[20:36:51] [274/459] AACK
[20:36:51] [275/459] RMCE
[20:36:52] [276/459] BSGB
[20:36:54] [277/459] MRCB
[20:36:55] [278/459] SRVR
[20:36:55] [279/459] VTKK
[20:36:56] [280/459] AMST
[20:36:57] [281/459] APCY
[20:36:58] [282/459] LMHO
[20:36:59] [283/459] MTZH
[20:36:59] [284/459] AMZB
[20:37:00] [285/459] SUVT
[20:37:01] [286/459] RCIP
[20:37:02] [287/459] KESR
[20:37:02] [288/459] SNKC
[20:37:03] [289/459] SCED
[20:37:04] [290/459] DVCA
[20:37:05] [291/459] VCDT
[20:37:06] [292/459] RRDI
[20:37:07] [293/459] DFCH
[20:37:08] [294/459] INSC
[20:37:09] [295/459] RGTR
[20:37:10] [296/459] FMOT
[20:37:11] [297/459] SCPM
[20:37:12] [298/459] GCDT
[20:37:14] [299/459] BRKT
[20:37:14] [300/459] DEMP
[20:37:16] [301/459] SRLC
[20:37:17] [302/459] KSTT
[20:37:17] [303/459] SMMT
[20:37:18] [304/459] SILM
[20:37:19] [305/459] JCVM
[20:37:20] [306/459] KCSV
[20:37:21] [307/459] MHLK
[20:37:22] [308/459] SLVL
[20:37:23] [309/459] RJKP
[20:37:24] [310/459] BBPC
[20:37:26] [311/459] MXCB
[20:37:26] [312/459] TCPK
[20:37:27] [313/459] RTBR
[20:37:28] [314/459] GAUT
[20:37:29] [315/459] DVCF
[20:37:30] [316/459] JTSB
[20:37:31] [317/459] SBLS
[20:37:31] [318/459] UDAY
[20:37:32] [319/459] PTNP
[20:37:33] [320/459] DMKT
[20:37:34] [321/459] NTDT
[20:37:35] [322/459] SHDJ
[20:37:36] [323/459] OTNC
[20:37:37] [324/459] RNTW
[20:37:38] [325/459] GCMI
[20:37:39] [326/459] CRCM
[20:37:39] [327/459] NNCZ
[20:37:40] [328/459] OEMO
[20:37:42] [329/459] PVJM
[20:37:43] [330/459] CPJI
[20:37:43] [331/459] RMCJ
[20:37:44] [332/459] CNWJ
[20:37:45] [333/459] EPJM
[20:37:46] [334/459] FNJJ
[20:37:47] [335/459] GCMJ
[20:37:47] [336/459] INPS
[20:37:49] [337/459] BICJ
[20:37:50] [338/459] ISTJ
[20:37:51] [339/459] INJC
[20:37:52] [340/459] GLXJ
[20:37:53] [341/459] INEM
[20:37:54] [342/459] JTMN
[20:37:54] [343/459] FRCJ
[20:37:55] [344/459] DDJP
[20:37:56] [345/459] INJV
[20:37:57] [346/459] GOLC
[20:37:58] [347/459] KOCI
[20:37:58] [348/459] FSTD
[20:37:59] [349/459] PACJ
[20:38:00] [350/459] GMCN
[20:38:01] [351/459] MMDJ
[20:38:02] [352/459] GODH
[20:38:03] [353/459] SKYN
[20:38:04] [354/459] NCTH
[20:38:05] [355/459] SKVZ
[20:38:06] [356/459] SVML
[20:38:07] [357/459] ACVZ
[20:38:08] [358/459] SURA
[20:38:09] [359/459] RTRB
[20:38:10] [360/459] LLCT
[20:38:11] [361/459] ATTS
[20:38:12] [362/459] JYCM
[20:38:12] [363/459] CTKR
[20:38:13] [364/459] LCKR
[20:38:14] [365/459] NYCV
[20:38:15] [366/459] NYOH
[20:38:16] [367/459] NOVX
[20:38:16] [368/459] MRGK
[20:38:17] [369/459] MOON
[20:38:18] [370/459] SBUC
[20:38:18] [371/459] GSVA
[20:38:19] [372/459] VIAK
[20:38:20] [373/459] SMVZ
[20:38:21] [374/459] MATE
[20:38:22] [375/459] RDCN
[20:38:23] [376/459] ASBL
[20:38:23] [377/459] ASVS
[20:38:25] [378/459] ASSR
[20:38:26] [379/459] SSKN
[20:38:27] [380/459] DRPV
[20:38:28] [381/459] MRHT
[20:38:29] [382/459] BSCN
[20:38:30] [383/459] RKNX
[20:38:31] [384/459] MSMC
[20:38:31] [385/459] MSCJ
[20:38:33] [386/459] BTBJ
[20:38:35] [387/459] MJCC
[20:38:36] [388/459] IOMM
[20:38:37] [389/459] ADGR
[20:38:38] [390/459] MYCP
[20:38:39] [391/459] IGCM
[20:38:39] [392/459] PGRK
[20:38:40] [393/459] VPGO
[20:38:41] [394/459] KOMS
[20:38:43] [395/459] URGG
[20:38:44] [396/459] GOST
[20:38:45] [397/459] LACT
[20:38:46] [398/459] BWCM
[20:38:46] [399/459] NCCW
[20:38:47] [400/459] SKYC
[20:38:48] [401/459] CCPM
[20:38:49] [402/459] VCBT
[20:38:50] [403/459] SDKR
[20:38:51] [404/459] CTYB
[20:38:52] [405/459] SHCX
[20:38:53] [406/459] RCUN
[20:38:54] [407/459] CNRA
[20:38:55] [408/459] RFCA
[20:38:56] [409/459] RDCU
[20:38:56] [410/459] SARK
[20:38:57] [411/459] SPPP
[20:38:58] [412/459] ADMB
[20:38:59] [413/459] JYOE
[20:39:01] [414/459] SRMD
[20:39:01] [415/459] RJDH
[20:39:02] [416/459] SSTD
[20:39:03] [417/459] AACV
[20:39:04] [418/459] PPVD
[20:39:05] [419/459] STCP
[20:39:06] [420/459] ANJR
[20:39:07] [421/459] ANLS
[20:39:08] [422/459] BIJO
[20:39:09] [423/459] AVAB
[20:39:10] [424/459] SPMD
[20:39:11] [425/459] SVJL
[20:39:12] [426/459] SDDJ
[20:39:12] [427/459] SLTU
[20:39:13] [428/459] SAKA
[20:39:14] [429/459] PMAM
[20:39:15] [430/459] FNAM
[20:39:15] [431/459] ACAM
[20:39:16] [432/459] SCMM
[20:39:17] [433/459] PMAK
[20:39:18] [434/459] NYSA
[20:39:19] [435/459] FCPA
[20:39:20] [436/459] GDAN
[20:39:21] [437/459] RSCA
[20:39:22] [438/459] DMAN
[20:39:23] [439/459] DZCM
[20:39:24] [440/459] NSGL
[20:39:25] [441/459] CCPP
[20:39:26] [442/459] PSMG
[20:39:27] [443/459] GSER
[20:39:27] [444/459] FCCT
[20:39:28] [445/459] FCTB
[20:39:29] [446/459] LCNK
[20:39:31] [447/459] SKTY
[20:39:32] [448/459] INAA
[20:39:32] [449/459] RCWN
[20:39:33] [450/459] VAIS
[20:39:34] [451/459] CVMN
[20:39:35] [452/459] INTS
[20:39:36] [453/459] FRGS
[20:39:38] [454/459] DTCK
[20:39:38] [455/459] MCMH
[20:39:39] [456/459] ECRR
[20:39:40] [457/459] RLLP
[20:39:41] [458/459] CCSN
[20:39:42] [459/459] CCBA
[20:39:43] 🧹 Deduping shows
[20:39:43] ✅ DONE | Shows=2697 | Movies=69
[20:42:31] 🚀 SCRIPT STARTED
[20:42:31] [1/459] MBDC
[20:42:31] 🧠 New identity created
[20:42:32] [2/459] CHKM
[20:42:33] [3/459] JTKZ
[20:42:34] [4/459] CMCT
[20:42:34] [5/459] ASHO
[20:42:35] [6/459] ECDG
[20:42:36] [7/459] SPAT
[20:42:37] [8/459] HILC
[20:42:38] [9/459] SPPH
[20:42:39] [10/459] SBHN
[20:42:40] [11/459] RRCA
[20:42:41] [12/459] APAA
[20:42:42] [13/459] RAME
[20:42:43] [14/459] TMMS
[20:42:44] [15/459] BATK
[20:42:44] [16/459] LKOP
[20:42:45] [17/459] AMTT
[20:42:46] [18/459] PTGK
[20:42:47] [19/459] ANRS
[20:42:48] [20/459] VWBW
[20:42:49] [21/459] SVFG
[20:42:50] [22/459] STAT
[20:42:51] [23/459] GDCV
[20:42:51] [24/459] VEBI
[20:42:52] [25/459] VDSS
[20:42:53] [26/459] NTHV
[20:42:54] [27/459] AOCH
[20:42:55] [28/459] KASR
[20:42:56] [29/459] AYCS
[20:42:57] [30/459] SHAI
[20:42:58] [31/459] SKPE
[20:42:58] [32/459] SBTA
[20:42:59] [33/459] RTTD
[20:43:00] [34/459] CCJD
[20:43:01] [35/459] RSJJ
[20:43:01] [36/459] RKND
[20:43:02] [37/459] SVTX
[20:43:03] [38/459] BAKM
[20:43:04] [39/459] SVDC
[20:43:05] [40/459] MNCV
[20:43:05] [41/459] SJGC
[20:43:06] [42/459] MTPK
[20:43:07] [43/459] GATP
[20:43:08] [44/459] ABTS
[20:43:09] [45/459] ABDE
[20:43:09] [46/459] RCNM
[20:43:10] [47/459] KTHV
[20:43:11] [48/459] MDGJ
[20:43:12] [49/459] SMLM
[20:43:13] [50/459] JTMA
[20:43:14] [51/459] ACKP
[20:43:15] [52/459] SRTA
[20:43:16] [53/459] STAY
[20:43:17] [54/459] MAVO
[20:43:18] [55/459] APTS
[20:43:18] [56/459] OMEA
[20:43:19] [57/459] TTFD
[20:43:20] [58/459] MJCU
[20:43:22] [59/459] CXTE
[20:43:23] [60/459] CTPX
[20:43:25] [61/459] ASSL
[20:43:25] [62/459] CMVB
[20:43:26] [63/459] VPUR
[20:43:27] [64/459] JJDA
[20:43:28] [65/459] INBL
[20:43:29] [66/459] BIKB
[20:43:30] [67/459] NTBB
[20:43:30] [68/459] GLOB
[20:43:31] [69/459] SNTB
[20:43:32] [70/459] CHGV
[20:43:33] [71/459] SSBZ
[20:43:34] [72/459] PRDB
[20:43:34] [73/459] ISMT
[20:43:35] [74/459] MCSD
[20:43:36] [75/459] JBTT
[20:43:37] [76/459] GEKR
[20:43:38] [77/459] PVUN
[20:43:39] [78/459] NRTB
[20:43:40] [79/459] PRAA
[20:43:41] [80/459] PCBL
[20:43:42] [81/459] PTCM
[20:43:42] [82/459] KHNN
[20:43:43] [83/459] OMJE
[20:43:44] [84/459] STGN
[20:43:44] [85/459] RPMS
[20:43:45] [86/459] NWAD
[20:43:46] [87/459] BLCK
[20:43:47] [88/459] SVAA
[20:43:48] [89/459] URVM
[20:43:49] [90/459] ANTM
[20:43:50] [91/459] VJYM
[20:43:51] [92/459] MAZZ
[20:43:52] [93/459] CSHM
[20:43:53] [94/459] WGMH
[20:43:54] [95/459] SALN
[20:43:54] [96/459] BRTP
[20:43:55] [97/459] SVTA
[20:43:56] [98/459] SBTP
[20:43:57] [99/459] VLSS
[20:43:57] [100/459] SRJA
[20:43:58] [101/459] ANCG
[20:43:59] [102/459] CGGC
[20:44:00] [103/459] CRJA
[20:44:01] [104/459] USCR
[20:44:01] [105/459] MMEF
[20:44:02] [106/459] JCRJ
[20:44:03] [107/459] ADCM
[20:44:04] [108/459] BMYK
[20:44:05] [109/459] KICS
[20:44:06] [110/459] MBBT
[20:44:07] [111/459] MACK
[20:44:08] [112/459] CLDR
[20:44:08] [113/459] JYCR
[20:44:09] [114/459] DCRP
[20:44:11] [115/459] RAHT
[20:44:11] [116/459] CSSM
[20:44:12] [117/459] ATPK
[20:44:13] [118/459] KLRT
[20:44:13] [119/459] SRDD
[20:44:14] [120/459] CKMC
[20:44:15] [121/459] KRVM
[20:44:16] [122/459] AKCP
[20:44:17] [123/459] CNCV
[20:44:17] [124/459] PACT
[20:44:18] [125/459] NATP
[20:44:19] [126/459] PCPK
[20:44:20] [127/459] SMHO
[20:44:21] [128/459] CWTK
[20:44:22] [129/459] RVKZ
[20:44:23] [130/459] ASPD
[20:44:24] [131/459] VTKZ
[20:44:24] [132/459] LCSO
[20:44:25] [133/459] PRDY
[20:44:26] [134/459] RCAP
[20:44:27] [135/459] RGAR
[20:44:28] [136/459] RCAC
[20:44:29] [137/459] PMOD
[20:44:29] [138/459] PVCN
[20:44:30] [139/459] SCRZ
[20:44:31] [140/459] PVPC
[20:44:32] [141/459] STID
[20:44:32] [142/459] NEDD
[20:44:33] [143/459] BNBA
[20:44:34] [144/459] NTCD
[20:44:35] [145/459] OCDE
[20:44:35] [146/459] CCDU
[20:44:36] [147/459] CRXH
[20:44:37] [148/459] VLVT
[20:44:38] [149/459] CICI
[20:44:38] [150/459] SUCB
[20:44:39] [151/459] TCBP
[20:44:41] [152/459] SCCY
[20:44:41] [153/459] LXCY
[20:44:42] [154/459] NCMD
[20:44:43] [155/459] PHCS
[20:44:43] [156/459] DUXR
[20:44:44] [157/459] VNKS
[20:44:45] [158/459] SEDP
[20:44:46] [159/459] SVEN
[20:44:47] [160/459] SRKM
[20:44:47] [161/459] JTLT
[20:44:48] [162/459] SVSS
[20:44:50] [163/459] AMDE
[20:44:51] [164/459] WVRN
[20:44:51] [165/459] ISMG
[20:44:52] [166/459] WVKS
[20:44:53] [167/459] USCG
[20:44:54] [168/459] IOTG
[20:44:55] [169/459] RRJM
[20:44:55] [170/459] EDMP
[20:44:56] [171/459] SCGZ
[20:44:57] [172/459] GMGX
[20:44:58] [173/459] OMTP
[20:44:59] [174/459] MITD
[20:45:01] [175/459] SMMD
[20:45:02] [176/459] STML
[20:45:02] [177/459] MCFS
[20:45:03] [178/459] FPKA
[20:45:04] [179/459] OMLR
[20:45:05] [180/459] KKSC
[20:45:06] [181/459] RVMA
[20:45:06] [182/459] SCLL
[20:45:07] [183/459] SCDK
[20:45:08] [184/459] SXMI
[20:45:09] [185/459] SHDN
[20:45:10] [186/459] PAAD
[20:45:10] [187/459] UUCB
[20:45:11] [188/459] JHOL
[20:45:12] [189/459] SGWT
[20:45:13] [190/459] SRII
[20:45:14] [191/459] SGCK
[20:45:15] [192/459] SVVB
[20:45:16] [193/459] DMHA
[20:45:16] [194/459] PPNL
[20:45:17] [195/459] CPNL
[20:45:18] [196/459] WVLD
[20:45:19] [197/459] PSLV
[20:45:20] [198/459] VTTL
[20:45:21] [199/459] NPAD
[20:45:22] [200/459] PVCS
[20:45:22] [201/459] MCHL
[20:45:23] [202/459] PPLL
[20:45:25] [203/459] MALO
[20:45:26] [204/459] SWBH
[20:45:27] [205/459] PUGB
[20:45:28] [206/459] INBB
[20:45:29] [207/459] INNS
[20:45:30] [208/459] MCPT
[20:45:31] [209/459] SCMI
[20:45:32] [210/459] OCON
[20:45:33] [211/459] SCSM
[20:45:34] [212/459] RJVN
[20:45:34] [213/459] AMDK
[20:45:35] [214/459] ISMR
[20:45:37] [215/459] SMTD
[20:45:38] [216/459] VTDD
[20:45:38] [217/459] PDDZ
[20:45:39] [218/459] PCCK
[20:45:40] [219/459] INAM
[20:45:41] [220/459] FNKT
[20:45:42] [221/459] GDKA
[20:45:42] [222/459] MAYU
[20:45:43] [223/459] TCGU
[20:45:44] [224/459] KDCA
[20:45:45] [225/459] DOMY
[20:45:45] [226/459] PDDD
[20:45:46] [227/459] BJTS
[20:45:47] [228/459] VTCA
[20:45:48] [229/459] SBTM
[20:45:49] [230/459] SEET
[20:45:50] [231/459] SSTJ
[20:45:50] [232/459] SVNT
[20:45:51] [233/459] PPPR
[20:45:52] [234/459] PVYS
[20:45:53] [235/459] IOSE
[20:45:54] [236/459] ACTV
[20:45:54] [237/459] APVE
[20:45:55] [238/459] TCCL
[20:45:56] [239/459] SCMO
[20:45:58] [240/459] SAUM
[20:45:59] [241/459] KCJS
[20:45:59] [242/459] NJCJ
[20:46:00] [243/459] NECF
[20:46:01] [244/459] CCGW
[20:46:02] [245/459] CCMG
[20:46:03] [246/459] NYRG
[20:46:04] [247/459] NCSQ
[20:46:05] [248/459] GRCG
[20:46:06] [249/459] CCBT
[20:46:06] [250/459] ACGA
[20:46:07] [251/459] INAG
[20:46:08] [252/459] FUCG
[20:46:09] [253/459] AICF
[20:46:09] [254/459] GRGA
[20:46:10] [255/459] GDCN
[20:46:11] [256/459] RRCG
[20:46:12] [257/459] SDCH
[20:46:12] [258/459] WVJM
[20:46:13] [259/459] JCCZ
[20:46:14] [260/459] CNCL
[20:46:15] [261/459] TMLV
[20:46:16] [262/459] MEMB
[20:46:17] [263/459] SGTD
[20:46:18] [264/459] CONX
[20:46:18] [265/459] CCMH
[20:46:19] [266/459] ACMC
[20:46:21] [267/459] DTPD
[20:46:22] [268/459] POJA
[20:46:23] [269/459] FNBH
[20:46:24] [270/459] CGCB
[20:46:25] [271/459] RACN
[20:46:26] [272/459] JTSM
[20:46:26] [273/459] SCDN
[20:46:27] [274/459] AACK
[20:46:28] [275/459] RMCE
[20:46:29] [276/459] BSGB
[20:46:29] [277/459] MRCB
[20:46:30] [278/459] SRVR
[20:46:31] [279/459] VTKK
[20:46:32] [280/459] AMST
[20:46:32] [281/459] APCY
[20:46:33] [282/459] LMHO
[20:46:35] [283/459] MTZH
[20:46:36] [284/459] AMZB
[20:46:36] [285/459] SUVT
[20:46:37] [286/459] RCIP
[20:46:38] [287/459] KESR
[20:46:39] [288/459] SNKC
[20:46:40] [289/459] SCED
[20:46:41] [290/459] DVCA
[20:46:42] [291/459] VCDT
[20:46:43] [292/459] RRDI
[20:46:44] [293/459] DFCH
[20:46:44] [294/459] INSC
[20:46:45] [295/459] RGTR
[20:46:46] [296/459] FMOT
[20:46:47] [297/459] SCPM
[20:46:48] [298/459] GCDT
[20:46:48] [299/459] BRKT
[20:46:49] [300/459] DEMP
[20:46:50] [301/459] SRLC
[20:46:51] [302/459] KSTT
[20:46:52] [303/459] SMMT
[20:46:53] [304/459] SILM
[20:46:53] [305/459] JCVM
[20:46:54] [306/459] KCSV
[20:46:55] [307/459] MHLK
[20:46:56] [308/459] SLVL
[20:46:57] [309/459] RJKP
[20:46:57] [310/459] BBPC
[20:46:58] [311/459] MXCB
[20:46:59] [312/459] TCPK
[20:47:00] [313/459] RTBR
[20:47:00] [314/459] GAUT
[20:47:01] [315/459] DVCF
[20:47:02] [316/459] JTSB
[20:47:03] [317/459] SBLS
[20:47:04] [318/459] UDAY
[20:47:05] [319/459] PTNP
[20:47:06] [320/459] DMKT
[20:47:07] [321/459] NTDT
[20:47:07] [322/459] SHDJ
[20:47:08] [323/459] OTNC
[20:47:10] [324/459] RNTW
[20:47:11] [325/459] GCMI
[20:47:11] [326/459] CRCM
[20:47:12] [327/459] NNCZ
[20:47:13] [328/459] OEMO
[20:47:14] [329/459] PVJM
[20:47:15] [330/459] CPJI
[20:47:15] [331/459] RMCJ
[20:47:16] [332/459] CNWJ
[20:47:17] [333/459] EPJM
[20:47:18] [334/459] FNJJ
[20:47:19] [335/459] GCMJ
[20:47:19] [336/459] INPS
[20:47:20] [337/459] BICJ
[20:47:21] [338/459] ISTJ
[20:47:22] [339/459] INJC
[20:47:23] [340/459] GLXJ
[20:47:24] [341/459] INEM
[20:47:25] [342/459] JTMN
[20:47:26] [343/459] FRCJ
[20:47:27] [344/459] DDJP
[20:47:28] [345/459] INJV
[20:47:29] [346/459] GOLC
[20:47:31] [347/459] KOCI
[20:47:31] [348/459] FSTD
[20:47:32] [349/459] PACJ
[20:47:34] [350/459] GMCN
[20:47:35] [351/459] MMDJ
[20:47:35] [352/459] GODH
[20:47:36] [353/459] SKYN
[20:47:37] [354/459] NCTH
[20:47:38] [355/459] SKVZ
[20:47:39] [356/459] SVML
[20:47:39] [357/459] ACVZ
[20:47:40] [358/459] SURA
[20:47:41] [359/459] RTRB
[20:47:42] [360/459] LLCT
[20:47:43] [361/459] ATTS
[20:47:43] [362/459] JYCM
[20:47:44] [363/459] CTKR
[20:47:45] [364/459] LCKR
[20:47:46] [365/459] NYCV
[20:47:47] [366/459] NYOH
[20:47:48] [367/459] NOVX
[20:47:48] [368/459] MRGK
[20:47:49] [369/459] MOON
[20:47:50] [370/459] SBUC
[20:47:51] [371/459] GSVA
[20:47:51] [372/459] VIAK
[20:47:52] [373/459] SMVZ
[20:47:54] [374/459] MATE
[20:47:55] [375/459] RDCN
[20:47:56] [376/459] ASBL
[20:47:56] [377/459] ASVS
[20:47:57] [378/459] ASSR
[20:47:58] [379/459] SSKN
[20:47:59] [380/459] DRPV
[20:48:00] [381/459] MRHT
[20:48:02] [382/459] BSCN
[20:48:03] [383/459] RKNX
[20:48:04] [384/459] MSMC
[20:48:04] [385/459] MSCJ
[20:48:05] [386/459] BTBJ
[20:48:06] [387/459] MJCC
[20:48:08] [388/459] IOMM
[20:48:09] [389/459] ADGR
[20:48:09] [390/459] MYCP
[20:48:10] [391/459] IGCM
[20:48:11] [392/459] PGRK
[20:48:12] [393/459] VPGO
[20:48:13] [394/459] KOMS
[20:48:13] [395/459] URGG
[20:48:14] [396/459] GOST
[20:48:15] [397/459] LACT
[20:48:16] [398/459] BWCM
[20:48:17] [399/459] NCCW
[20:48:17] [400/459] SKYC
[20:48:18] [401/459] CCPM
[20:48:19] [402/459] VCBT
[20:48:20] [403/459] SDKR
[20:48:21] [404/459] CTYB
[20:48:21] [405/459] SHCX
[20:48:23] [406/459] RCUN
[20:48:24] [407/459] CNRA
[20:48:24] [408/459] RFCA
[20:48:25] [409/459] RDCU
[20:48:26] [410/459] SARK
[20:48:27] [411/459] SPPP
[20:48:28] [412/459] ADMB
[20:48:30] [413/459] JYOE
[20:48:31] [414/459] SRMD
[20:48:31] [415/459] RJDH
[20:48:32] [416/459] SSTD
[20:48:33] [417/459] AACV
[20:48:34] [418/459] PPVD
[20:48:35] [419/459] STCP
[20:48:36] [420/459] ANJR
[20:48:37] [421/459] ANLS
[20:48:38] [422/459] BIJO
[20:48:38] [423/459] AVAB
[20:48:39] [424/459] SPMD
[20:48:40] [425/459] SVJL
[20:48:41] [426/459] SDDJ
[20:48:41] [427/459] SLTU
[20:48:42] [428/459] SAKA
[20:48:43] [429/459] PMAM
[20:48:44] [430/459] FNAM
[20:48:45] [431/459] ACAM
[20:48:45] [432/459] SCMM
[20:48:46] [433/459] PMAK
[20:48:47] [434/459] NYSA
[20:48:48] [435/459] FCPA
[20:48:49] [436/459] GDAN
[20:48:49] [437/459] RSCA
[20:48:50] [438/459] DMAN
[20:48:51] [439/459] DZCM
[20:48:52] [440/459] NSGL
[20:48:53] [441/459] CCPP
[20:48:54] [442/459] PSMG
[20:48:55] [443/459] GSER
[20:48:56] [444/459] FCCT
[20:48:57] [445/459] FCTB
[20:48:57] [446/459] LCNK
[20:48:58] [447/459] SKTY
[20:48:59] [448/459] INAA
[20:49:00] [449/459] RCWN
[20:49:01] [450/459] VAIS
[20:49:01] [451/459] CVMN
[20:49:02] [452/459] INTS
[20:49:03] [453/459] FRGS
[20:49:04] [454/459] DTCK
[20:49:05] [455/459] MCMH
[20:49:06] [456/459] ECRR
[20:49:06] [457/459] RLLP
[20:49:07] [458/459] CCSN
[20:49:08] [459/459] CCBA
[20:49:09] 🧹 Deduping shows
[20:49:09] ✅ DONE | Shows=2697 | Movies=69
