[20:21:51] 🚀 SCRIPT STARTED
[20:21:51] [1/459] FNDB
[20:21:51] 🧠 New identity created
[20:21:52] [2/459] AMBH
[20:21:53] [3/459] PRHN
[20:21:53] [4/459] ACPM
[20:21:54] [5/459] PVFS
[20:21:55] [6/459] AACN
[20:21:56] [7/459] ACAS
[20:21:57] [8/459] CTNR
[20:21:58] [9/459] MMAH
[20:21:59] [10/459] CPMH
[20:21:59] [11/459] IGMH
[20:22:00] [12/459] ABCS
[20:22:01] [13/459] CMMA
[20:22:03] [14/459] GPRH
[20:22:04] [15/459] PNNG
[20:22:05] [16/459] AMCA
[20:22:05] [17/459] ISTN
[20:22:06] [18/459] PIIC
[20:22:08] [19/459] AHMH
[20:22:08] [20/459] ASHN
[20:22:09] [21/459] INHY
[20:22:10] [22/459] SRMO
[20:22:12] [23/459] PIMH
[20:22:13] [24/459] PVTS
[20:22:14] [25/459] MMCA
[20:22:16] [26/459] AKYJ
[20:22:17] [27/459] BRKH
[20:22:18] [28/459] MAHM
[20:22:18] [29/459] CPHY
[20:22:19] [30/459] PVTP
[20:22:20] [31/459] SMMR
[20:22:21] [32/459] PVHM
[20:22:22] [33/459] SNDY
[20:22:23] [34/459] GOKU
[20:22:24] [35/459] ACEV
[20:22:25] [36/459] PVUM
[20:22:26] [37/459] VSWA
[20:22:27] [38/459] IPRS
[20:22:28] [39/459] ASGN
[20:22:29] [40/459] BKMV
[20:22:30] [41/459] PVYH
[20:22:31] [42/459] INKM
[20:22:32] [43/459] ARJU
[20:22:32] [44/459] JJPP
[20:22:33] [45/459] SSRM
[20:22:34] [46/459] HMHD
[20:22:35] [47/459] SNKH
[20:22:36] [48/459] ACHI
[20:22:37] [49/459] MRAA
[20:22:38] [50/459] INMH
[20:22:39] [51/459] ARMH
[20:22:39] [52/459] DVRR
[20:22:40] [53/459] SUDA
[20:22:41] [54/459] MCSS
[20:22:42] [55/459] VRKC
[20:22:43] [56/459] PRCX
[20:22:44] [57/459] ASJY
[20:22:45] [58/459] MTHY
[20:22:46] [59/459] SRCM
[20:22:47] [60/459] TVHY
[20:22:48] [61/459] STHD
[20:22:49] [62/459] CPCL
[20:22:50] [63/459] PSMJ
[20:22:51] [64/459] MRGT
[20:22:52] [65/459] ARYH
[20:22:53] [66/459] VTRB
[20:22:54] [67/459] SCHC
[20:22:55] [68/459] MRRG
[20:22:56] [69/459] SPCB
[20:22:57] [70/459] AMCM
[20:22:58] [71/459] IVNM
[20:23:00] [72/459] TRHY
[20:23:01] [73/459] PTTH
[20:23:02] [74/459] RKMH
[20:23:03] [75/459] PRCS
[20:23:03] [76/459] VAJA
[20:23:05] [77/459] BJNG
[20:23:06] [78/459] SCVM
[20:23:07] [79/459] GNHB
[20:23:08] [80/459] TLUR
[20:23:08] [81/459] UKCC
[20:23:09] [82/459] SRKR
[20:23:11] [83/459] RMKN
[20:23:12] [84/459] SLRT
[20:23:13] [85/459] LKMT
[20:23:13] [86/459] SSRJ
[20:23:14] [87/459] SPHT
[20:23:16] [88/459] ANTT
[20:23:16] [89/459] SRCH
[20:23:17] [90/459] SRCA
[20:23:18] [91/459] ARTH
[20:23:19] [92/459] MCBH
[20:23:20] [93/459] SNIB
[20:23:21] [94/459] SART
[20:23:22] [95/459] SKTA
[20:23:22] [96/459] YAKT
[20:23:23] [97/459] MLCK
[20:23:24] [98/459] ANTS
[20:23:25] [99/459] DGCA
[20:23:26] [100/459] SGMP
[20:23:28] [101/459] ASWN
[20:23:29] [102/459] KFVU
[20:23:30] [103/459] POOR
[20:23:30] [104/459] GKDN
[20:23:31] [105/459] EOSE
[20:23:32] [106/459] GTTT
[20:23:33] [107/459] ARRO
[20:23:34] [108/459] CMMK
[20:23:35] [109/459] MSCN
[20:23:35] [110/459] GDKH
[20:23:36] [111/459] DLMT
[20:23:37] [112/459] PVMF
[20:23:38] [113/459] CPCK
[20:23:38] [114/459] VMHE
[20:23:39] [115/459] PVLC
[20:23:40] [116/459] PCVB
[20:23:41] [117/459] SNYK
[20:23:42] [118/459] KTEK
[20:23:42] [119/459] PCNM
[20:23:44] [120/459] NTTR
[20:23:44] [121/459] CPSK
[20:23:45] [122/459] JMMA
[20:23:46] [123/459] GCFK
[20:23:47] [124/459] MYCA
[20:23:48] [125/459] KSNP
[20:23:49] [126/459] PMCE
[20:23:50] [127/459] SCKI
[20:23:51] [128/459] FSMA
[20:23:51] [129/459] CETA
[20:23:53] [130/459] MCIK
[20:23:54] [131/459] MYCR
[20:23:54] [132/459] EVMP
[20:23:55] [133/459] SSGT
[20:23:57] [134/459] KCTK
[20:23:58] [135/459] ZTKC
[20:23:59] [136/459] MMTA
[20:24:00] [137/459] MAJT
[20:24:01] [138/459] ACPK
[20:24:01] [139/459] JMAX
[20:24:02] [140/459] SETK
[20:24:03] [141/459] CAIS
[20:24:04] [142/459] AGCD
[20:24:05] [143/459] URCL
[20:24:06] [144/459] VTDS
[20:24:06] [145/459] JCNM
[20:24:07] [146/459] KCAM
[20:24:08] [147/459] ADCU
[20:24:09] [148/459] GXYN
[20:24:10] [149/459] SMJG
[20:24:11] [150/459] EYCJ
[20:24:12] [151/459] CCEJ
[20:24:13] [152/459] MARS
[20:24:14] [153/459] CPVJ
[20:24:15] [154/459] INVP
[20:24:15] [155/459] CPOV
[20:24:16] [156/459] VIJK
[20:24:17] [157/459] LAIM
[20:24:18] [158/459] STHV
[20:24:19] [159/459] SVLJ
[20:24:20] [160/459] ATVJ
[20:24:21] [161/459] JTSC
[20:24:21] [162/459] RMTV
[20:24:22] [163/459] MGGG
[20:24:23] [164/459] SWTH
[20:24:24] [165/459] INVJ
[20:24:25] [166/459] PRSV
[20:24:26] [167/459] JATV
[20:24:27] [168/459] RCVD
[20:24:28] [169/459] BDMA
[20:24:29] [170/459] BLJI
[20:24:30] [171/459] SWOT
[20:24:31] [172/459] SWRN
[20:24:31] [173/459] TVRA
[20:24:32] [174/459] VCSV
[20:24:33] [175/459] NVRN
[20:24:35] [176/459] SIKC
[20:24:36] [177/459] VAKR
[20:24:37] [178/459] SYLN
[20:24:38] [179/459] KLJL
[20:24:38] [180/459] LKMY
[20:24:39] [181/459] VSLY
[20:24:40] [182/459] CIKO
[20:24:41] [183/459] GPBG
[20:24:42] [184/459] CECM
[20:24:43] [185/459] SLKB
[20:24:44] [186/459] MTBO
[20:24:45] [187/459] SSHB
[20:24:45] [188/459] VPCS
[20:24:46] [189/459] RCSR
[20:24:47] [190/459] RJRM
[20:24:48] [191/459] KPPB
[20:24:49] [192/459] SEDC
[20:24:50] [193/459] SCAI
[20:24:52] [194/459] RMTR
[20:24:52] [195/459] ASST
[20:24:53] [196/459] GCAK
[20:24:55] [197/459] ANNK
[20:24:55] [198/459] KDDF
[20:24:56] [199/459] NRDP
[20:24:57] [200/459] PLAK
[20:24:58] [201/459] GCMC
[20:24:59] [202/459] ALPY
[20:25:00] [203/459] SICE
[20:25:01] [204/459] SISR
[20:25:02] [205/459] SRPZ
[20:25:03] [206/459] SRSW
[20:25:04] [207/459] SUYA
[20:25:05] [208/459] AMMT
[20:25:06] [209/459] BHCU
[20:25:07] [210/459] KLPA
[20:25:08] [211/459] NVKH
[20:25:09] [212/459] JMRC
[20:25:10] [213/459] KTTT
[20:25:11] [214/459] MAGH
[20:25:12] [215/459] MMMX
[20:25:13] [216/459] SALJ
[20:25:14] [217/459] GTJA
[20:25:15] [218/459] MAHT
[20:25:16] [219/459] SSNN
[20:25:16] [220/459] ARRP
[20:25:17] [221/459] ATNS
[20:25:18] [222/459] SKDT
[20:25:19] [223/459] ACAT
[20:25:19] [224/459] APRC
[20:25:20] [225/459] SWAG
[20:25:21] [226/459] SDPT
[20:25:22] [227/459] STPS
[20:25:23] [228/459] WWCZ
[20:25:24] [229/459] LLCH
[20:25:25] [230/459] MZHA
[20:25:26] [231/459] CRJG
[20:25:27] [232/459] JGTK
[20:25:28] [233/459] KCSR
[20:25:28] [234/459] CHTL
[20:25:29] [235/459] EDSR
[20:25:30] [236/459] CSWO
[20:25:31] [237/459] CPVM
[20:25:32] [238/459] MXBY
[20:25:32] [239/459] FMMA
[20:25:33] [240/459] POVI
[20:25:34] [241/459] MTHB
[20:25:35] [242/459] INRC
[20:25:36] [243/459] PIPP
[20:25:37] [244/459] BMXC
[20:25:38] [245/459] PCMM
[20:25:39] [246/459] PMKM
[20:25:40] [247/459] GATY
[20:25:41] [248/459] IMCM
[20:25:42] [249/459] POPE
[20:25:43] [250/459] MTCR
[20:25:43] [251/459] PVAE
[20:25:44] [252/459] PVMI
[20:25:45] [253/459] CPNM
[20:25:46] [254/459] FMRL
[20:25:46] [255/459] MCIW
[20:25:47] [256/459] MXBO
[20:25:48] [257/459] FMKY
[20:25:49] [258/459] FMDA
[20:25:50] [259/459] THAB
[20:25:50] [260/459] PRCW
[20:25:52] [261/459] PITI
[20:25:53] [262/459] MCFF
[20:25:54] [263/459] PDDV
[20:25:55] [264/459] MCRM
[20:25:55] [265/459] KKMB
[20:25:56] [266/459] INKO
[20:25:57] [267/459] PLXP
[20:25:57] [268/459] MMHA
[20:25:59] [269/459] FMVS
[20:26:00] [270/459] POLM
[20:26:01] [271/459] STER
[20:26:02] [272/459] PVWJ
[20:26:03] [273/459] IMJW
[20:26:04] [274/459] FNAN
[20:26:05] [275/459] CAGL
[20:26:06] [276/459] IPBG
[20:26:06] [277/459] SMFV
[20:26:08] [278/459] MMMR
[20:26:09] [279/459] MMWM
[20:26:10] [280/459] FNCM
[20:26:10] [281/459] MDVA
[20:26:11] [282/459] MMET
[20:26:12] [283/459] MIDO
[20:26:13] [284/459] INNP
[20:26:14] [285/459] MIFU
[20:26:14] [286/459] MMSZ
[20:26:15] [287/459] BMXA
[20:26:16] [288/459] MCAA
[20:26:18] [289/459] SCVP
[20:26:19] [290/459] PLUS
[20:26:19] [291/459] MUCK
[20:26:20] [292/459] MTMA
[20:26:21] [293/459] HPVR
[20:26:22] [294/459] PMPK
[20:26:23] [295/459] MAJB
[20:26:24] [296/459] CTRR
[20:26:24] [297/459] MCTG
[20:26:25] [298/459] MACE
[20:26:26] [299/459] AAAS
[20:26:27] [300/459] CPVV
[20:26:28] [301/459] RCHG
[20:26:29] [302/459] MCNE
[20:26:29] [303/459] EMNC
[20:26:30] [304/459] MCAN
[20:26:31] [305/459] TCDM
[20:26:32] [306/459] IRGT
[20:26:32] [307/459] GCMG
[20:26:34] [308/459] MXSN
[20:26:35] [309/459] MXCK
[20:26:36] [310/459] MCRC
[20:26:36] [311/459] RSMI
[20:26:37] [312/459] WAML
[20:26:38] [313/459] MTSC
[20:26:39] [314/459] FMDR
[20:26:39] [315/459] LEPV
[20:26:40] [316/459] MTGD
[20:26:41] [317/459] IMOB
[20:26:42] [318/459] CLMM
[20:26:43] [319/459] PZCD
[20:26:43] [320/459] GOCS
[20:26:44] [321/459] KCMA
[20:26:45] [322/459] CCMP
[20:26:46] [323/459] MTSU
[20:26:47] [324/459] SNGL
[20:26:48] [325/459] MMMC
[20:26:48] [326/459] MMAA
[20:26:49] [327/459] GCDM
[20:26:50] [328/459] KTMV
[20:26:51] [329/459] AETE
[20:26:51] [330/459] OMCS
[20:26:52] [331/459] GDCD
[20:26:53] [332/459] NYMD
[20:26:55] [333/459] RNCV
[20:26:55] [334/459] KKMT
[20:26:57] [335/459] GDTH
[20:26:58] [336/459] KMMV
[20:26:59] [337/459] NHCG
[20:26:59] [338/459] PJDW
[20:27:01] [339/459] MMCV
[20:27:03] [340/459] FQSA
[20:27:04] [341/459] KURL
[20:27:04] [342/459] NNNX
[20:27:06] [343/459] AMAU
[20:27:07] [344/459] VVVM
[20:27:07] [345/459] VECU
[20:27:08] [346/459] WCVR
[20:27:10] [347/459] MTGG
[20:27:11] [348/459] SGTG
[20:27:12] [349/459] MNTG
[20:27:13] [350/459] JDDG
[20:27:14] [351/459] MBTK
[20:27:14] [352/459] SGCD
[20:27:15] [353/459] MCTC
[20:27:16] [354/459] JTPC
[20:27:17] [355/459] SDKT
[20:27:18] [356/459] KRCC
[20:27:18] [357/459] RMMD
[20:27:19] [358/459] AAME
[20:27:21] [359/459] TMWC
[20:27:22] [360/459] NRWY
[20:27:23] [361/459] CITD
[20:27:24] [362/459] VERD
[20:27:24] [363/459] MKSK
[20:27:26] [364/459] STSM
[20:27:27] [365/459] MJDG
[20:27:27] [366/459] RKPM
[20:27:28] [367/459] SSCE
[20:27:29] [368/459] VMAE
[20:27:30] [369/459] SBRU
[20:27:31] [370/459] AMBC
[20:27:32] [371/459] AMLU
[20:27:32] [372/459] INVZ
[20:27:33] [373/459] LGTV
[20:27:34] [374/459] SVAD
[20:27:35] [375/459] SMSA
[20:27:36] [376/459] SPCZ
[20:27:36] [377/459] GTCX
[20:27:37] [378/459] SCSL
[20:27:38] [379/459] SAHU
[20:27:39] [380/459] NCDA
[20:27:40] [381/459] SCCG
[20:27:41] [382/459] VKTL
[20:27:42] [383/459] PUUJ
[20:27:43] [384/459] STEJ
[20:27:44] [385/459] RJAL
[20:27:45] [386/459] ACJC
[20:27:46] [387/459] VTHC
[20:27:47] [388/459] ARVB
[20:27:47] [389/459] AUBB
[20:27:48] [390/459] GDBR
[20:27:49] [391/459] PVND
[20:27:50] [392/459] BGRJ
[20:27:51] [393/459] RJMM
[20:27:52] [394/459] MCSA
[20:27:53] [395/459] BODA
[20:27:54] [396/459] JAGG
[20:27:54] [397/459] SCGA
[20:27:55] [398/459] LRCM
[20:27:56] [399/459] CPCN
[20:27:57] [400/459] SSTF
[20:27:58] [401/459] SRXP
[20:27:58] [402/459] CNFX
[20:27:59] [403/459] ANDI
[20:28:00] [404/459] SYEW
[20:28:01] [405/459] RCRE
[20:28:02] [406/459] SCRW
[20:28:03] [407/459] MBKR
[20:28:04] [408/459] ASNT
[20:28:05] [409/459] JTMT
[20:28:06] [410/459] SHAY
[20:28:07] [411/459] VRTH
[20:28:08] [412/459] SPTI
[20:28:09] [413/459] DPTD
[20:28:10] [414/459] TGSN
[20:28:11] [415/459] RCWV
[20:28:12] [416/459] OCUR
[20:28:13] [417/459] KSTC
[20:28:14] [418/459] SANI
[20:28:15] [419/459] MLCA
[20:28:15] [420/459] EGCA
[20:28:16] [421/459] SYSN
[20:28:17] [422/459] PKTA
[20:28:18] [423/459] PRCC
[20:28:19] [424/459] KSTR
[20:28:19] [425/459] SNTP
[20:28:21] [426/459] RCHA
[20:28:22] [427/459] SEEA
[20:28:22] [428/459] ALAT
[20:28:23] [429/459] AATV
[20:28:24] [430/459] RJTE
[20:28:25] [431/459] AAPP
[20:28:26] [432/459] PMMH
[20:28:26] [433/459] INRJ
[20:28:27] [434/459] SARB
[20:28:28] [435/459] PCJL
[20:28:29] [436/459] PFJJ
[20:28:30] [437/459] GRDC
[20:28:30] [438/459] BCBA
[20:28:31] [439/459] VIXL
[20:28:32] [440/459] CSTL
[20:28:33] [441/459] MTDK
[20:28:34] [442/459] TDAC
[20:28:35] [443/459] GTDN
[20:28:36] [444/459] TTDE
[20:28:37] [445/459] ASTS
[20:28:37] [446/459] CPNS
[20:28:38] [447/459] PVVW
[20:28:39] [448/459] USEB
[20:28:40] [449/459] DTYN
[20:28:40] [450/459] PVLE
[20:28:42] [451/459] CIPS
[20:28:43] [452/459] PAEG
[20:28:44] [453/459] PTCW
[20:28:45] [454/459] G3SR
[20:28:46] [455/459] PGND
[20:28:47] [456/459] INVM
[20:28:48] [457/459] SPIA
[20:28:49] [458/459] PCSN
[20:28:49] [459/459] PPGV
[20:28:50] 🧹 Deduping shows
[20:28:50] ✅ DONE | Shows=4407 | Movies=85
