[20:21:57] 🚀 SCRIPT STARTED
[20:21:57] [1/296] CDCA
[20:21:57] 🧠 New identity created
[20:21:59] [2/296] MNSR
[20:22:00] [3/296] CSSL
[20:22:01] [4/296] BGGM
[20:22:01] [5/296] MANT
[20:22:02] [6/296] SOOY
[20:22:03] [7/296] VPPK
[20:22:04] [8/296] MYHJ
[20:22:05] [9/296] KSCK
[20:22:06] [10/296] KATK
[20:22:07] [11/296] RTRT
[20:22:07] [12/296] SSTT
[20:22:08] [13/296] SSTV
[20:22:09] [14/296] LACM
[20:22:10] [15/296] SGMG
[20:22:11] [16/296] KACX
[20:22:12] [17/296] GVCP
[20:22:13] [18/296] CSNC
[20:22:14] [19/296] SXCB
[20:22:15] [20/296] BAHS
[20:22:16] [21/296] PCBI
[20:22:17] [22/296] PSSM
[20:22:18] [23/296] RCOK
[20:22:19] [24/296] SCPF
[20:22:20] [25/296] SSAS
[20:22:21] [26/296] EVMM
[20:22:21] [27/296] SYCB
[20:22:22] [28/296] GCKI
[20:22:23] [29/296] IAET
[20:22:24] [30/296] DDTD
[20:22:25] [31/296] GMDH
[20:22:26] [32/296] STLE
[20:22:27] [33/296] JTRA
[20:22:28] [34/296] RPPA
[20:22:29] [35/296] ARUT
[20:22:30] [36/296] JTVM
[20:22:31] [37/296] SWRH
[20:22:32] [38/296] DCPC
[20:22:33] [39/296] RAPR
[20:22:34] [40/296] GCRT
[20:22:35] [41/296] ATUN
[20:22:36] [42/296] LTRM
[20:22:36] [43/296] TASR
[20:22:37] [44/296] RLLC
[20:22:38] [45/296] MABI
[20:22:39] [46/296] SVHB
[20:22:40] [47/296] NVTB
[20:22:41] [48/296] KCKG
[20:22:42] [49/296] SSRN
[20:22:43] [50/296] VDDC
[20:22:44] [51/296] GKTK
[20:22:45] [52/296] YFSN
[20:22:46] [53/296] GCSG
[20:22:46] [54/296] ESSM
[20:22:47] [55/296] KRIH
[20:22:48] [56/296] GCDS
[20:22:49] [57/296] CCSH
[20:22:50] [58/296] ACSK
[20:22:51] [59/296] APRK
[20:22:52] [60/296] ADKM
[20:22:52] [61/296] SRDM
[20:22:53] [62/296] RMOG
[20:22:54] [63/296] SJMY
[20:22:54] [64/296] PGGC
[20:22:55] [65/296] INGM
[20:22:57] [66/296] LSCB
[20:22:58] [67/296] STAD
[20:22:59] [68/296] MCCR
[20:23:00] [69/296] ABCC
[20:23:01] [70/296] RKCC
[20:23:02] [71/296] RTCR
[20:23:03] [72/296] GGBC
[20:23:04] [73/296] GCSD
[20:23:05] [74/296] LPTY
[20:23:05] [75/296] MCFD
[20:23:06] [76/296] HENN
[20:23:07] [77/296] SMKU
[20:23:08] [78/296] TNZC
[20:23:09] [79/296] DRCD
[20:23:10] [80/296] DLCD
[20:23:11] [81/296] RCDA
[20:23:12] [82/296] COSM
[20:23:13] [83/296] MCMJ
[20:23:14] [84/296] CSTR
[20:23:14] [85/296] CVDK
[20:23:15] [86/296] INRR
[20:23:16] [87/296] RJRT
[20:23:17] [88/296] IRMR
[20:23:18] [89/296] SRCF
[20:23:18] [90/296] GRCR
[20:23:19] [91/296] SURC
[20:23:20] [92/296] NMNH
[20:23:21] [93/296] SVBL
[20:23:22] [94/296] KACI
[20:23:23] [95/296] TDGO
[20:23:24] [96/296] KTBR
[20:23:24] [97/296] PMAD
[20:23:25] [98/296] CCPN
[20:23:26] [99/296] SBTK
[20:23:27] [100/296] LMDK
[20:23:28] [101/296] PGDA
[20:23:29] [102/296] SRML
[20:23:30] [103/296] EVCK
[20:23:31] [104/296] RTTK
[20:23:31] [105/296] SRTU
[20:23:32] [106/296] VRSA
[20:23:34] [107/296] VARS
[20:23:35] [108/296] DSCZ
[20:23:35] [109/296] GAGA
[20:23:36] [110/296] SARV
[20:23:38] [111/296] SEEG
[20:23:38] [112/296] GLCA
[20:23:39] [113/296] APAS
[20:23:40] [114/296] VCIA
[20:23:41] [115/296] SJTA
[20:23:42] [116/296] SABM
[20:23:43] [117/296] PPAG
[20:23:44] [118/296] RVCA
[20:23:45] [119/296] CCIA
[20:23:45] [120/296] HTAG
[20:23:47] [121/296] SMBI
[20:23:48] [122/296] MCJR
[20:23:49] [123/296] CCJR
[20:23:49] [124/296] SINF
[20:23:50] [125/296] CPLX
[20:23:51] [126/296] KKTJ
[20:23:52] [127/296] GDBW
[20:23:53] [128/296] CSUB
[20:23:54] [129/296] DABA
[20:23:55] [130/296] TITR
[20:23:56] [131/296] NYCR
[20:23:56] [132/296] RTRY
[20:23:57] [133/296] JTJL
[20:23:58] [134/296] SJCP
[20:23:59] [135/296] KCCA
[20:24:00] [136/296] MLPG
[20:24:01] [137/296] VRCK
[20:24:02] [138/296] SRIN
[20:24:03] [139/296] CXMK
[20:24:03] [140/296] SKAD
[20:24:05] [141/296] AVTR
[20:24:06] [142/296] PTAJ
[20:24:06] [143/296] SCNK
[20:24:07] [144/296] STTI
[20:24:08] [145/296] KACR
[20:24:09] [146/296] SSDX
[20:24:10] [147/296] VRTJ
[20:24:10] [148/296] RAJD
[20:24:11] [149/296] SCIP
[20:24:13] [150/296] RJSL
[20:24:14] [151/296] ARRS
[20:24:15] [152/296] ASMS
[20:24:16] [153/296] RDTS
[20:24:17] [154/296] DVMY
[20:24:18] [155/296] RASA
[20:24:18] [156/296] INOM
[20:24:20] [157/296] SPRS
[20:24:21] [158/296] SGCS
[20:24:21] [159/296] SALM
[20:24:23] [160/296] PKHC
[20:24:24] [161/296] RCSV
[20:24:24] [162/296] CPKC
[20:24:25] [163/296] AACD
[20:24:26] [164/296] GGCV
[20:24:27] [165/296] SMKD
[20:24:28] [166/296] NBCH
[20:24:28] [167/296] AMCB
[20:24:30] [168/296] OPCN
[20:24:31] [169/296] DCIN
[20:24:32] [170/296] INGW
[20:24:32] [171/296] PKKW
[20:24:33] [172/296] FNGW
[20:24:34] [173/296] GCGD
[20:24:35] [174/296] MSTW
[20:24:36] [175/296] KCCG
[20:24:37] [176/296] MRSS
[20:24:38] [177/296] CLCF
[20:24:38] [178/296] EETS
[20:24:39] [179/296] AATR
[20:24:40] [180/296] CMMN
[20:24:41] [181/296] SCCJ
[20:24:41] [182/296] CDTK
[20:24:42] [183/296] AICP
[20:24:43] [184/296] FNBP
[20:24:44] [185/296] CBPB
[20:24:45] [186/296] CPAS
[20:24:47] [187/296] MAPM
[20:24:47] [188/296] PASD
[20:24:49] [189/296] JCMN
[20:24:50] [190/296] MALB
[20:24:51] [191/296] SACG
[20:24:52] [192/296] DDRX
[20:24:52] [193/296] DDXB
[20:24:53] [194/296] RAMC
[20:24:54] [195/296] SANC
[20:24:55] [196/296] BCBP
[20:24:55] [197/296] ALPC
[20:24:56] [198/296] RBAC
[20:24:58] [199/296] RAJL
[20:24:59] [200/296] MPDX
[20:25:00] [201/296] MUSC
[20:25:00] [202/296] VKMK
[20:25:01] [203/296] SKCG
[20:25:02] [204/296] ANCN
[20:25:02] [205/296] MMCJ
[20:25:03] [206/296] DCAK
[20:25:04] [207/296] SCKG
[20:25:05] [208/296] LMCK
[20:25:06] [209/296] CKKX
[20:25:07] [210/296] ANKU
[20:25:08] [211/296] CSMD
[20:25:09] [212/296] MKMP
[20:25:10] [213/296] SVBG
[20:25:11] [214/296] ROOP
[20:25:11] [215/296] GDMT
[20:25:12] [216/296] FPPF
[20:25:14] [217/296] SFUU
[20:25:14] [218/296] ANCB
[20:25:15] [219/296] SMMC
[20:25:16] [220/296] UGKT
[20:25:17] [221/296] JVRM
[20:25:18] [222/296] BATG
[20:25:18] [223/296] RATE
[20:25:19] [224/296] SKME
[20:25:20] [225/296] LMTP
[20:25:21] [226/296] TCBD
[20:25:22] [227/296] ESBD
[20:25:22] [228/296] GDCU
[20:25:23] [229/296] SNKT
[20:25:24] [230/296] SRNK
[20:25:25] [231/296] SMED
[20:25:25] [232/296] CSQS
[20:25:26] [233/296] ALCS
[20:25:27] [234/296] KCKN
[20:25:28] [235/296] VCCL
[20:25:29] [236/296] MCDA
[20:25:30] [237/296] SHMI
[20:25:31] [238/296] SKHA
[20:25:32] [239/296] SVFK
[20:25:32] [240/296] INVB
[20:25:33] [241/296] MELD
[20:25:34] [242/296] JTYS
[20:25:35] [243/296] INCM
[20:25:35] [244/296] MCDV
[20:25:36] [245/296] KSGK
[20:25:38] [246/296] ICMG
[20:25:39] [247/296] CSCV
[20:25:40] [248/296] STMD
[20:25:41] [249/296] STTR
[20:25:41] [250/296] INVC
[20:25:42] [251/296] JTBL
[20:25:43] [252/296] SRVV
[20:25:44] [253/296] MAVC
[20:25:45] [254/296] SRPP
[20:25:46] [255/296] JGDM
[20:25:47] [256/296] MBSJ
[20:25:48] [257/296] SSLL
[20:25:49] [258/296] SLKP
[20:25:49] [259/296] NSRV
[20:25:51] [260/296] UTDV
[20:25:52] [261/296] KICM
[20:25:53] [262/296] KCMD
[20:25:53] [263/296] TTPP
[20:25:54] [264/296] KMPV
[20:25:55] [265/296] SKTV
[20:25:56] [266/296] STCV
[20:25:57] [267/296] SRDA
[20:25:58] [268/296] JTSX
[20:25:58] [269/296] STBV
[20:25:59] [270/296] APVZ
[20:26:00] [271/296] GSTV
[20:26:02] [272/296] NMVS
[20:26:03] [273/296] SKRT
[20:26:04] [274/296] RMDV
[20:26:05] [275/296] RATG
[20:26:05] [276/296] SJYV
[20:26:06] [277/296] NDGP
[20:26:07] [278/296] SNDG
[20:26:08] [279/296] INSR
[20:26:09] [280/296] INSO
[20:26:10] [281/296] CCSI
[20:26:10] [282/296] RASM
[20:26:11] [283/296] NEWC
[20:26:12] [284/296] VSHL
[20:26:13] [285/296] BISW
[20:26:14] [286/296] GCNG
[20:26:15] [287/296] CWSC
[20:26:16] [288/296] SKAN
[20:26:16] [289/296] SEHP
[20:26:17] [290/296] CCOA
[20:26:18] [291/296] MCAJ
[20:26:19] [292/296] ACDE
[20:26:19] [293/296] AACM
[20:26:20] [294/296] JJCK
[20:26:21] [295/296] RCMO
[20:26:22] [296/296] GDAW
[20:26:23] 🧹 Deduping shows
[20:26:23] ✅ DONE | Shows=1628 | Movies=54
