[20:21:52] 🚀 SCRIPT STARTED
[20:21:52] [1/324] GCTA
[20:21:52] 🧠 New identity created
[20:21:53] [2/324] TOPN
[20:21:54] [3/324] MCUS
[20:21:54] [4/324] SHRL
[20:21:55] [5/324] UPTP
[20:21:56] [6/324] TMMP
[20:21:57] [7/324] DNRP
[20:21:58] [8/324] SRLT
[20:21:59] [9/324] RCNS
[20:22:00] [10/324] DCBH
[20:22:01] [11/324] NAGJ
[20:22:02] [12/324] JVRC
[20:22:03] [13/324] KRJG
[20:22:03] [14/324] SRTJ
[20:22:05] [15/324] CMXM
[20:22:07] [16/324] STMI
[20:22:08] [17/324] SLST
[20:22:09] [18/324] DTCN
[20:22:10] [19/324] STYN
[20:22:11] [20/324] SZVR
[20:22:12] [21/324] SRKO
[20:22:14] [22/324] JTGT
[20:22:16] [23/324] SVFD
[20:22:16] [24/324] SISD
[20:22:18] [25/324] ABDD
[20:22:19] [26/324] DRCA
[20:22:20] [27/324] AVCS
[20:22:21] [28/324] MVKH
[20:22:21] [29/324] ACPR
[20:22:22] [30/324] STIP
[20:22:23] [31/324] MTRA
[20:22:25] [32/324] RMKH
[20:22:26] [33/324] NKRL
[20:22:27] [34/324] PCWN
[20:22:27] [35/324] BLMT
[20:22:28] [36/324] GDPG
[20:22:29] [37/324] SRMX
[20:22:30] [38/324] JACP
[20:22:31] [39/324] CPSH
[20:22:32] [40/324] MCCD
[20:22:32] [41/324] ECGH
[20:22:33] [42/324] MKCK
[20:22:34] [43/324] SRMM
[20:22:36] [44/324] SKYR
[20:22:37] [45/324] PCKC
[20:22:37] [46/324] JCMA
[20:22:38] [47/324] BSMP
[20:22:39] [48/324] VSPA
[20:22:40] [49/324] DJYA
[20:22:40] [50/324] DIMP
[20:22:41] [51/324] FXDR
[20:22:42] [52/324] SSRC
[20:22:43] [53/324] STHP
[20:22:44] [54/324] CPPD
[20:22:45] [55/324] FCLK
[20:22:46] [56/324] SCPP
[20:22:46] [57/324] DCMJ
[20:22:47] [58/324] RCCR
[20:22:48] [59/324] INMT
[20:22:49] [60/324] LXTK
[20:22:50] [61/324] SRYK
[20:22:51] [62/324] SGDK
[20:22:52] [63/324] PPKA
[20:22:52] [64/324] SPKA
[20:22:53] [65/324] CGHH
[20:22:54] [66/324] DCJN
[20:22:56] [67/324] SRKV
[20:22:56] [68/324] SAJC
[20:22:58] [69/324] SUSR
[20:23:00] [70/324] STYG
[20:23:01] [71/324] NTKP
[20:23:01] [72/324] AKTG
[20:23:02] [73/324] CGCM
[20:23:04] [74/324] TULC
[20:23:04] [75/324] NYYZ
[20:23:05] [76/324] NYBW
[20:23:06] [77/324] MACB
[20:23:07] [78/324] SLVT
[20:23:08] [79/324] SANA
[20:23:09] [80/324] ACMR
[20:23:10] [81/324] CPKN
[20:23:11] [82/324] DLGK
[20:23:12] [83/324] CWCK
[20:23:13] [84/324] FDDH
[20:23:13] [85/324] MMMD
[20:23:14] [86/324] CMEH
[20:23:15] [87/324] GGGV
[20:23:16] [88/324] SPJL
[20:23:17] [89/324] RCCD
[20:23:18] [90/324] STTZ
[20:23:19] [91/324] BTCF
[20:23:20] [92/324] TSTZ
[20:23:20] [93/324] IPMM
[20:23:21] [94/324] PMPW
[20:23:22] [95/324] PCMZ
[20:23:24] [96/324] ESEM
[20:23:25] [97/324] PIPO
[20:23:26] [98/324] MATK
[20:23:27] [99/324] PGHM
[20:23:27] [100/324] CTSR
[20:23:28] [101/324] CYKR
[20:23:29] [102/324] MSCM
[20:23:30] [103/324] RFNP
[20:23:31] [104/324] PDCP
[20:23:32] [105/324] NPSE
[20:23:33] [106/324] MKML
[20:23:34] [107/324] FTDP
[20:23:35] [108/324] MMXA
[20:23:36] [109/324] CEPO
[20:23:37] [110/324] CMVP
[20:23:38] [111/324] SGTH
[20:23:39] [112/324] SAYN
[20:23:40] [113/324] URVS
[20:23:41] [114/324] VJTN
[20:23:41] [115/324] BBYK
[20:23:43] [116/324] SHBO
[20:23:44] [117/324] VCMR
[20:23:45] [118/324] MACT
[20:23:46] [119/324] JMNP
[20:23:46] [120/324] VICS
[20:23:48] [121/324] VCDA
[20:23:49] [122/324] GCMM
[20:23:51] [123/324] INVS
[20:23:51] [124/324] SCGM
[20:23:53] [125/324] PCDA
[20:23:54] [126/324] KDCT
[20:23:55] [127/324] JACS
[20:23:56] [128/324] GMMC
[20:23:57] [129/324] AICM
[20:23:57] [130/324] TJCM
[20:23:58] [131/324] RMTI
[20:23:59] [132/324] SHAC
[20:24:00] [133/324] APJC
[20:24:01] [134/324] GCTG
[20:24:02] [135/324] SSMC
[20:24:04] [136/324] THRM
[20:24:05] [137/324] RBCT
[20:24:06] [138/324] DIKT
[20:24:07] [139/324] MIDL
[20:24:08] [140/324] VCSN
[20:24:09] [141/324] SKTG
[20:24:11] [142/324] SMWC
[20:24:12] [143/324] MNKH
[20:24:13] [144/324] PIAT
[20:24:14] [145/324] LTTP
[20:24:15] [146/324] PTPU
[20:24:16] [147/324] ACMG
[20:24:17] [148/324] SHMM
[20:24:18] [149/324] MCMN
[20:24:18] [150/324] GLDC
[20:24:19] [151/324] HOUT
[20:24:21] [152/324] SVRP
[20:24:23] [153/324] PVDN
[20:24:24] [154/324] SCPY
[20:24:26] [155/324] DTPY
[20:24:26] [156/324] GKCS
[20:24:27] [157/324] NCAM
[20:24:28] [158/324] BSRM
[20:24:29] [159/324] RCLC
[20:24:30] [160/324] SKKD
[20:24:31] [161/324] ACHU
[20:24:32] [162/324] RSCF
[20:24:33] [163/324] IMSH
[20:24:33] [164/324] MACX
[20:24:34] [165/324] HMMW
[20:24:35] [166/324] JTCP
[20:24:36] [167/324] SREN
[20:24:37] [168/324] PJRR
[20:24:38] [169/324] INAC
[20:24:39] [170/324] BMCA
[20:24:39] [171/324] SHCB
[20:24:40] [172/324] GABA
[20:24:41] [173/324] SBCT
[20:24:43] [174/324] GCMA
[20:24:44] [175/324] MYTK
[20:24:45] [176/324] INZS
[20:24:45] [177/324] RMIK
[20:24:46] [178/324] NYCH
[20:24:47] [179/324] RAVE
[20:24:49] [180/324] PSXM
[20:24:50] [181/324] MCGP
[20:24:50] [182/324] PDDK
[20:24:51] [183/324] SPCK
[20:24:52] [184/324] MCRL
[20:24:53] [185/324] MHKT
[20:24:54] [186/324] ANRR
[20:24:54] [187/324] SAPK
[20:24:55] [188/324] NCUK
[20:24:56] [189/324] JUGA
[20:24:57] [190/324] DBSC
[20:24:57] [191/324] LALK
[20:24:59] [192/324] GUCK
[20:25:00] [193/324] STSG
[20:25:01] [194/324] PPPZ
[20:25:02] [195/324] CNCY
[20:25:02] [196/324] MTAR
[20:25:03] [197/324] VNKD
[20:25:04] [198/324] KMAJ
[20:25:05] [199/324] ACXK
[20:25:06] [200/324] UTKC
[20:25:08] [201/324] PBLK
[20:25:09] [202/324] ACBX
[20:25:11] [203/324] PTGM
[20:25:11] [204/324] BTDA
[20:25:12] [205/324] PJMB
[20:25:13] [206/324] TPDA
[20:25:14] [207/324] AMOE
[20:25:15] [208/324] PRHT
[20:25:15] [209/324] PRTA
[20:25:17] [210/324] STAM
[20:25:18] [211/324] MSAA
[20:25:19] [212/324] SDLU
[20:25:19] [213/324] RCHH
[20:25:20] [214/324] KANT
[20:25:22] [215/324] FCRT
[20:25:23] [216/324] DNKM
[20:25:23] [217/324] RYCP
[20:25:24] [218/324] MYRP
[20:25:25] [219/324] PPAK
[20:25:26] [220/324] NVPK
[20:25:27] [221/324] PRMC
[20:25:28] [222/324] JBCS
[20:25:29] [223/324] GXCK
[20:25:30] [224/324] USKO
[20:25:31] [225/324] GTEM
[20:25:31] [226/324] SMBU
[20:25:32] [227/324] VETC
[20:25:33] [228/324] LCDA
[20:25:34] [229/324] MTVT
[20:25:35] [230/324] PYCP
[20:25:35] [231/324] PNSC
[20:25:36] [232/324] PPCC
[20:25:37] [233/324] TGRT
[20:25:38] [234/324] JYOT
[20:25:39] [235/324] SRCZ
[20:25:40] [236/324] SJTE
[20:25:40] [237/324] DESC
[20:25:41] [238/324] JHVN
[20:25:42] [239/324] IPSG
[20:25:43] [240/324] IPCM
[20:25:44] [241/324] PDRS
[20:25:45] [242/324] ANCV
[20:25:46] [243/324] CMVV
[20:25:47] [244/324] SHYP
[20:25:47] [245/324] DNCS
[20:25:48] [246/324] GAJK
[20:25:49] [247/324] AKTN
[20:25:50] [248/324] KAYA
[20:25:51] [249/324] SBRC
[20:25:52] [250/324] CHTP
[20:25:52] [251/324] SHRT
[20:25:53] [252/324] BCKU
[20:25:54] [253/324] FCPS
[20:25:55] [254/324] ARDD
[20:25:57] [255/324] CPCM
[20:25:58] [256/324] CGSM
[20:25:58] [257/324] PSMP
[20:25:59] [258/324] SDAL
[20:26:00] [259/324] RTNB
[20:26:01] [260/324] LMCR
[20:26:03] [261/324] CIMA
[20:26:04] [262/324] RNAS
[20:26:05] [263/324] LITH
[20:26:05] [264/324] PBOX
[20:26:06] [265/324] FRTS
[20:26:07] [266/324] RKIC
[20:26:08] [267/324] PTAI
[20:26:10] [268/324] GCIC
[20:26:10] [269/324] FNAS
[20:26:11] [270/324] SCAR
[20:26:12] [271/324] MTCA
[20:26:13] [272/324] SCTS
[20:26:14] [273/324] SYCS
[20:26:15] [274/324] RDMS
[20:26:16] [275/324] KAMP
[20:26:17] [276/324] ERSD
[20:26:18] [277/324] MJMJ
[20:26:18] [278/324] SRCJ
[20:26:20] [279/324] SCXE
[20:26:21] [280/324] SVFR
[20:26:22] [281/324] BHCS
[20:26:22] [282/324] IMCC
[20:26:23] [283/324] PCBO
[20:26:25] [284/324] PRVN
[20:26:26] [285/324] AUPM
[20:26:26] [286/324] INBW
[20:26:27] [287/324] SVCW
[20:26:28] [288/324] RKCF
[20:26:29] [289/324] UVBH
[20:26:30] [290/324] DNCY
[20:26:31] [291/324] ABCN
[20:26:31] [292/324] PRUR
[20:26:32] [293/324] PFMR
[20:26:33] [294/324] RKCN
[20:26:34] [295/324] CFEA
[20:26:35] [296/324] SDBG
[20:26:36] [297/324] SNAR
[20:26:37] [298/324] YISI
[20:26:38] [299/324] JCFF
[20:26:39] [300/324] VTRK
[20:26:40] [301/324] PCLZ
[20:26:41] [302/324] DIMY
[20:26:41] [303/324] BBTS
[20:26:42] [304/324] GATH
[20:26:43] [305/324] GTMN
[20:26:44] [306/324] VTMH
[20:26:44] [307/324] CCKP
[20:26:45] [308/324] GPKA
[20:26:47] [309/324] MHCL
[20:26:48] [310/324] ATCL
[20:26:50] [311/324] SBCK
[20:26:50] [312/324] AMMR
[20:26:51] [313/324] MADC
[20:26:52] [314/324] TMMA
[20:26:53] [315/324] CACC
[20:26:54] [316/324] CHAL
[20:26:55] [317/324] DURG
[20:26:56] [318/324] GMKU
[20:26:56] [319/324] GECA
[20:26:58] [320/324] KYRR
[20:26:59] [321/324] KSDE
[20:27:00] [322/324] LMCI
[20:27:01] [323/324] NKCP
[20:27:01] [324/324] BGTC
[20:27:03] 🧹 Deduping shows
[20:27:03] ✅ DONE | Shows=2000 | Movies=63
[20:32:37] 🚀 SCRIPT STARTED
[20:32:37] [1/324] GCTA
[20:32:37] 🧠 New identity created
[20:32:38] [2/324] TOPN
[20:32:39] [3/324] MCUS
[20:32:40] [4/324] SHRL
[20:32:41] [5/324] UPTP
[20:32:42] [6/324] TMMP
[20:32:42] [7/324] DNRP
[20:32:43] [8/324] SRLT
[20:32:44] [9/324] RCNS
[20:32:45] [10/324] DCBH
[20:32:46] [11/324] NAGJ
[20:32:46] [12/324] JVRC
[20:32:47] [13/324] KRJG
[20:32:48] [14/324] SRTJ
[20:32:49] [15/324] CMXM
[20:32:50] [16/324] STMI
[20:32:50] [17/324] SLST
[20:32:51] [18/324] DTCN
[20:32:53] [19/324] STYN
[20:32:54] [20/324] SZVR
[20:32:55] [21/324] SRKO
[20:32:56] [22/324] JTGT
[20:32:57] [23/324] SVFD
[20:32:58] [24/324] SISD
[20:32:59] [25/324] ABDD
[20:33:00] [26/324] DRCA
[20:33:01] [27/324] AVCS
[20:33:01] [28/324] MVKH
[20:33:02] [29/324] ACPR
[20:33:03] [30/324] STIP
[20:33:04] [31/324] MTRA
[20:33:05] [32/324] RMKH
[20:33:07] [33/324] NKRL
[20:33:09] [34/324] PCWN
[20:33:10] [35/324] BLMT
[20:33:10] [36/324] GDPG
[20:33:11] [37/324] SRMX
[20:33:12] [38/324] JACP
[20:33:13] [39/324] CPSH
[20:33:14] [40/324] MCCD
[20:33:15] [41/324] ECGH
[20:33:16] [42/324] MKCK
[20:33:17] [43/324] SRMM
[20:33:18] [44/324] SKYR
[20:33:19] [45/324] PCKC
[20:33:19] [46/324] JCMA
[20:33:20] [47/324] BSMP
[20:33:21] [48/324] VSPA
[20:33:22] [49/324] DJYA
[20:33:23] [50/324] DIMP
[20:33:24] [51/324] FXDR
[20:33:24] [52/324] SSRC
[20:33:26] [53/324] STHP
[20:33:27] [54/324] CPPD
[20:33:28] [55/324] FCLK
[20:33:29] [56/324] SCPP
[20:33:30] [57/324] DCMJ
[20:33:31] [58/324] RCCR
[20:33:32] [59/324] INMT
[20:33:32] [60/324] LXTK
[20:33:33] [61/324] SRYK
[20:33:34] [62/324] SGDK
[20:33:35] [63/324] PPKA
[20:33:36] [64/324] SPKA
[20:33:37] [65/324] CGHH
[20:33:38] [66/324] DCJN
[20:33:39] [67/324] SRKV
[20:33:39] [68/324] SAJC
[20:33:40] [69/324] SUSR
[20:33:41] [70/324] STYG
[20:33:42] [71/324] NTKP
[20:33:43] [72/324] AKTG
[20:33:43] [73/324] CGCM
[20:33:44] [74/324] TULC
[20:33:45] [75/324] NYYZ
[20:33:46] [76/324] NYBW
[20:33:46] [77/324] MACB
[20:33:47] [78/324] SLVT
[20:33:48] [79/324] SANA
[20:33:48] [80/324] ACMR
[20:33:49] [81/324] CPKN
[20:33:50] [82/324] DLGK
[20:33:51] [83/324] CWCK
[20:33:52] [84/324] FDDH
[20:33:53] [85/324] MMMD
[20:33:53] [86/324] CMEH
[20:33:54] [87/324] GGGV
[20:33:55] [88/324] SPJL
[20:33:56] [89/324] RCCD
[20:33:57] [90/324] STTZ
[20:33:58] [91/324] BTCF
[20:33:58] [92/324] TSTZ
[20:33:59] [93/324] IPMM
[20:34:00] [94/324] PMPW
[20:34:01] [95/324] PCMZ
[20:34:02] [96/324] ESEM
[20:34:03] [97/324] PIPO
[20:34:04] [98/324] MATK
[20:34:05] [99/324] PGHM
[20:34:05] [100/324] CTSR
[20:34:07] [101/324] CYKR
[20:34:08] [102/324] MSCM
[20:34:09] [103/324] RFNP
[20:34:09] [104/324] PDCP
[20:34:10] [105/324] NPSE
[20:34:11] [106/324] MKML
[20:34:12] [107/324] FTDP
[20:34:13] [108/324] MMXA
[20:34:13] [109/324] CEPO
[20:34:14] [110/324] CMVP
[20:34:16] [111/324] SGTH
[20:34:16] [112/324] SAYN
[20:34:18] [113/324] URVS
[20:34:19] [114/324] VJTN
[20:34:20] [115/324] BBYK
[20:34:20] [116/324] SHBO
[20:34:21] [117/324] VCMR
[20:34:22] [118/324] MACT
[20:34:23] [119/324] JMNP
[20:34:23] [120/324] VICS
[20:34:25] [121/324] VCDA
[20:34:26] [122/324] GCMM
[20:34:27] [123/324] INVS
[20:34:27] [124/324] SCGM
[20:34:28] [125/324] PCDA
[20:34:29] [126/324] KDCT
[20:34:31] [127/324] JACS
[20:34:31] [128/324] GMMC
[20:34:32] [129/324] AICM
[20:34:33] [130/324] TJCM
[20:34:34] [131/324] RMTI
[20:34:35] [132/324] SHAC
[20:34:36] [133/324] APJC
[20:34:36] [134/324] GCTG
[20:34:37] [135/324] SSMC
[20:34:38] [136/324] THRM
[20:34:39] [137/324] RBCT
[20:34:39] [138/324] DIKT
[20:34:40] [139/324] MIDL
[20:34:41] [140/324] VCSN
[20:34:42] [141/324] SKTG
[20:34:43] [142/324] SMWC
[20:34:44] [143/324] MNKH
[20:34:45] [144/324] PIAT
[20:34:45] [145/324] LTTP
[20:34:46] [146/324] PTPU
[20:34:47] [147/324] ACMG
[20:34:48] [148/324] SHMM
[20:34:49] [149/324] MCMN
[20:34:50] [150/324] GLDC
[20:34:50] [151/324] HOUT
[20:34:51] [152/324] SVRP
[20:34:52] [153/324] PVDN
[20:34:52] [154/324] SCPY
[20:34:53] [155/324] DTPY
[20:34:54] [156/324] GKCS
[20:34:55] [157/324] NCAM
[20:34:56] [158/324] BSRM
[20:34:56] [159/324] RCLC
[20:34:57] [160/324] SKKD
[20:34:58] [161/324] ACHU
[20:34:58] [162/324] RSCF
[20:34:59] [163/324] IMSH
[20:35:01] [164/324] MACX
[20:35:02] [165/324] HMMW
[20:35:03] [166/324] JTCP
[20:35:04] [167/324] SREN
[20:35:04] [168/324] PJRR
[20:35:05] [169/324] INAC
[20:35:06] [170/324] BMCA
[20:35:07] [171/324] SHCB
[20:35:08] [172/324] GABA
[20:35:09] [173/324] SBCT
[20:35:09] [174/324] GCMA
[20:35:10] [175/324] MYTK
[20:35:11] [176/324] INZS
[20:35:12] [177/324] RMIK
[20:35:13] [178/324] NYCH
[20:35:14] [179/324] RAVE
[20:35:14] [180/324] PSXM
[20:35:15] [181/324] MCGP
[20:35:16] [182/324] PDDK
[20:35:17] [183/324] SPCK
[20:35:18] [184/324] MCRL
[20:35:19] [185/324] MHKT
[20:35:20] [186/324] ANRR
[20:35:21] [187/324] SAPK
[20:35:22] [188/324] NCUK
[20:35:23] [189/324] JUGA
[20:35:24] [190/324] DBSC
[20:35:24] [191/324] LALK
[20:35:25] [192/324] GUCK
[20:35:26] [193/324] STSG
[20:35:27] [194/324] PPPZ
[20:35:28] [195/324] CNCY
[20:35:29] [196/324] MTAR
[20:35:29] [197/324] VNKD
[20:35:30] [198/324] KMAJ
[20:35:32] [199/324] ACXK
[20:35:33] [200/324] UTKC
[20:35:33] [201/324] PBLK
[20:35:34] [202/324] ACBX
[20:35:35] [203/324] PTGM
[20:35:36] [204/324] BTDA
[20:35:37] [205/324] PJMB
[20:35:38] [206/324] TPDA
[20:35:39] [207/324] AMOE
[20:35:40] [208/324] PRHT
[20:35:41] [209/324] PRTA
[20:35:42] [210/324] STAM
[20:35:42] [211/324] MSAA
[20:35:44] [212/324] SDLU
[20:35:45] [213/324] RCHH
[20:35:45] [214/324] KANT
[20:35:46] [215/324] FCRT
[20:35:47] [216/324] DNKM
[20:35:48] [217/324] RYCP
[20:35:48] [218/324] MYRP
[20:35:49] [219/324] PPAK
[20:35:51] [220/324] NVPK
[20:35:52] [221/324] PRMC
[20:35:53] [222/324] JBCS
[20:35:54] [223/324] GXCK
[20:35:54] [224/324] USKO
[20:35:55] [225/324] GTEM
[20:35:56] [226/324] SMBU
[20:35:57] [227/324] VETC
[20:35:57] [228/324] LCDA
[20:35:58] [229/324] MTVT
[20:35:59] [230/324] PYCP
[20:36:00] [231/324] PNSC
[20:36:00] [232/324] PPCC
[20:36:01] [233/324] TGRT
[20:36:02] [234/324] JYOT
[20:36:03] [235/324] SRCZ
[20:36:05] [236/324] SJTE
[20:36:06] [237/324] DESC
[20:36:06] [238/324] JHVN
[20:36:07] [239/324] IPSG
[20:36:08] [240/324] IPCM
[20:36:09] [241/324] PDRS
[20:36:09] [242/324] ANCV
[20:36:10] [243/324] CMVV
[20:36:11] [244/324] SHYP
[20:36:12] [245/324] DNCS
[20:36:13] [246/324] GAJK
[20:36:14] [247/324] AKTN
[20:36:14] [248/324] KAYA
[20:36:15] [249/324] SBRC
[20:36:16] [250/324] CHTP
[20:36:17] [251/324] SHRT
[20:36:18] [252/324] BCKU
[20:36:19] [253/324] FCPS
[20:36:20] [254/324] ARDD
[20:36:20] [255/324] CPCM
[20:36:21] [256/324] CGSM
[20:36:22] [257/324] PSMP
[20:36:23] [258/324] SDAL
[20:36:24] [259/324] RTNB
[20:36:24] [260/324] LMCR
[20:36:25] [261/324] CIMA
[20:36:26] [262/324] RNAS
[20:36:27] [263/324] LITH
[20:36:27] [264/324] PBOX
[20:36:28] [265/324] FRTS
[20:36:29] [266/324] RKIC
[20:36:30] [267/324] PTAI
[20:36:31] [268/324] GCIC
[20:36:31] [269/324] FNAS
[20:36:32] [270/324] SCAR
[20:36:33] [271/324] MTCA
[20:36:34] [272/324] SCTS
[20:36:35] [273/324] SYCS
[20:36:36] [274/324] RDMS
[20:36:37] [275/324] KAMP
[20:36:38] [276/324] ERSD
[20:36:39] [277/324] MJMJ
[20:36:40] [278/324] SRCJ
[20:36:40] [279/324] SCXE
[20:36:41] [280/324] SVFR
[20:36:42] [281/324] BHCS
[20:36:43] [282/324] IMCC
[20:36:44] [283/324] PCBO
[20:36:44] [284/324] PRVN
[20:36:45] [285/324] AUPM
[20:36:46] [286/324] INBW
[20:36:47] [287/324] SVCW
[20:36:48] [288/324] RKCF
[20:36:49] [289/324] UVBH
[20:36:50] [290/324] DNCY
[20:36:51] [291/324] ABCN
[20:36:52] [292/324] PRUR
[20:36:53] [293/324] PFMR
[20:36:53] [294/324] RKCN
[20:36:54] [295/324] CFEA
[20:36:55] [296/324] SDBG
[20:36:56] [297/324] SNAR
[20:36:57] [298/324] YISI
[20:36:57] [299/324] JCFF
[20:36:58] [300/324] VTRK
[20:36:59] [301/324] PCLZ
[20:37:00] [302/324] DIMY
[20:37:01] [303/324] BBTS
[20:37:02] [304/324] GATH
[20:37:03] [305/324] GTMN
[20:37:03] [306/324] VTMH
[20:37:04] [307/324] CCKP
[20:37:05] [308/324] GPKA
[20:37:06] [309/324] MHCL
[20:37:07] [310/324] ATCL
[20:37:07] [311/324] SBCK
[20:37:08] [312/324] AMMR
[20:37:09] [313/324] MADC
[20:37:10] [314/324] TMMA
[20:37:11] [315/324] CACC
[20:37:12] [316/324] CHAL
[20:37:13] [317/324] DURG
[20:37:14] [318/324] GMKU
[20:37:15] [319/324] GECA
[20:37:15] [320/324] KYRR
[20:37:16] [321/324] KSDE
[20:37:17] [322/324] LMCI
[20:37:18] [323/324] NKCP
[20:37:19] [324/324] BGTC
[20:37:20] 🧹 Deduping shows
[20:37:20] ✅ DONE | Shows=2000 | Movies=63
[20:42:31] 🚀 SCRIPT STARTED
[20:42:31] [1/324] GCTA
[20:42:32] 🧠 New identity created
[20:42:32] [2/324] TOPN
[20:42:33] [3/324] MCUS
[20:42:34] [4/324] SHRL
[20:42:35] [5/324] UPTP
[20:42:36] [6/324] TMMP
[20:42:38] [7/324] DNRP
[20:42:39] [8/324] SRLT
[20:42:40] [9/324] RCNS
[20:42:41] [10/324] DCBH
[20:42:42] [11/324] NAGJ
[20:42:43] [12/324] JVRC
[20:42:44] [13/324] KRJG
[20:42:45] [14/324] SRTJ
[20:42:46] [15/324] CMXM
[20:42:47] [16/324] STMI
[20:42:48] [17/324] SLST
[20:42:49] [18/324] DTCN
[20:42:50] [19/324] STYN
[20:42:51] [20/324] SZVR
[20:42:53] [21/324] SRKO
[20:42:54] [22/324] JTGT
[20:42:55] [23/324] SVFD
[20:42:56] [24/324] SISD
[20:42:57] [25/324] ABDD
[20:42:58] [26/324] DRCA
[20:42:58] [27/324] AVCS
[20:43:00] [28/324] MVKH
[20:43:01] [29/324] ACPR
[20:43:02] [30/324] STIP
[20:43:03] [31/324] MTRA
[20:43:04] [32/324] RMKH
[20:43:06] [33/324] NKRL
[20:43:07] [34/324] PCWN
[20:43:08] [35/324] BLMT
[20:43:08] [36/324] GDPG
[20:43:10] [37/324] SRMX
[20:43:11] [38/324] JACP
[20:43:12] [39/324] CPSH
[20:43:13] [40/324] MCCD
[20:43:14] [41/324] ECGH
[20:43:14] [42/324] MKCK
[20:43:15] [43/324] SRMM
[20:43:16] [44/324] SKYR
[20:43:17] [45/324] PCKC
[20:43:18] [46/324] JCMA
[20:43:19] [47/324] BSMP
[20:43:19] [48/324] VSPA
[20:43:20] [49/324] DJYA
[20:43:21] [50/324] DIMP
[20:43:22] [51/324] FXDR
[20:43:24] [52/324] SSRC
[20:43:25] [53/324] STHP
[20:43:26] [54/324] CPPD
[20:43:27] [55/324] FCLK
[20:43:27] [56/324] SCPP
[20:43:28] [57/324] DCMJ
[20:43:29] [58/324] RCCR
[20:43:30] [59/324] INMT
[20:43:31] [60/324] LXTK
[20:43:32] [61/324] SRYK
[20:43:34] [62/324] SGDK
[20:43:35] [63/324] PPKA
[20:43:36] [64/324] SPKA
[20:43:37] [65/324] CGHH
[20:43:39] [66/324] DCJN
[20:43:39] [67/324] SRKV
[20:43:40] [68/324] SAJC
[20:43:41] [69/324] SUSR
[20:43:42] [70/324] STYG
[20:43:43] [71/324] NTKP
[20:43:43] [72/324] AKTG
[20:43:45] [73/324] CGCM
[20:43:45] [74/324] TULC
[20:43:46] [75/324] NYYZ
[20:43:47] [76/324] NYBW
[20:43:48] [77/324] MACB
[20:43:50] [78/324] SLVT
[20:43:51] [79/324] SANA
[20:43:52] [80/324] ACMR
[20:43:53] [81/324] CPKN
[20:43:55] [82/324] DLGK
[20:43:56] [83/324] CWCK
[20:43:58] [84/324] FDDH
[20:43:59] [85/324] MMMD
[20:44:00] [86/324] CMEH
[20:44:01] [87/324] GGGV
[20:44:02] [88/324] SPJL
[20:44:03] [89/324] RCCD
[20:44:04] [90/324] STTZ
[20:44:05] [91/324] BTCF
[20:44:06] [92/324] TSTZ
[20:44:07] [93/324] IPMM
[20:44:07] [94/324] PMPW
[20:44:09] [95/324] PCMZ
[20:44:10] [96/324] ESEM
[20:44:11] [97/324] PIPO
[20:44:12] [98/324] MATK
[20:44:13] [99/324] PGHM
[20:44:13] [100/324] CTSR
[20:44:14] [101/324] CYKR
[20:44:15] [102/324] MSCM
[20:44:16] [103/324] RFNP
[20:44:17] [104/324] PDCP
[20:44:18] [105/324] NPSE
[20:44:19] [106/324] MKML
[20:44:21] [107/324] FTDP
[20:44:22] [108/324] MMXA
[20:44:23] [109/324] CEPO
[20:44:24] [110/324] CMVP
[20:44:24] [111/324] SGTH
[20:44:25] [112/324] SAYN
[20:44:26] [113/324] URVS
[20:44:27] [114/324] VJTN
[20:44:28] [115/324] BBYK
[20:44:29] [116/324] SHBO
[20:44:29] [117/324] VCMR
[20:44:30] [118/324] MACT
[20:44:31] [119/324] JMNP
[20:44:32] [120/324] VICS
[20:44:33] [121/324] VCDA
[20:44:34] [122/324] GCMM
[20:44:35] [123/324] INVS
[20:44:36] [124/324] SCGM
[20:44:36] [125/324] PCDA
[20:44:37] [126/324] KDCT
[20:44:38] [127/324] JACS
[20:44:39] [128/324] GMMC
[20:44:40] [129/324] AICM
[20:44:41] [130/324] TJCM
[20:44:43] [131/324] RMTI
[20:44:44] [132/324] SHAC
[20:44:45] [133/324] APJC
[20:44:46] [134/324] GCTG
[20:44:47] [135/324] SSMC
[20:44:47] [136/324] THRM
[20:44:48] [137/324] RBCT
[20:44:49] [138/324] DIKT
[20:44:50] [139/324] MIDL
[20:44:51] [140/324] VCSN
[20:44:52] [141/324] SKTG
[20:44:53] [142/324] SMWC
[20:44:54] [143/324] MNKH
[20:44:55] [144/324] PIAT
[20:44:56] [145/324] LTTP
[20:44:57] [146/324] PTPU
[20:44:57] [147/324] ACMG
[20:44:58] [148/324] SHMM
[20:44:59] [149/324] MCMN
[20:45:00] [150/324] GLDC
[20:45:00] [151/324] HOUT
[20:45:01] [152/324] SVRP
[20:45:02] [153/324] PVDN
[20:45:03] [154/324] SCPY
[20:45:04] [155/324] DTPY
[20:45:05] [156/324] GKCS
[20:45:07] [157/324] NCAM
[20:45:08] [158/324] BSRM
[20:45:08] [159/324] RCLC
[20:45:09] [160/324] SKKD
[20:45:10] [161/324] ACHU
[20:45:11] [162/324] RSCF
[20:45:12] [163/324] IMSH
[20:45:14] [164/324] MACX
[20:45:14] [165/324] HMMW
[20:45:15] [166/324] JTCP
[20:45:16] [167/324] SREN
[20:45:18] [168/324] PJRR
[20:45:19] [169/324] INAC
[20:45:20] [170/324] BMCA
[20:45:21] [171/324] SHCB
[20:45:22] [172/324] GABA
[20:45:23] [173/324] SBCT
[20:45:25] [174/324] GCMA
[20:45:25] [175/324] MYTK
[20:45:27] [176/324] INZS
[20:45:28] [177/324] RMIK
[20:45:29] [178/324] NYCH
[20:45:29] [179/324] RAVE
[20:45:30] [180/324] PSXM
[20:45:31] [181/324] MCGP
[20:45:32] [182/324] PDDK
[20:45:33] [183/324] SPCK
[20:45:34] [184/324] MCRL
[20:45:35] [185/324] MHKT
[20:45:36] [186/324] ANRR
[20:45:37] [187/324] SAPK
[20:45:37] [188/324] NCUK
[20:45:38] [189/324] JUGA
[20:45:39] [190/324] DBSC
[20:45:40] [191/324] LALK
[20:45:41] [192/324] GUCK
[20:45:42] [193/324] STSG
[20:45:42] [194/324] PPPZ
[20:45:44] [195/324] CNCY
[20:45:46] [196/324] MTAR
[20:45:46] [197/324] VNKD
[20:45:47] [198/324] KMAJ
[20:45:48] [199/324] ACXK
[20:45:49] [200/324] UTKC
[20:45:50] [201/324] PBLK
[20:45:51] [202/324] ACBX
[20:45:51] [203/324] PTGM
[20:45:52] [204/324] BTDA
[20:45:53] [205/324] PJMB
[20:45:54] [206/324] TPDA
[20:45:54] [207/324] AMOE
[20:45:55] [208/324] PRHT
[20:45:56] [209/324] PRTA
[20:45:57] [210/324] STAM
[20:45:58] [211/324] MSAA
[20:45:58] [212/324] SDLU
[20:45:59] [213/324] RCHH
[20:46:00] [214/324] KANT
[20:46:01] [215/324] FCRT
[20:46:02] [216/324] DNKM
[20:46:03] [217/324] RYCP
[20:46:04] [218/324] MYRP
[20:46:04] [219/324] PPAK
[20:46:05] [220/324] NVPK
[20:46:06] [221/324] PRMC
[20:46:07] [222/324] JBCS
[20:46:09] [223/324] GXCK
[20:46:09] [224/324] USKO
[20:46:10] [225/324] GTEM
[20:46:11] [226/324] SMBU
[20:46:12] [227/324] VETC
[20:46:13] [228/324] LCDA
[20:46:14] [229/324] MTVT
[20:46:14] [230/324] PYCP
[20:46:15] [231/324] PNSC
[20:46:16] [232/324] PPCC
[20:46:17] [233/324] TGRT
[20:46:18] [234/324] JYOT
[20:46:19] [235/324] SRCZ
[20:46:20] [236/324] SJTE
[20:46:21] [237/324] DESC
[20:46:22] [238/324] JHVN
[20:46:23] [239/324] IPSG
[20:46:24] [240/324] IPCM
[20:46:25] [241/324] PDRS
[20:46:25] [242/324] ANCV
[20:46:26] [243/324] CMVV
[20:46:27] [244/324] SHYP
[20:46:28] [245/324] DNCS
[20:46:29] [246/324] GAJK
[20:46:30] [247/324] AKTN
[20:46:31] [248/324] KAYA
[20:46:32] [249/324] SBRC
[20:46:33] [250/324] CHTP
[20:46:35] [251/324] SHRT
[20:46:37] [252/324] BCKU
[20:46:38] [253/324] FCPS
[20:46:39] [254/324] ARDD
[20:46:40] [255/324] CPCM
[20:46:41] [256/324] CGSM
[20:46:41] [257/324] PSMP
[20:46:42] [258/324] SDAL
[20:46:43] [259/324] RTNB
[20:46:44] [260/324] LMCR
[20:46:45] [261/324] CIMA
[20:46:46] [262/324] RNAS
[20:46:46] [263/324] LITH
[20:46:47] [264/324] PBOX
[20:46:48] [265/324] FRTS
[20:46:49] [266/324] RKIC
[20:46:50] [267/324] PTAI
[20:46:51] [268/324] GCIC
[20:46:52] [269/324] FNAS
[20:46:53] [270/324] SCAR
[20:46:54] [271/324] MTCA
[20:46:55] [272/324] SCTS
[20:46:56] [273/324] SYCS
[20:46:57] [274/324] RDMS
[20:46:58] [275/324] KAMP
[20:46:58] [276/324] ERSD
[20:46:59] [277/324] MJMJ
[20:47:00] [278/324] SRCJ
[20:47:01] [279/324] SCXE
[20:47:02] [280/324] SVFR
[20:47:03] [281/324] BHCS
[20:47:03] [282/324] IMCC
[20:47:04] [283/324] PCBO
[20:47:05] [284/324] PRVN
[20:47:06] [285/324] AUPM
[20:47:07] [286/324] INBW
[20:47:08] [287/324] SVCW
[20:47:09] [288/324] RKCF
[20:47:10] [289/324] UVBH
[20:47:10] [290/324] DNCY
[20:47:11] [291/324] ABCN
[20:47:12] [292/324] PRUR
[20:47:13] [293/324] PFMR
[20:47:15] [294/324] RKCN
[20:47:16] [295/324] CFEA
[20:47:17] [296/324] SDBG
[20:47:18] [297/324] SNAR
[20:47:19] [298/324] YISI
[20:47:20] [299/324] JCFF
[20:47:22] [300/324] VTRK
[20:47:23] [301/324] PCLZ
[20:47:24] [302/324] DIMY
[20:47:25] [303/324] BBTS
[20:47:26] [304/324] GATH
[20:47:27] [305/324] GTMN
[20:47:28] [306/324] VTMH
[20:47:28] [307/324] CCKP
[20:47:29] [308/324] GPKA
[20:47:31] [309/324] MHCL
[20:47:32] [310/324] ATCL
[20:47:33] [311/324] SBCK
[20:47:34] [312/324] AMMR
[20:47:34] [313/324] MADC
[20:47:35] [314/324] TMMA
[20:47:36] [315/324] CACC
[20:47:37] [316/324] CHAL
[20:47:38] [317/324] DURG
[20:47:39] [318/324] GMKU
[20:47:39] [319/324] GECA
[20:47:41] [320/324] KYRR
[20:47:42] [321/324] KSDE
[20:47:43] [322/324] LMCI
[20:47:44] [323/324] NKCP
[20:47:45] [324/324] BGTC
[20:47:45] 🧹 Deduping shows
[20:47:45] ✅ DONE | Shows=2000 | Movies=63
[22:49:01] 🚀 SCRIPT STARTED
[22:49:01] [1/324] GCTA
[22:49:01] 🧠 New identity created
[22:49:02] [2/324] TOPN
[22:49:03] [3/324] MCUS
[22:49:04] [4/324] SHRL
[22:49:05] [5/324] UPTP
[22:49:06] [6/324] TMMP
[22:49:07] [7/324] DNRP
[22:49:07] [8/324] SRLT
[22:49:08] [9/324] RCNS
[22:49:10] [10/324] DCBH
[22:49:11] [11/324] NAGJ
[22:49:12] [12/324] JVRC
[22:49:13] [13/324] KRJG
[22:49:13] [14/324] SRTJ
[22:49:14] [15/324] CMXM
[22:49:15] [16/324] STMI
[22:49:16] [17/324] SLST
[22:49:17] [18/324] DTCN
[22:49:18] [19/324] STYN
[22:49:19] [20/324] SZVR
[22:49:19] [21/324] SRKO
[22:49:20] [22/324] JTGT
[22:49:22] [23/324] SVFD
[22:49:23] [24/324] SISD
[22:49:24] [25/324] ABDD
[22:49:26] [26/324] DRCA
[22:49:27] [27/324] AVCS
[22:49:27] [28/324] MVKH
[22:49:28] [29/324] ACPR
[22:49:29] [30/324] STIP
[22:49:30] [31/324] MTRA
[22:49:30] [32/324] RMKH
[22:49:31] [33/324] NKRL
[22:49:33] [34/324] PCWN
[22:49:34] [35/324] BLMT
[22:49:35] [36/324] GDPG
[22:49:35] [37/324] SRMX
[22:49:36] [38/324] JACP
[22:49:38] [39/324] CPSH
[22:49:39] [40/324] MCCD
[22:49:40] [41/324] ECGH
[22:49:41] [42/324] MKCK
[22:49:42] [43/324] SRMM
[22:49:43] [44/324] SKYR
[22:49:44] [45/324] PCKC
[22:49:45] [46/324] JCMA
[22:49:45] [47/324] BSMP
[22:49:46] [48/324] VSPA
[22:49:47] [49/324] DJYA
[22:49:48] [50/324] DIMP
[22:49:49] [51/324] FXDR
[22:49:50] [52/324] SSRC
[22:49:51] [53/324] STHP
[22:49:52] [54/324] CPPD
[22:49:53] [55/324] FCLK
[22:49:54] [56/324] SCPP
[22:49:55] [57/324] DCMJ
[22:49:56] [58/324] RCCR
[22:49:57] [59/324] INMT
[22:49:59] [60/324] LXTK
[22:50:00] [61/324] SRYK
[22:50:01] [62/324] SGDK
[22:50:02] [63/324] PPKA
[22:50:03] [64/324] SPKA
[22:50:03] [65/324] CGHH
[22:50:04] [66/324] DCJN
[22:50:05] [67/324] SRKV
[22:50:06] [68/324] SAJC
[22:50:07] [69/324] SUSR
[22:50:07] [70/324] STYG
[22:50:09] [71/324] NTKP
[22:50:09] [72/324] AKTG
[22:50:10] [73/324] CGCM
[22:50:11] [74/324] TULC
[22:50:12] [75/324] NYYZ
[22:50:13] [76/324] NYBW
[22:50:13] [77/324] MACB
[22:50:14] [78/324] SLVT
[22:50:15] [79/324] SANA
[22:50:16] [80/324] ACMR
[22:50:16] [81/324] CPKN
[22:50:17] [82/324] DLGK
[22:50:19] [83/324] CWCK
[22:50:19] [84/324] FDDH
[22:50:20] [85/324] MMMD
[22:50:21] [86/324] CMEH
[22:50:22] [87/324] GGGV
[22:50:23] [88/324] SPJL
[22:50:24] [89/324] RCCD
[22:50:25] [90/324] STTZ
[22:50:26] [91/324] BTCF
[22:50:27] [92/324] TSTZ
[22:50:28] [93/324] IPMM
[22:50:29] [94/324] PMPW
[22:50:30] [95/324] PCMZ
[22:50:31] [96/324] ESEM
[22:50:32] [97/324] PIPO
[22:50:33] [98/324] MATK
[22:50:34] [99/324] PGHM
[22:50:35] [100/324] CTSR
[22:50:36] [101/324] CYKR
[22:50:36] [102/324] MSCM
[22:50:37] [103/324] RFNP
[22:50:38] [104/324] PDCP
[22:50:39] [105/324] NPSE
[22:50:40] [106/324] MKML
[22:50:41] [107/324] FTDP
[22:50:42] [108/324] MMXA
[22:50:43] [109/324] CEPO
[22:50:44] [110/324] CMVP
[22:50:45] [111/324] SGTH
[22:50:46] [112/324] SAYN
[22:50:47] [113/324] URVS
[22:50:48] [114/324] VJTN
[22:50:50] [115/324] BBYK
[22:50:51] [116/324] SHBO
[22:50:52] [117/324] VCMR
[22:50:53] [118/324] MACT
[22:50:54] [119/324] JMNP
[22:50:54] [120/324] VICS
[22:50:56] [121/324] VCDA
[22:50:57] [122/324] GCMM
[22:50:58] [123/324] INVS
[22:50:59] [124/324] SCGM
[22:50:59] [125/324] PCDA
[22:51:00] [126/324] KDCT
[22:51:00] [127/324] JACS
[22:51:01] [128/324] GMMC
[22:51:02] [129/324] AICM
[22:51:03] [130/324] TJCM
[22:51:04] [131/324] RMTI
[22:51:05] [132/324] SHAC
[22:51:06] [133/324] APJC
[22:51:07] [134/324] GCTG
[22:51:07] [135/324] SSMC
[22:51:08] [136/324] THRM
[22:51:10] [137/324] RBCT
[22:51:10] [138/324] DIKT
[22:51:11] [139/324] MIDL
[22:51:12] [140/324] VCSN
[22:51:13] [141/324] SKTG
[22:51:13] [142/324] SMWC
[22:51:14] [143/324] MNKH
[22:51:15] [144/324] PIAT
[22:51:16] [145/324] LTTP
[22:51:17] [146/324] PTPU
[22:51:18] [147/324] ACMG
[22:51:19] [148/324] SHMM
[22:51:20] [149/324] MCMN
[22:51:21] [150/324] GLDC
[22:51:22] [151/324] HOUT
[22:51:24] [152/324] SVRP
[22:51:25] [153/324] PVDN
[22:51:25] [154/324] SCPY
[22:51:26] [155/324] DTPY
[22:51:27] [156/324] GKCS
[22:51:28] [157/324] NCAM
[22:51:28] [158/324] BSRM
[22:51:29] [159/324] RCLC
[22:51:30] [160/324] SKKD
[22:51:31] [161/324] ACHU
[22:51:31] [162/324] RSCF
[22:51:32] [163/324] IMSH
[22:51:33] [164/324] MACX
[22:51:34] [165/324] HMMW
[22:51:34] [166/324] JTCP
[22:51:35] [167/324] SREN
[22:51:36] [168/324] PJRR
[22:51:37] [169/324] INAC
[22:51:38] [170/324] BMCA
[22:51:39] [171/324] SHCB
[22:51:39] [172/324] GABA
[22:51:40] [173/324] SBCT
[22:51:41] [174/324] GCMA
[22:51:42] [175/324] MYTK
[22:51:43] [176/324] INZS
[22:51:44] [177/324] RMIK
[22:51:45] [178/324] NYCH
[22:51:45] [179/324] RAVE
[22:51:46] [180/324] PSXM
[22:51:47] [181/324] MCGP
[22:51:48] [182/324] PDDK
[22:51:49] [183/324] SPCK
[22:51:50] [184/324] MCRL
[22:51:51] [185/324] MHKT
[22:51:51] [186/324] ANRR
[22:51:52] [187/324] SAPK
[22:51:54] [188/324] NCUK
[22:51:56] [189/324] JUGA
[22:51:57] [190/324] DBSC
[22:51:58] [191/324] LALK
[22:51:59] [192/324] GUCK
[22:51:59] [193/324] STSG
[22:52:01] [194/324] PPPZ
[22:52:02] [195/324] CNCY
[22:52:03] [196/324] MTAR
[22:52:03] [197/324] VNKD
[22:52:05] [198/324] KMAJ
[22:52:07] [199/324] ACXK
[22:52:08] [200/324] UTKC
[22:52:10] [201/324] PBLK
[22:52:10] [202/324] ACBX
[22:52:11] [203/324] PTGM
[22:52:12] [204/324] BTDA
[22:52:13] [205/324] PJMB
[22:52:13] [206/324] TPDA
[22:52:14] [207/324] AMOE
[22:52:16] [208/324] PRHT
[22:52:17] [209/324] PRTA
[22:52:17] [210/324] STAM
[22:52:19] [211/324] MSAA
[22:52:21] [212/324] SDLU
[22:52:22] [213/324] RCHH
[22:52:24] [214/324] KANT
[22:52:24] [215/324] FCRT
[22:52:25] [216/324] DNKM
[22:52:26] [217/324] RYCP
[22:52:28] [218/324] MYRP
[22:52:28] [219/324] PPAK
[22:52:29] [220/324] NVPK
[22:52:30] [221/324] PRMC
[22:52:30] [222/324] JBCS
[22:52:31] [223/324] GXCK
[22:52:32] [224/324] USKO
[22:52:33] [225/324] GTEM
[22:52:33] [226/324] SMBU
[22:52:34] [227/324] VETC
[22:52:35] [228/324] LCDA
[22:52:36] [229/324] MTVT
[22:52:37] [230/324] PYCP
[22:52:38] [231/324] PNSC
[22:52:38] [232/324] PPCC
[22:52:39] [233/324] TGRT
[22:52:40] [234/324] JYOT
[22:52:40] [235/324] SRCZ
[22:52:41] [236/324] SJTE
[22:52:42] [237/324] DESC
[22:52:43] [238/324] JHVN
[22:52:44] [239/324] IPSG
[22:52:45] [240/324] IPCM
[22:52:46] [241/324] PDRS
[22:52:47] [242/324] ANCV
[22:52:48] [243/324] CMVV
[22:52:48] [244/324] SHYP
[22:52:49] [245/324] DNCS
[22:52:50] [246/324] GAJK
[22:52:51] [247/324] AKTN
[22:52:52] [248/324] KAYA
[22:52:52] [249/324] SBRC
[22:52:53] [250/324] CHTP
[22:52:54] [251/324] SHRT
[22:52:55] [252/324] BCKU
[22:52:56] [253/324] FCPS
[22:52:57] [254/324] ARDD
[22:52:57] [255/324] CPCM
[22:52:58] [256/324] CGSM
[22:53:00] [257/324] PSMP
[22:53:00] [258/324] SDAL
[22:53:02] [259/324] RTNB
[22:53:03] [260/324] LMCR
[22:53:04] [261/324] CIMA
[22:53:05] [262/324] RNAS
[22:53:05] [263/324] LITH
[22:53:06] [264/324] PBOX
[22:53:07] [265/324] FRTS
[22:53:08] [266/324] RKIC
[22:53:09] [267/324] PTAI
[22:53:10] [268/324] GCIC
[22:53:11] [269/324] FNAS
[22:53:12] [270/324] SCAR
[22:53:12] [271/324] MTCA
[22:53:13] [272/324] SCTS
[22:53:14] [273/324] SYCS
[22:53:15] [274/324] RDMS
[22:53:16] [275/324] KAMP
[22:53:17] [276/324] ERSD
[22:53:17] [277/324] MJMJ
[22:53:18] [278/324] SRCJ
[22:53:20] [279/324] SCXE
[22:53:21] [280/324] SVFR
[22:53:21] [281/324] BHCS
[22:53:22] [282/324] IMCC
[22:53:23] [283/324] PCBO
[22:53:24] [284/324] PRVN
[22:53:25] [285/324] AUPM
[22:53:25] [286/324] INBW
[22:53:26] [287/324] SVCW
[22:53:27] [288/324] RKCF
[22:53:28] [289/324] UVBH
[22:53:29] [290/324] DNCY
[22:53:29] [291/324] ABCN
[22:53:30] [292/324] PRUR
[22:53:31] [293/324] PFMR
[22:53:32] [294/324] RKCN
[22:53:33] [295/324] CFEA
[22:53:34] [296/324] SDBG
[22:53:35] [297/324] SNAR
[22:53:35] [298/324] YISI
[22:53:37] [299/324] JCFF
[22:53:38] [300/324] VTRK
[22:53:39] [301/324] PCLZ
[22:53:40] [302/324] DIMY
[22:53:41] [303/324] BBTS
[22:53:42] [304/324] GATH
[22:53:43] [305/324] GTMN
[22:53:45] [306/324] VTMH
[22:53:46] [307/324] CCKP
[22:53:47] [308/324] GPKA
[22:53:47] [309/324] MHCL
[22:53:49] [310/324] ATCL
[22:53:49] [311/324] SBCK
[22:53:50] [312/324] AMMR
[22:53:51] [313/324] MADC
[22:53:53] [314/324] TMMA
[22:53:55] [315/324] CACC
[22:53:55] [316/324] CHAL
[22:53:57] [317/324] DURG
[22:53:59] [318/324] GMKU
[22:53:59] [319/324] GECA
[22:54:00] [320/324] KYRR
[22:54:01] [321/324] KSDE
[22:54:02] [322/324] LMCI
[22:54:03] [323/324] NKCP
[22:54:04] [324/324] BGTC
[22:54:05] 🧹 Deduping shows
[22:54:05] ✅ DONE | Shows=2027 | Movies=63
[11:07:15] 🚀 SCRIPT STARTED
[11:07:15] [1/324] GCTA
[11:07:15] 🧠 New identity created
[11:07:16] [2/324] TOPN
[11:07:16] [3/324] MCUS
[11:07:17] [4/324] SHRL
[11:07:18] [5/324] UPTP
[11:07:18] [6/324] TMMP
[11:07:19] [7/324] DNRP
[11:07:20] [8/324] SRLT
[11:07:20] [9/324] RCNS
[11:07:21] [10/324] DCBH
[11:07:21] [11/324] NAGJ
[11:07:22] [12/324] JVRC
[11:07:23] [13/324] KRJG
[11:07:23] [14/324] SRTJ
[11:07:24] [15/324] CMXM
[11:07:24] [16/324] STMI
[11:07:25] [17/324] SLST
[11:07:26] [18/324] DTCN
[11:07:26] [19/324] STYN
[11:07:27] [20/324] SZVR
[11:07:27] [21/324] SRKO
[11:07:28] [22/324] JTGT
[11:07:28] [23/324] SVFD
[11:07:29] [24/324] SISD
[11:07:30] [25/324] ABDD
[11:07:30] [26/324] DRCA
[11:07:31] [27/324] AVCS
[11:07:32] [28/324] MVKH
[11:07:32] [29/324] ACPR
[11:07:33] [30/324] STIP
[11:07:34] [31/324] MTRA
[11:07:34] [32/324] RMKH
[11:07:35] [33/324] NKRL
[11:07:35] [34/324] PCWN
[11:07:36] [35/324] BLMT
[11:07:36] [36/324] GDPG
[11:07:37] [37/324] SRMX
[11:07:37] [38/324] JACP
[11:07:38] [39/324] CPSH
[11:07:39] [40/324] MCCD
[11:07:39] [41/324] ECGH
[11:07:40] [42/324] MKCK
[11:07:41] [43/324] SRMM
[11:07:43] [44/324] SKYR
[11:07:44] [45/324] PCKC
[11:07:46] [46/324] JCMA
[11:07:47] [47/324] BSMP
[11:07:48] [48/324] VSPA
[11:07:49] [49/324] DJYA
[11:07:50] [50/324] DIMP
[11:07:51] [51/324] FXDR
[11:07:52] [52/324] SSRC
[11:07:53] [53/324] STHP
[11:07:55] [54/324] CPPD
[11:07:55] [55/324] FCLK
[11:07:56] [56/324] SCPP
[11:07:57] [57/324] DCMJ
[11:07:58] [58/324] RCCR
[11:07:59] [59/324] INMT
[11:08:01] [60/324] LXTK
[11:08:02] [61/324] SRYK
[11:08:02] [62/324] SGDK
[11:08:04] [63/324] PPKA
[11:08:05] [64/324] SPKA
[11:08:07] [65/324] CGHH
[11:08:08] [66/324] DCJN
[11:08:10] [67/324] SRKV
[11:08:11] [68/324] SAJC
[11:08:12] [69/324] SUSR
[11:08:13] [70/324] STYG
[11:08:14] [71/324] NTKP
[11:08:16] [72/324] AKTG
[11:08:17] [73/324] CGCM
[11:08:19] [74/324] TULC
[11:08:21] [75/324] NYYZ
[11:08:22] [76/324] NYBW
[11:08:23] [77/324] MACB
[11:08:24] [78/324] SLVT
[11:08:25] [79/324] SANA
[11:08:26] [80/324] ACMR
[11:08:28] [81/324] CPKN
[11:08:29] [82/324] DLGK
[11:08:30] [83/324] CWCK
[11:08:31] [84/324] FDDH
[11:08:32] [85/324] MMMD
[11:08:33] [86/324] CMEH
[11:08:35] [87/324] GGGV
[11:08:36] [88/324] SPJL
[11:08:37] [89/324] RCCD
[11:08:38] [90/324] STTZ
[11:08:40] [91/324] BTCF
[11:08:41] [92/324] TSTZ
[11:08:42] [93/324] IPMM
[11:08:43] [94/324] PMPW
[11:08:45] [95/324] PCMZ
[11:08:46] [96/324] ESEM
[11:08:48] [97/324] PIPO
[11:08:49] [98/324] MATK
[11:08:51] [99/324] PGHM
[11:08:52] [100/324] CTSR
[11:08:53] [101/324] CYKR
[11:08:54] [102/324] MSCM
[11:08:55] [103/324] RFNP
[11:08:56] [104/324] PDCP
[11:08:57] [105/324] NPSE
[11:08:59] [106/324] MKML
[11:08:59] [107/324] FTDP
[11:09:01] [108/324] MMXA
[11:09:02] [109/324] CEPO
[11:09:03] [110/324] CMVP
[11:09:04] [111/324] SGTH
[11:09:05] [112/324] SAYN
[11:09:06] [113/324] URVS
[11:09:06] [114/324] VJTN
[11:09:07] [115/324] BBYK
[11:09:08] [116/324] SHBO
[11:09:10] [117/324] VCMR
[11:09:11] [118/324] MACT
[11:09:12] [119/324] JMNP
[11:09:14] [120/324] VICS
[11:09:15] [121/324] VCDA
[11:09:16] [122/324] GCMM
[11:09:17] [123/324] INVS
[11:09:18] [124/324] SCGM
[11:09:19] [125/324] PCDA
[11:09:19] [126/324] KDCT
[11:09:21] [127/324] JACS
[11:09:22] [128/324] GMMC
[11:09:24] [129/324] AICM
[11:09:25] [130/324] TJCM
[11:09:26] [131/324] RMTI
[11:09:27] [132/324] SHAC
[11:09:28] [133/324] APJC
[11:09:29] [134/324] GCTG
[11:09:30] [135/324] SSMC
[11:09:31] [136/324] THRM
[11:09:32] [137/324] RBCT
[11:09:33] [138/324] DIKT
[11:09:34] [139/324] MIDL
[11:09:35] [140/324] VCSN
[11:09:36] [141/324] SKTG
[11:09:38] [142/324] SMWC
[11:09:39] [143/324] MNKH
[11:09:40] [144/324] PIAT
[11:09:42] [145/324] LTTP
[11:09:43] [146/324] PTPU
[11:09:44] [147/324] ACMG
[11:09:44] [148/324] SHMM
[11:09:46] [149/324] MCMN
[11:09:47] [150/324] GLDC
[11:09:47] [151/324] HOUT
[11:09:48] [152/324] SVRP
[11:09:50] [153/324] PVDN
[11:09:51] [154/324] SCPY
[11:09:53] [155/324] DTPY
[11:09:54] [156/324] GKCS
[11:09:55] [157/324] NCAM
[11:09:56] [158/324] BSRM
[11:09:58] [159/324] RCLC
[11:09:58] [160/324] SKKD
[11:09:59] [161/324] ACHU
[11:10:00] [162/324] RSCF
[11:10:02] [163/324] IMSH
[11:10:03] [164/324] MACX
[11:10:04] [165/324] HMMW
[11:10:05] [166/324] JTCP
[11:10:05] [167/324] SREN
[11:10:06] [168/324] PJRR
[11:10:08] [169/324] INAC
[11:10:10] [170/324] BMCA
[11:10:11] [171/324] SHCB
[11:10:11] [172/324] GABA
[11:10:12] [173/324] SBCT
[11:10:14] [174/324] GCMA
[11:10:15] [175/324] MYTK
[11:10:16] [176/324] INZS
[11:10:17] [177/324] RMIK
[11:10:18] [178/324] NYCH
[11:10:20] [179/324] RAVE
[11:10:21] [180/324] PSXM
[11:10:21] [181/324] MCGP
[11:10:22] [182/324] PDDK
[11:10:23] [183/324] SPCK
[11:10:25] [184/324] MCRL
[11:10:25] [185/324] MHKT
[11:10:26] [186/324] ANRR
[11:10:27] [187/324] SAPK
[11:10:28] [188/324] NCUK
[11:10:30] [189/324] JUGA
[11:10:31] [190/324] DBSC
[11:10:31] [191/324] LALK
[11:10:32] [192/324] GUCK
[11:10:33] [193/324] STSG
[11:10:34] [194/324] PPPZ
[11:10:35] [195/324] CNCY
[11:10:37] [196/324] MTAR
[11:10:38] [197/324] VNKD
[11:10:39] [198/324] KMAJ
[11:10:40] [199/324] ACXK
[11:10:42] [200/324] UTKC
[11:10:43] [201/324] PBLK
[11:10:44] [202/324] ACBX
[11:10:46] [203/324] PTGM
[11:10:47] [204/324] BTDA
[11:10:49] [205/324] PJMB
[11:10:50] [206/324] TPDA
[11:10:52] [207/324] AMOE
[11:10:53] [208/324] PRHT
[11:10:54] [209/324] PRTA
[11:10:55] [210/324] STAM
[11:10:55] [211/324] MSAA
[11:10:56] [212/324] SDLU
[11:10:57] [213/324] RCHH
[11:10:58] [214/324] KANT
[11:10:58] [215/324] FCRT
[11:10:59] [216/324] DNKM
[11:11:00] [217/324] RYCP
[11:11:01] [218/324] MYRP
[11:11:02] [219/324] PPAK
[11:11:03] [220/324] NVPK
[11:11:05] [221/324] PRMC
[11:11:06] [222/324] JBCS
[11:11:08] [223/324] GXCK
[11:11:08] [224/324] USKO
[11:11:09] [225/324] GTEM
[11:11:10] [226/324] SMBU
[11:11:11] [227/324] VETC
[11:11:11] [228/324] LCDA
[11:11:12] [229/324] MTVT
[11:11:13] [230/324] PYCP
[11:11:15] [231/324] PNSC
[11:11:16] [232/324] PPCC
[11:11:16] [233/324] TGRT
[11:11:17] [234/324] JYOT
[11:11:19] [235/324] SRCZ
[11:11:20] [236/324] SJTE
[11:11:22] [237/324] DESC
[11:11:23] [238/324] JHVN
[11:11:24] [239/324] IPSG
[11:11:25] [240/324] IPCM
[11:11:26] [241/324] PDRS
[11:11:28] [242/324] ANCV
[11:11:29] [243/324] CMVV
[11:11:31] [244/324] SHYP
[11:11:32] [245/324] DNCS
[11:11:32] [246/324] GAJK
[11:11:33] [247/324] AKTN
[11:11:35] [248/324] KAYA
[11:11:36] [249/324] SBRC
[11:11:36] [250/324] CHTP
[11:11:38] [251/324] SHRT
[11:11:39] [252/324] BCKU
[11:11:41] [253/324] FCPS
[11:11:42] [254/324] ARDD
[11:11:44] [255/324] CPCM
[11:11:45] [256/324] CGSM
[11:11:46] [257/324] PSMP
[11:11:48] [258/324] SDAL
[11:11:49] [259/324] RTNB
[11:11:50] [260/324] LMCR
[11:11:51] [261/324] CIMA
[11:11:52] [262/324] RNAS
[11:11:53] [263/324] LITH
[11:11:54] [264/324] PBOX
[11:11:55] [265/324] FRTS
[11:11:56] [266/324] RKIC
[11:11:58] [267/324] PTAI
[11:11:59] [268/324] GCIC
[11:12:00] [269/324] FNAS
[11:12:01] [270/324] SCAR
[11:12:02] [271/324] MTCA
[11:12:03] [272/324] SCTS
[11:12:04] [273/324] SYCS
[11:12:05] [274/324] RDMS
[11:12:06] [275/324] KAMP
[11:12:08] [276/324] ERSD
[11:12:09] [277/324] MJMJ
[11:12:10] [278/324] SRCJ
[11:12:11] [279/324] SCXE
[11:12:13] [280/324] SVFR
[11:12:14] [281/324] BHCS
[11:12:16] [282/324] IMCC
[11:12:16] [283/324] PCBO
[11:12:17] [284/324] PRVN
[11:12:19] [285/324] AUPM
[11:12:20] [286/324] INBW
[11:12:21] [287/324] SVCW
[11:12:23] [288/324] RKCF
[11:12:24] [289/324] UVBH
[11:12:25] [290/324] DNCY
[11:12:26] [291/324] ABCN
[11:12:28] [292/324] PRUR
[11:12:29] [293/324] PFMR
[11:12:31] [294/324] RKCN
[11:12:33] [295/324] CFEA
[11:12:33] [296/324] SDBG
[11:12:34] [297/324] SNAR
[11:12:35] [298/324] YISI
[11:12:37] [299/324] JCFF
[11:12:38] [300/324] VTRK
[11:12:39] [301/324] PCLZ
[11:12:40] [302/324] DIMY
[11:12:41] [303/324] BBTS
[11:12:42] [304/324] GATH
[11:12:43] [305/324] GTMN
[11:12:44] [306/324] VTMH
[11:12:45] [307/324] CCKP
[11:12:46] [308/324] GPKA
[11:12:47] [309/324] MHCL
[11:12:49] [310/324] ATCL
[11:12:50] [311/324] SBCK
[11:12:51] [312/324] AMMR
[11:12:52] [313/324] MADC
[11:12:53] [314/324] TMMA
[11:12:54] [315/324] CACC
[11:12:55] [316/324] CHAL
[11:12:56] [317/324] DURG
[11:12:58] [318/324] GMKU
[11:12:59] [319/324] GECA
[11:13:00] [320/324] KYRR
[11:13:02] [321/324] KSDE
[11:13:03] [322/324] LMCI
[11:13:04] [323/324] NKCP
[11:13:05] [324/324] BGTC
[11:13:06] 🧹 Deduping shows
[11:13:07] ✅ DONE | Shows=2084 | Movies=64
