[11:52:47] 🚀 SCRIPT STARTED
[11:52:47] 🎯 Venues loaded: 459
[11:52:47] ▶ PASS-1 : Primary fetch
[11:52:47] [P1 1/459] PVER
[11:52:47] 🧠 Creating new browser identity
[11:52:47] ✅ FETCHED PVER
[11:52:48] [P1 2/459] PGWB
[11:52:48] ✅ FETCHED PGWB
[11:52:49] [P1 3/459] PKCM
[11:52:49] ✅ FETCHED PKCM
[11:52:50] [P1 4/459] SVSM
[11:52:50] ✅ FETCHED SVSM
[11:52:50] [P1 5/459] PYSU
[11:52:51] ✅ FETCHED PYSU
[11:52:51] [P1 6/459] JSAI
[11:52:51] ✅ FETCHED JSAI
[11:52:52] [P1 7/459] ACXN
[11:52:52] ✅ FETCHED ACXN
[11:52:53] [P1 8/459] SVFC
[11:52:54] ✅ FETCHED SVFC
[11:52:54] [P1 9/459] SSLP
[11:52:55] ⏩ DATE MISMATCH SSLP | API:20251219 EXPECTED:20251220
[11:52:55] ✅ FETCHED (DATE_MISMATCH) SSLP
[11:52:55] [P1 10/459] IMPM
[11:52:56] ✅ FETCHED IMPM
[11:52:56] [P1 11/459] PVNL
[11:52:57] ✅ FETCHED PVNL
[11:52:57] [P1 12/459] PITP
[11:52:57] ✅ FETCHED PITP
[11:52:58] [P1 13/459] EMCC
[11:52:58] ✅ FETCHED EMCC
[11:52:59] [P1 14/459] ICCM
[11:52:59] ✅ FETCHED ICCM
[11:53:00] [P1 15/459] CGPM
[11:53:00] ✅ FETCHED CGPM
[11:53:01] [P1 16/459] OMCM
[11:53:01] ✅ FETCHED OMCM
[11:53:02] [P1 17/459] VNKA
[11:53:02] ✅ FETCHED VNKA
[11:53:03] [P1 18/459] ELKC
[11:53:03] ✅ FETCHED ELKC
[11:53:04] [P1 19/459] PATB
[11:53:04] ✅ FETCHED PATB
[11:53:05] [P1 20/459] ASRM
[11:53:05] ✅ FETCHED ASRM
[11:53:05] [P1 21/459] MCBG
[11:53:06] ✅ FETCHED MCBG
[11:53:06] [P1 22/459] MCVD
[11:53:06] ✅ FETCHED MCVD
[11:53:07] [P1 23/459] VCBD
[11:53:07] ✅ FETCHED VCBD
[11:53:08] [P1 24/459] KHMJ
[11:53:08] ✅ FETCHED KHMJ
[11:53:09] [P1 25/459] PMSR
[11:53:09] ✅ FETCHED PMSR
[11:53:09] [P1 26/459] FFCX
[11:53:10] ⏩ DATE MISMATCH FFCX | API:20251219 EXPECTED:20251220
[11:53:10] ✅ FETCHED (DATE_MISMATCH) FFCX
[11:53:10] [P1 27/459] BALJ
[11:53:10] ✅ FETCHED BALJ
[11:53:11] [P1 28/459] VTGB
[11:53:11] ✅ FETCHED VTGB
[11:53:12] [P1 29/459] NYTO
[11:53:12] ✅ FETCHED NYTO
[11:53:13] [P1 30/459] SAMO
[11:53:13] ✅ FETCHED SAMO
[11:53:13] [P1 31/459] KAWS
[11:53:14] ✅ FETCHED KAWS
[11:53:14] [P1 32/459] PVFF
[11:53:15] ✅ FETCHED PVFF
[11:53:15] [P1 33/459] MISC
[11:53:15] ✅ FETCHED MISC
[11:53:16] [P1 34/459] CHTI
[11:53:16] ✅ FETCHED CHTI
[11:53:17] [P1 35/459] SWLC
[11:53:18] ✅ FETCHED SWLC
[11:53:19] [P1 36/459] JBTV
[11:53:19] ✅ FETCHED JBTV
[11:53:20] [P1 37/459] CHTH
[11:53:20] ⏩ DATE MISMATCH CHTH | API:20251219 EXPECTED:20251220
[11:53:20] ✅ FETCHED (DATE_MISMATCH) CHTH
[11:53:20] [P1 38/459] ESCP
[11:53:21] ✅ FETCHED ESCP
[11:53:21] [P1 39/459] SDCP
[11:53:22] ✅ FETCHED SDCP
[11:53:22] [P1 40/459] INVD
[11:53:22] ✅ FETCHED INVD
[11:53:23] [P1 41/459] RCVA
[11:53:23] ✅ FETCHED RCVA
[11:53:24] [P1 42/459] INSE
[11:53:24] ✅ FETCHED INSE
[11:53:24] [P1 43/459] VSPP
[11:53:25] ⏩ ALL DATES DISABLED VSPP
[11:53:25] ✅ FETCHED (ALL_DISABLED) VSPP
[11:53:25] [P1 44/459] PVBK
[11:53:26] ✅ FETCHED PVBK
[11:53:26] [P1 45/459] INBC
[11:53:27] ✅ FETCHED INBC
[11:53:27] [P1 46/459] NECA
[11:53:27] ✅ FETCHED NECA
[11:53:28] [P1 47/459] MYBG
[11:53:28] ✅ FETCHED MYBG
[11:53:29] [P1 48/459] SDNC
[11:53:29] ✅ FETCHED SDNC
[11:53:30] [P1 49/459] TTKP
[11:53:30] ⏩ ALL DATES DISABLED TTKP
[11:53:30] ✅ FETCHED (ALL_DISABLED) TTKP
[11:53:31] [P1 50/459] PECP
[11:53:31] ✅ FETCHED PECP
[11:53:31] [P1 51/459] ASTC
[11:53:32] ✅ FETCHED ASTC
[11:53:33] [P1 52/459] GATM
[11:53:33] ✅ FETCHED GATM
[11:53:34] [P1 53/459] INBM
[11:53:35] ✅ FETCHED INBM
[11:53:35] [P1 54/459] CXJD
[11:53:36] ✅ FETCHED CXJD
[11:53:36] [P1 55/459] MNCA
[11:53:37] ✅ FETCHED MNCA
[11:53:37] [P1 56/459] VNMD
[11:53:37] ✅ FETCHED VNMD
[11:53:38] [P1 57/459] BKDV
[11:53:38] ✅ FETCHED BKDV
[11:53:39] [P1 58/459] ACNC
[11:53:39] ⏩ DATE MISMATCH ACNC | API:20251219 EXPECTED:20251220
[11:53:39] ✅ FETCHED (DATE_MISMATCH) ACNC
[11:53:40] [P1 59/459] CNLP
[11:53:40] ✅ FETCHED CNLP
[11:53:41] [P1 60/459] UUBT
[11:53:41] ✅ FETCHED UUBT
[11:53:42] [P1 61/459] TGNT
[11:53:42] ✅ FETCHED TGNT
[11:53:43] [P1 62/459] MDKI
[11:53:43] ⏩ DATE MISMATCH MDKI | API:20251219 EXPECTED:20251220
[11:53:43] ✅ FETCHED (DATE_MISMATCH) MDKI
[11:53:44] [P1 63/459] SICS
[11:53:44] ✅ FETCHED SICS
[11:53:44] [P1 64/459] NYBH
[11:53:45] ✅ FETCHED NYBH
[11:53:45] [P1 65/459] DMCK
[11:53:46] ✅ FETCHED DMCK
[11:53:46] [P1 66/459] JVTB
[11:53:46] ✅ FETCHED JVTB
[11:53:47] [P1 67/459] SCVL
[11:53:47] ✅ FETCHED SCVL
[11:53:48] [P1 68/459] SRMI
[11:53:48] ⏩ ALL DATES DISABLED SRMI
[11:53:48] ✅ FETCHED (ALL_DISABLED) SRMI
[11:53:49] [P1 69/459] PJCP
[11:53:50] ✅ FETCHED PJCP
[11:53:50] [P1 70/459] KYID
[11:53:50] ⏩ DATE MISMATCH KYID | API:20251219 EXPECTED:20251220
[11:53:50] ✅ FETCHED (DATE_MISMATCH) KYID
[11:53:51] [P1 71/459] PCIT
[11:53:51] ✅ FETCHED PCIT
[11:53:52] [P1 72/459] ARTS
[11:53:53] ✅ FETCHED ARTS
[11:53:53] [P1 73/459] KBTT
[11:53:54] ✅ FETCHED KBTT
[11:53:55] [P1 74/459] MUPX
[11:53:55] ✅ FETCHED MUPX
[11:53:55] [P1 75/459] PCCH
[11:53:56] ✅ FETCHED PCCH
[11:53:56] [P1 76/459] LCBK
[11:53:57] ✅ FETCHED LCBK
[11:53:57] [P1 77/459] CCMU
[11:53:58] ⏩ DATE MISMATCH CCMU | API:20251219 EXPECTED:20251220
[11:53:58] ✅ FETCHED (DATE_MISMATCH) CCMU
[11:53:58] [P1 78/459] RHGH
[11:53:58] ✅ FETCHED RHGH
[11:53:59] [P1 79/459] PRAB
[11:53:59] ✅ FETCHED PRAB
[11:54:00] [P1 80/459] GPTB
[11:54:00] ✅ FETCHED GPTB
[11:54:00] [P1 81/459] SPCP
[11:54:01] ✅ FETCHED SPCP
[11:54:01] [P1 82/459] KDIN
[11:54:02] ✅ FETCHED KDIN
[11:54:02] [P1 83/459] HSTK
[11:54:02] ✅ FETCHED HSTK
[11:54:03] [P1 84/459] SKMD
[11:54:03] ✅ FETCHED SKMD
[11:54:04] [P1 85/459] GTWH
[11:54:05] ✅ FETCHED GTWH
[11:54:06] [P1 86/459] BALT
[11:54:06] ✅ FETCHED BALT
[11:54:06] [P1 87/459] JBCA
[11:54:07] ✅ FETCHED JBCA
[11:54:07] [P1 88/459] GCSE
[11:54:07] ✅ FETCHED GCSE
[11:54:08] [P1 89/459] RUPI
[11:54:08] ✅ FETCHED RUPI
[11:54:09] [P1 90/459] PRFI
[11:54:09] ✅ FETCHED PRFI
[11:54:10] [P1 91/459] ABCT
[11:54:10] ✅ FETCHED ABCT
[11:54:10] [P1 92/459] CPEB
[11:54:11] ✅ FETCHED CPEB
[11:54:11] [P1 93/459] VECI
[11:54:12] ✅ FETCHED VECI
[11:54:12] [P1 94/459] RROH
[11:54:12] ✅ FETCHED RROH
[11:54:13] [P1 95/459] MCSO
[11:54:13] ✅ FETCHED MCSO
[11:54:13] [P1 96/459] PRPM
[11:54:14] ✅ FETCHED PRPM
[11:54:14] [P1 97/459] MPDB
[11:54:15] ✅ FETCHED MPDB
[11:54:15] [P1 98/459] CNED
[11:54:15] ✅ FETCHED CNED
[11:54:16] [P1 99/459] ROON
[11:54:16] ✅ FETCHED ROON
[11:54:17] [P1 100/459] SVKT
[11:54:17] ✅ FETCHED SVKT
[11:54:18] [P1 101/459] HLWD
[11:54:18] ✅ FETCHED HLWD
[11:54:19] [P1 102/459] CCSP
[11:54:19] ✅ FETCHED CCSP
[11:54:19] [P1 103/459] MAAG
[11:54:20] ✅ FETCHED MAAG
[11:54:20] [P1 104/459] KRMT
[11:54:21] ✅ FETCHED KRMT
[11:54:21] [P1 105/459] NCJA
[11:54:21] ⏩ DATE MISMATCH NCJA | API:20251219 EXPECTED:20251220
[11:54:21] ✅ FETCHED (DATE_MISMATCH) NCJA
[11:54:22] [P1 106/459] SCMY
[11:54:22] ✅ FETCHED SCMY
[11:54:23] [P1 107/459] SPAY
[11:54:24] ✅ FETCHED SPAY
[11:54:24] [P1 108/459] MKBG
[11:54:24] ✅ FETCHED MKBG
[11:54:25] [P1 109/459] IDRM
[11:54:25] ✅ FETCHED IDRM
[11:54:26] [P1 110/459] EYLH
[11:54:26] ✅ FETCHED EYLH
[11:54:26] [P1 111/459] SSZA
[11:54:27] ✅ FETCHED SSZA
[11:54:27] [P1 112/459] RTEA
[11:54:28] ⏩ ALL DATES DISABLED RTEA
[11:54:28] ✅ FETCHED (ALL_DISABLED) RTEA
[11:54:28] [P1 113/459] INBJ
[11:54:29] ✅ FETCHED INBJ
[11:54:29] [P1 114/459] GATR
[11:54:30] ✅ FETCHED GATR
[11:54:30] [P1 115/459] GTYT
[11:54:30] ✅ FETCHED GTYT
[11:54:31] [P1 116/459] SNVS
[11:54:31] ⏩ ALL DATES DISABLED SNVS
[11:54:31] ✅ FETCHED (ALL_DISABLED) SNVS
[11:54:32] [P1 117/459] DICI
[11:54:32] ✅ FETCHED DICI
[11:54:32] [P1 118/459] PCMX
[11:54:33] ✅ FETCHED PCMX
[11:54:33] [P1 119/459] CNCP
[11:54:34] ✅ FETCHED CNCP
[11:54:34] [P1 120/459] CMRA
[11:54:34] ✅ FETCHED CMRA
[11:54:35] [P1 121/459] CMAR
[11:54:35] ✅ FETCHED CMAR
[11:54:36] [P1 122/459] PVSY
[11:54:36] ✅ FETCHED PVSY
[11:54:37] [P1 123/459] CUJC
[11:54:38] ✅ FETCHED CUJC
[11:54:38] [P1 124/459] UUCT
[11:54:39] ✅ FETCHED UUCT
[11:54:39] [P1 125/459] SUTD
[11:54:40] ⏩ ALL DATES DISABLED SUTD
[11:54:40] ✅ FETCHED (ALL_DISABLED) SUTD
[11:54:40] [P1 126/459] WCNR
[11:54:41] ✅ FETCHED WCNR
[11:54:41] [P1 127/459] NCCK
[11:54:41] ✅ FETCHED NCCK
[11:54:42] [P1 128/459] SCAL
[11:54:42] ✅ FETCHED SCAL
[11:54:43] [P1 129/459] CMZX
[11:54:43] ✅ FETCHED CMZX
[11:54:43] [P1 130/459] DNNV
[11:54:44] ✅ FETCHED DNNV
[11:54:44] [P1 131/459] SDCS
[11:54:45] ✅ FETCHED SDCS
[11:54:45] [P1 132/459] ASRG
[11:54:45] ✅ FETCHED ASRG
[11:54:46] [P1 133/459] ATTR
[11:54:46] ✅ FETCHED ATTR
[11:54:47] [P1 134/459] INMB
[11:54:48] ✅ FETCHED INMB
[11:54:48] [P1 135/459] TCZA
[11:54:49] ✅ FETCHED TCZA
[11:54:49] [P1 136/459] VPCZ
[11:54:50] ⏩ ALL DATES DISABLED VPCZ
[11:54:50] ✅ FETCHED (ALL_DISABLED) VPCZ
[11:54:50] [P1 137/459] LICL
[11:54:50] ✅ FETCHED LICL
[11:54:51] [P1 138/459] SCVT
[11:54:51] ⏩ DATE MISMATCH SCVT | API:20251219 EXPECTED:20251220
[11:54:51] ✅ FETCHED (DATE_MISMATCH) SCVT
[11:54:52] [P1 139/459] MTBN
[11:54:52] ⏩ ALL DATES DISABLED MTBN
[11:54:52] ✅ FETCHED (ALL_DISABLED) MTBN
[11:54:53] [P1 140/459] PSKL
[11:54:53] ✅ FETCHED PSKL
[11:54:54] [P1 141/459] INRZ
[11:54:54] ✅ FETCHED INRZ
[11:54:55] [P1 142/459] NSBR
[11:54:56] ✅ FETCHED NSBR
[11:54:56] [P1 143/459] ANBL
[11:54:56] ✅ FETCHED ANBL
[11:54:57] [P1 144/459] BTDP
[11:54:57] ✅ FETCHED BTDP
[11:54:58] [P1 145/459] CMVA
[11:54:58] ✅ FETCHED CMVA
[11:54:59] [P1 146/459] TRBA
[11:54:59] ✅ FETCHED TRBA
[11:55:00] [P1 147/459] CTMG
[11:55:00] ✅ FETCHED CTMG
[11:55:01] [P1 148/459] INBP
[11:55:02] ✅ FETCHED INBP
[11:55:02] [P1 149/459] LKTH
[11:55:02] ✅ FETCHED LKTH
[11:55:03] [P1 150/459] DCDD
[11:55:03] ✅ FETCHED DCDD
[11:55:04] [P1 151/459] SHRC
[11:55:04] ⏩ ALL DATES DISABLED SHRC
[11:55:04] ✅ FETCHED (ALL_DISABLED) SHRC
[11:55:05] [P1 152/459] IRMM
[11:55:05] ✅ FETCHED IRMM
[11:55:05] [P1 153/459] PRTC
[11:55:06] ⏩ DATE MISMATCH PRTC | API:20251219 EXPECTED:20251220
[11:55:06] ✅ FETCHED (DATE_MISMATCH) PRTC
[11:55:06] [P1 154/459] RTEN
[11:55:06] ✅ FETCHED RTEN
[11:55:07] [P1 155/459] RNMH
[11:55:07] ✅ FETCHED RNMH
[11:55:08] [P1 156/459] ASTB
[11:55:08] ✅ FETCHED ASTB
[11:55:09] [P1 157/459] MCMC
[11:55:09] ✅ FETCHED MCMC
[11:55:10] [P1 158/459] VBWT
[11:55:10] ✅ FETCHED VBWT
[11:55:10] [P1 159/459] SDBK
[11:55:11] ✅ FETCHED SDBK
[11:55:11] [P1 160/459] RCNI
[11:55:12] ✅ FETCHED RCNI
[11:55:12] [P1 161/459] FLMB
[11:55:12] ✅ FETCHED FLMB
[11:55:13] [P1 162/459] PVKL
[11:55:13] ✅ FETCHED PVKL
[11:55:14] [P1 163/459] JTCK
[11:55:14] ✅ FETCHED JTCK
[11:55:15] [P1 164/459] ESAP
[11:55:16] ⏩ DATE MISMATCH ESAP | API:20251219 EXPECTED:20251220
[11:55:16] ✅ FETCHED (DATE_MISMATCH) ESAP
[11:55:16] [P1 165/459] SCHT
[11:55:16] ⏩ DATE MISMATCH SCHT | API:20251219 EXPECTED:20251220
[11:55:16] ✅ FETCHED (DATE_MISMATCH) SCHT
[11:55:17] [P1 166/459] QUST
[11:55:17] ✅ FETCHED QUST
[11:55:18] [P1 167/459] ANTE
[11:55:18] ✅ FETCHED ANTE
[11:55:19] [P1 168/459] GYBU
[11:55:19] ✅ FETCHED GYBU
[11:55:20] [P1 169/459] LALC
[11:55:20] ✅ FETCHED LALC
[11:55:21] [P1 170/459] SJKC
[11:55:21] ✅ FETCHED SJKC
[11:55:22] [P1 171/459] RADI
[11:55:22] ✅ FETCHED RADI
[11:55:22] [P1 172/459] VTBR
[11:55:23] ✅ FETCHED VTBR
[11:55:24] [P1 173/459] TPSI
[11:55:24] ✅ FETCHED TPSI
[11:55:24] [P1 174/459] ATRD
[11:55:25] ✅ FETCHED ATRD
[11:55:25] [P1 175/459] JKCT
[11:55:25] ✅ FETCHED JKCT
[11:55:26] [P1 176/459] MTBR
[11:55:27] ✅ FETCHED MTBR
[11:55:27] [P1 177/459] GPAM
[11:55:28] ✅ FETCHED GPAM
[11:55:28] [P1 178/459] PTSB
[11:55:29] ✅ FETCHED PTSB
[11:55:30] [P1 179/459] RCPS
[11:55:31] ✅ FETCHED RCPS
[11:55:31] [P1 180/459] KMTV
[11:55:32] ⏩ DATE MISMATCH KMTV | API:20251219 EXPECTED:20251220
[11:55:32] ✅ FETCHED (DATE_MISMATCH) KMTV
[11:55:32] [P1 181/459] VBIT
[11:55:32] ⏩ DATE MISMATCH VBIT | API:20251219 EXPECTED:20251220
[11:55:32] ✅ FETCHED (DATE_MISMATCH) VBIT
[11:55:33] [P1 182/459] KRIC
[11:55:34] ✅ FETCHED KRIC
[11:55:34] [P1 183/459] PTCV
[11:55:35] ✅ FETCHED PTCV
[11:55:35] [P1 184/459] CNRM
[11:55:36] ✅ FETCHED CNRM
[11:55:36] [P1 185/459] ECGN
[11:55:36] ✅ FETCHED ECGN
[11:55:37] [P1 186/459] SSNR
[11:55:37] ✅ FETCHED SSNR
[11:55:38] [P1 187/459] CNPR
[11:55:38] ✅ FETCHED CNPR
[11:55:39] [P1 188/459] RMGU
[11:55:39] ✅ FETCHED RMGU
[11:55:40] [P1 189/459] BLMX
[11:55:41] ✅ FETCHED BLMX
[11:55:41] [P1 190/459] SRPJ
[11:55:41] ✅ FETCHED SRPJ
[11:55:42] [P1 191/459] ALCI
[11:55:42] ⏩ ALL DATES DISABLED ALCI
[11:55:42] ✅ FETCHED (ALL_DISABLED) ALCI
[11:55:43] [P1 192/459] HHCG
[11:55:43] ✅ FETCHED HHCG
[11:55:44] [P1 193/459] ASWT
[11:55:44] ✅ FETCHED ASWT
[11:55:45] [P1 194/459] GETT
[11:55:45] ✅ FETCHED GETT
[11:55:46] [P1 195/459] CGGM
[11:55:46] ✅ FETCHED CGGM
[11:55:47] [P1 196/459] RUCM
[11:55:47] ✅ FETCHED RUCM
[11:55:48] [P1 197/459] SSPG
[11:55:48] ⏩ ALL DATES DISABLED SSPG
[11:55:48] ✅ FETCHED (ALL_DISABLED) SSPG
[11:55:48] [P1 198/459] RTDM
[11:55:49] ✅ FETCHED RTDM
[11:55:49] [P1 199/459] DCCP
[11:55:50] ✅ FETCHED DCCP
[11:55:51] [P1 200/459] INGA
[11:55:51] ✅ FETCHED INGA
[11:55:51] [P1 201/459] STBZ
[11:55:52] ✅ FETCHED STBZ
[11:55:52] [P1 202/459] SNCN
[11:55:53] ✅ FETCHED SNCN
[11:55:53] [P1 203/459] MRSE
[11:55:53] ✅ FETCHED MRSE
[11:55:54] [P1 204/459] LYMS
[11:55:54] ✅ FETCHED LYMS
[11:55:55] [P1 205/459] GPBR
[11:55:55] ✅ FETCHED GPBR
[11:55:56] [P1 206/459] SKMK
[11:55:56] ✅ FETCHED SKMK
[11:55:56] [P1 207/459] RCMM
[11:55:57] ✅ FETCHED RCMM
[11:55:57] [P1 208/459] PHUP
[11:55:58] ✅ FETCHED PHUP
[11:55:58] [P1 209/459] RCGR
[11:55:58] ✅ FETCHED RCGR
[11:55:59] [P1 210/459] FMLB
[11:55:59] ✅ FETCHED FMLB
[11:56:00] [P1 211/459] CLKN
[11:56:00] ✅ FETCHED CLKN
[11:56:01] [P1 212/459] SBCR
[11:56:01] ✅ FETCHED SBCR
[11:56:02] [P1 213/459] AMLC
[11:56:02] ✅ FETCHED AMLC
[11:56:03] [P1 214/459] SCMV
[11:56:03] ✅ FETCHED SCMV
[11:56:03] [P1 215/459] SDSD
[11:56:04] ✅ FETCHED SDSD
[11:56:04] [P1 216/459] TRIG
[11:56:04] ✅ FETCHED TRIG
[11:56:05] [P1 217/459] MMOM
[11:56:06] ✅ FETCHED MMOM
[11:56:06] [P1 218/459] SMAE
[11:56:07] ✅ FETCHED SMAE
[11:56:07] [P1 219/459] DLCN
[11:56:07] ✅ FETCHED DLCN
[11:56:08] [P1 220/459] SSJR
[11:56:08] ✅ FETCHED SSJR
[11:56:09] [P1 221/459] SPTT
[11:56:09] ✅ FETCHED SPTT
[11:56:10] [P1 222/459] PPNX
[11:56:10] ✅ FETCHED PPNX
[11:56:10] [P1 223/459] DEES
[11:56:11] ✅ FETCHED DEES
[11:56:11] [P1 224/459] SOCN
[11:56:12] ⏩ DATE MISMATCH SOCN | API:20251219 EXPECTED:20251220
[11:56:12] ✅ FETCHED (DATE_MISMATCH) SOCN
[11:56:12] [P1 225/459] KCBI
[11:56:12] ✅ FETCHED KCBI
[11:56:13] [P1 226/459] VCCB
[11:56:14] ✅ FETCHED VCCB
[11:56:14] [P1 227/459] IMXS
[11:56:15] ✅ FETCHED IMXS
[11:56:15] [P1 228/459] SMCB
[11:56:16] ✅ FETCHED SMCB
[11:56:17] [P1 229/459] MCHR
[11:56:17] ✅ FETCHED MCHR
[11:56:18] [P1 230/459] DACA
[11:56:18] ✅ FETCHED DACA
[11:56:19] [P1 231/459] CMTT
[11:56:19] ✅ FETCHED CMTT
[11:56:19] [P1 232/459] KMSV
[11:56:20] ✅ FETCHED KMSV
[11:56:20] [P1 233/459] VATM
[11:56:21] ✅ FETCHED VATM
[11:56:21] [P1 234/459] PMBR
[11:56:21] ✅ FETCHED PMBR
[11:56:22] [P1 235/459] TUAL
[11:56:22] ⏩ ALL DATES DISABLED TUAL
[11:56:22] ✅ FETCHED (ALL_DISABLED) TUAL
[11:56:23] [P1 236/459] GPMY
[11:56:23] ✅ FETCHED GPMY
[11:56:23] [P1 237/459] SSIJ
[11:56:24] ⏩ ALL DATES DISABLED SSIJ
[11:56:24] ✅ FETCHED (ALL_DISABLED) SSIJ
[11:56:24] [P1 238/459] TAKA
[11:56:25] ✅ FETCHED TAKA
[11:56:25] [P1 239/459] BDCG
[11:56:26] ⏩ DATE MISMATCH BDCG | API:20251219 EXPECTED:20251220
[11:56:26] ✅ FETCHED (DATE_MISMATCH) BDCG
[11:56:27] [P1 240/459] LKCT
[11:56:28] ✅ FETCHED LKCT
[11:56:28] [P1 241/459] PMTY
[11:56:28] ✅ FETCHED PMTY
[11:56:29] [P1 242/459] VDCS
[11:56:29] ✅ FETCHED VDCS
[11:56:30] [P1 243/459] LCMV
[11:56:30] ✅ FETCHED LCMV
[11:56:31] [P1 244/459] CUMS
[11:56:31] ⏩ ALL DATES DISABLED CUMS
[11:56:31] ✅ FETCHED (ALL_DISABLED) CUMS
[11:56:32] [P1 245/459] SPMT
[11:56:32] ⏩ ALL DATES DISABLED SPMT
[11:56:32] ✅ FETCHED (ALL_DISABLED) SPMT
[11:56:32] [P1 246/459] PFCM
[11:56:33] ✅ FETCHED PFCM
[11:56:33] [P1 247/459] FCMC
[11:56:33] ⏩ DATE MISMATCH FCMC | API:20251219 EXPECTED:20251220
[11:56:33] ✅ FETCHED (DATE_MISMATCH) FCMC
[11:56:34] [P1 248/459] SLTR
[11:56:34] ✅ FETCHED SLTR
[11:56:35] [P1 249/459] INIC
[11:56:35] ✅ FETCHED INIC
[11:56:36] [P1 250/459] VCMG
[11:56:36] ✅ FETCHED VCMG
[11:56:36] [P1 251/459] SCSS
[11:56:37] ✅ FETCHED SCSS
[11:56:37] [P1 252/459] AVPS
[11:56:38] ✅ FETCHED AVPS
[11:56:39] [P1 253/459] NAGO
[11:56:39] ✅ FETCHED NAGO
[11:56:40] [P1 254/459] MMZM
[11:56:40] ✅ FETCHED MMZM
[11:56:41] [P1 255/459] DTDT
[11:56:41] ⏩ DATE MISMATCH DTDT | API:20251219 EXPECTED:20251220
[11:56:41] ✅ FETCHED (DATE_MISMATCH) DTDT
[11:56:41] [P1 256/459] RKTS
[11:56:42] ✅ FETCHED RKTS
[11:56:42] [P1 257/459] PAXA
[11:56:42] ✅ FETCHED PAXA
[11:56:43] [P1 258/459] RATK
[11:56:43] ✅ FETCHED RATK
[11:56:44] [P1 259/459] PRKN
[11:56:44] ⏩ ALL DATES DISABLED PRKN
[11:56:44] ✅ FETCHED (ALL_DISABLED) PRKN
[11:56:45] [P1 260/459] GCGP
[11:56:45] ✅ FETCHED GCGP
[11:56:46] [P1 261/459] PCPA
[11:56:46] ✅ FETCHED PCPA
[11:56:46] [P1 262/459] PJJT
[11:56:47] ✅ FETCHED PJJT
[11:56:47] [P1 263/459] LJWT
[11:56:47] ✅ FETCHED LJWT
[11:56:48] [P1 264/459] KSNT
[11:56:48] ✅ FETCHED KSNT
[11:56:49] [P1 265/459] PTBK
[11:56:49] ✅ FETCHED PTBK
[11:56:50] [P1 266/459] ALSN
[11:56:50] ✅ FETCHED ALSN
[11:56:51] [P1 267/459] RMBL
[11:56:51] ✅ FETCHED RMBL
[11:56:51] [P1 268/459] SRYR
[11:56:51] ✅ FETCHED SRYR
[11:56:52] [P1 269/459] WOTM
[11:56:52] ✅ FETCHED WOTM
[11:56:53] [P1 270/459] CNPE
[11:56:54] ⏩ DATE MISMATCH CNPE | API:20251219 EXPECTED:20251220
[11:56:54] ✅ FETCHED (DATE_MISMATCH) CNPE
[11:56:54] [P1 271/459] CFBS
[11:56:55] ✅ FETCHED CFBS
[11:56:56] [P1 272/459] SLTB
[11:56:56] ✅ FETCHED SLTB
[11:56:57] [P1 273/459] ATGN
[11:56:57] ✅ FETCHED ATGN
[11:56:57] [P1 274/459] PRTY
[11:56:58] ✅ FETCHED PRTY
[11:56:59] [P1 275/459] PVCZ
[11:56:59] ✅ FETCHED PVCZ
[11:57:00] [P1 276/459] CCVZ
[11:57:00] ✅ FETCHED CCVZ
[11:57:01] [P1 277/459] SSST
[11:57:01] ✅ FETCHED SSST
[11:57:02] [P1 278/459] INBG
[11:57:02] ✅ FETCHED INBG
[11:57:03] [P1 279/459] CAEP
[11:57:03] ✅ FETCHED CAEP
[11:57:04] [P1 280/459] HCAD
[11:57:05] ✅ FETCHED HCAD
[11:57:05] [P1 281/459] AAAD
[11:57:05] ✅ FETCHED AAAD
[11:57:06] [P1 282/459] GPSM
[11:57:06] ✅ FETCHED GPSM
[11:57:07] [P1 283/459] CEIM
[11:57:07] ✅ FETCHED CEIM
[11:57:08] [P1 284/459] BHAC
[11:57:08] ✅ FETCHED BHAC
[11:57:08] [P1 285/459] SHMX
[11:57:09] ✅ FETCHED SHMX
[11:57:09] [P1 286/459] CPJR
[11:57:09] ✅ FETCHED CPJR
[11:57:10] [P1 287/459] PAAS
[11:57:10] ✅ FETCHED PAAS
[11:57:11] [P1 288/459] PKKT
[11:57:11] ✅ FETCHED PKKT
[11:57:12] [P1 289/459] VRBL
[11:57:12] ✅ FETCHED VRBL
[11:57:13] [P1 290/459] KDCN
[11:57:13] ✅ FETCHED KDCN
[11:57:14] [P1 291/459] MCKP
[11:57:14] ✅ FETCHED MCKP
[11:57:14] [P1 292/459] LCZP
[11:57:15] ✅ FETCHED LCZP
[11:57:15] [P1 293/459] PTIN
[11:57:16] ✅ FETCHED PTIN
[11:57:17] [P1 294/459] SVFF
[11:57:17] ✅ FETCHED SVFF
[11:57:18] [P1 295/459] ADCR
[11:57:18] ✅ FETCHED ADCR
[11:57:19] [P1 296/459] JLSL
[11:57:19] ✅ FETCHED JLSL
[11:57:20] [P1 297/459] LCTM
[11:57:20] ⏩ DATE MISMATCH LCTM | API:20251219 EXPECTED:20251220
[11:57:20] ✅ FETCHED (DATE_MISMATCH) LCTM
[11:57:20] [P1 298/459] HAMR
[11:57:21] ✅ FETCHED HAMR
[11:57:21] [P1 299/459] GCGA
[11:57:22] ✅ FETCHED GCGA
[11:57:22] [P1 300/459] RTND
[11:57:23] ✅ FETCHED RTND
[11:57:23] [P1 301/459] ACAI
[11:57:24] ✅ FETCHED ACAI
[11:57:24] [P1 302/459] TDCA
[11:57:25] ✅ FETCHED TDCA
[11:57:25] [P1 303/459] KLSK
[11:57:26] ✅ FETCHED KLSK
[11:57:26] [P1 304/459] UDMM
[11:57:26] ✅ FETCHED UDMM
[11:57:27] [P1 305/459] CSCI
[11:57:27] ⏩ DATE MISMATCH CSCI | API:20251219 EXPECTED:20251220
[11:57:27] ✅ FETCHED (DATE_MISMATCH) CSCI
[11:57:28] [P1 306/459] MLDT
[11:57:28] ✅ FETCHED MLDT
[11:57:28] [P1 307/459] NRBL
[11:57:29] ✅ FETCHED NRBL
[11:57:29] [P1 308/459] BTMV
[11:57:30] ✅ FETCHED BTMV
[11:57:30] [P1 309/459] LUCP
[11:57:30] ✅ FETCHED LUCP
[11:57:31] [P1 310/459] MCPR
[11:57:31] ⏩ DATE MISMATCH MCPR | API:20251219 EXPECTED:20251220
[11:57:31] ✅ FETCHED (DATE_MISMATCH) MCPR
[11:57:32] [P1 311/459] DCVV
[11:57:32] ✅ FETCHED DCVV
[11:57:33] [P1 312/459] BOLY
[11:57:33] ✅ FETCHED BOLY
[11:57:33] [P1 313/459] KRBC
[11:57:34] ✅ FETCHED KRBC
[11:57:34] [P1 314/459] JTVK
[11:57:34] ✅ FETCHED JTVK
[11:57:35] [P1 315/459] RCNV
[11:57:35] ✅ FETCHED RCNV
[11:57:36] [P1 316/459] SBHA
[11:57:37] ✅ FETCHED SBHA
[11:57:37] [P1 317/459] PTBC
[11:57:38] ✅ FETCHED PTBC
[11:57:38] [P1 318/459] SUSC
[11:57:39] ✅ FETCHED SUSC
[11:57:39] [P1 319/459] FNCH
[11:57:40] ✅ FETCHED FNCH
[11:57:41] [P1 320/459] VTED
[11:57:41] ✅ FETCHED VTED
[11:57:42] [P1 321/459] UCPL
[11:57:42] ✅ FETCHED UCPL
[11:57:43] [P1 322/459] PLTD
[11:57:43] ✅ FETCHED PLTD
[11:57:44] [P1 323/459] PNSM
[11:57:44] ✅ FETCHED PNSM
[11:57:44] [P1 324/459] SVYK
[11:57:45] ⏩ ALL DATES DISABLED SVYK
[11:57:45] ✅ FETCHED (ALL_DISABLED) SVYK
[11:57:45] [P1 325/459] ESSH
[11:57:46] ✅ FETCHED ESSH
[11:57:46] [P1 326/459] FVPN
[11:57:46] ✅ FETCHED FVPN
[11:57:47] [P1 327/459] SNNI
[11:57:47] ⏩ ALL DATES DISABLED SNNI
[11:57:47] ✅ FETCHED (ALL_DISABLED) SNNI
[11:57:48] [P1 328/459] NYST
[11:57:48] ✅ FETCHED NYST
[11:57:48] [P1 329/459] SADM
[11:57:49] ⏩ ALL DATES DISABLED SADM
[11:57:49] ✅ FETCHED (ALL_DISABLED) SADM
[11:57:49] [P1 330/459] COOC
[11:57:50] ⏩ DATE MISMATCH COOC | API:20251219 EXPECTED:20251220
[11:57:50] ✅ FETCHED (DATE_MISMATCH) COOC
[11:57:50] [P1 331/459] RMRK
[11:57:50] ⏩ DATE MISMATCH RMRK | API:20251219 EXPECTED:20251220
[11:57:50] ✅ FETCHED (DATE_MISMATCH) RMRK
[11:57:51] [P1 332/459] CPIV
[11:57:51] ✅ FETCHED CPIV
[11:57:52] [P1 333/459] INPC
[11:57:52] ✅ FETCHED INPC
[11:57:53] [P1 334/459] CCPI
[11:57:53] ⏩ ALL DATES DISABLED CCPI
[11:57:53] ✅ FETCHED (ALL_DISABLED) CCPI
[11:57:53] [P1 335/459] MMPS
[11:57:54] ✅ FETCHED MMPS
[11:57:54] [P1 336/459] PCVV
[11:57:55] ✅ FETCHED PCVV
[11:57:55] [P1 337/459] RGNT
[11:57:56] ✅ FETCHED RGNT
[11:57:56] [P1 338/459] DSTA
[11:57:56] ✅ FETCHED DSTA
[11:57:57] [P1 339/459] SCTN
[11:57:57] ✅ FETCHED SCTN
[11:57:57] [P1 340/459] JDDD
[11:57:58] ✅ FETCHED JDDD
[11:57:58] [P1 341/459] SCMX
[11:57:59] ✅ FETCHED SCMX
[11:57:59] [P1 342/459] CNTD
[11:57:59] ✅ FETCHED CNTD
[11:58:00] [P1 343/459] SRHK
[11:58:00] ✅ FETCHED SRHK
[11:58:01] [P1 344/459] JTTR
[11:58:01] ✅ FETCHED JTTR
[11:58:02] [P1 345/459] PMAC
[11:58:02] ✅ FETCHED PMAC
[11:58:03] [P1 346/459] INZD
[11:58:03] ✅ FETCHED INZD
[11:58:03] [P1 347/459] WSIC
[11:58:04] ✅ FETCHED WSIC
[11:58:04] [P1 348/459] PVWW
[11:58:04] ✅ FETCHED PVWW
[11:58:05] [P1 349/459] MCMP
[11:58:05] ✅ FETCHED MCMP
[11:58:06] [P1 350/459] FMPT
[11:58:06] ✅ FETCHED FMPT
[11:58:07] [P1 351/459] SCIN
[11:58:07] ✅ FETCHED SCIN
[11:58:08] [P1 352/459] ROYN
[11:58:08] ✅ FETCHED ROYN
[11:58:08] [P1 353/459] URWC
[11:58:08] ✅ FETCHED URWC
[11:58:09] [P1 354/459] KTBH
[11:58:09] ✅ FETCHED KTBH
[11:58:10] [P1 355/459] GPGM
[11:58:10] ✅ FETCHED GPGM
[11:58:11] [P1 356/459] SPGL
[11:58:11] ⏩ ALL DATES DISABLED SPGL
[11:58:11] ✅ FETCHED (ALL_DISABLED) SPGL
[11:58:11] [P1 357/459] DRMY
[11:58:12] ✅ FETCHED DRMY
[11:58:12] [P1 358/459] RKTB
[11:58:12] ✅ FETCHED RKTB
[11:58:13] [P1 359/459] GTCK
[11:58:13] ✅ FETCHED GTCK
[11:58:14] [P1 360/459] LXCM
[11:58:14] ⏩ DATE MISMATCH LXCM | API:20251219 EXPECTED:20251220
[11:58:14] ✅ FETCHED (DATE_MISMATCH) LXCM
[11:58:15] [P1 361/459] PNMP
[11:58:15] ✅ FETCHED PNMP
[11:58:16] [P1 362/459] SKRJ
[11:58:16] ✅ FETCHED SKRJ
[11:58:17] [P1 363/459] SSPA
[11:58:17] ⏩ DATE MISMATCH SSPA | API:20251219 EXPECTED:20251220
[11:58:17] ✅ FETCHED (DATE_MISMATCH) SSPA
[11:58:17] [P1 364/459] GCCA
[11:58:18] ✅ FETCHED GCCA
[11:58:18] [P1 365/459] SDLM
[11:58:19] ✅ FETCHED SDLM
[11:58:19] [P1 366/459] PFCV
[11:58:20] ⏩ ALL DATES DISABLED PFCV
[11:58:20] ✅ FETCHED (ALL_DISABLED) PFCV
[11:58:20] [P1 367/459] GCCP
[11:58:21] ✅ FETCHED GCCP
[11:58:22] [P1 368/459] MCPB
[11:58:22] ⏩ DATE MISMATCH MCPB | API:20251219 EXPECTED:20251220
[11:58:22] ✅ FETCHED (DATE_MISMATCH) MCPB
[11:58:23] [P1 369/459] JHTP
[11:58:23] ✅ FETCHED JHTP
[11:58:24] [P1 370/459] SRMY
[11:58:24] ✅ FETCHED SRMY
[11:58:24] [P1 371/459] GNDS
[11:58:25] ✅ FETCHED GNDS
[11:58:25] [P1 372/459] SRNG
[11:58:25] ✅ FETCHED SRNG
[11:58:26] [P1 373/459] VSHM
[11:58:26] ✅ FETCHED VSHM
[11:58:27] [P1 374/459] PMMI
[11:58:27] ✅ FETCHED PMMI
[11:58:28] [P1 375/459] HGSM
[11:58:28] ✅ FETCHED HGSM
[11:58:29] [P1 376/459] PEVM
[11:58:29] ✅ FETCHED PEVM
[11:58:29] [P1 377/459] SMRN
[11:58:30] ✅ FETCHED SMRN
[11:58:31] [P1 378/459] SMXP
[11:58:32] ✅ FETCHED SMXP
[11:58:32] [P1 379/459] SABT
[11:58:33] ✅ FETCHED SABT
[11:58:34] [P1 380/459] VCEM
[11:58:34] ⏩ DATE MISMATCH VCEM | API:20251219 EXPECTED:20251220
[11:58:34] ✅ FETCHED (DATE_MISMATCH) VCEM
[11:58:34] [P1 381/459] STSV
[11:58:35] ✅ FETCHED STSV
[11:58:35] [P1 382/459] MRSW
[11:58:35] ✅ FETCHED MRSW
[11:58:36] [P1 383/459] MCTY
[11:58:36] ✅ FETCHED MCTY
[11:58:37] [P1 384/459] TGCA
[11:58:37] ✅ FETCHED TGCA
[11:58:38] [P1 385/459] STPM
[11:58:38] ✅ FETCHED STPM
[11:58:39] [P1 386/459] CNGE
[11:58:39] ✅ FETCHED CNGE
[11:58:40] [P1 387/459] VTBE
[11:58:40] ✅ FETCHED VTBE
[11:58:41] [P1 388/459] KTKO
[11:58:41] ⏩ ALL DATES DISABLED KTKO
[11:58:41] ✅ FETCHED (ALL_DISABLED) KTKO
[11:58:41] [P1 389/459] SBMT
[11:58:42] ✅ FETCHED SBMT
[11:58:42] [P1 390/459] GDCS
[11:58:43] ✅ FETCHED GDCS
[11:58:43] [P1 391/459] SNNN
[11:58:44] ✅ FETCHED SNNN
[11:58:44] [P1 392/459] HAMC
[11:58:45] ✅ FETCHED HAMC
[11:58:46] [P1 393/459] PKVC
[11:58:46] ✅ FETCHED PKVC
[11:58:46] [P1 394/459] ACTC
[11:58:47] ✅ FETCHED ACTC
[11:58:47] [P1 395/459] COLV
[11:58:47] ✅ FETCHED COLV
[11:58:48] [P1 396/459] CBSM
[11:58:49] ✅ FETCHED CBSM
[11:58:50] [P1 397/459] RDMP
[11:58:50] ✅ FETCHED RDMP
[11:58:50] [P1 398/459] KFMT
[11:58:51] ✅ FETCHED KFMT
[11:58:52] [P1 399/459] BOCK
[11:58:52] ✅ FETCHED BOCK
[11:58:53] [P1 400/459] BASU
[11:58:53] ✅ FETCHED BASU
[11:58:54] [P1 401/459] AACT
[11:58:54] ⏩ ALL DATES DISABLED AACT
[11:58:54] ✅ FETCHED (ALL_DISABLED) AACT
[11:58:55] [P1 402/459] CSER
[11:58:55] ✅ FETCHED CSER
[11:58:55] [P1 403/459] AVCK
[11:58:56] ✅ FETCHED AVCK
[11:58:56] [P1 404/459] KTPC
[11:58:57] ✅ FETCHED KTPC
[11:58:57] [P1 405/459] RMGG
[11:58:58] ✅ FETCHED RMGG
[11:58:58] [P1 406/459] SPPR
[11:58:58] ✅ FETCHED SPPR
[11:58:59] [P1 407/459] DKTI
[11:58:59] ⏩ ALL DATES DISABLED DKTI
[11:58:59] ✅ FETCHED (ALL_DISABLED) DKTI
[11:59:00] [P1 408/459] VTSK
[11:59:00] ✅ FETCHED VTSK
[11:59:00] [P1 409/459] PADY
[11:59:01] ✅ FETCHED PADY
[11:59:01] [P1 410/459] RJCC
[11:59:01] ✅ FETCHED RJCC
[11:59:02] [P1 411/459] MKSM
[11:59:02] ⏩ DATE MISMATCH MKSM | API:20251219 EXPECTED:20251220
[11:59:02] ✅ FETCHED (DATE_MISMATCH) MKSM
[11:59:03] [P1 412/459] SCAG
[11:59:03] ✅ FETCHED SCAG
[11:59:03] [P1 413/459] STMS
[11:59:04] ✅ FETCHED STMS
[11:59:04] [P1 414/459] MMXI
[11:59:04] ✅ FETCHED MMXI
[11:59:05] [P1 415/459] PNMR
[11:59:05] ✅ FETCHED PNMR
[11:59:06] [P1 416/459] SYTR
[11:59:06] ✅ FETCHED SYTR
[11:59:07] [P1 417/459] SDTD
[11:59:07] ✅ FETCHED SDTD
[11:59:08] [P1 418/459] URBL
[11:59:08] ✅ FETCHED URBL
[11:59:08] [P1 419/459] NCJN
[11:59:09] ✅ FETCHED NCJN
[11:59:09] [P1 420/459] SAMP
[11:59:09] ✅ FETCHED SAMP
[11:59:10] [P1 421/459] SVTB
[11:59:10] ✅ FETCHED SVTB
[11:59:11] [P1 422/459] PFCJ
[11:59:11] ✅ FETCHED PFCJ
[11:59:12] [P1 423/459] GCPT
[11:59:12] ✅ FETCHED GCPT
[11:59:12] [P1 424/459] VSTG
[11:59:14] ✅ FETCHED VSTG
[11:59:14] [P1 425/459] COPG
[11:59:14] ✅ FETCHED COPG
[11:59:15] [P1 426/459] NCPM
[11:59:15] ⏩ DATE MISMATCH NCPM | API:20251219 EXPECTED:20251220
[11:59:15] ✅ FETCHED (DATE_MISMATCH) NCPM
[11:59:16] [P1 427/459] VJTP
[11:59:16] ✅ FETCHED VJTP
[11:59:17] [P1 428/459] CCNL
[11:59:17] ⏩ ALL DATES DISABLED CCNL
[11:59:17] ✅ FETCHED (ALL_DISABLED) CCNL
[11:59:18] [P1 429/459] URTR
[11:59:18] ✅ FETCHED URTR
[11:59:19] [P1 430/459] VSMH
[11:59:19] ✅ FETCHED VSMH
[11:59:20] [P1 431/459] NLJR
[11:59:20] ✅ FETCHED NLJR
[11:59:20] [P1 432/459] CCKW
[11:59:21] ✅ FETCHED CCKW
[11:59:21] [P1 433/459] ACKZ
[11:59:21] ⏩ DATE MISMATCH ACKZ | API:20251219 EXPECTED:20251220
[11:59:21] ✅ FETCHED (DATE_MISMATCH) ACKZ
[11:59:22] [P1 434/459] INTN
[11:59:22] ✅ FETCHED INTN
[11:59:23] [P1 435/459] LHDF
[11:59:23] ✅ FETCHED LHDF
[11:59:23] [P1 436/459] BJLC
[11:59:24] ✅ FETCHED BJLC
[11:59:24] [P1 437/459] KRTA
[11:59:24] ✅ FETCHED KRTA
[11:59:25] [P1 438/459] NYAG
[11:59:25] ✅ FETCHED NYAG
[11:59:26] [P1 439/459] RCCJ
[11:59:26] ⏩ DATE MISMATCH RCCJ | API:20251219 EXPECTED:20251220
[11:59:26] ✅ FETCHED (DATE_MISMATCH) RCCJ
[11:59:27] [P1 440/459] ANAN
[11:59:27] ✅ FETCHED ANAN
[11:59:27] [P1 441/459] MHAL
[11:59:28] ✅ FETCHED MHAL
[11:59:28] [P1 442/459] PDRD
[11:59:29] ✅ FETCHED PDRD
[11:59:29] [P1 443/459] SCPR
[11:59:29] ✅ FETCHED SCPR
[11:59:30] [P1 444/459] PZVK
[11:59:31] ✅ FETCHED PZVK
[11:59:31] [P1 445/459] ANES
[11:59:31] ✅ FETCHED ANES
[11:59:32] [P1 446/459] CTMJ
[11:59:32] ✅ FETCHED CTMJ
[11:59:33] [P1 447/459] PVOO
[11:59:33] ✅ FETCHED PVOO
[11:59:34] [P1 448/459] EVMC
[11:59:34] ✅ FETCHED EVMC
[11:59:35] [P1 449/459] VMAT
[11:59:35] ✅ FETCHED VMAT
[11:59:36] [P1 450/459] HKCP
[11:59:36] ✅ FETCHED HKCP
[11:59:36] [P1 451/459] ASLC
[11:59:37] ✅ FETCHED ASLC
[11:59:38] [P1 452/459] VVVL
[11:59:38] ✅ FETCHED VVVL
[11:59:39] [P1 453/459] SPCT
[11:59:39] ✅ FETCHED SPCT
[11:59:39] [P1 454/459] CSTP
[11:59:40] ✅ FETCHED CSTP
[11:59:40] [P1 455/459] AXMC
[11:59:41] ✅ FETCHED AXMC
[11:59:41] [P1 456/459] CMXN
[11:59:42] ⏩ ALL DATES DISABLED CMXN
[11:59:42] ✅ FETCHED (ALL_DISABLED) CMXN
[11:59:42] [P1 457/459] AYCZ
[11:59:43] ✅ FETCHED AYCZ
[11:59:43] [P1 458/459] NVKY
[11:59:43] ✅ FETCHED NVKY
[11:59:44] [P1 459/459] ACVM
[11:59:44] ✅ FETCHED ACVM
[11:59:45] ▶ PASS-2 : Soft retry (0)
[11:59:45] 💾 Writing output
[11:59:45] ✅ DONE — fetched 459/459 venues
