[12:44:13] 🚀 SCRIPT STARTED
[12:44:13] [1/459] MBDC
[12:44:13] 🧠 New identity created
[12:44:14] [2/459] CHKM
[12:44:15] [3/459] JTKZ
[12:44:16] [4/459] CMCT
[12:44:17] [5/459] ASHO
[12:44:18] [6/459] ECDG
[12:44:19] [7/459] SPAT
[12:44:19] [8/459] HILC
[12:44:21] [9/459] SPPH
[12:44:22] [10/459] SBHN
[12:44:23] [11/459] RRCA
[12:44:24] [12/459] APAA
[12:44:25] [13/459] RAME
[12:44:26] [14/459] TMMS
[12:44:26] [15/459] BATK
[12:44:27] [16/459] LKOP
[12:44:28] [17/459] AMTT
[12:44:29] [18/459] PTGK
[12:44:30] [19/459] ANRS
[12:44:30] [20/459] VWBW
[12:44:31] [21/459] SVFG
[12:44:32] [22/459] STAT
[12:44:34] [23/459] GDCV
[12:44:35] [24/459] VEBI
[12:44:36] [25/459] VDSS
[12:44:37] [26/459] NTHV
[12:44:38] [27/459] AOCH
[12:44:38] [28/459] KASR
[12:44:39] [29/459] AYCS
[12:44:40] [30/459] SHAI
[12:44:41] [31/459] SKPE
[12:44:42] [32/459] SBTA
[12:44:42] [33/459] RTTD
[12:44:43] [34/459] CCJD
[12:44:44] [35/459] RSJJ
[12:44:45] [36/459] RKND
[12:44:46] [37/459] SVTX
[12:44:47] [38/459] BAKM
[12:44:47] [39/459] SVDC
[12:44:48] [40/459] MNCV
[12:44:49] [41/459] SJGC
[12:44:49] [42/459] MTPK
[12:44:50] [43/459] GATP
[12:44:51] [44/459] ABTS
[12:44:53] [45/459] ABDE
[12:44:54] [46/459] RCNM
[12:44:55] [47/459] KTHV
[12:44:56] [48/459] MDGJ
[12:44:57] [49/459] SMLM
[12:44:58] [50/459] JTMA
[12:44:58] [51/459] ACKP
[12:44:59] [52/459] SRTA
[12:45:00] [53/459] STAY
[12:45:01] [54/459] MAVO
[12:45:02] [55/459] APTS
[12:45:03] [56/459] OMEA
[12:45:04] [57/459] TTFD
[12:45:05] [58/459] MJCU
[12:45:07] [59/459] CXTE
[12:45:08] [60/459] CTPX
[12:45:08] [61/459] ASSL
[12:45:09] [62/459] CMVB
[12:45:10] [63/459] VPUR
[12:45:11] [64/459] JJDA
[12:45:12] [65/459] INBL
[12:45:13] [66/459] BIKB
[12:45:14] [67/459] NTBB
[12:45:14] [68/459] GLOB
[12:45:15] [69/459] SNTB
[12:45:17] [70/459] CHGV
[12:45:17] [71/459] SSBZ
[12:45:18] [72/459] PRDB
[12:45:19] [73/459] ISMT
[12:45:20] [74/459] MCSD
[12:45:20] [75/459] JBTT
[12:45:22] [76/459] GEKR
[12:45:23] [77/459] PVUN
[12:45:24] [78/459] NRTB
[12:45:24] [79/459] PRAA
[12:45:25] [80/459] PCBL
[12:45:27] [81/459] PTCM
[12:45:28] [82/459] KHNN
[12:45:29] [83/459] OMJE
[12:45:30] [84/459] STGN
[12:45:31] [85/459] RPMS
[12:45:32] [86/459] NWAD
[12:45:33] [87/459] BLCK
[12:45:34] [88/459] SVAA
[12:45:35] [89/459] URVM
[12:45:36] [90/459] ANTM
[12:45:37] [91/459] VJYM
[12:45:38] [92/459] MAZZ
[12:45:38] [93/459] CSHM
[12:45:39] [94/459] WGMH
[12:45:41] [95/459] SALN
[12:45:41] [96/459] BRTP
[12:45:42] [97/459] SVTA
[12:45:43] [98/459] SBTP
[12:45:44] [99/459] VLSS
[12:45:45] [100/459] SRJA
[12:45:46] [101/459] ANCG
[12:45:47] [102/459] CGGC
[12:45:47] [103/459] CRJA
[12:45:48] [104/459] USCR
[12:45:49] [105/459] MMEF
[12:45:50] [106/459] JCRJ
[12:45:51] [107/459] ADCM
[12:45:52] [108/459] BMYK
[12:45:52] [109/459] KICS
[12:45:53] [110/459] MBBT
[12:45:54] [111/459] MACK
[12:45:55] [112/459] CLDR
[12:45:56] [113/459] JYCR
[12:45:58] [114/459] DCRP
[12:45:58] [115/459] RAHT
[12:45:59] [116/459] CSSM
[12:46:00] [117/459] ATPK
[12:46:01] [118/459] KLRT
[12:46:02] [119/459] SRDD
[12:46:03] [120/459] CKMC
[12:46:04] [121/459] KRVM
[12:46:04] [122/459] AKCP
[12:46:05] [123/459] CNCV
[12:46:06] [124/459] PACT
[12:46:07] [125/459] NATP
[12:46:08] [126/459] PCPK
[12:46:08] [127/459] SMHO
[12:46:09] [128/459] CWTK
[12:46:10] [129/459] RVKZ
[12:46:11] [130/459] ASPD
[12:46:11] [131/459] VTKZ
[12:46:12] [132/459] LCSO
[12:46:13] [133/459] PRDY
[12:46:14] [134/459] RCAP
[12:46:15] [135/459] RGAR
[12:46:16] [136/459] RCAC
[12:46:17] [137/459] PMOD
[12:46:17] [138/459] PVCN
[12:46:18] [139/459] SCRZ
[12:46:19] [140/459] PVPC
[12:46:20] [141/459] STID
[12:46:21] [142/459] NEDD
[12:46:22] [143/459] BNBA
[12:46:23] [144/459] NTCD
[12:46:24] [145/459] OCDE
[12:46:24] [146/459] CCDU
[12:46:25] [147/459] CRXH
[12:46:26] [148/459] VLVT
[12:46:27] [149/459] CICI
[12:46:28] [150/459] SUCB
[12:46:28] [151/459] TCBP
[12:46:29] [152/459] SCCY
[12:46:30] [153/459] LXCY
[12:46:31] [154/459] NCMD
[12:46:32] [155/459] PHCS
[12:46:32] [156/459] DUXR
[12:46:34] [157/459] VNKS
[12:46:35] [158/459] SEDP
[12:46:36] [159/459] SVEN
[12:46:36] [160/459] SRKM
[12:46:37] [161/459] JTLT
[12:46:38] [162/459] SVSS
[12:46:39] [163/459] AMDE
[12:46:39] [164/459] WVRN
[12:46:40] [165/459] ISMG
[12:46:41] [166/459] WVKS
[12:46:42] [167/459] USCG
[12:46:42] [168/459] IOTG
[12:46:43] [169/459] RRJM
[12:46:44] [170/459] EDMP
[12:46:46] [171/459] SCGZ
[12:46:47] [172/459] GMGX
[12:46:47] [173/459] OMTP
[12:46:48] [174/459] MITD
[12:46:49] [175/459] SMMD
[12:46:50] [176/459] STML
[12:46:51] [177/459] MCFS
[12:46:52] [178/459] FPKA
[12:46:53] [179/459] OMLR
[12:46:53] [180/459] KKSC
[12:46:54] [181/459] RVMA
[12:46:55] [182/459] SCLL
[12:46:56] [183/459] SCDK
[12:46:57] [184/459] SXMI
[12:46:58] [185/459] SHDN
[12:46:59] [186/459] PAAD
[12:46:59] [187/459] UUCB
[12:47:00] [188/459] JHOL
[12:47:01] [189/459] SGWT
[12:47:02] [190/459] SRII
[12:47:02] [191/459] SGCK
[12:47:03] [192/459] SVVB
[12:47:05] [193/459] DMHA
[12:47:06] [194/459] PPNL
[12:47:07] [195/459] CPNL
[12:47:07] [196/459] WVLD
[12:47:08] [197/459] PSLV
[12:47:09] [198/459] VTTL
[12:47:10] [199/459] NPAD
[12:47:11] [200/459] PVCS
[12:47:11] [201/459] MCHL
[12:47:12] [202/459] PPLL
[12:47:13] [203/459] MALO
[12:47:14] [204/459] SWBH
[12:47:15] [205/459] PUGB
[12:47:17] [206/459] INBB
[12:47:18] [207/459] INNS
[12:47:19] [208/459] MCPT
[12:47:20] [209/459] SCMI
[12:47:21] [210/459] OCON
[12:47:22] [211/459] SCSM
[12:47:23] [212/459] RJVN
[12:47:23] [213/459] AMDK
[12:47:24] [214/459] ISMR
[12:47:25] [215/459] SMTD
[12:47:26] [216/459] VTDD
[12:47:27] [217/459] PDDZ
[12:47:28] [218/459] PCCK
[12:47:28] [219/459] INAM
[12:47:29] [220/459] FNKT
[12:47:30] [221/459] GDKA
[12:47:31] [222/459] MAYU
[12:47:32] [223/459] TCGU
[12:47:33] [224/459] KDCA
[12:47:34] [225/459] DOMY
[12:47:35] [226/459] PDDD
[12:47:35] [227/459] BJTS
[12:47:36] [228/459] VTCA
[12:47:37] [229/459] SBTM
[12:47:38] [230/459] SEET
[12:47:39] [231/459] SSTJ
[12:47:39] [232/459] SVNT
[12:47:40] [233/459] PPPR
[12:47:42] [234/459] PVYS
[12:47:43] [235/459] IOSE
[12:47:43] [236/459] ACTV
[12:47:44] [237/459] APVE
[12:47:45] [238/459] TCCL
[12:47:46] [239/459] SCMO
[12:47:46] [240/459] SAUM
[12:47:48] [241/459] KCJS
[12:47:49] [242/459] NJCJ
[12:47:50] [243/459] NECF
[12:47:51] [244/459] CCGW
[12:47:51] [245/459] CCMG
[12:47:52] [246/459] NYRG
[12:47:53] [247/459] NCSQ
[12:47:54] [248/459] GRCG
[12:47:55] [249/459] CCBT
[12:47:56] [250/459] ACGA
[12:47:56] [251/459] INAG
[12:47:57] [252/459] FUCG
[12:47:58] [253/459] AICF
[12:47:59] [254/459] GRGA
[12:48:00] [255/459] GDCN
[12:48:01] [256/459] RRCG
[12:48:02] [257/459] SDCH
[12:48:02] [258/459] WVJM
[12:48:03] [259/459] JCCZ
[12:48:04] [260/459] CNCL
[12:48:04] [261/459] TMLV
[12:48:05] [262/459] MEMB
[12:48:06] [263/459] SGTD
[12:48:07] [264/459] CONX
[12:48:08] [265/459] CCMH
[12:48:08] [266/459] ACMC
[12:48:09] [267/459] DTPD
[12:48:10] [268/459] POJA
[12:48:11] [269/459] FNBH
[12:48:13] [270/459] CGCB
[12:48:13] [271/459] RACN
[12:48:14] [272/459] JTSM
[12:48:15] [273/459] SCDN
[12:48:16] [274/459] AACK
[12:48:17] [275/459] RMCE
[12:48:18] [276/459] BSGB
[12:48:18] [277/459] MRCB
[12:48:19] [278/459] SRVR
[12:48:20] [279/459] VTKK
[12:48:21] [280/459] AMST
[12:48:22] [281/459] APCY
[12:48:23] [282/459] LMHO
[12:48:23] [283/459] MTZH
[12:48:24] [284/459] AMZB
[12:48:25] [285/459] SUVT
[12:48:26] [286/459] RCIP
[12:48:27] [287/459] KESR
[12:48:27] [288/459] SNKC
[12:48:28] [289/459] SCED
[12:48:29] [290/459] DVCA
[12:48:30] [291/459] VCDT
[12:48:31] [292/459] RRDI
[12:48:32] [293/459] DFCH
[12:48:32] [294/459] INSC
[12:48:33] [295/459] RGTR
[12:48:34] [296/459] FMOT
[12:48:35] [297/459] SCPM
[12:48:36] [298/459] GCDT
[12:48:36] [299/459] BRKT
[12:48:37] [300/459] DEMP
[12:48:38] [301/459] SRLC
[12:48:39] [302/459] KSTT
[12:48:40] [303/459] SMMT
[12:48:41] [304/459] SILM
[12:48:42] [305/459] JCVM
[12:48:43] [306/459] KCSV
[12:48:43] [307/459] MHLK
[12:48:44] [308/459] SLVL
[12:48:45] [309/459] RJKP
[12:48:46] [310/459] BBPC
[12:48:47] [311/459] MXCB
[12:48:47] [312/459] TCPK
[12:48:48] [313/459] RTBR
[12:48:49] [314/459] GAUT
[12:48:50] [315/459] DVCF
[12:48:51] [316/459] JTSB
[12:48:52] [317/459] SBLS
[12:48:53] [318/459] UDAY
[12:48:54] [319/459] PTNP
[12:48:55] [320/459] DMKT
[12:48:56] [321/459] NTDT
[12:48:56] [322/459] SHDJ
[12:48:57] [323/459] OTNC
[12:48:58] [324/459] RNTW
[12:48:59] [325/459] GCMI
[12:49:00] [326/459] CRCM
[12:49:00] [327/459] NNCZ
[12:49:01] [328/459] OEMO
[12:49:02] [329/459] PVJM
[12:49:03] [330/459] CPJI
[12:49:03] [331/459] RMCJ
[12:49:05] [332/459] CNWJ
[12:49:07] [333/459] EPJM
[12:49:07] [334/459] FNJJ
[12:49:08] [335/459] GCMJ
[12:49:09] [336/459] INPS
[12:49:10] [337/459] BICJ
[12:49:11] [338/459] ISTJ
[12:49:12] [339/459] INJC
[12:49:13] [340/459] GLXJ
[12:49:14] [341/459] INEM
[12:49:15] [342/459] JTMN
[12:49:15] [343/459] FRCJ
[12:49:16] [344/459] DDJP
[12:49:17] [345/459] INJV
[12:49:18] [346/459] GOLC
[12:49:19] [347/459] KOCI
[12:49:20] [348/459] FSTD
[12:49:20] [349/459] PACJ
[12:49:21] [350/459] GMCN
[12:49:22] [351/459] MMDJ
[12:49:23] [352/459] GODH
[12:49:24] [353/459] SKYN
[12:49:24] [354/459] NCTH
[12:49:25] [355/459] SKVZ
[12:49:26] [356/459] SVML
[12:49:27] [357/459] ACVZ
[12:49:28] [358/459] SURA
[12:49:29] [359/459] RTRB
[12:49:31] [360/459] LLCT
[12:49:32] [361/459] ATTS
[12:49:32] [362/459] JYCM
[12:49:33] [363/459] CTKR
[12:49:34] [364/459] LCKR
[12:49:36] [365/459] NYCV
[12:49:36] [366/459] NYOH
[12:49:37] [367/459] NOVX
[12:49:38] [368/459] MRGK
[12:49:39] [369/459] MOON
[12:49:40] [370/459] SBUC
[12:49:41] [371/459] GSVA
[12:49:41] [372/459] VIAK
[12:49:42] [373/459] SMVZ
[12:49:43] [374/459] MATE
[12:49:44] [375/459] RDCN
[12:49:45] [376/459] ASBL
[12:49:45] [377/459] ASVS
[12:49:46] [378/459] ASSR
[12:49:47] [379/459] SSKN
[12:49:48] [380/459] DRPV
[12:49:49] [381/459] MRHT
[12:49:50] [382/459] BSCN
[12:49:51] [383/459] RKNX
[12:49:51] [384/459] MSMC
[12:49:52] [385/459] MSCJ
[12:49:53] [386/459] BTBJ
[12:49:54] [387/459] MJCC
[12:49:55] [388/459] IOMM
[12:49:56] [389/459] ADGR
[12:49:57] [390/459] MYCP
[12:49:58] [391/459] IGCM
[12:49:58] [392/459] PGRK
[12:49:59] [393/459] VPGO
[12:50:00] [394/459] KOMS
[12:50:01] [395/459] URGG
[12:50:02] [396/459] GOST
[12:50:03] [397/459] LACT
[12:50:04] [398/459] BWCM
[12:50:04] [399/459] NCCW
[12:50:06] [400/459] SKYC
[12:50:07] [401/459] CCPM
[12:50:07] [402/459] VCBT
[12:50:08] [403/459] SDKR
[12:50:09] [404/459] CTYB
[12:50:10] [405/459] SHCX
[12:50:11] [406/459] RCUN
[12:50:11] [407/459] CNRA
[12:50:12] [408/459] RFCA
[12:50:13] [409/459] RDCU
[12:50:14] [410/459] SARK
[12:50:15] [411/459] SPPP
[12:50:16] [412/459] ADMB
[12:50:16] [413/459] JYOE
[12:50:17] [414/459] SRMD
[12:50:18] [415/459] RJDH
[12:50:19] [416/459] SSTD
[12:50:20] [417/459] AACV
[12:50:20] [418/459] PPVD
[12:50:21] [419/459] STCP
[12:50:22] [420/459] ANJR
[12:50:23] [421/459] ANLS
[12:50:24] [422/459] BIJO
[12:50:25] [423/459] AVAB
[12:50:25] [424/459] SPMD
[12:50:26] [425/459] SVJL
[12:50:28] [426/459] SDDJ
[12:50:29] [427/459] SLTU
[12:50:29] [428/459] SAKA
[12:50:31] [429/459] PMAM
[12:50:32] [430/459] FNAM
[12:50:33] [431/459] ACAM
[12:50:33] [432/459] SCMM
[12:50:34] [433/459] PMAK
[12:50:35] [434/459] NYSA
[12:50:36] [435/459] FCPA
[12:50:37] [436/459] GDAN
[12:50:37] [437/459] RSCA
[12:50:38] [438/459] DMAN
[12:50:39] [439/459] DZCM
[12:50:40] [440/459] NSGL
[12:50:41] [441/459] CCPP
[12:50:42] [442/459] PSMG
[12:50:43] [443/459] GSER
[12:50:44] [444/459] FCCT
[12:50:44] [445/459] FCTB
[12:50:45] [446/459] LCNK
[12:50:46] [447/459] SKTY
[12:50:47] [448/459] INAA
[12:50:48] [449/459] RCWN
[12:50:49] [450/459] VAIS
[12:50:50] [451/459] CVMN
[12:50:51] [452/459] INTS
[12:50:52] [453/459] FRGS
[12:50:53] [454/459] DTCK
[12:50:53] [455/459] MCMH
[12:50:54] [456/459] ECRR
[12:50:55] [457/459] RLLP
[12:50:56] [458/459] CCSN
[12:50:57] [459/459] CCBA
[12:50:58] 🧹 Deduping shows
[12:50:58] ✅ DONE | Shows=3008 | Movies=73
