[12:44:00] 🚀 SCRIPT STARTED
[12:44:00] [1/459] FNDB
[12:44:00] 🧠 New identity created
[12:44:01] [2/459] AMBH
[12:44:03] [3/459] PRHN
[12:44:03] [4/459] ACPM
[12:44:05] [5/459] PVFS
[12:44:06] [6/459] AACN
[12:44:07] [7/459] ACAS
[12:44:07] [8/459] CTNR
[12:44:08] [9/459] MMAH
[12:44:09] [10/459] CPMH
[12:44:10] [11/459] IGMH
[12:44:11] [12/459] ABCS
[12:44:12] [13/459] CMMA
[12:44:12] [14/459] GPRH
[12:44:13] [15/459] PNNG
[12:44:15] [16/459] AMCA
[12:44:16] [17/459] ISTN
[12:44:17] [18/459] PIIC
[12:44:18] [19/459] AHMH
[12:44:19] [20/459] ASHN
[12:44:20] [21/459] INHY
[12:44:20] [22/459] SRMO
[12:44:21] [23/459] PIMH
[12:44:22] [24/459] PVTS
[12:44:23] [25/459] MMCA
[12:44:24] [26/459] AKYJ
[12:44:25] [27/459] BRKH
[12:44:26] [28/459] MAHM
[12:44:26] [29/459] CPHY
[12:44:27] [30/459] PVTP
[12:44:28] [31/459] SMMR
[12:44:29] [32/459] PVHM
[12:44:30] [33/459] SNDY
[12:44:31] [34/459] GOKU
[12:44:32] [35/459] ACEV
[12:44:33] [36/459] PVUM
[12:44:34] [37/459] VSWA
[12:44:35] [38/459] IPRS
[12:44:36] [39/459] ASGN
[12:44:36] [40/459] BKMV
[12:44:37] [41/459] PVYH
[12:44:38] [42/459] INKM
[12:44:39] [43/459] ARJU
[12:44:40] [44/459] JJPP
[12:44:41] [45/459] SSRM
[12:44:41] [46/459] HMHD
[12:44:42] [47/459] SNKH
[12:44:43] [48/459] ACHI
[12:44:43] [49/459] MRAA
[12:44:44] [50/459] INMH
[12:44:45] [51/459] ARMH
[12:44:46] [52/459] DVRR
[12:44:47] [53/459] SUDA
[12:44:48] [54/459] MCSS
[12:44:49] [55/459] VRKC
[12:44:50] [56/459] PRCX
[12:44:51] [57/459] ASJY
[12:44:52] [58/459] MTHY
[12:44:53] [59/459] SRCM
[12:44:54] [60/459] TVHY
[12:44:54] [61/459] STHD
[12:44:55] [62/459] CPCL
[12:44:56] [63/459] PSMJ
[12:44:57] [64/459] MRGT
[12:44:58] [65/459] ARYH
[12:44:59] [66/459] VTRB
[12:45:00] [67/459] SCHC
[12:45:00] [68/459] MRRG
[12:45:01] [69/459] SPCB
[12:45:02] [70/459] AMCM
[12:45:03] [71/459] IVNM
[12:45:04] [72/459] TRHY
[12:45:05] [73/459] PTTH
[12:45:06] [74/459] RKMH
[12:45:07] [75/459] PRCS
[12:45:07] [76/459] VAJA
[12:45:08] [77/459] BJNG
[12:45:09] [78/459] SCVM
[12:45:10] [79/459] GNHB
[12:45:11] [80/459] TLUR
[12:45:11] [81/459] UKCC
[12:45:12] [82/459] SRKR
[12:45:13] [83/459] RMKN
[12:45:14] [84/459] SLRT
[12:45:15] [85/459] LKMT
[12:45:16] [86/459] SSRJ
[12:45:16] [87/459] SPHT
[12:45:17] [88/459] ANTT
[12:45:18] [89/459] SRCH
[12:45:19] [90/459] SRCA
[12:45:20] [91/459] ARTH
[12:45:20] [92/459] MCBH
[12:45:21] [93/459] SNIB
[12:45:22] [94/459] SART
[12:45:23] [95/459] SKTA
[12:45:24] [96/459] YAKT
[12:45:24] [97/459] MLCK
[12:45:26] [98/459] ANTS
[12:45:27] [99/459] DGCA
[12:45:27] [100/459] SGMP
[12:45:29] [101/459] ASWN
[12:45:30] [102/459] KFVU
[12:45:31] [103/459] POOR
[12:45:32] [104/459] GKDN
[12:45:32] [105/459] EOSE
[12:45:33] [106/459] GTTT
[12:45:34] [107/459] ARRO
[12:45:35] [108/459] CMMK
[12:45:36] [109/459] MSCN
[12:45:37] [110/459] GDKH
[12:45:38] [111/459] DLMT
[12:45:39] [112/459] PVMF
[12:45:40] [113/459] CPCK
[12:45:41] [114/459] VMHE
[12:45:43] [115/459] PVLC
[12:45:43] [116/459] PCVB
[12:45:44] [117/459] SNYK
[12:45:45] [118/459] KTEK
[12:45:46] [119/459] PCNM
[12:45:46] [120/459] NTTR
[12:45:47] [121/459] CPSK
[12:45:48] [122/459] JMMA
[12:45:49] [123/459] GCFK
[12:45:49] [124/459] MYCA
[12:45:50] [125/459] KSNP
[12:45:51] [126/459] PMCE
[12:45:52] [127/459] SCKI
[12:45:53] [128/459] FSMA
[12:45:53] [129/459] CETA
[12:45:54] [130/459] MCIK
[12:45:55] [131/459] MYCR
[12:45:56] [132/459] EVMP
[12:45:57] [133/459] SSGT
[12:45:58] [134/459] KCTK
[12:45:59] [135/459] ZTKC
[12:46:00] [136/459] MMTA
[12:46:01] [137/459] MAJT
[12:46:02] [138/459] ACPK
[12:46:03] [139/459] JMAX
[12:46:04] [140/459] SETK
[12:46:05] [141/459] CAIS
[12:46:07] [142/459] AGCD
[12:46:08] [143/459] URCL
[12:46:08] [144/459] VTDS
[12:46:09] [145/459] JCNM
[12:46:10] [146/459] KCAM
[12:46:11] [147/459] ADCU
[12:46:12] [148/459] GXYN
[12:46:13] [149/459] SMJG
[12:46:13] [150/459] EYCJ
[12:46:14] [151/459] CCEJ
[12:46:15] [152/459] MARS
[12:46:16] [153/459] CPVJ
[12:46:17] [154/459] INVP
[12:46:17] [155/459] CPOV
[12:46:18] [156/459] VIJK
[12:46:19] [157/459] LAIM
[12:46:20] [158/459] STHV
[12:46:21] [159/459] SVLJ
[12:46:21] [160/459] ATVJ
[12:46:22] [161/459] JTSC
[12:46:23] [162/459] RMTV
[12:46:24] [163/459] MGGG
[12:46:25] [164/459] SWTH
[12:46:26] [165/459] INVJ
[12:46:26] [166/459] PRSV
[12:46:27] [167/459] JATV
[12:46:28] [168/459] RCVD
[12:46:29] [169/459] BDMA
[12:46:30] [170/459] BLJI
[12:46:30] [171/459] SWOT
[12:46:31] [172/459] SWRN
[12:46:32] [173/459] TVRA
[12:46:33] [174/459] VCSV
[12:46:34] [175/459] NVRN
[12:46:35] [176/459] SIKC
[12:46:36] [177/459] VAKR
[12:46:38] [178/459] SYLN
[12:46:38] [179/459] KLJL
[12:46:39] [180/459] LKMY
[12:46:40] [181/459] VSLY
[12:46:42] [182/459] CIKO
[12:46:42] [183/459] GPBG
[12:46:43] [184/459] CECM
[12:46:44] [185/459] SLKB
[12:46:45] [186/459] MTBO
[12:46:45] [187/459] SSHB
[12:46:46] [188/459] VPCS
[12:46:47] [189/459] RCSR
[12:46:48] [190/459] RJRM
[12:46:49] [191/459] KPPB
[12:46:50] [192/459] SEDC
[12:46:51] [193/459] SCAI
[12:46:52] [194/459] RMTR
[12:46:52] [195/459] ASST
[12:46:53] [196/459] GCAK
[12:46:54] [197/459] ANNK
[12:46:55] [198/459] KDDF
[12:46:55] [199/459] NRDP
[12:46:56] [200/459] PLAK
[12:46:57] [201/459] GCMC
[12:46:58] [202/459] ALPY
[12:46:58] [203/459] SICE
[12:46:59] [204/459] SISR
[12:47:01] [205/459] SRPZ
[12:47:01] [206/459] SRSW
[12:47:02] [207/459] SUYA
[12:47:03] [208/459] AMMT
[12:47:04] [209/459] BHCU
[12:47:05] [210/459] KLPA
[12:47:06] [211/459] NVKH
[12:47:07] [212/459] JMRC
[12:47:08] [213/459] KTTT
[12:47:08] [214/459] MAGH
[12:47:09] [215/459] MMMX
[12:47:10] [216/459] SALJ
[12:47:11] [217/459] GTJA
[12:47:12] [218/459] MAHT
[12:47:14] [219/459] SSNN
[12:47:15] [220/459] ARRP
[12:47:16] [221/459] ATNS
[12:47:17] [222/459] SKDT
[12:47:18] [223/459] ACAT
[12:47:19] [224/459] APRC
[12:47:20] [225/459] SWAG
[12:47:21] [226/459] SDPT
[12:47:22] [227/459] STPS
[12:47:23] [228/459] WWCZ
[12:47:24] [229/459] LLCH
[12:47:25] [230/459] MZHA
[12:47:26] [231/459] CRJG
[12:47:27] [232/459] JGTK
[12:47:28] [233/459] KCSR
[12:47:29] [234/459] CHTL
[12:47:30] [235/459] EDSR
[12:47:31] [236/459] CSWO
[12:47:32] [237/459] CPVM
[12:47:33] [238/459] MXBY
[12:47:34] [239/459] FMMA
[12:47:34] [240/459] POVI
[12:47:35] [241/459] MTHB
[12:47:36] [242/459] INRC
[12:47:36] [243/459] PIPP
[12:47:37] [244/459] BMXC
[12:47:38] [245/459] PCMM
[12:47:39] [246/459] PMKM
[12:47:40] [247/459] GATY
[12:47:40] [248/459] IMCM
[12:47:42] [249/459] POPE
[12:47:42] [250/459] MTCR
[12:47:43] [251/459] PVAE
[12:47:44] [252/459] PVMI
[12:47:45] [253/459] CPNM
[12:47:46] [254/459] FMRL
[12:47:46] [255/459] MCIW
[12:47:47] [256/459] MXBO
[12:47:49] [257/459] FMKY
[12:47:50] [258/459] FMDA
[12:47:50] [259/459] THAB
[12:47:51] [260/459] PRCW
[12:47:52] [261/459] PITI
[12:47:53] [262/459] MCFF
[12:47:54] [263/459] PDDV
[12:47:55] [264/459] MCRM
[12:47:57] [265/459] KKMB
[12:47:57] [266/459] INKO
[12:47:58] [267/459] PLXP
[12:47:59] [268/459] MMHA
[12:48:00] [269/459] FMVS
[12:48:01] [270/459] POLM
[12:48:02] [271/459] STER
[12:48:03] [272/459] PVWJ
[12:48:04] [273/459] IMJW
[12:48:05] [274/459] FNAN
[12:48:06] [275/459] CAGL
[12:48:06] [276/459] IPBG
[12:48:07] [277/459] SMFV
[12:48:08] [278/459] MMMR
[12:48:09] [279/459] MMWM
[12:48:10] [280/459] FNCM
[12:48:11] [281/459] MDVA
[12:48:12] [282/459] MMET
[12:48:13] [283/459] MIDO
[12:48:14] [284/459] INNP
[12:48:15] [285/459] MIFU
[12:48:16] [286/459] MMSZ
[12:48:17] [287/459] BMXA
[12:48:18] [288/459] MCAA
[12:48:19] [289/459] SCVP
[12:48:20] [290/459] PLUS
[12:48:21] [291/459] MUCK
[12:48:21] [292/459] MTMA
[12:48:22] [293/459] HPVR
[12:48:23] [294/459] PMPK
[12:48:24] [295/459] MAJB
[12:48:25] [296/459] CTRR
[12:48:25] [297/459] MCTG
[12:48:26] [298/459] MACE
[12:48:27] [299/459] AAAS
[12:48:28] [300/459] CPVV
[12:48:28] [301/459] RCHG
[12:48:29] [302/459] MCNE
[12:48:31] [303/459] EMNC
[12:48:32] [304/459] MCAN
[12:48:32] [305/459] TCDM
[12:48:33] [306/459] IRGT
[12:48:34] [307/459] GCMG
[12:48:35] [308/459] MXSN
[12:48:36] [309/459] MXCK
[12:48:37] [310/459] MCRC
[12:48:38] [311/459] RSMI
[12:48:38] [312/459] WAML
[12:48:39] [313/459] MTSC
[12:48:40] [314/459] FMDR
[12:48:42] [315/459] LEPV
[12:48:43] [316/459] MTGD
[12:48:44] [317/459] IMOB
[12:48:44] [318/459] CLMM
[12:48:45] [319/459] PZCD
[12:48:46] [320/459] GOCS
[12:48:47] [321/459] KCMA
[12:48:48] [322/459] CCMP
[12:48:49] [323/459] MTSU
[12:48:50] [324/459] SNGL
[12:48:51] [325/459] MMMC
[12:48:52] [326/459] MMAA
[12:48:53] [327/459] GCDM
[12:48:54] [328/459] KTMV
[12:48:54] [329/459] AETE
[12:48:55] [330/459] OMCS
[12:48:56] [331/459] GDCD
[12:48:57] [332/459] NYMD
[12:48:58] [333/459] RNCV
[12:48:59] [334/459] KKMT
[12:49:00] [335/459] GDTH
[12:49:01] [336/459] KMMV
[12:49:02] [337/459] NHCG
[12:49:02] [338/459] PJDW
[12:49:03] [339/459] MMCV
[12:49:04] [340/459] FQSA
[12:49:05] [341/459] KURL
[12:49:06] [342/459] NNNX
[12:49:06] [343/459] AMAU
[12:49:07] [344/459] VVVM
[12:49:08] [345/459] VECU
[12:49:08] [346/459] WCVR
[12:49:09] [347/459] MTGG
[12:49:10] [348/459] SGTG
[12:49:11] [349/459] MNTG
[12:49:12] [350/459] JDDG
[12:49:13] [351/459] MBTK
[12:49:15] [352/459] SGCD
[12:49:15] [353/459] MCTC
[12:49:16] [354/459] JTPC
[12:49:17] [355/459] SDKT
[12:49:19] [356/459] KRCC
[12:49:19] [357/459] RMMD
[12:49:20] [358/459] AAME
[12:49:21] [359/459] TMWC
[12:49:22] [360/459] NRWY
[12:49:23] [361/459] CITD
[12:49:23] [362/459] VERD
[12:49:24] [363/459] MKSK
[12:49:26] [364/459] STSM
[12:49:26] [365/459] MJDG
[12:49:27] [366/459] RKPM
[12:49:28] [367/459] SSCE
[12:49:29] [368/459] VMAE
[12:49:30] [369/459] SBRU
[12:49:30] [370/459] AMBC
[12:49:31] [371/459] AMLU
[12:49:32] [372/459] INVZ
[12:49:33] [373/459] LGTV
[12:49:33] [374/459] SVAD
[12:49:34] [375/459] SMSA
[12:49:35] [376/459] SPCZ
[12:49:36] [377/459] GTCX
[12:49:37] [378/459] SCSL
[12:49:38] [379/459] SAHU
[12:49:39] [380/459] NCDA
[12:49:39] [381/459] SCCG
[12:49:40] [382/459] VKTL
[12:49:41] [383/459] PUUJ
[12:49:42] [384/459] STEJ
[12:49:43] [385/459] RJAL
[12:49:44] [386/459] ACJC
[12:49:44] [387/459] VTHC
[12:49:45] [388/459] ARVB
[12:49:46] [389/459] AUBB
[12:49:46] [390/459] GDBR
[12:49:47] [391/459] PVND
[12:49:48] [392/459] BGRJ
[12:49:49] [393/459] RJMM
[12:49:50] [394/459] MCSA
[12:49:50] [395/459] BODA
[12:49:52] [396/459] JAGG
[12:49:53] [397/459] SCGA
[12:49:54] [398/459] LRCM
[12:49:55] [399/459] CPCN
[12:49:56] [400/459] SSTF
[12:49:57] [401/459] SRXP
[12:49:57] [402/459] CNFX
[12:49:58] [403/459] ANDI
[12:49:59] [404/459] SYEW
[12:50:00] [405/459] RCRE
[12:50:01] [406/459] SCRW
[12:50:01] [407/459] MBKR
[12:50:02] [408/459] ASNT
[12:50:03] [409/459] JTMT
[12:50:04] [410/459] SHAY
[12:50:05] [411/459] VRTH
[12:50:05] [412/459] SPTI
[12:50:06] [413/459] DPTD
[12:50:06] [414/459] TGSN
[12:50:07] [415/459] RCWV
[12:50:08] [416/459] OCUR
[12:50:09] [417/459] KSTC
[12:50:11] [418/459] SANI
[12:50:11] [419/459] MLCA
[12:50:12] [420/459] EGCA
[12:50:13] [421/459] SYSN
[12:50:14] [422/459] PKTA
[12:50:15] [423/459] PRCC
[12:50:16] [424/459] KSTR
[12:50:17] [425/459] SNTP
[12:50:18] [426/459] RCHA
[12:50:19] [427/459] SEEA
[12:50:20] [428/459] ALAT
[12:50:21] [429/459] AATV
[12:50:22] [430/459] RJTE
[12:50:22] [431/459] AAPP
[12:50:23] [432/459] PMMH
[12:50:24] [433/459] INRJ
[12:50:25] [434/459] SARB
[12:50:26] [435/459] PCJL
[12:50:26] [436/459] PFJJ
[12:50:27] [437/459] GRDC
[12:50:28] [438/459] BCBA
[12:50:29] [439/459] VIXL
[12:50:30] [440/459] CSTL
[12:50:31] [441/459] MTDK
[12:50:31] [442/459] TDAC
[12:50:32] [443/459] GTDN
[12:50:33] [444/459] TTDE
[12:50:34] [445/459] ASTS
[12:50:35] [446/459] CPNS
[12:50:36] [447/459] PVVW
[12:50:36] [448/459] USEB
[12:50:38] [449/459] DTYN
[12:50:39] [450/459] PVLE
[12:50:40] [451/459] CIPS
[12:50:40] [452/459] PAEG
[12:50:41] [453/459] PTCW
[12:50:42] [454/459] G3SR
[12:50:43] [455/459] PGND
[12:50:44] [456/459] INVM
[12:50:45] [457/459] SPIA
[12:50:45] [458/459] PCSN
[12:50:46] [459/459] PPGV
[12:50:47] 🧹 Deduping shows
[12:50:47] ✅ DONE | Shows=4766 | Movies=77
[13:48:49] 🚀 SCRIPT STARTED
[13:48:49] [1/459] FNDB
[13:48:49] 🧠 New identity created
[13:48:50] [2/459] AMBH
[13:48:51] [3/459] PRHN
[13:48:51] [4/459] ACPM
[13:48:52] [5/459] PVFS
[13:48:53] [6/459] AACN
[13:48:55] [7/459] ACAS
[13:48:56] [8/459] CTNR
[13:48:57] [9/459] MMAH
[13:48:58] [10/459] CPMH
[13:48:58] [11/459] IGMH
[13:48:59] [12/459] ABCS
[13:49:00] [13/459] CMMA
[13:49:01] [14/459] GPRH
[13:49:02] [15/459] PNNG
[13:49:03] [16/459] AMCA
[13:49:04] [17/459] ISTN
[13:49:05] [18/459] PIIC
[13:49:06] [19/459] AHMH
[13:49:07] [20/459] ASHN
[13:49:07] [21/459] INHY
[13:49:08] [22/459] SRMO
[13:49:09] [23/459] PIMH
[13:49:10] [24/459] PVTS
[13:49:10] [25/459] MMCA
[13:49:11] [26/459] AKYJ
[13:49:12] [27/459] BRKH
[13:49:13] [28/459] MAHM
[13:49:13] [29/459] CPHY
[13:49:14] [30/459] PVTP
[13:49:15] [31/459] SMMR
[13:49:16] [32/459] PVHM
[13:49:17] [33/459] SNDY
[13:49:17] [34/459] GOKU
[13:49:18] [35/459] ACEV
[13:49:19] [36/459] PVUM
[13:49:20] [37/459] VSWA
[13:49:21] [38/459] IPRS
[13:49:21] [39/459] ASGN
[13:49:22] [40/459] BKMV
[13:49:23] [41/459] PVYH
[13:49:24] [42/459] INKM
[13:49:25] [43/459] ARJU
[13:49:27] [44/459] JJPP
[13:49:27] [45/459] SSRM
[13:49:28] [46/459] HMHD
[13:49:29] [47/459] SNKH
[13:49:30] [48/459] ACHI
[13:49:31] [49/459] MRAA
[13:49:33] [50/459] INMH
[13:49:33] [51/459] ARMH
[13:49:34] [52/459] DVRR
[13:49:35] [53/459] SUDA
[13:49:36] [54/459] MCSS
[13:49:37] [55/459] VRKC
[13:49:39] [56/459] PRCX
[13:49:39] [57/459] ASJY
[13:49:40] [58/459] MTHY
[13:49:41] [59/459] SRCM
[13:49:42] [60/459] TVHY
[13:49:44] [61/459] STHD
[13:49:44] [62/459] CPCL
[13:49:45] [63/459] PSMJ
[13:49:46] [64/459] MRGT
[13:49:47] [65/459] ARYH
[13:49:48] [66/459] VTRB
[13:49:49] [67/459] SCHC
[13:49:50] [68/459] MRRG
[13:49:51] [69/459] SPCB
[13:49:52] [70/459] AMCM
[13:49:52] [71/459] IVNM
[13:49:53] [72/459] TRHY
[13:49:54] [73/459] PTTH
[13:49:55] [74/459] RKMH
[13:49:56] [75/459] PRCS
[13:49:57] [76/459] VAJA
[13:49:58] [77/459] BJNG
[13:50:00] [78/459] SCVM
[13:50:01] [79/459] GNHB
[13:50:01] [80/459] TLUR
[13:50:02] [81/459] UKCC
[13:50:03] [82/459] SRKR
[13:50:04] [83/459] RMKN
[13:50:05] [84/459] SLRT
[13:50:06] [85/459] LKMT
[13:50:06] [86/459] SSRJ
[13:50:07] [87/459] SPHT
[13:50:08] [88/459] ANTT
[13:50:09] [89/459] SRCH
[13:50:09] [90/459] SRCA
[13:50:10] [91/459] ARTH
[13:50:11] [92/459] MCBH
[13:50:12] [93/459] SNIB
[13:50:13] [94/459] SART
[13:50:14] [95/459] SKTA
[13:50:14] [96/459] YAKT
[13:50:15] [97/459] MLCK
[13:50:16] [98/459] ANTS
[13:50:17] [99/459] DGCA
[13:50:18] [100/459] SGMP
[13:50:18] [101/459] ASWN
[13:50:19] [102/459] KFVU
[13:50:20] [103/459] POOR
[13:50:21] [104/459] GKDN
[13:50:21] [105/459] EOSE
[13:50:22] [106/459] GTTT
[13:50:23] [107/459] ARRO
[13:50:24] [108/459] CMMK
[13:50:25] [109/459] MSCN
[13:50:26] [110/459] GDKH
[13:50:26] [111/459] DLMT
[13:50:27] [112/459] PVMF
[13:50:28] [113/459] CPCK
[13:50:29] [114/459] VMHE
[13:50:30] [115/459] PVLC
[13:50:30] [116/459] PCVB
[13:50:31] [117/459] SNYK
[13:50:32] [118/459] KTEK
[13:50:32] [119/459] PCNM
[13:50:33] [120/459] NTTR
[13:50:34] [121/459] CPSK
[13:50:35] [122/459] JMMA
[13:50:36] [123/459] GCFK
[13:50:37] [124/459] MYCA
[13:50:38] [125/459] KSNP
[13:50:39] [126/459] PMCE
[13:50:39] [127/459] SCKI
[13:50:41] [128/459] FSMA
[13:50:42] [129/459] CETA
[13:50:43] [130/459] MCIK
[13:50:44] [131/459] MYCR
[13:50:45] [132/459] EVMP
[13:50:45] [133/459] SSGT
[13:50:47] [134/459] KCTK
[13:50:48] [135/459] ZTKC
[13:50:49] [136/459] MMTA
[13:50:49] [137/459] MAJT
[13:50:50] [138/459] ACPK
[13:50:51] [139/459] JMAX
[13:50:52] [140/459] SETK
[13:50:53] [141/459] CAIS
[13:50:53] [142/459] AGCD
[13:50:54] [143/459] URCL
[13:50:55] [144/459] VTDS
[13:50:56] [145/459] JCNM
[13:50:57] [146/459] KCAM
[13:50:58] [147/459] ADCU
[13:50:59] [148/459] GXYN
[13:51:00] [149/459] SMJG
[13:51:01] [150/459] EYCJ
[13:51:02] [151/459] CCEJ
[13:51:03] [152/459] MARS
[13:51:04] [153/459] CPVJ
[13:51:05] [154/459] INVP
[13:51:06] [155/459] CPOV
[13:51:07] [156/459] VIJK
[13:51:07] [157/459] LAIM
[13:51:08] [158/459] STHV
[13:51:09] [159/459] SVLJ
[13:51:10] [160/459] ATVJ
[13:51:11] [161/459] JTSC
[13:51:12] [162/459] RMTV
[13:51:13] [163/459] MGGG
[13:51:14] [164/459] SWTH
[13:51:14] [165/459] INVJ
[13:51:15] [166/459] PRSV
[13:51:16] [167/459] JATV
[13:51:18] [168/459] RCVD
[13:51:18] [169/459] BDMA
[13:51:19] [170/459] BLJI
[13:51:20] [171/459] SWOT
[13:51:21] [172/459] SWRN
[13:51:23] [173/459] TVRA
[13:51:23] [174/459] VCSV
[13:51:24] [175/459] NVRN
[13:51:25] [176/459] SIKC
[13:51:26] [177/459] VAKR
[13:51:27] [178/459] SYLN
[13:51:27] [179/459] KLJL
[13:51:28] [180/459] LKMY
[13:51:29] [181/459] VSLY
[13:51:30] [182/459] CIKO
[13:51:32] [183/459] GPBG
[13:51:32] [184/459] CECM
[13:51:33] [185/459] SLKB
[13:51:34] [186/459] MTBO
[13:51:35] [187/459] SSHB
[13:51:36] [188/459] VPCS
[13:51:36] [189/459] RCSR
[13:51:37] [190/459] RJRM
[13:51:39] [191/459] KPPB
[13:51:40] [192/459] SEDC
[13:51:41] [193/459] SCAI
[13:51:42] [194/459] RMTR
[13:51:43] [195/459] ASST
[13:51:44] [196/459] GCAK
[13:51:46] [197/459] ANNK
[13:51:47] [198/459] KDDF
[13:51:48] [199/459] NRDP
[13:51:48] [200/459] PLAK
[13:51:49] [201/459] GCMC
[13:51:50] [202/459] ALPY
[13:51:50] [203/459] SICE
[13:51:51] [204/459] SISR
[13:51:53] [205/459] SRPZ
[13:51:54] [206/459] SRSW
[13:51:56] [207/459] SUYA
[13:51:57] [208/459] AMMT
[13:51:58] [209/459] BHCU
[13:51:59] [210/459] KLPA
[13:52:00] [211/459] NVKH
[13:52:01] [212/459] JMRC
[13:52:02] [213/459] KTTT
[13:52:03] [214/459] MAGH
[13:52:04] [215/459] MMMX
[13:52:05] [216/459] SALJ
[13:52:06] [217/459] GTJA
[13:52:07] [218/459] MAHT
[13:52:08] [219/459] SSNN
[13:52:09] [220/459] ARRP
[13:52:09] [221/459] ATNS
[13:52:10] [222/459] SKDT
[13:52:11] [223/459] ACAT
[13:52:12] [224/459] APRC
[13:52:13] [225/459] SWAG
[13:52:13] [226/459] SDPT
[13:52:14] [227/459] STPS
[13:52:15] [228/459] WWCZ
[13:52:16] [229/459] LLCH
[13:52:16] [230/459] MZHA
[13:52:17] [231/459] CRJG
[13:52:18] [232/459] JGTK
[13:52:19] [233/459] KCSR
[13:52:20] [234/459] CHTL
[13:52:20] [235/459] EDSR
[13:52:21] [236/459] CSWO
[13:52:22] [237/459] CPVM
[13:52:23] [238/459] MXBY
[13:52:24] [239/459] FMMA
[13:52:25] [240/459] POVI
[13:52:25] [241/459] MTHB
[13:52:26] [242/459] INRC
[13:52:27] [243/459] PIPP
[13:52:29] [244/459] BMXC
[13:52:29] [245/459] PCMM
[13:52:30] [246/459] PMKM
[13:52:31] [247/459] GATY
[13:52:32] [248/459] IMCM
[13:52:33] [249/459] POPE
[13:52:33] [250/459] MTCR
[13:52:34] [251/459] PVAE
[13:52:35] [252/459] PVMI
[13:52:36] [253/459] CPNM
[13:52:37] [254/459] FMRL
[13:52:37] [255/459] MCIW
[13:52:38] [256/459] MXBO
[13:52:39] [257/459] FMKY
[13:52:40] [258/459] FMDA
[13:52:41] [259/459] THAB
[13:52:41] [260/459] PRCW
[13:52:42] [261/459] PITI
[13:52:43] [262/459] MCFF
[13:52:44] [263/459] PDDV
[13:52:44] [264/459] MCRM
[13:52:45] [265/459] KKMB
[13:52:46] [266/459] INKO
[13:52:47] [267/459] PLXP
[13:52:49] [268/459] MMHA
[13:52:50] [269/459] FMVS
[13:52:51] [270/459] POLM
[13:52:51] [271/459] STER
[13:52:52] [272/459] PVWJ
[13:52:53] [273/459] IMJW
[13:52:54] [274/459] FNAN
[13:52:55] [275/459] CAGL
[13:52:56] [276/459] IPBG
[13:52:56] [277/459] SMFV
[13:52:57] [278/459] MMMR
[13:52:58] [279/459] MMWM
[13:53:00] [280/459] FNCM
[13:53:01] [281/459] MDVA
[13:53:02] [282/459] MMET
[13:53:03] [283/459] MIDO
[13:53:04] [284/459] INNP
[13:53:05] [285/459] MIFU
[13:53:05] [286/459] MMSZ
[13:53:06] [287/459] BMXA
[13:53:07] [288/459] MCAA
[13:53:08] [289/459] SCVP
[13:53:09] [290/459] PLUS
[13:53:09] [291/459] MUCK
[13:53:10] [292/459] MTMA
[13:53:11] [293/459] HPVR
[13:53:12] [294/459] PMPK
[13:53:12] [295/459] MAJB
[13:53:14] [296/459] CTRR
[13:53:15] [297/459] MCTG
[13:53:16] [298/459] MACE
[13:53:17] [299/459] AAAS
[13:53:17] [300/459] CPVV
[13:53:18] [301/459] RCHG
[13:53:20] [302/459] MCNE
[13:53:21] [303/459] EMNC
[13:53:21] [304/459] MCAN
[13:53:22] [305/459] TCDM
[13:53:23] [306/459] IRGT
[13:53:24] [307/459] GCMG
[13:53:25] [308/459] MXSN
[13:53:26] [309/459] MXCK
[13:53:26] [310/459] MCRC
[13:53:27] [311/459] RSMI
[13:53:28] [312/459] WAML
[13:53:29] [313/459] MTSC
[13:53:31] [314/459] FMDR
[13:53:31] [315/459] LEPV
[13:53:32] [316/459] MTGD
[13:53:34] [317/459] IMOB
[13:53:34] [318/459] CLMM
[13:53:35] [319/459] PZCD
[13:53:37] [320/459] GOCS
[13:53:38] [321/459] KCMA
[13:53:39] [322/459] CCMP
[13:53:40] [323/459] MTSU
[13:53:40] [324/459] SNGL
[13:53:42] [325/459] MMMC
[13:53:43] [326/459] MMAA
[13:53:43] [327/459] GCDM
[13:53:44] [328/459] KTMV
[13:53:45] [329/459] AETE
[13:53:46] [330/459] OMCS
[13:53:46] [331/459] GDCD
[13:53:47] [332/459] NYMD
[13:53:48] [333/459] RNCV
[13:53:49] [334/459] KKMT
[13:53:50] [335/459] GDTH
[13:53:50] [336/459] KMMV
[13:53:51] [337/459] NHCG
[13:53:53] [338/459] PJDW
[13:53:54] [339/459] MMCV
[13:53:56] [340/459] FQSA
[13:53:56] [341/459] KURL
[13:53:58] [342/459] NNNX
[13:53:59] [343/459] AMAU
[13:53:59] [344/459] VVVM
[13:54:01] [345/459] VECU
[13:54:03] [346/459] WCVR
[13:54:04] [347/459] MTGG
[13:54:04] [348/459] SGTG
[13:54:05] [349/459] MNTG
[13:54:06] [350/459] JDDG
[13:54:07] [351/459] MBTK
[13:54:08] [352/459] SGCD
[13:54:09] [353/459] MCTC
[13:54:10] [354/459] JTPC
[13:54:11] [355/459] SDKT
[13:54:12] [356/459] KRCC
[13:54:12] [357/459] RMMD
[13:54:13] [358/459] AAME
[13:54:14] [359/459] TMWC
[13:54:16] [360/459] NRWY
[13:54:17] [361/459] CITD
[13:54:18] [362/459] VERD
[13:54:18] [363/459] MKSK
[13:54:20] [364/459] STSM
[13:54:21] [365/459] MJDG
[13:54:21] [366/459] RKPM
[13:54:22] [367/459] SSCE
[13:54:23] [368/459] VMAE
[13:54:24] [369/459] SBRU
[13:54:25] [370/459] AMBC
[13:54:26] [371/459] AMLU
[13:54:27] [372/459] INVZ
[13:54:28] [373/459] LGTV
[13:54:29] [374/459] SVAD
[13:54:30] [375/459] SMSA
[13:54:30] [376/459] SPCZ
[13:54:31] [377/459] GTCX
[13:54:32] [378/459] SCSL
[13:54:33] [379/459] SAHU
[13:54:34] [380/459] NCDA
[13:54:34] [381/459] SCCG
[13:54:35] [382/459] VKTL
[13:54:36] [383/459] PUUJ
[13:54:37] [384/459] STEJ
[13:54:37] [385/459] RJAL
[13:54:38] [386/459] ACJC
[13:54:39] [387/459] VTHC
[13:54:40] [388/459] ARVB
[13:54:41] [389/459] AUBB
[13:54:43] [390/459] GDBR
[13:54:43] [391/459] PVND
[13:54:44] [392/459] BGRJ
[13:54:46] [393/459] RJMM
[13:54:47] [394/459] MCSA
[13:54:48] [395/459] BODA
[13:54:49] [396/459] JAGG
[13:54:50] [397/459] SCGA
[13:54:50] [398/459] LRCM
[13:54:51] [399/459] CPCN
[13:54:52] [400/459] SSTF
[13:54:53] [401/459] SRXP
[13:54:54] [402/459] CNFX
[13:54:54] [403/459] ANDI
[13:54:55] [404/459] SYEW
[13:54:56] [405/459] RCRE
[13:54:57] [406/459] SCRW
[13:54:58] [407/459] MBKR
[13:54:59] [408/459] ASNT
[13:54:59] [409/459] JTMT
[13:55:00] [410/459] SHAY
[13:55:01] [411/459] VRTH
[13:55:02] [412/459] SPTI
[13:55:02] [413/459] DPTD
[13:55:03] [414/459] TGSN
[13:55:04] [415/459] RCWV
[13:55:05] [416/459] OCUR
[13:55:07] [417/459] KSTC
[13:55:07] [418/459] SANI
[13:55:08] [419/459] MLCA
[13:55:09] [420/459] EGCA
[13:55:10] [421/459] SYSN
[13:55:11] [422/459] PKTA
[13:55:12] [423/459] PRCC
[13:55:13] [424/459] KSTR
[13:55:14] [425/459] SNTP
[13:55:15] [426/459] RCHA
[13:55:16] [427/459] SEEA
[13:55:16] [428/459] ALAT
[13:55:18] [429/459] AATV
[13:55:20] [430/459] RJTE
[13:55:21] [431/459] AAPP
[13:55:21] [432/459] PMMH
[13:55:22] [433/459] INRJ
[13:55:23] [434/459] SARB
[13:55:25] [435/459] PCJL
[13:55:26] [436/459] PFJJ
[13:55:27] [437/459] GRDC
[13:55:28] [438/459] BCBA
[13:55:28] [439/459] VIXL
[13:55:29] [440/459] CSTL
[13:55:30] [441/459] MTDK
[13:55:31] [442/459] TDAC
[13:55:32] [443/459] GTDN
[13:55:33] [444/459] TTDE
[13:55:33] [445/459] ASTS
[13:55:34] [446/459] CPNS
[13:55:35] [447/459] PVVW
[13:55:36] [448/459] USEB
[13:55:37] [449/459] DTYN
[13:55:38] [450/459] PVLE
[13:55:39] [451/459] CIPS
[13:55:40] [452/459] PAEG
[13:55:41] [453/459] PTCW
[13:55:42] [454/459] G3SR
[13:55:43] [455/459] PGND
[13:55:44] [456/459] INVM
[13:55:45] [457/459] SPIA
[13:55:46] [458/459] PCSN
[13:55:46] [459/459] PPGV
[13:55:47] 🧹 Deduping shows
[13:55:47] ✅ DONE | Shows=4788 | Movies=78
[15:51:16] 🚀 SCRIPT STARTED
[15:51:16] [1/459] FNDB
[15:51:16] 🧠 New identity created
[15:51:17] [2/459] AMBH
[15:51:18] [3/459] PRHN
[15:51:19] [4/459] ACPM
[15:51:20] [5/459] PVFS
[15:51:21] [6/459] AACN
[15:51:21] [7/459] ACAS
[15:51:22] [8/459] CTNR
[15:51:23] [9/459] MMAH
[15:51:24] [10/459] CPMH
[15:51:25] [11/459] IGMH
[15:51:26] [12/459] ABCS
[15:51:27] [13/459] CMMA
[15:51:28] [14/459] GPRH
[15:51:28] [15/459] PNNG
[15:51:29] [16/459] AMCA
[15:51:30] [17/459] ISTN
[15:51:31] [18/459] PIIC
[15:51:32] [19/459] AHMH
[15:51:33] [20/459] ASHN
[15:51:34] [21/459] INHY
[15:51:35] [22/459] SRMO
[15:51:36] [23/459] PIMH
[15:51:36] [24/459] PVTS
[15:51:37] [25/459] MMCA
[15:51:38] [26/459] AKYJ
[15:51:39] [27/459] BRKH
[15:51:40] [28/459] MAHM
[15:51:40] [29/459] CPHY
[15:51:41] [30/459] PVTP
[15:51:42] [31/459] SMMR
[15:51:42] [32/459] PVHM
[15:51:43] [33/459] SNDY
[15:51:44] [34/459] GOKU
[15:51:45] [35/459] ACEV
[15:51:45] [36/459] PVUM
[15:51:46] [37/459] VSWA
[15:51:47] [38/459] IPRS
[15:51:48] [39/459] ASGN
[15:51:49] [40/459] BKMV
[15:51:50] [41/459] PVYH
[15:51:50] [42/459] INKM
[15:51:51] [43/459] ARJU
[15:51:52] [44/459] JJPP
[15:51:53] [45/459] SSRM
[15:51:54] [46/459] HMHD
[15:51:54] [47/459] SNKH
[15:51:55] [48/459] ACHI
[15:51:56] [49/459] MRAA
[15:51:57] [50/459] INMH
[15:51:58] [51/459] ARMH
[15:51:58] [52/459] DVRR
[15:51:59] [53/459] SUDA
[15:52:00] [54/459] MCSS
[15:52:01] [55/459] VRKC
[15:52:01] [56/459] PRCX
[15:52:02] [57/459] ASJY
[15:52:03] [58/459] MTHY
[15:52:04] [59/459] SRCM
[15:52:05] [60/459] TVHY
[15:52:05] [61/459] STHD
[15:52:06] [62/459] CPCL
[15:52:07] [63/459] PSMJ
[15:52:08] [64/459] MRGT
[15:52:09] [65/459] ARYH
[15:52:09] [66/459] VTRB
[15:52:10] [67/459] SCHC
[15:52:11] [68/459] MRRG
[15:52:12] [69/459] SPCB
[15:52:13] [70/459] AMCM
[15:52:14] [71/459] IVNM
[15:52:14] [72/459] TRHY
[15:52:15] [73/459] PTTH
[15:52:16] [74/459] RKMH
[15:52:17] [75/459] PRCS
[15:52:18] [76/459] VAJA
[15:52:19] [77/459] BJNG
[15:52:19] [78/459] SCVM
[15:52:20] [79/459] GNHB
[15:52:21] [80/459] TLUR
[15:52:22] [81/459] UKCC
[15:52:22] [82/459] SRKR
[15:52:23] [83/459] RMKN
[15:52:24] [84/459] SLRT
[15:52:25] [85/459] LKMT
[15:52:25] [86/459] SSRJ
[15:52:26] [87/459] SPHT
[15:52:27] [88/459] ANTT
[15:52:28] [89/459] SRCH
[15:52:28] [90/459] SRCA
[15:52:29] [91/459] ARTH
[15:52:30] [92/459] MCBH
[15:52:31] [93/459] SNIB
[15:52:32] [94/459] SART
[15:52:33] [95/459] SKTA
[15:52:33] [96/459] YAKT
[15:52:34] [97/459] MLCK
[15:52:35] [98/459] ANTS
[15:52:36] [99/459] DGCA
[15:52:36] [100/459] SGMP
[15:52:37] [101/459] ASWN
[15:52:38] [102/459] KFVU
[15:52:39] [103/459] POOR
[15:52:40] [104/459] GKDN
[15:52:40] [105/459] EOSE
[15:52:41] [106/459] GTTT
[15:52:42] [107/459] ARRO
[15:52:43] [108/459] CMMK
[15:52:44] [109/459] MSCN
[15:52:45] [110/459] GDKH
[15:52:46] [111/459] DLMT
[15:52:47] [112/459] PVMF
[15:52:48] [113/459] CPCK
[15:52:48] [114/459] VMHE
[15:52:49] [115/459] PVLC
[15:52:50] [116/459] PCVB
[15:52:50] [117/459] SNYK
[15:52:51] [118/459] KTEK
[15:52:52] [119/459] PCNM
[15:52:53] [120/459] NTTR
[15:52:54] [121/459] CPSK
[15:52:55] [122/459] JMMA
[15:52:56] [123/459] GCFK
[15:52:57] [124/459] MYCA
[15:52:57] [125/459] KSNP
[15:52:58] [126/459] PMCE
[15:52:59] [127/459] SCKI
[15:53:00] [128/459] FSMA
[15:53:00] [129/459] CETA
[15:53:01] [130/459] MCIK
[15:53:02] [131/459] MYCR
[15:53:03] [132/459] EVMP
[15:53:04] [133/459] SSGT
[15:53:05] [134/459] KCTK
[15:53:05] [135/459] ZTKC
[15:53:06] [136/459] MMTA
[15:53:07] [137/459] MAJT
[15:53:08] [138/459] ACPK
[15:53:09] [139/459] JMAX
[15:53:10] [140/459] SETK
[15:53:10] [141/459] CAIS
[15:53:11] [142/459] AGCD
[15:53:12] [143/459] URCL
[15:53:13] [144/459] VTDS
[15:53:13] [145/459] JCNM
[15:53:14] [146/459] KCAM
[15:53:15] [147/459] ADCU
[15:53:16] [148/459] GXYN
[15:53:16] [149/459] SMJG
[15:53:17] [150/459] EYCJ
[15:53:18] [151/459] CCEJ
[15:53:19] [152/459] MARS
[15:53:20] [153/459] CPVJ
[15:53:21] [154/459] INVP
[15:53:21] [155/459] CPOV
[15:53:22] [156/459] VIJK
[15:53:23] [157/459] LAIM
[15:53:24] [158/459] STHV
[15:53:25] [159/459] SVLJ
[15:53:25] [160/459] ATVJ
[15:53:26] [161/459] JTSC
[15:53:27] [162/459] RMTV
[15:53:28] [163/459] MGGG
[15:53:28] [164/459] SWTH
[15:53:29] [165/459] INVJ
[15:53:30] [166/459] PRSV
[15:53:31] [167/459] JATV
[15:53:32] [168/459] RCVD
[15:53:32] [169/459] BDMA
[15:53:33] [170/459] BLJI
[15:53:34] [171/459] SWOT
[15:53:34] [172/459] SWRN
[15:53:35] [173/459] TVRA
[15:53:36] [174/459] VCSV
[15:53:37] [175/459] NVRN
[15:53:37] [176/459] SIKC
[15:53:38] [177/459] VAKR
[15:53:39] [178/459] SYLN
[15:53:40] [179/459] KLJL
[15:53:40] [180/459] LKMY
[15:53:41] [181/459] VSLY
[15:53:42] [182/459] CIKO
[15:53:43] [183/459] GPBG
[15:53:44] [184/459] CECM
[15:53:44] [185/459] SLKB
[15:53:45] [186/459] MTBO
[15:53:46] [187/459] SSHB
[15:53:47] [188/459] VPCS
[15:53:48] [189/459] RCSR
[15:53:48] [190/459] RJRM
[15:53:49] [191/459] KPPB
[15:53:50] [192/459] SEDC
[15:53:51] [193/459] SCAI
[15:53:52] [194/459] RMTR
[15:53:53] [195/459] ASST
[15:53:53] [196/459] GCAK
[15:53:54] [197/459] ANNK
[15:53:55] [198/459] KDDF
[15:53:56] [199/459] NRDP
[15:53:57] [200/459] PLAK
[15:53:57] [201/459] GCMC
[15:53:58] [202/459] ALPY
[15:53:59] [203/459] SICE
[15:54:00] [204/459] SISR
[15:54:00] [205/459] SRPZ
[15:54:01] [206/459] SRSW
[15:54:02] [207/459] SUYA
[15:54:02] [208/459] AMMT
[15:54:03] [209/459] BHCU
[15:54:04] [210/459] KLPA
[15:54:05] [211/459] NVKH
[15:54:06] [212/459] JMRC
[15:54:06] [213/459] KTTT
[15:54:07] [214/459] MAGH
[15:54:08] [215/459] MMMX
[15:54:09] [216/459] SALJ
[15:54:09] [217/459] GTJA
[15:54:10] [218/459] MAHT
[15:54:11] [219/459] SSNN
[15:54:12] [220/459] ARRP
[15:54:13] [221/459] ATNS
[15:54:13] [222/459] SKDT
[15:54:14] [223/459] ACAT
[15:54:15] [224/459] APRC
[15:54:16] [225/459] SWAG
[15:54:17] [226/459] SDPT
[15:54:18] [227/459] STPS
[15:54:19] [228/459] WWCZ
[15:54:19] [229/459] LLCH
[15:54:20] [230/459] MZHA
[15:54:21] [231/459] CRJG
[15:54:22] [232/459] JGTK
[15:54:23] [233/459] KCSR
[15:54:23] [234/459] CHTL
[15:54:24] [235/459] EDSR
[15:54:25] [236/459] CSWO
[15:54:26] [237/459] CPVM
[15:54:26] [238/459] MXBY
[15:54:27] [239/459] FMMA
[15:54:28] [240/459] POVI
[15:54:29] [241/459] MTHB
[15:54:30] [242/459] INRC
[15:54:31] [243/459] PIPP
[15:54:31] [244/459] BMXC
[15:54:32] [245/459] PCMM
[15:54:33] [246/459] PMKM
[15:54:34] [247/459] GATY
[15:54:34] [248/459] IMCM
[15:54:35] [249/459] POPE
[15:54:36] [250/459] MTCR
[15:54:36] [251/459] PVAE
[15:54:37] [252/459] PVMI
[15:54:38] [253/459] CPNM
[15:54:38] [254/459] FMRL
[15:54:39] [255/459] MCIW
[15:54:40] [256/459] MXBO
[15:54:41] [257/459] FMKY
[15:54:41] [258/459] FMDA
[15:54:42] [259/459] THAB
[15:54:43] [260/459] PRCW
[15:54:44] [261/459] PITI
[15:54:45] [262/459] MCFF
[15:54:45] [263/459] PDDV
[15:54:46] [264/459] MCRM
[15:54:47] [265/459] KKMB
[15:54:48] [266/459] INKO
[15:54:48] [267/459] PLXP
[15:54:49] [268/459] MMHA
[15:54:50] [269/459] FMVS
[15:54:51] [270/459] POLM
[15:54:51] [271/459] STER
[15:54:52] [272/459] PVWJ
[15:54:53] [273/459] IMJW
[15:54:54] [274/459] FNAN
[15:54:54] [275/459] CAGL
[15:54:55] [276/459] IPBG
[15:54:56] [277/459] SMFV
[15:54:57] [278/459] MMMR
[15:54:57] [279/459] MMWM
[15:54:58] [280/459] FNCM
[15:54:59] [281/459] MDVA
[15:55:00] [282/459] MMET
[15:55:00] [283/459] MIDO
[15:55:01] [284/459] INNP
[15:55:02] [285/459] MIFU
[15:55:03] [286/459] MMSZ
[15:55:03] [287/459] BMXA
[15:55:04] [288/459] MCAA
[15:55:05] [289/459] SCVP
[15:55:06] [290/459] PLUS
[15:55:06] [291/459] MUCK
[15:55:07] [292/459] MTMA
[15:55:08] [293/459] HPVR
[15:55:09] [294/459] PMPK
[15:55:10] [295/459] MAJB
[15:55:10] [296/459] CTRR
[15:55:11] [297/459] MCTG
[15:55:12] [298/459] MACE
[15:55:13] [299/459] AAAS
[15:55:13] [300/459] CPVV
[15:55:14] [301/459] RCHG
[15:55:15] [302/459] MCNE
[15:55:16] [303/459] EMNC
[15:55:17] [304/459] MCAN
[15:55:17] [305/459] TCDM
[15:55:18] [306/459] IRGT
[15:55:19] [307/459] GCMG
[15:55:20] [308/459] MXSN
[15:55:21] [309/459] MXCK
[15:55:21] [310/459] MCRC
[15:55:22] [311/459] RSMI
[15:55:23] [312/459] WAML
[15:55:23] [313/459] MTSC
[15:55:24] [314/459] FMDR
[15:55:25] [315/459] LEPV
[15:55:26] [316/459] MTGD
[15:55:26] [317/459] IMOB
[15:55:27] [318/459] CLMM
[15:55:28] [319/459] PZCD
[15:55:29] [320/459] GOCS
[15:55:29] [321/459] KCMA
[15:55:30] [322/459] CCMP
[15:55:31] [323/459] MTSU
[15:55:31] [324/459] SNGL
[15:55:32] [325/459] MMMC
[15:55:33] [326/459] MMAA
[15:55:34] [327/459] GCDM
[15:55:34] [328/459] KTMV
[15:55:35] [329/459] AETE
[15:55:36] [330/459] OMCS
[15:55:37] [331/459] GDCD
[15:55:38] [332/459] NYMD
[15:55:39] [333/459] RNCV
[15:55:39] [334/459] KKMT
[15:55:40] [335/459] GDTH
[15:55:41] [336/459] KMMV
[15:55:42] [337/459] NHCG
[15:55:42] [338/459] PJDW
[15:55:43] [339/459] MMCV
[15:55:44] [340/459] FQSA
[15:55:45] [341/459] KURL
[15:55:46] [342/459] NNNX
[15:55:47] [343/459] AMAU
[15:55:47] [344/459] VVVM
[15:55:48] [345/459] VECU
[15:55:49] [346/459] WCVR
[15:55:50] [347/459] MTGG
[15:55:50] [348/459] SGTG
[15:55:51] [349/459] MNTG
[15:55:52] [350/459] JDDG
[15:55:53] [351/459] MBTK
[15:55:54] [352/459] SGCD
[15:55:55] [353/459] MCTC
[15:55:55] [354/459] JTPC
[15:55:56] [355/459] SDKT
[15:55:57] [356/459] KRCC
[15:55:58] [357/459] RMMD
[15:55:59] [358/459] AAME
[15:56:00] [359/459] TMWC
[15:56:00] [360/459] NRWY
[15:56:01] [361/459] CITD
[15:56:02] [362/459] VERD
[15:56:03] [363/459] MKSK
[15:56:03] [364/459] STSM
[15:56:04] [365/459] MJDG
[15:56:05] [366/459] RKPM
[15:56:05] [367/459] SSCE
[15:56:06] [368/459] VMAE
[15:56:07] [369/459] SBRU
[15:56:08] [370/459] AMBC
[15:56:09] [371/459] AMLU
[15:56:10] [372/459] INVZ
[15:56:10] [373/459] LGTV
[15:56:11] [374/459] SVAD
[15:56:12] [375/459] SMSA
[15:56:13] [376/459] SPCZ
[15:56:14] [377/459] GTCX
[15:56:15] [378/459] SCSL
[15:56:15] [379/459] SAHU
[15:56:16] [380/459] NCDA
[15:56:17] [381/459] SCCG
[15:56:18] [382/459] VKTL
[15:56:18] [383/459] PUUJ
[15:56:19] [384/459] STEJ
[15:56:20] [385/459] RJAL
[15:56:21] [386/459] ACJC
[15:56:21] [387/459] VTHC
[15:56:22] [388/459] ARVB
[15:56:23] [389/459] AUBB
[15:56:24] [390/459] GDBR
[15:56:25] [391/459] PVND
[15:56:25] [392/459] BGRJ
[15:56:26] [393/459] RJMM
[15:56:27] [394/459] MCSA
[15:56:28] [395/459] BODA
[15:56:29] [396/459] JAGG
[15:56:29] [397/459] SCGA
[15:56:30] [398/459] LRCM
[15:56:31] [399/459] CPCN
[15:56:32] [400/459] SSTF
[15:56:32] [401/459] SRXP
[15:56:33] [402/459] CNFX
[15:56:34] [403/459] ANDI
[15:56:34] [404/459] SYEW
[15:56:35] [405/459] RCRE
[15:56:36] [406/459] SCRW
[15:56:37] [407/459] MBKR
[15:56:38] [408/459] ASNT
[15:56:39] [409/459] JTMT
[15:56:40] [410/459] SHAY
[15:56:40] [411/459] VRTH
[15:56:41] [412/459] SPTI
[15:56:42] [413/459] DPTD
[15:56:42] [414/459] TGSN
[15:56:43] [415/459] RCWV
[15:56:44] [416/459] OCUR
[15:56:45] [417/459] KSTC
[15:56:45] [418/459] SANI
[15:56:46] [419/459] MLCA
[15:56:47] [420/459] EGCA
[15:56:48] [421/459] SYSN
[15:56:49] [422/459] PKTA
[15:56:49] [423/459] PRCC
[15:56:50] [424/459] KSTR
[15:56:51] [425/459] SNTP
[15:56:52] [426/459] RCHA
[15:56:52] [427/459] SEEA
[15:56:53] [428/459] ALAT
[15:56:54] [429/459] AATV
[15:56:55] [430/459] RJTE
[15:56:55] [431/459] AAPP
[15:56:56] [432/459] PMMH
[15:56:57] [433/459] INRJ
[15:56:57] [434/459] SARB
[15:56:58] [435/459] PCJL
[15:56:59] [436/459] PFJJ
[15:57:00] [437/459] GRDC
[15:57:01] [438/459] BCBA
[15:57:01] [439/459] VIXL
[15:57:02] [440/459] CSTL
[15:57:03] [441/459] MTDK
[15:57:04] [442/459] TDAC
[15:57:05] [443/459] GTDN
[15:57:06] [444/459] TTDE
[15:57:06] [445/459] ASTS
[15:57:07] [446/459] CPNS
[15:57:08] [447/459] PVVW
[15:57:09] [448/459] USEB
[15:57:09] [449/459] DTYN
[15:57:10] [450/459] PVLE
[15:57:11] [451/459] CIPS
[15:57:12] [452/459] PAEG
[15:57:13] [453/459] PTCW
[15:57:13] [454/459] G3SR
[15:57:14] [455/459] PGND
[15:57:15] [456/459] INVM
[15:57:15] [457/459] SPIA
[15:57:16] [458/459] PCSN
[15:57:17] [459/459] PPGV
[15:57:18] 🧹 Deduping shows
[15:57:18] ✅ DONE | Shows=0 | Movies=0
