[12:44:01] 🚀 SCRIPT STARTED
[12:44:01] [1/296] CDCA
[12:44:01] 🧠 New identity created
[12:44:02] [2/296] MNSR
[12:44:03] [3/296] CSSL
[12:44:04] [4/296] BGGM
[12:44:05] [5/296] MANT
[12:44:06] [6/296] SOOY
[12:44:07] [7/296] VPPK
[12:44:07] [8/296] MYHJ
[12:44:08] [9/296] KSCK
[12:44:09] [10/296] KATK
[12:44:10] [11/296] RTRT
[12:44:11] [12/296] SSTT
[12:44:12] [13/296] SSTV
[12:44:13] [14/296] LACM
[12:44:14] [15/296] SGMG
[12:44:15] [16/296] KACX
[12:44:16] [17/296] GVCP
[12:44:18] [18/296] CSNC
[12:44:18] [19/296] SXCB
[12:44:19] [20/296] BAHS
[12:44:20] [21/296] PCBI
[12:44:22] [22/296] PSSM
[12:44:23] [23/296] RCOK
[12:44:23] [24/296] SCPF
[12:44:24] [25/296] SSAS
[12:44:25] [26/296] EVMM
[12:44:26] [27/296] SYCB
[12:44:27] [28/296] GCKI
[12:44:28] [29/296] IAET
[12:44:29] [30/296] DDTD
[12:44:30] [31/296] GMDH
[12:44:30] [32/296] STLE
[12:44:31] [33/296] JTRA
[12:44:32] [34/296] RPPA
[12:44:33] [35/296] ARUT
[12:44:33] [36/296] JTVM
[12:44:35] [37/296] SWRH
[12:44:36] [38/296] DCPC
[12:44:36] [39/296] RAPR
[12:44:37] [40/296] GCRT
[12:44:38] [41/296] ATUN
[12:44:39] [42/296] LTRM
[12:44:41] [43/296] TASR
[12:44:42] [44/296] RLLC
[12:44:42] [45/296] MABI
[12:44:43] [46/296] SVHB
[12:44:44] [47/296] NVTB
[12:44:45] [48/296] KCKG
[12:44:46] [49/296] SSRN
[12:44:47] [50/296] VDDC
[12:44:48] [51/296] GKTK
[12:44:48] [52/296] YFSN
[12:44:49] [53/296] GCSG
[12:44:50] [54/296] ESSM
[12:44:51] [55/296] KRIH
[12:44:52] [56/296] GCDS
[12:44:53] [57/296] CCSH
[12:44:54] [58/296] ACSK
[12:44:54] [59/296] APRK
[12:44:55] [60/296] ADKM
[12:44:56] [61/296] SRDM
[12:44:57] [62/296] RMOG
[12:44:58] [63/296] SJMY
[12:44:58] [64/296] PGGC
[12:44:59] [65/296] INGM
[12:45:00] [66/296] LSCB
[12:45:01] [67/296] STAD
[12:45:02] [68/296] MCCR
[12:45:02] [69/296] ABCC
[12:45:03] [70/296] RKCC
[12:45:04] [71/296] RTCR
[12:45:05] [72/296] GGBC
[12:45:06] [73/296] GCSD
[12:45:07] [74/296] LPTY
[12:45:08] [75/296] MCFD
[12:45:09] [76/296] HENN
[12:45:10] [77/296] SMKU
[12:45:11] [78/296] TNZC
[12:45:11] [79/296] DRCD
[12:45:12] [80/296] DLCD
[12:45:13] [81/296] RCDA
[12:45:14] [82/296] COSM
[12:45:16] [83/296] MCMJ
[12:45:17] [84/296] CSTR
[12:45:17] [85/296] CVDK
[12:45:18] [86/296] INRR
[12:45:19] [87/296] RJRT
[12:45:20] [88/296] IRMR
[12:45:21] [89/296] SRCF
[12:45:22] [90/296] GRCR
[12:45:23] [91/296] SURC
[12:45:24] [92/296] NMNH
[12:45:25] [93/296] SVBL
[12:45:25] [94/296] KACI
[12:45:26] [95/296] TDGO
[12:45:27] [96/296] KTBR
[12:45:28] [97/296] PMAD
[12:45:29] [98/296] CCPN
[12:45:30] [99/296] SBTK
[12:45:32] [100/296] LMDK
[12:45:33] [101/296] PGDA
[12:45:34] [102/296] SRML
[12:45:34] [103/296] EVCK
[12:45:35] [104/296] RTTK
[12:45:36] [105/296] SRTU
[12:45:37] [106/296] VRSA
[12:45:38] [107/296] VARS
[12:45:39] [108/296] DSCZ
[12:45:40] [109/296] GAGA
[12:45:41] [110/296] SARV
[12:45:42] [111/296] SEEG
[12:45:43] [112/296] GLCA
[12:45:44] [113/296] APAS
[12:45:44] [114/296] VCIA
[12:45:45] [115/296] SJTA
[12:45:46] [116/296] SABM
[12:45:47] [117/296] PPAG
[12:45:48] [118/296] RVCA
[12:45:48] [119/296] CCIA
[12:45:49] [120/296] HTAG
[12:45:50] [121/296] SMBI
[12:45:51] [122/296] MCJR
[12:45:52] [123/296] CCJR
[12:45:52] [124/296] SINF
[12:45:53] [125/296] CPLX
[12:45:54] [126/296] KKTJ
[12:45:56] [127/296] GDBW
[12:45:56] [128/296] CSUB
[12:45:57] [129/296] DABA
[12:45:58] [130/296] TITR
[12:45:59] [131/296] NYCR
[12:46:00] [132/296] RTRY
[12:46:00] [133/296] JTJL
[12:46:02] [134/296] SJCP
[12:46:03] [135/296] KCCA
[12:46:04] [136/296] MLPG
[12:46:04] [137/296] VRCK
[12:46:05] [138/296] SRIN
[12:46:06] [139/296] CXMK
[12:46:07] [140/296] SKAD
[12:46:08] [141/296] AVTR
[12:46:09] [142/296] PTAJ
[12:46:09] [143/296] SCNK
[12:46:10] [144/296] STTI
[12:46:11] [145/296] KACR
[12:46:12] [146/296] SSDX
[12:46:13] [147/296] VRTJ
[12:46:14] [148/296] RAJD
[12:46:15] [149/296] SCIP
[12:46:16] [150/296] RJSL
[12:46:17] [151/296] ARRS
[12:46:18] [152/296] ASMS
[12:46:19] [153/296] RDTS
[12:46:20] [154/296] DVMY
[12:46:21] [155/296] RASA
[12:46:21] [156/296] INOM
[12:46:22] [157/296] SPRS
[12:46:23] [158/296] SGCS
[12:46:24] [159/296] SALM
[12:46:25] [160/296] PKHC
[12:46:25] [161/296] RCSV
[12:46:26] [162/296] CPKC
[12:46:27] [163/296] AACD
[12:46:29] [164/296] GGCV
[12:46:30] [165/296] SMKD
[12:46:31] [166/296] NBCH
[12:46:32] [167/296] AMCB
[12:46:33] [168/296] OPCN
[12:46:33] [169/296] DCIN
[12:46:34] [170/296] INGW
[12:46:35] [171/296] PKKW
[12:46:36] [172/296] FNGW
[12:46:37] [173/296] GCGD
[12:46:37] [174/296] MSTW
[12:46:38] [175/296] KCCG
[12:46:39] [176/296] MRSS
[12:46:40] [177/296] CLCF
[12:46:41] [178/296] EETS
[12:46:42] [179/296] AATR
[12:46:42] [180/296] CMMN
[12:46:43] [181/296] SCCJ
[12:46:44] [182/296] CDTK
[12:46:45] [183/296] AICP
[12:46:46] [184/296] FNBP
[12:46:47] [185/296] CBPB
[12:46:48] [186/296] CPAS
[12:46:49] [187/296] MAPM
[12:46:50] [188/296] PASD
[12:46:51] [189/296] JCMN
[12:46:52] [190/296] MALB
[12:46:53] [191/296] SACG
[12:46:54] [192/296] DDRX
[12:46:54] [193/296] DDXB
[12:46:55] [194/296] RAMC
[12:46:56] [195/296] SANC
[12:46:57] [196/296] BCBP
[12:46:58] [197/296] ALPC
[12:46:59] [198/296] RBAC
[12:47:00] [199/296] RAJL
[12:47:01] [200/296] MPDX
[12:47:02] [201/296] MUSC
[12:47:03] [202/296] VKMK
[12:47:04] [203/296] SKCG
[12:47:05] [204/296] ANCN
[12:47:05] [205/296] MMCJ
[12:47:06] [206/296] DCAK
[12:47:07] [207/296] SCKG
[12:47:08] [208/296] LMCK
[12:47:09] [209/296] CKKX
[12:47:10] [210/296] ANKU
[12:47:10] [211/296] CSMD
[12:47:12] [212/296] MKMP
[12:47:13] [213/296] SVBG
[12:47:14] [214/296] ROOP
[12:47:14] [215/296] GDMT
[12:47:15] [216/296] FPPF
[12:47:16] [217/296] SFUU
[12:47:17] [218/296] ANCB
[12:47:18] [219/296] SMMC
[12:47:19] [220/296] UGKT
[12:47:19] [221/296] JVRM
[12:47:20] [222/296] BATG
[12:47:21] [223/296] RATE
[12:47:23] [224/296] SKME
[12:47:23] [225/296] LMTP
[12:47:24] [226/296] TCBD
[12:47:25] [227/296] ESBD
[12:47:26] [228/296] GDCU
[12:47:27] [229/296] SNKT
[12:47:28] [230/296] SRNK
[12:47:29] [231/296] SMED
[12:47:30] [232/296] CSQS
[12:47:31] [233/296] ALCS
[12:47:32] [234/296] KCKN
[12:47:32] [235/296] VCCL
[12:47:33] [236/296] MCDA
[12:47:34] [237/296] SHMI
[12:47:35] [238/296] SKHA
[12:47:35] [239/296] SVFK
[12:47:36] [240/296] INVB
[12:47:37] [241/296] MELD
[12:47:38] [242/296] JTYS
[12:47:39] [243/296] INCM
[12:47:40] [244/296] MCDV
[12:47:40] [245/296] KSGK
[12:47:41] [246/296] ICMG
[12:47:42] [247/296] CSCV
[12:47:43] [248/296] STMD
[12:47:44] [249/296] STTR
[12:47:44] [250/296] INVC
[12:47:45] [251/296] JTBL
[12:47:46] [252/296] SRVV
[12:47:47] [253/296] MAVC
[12:47:48] [254/296] SRPP
[12:47:49] [255/296] JGDM
[12:47:49] [256/296] MBSJ
[12:47:50] [257/296] SSLL
[12:47:51] [258/296] SLKP
[12:47:52] [259/296] NSRV
[12:47:53] [260/296] UTDV
[12:47:54] [261/296] KICM
[12:47:55] [262/296] KCMD
[12:47:55] [263/296] TTPP
[12:47:56] [264/296] KMPV
[12:47:57] [265/296] SKTV
[12:47:58] [266/296] STCV
[12:47:59] [267/296] SRDA
[12:48:00] [268/296] JTSX
[12:48:01] [269/296] STBV
[12:48:02] [270/296] APVZ
[12:48:03] [271/296] GSTV
[12:48:04] [272/296] NMVS
[12:48:04] [273/296] SKRT
[12:48:05] [274/296] RMDV
[12:48:06] [275/296] RATG
[12:48:07] [276/296] SJYV
[12:48:08] [277/296] NDGP
[12:48:09] [278/296] SNDG
[12:48:09] [279/296] INSR
[12:48:10] [280/296] INSO
[12:48:11] [281/296] CCSI
[12:48:12] [282/296] RASM
[12:48:13] [283/296] NEWC
[12:48:14] [284/296] VSHL
[12:48:14] [285/296] BISW
[12:48:16] [286/296] GCNG
[12:48:17] [287/296] CWSC
[12:48:18] [288/296] SKAN
[12:48:18] [289/296] SEHP
[12:48:19] [290/296] CCOA
[12:48:20] [291/296] MCAJ
[12:48:21] [292/296] ACDE
[12:48:21] [293/296] AACM
[12:48:22] [294/296] JJCK
[12:48:23] [295/296] RCMO
[12:48:24] [296/296] GDAW
[12:48:25] 🧹 Deduping shows
[12:48:25] ✅ DONE | Shows=1657 | Movies=52
[13:48:50] 🚀 SCRIPT STARTED
[13:48:50] [1/296] CDCA
[13:48:50] 🧠 New identity created
[13:48:51] [2/296] MNSR
[13:48:52] [3/296] CSSL
[13:48:52] [4/296] BGGM
[13:48:53] [5/296] MANT
[13:48:54] [6/296] SOOY
[13:48:54] [7/296] VPPK
[13:48:55] [8/296] MYHJ
[13:48:55] [9/296] KSCK
[13:48:56] [10/296] KATK
[13:48:57] [11/296] RTRT
[13:48:57] [12/296] SSTT
[13:48:58] [13/296] SSTV
[13:48:58] [14/296] LACM
[13:48:59] [15/296] SGMG
[13:48:59] [16/296] KACX
[13:49:00] [17/296] GVCP
[13:49:00] [18/296] CSNC
[13:49:01] [19/296] SXCB
[13:49:02] [20/296] BAHS
[13:49:02] [21/296] PCBI
[13:49:03] [22/296] PSSM
[13:49:04] [23/296] RCOK
[13:49:04] [24/296] SCPF
[13:49:05] [25/296] SSAS
[13:49:05] [26/296] EVMM
[13:49:06] [27/296] SYCB
[13:49:06] [28/296] GCKI
[13:49:07] [29/296] IAET
[13:49:07] [30/296] DDTD
[13:49:08] [31/296] GMDH
[13:49:08] [32/296] STLE
[13:49:09] [33/296] JTRA
[13:49:10] [34/296] RPPA
[13:49:10] [35/296] ARUT
[13:49:11] [36/296] JTVM
[13:49:11] [37/296] SWRH
[13:49:12] [38/296] DCPC
[13:49:13] [39/296] RAPR
[13:49:13] [40/296] GCRT
[13:49:14] [41/296] ATUN
[13:49:15] [42/296] LTRM
[13:49:15] [43/296] TASR
[13:49:16] [44/296] RLLC
[13:49:16] [45/296] MABI
[13:49:17] [46/296] SVHB
[13:49:17] [47/296] NVTB
[13:49:18] [48/296] KCKG
[13:49:19] [49/296] SSRN
[13:49:19] [50/296] VDDC
[13:49:20] [51/296] GKTK
[13:49:20] [52/296] YFSN
[13:49:21] [53/296] GCSG
[13:49:22] [54/296] ESSM
[13:49:23] [55/296] KRIH
[13:49:24] [56/296] GCDS
[13:49:24] [57/296] CCSH
[13:49:26] [58/296] ACSK
[13:49:26] [59/296] APRK
[13:49:27] [60/296] ADKM
[13:49:28] [61/296] SRDM
[13:49:29] [62/296] RMOG
[13:49:30] [63/296] SJMY
[13:49:31] [64/296] PGGC
[13:49:31] [65/296] INGM
[13:49:32] [66/296] LSCB
[13:49:33] [67/296] STAD
[13:49:34] [68/296] MCCR
[13:49:35] [69/296] ABCC
[13:49:35] [70/296] RKCC
[13:49:36] [71/296] RTCR
[13:49:37] [72/296] GGBC
[13:49:38] [73/296] GCSD
[13:49:39] [74/296] LPTY
[13:49:40] [75/296] MCFD
[13:49:40] [76/296] HENN
[13:49:41] [77/296] SMKU
[13:49:42] [78/296] TNZC
[13:49:43] [79/296] DRCD
[13:49:44] [80/296] DLCD
[13:49:45] [81/296] RCDA
[13:49:46] [82/296] COSM
[13:49:48] [83/296] MCMJ
[13:49:49] [84/296] CSTR
[13:49:50] [85/296] CVDK
[13:49:50] [86/296] INRR
[13:49:51] [87/296] RJRT
[13:49:52] [88/296] IRMR
[13:49:53] [89/296] SRCF
[13:49:53] [90/296] GRCR
[13:49:54] [91/296] SURC
[13:49:55] [92/296] NMNH
[13:49:56] [93/296] SVBL
[13:49:57] [94/296] KACI
[13:49:57] [95/296] TDGO
[13:49:58] [96/296] KTBR
[13:49:59] [97/296] PMAD
[13:50:00] [98/296] CCPN
[13:50:00] [99/296] SBTK
[13:50:01] [100/296] LMDK
[13:50:02] [101/296] PGDA
[13:50:03] [102/296] SRML
[13:50:05] [103/296] EVCK
[13:50:05] [104/296] RTTK
[13:50:06] [105/296] SRTU
[13:50:07] [106/296] VRSA
[13:50:08] [107/296] VARS
[13:50:09] [108/296] DSCZ
[13:50:11] [109/296] GAGA
[13:50:11] [110/296] SARV
[13:50:12] [111/296] SEEG
[13:50:13] [112/296] GLCA
[13:50:14] [113/296] APAS
[13:50:15] [114/296] VCIA
[13:50:15] [115/296] SJTA
[13:50:16] [116/296] SABM
[13:50:17] [117/296] PPAG
[13:50:18] [118/296] RVCA
[13:50:19] [119/296] CCIA
[13:50:20] [120/296] HTAG
[13:50:21] [121/296] SMBI
[13:50:22] [122/296] MCJR
[13:50:23] [123/296] CCJR
[13:50:24] [124/296] SINF
[13:50:25] [125/296] CPLX
[13:50:26] [126/296] KKTJ
[13:50:27] [127/296] GDBW
[13:50:28] [128/296] CSUB
[13:50:29] [129/296] DABA
[13:50:30] [130/296] TITR
[13:50:31] [131/296] NYCR
[13:50:32] [132/296] RTRY
[13:50:33] [133/296] JTJL
[13:50:33] [134/296] SJCP
[13:50:34] [135/296] KCCA
[13:50:35] [136/296] MLPG
[13:50:36] [137/296] VRCK
[13:50:37] [138/296] SRIN
[13:50:39] [139/296] CXMK
[13:50:40] [140/296] SKAD
[13:50:41] [141/296] AVTR
[13:50:42] [142/296] PTAJ
[13:50:43] [143/296] SCNK
[13:50:44] [144/296] STTI
[13:50:45] [145/296] KACR
[13:50:46] [146/296] SSDX
[13:50:47] [147/296] VRTJ
[13:50:48] [148/296] RAJD
[13:50:49] [149/296] SCIP
[13:50:50] [150/296] RJSL
[13:50:52] [151/296] ARRS
[13:50:52] [152/296] ASMS
[13:50:53] [153/296] RDTS
[13:50:54] [154/296] DVMY
[13:50:55] [155/296] RASA
[13:50:56] [156/296] INOM
[13:50:57] [157/296] SPRS
[13:50:58] [158/296] SGCS
[13:50:58] [159/296] SALM
[13:50:59] [160/296] PKHC
[13:51:00] [161/296] RCSV
[13:51:01] [162/296] CPKC
[13:51:02] [163/296] AACD
[13:51:02] [164/296] GGCV
[13:51:03] [165/296] SMKD
[13:51:04] [166/296] NBCH
[13:51:05] [167/296] AMCB
[13:51:05] [168/296] OPCN
[13:51:06] [169/296] DCIN
[13:51:07] [170/296] INGW
[13:51:08] [171/296] PKKW
[13:51:09] [172/296] FNGW
[13:51:10] [173/296] GCGD
[13:51:12] [174/296] MSTW
[13:51:13] [175/296] KCCG
[13:51:13] [176/296] MRSS
[13:51:14] [177/296] CLCF
[13:51:15] [178/296] EETS
[13:51:16] [179/296] AATR
[13:51:17] [180/296] CMMN
[13:51:18] [181/296] SCCJ
[13:51:19] [182/296] CDTK
[13:51:19] [183/296] AICP
[13:51:20] [184/296] FNBP
[13:51:21] [185/296] CBPB
[13:51:22] [186/296] CPAS
[13:51:22] [187/296] MAPM
[13:51:23] [188/296] PASD
[13:51:24] [189/296] JCMN
[13:51:25] [190/296] MALB
[13:51:26] [191/296] SACG
[13:51:26] [192/296] DDRX
[13:51:27] [193/296] DDXB
[13:51:28] [194/296] RAMC
[13:51:29] [195/296] SANC
[13:51:29] [196/296] BCBP
[13:51:30] [197/296] ALPC
[13:51:31] [198/296] RBAC
[13:51:32] [199/296] RAJL
[13:51:32] [200/296] MPDX
[13:51:33] [201/296] MUSC
[13:51:34] [202/296] VKMK
[13:51:35] [203/296] SKCG
[13:51:36] [204/296] ANCN
[13:51:36] [205/296] MMCJ
[13:51:37] [206/296] DCAK
[13:51:38] [207/296] SCKG
[13:51:39] [208/296] LMCK
[13:51:40] [209/296] CKKX
[13:51:41] [210/296] ANKU
[13:51:41] [211/296] CSMD
[13:51:42] [212/296] MKMP
[13:51:43] [213/296] SVBG
[13:51:44] [214/296] ROOP
[13:51:45] [215/296] GDMT
[13:51:45] [216/296] FPPF
[13:51:46] [217/296] SFUU
[13:51:47] [218/296] ANCB
[13:51:48] [219/296] SMMC
[13:51:48] [220/296] UGKT
[13:51:49] [221/296] JVRM
[13:51:51] [222/296] BATG
[13:51:52] [223/296] RATE
[13:51:53] [224/296] SKME
[13:51:54] [225/296] LMTP
[13:51:55] [226/296] TCBD
[13:51:56] [227/296] ESBD
[13:51:57] [228/296] GDCU
[13:51:58] [229/296] SNKT
[13:51:59] [230/296] SRNK
[13:52:00] [231/296] SMED
[13:52:01] [232/296] CSQS
[13:52:02] [233/296] ALCS
[13:52:03] [234/296] KCKN
[13:52:04] [235/296] VCCL
[13:52:05] [236/296] MCDA
[13:52:05] [237/296] SHMI
[13:52:06] [238/296] SKHA
[13:52:07] [239/296] SVFK
[13:52:08] [240/296] INVB
[13:52:09] [241/296] MELD
[13:52:10] [242/296] JTYS
[13:52:10] [243/296] INCM
[13:52:11] [244/296] MCDV
[13:52:12] [245/296] KSGK
[13:52:13] [246/296] ICMG
[13:52:14] [247/296] CSCV
[13:52:14] [248/296] STMD
[13:52:15] [249/296] STTR
[13:52:16] [250/296] INVC
[13:52:17] [251/296] JTBL
[13:52:18] [252/296] SRVV
[13:52:19] [253/296] MAVC
[13:52:20] [254/296] SRPP
[13:52:21] [255/296] JGDM
[13:52:22] [256/296] MBSJ
[13:52:22] [257/296] SSLL
[13:52:23] [258/296] SLKP
[13:52:24] [259/296] NSRV
[13:52:25] [260/296] UTDV
[13:52:26] [261/296] KICM
[13:52:26] [262/296] KCMD
[13:52:27] [263/296] TTPP
[13:52:28] [264/296] KMPV
[13:52:30] [265/296] SKTV
[13:52:31] [266/296] STCV
[13:52:31] [267/296] SRDA
[13:52:32] [268/296] JTSX
[13:52:33] [269/296] STBV
[13:52:34] [270/296] APVZ
[13:52:35] [271/296] GSTV
[13:52:35] [272/296] NMVS
[13:52:36] [273/296] SKRT
[13:52:37] [274/296] RMDV
[13:52:38] [275/296] RATG
[13:52:38] [276/296] SJYV
[13:52:40] [277/296] NDGP
[13:52:40] [278/296] SNDG
[13:52:41] [279/296] INSR
[13:52:42] [280/296] INSO
[13:52:43] [281/296] CCSI
[13:52:44] [282/296] RASM
[13:52:44] [283/296] NEWC
[13:52:45] [284/296] VSHL
[13:52:46] [285/296] BISW
[13:52:46] [286/296] GCNG
[13:52:47] [287/296] CWSC
[13:52:48] [288/296] SKAN
[13:52:48] [289/296] SEHP
[13:52:49] [290/296] CCOA
[13:52:50] [291/296] MCAJ
[13:52:51] [292/296] ACDE
[13:52:52] [293/296] AACM
[13:52:53] [294/296] JJCK
[13:52:54] [295/296] RCMO
[13:52:54] [296/296] GDAW
[13:52:55] 🧹 Deduping shows
[13:52:55] ✅ DONE | Shows=1698 | Movies=53
