[12:43:59] 🚀 SCRIPT STARTED
[12:43:59] [1/324] GCTA
[12:43:59] 🧠 New identity created
[12:44:00] [2/324] TOPN
[12:44:01] [3/324] MCUS
[12:44:02] [4/324] SHRL
[12:44:03] [5/324] UPTP
[12:44:03] [6/324] TMMP
[12:44:04] [7/324] DNRP
[12:44:05] [8/324] SRLT
[12:44:06] [9/324] RCNS
[12:44:07] [10/324] DCBH
[12:44:07] [11/324] NAGJ
[12:44:08] [12/324] JVRC
[12:44:09] [13/324] KRJG
[12:44:10] [14/324] SRTJ
[12:44:11] [15/324] CMXM
[12:44:11] [16/324] STMI
[12:44:12] [17/324] SLST
[12:44:13] [18/324] DTCN
[12:44:14] [19/324] STYN
[12:44:15] [20/324] SZVR
[12:44:15] [21/324] SRKO
[12:44:16] [22/324] JTGT
[12:44:17] [23/324] SVFD
[12:44:18] [24/324] SISD
[12:44:19] [25/324] ABDD
[12:44:19] [26/324] DRCA
[12:44:20] [27/324] AVCS
[12:44:21] [28/324] MVKH
[12:44:22] [29/324] ACPR
[12:44:23] [30/324] STIP
[12:44:24] [31/324] MTRA
[12:44:24] [32/324] RMKH
[12:44:25] [33/324] NKRL
[12:44:26] [34/324] PCWN
[12:44:27] [35/324] BLMT
[12:44:28] [36/324] GDPG
[12:44:29] [37/324] SRMX
[12:44:30] [38/324] JACP
[12:44:31] [39/324] CPSH
[12:44:32] [40/324] MCCD
[12:44:33] [41/324] ECGH
[12:44:34] [42/324] MKCK
[12:44:34] [43/324] SRMM
[12:44:35] [44/324] SKYR
[12:44:36] [45/324] PCKC
[12:44:36] [46/324] JCMA
[12:44:37] [47/324] BSMP
[12:44:38] [48/324] VSPA
[12:44:39] [49/324] DJYA
[12:44:40] [50/324] DIMP
[12:44:40] [51/324] FXDR
[12:44:41] [52/324] SSRC
[12:44:42] [53/324] STHP
[12:44:43] [54/324] CPPD
[12:44:44] [55/324] FCLK
[12:44:45] [56/324] SCPP
[12:44:46] [57/324] DCMJ
[12:44:47] [58/324] RCCR
[12:44:48] [59/324] INMT
[12:44:48] [60/324] LXTK
[12:44:49] [61/324] SRYK
[12:44:50] [62/324] SGDK
[12:44:50] [63/324] PPKA
[12:44:51] [64/324] SPKA
[12:44:52] [65/324] CGHH
[12:44:52] [66/324] DCJN
[12:44:53] [67/324] SRKV
[12:44:54] [68/324] SAJC
[12:44:55] [69/324] SUSR
[12:44:56] [70/324] STYG
[12:44:57] [71/324] NTKP
[12:44:58] [72/324] AKTG
[12:44:59] [73/324] CGCM
[12:45:00] [74/324] TULC
[12:45:00] [75/324] NYYZ
[12:45:01] [76/324] NYBW
[12:45:02] [77/324] MACB
[12:45:03] [78/324] SLVT
[12:45:04] [79/324] SANA
[12:45:05] [80/324] ACMR
[12:45:06] [81/324] CPKN
[12:45:07] [82/324] DLGK
[12:45:08] [83/324] CWCK
[12:45:08] [84/324] FDDH
[12:45:09] [85/324] MMMD
[12:45:10] [86/324] CMEH
[12:45:11] [87/324] GGGV
[12:45:11] [88/324] SPJL
[12:45:12] [89/324] RCCD
[12:45:13] [90/324] STTZ
[12:45:14] [91/324] BTCF
[12:45:15] [92/324] TSTZ
[12:45:15] [93/324] IPMM
[12:45:16] [94/324] PMPW
[12:45:17] [95/324] PCMZ
[12:45:17] [96/324] ESEM
[12:45:18] [97/324] PIPO
[12:45:19] [98/324] MATK
[12:45:20] [99/324] PGHM
[12:45:22] [100/324] CTSR
[12:45:22] [101/324] CYKR
[12:45:24] [102/324] MSCM
[12:45:25] [103/324] RFNP
[12:45:25] [104/324] PDCP
[12:45:26] [105/324] NPSE
[12:45:27] [106/324] MKML
[12:45:28] [107/324] FTDP
[12:45:28] [108/324] MMXA
[12:45:29] [109/324] CEPO
[12:45:30] [110/324] CMVP
[12:45:31] [111/324] SGTH
[12:45:32] [112/324] SAYN
[12:45:33] [113/324] URVS
[12:45:33] [114/324] VJTN
[12:45:34] [115/324] BBYK
[12:45:35] [116/324] SHBO
[12:45:36] [117/324] VCMR
[12:45:37] [118/324] MACT
[12:45:38] [119/324] JMNP
[12:45:39] [120/324] VICS
[12:45:40] [121/324] VCDA
[12:45:40] [122/324] GCMM
[12:45:41] [123/324] INVS
[12:45:42] [124/324] SCGM
[12:45:43] [125/324] PCDA
[12:45:43] [126/324] KDCT
[12:45:44] [127/324] JACS
[12:45:45] [128/324] GMMC
[12:45:46] [129/324] AICM
[12:45:47] [130/324] TJCM
[12:45:48] [131/324] RMTI
[12:45:49] [132/324] SHAC
[12:45:49] [133/324] APJC
[12:45:50] [134/324] GCTG
[12:45:51] [135/324] SSMC
[12:45:52] [136/324] THRM
[12:45:53] [137/324] RBCT
[12:45:54] [138/324] DIKT
[12:45:54] [139/324] MIDL
[12:45:56] [140/324] VCSN
[12:45:56] [141/324] SKTG
[12:45:58] [142/324] SMWC
[12:45:58] [143/324] MNKH
[12:45:59] [144/324] PIAT
[12:46:00] [145/324] LTTP
[12:46:01] [146/324] PTPU
[12:46:02] [147/324] ACMG
[12:46:03] [148/324] SHMM
[12:46:03] [149/324] MCMN
[12:46:04] [150/324] GLDC
[12:46:05] [151/324] HOUT
[12:46:06] [152/324] SVRP
[12:46:08] [153/324] PVDN
[12:46:08] [154/324] SCPY
[12:46:09] [155/324] DTPY
[12:46:11] [156/324] GKCS
[12:46:12] [157/324] NCAM
[12:46:13] [158/324] BSRM
[12:46:14] [159/324] RCLC
[12:46:15] [160/324] SKKD
[12:46:16] [161/324] ACHU
[12:46:16] [162/324] RSCF
[12:46:17] [163/324] IMSH
[12:46:18] [164/324] MACX
[12:46:19] [165/324] HMMW
[12:46:20] [166/324] JTCP
[12:46:21] [167/324] SREN
[12:46:22] [168/324] PJRR
[12:46:23] [169/324] INAC
[12:46:24] [170/324] BMCA
[12:46:24] [171/324] SHCB
[12:46:25] [172/324] GABA
[12:46:26] [173/324] SBCT
[12:46:27] [174/324] GCMA
[12:46:28] [175/324] MYTK
[12:46:29] [176/324] INZS
[12:46:29] [177/324] RMIK
[12:46:30] [178/324] NYCH
[12:46:31] [179/324] RAVE
[12:46:32] [180/324] PSXM
[12:46:34] [181/324] MCGP
[12:46:34] [182/324] PDDK
[12:46:35] [183/324] SPCK
[12:46:36] [184/324] MCRL
[12:46:37] [185/324] MHKT
[12:46:38] [186/324] ANRR
[12:46:39] [187/324] SAPK
[12:46:40] [188/324] NCUK
[12:46:40] [189/324] JUGA
[12:46:41] [190/324] DBSC
[12:46:42] [191/324] LALK
[12:46:43] [192/324] GUCK
[12:46:44] [193/324] STSG
[12:46:44] [194/324] PPPZ
[12:46:45] [195/324] CNCY
[12:46:46] [196/324] MTAR
[12:46:47] [197/324] VNKD
[12:46:48] [198/324] KMAJ
[12:46:49] [199/324] ACXK
[12:46:50] [200/324] UTKC
[12:46:51] [201/324] PBLK
[12:46:52] [202/324] ACBX
[12:46:53] [203/324] PTGM
[12:46:54] [204/324] BTDA
[12:46:55] [205/324] PJMB
[12:46:56] [206/324] TPDA
[12:46:57] [207/324] AMOE
[12:46:58] [208/324] PRHT
[12:46:59] [209/324] PRTA
[12:47:00] [210/324] STAM
[12:47:00] [211/324] MSAA
[12:47:01] [212/324] SDLU
[12:47:02] [213/324] RCHH
[12:47:03] [214/324] KANT
[12:47:03] [215/324] FCRT
[12:47:05] [216/324] DNKM
[12:47:06] [217/324] RYCP
[12:47:07] [218/324] MYRP
[12:47:07] [219/324] PPAK
[12:47:08] [220/324] NVPK
[12:47:09] [221/324] PRMC
[12:47:10] [222/324] JBCS
[12:47:11] [223/324] GXCK
[12:47:12] [224/324] USKO
[12:47:12] [225/324] GTEM
[12:47:13] [226/324] SMBU
[12:47:14] [227/324] VETC
[12:47:15] [228/324] LCDA
[12:47:16] [229/324] MTVT
[12:47:17] [230/324] PYCP
[12:47:17] [231/324] PNSC
[12:47:18] [232/324] PPCC
[12:47:19] [233/324] TGRT
[12:47:20] [234/324] JYOT
[12:47:21] [235/324] SRCZ
[12:47:22] [236/324] SJTE
[12:47:22] [237/324] DESC
[12:47:23] [238/324] JHVN
[12:47:24] [239/324] IPSG
[12:47:25] [240/324] IPCM
[12:47:26] [241/324] PDRS
[12:47:26] [242/324] ANCV
[12:47:27] [243/324] CMVV
[12:47:29] [244/324] SHYP
[12:47:29] [245/324] DNCS
[12:47:30] [246/324] GAJK
[12:47:31] [247/324] AKTN
[12:47:32] [248/324] KAYA
[12:47:33] [249/324] SBRC
[12:47:33] [250/324] CHTP
[12:47:34] [251/324] SHRT
[12:47:35] [252/324] BCKU
[12:47:36] [253/324] FCPS
[12:47:36] [254/324] ARDD
[12:47:37] [255/324] CPCM
[12:47:38] [256/324] CGSM
[12:47:39] [257/324] PSMP
[12:47:40] [258/324] SDAL
[12:47:41] [259/324] RTNB
[12:47:41] [260/324] LMCR
[12:47:42] [261/324] CIMA
[12:47:43] [262/324] RNAS
[12:47:43] [263/324] LITH
[12:47:44] [264/324] PBOX
[12:47:45] [265/324] FRTS
[12:47:46] [266/324] RKIC
[12:47:47] [267/324] PTAI
[12:47:48] [268/324] GCIC
[12:47:49] [269/324] FNAS
[12:47:49] [270/324] SCAR
[12:47:50] [271/324] MTCA
[12:47:52] [272/324] SCTS
[12:47:53] [273/324] SYCS
[12:47:54] [274/324] RDMS
[12:47:56] [275/324] KAMP
[12:47:57] [276/324] ERSD
[12:47:58] [277/324] MJMJ
[12:47:59] [278/324] SRCJ
[12:48:00] [279/324] SCXE
[12:48:01] [280/324] SVFR
[12:48:02] [281/324] BHCS
[12:48:02] [282/324] IMCC
[12:48:03] [283/324] PCBO
[12:48:04] [284/324] PRVN
[12:48:05] [285/324] AUPM
[12:48:05] [286/324] INBW
[12:48:06] [287/324] SVCW
[12:48:07] [288/324] RKCF
[12:48:08] [289/324] UVBH
[12:48:09] [290/324] DNCY
[12:48:10] [291/324] ABCN
[12:48:10] [292/324] PRUR
[12:48:12] [293/324] PFMR
[12:48:13] [294/324] RKCN
[12:48:13] [295/324] CFEA
[12:48:14] [296/324] SDBG
[12:48:15] [297/324] SNAR
[12:48:15] [298/324] YISI
[12:48:16] [299/324] JCFF
[12:48:17] [300/324] VTRK
[12:48:18] [301/324] PCLZ
[12:48:19] [302/324] DIMY
[12:48:20] [303/324] BBTS
[12:48:20] [304/324] GATH
[12:48:21] [305/324] GTMN
[12:48:22] [306/324] VTMH
[12:48:23] [307/324] CCKP
[12:48:24] [308/324] GPKA
[12:48:24] [309/324] MHCL
[12:48:26] [310/324] ATCL
[12:48:26] [311/324] SBCK
[12:48:27] [312/324] AMMR
[12:48:28] [313/324] MADC
[12:48:29] [314/324] TMMA
[12:48:29] [315/324] CACC
[12:48:30] [316/324] CHAL
[12:48:31] [317/324] DURG
[12:48:32] [318/324] GMKU
[12:48:33] [319/324] GECA
[12:48:33] [320/324] KYRR
[12:48:34] [321/324] KSDE
[12:48:35] [322/324] LMCI
[12:48:36] [323/324] NKCP
[12:48:36] [324/324] BGTC
[12:48:37] 🧹 Deduping shows
[12:48:37] ✅ DONE | Shows=2093 | Movies=69
