[00:39:41] 🚀 BMS DAILY TRACKER STARTED
[00:39:41] [1/324] GCTA
[00:39:41] 🧠 New identity
[00:39:42] [2/324] TOPN
[00:39:43] [3/324] MCUS
[00:39:44] [4/324] SHRL
[00:39:45] [5/324] UPTP
[00:39:45] [6/324] TMMP
[00:39:46] [7/324] DNRP
[00:39:47] [8/324] SRLT
[00:39:48] [9/324] RCNS
[00:39:49] [10/324] DCBH
[00:39:50] [11/324] NAGJ
[00:39:51] [12/324] JVRC
[00:39:51] [13/324] KRJG
[00:39:52] [14/324] SRTJ
[00:39:53] [15/324] CMXM
[00:39:54] [16/324] STMI
[00:39:55] [17/324] SLST
[00:39:56] [18/324] DTCN
[00:39:57] [19/324] STYN
[00:39:58] [20/324] SZVR
[00:39:58] [21/324] SRKO
[00:40:00] [22/324] JTGT
[00:40:00] [23/324] SVFD
[00:40:02] [24/324] SISD
[00:40:03] [25/324] ABDD
[00:40:03] [26/324] DRCA
[00:40:04] [27/324] AVCS
[00:40:05] [28/324] MVKH
[00:40:06] [29/324] ACPR
[00:40:06] [30/324] STIP
[00:40:07] [31/324] MTRA
[00:40:08] [32/324] RMKH
[00:40:09] [33/324] NKRL
[00:40:10] [34/324] PCWN
[00:40:11] [35/324] BLMT
[00:40:11] [36/324] GDPG
[00:40:12] [37/324] SRMX
[00:40:13] [38/324] JACP
[00:40:14] [39/324] CPSH
[00:40:15] [40/324] MCCD
[00:40:15] [41/324] ECGH
[00:40:16] [42/324] MKCK
[00:40:17] [43/324] SRMM
[00:40:18] [44/324] SKYR
[00:40:19] [45/324] PCKC
[00:40:21] [46/324] JCMA
[00:40:21] [47/324] BSMP
[00:40:23] [48/324] VSPA
[00:40:24] [49/324] DJYA
[00:40:25] [50/324] DIMP
[00:40:25] [51/324] FXDR
[00:40:26] [52/324] SSRC
[00:40:27] [53/324] STHP
[00:40:28] [54/324] CPPD
[00:40:29] [55/324] FCLK
[00:40:30] [56/324] SCPP
[00:40:32] [57/324] DCMJ
[00:40:33] [58/324] RCCR
[00:40:34] [59/324] INMT
[00:40:34] [60/324] LXTK
[00:40:36] [61/324] SRYK
[00:40:37] [62/324] SGDK
[00:40:37] [63/324] PPKA
[00:40:38] [64/324] SPKA
[00:40:39] [65/324] CGHH
[00:40:40] [66/324] DCJN
[00:40:41] [67/324] SRKV
[00:40:42] [68/324] SAJC
[00:40:43] [69/324] SUSR
[00:40:44] [70/324] STYG
[00:40:45] [71/324] NTKP
[00:40:45] [72/324] AKTG
[00:40:47] [73/324] CGCM
[00:40:48] [74/324] TULC
[00:40:49] [75/324] NYYZ
[00:40:50] [76/324] NYBW
[00:40:51] [77/324] MACB
[00:40:51] [78/324] SLVT
[00:40:52] [79/324] SANA
[00:40:53] [80/324] ACMR
[00:40:54] [81/324] CPKN
[00:40:54] [82/324] DLGK
[00:40:55] [83/324] CWCK
[00:40:56] [84/324] FDDH
[00:40:57] [85/324] MMMD
[00:40:58] [86/324] CMEH
[00:40:58] [87/324] GGGV
[00:40:59] [88/324] SPJL
[00:41:01] [89/324] RCCD
[00:41:01] [90/324] STTZ
[00:41:02] [91/324] BTCF
[00:41:03] [92/324] TSTZ
[00:41:04] [93/324] IPMM
[00:41:05] [94/324] PMPW
[00:41:06] [95/324] PCMZ
[00:41:07] [96/324] ESEM
[00:41:08] [97/324] PIPO
[00:41:08] [98/324] MATK
[00:41:09] [99/324] PGHM
[00:41:10] [100/324] CTSR
[00:41:11] [101/324] CYKR
[00:41:12] [102/324] MSCM
[00:41:13] [103/324] RFNP
[00:41:14] [104/324] PDCP
[00:41:15] [105/324] NPSE
[00:41:15] [106/324] MKML
[00:41:16] [107/324] FTDP
[00:41:17] [108/324] MMXA
[00:41:18] [109/324] CEPO
[00:41:20] [110/324] CMVP
[00:41:20] [111/324] SGTH
[00:41:21] [112/324] SAYN
[00:41:22] [113/324] URVS
[00:41:23] [114/324] VJTN
[00:41:24] [115/324] BBYK
[00:41:24] [116/324] SHBO
[00:41:25] [117/324] VCMR
[00:41:26] [118/324] MACT
[00:41:27] [119/324] JMNP
[00:41:28] [120/324] VICS
[00:41:30] [121/324] VCDA
[00:41:31] [122/324] GCMM
[00:41:33] [123/324] INVS
[00:41:33] [124/324] SCGM
[00:41:34] [125/324] PCDA
[00:41:35] [126/324] KDCT
[00:41:36] [127/324] JACS
[00:41:38] [128/324] GMMC
[00:41:39] [129/324] AICM
[00:41:39] [130/324] TJCM
[00:41:40] [131/324] RMTI
[00:41:41] [132/324] SHAC
[00:41:42] [133/324] APJC
[00:41:43] [134/324] GCTG
[00:41:44] [135/324] SSMC
[00:41:44] [136/324] THRM
[00:41:45] [137/324] RBCT
[00:41:46] [138/324] DIKT
[00:41:47] [139/324] MIDL
[00:41:47] [140/324] VCSN
[00:41:48] [141/324] SKTG
[00:41:49] [142/324] SMWC
[00:41:50] [143/324] MNKH
[00:41:51] [144/324] PIAT
[00:41:51] [145/324] LTTP
[00:41:52] [146/324] PTPU
[00:41:54] [147/324] ACMG
[00:41:54] [148/324] SHMM
[00:41:55] [149/324] MCMN
[00:41:56] [150/324] GLDC
[00:41:57] [151/324] HOUT
[00:41:58] [152/324] SVRP
[00:41:59] [153/324] PVDN
[00:42:00] [154/324] SCPY
[00:42:01] [155/324] DTPY
[00:42:02] [156/324] GKCS
[00:42:03] [157/324] NCAM
[00:42:03] [158/324] BSRM
[00:42:04] [159/324] RCLC
[00:42:05] [160/324] SKKD
[00:42:06] [161/324] ACHU
[00:42:07] [162/324] RSCF
[00:42:08] [163/324] IMSH
[00:42:09] [164/324] MACX
[00:42:10] [165/324] HMMW
[00:42:10] [166/324] JTCP
[00:42:11] [167/324] SREN
[00:42:12] [168/324] PJRR
[00:42:13] [169/324] INAC
[00:42:13] [170/324] BMCA
[00:42:14] [171/324] SHCB
[00:42:16] [172/324] GABA
[00:42:17] [173/324] SBCT
[00:42:18] [174/324] GCMA
[00:42:19] [175/324] MYTK
[00:42:21] [176/324] INZS
[00:42:22] [177/324] RMIK
[00:42:22] [178/324] NYCH
[00:42:23] [179/324] RAVE
[00:42:24] [180/324] PSXM
[00:42:25] [181/324] MCGP
[00:42:26] [182/324] PDDK
[00:42:27] [183/324] SPCK
[00:42:28] [184/324] MCRL
[00:42:28] [185/324] MHKT
[00:42:29] [186/324] ANRR
[00:42:30] [187/324] SAPK
[00:42:31] [188/324] NCUK
[00:42:32] [189/324] JUGA
[00:42:32] [190/324] DBSC
[00:42:33] [191/324] LALK
[00:42:34] [192/324] GUCK
[00:42:35] [193/324] STSG
[00:42:36] [194/324] PPPZ
[00:42:36] [195/324] CNCY
[00:42:37] [196/324] MTAR
[00:42:38] [197/324] VNKD
[00:42:39] [198/324] KMAJ
[00:42:40] [199/324] ACXK
[00:42:41] [200/324] UTKC
[00:42:42] [201/324] PBLK
[00:42:44] [202/324] ACBX
[00:42:44] [203/324] PTGM
[00:42:45] [204/324] BTDA
[00:42:46] [205/324] PJMB
[00:42:47] [206/324] TPDA
[00:42:48] [207/324] AMOE
[00:42:48] [208/324] PRHT
[00:42:49] [209/324] PRTA
[00:42:50] [210/324] STAM
[00:42:51] [211/324] MSAA
[00:42:52] [212/324] SDLU
[00:42:53] [213/324] RCHH
[00:42:54] [214/324] KANT
[00:42:55] [215/324] FCRT
[00:42:55] [216/324] DNKM
[00:42:56] [217/324] RYCP
[00:42:57] [218/324] MYRP
[00:42:58] [219/324] PPAK
[00:42:58] [220/324] NVPK
[00:42:59] [221/324] PRMC
[00:43:00] [222/324] JBCS
[00:43:01] [223/324] GXCK
[00:43:02] [224/324] USKO
[00:43:02] [225/324] GTEM
[00:43:03] [226/324] SMBU
[00:43:04] [227/324] VETC
[00:43:05] [228/324] LCDA
[00:43:06] [229/324] MTVT
[00:43:07] [230/324] PYCP
[00:43:07] [231/324] PNSC
[00:43:08] [232/324] PPCC
[00:43:09] [233/324] TGRT
[00:43:10] [234/324] JYOT
[00:43:11] [235/324] SRCZ
[00:43:12] [236/324] SJTE
[00:43:13] [237/324] DESC
[00:43:14] [238/324] JHVN
[00:43:15] [239/324] IPSG
[00:43:15] [240/324] IPCM
[00:43:16] [241/324] PDRS
[00:43:17] [242/324] ANCV
[00:43:18] [243/324] CMVV
[00:43:19] [244/324] SHYP
[00:43:20] [245/324] DNCS
[00:43:21] [246/324] GAJK
[00:43:22] [247/324] AKTN
[00:43:22] [248/324] KAYA
[00:43:23] [249/324] SBRC
[00:43:25] [250/324] CHTP
[00:43:26] [251/324] SHRT
[00:43:27] [252/324] BCKU
[00:43:27] [253/324] FCPS
[00:43:28] [254/324] ARDD
[00:43:29] [255/324] CPCM
[00:43:29] [256/324] CGSM
[00:43:30] [257/324] PSMP
[00:43:31] [258/324] SDAL
[00:43:32] [259/324] RTNB
[00:43:33] [260/324] LMCR
[00:43:34] [261/324] CIMA
[00:43:35] [262/324] RNAS
[00:43:36] [263/324] LITH
[00:43:37] [264/324] PBOX
[00:43:38] [265/324] FRTS
[00:43:39] [266/324] RKIC
[00:43:40] [267/324] PTAI
[00:43:41] [268/324] GCIC
[00:43:41] [269/324] FNAS
[00:43:42] [270/324] SCAR
[00:43:43] [271/324] MTCA
[00:43:44] [272/324] SCTS
[00:43:45] [273/324] SYCS
[00:43:46] [274/324] RDMS
[00:43:46] [275/324] KAMP
[00:43:47] [276/324] ERSD
[00:43:48] [277/324] MJMJ
[00:43:50] [278/324] SRCJ
[00:43:50] [279/324] SCXE
[00:43:51] [280/324] SVFR
[00:43:52] [281/324] BHCS
[00:43:53] [282/324] IMCC
[00:43:54] [283/324] PCBO
[00:43:55] [284/324] PRVN
[00:43:55] [285/324] AUPM
[00:43:56] [286/324] INBW
[00:43:57] [287/324] SVCW
[00:43:58] [288/324] RKCF
[00:43:59] [289/324] UVBH
[00:43:59] [290/324] DNCY
[00:44:00] [291/324] ABCN
[00:44:01] [292/324] PRUR
[00:44:02] [293/324] PFMR
[00:44:03] [294/324] RKCN
[00:44:04] [295/324] CFEA
[00:44:04] [296/324] SDBG
[00:44:05] [297/324] SNAR
[00:44:06] [298/324] YISI
[00:44:07] [299/324] JCFF
[00:44:08] [300/324] VTRK
[00:44:09] [301/324] PCLZ
[00:44:09] [302/324] DIMY
[00:44:10] [303/324] BBTS
[00:44:11] [304/324] GATH
[00:44:12] [305/324] GTMN
[00:44:12] [306/324] VTMH
[00:44:13] [307/324] CCKP
[00:44:14] [308/324] GPKA
[00:44:15] [309/324] MHCL
[00:44:16] [310/324] ATCL
[00:44:17] [311/324] SBCK
[00:44:17] [312/324] AMMR
[00:44:18] [313/324] MADC
[00:44:19] [314/324] TMMA
[00:44:20] [315/324] CACC
[00:44:21] [316/324] CHAL
[00:44:22] [317/324] DURG
[00:44:23] [318/324] GMKU
[00:44:23] [319/324] GECA
[00:44:24] [320/324] KYRR
[00:44:25] [321/324] KSDE
[00:44:26] [322/324] LMCI
[00:44:26] [323/324] NKCP
[00:44:27] [324/324] BGTC
[00:44:28] ✅ DONE | Shows=0 | Movies=0
