[00:39:43] 🚀 BMS DAILY TRACKER STARTED
[00:39:43] [1/459] MBDC
[00:39:43] 🧠 New identity
[00:39:43] [2/459] CHKM
[00:39:44] [3/459] JTKZ
[00:39:45] [4/459] CMCT
[00:39:46] [5/459] ASHO
[00:39:47] [6/459] ECDG
[00:39:48] [7/459] SPAT
[00:39:49] [8/459] HILC
[00:39:50] [9/459] SPPH
[00:39:51] [10/459] SBHN
[00:39:52] [11/459] RRCA
[00:39:53] [12/459] APAA
[00:39:53] [13/459] RAME
[00:39:54] [14/459] TMMS
[00:39:55] [15/459] BATK
[00:39:56] [16/459] LKOP
[00:39:57] [17/459] AMTT
[00:39:58] [18/459] PTGK
[00:39:59] [19/459] ANRS
[00:40:00] [20/459] VWBW
[00:40:01] [21/459] SVFG
[00:40:02] [22/459] STAT
[00:40:02] [23/459] GDCV
[00:40:03] [24/459] VEBI
[00:40:04] [25/459] VDSS
[00:40:06] [26/459] NTHV
[00:40:06] [27/459] AOCH
[00:40:07] [28/459] KASR
[00:40:08] [29/459] AYCS
[00:40:09] [30/459] SHAI
[00:40:10] [31/459] SKPE
[00:40:11] [32/459] SBTA
[00:40:12] [33/459] RTTD
[00:40:12] [34/459] CCJD
[00:40:13] [35/459] RSJJ
[00:40:14] [36/459] RKND
[00:40:15] [37/459] SVTX
[00:40:16] [38/459] BAKM
[00:40:17] [39/459] SVDC
[00:40:18] [40/459] MNCV
[00:40:19] [41/459] SJGC
[00:40:20] [42/459] MTPK
[00:40:21] [43/459] GATP
[00:40:22] [44/459] ABTS
[00:40:23] [45/459] ABDE
[00:40:23] [46/459] RCNM
[00:40:24] [47/459] KTHV
[00:40:26] [48/459] MDGJ
[00:40:27] [49/459] SMLM
[00:40:28] [50/459] JTMA
[00:40:29] [51/459] ACKP
[00:40:30] [52/459] SRTA
[00:40:30] [53/459] STAY
[00:40:32] [54/459] MAVO
[00:40:33] [55/459] APTS
[00:40:34] [56/459] OMEA
[00:40:35] [57/459] TTFD
[00:40:37] [58/459] MJCU
[00:40:37] [59/459] CXTE
[00:40:38] [60/459] CTPX
[00:40:39] [61/459] ASSL
[00:40:40] [62/459] CMVB
[00:40:41] [63/459] VPUR
[00:40:42] [64/459] JJDA
[00:40:43] [65/459] INBL
[00:40:43] [66/459] BIKB
[00:40:44] [67/459] NTBB
[00:40:45] [68/459] GLOB
[00:40:47] [69/459] SNTB
[00:40:48] [70/459] CHGV
[00:40:49] [71/459] SSBZ
[00:40:50] [72/459] PRDB
[00:40:51] [73/459] ISMT
[00:40:52] [74/459] MCSD
[00:40:53] [75/459] JBTT
[00:40:54] [76/459] GEKR
[00:40:55] [77/459] PVUN
[00:40:56] [78/459] NRTB
[00:40:57] [79/459] PRAA
[00:40:59] [80/459] PCBL
[00:41:00] [81/459] PTCM
[00:41:01] [82/459] KHNN
[00:41:02] [83/459] OMJE
[00:41:03] [84/459] STGN
[00:41:04] [85/459] RPMS
[00:41:05] [86/459] NWAD
[00:41:06] [87/459] BLCK
[00:41:07] [88/459] SVAA
[00:41:07] [89/459] URVM
[00:41:08] [90/459] ANTM
[00:41:09] [91/459] VJYM
[00:41:10] [92/459] MAZZ
[00:41:11] [93/459] CSHM
[00:41:12] [94/459] WGMH
[00:41:12] [95/459] SALN
[00:41:13] [96/459] BRTP
[00:41:14] [97/459] SVTA
[00:41:15] [98/459] SBTP
[00:41:16] [99/459] VLSS
[00:41:17] [100/459] SRJA
[00:41:18] [101/459] ANCG
[00:41:19] [102/459] CGGC
[00:41:21] [103/459] CRJA
[00:41:22] [104/459] USCR
[00:41:23] [105/459] MMEF
[00:41:23] [106/459] JCRJ
[00:41:25] [107/459] ADCM
[00:41:26] [108/459] BMYK
[00:41:27] [109/459] KICS
[00:41:27] [110/459] MBBT
[00:41:28] [111/459] MACK
[00:41:29] [112/459] CLDR
[00:41:30] [113/459] JYCR
[00:41:31] [114/459] DCRP
[00:41:32] [115/459] RAHT
[00:41:33] [116/459] CSSM
[00:41:34] [117/459] ATPK
[00:41:35] [118/459] KLRT
[00:41:36] [119/459] SRDD
[00:41:37] [120/459] CKMC
[00:41:38] [121/459] KRVM
[00:41:39] [122/459] AKCP
[00:41:40] [123/459] CNCV
[00:41:40] [124/459] PACT
[00:41:41] [125/459] NATP
[00:41:42] [126/459] PCPK
[00:41:43] [127/459] SMHO
[00:41:44] [128/459] CWTK
[00:41:44] [129/459] RVKZ
[00:41:45] [130/459] ASPD
[00:41:46] [131/459] VTKZ
[00:41:48] [132/459] LCSO
[00:41:49] [133/459] PRDY
[00:41:50] [134/459] RCAP
[00:41:50] [135/459] RGAR
[00:41:51] [136/459] RCAC
[00:41:52] [137/459] PMOD
[00:41:53] [138/459] PVCN
[00:41:54] [139/459] SCRZ
[00:41:54] [140/459] PVPC
[00:41:55] [141/459] STID
[00:41:56] [142/459] NEDD
[00:41:57] [143/459] BNBA
[00:41:58] [144/459] NTCD
[00:41:59] [145/459] OCDE
[00:42:00] [146/459] CCDU
[00:42:00] [147/459] CRXH
[00:42:01] [148/459] VLVT
[00:42:03] [149/459] CICI
[00:42:04] [150/459] SUCB
[00:42:05] [151/459] TCBP
[00:42:06] [152/459] SCCY
[00:42:07] [153/459] LXCY
[00:42:08] [154/459] NCMD
[00:42:09] [155/459] PHCS
[00:42:09] [156/459] DUXR
[00:42:10] [157/459] VNKS
[00:42:11] [158/459] SEDP
[00:42:12] [159/459] SVEN
[00:42:13] [160/459] SRKM
[00:42:13] [161/459] JTLT
[00:42:14] [162/459] SVSS
[00:42:15] [163/459] AMDE
[00:42:16] [164/459] WVRN
[00:42:17] [165/459] ISMG
[00:42:18] [166/459] WVKS
[00:42:19] [167/459] USCG
[00:42:19] [168/459] IOTG
[00:42:20] [169/459] RRJM
[00:42:21] [170/459] EDMP
[00:42:22] [171/459] SCGZ
[00:42:23] [172/459] GMGX
[00:42:23] [173/459] OMTP
[00:42:24] [174/459] MITD
[00:42:25] [175/459] SMMD
[00:42:26] [176/459] STML
[00:42:27] [177/459] MCFS
[00:42:28] [178/459] FPKA
[00:42:29] [179/459] OMLR
[00:42:30] [180/459] KKSC
[00:42:31] [181/459] RVMA
[00:42:31] [182/459] SCLL
[00:42:32] [183/459] SCDK
[00:42:33] [184/459] SXMI
[00:42:34] [185/459] SHDN
[00:42:34] [186/459] PAAD
[00:42:35] [187/459] UUCB
[00:42:36] [188/459] JHOL
[00:42:37] [189/459] SGWT
[00:42:38] [190/459] SRII
[00:42:39] [191/459] SGCK
[00:42:39] [192/459] SVVB
[00:42:40] [193/459] DMHA
[00:42:41] [194/459] PPNL
[00:42:42] [195/459] CPNL
[00:42:43] [196/459] WVLD
[00:42:43] [197/459] PSLV
[00:42:44] [198/459] VTTL
[00:42:45] [199/459] NPAD
[00:42:46] [200/459] PVCS
[00:42:47] [201/459] MCHL
[00:42:47] [202/459] PPLL
[00:42:49] [203/459] MALO
[00:42:50] [204/459] SWBH
[00:42:51] [205/459] PUGB
[00:42:51] [206/459] INBB
[00:42:52] [207/459] INNS
[00:42:53] [208/459] MCPT
[00:42:54] [209/459] SCMI
[00:42:55] [210/459] OCON
[00:42:56] [211/459] SCSM
[00:42:56] [212/459] RJVN
[00:42:57] [213/459] AMDK
[00:42:58] [214/459] ISMR
[00:42:59] [215/459] SMTD
[00:42:59] [216/459] VTDD
[00:43:00] [217/459] PDDZ
[00:43:01] [218/459] PCCK
[00:43:02] [219/459] INAM
[00:43:03] [220/459] FNKT
[00:43:03] [221/459] GDKA
[00:43:05] [222/459] MAYU
[00:43:05] [223/459] TCGU
[00:43:06] [224/459] KDCA
[00:43:07] [225/459] DOMY
[00:43:08] [226/459] PDDD
[00:43:09] [227/459] BJTS
[00:43:10] [228/459] VTCA
[00:43:11] [229/459] SBTM
[00:43:11] [230/459] SEET
[00:43:12] [231/459] SSTJ
[00:43:13] [232/459] SVNT
[00:43:14] [233/459] PPPR
[00:43:14] [234/459] PVYS
[00:43:15] [235/459] IOSE
[00:43:16] [236/459] ACTV
[00:43:17] [237/459] APVE
[00:43:18] [238/459] TCCL
[00:43:18] [239/459] SCMO
[00:43:19] [240/459] SAUM
[00:43:20] [241/459] KCJS
[00:43:21] [242/459] NJCJ
[00:43:21] [243/459] NECF
[00:43:22] [244/459] CCGW
[00:43:23] [245/459] CCMG
[00:43:24] [246/459] NYRG
[00:43:25] [247/459] NCSQ
[00:43:26] [248/459] GRCG
[00:43:26] [249/459] CCBT
[00:43:27] [250/459] ACGA
[00:43:28] [251/459] INAG
[00:43:29] [252/459] FUCG
[00:43:30] [253/459] AICF
[00:43:31] [254/459] GRGA
[00:43:31] [255/459] GDCN
[00:43:32] [256/459] RRCG
[00:43:33] [257/459] SDCH
[00:43:34] [258/459] WVJM
[00:43:34] [259/459] JCCZ
[00:43:35] [260/459] CNCL
[00:43:36] [261/459] TMLV
[00:43:37] [262/459] MEMB
[00:43:38] [263/459] SGTD
[00:43:38] [264/459] CONX
[00:43:39] [265/459] CCMH
[00:43:40] [266/459] ACMC
[00:43:41] [267/459] DTPD
[00:43:42] [268/459] POJA
[00:43:43] [269/459] FNBH
[00:43:44] [270/459] CGCB
[00:43:44] [271/459] RACN
[00:43:45] [272/459] JTSM
[00:43:46] [273/459] SCDN
[00:43:47] [274/459] AACK
[00:43:48] [275/459] RMCE
[00:43:49] [276/459] BSGB
[00:43:49] [277/459] MRCB
[00:43:50] [278/459] SRVR
[00:43:52] [279/459] VTKK
[00:43:53] [280/459] AMST
[00:43:53] [281/459] APCY
[00:43:54] [282/459] LMHO
[00:43:55] [283/459] MTZH
[00:43:56] [284/459] AMZB
[00:43:57] [285/459] SUVT
[00:43:58] [286/459] RCIP
[00:43:59] [287/459] KESR
[00:43:59] [288/459] SNKC
[00:44:00] [289/459] SCED
[00:44:01] [290/459] DVCA
[00:44:02] [291/459] VCDT
[00:44:03] [292/459] RRDI
[00:44:04] [293/459] DFCH
[00:44:05] [294/459] INSC
[00:44:06] [295/459] RGTR
[00:44:07] [296/459] FMOT
[00:44:08] [297/459] SCPM
[00:44:09] [298/459] GCDT
[00:44:09] [299/459] BRKT
[00:44:10] [300/459] DEMP
[00:44:11] [301/459] SRLC
[00:44:12] [302/459] KSTT
[00:44:13] [303/459] SMMT
[00:44:14] [304/459] SILM
[00:44:15] [305/459] JCVM
[00:44:16] [306/459] KCSV
[00:44:16] [307/459] MHLK
[00:44:17] [308/459] SLVL
[00:44:18] [309/459] RJKP
[00:44:19] [310/459] BBPC
[00:44:20] [311/459] MXCB
[00:44:20] [312/459] TCPK
[00:44:21] [313/459] RTBR
[00:44:22] [314/459] GAUT
[00:44:23] [315/459] DVCF
[00:44:24] [316/459] JTSB
[00:44:25] [317/459] SBLS
[00:44:25] [318/459] UDAY
[00:44:26] [319/459] PTNP
[00:44:27] [320/459] DMKT
[00:44:29] [321/459] NTDT
[00:44:30] [322/459] SHDJ
[00:44:30] [323/459] OTNC
[00:44:31] [324/459] RNTW
[00:44:32] [325/459] GCMI
[00:44:33] [326/459] CRCM
[00:44:34] [327/459] NNCZ
[00:44:34] [328/459] OEMO
[00:44:35] [329/459] PVJM
[00:44:37] [330/459] CPJI
[00:44:38] [331/459] RMCJ
[00:44:39] [332/459] CNWJ
[00:44:39] [333/459] EPJM
[00:44:40] [334/459] FNJJ
[00:44:41] [335/459] GCMJ
[00:44:42] [336/459] INPS
[00:44:43] [337/459] BICJ
[00:44:43] [338/459] ISTJ
[00:44:44] [339/459] INJC
[00:44:46] [340/459] GLXJ
[00:44:47] [341/459] INEM
[00:44:48] [342/459] JTMN
[00:44:49] [343/459] FRCJ
[00:44:49] [344/459] DDJP
[00:44:50] [345/459] INJV
[00:44:51] [346/459] GOLC
[00:44:52] [347/459] KOCI
[00:44:52] [348/459] FSTD
[00:44:53] [349/459] PACJ
[00:44:54] [350/459] GMCN
[00:44:55] [351/459] MMDJ
[00:44:55] [352/459] GODH
[00:44:56] [353/459] SKYN
[00:44:57] [354/459] NCTH
[00:44:58] [355/459] SKVZ
[00:44:59] [356/459] SVML
[00:44:59] [357/459] ACVZ
[00:45:01] [358/459] SURA
[00:45:02] [359/459] RTRB
[00:45:02] [360/459] LLCT
[00:45:03] [361/459] ATTS
[00:45:04] [362/459] JYCM
[00:45:05] [363/459] CTKR
[00:45:06] [364/459] LCKR
[00:45:07] [365/459] NYCV
[00:45:08] [366/459] NYOH
[00:45:09] [367/459] NOVX
[00:45:10] [368/459] MRGK
[00:45:11] [369/459] MOON
[00:45:12] [370/459] SBUC
[00:45:13] [371/459] GSVA
[00:45:13] [372/459] VIAK
[00:45:14] [373/459] SMVZ
[00:45:15] [374/459] MATE
[00:45:16] [375/459] RDCN
[00:45:17] [376/459] ASBL
[00:45:18] [377/459] ASVS
[00:45:18] [378/459] ASSR
[00:45:19] [379/459] SSKN
[00:45:20] [380/459] DRPV
[00:45:22] [381/459] MRHT
[00:45:23] [382/459] BSCN
[00:45:24] [383/459] RKNX
[00:45:25] [384/459] MSMC
[00:45:25] [385/459] MSCJ
[00:45:26] [386/459] BTBJ
[00:45:27] [387/459] MJCC
[00:45:28] [388/459] IOMM
[00:45:29] [389/459] ADGR
[00:45:30] [390/459] MYCP
[00:45:30] [391/459] IGCM
[00:45:31] [392/459] PGRK
[00:45:32] [393/459] VPGO
[00:45:33] [394/459] KOMS
[00:45:34] [395/459] URGG
[00:45:35] [396/459] GOST
[00:45:35] [397/459] LACT
[00:45:36] [398/459] BWCM
[00:45:37] [399/459] NCCW
[00:45:38] [400/459] SKYC
[00:45:39] [401/459] CCPM
[00:45:40] [402/459] VCBT
[00:45:41] [403/459] SDKR
[00:45:42] [404/459] CTYB
[00:45:42] [405/459] SHCX
[00:45:43] [406/459] RCUN
[00:45:44] [407/459] CNRA
[00:45:45] [408/459] RFCA
[00:45:46] [409/459] RDCU
[00:45:47] [410/459] SARK
[00:45:48] [411/459] SPPP
[00:45:48] [412/459] ADMB
[00:45:50] [413/459] JYOE
[00:45:51] [414/459] SRMD
[00:45:52] [415/459] RJDH
[00:45:53] [416/459] SSTD
[00:45:54] [417/459] AACV
[00:45:55] [418/459] PPVD
[00:45:56] [419/459] STCP
[00:45:57] [420/459] ANJR
[00:45:58] [421/459] ANLS
[00:45:59] [422/459] BIJO
[00:46:00] [423/459] AVAB
[00:46:00] [424/459] SPMD
[00:46:01] [425/459] SVJL
[00:46:02] [426/459] SDDJ
[00:46:03] [427/459] SLTU
[00:46:04] [428/459] SAKA
[00:46:05] [429/459] PMAM
[00:46:06] [430/459] FNAM
[00:46:07] [431/459] ACAM
[00:46:08] [432/459] SCMM
[00:46:09] [433/459] PMAK
[00:46:10] [434/459] NYSA
[00:46:10] [435/459] FCPA
[00:46:11] [436/459] GDAN
[00:46:12] [437/459] RSCA
[00:46:13] [438/459] DMAN
[00:46:13] [439/459] DZCM
[00:46:14] [440/459] NSGL
[00:46:15] [441/459] CCPP
[00:46:16] [442/459] PSMG
[00:46:17] [443/459] GSER
[00:46:18] [444/459] FCCT
[00:46:19] [445/459] FCTB
[00:46:20] [446/459] LCNK
[00:46:21] [447/459] SKTY
[00:46:22] [448/459] INAA
[00:46:23] [449/459] RCWN
[00:46:24] [450/459] VAIS
[00:46:25] [451/459] CVMN
[00:46:26] [452/459] INTS
[00:46:27] [453/459] FRGS
[00:46:28] [454/459] DTCK
[00:46:29] [455/459] MCMH
[00:46:30] [456/459] ECRR
[00:46:31] [457/459] RLLP
[00:46:31] [458/459] CCSN
[00:46:32] [459/459] CCBA
[00:46:33] ✅ DONE | Shows=0 | Movies=0
[01:44:30] 🚀 BMS DAILY TRACKER STARTED
[01:44:30] [1/459] MBDC
[01:44:30] 🧠 New identity
[01:44:31] [2/459] CHKM
[01:44:32] [3/459] JTKZ
[01:44:32] [4/459] CMCT
[01:44:33] [5/459] ASHO
[01:44:34] [6/459] ECDG
[01:44:35] [7/459] SPAT
[01:44:36] [8/459] HILC
[01:44:37] [9/459] SPPH
[01:44:38] [10/459] SBHN
[01:44:39] [11/459] RRCA
[01:44:40] [12/459] APAA
[01:44:41] [13/459] RAME
[01:44:42] [14/459] TMMS
[01:44:43] [15/459] BATK
[01:44:44] [16/459] LKOP
[01:44:45] [17/459] AMTT
[01:44:46] [18/459] PTGK
[01:44:47] [19/459] ANRS
[01:44:47] [20/459] VWBW
[01:44:48] [21/459] SVFG
[01:44:49] [22/459] STAT
[01:44:50] [23/459] GDCV
[01:44:51] [24/459] VEBI
[01:44:52] [25/459] VDSS
[01:44:53] [26/459] NTHV
[01:44:54] [27/459] AOCH
[01:44:54] [28/459] KASR
[01:44:55] [29/459] AYCS
[01:44:56] [30/459] SHAI
[01:44:57] [31/459] SKPE
[01:44:58] [32/459] SBTA
[01:44:59] [33/459] RTTD
[01:45:00] [34/459] CCJD
[01:45:00] [35/459] RSJJ
[01:45:01] [36/459] RKND
[01:45:02] [37/459] SVTX
[01:45:03] [38/459] BAKM
[01:45:04] [39/459] SVDC
[01:45:05] [40/459] MNCV
[01:45:06] [41/459] SJGC
[01:45:06] [42/459] MTPK
[01:45:07] [43/459] GATP
[01:45:08] [44/459] ABTS
[01:45:09] [45/459] ABDE
[01:45:10] [46/459] RCNM
[01:45:11] [47/459] KTHV
[01:45:12] [48/459] MDGJ
[01:45:13] [49/459] SMLM
[01:45:14] [50/459] JTMA
[01:45:14] [51/459] ACKP
[01:45:15] [52/459] SRTA
[01:45:17] [53/459] STAY
[01:45:18] [54/459] MAVO
[01:45:18] [55/459] APTS
[01:45:19] [56/459] OMEA
[01:45:20] [57/459] TTFD
[01:45:21] [58/459] MJCU
[01:45:22] [59/459] CXTE
[01:45:22] [60/459] CTPX
[01:45:23] [61/459] ASSL
[01:45:24] [62/459] CMVB
[01:45:25] [63/459] VPUR
[01:45:26] [64/459] JJDA
[01:45:27] [65/459] INBL
[01:45:27] [66/459] BIKB
[01:45:28] [67/459] NTBB
[01:45:29] [68/459] GLOB
[01:45:30] [69/459] SNTB
[01:45:31] [70/459] CHGV
[01:45:32] [71/459] SSBZ
[01:45:33] [72/459] PRDB
[01:45:34] [73/459] ISMT
[01:45:35] [74/459] MCSD
[01:45:36] [75/459] JBTT
[01:45:37] [76/459] GEKR
[01:45:37] [77/459] PVUN
[01:45:38] [78/459] NRTB
[01:45:39] [79/459] PRAA
[01:45:40] [80/459] PCBL
[01:45:40] [81/459] PTCM
[01:45:41] [82/459] KHNN
[01:45:42] [83/459] OMJE
[01:45:43] [84/459] STGN
[01:45:44] [85/459] RPMS
[01:45:45] [86/459] NWAD
[01:45:46] [87/459] BLCK
[01:45:47] [88/459] SVAA
[01:45:47] [89/459] URVM
[01:45:48] [90/459] ANTM
[01:45:50] [91/459] VJYM
[01:45:51] [92/459] MAZZ
[01:45:51] [93/459] CSHM
[01:45:52] [94/459] WGMH
[01:45:54] [95/459] SALN
[01:45:55] [96/459] BRTP
[01:45:55] [97/459] SVTA
[01:45:56] [98/459] SBTP
[01:45:57] [99/459] VLSS
[01:45:58] [100/459] SRJA
[01:45:59] [101/459] ANCG
[01:46:00] [102/459] CGGC
[01:46:00] [103/459] CRJA
[01:46:01] [104/459] USCR
[01:46:02] [105/459] MMEF
[01:46:03] [106/459] JCRJ
[01:46:04] [107/459] ADCM
[01:46:05] [108/459] BMYK
[01:46:06] [109/459] KICS
[01:46:07] [110/459] MBBT
[01:46:07] [111/459] MACK
[01:46:08] [112/459] CLDR
[01:46:09] [113/459] JYCR
[01:46:10] [114/459] DCRP
[01:46:12] [115/459] RAHT
[01:46:13] [116/459] CSSM
[01:46:13] [117/459] ATPK
[01:46:14] [118/459] KLRT
[01:46:15] [119/459] SRDD
[01:46:16] [120/459] CKMC
[01:46:17] [121/459] KRVM
[01:46:18] [122/459] AKCP
[01:46:18] [123/459] CNCV
[01:46:19] [124/459] PACT
[01:46:20] [125/459] NATP
[01:46:21] [126/459] PCPK
[01:46:22] [127/459] SMHO
[01:46:23] [128/459] CWTK
[01:46:24] [129/459] RVKZ
[01:46:25] [130/459] ASPD
[01:46:26] [131/459] VTKZ
[01:46:26] [132/459] LCSO
[01:46:27] [133/459] PRDY
[01:46:28] [134/459] RCAP
[01:46:29] [135/459] RGAR
[01:46:30] [136/459] RCAC
[01:46:32] [137/459] PMOD
[01:46:33] [138/459] PVCN
[01:46:34] [139/459] SCRZ
[01:46:34] [140/459] PVPC
[01:46:35] [141/459] STID
[01:46:36] [142/459] NEDD
[01:46:37] [143/459] BNBA
[01:46:38] [144/459] NTCD
[01:46:39] [145/459] OCDE
[01:46:39] [146/459] CCDU
[01:46:40] [147/459] CRXH
[01:46:41] [148/459] VLVT
[01:46:42] [149/459] CICI
[01:46:43] [150/459] SUCB
[01:46:44] [151/459] TCBP
[01:46:45] [152/459] SCCY
[01:46:46] [153/459] LXCY
[01:46:47] [154/459] NCMD
[01:46:48] [155/459] PHCS
[01:46:49] [156/459] DUXR
[01:46:49] [157/459] VNKS
[01:46:50] [158/459] SEDP
[01:46:51] [159/459] SVEN
[01:46:52] [160/459] SRKM
[01:46:53] [161/459] JTLT
[01:46:54] [162/459] SVSS
[01:46:54] [163/459] AMDE
[01:46:55] [164/459] WVRN
[01:46:56] [165/459] ISMG
[01:46:57] [166/459] WVKS
[01:46:58] [167/459] USCG
[01:46:59] [168/459] IOTG
[01:46:59] [169/459] RRJM
[01:47:00] [170/459] EDMP
[01:47:01] [171/459] SCGZ
[01:47:02] [172/459] GMGX
[01:47:03] [173/459] OMTP
[01:47:04] [174/459] MITD
[01:47:04] [175/459] SMMD
[01:47:06] [176/459] STML
[01:47:06] [177/459] MCFS
[01:47:08] [178/459] FPKA
[01:47:08] [179/459] OMLR
[01:47:10] [180/459] KKSC
[01:47:11] [181/459] RVMA
[01:47:12] [182/459] SCLL
[01:47:12] [183/459] SCDK
[01:47:13] [184/459] SXMI
[01:47:14] [185/459] SHDN
[01:47:15] [186/459] PAAD
[01:47:16] [187/459] UUCB
[01:47:16] [188/459] JHOL
[01:47:17] [189/459] SGWT
[01:47:19] [190/459] SRII
[01:47:19] [191/459] SGCK
[01:47:20] [192/459] SVVB
[01:47:21] [193/459] DMHA
[01:47:22] [194/459] PPNL
[01:47:22] [195/459] CPNL
[01:47:23] [196/459] WVLD
[01:47:24] [197/459] PSLV
[01:47:25] [198/459] VTTL
[01:47:26] [199/459] NPAD
[01:47:26] [200/459] PVCS
[01:47:27] [201/459] MCHL
[01:47:28] [202/459] PPLL
[01:47:29] [203/459] MALO
[01:47:30] [204/459] SWBH
[01:47:31] [205/459] PUGB
[01:47:32] [206/459] INBB
[01:47:33] [207/459] INNS
[01:47:34] [208/459] MCPT
[01:47:35] [209/459] SCMI
[01:47:36] [210/459] OCON
[01:47:37] [211/459] SCSM
[01:47:38] [212/459] RJVN
[01:47:39] [213/459] AMDK
[01:47:40] [214/459] ISMR
[01:47:41] [215/459] SMTD
[01:47:42] [216/459] VTDD
[01:47:43] [217/459] PDDZ
[01:47:44] [218/459] PCCK
[01:47:45] [219/459] INAM
[01:47:46] [220/459] FNKT
[01:47:47] [221/459] GDKA
[01:47:48] [222/459] MAYU
[01:47:49] [223/459] TCGU
[01:47:50] [224/459] KDCA
[01:47:50] [225/459] DOMY
[01:47:51] [226/459] PDDD
[01:47:52] [227/459] BJTS
[01:47:53] [228/459] VTCA
[01:47:54] [229/459] SBTM
[01:47:55] [230/459] SEET
[01:47:56] [231/459] SSTJ
[01:47:57] [232/459] SVNT
[01:47:58] [233/459] PPPR
[01:47:59] [234/459] PVYS
[01:48:00] [235/459] IOSE
[01:48:01] [236/459] ACTV
[01:48:02] [237/459] APVE
[01:48:03] [238/459] TCCL
[01:48:03] [239/459] SCMO
[01:48:04] [240/459] SAUM
[01:48:05] [241/459] KCJS
[01:48:06] [242/459] NJCJ
[01:48:08] [243/459] NECF
[01:48:08] [244/459] CCGW
[01:48:09] [245/459] CCMG
[01:48:10] [246/459] NYRG
[01:48:11] [247/459] NCSQ
[01:48:12] [248/459] GRCG
[01:48:12] [249/459] CCBT
[01:48:13] [250/459] ACGA
[01:48:14] [251/459] INAG
[01:48:15] [252/459] FUCG
[01:48:16] [253/459] AICF
[01:48:17] [254/459] GRGA
[01:48:17] [255/459] GDCN
[01:48:18] [256/459] RRCG
[01:48:19] [257/459] SDCH
[01:48:20] [258/459] WVJM
[01:48:21] [259/459] JCCZ
[01:48:21] [260/459] CNCL
[01:48:22] [261/459] TMLV
[01:48:23] [262/459] MEMB
[01:48:24] [263/459] SGTD
[01:48:25] [264/459] CONX
[01:48:25] [265/459] CCMH
[01:48:26] [266/459] ACMC
[01:48:27] [267/459] DTPD
[01:48:28] [268/459] POJA
[01:48:29] [269/459] FNBH
[01:48:29] [270/459] CGCB
[01:48:30] [271/459] RACN
[01:48:31] [272/459] JTSM
[01:48:32] [273/459] SCDN
[01:48:33] [274/459] AACK
[01:48:34] [275/459] RMCE
[01:48:36] [276/459] BSGB
[01:48:37] [277/459] MRCB
[01:48:38] [278/459] SRVR
[01:48:39] [279/459] VTKK
[01:48:40] [280/459] AMST
[01:48:41] [281/459] APCY
[01:48:41] [282/459] LMHO
[01:48:42] [283/459] MTZH
[01:48:43] [284/459] AMZB
[01:48:44] [285/459] SUVT
[01:48:45] [286/459] RCIP
[01:48:46] [287/459] KESR
[01:48:47] [288/459] SNKC
[01:48:48] [289/459] SCED
[01:48:49] [290/459] DVCA
[01:48:49] [291/459] VCDT
[01:48:51] [292/459] RRDI
[01:48:52] [293/459] DFCH
[01:48:53] [294/459] INSC
[01:48:54] [295/459] RGTR
[01:48:55] [296/459] FMOT
[01:48:55] [297/459] SCPM
[01:48:56] [298/459] GCDT
[01:48:57] [299/459] BRKT
[01:48:58] [300/459] DEMP
[01:48:59] [301/459] SRLC
[01:49:00] [302/459] KSTT
[01:49:01] [303/459] SMMT
[01:49:02] [304/459] SILM
[01:49:03] [305/459] JCVM
[01:49:04] [306/459] KCSV
[01:49:05] [307/459] MHLK
[01:49:06] [308/459] SLVL
[01:49:07] [309/459] RJKP
[01:49:08] [310/459] BBPC
[01:49:09] [311/459] MXCB
[01:49:10] [312/459] TCPK
[01:49:11] [313/459] RTBR
[01:49:12] [314/459] GAUT
[01:49:12] [315/459] DVCF
[01:49:13] [316/459] JTSB
[01:49:14] [317/459] SBLS
[01:49:15] [318/459] UDAY
[01:49:16] [319/459] PTNP
[01:49:18] [320/459] DMKT
[01:49:18] [321/459] NTDT
[01:49:19] [322/459] SHDJ
[01:49:20] [323/459] OTNC
[01:49:21] [324/459] RNTW
[01:49:22] [325/459] GCMI
[01:49:23] [326/459] CRCM
[01:49:24] [327/459] NNCZ
[01:49:24] [328/459] OEMO
[01:49:25] [329/459] PVJM
[01:49:26] [330/459] CPJI
[01:49:26] [331/459] RMCJ
[01:49:27] [332/459] CNWJ
[01:49:28] [333/459] EPJM
[01:49:29] [334/459] FNJJ
[01:49:30] [335/459] GCMJ
[01:49:30] [336/459] INPS
[01:49:31] [337/459] BICJ
[01:49:32] [338/459] ISTJ
[01:49:33] [339/459] INJC
[01:49:34] [340/459] GLXJ
[01:49:35] [341/459] INEM
[01:49:36] [342/459] JTMN
[01:49:37] [343/459] FRCJ
[01:49:37] [344/459] DDJP
[01:49:38] [345/459] INJV
[01:49:39] [346/459] GOLC
[01:49:40] [347/459] KOCI
[01:49:41] [348/459] FSTD
[01:49:42] [349/459] PACJ
[01:49:43] [350/459] GMCN
[01:49:44] [351/459] MMDJ
[01:49:44] [352/459] GODH
[01:49:45] [353/459] SKYN
[01:49:46] [354/459] NCTH
[01:49:47] [355/459] SKVZ
[01:49:47] [356/459] SVML
[01:49:48] [357/459] ACVZ
[01:49:49] [358/459] SURA
[01:49:50] [359/459] RTRB
[01:49:51] [360/459] LLCT
[01:49:52] [361/459] ATTS
[01:49:52] [362/459] JYCM
[01:49:54] [363/459] CTKR
[01:49:55] [364/459] LCKR
[01:49:56] [365/459] NYCV
[01:49:57] [366/459] NYOH
[01:49:57] [367/459] NOVX
[01:49:58] [368/459] MRGK
[01:49:59] [369/459] MOON
[01:50:00] [370/459] SBUC
[01:50:01] [371/459] GSVA
[01:50:02] [372/459] VIAK
[01:50:03] [373/459] SMVZ
[01:50:03] [374/459] MATE
[01:50:04] [375/459] RDCN
[01:50:05] [376/459] ASBL
[01:50:06] [377/459] ASVS
[01:50:07] [378/459] ASSR
[01:50:08] [379/459] SSKN
[01:50:08] [380/459] DRPV
[01:50:09] [381/459] MRHT
[01:50:10] [382/459] BSCN
[01:50:11] [383/459] RKNX
[01:50:12] [384/459] MSMC
[01:50:13] [385/459] MSCJ
[01:50:13] [386/459] BTBJ
[01:50:14] [387/459] MJCC
[01:50:15] [388/459] IOMM
[01:50:16] [389/459] ADGR
[01:50:17] [390/459] MYCP
[01:50:18] [391/459] IGCM
[01:50:18] [392/459] PGRK
[01:50:20] [393/459] VPGO
[01:50:20] [394/459] KOMS
[01:50:21] [395/459] URGG
[01:50:22] [396/459] GOST
[01:50:23] [397/459] LACT
[01:50:24] [398/459] BWCM
[01:50:25] [399/459] NCCW
[01:50:26] [400/459] SKYC
[01:50:27] [401/459] CCPM
[01:50:28] [402/459] VCBT
[01:50:29] [403/459] SDKR
[01:50:30] [404/459] CTYB
[01:50:31] [405/459] SHCX
[01:50:32] [406/459] RCUN
[01:50:32] [407/459] CNRA
[01:50:34] [408/459] RFCA
[01:50:34] [409/459] RDCU
[01:50:35] [410/459] SARK
[01:50:36] [411/459] SPPP
[01:50:37] [412/459] ADMB
[01:50:38] [413/459] JYOE
[01:50:39] [414/459] SRMD
[01:50:40] [415/459] RJDH
[01:50:41] [416/459] SSTD
[01:50:41] [417/459] AACV
[01:50:42] [418/459] PPVD
[01:50:43] [419/459] STCP
[01:50:44] [420/459] ANJR
[01:50:44] [421/459] ANLS
[01:50:45] [422/459] BIJO
[01:50:46] [423/459] AVAB
[01:50:48] [424/459] SPMD
[01:50:48] [425/459] SVJL
[01:50:49] [426/459] SDDJ
[01:50:50] [427/459] SLTU
[01:50:51] [428/459] SAKA
[01:50:52] [429/459] PMAM
[01:50:53] [430/459] FNAM
[01:50:54] [431/459] ACAM
[01:50:55] [432/459] SCMM
[01:50:56] [433/459] PMAK
[01:50:57] [434/459] NYSA
[01:50:58] [435/459] FCPA
[01:50:59] [436/459] GDAN
[01:51:00] [437/459] RSCA
[01:51:01] [438/459] DMAN
[01:51:02] [439/459] DZCM
[01:51:02] [440/459] NSGL
[01:51:03] [441/459] CCPP
[01:51:04] [442/459] PSMG
[01:51:05] [443/459] GSER
[01:51:06] [444/459] FCCT
[01:51:07] [445/459] FCTB
[01:51:07] [446/459] LCNK
[01:51:08] [447/459] SKTY
[01:51:09] [448/459] INAA
[01:51:09] [449/459] RCWN
[01:51:10] [450/459] VAIS
[01:51:11] [451/459] CVMN
[01:51:12] [452/459] INTS
[01:51:13] [453/459] FRGS
[01:51:13] [454/459] DTCK
[01:51:14] [455/459] MCMH
[01:51:15] [456/459] ECRR
[01:51:16] [457/459] RLLP
[01:51:16] [458/459] CCSN
[01:51:17] [459/459] CCBA
[01:51:18] ✅ DONE | Shows=0 | Movies=0
