[00:39:45] 🚀 BMS DAILY TRACKER STARTED
[00:39:45] [1/445] TGMR
[00:39:45] 🧠 New identity
[00:39:47] [2/445] CXKR
[00:39:48] [3/445] SROP
[00:39:49] [4/445] GTSV
[00:39:50] [5/445] SNTY
[00:39:51] [6/445] SMYY
[00:39:52] [7/445] CNCS
[00:39:53] [8/445] CSTM
[00:39:54] [9/445] NUCD
[00:39:55] [10/445] SHCZ
[00:39:56] [11/445] NJCT
[00:39:57] [12/445] COPC
[00:39:58] [13/445] STVV
[00:39:58] [14/445] SKRN
[00:39:59] [15/445] APPZ
[00:40:00] [16/445] YMGN
[00:40:01] [17/445] SVTU
[00:40:02] [18/445] GTAD
[00:40:03] [19/445] PSUS
[00:40:04] [20/445] SMCD
[00:40:06] [21/445] CMCM
[00:40:07] [22/445] SYCT
[00:40:07] [23/445] STLY
[00:40:08] [24/445] CMHU
[00:40:09] [25/445] CMSA
[00:40:10] [26/445] CLCU
[00:40:11] [27/445] PPNT
[00:40:12] [28/445] JTAB
[00:40:13] [29/445] BUUC
[00:40:14] [30/445] BSVK
[00:40:14] [31/445] VVVQ
[00:40:15] [32/445] TKMU
[00:40:16] [33/445] ESYL
[00:40:17] [34/445] ACHP
[00:40:18] [35/445] BTKD
[00:40:19] [36/445] DESA
[00:40:20] [37/445] GBCT
[00:40:21] [38/445] BLLD
[00:40:22] [39/445] SKNT
[00:40:23] [40/445] SSTE
[00:40:25] [41/445] VJMR
[00:40:25] [42/445] NTPU
[00:40:26] [43/445] RDKN
[00:40:27] [44/445] ADGC
[00:40:28] [45/445] VRBP
[00:40:29] [46/445] NMNA
[00:40:30] [47/445] CMMX
[00:40:31] [48/445] PTKO
[00:40:32] [49/445] RBML
[00:40:33] [50/445] SAIC
[00:40:34] [51/445] SVTJ
[00:40:35] [52/445] MRTE
[00:40:36] [53/445] RBTP
[00:40:37] [54/445] NLPS
[00:40:38] [55/445] GTNA
[00:40:39] [56/445] DGGC
[00:40:40] [57/445] SMCR
[00:40:40] [58/445] SCGD
[00:40:41] [59/445] SRRJ
[00:40:42] [60/445] CNRY
[00:40:43] [61/445] KTDI
[00:40:44] [62/445] SNJL
[00:40:45] [63/445] RKMD
[00:40:46] [64/445] SMDC
[00:40:47] [65/445] TADG
[00:40:48] [66/445] MCGS
[00:40:49] [67/445] PETK
[00:40:49] [68/445] CHAG
[00:40:50] [69/445] KSTL
[00:40:51] [70/445] AADS
[00:40:52] [71/445] NTHZ
[00:40:53] [72/445] HCKI
[00:40:54] [73/445] SSEF
[00:40:55] [74/445] MCGX
[00:40:56] [75/445] ERRA
[00:40:57] [76/445] SDTW
[00:40:58] [77/445] RMPK
[00:40:59] [78/445] PTHK
[00:41:00] [79/445] PXCS
[00:41:01] [80/445] SVLU
[00:41:02] [81/445] STAH
[00:41:03] [82/445] JRGF
[00:41:04] [83/445] CDOK
[00:41:04] [84/445] CMSG
[00:41:05] [85/445] APTD
[00:41:06] [86/445] KMPG
[00:41:08] [87/445] MUTJ
[00:41:08] [88/445] VCCI
[00:41:09] [89/445] URBE
[00:41:10] [90/445] TCTS
[00:41:11] [91/445] STSN
[00:41:12] [92/445] AKCH
[00:41:13] [93/445] APSC
[00:41:14] [94/445] VLTB
[00:41:14] [95/445] SANU
[00:41:15] [96/445] AXAM
[00:41:17] [97/445] MGMG
[00:41:18] [98/445] HTBY
[00:41:19] [99/445] MMZS
[00:41:20] [100/445] SUDR
[00:41:22] [101/445] CCAD
[00:41:23] [102/445] SKKC
[00:41:23] [103/445] RMCD
[00:41:24] [104/445] SBCQ
[00:41:25] [105/445] DCCT
[00:41:26] [106/445] VTKP
[00:41:28] [107/445] MLAM
[00:41:29] [108/445] SAVT
[00:41:30] [109/445] GEPL
[00:41:31] [110/445] AMCD
[00:41:31] [111/445] CCXR
[00:41:32] [112/445] GRNG
[00:41:33] [113/445] EBCA
[00:41:34] [114/445] CNVG
[00:41:35] [115/445] MWSS
[00:41:36] [116/445] VBOR
[00:41:37] [117/445] NEEB
[00:41:38] [118/445] SUTH
[00:41:39] [119/445] ANDB
[00:41:40] [120/445] MMXS
[00:41:41] [121/445] CNPD
[00:41:42] [122/445] SDCE
[00:41:42] [123/445] DHCB
[00:41:43] [124/445] ODEN
[00:41:44] [125/445] TNTC
[00:41:46] [126/445] VBKM
[00:41:47] [127/445] RZYM
[00:41:48] [128/445] JEMC
[00:41:49] [129/445] CMAU
[00:41:50] [130/445] SIVP
[00:41:51] [131/445] ATAG
[00:41:51] [132/445] CHTM
[00:41:52] [133/445] AAEE
[00:41:53] [134/445] IWPM
[00:41:54] [135/445] KCMW
[00:41:55] [136/445] MCTD
[00:41:56] [137/445] SPWR
[00:41:56] [138/445] SDPO
[00:41:57] [139/445] PCSK
[00:41:58] [140/445] ACHV
[00:41:59] [141/445] SVLA
[00:42:00] [142/445] PICT
[00:42:01] [143/445] BXDR
[00:42:02] [144/445] SPWA
[00:42:03] [145/445] MCKO
[00:42:04] [146/445] RTHK
[00:42:05] [147/445] CCMF
[00:42:06] [148/445] MRGB
[00:42:06] [149/445] CPLC
[00:42:07] [150/445] RACD
[00:42:08] [151/445] ATKT
[00:42:09] [152/445] SARN
[00:42:10] [153/445] KKUI
[00:42:11] [154/445] RGCM
[00:42:12] [155/445] BRVP
[00:42:13] [156/445] HRSR
[00:42:13] [157/445] GKGM
[00:42:14] [158/445] TTCD
[00:42:15] [159/445] PTTI
[00:42:16] [160/445] MPTT
[00:42:17] [161/445] CVTT
[00:42:17] [162/445] PCXD
[00:42:18] [163/445] GCDC
[00:42:19] [164/445] CCCF
[00:42:20] [165/445] MRAD
[00:42:21] [166/445] CPLK
[00:42:22] [167/445] SATB
[00:42:23] [168/445] SNVG
[00:42:24] [169/445] JMBA
[00:42:25] [170/445] TEJA
[00:42:26] [171/445] STYO
[00:42:27] [172/445] JTBP
[00:42:28] [173/445] KRGD
[00:42:29] [174/445] SLJJ
[00:42:30] [175/445] SPTJ
[00:42:31] [176/445] SWJG
[00:42:32] [177/445] LKRT
[00:42:32] [178/445] KCKA
[00:42:34] [179/445] SNCR
[00:42:35] [180/445] SMKL
[00:42:36] [181/445] GCFA
[00:42:37] [182/445] DDCK
[00:42:38] [183/445] NCHJ
[00:42:39] [184/445] RDMA
[00:42:39] [185/445] SVSV
[00:42:40] [186/445] SCJG
[00:42:41] [187/445] VKLP
[00:42:42] [188/445] NWCC
[00:42:42] [189/445] VKNS
[00:42:43] [190/445] SDDP
[00:42:44] [191/445] ACSI
[00:42:46] [192/445] SATG
[00:42:47] [193/445] SCMW
[00:42:47] [194/445] LKTK
[00:42:49] [195/445] VCKV
[00:42:50] [196/445] KKPE
[00:42:51] [197/445] KIGH
[00:42:52] [198/445] SRPM
[00:42:53] [199/445] SCAH
[00:42:54] [200/445] MUTA
[00:42:54] [201/445] SEPU
[00:42:55] [202/445] INOA
[00:42:56] [203/445] BASK
[00:42:57] [204/445] NECB
[00:42:58] [205/445] GTTG
[00:42:58] [206/445] ASSA
[00:42:59] [207/445] ANCL
[00:43:00] [208/445] GCTI
[00:43:01] [209/445] RCTS
[00:43:03] [210/445] ACNL
[00:43:04] [211/445] MYCT
[00:43:04] [212/445] NMHT
[00:43:05] [213/445] MDIT
[00:43:06] [214/445] LATG
[00:43:07] [215/445] SMTY
[00:43:08] [216/445] CVCT
[00:43:09] [217/445] RAMB
[00:43:09] [218/445] TGMS
[00:43:11] [219/445] BHEL
[00:43:12] [220/445] SHCT
[00:43:14] [221/445] SVCT
[00:43:15] [222/445] MRIY
[00:43:16] [223/445] SARO
[00:43:17] [224/445] STCT
[00:43:18] [225/445] JKKC
[00:43:19] [226/445] PLTT
[00:43:20] [227/445] SRNT
[00:43:21] [228/445] YAST
[00:43:22] [229/445] PERL
[00:43:23] [230/445] CICM
[00:43:25] [231/445] MMTR
[00:43:26] [232/445] ABTK
[00:43:27] [233/445] ATYY
[00:43:28] [234/445] ASTK
[00:43:28] [235/445] VVCK
[00:43:29] [236/445] ATKY
[00:43:30] [237/445] GWEK
[00:43:31] [238/445] SVFH
[00:43:32] [239/445] SLTA
[00:43:33] [240/445] AASH
[00:43:34] [241/445] ACXB
[00:43:35] [242/445] SMTX
[00:43:37] [243/445] AZDH
[00:43:38] [244/445] CMMH
[00:43:38] [245/445] SCSZ
[00:43:39] [246/445] SCKP
[00:43:40] [247/445] NXTM
[00:43:41] [248/445] NWCS
[00:43:42] [249/445] CXMH
[00:43:43] [250/445] PCMA
[00:43:44] [251/445] SGCM
[00:43:44] [252/445] SDTU
[00:43:45] [253/445] MMVI
[00:43:46] [254/445] JKCM
[00:43:47] [255/445] VCMM
[00:43:48] [256/445] SYEE
[00:43:49] [257/445] VASD
[00:43:50] [258/445] BDRB
[00:43:51] [259/445] LASM
[00:43:52] [260/445] DCRL
[00:43:53] [261/445] DVPM
[00:43:54] [262/445] SBMJ
[00:43:55] [263/445] CBMU
[00:43:56] [264/445] IUBS
[00:43:57] [265/445] INAP
[00:43:58] [266/445] SRRC
[00:43:59] [267/445] SAGR
[00:43:59] [268/445] CPMJ
[00:44:00] [269/445] ATJL
[00:44:01] [270/445] NNTD
[00:44:02] [271/445] JHCJ
[00:44:03] [272/445] CMMP
[00:44:04] [273/445] RSDR
[00:44:06] [274/445] AMTI
[00:44:06] [275/445] NYSG
[00:44:07] [276/445] AVSG
[00:44:08] [277/445] SYTP
[00:44:10] [278/445] LARC
[00:44:11] [279/445] RJTP
[00:44:11] [280/445] LAKC
[00:44:12] [281/445] MCXE
[00:44:13] [282/445] CCZC
[00:44:14] [283/445] AVCH
[00:44:15] [284/445] CMBE
[00:44:16] [285/445] MRRC
[00:44:16] [286/445] PCPY
[00:44:17] [287/445] SRMH
[00:44:18] [288/445] SVGS
[00:44:19] [289/445] PCSE
[00:44:20] [290/445] SVFT
[00:44:20] [291/445] TNZP
[00:44:21] [292/445] ICTP
[00:44:22] [293/445] ACTZ
[00:44:23] [294/445] GTUR
[00:44:24] [295/445] MAFC
[00:44:24] [296/445] MINL
[00:44:26] [297/445] MRCL
[00:44:27] [298/445] RCRP
[00:44:28] [299/445] RFFG
[00:44:29] [300/445] RMAS
[00:44:30] [301/445] INVR
[00:44:31] [302/445] RMAR
[00:44:31] [303/445] CNIS
[00:44:32] [304/445] RHRJ
[00:44:33] [305/445] INXR
[00:44:34] [306/445] VALT
[00:44:35] [307/445] LCSH
[00:44:35] [308/445] CMVS
[00:44:36] [309/445] CNMS
[00:44:37] [310/445] ROOG
[00:44:38] [311/445] ISRM
[00:44:39] [312/445] RCRM
[00:44:40] [313/445] ACJA
[00:44:41] [314/445] RCVS
[00:44:42] [315/445] CPUS
[00:44:42] [316/445] TGCS
[00:44:43] [317/445] RKCJ
[00:44:44] [318/445] MKSB
[00:44:45] [319/445] TCSJ
[00:44:46] [320/445] RMGP
[00:44:47] [321/445] CLLP
[00:44:48] [322/445] RCMV
[00:44:48] [323/445] CCKS
[00:44:49] [324/445] RSRP
[00:44:50] [325/445] APLP
[00:44:51] [326/445] CNVS
[00:44:52] [327/445] RMVY
[00:44:53] [328/445] PGBD
[00:44:54] [329/445] KLMS
[00:44:55] [330/445] RUST
[00:44:56] [331/445] MASM
[00:44:57] [332/445] BACS
[00:44:58] [333/445] BWST
[00:44:59] [334/445] RRFH
[00:44:59] [335/445] SJTM
[00:45:01] [336/445] BEMR
[00:45:02] [337/445] MCGR
[00:45:03] [338/445] SDSK
[00:45:04] [339/445] VBOL
[00:45:05] [340/445] RMGM
[00:45:05] [341/445] NOPL
[00:45:07] [342/445] MKJK
[00:45:08] [343/445] CVRN
[00:45:09] [344/445] MMEN
[00:45:10] [345/445] AMNG
[00:45:11] [346/445] INTM
[00:45:12] [347/445] SLCZ
[00:45:12] [348/445] AMJN
[00:45:13] [349/445] ACJN
[00:45:14] [350/445] AMKN
[00:45:15] [351/445] BTCN
[00:45:16] [352/445] AMBT
[00:45:17] [353/445] PACN
[00:45:18] [354/445] LCNS
[00:45:19] [355/445] PPKC
[00:45:19] [356/445] JYYN
[00:45:20] [357/445] JTNR
[00:45:21] [358/445] GTEE
[00:45:22] [359/445] SRNM
[00:45:23] [360/445] SDTC
[00:45:24] [361/445] VPCA
[00:45:25] [362/445] VLRA
[00:45:26] [363/445] SHKR
[00:45:26] [364/445] SBKD
[00:45:27] [365/445] SAAD
[00:45:28] [366/445] JTGN
[00:45:29] [367/445] SLAM
[00:45:30] [368/445] VTPM
[00:45:32] [369/445] ANPT
[00:45:33] [370/445] PUNB
[00:45:34] [371/445] CPKT
[00:45:35] [372/445] CNWE
[00:45:36] [373/445] ECPP
[00:45:37] [374/445] CPAR
[00:45:38] [375/445] ESBW
[00:45:39] [376/445] PKPU
[00:45:40] [377/445] CPRP
[00:45:41] [378/445] RAHU
[00:45:42] [379/445] RHMN
[00:45:43] [380/445] FMJP
[00:45:44] [381/445] CTMP
[00:45:45] [382/445] INPN
[00:45:46] [383/445] STTG
[00:45:47] [384/445] CTRD
[00:45:48] [385/445] PUVB
[00:45:50] [386/445] ESVP
[00:45:51] [387/445] CPFT
[00:45:53] [388/445] LCPC
[00:45:54] [389/445] VBCT
[00:45:54] [390/445] FSCW
[00:45:55] [391/445] VCMP
[00:45:56] [392/445] ASHC
[00:45:57] [393/445] VLCX
[00:45:59] [394/445] SHEV
[00:45:59] [395/445] APCO
[00:46:00] [396/445] SILC
[00:46:01] [397/445] SNMR
[00:46:02] [398/445] KYBO
[00:46:03] [399/445] SATK
[00:46:04] [400/445] SSCS
[00:46:04] [401/445] CLSB
[00:46:05] [402/445] KMJR
[00:46:07] [403/445] FSCK
[00:46:08] [404/445] NNKA
[00:46:09] [405/445] CLMK
[00:46:10] [406/445] DMPZ
[00:46:10] [407/445] INQM
[00:46:11] [408/445] CAML
[00:46:12] [409/445] INRK
[00:46:13] [410/445] IMKN
[00:46:14] [411/445] SVNR
[00:46:15] [412/445] INSL
[00:46:16] [413/445] MSMA
[00:46:17] [414/445] MCKK
[00:46:17] [415/445] FCHP
[00:46:18] [416/445] SFCR
[00:46:19] [417/445] NACK
[00:46:20] [418/445] PVAK
[00:46:21] [419/445] INER
[00:46:22] [420/445] RDBK
[00:46:23] [421/445] SVFN
[00:46:24] [422/445] IFRM
[00:46:25] [423/445] ATCK
[00:46:26] [424/445] ASKO
[00:46:28] [425/445] STKT
[00:46:29] [426/445] SVFB
[00:46:29] [427/445] INKS
[00:46:30] [428/445] PCRA
[00:46:31] [429/445] ATJA
[00:46:33] [430/445] IMJN
[00:46:34] [431/445] INHD
[00:46:34] [432/445] BARA
[00:46:35] [433/445] MCSL
[00:46:37] [434/445] RTOY
[00:46:38] [435/445] MENO
[00:46:39] [436/445] PUDM
[00:46:40] [437/445] PRCN
[00:46:41] [438/445] JMJR
[00:46:41] [439/445] SSGK
[00:46:42] [440/445] SSRL
[00:46:43] [441/445] JYKL
[00:46:44] [442/445] ACNB
[00:46:45] [443/445] SONP
[00:46:45] [444/445] EMCI
[00:46:46] [445/445] MRJH
[00:46:47] ✅ DONE | Shows=0 | Movies=0
[01:44:24] 🚀 BMS DAILY TRACKER STARTED
[01:44:24] [1/445] TGMR
[01:44:24] 🧠 New identity
[01:44:25] [2/445] CXKR
[01:44:26] [3/445] SROP
[01:44:27] [4/445] GTSV
[01:44:29] [5/445] SNTY
[01:44:30] [6/445] SMYY
[01:44:30] [7/445] CNCS
[01:44:31] [8/445] CSTM
[01:44:32] [9/445] NUCD
[01:44:33] [10/445] SHCZ
[01:44:34] [11/445] NJCT
[01:44:35] [12/445] COPC
[01:44:36] [13/445] STVV
[01:44:37] [14/445] SKRN
[01:44:37] [15/445] APPZ
[01:44:38] [16/445] YMGN
[01:44:39] [17/445] SVTU
[01:44:40] [18/445] GTAD
[01:44:41] [19/445] PSUS
[01:44:42] [20/445] SMCD
[01:44:43] [21/445] CMCM
[01:44:44] [22/445] SYCT
[01:44:45] [23/445] STLY
[01:44:45] [24/445] CMHU
[01:44:46] [25/445] CMSA
[01:44:47] [26/445] CLCU
[01:44:48] [27/445] PPNT
[01:44:49] [28/445] JTAB
[01:44:50] [29/445] BUUC
[01:44:51] [30/445] BSVK
[01:44:52] [31/445] VVVQ
[01:44:53] [32/445] TKMU
[01:44:53] [33/445] ESYL
[01:44:55] [34/445] ACHP
[01:44:56] [35/445] BTKD
[01:44:56] [36/445] DESA
[01:44:57] [37/445] GBCT
[01:44:58] [38/445] BLLD
[01:44:59] [39/445] SKNT
[01:45:00] [40/445] SSTE
[01:45:01] [41/445] VJMR
[01:45:02] [42/445] NTPU
[01:45:02] [43/445] RDKN
[01:45:03] [44/445] ADGC
[01:45:04] [45/445] VRBP
[01:45:05] [46/445] NMNA
[01:45:06] [47/445] CMMX
[01:45:07] [48/445] PTKO
[01:45:08] [49/445] RBML
[01:45:09] [50/445] SAIC
[01:45:09] [51/445] SVTJ
[01:45:11] [52/445] MRTE
[01:45:12] [53/445] RBTP
[01:45:13] [54/445] NLPS
[01:45:14] [55/445] GTNA
[01:45:14] [56/445] DGGC
[01:45:16] [57/445] SMCR
[01:45:17] [58/445] SCGD
[01:45:17] [59/445] SRRJ
[01:45:18] [60/445] CNRY
[01:45:19] [61/445] KTDI
[01:45:20] [62/445] SNJL
[01:45:21] [63/445] RKMD
[01:45:22] [64/445] SMDC
[01:45:23] [65/445] TADG
[01:45:23] [66/445] MCGS
[01:45:24] [67/445] PETK
[01:45:25] [68/445] CHAG
[01:45:26] [69/445] KSTL
[01:45:27] [70/445] AADS
[01:45:28] [71/445] NTHZ
[01:45:29] [72/445] HCKI
[01:45:29] [73/445] SSEF
[01:45:30] [74/445] MCGX
[01:45:31] [75/445] ERRA
[01:45:32] [76/445] SDTW
[01:45:33] [77/445] RMPK
[01:45:34] [78/445] PTHK
[01:45:34] [79/445] PXCS
[01:45:35] [80/445] SVLU
[01:45:36] [81/445] STAH
[01:45:37] [82/445] JRGF
[01:45:38] [83/445] CDOK
[01:45:39] [84/445] CMSG
[01:45:40] [85/445] APTD
[01:45:41] [86/445] KMPG
[01:45:42] [87/445] MUTJ
[01:45:43] [88/445] VCCI
[01:45:44] [89/445] URBE
[01:45:45] [90/445] TCTS
[01:45:45] [91/445] STSN
[01:45:46] [92/445] AKCH
[01:45:47] [93/445] APSC
[01:45:48] [94/445] VLTB
[01:45:49] [95/445] SANU
[01:45:50] [96/445] AXAM
[01:45:51] [97/445] MGMG
[01:45:52] [98/445] HTBY
[01:45:53] [99/445] MMZS
[01:45:53] [100/445] SUDR
[01:45:54] [101/445] CCAD
[01:45:55] [102/445] SKKC
[01:45:56] [103/445] RMCD
[01:45:57] [104/445] SBCQ
[01:45:57] [105/445] DCCT
[01:45:58] [106/445] VTKP
[01:45:59] [107/445] MLAM
[01:46:00] [108/445] SAVT
[01:46:01] [109/445] GEPL
[01:46:02] [110/445] AMCD
[01:46:03] [111/445] CCXR
[01:46:03] [112/445] GRNG
[01:46:04] [113/445] EBCA
[01:46:05] [114/445] CNVG
[01:46:06] [115/445] MWSS
[01:46:07] [116/445] VBOR
[01:46:08] [117/445] NEEB
[01:46:09] [118/445] SUTH
[01:46:10] [119/445] ANDB
[01:46:11] [120/445] MMXS
[01:46:11] [121/445] CNPD
[01:46:12] [122/445] SDCE
[01:46:13] [123/445] DHCB
[01:46:14] [124/445] ODEN
[01:46:15] [125/445] TNTC
[01:46:15] [126/445] VBKM
[01:46:16] [127/445] RZYM
[01:46:17] [128/445] JEMC
[01:46:18] [129/445] CMAU
[01:46:19] [130/445] SIVP
[01:46:20] [131/445] ATAG
[01:46:21] [132/445] CHTM
[01:46:22] [133/445] AAEE
[01:46:24] [134/445] IWPM
[01:46:24] [135/445] KCMW
[01:46:26] [136/445] MCTD
[01:46:26] [137/445] SPWR
[01:46:27] [138/445] SDPO
[01:46:28] [139/445] PCSK
[01:46:29] [140/445] ACHV
[01:46:30] [141/445] SVLA
[01:46:30] [142/445] PICT
[01:46:31] [143/445] BXDR
[01:46:32] [144/445] SPWA
[01:46:33] [145/445] MCKO
[01:46:34] [146/445] RTHK
[01:46:35] [147/445] CCMF
[01:46:36] [148/445] MRGB
[01:46:36] [149/445] CPLC
[01:46:37] [150/445] RACD
[01:46:38] [151/445] ATKT
[01:46:39] [152/445] SARN
[01:46:39] [153/445] KKUI
[01:46:40] [154/445] RGCM
[01:46:41] [155/445] BRVP
[01:46:42] [156/445] HRSR
[01:46:43] [157/445] GKGM
[01:46:44] [158/445] TTCD
[01:46:45] [159/445] PTTI
[01:46:46] [160/445] MPTT
[01:46:46] [161/445] CVTT
[01:46:47] [162/445] PCXD
[01:46:48] [163/445] GCDC
[01:46:49] [164/445] CCCF
[01:46:50] [165/445] MRAD
[01:46:51] [166/445] CPLK
[01:46:52] [167/445] SATB
[01:46:52] [168/445] SNVG
[01:46:54] [169/445] JMBA
[01:46:55] [170/445] TEJA
[01:46:56] [171/445] STYO
[01:46:56] [172/445] JTBP
[01:46:57] [173/445] KRGD
[01:46:58] [174/445] SLJJ
[01:46:59] [175/445] SPTJ
[01:47:00] [176/445] SWJG
[01:47:01] [177/445] LKRT
[01:47:02] [178/445] KCKA
[01:47:02] [179/445] SNCR
[01:47:03] [180/445] SMKL
[01:47:05] [181/445] GCFA
[01:47:05] [182/445] DDCK
[01:47:06] [183/445] NCHJ
[01:47:07] [184/445] RDMA
[01:47:08] [185/445] SVSV
[01:47:09] [186/445] SCJG
[01:47:10] [187/445] VKLP
[01:47:11] [188/445] NWCC
[01:47:11] [189/445] VKNS
[01:47:12] [190/445] SDDP
[01:47:13] [191/445] ACSI
[01:47:14] [192/445] SATG
[01:47:14] [193/445] SCMW
[01:47:15] [194/445] LKTK
[01:47:16] [195/445] VCKV
[01:47:17] [196/445] KKPE
[01:47:18] [197/445] KIGH
[01:47:19] [198/445] SRPM
[01:47:20] [199/445] SCAH
[01:47:20] [200/445] MUTA
[01:47:21] [201/445] SEPU
[01:47:22] [202/445] INOA
[01:47:23] [203/445] BASK
[01:47:24] [204/445] NECB
[01:47:25] [205/445] GTTG
[01:47:26] [206/445] ASSA
[01:47:26] [207/445] ANCL
[01:47:27] [208/445] GCTI
[01:47:28] [209/445] RCTS
[01:47:29] [210/445] ACNL
[01:47:29] [211/445] MYCT
[01:47:30] [212/445] NMHT
[01:47:31] [213/445] MDIT
[01:47:32] [214/445] LATG
[01:47:33] [215/445] SMTY
[01:47:33] [216/445] CVCT
[01:47:34] [217/445] RAMB
[01:47:36] [218/445] TGMS
[01:47:37] [219/445] BHEL
[01:47:38] [220/445] SHCT
[01:47:39] [221/445] SVCT
[01:47:40] [222/445] MRIY
[01:47:41] [223/445] SARO
[01:47:42] [224/445] STCT
[01:47:43] [225/445] JKKC
[01:47:44] [226/445] PLTT
[01:47:45] [227/445] SRNT
[01:47:46] [228/445] YAST
[01:47:47] [229/445] PERL
[01:47:47] [230/445] CICM
[01:47:48] [231/445] MMTR
[01:47:49] [232/445] ABTK
[01:47:50] [233/445] ATYY
[01:47:50] [234/445] ASTK
[01:47:51] [235/445] VVCK
[01:47:52] [236/445] ATKY
[01:47:53] [237/445] GWEK
[01:47:53] [238/445] SVFH
[01:47:54] [239/445] SLTA
[01:47:55] [240/445] AASH
[01:47:56] [241/445] ACXB
[01:47:57] [242/445] SMTX
[01:47:58] [243/445] AZDH
[01:47:59] [244/445] CMMH
[01:48:00] [245/445] SCSZ
[01:48:01] [246/445] SCKP
[01:48:01] [247/445] NXTM
[01:48:03] [248/445] NWCS
[01:48:04] [249/445] CXMH
[01:48:04] [250/445] PCMA
[01:48:05] [251/445] SGCM
[01:48:06] [252/445] SDTU
[01:48:07] [253/445] MMVI
[01:48:07] [254/445] JKCM
[01:48:08] [255/445] VCMM
[01:48:09] [256/445] SYEE
[01:48:10] [257/445] VASD
[01:48:11] [258/445] BDRB
[01:48:12] [259/445] LASM
[01:48:13] [260/445] DCRL
[01:48:13] [261/445] DVPM
[01:48:14] [262/445] SBMJ
[01:48:15] [263/445] CBMU
[01:48:16] [264/445] IUBS
[01:48:16] [265/445] INAP
[01:48:18] [266/445] SRRC
[01:48:19] [267/445] SAGR
[01:48:20] [268/445] CPMJ
[01:48:21] [269/445] ATJL
[01:48:22] [270/445] NNTD
[01:48:23] [271/445] JHCJ
[01:48:23] [272/445] CMMP
[01:48:24] [273/445] RSDR
[01:48:25] [274/445] AMTI
[01:48:26] [275/445] NYSG
[01:48:27] [276/445] AVSG
[01:48:27] [277/445] SYTP
[01:48:28] [278/445] LARC
[01:48:29] [279/445] RJTP
[01:48:30] [280/445] LAKC
[01:48:30] [281/445] MCXE
[01:48:31] [282/445] CCZC
[01:48:32] [283/445] AVCH
[01:48:33] [284/445] CMBE
[01:48:34] [285/445] MRRC
[01:48:36] [286/445] PCPY
[01:48:37] [287/445] SRMH
[01:48:37] [288/445] SVGS
[01:48:38] [289/445] PCSE
[01:48:39] [290/445] SVFT
[01:48:40] [291/445] TNZP
[01:48:41] [292/445] ICTP
[01:48:42] [293/445] ACTZ
[01:48:42] [294/445] GTUR
[01:48:43] [295/445] MAFC
[01:48:44] [296/445] MINL
[01:48:45] [297/445] MRCL
[01:48:46] [298/445] RCRP
[01:48:47] [299/445] RFFG
[01:48:48] [300/445] RMAS
[01:48:49] [301/445] INVR
[01:48:50] [302/445] RMAR
[01:48:51] [303/445] CNIS
[01:48:51] [304/445] RHRJ
[01:48:52] [305/445] INXR
[01:48:53] [306/445] VALT
[01:48:54] [307/445] LCSH
[01:48:55] [308/445] CMVS
[01:48:56] [309/445] CNMS
[01:48:57] [310/445] ROOG
[01:48:57] [311/445] ISRM
[01:48:58] [312/445] RCRM
[01:48:59] [313/445] ACJA
[01:49:00] [314/445] RCVS
[01:49:00] [315/445] CPUS
[01:49:01] [316/445] TGCS
[01:49:02] [317/445] RKCJ
[01:49:03] [318/445] MKSB
[01:49:04] [319/445] TCSJ
[01:49:05] [320/445] RMGP
[01:49:05] [321/445] CLLP
[01:49:06] [322/445] RCMV
[01:49:07] [323/445] CCKS
[01:49:08] [324/445] RSRP
[01:49:08] [325/445] APLP
[01:49:09] [326/445] CNVS
[01:49:10] [327/445] RMVY
[01:49:11] [328/445] PGBD
[01:49:12] [329/445] KLMS
[01:49:13] [330/445] RUST
[01:49:13] [331/445] MASM
[01:49:14] [332/445] BACS
[01:49:15] [333/445] BWST
[01:49:16] [334/445] RRFH
[01:49:17] [335/445] SJTM
[01:49:17] [336/445] BEMR
[01:49:18] [337/445] MCGR
[01:49:19] [338/445] SDSK
[01:49:20] [339/445] VBOL
[01:49:21] [340/445] RMGM
[01:49:22] [341/445] NOPL
[01:49:23] [342/445] MKJK
[01:49:23] [343/445] CVRN
[01:49:24] [344/445] MMEN
[01:49:25] [345/445] AMNG
[01:49:26] [346/445] INTM
[01:49:28] [347/445] SLCZ
[01:49:29] [348/445] AMJN
[01:49:30] [349/445] ACJN
[01:49:31] [350/445] AMKN
[01:49:33] [351/445] BTCN
[01:49:34] [352/445] AMBT
[01:49:35] [353/445] PACN
[01:49:36] [354/445] LCNS
[01:49:36] [355/445] PPKC
[01:49:37] [356/445] JYYN
[01:49:38] [357/445] JTNR
[01:49:39] [358/445] GTEE
[01:49:39] [359/445] SRNM
[01:49:40] [360/445] SDTC
[01:49:41] [361/445] VPCA
[01:49:42] [362/445] VLRA
[01:49:43] [363/445] SHKR
[01:49:44] [364/445] SBKD
[01:49:44] [365/445] SAAD
[01:49:45] [366/445] JTGN
[01:49:46] [367/445] SLAM
[01:49:47] [368/445] VTPM
[01:49:48] [369/445] ANPT
[01:49:50] [370/445] PUNB
[01:49:51] [371/445] CPKT
[01:49:51] [372/445] CNWE
[01:49:52] [373/445] ECPP
[01:49:54] [374/445] CPAR
[01:49:55] [375/445] ESBW
[01:49:55] [376/445] PKPU
[01:49:56] [377/445] CPRP
[01:49:57] [378/445] RAHU
[01:49:58] [379/445] RHMN
[01:49:59] [380/445] FMJP
[01:49:59] [381/445] CTMP
[01:50:00] [382/445] INPN
[01:50:01] [383/445] STTG
[01:50:02] [384/445] CTRD
[01:50:03] [385/445] PUVB
[01:50:05] [386/445] ESVP
[01:50:06] [387/445] CPFT
[01:50:07] [388/445] LCPC
[01:50:07] [389/445] VBCT
[01:50:08] [390/445] FSCW
[01:50:09] [391/445] VCMP
[01:50:10] [392/445] ASHC
[01:50:12] [393/445] VLCX
[01:50:12] [394/445] SHEV
[01:50:13] [395/445] APCO
[01:50:14] [396/445] SILC
[01:50:15] [397/445] SNMR
[01:50:16] [398/445] KYBO
[01:50:16] [399/445] SATK
[01:50:17] [400/445] SSCS
[01:50:18] [401/445] CLSB
[01:50:19] [402/445] KMJR
[01:50:20] [403/445] FSCK
[01:50:20] [404/445] NNKA
[01:50:21] [405/445] CLMK
[01:50:22] [406/445] DMPZ
[01:50:23] [407/445] INQM
[01:50:23] [408/445] CAML
[01:50:24] [409/445] INRK
[01:50:25] [410/445] IMKN
[01:50:26] [411/445] SVNR
[01:50:26] [412/445] INSL
[01:50:27] [413/445] MSMA
[01:50:28] [414/445] MCKK
[01:50:29] [415/445] FCHP
[01:50:30] [416/445] SFCR
[01:50:30] [417/445] NACK
[01:50:31] [418/445] PVAK
[01:50:32] [419/445] INER
[01:50:33] [420/445] RDBK
[01:50:34] [421/445] SVFN
[01:50:35] [422/445] IFRM
[01:50:35] [423/445] ATCK
[01:50:36] [424/445] ASKO
[01:50:37] [425/445] STKT
[01:50:38] [426/445] SVFB
[01:50:39] [427/445] INKS
[01:50:40] [428/445] PCRA
[01:50:41] [429/445] ATJA
[01:50:41] [430/445] IMJN
[01:50:42] [431/445] INHD
[01:50:43] [432/445] BARA
[01:50:44] [433/445] MCSL
[01:50:45] [434/445] RTOY
[01:50:46] [435/445] MENO
[01:50:47] [436/445] PUDM
[01:50:48] [437/445] PRCN
[01:50:49] [438/445] JMJR
[01:50:50] [439/445] SSGK
[01:50:51] [440/445] SSRL
[01:50:52] [441/445] JYKL
[01:50:53] [442/445] ACNB
[01:50:54] [443/445] SONP
[01:50:55] [444/445] EMCI
[01:50:56] [445/445] MRJH
[01:50:56] ✅ DONE | Shows=0 | Movies=0
