[00:39:43] 🚀 BMS DAILY TRACKER STARTED
[00:39:43] [1/296] CDCA
[00:39:43] 🧠 New identity
[00:39:44] [2/296] MNSR
[00:39:45] [3/296] CSSL
[00:39:46] [4/296] BGGM
[00:39:47] [5/296] MANT
[00:39:48] [6/296] SOOY
[00:39:49] [7/296] VPPK
[00:39:50] [8/296] MYHJ
[00:39:51] [9/296] KSCK
[00:39:52] [10/296] KATK
[00:39:53] [11/296] RTRT
[00:39:54] [12/296] SSTT
[00:39:55] [13/296] SSTV
[00:39:55] [14/296] LACM
[00:39:56] [15/296] SGMG
[00:39:57] [16/296] KACX
[00:39:58] [17/296] GVCP
[00:39:59] [18/296] CSNC
[00:40:00] [19/296] SXCB
[00:40:01] [20/296] BAHS
[00:40:02] [21/296] PCBI
[00:40:03] [22/296] PSSM
[00:40:04] [23/296] RCOK
[00:40:05] [24/296] SCPF
[00:40:06] [25/296] SSAS
[00:40:07] [26/296] EVMM
[00:40:08] [27/296] SYCB
[00:40:09] [28/296] GCKI
[00:40:10] [29/296] IAET
[00:40:10] [30/296] DDTD
[00:40:11] [31/296] GMDH
[00:40:12] [32/296] STLE
[00:40:13] [33/296] JTRA
[00:40:14] [34/296] RPPA
[00:40:15] [35/296] ARUT
[00:40:16] [36/296] JTVM
[00:40:16] [37/296] SWRH
[00:40:17] [38/296] DCPC
[00:40:18] [39/296] RAPR
[00:40:19] [40/296] GCRT
[00:40:20] [41/296] ATUN
[00:40:20] [42/296] LTRM
[00:40:21] [43/296] TASR
[00:40:22] [44/296] RLLC
[00:40:24] [45/296] MABI
[00:40:24] [46/296] SVHB
[00:40:25] [47/296] NVTB
[00:40:26] [48/296] KCKG
[00:40:27] [49/296] SSRN
[00:40:28] [50/296] VDDC
[00:40:29] [51/296] GKTK
[00:40:30] [52/296] YFSN
[00:40:31] [53/296] GCSG
[00:40:32] [54/296] ESSM
[00:40:32] [55/296] KRIH
[00:40:33] [56/296] GCDS
[00:40:34] [57/296] CCSH
[00:40:35] [58/296] ACSK
[00:40:35] [59/296] APRK
[00:40:36] [60/296] ADKM
[00:40:37] [61/296] SRDM
[00:40:38] [62/296] RMOG
[00:40:39] [63/296] SJMY
[00:40:39] [64/296] PGGC
[00:40:40] [65/296] INGM
[00:40:41] [66/296] LSCB
[00:40:42] [67/296] STAD
[00:40:43] [68/296] MCCR
[00:40:44] [69/296] ABCC
[00:40:45] [70/296] RKCC
[00:40:46] [71/296] RTCR
[00:40:47] [72/296] GGBC
[00:40:47] [73/296] GCSD
[00:40:48] [74/296] LPTY
[00:40:49] [75/296] MCFD
[00:40:50] [76/296] HENN
[00:40:50] [77/296] SMKU
[00:40:51] [78/296] TNZC
[00:40:52] [79/296] DRCD
[00:40:53] [80/296] DLCD
[00:40:54] [81/296] RCDA
[00:40:55] [82/296] COSM
[00:40:56] [83/296] MCMJ
[00:40:56] [84/296] CSTR
[00:40:57] [85/296] CVDK
[00:40:58] [86/296] INRR
[00:40:59] [87/296] RJRT
[00:40:59] [88/296] IRMR
[00:41:00] [89/296] SRCF
[00:41:01] [90/296] GRCR
[00:41:03] [91/296] SURC
[00:41:04] [92/296] NMNH
[00:41:04] [93/296] SVBL
[00:41:05] [94/296] KACI
[00:41:06] [95/296] TDGO
[00:41:07] [96/296] KTBR
[00:41:08] [97/296] PMAD
[00:41:08] [98/296] CCPN
[00:41:09] [99/296] SBTK
[00:41:10] [100/296] LMDK
[00:41:11] [101/296] PGDA
[00:41:12] [102/296] SRML
[00:41:12] [103/296] EVCK
[00:41:13] [104/296] RTTK
[00:41:14] [105/296] SRTU
[00:41:15] [106/296] VRSA
[00:41:16] [107/296] VARS
[00:41:16] [108/296] DSCZ
[00:41:17] [109/296] GAGA
[00:41:18] [110/296] SARV
[00:41:19] [111/296] SEEG
[00:41:20] [112/296] GLCA
[00:41:21] [113/296] APAS
[00:41:22] [114/296] VCIA
[00:41:23] [115/296] SJTA
[00:41:23] [116/296] SABM
[00:41:24] [117/296] PPAG
[00:41:25] [118/296] RVCA
[00:41:26] [119/296] CCIA
[00:41:26] [120/296] HTAG
[00:41:27] [121/296] SMBI
[00:41:28] [122/296] MCJR
[00:41:29] [123/296] CCJR
[00:41:30] [124/296] SINF
[00:41:31] [125/296] CPLX
[00:41:32] [126/296] KKTJ
[00:41:33] [127/296] GDBW
[00:41:34] [128/296] CSUB
[00:41:35] [129/296] DABA
[00:41:35] [130/296] TITR
[00:41:36] [131/296] NYCR
[00:41:37] [132/296] RTRY
[00:41:38] [133/296] JTJL
[00:41:39] [134/296] SJCP
[00:41:40] [135/296] KCCA
[00:41:40] [136/296] MLPG
[00:41:41] [137/296] VRCK
[00:41:42] [138/296] SRIN
[00:41:43] [139/296] CXMK
[00:41:43] [140/296] SKAD
[00:41:44] [141/296] AVTR
[00:41:45] [142/296] PTAJ
[00:41:46] [143/296] SCNK
[00:41:47] [144/296] STTI
[00:41:47] [145/296] KACR
[00:41:48] [146/296] SSDX
[00:41:49] [147/296] VRTJ
[00:41:50] [148/296] RAJD
[00:41:50] [149/296] SCIP
[00:41:51] [150/296] RJSL
[00:41:52] [151/296] ARRS
[00:41:53] [152/296] ASMS
[00:41:54] [153/296] RDTS
[00:41:55] [154/296] DVMY
[00:41:56] [155/296] RASA
[00:41:57] [156/296] INOM
[00:41:58] [157/296] SPRS
[00:41:58] [158/296] SGCS
[00:41:59] [159/296] SALM
[00:42:00] [160/296] PKHC
[00:42:01] [161/296] RCSV
[00:42:01] [162/296] CPKC
[00:42:02] [163/296] AACD
[00:42:03] [164/296] GGCV
[00:42:04] [165/296] SMKD
[00:42:04] [166/296] NBCH
[00:42:06] [167/296] AMCB
[00:42:07] [168/296] OPCN
[00:42:07] [169/296] DCIN
[00:42:08] [170/296] INGW
[00:42:09] [171/296] PKKW
[00:42:10] [172/296] FNGW
[00:42:11] [173/296] GCGD
[00:42:12] [174/296] MSTW
[00:42:12] [175/296] KCCG
[00:42:13] [176/296] MRSS
[00:42:14] [177/296] CLCF
[00:42:15] [178/296] EETS
[00:42:16] [179/296] AATR
[00:42:17] [180/296] CMMN
[00:42:18] [181/296] SCCJ
[00:42:19] [182/296] CDTK
[00:42:20] [183/296] AICP
[00:42:21] [184/296] FNBP
[00:42:22] [185/296] CBPB
[00:42:22] [186/296] CPAS
[00:42:23] [187/296] MAPM
[00:42:24] [188/296] PASD
[00:42:25] [189/296] JCMN
[00:42:25] [190/296] MALB
[00:42:26] [191/296] SACG
[00:42:28] [192/296] DDRX
[00:42:28] [193/296] DDXB
[00:42:29] [194/296] RAMC
[00:42:30] [195/296] SANC
[00:42:31] [196/296] BCBP
[00:42:32] [197/296] ALPC
[00:42:33] [198/296] RBAC
[00:42:33] [199/296] RAJL
[00:42:34] [200/296] MPDX
[00:42:35] [201/296] MUSC
[00:42:36] [202/296] VKMK
[00:42:37] [203/296] SKCG
[00:42:37] [204/296] ANCN
[00:42:39] [205/296] MMCJ
[00:42:40] [206/296] DCAK
[00:42:41] [207/296] SCKG
[00:42:41] [208/296] LMCK
[00:42:42] [209/296] CKKX
[00:42:43] [210/296] ANKU
[00:42:44] [211/296] CSMD
[00:42:45] [212/296] MKMP
[00:42:46] [213/296] SVBG
[00:42:47] [214/296] ROOP
[00:42:47] [215/296] GDMT
[00:42:48] [216/296] FPPF
[00:42:49] [217/296] SFUU
[00:42:50] [218/296] ANCB
[00:42:50] [219/296] SMMC
[00:42:51] [220/296] UGKT
[00:42:52] [221/296] JVRM
[00:42:53] [222/296] BATG
[00:42:54] [223/296] RATE
[00:42:54] [224/296] SKME
[00:42:55] [225/296] LMTP
[00:42:56] [226/296] TCBD
[00:42:57] [227/296] ESBD
[00:42:58] [228/296] GDCU
[00:42:59] [229/296] SNKT
[00:42:59] [230/296] SRNK
[00:43:01] [231/296] SMED
[00:43:01] [232/296] CSQS
[00:43:02] [233/296] ALCS
[00:43:04] [234/296] KCKN
[00:43:05] [235/296] VCCL
[00:43:05] [236/296] MCDA
[00:43:06] [237/296] SHMI
[00:43:07] [238/296] SKHA
[00:43:08] [239/296] SVFK
[00:43:08] [240/296] INVB
[00:43:09] [241/296] MELD
[00:43:10] [242/296] JTYS
[00:43:11] [243/296] INCM
[00:43:12] [244/296] MCDV
[00:43:13] [245/296] KSGK
[00:43:14] [246/296] ICMG
[00:43:14] [247/296] CSCV
[00:43:15] [248/296] STMD
[00:43:16] [249/296] STTR
[00:43:17] [250/296] INVC
[00:43:17] [251/296] JTBL
[00:43:18] [252/296] SRVV
[00:43:19] [253/296] MAVC
[00:43:20] [254/296] SRPP
[00:43:21] [255/296] JGDM
[00:43:21] [256/296] MBSJ
[00:43:22] [257/296] SSLL
[00:43:23] [258/296] SLKP
[00:43:24] [259/296] NSRV
[00:43:25] [260/296] UTDV
[00:43:26] [261/296] KICM
[00:43:26] [262/296] KCMD
[00:43:27] [263/296] TTPP
[00:43:28] [264/296] KMPV
[00:43:28] [265/296] SKTV
[00:43:30] [266/296] STCV
[00:43:31] [267/296] SRDA
[00:43:32] [268/296] JTSX
[00:43:32] [269/296] STBV
[00:43:34] [270/296] APVZ
[00:43:34] [271/296] GSTV
[00:43:36] [272/296] NMVS
[00:43:37] [273/296] SKRT
[00:43:38] [274/296] RMDV
[00:43:39] [275/296] RATG
[00:43:40] [276/296] SJYV
[00:43:41] [277/296] NDGP
[00:43:41] [278/296] SNDG
[00:43:42] [279/296] INSR
[00:43:43] [280/296] INSO
[00:43:44] [281/296] CCSI
[00:43:45] [282/296] RASM
[00:43:46] [283/296] NEWC
[00:43:46] [284/296] VSHL
[00:43:47] [285/296] BISW
[00:43:48] [286/296] GCNG
[00:43:49] [287/296] CWSC
[00:43:50] [288/296] SKAN
[00:43:51] [289/296] SEHP
[00:43:51] [290/296] CCOA
[00:43:53] [291/296] MCAJ
[00:43:54] [292/296] ACDE
[00:43:55] [293/296] AACM
[00:43:56] [294/296] JJCK
[00:43:57] [295/296] RCMO
[00:43:58] [296/296] GDAW
[00:43:59] ✅ DONE | Shows=0 | Movies=0
[01:44:36] 🚀 BMS DAILY TRACKER STARTED
[01:44:36] [1/296] CDCA
[01:44:36] 🧠 New identity
[01:44:37] [2/296] MNSR
[01:44:38] [3/296] CSSL
[01:44:38] [4/296] BGGM
[01:44:39] [5/296] MANT
[01:44:40] [6/296] SOOY
[01:44:41] [7/296] VPPK
[01:44:42] [8/296] MYHJ
[01:44:43] [9/296] KSCK
[01:44:45] [10/296] KATK
[01:44:46] [11/296] RTRT
[01:44:47] [12/296] SSTT
[01:44:48] [13/296] SSTV
[01:44:49] [14/296] LACM
[01:44:50] [15/296] SGMG
[01:44:51] [16/296] KACX
[01:44:52] [17/296] GVCP
[01:44:53] [18/296] CSNC
[01:44:55] [19/296] SXCB
[01:44:56] [20/296] BAHS
[01:44:57] [21/296] PCBI
[01:44:58] [22/296] PSSM
[01:44:58] [23/296] RCOK
[01:45:00] [24/296] SCPF
[01:45:01] [25/296] SSAS
[01:45:02] [26/296] EVMM
[01:45:03] [27/296] SYCB
[01:45:03] [28/296] GCKI
[01:45:04] [29/296] IAET
[01:45:05] [30/296] DDTD
[01:45:06] [31/296] GMDH
[01:45:07] [32/296] STLE
[01:45:08] [33/296] JTRA
[01:45:09] [34/296] RPPA
[01:45:10] [35/296] ARUT
[01:45:11] [36/296] JTVM
[01:45:12] [37/296] SWRH
[01:45:14] [38/296] DCPC
[01:45:15] [39/296] RAPR
[01:45:15] [40/296] GCRT
[01:45:16] [41/296] ATUN
[01:45:17] [42/296] LTRM
[01:45:18] [43/296] TASR
[01:45:18] [44/296] RLLC
[01:45:19] [45/296] MABI
[01:45:20] [46/296] SVHB
[01:45:21] [47/296] NVTB
[01:45:21] [48/296] KCKG
[01:45:23] [49/296] SSRN
[01:45:24] [50/296] VDDC
[01:45:25] [51/296] GKTK
[01:45:26] [52/296] YFSN
[01:45:26] [53/296] GCSG
[01:45:28] [54/296] ESSM
[01:45:29] [55/296] KRIH
[01:45:30] [56/296] GCDS
[01:45:31] [57/296] CCSH
[01:45:31] [58/296] ACSK
[01:45:33] [59/296] APRK
[01:45:34] [60/296] ADKM
[01:45:34] [61/296] SRDM
[01:45:35] [62/296] RMOG
[01:45:36] [63/296] SJMY
[01:45:37] [64/296] PGGC
[01:45:38] [65/296] INGM
[01:45:39] [66/296] LSCB
[01:45:40] [67/296] STAD
[01:45:41] [68/296] MCCR
[01:45:42] [69/296] ABCC
[01:45:43] [70/296] RKCC
[01:45:44] [71/296] RTCR
[01:45:44] [72/296] GGBC
[01:45:45] [73/296] GCSD
[01:45:46] [74/296] LPTY
[01:45:48] [75/296] MCFD
[01:45:49] [76/296] HENN
[01:45:50] [77/296] SMKU
[01:45:50] [78/296] TNZC
[01:45:51] [79/296] DRCD
[01:45:52] [80/296] DLCD
[01:45:53] [81/296] RCDA
[01:45:54] [82/296] COSM
[01:45:56] [83/296] MCMJ
[01:45:56] [84/296] CSTR
[01:45:57] [85/296] CVDK
[01:45:58] [86/296] INRR
[01:45:58] [87/296] RJRT
[01:45:59] [88/296] IRMR
[01:46:01] [89/296] SRCF
[01:46:02] [90/296] GRCR
[01:46:03] [91/296] SURC
[01:46:03] [92/296] NMNH
[01:46:04] [93/296] SVBL
[01:46:05] [94/296] KACI
[01:46:07] [95/296] TDGO
[01:46:08] [96/296] KTBR
[01:46:09] [97/296] PMAD
[01:46:10] [98/296] CCPN
[01:46:11] [99/296] SBTK
[01:46:12] [100/296] LMDK
[01:46:13] [101/296] PGDA
[01:46:13] [102/296] SRML
[01:46:14] [103/296] EVCK
[01:46:15] [104/296] RTTK
[01:46:15] [105/296] SRTU
[01:46:16] [106/296] VRSA
[01:46:17] [107/296] VARS
[01:46:18] [108/296] DSCZ
[01:46:19] [109/296] GAGA
[01:46:20] [110/296] SARV
[01:46:21] [111/296] SEEG
[01:46:22] [112/296] GLCA
[01:46:22] [113/296] APAS
[01:46:24] [114/296] VCIA
[01:46:25] [115/296] SJTA
[01:46:26] [116/296] SABM
[01:46:27] [117/296] PPAG
[01:46:27] [118/296] RVCA
[01:46:28] [119/296] CCIA
[01:46:29] [120/296] HTAG
[01:46:30] [121/296] SMBI
[01:46:31] [122/296] MCJR
[01:46:32] [123/296] CCJR
[01:46:32] [124/296] SINF
[01:46:33] [125/296] CPLX
[01:46:34] [126/296] KKTJ
[01:46:35] [127/296] GDBW
[01:46:36] [128/296] CSUB
[01:46:37] [129/296] DABA
[01:46:38] [130/296] TITR
[01:46:39] [131/296] NYCR
[01:46:40] [132/296] RTRY
[01:46:40] [133/296] JTJL
[01:46:42] [134/296] SJCP
[01:46:43] [135/296] KCCA
[01:46:44] [136/296] MLPG
[01:46:45] [137/296] VRCK
[01:46:47] [138/296] SRIN
[01:46:48] [139/296] CXMK
[01:46:49] [140/296] SKAD
[01:46:50] [141/296] AVTR
[01:46:50] [142/296] PTAJ
[01:46:52] [143/296] SCNK
[01:46:53] [144/296] STTI
[01:46:53] [145/296] KACR
[01:46:54] [146/296] SSDX
[01:46:55] [147/296] VRTJ
[01:46:56] [148/296] RAJD
[01:46:57] [149/296] SCIP
[01:46:58] [150/296] RJSL
[01:46:58] [151/296] ARRS
[01:46:59] [152/296] ASMS
[01:47:00] [153/296] RDTS
[01:47:01] [154/296] DVMY
[01:47:02] [155/296] RASA
[01:47:03] [156/296] INOM
[01:47:04] [157/296] SPRS
[01:47:05] [158/296] SGCS
[01:47:06] [159/296] SALM
[01:47:07] [160/296] PKHC
[01:47:07] [161/296] RCSV
[01:47:09] [162/296] CPKC
[01:47:10] [163/296] AACD
[01:47:10] [164/296] GGCV
[01:47:11] [165/296] SMKD
[01:47:12] [166/296] NBCH
[01:47:13] [167/296] AMCB
[01:47:15] [168/296] OPCN
[01:47:16] [169/296] DCIN
[01:47:16] [170/296] INGW
[01:47:17] [171/296] PKKW
[01:47:18] [172/296] FNGW
[01:47:19] [173/296] GCGD
[01:47:21] [174/296] MSTW
[01:47:22] [175/296] KCCG
[01:47:23] [176/296] MRSS
[01:47:23] [177/296] CLCF
[01:47:24] [178/296] EETS
[01:47:25] [179/296] AATR
[01:47:26] [180/296] CMMN
[01:47:27] [181/296] SCCJ
[01:47:28] [182/296] CDTK
[01:47:29] [183/296] AICP
[01:47:31] [184/296] FNBP
[01:47:31] [185/296] CBPB
[01:47:32] [186/296] CPAS
[01:47:34] [187/296] MAPM
[01:47:35] [188/296] PASD
[01:47:36] [189/296] JCMN
[01:47:36] [190/296] MALB
[01:47:37] [191/296] SACG
[01:47:38] [192/296] DDRX
[01:47:39] [193/296] DDXB
[01:47:39] [194/296] RAMC
[01:47:40] [195/296] SANC
[01:47:41] [196/296] BCBP
[01:47:42] [197/296] ALPC
[01:47:43] [198/296] RBAC
[01:47:44] [199/296] RAJL
[01:47:44] [200/296] MPDX
[01:47:45] [201/296] MUSC
[01:47:46] [202/296] VKMK
[01:47:47] [203/296] SKCG
[01:47:48] [204/296] ANCN
[01:47:49] [205/296] MMCJ
[01:47:50] [206/296] DCAK
[01:47:51] [207/296] SCKG
[01:47:52] [208/296] LMCK
[01:47:53] [209/296] CKKX
[01:47:53] [210/296] ANKU
[01:47:54] [211/296] CSMD
[01:47:56] [212/296] MKMP
[01:47:57] [213/296] SVBG
[01:47:58] [214/296] ROOP
[01:47:58] [215/296] GDMT
[01:47:59] [216/296] FPPF
[01:48:00] [217/296] SFUU
[01:48:01] [218/296] ANCB
[01:48:02] [219/296] SMMC
[01:48:03] [220/296] UGKT
[01:48:03] [221/296] JVRM
[01:48:04] [222/296] BATG
[01:48:05] [223/296] RATE
[01:48:06] [224/296] SKME
[01:48:07] [225/296] LMTP
[01:48:07] [226/296] TCBD
[01:48:08] [227/296] ESBD
[01:48:09] [228/296] GDCU
[01:48:10] [229/296] SNKT
[01:48:11] [230/296] SRNK
[01:48:12] [231/296] SMED
[01:48:13] [232/296] CSQS
[01:48:14] [233/296] ALCS
[01:48:14] [234/296] KCKN
[01:48:15] [235/296] VCCL
[01:48:17] [236/296] MCDA
[01:48:19] [237/296] SHMI
[01:48:19] [238/296] SKHA
[01:48:20] [239/296] SVFK
[01:48:21] [240/296] INVB
[01:48:22] [241/296] MELD
[01:48:23] [242/296] JTYS
[01:48:24] [243/296] INCM
[01:48:24] [244/296] MCDV
[01:48:25] [245/296] KSGK
[01:48:26] [246/296] ICMG
[01:48:27] [247/296] CSCV
[01:48:28] [248/296] STMD
[01:48:29] [249/296] STTR
[01:48:29] [250/296] INVC
[01:48:30] [251/296] JTBL
[01:48:31] [252/296] SRVV
[01:48:32] [253/296] MAVC
[01:48:33] [254/296] SRPP
[01:48:34] [255/296] JGDM
[01:48:34] [256/296] MBSJ
[01:48:35] [257/296] SSLL
[01:48:36] [258/296] SLKP
[01:48:37] [259/296] NSRV
[01:48:38] [260/296] UTDV
[01:48:39] [261/296] KICM
[01:48:39] [262/296] KCMD
[01:48:41] [263/296] TTPP
[01:48:42] [264/296] KMPV
[01:48:43] [265/296] SKTV
[01:48:44] [266/296] STCV
[01:48:45] [267/296] SRDA
[01:48:46] [268/296] JTSX
[01:48:47] [269/296] STBV
[01:48:48] [270/296] APVZ
[01:48:49] [271/296] GSTV
[01:48:49] [272/296] NMVS
[01:48:50] [273/296] SKRT
[01:48:51] [274/296] RMDV
[01:48:52] [275/296] RATG
[01:48:53] [276/296] SJYV
[01:48:54] [277/296] NDGP
[01:48:54] [278/296] SNDG
[01:48:55] [279/296] INSR
[01:48:56] [280/296] INSO
[01:48:57] [281/296] CCSI
[01:48:58] [282/296] RASM
[01:48:59] [283/296] NEWC
[01:49:00] [284/296] VSHL
[01:49:00] [285/296] BISW
[01:49:01] [286/296] GCNG
[01:49:02] [287/296] CWSC
[01:49:03] [288/296] SKAN
[01:49:04] [289/296] SEHP
[01:49:04] [290/296] CCOA
[01:49:05] [291/296] MCAJ
[01:49:06] [292/296] ACDE
[01:49:07] [293/296] AACM
[01:49:08] [294/296] JJCK
[01:49:09] [295/296] RCMO
[01:49:09] [296/296] GDAW
[01:49:10] ✅ DONE | Shows=0 | Movies=0
[02:40:57] 🚀 BMS DAILY TRACKER STARTED
[02:40:57] [1/296] CDCA
[02:40:57] 🧠 New identity
[02:40:59] [2/296] MNSR
[02:41:00] [3/296] CSSL
[02:41:01] [4/296] BGGM
[02:41:01] [5/296] MANT
[02:41:02] [6/296] SOOY
[02:41:03] [7/296] VPPK
[02:41:04] [8/296] MYHJ
[02:41:05] [9/296] KSCK
[02:41:06] [10/296] KATK
[02:41:06] [11/296] RTRT
[02:41:07] [12/296] SSTT
[02:41:08] [13/296] SSTV
[02:41:09] [14/296] LACM
[02:41:10] [15/296] SGMG
[02:41:11] [16/296] KACX
[02:41:12] [17/296] GVCP
[02:41:12] [18/296] CSNC
[02:41:13] [19/296] SXCB
[02:41:14] [20/296] BAHS
[02:41:15] [21/296] PCBI
[02:41:16] [22/296] PSSM
[02:41:17] [23/296] RCOK
[02:41:18] [24/296] SCPF
[02:41:19] [25/296] SSAS
[02:41:20] [26/296] EVMM
[02:41:21] [27/296] SYCB
[02:41:22] [28/296] GCKI
[02:41:23] [29/296] IAET
[02:41:24] [30/296] DDTD
[02:41:24] [31/296] GMDH
[02:41:25] [32/296] STLE
[02:41:26] [33/296] JTRA
[02:41:27] [34/296] RPPA
[02:41:28] [35/296] ARUT
[02:41:29] [36/296] JTVM
[02:41:29] [37/296] SWRH
[02:41:31] [38/296] DCPC
[02:41:32] [39/296] RAPR
[02:41:33] [40/296] GCRT
[02:41:34] [41/296] ATUN
[02:41:35] [42/296] LTRM
[02:41:36] [43/296] TASR
[02:41:36] [44/296] RLLC
[02:41:38] [45/296] MABI
[02:41:39] [46/296] SVHB
[02:41:39] [47/296] NVTB
[02:41:40] [48/296] KCKG
[02:41:41] [49/296] SSRN
[02:41:43] [50/296] VDDC
[02:41:44] [51/296] GKTK
[02:41:44] [52/296] YFSN
[02:41:45] [53/296] GCSG
[02:41:46] [54/296] ESSM
[02:41:47] [55/296] KRIH
[02:41:47] [56/296] GCDS
[02:41:48] [57/296] CCSH
[02:41:49] [58/296] ACSK
[02:41:50] [59/296] APRK
[02:41:51] [60/296] ADKM
[02:41:52] [61/296] SRDM
[02:41:53] [62/296] RMOG
[02:41:54] [63/296] SJMY
[02:41:55] [64/296] PGGC
[02:41:55] [65/296] INGM
[02:41:56] [66/296] LSCB
[02:41:57] [67/296] STAD
[02:41:59] [68/296] MCCR
[02:42:00] [69/296] ABCC
[02:42:00] [70/296] RKCC
[02:42:02] [71/296] RTCR
[02:42:03] [72/296] GGBC
[02:42:04] [73/296] GCSD
[02:42:04] [74/296] LPTY
[02:42:05] [75/296] MCFD
[02:42:06] [76/296] HENN
[02:42:07] [77/296] SMKU
[02:42:08] [78/296] TNZC
[02:42:10] [79/296] DRCD
[02:42:11] [80/296] DLCD
[02:42:12] [81/296] RCDA
[02:42:13] [82/296] COSM
[02:42:14] [83/296] MCMJ
[02:42:15] [84/296] CSTR
[02:42:15] [85/296] CVDK
[02:42:16] [86/296] INRR
[02:42:17] [87/296] RJRT
[02:42:18] [88/296] IRMR
[02:42:19] [89/296] SRCF
[02:42:20] [90/296] GRCR
[02:42:21] [91/296] SURC
[02:42:22] [92/296] NMNH
[02:42:23] [93/296] SVBL
[02:42:24] [94/296] KACI
[02:42:25] [95/296] TDGO
[02:42:26] [96/296] KTBR
[02:42:26] [97/296] PMAD
[02:42:27] [98/296] CCPN
[02:42:28] [99/296] SBTK
[02:42:29] [100/296] LMDK
[02:42:30] [101/296] PGDA
[02:42:31] [102/296] SRML
[02:42:32] [103/296] EVCK
[02:42:33] [104/296] RTTK
[02:42:34] [105/296] SRTU
[02:42:35] [106/296] VRSA
[02:42:37] [107/296] VARS
[02:42:37] [108/296] DSCZ
[02:42:38] [109/296] GAGA
[02:42:39] [110/296] SARV
[02:42:41] [111/296] SEEG
[02:42:41] [112/296] GLCA
[02:42:42] [113/296] APAS
[02:42:43] [114/296] VCIA
[02:42:44] [115/296] SJTA
[02:42:45] [116/296] SABM
[02:42:46] [117/296] PPAG
[02:42:47] [118/296] RVCA
[02:42:48] [119/296] CCIA
[02:42:49] [120/296] HTAG
[02:42:50] [121/296] SMBI
[02:42:50] [122/296] MCJR
[02:42:51] [123/296] CCJR
[02:42:52] [124/296] SINF
[02:42:54] [125/296] CPLX
[02:42:55] [126/296] KKTJ
[02:42:55] [127/296] GDBW
[02:42:56] [128/296] CSUB
[02:42:57] [129/296] DABA
[02:42:58] [130/296] TITR
[02:42:59] [131/296] NYCR
[02:43:00] [132/296] RTRY
[02:43:01] [133/296] JTJL
[02:43:01] [134/296] SJCP
[02:43:03] [135/296] KCCA
[02:43:04] [136/296] MLPG
[02:43:05] [137/296] VRCK
[02:43:06] [138/296] SRIN
[02:43:07] [139/296] CXMK
[02:43:09] [140/296] SKAD
[02:43:10] [141/296] AVTR
[02:43:11] [142/296] PTAJ
[02:43:13] [143/296] SCNK
[02:43:13] [144/296] STTI
[02:43:14] [145/296] KACR
[02:43:15] [146/296] SSDX
[02:43:16] [147/296] VRTJ
[02:43:17] [148/296] RAJD
[02:43:17] [149/296] SCIP
[02:43:18] [150/296] RJSL
[02:43:20] [151/296] ARRS
[02:43:21] [152/296] ASMS
[02:43:22] [153/296] RDTS
[02:43:23] [154/296] DVMY
[02:43:24] [155/296] RASA
[02:43:24] [156/296] INOM
[02:43:25] [157/296] SPRS
[02:43:26] [158/296] SGCS
[02:43:27] [159/296] SALM
[02:43:27] [160/296] PKHC
[02:43:28] [161/296] RCSV
[02:43:29] [162/296] CPKC
[02:43:30] [163/296] AACD
[02:43:31] [164/296] GGCV
[02:43:32] [165/296] SMKD
[02:43:33] [166/296] NBCH
[02:43:34] [167/296] AMCB
[02:43:35] [168/296] OPCN
[02:43:36] [169/296] DCIN
[02:43:37] [170/296] INGW
[02:43:38] [171/296] PKKW
[02:43:39] [172/296] FNGW
[02:43:41] [173/296] GCGD
[02:43:42] [174/296] MSTW
[02:43:42] [175/296] KCCG
[02:43:44] [176/296] MRSS
[02:43:45] [177/296] CLCF
[02:43:46] [178/296] EETS
[02:43:47] [179/296] AATR
[02:43:48] [180/296] CMMN
[02:43:49] [181/296] SCCJ
[02:43:50] [182/296] CDTK
[02:43:50] [183/296] AICP
[02:43:51] [184/296] FNBP
[02:43:52] [185/296] CBPB
[02:43:53] [186/296] CPAS
[02:43:54] [187/296] MAPM
[02:43:55] [188/296] PASD
[02:43:55] [189/296] JCMN
[02:43:56] [190/296] MALB
[02:43:57] [191/296] SACG
[02:43:58] [192/296] DDRX
[02:43:59] [193/296] DDXB
[02:44:00] [194/296] RAMC
[02:44:01] [195/296] SANC
[02:44:01] [196/296] BCBP
[02:44:02] [197/296] ALPC
[02:44:03] [198/296] RBAC
[02:44:04] [199/296] RAJL
[02:44:05] [200/296] MPDX
[02:44:06] [201/296] MUSC
[02:44:06] [202/296] VKMK
[02:44:07] [203/296] SKCG
[02:44:08] [204/296] ANCN
[02:44:09] [205/296] MMCJ
[02:44:10] [206/296] DCAK
[02:44:10] [207/296] SCKG
[02:44:12] [208/296] LMCK
[02:44:13] [209/296] CKKX
[02:44:13] [210/296] ANKU
[02:44:14] [211/296] CSMD
[02:44:15] [212/296] MKMP
[02:44:16] [213/296] SVBG
[02:44:17] [214/296] ROOP
[02:44:17] [215/296] GDMT
[02:44:18] [216/296] FPPF
[02:44:19] [217/296] SFUU
[02:44:20] [218/296] ANCB
[02:44:21] [219/296] SMMC
[02:44:21] [220/296] UGKT
[02:44:22] [221/296] JVRM
[02:44:23] [222/296] BATG
[02:44:24] [223/296] RATE
[02:44:25] [224/296] SKME
[02:44:26] [225/296] LMTP
[02:44:27] [226/296] TCBD
[02:44:28] [227/296] ESBD
[02:44:28] [228/296] GDCU
[02:44:29] [229/296] SNKT
[02:44:30] [230/296] SRNK
[02:44:31] [231/296] SMED
[02:44:31] [232/296] CSQS
[02:44:32] [233/296] ALCS
[02:44:34] [234/296] KCKN
[02:44:35] [235/296] VCCL
[02:44:36] [236/296] MCDA
[02:44:36] [237/296] SHMI
[02:44:37] [238/296] SKHA
[02:44:38] [239/296] SVFK
[02:44:39] [240/296] INVB
[02:44:40] [241/296] MELD
[02:44:41] [242/296] JTYS
[02:44:42] [243/296] INCM
[02:44:42] [244/296] MCDV
[02:44:43] [245/296] KSGK
[02:44:44] [246/296] ICMG
[02:44:45] [247/296] CSCV
[02:44:46] [248/296] STMD
[02:44:47] [249/296] STTR
[02:44:48] [250/296] INVC
[02:44:48] [251/296] JTBL
[02:44:49] [252/296] SRVV
[02:44:50] [253/296] MAVC
[02:44:51] [254/296] SRPP
[02:44:52] [255/296] JGDM
[02:44:53] [256/296] MBSJ
[02:44:53] [257/296] SSLL
[02:44:54] [258/296] SLKP
[02:44:55] [259/296] NSRV
[02:44:56] [260/296] UTDV
[02:44:57] [261/296] KICM
[02:44:58] [262/296] KCMD
[02:44:59] [263/296] TTPP
[02:45:00] [264/296] KMPV
[02:45:01] [265/296] SKTV
[02:45:01] [266/296] STCV
[02:45:02] [267/296] SRDA
[02:45:03] [268/296] JTSX
[02:45:04] [269/296] STBV
[02:45:05] [270/296] APVZ
[02:45:05] [271/296] GSTV
[02:45:07] [272/296] NMVS
[02:45:08] [273/296] SKRT
[02:45:09] [274/296] RMDV
[02:45:10] [275/296] RATG
[02:45:11] [276/296] SJYV
[02:45:12] [277/296] NDGP
[02:45:12] [278/296] SNDG
[02:45:13] [279/296] INSR
[02:45:14] [280/296] INSO
[02:45:15] [281/296] CCSI
[02:45:16] [282/296] RASM
[02:45:17] [283/296] NEWC
[02:45:18] [284/296] VSHL
[02:45:19] [285/296] BISW
[02:45:19] [286/296] GCNG
[02:45:20] [287/296] CWSC
[02:45:21] [288/296] SKAN
[02:45:22] [289/296] SEHP
[02:45:23] [290/296] CCOA
[02:45:23] [291/296] MCAJ
[02:45:24] [292/296] ACDE
[02:45:25] [293/296] AACM
[02:45:26] [294/296] JJCK
[02:45:28] [295/296] RCMO
[02:45:29] [296/296] GDAW
[02:45:30] ✅ DONE | Shows=0 | Movies=0
