[00:39:41] 🚀 BMS DAILY TRACKER STARTED
[00:39:41] [1/459] NECA
[00:39:41] 🧠 New identity
[00:39:42] [2/459] BJLC
[00:39:42] [3/459] BASU
[00:39:43] [4/459] RUPI
[00:39:45] [5/459] LCBK
[00:39:46] [6/459] PMAC
[00:39:47] [7/459] AMLC
[00:39:48] [8/459] LICL
[00:39:49] [9/459] UDMM
[00:39:50] [10/459] STBZ
[00:39:51] [11/459] UUBT
[00:39:52] [12/459] SJKC
[00:39:53] [13/459] TUAL
[00:39:53] [14/459] MRSE
[00:39:55] [15/459] RMRK
[00:39:55] [16/459] TTKP
[00:39:56] [17/459] KTKO
[00:39:57] [18/459] SDBK
[00:39:58] [19/459] MCPR
[00:39:59] [20/459] CHTI
[00:40:00] [21/459] GCCP
[00:40:01] [22/459] SRMY
[00:40:02] [23/459] NYST
[00:40:04] [24/459] NYAG
[00:40:04] [25/459] SBMT
[00:40:05] [26/459] INGA
[00:40:07] [27/459] WSIC
[00:40:07] [28/459] SCSS
[00:40:08] [29/459] COPG
[00:40:09] [30/459] RCGR
[00:40:10] [31/459] TCZA
[00:40:11] [32/459] CNLP
[00:40:12] [33/459] CLKN
[00:40:13] [34/459] LHDF
[00:40:13] [35/459] ELKC
[00:40:14] [36/459] VCEM
[00:40:15] [37/459] SSZA
[00:40:16] [38/459] KRMT
[00:40:16] [39/459] LCMV
[00:40:17] [40/459] AYCZ
[00:40:19] [41/459] CUMS
[00:40:20] [42/459] BOCK
[00:40:21] [43/459] PNMR
[00:40:22] [44/459] PJCP
[00:40:22] [45/459] JDDD
[00:40:23] [46/459] STMS
[00:40:24] [47/459] FLMB
[00:40:25] [48/459] PKCM
[00:40:26] [49/459] SPPR
[00:40:26] [50/459] EYLH
[00:40:28] [51/459] RJCC
[00:40:29] [52/459] MMPS
[00:40:30] [53/459] SHMX
[00:40:30] [54/459] CCNL
[00:40:31] [55/459] RCNV
[00:40:32] [56/459] MAAG
[00:40:33] [57/459] LXCM
[00:40:34] [58/459] RCNI
[00:40:35] [59/459] SNNI
[00:40:36] [60/459] LALC
[00:40:37] [61/459] SOCN
[00:40:38] [62/459] JHTP
[00:40:39] [63/459] PITP
[00:40:40] [64/459] CCKW
[00:40:41] [65/459] MCMC
[00:40:42] [66/459] DEES
[00:40:43] [67/459] SABT
[00:40:44] [68/459] VSPP
[00:40:45] [69/459] ABCT
[00:40:46] [70/459] JVTB
[00:40:47] [71/459] VCBD
[00:40:48] [72/459] RMGG
[00:40:49] [73/459] RNMH
[00:40:50] [74/459] SPGL
[00:40:50] [75/459] JTTR
[00:40:51] [76/459] SICS
[00:40:52] [77/459] SRMI
[00:40:53] [78/459] SSIJ
[00:40:53] [79/459] KFMT
[00:40:54] [80/459] VBIT
[00:40:55] [81/459] JKCT
[00:40:56] [82/459] GCGP
[00:40:57] [83/459] GDCS
[00:40:58] [84/459] TRBA
[00:40:59] [85/459] QUST
[00:41:00] [86/459] VSHM
[00:41:01] [87/459] SDCP
[00:41:02] [88/459] SNVS
[00:41:03] [89/459] NYTO
[00:41:03] [90/459] URWC
[00:41:04] [91/459] GTWH
[00:41:05] [92/459] PFCM
[00:41:05] [93/459] KRTA
[00:41:06] [94/459] AXMC
[00:41:07] [95/459] EVMC
[00:41:08] [96/459] HGSM
[00:41:09] [97/459] ACVM
[00:41:10] [98/459] PSKL
[00:41:11] [99/459] RDMP
[00:41:12] [100/459] RHGH
[00:41:12] [101/459] OMCM
[00:41:13] [102/459] DCCP
[00:41:14] [103/459] MCPB
[00:41:15] [104/459] ALCI
[00:41:16] [105/459] BLMX
[00:41:16] [106/459] BTMV
[00:41:17] [107/459] FVPN
[00:41:18] [108/459] CMAR
[00:41:19] [109/459] CEIM
[00:41:20] [110/459] CMVA
[00:41:21] [111/459] CPIV
[00:41:21] [112/459] CNPE
[00:41:22] [113/459] COLV
[00:41:23] [114/459] DNNV
[00:41:25] [115/459] HCAD
[00:41:25] [116/459] TAKA
[00:41:26] [117/459] INVD
[00:41:27] [118/459] IRMM
[00:41:28] [119/459] INSE
[00:41:28] [120/459] MRSW
[00:41:29] [121/459] MCVD
[00:41:30] [122/459] MCSO
[00:41:31] [123/459] PEVM
[00:41:32] [124/459] PVNL
[00:41:33] [125/459] PTCV
[00:41:34] [126/459] PRTC
[00:41:35] [127/459] RCVA
[00:41:36] [128/459] MTBN
[00:41:37] [129/459] LUCP
[00:41:38] [130/459] FMPT
[00:41:38] [131/459] JLSL
[00:41:39] [132/459] SBHA
[00:41:40] [133/459] SHRC
[00:41:41] [134/459] AVPS
[00:41:42] [135/459] STPM
[00:41:43] [136/459] ATRD
[00:41:44] [137/459] VTED
[00:41:45] [138/459] ACAI
[00:41:46] [139/459] SMAE
[00:41:47] [140/459] VMAT
[00:41:48] [141/459] LKCT
[00:41:48] [142/459] JTVK
[00:41:50] [143/459] PRTY
[00:41:51] [144/459] GETT
[00:41:53] [145/459] ESAP
[00:41:54] [146/459] NCPM
[00:41:54] [147/459] PCPA
[00:41:55] [148/459] MMOM
[00:41:56] [149/459] PHUP
[00:41:57] [150/459] CCPI
[00:41:57] [151/459] CNTD
[00:41:58] [152/459] NLJR
[00:42:00] [153/459] SRNG
[00:42:00] [154/459] MHAL
[00:42:01] [155/459] PNSM
[00:42:02] [156/459] DRMY
[00:42:03] [157/459] CCMU
[00:42:04] [158/459] SCMY
[00:42:05] [159/459] PVSY
[00:42:06] [160/459] SDLM
[00:42:07] [161/459] ICCM
[00:42:08] [162/459] PYSU
[00:42:09] [163/459] GATM
[00:42:10] [164/459] WOTM
[00:42:11] [165/459] RKTS
[00:42:12] [166/459] PMTY
[00:42:13] [167/459] LYMS
[00:42:14] [168/459] TGCA
[00:42:15] [169/459] DSTA
[00:42:15] [170/459] CNGE
[00:42:16] [171/459] VSTG
[00:42:17] [172/459] GTCK
[00:42:18] [173/459] TGNT
[00:42:19] [174/459] ASLC
[00:42:20] [175/459] SSST
[00:42:21] [176/459] KBTT
[00:42:22] [177/459] HKCP
[00:42:22] [178/459] SWLC
[00:42:23] [179/459] RTND
[00:42:25] [180/459] PKKT
[00:42:26] [181/459] HSTK
[00:42:26] [182/459] SPTT
[00:42:27] [183/459] IMPM
[00:42:28] [184/459] SCMV
[00:42:29] [185/459] SPCT
[00:42:29] [186/459] JBCA
[00:42:30] [187/459] ATTR
[00:42:31] [188/459] SPMT
[00:42:32] [189/459] LCTM
[00:42:33] [190/459] SCVL
[00:42:33] [191/459] SCVT
[00:42:34] [192/459] KRIC
[00:42:35] [193/459] CTMG
[00:42:36] [194/459] ACNC
[00:42:37] [195/459] DMCK
[00:42:37] [196/459] KMTV
[00:42:38] [197/459] PFCJ
[00:42:39] [198/459] VNMD
[00:42:40] [199/459] VPCZ
[00:42:41] [200/459] SRYR
[00:42:42] [201/459] SYTR
[00:42:43] [202/459] GATR
[00:42:44] [203/459] URTR
[00:42:45] [204/459] MKSM
[00:42:46] [205/459] VSMH
[00:42:47] [206/459] SKRJ
[00:42:48] [207/459] SSJR
[00:42:49] [208/459] SVSM
[00:42:50] [209/459] RUCM
[00:42:51] [210/459] PRKN
[00:42:51] [211/459] RROH
[00:42:52] [212/459] SCTN
[00:42:53] [213/459] RTDM
[00:42:54] [214/459] ASRM
[00:42:55] [215/459] SKMD
[00:42:56] [216/459] SUTD
[00:42:56] [217/459] SADM
[00:42:57] [218/459] WCNR
[00:42:58] [219/459] CNED
[00:42:59] [220/459] MPDB
[00:43:00] [221/459] KTBH
[00:43:01] [222/459] IDRM
[00:43:02] [223/459] PJJT
[00:43:02] [224/459] PFCV
[00:43:03] [225/459] AACT
[00:43:04] [226/459] AAAD
[00:43:05] [227/459] ANES
[00:43:06] [228/459] MNCA
[00:43:06] [229/459] RMGU
[00:43:07] [230/459] DLCN
[00:43:08] [231/459] LJWT
[00:43:09] [232/459] MCBG
[00:43:10] [233/459] MYBG
[00:43:11] [234/459] GCCA
[00:43:12] [235/459] GCGA
[00:43:13] [236/459] ECGN
[00:43:14] [237/459] PRAB
[00:43:15] [238/459] PNMP
[00:43:15] [239/459] GCPT
[00:43:17] [240/459] ROYN
[00:43:17] [241/459] VATM
[00:43:18] [242/459] KSNT
[00:43:19] [243/459] ACTC
[00:43:20] [244/459] PLTD
[00:43:21] [245/459] SKMK
[00:43:21] [246/459] CMTT
[00:43:22] [247/459] SMXP
[00:43:23] [248/459] SCMX
[00:43:24] [249/459] ACXN
[00:43:25] [250/459] ASWT
[00:43:26] [251/459] VVVL
[00:43:27] [252/459] NAGO
[00:43:28] [253/459] SNCN
[00:43:28] [254/459] MCKP
[00:43:30] [255/459] SAMO
[00:43:31] [256/459] JBTV
[00:43:32] [257/459] DCVV
[00:43:32] [258/459] KMSV
[00:43:33] [259/459] KDCN
[00:43:34] [260/459] CNCP
[00:43:35] [261/459] HAMC
[00:43:35] [262/459] CCVZ
[00:43:37] [263/459] NCCK
[00:43:38] [264/459] MCHR
[00:43:38] [265/459] SCHT
[00:43:39] [266/459] ESSH
[00:43:40] [267/459] CUJC
[00:43:41] [268/459] PECP
[00:43:41] [269/459] PMMI
[00:43:42] [270/459] PCCH
[00:43:43] [271/459] PRPM
[00:43:44] [272/459] PVKL
[00:43:45] [273/459] CBSM
[00:43:45] [274/459] PVCZ
[00:43:46] [275/459] PCVV
[00:43:47] [276/459] CTMJ
[00:43:48] [277/459] RCPS
[00:43:48] [278/459] PCIT
[00:43:50] [279/459] FNCH
[00:43:51] [280/459] INZD
[00:43:52] [281/459] INPC
[00:43:53] [282/459] LCZP
[00:43:54] [283/459] SMCB
[00:43:55] [284/459] PTSB
[00:43:56] [285/459] TPSI
[00:43:57] [286/459] KHMJ
[00:43:58] [287/459] RCCJ
[00:43:59] [288/459] NCJA
[00:44:00] [289/459] NCJN
[00:44:01] [290/459] BTDP
[00:44:01] [291/459] PADY
[00:44:02] [292/459] NYBH
[00:44:03] [293/459] MTBR
[00:44:04] [294/459] KRBC
[00:44:05] [295/459] DKTI
[00:44:06] [296/459] ANAN
[00:44:07] [297/459] INBP
[00:44:08] [298/459] PATB
[00:44:08] [299/459] RGNT
[00:44:09] [300/459] CGPM
[00:44:10] [301/459] INTN
[00:44:11] [302/459] MCMP
[00:44:12] [303/459] ASRG
[00:44:12] [304/459] CXJD
[00:44:13] [305/459] SPCP
[00:44:14] [306/459] CSTP
[00:44:15] [307/459] PKVC
[00:44:16] [308/459] ESCP
[00:44:16] [309/459] CAEP
[00:44:17] [310/459] CCSP
[00:44:18] [311/459] KTPC
[00:44:18] [312/459] DACA
[00:44:20] [313/459] NVKY
[00:44:21] [314/459] PTIN
[00:44:21] [315/459] SCIN
[00:44:22] [316/459] MCTY
[00:44:23] [317/459] PCMX
[00:44:24] [318/459] INIC
[00:44:25] [319/459] MMZM
[00:44:26] [320/459] SSLP
[00:44:27] [321/459] DTDT
[00:44:28] [322/459] FFCX
[00:44:29] [323/459] RCMM
[00:44:30] [324/459] KYID
[00:44:30] [325/459] CSCI
[00:44:31] [326/459] FCMC
[00:44:32] [327/459] MMXI
[00:44:33] [328/459] ASTC
[00:44:34] [329/459] CMRA
[00:44:34] [330/459] DICI
[00:44:35] [331/459] KDIN
[00:44:36] [332/459] PRFI
[00:44:37] [333/459] SVFC
[00:44:38] [334/459] UCPL
[00:44:38] [335/459] COOC
[00:44:39] [336/459] SCAL
[00:44:40] [337/459] SVFF
[00:44:40] [338/459] VCMG
[00:44:41] [339/459] UUCT
[00:44:42] [340/459] GCSE
[00:44:43] [341/459] SUSC
[00:44:44] [342/459] MISC
[00:44:44] [343/459] RMBL
[00:44:45] [344/459] CMXN
[00:44:46] [345/459] PVBK
[00:44:47] [346/459] HHCG
[00:44:48] [347/459] SCAG
[00:44:48] [348/459] CNPR
[00:44:50] [349/459] CSER
[00:44:51] [350/459] HLWD
[00:44:51] [351/459] BOLY
[00:44:52] [352/459] SSPG
[00:44:53] [353/459] MUPX
[00:44:54] [354/459] HAMR
[00:44:55] [355/459] SDNC
[00:44:56] [356/459] RTEN
[00:44:56] [357/459] SDTD
[00:44:57] [358/459] KAWS
[00:44:58] [359/459] CMZX
[00:44:59] [360/459] DCDD
[00:45:00] [361/459] ALSN
[00:45:01] [362/459] IMXS
[00:45:01] [363/459] PVFF
[00:45:02] [364/459] PVOO
[00:45:03] [365/459] CFBS
[00:45:04] [366/459] PVER
[00:45:05] [367/459] PPNX
[00:45:05] [368/459] CNRM
[00:45:06] [369/459] PVWW
[00:45:07] [370/459] INMB
[00:45:08] [371/459] CPJR
[00:45:09] [372/459] INRZ
[00:45:10] [373/459] PMSR
[00:45:11] [374/459] GPGM
[00:45:11] [375/459] PGWB
[00:45:12] [376/459] PMBR
[00:45:13] [377/459] GPAM
[00:45:14] [378/459] INBC
[00:45:15] [379/459] PZVK
[00:45:16] [380/459] CPEB
[00:45:17] [381/459] FMLB
[00:45:17] [382/459] INBG
[00:45:18] [383/459] GPBR
[00:45:19] [384/459] PAAS
[00:45:19] [385/459] VTBR
[00:45:20] [386/459] GPMY
[00:45:21] [387/459] GYBU
[00:45:22] [388/459] INBJ
[00:45:23] [389/459] LKTH
[00:45:24] [390/459] NSBR
[00:45:26] [391/459] PDRD
[00:45:26] [392/459] VRBL
[00:45:27] [393/459] VTGB
[00:45:28] [394/459] VTSK
[00:45:29] [395/459] BKDV
[00:45:30] [396/459] SVTB
[00:45:30] [397/459] MLDT
[00:45:31] [398/459] NRBL
[00:45:32] [399/459] SLTR
[00:45:33] [400/459] VNKA
[00:45:34] [401/459] TDCA
[00:45:35] [402/459] INBM
[00:45:36] [403/459] SSNR
[00:45:36] [404/459] BHAC
[00:45:37] [405/459] SDSD
[00:45:38] [406/459] SAMP
[00:45:39] [407/459] RATK
[00:45:40] [408/459] KCBI
[00:45:41] [409/459] URBL
[00:45:42] [410/459] MKBG
[00:45:43] [411/459] ASTB
[00:45:44] [412/459] VBWT
[00:45:45] [413/459] GPSM
[00:45:46] [414/459] ROON
[00:45:47] [415/459] CHTH
[00:45:48] [416/459] SSPA
[00:45:49] [417/459] ANBL
[00:45:50] [418/459] VTBE
[00:45:51] [419/459] SVKT
[00:45:51] [420/459] SVYK
[00:45:52] [421/459] PTBK
[00:45:53] [422/459] RKTB
[00:45:54] [423/459] BALT
[00:45:55] [424/459] STSV
[00:45:55] [425/459] VCCB
[00:45:56] [426/459] SLTB
[00:45:57] [427/459] SBCR
[00:45:58] [428/459] VDCS
[00:45:59] [429/459] MDKI
[00:45:59] [430/459] SMRN
[00:46:00] [431/459] PTBC
[00:46:01] [432/459] RADI
[00:46:02] [433/459] ADCR
[00:46:03] [434/459] SDCS
[00:46:03] [435/459] SRPJ
[00:46:04] [436/459] ARTS
[00:46:06] [437/459] SRHK
[00:46:06] [438/459] SPAY
[00:46:07] [439/459] GPTB
[00:46:08] [440/459] SNNN
[00:46:09] [441/459] BALJ
[00:46:10] [442/459] TRIG
[00:46:11] [443/459] GTYT
[00:46:12] [444/459] ATGN
[00:46:12] [445/459] ANTE
[00:46:13] [446/459] BDCG
[00:46:14] [447/459] VECI
[00:46:15] [448/459] SCPR
[00:46:16] [449/459] RTEA
[00:46:18] [450/459] JSAI
[00:46:19] [451/459] VJTP
[00:46:20] [452/459] GNDS
[00:46:21] [453/459] PAXA
[00:46:22] [454/459] CGGM
[00:46:23] [455/459] ACKZ
[00:46:23] [456/459] EMCC
[00:46:25] [457/459] KLSK
[00:46:26] [458/459] AVCK
[00:46:27] [459/459] JTCK
[00:46:28] ✅ DONE | Shows=1 | Movies=1
[01:44:26] 🚀 BMS DAILY TRACKER STARTED
[01:44:26] [1/459] NECA
[01:44:26] 🧠 New identity
[01:44:27] [2/459] BJLC
[01:44:28] [3/459] BASU
[01:44:28] [4/459] RUPI
[01:44:29] [5/459] LCBK
[01:44:31] [6/459] PMAC
[01:44:31] [7/459] AMLC
[01:44:32] [8/459] LICL
[01:44:34] [9/459] UDMM
[01:44:34] [10/459] STBZ
[01:44:35] [11/459] UUBT
[01:44:36] [12/459] SJKC
[01:44:37] [13/459] TUAL
[01:44:38] [14/459] MRSE
[01:44:38] [15/459] RMRK
[01:44:39] [16/459] TTKP
[01:44:40] [17/459] KTKO
[01:44:41] [18/459] SDBK
[01:44:41] [19/459] MCPR
[01:44:42] [20/459] CHTI
[01:44:43] [21/459] GCCP
[01:44:44] [22/459] SRMY
[01:44:45] [23/459] NYST
[01:44:46] [24/459] NYAG
[01:44:46] [25/459] SBMT
[01:44:48] [26/459] INGA
[01:44:49] [27/459] WSIC
[01:44:50] [28/459] SCSS
[01:44:50] [29/459] COPG
[01:44:51] [30/459] RCGR
[01:44:52] [31/459] TCZA
[01:44:53] [32/459] CNLP
[01:44:54] [33/459] CLKN
[01:44:55] [34/459] LHDF
[01:44:56] [35/459] ELKC
[01:44:57] [36/459] VCEM
[01:44:58] [37/459] SSZA
[01:44:59] [38/459] KRMT
[01:45:00] [39/459] LCMV
[01:45:01] [40/459] AYCZ
[01:45:02] [41/459] CUMS
[01:45:03] [42/459] BOCK
[01:45:03] [43/459] PNMR
[01:45:04] [44/459] PJCP
[01:45:05] [45/459] JDDD
[01:45:06] [46/459] STMS
[01:45:07] [47/459] FLMB
[01:45:08] [48/459] PKCM
[01:45:09] [49/459] SPPR
[01:45:10] [50/459] EYLH
[01:45:11] [51/459] RJCC
[01:45:13] [52/459] MMPS
[01:45:13] [53/459] SHMX
[01:45:14] [54/459] CCNL
[01:45:15] [55/459] RCNV
[01:45:16] [56/459] MAAG
[01:45:17] [57/459] LXCM
[01:45:18] [58/459] RCNI
[01:45:18] [59/459] SNNI
[01:45:19] [60/459] LALC
[01:45:20] [61/459] SOCN
[01:45:21] [62/459] JHTP
[01:45:22] [63/459] PITP
[01:45:22] [64/459] CCKW
[01:45:24] [65/459] MCMC
[01:45:25] [66/459] DEES
[01:45:26] [67/459] SABT
[01:45:27] [68/459] VSPP
[01:45:28] [69/459] ABCT
[01:45:28] [70/459] JVTB
[01:45:29] [71/459] VCBD
[01:45:30] [72/459] RMGG
[01:45:31] [73/459] RNMH
[01:45:33] [74/459] SPGL
[01:45:33] [75/459] JTTR
[01:45:34] [76/459] SICS
[01:45:35] [77/459] SRMI
[01:45:36] [78/459] SSIJ
[01:45:37] [79/459] KFMT
[01:45:38] [80/459] VBIT
[01:45:39] [81/459] JKCT
[01:45:40] [82/459] GCGP
[01:45:41] [83/459] GDCS
[01:45:42] [84/459] TRBA
[01:45:43] [85/459] QUST
[01:45:44] [86/459] VSHM
[01:45:45] [87/459] SDCP
[01:45:46] [88/459] SNVS
[01:45:47] [89/459] NYTO
[01:45:47] [90/459] URWC
[01:45:48] [91/459] GTWH
[01:45:49] [92/459] PFCM
[01:45:50] [93/459] KRTA
[01:45:51] [94/459] AXMC
[01:45:53] [95/459] EVMC
[01:45:54] [96/459] HGSM
[01:45:55] [97/459] ACVM
[01:45:56] [98/459] PSKL
[01:45:58] [99/459] RDMP
[01:45:59] [100/459] RHGH
[01:45:59] [101/459] OMCM
[01:46:00] [102/459] DCCP
[01:46:01] [103/459] MCPB
[01:46:02] [104/459] ALCI
[01:46:02] [105/459] BLMX
[01:46:03] [106/459] BTMV
[01:46:04] [107/459] FVPN
[01:46:05] [108/459] CMAR
[01:46:06] [109/459] CEIM
[01:46:07] [110/459] CMVA
[01:46:07] [111/459] CPIV
[01:46:08] [112/459] CNPE
[01:46:09] [113/459] COLV
[01:46:10] [114/459] DNNV
[01:46:11] [115/459] HCAD
[01:46:12] [116/459] TAKA
[01:46:13] [117/459] INVD
[01:46:13] [118/459] IRMM
[01:46:14] [119/459] INSE
[01:46:15] [120/459] MRSW
[01:46:16] [121/459] MCVD
[01:46:17] [122/459] MCSO
[01:46:17] [123/459] PEVM
[01:46:19] [124/459] PVNL
[01:46:20] [125/459] PTCV
[01:46:20] [126/459] PRTC
[01:46:21] [127/459] RCVA
[01:46:22] [128/459] MTBN
[01:46:23] [129/459] LUCP
[01:46:24] [130/459] FMPT
[01:46:24] [131/459] JLSL
[01:46:26] [132/459] SBHA
[01:46:27] [133/459] SHRC
[01:46:27] [134/459] AVPS
[01:46:28] [135/459] STPM
[01:46:29] [136/459] ATRD
[01:46:30] [137/459] VTED
[01:46:31] [138/459] ACAI
[01:46:32] [139/459] SMAE
[01:46:33] [140/459] VMAT
[01:46:34] [141/459] LKCT
[01:46:35] [142/459] JTVK
[01:46:36] [143/459] PRTY
[01:46:36] [144/459] GETT
[01:46:37] [145/459] ESAP
[01:46:39] [146/459] NCPM
[01:46:40] [147/459] PCPA
[01:46:40] [148/459] MMOM
[01:46:41] [149/459] PHUP
[01:46:42] [150/459] CCPI
[01:46:43] [151/459] CNTD
[01:46:44] [152/459] NLJR
[01:46:45] [153/459] SRNG
[01:46:46] [154/459] MHAL
[01:46:47] [155/459] PNSM
[01:46:48] [156/459] DRMY
[01:46:49] [157/459] CCMU
[01:46:49] [158/459] SCMY
[01:46:51] [159/459] PVSY
[01:46:52] [160/459] SDLM
[01:46:53] [161/459] ICCM
[01:46:53] [162/459] PYSU
[01:46:54] [163/459] GATM
[01:46:56] [164/459] WOTM
[01:46:56] [165/459] RKTS
[01:46:57] [166/459] PMTY
[01:46:58] [167/459] LYMS
[01:46:59] [168/459] TGCA
[01:47:00] [169/459] DSTA
[01:47:01] [170/459] CNGE
[01:47:02] [171/459] VSTG
[01:47:03] [172/459] GTCK
[01:47:04] [173/459] TGNT
[01:47:04] [174/459] ASLC
[01:47:05] [175/459] SSST
[01:47:06] [176/459] KBTT
[01:47:07] [177/459] HKCP
[01:47:08] [178/459] SWLC
[01:47:08] [179/459] RTND
[01:47:10] [180/459] PKKT
[01:47:11] [181/459] HSTK
[01:47:12] [182/459] SPTT
[01:47:13] [183/459] IMPM
[01:47:13] [184/459] SCMV
[01:47:14] [185/459] SPCT
[01:47:15] [186/459] JBCA
[01:47:16] [187/459] ATTR
[01:47:17] [188/459] SPMT
[01:47:17] [189/459] LCTM
[01:47:18] [190/459] SCVL
[01:47:19] [191/459] SCVT
[01:47:20] [192/459] KRIC
[01:47:21] [193/459] CTMG
[01:47:21] [194/459] ACNC
[01:47:22] [195/459] DMCK
[01:47:23] [196/459] KMTV
[01:47:24] [197/459] PFCJ
[01:47:25] [198/459] VNMD
[01:47:26] [199/459] VPCZ
[01:47:27] [200/459] SRYR
[01:47:29] [201/459] SYTR
[01:47:30] [202/459] GATR
[01:47:31] [203/459] URTR
[01:47:32] [204/459] MKSM
[01:47:33] [205/459] VSMH
[01:47:33] [206/459] SKRJ
[01:47:34] [207/459] SSJR
[01:47:35] [208/459] SVSM
[01:47:35] [209/459] RUCM
[01:47:37] [210/459] PRKN
[01:47:38] [211/459] RROH
[01:47:38] [212/459] SCTN
[01:47:39] [213/459] RTDM
[01:47:40] [214/459] ASRM
[01:47:40] [215/459] SKMD
[01:47:41] [216/459] SUTD
[01:47:42] [217/459] SADM
[01:47:43] [218/459] WCNR
[01:47:44] [219/459] CNED
[01:47:45] [220/459] MPDB
[01:47:46] [221/459] KTBH
[01:47:46] [222/459] IDRM
[01:47:47] [223/459] PJJT
[01:47:48] [224/459] PFCV
[01:47:49] [225/459] AACT
[01:47:50] [226/459] AAAD
[01:47:51] [227/459] ANES
[01:47:52] [228/459] MNCA
[01:47:53] [229/459] RMGU
[01:47:53] [230/459] DLCN
[01:47:54] [231/459] LJWT
[01:47:55] [232/459] MCBG
[01:47:56] [233/459] MYBG
[01:47:57] [234/459] GCCA
[01:47:58] [235/459] GCGA
[01:47:59] [236/459] ECGN
[01:48:00] [237/459] PRAB
[01:48:01] [238/459] PNMP
[01:48:01] [239/459] GCPT
[01:48:02] [240/459] ROYN
[01:48:03] [241/459] VATM
[01:48:04] [242/459] KSNT
[01:48:05] [243/459] ACTC
[01:48:06] [244/459] PLTD
[01:48:07] [245/459] SKMK
[01:48:08] [246/459] CMTT
[01:48:09] [247/459] SMXP
[01:48:10] [248/459] SCMX
[01:48:10] [249/459] ACXN
[01:48:11] [250/459] ASWT
[01:48:12] [251/459] VVVL
[01:48:13] [252/459] NAGO
[01:48:14] [253/459] SNCN
[01:48:14] [254/459] MCKP
[01:48:15] [255/459] SAMO
[01:48:16] [256/459] JBTV
[01:48:17] [257/459] DCVV
[01:48:18] [258/459] KMSV
[01:48:18] [259/459] KDCN
[01:48:19] [260/459] CNCP
[01:48:20] [261/459] HAMC
[01:48:21] [262/459] CCVZ
[01:48:22] [263/459] NCCK
[01:48:22] [264/459] MCHR
[01:48:24] [265/459] SCHT
[01:48:25] [266/459] ESSH
[01:48:25] [267/459] CUJC
[01:48:26] [268/459] PECP
[01:48:27] [269/459] PMMI
[01:48:28] [270/459] PCCH
[01:48:29] [271/459] PRPM
[01:48:30] [272/459] PVKL
[01:48:31] [273/459] CBSM
[01:48:31] [274/459] PVCZ
[01:48:33] [275/459] PCVV
[01:48:33] [276/459] CTMJ
[01:48:34] [277/459] RCPS
[01:48:35] [278/459] PCIT
[01:48:36] [279/459] FNCH
[01:48:37] [280/459] INZD
[01:48:37] [281/459] INPC
[01:48:38] [282/459] LCZP
[01:48:39] [283/459] SMCB
[01:48:40] [284/459] PTSB
[01:48:41] [285/459] TPSI
[01:48:41] [286/459] KHMJ
[01:48:42] [287/459] RCCJ
[01:48:43] [288/459] NCJA
[01:48:44] [289/459] NCJN
[01:48:45] [290/459] BTDP
[01:48:46] [291/459] PADY
[01:48:47] [292/459] NYBH
[01:48:48] [293/459] MTBR
[01:48:48] [294/459] KRBC
[01:48:49] [295/459] DKTI
[01:48:50] [296/459] ANAN
[01:48:51] [297/459] INBP
[01:48:52] [298/459] PATB
[01:48:53] [299/459] RGNT
[01:48:54] [300/459] CGPM
[01:48:55] [301/459] INTN
[01:48:55] [302/459] MCMP
[01:48:56] [303/459] ASRG
[01:48:58] [304/459] CXJD
[01:48:59] [305/459] SPCP
[01:49:00] [306/459] CSTP
[01:49:01] [307/459] PKVC
[01:49:02] [308/459] ESCP
[01:49:03] [309/459] CAEP
[01:49:03] [310/459] CCSP
[01:49:04] [311/459] KTPC
[01:49:05] [312/459] DACA
[01:49:06] [313/459] NVKY
[01:49:07] [314/459] PTIN
[01:49:08] [315/459] SCIN
[01:49:09] [316/459] MCTY
[01:49:10] [317/459] PCMX
[01:49:11] [318/459] INIC
[01:49:11] [319/459] MMZM
[01:49:12] [320/459] SSLP
[01:49:13] [321/459] DTDT
[01:49:14] [322/459] FFCX
[01:49:15] [323/459] RCMM
[01:49:16] [324/459] KYID
[01:49:17] [325/459] CSCI
[01:49:17] [326/459] FCMC
[01:49:18] [327/459] MMXI
[01:49:19] [328/459] ASTC
[01:49:20] [329/459] CMRA
[01:49:21] [330/459] DICI
[01:49:21] [331/459] KDIN
[01:49:22] [332/459] PRFI
[01:49:23] [333/459] SVFC
[01:49:24] [334/459] UCPL
[01:49:25] [335/459] COOC
[01:49:26] [336/459] SCAL
[01:49:27] [337/459] SVFF
[01:49:27] [338/459] VCMG
[01:49:28] [339/459] UUCT
[01:49:29] [340/459] GCSE
[01:49:31] [341/459] SUSC
[01:49:31] [342/459] MISC
[01:49:32] [343/459] RMBL
[01:49:34] [344/459] CMXN
[01:49:34] [345/459] PVBK
[01:49:35] [346/459] HHCG
[01:49:36] [347/459] SCAG
[01:49:37] [348/459] CNPR
[01:49:37] [349/459] CSER
[01:49:38] [350/459] HLWD
[01:49:39] [351/459] BOLY
[01:49:40] [352/459] SSPG
[01:49:40] [353/459] MUPX
[01:49:42] [354/459] HAMR
[01:49:43] [355/459] SDNC
[01:49:44] [356/459] RTEN
[01:49:44] [357/459] SDTD
[01:49:45] [358/459] KAWS
[01:49:46] [359/459] CMZX
[01:49:47] [360/459] DCDD
[01:49:48] [361/459] ALSN
[01:49:48] [362/459] IMXS
[01:49:49] [363/459] PVFF
[01:49:50] [364/459] PVOO
[01:49:51] [365/459] CFBS
[01:49:52] [366/459] PVER
[01:49:52] [367/459] PPNX
[01:49:53] [368/459] CNRM
[01:49:54] [369/459] PVWW
[01:49:55] [370/459] INMB
[01:49:56] [371/459] CPJR
[01:49:57] [372/459] INRZ
[01:49:59] [373/459] PMSR
[01:50:00] [374/459] GPGM
[01:50:02] [375/459] PGWB
[01:50:02] [376/459] PMBR
[01:50:03] [377/459] GPAM
[01:50:04] [378/459] INBC
[01:50:05] [379/459] PZVK
[01:50:05] [380/459] CPEB
[01:50:06] [381/459] FMLB
[01:50:07] [382/459] INBG
[01:50:08] [383/459] GPBR
[01:50:09] [384/459] PAAS
[01:50:09] [385/459] VTBR
[01:50:10] [386/459] GPMY
[01:50:11] [387/459] GYBU
[01:50:12] [388/459] INBJ
[01:50:13] [389/459] LKTH
[01:50:14] [390/459] NSBR
[01:50:14] [391/459] PDRD
[01:50:16] [392/459] VRBL
[01:50:17] [393/459] VTGB
[01:50:18] [394/459] VTSK
[01:50:19] [395/459] BKDV
[01:50:20] [396/459] SVTB
[01:50:21] [397/459] MLDT
[01:50:22] [398/459] NRBL
[01:50:23] [399/459] SLTR
[01:50:24] [400/459] VNKA
[01:50:25] [401/459] TDCA
[01:50:26] [402/459] INBM
[01:50:26] [403/459] SSNR
[01:50:27] [404/459] BHAC
[01:50:28] [405/459] SDSD
[01:50:29] [406/459] SAMP
[01:50:30] [407/459] RATK
[01:50:31] [408/459] KCBI
[01:50:32] [409/459] URBL
[01:50:32] [410/459] MKBG
[01:50:33] [411/459] ASTB
[01:50:34] [412/459] VBWT
[01:50:35] [413/459] GPSM
[01:50:36] [414/459] ROON
[01:50:37] [415/459] CHTH
[01:50:38] [416/459] SSPA
[01:50:39] [417/459] ANBL
[01:50:40] [418/459] VTBE
[01:50:40] [419/459] SVKT
[01:50:41] [420/459] SVYK
[01:50:42] [421/459] PTBK
[01:50:43] [422/459] RKTB
[01:50:45] [423/459] BALT
[01:50:45] [424/459] STSV
[01:50:46] [425/459] VCCB
[01:50:47] [426/459] SLTB
[01:50:47] [427/459] SBCR
[01:50:48] [428/459] VDCS
[01:50:49] [429/459] MDKI
[01:50:50] [430/459] SMRN
[01:50:51] [431/459] PTBC
[01:50:51] [432/459] RADI
[01:50:52] [433/459] ADCR
[01:50:53] [434/459] SDCS
[01:50:55] [435/459] SRPJ
[01:50:56] [436/459] ARTS
[01:50:57] [437/459] SRHK
[01:50:57] [438/459] SPAY
[01:50:58] [439/459] GPTB
[01:50:59] [440/459] SNNN
[01:51:00] [441/459] BALJ
[01:51:01] [442/459] TRIG
[01:51:02] [443/459] GTYT
[01:51:03] [444/459] ATGN
[01:51:04] [445/459] ANTE
[01:51:05] [446/459] BDCG
[01:51:06] [447/459] VECI
[01:51:07] [448/459] SCPR
[01:51:08] [449/459] RTEA
[01:51:09] [450/459] JSAI
[01:51:10] [451/459] VJTP
[01:51:10] [452/459] GNDS
[01:51:11] [453/459] PAXA
[01:51:12] [454/459] CGGM
[01:51:13] [455/459] ACKZ
[01:51:14] [456/459] EMCC
[01:51:15] [457/459] KLSK
[01:51:16] [458/459] AVCK
[01:51:17] [459/459] JTCK
[01:51:18] ✅ DONE | Shows=1 | Movies=1
[02:40:57] 🚀 BMS DAILY TRACKER STARTED
[02:40:57] [1/459] NECA
[02:40:57] 🧠 New identity
[02:40:58] [2/459] BJLC
[02:40:59] [3/459] BASU
[02:40:59] [4/459] RUPI
[02:41:00] [5/459] LCBK
[02:41:01] [6/459] PMAC
[02:41:03] [7/459] AMLC
[02:41:04] [8/459] LICL
[02:41:05] [9/459] UDMM
[02:41:06] [10/459] STBZ
[02:41:07] [11/459] UUBT
[02:41:08] [12/459] SJKC
[02:41:09] [13/459] TUAL
[02:41:11] [14/459] MRSE
[02:41:11] [15/459] RMRK
[02:41:12] [16/459] TTKP
[02:41:13] [17/459] KTKO
[02:41:14] [18/459] SDBK
[02:41:15] [19/459] MCPR
[02:41:15] [20/459] CHTI
[02:41:16] [21/459] GCCP
[02:41:18] [22/459] SRMY
[02:41:19] [23/459] NYST
[02:41:19] [24/459] NYAG
[02:41:20] [25/459] SBMT
[02:41:21] [26/459] INGA
[02:41:21] [27/459] WSIC
[02:41:23] [28/459] SCSS
[02:41:24] [29/459] COPG
[02:41:25] [30/459] RCGR
[02:41:26] [31/459] TCZA
[02:41:27] [32/459] CNLP
[02:41:28] [33/459] CLKN
[02:41:29] [34/459] LHDF
[02:41:29] [35/459] ELKC
[02:41:30] [36/459] VCEM
[02:41:31] [37/459] SSZA
[02:41:32] [38/459] KRMT
[02:41:33] [39/459] LCMV
[02:41:34] [40/459] AYCZ
[02:41:35] [41/459] CUMS
[02:41:36] [42/459] BOCK
[02:41:37] [43/459] PNMR
[02:41:38] [44/459] PJCP
[02:41:38] [45/459] JDDD
[02:41:39] [46/459] STMS
[02:41:40] [47/459] FLMB
[02:41:41] [48/459] PKCM
[02:41:42] [49/459] SPPR
[02:41:42] [50/459] EYLH
[02:41:43] [51/459] RJCC
[02:41:44] [52/459] MMPS
[02:41:45] [53/459] SHMX
[02:41:45] [54/459] CCNL
[02:41:46] [55/459] RCNV
[02:41:47] [56/459] MAAG
[02:41:48] [57/459] LXCM
[02:41:49] [58/459] RCNI
[02:41:50] [59/459] SNNI
[02:41:51] [60/459] LALC
[02:41:52] [61/459] SOCN
[02:41:53] [62/459] JHTP
[02:41:53] [63/459] PITP
[02:41:55] [64/459] CCKW
[02:41:56] [65/459] MCMC
[02:41:57] [66/459] DEES
[02:41:57] [67/459] SABT
[02:41:58] [68/459] VSPP
[02:41:59] [69/459] ABCT
[02:42:00] [70/459] JVTB
[02:42:00] [71/459] VCBD
[02:42:01] [72/459] RMGG
[02:42:02] [73/459] RNMH
[02:42:03] [74/459] SPGL
[02:42:04] [75/459] JTTR
[02:42:05] [76/459] SICS
[02:42:06] [77/459] SRMI
[02:42:07] [78/459] SSIJ
[02:42:07] [79/459] KFMT
[02:42:09] [80/459] VBIT
[02:42:09] [81/459] JKCT
[02:42:11] [82/459] GCGP
[02:42:12] [83/459] GDCS
[02:42:13] [84/459] TRBA
[02:42:13] [85/459] QUST
[02:42:14] [86/459] VSHM
[02:42:15] [87/459] SDCP
[02:42:16] [88/459] SNVS
[02:42:16] [89/459] NYTO
[02:42:18] [90/459] URWC
[02:42:18] [91/459] GTWH
[02:42:19] [92/459] PFCM
[02:42:20] [93/459] KRTA
[02:42:21] [94/459] AXMC
[02:42:22] [95/459] EVMC
[02:42:23] [96/459] HGSM
[02:42:23] [97/459] ACVM
[02:42:25] [98/459] PSKL
[02:42:26] [99/459] RDMP
[02:42:27] [100/459] RHGH
[02:42:28] [101/459] OMCM
[02:42:29] [102/459] DCCP
[02:42:29] [103/459] MCPB
[02:42:30] [104/459] ALCI
[02:42:31] [105/459] BLMX
[02:42:32] [106/459] BTMV
[02:42:32] [107/459] FVPN
[02:42:34] [108/459] CMAR
[02:42:35] [109/459] CEIM
[02:42:36] [110/459] CMVA
[02:42:37] [111/459] CPIV
[02:42:38] [112/459] CNPE
[02:42:39] [113/459] COLV
[02:42:39] [114/459] DNNV
[02:42:40] [115/459] HCAD
[02:42:41] [116/459] TAKA
[02:42:42] [117/459] INVD
[02:42:43] [118/459] IRMM
[02:42:44] [119/459] INSE
[02:42:45] [120/459] MRSW
[02:42:46] [121/459] MCVD
[02:42:47] [122/459] MCSO
[02:42:48] [123/459] PEVM
[02:42:49] [124/459] PVNL
[02:42:49] [125/459] PTCV
[02:42:50] [126/459] PRTC
[02:42:51] [127/459] RCVA
[02:42:52] [128/459] MTBN
[02:42:52] [129/459] LUCP
[02:42:53] [130/459] FMPT
[02:42:54] [131/459] JLSL
[02:42:56] [132/459] SBHA
[02:42:57] [133/459] SHRC
[02:42:58] [134/459] AVPS
[02:42:58] [135/459] STPM
[02:42:59] [136/459] ATRD
[02:43:00] [137/459] VTED
[02:43:02] [138/459] ACAI
[02:43:03] [139/459] SMAE
[02:43:04] [140/459] VMAT
[02:43:04] [141/459] LKCT
[02:43:05] [142/459] JTVK
[02:43:06] [143/459] PRTY
[02:43:07] [144/459] GETT
[02:43:08] [145/459] ESAP
[02:43:09] [146/459] NCPM
[02:43:10] [147/459] PCPA
[02:43:11] [148/459] MMOM
[02:43:12] [149/459] PHUP
[02:43:12] [150/459] CCPI
[02:43:13] [151/459] CNTD
[02:43:14] [152/459] NLJR
[02:43:15] [153/459] SRNG
[02:43:15] [154/459] MHAL
[02:43:16] [155/459] PNSM
[02:43:17] [156/459] DRMY
[02:43:18] [157/459] CCMU
[02:43:18] [158/459] SCMY
[02:43:19] [159/459] PVSY
[02:43:20] [160/459] SDLM
[02:43:21] [161/459] ICCM
[02:43:22] [162/459] PYSU
[02:43:23] [163/459] GATM
[02:43:24] [164/459] WOTM
[02:43:24] [165/459] RKTS
[02:43:26] [166/459] PMTY
[02:43:27] [167/459] LYMS
[02:43:27] [168/459] TGCA
[02:43:28] [169/459] DSTA
[02:43:29] [170/459] CNGE
[02:43:30] [171/459] VSTG
[02:43:31] [172/459] GTCK
[02:43:33] [173/459] TGNT
[02:43:33] [174/459] ASLC
[02:43:34] [175/459] SSST
[02:43:35] [176/459] KBTT
[02:43:36] [177/459] HKCP
[02:43:36] [178/459] SWLC
[02:43:37] [179/459] RTND
[02:43:38] [180/459] PKKT
[02:43:39] [181/459] HSTK
[02:43:40] [182/459] SPTT
[02:43:40] [183/459] IMPM
[02:43:41] [184/459] SCMV
[02:43:42] [185/459] SPCT
[02:43:43] [186/459] JBCA
[02:43:44] [187/459] ATTR
[02:43:45] [188/459] SPMT
[02:43:46] [189/459] LCTM
[02:43:47] [190/459] SCVL
[02:43:48] [191/459] SCVT
[02:43:49] [192/459] KRIC
[02:43:50] [193/459] CTMG
[02:43:51] [194/459] ACNC
[02:43:51] [195/459] DMCK
[02:43:52] [196/459] KMTV
[02:43:54] [197/459] PFCJ
[02:43:54] [198/459] VNMD
[02:43:55] [199/459] VPCZ
[02:43:56] [200/459] SRYR
[02:43:57] [201/459] SYTR
[02:43:58] [202/459] GATR
[02:43:59] [203/459] URTR
[02:44:00] [204/459] MKSM
[02:44:01] [205/459] VSMH
[02:44:01] [206/459] SKRJ
[02:44:02] [207/459] SSJR
[02:44:03] [208/459] SVSM
[02:44:05] [209/459] RUCM
[02:44:06] [210/459] PRKN
[02:44:07] [211/459] RROH
[02:44:08] [212/459] SCTN
[02:44:08] [213/459] RTDM
[02:44:09] [214/459] ASRM
[02:44:10] [215/459] SKMD
[02:44:11] [216/459] SUTD
[02:44:11] [217/459] SADM
[02:44:12] [218/459] WCNR
[02:44:14] [219/459] CNED
[02:44:15] [220/459] MPDB
[02:44:15] [221/459] KTBH
[02:44:16] [222/459] IDRM
[02:44:17] [223/459] PJJT
[02:44:18] [224/459] PFCV
[02:44:19] [225/459] AACT
[02:44:19] [226/459] AAAD
[02:44:21] [227/459] ANES
[02:44:22] [228/459] MNCA
[02:44:22] [229/459] RMGU
[02:44:23] [230/459] DLCN
[02:44:24] [231/459] LJWT
[02:44:24] [232/459] MCBG
[02:44:25] [233/459] MYBG
[02:44:26] [234/459] GCCA
[02:44:27] [235/459] GCGA
[02:44:28] [236/459] ECGN
[02:44:28] [237/459] PRAB
[02:44:29] [238/459] PNMP
[02:44:30] [239/459] GCPT
[02:44:31] [240/459] ROYN
[02:44:32] [241/459] VATM
[02:44:32] [242/459] KSNT
[02:44:33] [243/459] ACTC
[02:44:34] [244/459] PLTD
[02:44:36] [245/459] SKMK
[02:44:37] [246/459] CMTT
[02:44:38] [247/459] SMXP
[02:44:38] [248/459] SCMX
[02:44:39] [249/459] ACXN
[02:44:40] [250/459] ASWT
[02:44:41] [251/459] VVVL
[02:44:42] [252/459] NAGO
[02:44:43] [253/459] SNCN
[02:44:43] [254/459] MCKP
[02:44:44] [255/459] SAMO
[02:44:45] [256/459] JBTV
[02:44:46] [257/459] DCVV
[02:44:46] [258/459] KMSV
[02:44:47] [259/459] KDCN
[02:44:48] [260/459] CNCP
[02:44:49] [261/459] HAMC
[02:44:50] [262/459] CCVZ
[02:44:51] [263/459] NCCK
[02:44:52] [264/459] MCHR
[02:44:52] [265/459] SCHT
[02:44:54] [266/459] ESSH
[02:44:54] [267/459] CUJC
[02:44:56] [268/459] PECP
[02:44:57] [269/459] PMMI
[02:44:58] [270/459] PCCH
[02:44:59] [271/459] PRPM
[02:45:00] [272/459] PVKL
[02:45:01] [273/459] CBSM
[02:45:02] [274/459] PVCZ
[02:45:03] [275/459] PCVV
[02:45:04] [276/459] CTMJ
[02:45:04] [277/459] RCPS
[02:45:05] [278/459] PCIT
[02:45:06] [279/459] FNCH
[02:45:07] [280/459] INZD
[02:45:08] [281/459] INPC
[02:45:09] [282/459] LCZP
[02:45:10] [283/459] SMCB
[02:45:10] [284/459] PTSB
[02:45:11] [285/459] TPSI
[02:45:12] [286/459] KHMJ
[02:45:13] [287/459] RCCJ
[02:45:14] [288/459] NCJA
[02:45:14] [289/459] NCJN
[02:45:15] [290/459] BTDP
[02:45:16] [291/459] PADY
[02:45:17] [292/459] NYBH
[02:45:18] [293/459] MTBR
[02:45:18] [294/459] KRBC
[02:45:19] [295/459] DKTI
[02:45:20] [296/459] ANAN
[02:45:21] [297/459] INBP
[02:45:22] [298/459] PATB
[02:45:22] [299/459] RGNT
[02:45:23] [300/459] CGPM
[02:45:24] [301/459] INTN
[02:45:25] [302/459] MCMP
[02:45:26] [303/459] ASRG
[02:45:26] [304/459] CXJD
[02:45:27] [305/459] SPCP
[02:45:28] [306/459] CSTP
[02:45:29] [307/459] PKVC
[02:45:30] [308/459] ESCP
[02:45:31] [309/459] CAEP
[02:45:32] [310/459] CCSP
[02:45:32] [311/459] KTPC
[02:45:33] [312/459] DACA
[02:45:34] [313/459] NVKY
[02:45:35] [314/459] PTIN
[02:45:36] [315/459] SCIN
[02:45:37] [316/459] MCTY
[02:45:38] [317/459] PCMX
[02:45:39] [318/459] INIC
[02:45:41] [319/459] MMZM
[02:45:42] [320/459] SSLP
[02:45:42] [321/459] DTDT
[02:45:43] [322/459] FFCX
[02:45:44] [323/459] RCMM
[02:45:45] [324/459] KYID
[02:45:46] [325/459] CSCI
[02:45:46] [326/459] FCMC
[02:45:47] [327/459] MMXI
[02:45:48] [328/459] ASTC
[02:45:49] [329/459] CMRA
[02:45:49] [330/459] DICI
[02:45:50] [331/459] KDIN
[02:45:51] [332/459] PRFI
[02:45:52] [333/459] SVFC
[02:45:53] [334/459] UCPL
[02:45:54] [335/459] COOC
[02:45:55] [336/459] SCAL
[02:45:55] [337/459] SVFF
[02:45:56] [338/459] VCMG
[02:45:57] [339/459] UUCT
[02:45:58] [340/459] GCSE
[02:45:59] [341/459] SUSC
[02:45:59] [342/459] MISC
[02:46:00] [343/459] RMBL
[02:46:01] [344/459] CMXN
[02:46:02] [345/459] PVBK
[02:46:03] [346/459] HHCG
[02:46:03] [347/459] SCAG
[02:46:04] [348/459] CNPR
[02:46:06] [349/459] CSER
[02:46:07] [350/459] HLWD
[02:46:07] [351/459] BOLY
[02:46:08] [352/459] SSPG
[02:46:10] [353/459] MUPX
[02:46:11] [354/459] HAMR
[02:46:11] [355/459] SDNC
[02:46:12] [356/459] RTEN
[02:46:13] [357/459] SDTD
[02:46:14] [358/459] KAWS
[02:46:14] [359/459] CMZX
[02:46:15] [360/459] DCDD
[02:46:16] [361/459] ALSN
[02:46:18] [362/459] IMXS
[02:46:19] [363/459] PVFF
[02:46:20] [364/459] PVOO
[02:46:20] [365/459] CFBS
[02:46:22] [366/459] PVER
[02:46:23] [367/459] PPNX
[02:46:24] [368/459] CNRM
[02:46:25] [369/459] PVWW
[02:46:26] [370/459] INMB
[02:46:27] [371/459] CPJR
[02:46:28] [372/459] INRZ
[02:46:28] [373/459] PMSR
[02:46:29] [374/459] GPGM
[02:46:30] [375/459] PGWB
[02:46:31] [376/459] PMBR
[02:46:32] [377/459] GPAM
[02:46:33] [378/459] INBC
[02:46:33] [379/459] PZVK
[02:46:34] [380/459] CPEB
[02:46:35] [381/459] FMLB
[02:46:37] [382/459] INBG
[02:46:38] [383/459] GPBR
[02:46:38] [384/459] PAAS
[02:46:39] [385/459] VTBR
[02:46:40] [386/459] GPMY
[02:46:41] [387/459] GYBU
[02:46:42] [388/459] INBJ
[02:46:43] [389/459] LKTH
[02:46:44] [390/459] NSBR
[02:46:44] [391/459] PDRD
[02:46:45] [392/459] VRBL
[02:46:46] [393/459] VTGB
[02:46:47] [394/459] VTSK
[02:46:47] [395/459] BKDV
[02:46:49] [396/459] SVTB
[02:46:50] [397/459] MLDT
[02:46:50] [398/459] NRBL
[02:46:51] [399/459] SLTR
[02:46:52] [400/459] VNKA
[02:46:53] [401/459] TDCA
[02:46:54] [402/459] INBM
[02:46:54] [403/459] SSNR
[02:46:55] [404/459] BHAC
[02:46:56] [405/459] SDSD
[02:46:57] [406/459] SAMP
[02:46:58] [407/459] RATK
[02:46:58] [408/459] KCBI
[02:46:59] [409/459] URBL
[02:47:00] [410/459] MKBG
[02:47:00] [411/459] ASTB
[02:47:01] [412/459] VBWT
[02:47:02] [413/459] GPSM
[02:47:03] [414/459] ROON
[02:47:04] [415/459] CHTH
[02:47:05] [416/459] SSPA
[02:47:07] [417/459] ANBL
[02:47:08] [418/459] VTBE
[02:47:09] [419/459] SVKT
[02:47:09] [420/459] SVYK
[02:47:10] [421/459] PTBK
[02:47:11] [422/459] RKTB
[02:47:13] [423/459] BALT
[02:47:14] [424/459] STSV
[02:47:15] [425/459] VCCB
[02:47:16] [426/459] SLTB
[02:47:16] [427/459] SBCR
[02:47:17] [428/459] VDCS
[02:47:18] [429/459] MDKI
[02:47:19] [430/459] SMRN
[02:47:20] [431/459] PTBC
[02:47:21] [432/459] RADI
[02:47:21] [433/459] ADCR
[02:47:22] [434/459] SDCS
[02:47:23] [435/459] SRPJ
[02:47:24] [436/459] ARTS
[02:47:24] [437/459] SRHK
[02:47:25] [438/459] SPAY
[02:47:27] [439/459] GPTB
[02:47:28] [440/459] SNNN
[02:47:29] [441/459] BALJ
[02:47:29] [442/459] TRIG
[02:47:30] [443/459] GTYT
[02:47:31] [444/459] ATGN
[02:47:32] [445/459] ANTE
[02:47:32] [446/459] BDCG
[02:47:33] [447/459] VECI
[02:47:34] [448/459] SCPR
[02:47:34] [449/459] RTEA
[02:47:35] [450/459] JSAI
[02:47:37] [451/459] VJTP
[02:47:38] [452/459] GNDS
[02:47:39] [453/459] PAXA
[02:47:40] [454/459] CGGM
[02:47:41] [455/459] ACKZ
[02:47:41] [456/459] EMCC
[02:47:42] [457/459] KLSK
[02:47:43] [458/459] AVCK
[02:47:44] [459/459] JTCK
[02:47:45] ✅ DONE | Shows=1 | Movies=1
[03:42:27] 🚀 BMS DAILY TRACKER STARTED
[03:42:27] [1/459] NECA
[03:42:27] 🧠 New identity
[03:42:28] [2/459] BJLC
[03:42:29] [3/459] BASU
[03:42:30] [4/459] RUPI
[03:42:31] [5/459] LCBK
[03:42:31] [6/459] PMAC
[03:42:32] [7/459] AMLC
[03:42:33] [8/459] LICL
[03:42:34] [9/459] UDMM
[03:42:35] [10/459] STBZ
[03:42:36] [11/459] UUBT
[03:42:36] [12/459] SJKC
[03:42:37] [13/459] TUAL
[03:42:38] [14/459] MRSE
[03:42:39] [15/459] RMRK
[03:42:40] [16/459] TTKP
[03:42:41] [17/459] KTKO
[03:42:42] [18/459] SDBK
[03:42:43] [19/459] MCPR
[03:42:43] [20/459] CHTI
[03:42:44] [21/459] GCCP
[03:42:45] [22/459] SRMY
[03:42:47] [23/459] NYST
[03:42:48] [24/459] NYAG
[03:42:48] [25/459] SBMT
[03:42:49] [26/459] INGA
[03:42:50] [27/459] WSIC
[03:42:51] [28/459] SCSS
[03:42:52] [29/459] COPG
[03:42:53] [30/459] RCGR
[03:42:54] [31/459] TCZA
[03:42:54] [32/459] CNLP
[03:42:55] [33/459] CLKN
[03:42:56] [34/459] LHDF
[03:42:57] [35/459] ELKC
[03:42:58] [36/459] VCEM
[03:42:59] [37/459] SSZA
[03:43:00] [38/459] KRMT
[03:43:00] [39/459] LCMV
[03:43:01] [40/459] AYCZ
[03:43:02] [41/459] CUMS
[03:43:03] [42/459] BOCK
[03:43:04] [43/459] PNMR
[03:43:05] [44/459] PJCP
[03:43:06] [45/459] JDDD
[03:43:07] [46/459] STMS
[03:43:07] [47/459] FLMB
[03:43:08] [48/459] PKCM
[03:43:09] [49/459] SPPR
[03:43:10] [50/459] EYLH
[03:43:11] [51/459] RJCC
[03:43:12] [52/459] MMPS
[03:43:12] [53/459] SHMX
[03:43:13] [54/459] CCNL
[03:43:14] [55/459] RCNV
[03:43:15] [56/459] MAAG
[03:43:16] [57/459] LXCM
[03:43:16] [58/459] RCNI
[03:43:18] [59/459] SNNI
[03:43:18] [60/459] LALC
[03:43:19] [61/459] SOCN
[03:43:20] [62/459] JHTP
[03:43:21] [63/459] PITP
[03:43:22] [64/459] CCKW
[03:43:23] [65/459] MCMC
[03:43:24] [66/459] DEES
[03:43:25] [67/459] SABT
[03:43:26] [68/459] VSPP
[03:43:26] [69/459] ABCT
[03:43:27] [70/459] JVTB
[03:43:28] [71/459] VCBD
[03:43:28] [72/459] RMGG
[03:43:29] [73/459] RNMH
[03:43:30] [74/459] SPGL
[03:43:31] [75/459] JTTR
[03:43:32] [76/459] SICS
[03:43:32] [77/459] SRMI
[03:43:33] [78/459] SSIJ
[03:43:34] [79/459] KFMT
[03:43:35] [80/459] VBIT
[03:43:36] [81/459] JKCT
[03:43:37] [82/459] GCGP
[03:43:38] [83/459] GDCS
[03:43:39] [84/459] TRBA
[03:43:40] [85/459] QUST
[03:43:41] [86/459] VSHM
[03:43:42] [87/459] SDCP
[03:43:43] [88/459] SNVS
[03:43:44] [89/459] NYTO
[03:43:45] [90/459] URWC
[03:43:45] [91/459] GTWH
[03:43:46] [92/459] PFCM
[03:43:47] [93/459] KRTA
[03:43:48] [94/459] AXMC
[03:43:48] [95/459] EVMC
[03:43:49] [96/459] HGSM
[03:43:50] [97/459] ACVM
[03:43:51] [98/459] PSKL
[03:43:52] [99/459] RDMP
[03:43:53] [100/459] RHGH
[03:43:54] [101/459] OMCM
[03:43:54] [102/459] DCCP
[03:43:55] [103/459] MCPB
[03:43:56] [104/459] ALCI
[03:43:57] [105/459] BLMX
[03:43:58] [106/459] BTMV
[03:43:59] [107/459] FVPN
[03:44:00] [108/459] CMAR
[03:44:01] [109/459] CEIM
[03:44:02] [110/459] CMVA
[03:44:03] [111/459] CPIV
[03:44:03] [112/459] CNPE
[03:44:04] [113/459] COLV
[03:44:05] [114/459] DNNV
[03:44:06] [115/459] HCAD
[03:44:08] [116/459] TAKA
[03:44:08] [117/459] INVD
[03:44:09] [118/459] IRMM
[03:44:10] [119/459] INSE
[03:44:11] [120/459] MRSW
[03:44:12] [121/459] MCVD
[03:44:13] [122/459] MCSO
[03:44:13] [123/459] PEVM
[03:44:14] [124/459] PVNL
[03:44:15] [125/459] PTCV
[03:44:16] [126/459] PRTC
[03:44:17] [127/459] RCVA
[03:44:18] [128/459] MTBN
[03:44:19] [129/459] LUCP
[03:44:19] [130/459] FMPT
[03:44:20] [131/459] JLSL
[03:44:21] [132/459] SBHA
[03:44:22] [133/459] SHRC
[03:44:23] [134/459] AVPS
[03:44:24] [135/459] STPM
[03:44:25] [136/459] ATRD
[03:44:26] [137/459] VTED
[03:44:27] [138/459] ACAI
[03:44:28] [139/459] SMAE
[03:44:28] [140/459] VMAT
[03:44:29] [141/459] LKCT
[03:44:30] [142/459] JTVK
[03:44:31] [143/459] PRTY
[03:44:31] [144/459] GETT
[03:44:32] [145/459] ESAP
[03:44:33] [146/459] NCPM
[03:44:34] [147/459] PCPA
[03:44:35] [148/459] MMOM
[03:44:36] [149/459] PHUP
[03:44:37] [150/459] CCPI
[03:44:38] [151/459] CNTD
[03:44:39] [152/459] NLJR
[03:44:41] [153/459] SRNG
[03:44:42] [154/459] MHAL
[03:44:42] [155/459] PNSM
[03:44:43] [156/459] DRMY
[03:44:44] [157/459] CCMU
[03:44:45] [158/459] SCMY
[03:44:45] [159/459] PVSY
[03:44:46] [160/459] SDLM
[03:44:47] [161/459] ICCM
[03:44:48] [162/459] PYSU
[03:44:49] [163/459] GATM
[03:44:50] [164/459] WOTM
[03:44:52] [165/459] RKTS
[03:44:53] [166/459] PMTY
[03:44:53] [167/459] LYMS
[03:44:54] [168/459] TGCA
[03:44:55] [169/459] DSTA
[03:44:56] [170/459] CNGE
[03:44:57] [171/459] VSTG
[03:44:58] [172/459] GTCK
[03:44:58] [173/459] TGNT
[03:44:59] [174/459] ASLC
[03:45:00] [175/459] SSST
[03:45:01] [176/459] KBTT
[03:45:01] [177/459] HKCP
[03:45:02] [178/459] SWLC
[03:45:03] [179/459] RTND
[03:45:05] [180/459] PKKT
[03:45:06] [181/459] HSTK
[03:45:06] [182/459] SPTT
[03:45:07] [183/459] IMPM
[03:45:08] [184/459] SCMV
[03:45:08] [185/459] SPCT
[03:45:09] [186/459] JBCA
[03:45:10] [187/459] ATTR
[03:45:11] [188/459] SPMT
[03:45:11] [189/459] LCTM
[03:45:12] [190/459] SCVL
[03:45:13] [191/459] SCVT
[03:45:13] [192/459] KRIC
[03:45:14] [193/459] CTMG
[03:45:15] [194/459] ACNC
[03:45:16] [195/459] DMCK
[03:45:17] [196/459] KMTV
[03:45:18] [197/459] PFCJ
[03:45:18] [198/459] VNMD
[03:45:19] [199/459] VPCZ
[03:45:20] [200/459] SRYR
[03:45:21] [201/459] SYTR
[03:45:22] [202/459] GATR
[03:45:23] [203/459] URTR
[03:45:23] [204/459] MKSM
[03:45:24] [205/459] VSMH
[03:45:25] [206/459] SKRJ
[03:45:26] [207/459] SSJR
[03:45:27] [208/459] SVSM
[03:45:27] [209/459] RUCM
[03:45:28] [210/459] PRKN
[03:45:29] [211/459] RROH
[03:45:30] [212/459] SCTN
[03:45:31] [213/459] RTDM
[03:45:32] [214/459] ASRM
[03:45:33] [215/459] SKMD
[03:45:33] [216/459] SUTD
[03:45:34] [217/459] SADM
[03:45:35] [218/459] WCNR
[03:45:36] [219/459] CNED
[03:45:37] [220/459] MPDB
[03:45:38] [221/459] KTBH
[03:45:39] [222/459] IDRM
[03:45:40] [223/459] PJJT
[03:45:41] [224/459] PFCV
[03:45:42] [225/459] AACT
[03:45:42] [226/459] AAAD
[03:45:43] [227/459] ANES
[03:45:44] [228/459] MNCA
[03:45:46] [229/459] RMGU
[03:45:46] [230/459] DLCN
[03:45:48] [231/459] LJWT
[03:45:48] [232/459] MCBG
[03:45:49] [233/459] MYBG
[03:45:50] [234/459] GCCA
[03:45:51] [235/459] GCGA
[03:45:52] [236/459] ECGN
[03:45:52] [237/459] PRAB
[03:45:53] [238/459] PNMP
[03:45:54] [239/459] GCPT
[03:45:55] [240/459] ROYN
[03:45:56] [241/459] VATM
[03:45:57] [242/459] KSNT
[03:45:58] [243/459] ACTC
[03:45:59] [244/459] PLTD
[03:46:00] [245/459] SKMK
[03:46:01] [246/459] CMTT
[03:46:02] [247/459] SMXP
[03:46:03] [248/459] SCMX
[03:46:04] [249/459] ACXN
[03:46:06] [250/459] ASWT
[03:46:07] [251/459] VVVL
[03:46:08] [252/459] NAGO
[03:46:09] [253/459] SNCN
[03:46:10] [254/459] MCKP
[03:46:11] [255/459] SAMO
[03:46:12] [256/459] JBTV
[03:46:13] [257/459] DCVV
[03:46:13] [258/459] KMSV
[03:46:14] [259/459] KDCN
[03:46:15] [260/459] CNCP
[03:46:16] [261/459] HAMC
[03:46:17] [262/459] CCVZ
[03:46:18] [263/459] NCCK
[03:46:19] [264/459] MCHR
[03:46:20] [265/459] SCHT
[03:46:20] [266/459] ESSH
[03:46:21] [267/459] CUJC
[03:46:22] [268/459] PECP
[03:46:23] [269/459] PMMI
[03:46:24] [270/459] PCCH
[03:46:25] [271/459] PRPM
[03:46:26] [272/459] PVKL
[03:46:27] [273/459] CBSM
[03:46:28] [274/459] PVCZ
[03:46:29] [275/459] PCVV
[03:46:30] [276/459] CTMJ
[03:46:31] [277/459] RCPS
[03:46:31] [278/459] PCIT
[03:46:32] [279/459] FNCH
[03:46:33] [280/459] INZD
[03:46:34] [281/459] INPC
[03:46:35] [282/459] LCZP
[03:46:35] [283/459] SMCB
[03:46:36] [284/459] PTSB
[03:46:37] [285/459] TPSI
[03:46:38] [286/459] KHMJ
[03:46:39] [287/459] RCCJ
[03:46:39] [288/459] NCJA
[03:46:40] [289/459] NCJN
[03:46:41] [290/459] BTDP
[03:46:42] [291/459] PADY
[03:46:43] [292/459] NYBH
[03:46:44] [293/459] MTBR
[03:46:45] [294/459] KRBC
[03:46:46] [295/459] DKTI
[03:46:47] [296/459] ANAN
[03:46:48] [297/459] INBP
[03:46:49] [298/459] PATB
[03:46:49] [299/459] RGNT
[03:46:50] [300/459] CGPM
[03:46:51] [301/459] INTN
[03:46:53] [302/459] MCMP
[03:46:53] [303/459] ASRG
[03:46:54] [304/459] CXJD
[03:46:55] [305/459] SPCP
[03:46:56] [306/459] CSTP
[03:46:57] [307/459] PKVC
[03:46:58] [308/459] ESCP
[03:46:59] [309/459] CAEP
[03:46:59] [310/459] CCSP
[03:47:00] [311/459] KTPC
[03:47:01] [312/459] DACA
[03:47:02] [313/459] NVKY
[03:47:02] [314/459] PTIN
[03:47:03] [315/459] SCIN
[03:47:04] [316/459] MCTY
[03:47:05] [317/459] PCMX
[03:47:06] [318/459] INIC
[03:47:06] [319/459] MMZM
[03:47:08] [320/459] SSLP
[03:47:09] [321/459] DTDT
[03:47:10] [322/459] FFCX
[03:47:10] [323/459] RCMM
[03:47:11] [324/459] KYID
[03:47:12] [325/459] CSCI
[03:47:13] [326/459] FCMC
[03:47:14] [327/459] MMXI
[03:47:15] [328/459] ASTC
[03:47:15] [329/459] CMRA
[03:47:16] [330/459] DICI
[03:47:17] [331/459] KDIN
[03:47:18] [332/459] PRFI
[03:47:19] [333/459] SVFC
[03:47:20] [334/459] UCPL
[03:47:21] [335/459] COOC
[03:47:22] [336/459] SCAL
[03:47:23] [337/459] SVFF
[03:47:24] [338/459] VCMG
[03:47:24] [339/459] UUCT
[03:47:26] [340/459] GCSE
[03:47:27] [341/459] SUSC
[03:47:28] [342/459] MISC
[03:47:28] [343/459] RMBL
[03:47:29] [344/459] CMXN
[03:47:30] [345/459] PVBK
[03:47:30] [346/459] HHCG
[03:47:31] [347/459] SCAG
[03:47:32] [348/459] CNPR
[03:47:33] [349/459] CSER
[03:47:34] [350/459] HLWD
[03:47:35] [351/459] BOLY
[03:47:36] [352/459] SSPG
[03:47:37] [353/459] MUPX
[03:47:38] [354/459] HAMR
[03:47:38] [355/459] SDNC
[03:47:39] [356/459] RTEN
[03:47:40] [357/459] SDTD
[03:47:42] [358/459] KAWS
[03:47:43] [359/459] CMZX
[03:47:43] [360/459] DCDD
[03:47:44] [361/459] ALSN
[03:47:45] [362/459] IMXS
[03:47:46] [363/459] PVFF
[03:47:46] [364/459] PVOO
[03:47:47] [365/459] CFBS
[03:47:48] [366/459] PVER
[03:47:49] [367/459] PPNX
[03:47:50] [368/459] CNRM
[03:47:51] [369/459] PVWW
[03:47:52] [370/459] INMB
[03:47:53] [371/459] CPJR
[03:47:54] [372/459] INRZ
[03:47:54] [373/459] PMSR
[03:47:56] [374/459] GPGM
[03:47:57] [375/459] PGWB
[03:47:57] [376/459] PMBR
[03:47:58] [377/459] GPAM
[03:47:59] [378/459] INBC
[03:48:00] [379/459] PZVK
[03:48:01] [380/459] CPEB
[03:48:01] [381/459] FMLB
[03:48:02] [382/459] INBG
[03:48:04] [383/459] GPBR
[03:48:05] [384/459] PAAS
[03:48:06] [385/459] VTBR
[03:48:06] [386/459] GPMY
[03:48:07] [387/459] GYBU
[03:48:08] [388/459] INBJ
[03:48:09] [389/459] LKTH
[03:48:10] [390/459] NSBR
[03:48:12] [391/459] PDRD
[03:48:13] [392/459] VRBL
[03:48:14] [393/459] VTGB
[03:48:16] [394/459] VTSK
[03:48:17] [395/459] BKDV
[03:48:17] [396/459] SVTB
[03:48:18] [397/459] MLDT
[03:48:19] [398/459] NRBL
[03:48:20] [399/459] SLTR
[03:48:21] [400/459] VNKA
[03:48:22] [401/459] TDCA
[03:48:22] [402/459] INBM
[03:48:23] [403/459] SSNR
[03:48:24] [404/459] BHAC
[03:48:25] [405/459] SDSD
[03:48:26] [406/459] SAMP
[03:48:26] [407/459] RATK
[03:48:27] [408/459] KCBI
[03:48:28] [409/459] URBL
[03:48:30] [410/459] MKBG
[03:48:31] [411/459] ASTB
[03:48:31] [412/459] VBWT
[03:48:32] [413/459] GPSM
[03:48:33] [414/459] ROON
[03:48:34] [415/459] CHTH
[03:48:35] [416/459] SSPA
[03:48:35] [417/459] ANBL
[03:48:36] [418/459] VTBE
[03:48:37] [419/459] SVKT
[03:48:38] [420/459] SVYK
[03:48:39] [421/459] PTBK
[03:48:39] [422/459] RKTB
[03:48:41] [423/459] BALT
[03:48:42] [424/459] STSV
[03:48:43] [425/459] VCCB
[03:48:43] [426/459] SLTB
[03:48:44] [427/459] SBCR
[03:48:45] [428/459] VDCS
[03:48:47] [429/459] MDKI
[03:48:48] [430/459] SMRN
[03:48:49] [431/459] PTBC
[03:48:49] [432/459] RADI
[03:48:50] [433/459] ADCR
[03:48:51] [434/459] SDCS
[03:48:52] [435/459] SRPJ
[03:48:53] [436/459] ARTS
[03:48:55] [437/459] SRHK
[03:48:55] [438/459] SPAY
[03:48:56] [439/459] GPTB
[03:48:57] [440/459] SNNN
[03:48:58] [441/459] BALJ
[03:48:59] [442/459] TRIG
[03:49:00] [443/459] GTYT
[03:49:01] [444/459] ATGN
[03:49:01] [445/459] ANTE
[03:49:02] [446/459] BDCG
[03:49:03] [447/459] VECI
[03:49:05] [448/459] SCPR
[03:49:05] [449/459] RTEA
[03:49:06] [450/459] JSAI
[03:49:07] [451/459] VJTP
[03:49:08] [452/459] GNDS
[03:49:09] [453/459] PAXA
[03:49:10] [454/459] CGGM
[03:49:10] [455/459] ACKZ
[03:49:11] [456/459] EMCC
[03:49:12] [457/459] KLSK
[03:49:13] [458/459] AVCK
[03:49:14] [459/459] JTCK
[03:49:15] ✅ DONE | Shows=21 | Movies=6
