[00:39:40] 🚀 BMS DAILY TRACKER STARTED
[00:39:40] [1/459] FNDB
[00:39:40] 🧠 New identity
[00:39:41] [2/459] AMBH
[00:39:42] [3/459] PRHN
[00:39:43] [4/459] ACPM
[00:39:44] [5/459] PVFS
[00:39:44] [6/459] AACN
[00:39:45] [7/459] ACAS
[00:39:46] [8/459] CTNR
[00:39:47] [9/459] MMAH
[00:39:48] [10/459] CPMH
[00:39:49] [11/459] IGMH
[00:39:49] [12/459] ABCS
[00:39:50] [13/459] CMMA
[00:39:51] [14/459] GPRH
[00:39:52] [15/459] PNNG
[00:39:53] [16/459] AMCA
[00:39:53] [17/459] ISTN
[00:39:54] [18/459] PIIC
[00:39:55] [19/459] AHMH
[00:39:57] [20/459] ASHN
[00:39:57] [21/459] INHY
[00:39:58] [22/459] SRMO
[00:39:59] [23/459] PIMH
[00:40:00] [24/459] PVTS
[00:40:01] [25/459] MMCA
[00:40:02] [26/459] AKYJ
[00:40:03] [27/459] BRKH
[00:40:04] [28/459] MAHM
[00:40:05] [29/459] CPHY
[00:40:05] [30/459] PVTP
[00:40:06] [31/459] SMMR
[00:40:07] [32/459] PVHM
[00:40:08] [33/459] SNDY
[00:40:09] [34/459] GOKU
[00:40:10] [35/459] ACEV
[00:40:10] [36/459] PVUM
[00:40:11] [37/459] VSWA
[00:40:12] [38/459] IPRS
[00:40:13] [39/459] ASGN
[00:40:14] [40/459] BKMV
[00:40:15] [41/459] PVYH
[00:40:16] [42/459] INKM
[00:40:17] [43/459] ARJU
[00:40:18] [44/459] JJPP
[00:40:19] [45/459] SSRM
[00:40:20] [46/459] HMHD
[00:40:20] [47/459] SNKH
[00:40:21] [48/459] ACHI
[00:40:22] [49/459] MRAA
[00:40:23] [50/459] INMH
[00:40:24] [51/459] ARMH
[00:40:25] [52/459] DVRR
[00:40:26] [53/459] SUDA
[00:40:26] [54/459] MCSS
[00:40:27] [55/459] VRKC
[00:40:28] [56/459] PRCX
[00:40:29] [57/459] ASJY
[00:40:30] [58/459] MTHY
[00:40:30] [59/459] SRCM
[00:40:31] [60/459] TVHY
[00:40:32] [61/459] STHD
[00:40:33] [62/459] CPCL
[00:40:34] [63/459] PSMJ
[00:40:35] [64/459] MRGT
[00:40:36] [65/459] ARYH
[00:40:37] [66/459] VTRB
[00:40:37] [67/459] SCHC
[00:40:38] [68/459] MRRG
[00:40:39] [69/459] SPCB
[00:40:40] [70/459] AMCM
[00:40:41] [71/459] IVNM
[00:40:42] [72/459] TRHY
[00:40:42] [73/459] PTTH
[00:40:43] [74/459] RKMH
[00:40:44] [75/459] PRCS
[00:40:45] [76/459] VAJA
[00:40:46] [77/459] BJNG
[00:40:46] [78/459] SCVM
[00:40:47] [79/459] GNHB
[00:40:48] [80/459] TLUR
[00:40:49] [81/459] UKCC
[00:40:50] [82/459] SRKR
[00:40:51] [83/459] RMKN
[00:40:52] [84/459] SLRT
[00:40:53] [85/459] LKMT
[00:40:54] [86/459] SSRJ
[00:40:54] [87/459] SPHT
[00:40:55] [88/459] ANTT
[00:40:56] [89/459] SRCH
[00:40:57] [90/459] SRCA
[00:40:57] [91/459] ARTH
[00:40:58] [92/459] MCBH
[00:40:59] [93/459] SNIB
[00:41:00] [94/459] SART
[00:41:01] [95/459] SKTA
[00:41:02] [96/459] YAKT
[00:41:02] [97/459] MLCK
[00:41:03] [98/459] ANTS
[00:41:04] [99/459] DGCA
[00:41:05] [100/459] SGMP
[00:41:07] [101/459] ASWN
[00:41:08] [102/459] KFVU
[00:41:09] [103/459] POOR
[00:41:10] [104/459] GKDN
[00:41:10] [105/459] EOSE
[00:41:11] [106/459] GTTT
[00:41:12] [107/459] ARRO
[00:41:13] [108/459] CMMK
[00:41:14] [109/459] MSCN
[00:41:14] [110/459] GDKH
[00:41:15] [111/459] DLMT
[00:41:15] [112/459] PVMF
[00:41:16] [113/459] CPCK
[00:41:17] [114/459] VMHE
[00:41:18] [115/459] PVLC
[00:41:19] [116/459] PCVB
[00:41:20] [117/459] SNYK
[00:41:20] [118/459] KTEK
[00:41:21] [119/459] PCNM
[00:41:22] [120/459] NTTR
[00:41:23] [121/459] CPSK
[00:41:24] [122/459] JMMA
[00:41:25] [123/459] GCFK
[00:41:26] [124/459] MYCA
[00:41:27] [125/459] KSNP
[00:41:27] [126/459] PMCE
[00:41:28] [127/459] SCKI
[00:41:29] [128/459] FSMA
[00:41:30] [129/459] CETA
[00:41:30] [130/459] MCIK
[00:41:31] [131/459] MYCR
[00:41:32] [132/459] EVMP
[00:41:33] [133/459] SSGT
[00:41:34] [134/459] KCTK
[00:41:34] [135/459] ZTKC
[00:41:35] [136/459] MMTA
[00:41:36] [137/459] MAJT
[00:41:37] [138/459] ACPK
[00:41:37] [139/459] JMAX
[00:41:38] [140/459] SETK
[00:41:40] [141/459] CAIS
[00:41:41] [142/459] AGCD
[00:41:42] [143/459] URCL
[00:41:43] [144/459] VTDS
[00:41:44] [145/459] JCNM
[00:41:44] [146/459] KCAM
[00:41:45] [147/459] ADCU
[00:41:46] [148/459] GXYN
[00:41:47] [149/459] SMJG
[00:41:48] [150/459] EYCJ
[00:41:48] [151/459] CCEJ
[00:41:49] [152/459] MARS
[00:41:50] [153/459] CPVJ
[00:41:51] [154/459] INVP
[00:41:52] [155/459] CPOV
[00:41:52] [156/459] VIJK
[00:41:53] [157/459] LAIM
[00:41:54] [158/459] STHV
[00:41:55] [159/459] SVLJ
[00:41:56] [160/459] ATVJ
[00:41:57] [161/459] JTSC
[00:41:58] [162/459] RMTV
[00:41:59] [163/459] MGGG
[00:42:00] [164/459] SWTH
[00:42:00] [165/459] INVJ
[00:42:01] [166/459] PRSV
[00:42:02] [167/459] JATV
[00:42:03] [168/459] RCVD
[00:42:04] [169/459] BDMA
[00:42:04] [170/459] BLJI
[00:42:06] [171/459] SWOT
[00:42:07] [172/459] SWRN
[00:42:08] [173/459] TVRA
[00:42:09] [174/459] VCSV
[00:42:10] [175/459] NVRN
[00:42:11] [176/459] SIKC
[00:42:11] [177/459] VAKR
[00:42:12] [178/459] SYLN
[00:42:13] [179/459] KLJL
[00:42:14] [180/459] LKMY
[00:42:15] [181/459] VSLY
[00:42:16] [182/459] CIKO
[00:42:16] [183/459] GPBG
[00:42:17] [184/459] CECM
[00:42:18] [185/459] SLKB
[00:42:19] [186/459] MTBO
[00:42:20] [187/459] SSHB
[00:42:21] [188/459] VPCS
[00:42:23] [189/459] RCSR
[00:42:23] [190/459] RJRM
[00:42:24] [191/459] KPPB
[00:42:25] [192/459] SEDC
[00:42:26] [193/459] SCAI
[00:42:27] [194/459] RMTR
[00:42:28] [195/459] ASST
[00:42:29] [196/459] GCAK
[00:42:29] [197/459] ANNK
[00:42:30] [198/459] KDDF
[00:42:31] [199/459] NRDP
[00:42:32] [200/459] PLAK
[00:42:33] [201/459] GCMC
[00:42:34] [202/459] ALPY
[00:42:34] [203/459] SICE
[00:42:35] [204/459] SISR
[00:42:36] [205/459] SRPZ
[00:42:37] [206/459] SRSW
[00:42:38] [207/459] SUYA
[00:42:38] [208/459] AMMT
[00:42:39] [209/459] BHCU
[00:42:40] [210/459] KLPA
[00:42:41] [211/459] NVKH
[00:42:42] [212/459] JMRC
[00:42:43] [213/459] KTTT
[00:42:43] [214/459] MAGH
[00:42:44] [215/459] MMMX
[00:42:45] [216/459] SALJ
[00:42:46] [217/459] GTJA
[00:42:46] [218/459] MAHT
[00:42:47] [219/459] SSNN
[00:42:48] [220/459] ARRP
[00:42:49] [221/459] ATNS
[00:42:50] [222/459] SKDT
[00:42:51] [223/459] ACAT
[00:42:52] [224/459] APRC
[00:42:52] [225/459] SWAG
[00:42:53] [226/459] SDPT
[00:42:54] [227/459] STPS
[00:42:55] [228/459] WWCZ
[00:42:56] [229/459] LLCH
[00:42:57] [230/459] MZHA
[00:42:58] [231/459] CRJG
[00:42:58] [232/459] JGTK
[00:42:59] [233/459] KCSR
[00:43:00] [234/459] CHTL
[00:43:01] [235/459] EDSR
[00:43:02] [236/459] CSWO
[00:43:03] [237/459] CPVM
[00:43:04] [238/459] MXBY
[00:43:04] [239/459] FMMA
[00:43:05] [240/459] POVI
[00:43:06] [241/459] MTHB
[00:43:07] [242/459] INRC
[00:43:08] [243/459] PIPP
[00:43:08] [244/459] BMXC
[00:43:09] [245/459] PCMM
[00:43:10] [246/459] PMKM
[00:43:11] [247/459] GATY
[00:43:12] [248/459] IMCM
[00:43:13] [249/459] POPE
[00:43:14] [250/459] MTCR
[00:43:14] [251/459] PVAE
[00:43:15] [252/459] PVMI
[00:43:17] [253/459] CPNM
[00:43:17] [254/459] FMRL
[00:43:18] [255/459] MCIW
[00:43:19] [256/459] MXBO
[00:43:20] [257/459] FMKY
[00:43:21] [258/459] FMDA
[00:43:23] [259/459] THAB
[00:43:23] [260/459] PRCW
[00:43:25] [261/459] PITI
[00:43:26] [262/459] MCFF
[00:43:26] [263/459] PDDV
[00:43:27] [264/459] MCRM
[00:43:28] [265/459] KKMB
[00:43:29] [266/459] INKO
[00:43:30] [267/459] PLXP
[00:43:31] [268/459] MMHA
[00:43:32] [269/459] FMVS
[00:43:33] [270/459] POLM
[00:43:34] [271/459] STER
[00:43:34] [272/459] PVWJ
[00:43:35] [273/459] IMJW
[00:43:37] [274/459] FNAN
[00:43:38] [275/459] CAGL
[00:43:38] [276/459] IPBG
[00:43:40] [277/459] SMFV
[00:43:41] [278/459] MMMR
[00:43:42] [279/459] MMWM
[00:43:43] [280/459] FNCM
[00:43:44] [281/459] MDVA
[00:43:44] [282/459] MMET
[00:43:45] [283/459] MIDO
[00:43:46] [284/459] INNP
[00:43:47] [285/459] MIFU
[00:43:48] [286/459] MMSZ
[00:43:49] [287/459] BMXA
[00:43:50] [288/459] MCAA
[00:43:50] [289/459] SCVP
[00:43:51] [290/459] PLUS
[00:43:53] [291/459] MUCK
[00:43:53] [292/459] MTMA
[00:43:54] [293/459] HPVR
[00:43:55] [294/459] PMPK
[00:43:56] [295/459] MAJB
[00:43:57] [296/459] CTRR
[00:43:58] [297/459] MCTG
[00:43:58] [298/459] MACE
[00:44:00] [299/459] AAAS
[00:44:01] [300/459] CPVV
[00:44:01] [301/459] RCHG
[00:44:03] [302/459] MCNE
[00:44:04] [303/459] EMNC
[00:44:05] [304/459] MCAN
[00:44:05] [305/459] TCDM
[00:44:06] [306/459] IRGT
[00:44:08] [307/459] GCMG
[00:44:09] [308/459] MXSN
[00:44:10] [309/459] MXCK
[00:44:11] [310/459] MCRC
[00:44:12] [311/459] RSMI
[00:44:12] [312/459] WAML
[00:44:13] [313/459] MTSC
[00:44:14] [314/459] FMDR
[00:44:15] [315/459] LEPV
[00:44:16] [316/459] MTGD
[00:44:18] [317/459] IMOB
[00:44:18] [318/459] CLMM
[00:44:19] [319/459] PZCD
[00:44:20] [320/459] GOCS
[00:44:21] [321/459] KCMA
[00:44:22] [322/459] CCMP
[00:44:23] [323/459] MTSU
[00:44:24] [324/459] SNGL
[00:44:25] [325/459] MMMC
[00:44:26] [326/459] MMAA
[00:44:28] [327/459] GCDM
[00:44:28] [328/459] KTMV
[00:44:29] [329/459] AETE
[00:44:30] [330/459] OMCS
[00:44:31] [331/459] GDCD
[00:44:32] [332/459] NYMD
[00:44:32] [333/459] RNCV
[00:44:33] [334/459] KKMT
[00:44:34] [335/459] GDTH
[00:44:36] [336/459] KMMV
[00:44:37] [337/459] NHCG
[00:44:37] [338/459] PJDW
[00:44:39] [339/459] MMCV
[00:44:40] [340/459] FQSA
[00:44:41] [341/459] KURL
[00:44:41] [342/459] NNNX
[00:44:43] [343/459] AMAU
[00:44:44] [344/459] VVVM
[00:44:45] [345/459] VECU
[00:44:45] [346/459] WCVR
[00:44:47] [347/459] MTGG
[00:44:48] [348/459] SGTG
[00:44:48] [349/459] MNTG
[00:44:49] [350/459] JDDG
[00:44:50] [351/459] MBTK
[00:44:51] [352/459] SGCD
[00:44:52] [353/459] MCTC
[00:44:54] [354/459] JTPC
[00:44:54] [355/459] SDKT
[00:44:55] [356/459] KRCC
[00:44:57] [357/459] RMMD
[00:44:57] [358/459] AAME
[00:44:58] [359/459] TMWC
[00:44:59] [360/459] NRWY
[00:45:00] [361/459] CITD
[00:45:00] [362/459] VERD
[00:45:01] [363/459] MKSK
[00:45:02] [364/459] STSM
[00:45:03] [365/459] MJDG
[00:45:04] [366/459] RKPM
[00:45:05] [367/459] SSCE
[00:45:05] [368/459] VMAE
[00:45:06] [369/459] SBRU
[00:45:07] [370/459] AMBC
[00:45:08] [371/459] AMLU
[00:45:09] [372/459] INVZ
[00:45:09] [373/459] LGTV
[00:45:10] [374/459] SVAD
[00:45:11] [375/459] SMSA
[00:45:12] [376/459] SPCZ
[00:45:13] [377/459] GTCX
[00:45:14] [378/459] SCSL
[00:45:14] [379/459] SAHU
[00:45:15] [380/459] NCDA
[00:45:16] [381/459] SCCG
[00:45:17] [382/459] VKTL
[00:45:17] [383/459] PUUJ
[00:45:18] [384/459] STEJ
[00:45:19] [385/459] RJAL
[00:45:20] [386/459] ACJC
[00:45:20] [387/459] VTHC
[00:45:21] [388/459] ARVB
[00:45:22] [389/459] AUBB
[00:45:23] [390/459] GDBR
[00:45:24] [391/459] PVND
[00:45:25] [392/459] BGRJ
[00:45:26] [393/459] RJMM
[00:45:27] [394/459] MCSA
[00:45:28] [395/459] BODA
[00:45:28] [396/459] JAGG
[00:45:29] [397/459] SCGA
[00:45:30] [398/459] LRCM
[00:45:31] [399/459] CPCN
[00:45:32] [400/459] SSTF
[00:45:33] [401/459] SRXP
[00:45:34] [402/459] CNFX
[00:45:35] [403/459] ANDI
[00:45:35] [404/459] SYEW
[00:45:36] [405/459] RCRE
[00:45:37] [406/459] SCRW
[00:45:38] [407/459] MBKR
[00:45:39] [408/459] ASNT
[00:45:39] [409/459] JTMT
[00:45:40] [410/459] SHAY
[00:45:41] [411/459] VRTH
[00:45:42] [412/459] SPTI
[00:45:42] [413/459] DPTD
[00:45:43] [414/459] TGSN
[00:45:44] [415/459] RCWV
[00:45:45] [416/459] OCUR
[00:45:46] [417/459] KSTC
[00:45:46] [418/459] SANI
[00:45:47] [419/459] MLCA
[00:45:48] [420/459] EGCA
[00:45:49] [421/459] SYSN
[00:45:50] [422/459] PKTA
[00:45:51] [423/459] PRCC
[00:45:51] [424/459] KSTR
[00:45:52] [425/459] SNTP
[00:45:53] [426/459] RCHA
[00:45:54] [427/459] SEEA
[00:45:55] [428/459] ALAT
[00:45:56] [429/459] AATV
[00:45:57] [430/459] RJTE
[00:45:58] [431/459] AAPP
[00:45:59] [432/459] PMMH
[00:46:00] [433/459] INRJ
[00:46:00] [434/459] SARB
[00:46:01] [435/459] PCJL
[00:46:02] [436/459] PFJJ
[00:46:03] [437/459] GRDC
[00:46:04] [438/459] BCBA
[00:46:05] [439/459] VIXL
[00:46:06] [440/459] CSTL
[00:46:06] [441/459] MTDK
[00:46:07] [442/459] TDAC
[00:46:08] [443/459] GTDN
[00:46:09] [444/459] TTDE
[00:46:10] [445/459] ASTS
[00:46:11] [446/459] CPNS
[00:46:12] [447/459] PVVW
[00:46:12] [448/459] USEB
[00:46:14] [449/459] DTYN
[00:46:15] [450/459] PVLE
[00:46:15] [451/459] CIPS
[00:46:16] [452/459] PAEG
[00:46:17] [453/459] PTCW
[00:46:18] [454/459] G3SR
[00:46:19] [455/459] PGND
[00:46:20] [456/459] INVM
[00:46:21] [457/459] SPIA
[00:46:21] [458/459] PCSN
[00:46:22] [459/459] PPGV
[00:46:24] ✅ DONE | Shows=3 | Movies=1
[01:44:27] 🚀 BMS DAILY TRACKER STARTED
[01:44:27] [1/459] FNDB
[01:44:27] 🧠 New identity
[01:44:28] [2/459] AMBH
[01:44:29] [3/459] PRHN
[01:44:30] [4/459] ACPM
[01:44:31] [5/459] PVFS
[01:44:32] [6/459] AACN
[01:44:33] [7/459] ACAS
[01:44:34] [8/459] CTNR
[01:44:34] [9/459] MMAH
[01:44:35] [10/459] CPMH
[01:44:36] [11/459] IGMH
[01:44:37] [12/459] ABCS
[01:44:38] [13/459] CMMA
[01:44:39] [14/459] GPRH
[01:44:41] [15/459] PNNG
[01:44:42] [16/459] AMCA
[01:44:42] [17/459] ISTN
[01:44:43] [18/459] PIIC
[01:44:45] [19/459] AHMH
[01:44:45] [20/459] ASHN
[01:44:46] [21/459] INHY
[01:44:47] [22/459] SRMO
[01:44:48] [23/459] PIMH
[01:44:49] [24/459] PVTS
[01:44:50] [25/459] MMCA
[01:44:51] [26/459] AKYJ
[01:44:51] [27/459] BRKH
[01:44:52] [28/459] MAHM
[01:44:53] [29/459] CPHY
[01:44:54] [30/459] PVTP
[01:44:55] [31/459] SMMR
[01:44:55] [32/459] PVHM
[01:44:56] [33/459] SNDY
[01:44:58] [34/459] GOKU
[01:44:58] [35/459] ACEV
[01:44:59] [36/459] PVUM
[01:45:01] [37/459] VSWA
[01:45:02] [38/459] IPRS
[01:45:03] [39/459] ASGN
[01:45:04] [40/459] BKMV
[01:45:05] [41/459] PVYH
[01:45:06] [42/459] INKM
[01:45:07] [43/459] ARJU
[01:45:07] [44/459] JJPP
[01:45:08] [45/459] SSRM
[01:45:10] [46/459] HMHD
[01:45:11] [47/459] SNKH
[01:45:12] [48/459] ACHI
[01:45:13] [49/459] MRAA
[01:45:13] [50/459] INMH
[01:45:14] [51/459] ARMH
[01:45:16] [52/459] DVRR
[01:45:16] [53/459] SUDA
[01:45:17] [54/459] MCSS
[01:45:18] [55/459] VRKC
[01:45:19] [56/459] PRCX
[01:45:20] [57/459] ASJY
[01:45:20] [58/459] MTHY
[01:45:22] [59/459] SRCM
[01:45:23] [60/459] TVHY
[01:45:24] [61/459] STHD
[01:45:25] [62/459] CPCL
[01:45:25] [63/459] PSMJ
[01:45:26] [64/459] MRGT
[01:45:27] [65/459] ARYH
[01:45:28] [66/459] VTRB
[01:45:28] [67/459] SCHC
[01:45:29] [68/459] MRRG
[01:45:30] [69/459] SPCB
[01:45:31] [70/459] AMCM
[01:45:32] [71/459] IVNM
[01:45:32] [72/459] TRHY
[01:45:33] [73/459] PTTH
[01:45:34] [74/459] RKMH
[01:45:35] [75/459] PRCS
[01:45:36] [76/459] VAJA
[01:45:37] [77/459] BJNG
[01:45:38] [78/459] SCVM
[01:45:39] [79/459] GNHB
[01:45:39] [80/459] TLUR
[01:45:40] [81/459] UKCC
[01:45:41] [82/459] SRKR
[01:45:42] [83/459] RMKN
[01:45:44] [84/459] SLRT
[01:45:44] [85/459] LKMT
[01:45:45] [86/459] SSRJ
[01:45:46] [87/459] SPHT
[01:45:47] [88/459] ANTT
[01:45:48] [89/459] SRCH
[01:45:48] [90/459] SRCA
[01:45:49] [91/459] ARTH
[01:45:50] [92/459] MCBH
[01:45:51] [93/459] SNIB
[01:45:51] [94/459] SART
[01:45:52] [95/459] SKTA
[01:45:53] [96/459] YAKT
[01:45:54] [97/459] MLCK
[01:45:54] [98/459] ANTS
[01:45:55] [99/459] DGCA
[01:45:56] [100/459] SGMP
[01:45:57] [101/459] ASWN
[01:45:58] [102/459] KFVU
[01:45:58] [103/459] POOR
[01:46:00] [104/459] GKDN
[01:46:01] [105/459] EOSE
[01:46:02] [106/459] GTTT
[01:46:04] [107/459] ARRO
[01:46:04] [108/459] CMMK
[01:46:05] [109/459] MSCN
[01:46:06] [110/459] GDKH
[01:46:07] [111/459] DLMT
[01:46:08] [112/459] PVMF
[01:46:08] [113/459] CPCK
[01:46:09] [114/459] VMHE
[01:46:10] [115/459] PVLC
[01:46:11] [116/459] PCVB
[01:46:12] [117/459] SNYK
[01:46:12] [118/459] KTEK
[01:46:13] [119/459] PCNM
[01:46:14] [120/459] NTTR
[01:46:15] [121/459] CPSK
[01:46:16] [122/459] JMMA
[01:46:17] [123/459] GCFK
[01:46:17] [124/459] MYCA
[01:46:18] [125/459] KSNP
[01:46:19] [126/459] PMCE
[01:46:21] [127/459] SCKI
[01:46:22] [128/459] FSMA
[01:46:22] [129/459] CETA
[01:46:23] [130/459] MCIK
[01:46:24] [131/459] MYCR
[01:46:25] [132/459] EVMP
[01:46:26] [133/459] SSGT
[01:46:27] [134/459] KCTK
[01:46:27] [135/459] ZTKC
[01:46:28] [136/459] MMTA
[01:46:29] [137/459] MAJT
[01:46:30] [138/459] ACPK
[01:46:31] [139/459] JMAX
[01:46:32] [140/459] SETK
[01:46:33] [141/459] CAIS
[01:46:34] [142/459] AGCD
[01:46:35] [143/459] URCL
[01:46:35] [144/459] VTDS
[01:46:36] [145/459] JCNM
[01:46:37] [146/459] KCAM
[01:46:38] [147/459] ADCU
[01:46:39] [148/459] GXYN
[01:46:41] [149/459] SMJG
[01:46:42] [150/459] EYCJ
[01:46:43] [151/459] CCEJ
[01:46:43] [152/459] MARS
[01:46:44] [153/459] CPVJ
[01:46:45] [154/459] INVP
[01:46:46] [155/459] CPOV
[01:46:47] [156/459] VIJK
[01:46:48] [157/459] LAIM
[01:46:49] [158/459] STHV
[01:46:50] [159/459] SVLJ
[01:46:51] [160/459] ATVJ
[01:46:52] [161/459] JTSC
[01:46:53] [162/459] RMTV
[01:46:54] [163/459] MGGG
[01:46:54] [164/459] SWTH
[01:46:55] [165/459] INVJ
[01:46:56] [166/459] PRSV
[01:46:57] [167/459] JATV
[01:46:57] [168/459] RCVD
[01:46:58] [169/459] BDMA
[01:46:59] [170/459] BLJI
[01:47:00] [171/459] SWOT
[01:47:01] [172/459] SWRN
[01:47:02] [173/459] TVRA
[01:47:03] [174/459] VCSV
[01:47:03] [175/459] NVRN
[01:47:04] [176/459] SIKC
[01:47:05] [177/459] VAKR
[01:47:06] [178/459] SYLN
[01:47:07] [179/459] KLJL
[01:47:08] [180/459] LKMY
[01:47:09] [181/459] VSLY
[01:47:10] [182/459] CIKO
[01:47:11] [183/459] GPBG
[01:47:11] [184/459] CECM
[01:47:12] [185/459] SLKB
[01:47:13] [186/459] MTBO
[01:47:14] [187/459] SSHB
[01:47:15] [188/459] VPCS
[01:47:15] [189/459] RCSR
[01:47:16] [190/459] RJRM
[01:47:17] [191/459] KPPB
[01:47:18] [192/459] SEDC
[01:47:18] [193/459] SCAI
[01:47:19] [194/459] RMTR
[01:47:20] [195/459] ASST
[01:47:21] [196/459] GCAK
[01:47:22] [197/459] ANNK
[01:47:23] [198/459] KDDF
[01:47:24] [199/459] NRDP
[01:47:25] [200/459] PLAK
[01:47:25] [201/459] GCMC
[01:47:26] [202/459] ALPY
[01:47:27] [203/459] SICE
[01:47:29] [204/459] SISR
[01:47:29] [205/459] SRPZ
[01:47:30] [206/459] SRSW
[01:47:31] [207/459] SUYA
[01:47:32] [208/459] AMMT
[01:47:33] [209/459] BHCU
[01:47:34] [210/459] KLPA
[01:47:35] [211/459] NVKH
[01:47:36] [212/459] JMRC
[01:47:36] [213/459] KTTT
[01:47:38] [214/459] MAGH
[01:47:38] [215/459] MMMX
[01:47:39] [216/459] SALJ
[01:47:40] [217/459] GTJA
[01:47:41] [218/459] MAHT
[01:47:42] [219/459] SSNN
[01:47:43] [220/459] ARRP
[01:47:44] [221/459] ATNS
[01:47:44] [222/459] SKDT
[01:47:45] [223/459] ACAT
[01:47:46] [224/459] APRC
[01:47:47] [225/459] SWAG
[01:47:48] [226/459] SDPT
[01:47:49] [227/459] STPS
[01:47:49] [228/459] WWCZ
[01:47:51] [229/459] LLCH
[01:47:52] [230/459] MZHA
[01:47:52] [231/459] CRJG
[01:47:53] [232/459] JGTK
[01:47:54] [233/459] KCSR
[01:47:55] [234/459] CHTL
[01:47:56] [235/459] EDSR
[01:47:57] [236/459] CSWO
[01:47:58] [237/459] CPVM
[01:47:59] [238/459] MXBY
[01:47:59] [239/459] FMMA
[01:48:00] [240/459] POVI
[01:48:01] [241/459] MTHB
[01:48:02] [242/459] INRC
[01:48:03] [243/459] PIPP
[01:48:04] [244/459] BMXC
[01:48:05] [245/459] PCMM
[01:48:06] [246/459] PMKM
[01:48:06] [247/459] GATY
[01:48:08] [248/459] IMCM
[01:48:09] [249/459] POPE
[01:48:10] [250/459] MTCR
[01:48:11] [251/459] PVAE
[01:48:11] [252/459] PVMI
[01:48:12] [253/459] CPNM
[01:48:13] [254/459] FMRL
[01:48:14] [255/459] MCIW
[01:48:15] [256/459] MXBO
[01:48:15] [257/459] FMKY
[01:48:16] [258/459] FMDA
[01:48:17] [259/459] THAB
[01:48:17] [260/459] PRCW
[01:48:18] [261/459] PITI
[01:48:19] [262/459] MCFF
[01:48:20] [263/459] PDDV
[01:48:21] [264/459] MCRM
[01:48:22] [265/459] KKMB
[01:48:23] [266/459] INKO
[01:48:24] [267/459] PLXP
[01:48:25] [268/459] MMHA
[01:48:26] [269/459] FMVS
[01:48:27] [270/459] POLM
[01:48:28] [271/459] STER
[01:48:29] [272/459] PVWJ
[01:48:30] [273/459] IMJW
[01:48:30] [274/459] FNAN
[01:48:31] [275/459] CAGL
[01:48:33] [276/459] IPBG
[01:48:34] [277/459] SMFV
[01:48:34] [278/459] MMMR
[01:48:35] [279/459] MMWM
[01:48:36] [280/459] FNCM
[01:48:37] [281/459] MDVA
[01:48:38] [282/459] MMET
[01:48:38] [283/459] MIDO
[01:48:39] [284/459] INNP
[01:48:40] [285/459] MIFU
[01:48:42] [286/459] MMSZ
[01:48:43] [287/459] BMXA
[01:48:44] [288/459] MCAA
[01:48:44] [289/459] SCVP
[01:48:45] [290/459] PLUS
[01:48:47] [291/459] MUCK
[01:48:47] [292/459] MTMA
[01:48:48] [293/459] HPVR
[01:48:49] [294/459] PMPK
[01:48:50] [295/459] MAJB
[01:48:51] [296/459] CTRR
[01:48:52] [297/459] MCTG
[01:48:53] [298/459] MACE
[01:48:54] [299/459] AAAS
[01:48:54] [300/459] CPVV
[01:48:55] [301/459] RCHG
[01:48:56] [302/459] MCNE
[01:48:57] [303/459] EMNC
[01:48:58] [304/459] MCAN
[01:48:58] [305/459] TCDM
[01:48:59] [306/459] IRGT
[01:49:00] [307/459] GCMG
[01:49:01] [308/459] MXSN
[01:49:02] [309/459] MXCK
[01:49:03] [310/459] MCRC
[01:49:04] [311/459] RSMI
[01:49:04] [312/459] WAML
[01:49:05] [313/459] MTSC
[01:49:06] [314/459] FMDR
[01:49:07] [315/459] LEPV
[01:49:07] [316/459] MTGD
[01:49:08] [317/459] IMOB
[01:49:09] [318/459] CLMM
[01:49:10] [319/459] PZCD
[01:49:10] [320/459] GOCS
[01:49:11] [321/459] KCMA
[01:49:12] [322/459] CCMP
[01:49:13] [323/459] MTSU
[01:49:14] [324/459] SNGL
[01:49:15] [325/459] MMMC
[01:49:16] [326/459] MMAA
[01:49:17] [327/459] GCDM
[01:49:17] [328/459] KTMV
[01:49:18] [329/459] AETE
[01:49:19] [330/459] OMCS
[01:49:20] [331/459] GDCD
[01:49:21] [332/459] NYMD
[01:49:21] [333/459] RNCV
[01:49:22] [334/459] KKMT
[01:49:23] [335/459] GDTH
[01:49:24] [336/459] KMMV
[01:49:24] [337/459] NHCG
[01:49:25] [338/459] PJDW
[01:49:27] [339/459] MMCV
[01:49:27] [340/459] FQSA
[01:49:28] [341/459] KURL
[01:49:29] [342/459] NNNX
[01:49:30] [343/459] AMAU
[01:49:30] [344/459] VVVM
[01:49:31] [345/459] VECU
[01:49:32] [346/459] WCVR
[01:49:33] [347/459] MTGG
[01:49:34] [348/459] SGTG
[01:49:35] [349/459] MNTG
[01:49:36] [350/459] JDDG
[01:49:37] [351/459] MBTK
[01:49:38] [352/459] SGCD
[01:49:38] [353/459] MCTC
[01:49:39] [354/459] JTPC
[01:49:40] [355/459] SDKT
[01:49:41] [356/459] KRCC
[01:49:42] [357/459] RMMD
[01:49:43] [358/459] AAME
[01:49:44] [359/459] TMWC
[01:49:44] [360/459] NRWY
[01:49:45] [361/459] CITD
[01:49:46] [362/459] VERD
[01:49:47] [363/459] MKSK
[01:49:48] [364/459] STSM
[01:49:49] [365/459] MJDG
[01:49:50] [366/459] RKPM
[01:49:51] [367/459] SSCE
[01:49:52] [368/459] VMAE
[01:49:53] [369/459] SBRU
[01:49:53] [370/459] AMBC
[01:49:54] [371/459] AMLU
[01:49:55] [372/459] INVZ
[01:49:56] [373/459] LGTV
[01:49:57] [374/459] SVAD
[01:49:57] [375/459] SMSA
[01:49:58] [376/459] SPCZ
[01:49:59] [377/459] GTCX
[01:50:00] [378/459] SCSL
[01:50:01] [379/459] SAHU
[01:50:02] [380/459] NCDA
[01:50:02] [381/459] SCCG
[01:50:03] [382/459] VKTL
[01:50:04] [383/459] PUUJ
[01:50:05] [384/459] STEJ
[01:50:06] [385/459] RJAL
[01:50:07] [386/459] ACJC
[01:50:07] [387/459] VTHC
[01:50:08] [388/459] ARVB
[01:50:09] [389/459] AUBB
[01:50:11] [390/459] GDBR
[01:50:12] [391/459] PVND
[01:50:12] [392/459] BGRJ
[01:50:13] [393/459] RJMM
[01:50:14] [394/459] MCSA
[01:50:15] [395/459] BODA
[01:50:15] [396/459] JAGG
[01:50:16] [397/459] SCGA
[01:50:17] [398/459] LRCM
[01:50:18] [399/459] CPCN
[01:50:19] [400/459] SSTF
[01:50:20] [401/459] SRXP
[01:50:20] [402/459] CNFX
[01:50:21] [403/459] ANDI
[01:50:22] [404/459] SYEW
[01:50:22] [405/459] RCRE
[01:50:23] [406/459] SCRW
[01:50:24] [407/459] MBKR
[01:50:25] [408/459] ASNT
[01:50:25] [409/459] JTMT
[01:50:26] [410/459] SHAY
[01:50:27] [411/459] VRTH
[01:50:28] [412/459] SPTI
[01:50:29] [413/459] DPTD
[01:50:30] [414/459] TGSN
[01:50:31] [415/459] RCWV
[01:50:31] [416/459] OCUR
[01:50:32] [417/459] KSTC
[01:50:33] [418/459] SANI
[01:50:34] [419/459] MLCA
[01:50:34] [420/459] EGCA
[01:50:35] [421/459] SYSN
[01:50:36] [422/459] PKTA
[01:50:37] [423/459] PRCC
[01:50:37] [424/459] KSTR
[01:50:38] [425/459] SNTP
[01:50:40] [426/459] RCHA
[01:50:41] [427/459] SEEA
[01:50:42] [428/459] ALAT
[01:50:42] [429/459] AATV
[01:50:43] [430/459] RJTE
[01:50:45] [431/459] AAPP
[01:50:45] [432/459] PMMH
[01:50:46] [433/459] INRJ
[01:50:47] [434/459] SARB
[01:50:48] [435/459] PCJL
[01:50:49] [436/459] PFJJ
[01:50:50] [437/459] GRDC
[01:50:51] [438/459] BCBA
[01:50:52] [439/459] VIXL
[01:50:52] [440/459] CSTL
[01:50:53] [441/459] MTDK
[01:50:54] [442/459] TDAC
[01:50:55] [443/459] GTDN
[01:50:56] [444/459] TTDE
[01:50:57] [445/459] ASTS
[01:50:57] [446/459] CPNS
[01:50:58] [447/459] PVVW
[01:50:59] [448/459] USEB
[01:51:00] [449/459] DTYN
[01:51:01] [450/459] PVLE
[01:51:01] [451/459] CIPS
[01:51:02] [452/459] PAEG
[01:51:03] [453/459] PTCW
[01:51:05] [454/459] G3SR
[01:51:06] [455/459] PGND
[01:51:06] [456/459] INVM
[01:51:07] [457/459] SPIA
[01:51:08] [458/459] PCSN
[01:51:09] [459/459] PPGV
[01:51:10] ✅ DONE | Shows=3 | Movies=1
[02:40:58] 🚀 BMS DAILY TRACKER STARTED
[02:40:58] [1/459] FNDB
[02:40:58] 🧠 New identity
[02:40:59] [2/459] AMBH
[02:41:00] [3/459] PRHN
[02:41:00] [4/459] ACPM
[02:41:01] [5/459] PVFS
[02:41:02] [6/459] AACN
[02:41:03] [7/459] ACAS
[02:41:04] [8/459] CTNR
[02:41:05] [9/459] MMAH
[02:41:06] [10/459] CPMH
[02:41:06] [11/459] IGMH
[02:41:07] [12/459] ABCS
[02:41:08] [13/459] CMMA
[02:41:09] [14/459] GPRH
[02:41:10] [15/459] PNNG
[02:41:12] [16/459] AMCA
[02:41:12] [17/459] ISTN
[02:41:13] [18/459] PIIC
[02:41:14] [19/459] AHMH
[02:41:15] [20/459] ASHN
[02:41:16] [21/459] INHY
[02:41:17] [22/459] SRMO
[02:41:18] [23/459] PIMH
[02:41:19] [24/459] PVTS
[02:41:20] [25/459] MMCA
[02:41:21] [26/459] AKYJ
[02:41:22] [27/459] BRKH
[02:41:22] [28/459] MAHM
[02:41:23] [29/459] CPHY
[02:41:24] [30/459] PVTP
[02:41:26] [31/459] SMMR
[02:41:26] [32/459] PVHM
[02:41:27] [33/459] SNDY
[02:41:28] [34/459] GOKU
[02:41:29] [35/459] ACEV
[02:41:30] [36/459] PVUM
[02:41:30] [37/459] VSWA
[02:41:31] [38/459] IPRS
[02:41:32] [39/459] ASGN
[02:41:33] [40/459] BKMV
[02:41:34] [41/459] PVYH
[02:41:34] [42/459] INKM
[02:41:35] [43/459] ARJU
[02:41:36] [44/459] JJPP
[02:41:37] [45/459] SSRM
[02:41:38] [46/459] HMHD
[02:41:39] [47/459] SNKH
[02:41:40] [48/459] ACHI
[02:41:41] [49/459] MRAA
[02:41:42] [50/459] INMH
[02:41:43] [51/459] ARMH
[02:41:44] [52/459] DVRR
[02:41:45] [53/459] SUDA
[02:41:46] [54/459] MCSS
[02:41:46] [55/459] VRKC
[02:41:47] [56/459] PRCX
[02:41:48] [57/459] ASJY
[02:41:49] [58/459] MTHY
[02:41:50] [59/459] SRCM
[02:41:51] [60/459] TVHY
[02:41:52] [61/459] STHD
[02:41:53] [62/459] CPCL
[02:41:53] [63/459] PSMJ
[02:41:54] [64/459] MRGT
[02:41:55] [65/459] ARYH
[02:41:56] [66/459] VTRB
[02:41:57] [67/459] SCHC
[02:41:58] [68/459] MRRG
[02:41:59] [69/459] SPCB
[02:42:00] [70/459] AMCM
[02:42:00] [71/459] IVNM
[02:42:01] [72/459] TRHY
[02:42:02] [73/459] PTTH
[02:42:02] [74/459] RKMH
[02:42:03] [75/459] PRCS
[02:42:04] [76/459] VAJA
[02:42:05] [77/459] BJNG
[02:42:06] [78/459] SCVM
[02:42:07] [79/459] GNHB
[02:42:08] [80/459] TLUR
[02:42:08] [81/459] UKCC
[02:42:09] [82/459] SRKR
[02:42:10] [83/459] RMKN
[02:42:11] [84/459] SLRT
[02:42:12] [85/459] LKMT
[02:42:13] [86/459] SSRJ
[02:42:14] [87/459] SPHT
[02:42:15] [88/459] ANTT
[02:42:15] [89/459] SRCH
[02:42:16] [90/459] SRCA
[02:42:17] [91/459] ARTH
[02:42:18] [92/459] MCBH
[02:42:19] [93/459] SNIB
[02:42:19] [94/459] SART
[02:42:20] [95/459] SKTA
[02:42:21] [96/459] YAKT
[02:42:22] [97/459] MLCK
[02:42:22] [98/459] ANTS
[02:42:23] [99/459] DGCA
[02:42:24] [100/459] SGMP
[02:42:25] [101/459] ASWN
[02:42:26] [102/459] KFVU
[02:42:27] [103/459] POOR
[02:42:28] [104/459] GKDN
[02:42:28] [105/459] EOSE
[02:42:29] [106/459] GTTT
[02:42:30] [107/459] ARRO
[02:42:31] [108/459] CMMK
[02:42:32] [109/459] MSCN
[02:42:33] [110/459] GDKH
[02:42:33] [111/459] DLMT
[02:42:34] [112/459] PVMF
[02:42:35] [113/459] CPCK
[02:42:36] [114/459] VMHE
[02:42:37] [115/459] PVLC
[02:42:37] [116/459] PCVB
[02:42:38] [117/459] SNYK
[02:42:39] [118/459] KTEK
[02:42:40] [119/459] PCNM
[02:42:41] [120/459] NTTR
[02:42:42] [121/459] CPSK
[02:42:44] [122/459] JMMA
[02:42:44] [123/459] GCFK
[02:42:45] [124/459] MYCA
[02:42:46] [125/459] KSNP
[02:42:47] [126/459] PMCE
[02:42:48] [127/459] SCKI
[02:42:49] [128/459] FSMA
[02:42:50] [129/459] CETA
[02:42:50] [130/459] MCIK
[02:42:51] [131/459] MYCR
[02:42:52] [132/459] EVMP
[02:42:53] [133/459] SSGT
[02:42:53] [134/459] KCTK
[02:42:54] [135/459] ZTKC
[02:42:55] [136/459] MMTA
[02:42:56] [137/459] MAJT
[02:42:57] [138/459] ACPK
[02:42:58] [139/459] JMAX
[02:43:00] [140/459] SETK
[02:43:00] [141/459] CAIS
[02:43:01] [142/459] AGCD
[02:43:02] [143/459] URCL
[02:43:03] [144/459] VTDS
[02:43:04] [145/459] JCNM
[02:43:05] [146/459] KCAM
[02:43:06] [147/459] ADCU
[02:43:07] [148/459] GXYN
[02:43:09] [149/459] SMJG
[02:43:09] [150/459] EYCJ
[02:43:10] [151/459] CCEJ
[02:43:11] [152/459] MARS
[02:43:12] [153/459] CPVJ
[02:43:12] [154/459] INVP
[02:43:13] [155/459] CPOV
[02:43:14] [156/459] VIJK
[02:43:16] [157/459] LAIM
[02:43:16] [158/459] STHV
[02:43:17] [159/459] SVLJ
[02:43:18] [160/459] ATVJ
[02:43:19] [161/459] JTSC
[02:43:19] [162/459] RMTV
[02:43:20] [163/459] MGGG
[02:43:21] [164/459] SWTH
[02:43:22] [165/459] INVJ
[02:43:23] [166/459] PRSV
[02:43:24] [167/459] JATV
[02:43:24] [168/459] RCVD
[02:43:25] [169/459] BDMA
[02:43:26] [170/459] BLJI
[02:43:27] [171/459] SWOT
[02:43:27] [172/459] SWRN
[02:43:28] [173/459] TVRA
[02:43:29] [174/459] VCSV
[02:43:30] [175/459] NVRN
[02:43:31] [176/459] SIKC
[02:43:31] [177/459] VAKR
[02:43:32] [178/459] SYLN
[02:43:33] [179/459] KLJL
[02:43:35] [180/459] LKMY
[02:43:36] [181/459] VSLY
[02:43:37] [182/459] CIKO
[02:43:37] [183/459] GPBG
[02:43:38] [184/459] CECM
[02:43:39] [185/459] SLKB
[02:43:40] [186/459] MTBO
[02:43:41] [187/459] SSHB
[02:43:42] [188/459] VPCS
[02:43:43] [189/459] RCSR
[02:43:43] [190/459] RJRM
[02:43:44] [191/459] KPPB
[02:43:45] [192/459] SEDC
[02:43:46] [193/459] SCAI
[02:43:47] [194/459] RMTR
[02:43:47] [195/459] ASST
[02:43:48] [196/459] GCAK
[02:43:49] [197/459] ANNK
[02:43:50] [198/459] KDDF
[02:43:51] [199/459] NRDP
[02:43:51] [200/459] PLAK
[02:43:52] [201/459] GCMC
[02:43:53] [202/459] ALPY
[02:43:54] [203/459] SICE
[02:43:55] [204/459] SISR
[02:43:56] [205/459] SRPZ
[02:43:57] [206/459] SRSW
[02:43:58] [207/459] SUYA
[02:43:59] [208/459] AMMT
[02:44:00] [209/459] BHCU
[02:44:01] [210/459] KLPA
[02:44:02] [211/459] NVKH
[02:44:03] [212/459] JMRC
[02:44:04] [213/459] KTTT
[02:44:05] [214/459] MAGH
[02:44:05] [215/459] MMMX
[02:44:06] [216/459] SALJ
[02:44:07] [217/459] GTJA
[02:44:08] [218/459] MAHT
[02:44:09] [219/459] SSNN
[02:44:10] [220/459] ARRP
[02:44:11] [221/459] ATNS
[02:44:11] [222/459] SKDT
[02:44:12] [223/459] ACAT
[02:44:13] [224/459] APRC
[02:44:14] [225/459] SWAG
[02:44:15] [226/459] SDPT
[02:44:15] [227/459] STPS
[02:44:16] [228/459] WWCZ
[02:44:17] [229/459] LLCH
[02:44:18] [230/459] MZHA
[02:44:18] [231/459] CRJG
[02:44:19] [232/459] JGTK
[02:44:20] [233/459] KCSR
[02:44:21] [234/459] CHTL
[02:44:21] [235/459] EDSR
[02:44:22] [236/459] CSWO
[02:44:23] [237/459] CPVM
[02:44:24] [238/459] MXBY
[02:44:25] [239/459] FMMA
[02:44:26] [240/459] POVI
[02:44:26] [241/459] MTHB
[02:44:27] [242/459] INRC
[02:44:28] [243/459] PIPP
[02:44:29] [244/459] BMXC
[02:44:29] [245/459] PCMM
[02:44:30] [246/459] PMKM
[02:44:31] [247/459] GATY
[02:44:32] [248/459] IMCM
[02:44:33] [249/459] POPE
[02:44:34] [250/459] MTCR
[02:44:35] [251/459] PVAE
[02:44:36] [252/459] PVMI
[02:44:36] [253/459] CPNM
[02:44:37] [254/459] FMRL
[02:44:38] [255/459] MCIW
[02:44:39] [256/459] MXBO
[02:44:40] [257/459] FMKY
[02:44:41] [258/459] FMDA
[02:44:42] [259/459] THAB
[02:44:43] [260/459] PRCW
[02:44:43] [261/459] PITI
[02:44:44] [262/459] MCFF
[02:44:45] [263/459] PDDV
[02:44:46] [264/459] MCRM
[02:44:47] [265/459] KKMB
[02:44:48] [266/459] INKO
[02:44:49] [267/459] PLXP
[02:44:50] [268/459] MMHA
[02:44:50] [269/459] FMVS
[02:44:52] [270/459] POLM
[02:44:52] [271/459] STER
[02:44:53] [272/459] PVWJ
[02:44:54] [273/459] IMJW
[02:44:55] [274/459] FNAN
[02:44:56] [275/459] CAGL
[02:44:57] [276/459] IPBG
[02:44:57] [277/459] SMFV
[02:44:58] [278/459] MMMR
[02:44:59] [279/459] MMWM
[02:45:00] [280/459] FNCM
[02:45:01] [281/459] MDVA
[02:45:02] [282/459] MMET
[02:45:03] [283/459] MIDO
[02:45:04] [284/459] INNP
[02:45:05] [285/459] MIFU
[02:45:06] [286/459] MMSZ
[02:45:07] [287/459] BMXA
[02:45:08] [288/459] MCAA
[02:45:08] [289/459] SCVP
[02:45:09] [290/459] PLUS
[02:45:10] [291/459] MUCK
[02:45:11] [292/459] MTMA
[02:45:11] [293/459] HPVR
[02:45:12] [294/459] PMPK
[02:45:13] [295/459] MAJB
[02:45:14] [296/459] CTRR
[02:45:15] [297/459] MCTG
[02:45:16] [298/459] MACE
[02:45:16] [299/459] AAAS
[02:45:17] [300/459] CPVV
[02:45:18] [301/459] RCHG
[02:45:19] [302/459] MCNE
[02:45:20] [303/459] EMNC
[02:45:21] [304/459] MCAN
[02:45:22] [305/459] TCDM
[02:45:23] [306/459] IRGT
[02:45:24] [307/459] GCMG
[02:45:24] [308/459] MXSN
[02:45:25] [309/459] MXCK
[02:45:26] [310/459] MCRC
[02:45:27] [311/459] RSMI
[02:45:28] [312/459] WAML
[02:45:29] [313/459] MTSC
[02:45:30] [314/459] FMDR
[02:45:31] [315/459] LEPV
[02:45:32] [316/459] MTGD
[02:45:32] [317/459] IMOB
[02:45:33] [318/459] CLMM
[02:45:34] [319/459] PZCD
[02:45:35] [320/459] GOCS
[02:45:36] [321/459] KCMA
[02:45:37] [322/459] CCMP
[02:45:38] [323/459] MTSU
[02:45:38] [324/459] SNGL
[02:45:39] [325/459] MMMC
[02:45:40] [326/459] MMAA
[02:45:41] [327/459] GCDM
[02:45:42] [328/459] KTMV
[02:45:43] [329/459] AETE
[02:45:44] [330/459] OMCS
[02:45:45] [331/459] GDCD
[02:45:45] [332/459] NYMD
[02:45:46] [333/459] RNCV
[02:45:47] [334/459] KKMT
[02:45:49] [335/459] GDTH
[02:45:49] [336/459] KMMV
[02:45:51] [337/459] NHCG
[02:45:52] [338/459] PJDW
[02:45:53] [339/459] MMCV
[02:45:54] [340/459] FQSA
[02:45:54] [341/459] KURL
[02:45:55] [342/459] NNNX
[02:45:56] [343/459] AMAU
[02:45:57] [344/459] VVVM
[02:45:58] [345/459] VECU
[02:45:59] [346/459] WCVR
[02:46:00] [347/459] MTGG
[02:46:01] [348/459] SGTG
[02:46:02] [349/459] MNTG
[02:46:03] [350/459] JDDG
[02:46:03] [351/459] MBTK
[02:46:04] [352/459] SGCD
[02:46:05] [353/459] MCTC
[02:46:06] [354/459] JTPC
[02:46:07] [355/459] SDKT
[02:46:08] [356/459] KRCC
[02:46:09] [357/459] RMMD
[02:46:10] [358/459] AAME
[02:46:11] [359/459] TMWC
[02:46:12] [360/459] NRWY
[02:46:14] [361/459] CITD
[02:46:14] [362/459] VERD
[02:46:15] [363/459] MKSK
[02:46:17] [364/459] STSM
[02:46:18] [365/459] MJDG
[02:46:18] [366/459] RKPM
[02:46:19] [367/459] SSCE
[02:46:20] [368/459] VMAE
[02:46:21] [369/459] SBRU
[02:46:22] [370/459] AMBC
[02:46:23] [371/459] AMLU
[02:46:23] [372/459] INVZ
[02:46:24] [373/459] LGTV
[02:46:25] [374/459] SVAD
[02:46:26] [375/459] SMSA
[02:46:27] [376/459] SPCZ
[02:46:28] [377/459] GTCX
[02:46:28] [378/459] SCSL
[02:46:29] [379/459] SAHU
[02:46:30] [380/459] NCDA
[02:46:31] [381/459] SCCG
[02:46:32] [382/459] VKTL
[02:46:33] [383/459] PUUJ
[02:46:34] [384/459] STEJ
[02:46:35] [385/459] RJAL
[02:46:36] [386/459] ACJC
[02:46:36] [387/459] VTHC
[02:46:37] [388/459] ARVB
[02:46:38] [389/459] AUBB
[02:46:39] [390/459] GDBR
[02:46:40] [391/459] PVND
[02:46:40] [392/459] BGRJ
[02:46:41] [393/459] RJMM
[02:46:42] [394/459] MCSA
[02:46:43] [395/459] BODA
[02:46:44] [396/459] JAGG
[02:46:44] [397/459] SCGA
[02:46:45] [398/459] LRCM
[02:46:46] [399/459] CPCN
[02:46:47] [400/459] SSTF
[02:46:48] [401/459] SRXP
[02:46:48] [402/459] CNFX
[02:46:49] [403/459] ANDI
[02:46:50] [404/459] SYEW
[02:46:51] [405/459] RCRE
[02:46:51] [406/459] SCRW
[02:46:52] [407/459] MBKR
[02:46:53] [408/459] ASNT
[02:46:54] [409/459] JTMT
[02:46:55] [410/459] SHAY
[02:46:56] [411/459] VRTH
[02:46:57] [412/459] SPTI
[02:46:57] [413/459] DPTD
[02:46:58] [414/459] TGSN
[02:46:59] [415/459] RCWV
[02:47:00] [416/459] OCUR
[02:47:00] [417/459] KSTC
[02:47:01] [418/459] SANI
[02:47:02] [419/459] MLCA
[02:47:02] [420/459] EGCA
[02:47:03] [421/459] SYSN
[02:47:05] [422/459] PKTA
[02:47:05] [423/459] PRCC
[02:47:06] [424/459] KSTR
[02:47:07] [425/459] SNTP
[02:47:08] [426/459] RCHA
[02:47:09] [427/459] SEEA
[02:47:10] [428/459] ALAT
[02:47:11] [429/459] AATV
[02:47:11] [430/459] RJTE
[02:47:12] [431/459] AAPP
[02:47:13] [432/459] PMMH
[02:47:14] [433/459] INRJ
[02:47:15] [434/459] SARB
[02:47:15] [435/459] PCJL
[02:47:16] [436/459] PFJJ
[02:47:17] [437/459] GRDC
[02:47:18] [438/459] BCBA
[02:47:19] [439/459] VIXL
[02:47:20] [440/459] CSTL
[02:47:20] [441/459] MTDK
[02:47:21] [442/459] TDAC
[02:47:22] [443/459] GTDN
[02:47:23] [444/459] TTDE
[02:47:24] [445/459] ASTS
[02:47:26] [446/459] CPNS
[02:47:27] [447/459] PVVW
[02:47:27] [448/459] USEB
[02:47:28] [449/459] DTYN
[02:47:30] [450/459] PVLE
[02:47:31] [451/459] CIPS
[02:47:31] [452/459] PAEG
[02:47:32] [453/459] PTCW
[02:47:33] [454/459] G3SR
[02:47:34] [455/459] PGND
[02:47:35] [456/459] INVM
[02:47:36] [457/459] SPIA
[02:47:37] [458/459] PCSN
[02:47:38] [459/459] PPGV
[02:47:38] ✅ DONE | Shows=3 | Movies=1
[03:42:22] 🚀 BMS DAILY TRACKER STARTED
[03:42:22] [1/459] FNDB
[03:42:22] 🧠 New identity
[03:42:23] [2/459] AMBH
[03:42:24] [3/459] PRHN
[03:42:25] [4/459] ACPM
[03:42:26] [5/459] PVFS
[03:42:27] [6/459] AACN
[03:42:28] [7/459] ACAS
[03:42:28] [8/459] CTNR
[03:42:29] [9/459] MMAH
[03:42:30] [10/459] CPMH
[03:42:31] [11/459] IGMH
[03:42:32] [12/459] ABCS
[03:42:33] [13/459] CMMA
[03:42:34] [14/459] GPRH
[03:42:35] [15/459] PNNG
[03:42:36] [16/459] AMCA
[03:42:37] [17/459] ISTN
[03:42:38] [18/459] PIIC
[03:42:38] [19/459] AHMH
[03:42:39] [20/459] ASHN
[03:42:40] [21/459] INHY
[03:42:41] [22/459] SRMO
[03:42:42] [23/459] PIMH
[03:42:43] [24/459] PVTS
[03:42:43] [25/459] MMCA
[03:42:44] [26/459] AKYJ
[03:42:46] [27/459] BRKH
[03:42:47] [28/459] MAHM
[03:42:47] [29/459] CPHY
[03:42:49] [30/459] PVTP
[03:42:50] [31/459] SMMR
[03:42:51] [32/459] PVHM
[03:42:51] [33/459] SNDY
[03:42:52] [34/459] GOKU
[03:42:53] [35/459] ACEV
[03:42:54] [36/459] PVUM
[03:42:55] [37/459] VSWA
[03:42:56] [38/459] IPRS
[03:42:57] [39/459] ASGN
[03:42:58] [40/459] BKMV
[03:42:59] [41/459] PVYH
[03:43:00] [42/459] INKM
[03:43:02] [43/459] ARJU
[03:43:03] [44/459] JJPP
[03:43:03] [45/459] SSRM
[03:43:05] [46/459] HMHD
[03:43:06] [47/459] SNKH
[03:43:07] [48/459] ACHI
[03:43:08] [49/459] MRAA
[03:43:09] [50/459] INMH
[03:43:10] [51/459] ARMH
[03:43:11] [52/459] DVRR
[03:43:12] [53/459] SUDA
[03:43:13] [54/459] MCSS
[03:43:13] [55/459] VRKC
[03:43:15] [56/459] PRCX
[03:43:16] [57/459] ASJY
[03:43:17] [58/459] MTHY
[03:43:19] [59/459] SRCM
[03:43:20] [60/459] TVHY
[03:43:21] [61/459] STHD
[03:43:21] [62/459] CPCL
[03:43:22] [63/459] PSMJ
[03:43:23] [64/459] MRGT
[03:43:24] [65/459] ARYH
[03:43:25] [66/459] VTRB
[03:43:26] [67/459] SCHC
[03:43:27] [68/459] MRRG
[03:43:28] [69/459] SPCB
[03:43:29] [70/459] AMCM
[03:43:30] [71/459] IVNM
[03:43:31] [72/459] TRHY
[03:43:32] [73/459] PTTH
[03:43:33] [74/459] RKMH
[03:43:33] [75/459] PRCS
[03:43:35] [76/459] VAJA
[03:43:36] [77/459] BJNG
[03:43:36] [78/459] SCVM
[03:43:37] [79/459] GNHB
[03:43:38] [80/459] TLUR
[03:43:39] [81/459] UKCC
[03:43:41] [82/459] SRKR
[03:43:42] [83/459] RMKN
[03:43:42] [84/459] SLRT
[03:43:43] [85/459] LKMT
[03:43:44] [86/459] SSRJ
[03:43:45] [87/459] SPHT
[03:43:46] [88/459] ANTT
[03:43:46] [89/459] SRCH
[03:43:47] [90/459] SRCA
[03:43:48] [91/459] ARTH
[03:43:49] [92/459] MCBH
[03:43:50] [93/459] SNIB
[03:43:51] [94/459] SART
[03:43:53] [95/459] SKTA
[03:43:54] [96/459] YAKT
[03:43:54] [97/459] MLCK
[03:43:55] [98/459] ANTS
[03:43:56] [99/459] DGCA
[03:43:58] [100/459] SGMP
[03:43:59] [101/459] ASWN
[03:44:00] [102/459] KFVU
[03:44:00] [103/459] POOR
[03:44:01] [104/459] GKDN
[03:44:02] [105/459] EOSE
[03:44:03] [106/459] GTTT
[03:44:04] [107/459] ARRO
[03:44:05] [108/459] CMMK
[03:44:05] [109/459] MSCN
[03:44:07] [110/459] GDKH
[03:44:08] [111/459] DLMT
[03:44:09] [112/459] PVMF
[03:44:09] [113/459] CPCK
[03:44:10] [114/459] VMHE
[03:44:11] [115/459] PVLC
[03:44:12] [116/459] PCVB
[03:44:13] [117/459] SNYK
[03:44:14] [118/459] KTEK
[03:44:15] [119/459] PCNM
[03:44:16] [120/459] NTTR
[03:44:17] [121/459] CPSK
[03:44:18] [122/459] JMMA
[03:44:19] [123/459] GCFK
[03:44:19] [124/459] MYCA
[03:44:20] [125/459] KSNP
[03:44:21] [126/459] PMCE
[03:44:22] [127/459] SCKI
[03:44:22] [128/459] FSMA
[03:44:23] [129/459] CETA
[03:44:25] [130/459] MCIK
[03:44:26] [131/459] MYCR
[03:44:27] [132/459] EVMP
[03:44:28] [133/459] SSGT
[03:44:30] [134/459] KCTK
[03:44:31] [135/459] ZTKC
[03:44:32] [136/459] MMTA
[03:44:33] [137/459] MAJT
[03:44:34] [138/459] ACPK
[03:44:35] [139/459] JMAX
[03:44:35] [140/459] SETK
[03:44:36] [141/459] CAIS
[03:44:37] [142/459] AGCD
[03:44:38] [143/459] URCL
[03:44:39] [144/459] VTDS
[03:44:40] [145/459] JCNM
[03:44:41] [146/459] KCAM
[03:44:42] [147/459] ADCU
[03:44:42] [148/459] GXYN
[03:44:43] [149/459] SMJG
[03:44:44] [150/459] EYCJ
[03:44:45] [151/459] CCEJ
[03:44:46] [152/459] MARS
[03:44:47] [153/459] CPVJ
[03:44:48] [154/459] INVP
[03:44:48] [155/459] CPOV
[03:44:49] [156/459] VIJK
[03:44:50] [157/459] LAIM
[03:44:51] [158/459] STHV
[03:44:52] [159/459] SVLJ
[03:44:53] [160/459] ATVJ
[03:44:54] [161/459] JTSC
[03:44:55] [162/459] RMTV
[03:44:55] [163/459] MGGG
[03:44:56] [164/459] SWTH
[03:44:57] [165/459] INVJ
[03:44:58] [166/459] PRSV
[03:44:59] [167/459] JATV
[03:45:00] [168/459] RCVD
[03:45:01] [169/459] BDMA
[03:45:02] [170/459] BLJI
[03:45:02] [171/459] SWOT
[03:45:03] [172/459] SWRN
[03:45:04] [173/459] TVRA
[03:45:05] [174/459] VCSV
[03:45:06] [175/459] NVRN
[03:45:06] [176/459] SIKC
[03:45:07] [177/459] VAKR
[03:45:08] [178/459] SYLN
[03:45:09] [179/459] KLJL
[03:45:10] [180/459] LKMY
[03:45:10] [181/459] VSLY
[03:45:11] [182/459] CIKO
[03:45:13] [183/459] GPBG
[03:45:14] [184/459] CECM
[03:45:15] [185/459] SLKB
[03:45:16] [186/459] MTBO
[03:45:16] [187/459] SSHB
[03:45:17] [188/459] VPCS
[03:45:18] [189/459] RCSR
[03:45:19] [190/459] RJRM
[03:45:20] [191/459] KPPB
[03:45:22] [192/459] SEDC
[03:45:22] [193/459] SCAI
[03:45:23] [194/459] RMTR
[03:45:24] [195/459] ASST
[03:45:25] [196/459] GCAK
[03:45:25] [197/459] ANNK
[03:45:26] [198/459] KDDF
[03:45:27] [199/459] NRDP
[03:45:28] [200/459] PLAK
[03:45:29] [201/459] GCMC
[03:45:29] [202/459] ALPY
[03:45:31] [203/459] SICE
[03:45:32] [204/459] SISR
[03:45:33] [205/459] SRPZ
[03:45:34] [206/459] SRSW
[03:45:35] [207/459] SUYA
[03:45:36] [208/459] AMMT
[03:45:37] [209/459] BHCU
[03:45:38] [210/459] KLPA
[03:45:38] [211/459] NVKH
[03:45:39] [212/459] JMRC
[03:45:40] [213/459] KTTT
[03:45:41] [214/459] MAGH
[03:45:42] [215/459] MMMX
[03:45:42] [216/459] SALJ
[03:45:43] [217/459] GTJA
[03:45:44] [218/459] MAHT
[03:45:45] [219/459] SSNN
[03:45:46] [220/459] ARRP
[03:45:47] [221/459] ATNS
[03:45:47] [222/459] SKDT
[03:45:48] [223/459] ACAT
[03:45:49] [224/459] APRC
[03:45:50] [225/459] SWAG
[03:45:51] [226/459] SDPT
[03:45:52] [227/459] STPS
[03:45:53] [228/459] WWCZ
[03:45:54] [229/459] LLCH
[03:45:55] [230/459] MZHA
[03:45:57] [231/459] CRJG
[03:45:57] [232/459] JGTK
[03:45:58] [233/459] KCSR
[03:46:00] [234/459] CHTL
[03:46:01] [235/459] EDSR
[03:46:02] [236/459] CSWO
[03:46:02] [237/459] CPVM
[03:46:03] [238/459] MXBY
[03:46:04] [239/459] FMMA
[03:46:05] [240/459] POVI
[03:46:06] [241/459] MTHB
[03:46:07] [242/459] INRC
[03:46:08] [243/459] PIPP
[03:46:09] [244/459] BMXC
[03:46:10] [245/459] PCMM
[03:46:11] [246/459] PMKM
[03:46:12] [247/459] GATY
[03:46:13] [248/459] IMCM
[03:46:13] [249/459] POPE
[03:46:14] [250/459] MTCR
[03:46:15] [251/459] PVAE
[03:46:16] [252/459] PVMI
[03:46:17] [253/459] CPNM
[03:46:18] [254/459] FMRL
[03:46:18] [255/459] MCIW
[03:46:20] [256/459] MXBO
[03:46:21] [257/459] FMKY
[03:46:22] [258/459] FMDA
[03:46:23] [259/459] THAB
[03:46:24] [260/459] PRCW
[03:46:25] [261/459] PITI
[03:46:26] [262/459] MCFF
[03:46:27] [263/459] PDDV
[03:46:27] [264/459] MCRM
[03:46:28] [265/459] KKMB
[03:46:29] [266/459] INKO
[03:46:30] [267/459] PLXP
[03:46:31] [268/459] MMHA
[03:46:31] [269/459] FMVS
[03:46:32] [270/459] POLM
[03:46:34] [271/459] STER
[03:46:35] [272/459] PVWJ
[03:46:36] [273/459] IMJW
[03:46:37] [274/459] FNAN
[03:46:38] [275/459] CAGL
[03:46:39] [276/459] IPBG
[03:46:40] [277/459] SMFV
[03:46:41] [278/459] MMMR
[03:46:42] [279/459] MMWM
[03:46:42] [280/459] FNCM
[03:46:43] [281/459] MDVA
[03:46:44] [282/459] MMET
[03:46:45] [283/459] MIDO
[03:46:46] [284/459] INNP
[03:46:46] [285/459] MIFU
[03:46:47] [286/459] MMSZ
[03:46:48] [287/459] BMXA
[03:46:49] [288/459] MCAA
[03:46:50] [289/459] SCVP
[03:46:51] [290/459] PLUS
[03:46:52] [291/459] MUCK
[03:46:53] [292/459] MTMA
[03:46:54] [293/459] HPVR
[03:46:55] [294/459] PMPK
[03:46:55] [295/459] MAJB
[03:46:56] [296/459] CTRR
[03:46:57] [297/459] MCTG
[03:46:58] [298/459] MACE
[03:46:59] [299/459] AAAS
[03:47:00] [300/459] CPVV
[03:47:01] [301/459] RCHG
[03:47:02] [302/459] MCNE
[03:47:02] [303/459] EMNC
[03:47:03] [304/459] MCAN
[03:47:04] [305/459] TCDM
[03:47:05] [306/459] IRGT
[03:47:06] [307/459] GCMG
[03:47:07] [308/459] MXSN
[03:47:08] [309/459] MXCK
[03:47:09] [310/459] MCRC
[03:47:09] [311/459] RSMI
[03:47:10] [312/459] WAML
[03:47:11] [313/459] MTSC
[03:47:12] [314/459] FMDR
[03:47:12] [315/459] LEPV
[03:47:13] [316/459] MTGD
[03:47:14] [317/459] IMOB
[03:47:15] [318/459] CLMM
[03:47:16] [319/459] PZCD
[03:47:17] [320/459] GOCS
[03:47:18] [321/459] KCMA
[03:47:19] [322/459] CCMP
[03:47:20] [323/459] MTSU
[03:47:21] [324/459] SNGL
[03:47:22] [325/459] MMMC
[03:47:23] [326/459] MMAA
[03:47:24] [327/459] GCDM
[03:47:25] [328/459] KTMV
[03:47:25] [329/459] AETE
[03:47:26] [330/459] OMCS
[03:47:27] [331/459] GDCD
[03:47:28] [332/459] NYMD
[03:47:29] [333/459] RNCV
[03:47:30] [334/459] KKMT
[03:47:30] [335/459] GDTH
[03:47:31] [336/459] KMMV
[03:47:32] [337/459] NHCG
[03:47:33] [338/459] PJDW
[03:47:34] [339/459] MMCV
[03:47:34] [340/459] FQSA
[03:47:35] [341/459] KURL
[03:47:36] [342/459] NNNX
[03:47:37] [343/459] AMAU
[03:47:38] [344/459] VVVM
[03:47:39] [345/459] VECU
[03:47:40] [346/459] WCVR
[03:47:41] [347/459] MTGG
[03:47:41] [348/459] SGTG
[03:47:42] [349/459] MNTG
[03:47:43] [350/459] JDDG
[03:47:44] [351/459] MBTK
[03:47:45] [352/459] SGCD
[03:47:46] [353/459] MCTC
[03:47:47] [354/459] JTPC
[03:47:48] [355/459] SDKT
[03:47:49] [356/459] KRCC
[03:47:50] [357/459] RMMD
[03:47:51] [358/459] AAME
[03:47:52] [359/459] TMWC
[03:47:53] [360/459] NRWY
[03:47:53] [361/459] CITD
[03:47:54] [362/459] VERD
[03:47:55] [363/459] MKSK
[03:47:56] [364/459] STSM
[03:47:57] [365/459] MJDG
[03:47:57] [366/459] RKPM
[03:47:58] [367/459] SSCE
[03:47:59] [368/459] VMAE
[03:48:00] [369/459] SBRU
[03:48:01] [370/459] AMBC
[03:48:02] [371/459] AMLU
[03:48:02] [372/459] INVZ
[03:48:03] [373/459] LGTV
[03:48:04] [374/459] SVAD
[03:48:05] [375/459] SMSA
[03:48:06] [376/459] SPCZ
[03:48:07] [377/459] GTCX
[03:48:08] [378/459] SCSL
[03:48:09] [379/459] SAHU
[03:48:10] [380/459] NCDA
[03:48:11] [381/459] SCCG
[03:48:12] [382/459] VKTL
[03:48:13] [383/459] PUUJ
[03:48:13] [384/459] STEJ
[03:48:14] [385/459] RJAL
[03:48:15] [386/459] ACJC
[03:48:16] [387/459] VTHC
[03:48:17] [388/459] ARVB
[03:48:17] [389/459] AUBB
[03:48:18] [390/459] GDBR
[03:48:19] [391/459] PVND
[03:48:20] [392/459] BGRJ
[03:48:20] [393/459] RJMM
[03:48:21] [394/459] MCSA
[03:48:22] [395/459] BODA
[03:48:23] [396/459] JAGG
[03:48:24] [397/459] SCGA
[03:48:25] [398/459] LRCM
[03:48:25] [399/459] CPCN
[03:48:26] [400/459] SSTF
[03:48:27] [401/459] SRXP
[03:48:29] [402/459] CNFX
[03:48:30] [403/459] ANDI
[03:48:32] [404/459] SYEW
[03:48:33] [405/459] RCRE
[03:48:34] [406/459] SCRW
[03:48:34] [407/459] MBKR
[03:48:35] [408/459] ASNT
[03:48:36] [409/459] JTMT
[03:48:37] [410/459] SHAY
[03:48:38] [411/459] VRTH
[03:48:39] [412/459] SPTI
[03:48:40] [413/459] DPTD
[03:48:41] [414/459] TGSN
[03:48:42] [415/459] RCWV
[03:48:43] [416/459] OCUR
[03:48:44] [417/459] KSTC
[03:48:45] [418/459] SANI
[03:48:45] [419/459] MLCA
[03:48:46] [420/459] EGCA
[03:48:47] [421/459] SYSN
[03:48:48] [422/459] PKTA
[03:48:48] [423/459] PRCC
[03:48:49] [424/459] KSTR
[03:48:50] [425/459] SNTP
[03:48:51] [426/459] RCHA
[03:48:52] [427/459] SEEA
[03:48:53] [428/459] ALAT
[03:48:55] [429/459] AATV
[03:48:55] [430/459] RJTE
[03:48:56] [431/459] AAPP
[03:48:57] [432/459] PMMH
[03:48:58] [433/459] INRJ
[03:48:58] [434/459] SARB
[03:48:59] [435/459] PCJL
[03:49:00] [436/459] PFJJ
[03:49:01] [437/459] GRDC
[03:49:02] [438/459] BCBA
[03:49:03] [439/459] VIXL
[03:49:04] [440/459] CSTL
[03:49:05] [441/459] MTDK
[03:49:06] [442/459] TDAC
[03:49:07] [443/459] GTDN
[03:49:07] [444/459] TTDE
[03:49:08] [445/459] ASTS
[03:49:09] [446/459] CPNS
[03:49:10] [447/459] PVVW
[03:49:11] [448/459] USEB
[03:49:12] [449/459] DTYN
[03:49:13] [450/459] PVLE
[03:49:13] [451/459] CIPS
[03:49:14] [452/459] PAEG
[03:49:15] [453/459] PTCW
[03:49:17] [454/459] G3SR
[03:49:17] [455/459] PGND
[03:49:18] [456/459] INVM
[03:49:19] [457/459] SPIA
[03:49:20] [458/459] PCSN
[03:49:21] [459/459] PPGV
[03:49:21] ✅ DONE | Shows=19 | Movies=6
