[00:42:06] 🚀 BMS DAILY TRACKER STARTED
[00:42:06] [1/324] GCTA
[00:42:06] 🧠 New identity
[00:42:07] [2/324] TOPN
[00:42:09] [3/324] MCUS
[00:42:10] [4/324] SHRL
[00:42:10] [5/324] UPTP
[00:42:11] [6/324] TMMP
[00:42:12] [7/324] DNRP
[00:42:13] [8/324] SRLT
[00:42:13] [9/324] RCNS
[00:42:14] [10/324] DCBH
[00:42:15] [11/324] NAGJ
[00:42:16] [12/324] JVRC
[00:42:17] [13/324] KRJG
[00:42:18] [14/324] SRTJ
[00:42:19] [15/324] CMXM
[00:42:19] [16/324] STMI
[00:42:20] [17/324] SLST
[00:42:21] [18/324] DTCN
[00:42:23] [19/324] STYN
[00:42:24] [20/324] SZVR
[00:42:25] [21/324] SRKO
[00:42:25] [22/324] JTGT
[00:42:26] [23/324] SVFD
[00:42:27] [24/324] SISD
[00:42:28] [25/324] ABDD
[00:42:29] [26/324] DRCA
[00:42:30] [27/324] AVCS
[00:42:30] [28/324] MVKH
[00:42:31] [29/324] ACPR
[00:42:32] [30/324] STIP
[00:42:34] [31/324] MTRA
[00:42:35] [32/324] RMKH
[00:42:36] [33/324] NKRL
[00:42:37] [34/324] PCWN
[00:42:37] [35/324] BLMT
[00:42:38] [36/324] GDPG
[00:42:39] [37/324] SRMX
[00:42:40] [38/324] JACP
[00:42:41] [39/324] CPSH
[00:42:42] [40/324] MCCD
[00:42:43] [41/324] ECGH
[00:42:44] [42/324] MKCK
[00:42:46] [43/324] SRMM
[00:42:46] [44/324] SKYR
[00:42:47] [45/324] PCKC
[00:42:48] [46/324] JCMA
[00:42:49] [47/324] BSMP
[00:42:50] [48/324] VSPA
[00:42:51] [49/324] DJYA
[00:42:52] [50/324] DIMP
[00:42:54] [51/324] FXDR
[00:42:56] [52/324] SSRC
[00:42:58] [53/324] STHP
[00:42:58] [54/324] CPPD
[00:42:59] [55/324] FCLK
[00:43:01] [56/324] SCPP
[00:43:02] [57/324] DCMJ
[00:43:03] [58/324] RCCR
[00:43:04] [59/324] INMT
[00:43:05] [60/324] LXTK
[00:43:06] [61/324] SRYK
[00:43:08] [62/324] SGDK
[00:43:09] [63/324] PPKA
[00:43:09] [64/324] SPKA
[00:43:10] [65/324] CGHH
[00:43:11] [66/324] DCJN
[00:43:12] [67/324] SRKV
[00:43:13] [68/324] SAJC
[00:43:13] [69/324] SUSR
[00:43:14] [70/324] STYG
[00:43:15] [71/324] NTKP
[00:43:16] [72/324] AKTG
[00:43:17] [73/324] CGCM
[00:43:18] [74/324] TULC
[00:43:18] [75/324] NYYZ
[00:43:19] [76/324] NYBW
[00:43:20] [77/324] MACB
[00:43:21] [78/324] SLVT
[00:43:22] [79/324] SANA
[00:43:22] [80/324] ACMR
[00:43:23] [81/324] CPKN
[00:43:24] [82/324] DLGK
[00:43:26] [83/324] CWCK
[00:43:27] [84/324] FDDH
[00:43:28] [85/324] MMMD
[00:43:29] [86/324] CMEH
[00:43:30] [87/324] GGGV
[00:43:31] [88/324] SPJL
[00:43:32] [89/324] RCCD
[00:43:32] [90/324] STTZ
[00:43:33] [91/324] BTCF
[00:43:34] [92/324] TSTZ
[00:43:35] [93/324] IPMM
[00:43:36] [94/324] PMPW
[00:43:37] [95/324] PCMZ
[00:43:37] [96/324] ESEM
[00:43:38] [97/324] PIPO
[00:43:39] [98/324] MATK
[00:43:40] [99/324] PGHM
[00:43:41] [100/324] CTSR
[00:43:42] [101/324] CYKR
[00:43:43] [102/324] MSCM
[00:43:43] [103/324] RFNP
[00:43:44] [104/324] PDCP
[00:43:45] [105/324] NPSE
[00:43:46] [106/324] MKML
[00:43:47] [107/324] FTDP
[00:43:47] [108/324] MMXA
[00:43:48] [109/324] CEPO
[00:43:49] [110/324] CMVP
[00:43:50] [111/324] SGTH
[00:43:51] [112/324] SAYN
[00:43:52] [113/324] URVS
[00:43:53] [114/324] VJTN
[00:43:54] [115/324] BBYK
[00:43:55] [116/324] SHBO
[00:43:57] [117/324] VCMR
[00:43:57] [118/324] MACT
[00:43:59] [119/324] JMNP
[00:44:00] [120/324] VICS
[00:44:01] [121/324] VCDA
[00:44:02] [122/324] GCMM
[00:44:02] [123/324] INVS
[00:44:03] [124/324] SCGM
[00:44:05] [125/324] PCDA
[00:44:05] [126/324] KDCT
[00:44:06] [127/324] JACS
[00:44:08] [128/324] GMMC
[00:44:09] [129/324] AICM
[00:44:09] [130/324] TJCM
[00:44:10] [131/324] RMTI
[00:44:11] [132/324] SHAC
[00:44:12] [133/324] APJC
[00:44:12] [134/324] GCTG
[00:44:13] [135/324] SSMC
[00:44:14] [136/324] THRM
[00:44:15] [137/324] RBCT
[00:44:16] [138/324] DIKT
[00:44:17] [139/324] MIDL
[00:44:17] [140/324] VCSN
[00:44:19] [141/324] SKTG
[00:44:20] [142/324] SMWC
[00:44:21] [143/324] MNKH
[00:44:22] [144/324] PIAT
[00:44:23] [145/324] LTTP
[00:44:24] [146/324] PTPU
[00:44:24] [147/324] ACMG
[00:44:25] [148/324] SHMM
[00:44:26] [149/324] MCMN
[00:44:27] [150/324] GLDC
[00:44:28] [151/324] HOUT
[00:44:29] [152/324] SVRP
[00:44:30] [153/324] PVDN
[00:44:31] [154/324] SCPY
[00:44:31] [155/324] DTPY
[00:44:32] [156/324] GKCS
[00:44:34] [157/324] NCAM
[00:44:35] [158/324] BSRM
[00:44:36] [159/324] RCLC
[00:44:37] [160/324] SKKD
[00:44:37] [161/324] ACHU
[00:44:38] [162/324] RSCF
[00:44:39] [163/324] IMSH
[00:44:40] [164/324] MACX
[00:44:42] [165/324] HMMW
[00:44:43] [166/324] JTCP
[00:44:44] [167/324] SREN
[00:44:45] [168/324] PJRR
[00:44:47] [169/324] INAC
[00:44:48] [170/324] BMCA
[00:44:49] [171/324] SHCB
[00:44:50] [172/324] GABA
[00:44:51] [173/324] SBCT
[00:44:52] [174/324] GCMA
[00:44:53] [175/324] MYTK
[00:44:54] [176/324] INZS
[00:44:55] [177/324] RMIK
[00:44:56] [178/324] NYCH
[00:44:56] [179/324] RAVE
[00:44:57] [180/324] PSXM
[00:44:58] [181/324] MCGP
[00:44:59] [182/324] PDDK
[00:44:59] [183/324] SPCK
[00:45:00] [184/324] MCRL
[00:45:01] [185/324] MHKT
[00:45:03] [186/324] ANRR
[00:45:04] [187/324] SAPK
[00:45:04] [188/324] NCUK
[00:45:05] [189/324] JUGA
[00:45:06] [190/324] DBSC
[00:45:08] [191/324] LALK
[00:45:08] [192/324] GUCK
[00:45:09] [193/324] STSG
[00:45:11] [194/324] PPPZ
[00:45:12] [195/324] CNCY
[00:45:13] [196/324] MTAR
[00:45:13] [197/324] VNKD
[00:45:14] [198/324] KMAJ
[00:45:15] [199/324] ACXK
[00:45:16] [200/324] UTKC
[00:45:17] [201/324] PBLK
[00:45:18] [202/324] ACBX
[00:45:19] [203/324] PTGM
[00:45:20] [204/324] BTDA
[00:45:21] [205/324] PJMB
[00:45:21] [206/324] TPDA
[00:45:22] [207/324] AMOE
[00:45:23] [208/324] PRHT
[00:45:24] [209/324] PRTA
[00:45:24] [210/324] STAM
[00:45:25] [211/324] MSAA
[00:45:26] [212/324] SDLU
[00:45:27] [213/324] RCHH
[00:45:28] [214/324] KANT
[00:45:28] [215/324] FCRT
[00:45:29] [216/324] DNKM
[00:45:30] [217/324] RYCP
[00:45:31] [218/324] MYRP
[00:45:32] [219/324] PPAK
[00:45:33] [220/324] NVPK
[00:45:34] [221/324] PRMC
[00:45:34] [222/324] JBCS
[00:45:36] [223/324] GXCK
[00:45:37] [224/324] USKO
[00:45:37] [225/324] GTEM
[00:45:38] [226/324] SMBU
[00:45:39] [227/324] VETC
[00:45:40] [228/324] LCDA
[00:45:41] [229/324] MTVT
[00:45:42] [230/324] PYCP
[00:45:43] [231/324] PNSC
[00:45:44] [232/324] PPCC
[00:45:45] [233/324] TGRT
[00:45:46] [234/324] JYOT
[00:45:47] [235/324] SRCZ
[00:45:48] [236/324] SJTE
[00:45:50] [237/324] DESC
[00:45:51] [238/324] JHVN
[00:45:51] [239/324] IPSG
[00:45:52] [240/324] IPCM
[00:45:53] [241/324] PDRS
[00:45:55] [242/324] ANCV
[00:45:55] [243/324] CMVV
[00:45:56] [244/324] SHYP
[00:45:57] [245/324] DNCS
[00:45:59] [246/324] GAJK
[00:45:59] [247/324] AKTN
[00:46:00] [248/324] KAYA
[00:46:01] [249/324] SBRC
[00:46:02] [250/324] CHTP
[00:46:03] [251/324] SHRT
[00:46:05] [252/324] BCKU
[00:46:05] [253/324] FCPS
[00:46:06] [254/324] ARDD
[00:46:07] [255/324] CPCM
[00:46:08] [256/324] CGSM
[00:46:09] [257/324] PSMP
[00:46:10] [258/324] SDAL
[00:46:11] [259/324] RTNB
[00:46:11] [260/324] LMCR
[00:46:12] [261/324] CIMA
[00:46:13] [262/324] RNAS
[00:46:14] [263/324] LITH
[00:46:15] [264/324] PBOX
[00:46:15] [265/324] FRTS
[00:46:16] [266/324] RKIC
[00:46:17] [267/324] PTAI
[00:46:18] [268/324] GCIC
[00:46:18] [269/324] FNAS
[00:46:19] [270/324] SCAR
[00:46:20] [271/324] MTCA
[00:46:21] [272/324] SCTS
[00:46:22] [273/324] SYCS
[00:46:23] [274/324] RDMS
[00:46:24] [275/324] KAMP
[00:46:24] [276/324] ERSD
[00:46:25] [277/324] MJMJ
[00:46:26] [278/324] SRCJ
[00:46:27] [279/324] SCXE
[00:46:29] [280/324] SVFR
[00:46:29] [281/324] BHCS
[00:46:30] [282/324] IMCC
[00:46:31] [283/324] PCBO
[00:46:32] [284/324] PRVN
[00:46:33] [285/324] AUPM
[00:46:34] [286/324] INBW
[00:46:35] [287/324] SVCW
[00:46:36] [288/324] RKCF
[00:46:36] [289/324] UVBH
[00:46:37] [290/324] DNCY
[00:46:38] [291/324] ABCN
[00:46:40] [292/324] PRUR
[00:46:40] [293/324] PFMR
[00:46:41] [294/324] RKCN
[00:46:42] [295/324] CFEA
[00:46:43] [296/324] SDBG
[00:46:44] [297/324] SNAR
[00:46:45] [298/324] YISI
[00:46:45] [299/324] JCFF
[00:46:46] [300/324] VTRK
[00:46:48] [301/324] PCLZ
[00:46:48] [302/324] DIMY
[00:46:49] [303/324] BBTS
[00:46:50] [304/324] GATH
[00:46:51] [305/324] GTMN
[00:46:52] [306/324] VTMH
[00:46:53] [307/324] CCKP
[00:46:54] [308/324] GPKA
[00:46:55] [309/324] MHCL
[00:46:56] [310/324] ATCL
[00:46:57] [311/324] SBCK
[00:46:58] [312/324] AMMR
[00:46:59] [313/324] MADC
[00:47:00] [314/324] TMMA
[00:47:01] [315/324] CACC
[00:47:02] [316/324] CHAL
[00:47:02] [317/324] DURG
[00:47:03] [318/324] GMKU
[00:47:04] [319/324] GECA
[00:47:05] [320/324] KYRR
[00:47:06] [321/324] KSDE
[00:47:07] [322/324] LMCI
[00:47:08] [323/324] NKCP
[00:47:09] [324/324] BGTC
[00:47:10] ✅ DONE | Shows=0 | Movies=0
