[00:42:13] 🚀 BMS DAILY TRACKER STARTED
[00:42:13] [1/445] TGMR
[00:42:13] 🧠 New identity
[00:42:14] [2/445] CXKR
[00:42:15] [3/445] SROP
[00:42:16] [4/445] GTSV
[00:42:17] [5/445] SNTY
[00:42:19] [6/445] SMYY
[00:42:19] [7/445] CNCS
[00:42:20] [8/445] CSTM
[00:42:21] [9/445] NUCD
[00:42:22] [10/445] SHCZ
[00:42:23] [11/445] NJCT
[00:42:24] [12/445] COPC
[00:42:25] [13/445] STVV
[00:42:26] [14/445] SKRN
[00:42:27] [15/445] APPZ
[00:42:27] [16/445] YMGN
[00:42:29] [17/445] SVTU
[00:42:30] [18/445] GTAD
[00:42:31] [19/445] PSUS
[00:42:32] [20/445] SMCD
[00:42:33] [21/445] CMCM
[00:42:34] [22/445] SYCT
[00:42:35] [23/445] STLY
[00:42:36] [24/445] CMHU
[00:42:37] [25/445] CMSA
[00:42:38] [26/445] CLCU
[00:42:39] [27/445] PPNT
[00:42:40] [28/445] JTAB
[00:42:41] [29/445] BUUC
[00:42:42] [30/445] BSVK
[00:42:42] [31/445] VVVQ
[00:42:43] [32/445] TKMU
[00:42:44] [33/445] ESYL
[00:42:45] [34/445] ACHP
[00:42:46] [35/445] BTKD
[00:42:47] [36/445] DESA
[00:42:48] [37/445] GBCT
[00:42:49] [38/445] BLLD
[00:42:49] [39/445] SKNT
[00:42:50] [40/445] SSTE
[00:42:51] [41/445] VJMR
[00:42:52] [42/445] NTPU
[00:42:53] [43/445] RDKN
[00:42:53] [44/445] ADGC
[00:42:54] [45/445] VRBP
[00:42:55] [46/445] NMNA
[00:42:56] [47/445] CMMX
[00:42:57] [48/445] PTKO
[00:42:58] [49/445] RBML
[00:42:58] [50/445] SAIC
[00:42:59] [51/445] SVTJ
[00:43:00] [52/445] MRTE
[00:43:01] [53/445] RBTP
[00:43:03] [54/445] NLPS
[00:43:03] [55/445] GTNA
[00:43:04] [56/445] DGGC
[00:43:05] [57/445] SMCR
[00:43:06] [58/445] SCGD
[00:43:07] [59/445] SRRJ
[00:43:08] [60/445] CNRY
[00:43:09] [61/445] KTDI
[00:43:09] [62/445] SNJL
[00:43:10] [63/445] RKMD
[00:43:11] [64/445] SMDC
[00:43:12] [65/445] TADG
[00:43:12] [66/445] MCGS
[00:43:13] [67/445] PETK
[00:43:14] [68/445] CHAG
[00:43:15] [69/445] KSTL
[00:43:16] [70/445] AADS
[00:43:17] [71/445] NTHZ
[00:43:17] [72/445] HCKI
[00:43:18] [73/445] SSEF
[00:43:19] [74/445] MCGX
[00:43:20] [75/445] ERRA
[00:43:21] [76/445] SDTW
[00:43:22] [77/445] RMPK
[00:43:22] [78/445] PTHK
[00:43:23] [79/445] PXCS
[00:43:24] [80/445] SVLU
[00:43:25] [81/445] STAH
[00:43:26] [82/445] JRGF
[00:43:27] [83/445] CDOK
[00:43:28] [84/445] CMSG
[00:43:29] [85/445] APTD
[00:43:30] [86/445] KMPG
[00:43:30] [87/445] MUTJ
[00:43:31] [88/445] VCCI
[00:43:32] [89/445] URBE
[00:43:33] [90/445] TCTS
[00:43:34] [91/445] STSN
[00:43:35] [92/445] AKCH
[00:43:36] [93/445] APSC
[00:43:37] [94/445] VLTB
[00:43:38] [95/445] SANU
[00:43:39] [96/445] AXAM
[00:43:39] [97/445] MGMG
[00:43:40] [98/445] HTBY
[00:43:41] [99/445] MMZS
[00:43:42] [100/445] SUDR
[00:43:43] [101/445] CCAD
[00:43:44] [102/445] SKKC
[00:43:45] [103/445] RMCD
[00:43:46] [104/445] SBCQ
[00:43:47] [105/445] DCCT
[00:43:48] [106/445] VTKP
[00:43:49] [107/445] MLAM
[00:43:50] [108/445] SAVT
[00:43:51] [109/445] GEPL
[00:43:52] [110/445] AMCD
[00:43:53] [111/445] CCXR
[00:43:54] [112/445] GRNG
[00:43:54] [113/445] EBCA
[00:43:55] [114/445] CNVG
[00:43:56] [115/445] MWSS
[00:43:57] [116/445] VBOR
[00:43:58] [117/445] NEEB
[00:43:59] [118/445] SUTH
[00:44:00] [119/445] ANDB
[00:44:00] [120/445] MMXS
[00:44:02] [121/445] CNPD
[00:44:03] [122/445] SDCE
[00:44:03] [123/445] DHCB
[00:44:04] [124/445] ODEN
[00:44:05] [125/445] TNTC
[00:44:06] [126/445] VBKM
[00:44:07] [127/445] RZYM
[00:44:07] [128/445] JEMC
[00:44:08] [129/445] CMAU
[00:44:09] [130/445] SIVP
[00:44:10] [131/445] ATAG
[00:44:11] [132/445] CHTM
[00:44:12] [133/445] AAEE
[00:44:13] [134/445] IWPM
[00:44:14] [135/445] KCMW
[00:44:14] [136/445] MCTD
[00:44:16] [137/445] SPWR
[00:44:17] [138/445] SDPO
[00:44:18] [139/445] PCSK
[00:44:19] [140/445] ACHV
[00:44:19] [141/445] SVLA
[00:44:20] [142/445] PICT
[00:44:21] [143/445] BXDR
[00:44:22] [144/445] SPWA
[00:44:23] [145/445] MCKO
[00:44:24] [146/445] RTHK
[00:44:24] [147/445] CCMF
[00:44:25] [148/445] MRGB
[00:44:27] [149/445] CPLC
[00:44:28] [150/445] RACD
[00:44:29] [151/445] ATKT
[00:44:30] [152/445] SARN
[00:44:31] [153/445] KKUI
[00:44:32] [154/445] RGCM
[00:44:32] [155/445] BRVP
[00:44:33] [156/445] HRSR
[00:44:34] [157/445] GKGM
[00:44:35] [158/445] TTCD
[00:44:36] [159/445] PTTI
[00:44:37] [160/445] MPTT
[00:44:38] [161/445] CVTT
[00:44:39] [162/445] PCXD
[00:44:40] [163/445] GCDC
[00:44:41] [164/445] CCCF
[00:44:42] [165/445] MRAD
[00:44:42] [166/445] CPLK
[00:44:43] [167/445] SATB
[00:44:44] [168/445] SNVG
[00:44:45] [169/445] JMBA
[00:44:46] [170/445] TEJA
[00:44:47] [171/445] STYO
[00:44:48] [172/445] JTBP
[00:44:48] [173/445] KRGD
[00:44:49] [174/445] SLJJ
[00:44:50] [175/445] SPTJ
[00:44:50] [176/445] SWJG
[00:44:51] [177/445] LKRT
[00:44:53] [178/445] KCKA
[00:44:53] [179/445] SNCR
[00:44:54] [180/445] SMKL
[00:44:55] [181/445] GCFA
[00:44:56] [182/445] DDCK
[00:44:57] [183/445] NCHJ
[00:44:58] [184/445] RDMA
[00:44:59] [185/445] SVSV
[00:44:59] [186/445] SCJG
[00:45:00] [187/445] VKLP
[00:45:01] [188/445] NWCC
[00:45:01] [189/445] VKNS
[00:45:02] [190/445] SDDP
[00:45:03] [191/445] ACSI
[00:45:04] [192/445] SATG
[00:45:05] [193/445] SCMW
[00:45:05] [194/445] LKTK
[00:45:06] [195/445] VCKV
[00:45:07] [196/445] KKPE
[00:45:08] [197/445] KIGH
[00:45:09] [198/445] SRPM
[00:45:10] [199/445] SCAH
[00:45:10] [200/445] MUTA
[00:45:12] [201/445] SEPU
[00:45:13] [202/445] INOA
[00:45:14] [203/445] BASK
[00:45:14] [204/445] NECB
[00:45:15] [205/445] GTTG
[00:45:16] [206/445] ASSA
[00:45:17] [207/445] ANCL
[00:45:18] [208/445] GCTI
[00:45:19] [209/445] RCTS
[00:45:19] [210/445] ACNL
[00:45:20] [211/445] MYCT
[00:45:21] [212/445] NMHT
[00:45:22] [213/445] MDIT
[00:45:23] [214/445] LATG
[00:45:23] [215/445] SMTY
[00:45:24] [216/445] CVCT
[00:45:25] [217/445] RAMB
[00:45:26] [218/445] TGMS
[00:45:27] [219/445] BHEL
[00:45:28] [220/445] SHCT
[00:45:29] [221/445] SVCT
[00:45:30] [222/445] MRIY
[00:45:31] [223/445] SARO
[00:45:31] [224/445] STCT
[00:45:32] [225/445] JKKC
[00:45:33] [226/445] PLTT
[00:45:34] [227/445] SRNT
[00:45:35] [228/445] YAST
[00:45:36] [229/445] PERL
[00:45:37] [230/445] CICM
[00:45:38] [231/445] MMTR
[00:45:39] [232/445] ABTK
[00:45:40] [233/445] ATYY
[00:45:40] [234/445] ASTK
[00:45:41] [235/445] VVCK
[00:45:42] [236/445] ATKY
[00:45:44] [237/445] GWEK
[00:45:44] [238/445] SVFH
[00:45:45] [239/445] SLTA
[00:45:46] [240/445] AASH
[00:45:46] [241/445] ACXB
[00:45:47] [242/445] SMTX
[00:45:48] [243/445] AZDH
[00:45:50] [244/445] CMMH
[00:45:51] [245/445] SCSZ
[00:45:51] [246/445] SCKP
[00:45:52] [247/445] NXTM
[00:45:53] [248/445] NWCS
[00:45:54] [249/445] CXMH
[00:45:55] [250/445] PCMA
[00:45:56] [251/445] SGCM
[00:45:57] [252/445] SDTU
[00:45:58] [253/445] MMVI
[00:45:59] [254/445] JKCM
[00:46:00] [255/445] VCMM
[00:46:01] [256/445] SYEE
[00:46:02] [257/445] VASD
[00:46:02] [258/445] BDRB
[00:46:03] [259/445] LASM
[00:46:04] [260/445] DCRL
[00:46:05] [261/445] DVPM
[00:46:05] [262/445] SBMJ
[00:46:06] [263/445] CBMU
[00:46:07] [264/445] IUBS
[00:46:08] [265/445] INAP
[00:46:09] [266/445] SRRC
[00:46:10] [267/445] SAGR
[00:46:10] [268/445] CPMJ
[00:46:11] [269/445] ATJL
[00:46:12] [270/445] NNTD
[00:46:14] [271/445] JHCJ
[00:46:14] [272/445] CMMP
[00:46:15] [273/445] RSDR
[00:46:16] [274/445] AMTI
[00:46:17] [275/445] NYSG
[00:46:18] [276/445] AVSG
[00:46:19] [277/445] SYTP
[00:46:19] [278/445] LARC
[00:46:20] [279/445] RJTP
[00:46:21] [280/445] LAKC
[00:46:22] [281/445] MCXE
[00:46:23] [282/445] CCZC
[00:46:24] [283/445] AVCH
[00:46:24] [284/445] CMBE
[00:46:25] [285/445] MRRC
[00:46:26] [286/445] PCPY
[00:46:27] [287/445] SRMH
[00:46:29] [288/445] SVGS
[00:46:30] [289/445] PCSE
[00:46:32] [290/445] SVFT
[00:46:33] [291/445] TNZP
[00:46:33] [292/445] ICTP
[00:46:34] [293/445] ACTZ
[00:46:35] [294/445] GTUR
[00:46:36] [295/445] MAFC
[00:46:37] [296/445] MINL
[00:46:38] [297/445] MRCL
[00:46:39] [298/445] RCRP
[00:46:40] [299/445] RFFG
[00:46:40] [300/445] RMAS
[00:46:41] [301/445] INVR
[00:46:43] [302/445] RMAR
[00:46:44] [303/445] CNIS
[00:46:45] [304/445] RHRJ
[00:46:46] [305/445] INXR
[00:46:47] [306/445] VALT
[00:46:48] [307/445] LCSH
[00:46:49] [308/445] CMVS
[00:46:49] [309/445] CNMS
[00:46:50] [310/445] ROOG
[00:46:51] [311/445] ISRM
[00:46:52] [312/445] RCRM
[00:46:53] [313/445] ACJA
[00:46:54] [314/445] RCVS
[00:46:55] [315/445] CPUS
[00:46:56] [316/445] TGCS
[00:46:57] [317/445] RKCJ
[00:46:57] [318/445] MKSB
[00:46:58] [319/445] TCSJ
[00:47:00] [320/445] RMGP
[00:47:00] [321/445] CLLP
[00:47:02] [322/445] RCMV
[00:47:03] [323/445] CCKS
[00:47:04] [324/445] RSRP
[00:47:05] [325/445] APLP
[00:47:05] [326/445] CNVS
[00:47:06] [327/445] RMVY
[00:47:07] [328/445] PGBD
[00:47:08] [329/445] KLMS
[00:47:09] [330/445] RUST
[00:47:10] [331/445] MASM
[00:47:10] [332/445] BACS
[00:47:11] [333/445] BWST
[00:47:12] [334/445] RRFH
[00:47:13] [335/445] SJTM
[00:47:14] [336/445] BEMR
[00:47:15] [337/445] MCGR
[00:47:16] [338/445] SDSK
[00:47:17] [339/445] VBOL
[00:47:18] [340/445] RMGM
[00:47:18] [341/445] NOPL
[00:47:19] [342/445] MKJK
[00:47:21] [343/445] CVRN
[00:47:22] [344/445] MMEN
[00:47:23] [345/445] AMNG
[00:47:24] [346/445] INTM
[00:47:25] [347/445] SLCZ
[00:47:25] [348/445] AMJN
[00:47:26] [349/445] ACJN
[00:47:27] [350/445] AMKN
[00:47:28] [351/445] BTCN
[00:47:29] [352/445] AMBT
[00:47:30] [353/445] PACN
[00:47:31] [354/445] LCNS
[00:47:31] [355/445] PPKC
[00:47:32] [356/445] JYYN
[00:47:33] [357/445] JTNR
[00:47:34] [358/445] GTEE
[00:47:35] [359/445] SRNM
[00:47:35] [360/445] SDTC
[00:47:36] [361/445] VPCA
[00:47:37] [362/445] VLRA
[00:47:38] [363/445] SHKR
[00:47:39] [364/445] SBKD
[00:47:40] [365/445] SAAD
[00:47:41] [366/445] JTGN
[00:47:41] [367/445] SLAM
[00:47:42] [368/445] VTPM
[00:47:43] [369/445] ANPT
[00:47:44] [370/445] PUNB
[00:47:45] [371/445] CPKT
[00:47:46] [372/445] CNWE
[00:47:47] [373/445] ECPP
[00:47:48] [374/445] CPAR
[00:47:49] [375/445] ESBW
[00:47:50] [376/445] PKPU
[00:47:51] [377/445] CPRP
[00:47:52] [378/445] RAHU
[00:47:53] [379/445] RHMN
[00:47:54] [380/445] FMJP
[00:47:55] [381/445] CTMP
[00:47:56] [382/445] INPN
[00:47:56] [383/445] STTG
[00:47:57] [384/445] CTRD
[00:47:58] [385/445] PUVB
[00:47:59] [386/445] ESVP
[00:47:59] [387/445] CPFT
[00:48:00] [388/445] LCPC
[00:48:01] [389/445] VBCT
[00:48:03] [390/445] FSCW
[00:48:04] [391/445] VCMP
[00:48:04] [392/445] ASHC
[00:48:05] [393/445] VLCX
[00:48:06] [394/445] SHEV
[00:48:07] [395/445] APCO
[00:48:08] [396/445] SILC
[00:48:09] [397/445] SNMR
[00:48:10] [398/445] KYBO
[00:48:10] [399/445] SATK
[00:48:11] [400/445] SSCS
[00:48:12] [401/445] CLSB
[00:48:13] [402/445] KMJR
[00:48:14] [403/445] FSCK
[00:48:14] [404/445] NNKA
[00:48:15] [405/445] CLMK
[00:48:16] [406/445] DMPZ
[00:48:17] [407/445] INQM
[00:48:18] [408/445] CAML
[00:48:18] [409/445] INRK
[00:48:19] [410/445] IMKN
[00:48:20] [411/445] SVNR
[00:48:22] [412/445] INSL
[00:48:23] [413/445] MSMA
[00:48:24] [414/445] MCKK
[00:48:25] [415/445] FCHP
[00:48:26] [416/445] SFCR
[00:48:27] [417/445] NACK
[00:48:27] [418/445] PVAK
[00:48:28] [419/445] INER
[00:48:29] [420/445] RDBK
[00:48:30] [421/445] SVFN
[00:48:31] [422/445] IFRM
[00:48:32] [423/445] ATCK
[00:48:33] [424/445] ASKO
[00:48:33] [425/445] STKT
[00:48:34] [426/445] SVFB
[00:48:35] [427/445] INKS
[00:48:36] [428/445] PCRA
[00:48:37] [429/445] ATJA
[00:48:37] [430/445] IMJN
[00:48:38] [431/445] INHD
[00:48:39] [432/445] BARA
[00:48:40] [433/445] MCSL
[00:48:40] [434/445] RTOY
[00:48:41] [435/445] MENO
[00:48:42] [436/445] PUDM
[00:48:43] [437/445] PRCN
[00:48:44] [438/445] JMJR
[00:48:45] [439/445] SSGK
[00:48:46] [440/445] SSRL
[00:48:46] [441/445] JYKL
[00:48:47] [442/445] ACNB
[00:48:48] [443/445] SONP
[00:48:49] [444/445] EMCI
[00:48:50] [445/445] MRJH
[00:48:51] ✅ DONE | Shows=0 | Movies=0
