[00:42:10] 🚀 BMS DAILY TRACKER STARTED
[00:42:10] [1/459] NECA
[00:42:10] 🧠 New identity
[00:42:11] [2/459] BJLC
[00:42:12] [3/459] BASU
[00:42:13] [4/459] RUPI
[00:42:14] [5/459] LCBK
[00:42:15] [6/459] PMAC
[00:42:15] [7/459] AMLC
[00:42:16] [8/459] LICL
[00:42:17] [9/459] UDMM
[00:42:18] [10/459] STBZ
[00:42:19] [11/459] UUBT
[00:42:20] [12/459] SJKC
[00:42:21] [13/459] TUAL
[00:42:22] [14/459] MRSE
[00:42:23] [15/459] RMRK
[00:42:24] [16/459] TTKP
[00:42:25] [17/459] KTKO
[00:42:26] [18/459] SDBK
[00:42:27] [19/459] MCPR
[00:42:27] [20/459] CHTI
[00:42:28] [21/459] GCCP
[00:42:29] [22/459] SRMY
[00:42:30] [23/459] NYST
[00:42:30] [24/459] NYAG
[00:42:31] [25/459] SBMT
[00:42:32] [26/459] INGA
[00:42:33] [27/459] WSIC
[00:42:34] [28/459] SCSS
[00:42:35] [29/459] COPG
[00:42:37] [30/459] RCGR
[00:42:37] [31/459] TCZA
[00:42:38] [32/459] CNLP
[00:42:40] [33/459] CLKN
[00:42:41] [34/459] LHDF
[00:42:42] [35/459] ELKC
[00:42:43] [36/459] VCEM
[00:42:44] [37/459] SSZA
[00:42:44] [38/459] KRMT
[00:42:46] [39/459] LCMV
[00:42:47] [40/459] AYCZ
[00:42:48] [41/459] CUMS
[00:42:48] [42/459] BOCK
[00:42:49] [43/459] PNMR
[00:42:50] [44/459] PJCP
[00:42:51] [45/459] JDDD
[00:42:51] [46/459] STMS
[00:42:52] [47/459] FLMB
[00:42:53] [48/459] PKCM
[00:42:54] [49/459] SPPR
[00:42:55] [50/459] EYLH
[00:42:56] [51/459] RJCC
[00:42:56] [52/459] MMPS
[00:42:57] [53/459] SHMX
[00:42:58] [54/459] CCNL
[00:42:59] [55/459] RCNV
[00:43:00] [56/459] MAAG
[00:43:00] [57/459] LXCM
[00:43:01] [58/459] RCNI
[00:43:02] [59/459] SNNI
[00:43:03] [60/459] LALC
[00:43:04] [61/459] SOCN
[00:43:04] [62/459] JHTP
[00:43:05] [63/459] PITP
[00:43:06] [64/459] CCKW
[00:43:07] [65/459] MCMC
[00:43:08] [66/459] DEES
[00:43:09] [67/459] SABT
[00:43:09] [68/459] VSPP
[00:43:10] [69/459] ABCT
[00:43:11] [70/459] JVTB
[00:43:12] [71/459] VCBD
[00:43:13] [72/459] RMGG
[00:43:14] [73/459] RNMH
[00:43:15] [74/459] SPGL
[00:43:15] [75/459] JTTR
[00:43:16] [76/459] SICS
[00:43:17] [77/459] SRMI
[00:43:18] [78/459] SSIJ
[00:43:19] [79/459] KFMT
[00:43:20] [80/459] VBIT
[00:43:21] [81/459] JKCT
[00:43:22] [82/459] GCGP
[00:43:23] [83/459] GDCS
[00:43:23] [84/459] TRBA
[00:43:24] [85/459] QUST
[00:43:25] [86/459] VSHM
[00:43:26] [87/459] SDCP
[00:43:27] [88/459] SNVS
[00:43:28] [89/459] NYTO
[00:43:29] [90/459] URWC
[00:43:30] [91/459] GTWH
[00:43:31] [92/459] PFCM
[00:43:32] [93/459] KRTA
[00:43:33] [94/459] AXMC
[00:43:34] [95/459] EVMC
[00:43:35] [96/459] HGSM
[00:43:36] [97/459] ACVM
[00:43:36] [98/459] PSKL
[00:43:37] [99/459] RDMP
[00:43:38] [100/459] RHGH
[00:43:40] [101/459] OMCM
[00:43:41] [102/459] DCCP
[00:43:42] [103/459] MCPB
[00:43:43] [104/459] ALCI
[00:43:43] [105/459] BLMX
[00:43:44] [106/459] BTMV
[00:43:45] [107/459] FVPN
[00:43:46] [108/459] CMAR
[00:43:47] [109/459] CEIM
[00:43:47] [110/459] CMVA
[00:43:48] [111/459] CPIV
[00:43:49] [112/459] CNPE
[00:43:50] [113/459] COLV
[00:43:51] [114/459] DNNV
[00:43:52] [115/459] HCAD
[00:43:52] [116/459] TAKA
[00:43:53] [117/459] INVD
[00:43:54] [118/459] IRMM
[00:43:55] [119/459] INSE
[00:43:57] [120/459] MRSW
[00:43:57] [121/459] MCVD
[00:43:58] [122/459] MCSO
[00:43:59] [123/459] PEVM
[00:44:00] [124/459] PVNL
[00:44:01] [125/459] PTCV
[00:44:02] [126/459] PRTC
[00:44:03] [127/459] RCVA
[00:44:03] [128/459] MTBN
[00:44:04] [129/459] LUCP
[00:44:05] [130/459] FMPT
[00:44:06] [131/459] JLSL
[00:44:07] [132/459] SBHA
[00:44:08] [133/459] SHRC
[00:44:09] [134/459] AVPS
[00:44:10] [135/459] STPM
[00:44:11] [136/459] ATRD
[00:44:12] [137/459] VTED
[00:44:12] [138/459] ACAI
[00:44:13] [139/459] SMAE
[00:44:14] [140/459] VMAT
[00:44:15] [141/459] LKCT
[00:44:16] [142/459] JTVK
[00:44:16] [143/459] PRTY
[00:44:18] [144/459] GETT
[00:44:19] [145/459] ESAP
[00:44:20] [146/459] NCPM
[00:44:21] [147/459] PCPA
[00:44:22] [148/459] MMOM
[00:44:23] [149/459] PHUP
[00:44:24] [150/459] CCPI
[00:44:25] [151/459] CNTD
[00:44:26] [152/459] NLJR
[00:44:26] [153/459] SRNG
[00:44:27] [154/459] MHAL
[00:44:28] [155/459] PNSM
[00:44:29] [156/459] DRMY
[00:44:30] [157/459] CCMU
[00:44:31] [158/459] SCMY
[00:44:32] [159/459] PVSY
[00:44:33] [160/459] SDLM
[00:44:34] [161/459] ICCM
[00:44:35] [162/459] PYSU
[00:44:36] [163/459] GATM
[00:44:37] [164/459] WOTM
[00:44:38] [165/459] RKTS
[00:44:38] [166/459] PMTY
[00:44:39] [167/459] LYMS
[00:44:40] [168/459] TGCA
[00:44:41] [169/459] DSTA
[00:44:41] [170/459] CNGE
[00:44:42] [171/459] VSTG
[00:44:43] [172/459] GTCK
[00:44:44] [173/459] TGNT
[00:44:45] [174/459] ASLC
[00:44:45] [175/459] SSST
[00:44:46] [176/459] KBTT
[00:44:48] [177/459] HKCP
[00:44:49] [178/459] SWLC
[00:44:50] [179/459] RTND
[00:44:51] [180/459] PKKT
[00:44:52] [181/459] HSTK
[00:44:53] [182/459] SPTT
[00:44:54] [183/459] IMPM
[00:44:55] [184/459] SCMV
[00:44:55] [185/459] SPCT
[00:44:56] [186/459] JBCA
[00:44:57] [187/459] ATTR
[00:44:58] [188/459] SPMT
[00:44:59] [189/459] LCTM
[00:45:00] [190/459] SCVL
[00:45:01] [191/459] SCVT
[00:45:02] [192/459] KRIC
[00:45:03] [193/459] CTMG
[00:45:03] [194/459] ACNC
[00:45:05] [195/459] DMCK
[00:45:06] [196/459] KMTV
[00:45:07] [197/459] PFCJ
[00:45:08] [198/459] VNMD
[00:45:09] [199/459] VPCZ
[00:45:10] [200/459] SRYR
[00:45:12] [201/459] SYTR
[00:45:12] [202/459] GATR
[00:45:13] [203/459] URTR
[00:45:14] [204/459] MKSM
[00:45:15] [205/459] VSMH
[00:45:15] [206/459] SKRJ
[00:45:16] [207/459] SSJR
[00:45:17] [208/459] SVSM
[00:45:18] [209/459] RUCM
[00:45:18] [210/459] PRKN
[00:45:19] [211/459] RROH
[00:45:20] [212/459] SCTN
[00:45:21] [213/459] RTDM
[00:45:22] [214/459] ASRM
[00:45:23] [215/459] SKMD
[00:45:23] [216/459] SUTD
[00:45:24] [217/459] SADM
[00:45:25] [218/459] WCNR
[00:45:26] [219/459] CNED
[00:45:27] [220/459] MPDB
[00:45:28] [221/459] KTBH
[00:45:28] [222/459] IDRM
[00:45:29] [223/459] PJJT
[00:45:30] [224/459] PFCV
[00:45:31] [225/459] AACT
[00:45:32] [226/459] AAAD
[00:45:32] [227/459] ANES
[00:45:33] [228/459] MNCA
[00:45:34] [229/459] RMGU
[00:45:35] [230/459] DLCN
[00:45:36] [231/459] LJWT
[00:45:36] [232/459] MCBG
[00:45:38] [233/459] MYBG
[00:45:39] [234/459] GCCA
[00:45:39] [235/459] GCGA
[00:45:40] [236/459] ECGN
[00:45:41] [237/459] PRAB
[00:45:42] [238/459] PNMP
[00:45:43] [239/459] GCPT
[00:45:43] [240/459] ROYN
[00:45:44] [241/459] VATM
[00:45:45] [242/459] KSNT
[00:45:46] [243/459] ACTC
[00:45:47] [244/459] PLTD
[00:45:47] [245/459] SKMK
[00:45:48] [246/459] CMTT
[00:45:50] [247/459] SMXP
[00:45:50] [248/459] SCMX
[00:45:52] [249/459] ACXN
[00:45:53] [250/459] ASWT
[00:45:55] [251/459] VVVL
[00:45:55] [252/459] NAGO
[00:45:56] [253/459] SNCN
[00:45:57] [254/459] MCKP
[00:45:58] [255/459] SAMO
[00:45:59] [256/459] JBTV
[00:46:00] [257/459] DCVV
[00:46:01] [258/459] KMSV
[00:46:02] [259/459] KDCN
[00:46:03] [260/459] CNCP
[00:46:03] [261/459] HAMC
[00:46:04] [262/459] CCVZ
[00:46:05] [263/459] NCCK
[00:46:06] [264/459] MCHR
[00:46:07] [265/459] SCHT
[00:46:07] [266/459] ESSH
[00:46:08] [267/459] CUJC
[00:46:10] [268/459] PECP
[00:46:10] [269/459] PMMI
[00:46:12] [270/459] PCCH
[00:46:13] [271/459] PRPM
[00:46:14] [272/459] PVKL
[00:46:14] [273/459] CBSM
[00:46:15] [274/459] PVCZ
[00:46:17] [275/459] PCVV
[00:46:18] [276/459] CTMJ
[00:46:18] [277/459] RCPS
[00:46:19] [278/459] PCIT
[00:46:20] [279/459] FNCH
[00:46:21] [280/459] INZD
[00:46:22] [281/459] INPC
[00:46:23] [282/459] LCZP
[00:46:24] [283/459] SMCB
[00:46:25] [284/459] PTSB
[00:46:25] [285/459] TPSI
[00:46:26] [286/459] KHMJ
[00:46:27] [287/459] RCCJ
[00:46:28] [288/459] NCJA
[00:46:29] [289/459] NCJN
[00:46:31] [290/459] BTDP
[00:46:32] [291/459] PADY
[00:46:32] [292/459] NYBH
[00:46:33] [293/459] MTBR
[00:46:35] [294/459] KRBC
[00:46:36] [295/459] DKTI
[00:46:37] [296/459] ANAN
[00:46:38] [297/459] INBP
[00:46:38] [298/459] PATB
[00:46:39] [299/459] RGNT
[00:46:40] [300/459] CGPM
[00:46:41] [301/459] INTN
[00:46:42] [302/459] MCMP
[00:46:42] [303/459] ASRG
[00:46:43] [304/459] CXJD
[00:46:44] [305/459] SPCP
[00:46:45] [306/459] CSTP
[00:46:46] [307/459] PKVC
[00:46:47] [308/459] ESCP
[00:46:48] [309/459] CAEP
[00:46:49] [310/459] CCSP
[00:46:50] [311/459] KTPC
[00:46:51] [312/459] DACA
[00:46:51] [313/459] NVKY
[00:46:52] [314/459] PTIN
[00:46:53] [315/459] SCIN
[00:46:54] [316/459] MCTY
[00:46:55] [317/459] PCMX
[00:46:56] [318/459] INIC
[00:46:57] [319/459] MMZM
[00:46:57] [320/459] SSLP
[00:46:58] [321/459] DTDT
[00:46:59] [322/459] FFCX
[00:47:00] [323/459] RCMM
[00:47:01] [324/459] KYID
[00:47:02] [325/459] CSCI
[00:47:03] [326/459] FCMC
[00:47:04] [327/459] MMXI
[00:47:05] [328/459] ASTC
[00:47:06] [329/459] CMRA
[00:47:06] [330/459] DICI
[00:47:07] [331/459] KDIN
[00:47:08] [332/459] PRFI
[00:47:09] [333/459] SVFC
[00:47:09] [334/459] UCPL
[00:47:11] [335/459] COOC
[00:47:12] [336/459] SCAL
[00:47:12] [337/459] SVFF
[00:47:13] [338/459] VCMG
[00:47:14] [339/459] UUCT
[00:47:15] [340/459] GCSE
[00:47:16] [341/459] SUSC
[00:47:17] [342/459] MISC
[00:47:18] [343/459] RMBL
[00:47:20] [344/459] CMXN
[00:47:21] [345/459] PVBK
[00:47:21] [346/459] HHCG
[00:47:22] [347/459] SCAG
[00:47:23] [348/459] CNPR
[00:47:24] [349/459] CSER
[00:47:24] [350/459] HLWD
[00:47:25] [351/459] BOLY
[00:47:26] [352/459] SSPG
[00:47:27] [353/459] MUPX
[00:47:28] [354/459] HAMR
[00:47:29] [355/459] SDNC
[00:47:30] [356/459] RTEN
[00:47:31] [357/459] SDTD
[00:47:32] [358/459] KAWS
[00:47:32] [359/459] CMZX
[00:47:33] [360/459] DCDD
[00:47:34] [361/459] ALSN
[00:47:35] [362/459] IMXS
[00:47:36] [363/459] PVFF
[00:47:38] [364/459] PVOO
[00:47:38] [365/459] CFBS
[00:47:39] [366/459] PVER
[00:47:40] [367/459] PPNX
[00:47:41] [368/459] CNRM
[00:47:41] [369/459] PVWW
[00:47:42] [370/459] INMB
[00:47:43] [371/459] CPJR
[00:47:45] [372/459] INRZ
[00:47:45] [373/459] PMSR
[00:47:46] [374/459] GPGM
[00:47:47] [375/459] PGWB
[00:47:48] [376/459] PMBR
[00:47:49] [377/459] GPAM
[00:47:51] [378/459] INBC
[00:47:52] [379/459] PZVK
[00:47:53] [380/459] CPEB
[00:47:54] [381/459] FMLB
[00:47:54] [382/459] INBG
[00:47:55] [383/459] GPBR
[00:47:56] [384/459] PAAS
[00:47:57] [385/459] VTBR
[00:47:58] [386/459] GPMY
[00:47:58] [387/459] GYBU
[00:47:59] [388/459] INBJ
[00:48:01] [389/459] LKTH
[00:48:02] [390/459] NSBR
[00:48:03] [391/459] PDRD
[00:48:03] [392/459] VRBL
[00:48:04] [393/459] VTGB
[00:48:05] [394/459] VTSK
[00:48:06] [395/459] BKDV
[00:48:07] [396/459] SVTB
[00:48:08] [397/459] MLDT
[00:48:09] [398/459] NRBL
[00:48:10] [399/459] SLTR
[00:48:11] [400/459] VNKA
[00:48:12] [401/459] TDCA
[00:48:13] [402/459] INBM
[00:48:13] [403/459] SSNR
[00:48:14] [404/459] BHAC
[00:48:15] [405/459] SDSD
[00:48:15] [406/459] SAMP
[00:48:16] [407/459] RATK
[00:48:17] [408/459] KCBI
[00:48:18] [409/459] URBL
[00:48:19] [410/459] MKBG
[00:48:20] [411/459] ASTB
[00:48:21] [412/459] VBWT
[00:48:22] [413/459] GPSM
[00:48:23] [414/459] ROON
[00:48:24] [415/459] CHTH
[00:48:25] [416/459] SSPA
[00:48:26] [417/459] ANBL
[00:48:26] [418/459] VTBE
[00:48:27] [419/459] SVKT
[00:48:28] [420/459] SVYK
[00:48:29] [421/459] PTBK
[00:48:30] [422/459] RKTB
[00:48:31] [423/459] BALT
[00:48:32] [424/459] STSV
[00:48:33] [425/459] VCCB
[00:48:34] [426/459] SLTB
[00:48:35] [427/459] SBCR
[00:48:36] [428/459] VDCS
[00:48:37] [429/459] MDKI
[00:48:38] [430/459] SMRN
[00:48:40] [431/459] PTBC
[00:48:40] [432/459] RADI
[00:48:41] [433/459] ADCR
[00:48:42] [434/459] SDCS
[00:48:43] [435/459] SRPJ
[00:48:44] [436/459] ARTS
[00:48:45] [437/459] SRHK
[00:48:46] [438/459] SPAY
[00:48:47] [439/459] GPTB
[00:48:47] [440/459] SNNN
[00:48:48] [441/459] BALJ
[00:48:49] [442/459] TRIG
[00:48:50] [443/459] GTYT
[00:48:51] [444/459] ATGN
[00:48:52] [445/459] ANTE
[00:48:53] [446/459] BDCG
[00:48:54] [447/459] VECI
[00:48:55] [448/459] SCPR
[00:48:56] [449/459] RTEA
[00:48:56] [450/459] JSAI
[00:48:57] [451/459] VJTP
[00:48:58] [452/459] GNDS
[00:48:59] [453/459] PAXA
[00:49:00] [454/459] CGGM
[00:49:01] [455/459] ACKZ
[00:49:02] [456/459] EMCC
[00:49:03] [457/459] KLSK
[00:49:04] [458/459] AVCK
[00:49:05] [459/459] JTCK
[00:49:05] ✅ DONE | Shows=0 | Movies=0
[01:44:15] 🚀 BMS DAILY TRACKER STARTED
[01:44:15] [1/459] NECA
[01:44:15] 🧠 New identity
[01:44:17] [2/459] BJLC
[01:44:18] [3/459] BASU
[01:44:19] [4/459] RUPI
[01:44:19] [5/459] LCBK
[01:44:20] [6/459] PMAC
[01:44:21] [7/459] AMLC
[01:44:22] [8/459] LICL
[01:44:23] [9/459] UDMM
[01:44:24] [10/459] STBZ
[01:44:24] [11/459] UUBT
[01:44:25] [12/459] SJKC
[01:44:26] [13/459] TUAL
[01:44:27] [14/459] MRSE
[01:44:28] [15/459] RMRK
[01:44:29] [16/459] TTKP
[01:44:30] [17/459] KTKO
[01:44:31] [18/459] SDBK
[01:44:33] [19/459] MCPR
[01:44:34] [20/459] CHTI
[01:44:34] [21/459] GCCP
[01:44:36] [22/459] SRMY
[01:44:37] [23/459] NYST
[01:44:38] [24/459] NYAG
[01:44:40] [25/459] SBMT
[01:44:40] [26/459] INGA
[01:44:41] [27/459] WSIC
[01:44:43] [28/459] SCSS
[01:44:44] [29/459] COPG
[01:44:45] [30/459] RCGR
[01:44:46] [31/459] TCZA
[01:44:47] [32/459] CNLP
[01:44:48] [33/459] CLKN
[01:44:50] [34/459] LHDF
[01:44:50] [35/459] ELKC
[01:44:51] [36/459] VCEM
[01:44:52] [37/459] SSZA
[01:44:53] [38/459] KRMT
[01:44:54] [39/459] LCMV
[01:44:55] [40/459] AYCZ
[01:44:56] [41/459] CUMS
[01:44:58] [42/459] BOCK
[01:45:00] [43/459] PNMR
[01:45:00] [44/459] PJCP
[01:45:01] [45/459] JDDD
[01:45:02] [46/459] STMS
[01:45:03] [47/459] FLMB
[01:45:04] [48/459] PKCM
[01:45:05] [49/459] SPPR
[01:45:06] [50/459] EYLH
[01:45:07] [51/459] RJCC
[01:45:07] [52/459] MMPS
[01:45:08] [53/459] SHMX
[01:45:09] [54/459] CCNL
[01:45:10] [55/459] RCNV
[01:45:11] [56/459] MAAG
[01:45:12] [57/459] LXCM
[01:45:13] [58/459] RCNI
[01:45:14] [59/459] SNNI
[01:45:14] [60/459] LALC
[01:45:15] [61/459] SOCN
[01:45:16] [62/459] JHTP
[01:45:17] [63/459] PITP
[01:45:18] [64/459] CCKW
[01:45:19] [65/459] MCMC
[01:45:20] [66/459] DEES
[01:45:21] [67/459] SABT
[01:45:21] [68/459] VSPP
[01:45:22] [69/459] ABCT
[01:45:23] [70/459] JVTB
[01:45:24] [71/459] VCBD
[01:45:25] [72/459] RMGG
[01:45:26] [73/459] RNMH
[01:45:27] [74/459] SPGL
[01:45:28] [75/459] JTTR
[01:45:29] [76/459] SICS
[01:45:30] [77/459] SRMI
[01:45:31] [78/459] SSIJ
[01:45:32] [79/459] KFMT
[01:45:33] [80/459] VBIT
[01:45:34] [81/459] JKCT
[01:45:35] [82/459] GCGP
[01:45:36] [83/459] GDCS
[01:45:37] [84/459] TRBA
[01:45:37] [85/459] QUST
[01:45:38] [86/459] VSHM
[01:45:39] [87/459] SDCP
[01:45:41] [88/459] SNVS
[01:45:42] [89/459] NYTO
[01:45:43] [90/459] URWC
[01:45:43] [91/459] GTWH
[01:45:44] [92/459] PFCM
[01:45:45] [93/459] KRTA
[01:45:46] [94/459] AXMC
[01:45:47] [95/459] EVMC
[01:45:48] [96/459] HGSM
[01:45:49] [97/459] ACVM
[01:45:51] [98/459] PSKL
[01:45:52] [99/459] RDMP
[01:45:53] [100/459] RHGH
[01:45:54] [101/459] OMCM
[01:45:55] [102/459] DCCP
[01:45:55] [103/459] MCPB
[01:45:56] [104/459] ALCI
[01:45:57] [105/459] BLMX
[01:45:58] [106/459] BTMV
[01:46:00] [107/459] FVPN
[01:46:01] [108/459] CMAR
[01:46:02] [109/459] CEIM
[01:46:03] [110/459] CMVA
[01:46:03] [111/459] CPIV
[01:46:04] [112/459] CNPE
[01:46:05] [113/459] COLV
[01:46:06] [114/459] DNNV
[01:46:07] [115/459] HCAD
[01:46:09] [116/459] TAKA
[01:46:10] [117/459] INVD
[01:46:11] [118/459] IRMM
[01:46:13] [119/459] INSE
[01:46:13] [120/459] MRSW
[01:46:14] [121/459] MCVD
[01:46:15] [122/459] MCSO
[01:46:16] [123/459] PEVM
[01:46:17] [124/459] PVNL
[01:46:18] [125/459] PTCV
[01:46:18] [126/459] PRTC
[01:46:20] [127/459] RCVA
[01:46:21] [128/459] MTBN
[01:46:22] [129/459] LUCP
[01:46:23] [130/459] FMPT
[01:46:23] [131/459] JLSL
[01:46:24] [132/459] SBHA
[01:46:25] [133/459] SHRC
[01:46:26] [134/459] AVPS
[01:46:27] [135/459] STPM
[01:46:29] [136/459] ATRD
[01:46:29] [137/459] VTED
[01:46:30] [138/459] ACAI
[01:46:31] [139/459] SMAE
[01:46:32] [140/459] VMAT
[01:46:33] [141/459] LKCT
[01:46:34] [142/459] JTVK
[01:46:35] [143/459] PRTY
[01:46:36] [144/459] GETT
[01:46:37] [145/459] ESAP
[01:46:38] [146/459] NCPM
[01:46:39] [147/459] PCPA
[01:46:40] [148/459] MMOM
[01:46:41] [149/459] PHUP
[01:46:42] [150/459] CCPI
[01:46:43] [151/459] CNTD
[01:46:44] [152/459] NLJR
[01:46:44] [153/459] SRNG
[01:46:45] [154/459] MHAL
[01:46:46] [155/459] PNSM
[01:46:47] [156/459] DRMY
[01:46:48] [157/459] CCMU
[01:46:49] [158/459] SCMY
[01:46:50] [159/459] PVSY
[01:46:51] [160/459] SDLM
[01:46:51] [161/459] ICCM
[01:46:52] [162/459] PYSU
[01:46:53] [163/459] GATM
[01:46:54] [164/459] WOTM
[01:46:55] [165/459] RKTS
[01:46:56] [166/459] PMTY
[01:46:58] [167/459] LYMS
[01:46:59] [168/459] TGCA
[01:47:00] [169/459] DSTA
[01:47:01] [170/459] CNGE
[01:47:02] [171/459] VSTG
[01:47:04] [172/459] GTCK
[01:47:05] [173/459] TGNT
[01:47:05] [174/459] ASLC
[01:47:06] [175/459] SSST
[01:47:07] [176/459] KBTT
[01:47:08] [177/459] HKCP
[01:47:09] [178/459] SWLC
[01:47:10] [179/459] RTND
[01:47:11] [180/459] PKKT
[01:47:12] [181/459] HSTK
[01:47:14] [182/459] SPTT
[01:47:15] [183/459] IMPM
[01:47:16] [184/459] SCMV
[01:47:18] [185/459] SPCT
[01:47:18] [186/459] JBCA
[01:47:19] [187/459] ATTR
[01:47:21] [188/459] SPMT
[01:47:22] [189/459] LCTM
[01:47:22] [190/459] SCVL
[01:47:23] [191/459] SCVT
[01:47:24] [192/459] KRIC
[01:47:25] [193/459] CTMG
[01:47:26] [194/459] ACNC
[01:47:26] [195/459] DMCK
[01:47:27] [196/459] KMTV
[01:47:28] [197/459] PFCJ
[01:47:29] [198/459] VNMD
[01:47:30] [199/459] VPCZ
[01:47:31] [200/459] SRYR
[01:47:32] [201/459] SYTR
[01:47:33] [202/459] GATR
[01:47:34] [203/459] URTR
[01:47:35] [204/459] MKSM
[01:47:36] [205/459] VSMH
[01:47:37] [206/459] SKRJ
[01:47:37] [207/459] SSJR
[01:47:38] [208/459] SVSM
[01:47:40] [209/459] RUCM
[01:47:41] [210/459] PRKN
[01:47:42] [211/459] RROH
[01:47:43] [212/459] SCTN
[01:47:44] [213/459] RTDM
[01:47:45] [214/459] ASRM
[01:47:45] [215/459] SKMD
[01:47:47] [216/459] SUTD
[01:47:48] [217/459] SADM
[01:47:49] [218/459] WCNR
[01:47:50] [219/459] CNED
[01:47:51] [220/459] MPDB
[01:47:52] [221/459] KTBH
[01:47:53] [222/459] IDRM
[01:47:55] [223/459] PJJT
[01:47:56] [224/459] PFCV
[01:47:57] [225/459] AACT
[01:47:57] [226/459] AAAD
[01:47:58] [227/459] ANES
[01:48:00] [228/459] MNCA
[01:48:01] [229/459] RMGU
[01:48:01] [230/459] DLCN
[01:48:02] [231/459] LJWT
[01:48:03] [232/459] MCBG
[01:48:04] [233/459] MYBG
[01:48:05] [234/459] GCCA
[01:48:07] [235/459] GCGA
[01:48:08] [236/459] ECGN
[01:48:09] [237/459] PRAB
[01:48:09] [238/459] PNMP
[01:48:10] [239/459] GCPT
[01:48:11] [240/459] ROYN
[01:48:12] [241/459] VATM
[01:48:13] [242/459] KSNT
[01:48:14] [243/459] ACTC
[01:48:15] [244/459] PLTD
[01:48:15] [245/459] SKMK
[01:48:17] [246/459] CMTT
[01:48:17] [247/459] SMXP
[01:48:18] [248/459] SCMX
[01:48:19] [249/459] ACXN
[01:48:21] [250/459] ASWT
[01:48:22] [251/459] VVVL
[01:48:23] [252/459] NAGO
[01:48:24] [253/459] SNCN
[01:48:24] [254/459] MCKP
[01:48:25] [255/459] SAMO
[01:48:26] [256/459] JBTV
[01:48:27] [257/459] DCVV
[01:48:28] [258/459] KMSV
[01:48:29] [259/459] KDCN
[01:48:29] [260/459] CNCP
[01:48:30] [261/459] HAMC
[01:48:31] [262/459] CCVZ
[01:48:32] [263/459] NCCK
[01:48:33] [264/459] MCHR
[01:48:33] [265/459] SCHT
[01:48:34] [266/459] ESSH
[01:48:35] [267/459] CUJC
[01:48:36] [268/459] PECP
[01:48:37] [269/459] PMMI
[01:48:38] [270/459] PCCH
[01:48:38] [271/459] PRPM
[01:48:39] [272/459] PVKL
[01:48:40] [273/459] CBSM
[01:48:41] [274/459] PVCZ
[01:48:42] [275/459] PCVV
[01:48:43] [276/459] CTMJ
[01:48:44] [277/459] RCPS
[01:48:45] [278/459] PCIT
[01:48:45] [279/459] FNCH
[01:48:46] [280/459] INZD
[01:48:47] [281/459] INPC
[01:48:48] [282/459] LCZP
[01:48:50] [283/459] SMCB
[01:48:51] [284/459] PTSB
[01:48:52] [285/459] TPSI
[01:48:52] [286/459] KHMJ
[01:48:54] [287/459] RCCJ
[01:48:55] [288/459] NCJA
[01:48:56] [289/459] NCJN
[01:48:56] [290/459] BTDP
[01:48:57] [291/459] PADY
[01:48:58] [292/459] NYBH
[01:49:00] [293/459] MTBR
[01:49:01] [294/459] KRBC
[01:49:02] [295/459] DKTI
[01:49:03] [296/459] ANAN
[01:49:04] [297/459] INBP
[01:49:05] [298/459] PATB
[01:49:06] [299/459] RGNT
[01:49:07] [300/459] CGPM
[01:49:08] [301/459] INTN
[01:49:09] [302/459] MCMP
[01:49:10] [303/459] ASRG
[01:49:11] [304/459] CXJD
[01:49:11] [305/459] SPCP
[01:49:12] [306/459] CSTP
[01:49:13] [307/459] PKVC
[01:49:15] [308/459] ESCP
[01:49:16] [309/459] CAEP
[01:49:17] [310/459] CCSP
[01:49:18] [311/459] KTPC
[01:49:20] [312/459] DACA
[01:49:21] [313/459] NVKY
[01:49:22] [314/459] PTIN
[01:49:22] [315/459] SCIN
[01:49:23] [316/459] MCTY
[01:49:24] [317/459] PCMX
[01:49:26] [318/459] INIC
[01:49:28] [319/459] MMZM
[01:49:29] [320/459] SSLP
[01:49:29] [321/459] DTDT
[01:49:30] [322/459] FFCX
[01:49:31] [323/459] RCMM
[01:49:32] [324/459] KYID
[01:49:33] [325/459] CSCI
[01:49:33] [326/459] FCMC
[01:49:34] [327/459] MMXI
[01:49:35] [328/459] ASTC
[01:49:36] [329/459] CMRA
[01:49:37] [330/459] DICI
[01:49:38] [331/459] KDIN
[01:49:39] [332/459] PRFI
[01:49:40] [333/459] SVFC
[01:49:41] [334/459] UCPL
[01:49:42] [335/459] COOC
[01:49:42] [336/459] SCAL
[01:49:43] [337/459] SVFF
[01:49:44] [338/459] VCMG
[01:49:45] [339/459] UUCT
[01:49:46] [340/459] GCSE
[01:49:47] [341/459] SUSC
[01:49:48] [342/459] MISC
[01:49:48] [343/459] RMBL
[01:49:49] [344/459] CMXN
[01:49:50] [345/459] PVBK
[01:49:51] [346/459] HHCG
[01:49:52] [347/459] SCAG
[01:49:53] [348/459] CNPR
[01:49:53] [349/459] CSER
[01:49:54] [350/459] HLWD
[01:49:55] [351/459] BOLY
[01:49:56] [352/459] SSPG
[01:49:57] [353/459] MUPX
[01:49:58] [354/459] HAMR
[01:49:58] [355/459] SDNC
[01:49:59] [356/459] RTEN
[01:50:00] [357/459] SDTD
[01:50:01] [358/459] KAWS
[01:50:02] [359/459] CMZX
[01:50:04] [360/459] DCDD
[01:50:05] [361/459] ALSN
[01:50:06] [362/459] IMXS
[01:50:06] [363/459] PVFF
[01:50:07] [364/459] PVOO
[01:50:08] [365/459] CFBS
[01:50:09] [366/459] PVER
[01:50:10] [367/459] PPNX
[01:50:11] [368/459] CNRM
[01:50:12] [369/459] PVWW
[01:50:12] [370/459] INMB
[01:50:13] [371/459] CPJR
[01:50:15] [372/459] INRZ
[01:50:15] [373/459] PMSR
[01:50:16] [374/459] GPGM
[01:50:17] [375/459] PGWB
[01:50:18] [376/459] PMBR
[01:50:19] [377/459] GPAM
[01:50:20] [378/459] INBC
[01:50:21] [379/459] PZVK
[01:50:22] [380/459] CPEB
[01:50:23] [381/459] FMLB
[01:50:24] [382/459] INBG
[01:50:25] [383/459] GPBR
[01:50:26] [384/459] PAAS
[01:50:27] [385/459] VTBR
[01:50:28] [386/459] GPMY
[01:50:30] [387/459] GYBU
[01:50:32] [388/459] INBJ
[01:50:33] [389/459] LKTH
[01:50:34] [390/459] NSBR
[01:50:35] [391/459] PDRD
[01:50:36] [392/459] VRBL
[01:50:37] [393/459] VTGB
[01:50:38] [394/459] VTSK
[01:50:39] [395/459] BKDV
[01:50:40] [396/459] SVTB
[01:50:40] [397/459] MLDT
[01:50:41] [398/459] NRBL
[01:50:43] [399/459] SLTR
[01:50:44] [400/459] VNKA
[01:50:45] [401/459] TDCA
[01:50:46] [402/459] INBM
[01:50:47] [403/459] SSNR
[01:50:47] [404/459] BHAC
[01:50:48] [405/459] SDSD
[01:50:49] [406/459] SAMP
[01:50:50] [407/459] RATK
[01:50:51] [408/459] KCBI
[01:50:52] [409/459] URBL
[01:50:53] [410/459] MKBG
[01:50:54] [411/459] ASTB
[01:50:55] [412/459] VBWT
[01:50:56] [413/459] GPSM
[01:50:57] [414/459] ROON
[01:50:58] [415/459] CHTH
[01:50:59] [416/459] SSPA
[01:50:59] [417/459] ANBL
[01:51:00] [418/459] VTBE
[01:51:01] [419/459] SVKT
[01:51:02] [420/459] SVYK
[01:51:03] [421/459] PTBK
[01:51:04] [422/459] RKTB
[01:51:05] [423/459] BALT
[01:51:06] [424/459] STSV
[01:51:06] [425/459] VCCB
[01:51:07] [426/459] SLTB
[01:51:08] [427/459] SBCR
[01:51:09] [428/459] VDCS
[01:51:10] [429/459] MDKI
[01:51:11] [430/459] SMRN
[01:51:11] [431/459] PTBC
[01:51:12] [432/459] RADI
[01:51:13] [433/459] ADCR
[01:51:14] [434/459] SDCS
[01:51:15] [435/459] SRPJ
[01:51:16] [436/459] ARTS
[01:51:17] [437/459] SRHK
[01:51:17] [438/459] SPAY
[01:51:18] [439/459] GPTB
[01:51:19] [440/459] SNNN
[01:51:20] [441/459] BALJ
[01:51:21] [442/459] TRIG
[01:51:22] [443/459] GTYT
[01:51:23] [444/459] ATGN
[01:51:24] [445/459] ANTE
[01:51:25] [446/459] BDCG
[01:51:26] [447/459] VECI
[01:51:26] [448/459] SCPR
[01:51:27] [449/459] RTEA
[01:51:28] [450/459] JSAI
[01:51:29] [451/459] VJTP
[01:51:30] [452/459] GNDS
[01:51:31] [453/459] PAXA
[01:51:32] [454/459] CGGM
[01:51:32] [455/459] ACKZ
[01:51:33] [456/459] EMCC
[01:51:34] [457/459] KLSK
[01:51:35] [458/459] AVCK
[01:51:36] [459/459] JTCK
[01:51:37] ✅ DONE | Shows=0 | Movies=0
[02:42:04] 🚀 BMS DAILY TRACKER STARTED
[02:42:04] [1/459] NECA
[02:42:04] 🧠 New identity
[02:42:06] [2/459] BJLC
[02:42:06] [3/459] BASU
[02:42:07] [4/459] RUPI
[02:42:08] [5/459] LCBK
[02:42:09] [6/459] PMAC
[02:42:10] [7/459] AMLC
[02:42:11] [8/459] LICL
[02:42:12] [9/459] UDMM
[02:42:13] [10/459] STBZ
[02:42:14] [11/459] UUBT
[02:42:15] [12/459] SJKC
[02:42:16] [13/459] TUAL
[02:42:16] [14/459] MRSE
[02:42:17] [15/459] RMRK
[02:42:19] [16/459] TTKP
[02:42:20] [17/459] KTKO
[02:42:21] [18/459] SDBK
[02:42:22] [19/459] MCPR
[02:42:23] [20/459] CHTI
[02:42:24] [21/459] GCCP
[02:42:25] [22/459] SRMY
[02:42:26] [23/459] NYST
[02:42:27] [24/459] NYAG
[02:42:28] [25/459] SBMT
[02:42:29] [26/459] INGA
[02:42:30] [27/459] WSIC
[02:42:31] [28/459] SCSS
[02:42:32] [29/459] COPG
[02:42:33] [30/459] RCGR
[02:42:34] [31/459] TCZA
[02:42:35] [32/459] CNLP
[02:42:36] [33/459] CLKN
[02:42:37] [34/459] LHDF
[02:42:37] [35/459] ELKC
[02:42:38] [36/459] VCEM
[02:42:39] [37/459] SSZA
[02:42:40] [38/459] KRMT
[02:42:41] [39/459] LCMV
[02:42:42] [40/459] AYCZ
[02:42:42] [41/459] CUMS
[02:42:43] [42/459] BOCK
[02:42:44] [43/459] PNMR
[02:42:45] [44/459] PJCP
[02:42:46] [45/459] JDDD
[02:42:47] [46/459] STMS
[02:42:47] [47/459] FLMB
[02:42:48] [48/459] PKCM
[02:42:49] [49/459] SPPR
[02:42:50] [50/459] EYLH
[02:42:51] [51/459] RJCC
[02:42:52] [52/459] MMPS
[02:42:53] [53/459] SHMX
[02:42:54] [54/459] CCNL
[02:42:56] [55/459] RCNV
[02:42:57] [56/459] MAAG
[02:42:57] [57/459] LXCM
[02:42:59] [58/459] RCNI
[02:43:01] [59/459] SNNI
[02:43:02] [60/459] LALC
[02:43:03] [61/459] SOCN
[02:43:03] [62/459] JHTP
[02:43:04] [63/459] PITP
[02:43:06] [64/459] CCKW
[02:43:07] [65/459] MCMC
[02:43:08] [66/459] DEES
[02:43:09] [67/459] SABT
[02:43:10] [68/459] VSPP
[02:43:10] [69/459] ABCT
[02:43:11] [70/459] JVTB
[02:43:12] [71/459] VCBD
[02:43:13] [72/459] RMGG
[02:43:14] [73/459] RNMH
[02:43:14] [74/459] SPGL
[02:43:15] [75/459] JTTR
[02:43:16] [76/459] SICS
[02:43:17] [77/459] SRMI
[02:43:18] [78/459] SSIJ
[02:43:19] [79/459] KFMT
[02:43:20] [80/459] VBIT
[02:43:21] [81/459] JKCT
[02:43:22] [82/459] GCGP
[02:43:23] [83/459] GDCS
[02:43:23] [84/459] TRBA
[02:43:24] [85/459] QUST
[02:43:25] [86/459] VSHM
[02:43:26] [87/459] SDCP
[02:43:27] [88/459] SNVS
[02:43:28] [89/459] NYTO
[02:43:29] [90/459] URWC
[02:43:30] [91/459] GTWH
[02:43:31] [92/459] PFCM
[02:43:32] [93/459] KRTA
[02:43:33] [94/459] AXMC
[02:43:34] [95/459] EVMC
[02:43:35] [96/459] HGSM
[02:43:36] [97/459] ACVM
[02:43:37] [98/459] PSKL
[02:43:38] [99/459] RDMP
[02:43:39] [100/459] RHGH
[02:43:40] [101/459] OMCM
[02:43:41] [102/459] DCCP
[02:43:41] [103/459] MCPB
[02:43:42] [104/459] ALCI
[02:43:43] [105/459] BLMX
[02:43:44] [106/459] BTMV
[02:43:45] [107/459] FVPN
[02:43:45] [108/459] CMAR
[02:43:46] [109/459] CEIM
[02:43:47] [110/459] CMVA
[02:43:48] [111/459] CPIV
[02:43:49] [112/459] CNPE
[02:43:50] [113/459] COLV
[02:43:51] [114/459] DNNV
[02:43:52] [115/459] HCAD
[02:43:52] [116/459] TAKA
[02:43:53] [117/459] INVD
[02:43:54] [118/459] IRMM
[02:43:55] [119/459] INSE
[02:43:56] [120/459] MRSW
[02:43:57] [121/459] MCVD
[02:43:59] [122/459] MCSO
[02:43:59] [123/459] PEVM
[02:44:00] [124/459] PVNL
[02:44:02] [125/459] PTCV
[02:44:03] [126/459] PRTC
[02:44:04] [127/459] RCVA
[02:44:05] [128/459] MTBN
[02:44:06] [129/459] LUCP
[02:44:07] [130/459] FMPT
[02:44:08] [131/459] JLSL
[02:44:09] [132/459] SBHA
[02:44:10] [133/459] SHRC
[02:44:10] [134/459] AVPS
[02:44:11] [135/459] STPM
[02:44:12] [136/459] ATRD
[02:44:13] [137/459] VTED
[02:44:14] [138/459] ACAI
[02:44:15] [139/459] SMAE
[02:44:16] [140/459] VMAT
[02:44:17] [141/459] LKCT
[02:44:17] [142/459] JTVK
[02:44:18] [143/459] PRTY
[02:44:20] [144/459] GETT
[02:44:20] [145/459] ESAP
[02:44:21] [146/459] NCPM
[02:44:22] [147/459] PCPA
[02:44:23] [148/459] MMOM
[02:44:24] [149/459] PHUP
[02:44:25] [150/459] CCPI
[02:44:26] [151/459] CNTD
[02:44:27] [152/459] NLJR
[02:44:27] [153/459] SRNG
[02:44:28] [154/459] MHAL
[02:44:29] [155/459] PNSM
[02:44:30] [156/459] DRMY
[02:44:31] [157/459] CCMU
[02:44:32] [158/459] SCMY
[02:44:32] [159/459] PVSY
[02:44:33] [160/459] SDLM
[02:44:35] [161/459] ICCM
[02:44:36] [162/459] PYSU
[02:44:37] [163/459] GATM
[02:44:38] [164/459] WOTM
[02:44:39] [165/459] RKTS
[02:44:40] [166/459] PMTY
[02:44:41] [167/459] LYMS
[02:44:42] [168/459] TGCA
[02:44:43] [169/459] DSTA
[02:44:44] [170/459] CNGE
[02:44:44] [171/459] VSTG
[02:44:45] [172/459] GTCK
[02:44:46] [173/459] TGNT
[02:44:47] [174/459] ASLC
[02:44:48] [175/459] SSST
[02:44:48] [176/459] KBTT
[02:44:49] [177/459] HKCP
[02:44:50] [178/459] SWLC
[02:44:51] [179/459] RTND
[02:44:52] [180/459] PKKT
[02:44:54] [181/459] HSTK
[02:44:54] [182/459] SPTT
[02:44:55] [183/459] IMPM
[02:44:56] [184/459] SCMV
[02:44:57] [185/459] SPCT
[02:44:57] [186/459] JBCA
[02:44:59] [187/459] ATTR
[02:44:59] [188/459] SPMT
[02:45:00] [189/459] LCTM
[02:45:01] [190/459] SCVL
[02:45:02] [191/459] SCVT
[02:45:03] [192/459] KRIC
[02:45:04] [193/459] CTMG
[02:45:05] [194/459] ACNC
[02:45:05] [195/459] DMCK
[02:45:07] [196/459] KMTV
[02:45:08] [197/459] PFCJ
[02:45:09] [198/459] VNMD
[02:45:10] [199/459] VPCZ
[02:45:10] [200/459] SRYR
[02:45:11] [201/459] SYTR
[02:45:12] [202/459] GATR
[02:45:13] [203/459] URTR
[02:45:13] [204/459] MKSM
[02:45:14] [205/459] VSMH
[02:45:15] [206/459] SKRJ
[02:45:16] [207/459] SSJR
[02:45:17] [208/459] SVSM
[02:45:19] [209/459] RUCM
[02:45:19] [210/459] PRKN
[02:45:20] [211/459] RROH
[02:45:21] [212/459] SCTN
[02:45:22] [213/459] RTDM
[02:45:23] [214/459] ASRM
[02:45:24] [215/459] SKMD
[02:45:25] [216/459] SUTD
[02:45:25] [217/459] SADM
[02:45:26] [218/459] WCNR
[02:45:27] [219/459] CNED
[02:45:28] [220/459] MPDB
[02:45:29] [221/459] KTBH
[02:45:30] [222/459] IDRM
[02:45:30] [223/459] PJJT
[02:45:31] [224/459] PFCV
[02:45:32] [225/459] AACT
[02:45:33] [226/459] AAAD
[02:45:33] [227/459] ANES
[02:45:34] [228/459] MNCA
[02:45:35] [229/459] RMGU
[02:45:36] [230/459] DLCN
[02:45:37] [231/459] LJWT
[02:45:38] [232/459] MCBG
[02:45:38] [233/459] MYBG
[02:45:39] [234/459] GCCA
[02:45:40] [235/459] GCGA
[02:45:41] [236/459] ECGN
[02:45:42] [237/459] PRAB
[02:45:43] [238/459] PNMP
[02:45:43] [239/459] GCPT
[02:45:44] [240/459] ROYN
[02:45:46] [241/459] VATM
[02:45:47] [242/459] KSNT
[02:45:48] [243/459] ACTC
[02:45:48] [244/459] PLTD
[02:45:49] [245/459] SKMK
[02:45:50] [246/459] CMTT
[02:45:51] [247/459] SMXP
[02:45:52] [248/459] SCMX
[02:45:53] [249/459] ACXN
[02:45:54] [250/459] ASWT
[02:45:55] [251/459] VVVL
[02:45:56] [252/459] NAGO
[02:45:57] [253/459] SNCN
[02:45:58] [254/459] MCKP
[02:45:58] [255/459] SAMO
[02:45:59] [256/459] JBTV
[02:46:00] [257/459] DCVV
[02:46:01] [258/459] KMSV
[02:46:02] [259/459] KDCN
[02:46:03] [260/459] CNCP
[02:46:03] [261/459] HAMC
[02:46:04] [262/459] CCVZ
[02:46:05] [263/459] NCCK
[02:46:06] [264/459] MCHR
[02:46:07] [265/459] SCHT
[02:46:07] [266/459] ESSH
[02:46:08] [267/459] CUJC
[02:46:09] [268/459] PECP
[02:46:10] [269/459] PMMI
[02:46:11] [270/459] PCCH
[02:46:12] [271/459] PRPM
[02:46:13] [272/459] PVKL
[02:46:14] [273/459] CBSM
[02:46:15] [274/459] PVCZ
[02:46:15] [275/459] PCVV
[02:46:16] [276/459] CTMJ
[02:46:17] [277/459] RCPS
[02:46:18] [278/459] PCIT
[02:46:19] [279/459] FNCH
[02:46:20] [280/459] INZD
[02:46:21] [281/459] INPC
[02:46:22] [282/459] LCZP
[02:46:23] [283/459] SMCB
[02:46:24] [284/459] PTSB
[02:46:26] [285/459] TPSI
[02:46:27] [286/459] KHMJ
[02:46:28] [287/459] RCCJ
[02:46:29] [288/459] NCJA
[02:46:29] [289/459] NCJN
[02:46:30] [290/459] BTDP
[02:46:31] [291/459] PADY
[02:46:32] [292/459] NYBH
[02:46:33] [293/459] MTBR
[02:46:33] [294/459] KRBC
[02:46:34] [295/459] DKTI
[02:46:35] [296/459] ANAN
[02:46:36] [297/459] INBP
[02:46:37] [298/459] PATB
[02:46:38] [299/459] RGNT
[02:46:38] [300/459] CGPM
[02:46:39] [301/459] INTN
[02:46:40] [302/459] MCMP
[02:46:41] [303/459] ASRG
[02:46:42] [304/459] CXJD
[02:46:42] [305/459] SPCP
[02:46:43] [306/459] CSTP
[02:46:44] [307/459] PKVC
[02:46:45] [308/459] ESCP
[02:46:46] [309/459] CAEP
[02:46:47] [310/459] CCSP
[02:46:47] [311/459] KTPC
[02:46:49] [312/459] DACA
[02:46:50] [313/459] NVKY
[02:46:51] [314/459] PTIN
[02:46:51] [315/459] SCIN
[02:46:52] [316/459] MCTY
[02:46:53] [317/459] PCMX
[02:46:54] [318/459] INIC
[02:46:55] [319/459] MMZM
[02:46:56] [320/459] SSLP
[02:46:56] [321/459] DTDT
[02:46:57] [322/459] FFCX
[02:46:58] [323/459] RCMM
[02:46:59] [324/459] KYID
[02:47:00] [325/459] CSCI
[02:47:01] [326/459] FCMC
[02:47:01] [327/459] MMXI
[02:47:02] [328/459] ASTC
[02:47:04] [329/459] CMRA
[02:47:05] [330/459] DICI
[02:47:06] [331/459] KDIN
[02:47:07] [332/459] PRFI
[02:47:08] [333/459] SVFC
[02:47:08] [334/459] UCPL
[02:47:09] [335/459] COOC
[02:47:10] [336/459] SCAL
[02:47:11] [337/459] SVFF
[02:47:12] [338/459] VCMG
[02:47:14] [339/459] UUCT
[02:47:14] [340/459] GCSE
[02:47:15] [341/459] SUSC
[02:47:17] [342/459] MISC
[02:47:18] [343/459] RMBL
[02:47:19] [344/459] CMXN
[02:47:19] [345/459] PVBK
[02:47:20] [346/459] HHCG
[02:47:21] [347/459] SCAG
[02:47:22] [348/459] CNPR
[02:47:22] [349/459] CSER
[02:47:23] [350/459] HLWD
[02:47:24] [351/459] BOLY
[02:47:26] [352/459] SSPG
[02:47:27] [353/459] MUPX
[02:47:28] [354/459] HAMR
[02:47:29] [355/459] SDNC
[02:47:30] [356/459] RTEN
[02:47:31] [357/459] SDTD
[02:47:32] [358/459] KAWS
[02:47:33] [359/459] CMZX
[02:47:34] [360/459] DCDD
[02:47:35] [361/459] ALSN
[02:47:35] [362/459] IMXS
[02:47:36] [363/459] PVFF
[02:47:37] [364/459] PVOO
[02:47:38] [365/459] CFBS
[02:47:39] [366/459] PVER
[02:47:39] [367/459] PPNX
[02:47:40] [368/459] CNRM
[02:47:41] [369/459] PVWW
[02:47:42] [370/459] INMB
[02:47:43] [371/459] CPJR
[02:47:44] [372/459] INRZ
[02:47:45] [373/459] PMSR
[02:47:46] [374/459] GPGM
[02:47:48] [375/459] PGWB
[02:47:49] [376/459] PMBR
[02:47:50] [377/459] GPAM
[02:47:51] [378/459] INBC
[02:47:52] [379/459] PZVK
[02:47:52] [380/459] CPEB
[02:47:53] [381/459] FMLB
[02:47:54] [382/459] INBG
[02:47:55] [383/459] GPBR
[02:47:56] [384/459] PAAS
[02:47:57] [385/459] VTBR
[02:47:57] [386/459] GPMY
[02:47:58] [387/459] GYBU
[02:47:59] [388/459] INBJ
[02:48:00] [389/459] LKTH
[02:48:01] [390/459] NSBR
[02:48:01] [391/459] PDRD
[02:48:02] [392/459] VRBL
[02:48:03] [393/459] VTGB
[02:48:04] [394/459] VTSK
[02:48:05] [395/459] BKDV
[02:48:06] [396/459] SVTB
[02:48:07] [397/459] MLDT
[02:48:08] [398/459] NRBL
[02:48:09] [399/459] SLTR
[02:48:10] [400/459] VNKA
[02:48:11] [401/459] TDCA
[02:48:11] [402/459] INBM
[02:48:12] [403/459] SSNR
[02:48:13] [404/459] BHAC
[02:48:14] [405/459] SDSD
[02:48:15] [406/459] SAMP
[02:48:16] [407/459] RATK
[02:48:17] [408/459] KCBI
[02:48:18] [409/459] URBL
[02:48:18] [410/459] MKBG
[02:48:19] [411/459] ASTB
[02:48:20] [412/459] VBWT
[02:48:21] [413/459] GPSM
[02:48:22] [414/459] ROON
[02:48:22] [415/459] CHTH
[02:48:23] [416/459] SSPA
[02:48:24] [417/459] ANBL
[02:48:25] [418/459] VTBE
[02:48:27] [419/459] SVKT
[02:48:28] [420/459] SVYK
[02:48:28] [421/459] PTBK
[02:48:29] [422/459] RKTB
[02:48:30] [423/459] BALT
[02:48:31] [424/459] STSV
[02:48:31] [425/459] VCCB
[02:48:32] [426/459] SLTB
[02:48:33] [427/459] SBCR
[02:48:34] [428/459] VDCS
[02:48:35] [429/459] MDKI
[02:48:36] [430/459] SMRN
[02:48:36] [431/459] PTBC
[02:48:37] [432/459] RADI
[02:48:38] [433/459] ADCR
[02:48:39] [434/459] SDCS
[02:48:40] [435/459] SRPJ
[02:48:41] [436/459] ARTS
[02:48:42] [437/459] SRHK
[02:48:43] [438/459] SPAY
[02:48:44] [439/459] GPTB
[02:48:44] [440/459] SNNN
[02:48:45] [441/459] BALJ
[02:48:46] [442/459] TRIG
[02:48:47] [443/459] GTYT
[02:48:48] [444/459] ATGN
[02:48:50] [445/459] ANTE
[02:48:50] [446/459] BDCG
[02:48:51] [447/459] VECI
[02:48:52] [448/459] SCPR
[02:48:53] [449/459] RTEA
[02:48:54] [450/459] JSAI
[02:48:54] [451/459] VJTP
[02:48:55] [452/459] GNDS
[02:48:56] [453/459] PAXA
[02:48:57] [454/459] CGGM
[02:48:58] [455/459] ACKZ
[02:48:59] [456/459] EMCC
[02:49:00] [457/459] KLSK
[02:49:01] [458/459] AVCK
[02:49:01] [459/459] JTCK
[02:49:02] ✅ DONE | Shows=0 | Movies=0
[03:43:16] 🚀 BMS DAILY TRACKER STARTED
[03:43:16] [1/459] NECA
[03:43:16] 🧠 New identity
[03:43:17] [2/459] BJLC
[03:43:19] [3/459] BASU
[03:43:20] [4/459] RUPI
[03:43:20] [5/459] LCBK
[03:43:21] [6/459] PMAC
[03:43:22] [7/459] AMLC
[03:43:23] [8/459] LICL
[03:43:24] [9/459] UDMM
[03:43:25] [10/459] STBZ
[03:43:26] [11/459] UUBT
[03:43:27] [12/459] SJKC
[03:43:28] [13/459] TUAL
[03:43:29] [14/459] MRSE
[03:43:29] [15/459] RMRK
[03:43:30] [16/459] TTKP
[03:43:31] [17/459] KTKO
[03:43:32] [18/459] SDBK
[03:43:33] [19/459] MCPR
[03:43:34] [20/459] CHTI
[03:43:35] [21/459] GCCP
[03:43:36] [22/459] SRMY
[03:43:37] [23/459] NYST
[03:43:39] [24/459] NYAG
[03:43:40] [25/459] SBMT
[03:43:41] [26/459] INGA
[03:43:42] [27/459] WSIC
[03:43:43] [28/459] SCSS
[03:43:44] [29/459] COPG
[03:43:45] [30/459] RCGR
[03:43:47] [31/459] TCZA
[03:43:48] [32/459] CNLP
[03:43:49] [33/459] CLKN
[03:43:49] [34/459] LHDF
[03:43:51] [35/459] ELKC
[03:43:52] [36/459] VCEM
[03:43:53] [37/459] SSZA
[03:43:54] [38/459] KRMT
[03:43:55] [39/459] LCMV
[03:43:55] [40/459] AYCZ
[03:43:56] [41/459] CUMS
[03:43:57] [42/459] BOCK
[03:43:58] [43/459] PNMR
[03:43:59] [44/459] PJCP
[03:44:00] [45/459] JDDD
[03:44:01] [46/459] STMS
[03:44:03] [47/459] FLMB
[03:44:04] [48/459] PKCM
[03:44:05] [49/459] SPPR
[03:44:06] [50/459] EYLH
[03:44:07] [51/459] RJCC
[03:44:08] [52/459] MMPS
[03:44:09] [53/459] SHMX
[03:44:10] [54/459] CCNL
[03:44:10] [55/459] RCNV
[03:44:11] [56/459] MAAG
[03:44:12] [57/459] LXCM
[03:44:13] [58/459] RCNI
[03:44:14] [59/459] SNNI
[03:44:15] [60/459] LALC
[03:44:16] [61/459] SOCN
[03:44:17] [62/459] JHTP
[03:44:18] [63/459] PITP
[03:44:18] [64/459] CCKW
[03:44:20] [65/459] MCMC
[03:44:21] [66/459] DEES
[03:44:22] [67/459] SABT
[03:44:22] [68/459] VSPP
[03:44:23] [69/459] ABCT
[03:44:24] [70/459] JVTB
[03:44:25] [71/459] VCBD
[03:44:27] [72/459] RMGG
[03:44:28] [73/459] RNMH
[03:44:28] [74/459] SPGL
[03:44:29] [75/459] JTTR
[03:44:30] [76/459] SICS
[03:44:31] [77/459] SRMI
[03:44:32] [78/459] SSIJ
[03:44:33] [79/459] KFMT
[03:44:34] [80/459] VBIT
[03:44:35] [81/459] JKCT
[03:44:36] [82/459] GCGP
[03:44:37] [83/459] GDCS
[03:44:38] [84/459] TRBA
[03:44:38] [85/459] QUST
[03:44:40] [86/459] VSHM
[03:44:41] [87/459] SDCP
[03:44:42] [88/459] SNVS
[03:44:42] [89/459] NYTO
[03:44:44] [90/459] URWC
[03:44:45] [91/459] GTWH
[03:44:46] [92/459] PFCM
[03:44:47] [93/459] KRTA
[03:44:48] [94/459] AXMC
[03:44:49] [95/459] EVMC
[03:44:50] [96/459] HGSM
[03:44:50] [97/459] ACVM
[03:44:52] [98/459] PSKL
[03:44:53] [99/459] RDMP
[03:44:54] [100/459] RHGH
[03:44:54] [101/459] OMCM
[03:44:55] [102/459] DCCP
[03:44:56] [103/459] MCPB
[03:44:57] [104/459] ALCI
[03:44:58] [105/459] BLMX
[03:44:59] [106/459] BTMV
[03:45:00] [107/459] FVPN
[03:45:01] [108/459] CMAR
[03:45:02] [109/459] CEIM
[03:45:02] [110/459] CMVA
[03:45:03] [111/459] CPIV
[03:45:05] [112/459] CNPE
[03:45:05] [113/459] COLV
[03:45:06] [114/459] DNNV
[03:45:07] [115/459] HCAD
[03:45:08] [116/459] TAKA
[03:45:09] [117/459] INVD
[03:45:10] [118/459] IRMM
[03:45:11] [119/459] INSE
[03:45:11] [120/459] MRSW
[03:45:13] [121/459] MCVD
[03:45:13] [122/459] MCSO
[03:45:14] [123/459] PEVM
[03:45:15] [124/459] PVNL
[03:45:16] [125/459] PTCV
[03:45:17] [126/459] PRTC
[03:45:18] [127/459] RCVA
[03:45:18] [128/459] MTBN
[03:45:19] [129/459] LUCP
[03:45:20] [130/459] FMPT
[03:45:21] [131/459] JLSL
[03:45:22] [132/459] SBHA
[03:45:23] [133/459] SHRC
[03:45:24] [134/459] AVPS
[03:45:25] [135/459] STPM
[03:45:26] [136/459] ATRD
[03:45:27] [137/459] VTED
[03:45:28] [138/459] ACAI
[03:45:29] [139/459] SMAE
[03:45:29] [140/459] VMAT
[03:45:30] [141/459] LKCT
[03:45:31] [142/459] JTVK
[03:45:32] [143/459] PRTY
[03:45:33] [144/459] GETT
[03:45:34] [145/459] ESAP
[03:45:35] [146/459] NCPM
[03:45:36] [147/459] PCPA
[03:45:37] [148/459] MMOM
[03:45:37] [149/459] PHUP
[03:45:38] [150/459] CCPI
[03:45:39] [151/459] CNTD
[03:45:41] [152/459] NLJR
[03:45:42] [153/459] SRNG
[03:45:43] [154/459] MHAL
[03:45:44] [155/459] PNSM
[03:45:45] [156/459] DRMY
[03:45:46] [157/459] CCMU
[03:45:46] [158/459] SCMY
[03:45:47] [159/459] PVSY
[03:45:48] [160/459] SDLM
[03:45:49] [161/459] ICCM
[03:45:50] [162/459] PYSU
[03:45:51] [163/459] GATM
[03:45:51] [164/459] WOTM
[03:45:52] [165/459] RKTS
[03:45:53] [166/459] PMTY
[03:45:54] [167/459] LYMS
[03:45:55] [168/459] TGCA
[03:45:56] [169/459] DSTA
[03:45:57] [170/459] CNGE
[03:45:58] [171/459] VSTG
[03:45:59] [172/459] GTCK
[03:46:00] [173/459] TGNT
[03:46:01] [174/459] ASLC
[03:46:01] [175/459] SSST
[03:46:02] [176/459] KBTT
[03:46:03] [177/459] HKCP
[03:46:04] [178/459] SWLC
[03:46:05] [179/459] RTND
[03:46:06] [180/459] PKKT
[03:46:07] [181/459] HSTK
[03:46:07] [182/459] SPTT
[03:46:08] [183/459] IMPM
[03:46:09] [184/459] SCMV
[03:46:10] [185/459] SPCT
[03:46:11] [186/459] JBCA
[03:46:12] [187/459] ATTR
[03:46:13] [188/459] SPMT
[03:46:14] [189/459] LCTM
[03:46:15] [190/459] SCVL
[03:46:16] [191/459] SCVT
[03:46:18] [192/459] KRIC
[03:46:19] [193/459] CTMG
[03:46:20] [194/459] ACNC
[03:46:21] [195/459] DMCK
[03:46:21] [196/459] KMTV
[03:46:22] [197/459] PFCJ
[03:46:24] [198/459] VNMD
[03:46:25] [199/459] VPCZ
[03:46:26] [200/459] SRYR
[03:46:27] [201/459] SYTR
[03:46:28] [202/459] GATR
[03:46:29] [203/459] URTR
[03:46:29] [204/459] MKSM
[03:46:30] [205/459] VSMH
[03:46:31] [206/459] SKRJ
[03:46:32] [207/459] SSJR
[03:46:33] [208/459] SVSM
[03:46:33] [209/459] RUCM
[03:46:34] [210/459] PRKN
[03:46:35] [211/459] RROH
[03:46:36] [212/459] SCTN
[03:46:37] [213/459] RTDM
[03:46:37] [214/459] ASRM
[03:46:38] [215/459] SKMD
[03:46:39] [216/459] SUTD
[03:46:40] [217/459] SADM
[03:46:41] [218/459] WCNR
[03:46:42] [219/459] CNED
[03:46:43] [220/459] MPDB
[03:46:43] [221/459] KTBH
[03:46:44] [222/459] IDRM
[03:46:45] [223/459] PJJT
[03:46:46] [224/459] PFCV
[03:46:47] [225/459] AACT
[03:46:48] [226/459] AAAD
[03:46:48] [227/459] ANES
[03:46:49] [228/459] MNCA
[03:46:50] [229/459] RMGU
[03:46:51] [230/459] DLCN
[03:46:52] [231/459] LJWT
[03:46:52] [232/459] MCBG
[03:46:53] [233/459] MYBG
[03:46:54] [234/459] GCCA
[03:46:55] [235/459] GCGA
[03:46:56] [236/459] ECGN
[03:46:57] [237/459] PRAB
[03:46:58] [238/459] PNMP
[03:46:58] [239/459] GCPT
[03:46:59] [240/459] ROYN
[03:47:00] [241/459] VATM
[03:47:01] [242/459] KSNT
[03:47:02] [243/459] ACTC
[03:47:03] [244/459] PLTD
[03:47:04] [245/459] SKMK
[03:47:05] [246/459] CMTT
[03:47:06] [247/459] SMXP
[03:47:07] [248/459] SCMX
[03:47:07] [249/459] ACXN
[03:47:08] [250/459] ASWT
[03:47:09] [251/459] VVVL
[03:47:10] [252/459] NAGO
[03:47:11] [253/459] SNCN
[03:47:11] [254/459] MCKP
[03:47:12] [255/459] SAMO
[03:47:14] [256/459] JBTV
[03:47:14] [257/459] DCVV
[03:47:15] [258/459] KMSV
[03:47:16] [259/459] KDCN
[03:47:17] [260/459] CNCP
[03:47:17] [261/459] HAMC
[03:47:18] [262/459] CCVZ
[03:47:19] [263/459] NCCK
[03:47:20] [264/459] MCHR
[03:47:21] [265/459] SCHT
[03:47:22] [266/459] ESSH
[03:47:23] [267/459] CUJC
[03:47:23] [268/459] PECP
[03:47:24] [269/459] PMMI
[03:47:25] [270/459] PCCH
[03:47:26] [271/459] PRPM
[03:47:27] [272/459] PVKL
[03:47:28] [273/459] CBSM
[03:47:29] [274/459] PVCZ
[03:47:29] [275/459] PCVV
[03:47:30] [276/459] CTMJ
[03:47:31] [277/459] RCPS
[03:47:32] [278/459] PCIT
[03:47:33] [279/459] FNCH
[03:47:34] [280/459] INZD
[03:47:35] [281/459] INPC
[03:47:36] [282/459] LCZP
[03:47:37] [283/459] SMCB
[03:47:38] [284/459] PTSB
[03:47:39] [285/459] TPSI
[03:47:39] [286/459] KHMJ
[03:47:40] [287/459] RCCJ
[03:47:41] [288/459] NCJA
[03:47:42] [289/459] NCJN
[03:47:43] [290/459] BTDP
[03:47:44] [291/459] PADY
[03:47:45] [292/459] NYBH
[03:47:45] [293/459] MTBR
[03:47:46] [294/459] KRBC
[03:47:47] [295/459] DKTI
[03:47:48] [296/459] ANAN
[03:47:49] [297/459] INBP
[03:47:51] [298/459] PATB
[03:47:52] [299/459] RGNT
[03:47:53] [300/459] CGPM
[03:47:54] [301/459] INTN
[03:47:54] [302/459] MCMP
[03:47:55] [303/459] ASRG
[03:47:56] [304/459] CXJD
[03:47:57] [305/459] SPCP
[03:47:58] [306/459] CSTP
[03:47:59] [307/459] PKVC
[03:47:59] [308/459] ESCP
[03:48:00] [309/459] CAEP
[03:48:01] [310/459] CCSP
[03:48:02] [311/459] KTPC
[03:48:03] [312/459] DACA
[03:48:04] [313/459] NVKY
[03:48:05] [314/459] PTIN
[03:48:06] [315/459] SCIN
[03:48:06] [316/459] MCTY
[03:48:07] [317/459] PCMX
[03:48:08] [318/459] INIC
[03:48:09] [319/459] MMZM
[03:48:10] [320/459] SSLP
[03:48:11] [321/459] DTDT
[03:48:12] [322/459] FFCX
[03:48:12] [323/459] RCMM
[03:48:13] [324/459] KYID
[03:48:14] [325/459] CSCI
[03:48:15] [326/459] FCMC
[03:48:16] [327/459] MMXI
[03:48:17] [328/459] ASTC
[03:48:18] [329/459] CMRA
[03:48:18] [330/459] DICI
[03:48:20] [331/459] KDIN
[03:48:21] [332/459] PRFI
[03:48:22] [333/459] SVFC
[03:48:23] [334/459] UCPL
[03:48:24] [335/459] COOC
[03:48:25] [336/459] SCAL
[03:48:26] [337/459] SVFF
[03:48:27] [338/459] VCMG
[03:48:28] [339/459] UUCT
[03:48:29] [340/459] GCSE
[03:48:30] [341/459] SUSC
[03:48:31] [342/459] MISC
[03:48:31] [343/459] RMBL
[03:48:32] [344/459] CMXN
[03:48:33] [345/459] PVBK
[03:48:34] [346/459] HHCG
[03:48:35] [347/459] SCAG
[03:48:36] [348/459] CNPR
[03:48:36] [349/459] CSER
[03:48:37] [350/459] HLWD
[03:48:38] [351/459] BOLY
[03:48:38] [352/459] SSPG
[03:48:39] [353/459] MUPX
[03:48:40] [354/459] HAMR
[03:48:41] [355/459] SDNC
[03:48:41] [356/459] RTEN
[03:48:42] [357/459] SDTD
[03:48:44] [358/459] KAWS
[03:48:45] [359/459] CMZX
[03:48:46] [360/459] DCDD
[03:48:47] [361/459] ALSN
[03:48:48] [362/459] IMXS
[03:48:49] [363/459] PVFF
[03:48:50] [364/459] PVOO
[03:48:51] [365/459] CFBS
[03:48:52] [366/459] PVER
[03:48:52] [367/459] PPNX
[03:48:53] [368/459] CNRM
[03:48:54] [369/459] PVWW
[03:48:56] [370/459] INMB
[03:48:56] [371/459] CPJR
[03:48:57] [372/459] INRZ
[03:48:59] [373/459] PMSR
[03:49:00] [374/459] GPGM
[03:49:00] [375/459] PGWB
[03:49:01] [376/459] PMBR
[03:49:02] [377/459] GPAM
[03:49:03] [378/459] INBC
[03:49:04] [379/459] PZVK
[03:49:05] [380/459] CPEB
[03:49:06] [381/459] FMLB
[03:49:07] [382/459] INBG
[03:49:09] [383/459] GPBR
[03:49:09] [384/459] PAAS
[03:49:10] [385/459] VTBR
[03:49:11] [386/459] GPMY
[03:49:12] [387/459] GYBU
[03:49:12] [388/459] INBJ
[03:49:13] [389/459] LKTH
[03:49:14] [390/459] NSBR
[03:49:16] [391/459] PDRD
[03:49:17] [392/459] VRBL
[03:49:18] [393/459] VTGB
[03:49:18] [394/459] VTSK
[03:49:19] [395/459] BKDV
[03:49:20] [396/459] SVTB
[03:49:21] [397/459] MLDT
[03:49:23] [398/459] NRBL
[03:49:24] [399/459] SLTR
[03:49:25] [400/459] VNKA
[03:49:26] [401/459] TDCA
[03:49:26] [402/459] INBM
[03:49:27] [403/459] SSNR
[03:49:28] [404/459] BHAC
[03:49:30] [405/459] SDSD
[03:49:31] [406/459] SAMP
[03:49:32] [407/459] RATK
[03:49:32] [408/459] KCBI
[03:49:34] [409/459] URBL
[03:49:35] [410/459] MKBG
[03:49:36] [411/459] ASTB
[03:49:37] [412/459] VBWT
[03:49:38] [413/459] GPSM
[03:49:39] [414/459] ROON
[03:49:40] [415/459] CHTH
[03:49:40] [416/459] SSPA
[03:49:41] [417/459] ANBL
[03:49:42] [418/459] VTBE
[03:49:43] [419/459] SVKT
[03:49:45] [420/459] SVYK
[03:49:46] [421/459] PTBK
[03:49:47] [422/459] RKTB
[03:49:47] [423/459] BALT
[03:49:49] [424/459] STSV
[03:49:50] [425/459] VCCB
[03:49:51] [426/459] SLTB
[03:49:52] [427/459] SBCR
[03:49:53] [428/459] VDCS
[03:49:54] [429/459] MDKI
[03:49:55] [430/459] SMRN
[03:49:56] [431/459] PTBC
[03:49:57] [432/459] RADI
[03:49:58] [433/459] ADCR
[03:49:58] [434/459] SDCS
[03:50:00] [435/459] SRPJ
[03:50:01] [436/459] ARTS
[03:50:02] [437/459] SRHK
[03:50:03] [438/459] SPAY
[03:50:04] [439/459] GPTB
[03:50:05] [440/459] SNNN
[03:50:06] [441/459] BALJ
[03:50:07] [442/459] TRIG
[03:50:07] [443/459] GTYT
[03:50:08] [444/459] ATGN
[03:50:09] [445/459] ANTE
[03:50:10] [446/459] BDCG
[03:50:11] [447/459] VECI
[03:50:12] [448/459] SCPR
[03:50:13] [449/459] RTEA
[03:50:14] [450/459] JSAI
[03:50:15] [451/459] VJTP
[03:50:16] [452/459] GNDS
[03:50:16] [453/459] PAXA
[03:50:17] [454/459] CGGM
[03:50:19] [455/459] ACKZ
[03:50:20] [456/459] EMCC
[03:50:21] [457/459] KLSK
[03:50:21] [458/459] AVCK
[03:50:22] [459/459] JTCK
[03:50:23] ✅ DONE | Shows=12 | Movies=3
