[00:42:11] 🚀 BMS DAILY TRACKER STARTED
[00:42:11] [1/459] FNDB
[00:42:11] 🧠 New identity
[00:42:12] [2/459] AMBH
[00:42:13] [3/459] PRHN
[00:42:14] [4/459] ACPM
[00:42:14] [5/459] PVFS
[00:42:15] [6/459] AACN
[00:42:16] [7/459] ACAS
[00:42:17] [8/459] CTNR
[00:42:18] [9/459] MMAH
[00:42:19] [10/459] CPMH
[00:42:20] [11/459] IGMH
[00:42:21] [12/459] ABCS
[00:42:21] [13/459] CMMA
[00:42:22] [14/459] GPRH
[00:42:23] [15/459] PNNG
[00:42:24] [16/459] AMCA
[00:42:25] [17/459] ISTN
[00:42:26] [18/459] PIIC
[00:42:27] [19/459] AHMH
[00:42:27] [20/459] ASHN
[00:42:28] [21/459] INHY
[00:42:29] [22/459] SRMO
[00:42:30] [23/459] PIMH
[00:42:31] [24/459] PVTS
[00:42:32] [25/459] MMCA
[00:42:33] [26/459] AKYJ
[00:42:34] [27/459] BRKH
[00:42:35] [28/459] MAHM
[00:42:36] [29/459] CPHY
[00:42:37] [30/459] PVTP
[00:42:38] [31/459] SMMR
[00:42:39] [32/459] PVHM
[00:42:39] [33/459] SNDY
[00:42:40] [34/459] GOKU
[00:42:41] [35/459] ACEV
[00:42:42] [36/459] PVUM
[00:42:42] [37/459] VSWA
[00:42:43] [38/459] IPRS
[00:42:44] [39/459] ASGN
[00:42:45] [40/459] BKMV
[00:42:46] [41/459] PVYH
[00:42:47] [42/459] INKM
[00:42:48] [43/459] ARJU
[00:42:49] [44/459] JJPP
[00:42:49] [45/459] SSRM
[00:42:50] [46/459] HMHD
[00:42:51] [47/459] SNKH
[00:42:52] [48/459] ACHI
[00:42:53] [49/459] MRAA
[00:42:54] [50/459] INMH
[00:42:55] [51/459] ARMH
[00:42:56] [52/459] DVRR
[00:42:57] [53/459] SUDA
[00:42:57] [54/459] MCSS
[00:42:58] [55/459] VRKC
[00:42:59] [56/459] PRCX
[00:43:00] [57/459] ASJY
[00:43:01] [58/459] MTHY
[00:43:01] [59/459] SRCM
[00:43:02] [60/459] TVHY
[00:43:03] [61/459] STHD
[00:43:04] [62/459] CPCL
[00:43:05] [63/459] PSMJ
[00:43:06] [64/459] MRGT
[00:43:07] [65/459] ARYH
[00:43:07] [66/459] VTRB
[00:43:08] [67/459] SCHC
[00:43:09] [68/459] MRRG
[00:43:11] [69/459] SPCB
[00:43:12] [70/459] AMCM
[00:43:12] [71/459] IVNM
[00:43:13] [72/459] TRHY
[00:43:14] [73/459] PTTH
[00:43:15] [74/459] RKMH
[00:43:16] [75/459] PRCS
[00:43:16] [76/459] VAJA
[00:43:17] [77/459] BJNG
[00:43:18] [78/459] SCVM
[00:43:20] [79/459] GNHB
[00:43:21] [80/459] TLUR
[00:43:22] [81/459] UKCC
[00:43:22] [82/459] SRKR
[00:43:23] [83/459] RMKN
[00:43:24] [84/459] SLRT
[00:43:25] [85/459] LKMT
[00:43:26] [86/459] SSRJ
[00:43:27] [87/459] SPHT
[00:43:28] [88/459] ANTT
[00:43:29] [89/459] SRCH
[00:43:30] [90/459] SRCA
[00:43:30] [91/459] ARTH
[00:43:31] [92/459] MCBH
[00:43:32] [93/459] SNIB
[00:43:33] [94/459] SART
[00:43:33] [95/459] SKTA
[00:43:34] [96/459] YAKT
[00:43:35] [97/459] MLCK
[00:43:36] [98/459] ANTS
[00:43:37] [99/459] DGCA
[00:43:38] [100/459] SGMP
[00:43:39] [101/459] ASWN
[00:43:40] [102/459] KFVU
[00:43:41] [103/459] POOR
[00:43:41] [104/459] GKDN
[00:43:42] [105/459] EOSE
[00:43:43] [106/459] GTTT
[00:43:44] [107/459] ARRO
[00:43:45] [108/459] CMMK
[00:43:46] [109/459] MSCN
[00:43:46] [110/459] GDKH
[00:43:48] [111/459] DLMT
[00:43:49] [112/459] PVMF
[00:43:50] [113/459] CPCK
[00:43:50] [114/459] VMHE
[00:43:51] [115/459] PVLC
[00:43:52] [116/459] PCVB
[00:43:53] [117/459] SNYK
[00:43:54] [118/459] KTEK
[00:43:55] [119/459] PCNM
[00:43:55] [120/459] NTTR
[00:43:56] [121/459] CPSK
[00:43:57] [122/459] JMMA
[00:43:59] [123/459] GCFK
[00:43:59] [124/459] MYCA
[00:44:00] [125/459] KSNP
[00:44:01] [126/459] PMCE
[00:44:02] [127/459] SCKI
[00:44:03] [128/459] FSMA
[00:44:04] [129/459] CETA
[00:44:05] [130/459] MCIK
[00:44:06] [131/459] MYCR
[00:44:06] [132/459] EVMP
[00:44:07] [133/459] SSGT
[00:44:08] [134/459] KCTK
[00:44:09] [135/459] ZTKC
[00:44:10] [136/459] MMTA
[00:44:11] [137/459] MAJT
[00:44:12] [138/459] ACPK
[00:44:13] [139/459] JMAX
[00:44:14] [140/459] SETK
[00:44:15] [141/459] CAIS
[00:44:16] [142/459] AGCD
[00:44:17] [143/459] URCL
[00:44:18] [144/459] VTDS
[00:44:19] [145/459] JCNM
[00:44:20] [146/459] KCAM
[00:44:21] [147/459] ADCU
[00:44:21] [148/459] GXYN
[00:44:22] [149/459] SMJG
[00:44:23] [150/459] EYCJ
[00:44:24] [151/459] CCEJ
[00:44:25] [152/459] MARS
[00:44:26] [153/459] CPVJ
[00:44:27] [154/459] INVP
[00:44:28] [155/459] CPOV
[00:44:29] [156/459] VIJK
[00:44:30] [157/459] LAIM
[00:44:30] [158/459] STHV
[00:44:31] [159/459] SVLJ
[00:44:33] [160/459] ATVJ
[00:44:33] [161/459] JTSC
[00:44:34] [162/459] RMTV
[00:44:35] [163/459] MGGG
[00:44:36] [164/459] SWTH
[00:44:37] [165/459] INVJ
[00:44:38] [166/459] PRSV
[00:44:39] [167/459] JATV
[00:44:40] [168/459] RCVD
[00:44:41] [169/459] BDMA
[00:44:43] [170/459] BLJI
[00:44:43] [171/459] SWOT
[00:44:44] [172/459] SWRN
[00:44:45] [173/459] TVRA
[00:44:46] [174/459] VCSV
[00:44:47] [175/459] NVRN
[00:44:48] [176/459] SIKC
[00:44:48] [177/459] VAKR
[00:44:49] [178/459] SYLN
[00:44:50] [179/459] KLJL
[00:44:51] [180/459] LKMY
[00:44:52] [181/459] VSLY
[00:44:53] [182/459] CIKO
[00:44:54] [183/459] GPBG
[00:44:55] [184/459] CECM
[00:44:55] [185/459] SLKB
[00:44:57] [186/459] MTBO
[00:44:58] [187/459] SSHB
[00:44:58] [188/459] VPCS
[00:44:59] [189/459] RCSR
[00:45:00] [190/459] RJRM
[00:45:01] [191/459] KPPB
[00:45:01] [192/459] SEDC
[00:45:02] [193/459] SCAI
[00:45:03] [194/459] RMTR
[00:45:04] [195/459] ASST
[00:45:04] [196/459] GCAK
[00:45:05] [197/459] ANNK
[00:45:06] [198/459] KDDF
[00:45:07] [199/459] NRDP
[00:45:08] [200/459] PLAK
[00:45:09] [201/459] GCMC
[00:45:09] [202/459] ALPY
[00:45:10] [203/459] SICE
[00:45:11] [204/459] SISR
[00:45:12] [205/459] SRPZ
[00:45:13] [206/459] SRSW
[00:45:14] [207/459] SUYA
[00:45:15] [208/459] AMMT
[00:45:15] [209/459] BHCU
[00:45:16] [210/459] KLPA
[00:45:17] [211/459] NVKH
[00:45:18] [212/459] JMRC
[00:45:19] [213/459] KTTT
[00:45:19] [214/459] MAGH
[00:45:20] [215/459] MMMX
[00:45:21] [216/459] SALJ
[00:45:22] [217/459] GTJA
[00:45:23] [218/459] MAHT
[00:45:25] [219/459] SSNN
[00:45:26] [220/459] ARRP
[00:45:27] [221/459] ATNS
[00:45:28] [222/459] SKDT
[00:45:29] [223/459] ACAT
[00:45:30] [224/459] APRC
[00:45:32] [225/459] SWAG
[00:45:33] [226/459] SDPT
[00:45:34] [227/459] STPS
[00:45:35] [228/459] WWCZ
[00:45:35] [229/459] LLCH
[00:45:36] [230/459] MZHA
[00:45:37] [231/459] CRJG
[00:45:38] [232/459] JGTK
[00:45:39] [233/459] KCSR
[00:45:40] [234/459] CHTL
[00:45:41] [235/459] EDSR
[00:45:42] [236/459] CSWO
[00:45:43] [237/459] CPVM
[00:45:44] [238/459] MXBY
[00:45:45] [239/459] FMMA
[00:45:46] [240/459] POVI
[00:45:48] [241/459] MTHB
[00:45:48] [242/459] INRC
[00:45:49] [243/459] PIPP
[00:45:50] [244/459] BMXC
[00:45:51] [245/459] PCMM
[00:45:52] [246/459] PMKM
[00:45:53] [247/459] GATY
[00:45:53] [248/459] IMCM
[00:45:54] [249/459] POPE
[00:45:55] [250/459] MTCR
[00:45:56] [251/459] PVAE
[00:45:57] [252/459] PVMI
[00:45:57] [253/459] CPNM
[00:45:58] [254/459] FMRL
[00:45:59] [255/459] MCIW
[00:46:00] [256/459] MXBO
[00:46:01] [257/459] FMKY
[00:46:02] [258/459] FMDA
[00:46:02] [259/459] THAB
[00:46:03] [260/459] PRCW
[00:46:04] [261/459] PITI
[00:46:05] [262/459] MCFF
[00:46:06] [263/459] PDDV
[00:46:07] [264/459] MCRM
[00:46:08] [265/459] KKMB
[00:46:09] [266/459] INKO
[00:46:10] [267/459] PLXP
[00:46:11] [268/459] MMHA
[00:46:11] [269/459] FMVS
[00:46:12] [270/459] POLM
[00:46:13] [271/459] STER
[00:46:14] [272/459] PVWJ
[00:46:15] [273/459] IMJW
[00:46:16] [274/459] FNAN
[00:46:17] [275/459] CAGL
[00:46:18] [276/459] IPBG
[00:46:18] [277/459] SMFV
[00:46:19] [278/459] MMMR
[00:46:20] [279/459] MMWM
[00:46:21] [280/459] FNCM
[00:46:21] [281/459] MDVA
[00:46:22] [282/459] MMET
[00:46:24] [283/459] MIDO
[00:46:25] [284/459] INNP
[00:46:26] [285/459] MIFU
[00:46:27] [286/459] MMSZ
[00:46:27] [287/459] BMXA
[00:46:28] [288/459] MCAA
[00:46:29] [289/459] SCVP
[00:46:30] [290/459] PLUS
[00:46:31] [291/459] MUCK
[00:46:32] [292/459] MTMA
[00:46:33] [293/459] HPVR
[00:46:34] [294/459] PMPK
[00:46:35] [295/459] MAJB
[00:46:36] [296/459] CTRR
[00:46:37] [297/459] MCTG
[00:46:37] [298/459] MACE
[00:46:38] [299/459] AAAS
[00:46:39] [300/459] CPVV
[00:46:40] [301/459] RCHG
[00:46:41] [302/459] MCNE
[00:46:41] [303/459] EMNC
[00:46:42] [304/459] MCAN
[00:46:43] [305/459] TCDM
[00:46:44] [306/459] IRGT
[00:46:45] [307/459] GCMG
[00:46:45] [308/459] MXSN
[00:46:46] [309/459] MXCK
[00:46:47] [310/459] MCRC
[00:46:48] [311/459] RSMI
[00:46:49] [312/459] WAML
[00:46:50] [313/459] MTSC
[00:46:51] [314/459] FMDR
[00:46:52] [315/459] LEPV
[00:46:52] [316/459] MTGD
[00:46:53] [317/459] IMOB
[00:46:54] [318/459] CLMM
[00:46:56] [319/459] PZCD
[00:46:57] [320/459] GOCS
[00:46:57] [321/459] KCMA
[00:46:58] [322/459] CCMP
[00:46:59] [323/459] MTSU
[00:47:00] [324/459] SNGL
[00:47:01] [325/459] MMMC
[00:47:02] [326/459] MMAA
[00:47:03] [327/459] GCDM
[00:47:03] [328/459] KTMV
[00:47:04] [329/459] AETE
[00:47:05] [330/459] OMCS
[00:47:06] [331/459] GDCD
[00:47:07] [332/459] NYMD
[00:47:08] [333/459] RNCV
[00:47:09] [334/459] KKMT
[00:47:10] [335/459] GDTH
[00:47:11] [336/459] KMMV
[00:47:12] [337/459] NHCG
[00:47:13] [338/459] PJDW
[00:47:14] [339/459] MMCV
[00:47:15] [340/459] FQSA
[00:47:16] [341/459] KURL
[00:47:17] [342/459] NNNX
[00:47:18] [343/459] AMAU
[00:47:19] [344/459] VVVM
[00:47:20] [345/459] VECU
[00:47:21] [346/459] WCVR
[00:47:21] [347/459] MTGG
[00:47:22] [348/459] SGTG
[00:47:23] [349/459] MNTG
[00:47:24] [350/459] JDDG
[00:47:24] [351/459] MBTK
[00:47:25] [352/459] SGCD
[00:47:27] [353/459] MCTC
[00:47:27] [354/459] JTPC
[00:47:28] [355/459] SDKT
[00:47:30] [356/459] KRCC
[00:47:31] [357/459] RMMD
[00:47:31] [358/459] AAME
[00:47:32] [359/459] TMWC
[00:47:33] [360/459] NRWY
[00:47:34] [361/459] CITD
[00:47:35] [362/459] VERD
[00:47:36] [363/459] MKSK
[00:47:37] [364/459] STSM
[00:47:37] [365/459] MJDG
[00:47:38] [366/459] RKPM
[00:47:39] [367/459] SSCE
[00:47:40] [368/459] VMAE
[00:47:41] [369/459] SBRU
[00:47:42] [370/459] AMBC
[00:47:42] [371/459] AMLU
[00:47:43] [372/459] INVZ
[00:47:44] [373/459] LGTV
[00:47:45] [374/459] SVAD
[00:47:45] [375/459] SMSA
[00:47:46] [376/459] SPCZ
[00:47:48] [377/459] GTCX
[00:47:48] [378/459] SCSL
[00:47:49] [379/459] SAHU
[00:47:51] [380/459] NCDA
[00:47:52] [381/459] SCCG
[00:47:53] [382/459] VKTL
[00:47:54] [383/459] PUUJ
[00:47:54] [384/459] STEJ
[00:47:55] [385/459] RJAL
[00:47:56] [386/459] ACJC
[00:47:57] [387/459] VTHC
[00:47:57] [388/459] ARVB
[00:47:58] [389/459] AUBB
[00:47:59] [390/459] GDBR
[00:48:01] [391/459] PVND
[00:48:01] [392/459] BGRJ
[00:48:02] [393/459] RJMM
[00:48:04] [394/459] MCSA
[00:48:05] [395/459] BODA
[00:48:06] [396/459] JAGG
[00:48:06] [397/459] SCGA
[00:48:07] [398/459] LRCM
[00:48:08] [399/459] CPCN
[00:48:09] [400/459] SSTF
[00:48:11] [401/459] SRXP
[00:48:12] [402/459] CNFX
[00:48:13] [403/459] ANDI
[00:48:14] [404/459] SYEW
[00:48:15] [405/459] RCRE
[00:48:15] [406/459] SCRW
[00:48:16] [407/459] MBKR
[00:48:17] [408/459] ASNT
[00:48:18] [409/459] JTMT
[00:48:18] [410/459] SHAY
[00:48:19] [411/459] VRTH
[00:48:20] [412/459] SPTI
[00:48:21] [413/459] DPTD
[00:48:22] [414/459] TGSN
[00:48:23] [415/459] RCWV
[00:48:24] [416/459] OCUR
[00:48:25] [417/459] KSTC
[00:48:25] [418/459] SANI
[00:48:26] [419/459] MLCA
[00:48:27] [420/459] EGCA
[00:48:28] [421/459] SYSN
[00:48:28] [422/459] PKTA
[00:48:29] [423/459] PRCC
[00:48:30] [424/459] KSTR
[00:48:31] [425/459] SNTP
[00:48:32] [426/459] RCHA
[00:48:33] [427/459] SEEA
[00:48:34] [428/459] ALAT
[00:48:35] [429/459] AATV
[00:48:36] [430/459] RJTE
[00:48:36] [431/459] AAPP
[00:48:37] [432/459] PMMH
[00:48:38] [433/459] INRJ
[00:48:39] [434/459] SARB
[00:48:40] [435/459] PCJL
[00:48:41] [436/459] PFJJ
[00:48:42] [437/459] GRDC
[00:48:42] [438/459] BCBA
[00:48:44] [439/459] VIXL
[00:48:45] [440/459] CSTL
[00:48:46] [441/459] MTDK
[00:48:46] [442/459] TDAC
[00:48:47] [443/459] GTDN
[00:48:48] [444/459] TTDE
[00:48:49] [445/459] ASTS
[00:48:50] [446/459] CPNS
[00:48:51] [447/459] PVVW
[00:48:52] [448/459] USEB
[00:48:53] [449/459] DTYN
[00:48:54] [450/459] PVLE
[00:48:54] [451/459] CIPS
[00:48:56] [452/459] PAEG
[00:48:57] [453/459] PTCW
[00:48:57] [454/459] G3SR
[00:48:58] [455/459] PGND
[00:48:59] [456/459] INVM
[00:49:00] [457/459] SPIA
[00:49:01] [458/459] PCSN
[00:49:02] [459/459] PPGV
[00:49:02] ✅ DONE | Shows=1 | Movies=1
