[00:42:15] 🚀 BMS DAILY TRACKER STARTED
[00:42:15] [1/459] MBDC
[00:42:15] 🧠 New identity
[00:42:16] [2/459] CHKM
[00:42:17] [3/459] JTKZ
[00:42:18] [4/459] CMCT
[00:42:19] [5/459] ASHO
[00:42:20] [6/459] ECDG
[00:42:21] [7/459] SPAT
[00:42:22] [8/459] HILC
[00:42:22] [9/459] SPPH
[00:42:23] [10/459] SBHN
[00:42:24] [11/459] RRCA
[00:42:25] [12/459] APAA
[00:42:26] [13/459] RAME
[00:42:27] [14/459] TMMS
[00:42:28] [15/459] BATK
[00:42:29] [16/459] LKOP
[00:42:30] [17/459] AMTT
[00:42:31] [18/459] PTGK
[00:42:32] [19/459] ANRS
[00:42:32] [20/459] VWBW
[00:42:33] [21/459] SVFG
[00:42:34] [22/459] STAT
[00:42:36] [23/459] GDCV
[00:42:36] [24/459] VEBI
[00:42:38] [25/459] VDSS
[00:42:38] [26/459] NTHV
[00:42:39] [27/459] AOCH
[00:42:40] [28/459] KASR
[00:42:41] [29/459] AYCS
[00:42:42] [30/459] SHAI
[00:42:43] [31/459] SKPE
[00:42:44] [32/459] SBTA
[00:42:44] [33/459] RTTD
[00:42:45] [34/459] CCJD
[00:42:46] [35/459] RSJJ
[00:42:47] [36/459] RKND
[00:42:47] [37/459] SVTX
[00:42:48] [38/459] BAKM
[00:42:49] [39/459] SVDC
[00:42:50] [40/459] MNCV
[00:42:51] [41/459] SJGC
[00:42:51] [42/459] MTPK
[00:42:53] [43/459] GATP
[00:42:54] [44/459] ABTS
[00:42:55] [45/459] ABDE
[00:42:57] [46/459] RCNM
[00:42:58] [47/459] KTHV
[00:42:59] [48/459] MDGJ
[00:43:00] [49/459] SMLM
[00:43:01] [50/459] JTMA
[00:43:02] [51/459] ACKP
[00:43:03] [52/459] SRTA
[00:43:04] [53/459] STAY
[00:43:04] [54/459] MAVO
[00:43:05] [55/459] APTS
[00:43:06] [56/459] OMEA
[00:43:07] [57/459] TTFD
[00:43:08] [58/459] MJCU
[00:43:08] [59/459] CXTE
[00:43:09] [60/459] CTPX
[00:43:10] [61/459] ASSL
[00:43:12] [62/459] CMVB
[00:43:12] [63/459] VPUR
[00:43:13] [64/459] JJDA
[00:43:14] [65/459] INBL
[00:43:15] [66/459] BIKB
[00:43:16] [67/459] NTBB
[00:43:17] [68/459] GLOB
[00:43:18] [69/459] SNTB
[00:43:19] [70/459] CHGV
[00:43:20] [71/459] SSBZ
[00:43:21] [72/459] PRDB
[00:43:22] [73/459] ISMT
[00:43:24] [74/459] MCSD
[00:43:25] [75/459] JBTT
[00:43:25] [76/459] GEKR
[00:43:26] [77/459] PVUN
[00:43:27] [78/459] NRTB
[00:43:28] [79/459] PRAA
[00:43:28] [80/459] PCBL
[00:43:29] [81/459] PTCM
[00:43:30] [82/459] KHNN
[00:43:31] [83/459] OMJE
[00:43:32] [84/459] STGN
[00:43:33] [85/459] RPMS
[00:43:34] [86/459] NWAD
[00:43:35] [87/459] BLCK
[00:43:36] [88/459] SVAA
[00:43:37] [89/459] URVM
[00:43:38] [90/459] ANTM
[00:43:39] [91/459] VJYM
[00:43:40] [92/459] MAZZ
[00:43:41] [93/459] CSHM
[00:43:42] [94/459] WGMH
[00:43:43] [95/459] SALN
[00:43:43] [96/459] BRTP
[00:43:44] [97/459] SVTA
[00:43:45] [98/459] SBTP
[00:43:46] [99/459] VLSS
[00:43:47] [100/459] SRJA
[00:43:48] [101/459] ANCG
[00:43:48] [102/459] CGGC
[00:43:50] [103/459] CRJA
[00:43:51] [104/459] USCR
[00:43:52] [105/459] MMEF
[00:43:52] [106/459] JCRJ
[00:43:53] [107/459] ADCM
[00:43:55] [108/459] BMYK
[00:43:56] [109/459] KICS
[00:43:57] [110/459] MBBT
[00:43:58] [111/459] MACK
[00:43:59] [112/459] CLDR
[00:44:00] [113/459] JYCR
[00:44:00] [114/459] DCRP
[00:44:02] [115/459] RAHT
[00:44:03] [116/459] CSSM
[00:44:04] [117/459] ATPK
[00:44:05] [118/459] KLRT
[00:44:06] [119/459] SRDD
[00:44:06] [120/459] CKMC
[00:44:07] [121/459] KRVM
[00:44:08] [122/459] AKCP
[00:44:09] [123/459] CNCV
[00:44:10] [124/459] PACT
[00:44:10] [125/459] NATP
[00:44:11] [126/459] PCPK
[00:44:12] [127/459] SMHO
[00:44:13] [128/459] CWTK
[00:44:14] [129/459] RVKZ
[00:44:15] [130/459] ASPD
[00:44:15] [131/459] VTKZ
[00:44:17] [132/459] LCSO
[00:44:18] [133/459] PRDY
[00:44:19] [134/459] RCAP
[00:44:20] [135/459] RGAR
[00:44:21] [136/459] RCAC
[00:44:22] [137/459] PMOD
[00:44:23] [138/459] PVCN
[00:44:24] [139/459] SCRZ
[00:44:25] [140/459] PVPC
[00:44:26] [141/459] STID
[00:44:27] [142/459] NEDD
[00:44:28] [143/459] BNBA
[00:44:29] [144/459] NTCD
[00:44:30] [145/459] OCDE
[00:44:32] [146/459] CCDU
[00:44:33] [147/459] CRXH
[00:44:33] [148/459] VLVT
[00:44:35] [149/459] CICI
[00:44:35] [150/459] SUCB
[00:44:36] [151/459] TCBP
[00:44:37] [152/459] SCCY
[00:44:38] [153/459] LXCY
[00:44:39] [154/459] NCMD
[00:44:40] [155/459] PHCS
[00:44:40] [156/459] DUXR
[00:44:41] [157/459] VNKS
[00:44:42] [158/459] SEDP
[00:44:43] [159/459] SVEN
[00:44:44] [160/459] SRKM
[00:44:45] [161/459] JTLT
[00:44:46] [162/459] SVSS
[00:44:47] [163/459] AMDE
[00:44:48] [164/459] WVRN
[00:44:49] [165/459] ISMG
[00:44:50] [166/459] WVKS
[00:44:51] [167/459] USCG
[00:44:52] [168/459] IOTG
[00:44:53] [169/459] RRJM
[00:44:54] [170/459] EDMP
[00:44:55] [171/459] SCGZ
[00:44:58] [172/459] GMGX
[00:44:58] [173/459] OMTP
[00:44:59] [174/459] MITD
[00:45:01] [175/459] SMMD
[00:45:02] [176/459] STML
[00:45:03] [177/459] MCFS
[00:45:04] [178/459] FPKA
[00:45:05] [179/459] OMLR
[00:45:06] [180/459] KKSC
[00:45:07] [181/459] RVMA
[00:45:08] [182/459] SCLL
[00:45:09] [183/459] SCDK
[00:45:09] [184/459] SXMI
[00:45:10] [185/459] SHDN
[00:45:11] [186/459] PAAD
[00:45:12] [187/459] UUCB
[00:45:13] [188/459] JHOL
[00:45:14] [189/459] SGWT
[00:45:14] [190/459] SRII
[00:45:15] [191/459] SGCK
[00:45:16] [192/459] SVVB
[00:45:17] [193/459] DMHA
[00:45:18] [194/459] PPNL
[00:45:19] [195/459] CPNL
[00:45:19] [196/459] WVLD
[00:45:20] [197/459] PSLV
[00:45:21] [198/459] VTTL
[00:45:22] [199/459] NPAD
[00:45:23] [200/459] PVCS
[00:45:23] [201/459] MCHL
[00:45:24] [202/459] PPLL
[00:45:25] [203/459] MALO
[00:45:26] [204/459] SWBH
[00:45:26] [205/459] PUGB
[00:45:27] [206/459] INBB
[00:45:28] [207/459] INNS
[00:45:29] [208/459] MCPT
[00:45:30] [209/459] SCMI
[00:45:31] [210/459] OCON
[00:45:32] [211/459] SCSM
[00:45:32] [212/459] RJVN
[00:45:33] [213/459] AMDK
[00:45:34] [214/459] ISMR
[00:45:35] [215/459] SMTD
[00:45:35] [216/459] VTDD
[00:45:36] [217/459] PDDZ
[00:45:37] [218/459] PCCK
[00:45:38] [219/459] INAM
[00:45:39] [220/459] FNKT
[00:45:39] [221/459] GDKA
[00:45:40] [222/459] MAYU
[00:45:42] [223/459] TCGU
[00:45:42] [224/459] KDCA
[00:45:44] [225/459] DOMY
[00:45:45] [226/459] PDDD
[00:45:46] [227/459] BJTS
[00:45:47] [228/459] VTCA
[00:45:48] [229/459] SBTM
[00:45:49] [230/459] SEET
[00:45:49] [231/459] SSTJ
[00:45:50] [232/459] SVNT
[00:45:51] [233/459] PPPR
[00:45:52] [234/459] PVYS
[00:45:53] [235/459] IOSE
[00:45:54] [236/459] ACTV
[00:45:55] [237/459] APVE
[00:45:55] [238/459] TCCL
[00:45:56] [239/459] SCMO
[00:45:57] [240/459] SAUM
[00:45:58] [241/459] KCJS
[00:45:59] [242/459] NJCJ
[00:45:59] [243/459] NECF
[00:46:00] [244/459] CCGW
[00:46:02] [245/459] CCMG
[00:46:03] [246/459] NYRG
[00:46:04] [247/459] NCSQ
[00:46:05] [248/459] GRCG
[00:46:06] [249/459] CCBT
[00:46:06] [250/459] ACGA
[00:46:07] [251/459] INAG
[00:46:08] [252/459] FUCG
[00:46:09] [253/459] AICF
[00:46:10] [254/459] GRGA
[00:46:11] [255/459] GDCN
[00:46:12] [256/459] RRCG
[00:46:13] [257/459] SDCH
[00:46:14] [258/459] WVJM
[00:46:15] [259/459] JCCZ
[00:46:16] [260/459] CNCL
[00:46:16] [261/459] TMLV
[00:46:17] [262/459] MEMB
[00:46:18] [263/459] SGTD
[00:46:19] [264/459] CONX
[00:46:20] [265/459] CCMH
[00:46:21] [266/459] ACMC
[00:46:23] [267/459] DTPD
[00:46:24] [268/459] POJA
[00:46:24] [269/459] FNBH
[00:46:25] [270/459] CGCB
[00:46:26] [271/459] RACN
[00:46:27] [272/459] JTSM
[00:46:28] [273/459] SCDN
[00:46:28] [274/459] AACK
[00:46:29] [275/459] RMCE
[00:46:30] [276/459] BSGB
[00:46:31] [277/459] MRCB
[00:46:32] [278/459] SRVR
[00:46:33] [279/459] VTKK
[00:46:33] [280/459] AMST
[00:46:34] [281/459] APCY
[00:46:35] [282/459] LMHO
[00:46:36] [283/459] MTZH
[00:46:37] [284/459] AMZB
[00:46:37] [285/459] SUVT
[00:46:38] [286/459] RCIP
[00:46:39] [287/459] KESR
[00:46:40] [288/459] SNKC
[00:46:41] [289/459] SCED
[00:46:42] [290/459] DVCA
[00:46:42] [291/459] VCDT
[00:46:43] [292/459] RRDI
[00:46:44] [293/459] DFCH
[00:46:45] [294/459] INSC
[00:46:46] [295/459] RGTR
[00:46:47] [296/459] FMOT
[00:46:48] [297/459] SCPM
[00:46:48] [298/459] GCDT
[00:46:49] [299/459] BRKT
[00:46:50] [300/459] DEMP
[00:46:51] [301/459] SRLC
[00:46:52] [302/459] KSTT
[00:46:53] [303/459] SMMT
[00:46:53] [304/459] SILM
[00:46:54] [305/459] JCVM
[00:46:55] [306/459] KCSV
[00:46:56] [307/459] MHLK
[00:46:57] [308/459] SLVL
[00:46:58] [309/459] RJKP
[00:46:59] [310/459] BBPC
[00:47:00] [311/459] MXCB
[00:47:00] [312/459] TCPK
[00:47:01] [313/459] RTBR
[00:47:02] [314/459] GAUT
[00:47:03] [315/459] DVCF
[00:47:04] [316/459] JTSB
[00:47:04] [317/459] SBLS
[00:47:05] [318/459] UDAY
[00:47:06] [319/459] PTNP
[00:47:07] [320/459] DMKT
[00:47:08] [321/459] NTDT
[00:47:09] [322/459] SHDJ
[00:47:09] [323/459] OTNC
[00:47:10] [324/459] RNTW
[00:47:11] [325/459] GCMI
[00:47:12] [326/459] CRCM
[00:47:13] [327/459] NNCZ
[00:47:13] [328/459] OEMO
[00:47:14] [329/459] PVJM
[00:47:15] [330/459] CPJI
[00:47:16] [331/459] RMCJ
[00:47:17] [332/459] CNWJ
[00:47:18] [333/459] EPJM
[00:47:19] [334/459] FNJJ
[00:47:20] [335/459] GCMJ
[00:47:20] [336/459] INPS
[00:47:21] [337/459] BICJ
[00:47:22] [338/459] ISTJ
[00:47:23] [339/459] INJC
[00:47:23] [340/459] GLXJ
[00:47:25] [341/459] INEM
[00:47:26] [342/459] JTMN
[00:47:27] [343/459] FRCJ
[00:47:28] [344/459] DDJP
[00:47:29] [345/459] INJV
[00:47:30] [346/459] GOLC
[00:47:32] [347/459] KOCI
[00:47:32] [348/459] FSTD
[00:47:33] [349/459] PACJ
[00:47:34] [350/459] GMCN
[00:47:35] [351/459] MMDJ
[00:47:36] [352/459] GODH
[00:47:37] [353/459] SKYN
[00:47:38] [354/459] NCTH
[00:47:39] [355/459] SKVZ
[00:47:39] [356/459] SVML
[00:47:40] [357/459] ACVZ
[00:47:41] [358/459] SURA
[00:47:42] [359/459] RTRB
[00:47:43] [360/459] LLCT
[00:47:45] [361/459] ATTS
[00:47:45] [362/459] JYCM
[00:47:46] [363/459] CTKR
[00:47:47] [364/459] LCKR
[00:47:48] [365/459] NYCV
[00:47:49] [366/459] NYOH
[00:47:50] [367/459] NOVX
[00:47:51] [368/459] MRGK
[00:47:52] [369/459] MOON
[00:47:52] [370/459] SBUC
[00:47:53] [371/459] GSVA
[00:47:54] [372/459] VIAK
[00:47:55] [373/459] SMVZ
[00:47:56] [374/459] MATE
[00:47:57] [375/459] RDCN
[00:47:58] [376/459] ASBL
[00:47:59] [377/459] ASVS
[00:48:00] [378/459] ASSR
[00:48:01] [379/459] SSKN
[00:48:02] [380/459] DRPV
[00:48:03] [381/459] MRHT
[00:48:04] [382/459] BSCN
[00:48:05] [383/459] RKNX
[00:48:06] [384/459] MSMC
[00:48:07] [385/459] MSCJ
[00:48:08] [386/459] BTBJ
[00:48:09] [387/459] MJCC
[00:48:09] [388/459] IOMM
[00:48:10] [389/459] ADGR
[00:48:11] [390/459] MYCP
[00:48:12] [391/459] IGCM
[00:48:13] [392/459] PGRK
[00:48:13] [393/459] VPGO
[00:48:14] [394/459] KOMS
[00:48:16] [395/459] URGG
[00:48:17] [396/459] GOST
[00:48:18] [397/459] LACT
[00:48:19] [398/459] BWCM
[00:48:20] [399/459] NCCW
[00:48:21] [400/459] SKYC
[00:48:21] [401/459] CCPM
[00:48:22] [402/459] VCBT
[00:48:23] [403/459] SDKR
[00:48:24] [404/459] CTYB
[00:48:25] [405/459] SHCX
[00:48:26] [406/459] RCUN
[00:48:27] [407/459] CNRA
[00:48:27] [408/459] RFCA
[00:48:28] [409/459] RDCU
[00:48:29] [410/459] SARK
[00:48:30] [411/459] SPPP
[00:48:31] [412/459] ADMB
[00:48:32] [413/459] JYOE
[00:48:33] [414/459] SRMD
[00:48:34] [415/459] RJDH
[00:48:34] [416/459] SSTD
[00:48:35] [417/459] AACV
[00:48:37] [418/459] PPVD
[00:48:38] [419/459] STCP
[00:48:39] [420/459] ANJR
[00:48:40] [421/459] ANLS
[00:48:40] [422/459] BIJO
[00:48:41] [423/459] AVAB
[00:48:42] [424/459] SPMD
[00:48:43] [425/459] SVJL
[00:48:43] [426/459] SDDJ
[00:48:44] [427/459] SLTU
[00:48:45] [428/459] SAKA
[00:48:46] [429/459] PMAM
[00:48:46] [430/459] FNAM
[00:48:47] [431/459] ACAM
[00:48:48] [432/459] SCMM
[00:48:49] [433/459] PMAK
[00:48:50] [434/459] NYSA
[00:48:51] [435/459] FCPA
[00:48:52] [436/459] GDAN
[00:48:53] [437/459] RSCA
[00:48:54] [438/459] DMAN
[00:48:55] [439/459] DZCM
[00:48:56] [440/459] NSGL
[00:48:56] [441/459] CCPP
[00:48:57] [442/459] PSMG
[00:48:58] [443/459] GSER
[00:48:59] [444/459] FCCT
[00:49:00] [445/459] FCTB
[00:49:01] [446/459] LCNK
[00:49:02] [447/459] SKTY
[00:49:02] [448/459] INAA
[00:49:03] [449/459] RCWN
[00:49:04] [450/459] VAIS
[00:49:05] [451/459] CVMN
[00:49:06] [452/459] INTS
[00:49:07] [453/459] FRGS
[00:49:08] [454/459] DTCK
[00:49:09] [455/459] MCMH
[00:49:10] [456/459] ECRR
[00:49:11] [457/459] RLLP
[00:49:12] [458/459] CCSN
[00:49:12] [459/459] CCBA
[00:49:13] ✅ DONE | Shows=0 | Movies=0
